<?xml version="1.0" encoding="UTF-8"?>
<testsuite xmlns:xsi="http://www.w3.org/2001/XMLSchema-instance" xsi:noNamespaceSchemaLocation="https://maven.apache.org/surefire/maven-surefire-plugin/xsd/surefire-test-report.xsd" name="io.jenkins.plugins.sample.LighthousePluginTest" time="0.597" tests="16" errors="0" skipped="0" failures="15">
  <properties>
    <property name="java.runtime.name" value="OpenJDK Runtime Environment"/>
    <property name="sun.boot.library.path" value="/usr/lib/jvm/java-8-openjdk/jre/lib/amd64"/>
    <property name="java.vm.version" value="25.172-b11"/>
    <property name="java.vm.vendor" value="Oracle Corporation"/>
    <property name="maven.multiModuleProjectDirectory" value="/home/benny/Dokumente/lighthouse-plugin"/>
    <property name="java.vendor.url" value="http://java.oracle.com/"/>
    <property name="path.separator" value=":"/>
    <property name="guice.disable.misplaced.annotation.check" value="true"/>
    <property name="java.vm.name" value="OpenJDK 64-Bit Server VM"/>
    <property name="file.encoding.pkg" value="sun.io"/>
    <property name="user.country" value="DE"/>
    <property name="sun.java.launcher" value="SUN_STANDARD"/>
    <property name="sun.os.patch.level" value="unknown"/>
    <property name="java.vm.specification.name" value="Java Virtual Machine Specification"/>
    <property name="user.dir" value="/home/benny/Dokumente/lighthouse-plugin"/>
    <property name="java.runtime.version" value="1.8.0_172-b11"/>
    <property name="java.awt.graphicsenv" value="sun.awt.X11GraphicsEnvironment"/>
    <property name="java.endorsed.dirs" value="/usr/lib/jvm/java-8-openjdk/jre/lib/endorsed"/>
    <property name="os.arch" value="amd64"/>
    <property name="java.io.tmpdir" value="/tmp"/>
    <property name="line.separator" value="&#10;"/>
    <property name="java.vm.specification.vendor" value="Oracle Corporation"/>
    <property name="os.name" value="Linux"/>
    <property name="classworlds.conf" value="/opt/maven/bin/m2.conf"/>
    <property name="sun.jnu.encoding" value="UTF-8"/>
    <property name="java.library.path" value="/usr/java/packages/lib/amd64:/usr/lib64:/lib64:/lib:/usr/lib"/>
    <property name="maven.conf" value="/opt/maven/conf"/>
    <property name="java.specification.name" value="Java Platform API Specification"/>
    <property name="java.class.version" value="52.0"/>
    <property name="sun.management.compiler" value="HotSpot 64-Bit Tiered Compilers"/>
    <property name="os.version" value="4.14.54-1-MANJARO"/>
    <property name="library.jansi.path" value="/opt/maven/lib/jansi-native"/>
    <property name="user.home" value="/home/benny"/>
    <property name="user.timezone" value="Europe/Berlin"/>
    <property name="java.awt.printerjob" value="sun.print.PSPrinterJob"/>
    <property name="java.specification.version" value="1.8"/>
    <property name="file.encoding" value="UTF-8"/>
    <property name="user.name" value="benny"/>
    <property name="java.class.path" value="/opt/maven/boot/plexus-classworlds-2.5.2.jar"/>
    <property name="org.slf4j.simpleLogger.defaultLogLevel" value="debug"/>
    <property name="java.vm.specification.version" value="1.8"/>
    <property name="sun.arch.data.model" value="64"/>
    <property name="java.home" value="/usr/lib/jvm/java-8-openjdk/jre"/>
    <property name="sun.java.command" value="org.codehaus.plexus.classworlds.launcher.Launcher clean package -X"/>
    <property name="java.specification.vendor" value="Oracle Corporation"/>
    <property name="user.language" value="de"/>
    <property name="awt.toolkit" value="sun.awt.X11.XToolkit"/>
    <property name="java.vm.info" value="mixed mode"/>
    <property name="java.version" value="1.8.0_172"/>
    <property name="java.ext.dirs" value="/usr/lib/jvm/java-8-openjdk/jre/lib/ext:/usr/java/packages/lib/ext"/>
    <property name="securerandom.source" value="file:/dev/./urandom"/>
    <property name="sun.boot.class.path" value="/usr/lib/jvm/java-8-openjdk/jre/lib/resources.jar:/usr/lib/jvm/java-8-openjdk/jre/lib/rt.jar:/usr/lib/jvm/java-8-openjdk/jre/lib/sunrsasign.jar:/usr/lib/jvm/java-8-openjdk/jre/lib/jsse.jar:/usr/lib/jvm/java-8-openjdk/jre/lib/jce.jar:/usr/lib/jvm/java-8-openjdk/jre/lib/charsets.jar:/usr/lib/jvm/java-8-openjdk/jre/lib/jfr.jar:/usr/lib/jvm/java-8-openjdk/jre/classes"/>
    <property name="java.vendor" value="Oracle Corporation"/>
    <property name="maven.home" value="/opt/maven"/>
    <property name="file.separator" value="/"/>
    <property name="java.vendor.url.bug" value="http://bugreport.sun.com/bugreport/"/>
    <property name="sun.cpu.endian" value="little"/>
    <property name="sun.io.unicode.encoding" value="UnicodeLittle"/>
    <property name="sun.cpu.isalist" value=""/>
  </properties>
  <testcase name="Test_PositiveLowerThan" classname="io.jenkins.plugins.sample.LighthousePluginTest" time="0.152"/>
  <testcase name="Test_NegativeEquals" classname="io.jenkins.plugins.sample.LighthousePluginTest" time="0.049">
    <failure message="expected:&lt;false&gt; but was:&lt;true&gt;" type="java.lang.AssertionError"><![CDATA[java.lang.AssertionError: expected:<false> but was:<true>
	at org.junit.Assert.fail(Assert.java:88)
	at org.junit.Assert.failNotEquals(Assert.java:834)
	at org.junit.Assert.assertEquals(Assert.java:118)
	at org.junit.Assert.assertEquals(Assert.java:144)
	at io.jenkins.plugins.sample.LighthousePluginTest.Test_NegativeEquals(LighthousePluginTest.java:43)
	at sun.reflect.NativeMethodAccessorImpl.invoke0(Native Method)
	at sun.reflect.NativeMethodAccessorImpl.invoke(NativeMethodAccessorImpl.java:62)
	at sun.reflect.DelegatingMethodAccessorImpl.invoke(DelegatingMethodAccessorImpl.java:43)
	at java.lang.reflect.Method.invoke(Method.java:498)
	at org.junit.runners.model.FrameworkMethod$1.runReflectiveCall(FrameworkMethod.java:50)
	at org.junit.internal.runners.model.ReflectiveCallable.run(ReflectiveCallable.java:12)
	at org.junit.runners.model.FrameworkMethod.invokeExplosively(FrameworkMethod.java:47)
	at org.junit.internal.runners.statements.InvokeMethod.evaluate(InvokeMethod.java:17)
	at org.junit.runners.ParentRunner.runLeaf(ParentRunner.java:325)
	at org.junit.runners.BlockJUnit4ClassRunner.runChild(BlockJUnit4ClassRunner.java:78)
	at org.junit.runners.BlockJUnit4ClassRunner.runChild(BlockJUnit4ClassRunner.java:57)
	at org.junit.runners.ParentRunner$3.run(ParentRunner.java:290)
	at org.junit.runners.ParentRunner$1.schedule(ParentRunner.java:71)
	at org.junit.runners.ParentRunner.runChildren(ParentRunner.java:288)
	at org.junit.runners.ParentRunner.access$000(ParentRunner.java:58)
	at org.junit.runners.ParentRunner$2.evaluate(ParentRunner.java:268)
	at org.junit.runners.ParentRunner.run(ParentRunner.java:363)
	at org.apache.maven.surefire.junit4.JUnit4Provider.execute(JUnit4Provider.java:365)
	at org.apache.maven.surefire.junit4.JUnit4Provider.executeWithRerun(JUnit4Provider.java:272)
	at org.apache.maven.surefire.junit4.JUnit4Provider.executeTestSet(JUnit4Provider.java:236)
	at org.apache.maven.surefire.junit4.JUnit4Provider.invoke(JUnit4Provider.java:159)
	at org.apache.maven.surefire.booter.ForkedBooter.invokeProviderInSameClassLoader(ForkedBooter.java:386)
	at org.apache.maven.surefire.booter.ForkedBooter.runSuitesInProcess(ForkedBooter.java:323)
	at org.apache.maven.surefire.booter.ForkedBooter.main(ForkedBooter.java:143)
]]></failure>
    <system-out><![CDATA[{"initialUrl":"http://web:80/#/","generatedTime":"2018-06-24T16:18:28.384Z","score":30,"reportCategories":[{"score":61.94117647058823,"name":"Performance","description":"These encapsulate your web app's current performance and opportunities to improve it.","id":"performance","audits":[{"result":{"displayValue":"4,520 ms","score":40,"helpText":"First meaningful paint measures when the primary content of a page is visible. [Learn more](https://developers.google.com/web/tools/lighthouse/audits/first-meaningful-paint).","rawValue":4521.8,"extendedInfo":{"value":{"timestamps":{"fCP":8650057715484,"endOfTrace":8650064967436,"fMP":8650057715493,"onLoad":8650058566647,"navStart":8650053193698},"fmpFellBack":false,"timings":{"fCP":4521.786,"endOfTrace":11773.738,"fMP":4521.795,"onLoad":5372.949,"navStart":0}}},"name":"first-meaningful-paint","description":"First meaningful paint","scoringMode":"numeric"},"score":40,"weight":5,"id":"first-meaningful-paint","group":"perf-metric"},{"result":{"displayValue":"6,460 ms","score":71,"helpText":"First Interactive marks the time at which the page is minimally interactive. [Learn more](https://developers.google.com/web/tools/lighthouse/audits/first-interactive).","rawValue":6460.149,"extendedInfo":{"value":{"timeInMs":6460.149,"timestamp":8650059653847}},"name":"first-interactive","description":"First Interactive (beta)","scoringMode":"numeric"},"score":71,"weight":5,"id":"first-interactive","group":"perf-metric"},{"result":{"displayValue":"6,460 ms","score":71,"helpText":"Consistently Interactive marks the time at which the page is fully interactive. [Learn more](https://developers.google.com/web/tools/lighthouse/audits/consistently-interactive).","rawValue":6460.149,"extendedInfo":{"value":{"timeInMs":6460.149,"cpuQuietPeriod":{"start":8.650059653847E9,"end":8.650064967436E9},"networkQuietPeriods":[{"start":8.650059532223999E9,"end":8.650064967436E9}],"networkQuietPeriod":{"start":8.650059532223999E9,"end":8.650064967436E9},"cpuQuietPeriods":[{"start":8.650059653847E9,"end":8.650064967436E9}],"timestamp":8650059653847}},"name":"consistently-interactive","description":"Consistently Interactive (beta)","scoringMode":"numeric"},"score":71,"weight":5,"id":"consistently-interactive","group":"perf-metric"},{"result":{"displayValue":"5,723","score":48,"helpText":"Speed Index shows how quickly the contents of a page are visibly populated. [Learn more](https://developers.google.com/web/tools/lighthouse/audits/speed-index).","rawValue":5723,"extendedInfo":{"value":{"frames":[{"progress":0,"timestamp":8.650053193698E9},{"progress":0,"timestamp":8.650053950668E9},{"progress":0,"timestamp":8.650057717184E9},{"progress":78.47020210836772,"timestamp":8.650058783808E9},{"progress":79.55400014666994,"timestamp":8.650058883804E9},{"progress":84.25733274045653,"timestamp":8.65005906713E9},{"progress":90.99914379891193,"timestamp":8.650059217124E9},{"progress":92.49290629372531,"timestamp":8.65005965044E9},{"progress":100.00000000000001,"timestamp":8.650059800434E9}],"timestamps":{"firstVisualChange":8650058783698,"perceptualSpeedIndex":8.650058916695168E12,"visuallyComplete":8650059799698,"visuallyReady":8.650059217124001E12},"timings":{"firstVisualChange":5590,"perceptualSpeedIndex":5722.997167414955,"visuallyComplete":6606,"visuallyReady":6023.426000595093}}},"name":"speed-index-metric","description":"Perceptual Speed Index","scoringMode":"numeric"},"score":48,"weight":1,"id":"speed-index-metric","group":"perf-metric"},{"result":{"displayValue":"50 ms","score":95,"helpText":"The score above is an estimate of how long your app takes to respond to user input, in milliseconds. There is a 90% probability that a user encounters this amount of latency, or less. 10% of the time a user can expect additional latency. If your latency is higher than 50 ms, users may perceive your app as laggy. [Learn more](https://developers.google.com/web/tools/lighthouse/audits/estimated-input-latency).","rawValue":49.8,"extendedInfo":{"value":[{"percentile":0.5,"time":16},{"percentile":0.75,"time":16},{"percentile":0.9,"time":49.84405833333335},{"percentile":0.99,"time":161.88252333333307},{"percentile":1,"time":209.04299999999876}]},"name":"estimated-input-latency","description":"Estimated Input Latency","scoringMode":"numeric"},"score":95,"weight":1,"id":"estimated-input-latency","group":"perf-metric"},{"result":{"displayValue":"","score":100,"helpText":"External stylesheets are blocking the first paint of your page. Consider delivering critical CSS via `<style>` tags and deferring non-critical styles. [Learn more](https://developers.google.com/web/tools/lighthouse/audits/blocking-resources).","rawValue":0,"extendedInfo":{"value":{"wastedMs":"0 ms","results":[]}},"name":"link-blocking-first-paint","description":"Reduce render-blocking stylesheets","scoringMode":"binary","informative":true,"details":{"itemHeaders":[{"itemType":"url","text":"URL","type":"text"},{"itemType":"text","text":"Size (KB)","type":"text"},{"itemType":"text","text":"Delayed Paint By (ms)","type":"text"}],"header":"View Details","type":"table","items":[]}},"score":100,"weight":0,"id":"link-blocking-first-paint","group":"perf-hint"},{"result":{"displayValue":"","score":100,"helpText":"Script elements are blocking the first paint of your page. Consider inlining critical scripts and deferring non-critical ones. [Learn more](https://developers.google.com/web/tools/lighthouse/audits/blocking-resources).","rawValue":0,"extendedInfo":{"value":{"wastedMs":"0 ms","results":[]}},"name":"script-blocking-first-paint","description":"Reduce render-blocking scripts","scoringMode":"binary","informative":true,"details":{"itemHeaders":[{"itemType":"url","text":"URL","type":"text"},{"itemType":"text","text":"Size (KB)","type":"text"},{"itemType":"text","text":"Delayed Paint By (ms)","type":"text"}],"header":"View Details","type":"table","items":[]}},"score":100,"weight":0,"id":"script-blocking-first-paint","group":"perf-hint"},{"result":{"displayValue":"","score":100,"helpText":"Serve images that are appropriately-sized to save cellular data and improve load time. [Learn more](https://developers.google.com/web/tools/lighthouse/audits/oversized-images).","rawValue":0,"extendedInfo":{"value":{"wastedKb":0,"wastedMs":0,"results":[]}},"name":"uses-responsive-images","description":"Properly size images","scoringMode":"binary","informative":true,"details":{"itemHeaders":[{"itemType":"thumbnail","text":"","type":"text"},{"itemType":"url","text":"URL","type":"text"},{"itemType":"text","text":"Original","type":"text"},{"itemType":"text","text":"Potential Savings","type":"text"}],"header":"View Details","type":"table","items":[]}},"score":100,"weight":0,"id":"uses-responsive-images","group":"perf-hint"},{"result":{"displayValue":"","score":100,"helpText":"Consider lazy-loading offscreen and hidden images to improve page load speed and time to interactive. [Learn more](https://developers.google.com/web/tools/lighthouse/audits/offscreen-images).","rawValue":0,"extendedInfo":{"value":{"wastedKb":0,"wastedMs":0,"results":[]}},"name":"offscreen-images","description":"Offscreen images","scoringMode":"binary","informative":true,"details":{"itemHeaders":[{"itemType":"thumbnail","text":"","type":"text"},{"itemType":"url","text":"URL","type":"text"},{"itemType":"text","text":"Original","type":"text"},{"itemType":"text","text":"Potential Savings","type":"text"}],"header":"View Details","type":"table","items":[]}},"score":100,"weight":0,"id":"offscreen-images","group":"perf-hint"},{"result":{"displayValue":"","score":100,"helpText":"Minifying CSS files can reduce network payload sizes. [Learn more](https://developers.google.com/speed/docs/insights/MinifyResources).","rawValue":0,"extendedInfo":{"value":{"wastedKb":0,"wastedMs":0,"results":[]}},"name":"unminified-css","description":"Minify CSS","scoringMode":"binary","informative":true,"details":{"itemHeaders":[{"itemType":"url","text":"URL","type":"text"},{"itemType":"text","text":"Original","type":"text"},{"itemType":"text","text":"Potential Savings","type":"text"}],"header":"View Details","type":"table","items":[]}},"score":100,"weight":0,"id":"unminified-css","group":"perf-hint"},{"result":{"displayValue":"","score":100,"helpText":"Minifying JavaScript files can reduce payload sizes and script parse time. [Learn more](https://developers.google.com/speed/docs/insights/MinifyResources).","rawValue":0,"extendedInfo":{"value":{"wastedKb":0,"wastedMs":0,"results":[]}},"name":"unminified-javascript","description":"Minify JavaScript","scoringMode":"binary","informative":true,"details":{"itemHeaders":[{"itemType":"url","text":"URL","type":"text"},{"itemType":"text","text":"Original","type":"text"},{"itemType":"text","text":"Potential Savings","type":"text"}],"header":"View Details","type":"table","items":[]}},"score":100,"weight":0,"id":"unminified-javascript","group":"perf-hint"},{"result":{"displayValue":"Potential savings of 35 KB (~190 ms)","score":90,"helpText":"Remove unused rules from stylesheets to reduce unnecessary bytes consumed by network activity. [Learn more](https://developers.google.com/speed/docs/insights/OptimizeCSSDelivery)","rawValue":190,"extendedInfo":{"value":{"wastedKb":35,"wastedMs":190,"results":[{"wastedKb":"29 KB","totalKb":"32 KB","wastedMs":"160 ms","totalMs":"170 ms","potentialSavings":"29 KB (93%)","totalBytes":32261,"wastedPercent":92.80281987684556,"wastedBytes":29939,"url":"http://web/static/css/app.a1bcfeb0daa2a3f727390086fd42ee9d.css"},{"wastedKb":"5 KB","totalKb":"6 KB","wastedMs":"30 ms","totalMs":"30 ms","potentialSavings":"5 KB (98%)","totalBytes":5722,"wastedPercent":98.2698357217756,"wastedBytes":5623,"url":{"text":"a { color: #1976d2; } ...","type":"code"}}]}},"name":"unused-css-rules","description":"Unused CSS rules","scoringMode":"binary","informative":true,"details":{"itemHeaders":[{"itemType":"url","text":"URL","type":"text"},{"itemType":"text","text":"Original","type":"text"},{"itemType":"text","text":"Potential Savings","type":"text"}],"header":"View Details","type":"table","items":[[{"text":"http://web/static/css/app.a1bcfeb0daa2a3f727390086fd42ee9d.css","type":"url"},{"text":"32 KB","type":"text"},{"text":"29 KB (93%)","type":"text"}],[{"text":"a { color: #1976d2; } ...","type":"code"},{"text":"6 KB","type":"text"},{"text":"5 KB (98%)","type":"text"}]]}},"score":90,"weight":0,"id":"unused-css-rules","group":"perf-hint"},{"result":{"displayValue":"","score":100,"helpText":"Optimized images load faster and consume less cellular data. [Learn more](https://developers.google.com/web/tools/lighthouse/audits/optimize-images).","rawValue":0,"extendedInfo":{"value":{"wastedKb":0,"wastedMs":0,"results":[]}},"name":"uses-optimized-images","description":"Optimize images","scoringMode":"binary","informative":true,"details":{"itemHeaders":[{"itemType":"thumbnail","text":"","type":"text"},{"itemType":"url","text":"URL","type":"text"},{"itemType":"text","text":"Original","type":"text"},{"itemType":"text","text":"Potential Savings","type":"text"}],"header":"View Details","type":"table","items":[]}},"score":100,"weight":0,"id":"uses-optimized-images","group":"perf-hint"},{"result":{"displayValue":"","score":100,"helpText":"Image formats like JPEG 2000, JPEG XR, and WebP often provide better compression than PNG or JPEG, which means faster downloads and less data consumption. [Learn more](https://developers.google.com/web/tools/lighthouse/audits/webp).","rawValue":0,"extendedInfo":{"value":{"wastedKb":0,"wastedMs":0,"results":[]}},"name":"uses-webp-images","description":"Serve images in next-gen formats","scoringMode":"binary","informative":true,"details":{"itemHeaders":[{"itemType":"thumbnail","text":"","type":"text"},{"itemType":"url","text":"URL","type":"text"},{"itemType":"text","text":"Original","type":"text"},{"itemType":"text","text":"Potential Savings","type":"text"}],"header":"View Details","type":"table","items":[]}},"score":100,"weight":0,"id":"uses-webp-images","group":"perf-hint"},{"result":{"displayValue":"","score":100,"helpText":"Text-based responses should be served with compression (gzip, deflate or brotli) to minimize total network bytes. [Learn more](https://developers.google.com/web/fundamentals/performance/optimizing-content-efficiency/optimize-encoding-and-transfer).","rawValue":0,"extendedInfo":{"value":{"wastedKb":0,"wastedMs":0,"results":[]}},"name":"uses-request-compression","description":"Enable text compression","scoringMode":"binary","informative":true,"details":{"itemHeaders":[{"itemType":"url","text":"Uncompressed resource URL","type":"text"},{"itemType":"text","text":"Original","type":"text"},{"itemType":"text","text":"GZIP Savings","type":"text"}],"header":"View Details","type":"table","items":[]}},"score":100,"weight":0,"id":"uses-request-compression","group":"perf-hint"},{"result":{"displayValue":"","score":null,"debugString":"Audit error: Cannot read property '_timing' of undefined","helpText":"Time To First Byte identifies the time at which your server sends a response. [Learn more](https://developers.google.com/web/tools/chrome-devtools/network-performance/issues).","rawValue":null,"name":"time-to-first-byte","description":"Keep server response times low (TTFB)","scoringMode":"binary","informative":true,"error":true},"score":0,"weight":0,"id":"time-to-first-byte","group":"perf-hint"},{"result":{"displayValue":"","score":null,"debugString":"Audit error: Unable to identify the main resource","helpText":"Redirects introduce additional delays before the page can be loaded. [Learn more](https://developers.google.com/speed/docs/insights/AvoidRedirects).","rawValue":null,"name":"redirects","description":"Has multiple page redirects","scoringMode":"binary","error":true},"score":0,"weight":0,"id":"redirects","group":"perf-hint"},{"result":{"displayValue":"","score":null,"debugString":"Audit error: Unable to identify the main resource","helpText":"Consider using <link rel=preload> to prioritize fetching late-discovered resources sooner [Learn more](https://developers.google.com/web/updates/2016/03/link-rel-preload).","rawValue":null,"name":"uses-rel-preload","description":"Preload key requests","scoringMode":"numeric","informative":true,"error":true},"score":0,"weight":0,"id":"uses-rel-preload","group":"perf-hint"},{"result":{"displayValue":"Total size was 400 KB","score":100,"helpText":"Large network payloads cost users real money and are highly correlated with long load times. [Learn more](https://developers.google.com/web/tools/lighthouse/audits/network-payloads).","rawValue":409855,"extendedInfo":{"value":{"totalCompletedRequests":11,"results":[{"totalKb":"227 KB","totalMs":"1,240 ms","totalBytes":232785,"url":"http://web/static/js/vendor.d1efda22f11e965a5228.js"},{"totalKb":"48 KB","totalMs":"260 ms","totalBytes":49163,"url":"https://fonts.gstatic.com/s/materialicons/v37/flUhRq6tzZclQEJ-Vdg-IuiaDsNc.woff2"},{"totalKb":"46 KB","totalMs":"250 ms","totalBytes":47366,"url":"https://cdnjs.cloudflare.com/ajax/libs/Chart.js/2.7.1/Chart.min.js"},{"totalKb":"32 KB","totalMs":"170 ms","totalBytes":32261,"url":"http://web/static/css/app.a1bcfeb0daa2a3f727390086fd42ee9d.css"},{"totalKb":"15 KB","totalMs":"80 ms","totalBytes":15817,"url":"https://fonts.gstatic.com/s/roboto/v18/KFOlCnqEu92Fr1MmEU9fBBc4.woff2"},{"totalKb":"15 KB","totalMs":"80 ms","totalBytes":15461,"url":"https://fonts.gstatic.com/s/roboto/v18/KFOmCnqEu92Fr1Mu4mxK.woff2"},{"totalKb":"12 KB","totalMs":"70 ms","totalBytes":12691,"url":"http://web/static/js/app.310cd52123c59f9f64a5.js"},{"totalKb":"1 KB","totalMs":"10 ms","totalBytes":1524,"url":"https://unpkg.com/vue-chartjs@3.3.2/dist/vue-chartjs.min.js"},{"totalKb":"1 KB","totalMs":"10 ms","totalBytes":1211,"url":"http://web/"},{"totalKb":"1 KB","totalMs":"10 ms","totalBytes":1171,"url":"http://web/static/js/manifest.9f020e973ae4037504f6.js"}]}},"name":"total-byte-weight","description":"Avoids enormous network payloads","scoringMode":"numeric","details":{"itemHeaders":[{"itemType":"url","text":"URL","type":"text"},{"itemType":"text","text":"Total Size","type":"text"},{"itemType":"text","text":"Transfer Time","type":"text"}],"header":"View Details","type":"table","items":[[{"text":"http://web/static/js/vendor.d1efda22f11e965a5228.js","type":"url"},{"text":"227 KB","type":"text"},{"text":"1,240 ms","type":"text"}],[{"text":"https://fonts.gstatic.com/s/materialicons/v37/flUhRq6tzZclQEJ-Vdg-IuiaDsNc.woff2","type":"url"},{"text":"48 KB","type":"text"},{"text":"260 ms","type":"text"}],[{"text":"https://cdnjs.cloudflare.com/ajax/libs/Chart.js/2.7.1/Chart.min.js","type":"url"},{"text":"46 KB","type":"text"},{"text":"250 ms","type":"text"}],[{"text":"http://web/static/css/app.a1bcfeb0daa2a3f727390086fd42ee9d.css","type":"url"},{"text":"32 KB","type":"text"},{"text":"170 ms","type":"text"}],[{"text":"https://fonts.gstatic.com/s/roboto/v18/KFOlCnqEu92Fr1MmEU9fBBc4.woff2","type":"url"},{"text":"15 KB","type":"text"},{"text":"80 ms","type":"text"}],[{"text":"https://fonts.gstatic.com/s/roboto/v18/KFOmCnqEu92Fr1Mu4mxK.woff2","type":"url"},{"text":"15 KB","type":"text"},{"text":"80 ms","type":"text"}],[{"text":"http://web/static/js/app.310cd52123c59f9f64a5.js","type":"url"},{"text":"12 KB","type":"text"},{"text":"70 ms","type":"text"}],[{"text":"https://unpkg.com/vue-chartjs@3.3.2/dist/vue-chartjs.min.js","type":"url"},{"text":"1 KB","type":"text"},{"text":"10 ms","type":"text"}],[{"text":"http://web/","type":"url"},{"text":"1 KB","type":"text"},{"text":"10 ms","type":"text"}],[{"text":"http://web/static/js/manifest.9f020e973ae4037504f6.js","type":"url"},{"text":"1 KB","type":"text"},{"text":"10 ms","type":"text"}]]}},"score":100,"weight":0,"id":"total-byte-weight","group":"perf-info"},{"result":{"displayValue":"0 assets found","score":100,"helpText":"A long cache lifetime can speed up repeat visits to your page. [Learn more](https://developers.google.com/web/fundamentals/performance/optimizing-content-efficiency/http-caching#cache-control).","rawValue":0,"extendedInfo":{"value":{"queryStringCount":0,"results":[]}},"name":"uses-long-cache-ttl","description":"Uses efficient cache policy on static assets","scoringMode":"numeric","details":{"itemHeaders":[{"itemType":"url","text":"URL","type":"text"},{"itemType":"text","text":"Cache TTL","type":"text"},{"itemType":"text","text":"Size (KB)","type":"text"}],"header":"View Details","type":"table","items":[]}},"score":100,"weight":0,"id":"uses-long-cache-ttl","group":"perf-info"},{"result":{"displayValue":"94 nodes","score":100,"helpText":"Browser engineers recommend pages contain fewer than ~1,500 DOM nodes. The sweet spot is a tree depth < 32 elements and fewer than 60 children/parent element. A large DOM can increase memory usage, cause longer [style calculations](https://developers.google.com/web/fundamentals/performance/rendering/reduce-the-scope-and-complexity-of-style-calculations), and produce costly [layout reflows](https://developers.google.com/speed/articles/reflow). [Learn more](https://developers.google.com/web/fundamentals/performance/rendering/).","rawValue":94,"extendedInfo":{"value":[{"title":"Total DOM Nodes","value":"94","target":"< 1,500 nodes"},{"snippet":"html >\n  body >\n    main >\n      div#inspire.application.theme--dark >\n        div.application--wrap >\n          aside.navigation-drawer.navigation-drawer--clipped.navigation-drawer--close.navigation-drawer--fixed.navigation-drawer--is-mobile >\n            div.list >\n              div >\n                div.list__tile >\n                  div.input-group.input-group--dirty.input-group--selection-controls.switch.accent--text >\n                    div.input-group__input >\n                      div.input-group--selection-controls__container >\n                        div.input-group--selection-controls__toggle.input-group--selection-controls__toggle--active","title":"DOM Depth","value":"13","target":"< 32"},{"snippet":"Element with most children:\nhead","title":"Maximum Children","value":"8","target":"< 60 nodes"}]},"name":"dom-size","description":"Avoids an excessive DOM size","scoringMode":"numeric","details":{"header":{"text":"View details","type":"text"},"type":"cards","items":[{"title":"Total DOM Nodes","value":"94","target":"< 1,500 nodes"},{"snippet":"html >\n  body >\n    main >\n      div#inspire.application.theme--dark >\n        div.application--wrap >\n          aside.navigation-drawer.navigation-drawer--clipped.navigation-drawer--close.navigation-drawer--fixed.navigation-drawer--is-mobile >\n            div.list >\n              div >\n                div.list__tile >\n                  div.input-group.input-group--dirty.input-group--selection-controls.switch.accent--text >\n                    div.input-group__input >\n                      div.input-group--selection-controls__container >\n                        div.input-group--selection-controls__toggle.input-group--selection-controls__toggle--active","title":"DOM Depth","value":"13","target":"< 32"},{"snippet":"Element with most children:\nhead","title":"Maximum Children","value":"8","target":"< 60 nodes"}]}},"score":100,"weight":0,"id":"dom-size","group":"perf-info"},{"result":{"displayValue":"","score":null,"debugString":"Audit error: Unable to identify the main resource","helpText":"The Critical Request Chains below show you what resources are issued with a high priority. Consider reducing the length of chains, reducing the download size of resources, or deferring the download of unnecessary resources to improve page load. [Learn more](https://developers.google.com/web/tools/lighthouse/audits/critical-request-chains).","rawValue":null,"name":"critical-request-chains","description":"Critical Request Chains","scoringMode":"binary","informative":true,"error":true},"score":0,"weight":0,"id":"critical-request-chains","group":"perf-info"},{"result":{"displayValue":"11","score":100,"helpText":"Lists the network requests that were made during page load.","rawValue":11,"extendedInfo":{"value":[{"transferSize":1211,"startTime":0,"endTime":638.9249991625547,"mimeType":"text/html","url":"http://web/","statusCode":200,"resourceType":"document"},{"transferSize":1171,"startTime":755.621999502182,"endTime":1328.4680005162954,"mimeType":"application/javascript","url":"http://web/static/js/manifest.9f020e973ae4037504f6.js","statusCode":200,"resourceType":"script"},{"transferSize":232785,"startTime":755.7720001786947,"endTime":2917.8979992866516,"mimeType":"application/javascript","url":"http://web/static/js/vendor.d1efda22f11e965a5228.js","statusCode":200,"resourceType":"script"},{"transferSize":12691,"startTime":755.9009995311499,"endTime":1470.6410001963377,"mimeType":"application/javascript","url":"http://web/static/js/app.310cd52123c59f9f64a5.js","statusCode":200,"resourceType":"script"},{"transferSize":47366,"startTime":790.370000526309,"endTime":2162.829000502825,"mimeType":"application/javascript","url":"https://cdnjs.cloudflare.com/ajax/libs/Chart.js/2.7.1/Chart.min.js","statusCode":200,"resourceType":"script"},{"transferSize":405,"startTime":790.8159997314215,"endTime":1663.72200101614,"mimeType":"text/plain","url":"https://unpkg.com/vue-chartjs/dist/vue-chartjs.min.js","statusCode":302},{"transferSize":1524,"startTime":1664.8290008306503,"endTime":2258.2770008593798,"mimeType":"application/javascript","url":"https://unpkg.com/vue-chartjs@3.3.2/dist/vue-chartjs.min.js","statusCode":200,"resourceType":"script"},{"transferSize":32261,"startTime":4527.456000447273,"endTime":5278.87500077486,"mimeType":"text/css","url":"http://web/static/css/app.a1bcfeb0daa2a3f727390086fd42ee9d.css","statusCode":200,"resourceType":"stylesheet"},{"transferSize":15461,"startTime":5458.613000810146,"endTime":6342.342000454664,"mimeType":"font/woff2","url":"https://fonts.gstatic.com/s/roboto/v18/KFOmCnqEu92Fr1Mu4mxK.woff2","statusCode":200,"resourceType":"font"},{"transferSize":49163,"startTime":5458.761001005769,"endTime":6524.431999772787,"mimeType":"font/woff2","url":"https://fonts.gstatic.com/s/materialicons/v37/flUhRq6tzZclQEJ-Vdg-IuiaDsNc.woff2","statusCode":200,"resourceType":"font"},{"transferSize":15817,"startTime":5458.878999575973,"endTime":6334.002999588847,"mimeType":"font/woff2","url":"https://fonts.gstatic.com/s/roboto/v18/KFOlCnqEu92Fr1MmEU9fBBc4.woff2","statusCode":200,"resourceType":"font"}]},"name":"network-requests","description":"Network Requests","scoringMode":"binary","informative":true,"details":{"itemHeaders":[{"itemType":"url","text":"URL","type":"text"},{"itemType":"ms","text":"Start Time","type":"text"},{"itemType":"ms","text":"End Time","type":"text"},{"itemType":"bytes","text":"Transfer Size","type":"text"},{"itemType":"text","text":"Status Code","type":"text"},{"itemType":"text","text":"MIME Type","type":"text"},{"itemType":"text","text":"Resource Type","type":"text"}],"header":"View Details","type":"table","items":[[{"text":"http://web/","type":"url"},{"text":0,"type":"ms"},{"text":638.9249991625547,"type":"ms"},{"text":1211,"type":"bytes"},{"text":200,"type":"text"},{"text":"text/html","type":"text"},{"text":"document","type":"text"}],[{"text":"http://web/static/js/manifest.9f020e973ae4037504f6.js","type":"url"},{"text":755.621999502182,"type":"ms"},{"text":1328.4680005162954,"type":"ms"},{"text":1171,"type":"bytes"},{"text":200,"type":"text"},{"text":"application/javascript","type":"text"},{"text":"script","type":"text"}],[{"text":"http://web/static/js/vendor.d1efda22f11e965a5228.js","type":"url"},{"text":755.7720001786947,"type":"ms"},{"text":2917.8979992866516,"type":"ms"},{"text":232785,"type":"bytes"},{"text":200,"type":"text"},{"text":"application/javascript","type":"text"},{"text":"script","type":"text"}],[{"text":"http://web/static/js/app.310cd52123c59f9f64a5.js","type":"url"},{"text":755.9009995311499,"type":"ms"},{"text":1470.6410001963377,"type":"ms"},{"text":12691,"type":"bytes"},{"text":200,"type":"text"},{"text":"application/javascript","type":"text"},{"text":"script","type":"text"}],[{"text":"https://cdnjs.cloudflare.com/ajax/libs/Chart.js/2.7.1/Chart.min.js","type":"url"},{"text":790.370000526309,"type":"ms"},{"text":2162.829000502825,"type":"ms"},{"text":47366,"type":"bytes"},{"text":200,"type":"text"},{"text":"application/javascript","type":"text"},{"text":"script","type":"text"}],[{"text":"https://unpkg.com/vue-chartjs/dist/vue-chartjs.min.js","type":"url"},{"text":790.8159997314215,"type":"ms"},{"text":1663.72200101614,"type":"ms"},{"text":405,"type":"bytes"},{"text":302,"type":"text"},{"text":"text/plain","type":"text"},{"type":"text"}],[{"text":"https://unpkg.com/vue-chartjs@3.3.2/dist/vue-chartjs.min.js","type":"url"},{"text":1664.8290008306503,"type":"ms"},{"text":2258.2770008593798,"type":"ms"},{"text":1524,"type":"bytes"},{"text":200,"type":"text"},{"text":"application/javascript","type":"text"},{"text":"script","type":"text"}],[{"text":"http://web/static/css/app.a1bcfeb0daa2a3f727390086fd42ee9d.css","type":"url"},{"text":4527.456000447273,"type":"ms"},{"text":5278.87500077486,"type":"ms"},{"text":32261,"type":"bytes"},{"text":200,"type":"text"},{"text":"text/css","type":"text"},{"text":"stylesheet","type":"text"}],[{"text":"https://fonts.gstatic.com/s/roboto/v18/KFOmCnqEu92Fr1Mu4mxK.woff2","type":"url"},{"text":5458.613000810146,"type":"ms"},{"text":6342.342000454664,"type":"ms"},{"text":15461,"type":"bytes"},{"text":200,"type":"text"},{"text":"font/woff2","type":"text"},{"text":"font","type":"text"}],[{"text":"https://fonts.gstatic.com/s/materialicons/v37/flUhRq6tzZclQEJ-Vdg-IuiaDsNc.woff2","type":"url"},{"text":5458.761001005769,"type":"ms"},{"text":6524.431999772787,"type":"ms"},{"text":49163,"type":"bytes"},{"text":200,"type":"text"},{"text":"font/woff2","type":"text"},{"text":"font","type":"text"}],[{"text":"https://fonts.gstatic.com/s/roboto/v18/KFOlCnqEu92Fr1MmEU9fBBc4.woff2","type":"url"},{"text":5458.878999575973,"type":"ms"},{"text":6334.002999588847,"type":"ms"},{"text":15817,"type":"bytes"},{"text":200,"type":"text"},{"text":"font/woff2","type":"text"},{"text":"font","type":"text"}]]}},"score":100,"weight":0,"id":"network-requests"},{"result":{"displayValue":"0","score":true,"helpText":"Consider instrumenting your app with the User Timing API to create custom, real-world measurements of key user experiences. [Learn more](https://developers.google.com/web/tools/lighthouse/audits/user-timing).","rawValue":true,"extendedInfo":{"value":[]},"name":"user-timings","description":"User Timing marks and measures","scoringMode":"binary","informative":true,"details":{"itemHeaders":[{"itemType":"text","text":"Name","type":"text"},{"itemType":"text","text":"Type","type":"text"},{"itemType":"text","text":"Time","type":"text"}],"header":"View Details","type":"table","items":[]}},"score":100,"weight":0,"id":"user-timings","group":"perf-info"},{"result":{"displayValue":"1,570 ms","score":true,"helpText":"Consider reducing the time spent parsing, compiling, and executing JS. You may find delivering smaller JS payloads helps with this. [Learn more](https://developers.google.com/web/lighthouse/audits/bootup).","rawValue":1573.503999710083,"extendedInfo":{"value":{"http://web/static/js/app.310cd52123c59f9f64a5.js":{"Script Evaluation":1173.697998046875,"Script Parsing & Compile":22.533000946044922},"http://web/static/js/vendor.d1efda22f11e965a5228.js":{"Style & Layout":178.41699981689453,"Script Parsing & Compile":14.004999160766602,"Script Evaluation":9.45100212097168},"https://unpkg.com/vue-chartjs@3.3.2/dist/vue-chartjs.min.js":{"Script Evaluation":6.445001602172852,"Script Parsing & Compile":4.004999160766602},"https://cdnjs.cloudflare.com/ajax/libs/Chart.js/2.7.1/Chart.min.js":{"Style & Layout":0.8509998321533203,"Script Evaluation":90.19700050354004,"Script Parsing & Compile":0.5679988861083984},"http://web/static/js/manifest.9f020e973ae4037504f6.js":{"Script Parsing & Compile":2.184000015258789,"Script Evaluation":1.4300003051757812},"http://web/":{"Style & Layout":0.0989990234375,"Script Evaluation":7.028999328613281,"Script Parsing & Compile":0.14599990844726562},"http://web/#/":{"Parsing HTML & CSS":62.446001052856445}}},"name":"bootup-time","description":"JavaScript boot-up time","scoringMode":"binary","details":{"itemHeaders":[{"itemType":"url","text":"URL","type":"text"},{"itemType":"text","text":"Script Evaluation","type":"text"},{"itemType":"text","text":"Script Parsing & Compile","type":"text"}],"header":"View Details","type":"table","items":[[{"text":"http://web/static/js/app.310cd52123c59f9f64a5.js","type":"url"},{"text":"1,174 ms","type":"text"},{"text":"23 ms","type":"text"}],[{"text":"https://cdnjs.cloudflare.com/ajax/libs/Chart.js/2.7.1/Chart.min.js","type":"url"},{"text":"90 ms","type":"text"},{"text":"1 ms","type":"text"}],[{"text":"http://web/static/js/vendor.d1efda22f11e965a5228.js","type":"url"},{"text":"9 ms","type":"text"},{"text":"14 ms","type":"text"}],[{"text":"https://unpkg.com/vue-chartjs@3.3.2/dist/vue-chartjs.min.js","type":"url"},{"text":"6 ms","type":"text"},{"text":"4 ms","type":"text"}]]}},"score":100,"weight":0,"id":"bootup-time","group":"perf-info"},{"result":{"displayValue":"true","score":100,"helpText":"This is what the load of your site looked like.","rawValue":true,"name":"screenshot-thumbnails","description":"Screenshot Thumbnails","scoringMode":"binary","informative":true,"details":{"scale":6606,"type":"filmstrip","items":[{"data":"/9j/4AAQSkZJRgABAQAAAQABAAD/2wCEAAMCAgMCAgMDAwMEAwMEBQgFBQQEBQoHBwYIDAoMDAsKCwsNDhIQDQ4RDgsLEBYQERMUFRUVDA8XGBYUGBIUFRQBAwQEBQQFCQUFCRQNCw0UFBQUFBQUFBQUFBQUFBQUFBQUFBQUFBQUFBQUFBQUFBQUFBQUFBQUFBQUFBQUFBQUFP/AABEIANUAeAMBEQACEQEDEQH/xAGiAAABBQEBAQEBAQAAAAAAAAAAAQIDBAUGBwgJCgsQAAIBAwMCBAMFBQQEAAABfQECAwAEEQUSITFBBhNRYQcicRQygZGhCCNCscEVUtHwJDNicoIJChYXGBkaJSYnKCkqNDU2Nzg5OkNERUZHSElKU1RVVldYWVpjZGVmZ2hpanN0dXZ3eHl6g4SFhoeIiYqSk5SVlpeYmZqio6Slpqeoqaqys7S1tre4ubrCw8TFxsfIycrS09TV1tfY2drh4uPk5ebn6Onq8fLz9PX29/j5+gEAAwEBAQEBAQEBAQAAAAAAAAECAwQFBgcICQoLEQACAQIEBAMEBwUEBAABAncAAQIDEQQFITEGEkFRB2FxEyIygQgUQpGhscEJIzNS8BVictEKFiQ04SXxFxgZGiYnKCkqNTY3ODk6Q0RFRkdISUpTVFVWV1hZWmNkZWZnaGlqc3R1dnd4eXqCg4SFhoeIiYqSk5SVlpeYmZqio6Slpqeoqaqys7S1tre4ubrCw8TFxsfIycrS09TV1tfY2dri4+Tl5ufo6ery8/T19vf4+fr/2gAMAwEAAhEDEQA/AP1ToAKACgAoAKACgAoAKACgAoAKACgAoAKACgAoAKACgAoAKACgAoAKACgAoAKACgAoAKACgAoAKACgAoAKACgAoAKACgAoAKACgAoAKACgAoAKACgAoAKACgAoAKACgAoAKACgAoAKACgAoAKACgAoAKACgAoAKACgAoAKACgAoAKACgAoAKACgAoAKACgAoAKACgAoAKACgAoAKACgAoAKACgAoAKACgAoAKACgAoAKACgAoAKACgAoAKACgAoAKACgAoAKACgAoAKACgAoAKACgAoAKACgAoAKACgAoAKACgAoAKACgAoAKACgAoAKACgAoAKACgAoAKACgAoAKACgAoAKACgAoAKACgAoAKACgAoAKACgAoAKACgAoAKACgAoAKACgAoAKACgAoAKACgAoAKACgAoAKACgAoAKACgAoAKACgAoAKACgAoAKACgAoAKACgAoAKACgAoAKACgAoAKACgAoAKACgAoAKACgAoAKACgAoAKACgAoAKACgAoAKACgAoAKACgAoAKACgAoAKACgAoAKACgAoAKACgAoAKACgAoAKACgAoAKACgAoAKACgAoAKACgAoAKACgAoAKACgAoAKACgAoAKACgAoAKACgAoAKACgAoAKACgAoAKACgAoAKACgAoAKACgAoAKACgAoAKACgAoAKACgAoAKACgAoAKACgAoAKACgAoAKACgAoAKACgAoAKACgAoAKACgAoAKACgAoAKACgAoAKACgAoAKACgAoAKACgAoAKACgAoAKACgAoAKACgAoAKACgAoAKACgAoAKACgAoAKACgAoAKACgAoAKACgAoAKACgAoAKACgAoAKACgAoAKACgAoAKACgAoAKACgAoAKACgAoAKACgAoAKACgAoAKACgAoAKACgAoAKACgAoAKACgAoAKACgAoAKACgAoAKACgAoAKACgD//Z","timing":661,"timestamp":8650053854298},{"data":"/9j/4AAQSkZJRgABAQAAAQABAAD/2wCEAAMCAgMCAgMDAwMEAwMEBQgFBQQEBQoHBwYIDAoMDAsKCwsNDhIQDQ4RDgsLEBYQERMUFRUVDA8XGBYUGBIUFRQBAwQEBQQFCQUFCRQNCw0UFBQUFBQUFBQUFBQUFBQUFBQUFBQUFBQUFBQUFBQUFBQUFBQUFBQUFBQUFBQUFBQUFP/AABEIANUAeAMBEQACEQEDEQH/xAGiAAABBQEBAQEBAQAAAAAAAAAAAQIDBAUGBwgJCgsQAAIBAwMCBAMFBQQEAAABfQECAwAEEQUSITFBBhNRYQcicRQygZGhCCNCscEVUtHwJDNicoIJChYXGBkaJSYnKCkqNDU2Nzg5OkNERUZHSElKU1RVVldYWVpjZGVmZ2hpanN0dXZ3eHl6g4SFhoeIiYqSk5SVlpeYmZqio6Slpqeoqaqys7S1tre4ubrCw8TFxsfIycrS09TV1tfY2drh4uPk5ebn6Onq8fLz9PX29/j5+gEAAwEBAQEBAQEBAQAAAAAAAAECAwQFBgcICQoLEQACAQIEBAMEBwUEBAABAncAAQIDEQQFITEGEkFRB2FxEyIygQgUQpGhscEJIzNS8BVictEKFiQ04SXxFxgZGiYnKCkqNTY3ODk6Q0RFRkdISUpTVFVWV1hZWmNkZWZnaGlqc3R1dnd4eXqCg4SFhoeIiYqSk5SVlpeYmZqio6Slpqeoqaqys7S1tre4ubrCw8TFxsfIycrS09TV1tfY2dri4+Tl5ufo6ery8/T19vf4+fr/2gAMAwEAAhEDEQA/AP1ToAKACgAoAKACgAoAKACgAoAKACgAoAKACgAoAKACgAoAKACgAoAKACgAoAKACgAoAKACgAoAKACgAoAKACgAoAKACgAoAKACgAoAKACgAoAKACgAoAKACgAoAKACgAoAKACgAoAKACgAoAKACgAoAKACgAoAKACgAoAKACgAoAKACgAoAKACgAoAKACgAoAKACgAoAKACgAoAKACgAoAKACgAoAKACgAoAKACgAoAKACgAoAKACgAoAKACgAoAKACgAoAKACgAoAKACgAoAKACgAoAKACgAoAKACgAoAKACgAoAKACgAoAKACgAoAKACgAoAKACgAoAKACgAoAKACgAoAKACgAoAKACgAoAKACgAoAKACgAoAKACgAoAKACgAoAKACgAoAKACgAoAKACgAoAKACgAoAKACgAoAKACgAoAKACgAoAKACgAoAKACgAoAKACgAoAKACgAoAKACgAoAKACgAoAKACgAoAKACgAoAKACgAoAKACgAoAKACgAoAKACgAoAKACgAoAKACgAoAKACgAoAKACgAoAKACgAoAKACgAoAKACgAoAKACgAoAKACgAoAKACgAoAKACgAoAKACgAoAKACgAoAKACgAoAKACgAoAKACgAoAKACgAoAKACgAoAKACgAoAKACgAoAKACgAoAKACgAoAKACgAoAKACgAoAKACgAoAKACgAoAKACgAoAKACgAoAKACgAoAKACgAoAKACgAoAKACgAoAKACgAoAKACgAoAKACgAoAKACgAoAKACgAoAKACgAoAKACgAoAKACgAoAKACgAoAKACgAoAKACgAoAKACgAoAKACgAoAKACgAoAKACgAoAKACgAoAKACgAoAKACgAoAKACgAoAKACgAoAKACgAoAKACgAoAKACgAoAKACgAoAKACgAoAKACgAoAKACgAoAKACgAoAKACgD//Z","timing":1321,"timestamp":8.650054514898001E12},{"data":"/9j/4AAQSkZJRgABAQAAAQABAAD/2wCEAAMCAgMCAgMDAwMEAwMEBQgFBQQEBQoHBwYIDAoMDAsKCwsNDhIQDQ4RDgsLEBYQERMUFRUVDA8XGBYUGBIUFRQBAwQEBQQFCQUFCRQNCw0UFBQUFBQUFBQUFBQUFBQUFBQUFBQUFBQUFBQUFBQUFBQUFBQUFBQUFBQUFBQUFBQUFP/AABEIANUAeAMBEQACEQEDEQH/xAGiAAABBQEBAQEBAQAAAAAAAAAAAQIDBAUGBwgJCgsQAAIBAwMCBAMFBQQEAAABfQECAwAEEQUSITFBBhNRYQcicRQygZGhCCNCscEVUtHwJDNicoIJChYXGBkaJSYnKCkqNDU2Nzg5OkNERUZHSElKU1RVVldYWVpjZGVmZ2hpanN0dXZ3eHl6g4SFhoeIiYqSk5SVlpeYmZqio6Slpqeoqaqys7S1tre4ubrCw8TFxsfIycrS09TV1tfY2drh4uPk5ebn6Onq8fLz9PX29/j5+gEAAwEBAQEBAQEBAQAAAAAAAAECAwQFBgcICQoLEQACAQIEBAMEBwUEBAABAncAAQIDEQQFITEGEkFRB2FxEyIygQgUQpGhscEJIzNS8BVictEKFiQ04SXxFxgZGiYnKCkqNTY3ODk6Q0RFRkdISUpTVFVWV1hZWmNkZWZnaGlqc3R1dnd4eXqCg4SFhoeIiYqSk5SVlpeYmZqio6Slpqeoqaqys7S1tre4ubrCw8TFxsfIycrS09TV1tfY2dri4+Tl5ufo6ery8/T19vf4+fr/2gAMAwEAAhEDEQA/AP1ToAKACgAoAKACgAoAKACgAoAKACgAoAKACgAoAKACgAoAKACgAoAKACgAoAKACgAoAKACgAoAKACgAoAKACgAoAKACgAoAKACgAoAKACgAoAKACgAoAKACgAoAKACgAoAKACgAoAKACgAoAKACgAoAKACgAoAKACgAoAKACgAoAKACgAoAKACgAoAKACgAoAKACgAoAKACgAoAKACgAoAKACgAoAKACgAoAKACgAoAKACgAoAKACgAoAKACgAoAKACgAoAKACgAoAKACgAoAKACgAoAKACgAoAKACgAoAKACgAoAKACgAoAKACgAoAKACgAoAKACgAoAKACgAoAKACgAoAKACgAoAKACgAoAKACgAoAKACgAoAKACgAoAKACgAoAKACgAoAKACgAoAKACgAoAKACgAoAKACgAoAKACgAoAKACgAoAKACgAoAKACgAoAKACgAoAKACgAoAKACgAoAKACgAoAKACgAoAKACgAoAKACgAoAKACgAoAKACgAoAKACgAoAKACgAoAKACgAoAKACgAoAKACgAoAKACgAoAKACgAoAKACgAoAKACgAoAKACgAoAKACgAoAKACgAoAKACgAoAKACgAoAKACgAoAKACgAoAKACgAoAKACgAoAKACgAoAKACgAoAKACgAoAKACgAoAKACgAoAKACgAoAKACgAoAKACgAoAKACgAoAKACgAoAKACgAoAKACgAoAKACgAoAKACgAoAKACgAoAKACgAoAKACgAoAKACgAoAKACgAoAKACgAoAKACgAoAKACgAoAKACgAoAKACgAoAKACgAoAKACgAoAKACgAoAKACgAoAKACgAoAKACgAoAKACgAoAKACgAoAKACgAoAKACgAoAKACgAoAKACgAoAKACgAoAKACgAoAKACgAoAKACgAoAKACgAoAKACgAoAKACgAoAKACgD//Z","timing":1982,"timestamp":8.650055175497999E12},{"data":"/9j/4AAQSkZJRgABAQAAAQABAAD/2wCEAAMCAgMCAgMDAwMEAwMEBQgFBQQEBQoHBwYIDAoMDAsKCwsNDhIQDQ4RDgsLEBYQERMUFRUVDA8XGBYUGBIUFRQBAwQEBQQFCQUFCRQNCw0UFBQUFBQUFBQUFBQUFBQUFBQUFBQUFBQUFBQUFBQUFBQUFBQUFBQUFBQUFBQUFBQUFP/AABEIANUAeAMBEQACEQEDEQH/xAGiAAABBQEBAQEBAQAAAAAAAAAAAQIDBAUGBwgJCgsQAAIBAwMCBAMFBQQEAAABfQECAwAEEQUSITFBBhNRYQcicRQygZGhCCNCscEVUtHwJDNicoIJChYXGBkaJSYnKCkqNDU2Nzg5OkNERUZHSElKU1RVVldYWVpjZGVmZ2hpanN0dXZ3eHl6g4SFhoeIiYqSk5SVlpeYmZqio6Slpqeoqaqys7S1tre4ubrCw8TFxsfIycrS09TV1tfY2drh4uPk5ebn6Onq8fLz9PX29/j5+gEAAwEBAQEBAQEBAQAAAAAAAAECAwQFBgcICQoLEQACAQIEBAMEBwUEBAABAncAAQIDEQQFITEGEkFRB2FxEyIygQgUQpGhscEJIzNS8BVictEKFiQ04SXxFxgZGiYnKCkqNTY3ODk6Q0RFRkdISUpTVFVWV1hZWmNkZWZnaGlqc3R1dnd4eXqCg4SFhoeIiYqSk5SVlpeYmZqio6Slpqeoqaqys7S1tre4ubrCw8TFxsfIycrS09TV1tfY2dri4+Tl5ufo6ery8/T19vf4+fr/2gAMAwEAAhEDEQA/AP1ToAKACgAoAKACgAoAKACgAoAKACgAoAKACgAoAKACgAoAKACgAoAKACgAoAKACgAoAKACgAoAKACgAoAKACgAoAKACgAoAKACgAoAKACgAoAKACgAoAKACgAoAKACgAoAKACgAoAKACgAoAKACgAoAKACgAoAKACgAoAKACgAoAKACgAoAKACgAoAKACgAoAKACgAoAKACgAoAKACgAoAKACgAoAKACgAoAKACgAoAKACgAoAKACgAoAKACgAoAKACgAoAKACgAoAKACgAoAKACgAoAKACgAoAKACgAoAKACgAoAKACgAoAKACgAoAKACgAoAKACgAoAKACgAoAKACgAoAKACgAoAKACgAoAKACgAoAKACgAoAKACgAoAKACgAoAKACgAoAKACgAoAKACgAoAKACgAoAKACgAoAKACgAoAKACgAoAKACgAoAKACgAoAKACgAoAKACgAoAKACgAoAKACgAoAKACgAoAKACgAoAKACgAoAKACgAoAKACgAoAKACgAoAKACgAoAKACgAoAKACgAoAKACgAoAKACgAoAKACgAoAKACgAoAKACgAoAKACgAoAKACgAoAKACgAoAKACgAoAKACgAoAKACgAoAKACgAoAKACgAoAKACgAoAKACgAoAKACgAoAKACgAoAKACgAoAKACgAoAKACgAoAKACgAoAKACgAoAKACgAoAKACgAoAKACgAoAKACgAoAKACgAoAKACgAoAKACgAoAKACgAoAKACgAoAKACgAoAKACgAoAKACgAoAKACgAoAKACgAoAKACgAoAKACgAoAKACgAoAKACgAoAKACgAoAKACgAoAKACgAoAKACgAoAKACgAoAKACgAoAKACgAoAKACgAoAKACgAoAKACgAoAKACgAoAKACgAoAKACgAoAKACgAoAKACgAoAKACgAoAKACgAoAKACgD//Z","timing":2642,"timestamp":8650055836098},{"data":"/9j/4AAQSkZJRgABAQAAAQABAAD/2wCEAAMCAgMCAgMDAwMEAwMEBQgFBQQEBQoHBwYIDAoMDAsKCwsNDhIQDQ4RDgsLEBYQERMUFRUVDA8XGBYUGBIUFRQBAwQEBQQFCQUFCRQNCw0UFBQUFBQUFBQUFBQUFBQUFBQUFBQUFBQUFBQUFBQUFBQUFBQUFBQUFBQUFBQUFBQUFP/AABEIANUAeAMBEQACEQEDEQH/xAGiAAABBQEBAQEBAQAAAAAAAAAAAQIDBAUGBwgJCgsQAAIBAwMCBAMFBQQEAAABfQECAwAEEQUSITFBBhNRYQcicRQygZGhCCNCscEVUtHwJDNicoIJChYXGBkaJSYnKCkqNDU2Nzg5OkNERUZHSElKU1RVVldYWVpjZGVmZ2hpanN0dXZ3eHl6g4SFhoeIiYqSk5SVlpeYmZqio6Slpqeoqaqys7S1tre4ubrCw8TFxsfIycrS09TV1tfY2drh4uPk5ebn6Onq8fLz9PX29/j5+gEAAwEBAQEBAQEBAQAAAAAAAAECAwQFBgcICQoLEQACAQIEBAMEBwUEBAABAncAAQIDEQQFITEGEkFRB2FxEyIygQgUQpGhscEJIzNS8BVictEKFiQ04SXxFxgZGiYnKCkqNTY3ODk6Q0RFRkdISUpTVFVWV1hZWmNkZWZnaGlqc3R1dnd4eXqCg4SFhoeIiYqSk5SVlpeYmZqio6Slpqeoqaqys7S1tre4ubrCw8TFxsfIycrS09TV1tfY2dri4+Tl5ufo6ery8/T19vf4+fr/2gAMAwEAAhEDEQA/AP1ToAKACgAoAKACgAoAKACgAoAKACgAoAKACgAoAKACgAoAKACgAoAKACgAoAKACgAoAKACgAoAKACgAoAKACgAoAKACgAoAKACgAoAKACgAoAKACgAoAKACgAoAKACgAoAKACgAoAKACgAoAKACgAoAKACgAoAKACgAoAKACgAoAKACgAoAKACgAoAKACgAoAKACgAoAKACgAoAKACgAoAKACgAoAKACgAoAKACgAoAKACgAoAKACgAoAKACgAoAKACgAoAKACgAoAKACgAoAKACgAoAKACgAoAKACgAoAKACgAoAKACgAoAKACgAoAKACgAoAKACgAoAKACgAoAKACgAoAKACgAoAKACgAoAKACgAoAKACgAoAKACgAoAKACgAoAKACgAoAKACgAoAKACgAoAKACgAoAKACgAoAKACgAoAKACgAoAKACgAoAKACgAoAKACgAoAKACgAoAKACgAoAKACgAoAKACgAoAKACgAoAKACgAoAKACgAoAKACgAoAKACgAoAKACgAoAKACgAoAKACgAoAKACgAoAKACgAoAKACgAoAKACgAoAKACgAoAKACgAoAKACgAoAKACgAoAKACgAoAKACgAoAKACgAoAKACgAoAKACgAoAKACgAoAKACgAoAKACgAoAKACgAoAKACgAoAKACgAoAKACgAoAKACgAoAKACgAoAKACgAoAKACgAoAKACgAoAKACgAoAKACgAoAKACgAoAKACgAoAKACgAoAKACgAoAKACgAoAKACgAoAKACgAoAKACgAoAKACgAoAKACgAoAKACgAoAKACgAoAKACgAoAKACgAoAKACgAoAKACgAoAKACgAoAKACgAoAKACgAoAKACgAoAKACgAoAKACgAoAKACgAoAKACgAoAKACgAoAKACgAoAKACgAoAKACgAoAKACgAoAKACgAoAKACgD//Z","timing":3303,"timestamp":8650056496698},{"data":"/9j/4AAQSkZJRgABAQAAAQABAAD/2wCEAAMCAgMCAgMDAwMEAwMEBQgFBQQEBQoHBwYIDAoMDAsKCwsNDhIQDQ4RDgsLEBYQERMUFRUVDA8XGBYUGBIUFRQBAwQEBQQFCQUFCRQNCw0UFBQUFBQUFBQUFBQUFBQUFBQUFBQUFBQUFBQUFBQUFBQUFBQUFBQUFBQUFBQUFBQUFP/AABEIANUAeAMBEQACEQEDEQH/xAGiAAABBQEBAQEBAQAAAAAAAAAAAQIDBAUGBwgJCgsQAAIBAwMCBAMFBQQEAAABfQECAwAEEQUSITFBBhNRYQcicRQygZGhCCNCscEVUtHwJDNicoIJChYXGBkaJSYnKCkqNDU2Nzg5OkNERUZHSElKU1RVVldYWVpjZGVmZ2hpanN0dXZ3eHl6g4SFhoeIiYqSk5SVlpeYmZqio6Slpqeoqaqys7S1tre4ubrCw8TFxsfIycrS09TV1tfY2drh4uPk5ebn6Onq8fLz9PX29/j5+gEAAwEBAQEBAQEBAQAAAAAAAAECAwQFBgcICQoLEQACAQIEBAMEBwUEBAABAncAAQIDEQQFITEGEkFRB2FxEyIygQgUQpGhscEJIzNS8BVictEKFiQ04SXxFxgZGiYnKCkqNTY3ODk6Q0RFRkdISUpTVFVWV1hZWmNkZWZnaGlqc3R1dnd4eXqCg4SFhoeIiYqSk5SVlpeYmZqio6Slpqeoqaqys7S1tre4ubrCw8TFxsfIycrS09TV1tfY2dri4+Tl5ufo6ery8/T19vf4+fr/2gAMAwEAAhEDEQA/AP1ToAKACgAoAKACgAoAKACgAoAKACgAoAKACgAoAKACgAoAKACgAoAKACgAoAKACgAoAKACgAoAKACgAoAKACgAoAKACgAoAKACgAoAKACgAoAKACgAoAKACgAoAKACgAoAKACgAoAKACgAoAKACgAoAKACgAoAKACgAoAKACgAoAKACgAoAKACgAoAKACgAoAKACgAoAKACgAoAKACgAoAKACgAoAKACgAoAKACgAoAKACgAoAKACgAoAKACgAoAKACgAoAKACgAoAKACgAoAKACgAoAKACgAoAKACgAoAKACgAoAKACgAoAKACgAoAKACgAoAKACgAoAKACgAoAKACgAoAKACgAoAKACgAoAKACgAoAKACgAoAKACgAoAKACgAoAKACgAoAKACgAoAKACgAoAKACgAoAKACgAoAKACgAoAKACgAoAKACgAoAKACgAoAKACgAoAKACgAoAKACgAoAKACgAoAKACgAoAKACgAoAKACgAoAKACgAoAKACgAoAKACgAoAKACgAoAKACgAoAKACgAoAKACgAoAKACgAoAKACgAoAKACgAoAKACgAoAKACgAoAKACgAoAKACgAoAKACgAoAKACgAoAKACgAoAKACgAoAKACgAoAKACgAoAKACgAoAKACgAoAKACgAoAKACgAoAKACgAoAKACgAoAKACgAoAKACgAoAKACgAoAKACgAoAKACgAoAKACgAoAKACgAoAKACgAoAKACgAoAKACgAoAKACgAoAKACgAoAKACgAoAKACgAoAKACgAoAKACgAoAKACgAoAKACgAoAKACgAoAKACgAoAKACgAoAKACgAoAKACgAoAKACgAoAKACgAoAKACgAoAKACgAoAKACgAoAKACgAoAKACgAoAKACgAoAKACgAoAKACgAoAKACgAoAKACgAoAKACgAoAKACgAoAKACgD//Z","timing":3964,"timestamp":8650057157298},{"data":"/9j/4AAQSkZJRgABAQAAAQABAAD/2wCEAAMCAgMCAgMDAwMEAwMEBQgFBQQEBQoHBwYIDAoMDAsKCwsNDhIQDQ4RDgsLEBYQERMUFRUVDA8XGBYUGBIUFRQBAwQEBQQFCQUFCRQNCw0UFBQUFBQUFBQUFBQUFBQUFBQUFBQUFBQUFBQUFBQUFBQUFBQUFBQUFBQUFBQUFBQUFP/AABEIANUAeAMBEQACEQEDEQH/xAGiAAABBQEBAQEBAQAAAAAAAAAAAQIDBAUGBwgJCgsQAAIBAwMCBAMFBQQEAAABfQECAwAEEQUSITFBBhNRYQcicRQygZGhCCNCscEVUtHwJDNicoIJChYXGBkaJSYnKCkqNDU2Nzg5OkNERUZHSElKU1RVVldYWVpjZGVmZ2hpanN0dXZ3eHl6g4SFhoeIiYqSk5SVlpeYmZqio6Slpqeoqaqys7S1tre4ubrCw8TFxsfIycrS09TV1tfY2drh4uPk5ebn6Onq8fLz9PX29/j5+gEAAwEBAQEBAQEBAQAAAAAAAAECAwQFBgcICQoLEQACAQIEBAMEBwUEBAABAncAAQIDEQQFITEGEkFRB2FxEyIygQgUQpGhscEJIzNS8BVictEKFiQ04SXxFxgZGiYnKCkqNTY3ODk6Q0RFRkdISUpTVFVWV1hZWmNkZWZnaGlqc3R1dnd4eXqCg4SFhoeIiYqSk5SVlpeYmZqio6Slpqeoqaqys7S1tre4ubrCw8TFxsfIycrS09TV1tfY2dri4+Tl5ufo6ery8/T19vf4+fr/2gAMAwEAAhEDEQA/AP0bk8LeMEuh9l8ZJFaC8SXyp9KjlcWyxQKYA+4cs8cz+YwYjz8Y+RSQDrtMt57TTrWG5unvriOJEkuXRUaVgoBcqoABJycAYGeKALVABQAUAFABQAUAFABQAUAFABQAUAFABQAUAFABQAUAFABQAUAFABQAUAFABQAUAFABQAUAFABQAUAFABQAUAFABQAUAFABQAUAFABQAUAFABQAUAFABQAUAFABQAUAFABQAUAFACZ5xQAZGcd6AFoAKACgAoAKACgAoAKACgAoAKACgAoA8AbVfiFqEGl3Wja9oL2kFwbHVBNfwzbbgSxCKFJAD+9kHyOrcgynbuOwgA7zwHq+q2WrXll4h1fTrqG7mCaTIs8azzPGji4hMSjG6MxliQxOTICsYQAgHftOoYr1cLu2jrj6daAATI2MMDkkZBHUHH8xQAi3CMMgjGCScg4x1H1oAZp9/b6rYW97ZzR3NpcRrLDPC4dJEYZVlYEgggggg4INAFigAoAKACgAoAKACgAoAKAOF1j4PeEvFt/omq6npZvL/RpvtGmXM0syyWT/ALrJjywKZMEeQMA/N2dsgDdG+B3grw9pVrYadoUFrHaQS29rOjN9ptY5FdXWG4z5sWRI4Gxxt3HbigB+ifBfwj4c059O03TGtdMa8hvxYLdTm3ininSeIxRlysSrJGjbEAU4AIIoAst8JfC5Piwpp8kLeKgo1d4LyeJ7jClRhlcGP5SR8hXrQBj3v7O/w+1O4vJ73w5BdyXieXcCeWWRJB9qN2cozlcm4YyFsZJOCSOKAO60PRrTw5oun6Tp8XkWFhbx2tvFuLbI0UKq5YknAAGSSaAL1ABQAUAFABQAUAFABQAUAFABQAUAFABQAUAFABQAUAFABQAUAFABQAUAJuoFfWwbqAuAOaBi0AFABQAUAFABQAUAFABQAUAFABQByaS6/f6Wk1hPZf6RCjQTzRO/UZDsoZCQwK/LwRzyeldj+rNt6nn2xe2hXv8A/hODph+xHRV1EeWy/aVlMX3Y/MU7efvGXB9FTI5JEr6u90waxS2aNfTU8Qf27eG9fTv7H2D7MsMb/aC2TkuSduMbcYHr0xgxP2XKuS9zal7fm/ebG7WB1BQAUARiZec4XHXJppNkOaWjYvmqDjIz9aLMHOK6jftCEkBlJXBIz0H+Qfyos+qDnjrZiC6jP8QHtmnyvsQqsHrckVg6gggg9xSasap31Q6kMKACgAoA8ttfEXirw3YQWVxYJKIFENuLKwe4Msa+UiFmMyBGJlAwQANrMSEBau14eLfuzT+Vv8zzFi3b3qbXzv8AohsvxI15bS9mi02/ma0PMI8OTK8yllCmPdcBTkMGwSCAGyBg1Twm3vrXzGsZ/wBO39x0XhvVvEuvSasJVt9LWyvXtI/tWmyD7Qqqh81D5/KEsQD329jkDmqU+TlfNe6vp0v09TrpVOe6tazsbX2XX/8AoJ6b/wCC6T/4/WJuH2XX/wDoJ6b/AOC6T/4/QAfZdf8A+gnpv/guk/8Aj9AFQ+EoL+++26wUvbuPasfl+ZHCoDBlYRF2UOCPv9ccdK2hVnCPKmc86EJy5mMPw80JnspPs03m2f8AqZftMvmAbGQqW3bmUhjlWJBOGIyAar6xU7kfVqbdyS08CaPY209rBahLSaaO4aDcxVXRlZNoJ+VVKKQq4A7Dml7ed076r9RrDxSa6MSz+H2h6ejLb2rxhoEtm/fOxaNCxVSSckDew57YHQACvrFS/Nfrf8v8hfVafLym9a20dnbxwRLtijUIi+gAwBXO227s6klFJIlpDCgAoAKAPM/CfijTLvw1p3k+HJb1Ft1jeeJrMozL8j8mYc70IIPIIwQDTuKxb1Txfomj6ebzUPDcllatJFCJLp7KJGeWTZGoZpwuXchQM5JYAZJpDLNxr9hYxNJP4RuoYYwS8kos1RADzkmbA6Z/H3oA0YJre4hjlTwnOUkUOvy2vQ9P+WtAD/3P/QpT/wDfNr/8doAP3P8A0KU//fNr/wDHaAKP9la5dyXUmmzjw9aSW/lRWr28RkimyT5wKl0YEbV2kZ4JyOjaxnTS1WpjUhU5vdlobPh6x1eyN6dV1CO/864aWARxeX5EZxti77sYzu4znoKU3F25VYdNSSfO7mxiszQWgYUAFABQAUAFAHlFp+zT4R022uYrCbWLJrkYmki1KQlwZzPINrEqA7vLnao+WaRV2hsUAbCfA7wrH4Qm8MLb3C6JK0Tm2S4ZCrRtuRlkUh1ZWCsGDAhlBB9QDF0f9l34faBYvZ6fpc9pbM2Qkd3KNn7qSH5fm+U7JXG4YP3TnKqQAep2lstpbRQKSyxoEBbqQBigCagAoAKACgAoAKACgAoAKACgAoA4A/G3w0YfFjRTS3M3hm9isL+CFA0hlkKqixrnMjMzbFjHzuw2qrFk3AGndfEK3hj1VYdNv7y80ydreexhWMTFgYTlCzhGBjuIpAA+SG243gpQBZ1PxvbaJLdpf2V/AsLxokkVubhZQyFt48rcUQbWUtKEAKnnBBIBneHvizofivWb7TNLTUJ7mxnS3uGl0+eGNHaKOTG90A3ASoGT76kNuUbSaAJbn4o6Lptle3eoLe2FvZTtDcyPZySpbgCNvMleIOkaFJo5NzlQqFi23Y+0Ap3Hxj0Ox8R6zpN7Ff2R0y4W0a5e1MkU8zRW8gSMx7juxd26gOFLtIFTcQcAG34e8d6N4o1C9stPmuHuLOaaCTz7KeBHaKQxy+W8iKsoVxtLRlgMjnkZAOgoAKACgAoAKACgAoAKAK8thbTxSRSQRvHIwZ1ZQQxGME+p4H5UAO+xwbg3kpkcg7Rx824/qAfrQA06fatIZDbxNISGLlASSBgEnuQCRn3oAclnBHKJEhRHC7Qyrg444+nA/IUALHawxMGSJFIzghQMZOT+ZA/KgBPscGxl8lNrDDDb14xz+HFADxEinIUA8849eTQA+gAoAKACgAoAKACgAoAKACgAoAKACgAoAKACgAoAKACgAoAKACgAoAKACgAoAKACgAoAKACgAoAKACgAoAKACgAoAKACgAoAKACgAoAKACgAoAKACgAoAKACgAoAKACgAoAKACgAoAKACgAoAKACgAoAKACgAoAKACgAoAKACgAoAKACgAoAKACgAoAKACgAoAKACgAoAKACgAoAKACgAoAKACgAoAKACgAoAKACgAoAKACgAoAKACgAoAKACgAoAKACgAoAKACgAoAKACgAoAKACgAoAKACgAoAKACgAoAKACgAoAKACgAoAKACgAoAKACgAoAKACgAoAKACgAoAKACgAoAKACgAoAKACgAoAKACgAoAKACgAoAKACgAoAKACgAoAKACgAoAKACgAoAKACgAoAKACgAoAKACgAoAKACgAoAKACgAoA//9k=","timing":4624,"timestamp":8.650057817898001E12},{"data":"/9j/4AAQSkZJRgABAQAAAQABAAD/2wCEAAMCAgMCAgMDAwMEAwMEBQgFBQQEBQoHBwYIDAoMDAsKCwsNDhIQDQ4RDgsLEBYQERMUFRUVDA8XGBYUGBIUFRQBAwQEBQQFCQUFCRQNCw0UFBQUFBQUFBQUFBQUFBQUFBQUFBQUFBQUFBQUFBQUFBQUFBQUFBQUFBQUFBQUFBQUFP/AABEIANUAeAMBEQACEQEDEQH/xAGiAAABBQEBAQEBAQAAAAAAAAAAAQIDBAUGBwgJCgsQAAIBAwMCBAMFBQQEAAABfQECAwAEEQUSITFBBhNRYQcicRQygZGhCCNCscEVUtHwJDNicoIJChYXGBkaJSYnKCkqNDU2Nzg5OkNERUZHSElKU1RVVldYWVpjZGVmZ2hpanN0dXZ3eHl6g4SFhoeIiYqSk5SVlpeYmZqio6Slpqeoqaqys7S1tre4ubrCw8TFxsfIycrS09TV1tfY2drh4uPk5ebn6Onq8fLz9PX29/j5+gEAAwEBAQEBAQEBAQAAAAAAAAECAwQFBgcICQoLEQACAQIEBAMEBwUEBAABAncAAQIDEQQFITEGEkFRB2FxEyIygQgUQpGhscEJIzNS8BVictEKFiQ04SXxFxgZGiYnKCkqNTY3ODk6Q0RFRkdISUpTVFVWV1hZWmNkZWZnaGlqc3R1dnd4eXqCg4SFhoeIiYqSk5SVlpeYmZqio6Slpqeoqaqys7S1tre4ubrCw8TFxsfIycrS09TV1tfY2dri4+Tl5ufo6ery8/T19vf4+fr/2gAMAwEAAhEDEQA/AP0bk8LeMEuh9l8ZJFaC8SXyp9KjlcWyxQKYA+4cs8cz+YwYjz8Y+RSQDrtMt57TTrWG5unvriOJEkuXRUaVgoBcqoABJycAYGeKALVABQAUAFABQAUAFABQAUAFABQAUAFABQAUAFABQAUAFABQAUAFABQAUAFABQAUAFABQAUAFABQAUAFABQAUAFABQAUAFABQAUAFABQAUAFABQAUAFABQAUAFABQAUAFABQAUAFACZ5xQAZGcd6AFoAKACgAoAKACgAoAKACgAoAKACgAoA8AbVfiFqEGl3Wja9oL2kFwbHVBNfwzbbgSxCKFJAD+9kHyOrcgynbuOwgA7zwHq+q2WrXll4h1fTrqG7mCaTIs8azzPGji4hMSjG6MxliQxOTICsYQAgHftOoYr1cLu2jrj6daAATI2MMDkkZBHUHH8xQAi3CMMgjGCScg4x1H1oAZp9/b6rYW97ZzR3NpcRrLDPC4dJEYZVlYEgggggg4INAFigAoAKACgAoAKACgAoAKAOF1j4PeEvFt/omq6npZvL/RpvtGmXM0syyWT/ALrJjywKZMEeQMA/N2dsgDdG+B3grw9pVrYadoUFrHaQS29rOjN9ptY5FdXWG4z5sWRI4Gxxt3HbigB+ifBfwj4c059O03TGtdMa8hvxYLdTm3ininSeIxRlysSrJGjbEAU4AIIoAst8JfC5Piwpp8kLeKgo1d4LyeJ7jClRhlcGP5SR8hXrQBj3v7O/w+1O4vJ73w5BdyXieXcCeWWRJB9qN2cozlcm4YyFsZJOCSOKAO60PRrTw5oun6Tp8XkWFhbx2tvFuLbI0UKq5YknAAGSSaAL1ABQAUAFABQAUAFABQAUAFABQAUAFABQAUAFABQAUAFABQAUAFABQAUAJuoFfWwbqAuAOaBi0AFABQAUAFABQAUAFABQAUAFABQByaS6/f6Wk1hPZf6RCjQTzRO/UZDsoZCQwK/LwRzyeldj+rNt6nn2xe2hXv8A/hODph+xHRV1EeWy/aVlMX3Y/MU7efvGXB9FTI5JEr6u90waxS2aNfTU8Qf27eG9fTv7H2D7MsMb/aC2TkuSduMbcYHr0xgxP2XKuS9zal7fm/ebG7WB1BQAUARiZec4XHXJppNkOaWjYvmqDjIz9aLMHOK6jftCEkBlJXBIz0H+Qfyos+qDnjrZiC6jP8QHtmnyvsQqsHrckVg6gggg9xSasap31Q6kMKACgAoA8ttfEXirw3YQWVxYJKIFENuLKwe4Msa+UiFmMyBGJlAwQANrMSEBau14eLfuzT+Vv8zzFi3b3qbXzv8AohsvxI15bS9mi02/ma0PMI8OTK8yllCmPdcBTkMGwSCAGyBg1Twm3vrXzGsZ/wBO39x0XhvVvEuvSasJVt9LWyvXtI/tWmyD7Qqqh81D5/KEsQD329jkDmqU+TlfNe6vp0v09TrpVOe6tazsbX2XX/8AoJ6b/wCC6T/4/WJuH2XX/wDoJ6b/AOC6T/4/QAfZdf8A+gnpv/guk/8Aj9AFQ+EoL+++26wUvbuPasfl+ZHCoDBlYRF2UOCPv9ccdK2hVnCPKmc86EJy5mMPw80JnspPs03m2f8AqZftMvmAbGQqW3bmUhjlWJBOGIyAar6xU7kfVqbdyS08CaPY209rBahLSaaO4aDcxVXRlZNoJ+VVKKQq4A7Dml7ed076r9RrDxSa6MSz+H2h6ejLb2rxhoEtm/fOxaNCxVSSckDew57YHQACvrFS/Nfrf8v8hfVafLym9a20dnbxwRLtijUIi+gAwBXO227s6klFJIlpDCgAoAKAPM/CfijTLvw1p3k+HJb1Ft1jeeJrMozL8j8mYc70IIPIIwQDTuKxb1Txfomj6ebzUPDcllatJFCJLp7KJGeWTZGoZpwuXchQM5JYAZJpDLNxr9hYxNJP4RuoYYwS8kos1RADzkmbA6Z/H3oA0YJre4hjlTwnOUkUOvy2vQ9P+WtAD/3P/QpT/wDfNr/8doAP3P8A0KU//fNr/wDHaAKP9la5dyXUmmzjw9aSW/lRWr28RkimyT5wKl0YEbV2kZ4JyOjaxnTS1WpjUhU5vdlobPh6x1eyN6dV1CO/864aWARxeX5EZxti77sYzu4znoKU3F25VYdNSSfO7mxiszQWgYUAFABQAUAFAHlFp+zT4R022uYrCbWLJrkYmki1KQlwZzPINrEqA7vLnao+WaRV2hsUAbCfA7wrH4Qm8MLb3C6JK0Tm2S4ZCrRtuRlkUh1ZWCsGDAhlBB9QDF0f9l34faBYvZ6fpc9pbM2Qkd3KNn7qSH5fm+U7JXG4YP3TnKqQAep2lstpbRQKSyxoEBbqQBigCagAoAKACgAoAKACgAoAKACgAoA4A/G3w0YfFjRTS3M3hm9isL+CFA0hlkKqixrnMjMzbFjHzuw2qrFk3AGndfEK3hj1VYdNv7y80ydreexhWMTFgYTlCzhGBjuIpAA+SG243gpQBZ1PxvbaJLdpf2V/AsLxokkVubhZQyFt48rcUQbWUtKEAKnnBBIBneHvizofivWb7TNLTUJ7mxnS3uGl0+eGNHaKOTG90A3ASoGT76kNuUbSaAJbn4o6Lptle3eoLe2FvZTtDcyPZySpbgCNvMleIOkaFJo5NzlQqFi23Y+0Ap3Hxj0Ox8R6zpN7Ff2R0y4W0a5e1MkU8zRW8gSMx7juxd26gOFLtIFTcQcAG34e8d6N4o1C9stPmuHuLOaaCTz7KeBHaKQxy+W8iKsoVxtLRlgMjnkZAOgoAKACgAoAKACgAoAKAK8thbTxSRSQRvHIwZ1ZQQxGME+p4H5UAO+xwbg3kpkcg7Rx824/qAfrQA06fatIZDbxNISGLlASSBgEnuQCRn3oAclnBHKJEhRHC7Qyrg444+nA/IUALHawxMGSJFIzghQMZOT+ZA/KgBPscGxl8lNrDDDb14xz+HFADxEinIUA8849eTQA+gAoAKACgAoAKACgAoAKACgAoAKACgAoAKACgAoAKACgAoAKACgAoAKACgAoAKACgAoAKACgAoAKACgAoAKACgAoAKACgAoAKACgAoAKACgAoAKACgAoAKACgAoAKACgAoAKACgAoAKACgAoAKACgAoAKACgAoAKACgAoAKACgAoAKACgAoAKACgAoAKACgAoAKACgAoAKACgAoAKACgAoAKACgAoAKACgAoAKACgAoAKACgAoAKACgAoAKACgAoAKACgAoAKACgAoAKACgAoAKACgAoAKACgAoAKACgAoAKACgAoAKACgAoAKACgAoAKACgAoAKACgAoAKACgAoAKACgAoAKACgAoAKACgAoAKACgAoAKACgAoAKACgAoAKACgAoAKACgAoAKACgAoAKACgAoAKACgAoAKACgAoAKACgAoAKACgAoA//9k=","timing":5285,"timestamp":8.650058478497999E12},{"data":"/9j/4AAQSkZJRgABAQAAAQABAAD/2wCEAAMCAgMCAgMDAwMEAwMEBQgFBQQEBQoHBwYIDAoMDAsKCwsNDhIQDQ4RDgsLEBYQERMUFRUVDA8XGBYUGBIUFRQBAwQEBQQFCQUFCRQNCw0UFBQUFBQUFBQUFBQUFBQUFBQUFBQUFBQUFBQUFBQUFBQUFBQUFBQUFBQUFBQUFBQUFP/AABEIANUAeAMBEQACEQEDEQH/xAGiAAABBQEBAQEBAQAAAAAAAAAAAQIDBAUGBwgJCgsQAAIBAwMCBAMFBQQEAAABfQECAwAEEQUSITFBBhNRYQcicRQygZGhCCNCscEVUtHwJDNicoIJChYXGBkaJSYnKCkqNDU2Nzg5OkNERUZHSElKU1RVVldYWVpjZGVmZ2hpanN0dXZ3eHl6g4SFhoeIiYqSk5SVlpeYmZqio6Slpqeoqaqys7S1tre4ubrCw8TFxsfIycrS09TV1tfY2drh4uPk5ebn6Onq8fLz9PX29/j5+gEAAwEBAQEBAQEBAQAAAAAAAAECAwQFBgcICQoLEQACAQIEBAMEBwUEBAABAncAAQIDEQQFITEGEkFRB2FxEyIygQgUQpGhscEJIzNS8BVictEKFiQ04SXxFxgZGiYnKCkqNTY3ODk6Q0RFRkdISUpTVFVWV1hZWmNkZWZnaGlqc3R1dnd4eXqCg4SFhoeIiYqSk5SVlpeYmZqio6Slpqeoqaqys7S1tre4ubrCw8TFxsfIycrS09TV1tfY2dri4+Tl5ufo6ery8/T19vf4+fr/2gAMAwEAAhEDEQA/APh3wzoB168ZWcxwRAF2HXnoB78H8qANnXvA0dlYvc2csjmIFnWUg5XuRgDpQBxtABQAUAFABQAUAFABQAUAFAGhoWktrWpR2ytsXBZ3xnaB/kD8aAOp1TwFBFYSSWs8pmjUttkwQ2BnAwOKAOGoA6Hwfr8WiXcq3CnyJsbpF5KEZxx6c0AbviDxnYy6dNBaMbh5kMZ+UqFBGCeQKAOCOSaADFABigAxQAYoAMUAGKADFABigAxQBreGNXTRdVSaVS0LKUfHUA9x+VAHX6n4205bKYW7tPMylVQIwwSO5IH6UAecgYAoA3vsEH/PMUAH2CD/AJ5igA+wQf8APMUAH2CD/nmKAD7BB/zzFAB9gg/55igA+wQf88xQAfYIP+eYoAPsEH/PMUAH2CD/AJ5igA+wQf8APMUAH2CD/nmKAD7BB/zzFAB9gg/55igA+wQf88xQBYoAKACgAoAKACgAoAKACgAoAKACgAoAKACgAoAKACgAoAKACgAoAKACgAoAKACgAoAKACgAoAKACgAoAKACgAoAKACgAoAKACgAoAKACgAoAKACgAoAKACgAoAKACgAoAKACgAoAKACgAoAKACgAoAKACgAoAKACgAoAKACgAoAKACgAoAKACgAoAKACgAoAKACgAoAKACgAoAKACgAoAKACgAoAKACgAoAKACgAoAKACgAoAKACgAoAKACgAoAKACgAoAKACgAoAKACgAoAKACgBUKh13DK55A9KAOjNh4P7a7rZ/7gsP/AMl0AH2Dwh/0HNb/APBND/8AJdAB9g8If9BzW/8AwTQ//JdAB9g8If8AQc1v/wAE0P8A8l0AH2Dwh/0HNb/8E0P/AMl0AH2Dwh/0HNb/APBND/8AJdAB9g8If9BzW/8AwTQ//JdAB9g8If8AQc1v/wAE0P8A8l0AH2Dwh/0HNb/8E0P/AMl0AH2Dwh/0HNb/APBND/8AJdAB9g8If9BzW/8AwTQ//JdAB9g8If8AQc1v/wAE0P8A8l0AAsPB/fXNb/8ABND/APJdAGDerbrdyraSSS2wYiOSaMRu69iyhmCk9cBjj1NAENABQAUAFABQAUAFABQAUAFABQAUAFABQAUAFABQAUAFABQAUAFABQAUAFABQAUAFABQAUAIeQe1ACfN7UAGG9qADDe1ABhvagAw3tQAYb2oAMN7UAGG9qADDe1ABhvagAw3tQAYb2oAPm9qAFGcc9aAFoA3tM8PW1/YQzvJMjODkIwx1PtQBa/4RO0/57XH/fS//E0AH/CJ2n/Pa4/76X/4mgDI1rTI9MljSF3bepJMmCf0AoA1z4TtP+es4+jLj+VAB/widp/z2uP++l/+JoAP+ETtP+e1x/30v/xNAHP6narY38tujMyJjBY88gH+tAFegAoAKACgAoAKACgDd0nxFb2NhFBJDMXTOSgXHX60AW/+EttP+eFz+S/40AH/AAltp/zwufyX/GgDH1zVI9TljeFHQKpGJAOv4GgDYHi20xzBcZ74C/40AH/CW2n/ADwufyX/ABoAP+EttP8Anhc/kv8AjQBgandJfahLcRqyo+MB8Z6Af0oArUAFABQAUAFABQAUAFABmgAzQAUAFABmgAzQAUAFABQAUAFABQAUAFABQAUAFABQAUAFABQAUAFABQAUAFABQAUAFABQAUAFABQAUAFABQAUAFABQAUAFABQAUAFABQAUAFABQAUAFABQAUAFABQAUAFABQAUAFABQAUAFABQAUAFABQAUAFABQAUAFABQAUAFABQAUAFABQAUAFABQAUAFABQAUAFABQAUAFABQAUAFABQAUAFABQAUAFABQAUAFABQAUAFABQAUAFABQAUAFABQAUAFABQAUAFABQAUAZP9sv/AM8l/OgA/tl/+eS/nQAf2y//ADyX86AD+2X/AOeS/nQAf2y//PJfzoAP7Zf/AJ5L+dAB/bL/APPJfzoAP7Zf/nkv50AH9sv/AM8l/OgA/tl/+eS/nQAf2y//ADyX86AD+2X/AOeS/nQAf2y//PJfzoAP7Zf/AJ5L+dAB/bL/APPJfzoAz6ACgAoAKACgAoAKACgAoAKACgAoAKACgAoA/wD/2Q==","timing":5945,"timestamp":8650059139098},{"data":"/9j/4AAQSkZJRgABAQAAAQABAAD/2wCEAAMCAgMCAgMDAwMEAwMEBQgFBQQEBQoHBwYIDAoMDAsKCwsNDhIQDQ4RDgsLEBYQERMUFRUVDA8XGBYUGBIUFRQBAwQEBQQFCQUFCRQNCw0UFBQUFBQUFBQUFBQUFBQUFBQUFBQUFBQUFBQUFBQUFBQUFBQUFBQUFBQUFBQUFBQUFP/AABEIANUAeAMBEQACEQEDEQH/xAGiAAABBQEBAQEBAQAAAAAAAAAAAQIDBAUGBwgJCgsQAAIBAwMCBAMFBQQEAAABfQECAwAEEQUSITFBBhNRYQcicRQygZGhCCNCscEVUtHwJDNicoIJChYXGBkaJSYnKCkqNDU2Nzg5OkNERUZHSElKU1RVVldYWVpjZGVmZ2hpanN0dXZ3eHl6g4SFhoeIiYqSk5SVlpeYmZqio6Slpqeoqaqys7S1tre4ubrCw8TFxsfIycrS09TV1tfY2drh4uPk5ebn6Onq8fLz9PX29/j5+gEAAwEBAQEBAQEBAQAAAAAAAAECAwQFBgcICQoLEQACAQIEBAMEBwUEBAABAncAAQIDEQQFITEGEkFRB2FxEyIygQgUQpGhscEJIzNS8BVictEKFiQ04SXxFxgZGiYnKCkqNTY3ODk6Q0RFRkdISUpTVFVWV1hZWmNkZWZnaGlqc3R1dnd4eXqCg4SFhoeIiYqSk5SVlpeYmZqio6Slpqeoqaqys7S1tre4ubrCw8TFxsfIycrS09TV1tfY2dri4+Tl5ufo6ery8/T19vf4+fr/2gAMAwEAAhEDEQA/APgL9KAL2qaDqeiLE1/p1zZpI5jDTRkDdgnGemcAn8KAKNABQB0Wm/DzxFrPh2PW9P0m4v8AT5Ls2KNagSuZgYQV8tSXAzcQKGK7S0qKCWOKAJYvhh4sn0e41WPQL19Pt7Sa+lnEfypDFOlvKx7/ACSyIrDqu9SRg5oArSeAPE0M1rG2gah5l3dy2FtEsDGWW5iVDNCIwN29PNjyMZG6gCa1+G3iq+0zT9QtfDup3dpqBuPsr29q0hmEG3zmCqCdq7wC2MZDDOVbABn3/hbWNLsftl3pd5b2vmPC07wkIkisUaNz/C4YYKnB6eooAuz/AA68V215NaTeGNZiuoXijlgfT5Q8bSttiVlK5BcghQfvEYGaAII/BeuM92j6VdW72v2gSi5j8na0ADTp8+PnQMpZRyMjI5FAGLQAUAFABQAY9qAOq8VfFDxZ4206Kw13X9Q1SzilEyQXVw8iK4DAEBiccO350Acrg0AGDQB2+g/FnVvD3glvCsFlYTaVNePcXYmSQveRO1q72shDjETPZW7ZQLICnDgHFAHQW37Sfiyy0DUdHt4rGO21Bt93IwmkmmZLtry3YyPKx3QzvI6kcvvIlMoAAAOWuPiTf3njCPXrmw0+5iitWsYNIlRzZQWxthbCJF37xiMLiTf5hZd5csSxAOt+I/7TPi34nnVX1O3021m1OSWW6lsI5Y2cubcADMh2hI7S3iXbj5Y8tudmdgClrn7QXibxB4X1jQbm300WWqtdNcOkLiTM95a3bkEuRkSWcYGQflZ85JDAA6zxP+194g1vx/ceJ7Hw3oembdW/tSwtnjkme1H9pHUWieXepmDz7WfcMDB8oQh2UgHAt8ZvEMvhqx0OUW0lpZ6fLpkbFXUm3cSbVYBgrMjXF0yuV3A3EgJK7VUA4PHtQAYNABg0AGKAN46bATnyxQAn9mwf881oAP7Ng/55rQAf2bB/zzWgA/s2D/nmtAB/ZsH/ADzWgA/s2D/nmtAB/ZsH/PNaAD+zYP8AnmtAB/ZsH/PNaAD+zYP+ea0AH9mwf881oAP7Ng/55rQAf2bB/wA81oABptvn/VigC3QAUAFABQAUAFABQAUAFABQAUAFABQAUAFABQAUAFABQAUAFABQAUAFABQAUAFABQAUAFABQAUAFABQAUAFABQAUAFABQAUAFABQAUAFABQAUAFABQAUAFABQAUAFABQAUAFABQAUAFABQAUAFABQAUAFABQAUAFABQAUAFABQAUAFABQAUAFABQAUAFABQAUAFABQAUAFABQAUAFABQAUAFABQAUAFABQAUAFABQAUAFABQAUAFABQAUAFABQAUAFABQAUAFABQAUAFABQAUAFABQAUAFAHW6N8L9b8Q6XDeaatveNKkbpapMBMwaS4T5VONxBtpCQpJwQcYDFQCppvgHWNYeySyhjuJbyc20EYlCs8oUMV+bG35WQ5OANwyRzgAYngq9+0xRzz2lpC00kMlzNNiOEoQHLkAkAZzwDnHGTgEAwCMGgAoAKACgDU8K+Hrjxb4m0nQ7R4orrUruKzieYkIryOFUsQCcZIzgE47GgDuvif8DLr4c6BBrcOrwaxpT6hNpUkiqsciXMTOG+VXcFG8tipyGxjcq5FAHmNABQAUAFABQAUATwtahcyxTSOepWYKPy2n+dAD/Msf8An3uP/Ahf/iKADzLH/n3uP/Ahf/iKADzLH/n3uP8AwIX/AOIoAPMsf+fe4/8AAhf/AIigA8yx/wCfe4/8CF/+IoAPMsf+fe4/8CF/+IoAmtL+3sLuG5tkvLe4gdZYpoboI6OpyrKwTIIIBBFAGn4i8a3XilIV1BppFhLvHFGYoYhI2N8hSOJVLsQu5iNzYGScUAc5QAUAFABQAUAFABQAUAFABQAUAFABQAenvxQAgORxQAtABQAUAFABQAUAdhCvg+78LW0LyyWuuJbXEsk4Emxpcv5MR4cNnEZ4WNVG/LsWAQAs6rpHgRrCVtO128+2h5GhUxGSJkDvsVsqpy0YjIZSRuZgwTAJALkdr8PNOs724D3es3cUcEkVkbmRFmY3Q82NX+zIUIgQ/M4x+9OASnIB51QAUAFABQBseDNJtdf8YaHpd7ObWyvr6C2nnVgDHG8iqzZPHAJPPFAHr/7Unwx8JfD+Xw5ceFndBem6intWuIphGsbr5bAx9ismAWyzBAW+ctkA8IoAKACgAoAKACgBSzMqjJAHpQAmG9W/M0AGG9W/M0AByO7fmaADk92/M0AGG9W/M0AGG9W/M0AHI7t+ZoAQ5P8AE3fv7UALQAUAFABQAUAFAFDVbqS2EflttyTnigDW8OeC/FXi5NLbSLQ3f9o3j2FuPNiTzJlMClBuYYJa6gAJwCXGCcHABpN8KPHiWqzyaUyJ5d/MxM8R2pZLuuSQGJGza4PrgYyeKAOPsb+ea6jR3ypzkYHoaAJtUupbeSMRvtBBzwKAN9PAHi19B0fVzbxxWGsru06aa5hjFwfPe3wNzDpLGynOAuULEB1JAMzWND13QnmS8UQywxJM6M8ZOxmwCMMc9VOByM84oAoadezT3G133Lg9qANSgAoAKACgAoAKACgClqVm92E2Y+XPU0APs73XtP06TT7XVbq30+R2le0iuXWF3MbRsxQHBJjd0JI5ViOhIoAfJqfiGZUWTWL2QJG0KbrqQ7EaIQsq88AxKsZA/gAXpxQBRs9OlguUdiu0Z6H2NAE2pWUl06FCvygg5NAF7T9f8U6RYTWNj4g1Kysprc2kttbX0scckBZ2MTKCAULSSHaeMuxx8xyAQapqPiDXM/2lq13qJIYZu7l5eDI0jD5ieC7s59WYnqc0AVbCwltp97lcYI4NAGlQAUAFABQAUAFABQAUAFABQAUAFABQAUAFABQAUAFABQAUAFABQAUAFABQAUAFABQAUAFABQAUAFABQAUAFABQAUAFABQAUAFABQAUAFABQAUAFABQAUAFABQAUAFABQAUAFABQAUAFABQAUAFABQAUAFABQAUAFABQAUAFABQAUAFABQAUAFABQAUAFABQAUAFABQAUAFABQAUAFABQAUAFABQAUAFABQAUAFABQAUAFABQAUAFABQAUAFABQBFDaa3cXNvbxaLeS3FyI2ghjt3Z5Q5AQqoGWDEgDHXNAFjU9E8SaLIkeo+HtQsJHhFwsd1aSRsYi/liQBgDtL/ID03AjrxQBWlttZhurm1k0e7S6tTKJ4DA4kiMYcy7lxkbBHJuz02NnGDQA6Wx12GJpX0O9WJYUuGkNtJtETSCNZM4xtLsEDdCxA6mgCiNQuiHP2U/IcNwfl4J5/AE/QZoAWe+u7YZltGjGSMspAyCQf1Vh9QfSgCH+2n/55r+dAB/bT/8APNfzoAP7af8A55r+dAB/bT/881/OgA/tp/8Anmv50AH9tP8A881/OgA/tp/+ea/nQAf20/8AzzX86AD+2n/55r+dAF+/+Imv6lq0d9e3cV9e26RwJcXNpDI4WMoyHJT7w2Iu7qUXYSU+WgB2r+Pdc1e2s9PvrxLm1stscKG3iXaBLcTAAqoOPMup2I6HeBjCoFAIbTxrrGnzWuoW935UpEsUSiJNsSyIUcBdu0ArxhQAO3ODQBpW3xS8WDUpb9dalN49pLpyyyRI/k28iMjRxKVxCu2RwBGF2hjt25oAp6L8UPEWm395c298DcXlvBaXLXMMc4mhtzFJDGyupBANvEMEEEAhgQSCAUb/AMQ6neacdOuLrzbMXb3Rj2KMzFVVnzjPIA4zjj1NAGXQAUAFABQAUAFABQAUAFAH/9k=","timing":6606,"timestamp":8650059799698}]}},"score":100,"weight":0,"id":"screenshot-thumbnails"},{"result":{"displayValue":"2,800 ms","score":true,"helpText":"Consider reducing the time spent parsing, compiling and executing JS.You may find delivering smaller JS payloads helps with this.","rawValue":2799.5130100250244,"extendedInfo":{"value":{"Update Layer Tree":108.97500228881836,"Layout":432.32500076293945,"Recalculate Style":503.69400215148926,"Evaluate Script":1296.8040027618408,"Animation Frame Fired":8.261001586914062,"Minor GC":82.69900131225586,"Run Microtasks":63.02199935913086,"Parse HTML":62.446001052856445,"Paint":41.383995056152344,"Compile Script":44.90999984741211,"Composite Layers":77.99400329589844,"Parse Stylesheet":76.9990005493164}},"name":"mainthread-work-breakdown","description":"Main thread work breakdown","scoringMode":"binary","informative":true,"details":{"itemHeaders":[{"itemType":"text","text":"Category","type":"text"},{"itemType":"text","text":"Work","type":"text"},{"itemType":"text","text":"Time spent","type":"text"}],"header":"View Details","type":"table","items":[[{"text":"Script Evaluation","type":"text"},{"text":"Evaluate Script","type":"text"},{"text":"1,297 ms","type":"text"}],[{"text":"Script Evaluation","type":"text"},{"text":"Run Microtasks","type":"text"},{"text":"63 ms","type":"text"}],[{"text":"Script Evaluation","type":"text"},{"text":"Animation Frame Fired","type":"text"},{"text":"8 ms","type":"text"}],[{"text":"Style & Layout","type":"text"},{"text":"Recalculate Style","type":"text"},{"text":"504 ms","type":"text"}],[{"text":"Style & Layout","type":"text"},{"text":"Layout","type":"text"},{"text":"432 ms","type":"text"}],[{"text":"Compositing","type":"text"},{"text":"Update Layer Tree","type":"text"},{"text":"109 ms","type":"text"}],[{"text":"Compositing","type":"text"},{"text":"Composite Layers","type":"text"},{"text":"78 ms","type":"text"}],[{"text":"Parsing HTML & CSS","type":"text"},{"text":"Parse Stylesheet","type":"text"},{"text":"77 ms","type":"text"}],[{"text":"Parsing HTML & CSS","type":"text"},{"text":"Parse HTML","type":"text"},{"text":"62 ms","type":"text"}],[{"text":"Garbage collection","type":"text"},{"text":"Minor GC","type":"text"},{"text":"83 ms","type":"text"}],[{"text":"Script Parsing & Compile","type":"text"},{"text":"Compile Script","type":"text"},{"text":"45 ms","type":"text"}],[{"text":"Paint","type":"text"},{"text":"Paint","type":"text"},{"text":"41 ms","type":"text"}]]}},"score":100,"weight":0,"id":"mainthread-work-breakdown","group":"perf-info"},{"result":{"displayValue":"","score":false,"helpText":"Leverage the font-display CSS feature to ensure text is user-visible while webfonts are loading. [Learn more](https://developers.google.com/web/updates/2016/02/font-display).","rawValue":false,"name":"font-display","description":"Avoid invisible text while webfonts are loading","scoringMode":"binary","details":{"itemHeaders":[{"itemType":"url","text":"Font URL","type":"text"},{"itemType":"text","text":"Font download time","type":"text"}],"header":"View Details","type":"table","items":[[{"text":"https://fonts.gstatic.com/s/roboto/v18/KFOmCnqEu92Fr1Mu4mxK.woff2","type":"url"},{"text":"884 ms","type":"text"}],[{"text":"https://fonts.gstatic.com/s/materialicons/v37/flUhRq6tzZclQEJ-Vdg-IuiaDsNc.woff2","type":"url"},{"text":"1,066 ms","type":"text"}],[{"text":"https://fonts.gstatic.com/s/roboto/v18/KFOlCnqEu92Fr1MmEU9fBBc4.woff2","type":"url"},{"text":"875 ms","type":"text"}]]}},"score":0,"weight":0,"id":"font-display","group":"perf-info"}]},{"score":30,"name":"Progressive Web App","weight":1,"description":"These checks validate the aspects of a Progressive Web App, as specified by the baseline [PWA Checklist](https://developers.google.com/web/progressive-web-apps/checklist).","id":"pwa","audits":[{"result":{"displayValue":"","score":false,"helpText":"The service worker is the technology that enables your app to use many Progressive Web App features, such as offline, add to homescreen, and push notifications. [Learn more](https://developers.google.com/web/tools/lighthouse/audits/registered-service-worker).","rawValue":false,"name":"service-worker","description":"Does not register a service worker","scoringMode":"binary"},"score":0,"weight":1,"id":"service-worker"},{"result":{"displayValue":"","score":false,"helpText":"If you're building a Progressive Web App, consider using a service worker so that your app can work offline. [Learn more](https://developers.google.com/web/tools/lighthouse/audits/http-200-when-offline).","rawValue":false,"name":"works-offline","description":"Does not respond with a 200 when offline","scoringMode":"binary"},"score":0,"weight":1,"id":"works-offline"},{"result":{"displayValue":"","score":false,"debugString":"The page body should render some content if its scripts are not available.","helpText":"Your app should display some content when JavaScript is disabled, even if it's just a warning to the user that JavaScript is required to use the app. [Learn more](https://developers.google.com/web/tools/lighthouse/audits/no-js).","rawValue":false,"name":"without-javascript","description":"Does not provide fallback content when JavaScript is not available","scoringMode":"binary"},"score":0,"weight":1,"id":"without-javascript"},{"result":{"displayValue":"","score":false,"helpText":"If you've already set up HTTPS, make sure that you redirect all HTTP traffic to HTTPS. [Learn more](https://developers.google.com/web/tools/lighthouse/audits/http-redirects-to-https).","rawValue":false,"name":"redirects-http","description":"Does not redirect HTTP traffic to HTTPS","scoringMode":"binary"},"score":0,"weight":1,"id":"redirects-http"},{"result":{"displayValue":"","score":true,"helpText":"A fast page load over a 3G network ensures a good mobile user experience. [Learn more](https://developers.google.com/web/tools/lighthouse/audits/fast-3g).","rawValue":true,"extendedInfo":{"value":{"isFast":true,"timeToFirstInteractive":6460.149,"firstRequestLatencies":[{"latency":"566.29","url":"http://web/"},{"latency":"579.72","url":"https://cdnjs.cloudflare.com/ajax/libs/Chart.js/2.7.1/Chart.min.js"},{"latency":"571.48","url":"https://unpkg.com/vue-chartjs/dist/vue-chartjs.min.js"},{"latency":"578.93","url":"https://fonts.gstatic.com/s/roboto/v18/KFOmCnqEu92Fr1Mu4mxK.woff2"}],"areLatenciesAll3G":true}},"name":"load-fast-enough-for-pwa","description":"Page load is fast enough on 3G","scoringMode":"binary"},"score":100,"weight":1,"id":"load-fast-enough-for-pwa"},{"result":{"displayValue":"","score":false,"debugString":"Failures: No manifest was fetched, Site does not register a service worker, Service worker does not successfully serve the manifest's start_url, No usable web app manifest found on page.","helpText":"Browsers can proactively prompt users to add your app to their homescreen, which can lead to higher engagement. [Learn more](https://developers.google.com/web/tools/lighthouse/audits/install-prompt).","rawValue":false,"extendedInfo":{"value":{"failures":["No manifest was fetched","Site does not register a service worker","Service worker does not successfully serve the manifest's start_url","No usable web app manifest found on page"],"warnings":["No usable web app manifest found on page"],"manifestValues":{"parseFailureReason":"No manifest was fetched","allChecks":[],"isParseFailure":true}}},"name":"webapp-install-banner","description":"User will not be prompted to Install the Web App","scoringMode":"binary"},"score":0,"weight":1,"id":"webapp-install-banner"},{"result":{"displayValue":"","score":false,"debugString":"Failures: No manifest was fetched.","helpText":"A themed splash screen ensures a high-quality experience when users launch your app from their homescreens. [Learn more](https://developers.google.com/web/tools/lighthouse/audits/custom-splash-screen).","rawValue":false,"extendedInfo":{"value":{"failures":["No manifest was fetched"],"manifestValues":{"parseFailureReason":"No manifest was fetched","allChecks":[],"isParseFailure":true}}},"name":"splash-screen","description":"Is not configured for a custom splash screen","scoringMode":"binary"},"score":0,"weight":1,"id":"splash-screen"},{"result":{"displayValue":"","score":false,"debugString":"Failures: No manifest was fetched, No `<meta name=\"theme-color\">` tag found.","helpText":"The browser address bar can be themed to match your site. [Learn more](https://developers.google.com/web/tools/lighthouse/audits/address-bar).","rawValue":false,"extendedInfo":{"value":{"failures":["No manifest was fetched","No `<meta name=\"theme-color\">` tag found"],"themeColor":null,"manifestValues":{"parseFailureReason":"No manifest was fetched","allChecks":[],"isParseFailure":true}}},"name":"themed-omnibox","description":"Address bar does not match brand colors","scoringMode":"binary"},"score":0,"weight":1,"id":"themed-omnibox"},{"result":{"displayValue":"","score":true,"debugString":"","helpText":"Add a viewport meta tag to optimize your app for mobile screens. [Learn more](https://developers.google.com/web/tools/lighthouse/audits/has-viewport-meta-tag).","rawValue":true,"name":"viewport","description":"Has a `<meta name=\"viewport\">` tag with `width` or `initial-scale`","scoringMode":"binary"},"score":100,"weight":1,"id":"viewport"},{"result":{"displayValue":"","score":true,"debugString":"","helpText":"If the width of your app's content doesn't match the width of the viewport, your app might not be optimized for mobile screens. [Learn more](https://developers.google.com/web/tools/lighthouse/audits/content-sized-correctly-for-viewport).","rawValue":true,"name":"content-width","description":"Content is sized correctly for the viewport","scoringMode":"binary"},"score":100,"weight":1,"id":"content-width"},{"result":{"displayValue":"","score":false,"helpText":"To reach the most number of users, sites should work across every major browser. [Learn more](https://developers.google.com/web/progressive-web-apps/checklist#site-works-cross-browser).","rawValue":false,"name":"pwa-cross-browser","description":"Site works cross-browser","scoringMode":"binary","informative":true,"manual":true},"score":0,"weight":0,"id":"pwa-cross-browser","group":"manual-pwa-checks"},{"result":{"displayValue":"","score":false,"helpText":"Transitions should feel snappy as you tap around, even on a slow network, a key to perceived performance. [Learn more](https://developers.google.com/web/progressive-web-apps/checklist#page-transitions-dont-feel-like-they-block-on-the-network).","rawValue":false,"name":"pwa-page-transitions","description":"Page transitions don't feel like they block on the network","scoringMode":"binary","informative":true,"manual":true},"score":0,"weight":0,"id":"pwa-page-transitions","group":"manual-pwa-checks"},{"result":{"displayValue":"","score":false,"helpText":"Ensure individual pages are deep linkable via the URLs and that URLs are unique for the purpose of shareability on social media. [Learn more](https://developers.google.com/web/progressive-web-apps/checklist#each-page-has-a-url).","rawValue":false,"name":"pwa-each-page-has-url","description":"Each page has a URL","scoringMode":"binary","informative":true,"manual":true},"score":0,"weight":0,"id":"pwa-each-page-has-url","group":"manual-pwa-checks"}]},{"score":76.71232876712328,"name":"Accessibility","description":"These checks highlight opportunities to [improve the accessibility of your web app](https://developers.google.com/web/fundamentals/accessibility). Only a subset of accessibility issues can be automatically detected so manual testing is also encouraged.","id":"accessibility","audits":[{"result":{"displayValue":"","score":false,"helpText":"Access keys let users quickly focus a part of the page. For proper navigation, each access key must be unique. [Learn more](https://dequeuniversity.com/rules/axe/2.2/accesskeys?application=lighthouse).","rawValue":false,"name":"accesskeys","description":"`[accesskey]` values are not unique","scoringMode":"binary","informative":true,"notApplicable":true},"score":100,"weight":0,"id":"accesskeys","group":"a11y-correct-attributes"},{"result":{"displayValue":"","score":true,"helpText":"Each ARIA `role` supports a specific subset of `aria-*` attributes. Mismatching these invalidates the `aria-*` attributes. [Learn more](https://dequeuniversity.com/rules/axe/2.2/aria-allowed-attr?application=lighthouse).","rawValue":true,"extendedInfo":{},"name":"aria-allowed-attr","description":"`[aria-*]` attributes match their roles","scoringMode":"binary","details":{"header":{"text":"View failing elements","type":"text"},"type":"list","items":[]}},"score":100,"weight":3,"id":"aria-allowed-attr","group":"a11y-aria"},{"result":{"displayValue":"","score":false,"helpText":"Some ARIA roles have required attributes that describe the state of the element to screen readers. [Learn more](https://dequeuniversity.com/rules/axe/2.2/aria-required-attr?application=lighthouse).","rawValue":false,"name":"aria-required-attr","description":"`[role]`s do not have all required `[aria-*]` attributes","scoringMode":"binary","informative":true,"notApplicable":true},"score":100,"weight":0,"id":"aria-required-attr","group":"a11y-aria"},{"result":{"displayValue":"","score":false,"helpText":"Some ARIA parent roles must contain specific child roles to perform their intended accessibility functions. [Learn more](https://dequeuniversity.com/rules/axe/2.2/aria-required-children?application=lighthouse).","rawValue":false,"name":"aria-required-children","description":"Elements with `[role]` that require specific children `[role]`s, are missing.","scoringMode":"binary","informative":true,"notApplicable":true},"score":100,"weight":0,"id":"aria-required-children","group":"a11y-aria"},{"result":{"displayValue":"","score":false,"helpText":"Some ARIA child roles must be contained by specific parent roles to properly perform their intended accessibility functions. [Learn more](https://dequeuniversity.com/rules/axe/2.2/aria-required-parent?application=lighthouse).","rawValue":false,"name":"aria-required-parent","description":"`[role]`s are not contained by their required parent element","scoringMode":"binary","informative":true,"notApplicable":true},"score":100,"weight":0,"id":"aria-required-parent","group":"a11y-aria"},{"result":{"displayValue":"","score":false,"helpText":"ARIA roles must have valid values in order to perform their intended accessibility functions. [Learn more](https://dequeuniversity.com/rules/axe/2.2/aria-roles?application=lighthouse).","rawValue":false,"name":"aria-roles","description":"`[role]` values are not valid","scoringMode":"binary","informative":true,"notApplicable":true},"score":100,"weight":0,"id":"aria-roles","group":"a11y-aria"},{"result":{"displayValue":"","score":true,"helpText":"Assistive technologies, like screen readers, can't interpret ARIA attributes with invalid values. [Learn more](https://dequeuniversity.com/rules/axe/2.2/aria-valid-attr-value?application=lighthouse).","rawValue":true,"extendedInfo":{},"name":"aria-valid-attr-value","description":"`[aria-*]` attributes have valid values","scoringMode":"binary","details":{"header":{"text":"View failing elements","type":"text"},"type":"list","items":[]}},"score":100,"weight":2,"id":"aria-valid-attr-value","group":"a11y-aria"},{"result":{"displayValue":"","score":true,"helpText":"Assistive technologies, like screen readers, can't interpret ARIA attributes with invalid names. [Learn more](https://dequeuniversity.com/rules/axe/2.2/aria-valid-attr?application=lighthouse).","rawValue":true,"extendedInfo":{},"name":"aria-valid-attr","description":"`[aria-*]` attributes are valid and not misspelled","scoringMode":"binary","details":{"header":{"text":"View failing elements","type":"text"},"type":"list","items":[]}},"score":100,"weight":5,"id":"aria-valid-attr","group":"a11y-aria"},{"result":{"displayValue":"","score":false,"helpText":"Captions make audio elements usable for deaf or hearing-impaired users, providing critical information such as who is talking, what they're saying, and other non-speech information. [Learn more](https://dequeuniversity.com/rules/axe/2.2/audio-caption?application=lighthouse).","rawValue":false,"name":"audio-caption","description":"`<audio>` elements are missing a `<track>` element with `[kind=\"captions\"]`.","scoringMode":"binary","informative":true,"notApplicable":true},"score":100,"weight":0,"id":"audio-caption","group":"a11y-correct-attributes"},{"result":{"displayValue":"","score":false,"helpText":"When a button doesn't have an accessible name, screen readers announce it as \"button\", making it unusable for users who rely on screen readers. [Learn more](https://dequeuniversity.com/rules/axe/2.2/button-name?application=lighthouse).","rawValue":false,"extendedInfo":{"value":{"help":"Buttons must have discernible text","nodes":[{"failureSummary":"Fix all of the following:\n  Element is in tab order and does not have accessible text\n\nFix any of the following:\n  Element has a value attribute and the value attribute is empty\n  Element has no value attribute or the value attribute is empty\n  Element does not have inner text that is visible to screen readers\n  aria-label attribute does not exist or is empty\n  aria-labelledby attribute does not exist, references elements that do not exist or references elements that are empty or not visible\n  Element's default semantics were not overridden with role=\"presentation\"\n  Element's default semantics were not overridden with role=\"none\"","snippet":"<button type=\"button\" class=\"toolbar__side-icon btn btn--icon\">","path":"1,HTML,2,BODY,0,MAIN,0,DIV,1,DIV,2,NAV,0,DIV,0,BUTTON","impact":"critical","html":"<button type=\"button\" class=\"toolbar__side-icon btn btn--icon\"><div class=\"btn__content\"><i aria-hidden=\"true\" class=\"icon material-icons\">menu<\/i><\/div><\/button>","target":[".toolbar__side-icon"]},{"failureSummary":"Fix all of the following:\n  Element is in tab order and does not have accessible text\n\nFix any of the following:\n  Element has a value attribute and the value attribute is empty\n  Element has no value attribute or the value attribute is empty\n  Element does not have inner text that is visible to screen readers\n  aria-label attribute does not exist or is empty\n  aria-labelledby attribute does not exist, references elements that do not exist or references elements that are empty or not visible\n  Element's default semantics were not overridden with role=\"presentation\"\n  Element's default semantics were not overridden with role=\"none\"","snippet":"<button type=\"button\" class=\"btn btn--icon\">","path":"1,HTML,2,BODY,0,MAIN,0,DIV,1,DIV,2,NAV,0,DIV,4,SPAN,0,SPAN,0,BUTTON","impact":"critical","html":"<button type=\"button\" class=\"btn btn--icon\"><div class=\"btn__content\"><i aria-hidden=\"true\" class=\"icon fa fa-sign-out\"><\/i><\/div><\/button>","target":["span > .btn--icon"]}],"impact":"critical","description":"Ensures buttons have discernible text","helpUrl":"https://dequeuniversity.com/rules/axe/3.0/button-name?application=axeAPI","id":"button-name","tags":["cat.name-role-value","wcag2a","wcag412","section508","section508.22.a"]}},"name":"button-name","description":"Buttons do not have an accessible name","scoringMode":"binary","details":{"header":{"text":"View failing elements","type":"text"},"type":"list","items":[{"snippet":"<button type=\"button\" class=\"toolbar__side-icon btn btn--icon\">","path":"1,HTML,2,BODY,0,MAIN,0,DIV,1,DIV,2,NAV,0,DIV,0,BUTTON","selector":".toolbar__side-icon","type":"node"},{"snippet":"<button type=\"button\" class=\"btn btn--icon\">","path":"1,HTML,2,BODY,0,MAIN,0,DIV,1,DIV,2,NAV,0,DIV,4,SPAN,0,SPAN,0,BUTTON","selector":"span > .btn--icon","type":"node"}]}},"score":0,"weight":10,"id":"button-name","group":"a11y-element-names"},{"result":{"displayValue":"","score":true,"helpText":"Adding ways to bypass repetitive content lets keyboard users navigate the page more efficiently. [Learn more](https://dequeuniversity.com/rules/axe/2.2/bypass?application=lighthouse).","rawValue":true,"extendedInfo":{},"name":"bypass","description":"The page contains a heading, skip link, or landmark region","scoringMode":"binary","details":{"header":{"text":"View failing elements","type":"text"},"type":"list","items":[]}},"score":100,"weight":10,"id":"bypass","group":"a11y-describe-contents"},{"result":{"displayValue":"","score":true,"helpText":"Low-contrast text is difficult or impossible for many users to read. [Learn more](https://dequeuniversity.com/rules/axe/2.2/color-contrast?application=lighthouse).","rawValue":true,"extendedInfo":{},"name":"color-contrast","description":"Background and foreground colors have a sufficient contrast ratio","scoringMode":"binary","details":{"header":{"text":"View failing elements","type":"text"},"type":"list","items":[]}},"score":100,"weight":6,"id":"color-contrast","group":"a11y-color-contrast"},{"result":{"displayValue":"","score":false,"helpText":"When definition lists are not properly marked up, screen readers may produce confusing or inaccurate output. [Learn more](https://dequeuniversity.com/rules/axe/2.2/definition-list?application=lighthouse).","rawValue":false,"name":"definition-list","description":"`<dl>`'s do not contain only properly-ordered `<dt>` and `<dd>` groups, `<script>` or `<template>` elements.","scoringMode":"binary","informative":true,"notApplicable":true},"score":100,"weight":0,"id":"definition-list","group":"a11y-well-structured"},{"result":{"displayValue":"","score":false,"helpText":"Definition list items (`<dt>` and `<dd>`) must be wrapped in a parent `<dl>` element to ensure that screen readers can properly announce them. [Learn more](https://dequeuniversity.com/rules/axe/2.2/dlitem?application=lighthouse).","rawValue":false,"name":"dlitem","description":"Definition list items are not wrapped in `<dl>` elements","scoringMode":"binary","informative":true,"notApplicable":true},"score":100,"weight":0,"id":"dlitem","group":"a11y-well-structured"},{"result":{"displayValue":"","score":true,"helpText":"The title gives screen reader users an overview of the page, and search engine users rely on it heavily to determine if a page is relevant to their search. [Learn more](https://developers.google.com/web/tools/lighthouse/audits/title).","rawValue":true,"extendedInfo":{},"name":"document-title","description":"Document has a `<title>` element","scoringMode":"binary","details":{"header":{"text":"View failing elements","type":"text"},"type":"list","items":[]}},"score":100,"weight":2,"id":"document-title","group":"a11y-describe-contents"},{"result":{"displayValue":"","score":true,"helpText":"The value of an id attribute must be unique to prevent other instances from being overlooked by assistive technologies. [Learn more](https://dequeuniversity.com/rules/axe/2.2/duplicate-id?application=lighthouse).","rawValue":true,"extendedInfo":{},"name":"duplicate-id","description":"`[id]` attributes on the page are unique","scoringMode":"binary","details":{"header":{"text":"View failing elements","type":"text"},"type":"list","items":[]}},"score":100,"weight":5,"id":"duplicate-id","group":"a11y-well-structured"},{"result":{"displayValue":"","score":false,"helpText":"Screen reader users rely on frame titles to describe the contents of frames. [Learn more](https://dequeuniversity.com/rules/axe/2.2/frame-title?application=lighthouse).","rawValue":false,"name":"frame-title","description":"`<frame>` or `<iframe>` elements do not have a title","scoringMode":"binary","informative":true,"notApplicable":true},"score":100,"weight":0,"id":"frame-title","group":"a11y-describe-contents"},{"result":{"displayValue":"","score":false,"helpText":"If a page doesn't specify a lang attribute, a screen reader assumes that the page is in the default language that the user chose when setting up the screen reader. If the page isn't actually in the default language, then the screen reader might not announce the page's text correctly. [Learn more](https://dequeuniversity.com/rules/axe/2.2/html-lang?application=lighthouse).","rawValue":false,"extendedInfo":{"value":{"help":"<html> element must have a lang attribute","nodes":[{"failureSummary":"Fix any of the following:\n  The <html> element does not have a lang attribute","snippet":"<html>","path":"1,HTML","impact":"serious","html":"<html>","target":["html"]}],"impact":"serious","description":"Ensures every HTML document has a lang attribute","helpUrl":"https://dequeuniversity.com/rules/axe/3.0/html-has-lang?application=axeAPI","id":"html-has-lang","tags":["cat.language","wcag2a","wcag311"]}},"name":"html-has-lang","description":"`<html>` element does not have a `[lang]` attribute","scoringMode":"binary","details":{"header":{"text":"View failing elements","type":"text"},"type":"list","items":[{"snippet":"<html>","path":"1,HTML","selector":"html","type":"node"}]}},"score":0,"weight":4,"id":"html-has-lang","group":"a11y-language"},{"result":{"displayValue":"","score":false,"helpText":"Specifying a valid [BCP 47 language](https://www.w3.org/International/questions/qa-choosing-language-tags#question) helps screen readers announce text properly. [Learn more](https://dequeuniversity.com/rules/axe/2.2/valid-lang?application=lighthouse).","rawValue":false,"name":"html-lang-valid","description":"`<html>` element does not have a valid value for its `[lang]` attribute.","scoringMode":"binary","informative":true,"notApplicable":true},"score":100,"weight":0,"id":"html-lang-valid","group":"a11y-language"},{"result":{"displayValue":"","score":false,"helpText":"Informative elements should aim for short, descriptive alternate text. Decorative elements can be ignored with an empty alt attribute.[Learn more](https://dequeuniversity.com/rules/axe/2.2/image-alt?application=lighthouse).","rawValue":false,"name":"image-alt","description":"Image elements do not have `[alt]` attributes","scoringMode":"binary","informative":true,"notApplicable":true},"score":100,"weight":0,"id":"image-alt","group":"a11y-correct-attributes"},{"result":{"displayValue":"","score":false,"helpText":"When an image is being used as an `<input>` button, providing alternative text can help screen reader users understand the purpose of the button. [Learn more](https://dequeuniversity.com/rules/axe/2.2/input-image-alt?application=lighthouse).","rawValue":false,"name":"input-image-alt","description":"`<input type=\"image\">` elements do not have `[alt]` text","scoringMode":"binary","informative":true,"notApplicable":true},"score":100,"weight":0,"id":"input-image-alt","group":"a11y-correct-attributes"},{"result":{"displayValue":"","score":true,"helpText":"Labels ensure that form controls are announced properly by assistive technologies, like screen readers. [Learn more](https://dequeuniversity.com/rules/axe/2.2/label?application=lighthouse).","rawValue":true,"extendedInfo":{},"name":"label","description":"Form elements have associated labels","scoringMode":"binary","details":{"header":{"text":"View failing elements","type":"text"},"type":"list","items":[]}},"score":100,"weight":10,"id":"label","group":"a11y-describe-contents"},{"result":{"displayValue":"","score":false,"helpText":"A table being used for layout purposes should not include data elements, such as the th or caption elements or the summary attribute, because this can create a confusing experience for screen reader users. [Learn more](https://dequeuniversity.com/rules/axe/2.2/layout-table?application=lighthouse).","rawValue":false,"name":"layout-table","description":"Presentational `<table>` elements do not avoid using `<th>`, `<caption>` or the `[summary]` attribute.","scoringMode":"binary","informative":true,"notApplicable":true},"score":100,"weight":0,"id":"layout-table","group":"a11y-describe-contents"},{"result":{"displayValue":"","score":true,"helpText":"Link text (and alternate text for images, when used as links) that is discernible, unique, and focusable improves the navigation experience for screen reader users. [Learn more](https://dequeuniversity.com/rules/axe/2.2/link-name?application=lighthouse).","rawValue":true,"extendedInfo":{},"name":"link-name","description":"Links have a discernible name","scoringMode":"binary","details":{"header":{"text":"View failing elements","type":"text"},"type":"list","items":[]}},"score":100,"weight":9,"id":"link-name","group":"a11y-element-names"},{"result":{"displayValue":"","score":false,"helpText":"Screen readers have a specific way of announcing lists. Ensuring proper list structure aids screen reader output. [Learn more](https://dequeuniversity.com/rules/axe/2.2/list?application=lighthouse).","rawValue":false,"name":"list","description":"Lists do not contain only `<li>` elements and script supporting elements (`<script>` and `<template>`).","scoringMode":"binary","informative":true,"notApplicable":true},"score":100,"weight":0,"id":"list","group":"a11y-well-structured"},{"result":{"displayValue":"","score":false,"helpText":"Screen readers require list items (`<li>`) to be contained within a parent `<ul>` or `<ol>` to be announced properly. [Learn more](https://dequeuniversity.com/rules/axe/2.2/listitem?application=lighthouse).","rawValue":false,"name":"listitem","description":"List items (`<li>`) are not contained within `<ul>` or `<ol>` parent elements.","scoringMode":"binary","informative":true,"notApplicable":true},"score":100,"weight":0,"id":"listitem","group":"a11y-well-structured"},{"result":{"displayValue":"","score":false,"helpText":"Users do not expect a page to refresh automatically, and doing so will move focus back to the top of the page. This may create a frustrating or confusing experience. [Learn more](https://dequeuniversity.com/rules/axe/2.2/meta-refresh?application=lighthouse).","rawValue":false,"name":"meta-refresh","description":"The document uses `<meta http-equiv=\"refresh\">`","scoringMode":"binary","informative":true,"notApplicable":true},"score":100,"weight":0,"id":"meta-refresh","group":"a11y-meta"},{"result":{"displayValue":"","score":false,"helpText":"Disabling zooming is problematic for users with low vision who rely on screen magnification to properly see the contents of a web page. [Learn more](https://dequeuniversity.com/rules/axe/2.2/meta-viewport?application=lighthouse).","rawValue":false,"extendedInfo":{"value":{"help":"Zooming and scaling must not be disabled","nodes":[{"failureSummary":"Fix any of the following:\n  <meta> tag disables zooming on mobile devices","snippet":"<meta name=\"viewport\" content=\"width=device-width,initial-scale=1,maximum-scale=1,minimum-scale=1,user-scalable=no\">","path":"1,HTML,1,HEAD,1,META","impact":"critical","html":"<meta name=\"viewport\" content=\"width=device-width,initial-scale=1,maximum-scale=1,minimum-scale=1,user-scalable=no\">","target":["meta[name=\"viewport\"]"]}],"impact":"critical","description":"Ensures <meta name=\"viewport\"> does not disable text scaling and zooming","helpUrl":"https://dequeuniversity.com/rules/axe/3.0/meta-viewport?application=axeAPI","id":"meta-viewport","tags":["cat.sensory-and-visual-cues","wcag2aa","wcag144"]}},"name":"meta-viewport","description":"`[user-scalable=\"no\"]` is used in the `<meta name=\"viewport\">` element or the `[maximum-scale]` attribute is less than 5.","scoringMode":"binary","details":{"header":{"text":"View failing elements","type":"text"},"type":"list","items":[{"snippet":"<meta name=\"viewport\" content=\"width=device-width,initial-scale=1,maximum-scale=1,minimum-scale=1,user-scalable=no\">","path":"1,HTML,1,HEAD,1,META","selector":"meta[name=\"viewport\"]","type":"node"}]}},"score":0,"weight":3,"id":"meta-viewport","group":"a11y-meta"},{"result":{"displayValue":"","score":false,"helpText":"Screen readers cannot translate non-text content. Adding alt text to `<object>` elements helps screen readers convey meaning to users. [Learn more](https://dequeuniversity.com/rules/axe/2.2/object-alt?application=lighthouse).","rawValue":false,"name":"object-alt","description":"`<object>` elements do not have `[alt]` text","scoringMode":"binary","informative":true,"notApplicable":true},"score":100,"weight":0,"id":"object-alt","group":"a11y-describe-contents"},{"result":{"displayValue":"","score":true,"helpText":"A value greater than 0 implies an explicit navigation ordering. Although technically valid, this often creates frustrating experiences for users who rely on assistive technologies. [Learn more](https://dequeuniversity.com/rules/axe/2.2/tabindex?application=lighthouse).","rawValue":true,"extendedInfo":{},"name":"tabindex","description":"No element has a `[tabindex]` value greater than 0","scoringMode":"binary","details":{"header":{"text":"View failing elements","type":"text"},"type":"list","items":[]}},"score":100,"weight":4,"id":"tabindex","group":"a11y-correct-attributes"},{"result":{"displayValue":"","score":false,"helpText":"Screen readers have features to make navigating tables easier. Ensuring `<td>` cells using the `[headers]` attribute only refer to other cells in the same table may improve the experience for screen reader users. [Learn more](https://dequeuniversity.com/rules/axe/2.2/td-headers-attr?application=lighthouse).","rawValue":false,"name":"td-headers-attr","description":"Cells in a `<table>` element that use the `[headers]` attribute refers to other cells of that same table.","scoringMode":"binary","informative":true,"notApplicable":true},"score":100,"weight":0,"id":"td-headers-attr","group":"a11y-correct-attributes"},{"result":{"displayValue":"","score":false,"helpText":"Screen readers have features to make navigating tables easier. Ensuring table headers always refer to some set of cells may improve the experience for screen reader users. [Learn more](https://dequeuniversity.com/rules/axe/2.2/th-has-data-cells?application=lighthouse).","rawValue":false,"name":"th-has-data-cells","description":"`<th>` elements and elements with `[role=\"columnheader\"/\"rowheader\"]` do not have data cells they describe.","scoringMode":"binary","informative":true,"notApplicable":true},"score":100,"weight":0,"id":"th-has-data-cells","group":"a11y-correct-attributes"},{"result":{"displayValue":"","score":false,"helpText":"Specifying a valid [BCP 47 language](https://www.w3.org/International/questions/qa-choosing-language-tags#question) on elements helps ensure that text is pronounced correctly by a screen reader. [Learn more](https://dequeuniversity.com/rules/axe/2.2/valid-lang?application=lighthouse).","rawValue":false,"name":"valid-lang","description":"`[lang]` attributes do not have a valid value","scoringMode":"binary","informative":true,"notApplicable":true},"score":100,"weight":0,"id":"valid-lang","group":"a11y-language"},{"result":{"displayValue":"","score":false,"helpText":"When a video provides a caption it is easier for deaf and hearing impaired users to access its information. [Learn more](https://dequeuniversity.com/rules/axe/2.2/video-caption?application=lighthouse).","rawValue":false,"name":"video-caption","description":"`<video>` elements do not contain a `<track>` element with `[kind=\"captions\"]`.","scoringMode":"binary","informative":true,"notApplicable":true},"score":100,"weight":0,"id":"video-caption","group":"a11y-describe-contents"},{"result":{"displayValue":"","score":false,"helpText":"Audio descriptions provide relevant information for videos that dialogue cannot, such as facial expressions and scenes. [Learn more](https://dequeuniversity.com/rules/axe/2.2/video-description?application=lighthouse).","rawValue":false,"name":"video-description","description":"`<video>` elements do not contain a `<track>` element with `[kind=\"description\"]`.","scoringMode":"binary","informative":true,"notApplicable":true},"score":100,"weight":0,"id":"video-description","group":"a11y-describe-contents"},{"result":{"displayValue":"","score":false,"helpText":"Tabbing through the page follows the visual layout. Users cannot focus elements that are offscreen. [Learn more](https://developers.google.com/web/fundamentals/accessibility/how-to-review#start_with_the_keyboard).","rawValue":false,"name":"logical-tab-order","description":"The page has a logical tab order","scoringMode":"binary","informative":true,"manual":true},"score":0,"weight":0,"id":"logical-tab-order","group":"manual-a11y-checks"},{"result":{"displayValue":"","score":false,"helpText":"Custom interactive controls are keyboard focusable and display a focus indicator. [Learn more](https://developers.google.com/web/fundamentals/accessibility/how-to-review#start_with_the_keyboard).","rawValue":false,"name":"focusable-controls","description":"Interactive controls are keyboard focusable","scoringMode":"binary","informative":true,"manual":true},"score":0,"weight":0,"id":"focusable-controls","group":"manual-a11y-checks"},{"result":{"displayValue":"","score":false,"helpText":"If new content, such as a dialog, is added to the page, the user's focus is directed to it. [Learn more](https://developers.google.com/web/fundamentals/accessibility/how-to-review#start_with_the_keyboard).","rawValue":false,"name":"managed-focus","description":"The user's focus is directed to new content added to the page","scoringMode":"binary","informative":true,"manual":true},"score":0,"weight":0,"id":"managed-focus","group":"manual-a11y-checks"},{"result":{"displayValue":"","score":false,"helpText":"A user can tab into and out of any control or region without accidentally trapping their focus. [Learn more](https://developers.google.com/web/fundamentals/accessibility/how-to-review#start_with_the_keyboard).","rawValue":false,"name":"focus-traps","description":"User focus is not accidentally trapped in a region","scoringMode":"binary","informative":true,"manual":true},"score":0,"weight":0,"id":"focus-traps","group":"manual-a11y-checks"},{"result":{"displayValue":"","score":false,"helpText":"Custom interactive controls have associated labels, provided by aria-label or aria-labelledby. [Learn more](https://developers.google.com/web/fundamentals/accessibility/how-to-review#try_it_with_a_screen_reader).","rawValue":false,"name":"custom-controls-labels","description":"Custom controls have associated labels","scoringMode":"binary","informative":true,"manual":true},"score":0,"weight":0,"id":"custom-controls-labels","group":"manual-a11y-checks"},{"result":{"displayValue":"","score":false,"helpText":"Custom interactive controls have appropriate ARIA roles. [Learn more](https://developers.google.com/web/fundamentals/accessibility/how-to-review#try_it_with_a_screen_reader).","rawValue":false,"name":"custom-controls-roles","description":"Custom controls have ARIA roles","scoringMode":"binary","informative":true,"manual":true},"score":0,"weight":0,"id":"custom-controls-roles","group":"manual-a11y-checks"},{"result":{"displayValue":"","score":false,"helpText":"DOM order matches the visual order, improving navigation for assistive technology. [Learn more](https://developers.google.com/web/fundamentals/accessibility/how-to-review#try_it_with_a_screen_reader).","rawValue":false,"name":"visual-order-follows-dom","description":"Visual order on the page follows DOM order","scoringMode":"binary","informative":true,"manual":true},"score":0,"weight":0,"id":"visual-order-follows-dom","group":"manual-a11y-checks"},{"result":{"displayValue":"","score":false,"helpText":"Offscreen content is hidden with display: none or aria-hidden=true. [Learn more](https://developers.google.com/web/fundamentals/accessibility/how-to-review#try_it_with_a_screen_reader).","rawValue":false,"name":"offscreen-content-hidden","description":"Offscreen content is hidden from assistive technology","scoringMode":"binary","informative":true,"manual":true},"score":0,"weight":0,"id":"offscreen-content-hidden","group":"manual-a11y-checks"},{"result":{"displayValue":"","score":false,"helpText":"Headings are used to create an outline for the page and heading levels are not skipped. [Learn more](https://developers.google.com/web/fundamentals/accessibility/how-to-review#take_advantage_of_headings_and_landmarks).","rawValue":false,"name":"heading-levels","description":"Headings don't skip levels","scoringMode":"binary","informative":true,"manual":true},"score":0,"weight":0,"id":"heading-levels","group":"manual-a11y-checks"},{"result":{"displayValue":"","score":false,"helpText":"Landmark elements (<main>, <nav>, etc.) are used to improve the keyboard navigation of the page for assistive technology. [Learn more](https://developers.google.com/web/fundamentals/accessibility/how-to-review#take_advantage_of_headings_and_landmarks).","rawValue":false,"name":"use-landmarks","description":"HTML5 landmark elements are used to improve navigation","scoringMode":"binary","informative":true,"manual":true},"score":0,"weight":0,"id":"use-landmarks","group":"manual-a11y-checks"}]},{"score":86.66666666666667,"name":"Best Practices","description":"We've compiled some recommendations for modernizing your web app and avoiding performance pitfalls.","id":"best-practices","audits":[{"result":{"displayValue":"","score":true,"debugString":"","helpText":"Application Cache is deprecated. [Learn more](https://developers.google.com/web/tools/lighthouse/audits/appcache).","rawValue":true,"name":"appcache-manifest","description":"Avoids Application Cache","scoringMode":"binary"},"score":100,"weight":1,"id":"appcache-manifest"},{"result":{"displayValue":"","score":true,"debugString":"","helpText":"Web SQL is deprecated. Consider using IndexedDB instead. [Learn more](https://developers.google.com/web/tools/lighthouse/audits/web-sql).","rawValue":true,"name":"no-websql","description":"Avoids WebSQL DB","scoringMode":"binary"},"score":100,"weight":1,"id":"no-websql"},{"result":{"displayValue":"5 requests were not handled over HTTP/2","score":false,"helpText":"HTTP/2 offers many benefits over HTTP/1.1, including binary headers, multiplexing, and server push. [Learn more](https://developers.google.com/web/tools/lighthouse/audits/http2).","rawValue":false,"extendedInfo":{"value":{"results":[{"protocol":"http/1.1","url":"http://web/"},{"protocol":"http/1.1","url":"http://web/static/js/manifest.9f020e973ae4037504f6.js"},{"protocol":"http/1.1","url":"http://web/static/js/vendor.d1efda22f11e965a5228.js"},{"protocol":"http/1.1","url":"http://web/static/js/app.310cd52123c59f9f64a5.js"},{"protocol":"http/1.1","url":"http://web/static/css/app.a1bcfeb0daa2a3f727390086fd42ee9d.css"}]}},"name":"uses-http2","description":"Does not use HTTP/2 for all of its resources","scoringMode":"binary","details":{"itemHeaders":[{"itemType":"url","text":"URL","type":"text"},{"itemType":"text","text":"Protocol","type":"text"}],"header":"View Details","type":"table","items":[[{"text":"http://web/","type":"url"},{"text":"http/1.1","type":"text"}],[{"text":"http://web/static/js/manifest.9f020e973ae4037504f6.js","type":"url"},{"text":"http/1.1","type":"text"}],[{"text":"http://web/static/js/vendor.d1efda22f11e965a5228.js","type":"url"},{"text":"http/1.1","type":"text"}],[{"text":"http://web/static/js/app.310cd52123c59f9f64a5.js","type":"url"},{"text":"http/1.1","type":"text"}],[{"text":"http://web/static/css/app.a1bcfeb0daa2a3f727390086fd42ee9d.css","type":"url"},{"text":"http/1.1","type":"text"}]]}},"score":0,"weight":1,"id":"uses-http2"},{"result":{"displayValue":"","score":true,"helpText":"Consider marking your touch and wheel event listeners as `passive` to improve your page's scroll performance. [Learn more](https://developers.google.com/web/tools/lighthouse/audits/passive-event-listeners).","rawValue":true,"extendedInfo":{"value":[]},"name":"uses-passive-event-listeners","description":"Uses passive listeners to improve scrolling performance","scoringMode":"binary","details":{"itemHeaders":[{"itemType":"url","text":"URL","type":"text"},{"itemType":"text","text":"Location","type":"text"}],"header":"View Details","type":"table","items":[]}},"score":100,"weight":1,"id":"uses-passive-event-listeners"},{"result":{"displayValue":"","score":true,"helpText":"Mutation Events are deprecated and harm performance. Consider using Mutation Observers instead. [Learn more](https://developers.google.com/web/tools/lighthouse/audits/mutation-events).","rawValue":true,"extendedInfo":{"value":{"results":[]}},"name":"no-mutation-events","description":"Avoids Mutation Events in its own scripts","scoringMode":"binary","details":{"itemHeaders":[{"itemType":"url","text":"URL","type":"text"},{"itemType":"code","text":"Event","type":"text"},{"itemType":"text","text":"Line","type":"text"},{"itemType":"text","text":"Col","type":"text"},{"itemType":"code","text":"Snippet","type":"text"}],"header":"View Details","type":"table","items":[]}},"score":100,"weight":1,"id":"no-mutation-events"},{"result":{"displayValue":"","score":true,"helpText":"For users on slow connections, external scripts dynamically injected via `document.write()` can delay page load by tens of seconds. [Learn more](https://developers.google.com/web/tools/lighthouse/audits/document-write).","rawValue":true,"extendedInfo":{"value":[]},"name":"no-document-write","description":"Avoids `document.write()`","scoringMode":"binary","details":{"itemHeaders":[{"itemType":"url","text":"URL","type":"text"},{"itemType":"text","text":"Location","type":"text"}],"header":"View Details","type":"table","items":[]}},"score":100,"weight":1,"id":"no-document-write"},{"result":{"displayValue":"","score":true,"helpText":"Open new tabs using `rel=\"noopener\"` to improve performance and prevent security vulnerabilities. [Learn more](https://developers.google.com/web/tools/lighthouse/audits/noopener).","rawValue":true,"extendedInfo":{"value":[]},"name":"external-anchors-use-rel-noopener","description":"Opens external anchors using `rel=\"noopener\"`","scoringMode":"binary","details":{"itemHeaders":[{"itemType":"url","text":"URL","type":"text"},{"itemType":"text","text":"Target","type":"text"},{"itemType":"text","text":"Rel","type":"text"}],"header":"View Details","type":"table","items":[]}},"score":100,"weight":1,"id":"external-anchors-use-rel-noopener"},{"result":{"displayValue":"","score":true,"helpText":"Users are mistrustful of or confused by sites that request their location without context. Consider tying the request to user gestures instead. [Learn more](https://developers.google.com/web/tools/lighthouse/audits/geolocation-on-load).","rawValue":true,"extendedInfo":{"value":[]},"name":"geolocation-on-start","description":"Avoids requesting the geolocation permission on page load","scoringMode":"binary","details":{"itemHeaders":[{"itemType":"url","text":"URL","type":"text"},{"itemType":"text","text":"Location","type":"text"}],"header":"View Details","type":"table","items":[]}},"score":100,"weight":1,"id":"geolocation-on-start"},{"result":{"displayValue":"","score":true,"helpText":"Some third-party scripts may contain known security vulnerabilities  that are easily identified and exploited by attackers.","rawValue":true,"name":"no-vulnerable-libraries","description":"Avoids front-end JavaScript libraries with known security vulnerabilities","scoringMode":"binary"},"score":100,"weight":1,"id":"no-vulnerable-libraries"},{"result":{"displayValue":"","score":true,"helpText":"Users are mistrustful of or confused by sites that request to send notifications without context. Consider tying the request to user gestures instead. [Learn more](https://developers.google.com/web/tools/lighthouse/audits/notifications-on-load).","rawValue":true,"extendedInfo":{"value":[]},"name":"notification-on-start","description":"Avoids requesting the notification permission on page load","scoringMode":"binary","details":{"itemHeaders":[{"itemType":"url","text":"URL","type":"text"},{"itemType":"text","text":"Location","type":"text"}],"header":"View Details","type":"table","items":[]}},"score":100,"weight":1,"id":"notification-on-start"},{"result":{"displayValue":"","score":true,"helpText":"Deprecated APIs will eventually be removed from the browser. [Learn more](https://www.chromestatus.com/features#deprecated).","rawValue":true,"extendedInfo":{"value":[]},"name":"deprecations","description":"Avoids deprecated APIs","scoringMode":"binary","details":{"itemHeaders":[{"itemType":"code","text":"Deprecation / Warning","type":"text"},{"itemType":"url","text":"URL","type":"text"},{"itemType":"text","text":"Line","type":"text"}],"header":"View Details","type":"table","items":[]}},"score":100,"weight":1,"id":"deprecations"},{"result":{"displayValue":"","score":false,"helpText":"Make your app's `short_name` fewer than 12 characters to ensure that it's not truncated on homescreens. [Learn more](https://developers.google.com/web/tools/lighthouse/audits/manifest-short_name-is-not-truncated).","rawValue":false,"name":"manifest-short-name-length","description":"Manifest's `short_name` will be truncated when displayed on homescreen","scoringMode":"binary"},"score":0,"weight":1,"id":"manifest-short-name-length"},{"result":{"displayValue":"","score":true,"helpText":"Preventing password pasting undermines good security policy. [Learn more](https://www.ncsc.gov.uk/blog-post/let-them-paste-passwords)","rawValue":true,"extendedInfo":{"value":[]},"name":"password-inputs-can-be-pasted-into","description":"Allows users to paste into password fields","scoringMode":"binary","details":{"header":{"text":"Password inputs that prevent pasting into","type":"text"},"type":"list","items":[]}},"score":100,"weight":1,"id":"password-inputs-can-be-pasted-into"},{"result":{"displayValue":"","score":true,"helpText":"Errors logged to the console indicate unresolved problems. They can come from network request failures and other browser concerns.","rawValue":0,"name":"errors-in-console","description":"No browser errors logged to the console","scoringMode":"binary","details":{"itemHeaders":[{"itemType":"url","text":"URL","type":"text"},{"itemType":"code","text":"Description","type":"text"}],"header":"View Details","type":"table","items":[]}},"score":100,"weight":1,"id":"errors-in-console"},{"result":{"displayValue":"","score":true,"helpText":"Image display dimensions should match natural aspect ratio.","rawValue":true,"name":"image-aspect-ratio","description":"Displays images with correct aspect ratio","scoringMode":"binary","details":{"itemHeaders":[{"itemType":"thumbnail","text":"","type":"text"},{"itemType":"url","text":"URL","type":"text"},{"itemType":"text","text":"Aspect Ratio (Displayed)","type":"text"},{"itemType":"text","text":"Aspect Ratio (Actual)","type":"text"}],"header":"View Details","type":"table","items":[]}},"score":100,"weight":1,"id":"image-aspect-ratio"}]},{"score":50,"name":"SEO","description":"These checks ensure that your page is optimized for search engine results ranking. There are additional factors Lighthouse does not check that may affect your search ranking. [Learn more](https://support.google.com/webmasters/answer/35769).","id":"seo","audits":[{"result":{"displayValue":"","score":true,"debugString":"","helpText":"Add a viewport meta tag to optimize your app for mobile screens. [Learn more](https://developers.google.com/web/tools/lighthouse/audits/has-viewport-meta-tag).","rawValue":true,"name":"viewport","description":"Has a `<meta name=\"viewport\">` tag with `width` or `initial-scale`","scoringMode":"binary"},"score":100,"weight":1,"id":"viewport","group":"seo-mobile"},{"result":{"displayValue":"","score":true,"helpText":"The title gives screen reader users an overview of the page, and search engine users rely on it heavily to determine if a page is relevant to their search. [Learn more](https://developers.google.com/web/tools/lighthouse/audits/title).","rawValue":true,"extendedInfo":{},"name":"document-title","description":"Document has a `<title>` element","scoringMode":"binary","details":{"header":{"text":"View failing elements","type":"text"},"type":"list","items":[]}},"score":100,"weight":1,"id":"document-title","group":"seo-content"},{"result":{"displayValue":"","score":false,"helpText":"Meta descriptions may be included in search results to concisely summarize page content. [Learn more](https://developers.google.com/web/tools/lighthouse/audits/description).","rawValue":false,"name":"meta-description","description":"Document does not have a meta description","scoringMode":"binary"},"score":0,"weight":1,"id":"meta-description","group":"seo-content"},{"result":{"displayValue":"","score":null,"debugString":"Audit error: Unable to identify the main resource","helpText":"Pages with unsuccessful HTTP status codes may not be indexed properly. [Learn more](https://developers.google.com/web/tools/lighthouse/audits/successful-http-code).","rawValue":null,"name":"http-status-code","description":"Page has unsuccessful HTTP status code","scoringMode":"binary","error":true},"score":0,"weight":1,"id":"http-status-code","group":"seo-crawl"},{"result":{"displayValue":"","score":true,"helpText":"Descriptive link text helps search engines understand your content. [Learn more](https://developers.google.com/web/tools/lighthouse/audits/descriptive-link-text).","rawValue":true,"name":"link-text","description":"Links have descriptive text","scoringMode":"binary","details":{"itemHeaders":[{"itemType":"url","text":"Link destination","type":"text"},{"itemType":"text","text":"Link Text","type":"text"}],"header":"View Details","type":"table","items":[]}},"score":100,"weight":1,"id":"link-text","group":"seo-content"},{"result":{"displayValue":"","score":null,"debugString":"Audit error: Unable to identify the main resource","helpText":"Search engines are unable to include your pages in search results if they don't have permission to crawl them. [Learn more](https://developers.google.com/web/tools/lighthouse/audits/indexing).","rawValue":null,"name":"is-crawlable","description":"Page is blocked from indexing","scoringMode":"binary","error":true},"score":0,"weight":1,"id":"is-crawlable","group":"seo-crawl"},{"result":{"displayValue":"","score":null,"debugString":"Audit error: Unable to identify the main resource","helpText":"hreflang allows crawlers to discover alternate translations of the page content. [Learn more](https://support.google.com/webmasters/answer/189077).","rawValue":null,"name":"hreflang","description":"Document doesn't have a valid `hreflang`","scoringMode":"binary","error":true},"score":0,"weight":1,"id":"hreflang","group":"seo-content"},{"result":{"displayValue":"","score":null,"debugString":"Audit error: Unable to identify the main resource","helpText":"Canonical links suggest which URL to show in search results. [Learn more](https://developers.google.com/web/tools/lighthouse/audits/canonical).","rawValue":null,"name":"canonical","description":"Document does not have a valid `rel=canonical`","scoringMode":"binary","error":true},"score":0,"weight":1,"id":"canonical","group":"seo-content"},{"result":{"displayValue":"","score":true,"debugString":null,"helpText":"Font sizes less than 12px are too small to be legible and require mobile visitors to \u201cpinch to zoom\u201d in order to read. Strive to have >60% of page text ≥12px. [Learn more](https://developers.google.com/web/tools/lighthouse/audits/font-sizes).","rawValue":true,"name":"font-size","description":"Document uses legible font sizes","scoringMode":"binary","details":{"itemHeaders":[{"itemType":"url","text":"Source","type":"text"},{"itemType":"code","text":"Selector","type":"text"},{"itemType":"text","text":"% of Page Text","type":"text"},{"itemType":"text","text":"Font Size","type":"text"}],"header":"View Details","type":"table","items":[[{"text":"Legible text","type":"url"},{"text":null,"type":"code"},{"text":"100.00%","type":"text"},{"text":"≥ 12px","type":"text"}]]}},"score":100,"weight":1,"id":"font-size","group":"seo-mobile"},{"result":{"displayValue":"","score":true,"helpText":"Most mobile devices do not support plugins, and many desktop browsers restrict them.","rawValue":true,"name":"plugins","description":"Document avoids plugins","scoringMode":"binary","details":{"itemHeaders":[{"itemType":"code","text":"Element source","type":"text"}],"header":"View Details","type":"table","items":[]}},"score":100,"weight":1,"id":"plugins","group":"seo-content"},{"result":{"displayValue":"","score":false,"helpText":"Take the [Mobile-Friendly Test](https://search.google.com/test/mobile-friendly) to check for audits not covered by Lighthouse, like sizing tap targets appropriately. [Learn more](https://developers.google.com/search/mobile-sites/).","rawValue":false,"name":"mobile-friendly","description":"Page is mobile friendly","scoringMode":"binary","informative":true,"manual":true},"score":0,"weight":0,"id":"mobile-friendly","group":"manual-seo-checks"},{"result":{"displayValue":"","score":false,"helpText":"Run the [Structured Data Testing Tool](https://search.google.com/structured-data/testing-tool/) and the [Structured Data Linter](http://linter.structured-data.org/) to validate structured data. [Learn more](https://developers.google.com/search/docs/guides/mark-up-content).","rawValue":false,"name":"structured-data","description":"Structured data is valid","scoringMode":"binary","informative":true,"manual":true},"score":0,"weight":0,"id":"structured-data","group":"manual-seo-checks"}]}],"timing":{"total":19151},"reportGroups":{"a11y-color-contrast":{"description":"These are opportunities to improve the legibility of your content.","title":"Color Contrast Is Satisfactory"},"perf-metric":{"description":"These metrics encapsulate your web app's performance across a number of dimensions.","title":"Metrics"},"a11y-aria":{"description":"These are opportunities to improve the usage of ARIA in your application which may enhance the experience for users of assistive technology, like a screen reader.","title":"ARIA Attributes Follow Best Practices"},"a11y-element-names":{"description":"These are opportunities to improve the semantics of the controls in your application. This may enhance the experience for users of assistive technology, like a screen reader.","title":"Elements Have Discernible Names"},"a11y-well-structured":{"description":"These are opportunities to make sure your HTML is appropriately structured.","title":"Elements Are Well Structured"},"seo-content":{"description":"Format your HTML in a way that enables crawlers to better understand your app\u2019s content.","title":"Content Best Practices"},"a11y-correct-attributes":{"description":"These are opportunities to improve the configuration of your HTML elements.","title":"Elements Use Attributes Correctly"},"perf-hint":{"description":"These are opportunities to speed up your application by optimizing the following resources.","title":"Opportunities"},"seo-crawl":{"description":"To appear in search results, crawlers need access to your app.","title":"Crawling and Indexing"},"a11y-describe-contents":{"description":"These are opportunities to make your content easier to understand for a user of assistive technology, like a screen reader.","title":"Elements Describe Contents Well"},"a11y-language":{"description":"These are opportunities to improve the interpretation of your content by users in different locales.","title":"Page Specifies Valid Language"},"manual-a11y-checks":{"description":"These items address areas which an automated testing tool cannot cover. Learn more in our guide on [conducting an accessibility review](https://developers.google.com/web/fundamentals/accessibility/how-to-review).","title":"Additional items to manually check"},"seo-mobile":{"description":"Make sure your pages are mobile friendly so users don\u2019t have to pinch or zoom in order to read the content pages. [Learn more](https://developers.google.com/search/mobile-sites/).","title":"Mobile Friendly"},"perf-info":{"description":"More information about the performance of your application.","title":"Diagnostics"},"manual-pwa-checks":{"description":"These checks are required by the baseline [PWA Checklist](https://developers.google.com/web/progressive-web-apps/checklist) but are not automatically checked by Lighthouse. They do not affect your score but it's important that you verify them manually.","title":"Additional items to manually check"},"a11y-meta":{"description":"These are opportunities to improve the user experience of your site.","title":"Meta Tags Used Properly"},"manual-seo-checks":{"description":"Run these additional validators on your site to check additional SEO best practices.","title":"Additional items to manually check"}},"runWarnings":[],"userAgent":"Mozilla/5.0 (X11; Linux x86_64) AppleWebKit/537.36 (KHTML, like Gecko) HeadlessChrome/69.0.3458.0 Safari/537.36","runtimeConfig":{"blockedUrlPatterns":[],"environment":[{"name":"Device Emulation","description":"Nexus 5X","enabled":true},{"name":"Network Throttling","description":"562.5ms RTT, 1.4Mbps down, 0.7Mbps up","enabled":true},{"name":"CPU Throttling","description":"4x slowdown","enabled":true}],"extraHeaders":{}},"lighthouseVersion":"2.9.4","audits":{"plugins":{"displayValue":"","score":true,"helpText":"Most mobile devices do not support plugins, and many desktop browsers restrict them.","rawValue":true,"name":"plugins","description":"Document avoids plugins","scoringMode":"binary","details":{"itemHeaders":[{"itemType":"code","text":"Element source","type":"text"}],"header":"View Details","type":"table","items":[]}},"aria-required-parent":{"displayValue":"","score":false,"helpText":"Some ARIA child roles must be contained by specific parent roles to properly perform their intended accessibility functions. [Learn more](https://dequeuniversity.com/rules/axe/2.2/aria-required-parent?application=lighthouse).","rawValue":false,"name":"aria-required-parent","description":"`[role]`s are not contained by their required parent element","scoringMode":"binary","informative":true,"notApplicable":true},"custom-controls-labels":{"displayValue":"","score":false,"helpText":"Custom interactive controls have associated labels, provided by aria-label or aria-labelledby. [Learn more](https://developers.google.com/web/fundamentals/accessibility/how-to-review#try_it_with_a_screen_reader).","rawValue":false,"name":"custom-controls-labels","description":"Custom controls have associated labels","scoringMode":"binary","informative":true,"manual":true},"link-name":{"displayValue":"","score":true,"helpText":"Link text (and alternate text for images, when used as links) that is discernible, unique, and focusable improves the navigation experience for screen reader users. [Learn more](https://dequeuniversity.com/rules/axe/2.2/link-name?application=lighthouse).","rawValue":true,"extendedInfo":{},"name":"link-name","description":"Links have a discernible name","scoringMode":"binary","details":{"header":{"text":"View failing elements","type":"text"},"type":"list","items":[]}},"offscreen-images":{"displayValue":"","score":100,"helpText":"Consider lazy-loading offscreen and hidden images to improve page load speed and time to interactive. [Learn more](https://developers.google.com/web/tools/lighthouse/audits/offscreen-images).","rawValue":0,"extendedInfo":{"value":{"wastedKb":0,"wastedMs":0,"results":[]}},"name":"offscreen-images","description":"Offscreen images","scoringMode":"binary","informative":true,"details":{"itemHeaders":[{"itemType":"thumbnail","text":"","type":"text"},{"itemType":"url","text":"URL","type":"text"},{"itemType":"text","text":"Original","type":"text"},{"itemType":"text","text":"Potential Savings","type":"text"}],"header":"View Details","type":"table","items":[]}},"first-interactive":{"displayValue":"6,460 ms","score":71,"helpText":"First Interactive marks the time at which the page is minimally interactive. [Learn more](https://developers.google.com/web/tools/lighthouse/audits/first-interactive).","rawValue":6460.149,"extendedInfo":{"value":{"timeInMs":6460.149,"timestamp":8650059653847}},"name":"first-interactive","description":"First Interactive (beta)","scoringMode":"numeric"},"button-name":{"displayValue":"","score":false,"helpText":"When a button doesn't have an accessible name, screen readers announce it as \"button\", making it unusable for users who rely on screen readers. [Learn more](https://dequeuniversity.com/rules/axe/2.2/button-name?application=lighthouse).","rawValue":false,"extendedInfo":{"value":{"help":"Buttons must have discernible text","nodes":[{"failureSummary":"Fix all of the following:\n  Element is in tab order and does not have accessible text\n\nFix any of the following:\n  Element has a value attribute and the value attribute is empty\n  Element has no value attribute or the value attribute is empty\n  Element does not have inner text that is visible to screen readers\n  aria-label attribute does not exist or is empty\n  aria-labelledby attribute does not exist, references elements that do not exist or references elements that are empty or not visible\n  Element's default semantics were not overridden with role=\"presentation\"\n  Element's default semantics were not overridden with role=\"none\"","snippet":"<button type=\"button\" class=\"toolbar__side-icon btn btn--icon\">","path":"1,HTML,2,BODY,0,MAIN,0,DIV,1,DIV,2,NAV,0,DIV,0,BUTTON","impact":"critical","html":"<button type=\"button\" class=\"toolbar__side-icon btn btn--icon\"><div class=\"btn__content\"><i aria-hidden=\"true\" class=\"icon material-icons\">menu<\/i><\/div><\/button>","target":[".toolbar__side-icon"]},{"failureSummary":"Fix all of the following:\n  Element is in tab order and does not have accessible text\n\nFix any of the following:\n  Element has a value attribute and the value attribute is empty\n  Element has no value attribute or the value attribute is empty\n  Element does not have inner text that is visible to screen readers\n  aria-label attribute does not exist or is empty\n  aria-labelledby attribute does not exist, references elements that do not exist or references elements that are empty or not visible\n  Element's default semantics were not overridden with role=\"presentation\"\n  Element's default semantics were not overridden with role=\"none\"","snippet":"<button type=\"button\" class=\"btn btn--icon\">","path":"1,HTML,2,BODY,0,MAIN,0,DIV,1,DIV,2,NAV,0,DIV,4,SPAN,0,SPAN,0,BUTTON","impact":"critical","html":"<button type=\"button\" class=\"btn btn--icon\"><div class=\"btn__content\"><i aria-hidden=\"true\" class=\"icon fa fa-sign-out\"><\/i><\/div><\/button>","target":["span > .btn--icon"]}],"impact":"critical","description":"Ensures buttons have discernible text","helpUrl":"https://dequeuniversity.com/rules/axe/3.0/button-name?application=axeAPI","id":"button-name","tags":["cat.name-role-value","wcag2a","wcag412","section508","section508.22.a"]}},"name":"button-name","description":"Buttons do not have an accessible name","scoringMode":"binary","details":{"header":{"text":"View failing elements","type":"text"},"type":"list","items":[{"snippet":"<button type=\"button\" class=\"toolbar__side-icon btn btn--icon\">","path":"1,HTML,2,BODY,0,MAIN,0,DIV,1,DIV,2,NAV,0,DIV,0,BUTTON","selector":".toolbar__side-icon","type":"node"},{"snippet":"<button type=\"button\" class=\"btn btn--icon\">","path":"1,HTML,2,BODY,0,MAIN,0,DIV,1,DIV,2,NAV,0,DIV,4,SPAN,0,SPAN,0,BUTTON","selector":"span > .btn--icon","type":"node"}]}},"unminified-css":{"displayValue":"","score":100,"helpText":"Minifying CSS files can reduce network payload sizes. [Learn more](https://developers.google.com/speed/docs/insights/MinifyResources).","rawValue":0,"extendedInfo":{"value":{"wastedKb":0,"wastedMs":0,"results":[]}},"name":"unminified-css","description":"Minify CSS","scoringMode":"binary","informative":true,"details":{"itemHeaders":[{"itemType":"url","text":"URL","type":"text"},{"itemType":"text","text":"Original","type":"text"},{"itemType":"text","text":"Potential Savings","type":"text"}],"header":"View Details","type":"table","items":[]}},"input-image-alt":{"displayValue":"","score":false,"helpText":"When an image is being used as an `<input>` button, providing alternative text can help screen reader users understand the purpose of the button. [Learn more](https://dequeuniversity.com/rules/axe/2.2/input-image-alt?application=lighthouse).","rawValue":false,"name":"input-image-alt","description":"`<input type=\"image\">` elements do not have `[alt]` text","scoringMode":"binary","informative":true,"notApplicable":true},"uses-http2":{"displayValue":"5 requests were not handled over HTTP/2","score":false,"helpText":"HTTP/2 offers many benefits over HTTP/1.1, including binary headers, multiplexing, and server push. [Learn more](https://developers.google.com/web/tools/lighthouse/audits/http2).","rawValue":false,"extendedInfo":{"value":{"results":[{"protocol":"http/1.1","url":"http://web/"},{"protocol":"http/1.1","url":"http://web/static/js/manifest.9f020e973ae4037504f6.js"},{"protocol":"http/1.1","url":"http://web/static/js/vendor.d1efda22f11e965a5228.js"},{"protocol":"http/1.1","url":"http://web/static/js/app.310cd52123c59f9f64a5.js"},{"protocol":"http/1.1","url":"http://web/static/css/app.a1bcfeb0daa2a3f727390086fd42ee9d.css"}]}},"name":"uses-http2","description":"Does not use HTTP/2 for all of its resources","scoringMode":"binary","details":{"itemHeaders":[{"itemType":"url","text":"URL","type":"text"},{"itemType":"text","text":"Protocol","type":"text"}],"header":"View Details","type":"table","items":[[{"text":"http://web/","type":"url"},{"text":"http/1.1","type":"text"}],[{"text":"http://web/static/js/manifest.9f020e973ae4037504f6.js","type":"url"},{"text":"http/1.1","type":"text"}],[{"text":"http://web/static/js/vendor.d1efda22f11e965a5228.js","type":"url"},{"text":"http/1.1","type":"text"}],[{"text":"http://web/static/js/app.310cd52123c59f9f64a5.js","type":"url"},{"text":"http/1.1","type":"text"}],[{"text":"http://web/static/css/app.a1bcfeb0daa2a3f727390086fd42ee9d.css","type":"url"},{"text":"http/1.1","type":"text"}]]}},"th-has-data-cells":{"displayValue":"","score":false,"helpText":"Screen readers have features to make navigating tables easier. Ensuring table headers always refer to some set of cells may improve the experience for screen reader users. [Learn more](https://dequeuniversity.com/rules/axe/2.2/th-has-data-cells?application=lighthouse).","rawValue":false,"name":"th-has-data-cells","description":"`<th>` elements and elements with `[role=\"columnheader\"/\"rowheader\"]` do not have data cells they describe.","scoringMode":"binary","informative":true,"notApplicable":true},"tabindex":{"displayValue":"","score":true,"helpText":"A value greater than 0 implies an explicit navigation ordering. Although technically valid, this often creates frustrating experiences for users who rely on assistive technologies. [Learn more](https://dequeuniversity.com/rules/axe/2.2/tabindex?application=lighthouse).","rawValue":true,"extendedInfo":{},"name":"tabindex","description":"No element has a `[tabindex]` value greater than 0","scoringMode":"binary","details":{"header":{"text":"View failing elements","type":"text"},"type":"list","items":[]}},"uses-long-cache-ttl":{"displayValue":"0 assets found","score":100,"helpText":"A long cache lifetime can speed up repeat visits to your page. [Learn more](https://developers.google.com/web/fundamentals/performance/optimizing-content-efficiency/http-caching#cache-control).","rawValue":0,"extendedInfo":{"value":{"queryStringCount":0,"results":[]}},"name":"uses-long-cache-ttl","description":"Uses efficient cache policy on static assets","scoringMode":"numeric","details":{"itemHeaders":[{"itemType":"url","text":"URL","type":"text"},{"itemType":"text","text":"Cache TTL","type":"text"},{"itemType":"text","text":"Size (KB)","type":"text"}],"header":"View Details","type":"table","items":[]}},"without-javascript":{"displayValue":"","score":false,"debugString":"The page body should render some content if its scripts are not available.","helpText":"Your app should display some content when JavaScript is disabled, even if it's just a warning to the user that JavaScript is required to use the app. [Learn more](https://developers.google.com/web/tools/lighthouse/audits/no-js).","rawValue":false,"name":"without-javascript","description":"Does not provide fallback content when JavaScript is not available","scoringMode":"binary"},"uses-responsive-images":{"displayValue":"","score":100,"helpText":"Serve images that are appropriately-sized to save cellular data and improve load time. [Learn more](https://developers.google.com/web/tools/lighthouse/audits/oversized-images).","rawValue":0,"extendedInfo":{"value":{"wastedKb":0,"wastedMs":0,"results":[]}},"name":"uses-responsive-images","description":"Properly size images","scoringMode":"binary","informative":true,"details":{"itemHeaders":[{"itemType":"thumbnail","text":"","type":"text"},{"itemType":"url","text":"URL","type":"text"},{"itemType":"text","text":"Original","type":"text"},{"itemType":"text","text":"Potential Savings","type":"text"}],"header":"View Details","type":"table","items":[]}},"frame-title":{"displayValue":"","score":false,"helpText":"Screen reader users rely on frame titles to describe the contents of frames. [Learn more](https://dequeuniversity.com/rules/axe/2.2/frame-title?application=lighthouse).","rawValue":false,"name":"frame-title","description":"`<frame>` or `<iframe>` elements do not have a title","scoringMode":"binary","informative":true,"notApplicable":true},"link-blocking-first-paint":{"displayValue":"","score":100,"helpText":"External stylesheets are blocking the first paint of your page. Consider delivering critical CSS via `<style>` tags and deferring non-critical styles. [Learn more](https://developers.google.com/web/tools/lighthouse/audits/blocking-resources).","rawValue":0,"extendedInfo":{"value":{"wastedMs":"0 ms","results":[]}},"name":"link-blocking-first-paint","description":"Reduce render-blocking stylesheets","scoringMode":"binary","informative":true,"details":{"itemHeaders":[{"itemType":"url","text":"URL","type":"text"},{"itemType":"text","text":"Size (KB)","type":"text"},{"itemType":"text","text":"Delayed Paint By (ms)","type":"text"}],"header":"View Details","type":"table","items":[]}},"mobile-friendly":{"displayValue":"","score":false,"helpText":"Take the [Mobile-Friendly Test](https://search.google.com/test/mobile-friendly) to check for audits not covered by Lighthouse, like sizing tap targets appropriately. [Learn more](https://developers.google.com/search/mobile-sites/).","rawValue":false,"name":"mobile-friendly","description":"Page is mobile friendly","scoringMode":"binary","informative":true,"manual":true},"script-blocking-first-paint":{"displayValue":"","score":100,"helpText":"Script elements are blocking the first paint of your page. Consider inlining critical scripts and deferring non-critical ones. [Learn more](https://developers.google.com/web/tools/lighthouse/audits/blocking-resources).","rawValue":0,"extendedInfo":{"value":{"wastedMs":"0 ms","results":[]}},"name":"script-blocking-first-paint","description":"Reduce render-blocking scripts","scoringMode":"binary","informative":true,"details":{"itemHeaders":[{"itemType":"url","text":"URL","type":"text"},{"itemType":"text","text":"Size (KB)","type":"text"},{"itemType":"text","text":"Delayed Paint By (ms)","type":"text"}],"header":"View Details","type":"table","items":[]}},"managed-focus":{"displayValue":"","score":false,"helpText":"If new content, such as a dialog, is added to the page, the user's focus is directed to it. [Learn more](https://developers.google.com/web/fundamentals/accessibility/how-to-review#start_with_the_keyboard).","rawValue":false,"name":"managed-focus","description":"The user's focus is directed to new content added to the page","scoringMode":"binary","informative":true,"manual":true},"pwa-cross-browser":{"displayValue":"","score":false,"helpText":"To reach the most number of users, sites should work across every major browser. [Learn more](https://developers.google.com/web/progressive-web-apps/checklist#site-works-cross-browser).","rawValue":false,"name":"pwa-cross-browser","description":"Site works cross-browser","scoringMode":"binary","informative":true,"manual":true},"time-to-first-byte":{"displayValue":"","score":null,"debugString":"Audit error: Cannot read property '_timing' of undefined","helpText":"Time To First Byte identifies the time at which your server sends a response. [Learn more](https://developers.google.com/web/tools/chrome-devtools/network-performance/issues).","rawValue":null,"name":"time-to-first-byte","description":"Keep server response times low (TTFB)","scoringMode":"binary","informative":true,"error":true},"video-description":{"displayValue":"","score":false,"helpText":"Audio descriptions provide relevant information for videos that dialogue cannot, such as facial expressions and scenes. [Learn more](https://dequeuniversity.com/rules/axe/2.2/video-description?application=lighthouse).","rawValue":false,"name":"video-description","description":"`<video>` elements do not contain a `<track>` element with `[kind=\"description\"]`.","scoringMode":"binary","informative":true,"notApplicable":true},"document-title":{"displayValue":"","score":true,"helpText":"The title gives screen reader users an overview of the page, and search engine users rely on it heavily to determine if a page is relevant to their search. [Learn more](https://developers.google.com/web/tools/lighthouse/audits/title).","rawValue":true,"extendedInfo":{},"name":"document-title","description":"Document has a `<title>` element","scoringMode":"binary","details":{"header":{"text":"View failing elements","type":"text"},"type":"list","items":[]}},"external-anchors-use-rel-noopener":{"displayValue":"","score":true,"helpText":"Open new tabs using `rel=\"noopener\"` to improve performance and prevent security vulnerabilities. [Learn more](https://developers.google.com/web/tools/lighthouse/audits/noopener).","rawValue":true,"extendedInfo":{"value":[]},"name":"external-anchors-use-rel-noopener","description":"Opens external anchors using `rel=\"noopener\"`","scoringMode":"binary","details":{"itemHeaders":[{"itemType":"url","text":"URL","type":"text"},{"itemType":"text","text":"Target","type":"text"},{"itemType":"text","text":"Rel","type":"text"}],"header":"View Details","type":"table","items":[]}},"total-byte-weight":{"displayValue":"Total size was 400 KB","score":100,"helpText":"Large network payloads cost users real money and are highly correlated with long load times. [Learn more](https://developers.google.com/web/tools/lighthouse/audits/network-payloads).","rawValue":409855,"extendedInfo":{"value":{"totalCompletedRequests":11,"results":[{"totalKb":"227 KB","totalMs":"1,240 ms","totalBytes":232785,"url":"http://web/static/js/vendor.d1efda22f11e965a5228.js"},{"totalKb":"48 KB","totalMs":"260 ms","totalBytes":49163,"url":"https://fonts.gstatic.com/s/materialicons/v37/flUhRq6tzZclQEJ-Vdg-IuiaDsNc.woff2"},{"totalKb":"46 KB","totalMs":"250 ms","totalBytes":47366,"url":"https://cdnjs.cloudflare.com/ajax/libs/Chart.js/2.7.1/Chart.min.js"},{"totalKb":"32 KB","totalMs":"170 ms","totalBytes":32261,"url":"http://web/static/css/app.a1bcfeb0daa2a3f727390086fd42ee9d.css"},{"totalKb":"15 KB","totalMs":"80 ms","totalBytes":15817,"url":"https://fonts.gstatic.com/s/roboto/v18/KFOlCnqEu92Fr1MmEU9fBBc4.woff2"},{"totalKb":"15 KB","totalMs":"80 ms","totalBytes":15461,"url":"https://fonts.gstatic.com/s/roboto/v18/KFOmCnqEu92Fr1Mu4mxK.woff2"},{"totalKb":"12 KB","totalMs":"70 ms","totalBytes":12691,"url":"http://web/static/js/app.310cd52123c59f9f64a5.js"},{"totalKb":"1 KB","totalMs":"10 ms","totalBytes":1524,"url":"https://unpkg.com/vue-chartjs@3.3.2/dist/vue-chartjs.min.js"},{"totalKb":"1 KB","totalMs":"10 ms","totalBytes":1211,"url":"http://web/"},{"totalKb":"1 KB","totalMs":"10 ms","totalBytes":1171,"url":"http://web/static/js/manifest.9f020e973ae4037504f6.js"}]}},"name":"total-byte-weight","description":"Avoids enormous network payloads","scoringMode":"numeric","details":{"itemHeaders":[{"itemType":"url","text":"URL","type":"text"},{"itemType":"text","text":"Total Size","type":"text"},{"itemType":"text","text":"Transfer Time","type":"text"}],"header":"View Details","type":"table","items":[[{"text":"http://web/static/js/vendor.d1efda22f11e965a5228.js","type":"url"},{"text":"227 KB","type":"text"},{"text":"1,240 ms","type":"text"}],[{"text":"https://fonts.gstatic.com/s/materialicons/v37/flUhRq6tzZclQEJ-Vdg-IuiaDsNc.woff2","type":"url"},{"text":"48 KB","type":"text"},{"text":"260 ms","type":"text"}],[{"text":"https://cdnjs.cloudflare.com/ajax/libs/Chart.js/2.7.1/Chart.min.js","type":"url"},{"text":"46 KB","type":"text"},{"text":"250 ms","type":"text"}],[{"text":"http://web/static/css/app.a1bcfeb0daa2a3f727390086fd42ee9d.css","type":"url"},{"text":"32 KB","type":"text"},{"text":"170 ms","type":"text"}],[{"text":"https://fonts.gstatic.com/s/roboto/v18/KFOlCnqEu92Fr1MmEU9fBBc4.woff2","type":"url"},{"text":"15 KB","type":"text"},{"text":"80 ms","type":"text"}],[{"text":"https://fonts.gstatic.com/s/roboto/v18/KFOmCnqEu92Fr1Mu4mxK.woff2","type":"url"},{"text":"15 KB","type":"text"},{"text":"80 ms","type":"text"}],[{"text":"http://web/static/js/app.310cd52123c59f9f64a5.js","type":"url"},{"text":"12 KB","type":"text"},{"text":"70 ms","type":"text"}],[{"text":"https://unpkg.com/vue-chartjs@3.3.2/dist/vue-chartjs.min.js","type":"url"},{"text":"1 KB","type":"text"},{"text":"10 ms","type":"text"}],[{"text":"http://web/","type":"url"},{"text":"1 KB","type":"text"},{"text":"10 ms","type":"text"}],[{"text":"http://web/static/js/manifest.9f020e973ae4037504f6.js","type":"url"},{"text":"1 KB","type":"text"},{"text":"10 ms","type":"text"}]]}},"logical-tab-order":{"displayValue":"","score":false,"helpText":"Tabbing through the page follows the visual layout. Users cannot focus elements that are offscreen. [Learn more](https://developers.google.com/web/fundamentals/accessibility/how-to-review#start_with_the_keyboard).","rawValue":false,"name":"logical-tab-order","description":"The page has a logical tab order","scoringMode":"binary","informative":true,"manual":true},"meta-refresh":{"displayValue":"","score":false,"helpText":"Users do not expect a page to refresh automatically, and doing so will move focus back to the top of the page. This may create a frustrating or confusing experience. [Learn more](https://dequeuniversity.com/rules/axe/2.2/meta-refresh?application=lighthouse).","rawValue":false,"name":"meta-refresh","description":"The document uses `<meta http-equiv=\"refresh\">`","scoringMode":"binary","informative":true,"notApplicable":true},"deprecations":{"displayValue":"","score":true,"helpText":"Deprecated APIs will eventually be removed from the browser. [Learn more](https://www.chromestatus.com/features#deprecated).","rawValue":true,"extendedInfo":{"value":[]},"name":"deprecations","description":"Avoids deprecated APIs","scoringMode":"binary","details":{"itemHeaders":[{"itemType":"code","text":"Deprecation / Warning","type":"text"},{"itemType":"url","text":"URL","type":"text"},{"itemType":"text","text":"Line","type":"text"}],"header":"View Details","type":"table","items":[]}},"network-requests":{"displayValue":"11","score":100,"helpText":"Lists the network requests that were made during page load.","rawValue":11,"extendedInfo":{"value":[{"transferSize":1211,"startTime":0,"endTime":638.9249991625547,"mimeType":"text/html","url":"http://web/","statusCode":200,"resourceType":"document"},{"transferSize":1171,"startTime":755.621999502182,"endTime":1328.4680005162954,"mimeType":"application/javascript","url":"http://web/static/js/manifest.9f020e973ae4037504f6.js","statusCode":200,"resourceType":"script"},{"transferSize":232785,"startTime":755.7720001786947,"endTime":2917.8979992866516,"mimeType":"application/javascript","url":"http://web/static/js/vendor.d1efda22f11e965a5228.js","statusCode":200,"resourceType":"script"},{"transferSize":12691,"startTime":755.9009995311499,"endTime":1470.6410001963377,"mimeType":"application/javascript","url":"http://web/static/js/app.310cd52123c59f9f64a5.js","statusCode":200,"resourceType":"script"},{"transferSize":47366,"startTime":790.370000526309,"endTime":2162.829000502825,"mimeType":"application/javascript","url":"https://cdnjs.cloudflare.com/ajax/libs/Chart.js/2.7.1/Chart.min.js","statusCode":200,"resourceType":"script"},{"transferSize":405,"startTime":790.8159997314215,"endTime":1663.72200101614,"mimeType":"text/plain","url":"https://unpkg.com/vue-chartjs/dist/vue-chartjs.min.js","statusCode":302},{"transferSize":1524,"startTime":1664.8290008306503,"endTime":2258.2770008593798,"mimeType":"application/javascript","url":"https://unpkg.com/vue-chartjs@3.3.2/dist/vue-chartjs.min.js","statusCode":200,"resourceType":"script"},{"transferSize":32261,"startTime":4527.456000447273,"endTime":5278.87500077486,"mimeType":"text/css","url":"http://web/static/css/app.a1bcfeb0daa2a3f727390086fd42ee9d.css","statusCode":200,"resourceType":"stylesheet"},{"transferSize":15461,"startTime":5458.613000810146,"endTime":6342.342000454664,"mimeType":"font/woff2","url":"https://fonts.gstatic.com/s/roboto/v18/KFOmCnqEu92Fr1Mu4mxK.woff2","statusCode":200,"resourceType":"font"},{"transferSize":49163,"startTime":5458.761001005769,"endTime":6524.431999772787,"mimeType":"font/woff2","url":"https://fonts.gstatic.com/s/materialicons/v37/flUhRq6tzZclQEJ-Vdg-IuiaDsNc.woff2","statusCode":200,"resourceType":"font"},{"transferSize":15817,"startTime":5458.878999575973,"endTime":6334.002999588847,"mimeType":"font/woff2","url":"https://fonts.gstatic.com/s/roboto/v18/KFOlCnqEu92Fr1MmEU9fBBc4.woff2","statusCode":200,"resourceType":"font"}]},"name":"network-requests","description":"Network Requests","scoringMode":"binary","informative":true,"details":{"itemHeaders":[{"itemType":"url","text":"URL","type":"text"},{"itemType":"ms","text":"Start Time","type":"text"},{"itemType":"ms","text":"End Time","type":"text"},{"itemType":"bytes","text":"Transfer Size","type":"text"},{"itemType":"text","text":"Status Code","type":"text"},{"itemType":"text","text":"MIME Type","type":"text"},{"itemType":"text","text":"Resource Type","type":"text"}],"header":"View Details","type":"table","items":[[{"text":"http://web/","type":"url"},{"text":0,"type":"ms"},{"text":638.9249991625547,"type":"ms"},{"text":1211,"type":"bytes"},{"text":200,"type":"text"},{"text":"text/html","type":"text"},{"text":"document","type":"text"}],[{"text":"http://web/static/js/manifest.9f020e973ae4037504f6.js","type":"url"},{"text":755.621999502182,"type":"ms"},{"text":1328.4680005162954,"type":"ms"},{"text":1171,"type":"bytes"},{"text":200,"type":"text"},{"text":"application/javascript","type":"text"},{"text":"script","type":"text"}],[{"text":"http://web/static/js/vendor.d1efda22f11e965a5228.js","type":"url"},{"text":755.7720001786947,"type":"ms"},{"text":2917.8979992866516,"type":"ms"},{"text":232785,"type":"bytes"},{"text":200,"type":"text"},{"text":"application/javascript","type":"text"},{"text":"script","type":"text"}],[{"text":"http://web/static/js/app.310cd52123c59f9f64a5.js","type":"url"},{"text":755.9009995311499,"type":"ms"},{"text":1470.6410001963377,"type":"ms"},{"text":12691,"type":"bytes"},{"text":200,"type":"text"},{"text":"application/javascript","type":"text"},{"text":"script","type":"text"}],[{"text":"https://cdnjs.cloudflare.com/ajax/libs/Chart.js/2.7.1/Chart.min.js","type":"url"},{"text":790.370000526309,"type":"ms"},{"text":2162.829000502825,"type":"ms"},{"text":47366,"type":"bytes"},{"text":200,"type":"text"},{"text":"application/javascript","type":"text"},{"text":"script","type":"text"}],[{"text":"https://unpkg.com/vue-chartjs/dist/vue-chartjs.min.js","type":"url"},{"text":790.8159997314215,"type":"ms"},{"text":1663.72200101614,"type":"ms"},{"text":405,"type":"bytes"},{"text":302,"type":"text"},{"text":"text/plain","type":"text"},{"type":"text"}],[{"text":"https://unpkg.com/vue-chartjs@3.3.2/dist/vue-chartjs.min.js","type":"url"},{"text":1664.8290008306503,"type":"ms"},{"text":2258.2770008593798,"type":"ms"},{"text":1524,"type":"bytes"},{"text":200,"type":"text"},{"text":"application/javascript","type":"text"},{"text":"script","type":"text"}],[{"text":"http://web/static/css/app.a1bcfeb0daa2a3f727390086fd42ee9d.css","type":"url"},{"text":4527.456000447273,"type":"ms"},{"text":5278.87500077486,"type":"ms"},{"text":32261,"type":"bytes"},{"text":200,"type":"text"},{"text":"text/css","type":"text"},{"text":"stylesheet","type":"text"}],[{"text":"https://fonts.gstatic.com/s/roboto/v18/KFOmCnqEu92Fr1Mu4mxK.woff2","type":"url"},{"text":5458.613000810146,"type":"ms"},{"text":6342.342000454664,"type":"ms"},{"text":15461,"type":"bytes"},{"text":200,"type":"text"},{"text":"font/woff2","type":"text"},{"text":"font","type":"text"}],[{"text":"https://fonts.gstatic.com/s/materialicons/v37/flUhRq6tzZclQEJ-Vdg-IuiaDsNc.woff2","type":"url"},{"text":5458.761001005769,"type":"ms"},{"text":6524.431999772787,"type":"ms"},{"text":49163,"type":"bytes"},{"text":200,"type":"text"},{"text":"font/woff2","type":"text"},{"text":"font","type":"text"}],[{"text":"https://fonts.gstatic.com/s/roboto/v18/KFOlCnqEu92Fr1MmEU9fBBc4.woff2","type":"url"},{"text":5458.878999575973,"type":"ms"},{"text":6334.002999588847,"type":"ms"},{"text":15817,"type":"bytes"},{"text":200,"type":"text"},{"text":"font/woff2","type":"text"},{"text":"font","type":"text"}]]}},"link-text":{"displayValue":"","score":true,"helpText":"Descriptive link text helps search engines understand your content. [Learn more](https://developers.google.com/web/tools/lighthouse/audits/descriptive-link-text).","rawValue":true,"name":"link-text","description":"Links have descriptive text","scoringMode":"binary","details":{"itemHeaders":[{"itemType":"url","text":"Link destination","type":"text"},{"itemType":"text","text":"Link Text","type":"text"}],"header":"View Details","type":"table","items":[]}},"uses-rel-preload":{"displayValue":"","score":null,"debugString":"Audit error: Unable to identify the main resource","helpText":"Consider using <link rel=preload> to prioritize fetching late-discovered resources sooner [Learn more](https://developers.google.com/web/updates/2016/03/link-rel-preload).","rawValue":null,"name":"uses-rel-preload","description":"Preload key requests","scoringMode":"numeric","informative":true,"error":true},"dlitem":{"displayValue":"","score":false,"helpText":"Definition list items (`<dt>` and `<dd>`) must be wrapped in a parent `<dl>` element to ensure that screen readers can properly announce them. [Learn more](https://dequeuniversity.com/rules/axe/2.2/dlitem?application=lighthouse).","rawValue":false,"name":"dlitem","description":"Definition list items are not wrapped in `<dl>` elements","scoringMode":"binary","informative":true,"notApplicable":true},"uses-optimized-images":{"displayValue":"","score":100,"helpText":"Optimized images load faster and consume less cellular data. [Learn more](https://developers.google.com/web/tools/lighthouse/audits/optimize-images).","rawValue":0,"extendedInfo":{"value":{"wastedKb":0,"wastedMs":0,"results":[]}},"name":"uses-optimized-images","description":"Optimize images","scoringMode":"binary","informative":true,"details":{"itemHeaders":[{"itemType":"thumbnail","text":"","type":"text"},{"itemType":"url","text":"URL","type":"text"},{"itemType":"text","text":"Original","type":"text"},{"itemType":"text","text":"Potential Savings","type":"text"}],"header":"View Details","type":"table","items":[]}},"errors-in-console":{"displayValue":"","score":true,"helpText":"Errors logged to the console indicate unresolved problems. They can come from network request failures and other browser concerns.","rawValue":0,"name":"errors-in-console","description":"No browser errors logged to the console","scoringMode":"binary","details":{"itemHeaders":[{"itemType":"url","text":"URL","type":"text"},{"itemType":"code","text":"Description","type":"text"}],"header":"View Details","type":"table","items":[]}},"video-caption":{"displayValue":"","score":false,"helpText":"When a video provides a caption it is easier for deaf and hearing impaired users to access its information. [Learn more](https://dequeuniversity.com/rules/axe/2.2/video-caption?application=lighthouse).","rawValue":false,"name":"video-caption","description":"`<video>` elements do not contain a `<track>` element with `[kind=\"captions\"]`.","scoringMode":"binary","informative":true,"notApplicable":true},"td-headers-attr":{"displayValue":"","score":false,"helpText":"Screen readers have features to make navigating tables easier. Ensuring `<td>` cells using the `[headers]` attribute only refer to other cells in the same table may improve the experience for screen reader users. [Learn more](https://dequeuniversity.com/rules/axe/2.2/td-headers-attr?application=lighthouse).","rawValue":false,"name":"td-headers-attr","description":"Cells in a `<table>` element that use the `[headers]` attribute refers to other cells of that same table.","scoringMode":"binary","informative":true,"notApplicable":true},"offscreen-content-hidden":{"displayValue":"","score":false,"helpText":"Offscreen content is hidden with display: none or aria-hidden=true. [Learn more](https://developers.google.com/web/fundamentals/accessibility/how-to-review#try_it_with_a_screen_reader).","rawValue":false,"name":"offscreen-content-hidden","description":"Offscreen content is hidden from assistive technology","scoringMode":"binary","informative":true,"manual":true},"no-document-write":{"displayValue":"","score":true,"helpText":"For users on slow connections, external scripts dynamically injected via `document.write()` can delay page load by tens of seconds. [Learn more](https://developers.google.com/web/tools/lighthouse/audits/document-write).","rawValue":true,"extendedInfo":{"value":[]},"name":"no-document-write","description":"Avoids `document.write()`","scoringMode":"binary","details":{"itemHeaders":[{"itemType":"url","text":"URL","type":"text"},{"itemType":"text","text":"Location","type":"text"}],"header":"View Details","type":"table","items":[]}},"aria-valid-attr-value":{"displayValue":"","score":true,"helpText":"Assistive technologies, like screen readers, can't interpret ARIA attributes with invalid values. [Learn more](https://dequeuniversity.com/rules/axe/2.2/aria-valid-attr-value?application=lighthouse).","rawValue":true,"extendedInfo":{},"name":"aria-valid-attr-value","description":"`[aria-*]` attributes have valid values","scoringMode":"binary","details":{"header":{"text":"View failing elements","type":"text"},"type":"list","items":[]}},"pwa-each-page-has-url":{"displayValue":"","score":false,"helpText":"Ensure individual pages are deep linkable via the URLs and that URLs are unique for the purpose of shareability on social media. [Learn more](https://developers.google.com/web/progressive-web-apps/checklist#each-page-has-a-url).","rawValue":false,"name":"pwa-each-page-has-url","description":"Each page has a URL","scoringMode":"binary","informative":true,"manual":true},"custom-controls-roles":{"displayValue":"","score":false,"helpText":"Custom interactive controls have appropriate ARIA roles. [Learn more](https://developers.google.com/web/fundamentals/accessibility/how-to-review#try_it_with_a_screen_reader).","rawValue":false,"name":"custom-controls-roles","description":"Custom controls have ARIA roles","scoringMode":"binary","informative":true,"manual":true},"meta-description":{"displayValue":"","score":false,"helpText":"Meta descriptions may be included in search results to concisely summarize page content. [Learn more](https://developers.google.com/web/tools/lighthouse/audits/description).","rawValue":false,"name":"meta-description","description":"Document does not have a meta description","scoringMode":"binary"},"duplicate-id":{"displayValue":"","score":true,"helpText":"The value of an id attribute must be unique to prevent other instances from being overlooked by assistive technologies. [Learn more](https://dequeuniversity.com/rules/axe/2.2/duplicate-id?application=lighthouse).","rawValue":true,"extendedInfo":{},"name":"duplicate-id","description":"`[id]` attributes on the page are unique","scoringMode":"binary","details":{"header":{"text":"View failing elements","type":"text"},"type":"list","items":[]}},"focusable-controls":{"displayValue":"","score":false,"helpText":"Custom interactive controls are keyboard focusable and display a focus indicator. [Learn more](https://developers.google.com/web/fundamentals/accessibility/how-to-review#start_with_the_keyboard).","rawValue":false,"name":"focusable-controls","description":"Interactive controls are keyboard focusable","scoringMode":"binary","informative":true,"manual":true},"heading-levels":{"displayValue":"","score":false,"helpText":"Headings are used to create an outline for the page and heading levels are not skipped. [Learn more](https://developers.google.com/web/fundamentals/accessibility/how-to-review#take_advantage_of_headings_and_landmarks).","rawValue":false,"name":"heading-levels","description":"Headings don't skip levels","scoringMode":"binary","informative":true,"manual":true},"uses-request-compression":{"displayValue":"","score":100,"helpText":"Text-based responses should be served with compression (gzip, deflate or brotli) to minimize total network bytes. [Learn more](https://developers.google.com/web/fundamentals/performance/optimizing-content-efficiency/optimize-encoding-and-transfer).","rawValue":0,"extendedInfo":{"value":{"wastedKb":0,"wastedMs":0,"results":[]}},"name":"uses-request-compression","description":"Enable text compression","scoringMode":"binary","informative":true,"details":{"itemHeaders":[{"itemType":"url","text":"Uncompressed resource URL","type":"text"},{"itemType":"text","text":"Original","type":"text"},{"itemType":"text","text":"GZIP Savings","type":"text"}],"header":"View Details","type":"table","items":[]}},"appcache-manifest":{"displayValue":"","score":true,"debugString":"","helpText":"Application Cache is deprecated. [Learn more](https://developers.google.com/web/tools/lighthouse/audits/appcache).","rawValue":true,"name":"appcache-manifest","description":"Avoids Application Cache","scoringMode":"binary"},"themed-omnibox":{"displayValue":"","score":false,"debugString":"Failures: No manifest was fetched, No `<meta name=\"theme-color\">` tag found.","helpText":"The browser address bar can be themed to match your site. [Learn more](https://developers.google.com/web/tools/lighthouse/audits/address-bar).","rawValue":false,"extendedInfo":{"value":{"failures":["No manifest was fetched","No `<meta name=\"theme-color\">` tag found"],"themeColor":null,"manifestValues":{"parseFailureReason":"No manifest was fetched","allChecks":[],"isParseFailure":true}}},"name":"themed-omnibox","description":"Address bar does not match brand colors","scoringMode":"binary"},"color-contrast":{"displayValue":"","score":true,"helpText":"Low-contrast text is difficult or impossible for many users to read. [Learn more](https://dequeuniversity.com/rules/axe/2.2/color-contrast?application=lighthouse).","rawValue":true,"extendedInfo":{},"name":"color-contrast","description":"Background and foreground colors have a sufficient contrast ratio","scoringMode":"binary","details":{"header":{"text":"View failing elements","type":"text"},"type":"list","items":[]}},"listitem":{"displayValue":"","score":false,"helpText":"Screen readers require list items (`<li>`) to be contained within a parent `<ul>` or `<ol>` to be announced properly. [Learn more](https://dequeuniversity.com/rules/axe/2.2/listitem?application=lighthouse).","rawValue":false,"name":"listitem","description":"List items (`<li>`) are not contained within `<ul>` or `<ol>` parent elements.","scoringMode":"binary","informative":true,"notApplicable":true},"no-mutation-events":{"displayValue":"","score":true,"helpText":"Mutation Events are deprecated and harm performance. Consider using Mutation Observers instead. [Learn more](https://developers.google.com/web/tools/lighthouse/audits/mutation-events).","rawValue":true,"extendedInfo":{"value":{"results":[]}},"name":"no-mutation-events","description":"Avoids Mutation Events in its own scripts","scoringMode":"binary","details":{"itemHeaders":[{"itemType":"url","text":"URL","type":"text"},{"itemType":"code","text":"Event","type":"text"},{"itemType":"text","text":"Line","type":"text"},{"itemType":"text","text":"Col","type":"text"},{"itemType":"code","text":"Snippet","type":"text"}],"header":"View Details","type":"table","items":[]}},"audio-caption":{"displayValue":"","score":false,"helpText":"Captions make audio elements usable for deaf or hearing-impaired users, providing critical information such as who is talking, what they're saying, and other non-speech information. [Learn more](https://dequeuniversity.com/rules/axe/2.2/audio-caption?application=lighthouse).","rawValue":false,"name":"audio-caption","description":"`<audio>` elements are missing a `<track>` element with `[kind=\"captions\"]`.","scoringMode":"binary","informative":true,"notApplicable":true},"first-meaningful-paint":{"displayValue":"4,520 ms","score":40,"helpText":"First meaningful paint measures when the primary content of a page is visible. [Learn more](https://developers.google.com/web/tools/lighthouse/audits/first-meaningful-paint).","rawValue":4521.8,"extendedInfo":{"value":{"timestamps":{"fCP":8650057715484,"endOfTrace":8650064967436,"fMP":8650057715493,"onLoad":8650058566647,"navStart":8650053193698},"fmpFellBack":false,"timings":{"fCP":4521.786,"endOfTrace":11773.738,"fMP":4521.795,"onLoad":5372.949,"navStart":0}}},"name":"first-meaningful-paint","description":"First meaningful paint","scoringMode":"numeric"},"focus-traps":{"displayValue":"","score":false,"helpText":"A user can tab into and out of any control or region without accidentally trapping their focus. [Learn more](https://developers.google.com/web/fundamentals/accessibility/how-to-review#start_with_the_keyboard).","rawValue":false,"name":"focus-traps","description":"User focus is not accidentally trapped in a region","scoringMode":"binary","informative":true,"manual":true},"aria-allowed-attr":{"displayValue":"","score":true,"helpText":"Each ARIA `role` supports a specific subset of `aria-*` attributes. Mismatching these invalidates the `aria-*` attributes. [Learn more](https://dequeuniversity.com/rules/axe/2.2/aria-allowed-attr?application=lighthouse).","rawValue":true,"extendedInfo":{},"name":"aria-allowed-attr","description":"`[aria-*]` attributes match their roles","scoringMode":"binary","details":{"header":{"text":"View failing elements","type":"text"},"type":"list","items":[]}},"geolocation-on-start":{"displayValue":"","score":true,"helpText":"Users are mistrustful of or confused by sites that request their location without context. Consider tying the request to user gestures instead. [Learn more](https://developers.google.com/web/tools/lighthouse/audits/geolocation-on-load).","rawValue":true,"extendedInfo":{"value":[]},"name":"geolocation-on-start","description":"Avoids requesting the geolocation permission on page load","scoringMode":"binary","details":{"itemHeaders":[{"itemType":"url","text":"URL","type":"text"},{"itemType":"text","text":"Location","type":"text"}],"header":"View Details","type":"table","items":[]}},"image-aspect-ratio":{"displayValue":"","score":true,"helpText":"Image display dimensions should match natural aspect ratio.","rawValue":true,"name":"image-aspect-ratio","description":"Displays images with correct aspect ratio","scoringMode":"binary","details":{"itemHeaders":[{"itemType":"thumbnail","text":"","type":"text"},{"itemType":"url","text":"URL","type":"text"},{"itemType":"text","text":"Aspect Ratio (Displayed)","type":"text"},{"itemType":"text","text":"Aspect Ratio (Actual)","type":"text"}],"header":"View Details","type":"table","items":[]}},"valid-lang":{"displayValue":"","score":false,"helpText":"Specifying a valid [BCP 47 language](https://www.w3.org/International/questions/qa-choosing-language-tags#question) on elements helps ensure that text is pronounced correctly by a screen reader. [Learn more](https://dequeuniversity.com/rules/axe/2.2/valid-lang?application=lighthouse).","rawValue":false,"name":"valid-lang","description":"`[lang]` attributes do not have a valid value","scoringMode":"binary","informative":true,"notApplicable":true},"html-has-lang":{"displayValue":"","score":false,"helpText":"If a page doesn't specify a lang attribute, a screen reader assumes that the page is in the default language that the user chose when setting up the screen reader. If the page isn't actually in the default language, then the screen reader might not announce the page's text correctly. [Learn more](https://dequeuniversity.com/rules/axe/2.2/html-lang?application=lighthouse).","rawValue":false,"extendedInfo":{"value":{"help":"<html> element must have a lang attribute","nodes":[{"failureSummary":"Fix any of the following:\n  The <html> element does not have a lang attribute","snippet":"<html>","path":"1,HTML","impact":"serious","html":"<html>","target":["html"]}],"impact":"serious","description":"Ensures every HTML document has a lang attribute","helpUrl":"https://dequeuniversity.com/rules/axe/3.0/html-has-lang?application=axeAPI","id":"html-has-lang","tags":["cat.language","wcag2a","wcag311"]}},"name":"html-has-lang","description":"`<html>` element does not have a `[lang]` attribute","scoringMode":"binary","details":{"header":{"text":"View failing elements","type":"text"},"type":"list","items":[{"snippet":"<html>","path":"1,HTML","selector":"html","type":"node"}]}},"unminified-javascript":{"displayValue":"","score":100,"helpText":"Minifying JavaScript files can reduce payload sizes and script parse time. [Learn more](https://developers.google.com/speed/docs/insights/MinifyResources).","rawValue":0,"extendedInfo":{"value":{"wastedKb":0,"wastedMs":0,"results":[]}},"name":"unminified-javascript","description":"Minify JavaScript","scoringMode":"binary","informative":true,"details":{"itemHeaders":[{"itemType":"url","text":"URL","type":"text"},{"itemType":"text","text":"Original","type":"text"},{"itemType":"text","text":"Potential Savings","type":"text"}],"header":"View Details","type":"table","items":[]}},"object-alt":{"displayValue":"","score":false,"helpText":"Screen readers cannot translate non-text content. Adding alt text to `<object>` elements helps screen readers convey meaning to users. [Learn more](https://dequeuniversity.com/rules/axe/2.2/object-alt?application=lighthouse).","rawValue":false,"name":"object-alt","description":"`<object>` elements do not have `[alt]` text","scoringMode":"binary","informative":true,"notApplicable":true},"accesskeys":{"displayValue":"","score":false,"helpText":"Access keys let users quickly focus a part of the page. For proper navigation, each access key must be unique. [Learn more](https://dequeuniversity.com/rules/axe/2.2/accesskeys?application=lighthouse).","rawValue":false,"name":"accesskeys","description":"`[accesskey]` values are not unique","scoringMode":"binary","informative":true,"notApplicable":true},"image-alt":{"displayValue":"","score":false,"helpText":"Informative elements should aim for short, descriptive alternate text. Decorative elements can be ignored with an empty alt attribute.[Learn more](https://dequeuniversity.com/rules/axe/2.2/image-alt?application=lighthouse).","rawValue":false,"name":"image-alt","description":"Image elements do not have `[alt]` attributes","scoringMode":"binary","informative":true,"notApplicable":true},"notification-on-start":{"displayValue":"","score":true,"helpText":"Users are mistrustful of or confused by sites that request to send notifications without context. Consider tying the request to user gestures instead. [Learn more](https://developers.google.com/web/tools/lighthouse/audits/notifications-on-load).","rawValue":true,"extendedInfo":{"value":[]},"name":"notification-on-start","description":"Avoids requesting the notification permission on page load","scoringMode":"binary","details":{"itemHeaders":[{"itemType":"url","text":"URL","type":"text"},{"itemType":"text","text":"Location","type":"text"}],"header":"View Details","type":"table","items":[]}},"unused-css-rules":{"displayValue":"Potential savings of 35 KB (~190 ms)","score":90,"helpText":"Remove unused rules from stylesheets to reduce unnecessary bytes consumed by network activity. [Learn more](https://developers.google.com/speed/docs/insights/OptimizeCSSDelivery)","rawValue":190,"extendedInfo":{"value":{"wastedKb":35,"wastedMs":190,"results":[{"wastedKb":"29 KB","totalKb":"32 KB","wastedMs":"160 ms","totalMs":"170 ms","potentialSavings":"29 KB (93%)","totalBytes":32261,"wastedPercent":92.80281987684556,"wastedBytes":29939,"url":"http://web/static/css/app.a1bcfeb0daa2a3f727390086fd42ee9d.css"},{"wastedKb":"5 KB","totalKb":"6 KB","wastedMs":"30 ms","totalMs":"30 ms","potentialSavings":"5 KB (98%)","totalBytes":5722,"wastedPercent":98.2698357217756,"wastedBytes":5623,"url":{"text":"a { color: #1976d2; } ...","type":"code"}}]}},"name":"unused-css-rules","description":"Unused CSS rules","scoringMode":"binary","informative":true,"details":{"itemHeaders":[{"itemType":"url","text":"URL","type":"text"},{"itemType":"text","text":"Original","type":"text"},{"itemType":"text","text":"Potential Savings","type":"text"}],"header":"View Details","type":"table","items":[[{"text":"http://web/static/css/app.a1bcfeb0daa2a3f727390086fd42ee9d.css","type":"url"},{"text":"32 KB","type":"text"},{"text":"29 KB (93%)","type":"text"}],[{"text":"a { color: #1976d2; } ...","type":"code"},{"text":"6 KB","type":"text"},{"text":"5 KB (98%)","type":"text"}]]}},"structured-data":{"displayValue":"","score":false,"helpText":"Run the [Structured Data Testing Tool](https://search.google.com/structured-data/testing-tool/) and the [Structured Data Linter](http://linter.structured-data.org/) to validate structured data. [Learn more](https://developers.google.com/search/docs/guides/mark-up-content).","rawValue":false,"name":"structured-data","description":"Structured data is valid","scoringMode":"binary","informative":true,"manual":true},"content-width":{"displayValue":"","score":true,"debugString":"","helpText":"If the width of your app's content doesn't match the width of the viewport, your app might not be optimized for mobile screens. [Learn more](https://developers.google.com/web/tools/lighthouse/audits/content-sized-correctly-for-viewport).","rawValue":true,"name":"content-width","description":"Content is sized correctly for the viewport","scoringMode":"binary"},"mainthread-work-breakdown":{"displayValue":"2,800 ms","score":true,"helpText":"Consider reducing the time spent parsing, compiling and executing JS.You may find delivering smaller JS payloads helps with this.","rawValue":2799.5130100250244,"extendedInfo":{"value":{"Update Layer Tree":108.97500228881836,"Layout":432.32500076293945,"Recalculate Style":503.69400215148926,"Evaluate Script":1296.8040027618408,"Animation Frame Fired":8.261001586914062,"Minor GC":82.69900131225586,"Run Microtasks":63.02199935913086,"Parse HTML":62.446001052856445,"Paint":41.383995056152344,"Compile Script":44.90999984741211,"Composite Layers":77.99400329589844,"Parse Stylesheet":76.9990005493164}},"name":"mainthread-work-breakdown","description":"Main thread work breakdown","scoringMode":"binary","informative":true,"details":{"itemHeaders":[{"itemType":"text","text":"Category","type":"text"},{"itemType":"text","text":"Work","type":"text"},{"itemType":"text","text":"Time spent","type":"text"}],"header":"View Details","type":"table","items":[[{"text":"Script Evaluation","type":"text"},{"text":"Evaluate Script","type":"text"},{"text":"1,297 ms","type":"text"}],[{"text":"Script Evaluation","type":"text"},{"text":"Run Microtasks","type":"text"},{"text":"63 ms","type":"text"}],[{"text":"Script Evaluation","type":"text"},{"text":"Animation Frame Fired","type":"text"},{"text":"8 ms","type":"text"}],[{"text":"Style & Layout","type":"text"},{"text":"Recalculate Style","type":"text"},{"text":"504 ms","type":"text"}],[{"text":"Style & Layout","type":"text"},{"text":"Layout","type":"text"},{"text":"432 ms","type":"text"}],[{"text":"Compositing","type":"text"},{"text":"Update Layer Tree","type":"text"},{"text":"109 ms","type":"text"}],[{"text":"Compositing","type":"text"},{"text":"Composite Layers","type":"text"},{"text":"78 ms","type":"text"}],[{"text":"Parsing HTML & CSS","type":"text"},{"text":"Parse Stylesheet","type":"text"},{"text":"77 ms","type":"text"}],[{"text":"Parsing HTML & CSS","type":"text"},{"text":"Parse HTML","type":"text"},{"text":"62 ms","type":"text"}],[{"text":"Garbage collection","type":"text"},{"text":"Minor GC","type":"text"},{"text":"83 ms","type":"text"}],[{"text":"Script Parsing & Compile","type":"text"},{"text":"Compile Script","type":"text"},{"text":"45 ms","type":"text"}],[{"text":"Paint","type":"text"},{"text":"Paint","type":"text"},{"text":"41 ms","type":"text"}]]}},"canonical":{"displayValue":"","score":null,"debugString":"Audit error: Unable to identify the main resource","helpText":"Canonical links suggest which URL to show in search results. [Learn more](https://developers.google.com/web/tools/lighthouse/audits/canonical).","rawValue":null,"name":"canonical","description":"Document does not have a valid `rel=canonical`","scoringMode":"binary","error":true},"bootup-time":{"displayValue":"1,570 ms","score":true,"helpText":"Consider reducing the time spent parsing, compiling, and executing JS. You may find delivering smaller JS payloads helps with this. [Learn more](https://developers.google.com/web/lighthouse/audits/bootup).","rawValue":1573.503999710083,"extendedInfo":{"value":{"http://web/static/js/app.310cd52123c59f9f64a5.js":{"Script Evaluation":1173.697998046875,"Script Parsing & Compile":22.533000946044922},"http://web/static/js/vendor.d1efda22f11e965a5228.js":{"Style & Layout":178.41699981689453,"Script Parsing & Compile":14.004999160766602,"Script Evaluation":9.45100212097168},"https://unpkg.com/vue-chartjs@3.3.2/dist/vue-chartjs.min.js":{"Script Evaluation":6.445001602172852,"Script Parsing & Compile":4.004999160766602},"https://cdnjs.cloudflare.com/ajax/libs/Chart.js/2.7.1/Chart.min.js":{"Style & Layout":0.8509998321533203,"Script Evaluation":90.19700050354004,"Script Parsing & Compile":0.5679988861083984},"http://web/static/js/manifest.9f020e973ae4037504f6.js":{"Script Parsing & Compile":2.184000015258789,"Script Evaluation":1.4300003051757812},"http://web/":{"Style & Layout":0.0989990234375,"Script Evaluation":7.028999328613281,"Script Parsing & Compile":0.14599990844726562},"http://web/#/":{"Parsing HTML & CSS":62.446001052856445}}},"name":"bootup-time","description":"JavaScript boot-up time","scoringMode":"binary","details":{"itemHeaders":[{"itemType":"url","text":"URL","type":"text"},{"itemType":"text","text":"Script Evaluation","type":"text"},{"itemType":"text","text":"Script Parsing & Compile","type":"text"}],"header":"View Details","type":"table","items":[[{"text":"http://web/static/js/app.310cd52123c59f9f64a5.js","type":"url"},{"text":"1,174 ms","type":"text"},{"text":"23 ms","type":"text"}],[{"text":"https://cdnjs.cloudflare.com/ajax/libs/Chart.js/2.7.1/Chart.min.js","type":"url"},{"text":"90 ms","type":"text"},{"text":"1 ms","type":"text"}],[{"text":"http://web/static/js/vendor.d1efda22f11e965a5228.js","type":"url"},{"text":"9 ms","type":"text"},{"text":"14 ms","type":"text"}],[{"text":"https://unpkg.com/vue-chartjs@3.3.2/dist/vue-chartjs.min.js","type":"url"},{"text":"6 ms","type":"text"},{"text":"4 ms","type":"text"}]]}},"list":{"displayValue":"","score":false,"helpText":"Screen readers have a specific way of announcing lists. Ensuring proper list structure aids screen reader output. [Learn more](https://dequeuniversity.com/rules/axe/2.2/list?application=lighthouse).","rawValue":false,"name":"list","description":"Lists do not contain only `<li>` elements and script supporting elements (`<script>` and `<template>`).","scoringMode":"binary","informative":true,"notApplicable":true},"hreflang":{"displayValue":"","score":null,"debugString":"Audit error: Unable to identify the main resource","helpText":"hreflang allows crawlers to discover alternate translations of the page content. [Learn more](https://support.google.com/webmasters/answer/189077).","rawValue":null,"name":"hreflang","description":"Document doesn't have a valid `hreflang`","scoringMode":"binary","error":true},"is-crawlable":{"displayValue":"","score":null,"debugString":"Audit error: Unable to identify the main resource","helpText":"Search engines are unable to include your pages in search results if they don't have permission to crawl them. [Learn more](https://developers.google.com/web/tools/lighthouse/audits/indexing).","rawValue":null,"name":"is-crawlable","description":"Page is blocked from indexing","scoringMode":"binary","error":true},"service-worker":{"displayValue":"","score":false,"helpText":"The service worker is the technology that enables your app to use many Progressive Web App features, such as offline, add to homescreen, and push notifications. [Learn more](https://developers.google.com/web/tools/lighthouse/audits/registered-service-worker).","rawValue":false,"name":"service-worker","description":"Does not register a service worker","scoringMode":"binary"},"use-landmarks":{"displayValue":"","score":false,"helpText":"Landmark elements (<main>, <nav>, etc.) are used to improve the keyboard navigation of the page for assistive technology. [Learn more](https://developers.google.com/web/fundamentals/accessibility/how-to-review#take_advantage_of_headings_and_landmarks).","rawValue":false,"name":"use-landmarks","description":"HTML5 landmark elements are used to improve navigation","scoringMode":"binary","informative":true,"manual":true},"critical-request-chains":{"displayValue":"","score":null,"debugString":"Audit error: Unable to identify the main resource","helpText":"The Critical Request Chains below show you what resources are issued with a high priority. Consider reducing the length of chains, reducing the download size of resources, or deferring the download of unnecessary resources to improve page load. [Learn more](https://developers.google.com/web/tools/lighthouse/audits/critical-request-chains).","rawValue":null,"name":"critical-request-chains","description":"Critical Request Chains","scoringMode":"binary","informative":true,"error":true},"consistently-interactive":{"displayValue":"6,460 ms","score":71,"helpText":"Consistently Interactive marks the time at which the page is fully interactive. [Learn more](https://developers.google.com/web/tools/lighthouse/audits/consistently-interactive).","rawValue":6460.149,"extendedInfo":{"value":{"timeInMs":6460.149,"cpuQuietPeriod":{"start":8.650059653847E9,"end":8.650064967436E9},"networkQuietPeriods":[{"start":8.650059532223999E9,"end":8.650064967436E9}],"networkQuietPeriod":{"start":8.650059532223999E9,"end":8.650064967436E9},"cpuQuietPeriods":[{"start":8.650059653847E9,"end":8.650064967436E9}],"timestamp":8650059653847}},"name":"consistently-interactive","description":"Consistently Interactive (beta)","scoringMode":"numeric"},"pwa-page-transitions":{"displayValue":"","score":false,"helpText":"Transitions should feel snappy as you tap around, even on a slow network, a key to perceived performance. [Learn more](https://developers.google.com/web/progressive-web-apps/checklist#page-transitions-dont-feel-like-they-block-on-the-network).","rawValue":false,"name":"pwa-page-transitions","description":"Page transitions don't feel like they block on the network","scoringMode":"binary","informative":true,"manual":true},"user-timings":{"displayValue":"0","score":true,"helpText":"Consider instrumenting your app with the User Timing API to create custom, real-world measurements of key user experiences. [Learn more](https://developers.google.com/web/tools/lighthouse/audits/user-timing).","rawValue":true,"extendedInfo":{"value":[]},"name":"user-timings","description":"User Timing marks and measures","scoringMode":"binary","informative":true,"details":{"itemHeaders":[{"itemType":"text","text":"Name","type":"text"},{"itemType":"text","text":"Type","type":"text"},{"itemType":"text","text":"Time","type":"text"}],"header":"View Details","type":"table","items":[]}},"manifest-short-name-length":{"displayValue":"","score":false,"helpText":"Make your app's `short_name` fewer than 12 characters to ensure that it's not truncated on homescreens. [Learn more](https://developers.google.com/web/tools/lighthouse/audits/manifest-short_name-is-not-truncated).","rawValue":false,"name":"manifest-short-name-length","description":"Manifest's `short_name` will be truncated when displayed on homescreen","scoringMode":"binary"},"no-vulnerable-libraries":{"displayValue":"","score":true,"helpText":"Some third-party scripts may contain known security vulnerabilities  that are easily identified and exploited by attackers.","rawValue":true,"name":"no-vulnerable-libraries","description":"Avoids front-end JavaScript libraries with known security vulnerabilities","scoringMode":"binary"},"font-size":{"displayValue":"","score":true,"debugString":null,"helpText":"Font sizes less than 12px are too small to be legible and require mobile visitors to \u201cpinch to zoom\u201d in order to read. Strive to have >60% of page text ≥12px. [Learn more](https://developers.google.com/web/tools/lighthouse/audits/font-sizes).","rawValue":true,"name":"font-size","description":"Document uses legible font sizes","scoringMode":"binary","details":{"itemHeaders":[{"itemType":"url","text":"Source","type":"text"},{"itemType":"code","text":"Selector","type":"text"},{"itemType":"text","text":"% of Page Text","type":"text"},{"itemType":"text","text":"Font Size","type":"text"}],"header":"View Details","type":"table","items":[[{"text":"Legible text","type":"url"},{"text":null,"type":"code"},{"text":"100.00%","type":"text"},{"text":"≥ 12px","type":"text"}]]}},"aria-valid-attr":{"displayValue":"","score":true,"helpText":"Assistive technologies, like screen readers, can't interpret ARIA attributes with invalid names. [Learn more](https://dequeuniversity.com/rules/axe/2.2/aria-valid-attr?application=lighthouse).","rawValue":true,"extendedInfo":{},"name":"aria-valid-attr","description":"`[aria-*]` attributes are valid and not misspelled","scoringMode":"binary","details":{"header":{"text":"View failing elements","type":"text"},"type":"list","items":[]}},"aria-required-attr":{"displayValue":"","score":false,"helpText":"Some ARIA roles have required attributes that describe the state of the element to screen readers. [Learn more](https://dequeuniversity.com/rules/axe/2.2/aria-required-attr?application=lighthouse).","rawValue":false,"name":"aria-required-attr","description":"`[role]`s do not have all required `[aria-*]` attributes","scoringMode":"binary","informative":true,"notApplicable":true},"aria-roles":{"displayValue":"","score":false,"helpText":"ARIA roles must have valid values in order to perform their intended accessibility functions. [Learn more](https://dequeuniversity.com/rules/axe/2.2/aria-roles?application=lighthouse).","rawValue":false,"name":"aria-roles","description":"`[role]` values are not valid","scoringMode":"binary","informative":true,"notApplicable":true},"redirects-http":{"displayValue":"","score":false,"helpText":"If you've already set up HTTPS, make sure that you redirect all HTTP traffic to HTTPS. [Learn more](https://developers.google.com/web/tools/lighthouse/audits/http-redirects-to-https).","rawValue":false,"name":"redirects-http","description":"Does not redirect HTTP traffic to HTTPS","scoringMode":"binary"},"aria-required-children":{"displayValue":"","score":false,"helpText":"Some ARIA parent roles must contain specific child roles to perform their intended accessibility functions. [Learn more](https://dequeuniversity.com/rules/axe/2.2/aria-required-children?application=lighthouse).","rawValue":false,"name":"aria-required-children","description":"Elements with `[role]` that require specific children `[role]`s, are missing.","scoringMode":"binary","informative":true,"notApplicable":true},"dom-size":{"displayValue":"94 nodes","score":100,"helpText":"Browser engineers recommend pages contain fewer than ~1,500 DOM nodes. The sweet spot is a tree depth < 32 elements and fewer than 60 children/parent element. A large DOM can increase memory usage, cause longer [style calculations](https://developers.google.com/web/fundamentals/performance/rendering/reduce-the-scope-and-complexity-of-style-calculations), and produce costly [layout reflows](https://developers.google.com/speed/articles/reflow). [Learn more](https://developers.google.com/web/fundamentals/performance/rendering/).","rawValue":94,"extendedInfo":{"value":[{"title":"Total DOM Nodes","value":"94","target":"< 1,500 nodes"},{"snippet":"html >\n  body >\n    main >\n      div#inspire.application.theme--dark >\n        div.application--wrap >\n          aside.navigation-drawer.navigation-drawer--clipped.navigation-drawer--close.navigation-drawer--fixed.navigation-drawer--is-mobile >\n            div.list >\n              div >\n                div.list__tile >\n                  div.input-group.input-group--dirty.input-group--selection-controls.switch.accent--text >\n                    div.input-group__input >\n                      div.input-group--selection-controls__container >\n                        div.input-group--selection-controls__toggle.input-group--selection-controls__toggle--active","title":"DOM Depth","value":"13","target":"< 32"},{"snippet":"Element with most children:\nhead","title":"Maximum Children","value":"8","target":"< 60 nodes"}]},"name":"dom-size","description":"Avoids an excessive DOM size","scoringMode":"numeric","details":{"header":{"text":"View details","type":"text"},"type":"cards","items":[{"title":"Total DOM Nodes","value":"94","target":"< 1,500 nodes"},{"snippet":"html >\n  body >\n    main >\n      div#inspire.application.theme--dark >\n        div.application--wrap >\n          aside.navigation-drawer.navigation-drawer--clipped.navigation-drawer--close.navigation-drawer--fixed.navigation-drawer--is-mobile >\n            div.list >\n              div >\n                div.list__tile >\n                  div.input-group.input-group--dirty.input-group--selection-controls.switch.accent--text >\n                    div.input-group__input >\n                      div.input-group--selection-controls__container >\n                        div.input-group--selection-controls__toggle.input-group--selection-controls__toggle--active","title":"DOM Depth","value":"13","target":"< 32"},{"snippet":"Element with most children:\nhead","title":"Maximum Children","value":"8","target":"< 60 nodes"}]}},"no-websql":{"displayValue":"","score":true,"debugString":"","helpText":"Web SQL is deprecated. Consider using IndexedDB instead. [Learn more](https://developers.google.com/web/tools/lighthouse/audits/web-sql).","rawValue":true,"name":"no-websql","description":"Avoids WebSQL DB","scoringMode":"binary"},"webapp-install-banner":{"displayValue":"","score":false,"debugString":"Failures: No manifest was fetched, Site does not register a service worker, Service worker does not successfully serve the manifest's start_url, No usable web app manifest found on page.","helpText":"Browsers can proactively prompt users to add your app to their homescreen, which can lead to higher engagement. [Learn more](https://developers.google.com/web/tools/lighthouse/audits/install-prompt).","rawValue":false,"extendedInfo":{"value":{"failures":["No manifest was fetched","Site does not register a service worker","Service worker does not successfully serve the manifest's start_url","No usable web app manifest found on page"],"warnings":["No usable web app manifest found on page"],"manifestValues":{"parseFailureReason":"No manifest was fetched","allChecks":[],"isParseFailure":true}}},"name":"webapp-install-banner","description":"User will not be prompted to Install the Web App","scoringMode":"binary"},"uses-passive-event-listeners":{"displayValue":"","score":true,"helpText":"Consider marking your touch and wheel event listeners as `passive` to improve your page's scroll performance. [Learn more](https://developers.google.com/web/tools/lighthouse/audits/passive-event-listeners).","rawValue":true,"extendedInfo":{"value":[]},"name":"uses-passive-event-listeners","description":"Uses passive listeners to improve scrolling performance","scoringMode":"binary","details":{"itemHeaders":[{"itemType":"url","text":"URL","type":"text"},{"itemType":"text","text":"Location","type":"text"}],"header":"View Details","type":"table","items":[]}},"screenshot-thumbnails":{"displayValue":"true","score":100,"helpText":"This is what the load of your site looked like.","rawValue":true,"name":"screenshot-thumbnails","description":"Screenshot Thumbnails","scoringMode":"binary","informative":true,"details":{"scale":6606,"type":"filmstrip","items":[{"data":"/9j/4AAQSkZJRgABAQAAAQABAAD/2wCEAAMCAgMCAgMDAwMEAwMEBQgFBQQEBQoHBwYIDAoMDAsKCwsNDhIQDQ4RDgsLEBYQERMUFRUVDA8XGBYUGBIUFRQBAwQEBQQFCQUFCRQNCw0UFBQUFBQUFBQUFBQUFBQUFBQUFBQUFBQUFBQUFBQUFBQUFBQUFBQUFBQUFBQUFBQUFP/AABEIANUAeAMBEQACEQEDEQH/xAGiAAABBQEBAQEBAQAAAAAAAAAAAQIDBAUGBwgJCgsQAAIBAwMCBAMFBQQEAAABfQECAwAEEQUSITFBBhNRYQcicRQygZGhCCNCscEVUtHwJDNicoIJChYXGBkaJSYnKCkqNDU2Nzg5OkNERUZHSElKU1RVVldYWVpjZGVmZ2hpanN0dXZ3eHl6g4SFhoeIiYqSk5SVlpeYmZqio6Slpqeoqaqys7S1tre4ubrCw8TFxsfIycrS09TV1tfY2drh4uPk5ebn6Onq8fLz9PX29/j5+gEAAwEBAQEBAQEBAQAAAAAAAAECAwQFBgcICQoLEQACAQIEBAMEBwUEBAABAncAAQIDEQQFITEGEkFRB2FxEyIygQgUQpGhscEJIzNS8BVictEKFiQ04SXxFxgZGiYnKCkqNTY3ODk6Q0RFRkdISUpTVFVWV1hZWmNkZWZnaGlqc3R1dnd4eXqCg4SFhoeIiYqSk5SVlpeYmZqio6Slpqeoqaqys7S1tre4ubrCw8TFxsfIycrS09TV1tfY2dri4+Tl5ufo6ery8/T19vf4+fr/2gAMAwEAAhEDEQA/AP1ToAKACgAoAKACgAoAKACgAoAKACgAoAKACgAoAKACgAoAKACgAoAKACgAoAKACgAoAKACgAoAKACgAoAKACgAoAKACgAoAKACgAoAKACgAoAKACgAoAKACgAoAKACgAoAKACgAoAKACgAoAKACgAoAKACgAoAKACgAoAKACgAoAKACgAoAKACgAoAKACgAoAKACgAoAKACgAoAKACgAoAKACgAoAKACgAoAKACgAoAKACgAoAKACgAoAKACgAoAKACgAoAKACgAoAKACgAoAKACgAoAKACgAoAKACgAoAKACgAoAKACgAoAKACgAoAKACgAoAKACgAoAKACgAoAKACgAoAKACgAoAKACgAoAKACgAoAKACgAoAKACgAoAKACgAoAKACgAoAKACgAoAKACgAoAKACgAoAKACgAoAKACgAoAKACgAoAKACgAoAKACgAoAKACgAoAKACgAoAKACgAoAKACgAoAKACgAoAKACgAoAKACgAoAKACgAoAKACgAoAKACgAoAKACgAoAKACgAoAKACgAoAKACgAoAKACgAoAKACgAoAKACgAoAKACgAoAKACgAoAKACgAoAKACgAoAKACgAoAKACgAoAKACgAoAKACgAoAKACgAoAKACgAoAKACgAoAKACgAoAKACgAoAKACgAoAKACgAoAKACgAoAKACgAoAKACgAoAKACgAoAKACgAoAKACgAoAKACgAoAKACgAoAKACgAoAKACgAoAKACgAoAKACgAoAKACgAoAKACgAoAKACgAoAKACgAoAKACgAoAKACgAoAKACgAoAKACgAoAKACgAoAKACgAoAKACgAoAKACgAoAKACgAoAKACgAoAKACgAoAKACgAoAKACgAoAKACgAoAKACgAoAKACgAoAKACgAoAKACgAoAKACgAoAKACgAoAKACgAoAKACgAoAKACgD//Z","timing":661,"timestamp":8650053854298},{"data":"/9j/4AAQSkZJRgABAQAAAQABAAD/2wCEAAMCAgMCAgMDAwMEAwMEBQgFBQQEBQoHBwYIDAoMDAsKCwsNDhIQDQ4RDgsLEBYQERMUFRUVDA8XGBYUGBIUFRQBAwQEBQQFCQUFCRQNCw0UFBQUFBQUFBQUFBQUFBQUFBQUFBQUFBQUFBQUFBQUFBQUFBQUFBQUFBQUFBQUFBQUFP/AABEIANUAeAMBEQACEQEDEQH/xAGiAAABBQEBAQEBAQAAAAAAAAAAAQIDBAUGBwgJCgsQAAIBAwMCBAMFBQQEAAABfQECAwAEEQUSITFBBhNRYQcicRQygZGhCCNCscEVUtHwJDNicoIJChYXGBkaJSYnKCkqNDU2Nzg5OkNERUZHSElKU1RVVldYWVpjZGVmZ2hpanN0dXZ3eHl6g4SFhoeIiYqSk5SVlpeYmZqio6Slpqeoqaqys7S1tre4ubrCw8TFxsfIycrS09TV1tfY2drh4uPk5ebn6Onq8fLz9PX29/j5+gEAAwEBAQEBAQEBAQAAAAAAAAECAwQFBgcICQoLEQACAQIEBAMEBwUEBAABAncAAQIDEQQFITEGEkFRB2FxEyIygQgUQpGhscEJIzNS8BVictEKFiQ04SXxFxgZGiYnKCkqNTY3ODk6Q0RFRkdISUpTVFVWV1hZWmNkZWZnaGlqc3R1dnd4eXqCg4SFhoeIiYqSk5SVlpeYmZqio6Slpqeoqaqys7S1tre4ubrCw8TFxsfIycrS09TV1tfY2dri4+Tl5ufo6ery8/T19vf4+fr/2gAMAwEAAhEDEQA/AP1ToAKACgAoAKACgAoAKACgAoAKACgAoAKACgAoAKACgAoAKACgAoAKACgAoAKACgAoAKACgAoAKACgAoAKACgAoAKACgAoAKACgAoAKACgAoAKACgAoAKACgAoAKACgAoAKACgAoAKACgAoAKACgAoAKACgAoAKACgAoAKACgAoAKACgAoAKACgAoAKACgAoAKACgAoAKACgAoAKACgAoAKACgAoAKACgAoAKACgAoAKACgAoAKACgAoAKACgAoAKACgAoAKACgAoAKACgAoAKACgAoAKACgAoAKACgAoAKACgAoAKACgAoAKACgAoAKACgAoAKACgAoAKACgAoAKACgAoAKACgAoAKACgAoAKACgAoAKACgAoAKACgAoAKACgAoAKACgAoAKACgAoAKACgAoAKACgAoAKACgAoAKACgAoAKACgAoAKACgAoAKACgAoAKACgAoAKACgAoAKACgAoAKACgAoAKACgAoAKACgAoAKACgAoAKACgAoAKACgAoAKACgAoAKACgAoAKACgAoAKACgAoAKACgAoAKACgAoAKACgAoAKACgAoAKACgAoAKACgAoAKACgAoAKACgAoAKACgAoAKACgAoAKACgAoAKACgAoAKACgAoAKACgAoAKACgAoAKACgAoAKACgAoAKACgAoAKACgAoAKACgAoAKACgAoAKACgAoAKACgAoAKACgAoAKACgAoAKACgAoAKACgAoAKACgAoAKACgAoAKACgAoAKACgAoAKACgAoAKACgAoAKACgAoAKACgAoAKACgAoAKACgAoAKACgAoAKACgAoAKACgAoAKACgAoAKACgAoAKACgAoAKACgAoAKACgAoAKACgAoAKACgAoAKACgAoAKACgAoAKACgAoAKACgAoAKACgAoAKACgAoAKACgAoAKACgAoAKACgAoAKACgAoAKACgD//Z","timing":1321,"timestamp":8.650054514898001E12},{"data":"/9j/4AAQSkZJRgABAQAAAQABAAD/2wCEAAMCAgMCAgMDAwMEAwMEBQgFBQQEBQoHBwYIDAoMDAsKCwsNDhIQDQ4RDgsLEBYQERMUFRUVDA8XGBYUGBIUFRQBAwQEBQQFCQUFCRQNCw0UFBQUFBQUFBQUFBQUFBQUFBQUFBQUFBQUFBQUFBQUFBQUFBQUFBQUFBQUFBQUFBQUFP/AABEIANUAeAMBEQACEQEDEQH/xAGiAAABBQEBAQEBAQAAAAAAAAAAAQIDBAUGBwgJCgsQAAIBAwMCBAMFBQQEAAABfQECAwAEEQUSITFBBhNRYQcicRQygZGhCCNCscEVUtHwJDNicoIJChYXGBkaJSYnKCkqNDU2Nzg5OkNERUZHSElKU1RVVldYWVpjZGVmZ2hpanN0dXZ3eHl6g4SFhoeIiYqSk5SVlpeYmZqio6Slpqeoqaqys7S1tre4ubrCw8TFxsfIycrS09TV1tfY2drh4uPk5ebn6Onq8fLz9PX29/j5+gEAAwEBAQEBAQEBAQAAAAAAAAECAwQFBgcICQoLEQACAQIEBAMEBwUEBAABAncAAQIDEQQFITEGEkFRB2FxEyIygQgUQpGhscEJIzNS8BVictEKFiQ04SXxFxgZGiYnKCkqNTY3ODk6Q0RFRkdISUpTVFVWV1hZWmNkZWZnaGlqc3R1dnd4eXqCg4SFhoeIiYqSk5SVlpeYmZqio6Slpqeoqaqys7S1tre4ubrCw8TFxsfIycrS09TV1tfY2dri4+Tl5ufo6ery8/T19vf4+fr/2gAMAwEAAhEDEQA/AP1ToAKACgAoAKACgAoAKACgAoAKACgAoAKACgAoAKACgAoAKACgAoAKACgAoAKACgAoAKACgAoAKACgAoAKACgAoAKACgAoAKACgAoAKACgAoAKACgAoAKACgAoAKACgAoAKACgAoAKACgAoAKACgAoAKACgAoAKACgAoAKACgAoAKACgAoAKACgAoAKACgAoAKACgAoAKACgAoAKACgAoAKACgAoAKACgAoAKACgAoAKACgAoAKACgAoAKACgAoAKACgAoAKACgAoAKACgAoAKACgAoAKACgAoAKACgAoAKACgAoAKACgAoAKACgAoAKACgAoAKACgAoAKACgAoAKACgAoAKACgAoAKACgAoAKACgAoAKACgAoAKACgAoAKACgAoAKACgAoAKACgAoAKACgAoAKACgAoAKACgAoAKACgAoAKACgAoAKACgAoAKACgAoAKACgAoAKACgAoAKACgAoAKACgAoAKACgAoAKACgAoAKACgAoAKACgAoAKACgAoAKACgAoAKACgAoAKACgAoAKACgAoAKACgAoAKACgAoAKACgAoAKACgAoAKACgAoAKACgAoAKACgAoAKACgAoAKACgAoAKACgAoAKACgAoAKACgAoAKACgAoAKACgAoAKACgAoAKACgAoAKACgAoAKACgAoAKACgAoAKACgAoAKACgAoAKACgAoAKACgAoAKACgAoAKACgAoAKACgAoAKACgAoAKACgAoAKACgAoAKACgAoAKACgAoAKACgAoAKACgAoAKACgAoAKACgAoAKACgAoAKACgAoAKACgAoAKACgAoAKACgAoAKACgAoAKACgAoAKACgAoAKACgAoAKACgAoAKACgAoAKACgAoAKACgAoAKACgAoAKACgAoAKACgAoAKACgAoAKACgAoAKACgAoAKACgAoAKACgAoAKACgAoAKACgD//Z","timing":1982,"timestamp":8.650055175497999E12},{"data":"/9j/4AAQSkZJRgABAQAAAQABAAD/2wCEAAMCAgMCAgMDAwMEAwMEBQgFBQQEBQoHBwYIDAoMDAsKCwsNDhIQDQ4RDgsLEBYQERMUFRUVDA8XGBYUGBIUFRQBAwQEBQQFCQUFCRQNCw0UFBQUFBQUFBQUFBQUFBQUFBQUFBQUFBQUFBQUFBQUFBQUFBQUFBQUFBQUFBQUFBQUFP/AABEIANUAeAMBEQACEQEDEQH/xAGiAAABBQEBAQEBAQAAAAAAAAAAAQIDBAUGBwgJCgsQAAIBAwMCBAMFBQQEAAABfQECAwAEEQUSITFBBhNRYQcicRQygZGhCCNCscEVUtHwJDNicoIJChYXGBkaJSYnKCkqNDU2Nzg5OkNERUZHSElKU1RVVldYWVpjZGVmZ2hpanN0dXZ3eHl6g4SFhoeIiYqSk5SVlpeYmZqio6Slpqeoqaqys7S1tre4ubrCw8TFxsfIycrS09TV1tfY2drh4uPk5ebn6Onq8fLz9PX29/j5+gEAAwEBAQEBAQEBAQAAAAAAAAECAwQFBgcICQoLEQACAQIEBAMEBwUEBAABAncAAQIDEQQFITEGEkFRB2FxEyIygQgUQpGhscEJIzNS8BVictEKFiQ04SXxFxgZGiYnKCkqNTY3ODk6Q0RFRkdISUpTVFVWV1hZWmNkZWZnaGlqc3R1dnd4eXqCg4SFhoeIiYqSk5SVlpeYmZqio6Slpqeoqaqys7S1tre4ubrCw8TFxsfIycrS09TV1tfY2dri4+Tl5ufo6ery8/T19vf4+fr/2gAMAwEAAhEDEQA/AP1ToAKACgAoAKACgAoAKACgAoAKACgAoAKACgAoAKACgAoAKACgAoAKACgAoAKACgAoAKACgAoAKACgAoAKACgAoAKACgAoAKACgAoAKACgAoAKACgAoAKACgAoAKACgAoAKACgAoAKACgAoAKACgAoAKACgAoAKACgAoAKACgAoAKACgAoAKACgAoAKACgAoAKACgAoAKACgAoAKACgAoAKACgAoAKACgAoAKACgAoAKACgAoAKACgAoAKACgAoAKACgAoAKACgAoAKACgAoAKACgAoAKACgAoAKACgAoAKACgAoAKACgAoAKACgAoAKACgAoAKACgAoAKACgAoAKACgAoAKACgAoAKACgAoAKACgAoAKACgAoAKACgAoAKACgAoAKACgAoAKACgAoAKACgAoAKACgAoAKACgAoAKACgAoAKACgAoAKACgAoAKACgAoAKACgAoAKACgAoAKACgAoAKACgAoAKACgAoAKACgAoAKACgAoAKACgAoAKACgAoAKACgAoAKACgAoAKACgAoAKACgAoAKACgAoAKACgAoAKACgAoAKACgAoAKACgAoAKACgAoAKACgAoAKACgAoAKACgAoAKACgAoAKACgAoAKACgAoAKACgAoAKACgAoAKACgAoAKACgAoAKACgAoAKACgAoAKACgAoAKACgAoAKACgAoAKACgAoAKACgAoAKACgAoAKACgAoAKACgAoAKACgAoAKACgAoAKACgAoAKACgAoAKACgAoAKACgAoAKACgAoAKACgAoAKACgAoAKACgAoAKACgAoAKACgAoAKACgAoAKACgAoAKACgAoAKACgAoAKACgAoAKACgAoAKACgAoAKACgAoAKACgAoAKACgAoAKACgAoAKACgAoAKACgAoAKACgAoAKACgAoAKACgAoAKACgAoAKACgAoAKACgAoAKACgD//Z","timing":2642,"timestamp":8650055836098},{"data":"/9j/4AAQSkZJRgABAQAAAQABAAD/2wCEAAMCAgMCAgMDAwMEAwMEBQgFBQQEBQoHBwYIDAoMDAsKCwsNDhIQDQ4RDgsLEBYQERMUFRUVDA8XGBYUGBIUFRQBAwQEBQQFCQUFCRQNCw0UFBQUFBQUFBQUFBQUFBQUFBQUFBQUFBQUFBQUFBQUFBQUFBQUFBQUFBQUFBQUFBQUFP/AABEIANUAeAMBEQACEQEDEQH/xAGiAAABBQEBAQEBAQAAAAAAAAAAAQIDBAUGBwgJCgsQAAIBAwMCBAMFBQQEAAABfQECAwAEEQUSITFBBhNRYQcicRQygZGhCCNCscEVUtHwJDNicoIJChYXGBkaJSYnKCkqNDU2Nzg5OkNERUZHSElKU1RVVldYWVpjZGVmZ2hpanN0dXZ3eHl6g4SFhoeIiYqSk5SVlpeYmZqio6Slpqeoqaqys7S1tre4ubrCw8TFxsfIycrS09TV1tfY2drh4uPk5ebn6Onq8fLz9PX29/j5+gEAAwEBAQEBAQEBAQAAAAAAAAECAwQFBgcICQoLEQACAQIEBAMEBwUEBAABAncAAQIDEQQFITEGEkFRB2FxEyIygQgUQpGhscEJIzNS8BVictEKFiQ04SXxFxgZGiYnKCkqNTY3ODk6Q0RFRkdISUpTVFVWV1hZWmNkZWZnaGlqc3R1dnd4eXqCg4SFhoeIiYqSk5SVlpeYmZqio6Slpqeoqaqys7S1tre4ubrCw8TFxsfIycrS09TV1tfY2dri4+Tl5ufo6ery8/T19vf4+fr/2gAMAwEAAhEDEQA/AP1ToAKACgAoAKACgAoAKACgAoAKACgAoAKACgAoAKACgAoAKACgAoAKACgAoAKACgAoAKACgAoAKACgAoAKACgAoAKACgAoAKACgAoAKACgAoAKACgAoAKACgAoAKACgAoAKACgAoAKACgAoAKACgAoAKACgAoAKACgAoAKACgAoAKACgAoAKACgAoAKACgAoAKACgAoAKACgAoAKACgAoAKACgAoAKACgAoAKACgAoAKACgAoAKACgAoAKACgAoAKACgAoAKACgAoAKACgAoAKACgAoAKACgAoAKACgAoAKACgAoAKACgAoAKACgAoAKACgAoAKACgAoAKACgAoAKACgAoAKACgAoAKACgAoAKACgAoAKACgAoAKACgAoAKACgAoAKACgAoAKACgAoAKACgAoAKACgAoAKACgAoAKACgAoAKACgAoAKACgAoAKACgAoAKACgAoAKACgAoAKACgAoAKACgAoAKACgAoAKACgAoAKACgAoAKACgAoAKACgAoAKACgAoAKACgAoAKACgAoAKACgAoAKACgAoAKACgAoAKACgAoAKACgAoAKACgAoAKACgAoAKACgAoAKACgAoAKACgAoAKACgAoAKACgAoAKACgAoAKACgAoAKACgAoAKACgAoAKACgAoAKACgAoAKACgAoAKACgAoAKACgAoAKACgAoAKACgAoAKACgAoAKACgAoAKACgAoAKACgAoAKACgAoAKACgAoAKACgAoAKACgAoAKACgAoAKACgAoAKACgAoAKACgAoAKACgAoAKACgAoAKACgAoAKACgAoAKACgAoAKACgAoAKACgAoAKACgAoAKACgAoAKACgAoAKACgAoAKACgAoAKACgAoAKACgAoAKACgAoAKACgAoAKACgAoAKACgAoAKACgAoAKACgAoAKACgAoAKACgAoAKACgAoAKACgD//Z","timing":3303,"timestamp":8650056496698},{"data":"/9j/4AAQSkZJRgABAQAAAQABAAD/2wCEAAMCAgMCAgMDAwMEAwMEBQgFBQQEBQoHBwYIDAoMDAsKCwsNDhIQDQ4RDgsLEBYQERMUFRUVDA8XGBYUGBIUFRQBAwQEBQQFCQUFCRQNCw0UFBQUFBQUFBQUFBQUFBQUFBQUFBQUFBQUFBQUFBQUFBQUFBQUFBQUFBQUFBQUFBQUFP/AABEIANUAeAMBEQACEQEDEQH/xAGiAAABBQEBAQEBAQAAAAAAAAAAAQIDBAUGBwgJCgsQAAIBAwMCBAMFBQQEAAABfQECAwAEEQUSITFBBhNRYQcicRQygZGhCCNCscEVUtHwJDNicoIJChYXGBkaJSYnKCkqNDU2Nzg5OkNERUZHSElKU1RVVldYWVpjZGVmZ2hpanN0dXZ3eHl6g4SFhoeIiYqSk5SVlpeYmZqio6Slpqeoqaqys7S1tre4ubrCw8TFxsfIycrS09TV1tfY2drh4uPk5ebn6Onq8fLz9PX29/j5+gEAAwEBAQEBAQEBAQAAAAAAAAECAwQFBgcICQoLEQACAQIEBAMEBwUEBAABAncAAQIDEQQFITEGEkFRB2FxEyIygQgUQpGhscEJIzNS8BVictEKFiQ04SXxFxgZGiYnKCkqNTY3ODk6Q0RFRkdISUpTVFVWV1hZWmNkZWZnaGlqc3R1dnd4eXqCg4SFhoeIiYqSk5SVlpeYmZqio6Slpqeoqaqys7S1tre4ubrCw8TFxsfIycrS09TV1tfY2dri4+Tl5ufo6ery8/T19vf4+fr/2gAMAwEAAhEDEQA/AP1ToAKACgAoAKACgAoAKACgAoAKACgAoAKACgAoAKACgAoAKACgAoAKACgAoAKACgAoAKACgAoAKACgAoAKACgAoAKACgAoAKACgAoAKACgAoAKACgAoAKACgAoAKACgAoAKACgAoAKACgAoAKACgAoAKACgAoAKACgAoAKACgAoAKACgAoAKACgAoAKACgAoAKACgAoAKACgAoAKACgAoAKACgAoAKACgAoAKACgAoAKACgAoAKACgAoAKACgAoAKACgAoAKACgAoAKACgAoAKACgAoAKACgAoAKACgAoAKACgAoAKACgAoAKACgAoAKACgAoAKACgAoAKACgAoAKACgAoAKACgAoAKACgAoAKACgAoAKACgAoAKACgAoAKACgAoAKACgAoAKACgAoAKACgAoAKACgAoAKACgAoAKACgAoAKACgAoAKACgAoAKACgAoAKACgAoAKACgAoAKACgAoAKACgAoAKACgAoAKACgAoAKACgAoAKACgAoAKACgAoAKACgAoAKACgAoAKACgAoAKACgAoAKACgAoAKACgAoAKACgAoAKACgAoAKACgAoAKACgAoAKACgAoAKACgAoAKACgAoAKACgAoAKACgAoAKACgAoAKACgAoAKACgAoAKACgAoAKACgAoAKACgAoAKACgAoAKACgAoAKACgAoAKACgAoAKACgAoAKACgAoAKACgAoAKACgAoAKACgAoAKACgAoAKACgAoAKACgAoAKACgAoAKACgAoAKACgAoAKACgAoAKACgAoAKACgAoAKACgAoAKACgAoAKACgAoAKACgAoAKACgAoAKACgAoAKACgAoAKACgAoAKACgAoAKACgAoAKACgAoAKACgAoAKACgAoAKACgAoAKACgAoAKACgAoAKACgAoAKACgAoAKACgAoAKACgAoAKACgAoAKACgAoAKACgD//Z","timing":3964,"timestamp":8650057157298},{"data":"/9j/4AAQSkZJRgABAQAAAQABAAD/2wCEAAMCAgMCAgMDAwMEAwMEBQgFBQQEBQoHBwYIDAoMDAsKCwsNDhIQDQ4RDgsLEBYQERMUFRUVDA8XGBYUGBIUFRQBAwQEBQQFCQUFCRQNCw0UFBQUFBQUFBQUFBQUFBQUFBQUFBQUFBQUFBQUFBQUFBQUFBQUFBQUFBQUFBQUFBQUFP/AABEIANUAeAMBEQACEQEDEQH/xAGiAAABBQEBAQEBAQAAAAAAAAAAAQIDBAUGBwgJCgsQAAIBAwMCBAMFBQQEAAABfQECAwAEEQUSITFBBhNRYQcicRQygZGhCCNCscEVUtHwJDNicoIJChYXGBkaJSYnKCkqNDU2Nzg5OkNERUZHSElKU1RVVldYWVpjZGVmZ2hpanN0dXZ3eHl6g4SFhoeIiYqSk5SVlpeYmZqio6Slpqeoqaqys7S1tre4ubrCw8TFxsfIycrS09TV1tfY2drh4uPk5ebn6Onq8fLz9PX29/j5+gEAAwEBAQEBAQEBAQAAAAAAAAECAwQFBgcICQoLEQACAQIEBAMEBwUEBAABAncAAQIDEQQFITEGEkFRB2FxEyIygQgUQpGhscEJIzNS8BVictEKFiQ04SXxFxgZGiYnKCkqNTY3ODk6Q0RFRkdISUpTVFVWV1hZWmNkZWZnaGlqc3R1dnd4eXqCg4SFhoeIiYqSk5SVlpeYmZqio6Slpqeoqaqys7S1tre4ubrCw8TFxsfIycrS09TV1tfY2dri4+Tl5ufo6ery8/T19vf4+fr/2gAMAwEAAhEDEQA/AP0bk8LeMEuh9l8ZJFaC8SXyp9KjlcWyxQKYA+4cs8cz+YwYjz8Y+RSQDrtMt57TTrWG5unvriOJEkuXRUaVgoBcqoABJycAYGeKALVABQAUAFABQAUAFABQAUAFABQAUAFABQAUAFABQAUAFABQAUAFABQAUAFABQAUAFABQAUAFABQAUAFABQAUAFABQAUAFABQAUAFABQAUAFABQAUAFABQAUAFABQAUAFABQAUAFACZ5xQAZGcd6AFoAKACgAoAKACgAoAKACgAoAKACgAoA8AbVfiFqEGl3Wja9oL2kFwbHVBNfwzbbgSxCKFJAD+9kHyOrcgynbuOwgA7zwHq+q2WrXll4h1fTrqG7mCaTIs8azzPGji4hMSjG6MxliQxOTICsYQAgHftOoYr1cLu2jrj6daAATI2MMDkkZBHUHH8xQAi3CMMgjGCScg4x1H1oAZp9/b6rYW97ZzR3NpcRrLDPC4dJEYZVlYEgggggg4INAFigAoAKACgAoAKACgAoAKAOF1j4PeEvFt/omq6npZvL/RpvtGmXM0syyWT/ALrJjywKZMEeQMA/N2dsgDdG+B3grw9pVrYadoUFrHaQS29rOjN9ptY5FdXWG4z5sWRI4Gxxt3HbigB+ifBfwj4c059O03TGtdMa8hvxYLdTm3ininSeIxRlysSrJGjbEAU4AIIoAst8JfC5Piwpp8kLeKgo1d4LyeJ7jClRhlcGP5SR8hXrQBj3v7O/w+1O4vJ73w5BdyXieXcCeWWRJB9qN2cozlcm4YyFsZJOCSOKAO60PRrTw5oun6Tp8XkWFhbx2tvFuLbI0UKq5YknAAGSSaAL1ABQAUAFABQAUAFABQAUAFABQAUAFABQAUAFABQAUAFABQAUAFABQAUAJuoFfWwbqAuAOaBi0AFABQAUAFABQAUAFABQAUAFABQByaS6/f6Wk1hPZf6RCjQTzRO/UZDsoZCQwK/LwRzyeldj+rNt6nn2xe2hXv8A/hODph+xHRV1EeWy/aVlMX3Y/MU7efvGXB9FTI5JEr6u90waxS2aNfTU8Qf27eG9fTv7H2D7MsMb/aC2TkuSduMbcYHr0xgxP2XKuS9zal7fm/ebG7WB1BQAUARiZec4XHXJppNkOaWjYvmqDjIz9aLMHOK6jftCEkBlJXBIz0H+Qfyos+qDnjrZiC6jP8QHtmnyvsQqsHrckVg6gggg9xSasap31Q6kMKACgAoA8ttfEXirw3YQWVxYJKIFENuLKwe4Msa+UiFmMyBGJlAwQANrMSEBau14eLfuzT+Vv8zzFi3b3qbXzv8AohsvxI15bS9mi02/ma0PMI8OTK8yllCmPdcBTkMGwSCAGyBg1Twm3vrXzGsZ/wBO39x0XhvVvEuvSasJVt9LWyvXtI/tWmyD7Qqqh81D5/KEsQD329jkDmqU+TlfNe6vp0v09TrpVOe6tazsbX2XX/8AoJ6b/wCC6T/4/WJuH2XX/wDoJ6b/AOC6T/4/QAfZdf8A+gnpv/guk/8Aj9AFQ+EoL+++26wUvbuPasfl+ZHCoDBlYRF2UOCPv9ccdK2hVnCPKmc86EJy5mMPw80JnspPs03m2f8AqZftMvmAbGQqW3bmUhjlWJBOGIyAar6xU7kfVqbdyS08CaPY209rBahLSaaO4aDcxVXRlZNoJ+VVKKQq4A7Dml7ed076r9RrDxSa6MSz+H2h6ejLb2rxhoEtm/fOxaNCxVSSckDew57YHQACvrFS/Nfrf8v8hfVafLym9a20dnbxwRLtijUIi+gAwBXO227s6klFJIlpDCgAoAKAPM/CfijTLvw1p3k+HJb1Ft1jeeJrMozL8j8mYc70IIPIIwQDTuKxb1Txfomj6ebzUPDcllatJFCJLp7KJGeWTZGoZpwuXchQM5JYAZJpDLNxr9hYxNJP4RuoYYwS8kos1RADzkmbA6Z/H3oA0YJre4hjlTwnOUkUOvy2vQ9P+WtAD/3P/QpT/wDfNr/8doAP3P8A0KU//fNr/wDHaAKP9la5dyXUmmzjw9aSW/lRWr28RkimyT5wKl0YEbV2kZ4JyOjaxnTS1WpjUhU5vdlobPh6x1eyN6dV1CO/864aWARxeX5EZxti77sYzu4znoKU3F25VYdNSSfO7mxiszQWgYUAFABQAUAFAHlFp+zT4R022uYrCbWLJrkYmki1KQlwZzPINrEqA7vLnao+WaRV2hsUAbCfA7wrH4Qm8MLb3C6JK0Tm2S4ZCrRtuRlkUh1ZWCsGDAhlBB9QDF0f9l34faBYvZ6fpc9pbM2Qkd3KNn7qSH5fm+U7JXG4YP3TnKqQAep2lstpbRQKSyxoEBbqQBigCagAoAKACgAoAKACgAoAKACgAoA4A/G3w0YfFjRTS3M3hm9isL+CFA0hlkKqixrnMjMzbFjHzuw2qrFk3AGndfEK3hj1VYdNv7y80ydreexhWMTFgYTlCzhGBjuIpAA+SG243gpQBZ1PxvbaJLdpf2V/AsLxokkVubhZQyFt48rcUQbWUtKEAKnnBBIBneHvizofivWb7TNLTUJ7mxnS3uGl0+eGNHaKOTG90A3ASoGT76kNuUbSaAJbn4o6Lptle3eoLe2FvZTtDcyPZySpbgCNvMleIOkaFJo5NzlQqFi23Y+0Ap3Hxj0Ox8R6zpN7Ff2R0y4W0a5e1MkU8zRW8gSMx7juxd26gOFLtIFTcQcAG34e8d6N4o1C9stPmuHuLOaaCTz7KeBHaKQxy+W8iKsoVxtLRlgMjnkZAOgoAKACgAoAKACgAoAKAK8thbTxSRSQRvHIwZ1ZQQxGME+p4H5UAO+xwbg3kpkcg7Rx824/qAfrQA06fatIZDbxNISGLlASSBgEnuQCRn3oAclnBHKJEhRHC7Qyrg444+nA/IUALHawxMGSJFIzghQMZOT+ZA/KgBPscGxl8lNrDDDb14xz+HFADxEinIUA8849eTQA+gAoAKACgAoAKACgAoAKACgAoAKACgAoAKACgAoAKACgAoAKACgAoAKACgAoAKACgAoAKACgAoAKACgAoAKACgAoAKACgAoAKACgAoAKACgAoAKACgAoAKACgAoAKACgAoAKACgAoAKACgAoAKACgAoAKACgAoAKACgAoAKACgAoAKACgAoAKACgAoAKACgAoAKACgAoAKACgAoAKACgAoAKACgAoAKACgAoAKACgAoAKACgAoAKACgAoAKACgAoAKACgAoAKACgAoAKACgAoAKACgAoAKACgAoAKACgAoAKACgAoAKACgAoAKACgAoAKACgAoAKACgAoAKACgAoAKACgAoAKACgAoAKACgAoAKACgAoAKACgAoAKACgAoAKACgAoAKACgAoAKACgAoAKACgAoAKACgAoAKACgAoAKACgAoAKACgAoA//9k=","timing":4624,"timestamp":8.650057817898001E12},{"data":"/9j/4AAQSkZJRgABAQAAAQABAAD/2wCEAAMCAgMCAgMDAwMEAwMEBQgFBQQEBQoHBwYIDAoMDAsKCwsNDhIQDQ4RDgsLEBYQERMUFRUVDA8XGBYUGBIUFRQBAwQEBQQFCQUFCRQNCw0UFBQUFBQUFBQUFBQUFBQUFBQUFBQUFBQUFBQUFBQUFBQUFBQUFBQUFBQUFBQUFBQUFP/AABEIANUAeAMBEQACEQEDEQH/xAGiAAABBQEBAQEBAQAAAAAAAAAAAQIDBAUGBwgJCgsQAAIBAwMCBAMFBQQEAAABfQECAwAEEQUSITFBBhNRYQcicRQygZGhCCNCscEVUtHwJDNicoIJChYXGBkaJSYnKCkqNDU2Nzg5OkNERUZHSElKU1RVVldYWVpjZGVmZ2hpanN0dXZ3eHl6g4SFhoeIiYqSk5SVlpeYmZqio6Slpqeoqaqys7S1tre4ubrCw8TFxsfIycrS09TV1tfY2drh4uPk5ebn6Onq8fLz9PX29/j5+gEAAwEBAQEBAQEBAQAAAAAAAAECAwQFBgcICQoLEQACAQIEBAMEBwUEBAABAncAAQIDEQQFITEGEkFRB2FxEyIygQgUQpGhscEJIzNS8BVictEKFiQ04SXxFxgZGiYnKCkqNTY3ODk6Q0RFRkdISUpTVFVWV1hZWmNkZWZnaGlqc3R1dnd4eXqCg4SFhoeIiYqSk5SVlpeYmZqio6Slpqeoqaqys7S1tre4ubrCw8TFxsfIycrS09TV1tfY2dri4+Tl5ufo6ery8/T19vf4+fr/2gAMAwEAAhEDEQA/AP0bk8LeMEuh9l8ZJFaC8SXyp9KjlcWyxQKYA+4cs8cz+YwYjz8Y+RSQDrtMt57TTrWG5unvriOJEkuXRUaVgoBcqoABJycAYGeKALVABQAUAFABQAUAFABQAUAFABQAUAFABQAUAFABQAUAFABQAUAFABQAUAFABQAUAFABQAUAFABQAUAFABQAUAFABQAUAFABQAUAFABQAUAFABQAUAFABQAUAFABQAUAFABQAUAFACZ5xQAZGcd6AFoAKACgAoAKACgAoAKACgAoAKACgAoA8AbVfiFqEGl3Wja9oL2kFwbHVBNfwzbbgSxCKFJAD+9kHyOrcgynbuOwgA7zwHq+q2WrXll4h1fTrqG7mCaTIs8azzPGji4hMSjG6MxliQxOTICsYQAgHftOoYr1cLu2jrj6daAATI2MMDkkZBHUHH8xQAi3CMMgjGCScg4x1H1oAZp9/b6rYW97ZzR3NpcRrLDPC4dJEYZVlYEgggggg4INAFigAoAKACgAoAKACgAoAKAOF1j4PeEvFt/omq6npZvL/RpvtGmXM0syyWT/ALrJjywKZMEeQMA/N2dsgDdG+B3grw9pVrYadoUFrHaQS29rOjN9ptY5FdXWG4z5sWRI4Gxxt3HbigB+ifBfwj4c059O03TGtdMa8hvxYLdTm3ininSeIxRlysSrJGjbEAU4AIIoAst8JfC5Piwpp8kLeKgo1d4LyeJ7jClRhlcGP5SR8hXrQBj3v7O/w+1O4vJ73w5BdyXieXcCeWWRJB9qN2cozlcm4YyFsZJOCSOKAO60PRrTw5oun6Tp8XkWFhbx2tvFuLbI0UKq5YknAAGSSaAL1ABQAUAFABQAUAFABQAUAFABQAUAFABQAUAFABQAUAFABQAUAFABQAUAJuoFfWwbqAuAOaBi0AFABQAUAFABQAUAFABQAUAFABQByaS6/f6Wk1hPZf6RCjQTzRO/UZDsoZCQwK/LwRzyeldj+rNt6nn2xe2hXv8A/hODph+xHRV1EeWy/aVlMX3Y/MU7efvGXB9FTI5JEr6u90waxS2aNfTU8Qf27eG9fTv7H2D7MsMb/aC2TkuSduMbcYHr0xgxP2XKuS9zal7fm/ebG7WB1BQAUARiZec4XHXJppNkOaWjYvmqDjIz9aLMHOK6jftCEkBlJXBIz0H+Qfyos+qDnjrZiC6jP8QHtmnyvsQqsHrckVg6gggg9xSasap31Q6kMKACgAoA8ttfEXirw3YQWVxYJKIFENuLKwe4Msa+UiFmMyBGJlAwQANrMSEBau14eLfuzT+Vv8zzFi3b3qbXzv8AohsvxI15bS9mi02/ma0PMI8OTK8yllCmPdcBTkMGwSCAGyBg1Twm3vrXzGsZ/wBO39x0XhvVvEuvSasJVt9LWyvXtI/tWmyD7Qqqh81D5/KEsQD329jkDmqU+TlfNe6vp0v09TrpVOe6tazsbX2XX/8AoJ6b/wCC6T/4/WJuH2XX/wDoJ6b/AOC6T/4/QAfZdf8A+gnpv/guk/8Aj9AFQ+EoL+++26wUvbuPasfl+ZHCoDBlYRF2UOCPv9ccdK2hVnCPKmc86EJy5mMPw80JnspPs03m2f8AqZftMvmAbGQqW3bmUhjlWJBOGIyAar6xU7kfVqbdyS08CaPY209rBahLSaaO4aDcxVXRlZNoJ+VVKKQq4A7Dml7ed076r9RrDxSa6MSz+H2h6ejLb2rxhoEtm/fOxaNCxVSSckDew57YHQACvrFS/Nfrf8v8hfVafLym9a20dnbxwRLtijUIi+gAwBXO227s6klFJIlpDCgAoAKAPM/CfijTLvw1p3k+HJb1Ft1jeeJrMozL8j8mYc70IIPIIwQDTuKxb1Txfomj6ebzUPDcllatJFCJLp7KJGeWTZGoZpwuXchQM5JYAZJpDLNxr9hYxNJP4RuoYYwS8kos1RADzkmbA6Z/H3oA0YJre4hjlTwnOUkUOvy2vQ9P+WtAD/3P/QpT/wDfNr/8doAP3P8A0KU//fNr/wDHaAKP9la5dyXUmmzjw9aSW/lRWr28RkimyT5wKl0YEbV2kZ4JyOjaxnTS1WpjUhU5vdlobPh6x1eyN6dV1CO/864aWARxeX5EZxti77sYzu4znoKU3F25VYdNSSfO7mxiszQWgYUAFABQAUAFAHlFp+zT4R022uYrCbWLJrkYmki1KQlwZzPINrEqA7vLnao+WaRV2hsUAbCfA7wrH4Qm8MLb3C6JK0Tm2S4ZCrRtuRlkUh1ZWCsGDAhlBB9QDF0f9l34faBYvZ6fpc9pbM2Qkd3KNn7qSH5fm+U7JXG4YP3TnKqQAep2lstpbRQKSyxoEBbqQBigCagAoAKACgAoAKACgAoAKACgAoA4A/G3w0YfFjRTS3M3hm9isL+CFA0hlkKqixrnMjMzbFjHzuw2qrFk3AGndfEK3hj1VYdNv7y80ydreexhWMTFgYTlCzhGBjuIpAA+SG243gpQBZ1PxvbaJLdpf2V/AsLxokkVubhZQyFt48rcUQbWUtKEAKnnBBIBneHvizofivWb7TNLTUJ7mxnS3uGl0+eGNHaKOTG90A3ASoGT76kNuUbSaAJbn4o6Lptle3eoLe2FvZTtDcyPZySpbgCNvMleIOkaFJo5NzlQqFi23Y+0Ap3Hxj0Ox8R6zpN7Ff2R0y4W0a5e1MkU8zRW8gSMx7juxd26gOFLtIFTcQcAG34e8d6N4o1C9stPmuHuLOaaCTz7KeBHaKQxy+W8iKsoVxtLRlgMjnkZAOgoAKACgAoAKACgAoAKAK8thbTxSRSQRvHIwZ1ZQQxGME+p4H5UAO+xwbg3kpkcg7Rx824/qAfrQA06fatIZDbxNISGLlASSBgEnuQCRn3oAclnBHKJEhRHC7Qyrg444+nA/IUALHawxMGSJFIzghQMZOT+ZA/KgBPscGxl8lNrDDDb14xz+HFADxEinIUA8849eTQA+gAoAKACgAoAKACgAoAKACgAoAKACgAoAKACgAoAKACgAoAKACgAoAKACgAoAKACgAoAKACgAoAKACgAoAKACgAoAKACgAoAKACgAoAKACgAoAKACgAoAKACgAoAKACgAoAKACgAoAKACgAoAKACgAoAKACgAoAKACgAoAKACgAoAKACgAoAKACgAoAKACgAoAKACgAoAKACgAoAKACgAoAKACgAoAKACgAoAKACgAoAKACgAoAKACgAoAKACgAoAKACgAoAKACgAoAKACgAoAKACgAoAKACgAoAKACgAoAKACgAoAKACgAoAKACgAoAKACgAoAKACgAoAKACgAoAKACgAoAKACgAoAKACgAoAKACgAoAKACgAoAKACgAoAKACgAoAKACgAoAKACgAoAKACgAoAKACgAoAKACgAoAKACgAoAKACgAoA//9k=","timing":5285,"timestamp":8.650058478497999E12},{"data":"/9j/4AAQSkZJRgABAQAAAQABAAD/2wCEAAMCAgMCAgMDAwMEAwMEBQgFBQQEBQoHBwYIDAoMDAsKCwsNDhIQDQ4RDgsLEBYQERMUFRUVDA8XGBYUGBIUFRQBAwQEBQQFCQUFCRQNCw0UFBQUFBQUFBQUFBQUFBQUFBQUFBQUFBQUFBQUFBQUFBQUFBQUFBQUFBQUFBQUFBQUFP/AABEIANUAeAMBEQACEQEDEQH/xAGiAAABBQEBAQEBAQAAAAAAAAAAAQIDBAUGBwgJCgsQAAIBAwMCBAMFBQQEAAABfQECAwAEEQUSITFBBhNRYQcicRQygZGhCCNCscEVUtHwJDNicoIJChYXGBkaJSYnKCkqNDU2Nzg5OkNERUZHSElKU1RVVldYWVpjZGVmZ2hpanN0dXZ3eHl6g4SFhoeIiYqSk5SVlpeYmZqio6Slpqeoqaqys7S1tre4ubrCw8TFxsfIycrS09TV1tfY2drh4uPk5ebn6Onq8fLz9PX29/j5+gEAAwEBAQEBAQEBAQAAAAAAAAECAwQFBgcICQoLEQACAQIEBAMEBwUEBAABAncAAQIDEQQFITEGEkFRB2FxEyIygQgUQpGhscEJIzNS8BVictEKFiQ04SXxFxgZGiYnKCkqNTY3ODk6Q0RFRkdISUpTVFVWV1hZWmNkZWZnaGlqc3R1dnd4eXqCg4SFhoeIiYqSk5SVlpeYmZqio6Slpqeoqaqys7S1tre4ubrCw8TFxsfIycrS09TV1tfY2dri4+Tl5ufo6ery8/T19vf4+fr/2gAMAwEAAhEDEQA/APh3wzoB168ZWcxwRAF2HXnoB78H8qANnXvA0dlYvc2csjmIFnWUg5XuRgDpQBxtABQAUAFABQAUAFABQAUAFAGhoWktrWpR2ytsXBZ3xnaB/kD8aAOp1TwFBFYSSWs8pmjUttkwQ2BnAwOKAOGoA6Hwfr8WiXcq3CnyJsbpF5KEZxx6c0AbviDxnYy6dNBaMbh5kMZ+UqFBGCeQKAOCOSaADFABigAxQAYoAMUAGKADFABigAxQBreGNXTRdVSaVS0LKUfHUA9x+VAHX6n4205bKYW7tPMylVQIwwSO5IH6UAecgYAoA3vsEH/PMUAH2CD/AJ5igA+wQf8APMUAH2CD/nmKAD7BB/zzFAB9gg/55igA+wQf88xQAfYIP+eYoAPsEH/PMUAH2CD/AJ5igA+wQf8APMUAH2CD/nmKAD7BB/zzFAB9gg/55igA+wQf88xQBYoAKACgAoAKACgAoAKACgAoAKACgAoAKACgAoAKACgAoAKACgAoAKACgAoAKACgAoAKACgAoAKACgAoAKACgAoAKACgAoAKACgAoAKACgAoAKACgAoAKACgAoAKACgAoAKACgAoAKACgAoAKACgAoAKACgAoAKACgAoAKACgAoAKACgAoAKACgAoAKACgAoAKACgAoAKACgAoAKACgAoAKACgAoAKACgAoAKACgAoAKACgAoAKACgAoAKACgAoAKACgAoAKACgAoAKACgAoAKACgBUKh13DK55A9KAOjNh4P7a7rZ/7gsP/AMl0AH2Dwh/0HNb/APBND/8AJdAB9g8If9BzW/8AwTQ//JdAB9g8If8AQc1v/wAE0P8A8l0AH2Dwh/0HNb/8E0P/AMl0AH2Dwh/0HNb/APBND/8AJdAB9g8If9BzW/8AwTQ//JdAB9g8If8AQc1v/wAE0P8A8l0AH2Dwh/0HNb/8E0P/AMl0AH2Dwh/0HNb/APBND/8AJdAB9g8If9BzW/8AwTQ//JdAB9g8If8AQc1v/wAE0P8A8l0AAsPB/fXNb/8ABND/APJdAGDerbrdyraSSS2wYiOSaMRu69iyhmCk9cBjj1NAENABQAUAFABQAUAFABQAUAFABQAUAFABQAUAFABQAUAFABQAUAFABQAUAFABQAUAFABQAUAIeQe1ACfN7UAGG9qADDe1ABhvagAw3tQAYb2oAMN7UAGG9qADDe1ABhvagAw3tQAYb2oAPm9qAFGcc9aAFoA3tM8PW1/YQzvJMjODkIwx1PtQBa/4RO0/57XH/fS//E0AH/CJ2n/Pa4/76X/4mgDI1rTI9MljSF3bepJMmCf0AoA1z4TtP+es4+jLj+VAB/widp/z2uP++l/+JoAP+ETtP+e1x/30v/xNAHP6narY38tujMyJjBY88gH+tAFegAoAKACgAoAKACgDd0nxFb2NhFBJDMXTOSgXHX60AW/+EttP+eFz+S/40AH/AAltp/zwufyX/GgDH1zVI9TljeFHQKpGJAOv4GgDYHi20xzBcZ74C/40AH/CW2n/ADwufyX/ABoAP+EttP8Anhc/kv8AjQBgandJfahLcRqyo+MB8Z6Af0oArUAFABQAUAFABQAUAFABmgAzQAUAFABmgAzQAUAFABQAUAFABQAUAFABQAUAFABQAUAFABQAUAFABQAUAFABQAUAFABQAUAFABQAUAFABQAUAFABQAUAFABQAUAFABQAUAFABQAUAFABQAUAFABQAUAFABQAUAFABQAUAFABQAUAFABQAUAFABQAUAFABQAUAFABQAUAFABQAUAFABQAUAFABQAUAFABQAUAFABQAUAFABQAUAFABQAUAFABQAUAFABQAUAFABQAUAFABQAUAFABQAUAFABQAUAFABQAUAZP9sv/AM8l/OgA/tl/+eS/nQAf2y//ADyX86AD+2X/AOeS/nQAf2y//PJfzoAP7Zf/AJ5L+dAB/bL/APPJfzoAP7Zf/nkv50AH9sv/AM8l/OgA/tl/+eS/nQAf2y//ADyX86AD+2X/AOeS/nQAf2y//PJfzoAP7Zf/AJ5L+dAB/bL/APPJfzoAz6ACgAoAKACgAoAKACgAoAKACgAoAKACgAoA/wD/2Q==","timing":5945,"timestamp":8650059139098},{"data":"/9j/4AAQSkZJRgABAQAAAQABAAD/2wCEAAMCAgMCAgMDAwMEAwMEBQgFBQQEBQoHBwYIDAoMDAsKCwsNDhIQDQ4RDgsLEBYQERMUFRUVDA8XGBYUGBIUFRQBAwQEBQQFCQUFCRQNCw0UFBQUFBQUFBQUFBQUFBQUFBQUFBQUFBQUFBQUFBQUFBQUFBQUFBQUFBQUFBQUFBQUFP/AABEIANUAeAMBEQACEQEDEQH/xAGiAAABBQEBAQEBAQAAAAAAAAAAAQIDBAUGBwgJCgsQAAIBAwMCBAMFBQQEAAABfQECAwAEEQUSITFBBhNRYQcicRQygZGhCCNCscEVUtHwJDNicoIJChYXGBkaJSYnKCkqNDU2Nzg5OkNERUZHSElKU1RVVldYWVpjZGVmZ2hpanN0dXZ3eHl6g4SFhoeIiYqSk5SVlpeYmZqio6Slpqeoqaqys7S1tre4ubrCw8TFxsfIycrS09TV1tfY2drh4uPk5ebn6Onq8fLz9PX29/j5+gEAAwEBAQEBAQEBAQAAAAAAAAECAwQFBgcICQoLEQACAQIEBAMEBwUEBAABAncAAQIDEQQFITEGEkFRB2FxEyIygQgUQpGhscEJIzNS8BVictEKFiQ04SXxFxgZGiYnKCkqNTY3ODk6Q0RFRkdISUpTVFVWV1hZWmNkZWZnaGlqc3R1dnd4eXqCg4SFhoeIiYqSk5SVlpeYmZqio6Slpqeoqaqys7S1tre4ubrCw8TFxsfIycrS09TV1tfY2dri4+Tl5ufo6ery8/T19vf4+fr/2gAMAwEAAhEDEQA/APgL9KAL2qaDqeiLE1/p1zZpI5jDTRkDdgnGemcAn8KAKNABQB0Wm/DzxFrPh2PW9P0m4v8AT5Ls2KNagSuZgYQV8tSXAzcQKGK7S0qKCWOKAJYvhh4sn0e41WPQL19Pt7Sa+lnEfypDFOlvKx7/ACSyIrDqu9SRg5oArSeAPE0M1rG2gah5l3dy2FtEsDGWW5iVDNCIwN29PNjyMZG6gCa1+G3iq+0zT9QtfDup3dpqBuPsr29q0hmEG3zmCqCdq7wC2MZDDOVbABn3/hbWNLsftl3pd5b2vmPC07wkIkisUaNz/C4YYKnB6eooAuz/AA68V215NaTeGNZiuoXijlgfT5Q8bSttiVlK5BcghQfvEYGaAII/BeuM92j6VdW72v2gSi5j8na0ADTp8+PnQMpZRyMjI5FAGLQAUAFABQAY9qAOq8VfFDxZ4206Kw13X9Q1SzilEyQXVw8iK4DAEBiccO350Acrg0AGDQB2+g/FnVvD3glvCsFlYTaVNePcXYmSQveRO1q72shDjETPZW7ZQLICnDgHFAHQW37Sfiyy0DUdHt4rGO21Bt93IwmkmmZLtry3YyPKx3QzvI6kcvvIlMoAAAOWuPiTf3njCPXrmw0+5iitWsYNIlRzZQWxthbCJF37xiMLiTf5hZd5csSxAOt+I/7TPi34nnVX1O3021m1OSWW6lsI5Y2cubcADMh2hI7S3iXbj5Y8tudmdgClrn7QXibxB4X1jQbm300WWqtdNcOkLiTM95a3bkEuRkSWcYGQflZ85JDAA6zxP+194g1vx/ceJ7Hw3oembdW/tSwtnjkme1H9pHUWieXepmDz7WfcMDB8oQh2UgHAt8ZvEMvhqx0OUW0lpZ6fLpkbFXUm3cSbVYBgrMjXF0yuV3A3EgJK7VUA4PHtQAYNABg0AGKAN46bATnyxQAn9mwf881oAP7Ng/55rQAf2bB/zzWgA/s2D/nmtAB/ZsH/ADzWgA/s2D/nmtAB/ZsH/PNaAD+zYP8AnmtAB/ZsH/PNaAD+zYP+ea0AH9mwf881oAP7Ng/55rQAf2bB/wA81oABptvn/VigC3QAUAFABQAUAFABQAUAFABQAUAFABQAUAFABQAUAFABQAUAFABQAUAFABQAUAFABQAUAFABQAUAFABQAUAFABQAUAFABQAUAFABQAUAFABQAUAFABQAUAFABQAUAFABQAUAFABQAUAFABQAUAFABQAUAFABQAUAFABQAUAFABQAUAFABQAUAFABQAUAFABQAUAFABQAUAFABQAUAFABQAUAFABQAUAFABQAUAFABQAUAFABQAUAFABQAUAFABQAUAFABQAUAFABQAUAFABQAUAFABQAUAFAHW6N8L9b8Q6XDeaatveNKkbpapMBMwaS4T5VONxBtpCQpJwQcYDFQCppvgHWNYeySyhjuJbyc20EYlCs8oUMV+bG35WQ5OANwyRzgAYngq9+0xRzz2lpC00kMlzNNiOEoQHLkAkAZzwDnHGTgEAwCMGgAoAKACgDU8K+Hrjxb4m0nQ7R4orrUruKzieYkIryOFUsQCcZIzgE47GgDuvif8DLr4c6BBrcOrwaxpT6hNpUkiqsciXMTOG+VXcFG8tipyGxjcq5FAHmNABQAUAFABQAUATwtahcyxTSOepWYKPy2n+dAD/Msf8An3uP/Ahf/iKADzLH/n3uP/Ahf/iKADzLH/n3uP8AwIX/AOIoAPMsf+fe4/8AAhf/AIigA8yx/wCfe4/8CF/+IoAPMsf+fe4/8CF/+IoAmtL+3sLuG5tkvLe4gdZYpoboI6OpyrKwTIIIBBFAGn4i8a3XilIV1BppFhLvHFGYoYhI2N8hSOJVLsQu5iNzYGScUAc5QAUAFABQAUAFABQAUAFABQAUAFABQAenvxQAgORxQAtABQAUAFABQAUAdhCvg+78LW0LyyWuuJbXEsk4Emxpcv5MR4cNnEZ4WNVG/LsWAQAs6rpHgRrCVtO128+2h5GhUxGSJkDvsVsqpy0YjIZSRuZgwTAJALkdr8PNOs724D3es3cUcEkVkbmRFmY3Q82NX+zIUIgQ/M4x+9OASnIB51QAUAFABQBseDNJtdf8YaHpd7ObWyvr6C2nnVgDHG8iqzZPHAJPPFAHr/7Unwx8JfD+Xw5ceFndBem6intWuIphGsbr5bAx9ismAWyzBAW+ctkA8IoAKACgAoAKACgBSzMqjJAHpQAmG9W/M0AGG9W/M0AByO7fmaADk92/M0AGG9W/M0AGG9W/M0AHI7t+ZoAQ5P8AE3fv7UALQAUAFABQAUAFAFDVbqS2EflttyTnigDW8OeC/FXi5NLbSLQ3f9o3j2FuPNiTzJlMClBuYYJa6gAJwCXGCcHABpN8KPHiWqzyaUyJ5d/MxM8R2pZLuuSQGJGza4PrgYyeKAOPsb+ea6jR3ypzkYHoaAJtUupbeSMRvtBBzwKAN9PAHi19B0fVzbxxWGsru06aa5hjFwfPe3wNzDpLGynOAuULEB1JAMzWND13QnmS8UQywxJM6M8ZOxmwCMMc9VOByM84oAoadezT3G133Lg9qANSgAoAKACgAoAKACgClqVm92E2Y+XPU0APs73XtP06TT7XVbq30+R2le0iuXWF3MbRsxQHBJjd0JI5ViOhIoAfJqfiGZUWTWL2QJG0KbrqQ7EaIQsq88AxKsZA/gAXpxQBRs9OlguUdiu0Z6H2NAE2pWUl06FCvygg5NAF7T9f8U6RYTWNj4g1Kysprc2kttbX0scckBZ2MTKCAULSSHaeMuxx8xyAQapqPiDXM/2lq13qJIYZu7l5eDI0jD5ieC7s59WYnqc0AVbCwltp97lcYI4NAGlQAUAFABQAUAFABQAUAFABQAUAFABQAUAFABQAUAFABQAUAFABQAUAFABQAUAFABQAUAFABQAUAFABQAUAFABQAUAFABQAUAFABQAUAFABQAUAFABQAUAFABQAUAFABQAUAFABQAUAFABQAUAFABQAUAFABQAUAFABQAUAFABQAUAFABQAUAFABQAUAFABQAUAFABQAUAFABQAUAFABQAUAFABQAUAFABQAUAFABQAUAFABQAUAFABQAUAFABQBFDaa3cXNvbxaLeS3FyI2ghjt3Z5Q5AQqoGWDEgDHXNAFjU9E8SaLIkeo+HtQsJHhFwsd1aSRsYi/liQBgDtL/ID03AjrxQBWlttZhurm1k0e7S6tTKJ4DA4kiMYcy7lxkbBHJuz02NnGDQA6Wx12GJpX0O9WJYUuGkNtJtETSCNZM4xtLsEDdCxA6mgCiNQuiHP2U/IcNwfl4J5/AE/QZoAWe+u7YZltGjGSMspAyCQf1Vh9QfSgCH+2n/55r+dAB/bT/8APNfzoAP7af8A55r+dAB/bT/881/OgA/tp/8Anmv50AH9tP8A881/OgA/tp/+ea/nQAf20/8AzzX86AD+2n/55r+dAF+/+Imv6lq0d9e3cV9e26RwJcXNpDI4WMoyHJT7w2Iu7qUXYSU+WgB2r+Pdc1e2s9PvrxLm1stscKG3iXaBLcTAAqoOPMup2I6HeBjCoFAIbTxrrGnzWuoW935UpEsUSiJNsSyIUcBdu0ArxhQAO3ODQBpW3xS8WDUpb9dalN49pLpyyyRI/k28iMjRxKVxCu2RwBGF2hjt25oAp6L8UPEWm395c298DcXlvBaXLXMMc4mhtzFJDGyupBANvEMEEEAhgQSCAUb/AMQ6neacdOuLrzbMXb3Rj2KMzFVVnzjPIA4zjj1NAGXQAUAFABQAUAFABQAUAFAH/9k=","timing":6606,"timestamp":8650059799698}]}},"meta-viewport":{"displayValue":"","score":false,"helpText":"Disabling zooming is problematic for users with low vision who rely on screen magnification to properly see the contents of a web page. [Learn more](https://dequeuniversity.com/rules/axe/2.2/meta-viewport?application=lighthouse).","rawValue":false,"extendedInfo":{"value":{"help":"Zooming and scaling must not be disabled","nodes":[{"failureSummary":"Fix any of the following:\n  <meta> tag disables zooming on mobile devices","snippet":"<meta name=\"viewport\" content=\"width=device-width,initial-scale=1,maximum-scale=1,minimum-scale=1,user-scalable=no\">","path":"1,HTML,1,HEAD,1,META","impact":"critical","html":"<meta name=\"viewport\" content=\"width=device-width,initial-scale=1,maximum-scale=1,minimum-scale=1,user-scalable=no\">","target":["meta[name=\"viewport\"]"]}],"impact":"critical","description":"Ensures <meta name=\"viewport\"> does not disable text scaling and zooming","helpUrl":"https://dequeuniversity.com/rules/axe/3.0/meta-viewport?application=axeAPI","id":"meta-viewport","tags":["cat.sensory-and-visual-cues","wcag2aa","wcag144"]}},"name":"meta-viewport","description":"`[user-scalable=\"no\"]` is used in the `<meta name=\"viewport\">` element or the `[maximum-scale]` attribute is less than 5.","scoringMode":"binary","details":{"header":{"text":"View failing elements","type":"text"},"type":"list","items":[{"snippet":"<meta name=\"viewport\" content=\"width=device-width,initial-scale=1,maximum-scale=1,minimum-scale=1,user-scalable=no\">","path":"1,HTML,1,HEAD,1,META","selector":"meta[name=\"viewport\"]","type":"node"}]}},"visual-order-follows-dom":{"displayValue":"","score":false,"helpText":"DOM order matches the visual order, improving navigation for assistive technology. [Learn more](https://developers.google.com/web/fundamentals/accessibility/how-to-review#try_it_with_a_screen_reader).","rawValue":false,"name":"visual-order-follows-dom","description":"Visual order on the page follows DOM order","scoringMode":"binary","informative":true,"manual":true},"works-offline":{"displayValue":"","score":false,"helpText":"If you're building a Progressive Web App, consider using a service worker so that your app can work offline. [Learn more](https://developers.google.com/web/tools/lighthouse/audits/http-200-when-offline).","rawValue":false,"name":"works-offline","description":"Does not respond with a 200 when offline","scoringMode":"binary"},"definition-list":{"displayValue":"","score":false,"helpText":"When definition lists are not properly marked up, screen readers may produce confusing or inaccurate output. [Learn more](https://dequeuniversity.com/rules/axe/2.2/definition-list?application=lighthouse).","rawValue":false,"name":"definition-list","description":"`<dl>`'s do not contain only properly-ordered `<dt>` and `<dd>` groups, `<script>` or `<template>` elements.","scoringMode":"binary","informative":true,"notApplicable":true},"password-inputs-can-be-pasted-into":{"displayValue":"","score":true,"helpText":"Preventing password pasting undermines good security policy. [Learn more](https://www.ncsc.gov.uk/blog-post/let-them-paste-passwords)","rawValue":true,"extendedInfo":{"value":[]},"name":"password-inputs-can-be-pasted-into","description":"Allows users to paste into password fields","scoringMode":"binary","details":{"header":{"text":"Password inputs that prevent pasting into","type":"text"},"type":"list","items":[]}},"html-lang-valid":{"displayValue":"","score":false,"helpText":"Specifying a valid [BCP 47 language](https://www.w3.org/International/questions/qa-choosing-language-tags#question) helps screen readers announce text properly. [Learn more](https://dequeuniversity.com/rules/axe/2.2/valid-lang?application=lighthouse).","rawValue":false,"name":"html-lang-valid","description":"`<html>` element does not have a valid value for its `[lang]` attribute.","scoringMode":"binary","informative":true,"notApplicable":true},"splash-screen":{"displayValue":"","score":false,"debugString":"Failures: No manifest was fetched.","helpText":"A themed splash screen ensures a high-quality experience when users launch your app from their homescreens. [Learn more](https://developers.google.com/web/tools/lighthouse/audits/custom-splash-screen).","rawValue":false,"extendedInfo":{"value":{"failures":["No manifest was fetched"],"manifestValues":{"parseFailureReason":"No manifest was fetched","allChecks":[],"isParseFailure":true}}},"name":"splash-screen","description":"Is not configured for a custom splash screen","scoringMode":"binary"},"label":{"displayValue":"","score":true,"helpText":"Labels ensure that form controls are announced properly by assistive technologies, like screen readers. [Learn more](https://dequeuniversity.com/rules/axe/2.2/label?application=lighthouse).","rawValue":true,"extendedInfo":{},"name":"label","description":"Form elements have associated labels","scoringMode":"binary","details":{"header":{"text":"View failing elements","type":"text"},"type":"list","items":[]}},"uses-webp-images":{"displayValue":"","score":100,"helpText":"Image formats like JPEG 2000, JPEG XR, and WebP often provide better compression than PNG or JPEG, which means faster downloads and less data consumption. [Learn more](https://developers.google.com/web/tools/lighthouse/audits/webp).","rawValue":0,"extendedInfo":{"value":{"wastedKb":0,"wastedMs":0,"results":[]}},"name":"uses-webp-images","description":"Serve images in next-gen formats","scoringMode":"binary","informative":true,"details":{"itemHeaders":[{"itemType":"thumbnail","text":"","type":"text"},{"itemType":"url","text":"URL","type":"text"},{"itemType":"text","text":"Original","type":"text"},{"itemType":"text","text":"Potential Savings","type":"text"}],"header":"View Details","type":"table","items":[]}},"speed-index-metric":{"displayValue":"5,723","score":48,"helpText":"Speed Index shows how quickly the contents of a page are visibly populated. [Learn more](https://developers.google.com/web/tools/lighthouse/audits/speed-index).","rawValue":5723,"extendedInfo":{"value":{"frames":[{"progress":0,"timestamp":8.650053193698E9},{"progress":0,"timestamp":8.650053950668E9},{"progress":0,"timestamp":8.650057717184E9},{"progress":78.47020210836772,"timestamp":8.650058783808E9},{"progress":79.55400014666994,"timestamp":8.650058883804E9},{"progress":84.25733274045653,"timestamp":8.65005906713E9},{"progress":90.99914379891193,"timestamp":8.650059217124E9},{"progress":92.49290629372531,"timestamp":8.65005965044E9},{"progress":100.00000000000001,"timestamp":8.650059800434E9}],"timestamps":{"firstVisualChange":8650058783698,"perceptualSpeedIndex":8.650058916695168E12,"visuallyComplete":8650059799698,"visuallyReady":8.650059217124001E12},"timings":{"firstVisualChange":5590,"perceptualSpeedIndex":5722.997167414955,"visuallyComplete":6606,"visuallyReady":6023.426000595093}}},"name":"speed-index-metric","description":"Perceptual Speed Index","scoringMode":"numeric"},"bypass":{"displayValue":"","score":true,"helpText":"Adding ways to bypass repetitive content lets keyboard users navigate the page more efficiently. [Learn more](https://dequeuniversity.com/rules/axe/2.2/bypass?application=lighthouse).","rawValue":true,"extendedInfo":{},"name":"bypass","description":"The page contains a heading, skip link, or landmark region","scoringMode":"binary","details":{"header":{"text":"View failing elements","type":"text"},"type":"list","items":[]}},"http-status-code":{"displayValue":"","score":null,"debugString":"Audit error: Unable to identify the main resource","helpText":"Pages with unsuccessful HTTP status codes may not be indexed properly. [Learn more](https://developers.google.com/web/tools/lighthouse/audits/successful-http-code).","rawValue":null,"name":"http-status-code","description":"Page has unsuccessful HTTP status code","scoringMode":"binary","error":true},"viewport":{"displayValue":"","score":true,"debugString":"","helpText":"Add a viewport meta tag to optimize your app for mobile screens. [Learn more](https://developers.google.com/web/tools/lighthouse/audits/has-viewport-meta-tag).","rawValue":true,"name":"viewport","description":"Has a `<meta name=\"viewport\">` tag with `width` or `initial-scale`","scoringMode":"binary"},"estimated-input-latency":{"displayValue":"50 ms","score":95,"helpText":"The score above is an estimate of how long your app takes to respond to user input, in milliseconds. There is a 90% probability that a user encounters this amount of latency, or less. 10% of the time a user can expect additional latency. If your latency is higher than 50 ms, users may perceive your app as laggy. [Learn more](https://developers.google.com/web/tools/lighthouse/audits/estimated-input-latency).","rawValue":49.8,"extendedInfo":{"value":[{"percentile":0.5,"time":16},{"percentile":0.75,"time":16},{"percentile":0.9,"time":49.84405833333335},{"percentile":0.99,"time":161.88252333333307},{"percentile":1,"time":209.04299999999876}]},"name":"estimated-input-latency","description":"Estimated Input Latency","scoringMode":"numeric"},"redirects":{"displayValue":"","score":null,"debugString":"Audit error: Unable to identify the main resource","helpText":"Redirects introduce additional delays before the page can be loaded. [Learn more](https://developers.google.com/speed/docs/insights/AvoidRedirects).","rawValue":null,"name":"redirects","description":"Has multiple page redirects","scoringMode":"binary","error":true},"load-fast-enough-for-pwa":{"displayValue":"","score":true,"helpText":"A fast page load over a 3G network ensures a good mobile user experience. [Learn more](https://developers.google.com/web/tools/lighthouse/audits/fast-3g).","rawValue":true,"extendedInfo":{"value":{"isFast":true,"timeToFirstInteractive":6460.149,"firstRequestLatencies":[{"latency":"566.29","url":"http://web/"},{"latency":"579.72","url":"https://cdnjs.cloudflare.com/ajax/libs/Chart.js/2.7.1/Chart.min.js"},{"latency":"571.48","url":"https://unpkg.com/vue-chartjs/dist/vue-chartjs.min.js"},{"latency":"578.93","url":"https://fonts.gstatic.com/s/roboto/v18/KFOmCnqEu92Fr1Mu4mxK.woff2"}],"areLatenciesAll3G":true}},"name":"load-fast-enough-for-pwa","description":"Page load is fast enough on 3G","scoringMode":"binary"},"font-display":{"displayValue":"","score":false,"helpText":"Leverage the font-display CSS feature to ensure text is user-visible while webfonts are loading. [Learn more](https://developers.google.com/web/updates/2016/02/font-display).","rawValue":false,"name":"font-display","description":"Avoid invisible text while webfonts are loading","scoringMode":"binary","details":{"itemHeaders":[{"itemType":"url","text":"Font URL","type":"text"},{"itemType":"text","text":"Font download time","type":"text"}],"header":"View Details","type":"table","items":[[{"text":"https://fonts.gstatic.com/s/roboto/v18/KFOmCnqEu92Fr1Mu4mxK.woff2","type":"url"},{"text":"884 ms","type":"text"}],[{"text":"https://fonts.gstatic.com/s/materialicons/v37/flUhRq6tzZclQEJ-Vdg-IuiaDsNc.woff2","type":"url"},{"text":"1,066 ms","type":"text"}],[{"text":"https://fonts.gstatic.com/s/roboto/v18/KFOlCnqEu92Fr1MmEU9fBBc4.woff2","type":"url"},{"text":"875 ms","type":"text"}]]}},"layout-table":{"displayValue":"","score":false,"helpText":"A table being used for layout purposes should not include data elements, such as the th or caption elements or the summary attribute, because this can create a confusing experience for screen reader users. [Learn more](https://dequeuniversity.com/rules/axe/2.2/layout-table?application=lighthouse).","rawValue":false,"name":"layout-table","description":"Presentational `<table>` elements do not avoid using `<th>`, `<caption>` or the `[summary]` attribute.","scoringMode":"binary","informative":true,"notApplicable":true}},"url":"http://web/#/"}
61.94117647058823
The variable of type Double with the value 61.94117647058823 is LOWER_THAN 655.94117647058823
]]></system-out>
    <rerunFailure message="expected:&lt;false&gt; but was:&lt;true&gt;" type="java.lang.AssertionError"><![CDATA[java.lang.AssertionError: expected:<false> but was:<true>
	at org.junit.Assert.fail(Assert.java:88)
	at org.junit.Assert.failNotEquals(Assert.java:834)
	at org.junit.Assert.assertEquals(Assert.java:118)
	at org.junit.Assert.assertEquals(Assert.java:144)
	at io.jenkins.plugins.sample.LighthousePluginTest.Test_NegativeEquals(LighthousePluginTest.java:43)
	at sun.reflect.NativeMethodAccessorImpl.invoke0(Native Method)
	at sun.reflect.NativeMethodAccessorImpl.invoke(NativeMethodAccessorImpl.java:62)
	at sun.reflect.DelegatingMethodAccessorImpl.invoke(DelegatingMethodAccessorImpl.java:43)
	at java.lang.reflect.Method.invoke(Method.java:498)
	at org.junit.runners.model.FrameworkMethod$1.runReflectiveCall(FrameworkMethod.java:50)
	at org.junit.internal.runners.model.ReflectiveCallable.run(ReflectiveCallable.java:12)
	at org.junit.runners.model.FrameworkMethod.invokeExplosively(FrameworkMethod.java:47)
	at org.junit.internal.runners.statements.InvokeMethod.evaluate(InvokeMethod.java:17)
	at org.junit.runners.ParentRunner.runLeaf(ParentRunner.java:325)
	at org.junit.runners.BlockJUnit4ClassRunner.runChild(BlockJUnit4ClassRunner.java:78)
	at org.junit.runners.BlockJUnit4ClassRunner.runChild(BlockJUnit4ClassRunner.java:57)
	at org.junit.runners.ParentRunner$3.run(ParentRunner.java:290)
	at org.junit.runners.ParentRunner$1.schedule(ParentRunner.java:71)
	at org.junit.runners.ParentRunner.runChildren(ParentRunner.java:288)
	at org.junit.runners.ParentRunner.access$000(ParentRunner.java:58)
	at org.junit.runners.ParentRunner$2.evaluate(ParentRunner.java:268)
	at org.junit.runners.ParentRunner.run(ParentRunner.java:363)
	at org.apache.maven.surefire.junit4.JUnit4Provider.executeFailedMethod(JUnit4Provider.java:379)
	at org.apache.maven.surefire.junit4.JUnit4Provider.executeWithRerun(JUnit4Provider.java:290)
	at org.apache.maven.surefire.junit4.JUnit4Provider.executeTestSet(JUnit4Provider.java:236)
	at org.apache.maven.surefire.junit4.JUnit4Provider.invoke(JUnit4Provider.java:159)
	at org.apache.maven.surefire.booter.ForkedBooter.invokeProviderInSameClassLoader(ForkedBooter.java:386)
	at org.apache.maven.surefire.booter.ForkedBooter.runSuitesInProcess(ForkedBooter.java:323)
	at org.apache.maven.surefire.booter.ForkedBooter.main(ForkedBooter.java:143)
]]>
      <system-out><![CDATA[{"initialUrl":"http://web:80/#/","generatedTime":"2018-06-24T16:18:28.384Z","score":30,"reportCategories":[{"score":61.94117647058823,"name":"Performance","description":"These encapsulate your web app's current performance and opportunities to improve it.","id":"performance","audits":[{"result":{"displayValue":"4,520 ms","score":40,"helpText":"First meaningful paint measures when the primary content of a page is visible. [Learn more](https://developers.google.com/web/tools/lighthouse/audits/first-meaningful-paint).","rawValue":4521.8,"extendedInfo":{"value":{"timestamps":{"fCP":8650057715484,"endOfTrace":8650064967436,"fMP":8650057715493,"onLoad":8650058566647,"navStart":8650053193698},"fmpFellBack":false,"timings":{"fCP":4521.786,"endOfTrace":11773.738,"fMP":4521.795,"onLoad":5372.949,"navStart":0}}},"name":"first-meaningful-paint","description":"First meaningful paint","scoringMode":"numeric"},"score":40,"weight":5,"id":"first-meaningful-paint","group":"perf-metric"},{"result":{"displayValue":"6,460 ms","score":71,"helpText":"First Interactive marks the time at which the page is minimally interactive. [Learn more](https://developers.google.com/web/tools/lighthouse/audits/first-interactive).","rawValue":6460.149,"extendedInfo":{"value":{"timeInMs":6460.149,"timestamp":8650059653847}},"name":"first-interactive","description":"First Interactive (beta)","scoringMode":"numeric"},"score":71,"weight":5,"id":"first-interactive","group":"perf-metric"},{"result":{"displayValue":"6,460 ms","score":71,"helpText":"Consistently Interactive marks the time at which the page is fully interactive. [Learn more](https://developers.google.com/web/tools/lighthouse/audits/consistently-interactive).","rawValue":6460.149,"extendedInfo":{"value":{"timeInMs":6460.149,"cpuQuietPeriod":{"start":8.650059653847E9,"end":8.650064967436E9},"networkQuietPeriods":[{"start":8.650059532223999E9,"end":8.650064967436E9}],"networkQuietPeriod":{"start":8.650059532223999E9,"end":8.650064967436E9},"cpuQuietPeriods":[{"start":8.650059653847E9,"end":8.650064967436E9}],"timestamp":8650059653847}},"name":"consistently-interactive","description":"Consistently Interactive (beta)","scoringMode":"numeric"},"score":71,"weight":5,"id":"consistently-interactive","group":"perf-metric"},{"result":{"displayValue":"5,723","score":48,"helpText":"Speed Index shows how quickly the contents of a page are visibly populated. [Learn more](https://developers.google.com/web/tools/lighthouse/audits/speed-index).","rawValue":5723,"extendedInfo":{"value":{"frames":[{"progress":0,"timestamp":8.650053193698E9},{"progress":0,"timestamp":8.650053950668E9},{"progress":0,"timestamp":8.650057717184E9},{"progress":78.47020210836772,"timestamp":8.650058783808E9},{"progress":79.55400014666994,"timestamp":8.650058883804E9},{"progress":84.25733274045653,"timestamp":8.65005906713E9},{"progress":90.99914379891193,"timestamp":8.650059217124E9},{"progress":92.49290629372531,"timestamp":8.65005965044E9},{"progress":100.00000000000001,"timestamp":8.650059800434E9}],"timestamps":{"firstVisualChange":8650058783698,"perceptualSpeedIndex":8.650058916695168E12,"visuallyComplete":8650059799698,"visuallyReady":8.650059217124001E12},"timings":{"firstVisualChange":5590,"perceptualSpeedIndex":5722.997167414955,"visuallyComplete":6606,"visuallyReady":6023.426000595093}}},"name":"speed-index-metric","description":"Perceptual Speed Index","scoringMode":"numeric"},"score":48,"weight":1,"id":"speed-index-metric","group":"perf-metric"},{"result":{"displayValue":"50 ms","score":95,"helpText":"The score above is an estimate of how long your app takes to respond to user input, in milliseconds. There is a 90% probability that a user encounters this amount of latency, or less. 10% of the time a user can expect additional latency. If your latency is higher than 50 ms, users may perceive your app as laggy. [Learn more](https://developers.google.com/web/tools/lighthouse/audits/estimated-input-latency).","rawValue":49.8,"extendedInfo":{"value":[{"percentile":0.5,"time":16},{"percentile":0.75,"time":16},{"percentile":0.9,"time":49.84405833333335},{"percentile":0.99,"time":161.88252333333307},{"percentile":1,"time":209.04299999999876}]},"name":"estimated-input-latency","description":"Estimated Input Latency","scoringMode":"numeric"},"score":95,"weight":1,"id":"estimated-input-latency","group":"perf-metric"},{"result":{"displayValue":"","score":100,"helpText":"External stylesheets are blocking the first paint of your page. Consider delivering critical CSS via `<style>` tags and deferring non-critical styles. [Learn more](https://developers.google.com/web/tools/lighthouse/audits/blocking-resources).","rawValue":0,"extendedInfo":{"value":{"wastedMs":"0 ms","results":[]}},"name":"link-blocking-first-paint","description":"Reduce render-blocking stylesheets","scoringMode":"binary","informative":true,"details":{"itemHeaders":[{"itemType":"url","text":"URL","type":"text"},{"itemType":"text","text":"Size (KB)","type":"text"},{"itemType":"text","text":"Delayed Paint By (ms)","type":"text"}],"header":"View Details","type":"table","items":[]}},"score":100,"weight":0,"id":"link-blocking-first-paint","group":"perf-hint"},{"result":{"displayValue":"","score":100,"helpText":"Script elements are blocking the first paint of your page. Consider inlining critical scripts and deferring non-critical ones. [Learn more](https://developers.google.com/web/tools/lighthouse/audits/blocking-resources).","rawValue":0,"extendedInfo":{"value":{"wastedMs":"0 ms","results":[]}},"name":"script-blocking-first-paint","description":"Reduce render-blocking scripts","scoringMode":"binary","informative":true,"details":{"itemHeaders":[{"itemType":"url","text":"URL","type":"text"},{"itemType":"text","text":"Size (KB)","type":"text"},{"itemType":"text","text":"Delayed Paint By (ms)","type":"text"}],"header":"View Details","type":"table","items":[]}},"score":100,"weight":0,"id":"script-blocking-first-paint","group":"perf-hint"},{"result":{"displayValue":"","score":100,"helpText":"Serve images that are appropriately-sized to save cellular data and improve load time. [Learn more](https://developers.google.com/web/tools/lighthouse/audits/oversized-images).","rawValue":0,"extendedInfo":{"value":{"wastedKb":0,"wastedMs":0,"results":[]}},"name":"uses-responsive-images","description":"Properly size images","scoringMode":"binary","informative":true,"details":{"itemHeaders":[{"itemType":"thumbnail","text":"","type":"text"},{"itemType":"url","text":"URL","type":"text"},{"itemType":"text","text":"Original","type":"text"},{"itemType":"text","text":"Potential Savings","type":"text"}],"header":"View Details","type":"table","items":[]}},"score":100,"weight":0,"id":"uses-responsive-images","group":"perf-hint"},{"result":{"displayValue":"","score":100,"helpText":"Consider lazy-loading offscreen and hidden images to improve page load speed and time to interactive. [Learn more](https://developers.google.com/web/tools/lighthouse/audits/offscreen-images).","rawValue":0,"extendedInfo":{"value":{"wastedKb":0,"wastedMs":0,"results":[]}},"name":"offscreen-images","description":"Offscreen images","scoringMode":"binary","informative":true,"details":{"itemHeaders":[{"itemType":"thumbnail","text":"","type":"text"},{"itemType":"url","text":"URL","type":"text"},{"itemType":"text","text":"Original","type":"text"},{"itemType":"text","text":"Potential Savings","type":"text"}],"header":"View Details","type":"table","items":[]}},"score":100,"weight":0,"id":"offscreen-images","group":"perf-hint"},{"result":{"displayValue":"","score":100,"helpText":"Minifying CSS files can reduce network payload sizes. [Learn more](https://developers.google.com/speed/docs/insights/MinifyResources).","rawValue":0,"extendedInfo":{"value":{"wastedKb":0,"wastedMs":0,"results":[]}},"name":"unminified-css","description":"Minify CSS","scoringMode":"binary","informative":true,"details":{"itemHeaders":[{"itemType":"url","text":"URL","type":"text"},{"itemType":"text","text":"Original","type":"text"},{"itemType":"text","text":"Potential Savings","type":"text"}],"header":"View Details","type":"table","items":[]}},"score":100,"weight":0,"id":"unminified-css","group":"perf-hint"},{"result":{"displayValue":"","score":100,"helpText":"Minifying JavaScript files can reduce payload sizes and script parse time. [Learn more](https://developers.google.com/speed/docs/insights/MinifyResources).","rawValue":0,"extendedInfo":{"value":{"wastedKb":0,"wastedMs":0,"results":[]}},"name":"unminified-javascript","description":"Minify JavaScript","scoringMode":"binary","informative":true,"details":{"itemHeaders":[{"itemType":"url","text":"URL","type":"text"},{"itemType":"text","text":"Original","type":"text"},{"itemType":"text","text":"Potential Savings","type":"text"}],"header":"View Details","type":"table","items":[]}},"score":100,"weight":0,"id":"unminified-javascript","group":"perf-hint"},{"result":{"displayValue":"Potential savings of 35 KB (~190 ms)","score":90,"helpText":"Remove unused rules from stylesheets to reduce unnecessary bytes consumed by network activity. [Learn more](https://developers.google.com/speed/docs/insights/OptimizeCSSDelivery)","rawValue":190,"extendedInfo":{"value":{"wastedKb":35,"wastedMs":190,"results":[{"wastedKb":"29 KB","totalKb":"32 KB","wastedMs":"160 ms","totalMs":"170 ms","potentialSavings":"29 KB (93%)","totalBytes":32261,"wastedPercent":92.80281987684556,"wastedBytes":29939,"url":"http://web/static/css/app.a1bcfeb0daa2a3f727390086fd42ee9d.css"},{"wastedKb":"5 KB","totalKb":"6 KB","wastedMs":"30 ms","totalMs":"30 ms","potentialSavings":"5 KB (98%)","totalBytes":5722,"wastedPercent":98.2698357217756,"wastedBytes":5623,"url":{"text":"a { color: #1976d2; } ...","type":"code"}}]}},"name":"unused-css-rules","description":"Unused CSS rules","scoringMode":"binary","informative":true,"details":{"itemHeaders":[{"itemType":"url","text":"URL","type":"text"},{"itemType":"text","text":"Original","type":"text"},{"itemType":"text","text":"Potential Savings","type":"text"}],"header":"View Details","type":"table","items":[[{"text":"http://web/static/css/app.a1bcfeb0daa2a3f727390086fd42ee9d.css","type":"url"},{"text":"32 KB","type":"text"},{"text":"29 KB (93%)","type":"text"}],[{"text":"a { color: #1976d2; } ...","type":"code"},{"text":"6 KB","type":"text"},{"text":"5 KB (98%)","type":"text"}]]}},"score":90,"weight":0,"id":"unused-css-rules","group":"perf-hint"},{"result":{"displayValue":"","score":100,"helpText":"Optimized images load faster and consume less cellular data. [Learn more](https://developers.google.com/web/tools/lighthouse/audits/optimize-images).","rawValue":0,"extendedInfo":{"value":{"wastedKb":0,"wastedMs":0,"results":[]}},"name":"uses-optimized-images","description":"Optimize images","scoringMode":"binary","informative":true,"details":{"itemHeaders":[{"itemType":"thumbnail","text":"","type":"text"},{"itemType":"url","text":"URL","type":"text"},{"itemType":"text","text":"Original","type":"text"},{"itemType":"text","text":"Potential Savings","type":"text"}],"header":"View Details","type":"table","items":[]}},"score":100,"weight":0,"id":"uses-optimized-images","group":"perf-hint"},{"result":{"displayValue":"","score":100,"helpText":"Image formats like JPEG 2000, JPEG XR, and WebP often provide better compression than PNG or JPEG, which means faster downloads and less data consumption. [Learn more](https://developers.google.com/web/tools/lighthouse/audits/webp).","rawValue":0,"extendedInfo":{"value":{"wastedKb":0,"wastedMs":0,"results":[]}},"name":"uses-webp-images","description":"Serve images in next-gen formats","scoringMode":"binary","informative":true,"details":{"itemHeaders":[{"itemType":"thumbnail","text":"","type":"text"},{"itemType":"url","text":"URL","type":"text"},{"itemType":"text","text":"Original","type":"text"},{"itemType":"text","text":"Potential Savings","type":"text"}],"header":"View Details","type":"table","items":[]}},"score":100,"weight":0,"id":"uses-webp-images","group":"perf-hint"},{"result":{"displayValue":"","score":100,"helpText":"Text-based responses should be served with compression (gzip, deflate or brotli) to minimize total network bytes. [Learn more](https://developers.google.com/web/fundamentals/performance/optimizing-content-efficiency/optimize-encoding-and-transfer).","rawValue":0,"extendedInfo":{"value":{"wastedKb":0,"wastedMs":0,"results":[]}},"name":"uses-request-compression","description":"Enable text compression","scoringMode":"binary","informative":true,"details":{"itemHeaders":[{"itemType":"url","text":"Uncompressed resource URL","type":"text"},{"itemType":"text","text":"Original","type":"text"},{"itemType":"text","text":"GZIP Savings","type":"text"}],"header":"View Details","type":"table","items":[]}},"score":100,"weight":0,"id":"uses-request-compression","group":"perf-hint"},{"result":{"displayValue":"","score":null,"debugString":"Audit error: Cannot read property '_timing' of undefined","helpText":"Time To First Byte identifies the time at which your server sends a response. [Learn more](https://developers.google.com/web/tools/chrome-devtools/network-performance/issues).","rawValue":null,"name":"time-to-first-byte","description":"Keep server response times low (TTFB)","scoringMode":"binary","informative":true,"error":true},"score":0,"weight":0,"id":"time-to-first-byte","group":"perf-hint"},{"result":{"displayValue":"","score":null,"debugString":"Audit error: Unable to identify the main resource","helpText":"Redirects introduce additional delays before the page can be loaded. [Learn more](https://developers.google.com/speed/docs/insights/AvoidRedirects).","rawValue":null,"name":"redirects","description":"Has multiple page redirects","scoringMode":"binary","error":true},"score":0,"weight":0,"id":"redirects","group":"perf-hint"},{"result":{"displayValue":"","score":null,"debugString":"Audit error: Unable to identify the main resource","helpText":"Consider using <link rel=preload> to prioritize fetching late-discovered resources sooner [Learn more](https://developers.google.com/web/updates/2016/03/link-rel-preload).","rawValue":null,"name":"uses-rel-preload","description":"Preload key requests","scoringMode":"numeric","informative":true,"error":true},"score":0,"weight":0,"id":"uses-rel-preload","group":"perf-hint"},{"result":{"displayValue":"Total size was 400 KB","score":100,"helpText":"Large network payloads cost users real money and are highly correlated with long load times. [Learn more](https://developers.google.com/web/tools/lighthouse/audits/network-payloads).","rawValue":409855,"extendedInfo":{"value":{"totalCompletedRequests":11,"results":[{"totalKb":"227 KB","totalMs":"1,240 ms","totalBytes":232785,"url":"http://web/static/js/vendor.d1efda22f11e965a5228.js"},{"totalKb":"48 KB","totalMs":"260 ms","totalBytes":49163,"url":"https://fonts.gstatic.com/s/materialicons/v37/flUhRq6tzZclQEJ-Vdg-IuiaDsNc.woff2"},{"totalKb":"46 KB","totalMs":"250 ms","totalBytes":47366,"url":"https://cdnjs.cloudflare.com/ajax/libs/Chart.js/2.7.1/Chart.min.js"},{"totalKb":"32 KB","totalMs":"170 ms","totalBytes":32261,"url":"http://web/static/css/app.a1bcfeb0daa2a3f727390086fd42ee9d.css"},{"totalKb":"15 KB","totalMs":"80 ms","totalBytes":15817,"url":"https://fonts.gstatic.com/s/roboto/v18/KFOlCnqEu92Fr1MmEU9fBBc4.woff2"},{"totalKb":"15 KB","totalMs":"80 ms","totalBytes":15461,"url":"https://fonts.gstatic.com/s/roboto/v18/KFOmCnqEu92Fr1Mu4mxK.woff2"},{"totalKb":"12 KB","totalMs":"70 ms","totalBytes":12691,"url":"http://web/static/js/app.310cd52123c59f9f64a5.js"},{"totalKb":"1 KB","totalMs":"10 ms","totalBytes":1524,"url":"https://unpkg.com/vue-chartjs@3.3.2/dist/vue-chartjs.min.js"},{"totalKb":"1 KB","totalMs":"10 ms","totalBytes":1211,"url":"http://web/"},{"totalKb":"1 KB","totalMs":"10 ms","totalBytes":1171,"url":"http://web/static/js/manifest.9f020e973ae4037504f6.js"}]}},"name":"total-byte-weight","description":"Avoids enormous network payloads","scoringMode":"numeric","details":{"itemHeaders":[{"itemType":"url","text":"URL","type":"text"},{"itemType":"text","text":"Total Size","type":"text"},{"itemType":"text","text":"Transfer Time","type":"text"}],"header":"View Details","type":"table","items":[[{"text":"http://web/static/js/vendor.d1efda22f11e965a5228.js","type":"url"},{"text":"227 KB","type":"text"},{"text":"1,240 ms","type":"text"}],[{"text":"https://fonts.gstatic.com/s/materialicons/v37/flUhRq6tzZclQEJ-Vdg-IuiaDsNc.woff2","type":"url"},{"text":"48 KB","type":"text"},{"text":"260 ms","type":"text"}],[{"text":"https://cdnjs.cloudflare.com/ajax/libs/Chart.js/2.7.1/Chart.min.js","type":"url"},{"text":"46 KB","type":"text"},{"text":"250 ms","type":"text"}],[{"text":"http://web/static/css/app.a1bcfeb0daa2a3f727390086fd42ee9d.css","type":"url"},{"text":"32 KB","type":"text"},{"text":"170 ms","type":"text"}],[{"text":"https://fonts.gstatic.com/s/roboto/v18/KFOlCnqEu92Fr1MmEU9fBBc4.woff2","type":"url"},{"text":"15 KB","type":"text"},{"text":"80 ms","type":"text"}],[{"text":"https://fonts.gstatic.com/s/roboto/v18/KFOmCnqEu92Fr1Mu4mxK.woff2","type":"url"},{"text":"15 KB","type":"text"},{"text":"80 ms","type":"text"}],[{"text":"http://web/static/js/app.310cd52123c59f9f64a5.js","type":"url"},{"text":"12 KB","type":"text"},{"text":"70 ms","type":"text"}],[{"text":"https://unpkg.com/vue-chartjs@3.3.2/dist/vue-chartjs.min.js","type":"url"},{"text":"1 KB","type":"text"},{"text":"10 ms","type":"text"}],[{"text":"http://web/","type":"url"},{"text":"1 KB","type":"text"},{"text":"10 ms","type":"text"}],[{"text":"http://web/static/js/manifest.9f020e973ae4037504f6.js","type":"url"},{"text":"1 KB","type":"text"},{"text":"10 ms","type":"text"}]]}},"score":100,"weight":0,"id":"total-byte-weight","group":"perf-info"},{"result":{"displayValue":"0 assets found","score":100,"helpText":"A long cache lifetime can speed up repeat visits to your page. [Learn more](https://developers.google.com/web/fundamentals/performance/optimizing-content-efficiency/http-caching#cache-control).","rawValue":0,"extendedInfo":{"value":{"queryStringCount":0,"results":[]}},"name":"uses-long-cache-ttl","description":"Uses efficient cache policy on static assets","scoringMode":"numeric","details":{"itemHeaders":[{"itemType":"url","text":"URL","type":"text"},{"itemType":"text","text":"Cache TTL","type":"text"},{"itemType":"text","text":"Size (KB)","type":"text"}],"header":"View Details","type":"table","items":[]}},"score":100,"weight":0,"id":"uses-long-cache-ttl","group":"perf-info"},{"result":{"displayValue":"94 nodes","score":100,"helpText":"Browser engineers recommend pages contain fewer than ~1,500 DOM nodes. The sweet spot is a tree depth < 32 elements and fewer than 60 children/parent element. A large DOM can increase memory usage, cause longer [style calculations](https://developers.google.com/web/fundamentals/performance/rendering/reduce-the-scope-and-complexity-of-style-calculations), and produce costly [layout reflows](https://developers.google.com/speed/articles/reflow). [Learn more](https://developers.google.com/web/fundamentals/performance/rendering/).","rawValue":94,"extendedInfo":{"value":[{"title":"Total DOM Nodes","value":"94","target":"< 1,500 nodes"},{"snippet":"html >\n  body >\n    main >\n      div#inspire.application.theme--dark >\n        div.application--wrap >\n          aside.navigation-drawer.navigation-drawer--clipped.navigation-drawer--close.navigation-drawer--fixed.navigation-drawer--is-mobile >\n            div.list >\n              div >\n                div.list__tile >\n                  div.input-group.input-group--dirty.input-group--selection-controls.switch.accent--text >\n                    div.input-group__input >\n                      div.input-group--selection-controls__container >\n                        div.input-group--selection-controls__toggle.input-group--selection-controls__toggle--active","title":"DOM Depth","value":"13","target":"< 32"},{"snippet":"Element with most children:\nhead","title":"Maximum Children","value":"8","target":"< 60 nodes"}]},"name":"dom-size","description":"Avoids an excessive DOM size","scoringMode":"numeric","details":{"header":{"text":"View details","type":"text"},"type":"cards","items":[{"title":"Total DOM Nodes","value":"94","target":"< 1,500 nodes"},{"snippet":"html >\n  body >\n    main >\n      div#inspire.application.theme--dark >\n        div.application--wrap >\n          aside.navigation-drawer.navigation-drawer--clipped.navigation-drawer--close.navigation-drawer--fixed.navigation-drawer--is-mobile >\n            div.list >\n              div >\n                div.list__tile >\n                  div.input-group.input-group--dirty.input-group--selection-controls.switch.accent--text >\n                    div.input-group__input >\n                      div.input-group--selection-controls__container >\n                        div.input-group--selection-controls__toggle.input-group--selection-controls__toggle--active","title":"DOM Depth","value":"13","target":"< 32"},{"snippet":"Element with most children:\nhead","title":"Maximum Children","value":"8","target":"< 60 nodes"}]}},"score":100,"weight":0,"id":"dom-size","group":"perf-info"},{"result":{"displayValue":"","score":null,"debugString":"Audit error: Unable to identify the main resource","helpText":"The Critical Request Chains below show you what resources are issued with a high priority. Consider reducing the length of chains, reducing the download size of resources, or deferring the download of unnecessary resources to improve page load. [Learn more](https://developers.google.com/web/tools/lighthouse/audits/critical-request-chains).","rawValue":null,"name":"critical-request-chains","description":"Critical Request Chains","scoringMode":"binary","informative":true,"error":true},"score":0,"weight":0,"id":"critical-request-chains","group":"perf-info"},{"result":{"displayValue":"11","score":100,"helpText":"Lists the network requests that were made during page load.","rawValue":11,"extendedInfo":{"value":[{"transferSize":1211,"startTime":0,"endTime":638.9249991625547,"mimeType":"text/html","url":"http://web/","statusCode":200,"resourceType":"document"},{"transferSize":1171,"startTime":755.621999502182,"endTime":1328.4680005162954,"mimeType":"application/javascript","url":"http://web/static/js/manifest.9f020e973ae4037504f6.js","statusCode":200,"resourceType":"script"},{"transferSize":232785,"startTime":755.7720001786947,"endTime":2917.8979992866516,"mimeType":"application/javascript","url":"http://web/static/js/vendor.d1efda22f11e965a5228.js","statusCode":200,"resourceType":"script"},{"transferSize":12691,"startTime":755.9009995311499,"endTime":1470.6410001963377,"mimeType":"application/javascript","url":"http://web/static/js/app.310cd52123c59f9f64a5.js","statusCode":200,"resourceType":"script"},{"transferSize":47366,"startTime":790.370000526309,"endTime":2162.829000502825,"mimeType":"application/javascript","url":"https://cdnjs.cloudflare.com/ajax/libs/Chart.js/2.7.1/Chart.min.js","statusCode":200,"resourceType":"script"},{"transferSize":405,"startTime":790.8159997314215,"endTime":1663.72200101614,"mimeType":"text/plain","url":"https://unpkg.com/vue-chartjs/dist/vue-chartjs.min.js","statusCode":302},{"transferSize":1524,"startTime":1664.8290008306503,"endTime":2258.2770008593798,"mimeType":"application/javascript","url":"https://unpkg.com/vue-chartjs@3.3.2/dist/vue-chartjs.min.js","statusCode":200,"resourceType":"script"},{"transferSize":32261,"startTime":4527.456000447273,"endTime":5278.87500077486,"mimeType":"text/css","url":"http://web/static/css/app.a1bcfeb0daa2a3f727390086fd42ee9d.css","statusCode":200,"resourceType":"stylesheet"},{"transferSize":15461,"startTime":5458.613000810146,"endTime":6342.342000454664,"mimeType":"font/woff2","url":"https://fonts.gstatic.com/s/roboto/v18/KFOmCnqEu92Fr1Mu4mxK.woff2","statusCode":200,"resourceType":"font"},{"transferSize":49163,"startTime":5458.761001005769,"endTime":6524.431999772787,"mimeType":"font/woff2","url":"https://fonts.gstatic.com/s/materialicons/v37/flUhRq6tzZclQEJ-Vdg-IuiaDsNc.woff2","statusCode":200,"resourceType":"font"},{"transferSize":15817,"startTime":5458.878999575973,"endTime":6334.002999588847,"mimeType":"font/woff2","url":"https://fonts.gstatic.com/s/roboto/v18/KFOlCnqEu92Fr1MmEU9fBBc4.woff2","statusCode":200,"resourceType":"font"}]},"name":"network-requests","description":"Network Requests","scoringMode":"binary","informative":true,"details":{"itemHeaders":[{"itemType":"url","text":"URL","type":"text"},{"itemType":"ms","text":"Start Time","type":"text"},{"itemType":"ms","text":"End Time","type":"text"},{"itemType":"bytes","text":"Transfer Size","type":"text"},{"itemType":"text","text":"Status Code","type":"text"},{"itemType":"text","text":"MIME Type","type":"text"},{"itemType":"text","text":"Resource Type","type":"text"}],"header":"View Details","type":"table","items":[[{"text":"http://web/","type":"url"},{"text":0,"type":"ms"},{"text":638.9249991625547,"type":"ms"},{"text":1211,"type":"bytes"},{"text":200,"type":"text"},{"text":"text/html","type":"text"},{"text":"document","type":"text"}],[{"text":"http://web/static/js/manifest.9f020e973ae4037504f6.js","type":"url"},{"text":755.621999502182,"type":"ms"},{"text":1328.4680005162954,"type":"ms"},{"text":1171,"type":"bytes"},{"text":200,"type":"text"},{"text":"application/javascript","type":"text"},{"text":"script","type":"text"}],[{"text":"http://web/static/js/vendor.d1efda22f11e965a5228.js","type":"url"},{"text":755.7720001786947,"type":"ms"},{"text":2917.8979992866516,"type":"ms"},{"text":232785,"type":"bytes"},{"text":200,"type":"text"},{"text":"application/javascript","type":"text"},{"text":"script","type":"text"}],[{"text":"http://web/static/js/app.310cd52123c59f9f64a5.js","type":"url"},{"text":755.9009995311499,"type":"ms"},{"text":1470.6410001963377,"type":"ms"},{"text":12691,"type":"bytes"},{"text":200,"type":"text"},{"text":"application/javascript","type":"text"},{"text":"script","type":"text"}],[{"text":"https://cdnjs.cloudflare.com/ajax/libs/Chart.js/2.7.1/Chart.min.js","type":"url"},{"text":790.370000526309,"type":"ms"},{"text":2162.829000502825,"type":"ms"},{"text":47366,"type":"bytes"},{"text":200,"type":"text"},{"text":"application/javascript","type":"text"},{"text":"script","type":"text"}],[{"text":"https://unpkg.com/vue-chartjs/dist/vue-chartjs.min.js","type":"url"},{"text":790.8159997314215,"type":"ms"},{"text":1663.72200101614,"type":"ms"},{"text":405,"type":"bytes"},{"text":302,"type":"text"},{"text":"text/plain","type":"text"},{"type":"text"}],[{"text":"https://unpkg.com/vue-chartjs@3.3.2/dist/vue-chartjs.min.js","type":"url"},{"text":1664.8290008306503,"type":"ms"},{"text":2258.2770008593798,"type":"ms"},{"text":1524,"type":"bytes"},{"text":200,"type":"text"},{"text":"application/javascript","type":"text"},{"text":"script","type":"text"}],[{"text":"http://web/static/css/app.a1bcfeb0daa2a3f727390086fd42ee9d.css","type":"url"},{"text":4527.456000447273,"type":"ms"},{"text":5278.87500077486,"type":"ms"},{"text":32261,"type":"bytes"},{"text":200,"type":"text"},{"text":"text/css","type":"text"},{"text":"stylesheet","type":"text"}],[{"text":"https://fonts.gstatic.com/s/roboto/v18/KFOmCnqEu92Fr1Mu4mxK.woff2","type":"url"},{"text":5458.613000810146,"type":"ms"},{"text":6342.342000454664,"type":"ms"},{"text":15461,"type":"bytes"},{"text":200,"type":"text"},{"text":"font/woff2","type":"text"},{"text":"font","type":"text"}],[{"text":"https://fonts.gstatic.com/s/materialicons/v37/flUhRq6tzZclQEJ-Vdg-IuiaDsNc.woff2","type":"url"},{"text":5458.761001005769,"type":"ms"},{"text":6524.431999772787,"type":"ms"},{"text":49163,"type":"bytes"},{"text":200,"type":"text"},{"text":"font/woff2","type":"text"},{"text":"font","type":"text"}],[{"text":"https://fonts.gstatic.com/s/roboto/v18/KFOlCnqEu92Fr1MmEU9fBBc4.woff2","type":"url"},{"text":5458.878999575973,"type":"ms"},{"text":6334.002999588847,"type":"ms"},{"text":15817,"type":"bytes"},{"text":200,"type":"text"},{"text":"font/woff2","type":"text"},{"text":"font","type":"text"}]]}},"score":100,"weight":0,"id":"network-requests"},{"result":{"displayValue":"0","score":true,"helpText":"Consider instrumenting your app with the User Timing API to create custom, real-world measurements of key user experiences. [Learn more](https://developers.google.com/web/tools/lighthouse/audits/user-timing).","rawValue":true,"extendedInfo":{"value":[]},"name":"user-timings","description":"User Timing marks and measures","scoringMode":"binary","informative":true,"details":{"itemHeaders":[{"itemType":"text","text":"Name","type":"text"},{"itemType":"text","text":"Type","type":"text"},{"itemType":"text","text":"Time","type":"text"}],"header":"View Details","type":"table","items":[]}},"score":100,"weight":0,"id":"user-timings","group":"perf-info"},{"result":{"displayValue":"1,570 ms","score":true,"helpText":"Consider reducing the time spent parsing, compiling, and executing JS. You may find delivering smaller JS payloads helps with this. [Learn more](https://developers.google.com/web/lighthouse/audits/bootup).","rawValue":1573.503999710083,"extendedInfo":{"value":{"http://web/static/js/app.310cd52123c59f9f64a5.js":{"Script Evaluation":1173.697998046875,"Script Parsing & Compile":22.533000946044922},"http://web/static/js/vendor.d1efda22f11e965a5228.js":{"Style & Layout":178.41699981689453,"Script Parsing & Compile":14.004999160766602,"Script Evaluation":9.45100212097168},"https://unpkg.com/vue-chartjs@3.3.2/dist/vue-chartjs.min.js":{"Script Evaluation":6.445001602172852,"Script Parsing & Compile":4.004999160766602},"https://cdnjs.cloudflare.com/ajax/libs/Chart.js/2.7.1/Chart.min.js":{"Style & Layout":0.8509998321533203,"Script Evaluation":90.19700050354004,"Script Parsing & Compile":0.5679988861083984},"http://web/static/js/manifest.9f020e973ae4037504f6.js":{"Script Parsing & Compile":2.184000015258789,"Script Evaluation":1.4300003051757812},"http://web/":{"Style & Layout":0.0989990234375,"Script Evaluation":7.028999328613281,"Script Parsing & Compile":0.14599990844726562},"http://web/#/":{"Parsing HTML & CSS":62.446001052856445}}},"name":"bootup-time","description":"JavaScript boot-up time","scoringMode":"binary","details":{"itemHeaders":[{"itemType":"url","text":"URL","type":"text"},{"itemType":"text","text":"Script Evaluation","type":"text"},{"itemType":"text","text":"Script Parsing & Compile","type":"text"}],"header":"View Details","type":"table","items":[[{"text":"http://web/static/js/app.310cd52123c59f9f64a5.js","type":"url"},{"text":"1,174 ms","type":"text"},{"text":"23 ms","type":"text"}],[{"text":"https://cdnjs.cloudflare.com/ajax/libs/Chart.js/2.7.1/Chart.min.js","type":"url"},{"text":"90 ms","type":"text"},{"text":"1 ms","type":"text"}],[{"text":"http://web/static/js/vendor.d1efda22f11e965a5228.js","type":"url"},{"text":"9 ms","type":"text"},{"text":"14 ms","type":"text"}],[{"text":"https://unpkg.com/vue-chartjs@3.3.2/dist/vue-chartjs.min.js","type":"url"},{"text":"6 ms","type":"text"},{"text":"4 ms","type":"text"}]]}},"score":100,"weight":0,"id":"bootup-time","group":"perf-info"},{"result":{"displayValue":"true","score":100,"helpText":"This is what the load of your site looked like.","rawValue":true,"name":"screenshot-thumbnails","description":"Screenshot Thumbnails","scoringMode":"binary","informative":true,"details":{"scale":6606,"type":"filmstrip","items":[{"data":"/9j/4AAQSkZJRgABAQAAAQABAAD/2wCEAAMCAgMCAgMDAwMEAwMEBQgFBQQEBQoHBwYIDAoMDAsKCwsNDhIQDQ4RDgsLEBYQERMUFRUVDA8XGBYUGBIUFRQBAwQEBQQFCQUFCRQNCw0UFBQUFBQUFBQUFBQUFBQUFBQUFBQUFBQUFBQUFBQUFBQUFBQUFBQUFBQUFBQUFBQUFP/AABEIANUAeAMBEQACEQEDEQH/xAGiAAABBQEBAQEBAQAAAAAAAAAAAQIDBAUGBwgJCgsQAAIBAwMCBAMFBQQEAAABfQECAwAEEQUSITFBBhNRYQcicRQygZGhCCNCscEVUtHwJDNicoIJChYXGBkaJSYnKCkqNDU2Nzg5OkNERUZHSElKU1RVVldYWVpjZGVmZ2hpanN0dXZ3eHl6g4SFhoeIiYqSk5SVlpeYmZqio6Slpqeoqaqys7S1tre4ubrCw8TFxsfIycrS09TV1tfY2drh4uPk5ebn6Onq8fLz9PX29/j5+gEAAwEBAQEBAQEBAQAAAAAAAAECAwQFBgcICQoLEQACAQIEBAMEBwUEBAABAncAAQIDEQQFITEGEkFRB2FxEyIygQgUQpGhscEJIzNS8BVictEKFiQ04SXxFxgZGiYnKCkqNTY3ODk6Q0RFRkdISUpTVFVWV1hZWmNkZWZnaGlqc3R1dnd4eXqCg4SFhoeIiYqSk5SVlpeYmZqio6Slpqeoqaqys7S1tre4ubrCw8TFxsfIycrS09TV1tfY2dri4+Tl5ufo6ery8/T19vf4+fr/2gAMAwEAAhEDEQA/AP1ToAKACgAoAKACgAoAKACgAoAKACgAoAKACgAoAKACgAoAKACgAoAKACgAoAKACgAoAKACgAoAKACgAoAKACgAoAKACgAoAKACgAoAKACgAoAKACgAoAKACgAoAKACgAoAKACgAoAKACgAoAKACgAoAKACgAoAKACgAoAKACgAoAKACgAoAKACgAoAKACgAoAKACgAoAKACgAoAKACgAoAKACgAoAKACgAoAKACgAoAKACgAoAKACgAoAKACgAoAKACgAoAKACgAoAKACgAoAKACgAoAKACgAoAKACgAoAKACgAoAKACgAoAKACgAoAKACgAoAKACgAoAKACgAoAKACgAoAKACgAoAKACgAoAKACgAoAKACgAoAKACgAoAKACgAoAKACgAoAKACgAoAKACgAoAKACgAoAKACgAoAKACgAoAKACgAoAKACgAoAKACgAoAKACgAoAKACgAoAKACgAoAKACgAoAKACgAoAKACgAoAKACgAoAKACgAoAKACgAoAKACgAoAKACgAoAKACgAoAKACgAoAKACgAoAKACgAoAKACgAoAKACgAoAKACgAoAKACgAoAKACgAoAKACgAoAKACgAoAKACgAoAKACgAoAKACgAoAKACgAoAKACgAoAKACgAoAKACgAoAKACgAoAKACgAoAKACgAoAKACgAoAKACgAoAKACgAoAKACgAoAKACgAoAKACgAoAKACgAoAKACgAoAKACgAoAKACgAoAKACgAoAKACgAoAKACgAoAKACgAoAKACgAoAKACgAoAKACgAoAKACgAoAKACgAoAKACgAoAKACgAoAKACgAoAKACgAoAKACgAoAKACgAoAKACgAoAKACgAoAKACgAoAKACgAoAKACgAoAKACgAoAKACgAoAKACgAoAKACgAoAKACgAoAKACgAoAKACgAoAKACgAoAKACgD//Z","timing":661,"timestamp":8650053854298},{"data":"/9j/4AAQSkZJRgABAQAAAQABAAD/2wCEAAMCAgMCAgMDAwMEAwMEBQgFBQQEBQoHBwYIDAoMDAsKCwsNDhIQDQ4RDgsLEBYQERMUFRUVDA8XGBYUGBIUFRQBAwQEBQQFCQUFCRQNCw0UFBQUFBQUFBQUFBQUFBQUFBQUFBQUFBQUFBQUFBQUFBQUFBQUFBQUFBQUFBQUFBQUFP/AABEIANUAeAMBEQACEQEDEQH/xAGiAAABBQEBAQEBAQAAAAAAAAAAAQIDBAUGBwgJCgsQAAIBAwMCBAMFBQQEAAABfQECAwAEEQUSITFBBhNRYQcicRQygZGhCCNCscEVUtHwJDNicoIJChYXGBkaJSYnKCkqNDU2Nzg5OkNERUZHSElKU1RVVldYWVpjZGVmZ2hpanN0dXZ3eHl6g4SFhoeIiYqSk5SVlpeYmZqio6Slpqeoqaqys7S1tre4ubrCw8TFxsfIycrS09TV1tfY2drh4uPk5ebn6Onq8fLz9PX29/j5+gEAAwEBAQEBAQEBAQAAAAAAAAECAwQFBgcICQoLEQACAQIEBAMEBwUEBAABAncAAQIDEQQFITEGEkFRB2FxEyIygQgUQpGhscEJIzNS8BVictEKFiQ04SXxFxgZGiYnKCkqNTY3ODk6Q0RFRkdISUpTVFVWV1hZWmNkZWZnaGlqc3R1dnd4eXqCg4SFhoeIiYqSk5SVlpeYmZqio6Slpqeoqaqys7S1tre4ubrCw8TFxsfIycrS09TV1tfY2dri4+Tl5ufo6ery8/T19vf4+fr/2gAMAwEAAhEDEQA/AP1ToAKACgAoAKACgAoAKACgAoAKACgAoAKACgAoAKACgAoAKACgAoAKACgAoAKACgAoAKACgAoAKACgAoAKACgAoAKACgAoAKACgAoAKACgAoAKACgAoAKACgAoAKACgAoAKACgAoAKACgAoAKACgAoAKACgAoAKACgAoAKACgAoAKACgAoAKACgAoAKACgAoAKACgAoAKACgAoAKACgAoAKACgAoAKACgAoAKACgAoAKACgAoAKACgAoAKACgAoAKACgAoAKACgAoAKACgAoAKACgAoAKACgAoAKACgAoAKACgAoAKACgAoAKACgAoAKACgAoAKACgAoAKACgAoAKACgAoAKACgAoAKACgAoAKACgAoAKACgAoAKACgAoAKACgAoAKACgAoAKACgAoAKACgAoAKACgAoAKACgAoAKACgAoAKACgAoAKACgAoAKACgAoAKACgAoAKACgAoAKACgAoAKACgAoAKACgAoAKACgAoAKACgAoAKACgAoAKACgAoAKACgAoAKACgAoAKACgAoAKACgAoAKACgAoAKACgAoAKACgAoAKACgAoAKACgAoAKACgAoAKACgAoAKACgAoAKACgAoAKACgAoAKACgAoAKACgAoAKACgAoAKACgAoAKACgAoAKACgAoAKACgAoAKACgAoAKACgAoAKACgAoAKACgAoAKACgAoAKACgAoAKACgAoAKACgAoAKACgAoAKACgAoAKACgAoAKACgAoAKACgAoAKACgAoAKACgAoAKACgAoAKACgAoAKACgAoAKACgAoAKACgAoAKACgAoAKACgAoAKACgAoAKACgAoAKACgAoAKACgAoAKACgAoAKACgAoAKACgAoAKACgAoAKACgAoAKACgAoAKACgAoAKACgAoAKACgAoAKACgAoAKACgAoAKACgAoAKACgAoAKACgAoAKACgD//Z","timing":1321,"timestamp":8.650054514898001E12},{"data":"/9j/4AAQSkZJRgABAQAAAQABAAD/2wCEAAMCAgMCAgMDAwMEAwMEBQgFBQQEBQoHBwYIDAoMDAsKCwsNDhIQDQ4RDgsLEBYQERMUFRUVDA8XGBYUGBIUFRQBAwQEBQQFCQUFCRQNCw0UFBQUFBQUFBQUFBQUFBQUFBQUFBQUFBQUFBQUFBQUFBQUFBQUFBQUFBQUFBQUFBQUFP/AABEIANUAeAMBEQACEQEDEQH/xAGiAAABBQEBAQEBAQAAAAAAAAAAAQIDBAUGBwgJCgsQAAIBAwMCBAMFBQQEAAABfQECAwAEEQUSITFBBhNRYQcicRQygZGhCCNCscEVUtHwJDNicoIJChYXGBkaJSYnKCkqNDU2Nzg5OkNERUZHSElKU1RVVldYWVpjZGVmZ2hpanN0dXZ3eHl6g4SFhoeIiYqSk5SVlpeYmZqio6Slpqeoqaqys7S1tre4ubrCw8TFxsfIycrS09TV1tfY2drh4uPk5ebn6Onq8fLz9PX29/j5+gEAAwEBAQEBAQEBAQAAAAAAAAECAwQFBgcICQoLEQACAQIEBAMEBwUEBAABAncAAQIDEQQFITEGEkFRB2FxEyIygQgUQpGhscEJIzNS8BVictEKFiQ04SXxFxgZGiYnKCkqNTY3ODk6Q0RFRkdISUpTVFVWV1hZWmNkZWZnaGlqc3R1dnd4eXqCg4SFhoeIiYqSk5SVlpeYmZqio6Slpqeoqaqys7S1tre4ubrCw8TFxsfIycrS09TV1tfY2dri4+Tl5ufo6ery8/T19vf4+fr/2gAMAwEAAhEDEQA/AP1ToAKACgAoAKACgAoAKACgAoAKACgAoAKACgAoAKACgAoAKACgAoAKACgAoAKACgAoAKACgAoAKACgAoAKACgAoAKACgAoAKACgAoAKACgAoAKACgAoAKACgAoAKACgAoAKACgAoAKACgAoAKACgAoAKACgAoAKACgAoAKACgAoAKACgAoAKACgAoAKACgAoAKACgAoAKACgAoAKACgAoAKACgAoAKACgAoAKACgAoAKACgAoAKACgAoAKACgAoAKACgAoAKACgAoAKACgAoAKACgAoAKACgAoAKACgAoAKACgAoAKACgAoAKACgAoAKACgAoAKACgAoAKACgAoAKACgAoAKACgAoAKACgAoAKACgAoAKACgAoAKACgAoAKACgAoAKACgAoAKACgAoAKACgAoAKACgAoAKACgAoAKACgAoAKACgAoAKACgAoAKACgAoAKACgAoAKACgAoAKACgAoAKACgAoAKACgAoAKACgAoAKACgAoAKACgAoAKACgAoAKACgAoAKACgAoAKACgAoAKACgAoAKACgAoAKACgAoAKACgAoAKACgAoAKACgAoAKACgAoAKACgAoAKACgAoAKACgAoAKACgAoAKACgAoAKACgAoAKACgAoAKACgAoAKACgAoAKACgAoAKACgAoAKACgAoAKACgAoAKACgAoAKACgAoAKACgAoAKACgAoAKACgAoAKACgAoAKACgAoAKACgAoAKACgAoAKACgAoAKACgAoAKACgAoAKACgAoAKACgAoAKACgAoAKACgAoAKACgAoAKACgAoAKACgAoAKACgAoAKACgAoAKACgAoAKACgAoAKACgAoAKACgAoAKACgAoAKACgAoAKACgAoAKACgAoAKACgAoAKACgAoAKACgAoAKACgAoAKACgAoAKACgAoAKACgAoAKACgAoAKACgAoAKACgD//Z","timing":1982,"timestamp":8.650055175497999E12},{"data":"/9j/4AAQSkZJRgABAQAAAQABAAD/2wCEAAMCAgMCAgMDAwMEAwMEBQgFBQQEBQoHBwYIDAoMDAsKCwsNDhIQDQ4RDgsLEBYQERMUFRUVDA8XGBYUGBIUFRQBAwQEBQQFCQUFCRQNCw0UFBQUFBQUFBQUFBQUFBQUFBQUFBQUFBQUFBQUFBQUFBQUFBQUFBQUFBQUFBQUFBQUFP/AABEIANUAeAMBEQACEQEDEQH/xAGiAAABBQEBAQEBAQAAAAAAAAAAAQIDBAUGBwgJCgsQAAIBAwMCBAMFBQQEAAABfQECAwAEEQUSITFBBhNRYQcicRQygZGhCCNCscEVUtHwJDNicoIJChYXGBkaJSYnKCkqNDU2Nzg5OkNERUZHSElKU1RVVldYWVpjZGVmZ2hpanN0dXZ3eHl6g4SFhoeIiYqSk5SVlpeYmZqio6Slpqeoqaqys7S1tre4ubrCw8TFxsfIycrS09TV1tfY2drh4uPk5ebn6Onq8fLz9PX29/j5+gEAAwEBAQEBAQEBAQAAAAAAAAECAwQFBgcICQoLEQACAQIEBAMEBwUEBAABAncAAQIDEQQFITEGEkFRB2FxEyIygQgUQpGhscEJIzNS8BVictEKFiQ04SXxFxgZGiYnKCkqNTY3ODk6Q0RFRkdISUpTVFVWV1hZWmNkZWZnaGlqc3R1dnd4eXqCg4SFhoeIiYqSk5SVlpeYmZqio6Slpqeoqaqys7S1tre4ubrCw8TFxsfIycrS09TV1tfY2dri4+Tl5ufo6ery8/T19vf4+fr/2gAMAwEAAhEDEQA/AP1ToAKACgAoAKACgAoAKACgAoAKACgAoAKACgAoAKACgAoAKACgAoAKACgAoAKACgAoAKACgAoAKACgAoAKACgAoAKACgAoAKACgAoAKACgAoAKACgAoAKACgAoAKACgAoAKACgAoAKACgAoAKACgAoAKACgAoAKACgAoAKACgAoAKACgAoAKACgAoAKACgAoAKACgAoAKACgAoAKACgAoAKACgAoAKACgAoAKACgAoAKACgAoAKACgAoAKACgAoAKACgAoAKACgAoAKACgAoAKACgAoAKACgAoAKACgAoAKACgAoAKACgAoAKACgAoAKACgAoAKACgAoAKACgAoAKACgAoAKACgAoAKACgAoAKACgAoAKACgAoAKACgAoAKACgAoAKACgAoAKACgAoAKACgAoAKACgAoAKACgAoAKACgAoAKACgAoAKACgAoAKACgAoAKACgAoAKACgAoAKACgAoAKACgAoAKACgAoAKACgAoAKACgAoAKACgAoAKACgAoAKACgAoAKACgAoAKACgAoAKACgAoAKACgAoAKACgAoAKACgAoAKACgAoAKACgAoAKACgAoAKACgAoAKACgAoAKACgAoAKACgAoAKACgAoAKACgAoAKACgAoAKACgAoAKACgAoAKACgAoAKACgAoAKACgAoAKACgAoAKACgAoAKACgAoAKACgAoAKACgAoAKACgAoAKACgAoAKACgAoAKACgAoAKACgAoAKACgAoAKACgAoAKACgAoAKACgAoAKACgAoAKACgAoAKACgAoAKACgAoAKACgAoAKACgAoAKACgAoAKACgAoAKACgAoAKACgAoAKACgAoAKACgAoAKACgAoAKACgAoAKACgAoAKACgAoAKACgAoAKACgAoAKACgAoAKACgAoAKACgAoAKACgAoAKACgAoAKACgAoAKACgAoAKACgD//Z","timing":2642,"timestamp":8650055836098},{"data":"/9j/4AAQSkZJRgABAQAAAQABAAD/2wCEAAMCAgMCAgMDAwMEAwMEBQgFBQQEBQoHBwYIDAoMDAsKCwsNDhIQDQ4RDgsLEBYQERMUFRUVDA8XGBYUGBIUFRQBAwQEBQQFCQUFCRQNCw0UFBQUFBQUFBQUFBQUFBQUFBQUFBQUFBQUFBQUFBQUFBQUFBQUFBQUFBQUFBQUFBQUFP/AABEIANUAeAMBEQACEQEDEQH/xAGiAAABBQEBAQEBAQAAAAAAAAAAAQIDBAUGBwgJCgsQAAIBAwMCBAMFBQQEAAABfQECAwAEEQUSITFBBhNRYQcicRQygZGhCCNCscEVUtHwJDNicoIJChYXGBkaJSYnKCkqNDU2Nzg5OkNERUZHSElKU1RVVldYWVpjZGVmZ2hpanN0dXZ3eHl6g4SFhoeIiYqSk5SVlpeYmZqio6Slpqeoqaqys7S1tre4ubrCw8TFxsfIycrS09TV1tfY2drh4uPk5ebn6Onq8fLz9PX29/j5+gEAAwEBAQEBAQEBAQAAAAAAAAECAwQFBgcICQoLEQACAQIEBAMEBwUEBAABAncAAQIDEQQFITEGEkFRB2FxEyIygQgUQpGhscEJIzNS8BVictEKFiQ04SXxFxgZGiYnKCkqNTY3ODk6Q0RFRkdISUpTVFVWV1hZWmNkZWZnaGlqc3R1dnd4eXqCg4SFhoeIiYqSk5SVlpeYmZqio6Slpqeoqaqys7S1tre4ubrCw8TFxsfIycrS09TV1tfY2dri4+Tl5ufo6ery8/T19vf4+fr/2gAMAwEAAhEDEQA/AP1ToAKACgAoAKACgAoAKACgAoAKACgAoAKACgAoAKACgAoAKACgAoAKACgAoAKACgAoAKACgAoAKACgAoAKACgAoAKACgAoAKACgAoAKACgAoAKACgAoAKACgAoAKACgAoAKACgAoAKACgAoAKACgAoAKACgAoAKACgAoAKACgAoAKACgAoAKACgAoAKACgAoAKACgAoAKACgAoAKACgAoAKACgAoAKACgAoAKACgAoAKACgAoAKACgAoAKACgAoAKACgAoAKACgAoAKACgAoAKACgAoAKACgAoAKACgAoAKACgAoAKACgAoAKACgAoAKACgAoAKACgAoAKACgAoAKACgAoAKACgAoAKACgAoAKACgAoAKACgAoAKACgAoAKACgAoAKACgAoAKACgAoAKACgAoAKACgAoAKACgAoAKACgAoAKACgAoAKACgAoAKACgAoAKACgAoAKACgAoAKACgAoAKACgAoAKACgAoAKACgAoAKACgAoAKACgAoAKACgAoAKACgAoAKACgAoAKACgAoAKACgAoAKACgAoAKACgAoAKACgAoAKACgAoAKACgAoAKACgAoAKACgAoAKACgAoAKACgAoAKACgAoAKACgAoAKACgAoAKACgAoAKACgAoAKACgAoAKACgAoAKACgAoAKACgAoAKACgAoAKACgAoAKACgAoAKACgAoAKACgAoAKACgAoAKACgAoAKACgAoAKACgAoAKACgAoAKACgAoAKACgAoAKACgAoAKACgAoAKACgAoAKACgAoAKACgAoAKACgAoAKACgAoAKACgAoAKACgAoAKACgAoAKACgAoAKACgAoAKACgAoAKACgAoAKACgAoAKACgAoAKACgAoAKACgAoAKACgAoAKACgAoAKACgAoAKACgAoAKACgAoAKACgAoAKACgAoAKACgAoAKACgAoAKACgD//Z","timing":3303,"timestamp":8650056496698},{"data":"/9j/4AAQSkZJRgABAQAAAQABAAD/2wCEAAMCAgMCAgMDAwMEAwMEBQgFBQQEBQoHBwYIDAoMDAsKCwsNDhIQDQ4RDgsLEBYQERMUFRUVDA8XGBYUGBIUFRQBAwQEBQQFCQUFCRQNCw0UFBQUFBQUFBQUFBQUFBQUFBQUFBQUFBQUFBQUFBQUFBQUFBQUFBQUFBQUFBQUFBQUFP/AABEIANUAeAMBEQACEQEDEQH/xAGiAAABBQEBAQEBAQAAAAAAAAAAAQIDBAUGBwgJCgsQAAIBAwMCBAMFBQQEAAABfQECAwAEEQUSITFBBhNRYQcicRQygZGhCCNCscEVUtHwJDNicoIJChYXGBkaJSYnKCkqNDU2Nzg5OkNERUZHSElKU1RVVldYWVpjZGVmZ2hpanN0dXZ3eHl6g4SFhoeIiYqSk5SVlpeYmZqio6Slpqeoqaqys7S1tre4ubrCw8TFxsfIycrS09TV1tfY2drh4uPk5ebn6Onq8fLz9PX29/j5+gEAAwEBAQEBAQEBAQAAAAAAAAECAwQFBgcICQoLEQACAQIEBAMEBwUEBAABAncAAQIDEQQFITEGEkFRB2FxEyIygQgUQpGhscEJIzNS8BVictEKFiQ04SXxFxgZGiYnKCkqNTY3ODk6Q0RFRkdISUpTVFVWV1hZWmNkZWZnaGlqc3R1dnd4eXqCg4SFhoeIiYqSk5SVlpeYmZqio6Slpqeoqaqys7S1tre4ubrCw8TFxsfIycrS09TV1tfY2dri4+Tl5ufo6ery8/T19vf4+fr/2gAMAwEAAhEDEQA/AP1ToAKACgAoAKACgAoAKACgAoAKACgAoAKACgAoAKACgAoAKACgAoAKACgAoAKACgAoAKACgAoAKACgAoAKACgAoAKACgAoAKACgAoAKACgAoAKACgAoAKACgAoAKACgAoAKACgAoAKACgAoAKACgAoAKACgAoAKACgAoAKACgAoAKACgAoAKACgAoAKACgAoAKACgAoAKACgAoAKACgAoAKACgAoAKACgAoAKACgAoAKACgAoAKACgAoAKACgAoAKACgAoAKACgAoAKACgAoAKACgAoAKACgAoAKACgAoAKACgAoAKACgAoAKACgAoAKACgAoAKACgAoAKACgAoAKACgAoAKACgAoAKACgAoAKACgAoAKACgAoAKACgAoAKACgAoAKACgAoAKACgAoAKACgAoAKACgAoAKACgAoAKACgAoAKACgAoAKACgAoAKACgAoAKACgAoAKACgAoAKACgAoAKACgAoAKACgAoAKACgAoAKACgAoAKACgAoAKACgAoAKACgAoAKACgAoAKACgAoAKACgAoAKACgAoAKACgAoAKACgAoAKACgAoAKACgAoAKACgAoAKACgAoAKACgAoAKACgAoAKACgAoAKACgAoAKACgAoAKACgAoAKACgAoAKACgAoAKACgAoAKACgAoAKACgAoAKACgAoAKACgAoAKACgAoAKACgAoAKACgAoAKACgAoAKACgAoAKACgAoAKACgAoAKACgAoAKACgAoAKACgAoAKACgAoAKACgAoAKACgAoAKACgAoAKACgAoAKACgAoAKACgAoAKACgAoAKACgAoAKACgAoAKACgAoAKACgAoAKACgAoAKACgAoAKACgAoAKACgAoAKACgAoAKACgAoAKACgAoAKACgAoAKACgAoAKACgAoAKACgAoAKACgAoAKACgAoAKACgAoAKACgAoAKACgD//Z","timing":3964,"timestamp":8650057157298},{"data":"/9j/4AAQSkZJRgABAQAAAQABAAD/2wCEAAMCAgMCAgMDAwMEAwMEBQgFBQQEBQoHBwYIDAoMDAsKCwsNDhIQDQ4RDgsLEBYQERMUFRUVDA8XGBYUGBIUFRQBAwQEBQQFCQUFCRQNCw0UFBQUFBQUFBQUFBQUFBQUFBQUFBQUFBQUFBQUFBQUFBQUFBQUFBQUFBQUFBQUFBQUFP/AABEIANUAeAMBEQACEQEDEQH/xAGiAAABBQEBAQEBAQAAAAAAAAAAAQIDBAUGBwgJCgsQAAIBAwMCBAMFBQQEAAABfQECAwAEEQUSITFBBhNRYQcicRQygZGhCCNCscEVUtHwJDNicoIJChYXGBkaJSYnKCkqNDU2Nzg5OkNERUZHSElKU1RVVldYWVpjZGVmZ2hpanN0dXZ3eHl6g4SFhoeIiYqSk5SVlpeYmZqio6Slpqeoqaqys7S1tre4ubrCw8TFxsfIycrS09TV1tfY2drh4uPk5ebn6Onq8fLz9PX29/j5+gEAAwEBAQEBAQEBAQAAAAAAAAECAwQFBgcICQoLEQACAQIEBAMEBwUEBAABAncAAQIDEQQFITEGEkFRB2FxEyIygQgUQpGhscEJIzNS8BVictEKFiQ04SXxFxgZGiYnKCkqNTY3ODk6Q0RFRkdISUpTVFVWV1hZWmNkZWZnaGlqc3R1dnd4eXqCg4SFhoeIiYqSk5SVlpeYmZqio6Slpqeoqaqys7S1tre4ubrCw8TFxsfIycrS09TV1tfY2dri4+Tl5ufo6ery8/T19vf4+fr/2gAMAwEAAhEDEQA/AP0bk8LeMEuh9l8ZJFaC8SXyp9KjlcWyxQKYA+4cs8cz+YwYjz8Y+RSQDrtMt57TTrWG5unvriOJEkuXRUaVgoBcqoABJycAYGeKALVABQAUAFABQAUAFABQAUAFABQAUAFABQAUAFABQAUAFABQAUAFABQAUAFABQAUAFABQAUAFABQAUAFABQAUAFABQAUAFABQAUAFABQAUAFABQAUAFABQAUAFABQAUAFABQAUAFACZ5xQAZGcd6AFoAKACgAoAKACgAoAKACgAoAKACgAoA8AbVfiFqEGl3Wja9oL2kFwbHVBNfwzbbgSxCKFJAD+9kHyOrcgynbuOwgA7zwHq+q2WrXll4h1fTrqG7mCaTIs8azzPGji4hMSjG6MxliQxOTICsYQAgHftOoYr1cLu2jrj6daAATI2MMDkkZBHUHH8xQAi3CMMgjGCScg4x1H1oAZp9/b6rYW97ZzR3NpcRrLDPC4dJEYZVlYEgggggg4INAFigAoAKACgAoAKACgAoAKAOF1j4PeEvFt/omq6npZvL/RpvtGmXM0syyWT/ALrJjywKZMEeQMA/N2dsgDdG+B3grw9pVrYadoUFrHaQS29rOjN9ptY5FdXWG4z5sWRI4Gxxt3HbigB+ifBfwj4c059O03TGtdMa8hvxYLdTm3ininSeIxRlysSrJGjbEAU4AIIoAst8JfC5Piwpp8kLeKgo1d4LyeJ7jClRhlcGP5SR8hXrQBj3v7O/w+1O4vJ73w5BdyXieXcCeWWRJB9qN2cozlcm4YyFsZJOCSOKAO60PRrTw5oun6Tp8XkWFhbx2tvFuLbI0UKq5YknAAGSSaAL1ABQAUAFABQAUAFABQAUAFABQAUAFABQAUAFABQAUAFABQAUAFABQAUAJuoFfWwbqAuAOaBi0AFABQAUAFABQAUAFABQAUAFABQByaS6/f6Wk1hPZf6RCjQTzRO/UZDsoZCQwK/LwRzyeldj+rNt6nn2xe2hXv8A/hODph+xHRV1EeWy/aVlMX3Y/MU7efvGXB9FTI5JEr6u90waxS2aNfTU8Qf27eG9fTv7H2D7MsMb/aC2TkuSduMbcYHr0xgxP2XKuS9zal7fm/ebG7WB1BQAUARiZec4XHXJppNkOaWjYvmqDjIz9aLMHOK6jftCEkBlJXBIz0H+Qfyos+qDnjrZiC6jP8QHtmnyvsQqsHrckVg6gggg9xSasap31Q6kMKACgAoA8ttfEXirw3YQWVxYJKIFENuLKwe4Msa+UiFmMyBGJlAwQANrMSEBau14eLfuzT+Vv8zzFi3b3qbXzv8AohsvxI15bS9mi02/ma0PMI8OTK8yllCmPdcBTkMGwSCAGyBg1Twm3vrXzGsZ/wBO39x0XhvVvEuvSasJVt9LWyvXtI/tWmyD7Qqqh81D5/KEsQD329jkDmqU+TlfNe6vp0v09TrpVOe6tazsbX2XX/8AoJ6b/wCC6T/4/WJuH2XX/wDoJ6b/AOC6T/4/QAfZdf8A+gnpv/guk/8Aj9AFQ+EoL+++26wUvbuPasfl+ZHCoDBlYRF2UOCPv9ccdK2hVnCPKmc86EJy5mMPw80JnspPs03m2f8AqZftMvmAbGQqW3bmUhjlWJBOGIyAar6xU7kfVqbdyS08CaPY209rBahLSaaO4aDcxVXRlZNoJ+VVKKQq4A7Dml7ed076r9RrDxSa6MSz+H2h6ejLb2rxhoEtm/fOxaNCxVSSckDew57YHQACvrFS/Nfrf8v8hfVafLym9a20dnbxwRLtijUIi+gAwBXO227s6klFJIlpDCgAoAKAPM/CfijTLvw1p3k+HJb1Ft1jeeJrMozL8j8mYc70IIPIIwQDTuKxb1Txfomj6ebzUPDcllatJFCJLp7KJGeWTZGoZpwuXchQM5JYAZJpDLNxr9hYxNJP4RuoYYwS8kos1RADzkmbA6Z/H3oA0YJre4hjlTwnOUkUOvy2vQ9P+WtAD/3P/QpT/wDfNr/8doAP3P8A0KU//fNr/wDHaAKP9la5dyXUmmzjw9aSW/lRWr28RkimyT5wKl0YEbV2kZ4JyOjaxnTS1WpjUhU5vdlobPh6x1eyN6dV1CO/864aWARxeX5EZxti77sYzu4znoKU3F25VYdNSSfO7mxiszQWgYUAFABQAUAFAHlFp+zT4R022uYrCbWLJrkYmki1KQlwZzPINrEqA7vLnao+WaRV2hsUAbCfA7wrH4Qm8MLb3C6JK0Tm2S4ZCrRtuRlkUh1ZWCsGDAhlBB9QDF0f9l34faBYvZ6fpc9pbM2Qkd3KNn7qSH5fm+U7JXG4YP3TnKqQAep2lstpbRQKSyxoEBbqQBigCagAoAKACgAoAKACgAoAKACgAoA4A/G3w0YfFjRTS3M3hm9isL+CFA0hlkKqixrnMjMzbFjHzuw2qrFk3AGndfEK3hj1VYdNv7y80ydreexhWMTFgYTlCzhGBjuIpAA+SG243gpQBZ1PxvbaJLdpf2V/AsLxokkVubhZQyFt48rcUQbWUtKEAKnnBBIBneHvizofivWb7TNLTUJ7mxnS3uGl0+eGNHaKOTG90A3ASoGT76kNuUbSaAJbn4o6Lptle3eoLe2FvZTtDcyPZySpbgCNvMleIOkaFJo5NzlQqFi23Y+0Ap3Hxj0Ox8R6zpN7Ff2R0y4W0a5e1MkU8zRW8gSMx7juxd26gOFLtIFTcQcAG34e8d6N4o1C9stPmuHuLOaaCTz7KeBHaKQxy+W8iKsoVxtLRlgMjnkZAOgoAKACgAoAKACgAoAKAK8thbTxSRSQRvHIwZ1ZQQxGME+p4H5UAO+xwbg3kpkcg7Rx824/qAfrQA06fatIZDbxNISGLlASSBgEnuQCRn3oAclnBHKJEhRHC7Qyrg444+nA/IUALHawxMGSJFIzghQMZOT+ZA/KgBPscGxl8lNrDDDb14xz+HFADxEinIUA8849eTQA+gAoAKACgAoAKACgAoAKACgAoAKACgAoAKACgAoAKACgAoAKACgAoAKACgAoAKACgAoAKACgAoAKACgAoAKACgAoAKACgAoAKACgAoAKACgAoAKACgAoAKACgAoAKACgAoAKACgAoAKACgAoAKACgAoAKACgAoAKACgAoAKACgAoAKACgAoAKACgAoAKACgAoAKACgAoAKACgAoAKACgAoAKACgAoAKACgAoAKACgAoAKACgAoAKACgAoAKACgAoAKACgAoAKACgAoAKACgAoAKACgAoAKACgAoAKACgAoAKACgAoAKACgAoAKACgAoAKACgAoAKACgAoAKACgAoAKACgAoAKACgAoAKACgAoAKACgAoAKACgAoAKACgAoAKACgAoAKACgAoAKACgAoAKACgAoAKACgAoAKACgAoAKACgAoAKACgAoA//9k=","timing":4624,"timestamp":8.650057817898001E12},{"data":"/9j/4AAQSkZJRgABAQAAAQABAAD/2wCEAAMCAgMCAgMDAwMEAwMEBQgFBQQEBQoHBwYIDAoMDAsKCwsNDhIQDQ4RDgsLEBYQERMUFRUVDA8XGBYUGBIUFRQBAwQEBQQFCQUFCRQNCw0UFBQUFBQUFBQUFBQUFBQUFBQUFBQUFBQUFBQUFBQUFBQUFBQUFBQUFBQUFBQUFBQUFP/AABEIANUAeAMBEQACEQEDEQH/xAGiAAABBQEBAQEBAQAAAAAAAAAAAQIDBAUGBwgJCgsQAAIBAwMCBAMFBQQEAAABfQECAwAEEQUSITFBBhNRYQcicRQygZGhCCNCscEVUtHwJDNicoIJChYXGBkaJSYnKCkqNDU2Nzg5OkNERUZHSElKU1RVVldYWVpjZGVmZ2hpanN0dXZ3eHl6g4SFhoeIiYqSk5SVlpeYmZqio6Slpqeoqaqys7S1tre4ubrCw8TFxsfIycrS09TV1tfY2drh4uPk5ebn6Onq8fLz9PX29/j5+gEAAwEBAQEBAQEBAQAAAAAAAAECAwQFBgcICQoLEQACAQIEBAMEBwUEBAABAncAAQIDEQQFITEGEkFRB2FxEyIygQgUQpGhscEJIzNS8BVictEKFiQ04SXxFxgZGiYnKCkqNTY3ODk6Q0RFRkdISUpTVFVWV1hZWmNkZWZnaGlqc3R1dnd4eXqCg4SFhoeIiYqSk5SVlpeYmZqio6Slpqeoqaqys7S1tre4ubrCw8TFxsfIycrS09TV1tfY2dri4+Tl5ufo6ery8/T19vf4+fr/2gAMAwEAAhEDEQA/AP0bk8LeMEuh9l8ZJFaC8SXyp9KjlcWyxQKYA+4cs8cz+YwYjz8Y+RSQDrtMt57TTrWG5unvriOJEkuXRUaVgoBcqoABJycAYGeKALVABQAUAFABQAUAFABQAUAFABQAUAFABQAUAFABQAUAFABQAUAFABQAUAFABQAUAFABQAUAFABQAUAFABQAUAFABQAUAFABQAUAFABQAUAFABQAUAFABQAUAFABQAUAFABQAUAFACZ5xQAZGcd6AFoAKACgAoAKACgAoAKACgAoAKACgAoA8AbVfiFqEGl3Wja9oL2kFwbHVBNfwzbbgSxCKFJAD+9kHyOrcgynbuOwgA7zwHq+q2WrXll4h1fTrqG7mCaTIs8azzPGji4hMSjG6MxliQxOTICsYQAgHftOoYr1cLu2jrj6daAATI2MMDkkZBHUHH8xQAi3CMMgjGCScg4x1H1oAZp9/b6rYW97ZzR3NpcRrLDPC4dJEYZVlYEgggggg4INAFigAoAKACgAoAKACgAoAKAOF1j4PeEvFt/omq6npZvL/RpvtGmXM0syyWT/ALrJjywKZMEeQMA/N2dsgDdG+B3grw9pVrYadoUFrHaQS29rOjN9ptY5FdXWG4z5sWRI4Gxxt3HbigB+ifBfwj4c059O03TGtdMa8hvxYLdTm3ininSeIxRlysSrJGjbEAU4AIIoAst8JfC5Piwpp8kLeKgo1d4LyeJ7jClRhlcGP5SR8hXrQBj3v7O/w+1O4vJ73w5BdyXieXcCeWWRJB9qN2cozlcm4YyFsZJOCSOKAO60PRrTw5oun6Tp8XkWFhbx2tvFuLbI0UKq5YknAAGSSaAL1ABQAUAFABQAUAFABQAUAFABQAUAFABQAUAFABQAUAFABQAUAFABQAUAJuoFfWwbqAuAOaBi0AFABQAUAFABQAUAFABQAUAFABQByaS6/f6Wk1hPZf6RCjQTzRO/UZDsoZCQwK/LwRzyeldj+rNt6nn2xe2hXv8A/hODph+xHRV1EeWy/aVlMX3Y/MU7efvGXB9FTI5JEr6u90waxS2aNfTU8Qf27eG9fTv7H2D7MsMb/aC2TkuSduMbcYHr0xgxP2XKuS9zal7fm/ebG7WB1BQAUARiZec4XHXJppNkOaWjYvmqDjIz9aLMHOK6jftCEkBlJXBIz0H+Qfyos+qDnjrZiC6jP8QHtmnyvsQqsHrckVg6gggg9xSasap31Q6kMKACgAoA8ttfEXirw3YQWVxYJKIFENuLKwe4Msa+UiFmMyBGJlAwQANrMSEBau14eLfuzT+Vv8zzFi3b3qbXzv8AohsvxI15bS9mi02/ma0PMI8OTK8yllCmPdcBTkMGwSCAGyBg1Twm3vrXzGsZ/wBO39x0XhvVvEuvSasJVt9LWyvXtI/tWmyD7Qqqh81D5/KEsQD329jkDmqU+TlfNe6vp0v09TrpVOe6tazsbX2XX/8AoJ6b/wCC6T/4/WJuH2XX/wDoJ6b/AOC6T/4/QAfZdf8A+gnpv/guk/8Aj9AFQ+EoL+++26wUvbuPasfl+ZHCoDBlYRF2UOCPv9ccdK2hVnCPKmc86EJy5mMPw80JnspPs03m2f8AqZftMvmAbGQqW3bmUhjlWJBOGIyAar6xU7kfVqbdyS08CaPY209rBahLSaaO4aDcxVXRlZNoJ+VVKKQq4A7Dml7ed076r9RrDxSa6MSz+H2h6ejLb2rxhoEtm/fOxaNCxVSSckDew57YHQACvrFS/Nfrf8v8hfVafLym9a20dnbxwRLtijUIi+gAwBXO227s6klFJIlpDCgAoAKAPM/CfijTLvw1p3k+HJb1Ft1jeeJrMozL8j8mYc70IIPIIwQDTuKxb1Txfomj6ebzUPDcllatJFCJLp7KJGeWTZGoZpwuXchQM5JYAZJpDLNxr9hYxNJP4RuoYYwS8kos1RADzkmbA6Z/H3oA0YJre4hjlTwnOUkUOvy2vQ9P+WtAD/3P/QpT/wDfNr/8doAP3P8A0KU//fNr/wDHaAKP9la5dyXUmmzjw9aSW/lRWr28RkimyT5wKl0YEbV2kZ4JyOjaxnTS1WpjUhU5vdlobPh6x1eyN6dV1CO/864aWARxeX5EZxti77sYzu4znoKU3F25VYdNSSfO7mxiszQWgYUAFABQAUAFAHlFp+zT4R022uYrCbWLJrkYmki1KQlwZzPINrEqA7vLnao+WaRV2hsUAbCfA7wrH4Qm8MLb3C6JK0Tm2S4ZCrRtuRlkUh1ZWCsGDAhlBB9QDF0f9l34faBYvZ6fpc9pbM2Qkd3KNn7qSH5fm+U7JXG4YP3TnKqQAep2lstpbRQKSyxoEBbqQBigCagAoAKACgAoAKACgAoAKACgAoA4A/G3w0YfFjRTS3M3hm9isL+CFA0hlkKqixrnMjMzbFjHzuw2qrFk3AGndfEK3hj1VYdNv7y80ydreexhWMTFgYTlCzhGBjuIpAA+SG243gpQBZ1PxvbaJLdpf2V/AsLxokkVubhZQyFt48rcUQbWUtKEAKnnBBIBneHvizofivWb7TNLTUJ7mxnS3uGl0+eGNHaKOTG90A3ASoGT76kNuUbSaAJbn4o6Lptle3eoLe2FvZTtDcyPZySpbgCNvMleIOkaFJo5NzlQqFi23Y+0Ap3Hxj0Ox8R6zpN7Ff2R0y4W0a5e1MkU8zRW8gSMx7juxd26gOFLtIFTcQcAG34e8d6N4o1C9stPmuHuLOaaCTz7KeBHaKQxy+W8iKsoVxtLRlgMjnkZAOgoAKACgAoAKACgAoAKAK8thbTxSRSQRvHIwZ1ZQQxGME+p4H5UAO+xwbg3kpkcg7Rx824/qAfrQA06fatIZDbxNISGLlASSBgEnuQCRn3oAclnBHKJEhRHC7Qyrg444+nA/IUALHawxMGSJFIzghQMZOT+ZA/KgBPscGxl8lNrDDDb14xz+HFADxEinIUA8849eTQA+gAoAKACgAoAKACgAoAKACgAoAKACgAoAKACgAoAKACgAoAKACgAoAKACgAoAKACgAoAKACgAoAKACgAoAKACgAoAKACgAoAKACgAoAKACgAoAKACgAoAKACgAoAKACgAoAKACgAoAKACgAoAKACgAoAKACgAoAKACgAoAKACgAoAKACgAoAKACgAoAKACgAoAKACgAoAKACgAoAKACgAoAKACgAoAKACgAoAKACgAoAKACgAoAKACgAoAKACgAoAKACgAoAKACgAoAKACgAoAKACgAoAKACgAoAKACgAoAKACgAoAKACgAoAKACgAoAKACgAoAKACgAoAKACgAoAKACgAoAKACgAoAKACgAoAKACgAoAKACgAoAKACgAoAKACgAoAKACgAoAKACgAoAKACgAoAKACgAoAKACgAoAKACgAoAKACgAoA//9k=","timing":5285,"timestamp":8.650058478497999E12},{"data":"/9j/4AAQSkZJRgABAQAAAQABAAD/2wCEAAMCAgMCAgMDAwMEAwMEBQgFBQQEBQoHBwYIDAoMDAsKCwsNDhIQDQ4RDgsLEBYQERMUFRUVDA8XGBYUGBIUFRQBAwQEBQQFCQUFCRQNCw0UFBQUFBQUFBQUFBQUFBQUFBQUFBQUFBQUFBQUFBQUFBQUFBQUFBQUFBQUFBQUFBQUFP/AABEIANUAeAMBEQACEQEDEQH/xAGiAAABBQEBAQEBAQAAAAAAAAAAAQIDBAUGBwgJCgsQAAIBAwMCBAMFBQQEAAABfQECAwAEEQUSITFBBhNRYQcicRQygZGhCCNCscEVUtHwJDNicoIJChYXGBkaJSYnKCkqNDU2Nzg5OkNERUZHSElKU1RVVldYWVpjZGVmZ2hpanN0dXZ3eHl6g4SFhoeIiYqSk5SVlpeYmZqio6Slpqeoqaqys7S1tre4ubrCw8TFxsfIycrS09TV1tfY2drh4uPk5ebn6Onq8fLz9PX29/j5+gEAAwEBAQEBAQEBAQAAAAAAAAECAwQFBgcICQoLEQACAQIEBAMEBwUEBAABAncAAQIDEQQFITEGEkFRB2FxEyIygQgUQpGhscEJIzNS8BVictEKFiQ04SXxFxgZGiYnKCkqNTY3ODk6Q0RFRkdISUpTVFVWV1hZWmNkZWZnaGlqc3R1dnd4eXqCg4SFhoeIiYqSk5SVlpeYmZqio6Slpqeoqaqys7S1tre4ubrCw8TFxsfIycrS09TV1tfY2dri4+Tl5ufo6ery8/T19vf4+fr/2gAMAwEAAhEDEQA/APh3wzoB168ZWcxwRAF2HXnoB78H8qANnXvA0dlYvc2csjmIFnWUg5XuRgDpQBxtABQAUAFABQAUAFABQAUAFAGhoWktrWpR2ytsXBZ3xnaB/kD8aAOp1TwFBFYSSWs8pmjUttkwQ2BnAwOKAOGoA6Hwfr8WiXcq3CnyJsbpF5KEZxx6c0AbviDxnYy6dNBaMbh5kMZ+UqFBGCeQKAOCOSaADFABigAxQAYoAMUAGKADFABigAxQBreGNXTRdVSaVS0LKUfHUA9x+VAHX6n4205bKYW7tPMylVQIwwSO5IH6UAecgYAoA3vsEH/PMUAH2CD/AJ5igA+wQf8APMUAH2CD/nmKAD7BB/zzFAB9gg/55igA+wQf88xQAfYIP+eYoAPsEH/PMUAH2CD/AJ5igA+wQf8APMUAH2CD/nmKAD7BB/zzFAB9gg/55igA+wQf88xQBYoAKACgAoAKACgAoAKACgAoAKACgAoAKACgAoAKACgAoAKACgAoAKACgAoAKACgAoAKACgAoAKACgAoAKACgAoAKACgAoAKACgAoAKACgAoAKACgAoAKACgAoAKACgAoAKACgAoAKACgAoAKACgAoAKACgAoAKACgAoAKACgAoAKACgAoAKACgAoAKACgAoAKACgAoAKACgAoAKACgAoAKACgAoAKACgAoAKACgAoAKACgAoAKACgAoAKACgAoAKACgAoAKACgAoAKACgAoAKACgBUKh13DK55A9KAOjNh4P7a7rZ/7gsP/AMl0AH2Dwh/0HNb/APBND/8AJdAB9g8If9BzW/8AwTQ//JdAB9g8If8AQc1v/wAE0P8A8l0AH2Dwh/0HNb/8E0P/AMl0AH2Dwh/0HNb/APBND/8AJdAB9g8If9BzW/8AwTQ//JdAB9g8If8AQc1v/wAE0P8A8l0AH2Dwh/0HNb/8E0P/AMl0AH2Dwh/0HNb/APBND/8AJdAB9g8If9BzW/8AwTQ//JdAB9g8If8AQc1v/wAE0P8A8l0AAsPB/fXNb/8ABND/APJdAGDerbrdyraSSS2wYiOSaMRu69iyhmCk9cBjj1NAENABQAUAFABQAUAFABQAUAFABQAUAFABQAUAFABQAUAFABQAUAFABQAUAFABQAUAFABQAUAIeQe1ACfN7UAGG9qADDe1ABhvagAw3tQAYb2oAMN7UAGG9qADDe1ABhvagAw3tQAYb2oAPm9qAFGcc9aAFoA3tM8PW1/YQzvJMjODkIwx1PtQBa/4RO0/57XH/fS//E0AH/CJ2n/Pa4/76X/4mgDI1rTI9MljSF3bepJMmCf0AoA1z4TtP+es4+jLj+VAB/widp/z2uP++l/+JoAP+ETtP+e1x/30v/xNAHP6narY38tujMyJjBY88gH+tAFegAoAKACgAoAKACgDd0nxFb2NhFBJDMXTOSgXHX60AW/+EttP+eFz+S/40AH/AAltp/zwufyX/GgDH1zVI9TljeFHQKpGJAOv4GgDYHi20xzBcZ74C/40AH/CW2n/ADwufyX/ABoAP+EttP8Anhc/kv8AjQBgandJfahLcRqyo+MB8Z6Af0oArUAFABQAUAFABQAUAFABmgAzQAUAFABmgAzQAUAFABQAUAFABQAUAFABQAUAFABQAUAFABQAUAFABQAUAFABQAUAFABQAUAFABQAUAFABQAUAFABQAUAFABQAUAFABQAUAFABQAUAFABQAUAFABQAUAFABQAUAFABQAUAFABQAUAFABQAUAFABQAUAFABQAUAFABQAUAFABQAUAFABQAUAFABQAUAFABQAUAFABQAUAFABQAUAFABQAUAFABQAUAFABQAUAFABQAUAFABQAUAFABQAUAFABQAUAFABQAUAZP9sv/AM8l/OgA/tl/+eS/nQAf2y//ADyX86AD+2X/AOeS/nQAf2y//PJfzoAP7Zf/AJ5L+dAB/bL/APPJfzoAP7Zf/nkv50AH9sv/AM8l/OgA/tl/+eS/nQAf2y//ADyX86AD+2X/AOeS/nQAf2y//PJfzoAP7Zf/AJ5L+dAB/bL/APPJfzoAz6ACgAoAKACgAoAKACgAoAKACgAoAKACgAoA/wD/2Q==","timing":5945,"timestamp":8650059139098},{"data":"/9j/4AAQSkZJRgABAQAAAQABAAD/2wCEAAMCAgMCAgMDAwMEAwMEBQgFBQQEBQoHBwYIDAoMDAsKCwsNDhIQDQ4RDgsLEBYQERMUFRUVDA8XGBYUGBIUFRQBAwQEBQQFCQUFCRQNCw0UFBQUFBQUFBQUFBQUFBQUFBQUFBQUFBQUFBQUFBQUFBQUFBQUFBQUFBQUFBQUFBQUFP/AABEIANUAeAMBEQACEQEDEQH/xAGiAAABBQEBAQEBAQAAAAAAAAAAAQIDBAUGBwgJCgsQAAIBAwMCBAMFBQQEAAABfQECAwAEEQUSITFBBhNRYQcicRQygZGhCCNCscEVUtHwJDNicoIJChYXGBkaJSYnKCkqNDU2Nzg5OkNERUZHSElKU1RVVldYWVpjZGVmZ2hpanN0dXZ3eHl6g4SFhoeIiYqSk5SVlpeYmZqio6Slpqeoqaqys7S1tre4ubrCw8TFxsfIycrS09TV1tfY2drh4uPk5ebn6Onq8fLz9PX29/j5+gEAAwEBAQEBAQEBAQAAAAAAAAECAwQFBgcICQoLEQACAQIEBAMEBwUEBAABAncAAQIDEQQFITEGEkFRB2FxEyIygQgUQpGhscEJIzNS8BVictEKFiQ04SXxFxgZGiYnKCkqNTY3ODk6Q0RFRkdISUpTVFVWV1hZWmNkZWZnaGlqc3R1dnd4eXqCg4SFhoeIiYqSk5SVlpeYmZqio6Slpqeoqaqys7S1tre4ubrCw8TFxsfIycrS09TV1tfY2dri4+Tl5ufo6ery8/T19vf4+fr/2gAMAwEAAhEDEQA/APgL9KAL2qaDqeiLE1/p1zZpI5jDTRkDdgnGemcAn8KAKNABQB0Wm/DzxFrPh2PW9P0m4v8AT5Ls2KNagSuZgYQV8tSXAzcQKGK7S0qKCWOKAJYvhh4sn0e41WPQL19Pt7Sa+lnEfypDFOlvKx7/ACSyIrDqu9SRg5oArSeAPE0M1rG2gah5l3dy2FtEsDGWW5iVDNCIwN29PNjyMZG6gCa1+G3iq+0zT9QtfDup3dpqBuPsr29q0hmEG3zmCqCdq7wC2MZDDOVbABn3/hbWNLsftl3pd5b2vmPC07wkIkisUaNz/C4YYKnB6eooAuz/AA68V215NaTeGNZiuoXijlgfT5Q8bSttiVlK5BcghQfvEYGaAII/BeuM92j6VdW72v2gSi5j8na0ADTp8+PnQMpZRyMjI5FAGLQAUAFABQAY9qAOq8VfFDxZ4206Kw13X9Q1SzilEyQXVw8iK4DAEBiccO350Acrg0AGDQB2+g/FnVvD3glvCsFlYTaVNePcXYmSQveRO1q72shDjETPZW7ZQLICnDgHFAHQW37Sfiyy0DUdHt4rGO21Bt93IwmkmmZLtry3YyPKx3QzvI6kcvvIlMoAAAOWuPiTf3njCPXrmw0+5iitWsYNIlRzZQWxthbCJF37xiMLiTf5hZd5csSxAOt+I/7TPi34nnVX1O3021m1OSWW6lsI5Y2cubcADMh2hI7S3iXbj5Y8tudmdgClrn7QXibxB4X1jQbm300WWqtdNcOkLiTM95a3bkEuRkSWcYGQflZ85JDAA6zxP+194g1vx/ceJ7Hw3oembdW/tSwtnjkme1H9pHUWieXepmDz7WfcMDB8oQh2UgHAt8ZvEMvhqx0OUW0lpZ6fLpkbFXUm3cSbVYBgrMjXF0yuV3A3EgJK7VUA4PHtQAYNABg0AGKAN46bATnyxQAn9mwf881oAP7Ng/55rQAf2bB/zzWgA/s2D/nmtAB/ZsH/ADzWgA/s2D/nmtAB/ZsH/PNaAD+zYP8AnmtAB/ZsH/PNaAD+zYP+ea0AH9mwf881oAP7Ng/55rQAf2bB/wA81oABptvn/VigC3QAUAFABQAUAFABQAUAFABQAUAFABQAUAFABQAUAFABQAUAFABQAUAFABQAUAFABQAUAFABQAUAFABQAUAFABQAUAFABQAUAFABQAUAFABQAUAFABQAUAFABQAUAFABQAUAFABQAUAFABQAUAFABQAUAFABQAUAFABQAUAFABQAUAFABQAUAFABQAUAFABQAUAFABQAUAFABQAUAFABQAUAFABQAUAFABQAUAFABQAUAFABQAUAFABQAUAFABQAUAFABQAUAFABQAUAFABQAUAFABQAUAFAHW6N8L9b8Q6XDeaatveNKkbpapMBMwaS4T5VONxBtpCQpJwQcYDFQCppvgHWNYeySyhjuJbyc20EYlCs8oUMV+bG35WQ5OANwyRzgAYngq9+0xRzz2lpC00kMlzNNiOEoQHLkAkAZzwDnHGTgEAwCMGgAoAKACgDU8K+Hrjxb4m0nQ7R4orrUruKzieYkIryOFUsQCcZIzgE47GgDuvif8DLr4c6BBrcOrwaxpT6hNpUkiqsciXMTOG+VXcFG8tipyGxjcq5FAHmNABQAUAFABQAUATwtahcyxTSOepWYKPy2n+dAD/Msf8An3uP/Ahf/iKADzLH/n3uP/Ahf/iKADzLH/n3uP8AwIX/AOIoAPMsf+fe4/8AAhf/AIigA8yx/wCfe4/8CF/+IoAPMsf+fe4/8CF/+IoAmtL+3sLuG5tkvLe4gdZYpoboI6OpyrKwTIIIBBFAGn4i8a3XilIV1BppFhLvHFGYoYhI2N8hSOJVLsQu5iNzYGScUAc5QAUAFABQAUAFABQAUAFABQAUAFABQAenvxQAgORxQAtABQAUAFABQAUAdhCvg+78LW0LyyWuuJbXEsk4Emxpcv5MR4cNnEZ4WNVG/LsWAQAs6rpHgRrCVtO128+2h5GhUxGSJkDvsVsqpy0YjIZSRuZgwTAJALkdr8PNOs724D3es3cUcEkVkbmRFmY3Q82NX+zIUIgQ/M4x+9OASnIB51QAUAFABQBseDNJtdf8YaHpd7ObWyvr6C2nnVgDHG8iqzZPHAJPPFAHr/7Unwx8JfD+Xw5ceFndBem6intWuIphGsbr5bAx9ismAWyzBAW+ctkA8IoAKACgAoAKACgBSzMqjJAHpQAmG9W/M0AGG9W/M0AByO7fmaADk92/M0AGG9W/M0AGG9W/M0AHI7t+ZoAQ5P8AE3fv7UALQAUAFABQAUAFAFDVbqS2EflttyTnigDW8OeC/FXi5NLbSLQ3f9o3j2FuPNiTzJlMClBuYYJa6gAJwCXGCcHABpN8KPHiWqzyaUyJ5d/MxM8R2pZLuuSQGJGza4PrgYyeKAOPsb+ea6jR3ypzkYHoaAJtUupbeSMRvtBBzwKAN9PAHi19B0fVzbxxWGsru06aa5hjFwfPe3wNzDpLGynOAuULEB1JAMzWND13QnmS8UQywxJM6M8ZOxmwCMMc9VOByM84oAoadezT3G133Lg9qANSgAoAKACgAoAKACgClqVm92E2Y+XPU0APs73XtP06TT7XVbq30+R2le0iuXWF3MbRsxQHBJjd0JI5ViOhIoAfJqfiGZUWTWL2QJG0KbrqQ7EaIQsq88AxKsZA/gAXpxQBRs9OlguUdiu0Z6H2NAE2pWUl06FCvygg5NAF7T9f8U6RYTWNj4g1Kysprc2kttbX0scckBZ2MTKCAULSSHaeMuxx8xyAQapqPiDXM/2lq13qJIYZu7l5eDI0jD5ieC7s59WYnqc0AVbCwltp97lcYI4NAGlQAUAFABQAUAFABQAUAFABQAUAFABQAUAFABQAUAFABQAUAFABQAUAFABQAUAFABQAUAFABQAUAFABQAUAFABQAUAFABQAUAFABQAUAFABQAUAFABQAUAFABQAUAFABQAUAFABQAUAFABQAUAFABQAUAFABQAUAFABQAUAFABQAUAFABQAUAFABQAUAFABQAUAFABQAUAFABQAUAFABQAUAFABQAUAFABQAUAFABQAUAFABQAUAFABQAUAFABQBFDaa3cXNvbxaLeS3FyI2ghjt3Z5Q5AQqoGWDEgDHXNAFjU9E8SaLIkeo+HtQsJHhFwsd1aSRsYi/liQBgDtL/ID03AjrxQBWlttZhurm1k0e7S6tTKJ4DA4kiMYcy7lxkbBHJuz02NnGDQA6Wx12GJpX0O9WJYUuGkNtJtETSCNZM4xtLsEDdCxA6mgCiNQuiHP2U/IcNwfl4J5/AE/QZoAWe+u7YZltGjGSMspAyCQf1Vh9QfSgCH+2n/55r+dAB/bT/8APNfzoAP7af8A55r+dAB/bT/881/OgA/tp/8Anmv50AH9tP8A881/OgA/tp/+ea/nQAf20/8AzzX86AD+2n/55r+dAF+/+Imv6lq0d9e3cV9e26RwJcXNpDI4WMoyHJT7w2Iu7qUXYSU+WgB2r+Pdc1e2s9PvrxLm1stscKG3iXaBLcTAAqoOPMup2I6HeBjCoFAIbTxrrGnzWuoW935UpEsUSiJNsSyIUcBdu0ArxhQAO3ODQBpW3xS8WDUpb9dalN49pLpyyyRI/k28iMjRxKVxCu2RwBGF2hjt25oAp6L8UPEWm395c298DcXlvBaXLXMMc4mhtzFJDGyupBANvEMEEEAhgQSCAUb/AMQ6neacdOuLrzbMXb3Rj2KMzFVVnzjPIA4zjj1NAGXQAUAFABQAUAFABQAUAFAH/9k=","timing":6606,"timestamp":8650059799698}]}},"score":100,"weight":0,"id":"screenshot-thumbnails"},{"result":{"displayValue":"2,800 ms","score":true,"helpText":"Consider reducing the time spent parsing, compiling and executing JS.You may find delivering smaller JS payloads helps with this.","rawValue":2799.5130100250244,"extendedInfo":{"value":{"Update Layer Tree":108.97500228881836,"Layout":432.32500076293945,"Recalculate Style":503.69400215148926,"Evaluate Script":1296.8040027618408,"Animation Frame Fired":8.261001586914062,"Minor GC":82.69900131225586,"Run Microtasks":63.02199935913086,"Parse HTML":62.446001052856445,"Paint":41.383995056152344,"Compile Script":44.90999984741211,"Composite Layers":77.99400329589844,"Parse Stylesheet":76.9990005493164}},"name":"mainthread-work-breakdown","description":"Main thread work breakdown","scoringMode":"binary","informative":true,"details":{"itemHeaders":[{"itemType":"text","text":"Category","type":"text"},{"itemType":"text","text":"Work","type":"text"},{"itemType":"text","text":"Time spent","type":"text"}],"header":"View Details","type":"table","items":[[{"text":"Script Evaluation","type":"text"},{"text":"Evaluate Script","type":"text"},{"text":"1,297 ms","type":"text"}],[{"text":"Script Evaluation","type":"text"},{"text":"Run Microtasks","type":"text"},{"text":"63 ms","type":"text"}],[{"text":"Script Evaluation","type":"text"},{"text":"Animation Frame Fired","type":"text"},{"text":"8 ms","type":"text"}],[{"text":"Style & Layout","type":"text"},{"text":"Recalculate Style","type":"text"},{"text":"504 ms","type":"text"}],[{"text":"Style & Layout","type":"text"},{"text":"Layout","type":"text"},{"text":"432 ms","type":"text"}],[{"text":"Compositing","type":"text"},{"text":"Update Layer Tree","type":"text"},{"text":"109 ms","type":"text"}],[{"text":"Compositing","type":"text"},{"text":"Composite Layers","type":"text"},{"text":"78 ms","type":"text"}],[{"text":"Parsing HTML & CSS","type":"text"},{"text":"Parse Stylesheet","type":"text"},{"text":"77 ms","type":"text"}],[{"text":"Parsing HTML & CSS","type":"text"},{"text":"Parse HTML","type":"text"},{"text":"62 ms","type":"text"}],[{"text":"Garbage collection","type":"text"},{"text":"Minor GC","type":"text"},{"text":"83 ms","type":"text"}],[{"text":"Script Parsing & Compile","type":"text"},{"text":"Compile Script","type":"text"},{"text":"45 ms","type":"text"}],[{"text":"Paint","type":"text"},{"text":"Paint","type":"text"},{"text":"41 ms","type":"text"}]]}},"score":100,"weight":0,"id":"mainthread-work-breakdown","group":"perf-info"},{"result":{"displayValue":"","score":false,"helpText":"Leverage the font-display CSS feature to ensure text is user-visible while webfonts are loading. [Learn more](https://developers.google.com/web/updates/2016/02/font-display).","rawValue":false,"name":"font-display","description":"Avoid invisible text while webfonts are loading","scoringMode":"binary","details":{"itemHeaders":[{"itemType":"url","text":"Font URL","type":"text"},{"itemType":"text","text":"Font download time","type":"text"}],"header":"View Details","type":"table","items":[[{"text":"https://fonts.gstatic.com/s/roboto/v18/KFOmCnqEu92Fr1Mu4mxK.woff2","type":"url"},{"text":"884 ms","type":"text"}],[{"text":"https://fonts.gstatic.com/s/materialicons/v37/flUhRq6tzZclQEJ-Vdg-IuiaDsNc.woff2","type":"url"},{"text":"1,066 ms","type":"text"}],[{"text":"https://fonts.gstatic.com/s/roboto/v18/KFOlCnqEu92Fr1MmEU9fBBc4.woff2","type":"url"},{"text":"875 ms","type":"text"}]]}},"score":0,"weight":0,"id":"font-display","group":"perf-info"}]},{"score":30,"name":"Progressive Web App","weight":1,"description":"These checks validate the aspects of a Progressive Web App, as specified by the baseline [PWA Checklist](https://developers.google.com/web/progressive-web-apps/checklist).","id":"pwa","audits":[{"result":{"displayValue":"","score":false,"helpText":"The service worker is the technology that enables your app to use many Progressive Web App features, such as offline, add to homescreen, and push notifications. [Learn more](https://developers.google.com/web/tools/lighthouse/audits/registered-service-worker).","rawValue":false,"name":"service-worker","description":"Does not register a service worker","scoringMode":"binary"},"score":0,"weight":1,"id":"service-worker"},{"result":{"displayValue":"","score":false,"helpText":"If you're building a Progressive Web App, consider using a service worker so that your app can work offline. [Learn more](https://developers.google.com/web/tools/lighthouse/audits/http-200-when-offline).","rawValue":false,"name":"works-offline","description":"Does not respond with a 200 when offline","scoringMode":"binary"},"score":0,"weight":1,"id":"works-offline"},{"result":{"displayValue":"","score":false,"debugString":"The page body should render some content if its scripts are not available.","helpText":"Your app should display some content when JavaScript is disabled, even if it's just a warning to the user that JavaScript is required to use the app. [Learn more](https://developers.google.com/web/tools/lighthouse/audits/no-js).","rawValue":false,"name":"without-javascript","description":"Does not provide fallback content when JavaScript is not available","scoringMode":"binary"},"score":0,"weight":1,"id":"without-javascript"},{"result":{"displayValue":"","score":false,"helpText":"If you've already set up HTTPS, make sure that you redirect all HTTP traffic to HTTPS. [Learn more](https://developers.google.com/web/tools/lighthouse/audits/http-redirects-to-https).","rawValue":false,"name":"redirects-http","description":"Does not redirect HTTP traffic to HTTPS","scoringMode":"binary"},"score":0,"weight":1,"id":"redirects-http"},{"result":{"displayValue":"","score":true,"helpText":"A fast page load over a 3G network ensures a good mobile user experience. [Learn more](https://developers.google.com/web/tools/lighthouse/audits/fast-3g).","rawValue":true,"extendedInfo":{"value":{"isFast":true,"timeToFirstInteractive":6460.149,"firstRequestLatencies":[{"latency":"566.29","url":"http://web/"},{"latency":"579.72","url":"https://cdnjs.cloudflare.com/ajax/libs/Chart.js/2.7.1/Chart.min.js"},{"latency":"571.48","url":"https://unpkg.com/vue-chartjs/dist/vue-chartjs.min.js"},{"latency":"578.93","url":"https://fonts.gstatic.com/s/roboto/v18/KFOmCnqEu92Fr1Mu4mxK.woff2"}],"areLatenciesAll3G":true}},"name":"load-fast-enough-for-pwa","description":"Page load is fast enough on 3G","scoringMode":"binary"},"score":100,"weight":1,"id":"load-fast-enough-for-pwa"},{"result":{"displayValue":"","score":false,"debugString":"Failures: No manifest was fetched, Site does not register a service worker, Service worker does not successfully serve the manifest's start_url, No usable web app manifest found on page.","helpText":"Browsers can proactively prompt users to add your app to their homescreen, which can lead to higher engagement. [Learn more](https://developers.google.com/web/tools/lighthouse/audits/install-prompt).","rawValue":false,"extendedInfo":{"value":{"failures":["No manifest was fetched","Site does not register a service worker","Service worker does not successfully serve the manifest's start_url","No usable web app manifest found on page"],"warnings":["No usable web app manifest found on page"],"manifestValues":{"parseFailureReason":"No manifest was fetched","allChecks":[],"isParseFailure":true}}},"name":"webapp-install-banner","description":"User will not be prompted to Install the Web App","scoringMode":"binary"},"score":0,"weight":1,"id":"webapp-install-banner"},{"result":{"displayValue":"","score":false,"debugString":"Failures: No manifest was fetched.","helpText":"A themed splash screen ensures a high-quality experience when users launch your app from their homescreens. [Learn more](https://developers.google.com/web/tools/lighthouse/audits/custom-splash-screen).","rawValue":false,"extendedInfo":{"value":{"failures":["No manifest was fetched"],"manifestValues":{"parseFailureReason":"No manifest was fetched","allChecks":[],"isParseFailure":true}}},"name":"splash-screen","description":"Is not configured for a custom splash screen","scoringMode":"binary"},"score":0,"weight":1,"id":"splash-screen"},{"result":{"displayValue":"","score":false,"debugString":"Failures: No manifest was fetched, No `<meta name=\"theme-color\">` tag found.","helpText":"The browser address bar can be themed to match your site. [Learn more](https://developers.google.com/web/tools/lighthouse/audits/address-bar).","rawValue":false,"extendedInfo":{"value":{"failures":["No manifest was fetched","No `<meta name=\"theme-color\">` tag found"],"themeColor":null,"manifestValues":{"parseFailureReason":"No manifest was fetched","allChecks":[],"isParseFailure":true}}},"name":"themed-omnibox","description":"Address bar does not match brand colors","scoringMode":"binary"},"score":0,"weight":1,"id":"themed-omnibox"},{"result":{"displayValue":"","score":true,"debugString":"","helpText":"Add a viewport meta tag to optimize your app for mobile screens. [Learn more](https://developers.google.com/web/tools/lighthouse/audits/has-viewport-meta-tag).","rawValue":true,"name":"viewport","description":"Has a `<meta name=\"viewport\">` tag with `width` or `initial-scale`","scoringMode":"binary"},"score":100,"weight":1,"id":"viewport"},{"result":{"displayValue":"","score":true,"debugString":"","helpText":"If the width of your app's content doesn't match the width of the viewport, your app might not be optimized for mobile screens. [Learn more](https://developers.google.com/web/tools/lighthouse/audits/content-sized-correctly-for-viewport).","rawValue":true,"name":"content-width","description":"Content is sized correctly for the viewport","scoringMode":"binary"},"score":100,"weight":1,"id":"content-width"},{"result":{"displayValue":"","score":false,"helpText":"To reach the most number of users, sites should work across every major browser. [Learn more](https://developers.google.com/web/progressive-web-apps/checklist#site-works-cross-browser).","rawValue":false,"name":"pwa-cross-browser","description":"Site works cross-browser","scoringMode":"binary","informative":true,"manual":true},"score":0,"weight":0,"id":"pwa-cross-browser","group":"manual-pwa-checks"},{"result":{"displayValue":"","score":false,"helpText":"Transitions should feel snappy as you tap around, even on a slow network, a key to perceived performance. [Learn more](https://developers.google.com/web/progressive-web-apps/checklist#page-transitions-dont-feel-like-they-block-on-the-network).","rawValue":false,"name":"pwa-page-transitions","description":"Page transitions don't feel like they block on the network","scoringMode":"binary","informative":true,"manual":true},"score":0,"weight":0,"id":"pwa-page-transitions","group":"manual-pwa-checks"},{"result":{"displayValue":"","score":false,"helpText":"Ensure individual pages are deep linkable via the URLs and that URLs are unique for the purpose of shareability on social media. [Learn more](https://developers.google.com/web/progressive-web-apps/checklist#each-page-has-a-url).","rawValue":false,"name":"pwa-each-page-has-url","description":"Each page has a URL","scoringMode":"binary","informative":true,"manual":true},"score":0,"weight":0,"id":"pwa-each-page-has-url","group":"manual-pwa-checks"}]},{"score":76.71232876712328,"name":"Accessibility","description":"These checks highlight opportunities to [improve the accessibility of your web app](https://developers.google.com/web/fundamentals/accessibility). Only a subset of accessibility issues can be automatically detected so manual testing is also encouraged.","id":"accessibility","audits":[{"result":{"displayValue":"","score":false,"helpText":"Access keys let users quickly focus a part of the page. For proper navigation, each access key must be unique. [Learn more](https://dequeuniversity.com/rules/axe/2.2/accesskeys?application=lighthouse).","rawValue":false,"name":"accesskeys","description":"`[accesskey]` values are not unique","scoringMode":"binary","informative":true,"notApplicable":true},"score":100,"weight":0,"id":"accesskeys","group":"a11y-correct-attributes"},{"result":{"displayValue":"","score":true,"helpText":"Each ARIA `role` supports a specific subset of `aria-*` attributes. Mismatching these invalidates the `aria-*` attributes. [Learn more](https://dequeuniversity.com/rules/axe/2.2/aria-allowed-attr?application=lighthouse).","rawValue":true,"extendedInfo":{},"name":"aria-allowed-attr","description":"`[aria-*]` attributes match their roles","scoringMode":"binary","details":{"header":{"text":"View failing elements","type":"text"},"type":"list","items":[]}},"score":100,"weight":3,"id":"aria-allowed-attr","group":"a11y-aria"},{"result":{"displayValue":"","score":false,"helpText":"Some ARIA roles have required attributes that describe the state of the element to screen readers. [Learn more](https://dequeuniversity.com/rules/axe/2.2/aria-required-attr?application=lighthouse).","rawValue":false,"name":"aria-required-attr","description":"`[role]`s do not have all required `[aria-*]` attributes","scoringMode":"binary","informative":true,"notApplicable":true},"score":100,"weight":0,"id":"aria-required-attr","group":"a11y-aria"},{"result":{"displayValue":"","score":false,"helpText":"Some ARIA parent roles must contain specific child roles to perform their intended accessibility functions. [Learn more](https://dequeuniversity.com/rules/axe/2.2/aria-required-children?application=lighthouse).","rawValue":false,"name":"aria-required-children","description":"Elements with `[role]` that require specific children `[role]`s, are missing.","scoringMode":"binary","informative":true,"notApplicable":true},"score":100,"weight":0,"id":"aria-required-children","group":"a11y-aria"},{"result":{"displayValue":"","score":false,"helpText":"Some ARIA child roles must be contained by specific parent roles to properly perform their intended accessibility functions. [Learn more](https://dequeuniversity.com/rules/axe/2.2/aria-required-parent?application=lighthouse).","rawValue":false,"name":"aria-required-parent","description":"`[role]`s are not contained by their required parent element","scoringMode":"binary","informative":true,"notApplicable":true},"score":100,"weight":0,"id":"aria-required-parent","group":"a11y-aria"},{"result":{"displayValue":"","score":false,"helpText":"ARIA roles must have valid values in order to perform their intended accessibility functions. [Learn more](https://dequeuniversity.com/rules/axe/2.2/aria-roles?application=lighthouse).","rawValue":false,"name":"aria-roles","description":"`[role]` values are not valid","scoringMode":"binary","informative":true,"notApplicable":true},"score":100,"weight":0,"id":"aria-roles","group":"a11y-aria"},{"result":{"displayValue":"","score":true,"helpText":"Assistive technologies, like screen readers, can't interpret ARIA attributes with invalid values. [Learn more](https://dequeuniversity.com/rules/axe/2.2/aria-valid-attr-value?application=lighthouse).","rawValue":true,"extendedInfo":{},"name":"aria-valid-attr-value","description":"`[aria-*]` attributes have valid values","scoringMode":"binary","details":{"header":{"text":"View failing elements","type":"text"},"type":"list","items":[]}},"score":100,"weight":2,"id":"aria-valid-attr-value","group":"a11y-aria"},{"result":{"displayValue":"","score":true,"helpText":"Assistive technologies, like screen readers, can't interpret ARIA attributes with invalid names. [Learn more](https://dequeuniversity.com/rules/axe/2.2/aria-valid-attr?application=lighthouse).","rawValue":true,"extendedInfo":{},"name":"aria-valid-attr","description":"`[aria-*]` attributes are valid and not misspelled","scoringMode":"binary","details":{"header":{"text":"View failing elements","type":"text"},"type":"list","items":[]}},"score":100,"weight":5,"id":"aria-valid-attr","group":"a11y-aria"},{"result":{"displayValue":"","score":false,"helpText":"Captions make audio elements usable for deaf or hearing-impaired users, providing critical information such as who is talking, what they're saying, and other non-speech information. [Learn more](https://dequeuniversity.com/rules/axe/2.2/audio-caption?application=lighthouse).","rawValue":false,"name":"audio-caption","description":"`<audio>` elements are missing a `<track>` element with `[kind=\"captions\"]`.","scoringMode":"binary","informative":true,"notApplicable":true},"score":100,"weight":0,"id":"audio-caption","group":"a11y-correct-attributes"},{"result":{"displayValue":"","score":false,"helpText":"When a button doesn't have an accessible name, screen readers announce it as \"button\", making it unusable for users who rely on screen readers. [Learn more](https://dequeuniversity.com/rules/axe/2.2/button-name?application=lighthouse).","rawValue":false,"extendedInfo":{"value":{"help":"Buttons must have discernible text","nodes":[{"failureSummary":"Fix all of the following:\n  Element is in tab order and does not have accessible text\n\nFix any of the following:\n  Element has a value attribute and the value attribute is empty\n  Element has no value attribute or the value attribute is empty\n  Element does not have inner text that is visible to screen readers\n  aria-label attribute does not exist or is empty\n  aria-labelledby attribute does not exist, references elements that do not exist or references elements that are empty or not visible\n  Element's default semantics were not overridden with role=\"presentation\"\n  Element's default semantics were not overridden with role=\"none\"","snippet":"<button type=\"button\" class=\"toolbar__side-icon btn btn--icon\">","path":"1,HTML,2,BODY,0,MAIN,0,DIV,1,DIV,2,NAV,0,DIV,0,BUTTON","impact":"critical","html":"<button type=\"button\" class=\"toolbar__side-icon btn btn--icon\"><div class=\"btn__content\"><i aria-hidden=\"true\" class=\"icon material-icons\">menu<\/i><\/div><\/button>","target":[".toolbar__side-icon"]},{"failureSummary":"Fix all of the following:\n  Element is in tab order and does not have accessible text\n\nFix any of the following:\n  Element has a value attribute and the value attribute is empty\n  Element has no value attribute or the value attribute is empty\n  Element does not have inner text that is visible to screen readers\n  aria-label attribute does not exist or is empty\n  aria-labelledby attribute does not exist, references elements that do not exist or references elements that are empty or not visible\n  Element's default semantics were not overridden with role=\"presentation\"\n  Element's default semantics were not overridden with role=\"none\"","snippet":"<button type=\"button\" class=\"btn btn--icon\">","path":"1,HTML,2,BODY,0,MAIN,0,DIV,1,DIV,2,NAV,0,DIV,4,SPAN,0,SPAN,0,BUTTON","impact":"critical","html":"<button type=\"button\" class=\"btn btn--icon\"><div class=\"btn__content\"><i aria-hidden=\"true\" class=\"icon fa fa-sign-out\"><\/i><\/div><\/button>","target":["span > .btn--icon"]}],"impact":"critical","description":"Ensures buttons have discernible text","helpUrl":"https://dequeuniversity.com/rules/axe/3.0/button-name?application=axeAPI","id":"button-name","tags":["cat.name-role-value","wcag2a","wcag412","section508","section508.22.a"]}},"name":"button-name","description":"Buttons do not have an accessible name","scoringMode":"binary","details":{"header":{"text":"View failing elements","type":"text"},"type":"list","items":[{"snippet":"<button type=\"button\" class=\"toolbar__side-icon btn btn--icon\">","path":"1,HTML,2,BODY,0,MAIN,0,DIV,1,DIV,2,NAV,0,DIV,0,BUTTON","selector":".toolbar__side-icon","type":"node"},{"snippet":"<button type=\"button\" class=\"btn btn--icon\">","path":"1,HTML,2,BODY,0,MAIN,0,DIV,1,DIV,2,NAV,0,DIV,4,SPAN,0,SPAN,0,BUTTON","selector":"span > .btn--icon","type":"node"}]}},"score":0,"weight":10,"id":"button-name","group":"a11y-element-names"},{"result":{"displayValue":"","score":true,"helpText":"Adding ways to bypass repetitive content lets keyboard users navigate the page more efficiently. [Learn more](https://dequeuniversity.com/rules/axe/2.2/bypass?application=lighthouse).","rawValue":true,"extendedInfo":{},"name":"bypass","description":"The page contains a heading, skip link, or landmark region","scoringMode":"binary","details":{"header":{"text":"View failing elements","type":"text"},"type":"list","items":[]}},"score":100,"weight":10,"id":"bypass","group":"a11y-describe-contents"},{"result":{"displayValue":"","score":true,"helpText":"Low-contrast text is difficult or impossible for many users to read. [Learn more](https://dequeuniversity.com/rules/axe/2.2/color-contrast?application=lighthouse).","rawValue":true,"extendedInfo":{},"name":"color-contrast","description":"Background and foreground colors have a sufficient contrast ratio","scoringMode":"binary","details":{"header":{"text":"View failing elements","type":"text"},"type":"list","items":[]}},"score":100,"weight":6,"id":"color-contrast","group":"a11y-color-contrast"},{"result":{"displayValue":"","score":false,"helpText":"When definition lists are not properly marked up, screen readers may produce confusing or inaccurate output. [Learn more](https://dequeuniversity.com/rules/axe/2.2/definition-list?application=lighthouse).","rawValue":false,"name":"definition-list","description":"`<dl>`'s do not contain only properly-ordered `<dt>` and `<dd>` groups, `<script>` or `<template>` elements.","scoringMode":"binary","informative":true,"notApplicable":true},"score":100,"weight":0,"id":"definition-list","group":"a11y-well-structured"},{"result":{"displayValue":"","score":false,"helpText":"Definition list items (`<dt>` and `<dd>`) must be wrapped in a parent `<dl>` element to ensure that screen readers can properly announce them. [Learn more](https://dequeuniversity.com/rules/axe/2.2/dlitem?application=lighthouse).","rawValue":false,"name":"dlitem","description":"Definition list items are not wrapped in `<dl>` elements","scoringMode":"binary","informative":true,"notApplicable":true},"score":100,"weight":0,"id":"dlitem","group":"a11y-well-structured"},{"result":{"displayValue":"","score":true,"helpText":"The title gives screen reader users an overview of the page, and search engine users rely on it heavily to determine if a page is relevant to their search. [Learn more](https://developers.google.com/web/tools/lighthouse/audits/title).","rawValue":true,"extendedInfo":{},"name":"document-title","description":"Document has a `<title>` element","scoringMode":"binary","details":{"header":{"text":"View failing elements","type":"text"},"type":"list","items":[]}},"score":100,"weight":2,"id":"document-title","group":"a11y-describe-contents"},{"result":{"displayValue":"","score":true,"helpText":"The value of an id attribute must be unique to prevent other instances from being overlooked by assistive technologies. [Learn more](https://dequeuniversity.com/rules/axe/2.2/duplicate-id?application=lighthouse).","rawValue":true,"extendedInfo":{},"name":"duplicate-id","description":"`[id]` attributes on the page are unique","scoringMode":"binary","details":{"header":{"text":"View failing elements","type":"text"},"type":"list","items":[]}},"score":100,"weight":5,"id":"duplicate-id","group":"a11y-well-structured"},{"result":{"displayValue":"","score":false,"helpText":"Screen reader users rely on frame titles to describe the contents of frames. [Learn more](https://dequeuniversity.com/rules/axe/2.2/frame-title?application=lighthouse).","rawValue":false,"name":"frame-title","description":"`<frame>` or `<iframe>` elements do not have a title","scoringMode":"binary","informative":true,"notApplicable":true},"score":100,"weight":0,"id":"frame-title","group":"a11y-describe-contents"},{"result":{"displayValue":"","score":false,"helpText":"If a page doesn't specify a lang attribute, a screen reader assumes that the page is in the default language that the user chose when setting up the screen reader. If the page isn't actually in the default language, then the screen reader might not announce the page's text correctly. [Learn more](https://dequeuniversity.com/rules/axe/2.2/html-lang?application=lighthouse).","rawValue":false,"extendedInfo":{"value":{"help":"<html> element must have a lang attribute","nodes":[{"failureSummary":"Fix any of the following:\n  The <html> element does not have a lang attribute","snippet":"<html>","path":"1,HTML","impact":"serious","html":"<html>","target":["html"]}],"impact":"serious","description":"Ensures every HTML document has a lang attribute","helpUrl":"https://dequeuniversity.com/rules/axe/3.0/html-has-lang?application=axeAPI","id":"html-has-lang","tags":["cat.language","wcag2a","wcag311"]}},"name":"html-has-lang","description":"`<html>` element does not have a `[lang]` attribute","scoringMode":"binary","details":{"header":{"text":"View failing elements","type":"text"},"type":"list","items":[{"snippet":"<html>","path":"1,HTML","selector":"html","type":"node"}]}},"score":0,"weight":4,"id":"html-has-lang","group":"a11y-language"},{"result":{"displayValue":"","score":false,"helpText":"Specifying a valid [BCP 47 language](https://www.w3.org/International/questions/qa-choosing-language-tags#question) helps screen readers announce text properly. [Learn more](https://dequeuniversity.com/rules/axe/2.2/valid-lang?application=lighthouse).","rawValue":false,"name":"html-lang-valid","description":"`<html>` element does not have a valid value for its `[lang]` attribute.","scoringMode":"binary","informative":true,"notApplicable":true},"score":100,"weight":0,"id":"html-lang-valid","group":"a11y-language"},{"result":{"displayValue":"","score":false,"helpText":"Informative elements should aim for short, descriptive alternate text. Decorative elements can be ignored with an empty alt attribute.[Learn more](https://dequeuniversity.com/rules/axe/2.2/image-alt?application=lighthouse).","rawValue":false,"name":"image-alt","description":"Image elements do not have `[alt]` attributes","scoringMode":"binary","informative":true,"notApplicable":true},"score":100,"weight":0,"id":"image-alt","group":"a11y-correct-attributes"},{"result":{"displayValue":"","score":false,"helpText":"When an image is being used as an `<input>` button, providing alternative text can help screen reader users understand the purpose of the button. [Learn more](https://dequeuniversity.com/rules/axe/2.2/input-image-alt?application=lighthouse).","rawValue":false,"name":"input-image-alt","description":"`<input type=\"image\">` elements do not have `[alt]` text","scoringMode":"binary","informative":true,"notApplicable":true},"score":100,"weight":0,"id":"input-image-alt","group":"a11y-correct-attributes"},{"result":{"displayValue":"","score":true,"helpText":"Labels ensure that form controls are announced properly by assistive technologies, like screen readers. [Learn more](https://dequeuniversity.com/rules/axe/2.2/label?application=lighthouse).","rawValue":true,"extendedInfo":{},"name":"label","description":"Form elements have associated labels","scoringMode":"binary","details":{"header":{"text":"View failing elements","type":"text"},"type":"list","items":[]}},"score":100,"weight":10,"id":"label","group":"a11y-describe-contents"},{"result":{"displayValue":"","score":false,"helpText":"A table being used for layout purposes should not include data elements, such as the th or caption elements or the summary attribute, because this can create a confusing experience for screen reader users. [Learn more](https://dequeuniversity.com/rules/axe/2.2/layout-table?application=lighthouse).","rawValue":false,"name":"layout-table","description":"Presentational `<table>` elements do not avoid using `<th>`, `<caption>` or the `[summary]` attribute.","scoringMode":"binary","informative":true,"notApplicable":true},"score":100,"weight":0,"id":"layout-table","group":"a11y-describe-contents"},{"result":{"displayValue":"","score":true,"helpText":"Link text (and alternate text for images, when used as links) that is discernible, unique, and focusable improves the navigation experience for screen reader users. [Learn more](https://dequeuniversity.com/rules/axe/2.2/link-name?application=lighthouse).","rawValue":true,"extendedInfo":{},"name":"link-name","description":"Links have a discernible name","scoringMode":"binary","details":{"header":{"text":"View failing elements","type":"text"},"type":"list","items":[]}},"score":100,"weight":9,"id":"link-name","group":"a11y-element-names"},{"result":{"displayValue":"","score":false,"helpText":"Screen readers have a specific way of announcing lists. Ensuring proper list structure aids screen reader output. [Learn more](https://dequeuniversity.com/rules/axe/2.2/list?application=lighthouse).","rawValue":false,"name":"list","description":"Lists do not contain only `<li>` elements and script supporting elements (`<script>` and `<template>`).","scoringMode":"binary","informative":true,"notApplicable":true},"score":100,"weight":0,"id":"list","group":"a11y-well-structured"},{"result":{"displayValue":"","score":false,"helpText":"Screen readers require list items (`<li>`) to be contained within a parent `<ul>` or `<ol>` to be announced properly. [Learn more](https://dequeuniversity.com/rules/axe/2.2/listitem?application=lighthouse).","rawValue":false,"name":"listitem","description":"List items (`<li>`) are not contained within `<ul>` or `<ol>` parent elements.","scoringMode":"binary","informative":true,"notApplicable":true},"score":100,"weight":0,"id":"listitem","group":"a11y-well-structured"},{"result":{"displayValue":"","score":false,"helpText":"Users do not expect a page to refresh automatically, and doing so will move focus back to the top of the page. This may create a frustrating or confusing experience. [Learn more](https://dequeuniversity.com/rules/axe/2.2/meta-refresh?application=lighthouse).","rawValue":false,"name":"meta-refresh","description":"The document uses `<meta http-equiv=\"refresh\">`","scoringMode":"binary","informative":true,"notApplicable":true},"score":100,"weight":0,"id":"meta-refresh","group":"a11y-meta"},{"result":{"displayValue":"","score":false,"helpText":"Disabling zooming is problematic for users with low vision who rely on screen magnification to properly see the contents of a web page. [Learn more](https://dequeuniversity.com/rules/axe/2.2/meta-viewport?application=lighthouse).","rawValue":false,"extendedInfo":{"value":{"help":"Zooming and scaling must not be disabled","nodes":[{"failureSummary":"Fix any of the following:\n  <meta> tag disables zooming on mobile devices","snippet":"<meta name=\"viewport\" content=\"width=device-width,initial-scale=1,maximum-scale=1,minimum-scale=1,user-scalable=no\">","path":"1,HTML,1,HEAD,1,META","impact":"critical","html":"<meta name=\"viewport\" content=\"width=device-width,initial-scale=1,maximum-scale=1,minimum-scale=1,user-scalable=no\">","target":["meta[name=\"viewport\"]"]}],"impact":"critical","description":"Ensures <meta name=\"viewport\"> does not disable text scaling and zooming","helpUrl":"https://dequeuniversity.com/rules/axe/3.0/meta-viewport?application=axeAPI","id":"meta-viewport","tags":["cat.sensory-and-visual-cues","wcag2aa","wcag144"]}},"name":"meta-viewport","description":"`[user-scalable=\"no\"]` is used in the `<meta name=\"viewport\">` element or the `[maximum-scale]` attribute is less than 5.","scoringMode":"binary","details":{"header":{"text":"View failing elements","type":"text"},"type":"list","items":[{"snippet":"<meta name=\"viewport\" content=\"width=device-width,initial-scale=1,maximum-scale=1,minimum-scale=1,user-scalable=no\">","path":"1,HTML,1,HEAD,1,META","selector":"meta[name=\"viewport\"]","type":"node"}]}},"score":0,"weight":3,"id":"meta-viewport","group":"a11y-meta"},{"result":{"displayValue":"","score":false,"helpText":"Screen readers cannot translate non-text content. Adding alt text to `<object>` elements helps screen readers convey meaning to users. [Learn more](https://dequeuniversity.com/rules/axe/2.2/object-alt?application=lighthouse).","rawValue":false,"name":"object-alt","description":"`<object>` elements do not have `[alt]` text","scoringMode":"binary","informative":true,"notApplicable":true},"score":100,"weight":0,"id":"object-alt","group":"a11y-describe-contents"},{"result":{"displayValue":"","score":true,"helpText":"A value greater than 0 implies an explicit navigation ordering. Although technically valid, this often creates frustrating experiences for users who rely on assistive technologies. [Learn more](https://dequeuniversity.com/rules/axe/2.2/tabindex?application=lighthouse).","rawValue":true,"extendedInfo":{},"name":"tabindex","description":"No element has a `[tabindex]` value greater than 0","scoringMode":"binary","details":{"header":{"text":"View failing elements","type":"text"},"type":"list","items":[]}},"score":100,"weight":4,"id":"tabindex","group":"a11y-correct-attributes"},{"result":{"displayValue":"","score":false,"helpText":"Screen readers have features to make navigating tables easier. Ensuring `<td>` cells using the `[headers]` attribute only refer to other cells in the same table may improve the experience for screen reader users. [Learn more](https://dequeuniversity.com/rules/axe/2.2/td-headers-attr?application=lighthouse).","rawValue":false,"name":"td-headers-attr","description":"Cells in a `<table>` element that use the `[headers]` attribute refers to other cells of that same table.","scoringMode":"binary","informative":true,"notApplicable":true},"score":100,"weight":0,"id":"td-headers-attr","group":"a11y-correct-attributes"},{"result":{"displayValue":"","score":false,"helpText":"Screen readers have features to make navigating tables easier. Ensuring table headers always refer to some set of cells may improve the experience for screen reader users. [Learn more](https://dequeuniversity.com/rules/axe/2.2/th-has-data-cells?application=lighthouse).","rawValue":false,"name":"th-has-data-cells","description":"`<th>` elements and elements with `[role=\"columnheader\"/\"rowheader\"]` do not have data cells they describe.","scoringMode":"binary","informative":true,"notApplicable":true},"score":100,"weight":0,"id":"th-has-data-cells","group":"a11y-correct-attributes"},{"result":{"displayValue":"","score":false,"helpText":"Specifying a valid [BCP 47 language](https://www.w3.org/International/questions/qa-choosing-language-tags#question) on elements helps ensure that text is pronounced correctly by a screen reader. [Learn more](https://dequeuniversity.com/rules/axe/2.2/valid-lang?application=lighthouse).","rawValue":false,"name":"valid-lang","description":"`[lang]` attributes do not have a valid value","scoringMode":"binary","informative":true,"notApplicable":true},"score":100,"weight":0,"id":"valid-lang","group":"a11y-language"},{"result":{"displayValue":"","score":false,"helpText":"When a video provides a caption it is easier for deaf and hearing impaired users to access its information. [Learn more](https://dequeuniversity.com/rules/axe/2.2/video-caption?application=lighthouse).","rawValue":false,"name":"video-caption","description":"`<video>` elements do not contain a `<track>` element with `[kind=\"captions\"]`.","scoringMode":"binary","informative":true,"notApplicable":true},"score":100,"weight":0,"id":"video-caption","group":"a11y-describe-contents"},{"result":{"displayValue":"","score":false,"helpText":"Audio descriptions provide relevant information for videos that dialogue cannot, such as facial expressions and scenes. [Learn more](https://dequeuniversity.com/rules/axe/2.2/video-description?application=lighthouse).","rawValue":false,"name":"video-description","description":"`<video>` elements do not contain a `<track>` element with `[kind=\"description\"]`.","scoringMode":"binary","informative":true,"notApplicable":true},"score":100,"weight":0,"id":"video-description","group":"a11y-describe-contents"},{"result":{"displayValue":"","score":false,"helpText":"Tabbing through the page follows the visual layout. Users cannot focus elements that are offscreen. [Learn more](https://developers.google.com/web/fundamentals/accessibility/how-to-review#start_with_the_keyboard).","rawValue":false,"name":"logical-tab-order","description":"The page has a logical tab order","scoringMode":"binary","informative":true,"manual":true},"score":0,"weight":0,"id":"logical-tab-order","group":"manual-a11y-checks"},{"result":{"displayValue":"","score":false,"helpText":"Custom interactive controls are keyboard focusable and display a focus indicator. [Learn more](https://developers.google.com/web/fundamentals/accessibility/how-to-review#start_with_the_keyboard).","rawValue":false,"name":"focusable-controls","description":"Interactive controls are keyboard focusable","scoringMode":"binary","informative":true,"manual":true},"score":0,"weight":0,"id":"focusable-controls","group":"manual-a11y-checks"},{"result":{"displayValue":"","score":false,"helpText":"If new content, such as a dialog, is added to the page, the user's focus is directed to it. [Learn more](https://developers.google.com/web/fundamentals/accessibility/how-to-review#start_with_the_keyboard).","rawValue":false,"name":"managed-focus","description":"The user's focus is directed to new content added to the page","scoringMode":"binary","informative":true,"manual":true},"score":0,"weight":0,"id":"managed-focus","group":"manual-a11y-checks"},{"result":{"displayValue":"","score":false,"helpText":"A user can tab into and out of any control or region without accidentally trapping their focus. [Learn more](https://developers.google.com/web/fundamentals/accessibility/how-to-review#start_with_the_keyboard).","rawValue":false,"name":"focus-traps","description":"User focus is not accidentally trapped in a region","scoringMode":"binary","informative":true,"manual":true},"score":0,"weight":0,"id":"focus-traps","group":"manual-a11y-checks"},{"result":{"displayValue":"","score":false,"helpText":"Custom interactive controls have associated labels, provided by aria-label or aria-labelledby. [Learn more](https://developers.google.com/web/fundamentals/accessibility/how-to-review#try_it_with_a_screen_reader).","rawValue":false,"name":"custom-controls-labels","description":"Custom controls have associated labels","scoringMode":"binary","informative":true,"manual":true},"score":0,"weight":0,"id":"custom-controls-labels","group":"manual-a11y-checks"},{"result":{"displayValue":"","score":false,"helpText":"Custom interactive controls have appropriate ARIA roles. [Learn more](https://developers.google.com/web/fundamentals/accessibility/how-to-review#try_it_with_a_screen_reader).","rawValue":false,"name":"custom-controls-roles","description":"Custom controls have ARIA roles","scoringMode":"binary","informative":true,"manual":true},"score":0,"weight":0,"id":"custom-controls-roles","group":"manual-a11y-checks"},{"result":{"displayValue":"","score":false,"helpText":"DOM order matches the visual order, improving navigation for assistive technology. [Learn more](https://developers.google.com/web/fundamentals/accessibility/how-to-review#try_it_with_a_screen_reader).","rawValue":false,"name":"visual-order-follows-dom","description":"Visual order on the page follows DOM order","scoringMode":"binary","informative":true,"manual":true},"score":0,"weight":0,"id":"visual-order-follows-dom","group":"manual-a11y-checks"},{"result":{"displayValue":"","score":false,"helpText":"Offscreen content is hidden with display: none or aria-hidden=true. [Learn more](https://developers.google.com/web/fundamentals/accessibility/how-to-review#try_it_with_a_screen_reader).","rawValue":false,"name":"offscreen-content-hidden","description":"Offscreen content is hidden from assistive technology","scoringMode":"binary","informative":true,"manual":true},"score":0,"weight":0,"id":"offscreen-content-hidden","group":"manual-a11y-checks"},{"result":{"displayValue":"","score":false,"helpText":"Headings are used to create an outline for the page and heading levels are not skipped. [Learn more](https://developers.google.com/web/fundamentals/accessibility/how-to-review#take_advantage_of_headings_and_landmarks).","rawValue":false,"name":"heading-levels","description":"Headings don't skip levels","scoringMode":"binary","informative":true,"manual":true},"score":0,"weight":0,"id":"heading-levels","group":"manual-a11y-checks"},{"result":{"displayValue":"","score":false,"helpText":"Landmark elements (<main>, <nav>, etc.) are used to improve the keyboard navigation of the page for assistive technology. [Learn more](https://developers.google.com/web/fundamentals/accessibility/how-to-review#take_advantage_of_headings_and_landmarks).","rawValue":false,"name":"use-landmarks","description":"HTML5 landmark elements are used to improve navigation","scoringMode":"binary","informative":true,"manual":true},"score":0,"weight":0,"id":"use-landmarks","group":"manual-a11y-checks"}]},{"score":86.66666666666667,"name":"Best Practices","description":"We've compiled some recommendations for modernizing your web app and avoiding performance pitfalls.","id":"best-practices","audits":[{"result":{"displayValue":"","score":true,"debugString":"","helpText":"Application Cache is deprecated. [Learn more](https://developers.google.com/web/tools/lighthouse/audits/appcache).","rawValue":true,"name":"appcache-manifest","description":"Avoids Application Cache","scoringMode":"binary"},"score":100,"weight":1,"id":"appcache-manifest"},{"result":{"displayValue":"","score":true,"debugString":"","helpText":"Web SQL is deprecated. Consider using IndexedDB instead. [Learn more](https://developers.google.com/web/tools/lighthouse/audits/web-sql).","rawValue":true,"name":"no-websql","description":"Avoids WebSQL DB","scoringMode":"binary"},"score":100,"weight":1,"id":"no-websql"},{"result":{"displayValue":"5 requests were not handled over HTTP/2","score":false,"helpText":"HTTP/2 offers many benefits over HTTP/1.1, including binary headers, multiplexing, and server push. [Learn more](https://developers.google.com/web/tools/lighthouse/audits/http2).","rawValue":false,"extendedInfo":{"value":{"results":[{"protocol":"http/1.1","url":"http://web/"},{"protocol":"http/1.1","url":"http://web/static/js/manifest.9f020e973ae4037504f6.js"},{"protocol":"http/1.1","url":"http://web/static/js/vendor.d1efda22f11e965a5228.js"},{"protocol":"http/1.1","url":"http://web/static/js/app.310cd52123c59f9f64a5.js"},{"protocol":"http/1.1","url":"http://web/static/css/app.a1bcfeb0daa2a3f727390086fd42ee9d.css"}]}},"name":"uses-http2","description":"Does not use HTTP/2 for all of its resources","scoringMode":"binary","details":{"itemHeaders":[{"itemType":"url","text":"URL","type":"text"},{"itemType":"text","text":"Protocol","type":"text"}],"header":"View Details","type":"table","items":[[{"text":"http://web/","type":"url"},{"text":"http/1.1","type":"text"}],[{"text":"http://web/static/js/manifest.9f020e973ae4037504f6.js","type":"url"},{"text":"http/1.1","type":"text"}],[{"text":"http://web/static/js/vendor.d1efda22f11e965a5228.js","type":"url"},{"text":"http/1.1","type":"text"}],[{"text":"http://web/static/js/app.310cd52123c59f9f64a5.js","type":"url"},{"text":"http/1.1","type":"text"}],[{"text":"http://web/static/css/app.a1bcfeb0daa2a3f727390086fd42ee9d.css","type":"url"},{"text":"http/1.1","type":"text"}]]}},"score":0,"weight":1,"id":"uses-http2"},{"result":{"displayValue":"","score":true,"helpText":"Consider marking your touch and wheel event listeners as `passive` to improve your page's scroll performance. [Learn more](https://developers.google.com/web/tools/lighthouse/audits/passive-event-listeners).","rawValue":true,"extendedInfo":{"value":[]},"name":"uses-passive-event-listeners","description":"Uses passive listeners to improve scrolling performance","scoringMode":"binary","details":{"itemHeaders":[{"itemType":"url","text":"URL","type":"text"},{"itemType":"text","text":"Location","type":"text"}],"header":"View Details","type":"table","items":[]}},"score":100,"weight":1,"id":"uses-passive-event-listeners"},{"result":{"displayValue":"","score":true,"helpText":"Mutation Events are deprecated and harm performance. Consider using Mutation Observers instead. [Learn more](https://developers.google.com/web/tools/lighthouse/audits/mutation-events).","rawValue":true,"extendedInfo":{"value":{"results":[]}},"name":"no-mutation-events","description":"Avoids Mutation Events in its own scripts","scoringMode":"binary","details":{"itemHeaders":[{"itemType":"url","text":"URL","type":"text"},{"itemType":"code","text":"Event","type":"text"},{"itemType":"text","text":"Line","type":"text"},{"itemType":"text","text":"Col","type":"text"},{"itemType":"code","text":"Snippet","type":"text"}],"header":"View Details","type":"table","items":[]}},"score":100,"weight":1,"id":"no-mutation-events"},{"result":{"displayValue":"","score":true,"helpText":"For users on slow connections, external scripts dynamically injected via `document.write()` can delay page load by tens of seconds. [Learn more](https://developers.google.com/web/tools/lighthouse/audits/document-write).","rawValue":true,"extendedInfo":{"value":[]},"name":"no-document-write","description":"Avoids `document.write()`","scoringMode":"binary","details":{"itemHeaders":[{"itemType":"url","text":"URL","type":"text"},{"itemType":"text","text":"Location","type":"text"}],"header":"View Details","type":"table","items":[]}},"score":100,"weight":1,"id":"no-document-write"},{"result":{"displayValue":"","score":true,"helpText":"Open new tabs using `rel=\"noopener\"` to improve performance and prevent security vulnerabilities. [Learn more](https://developers.google.com/web/tools/lighthouse/audits/noopener).","rawValue":true,"extendedInfo":{"value":[]},"name":"external-anchors-use-rel-noopener","description":"Opens external anchors using `rel=\"noopener\"`","scoringMode":"binary","details":{"itemHeaders":[{"itemType":"url","text":"URL","type":"text"},{"itemType":"text","text":"Target","type":"text"},{"itemType":"text","text":"Rel","type":"text"}],"header":"View Details","type":"table","items":[]}},"score":100,"weight":1,"id":"external-anchors-use-rel-noopener"},{"result":{"displayValue":"","score":true,"helpText":"Users are mistrustful of or confused by sites that request their location without context. Consider tying the request to user gestures instead. [Learn more](https://developers.google.com/web/tools/lighthouse/audits/geolocation-on-load).","rawValue":true,"extendedInfo":{"value":[]},"name":"geolocation-on-start","description":"Avoids requesting the geolocation permission on page load","scoringMode":"binary","details":{"itemHeaders":[{"itemType":"url","text":"URL","type":"text"},{"itemType":"text","text":"Location","type":"text"}],"header":"View Details","type":"table","items":[]}},"score":100,"weight":1,"id":"geolocation-on-start"},{"result":{"displayValue":"","score":true,"helpText":"Some third-party scripts may contain known security vulnerabilities  that are easily identified and exploited by attackers.","rawValue":true,"name":"no-vulnerable-libraries","description":"Avoids front-end JavaScript libraries with known security vulnerabilities","scoringMode":"binary"},"score":100,"weight":1,"id":"no-vulnerable-libraries"},{"result":{"displayValue":"","score":true,"helpText":"Users are mistrustful of or confused by sites that request to send notifications without context. Consider tying the request to user gestures instead. [Learn more](https://developers.google.com/web/tools/lighthouse/audits/notifications-on-load).","rawValue":true,"extendedInfo":{"value":[]},"name":"notification-on-start","description":"Avoids requesting the notification permission on page load","scoringMode":"binary","details":{"itemHeaders":[{"itemType":"url","text":"URL","type":"text"},{"itemType":"text","text":"Location","type":"text"}],"header":"View Details","type":"table","items":[]}},"score":100,"weight":1,"id":"notification-on-start"},{"result":{"displayValue":"","score":true,"helpText":"Deprecated APIs will eventually be removed from the browser. [Learn more](https://www.chromestatus.com/features#deprecated).","rawValue":true,"extendedInfo":{"value":[]},"name":"deprecations","description":"Avoids deprecated APIs","scoringMode":"binary","details":{"itemHeaders":[{"itemType":"code","text":"Deprecation / Warning","type":"text"},{"itemType":"url","text":"URL","type":"text"},{"itemType":"text","text":"Line","type":"text"}],"header":"View Details","type":"table","items":[]}},"score":100,"weight":1,"id":"deprecations"},{"result":{"displayValue":"","score":false,"helpText":"Make your app's `short_name` fewer than 12 characters to ensure that it's not truncated on homescreens. [Learn more](https://developers.google.com/web/tools/lighthouse/audits/manifest-short_name-is-not-truncated).","rawValue":false,"name":"manifest-short-name-length","description":"Manifest's `short_name` will be truncated when displayed on homescreen","scoringMode":"binary"},"score":0,"weight":1,"id":"manifest-short-name-length"},{"result":{"displayValue":"","score":true,"helpText":"Preventing password pasting undermines good security policy. [Learn more](https://www.ncsc.gov.uk/blog-post/let-them-paste-passwords)","rawValue":true,"extendedInfo":{"value":[]},"name":"password-inputs-can-be-pasted-into","description":"Allows users to paste into password fields","scoringMode":"binary","details":{"header":{"text":"Password inputs that prevent pasting into","type":"text"},"type":"list","items":[]}},"score":100,"weight":1,"id":"password-inputs-can-be-pasted-into"},{"result":{"displayValue":"","score":true,"helpText":"Errors logged to the console indicate unresolved problems. They can come from network request failures and other browser concerns.","rawValue":0,"name":"errors-in-console","description":"No browser errors logged to the console","scoringMode":"binary","details":{"itemHeaders":[{"itemType":"url","text":"URL","type":"text"},{"itemType":"code","text":"Description","type":"text"}],"header":"View Details","type":"table","items":[]}},"score":100,"weight":1,"id":"errors-in-console"},{"result":{"displayValue":"","score":true,"helpText":"Image display dimensions should match natural aspect ratio.","rawValue":true,"name":"image-aspect-ratio","description":"Displays images with correct aspect ratio","scoringMode":"binary","details":{"itemHeaders":[{"itemType":"thumbnail","text":"","type":"text"},{"itemType":"url","text":"URL","type":"text"},{"itemType":"text","text":"Aspect Ratio (Displayed)","type":"text"},{"itemType":"text","text":"Aspect Ratio (Actual)","type":"text"}],"header":"View Details","type":"table","items":[]}},"score":100,"weight":1,"id":"image-aspect-ratio"}]},{"score":50,"name":"SEO","description":"These checks ensure that your page is optimized for search engine results ranking. There are additional factors Lighthouse does not check that may affect your search ranking. [Learn more](https://support.google.com/webmasters/answer/35769).","id":"seo","audits":[{"result":{"displayValue":"","score":true,"debugString":"","helpText":"Add a viewport meta tag to optimize your app for mobile screens. [Learn more](https://developers.google.com/web/tools/lighthouse/audits/has-viewport-meta-tag).","rawValue":true,"name":"viewport","description":"Has a `<meta name=\"viewport\">` tag with `width` or `initial-scale`","scoringMode":"binary"},"score":100,"weight":1,"id":"viewport","group":"seo-mobile"},{"result":{"displayValue":"","score":true,"helpText":"The title gives screen reader users an overview of the page, and search engine users rely on it heavily to determine if a page is relevant to their search. [Learn more](https://developers.google.com/web/tools/lighthouse/audits/title).","rawValue":true,"extendedInfo":{},"name":"document-title","description":"Document has a `<title>` element","scoringMode":"binary","details":{"header":{"text":"View failing elements","type":"text"},"type":"list","items":[]}},"score":100,"weight":1,"id":"document-title","group":"seo-content"},{"result":{"displayValue":"","score":false,"helpText":"Meta descriptions may be included in search results to concisely summarize page content. [Learn more](https://developers.google.com/web/tools/lighthouse/audits/description).","rawValue":false,"name":"meta-description","description":"Document does not have a meta description","scoringMode":"binary"},"score":0,"weight":1,"id":"meta-description","group":"seo-content"},{"result":{"displayValue":"","score":null,"debugString":"Audit error: Unable to identify the main resource","helpText":"Pages with unsuccessful HTTP status codes may not be indexed properly. [Learn more](https://developers.google.com/web/tools/lighthouse/audits/successful-http-code).","rawValue":null,"name":"http-status-code","description":"Page has unsuccessful HTTP status code","scoringMode":"binary","error":true},"score":0,"weight":1,"id":"http-status-code","group":"seo-crawl"},{"result":{"displayValue":"","score":true,"helpText":"Descriptive link text helps search engines understand your content. [Learn more](https://developers.google.com/web/tools/lighthouse/audits/descriptive-link-text).","rawValue":true,"name":"link-text","description":"Links have descriptive text","scoringMode":"binary","details":{"itemHeaders":[{"itemType":"url","text":"Link destination","type":"text"},{"itemType":"text","text":"Link Text","type":"text"}],"header":"View Details","type":"table","items":[]}},"score":100,"weight":1,"id":"link-text","group":"seo-content"},{"result":{"displayValue":"","score":null,"debugString":"Audit error: Unable to identify the main resource","helpText":"Search engines are unable to include your pages in search results if they don't have permission to crawl them. [Learn more](https://developers.google.com/web/tools/lighthouse/audits/indexing).","rawValue":null,"name":"is-crawlable","description":"Page is blocked from indexing","scoringMode":"binary","error":true},"score":0,"weight":1,"id":"is-crawlable","group":"seo-crawl"},{"result":{"displayValue":"","score":null,"debugString":"Audit error: Unable to identify the main resource","helpText":"hreflang allows crawlers to discover alternate translations of the page content. [Learn more](https://support.google.com/webmasters/answer/189077).","rawValue":null,"name":"hreflang","description":"Document doesn't have a valid `hreflang`","scoringMode":"binary","error":true},"score":0,"weight":1,"id":"hreflang","group":"seo-content"},{"result":{"displayValue":"","score":null,"debugString":"Audit error: Unable to identify the main resource","helpText":"Canonical links suggest which URL to show in search results. [Learn more](https://developers.google.com/web/tools/lighthouse/audits/canonical).","rawValue":null,"name":"canonical","description":"Document does not have a valid `rel=canonical`","scoringMode":"binary","error":true},"score":0,"weight":1,"id":"canonical","group":"seo-content"},{"result":{"displayValue":"","score":true,"debugString":null,"helpText":"Font sizes less than 12px are too small to be legible and require mobile visitors to \u201cpinch to zoom\u201d in order to read. Strive to have >60% of page text ≥12px. [Learn more](https://developers.google.com/web/tools/lighthouse/audits/font-sizes).","rawValue":true,"name":"font-size","description":"Document uses legible font sizes","scoringMode":"binary","details":{"itemHeaders":[{"itemType":"url","text":"Source","type":"text"},{"itemType":"code","text":"Selector","type":"text"},{"itemType":"text","text":"% of Page Text","type":"text"},{"itemType":"text","text":"Font Size","type":"text"}],"header":"View Details","type":"table","items":[[{"text":"Legible text","type":"url"},{"text":null,"type":"code"},{"text":"100.00%","type":"text"},{"text":"≥ 12px","type":"text"}]]}},"score":100,"weight":1,"id":"font-size","group":"seo-mobile"},{"result":{"displayValue":"","score":true,"helpText":"Most mobile devices do not support plugins, and many desktop browsers restrict them.","rawValue":true,"name":"plugins","description":"Document avoids plugins","scoringMode":"binary","details":{"itemHeaders":[{"itemType":"code","text":"Element source","type":"text"}],"header":"View Details","type":"table","items":[]}},"score":100,"weight":1,"id":"plugins","group":"seo-content"},{"result":{"displayValue":"","score":false,"helpText":"Take the [Mobile-Friendly Test](https://search.google.com/test/mobile-friendly) to check for audits not covered by Lighthouse, like sizing tap targets appropriately. [Learn more](https://developers.google.com/search/mobile-sites/).","rawValue":false,"name":"mobile-friendly","description":"Page is mobile friendly","scoringMode":"binary","informative":true,"manual":true},"score":0,"weight":0,"id":"mobile-friendly","group":"manual-seo-checks"},{"result":{"displayValue":"","score":false,"helpText":"Run the [Structured Data Testing Tool](https://search.google.com/structured-data/testing-tool/) and the [Structured Data Linter](http://linter.structured-data.org/) to validate structured data. [Learn more](https://developers.google.com/search/docs/guides/mark-up-content).","rawValue":false,"name":"structured-data","description":"Structured data is valid","scoringMode":"binary","informative":true,"manual":true},"score":0,"weight":0,"id":"structured-data","group":"manual-seo-checks"}]}],"timing":{"total":19151},"reportGroups":{"a11y-color-contrast":{"description":"These are opportunities to improve the legibility of your content.","title":"Color Contrast Is Satisfactory"},"perf-metric":{"description":"These metrics encapsulate your web app's performance across a number of dimensions.","title":"Metrics"},"a11y-aria":{"description":"These are opportunities to improve the usage of ARIA in your application which may enhance the experience for users of assistive technology, like a screen reader.","title":"ARIA Attributes Follow Best Practices"},"a11y-element-names":{"description":"These are opportunities to improve the semantics of the controls in your application. This may enhance the experience for users of assistive technology, like a screen reader.","title":"Elements Have Discernible Names"},"a11y-well-structured":{"description":"These are opportunities to make sure your HTML is appropriately structured.","title":"Elements Are Well Structured"},"seo-content":{"description":"Format your HTML in a way that enables crawlers to better understand your app\u2019s content.","title":"Content Best Practices"},"a11y-correct-attributes":{"description":"These are opportunities to improve the configuration of your HTML elements.","title":"Elements Use Attributes Correctly"},"perf-hint":{"description":"These are opportunities to speed up your application by optimizing the following resources.","title":"Opportunities"},"seo-crawl":{"description":"To appear in search results, crawlers need access to your app.","title":"Crawling and Indexing"},"a11y-describe-contents":{"description":"These are opportunities to make your content easier to understand for a user of assistive technology, like a screen reader.","title":"Elements Describe Contents Well"},"a11y-language":{"description":"These are opportunities to improve the interpretation of your content by users in different locales.","title":"Page Specifies Valid Language"},"manual-a11y-checks":{"description":"These items address areas which an automated testing tool cannot cover. Learn more in our guide on [conducting an accessibility review](https://developers.google.com/web/fundamentals/accessibility/how-to-review).","title":"Additional items to manually check"},"seo-mobile":{"description":"Make sure your pages are mobile friendly so users don\u2019t have to pinch or zoom in order to read the content pages. [Learn more](https://developers.google.com/search/mobile-sites/).","title":"Mobile Friendly"},"perf-info":{"description":"More information about the performance of your application.","title":"Diagnostics"},"manual-pwa-checks":{"description":"These checks are required by the baseline [PWA Checklist](https://developers.google.com/web/progressive-web-apps/checklist) but are not automatically checked by Lighthouse. They do not affect your score but it's important that you verify them manually.","title":"Additional items to manually check"},"a11y-meta":{"description":"These are opportunities to improve the user experience of your site.","title":"Meta Tags Used Properly"},"manual-seo-checks":{"description":"Run these additional validators on your site to check additional SEO best practices.","title":"Additional items to manually check"}},"runWarnings":[],"userAgent":"Mozilla/5.0 (X11; Linux x86_64) AppleWebKit/537.36 (KHTML, like Gecko) HeadlessChrome/69.0.3458.0 Safari/537.36","runtimeConfig":{"blockedUrlPatterns":[],"environment":[{"name":"Device Emulation","description":"Nexus 5X","enabled":true},{"name":"Network Throttling","description":"562.5ms RTT, 1.4Mbps down, 0.7Mbps up","enabled":true},{"name":"CPU Throttling","description":"4x slowdown","enabled":true}],"extraHeaders":{}},"lighthouseVersion":"2.9.4","audits":{"plugins":{"displayValue":"","score":true,"helpText":"Most mobile devices do not support plugins, and many desktop browsers restrict them.","rawValue":true,"name":"plugins","description":"Document avoids plugins","scoringMode":"binary","details":{"itemHeaders":[{"itemType":"code","text":"Element source","type":"text"}],"header":"View Details","type":"table","items":[]}},"aria-required-parent":{"displayValue":"","score":false,"helpText":"Some ARIA child roles must be contained by specific parent roles to properly perform their intended accessibility functions. [Learn more](https://dequeuniversity.com/rules/axe/2.2/aria-required-parent?application=lighthouse).","rawValue":false,"name":"aria-required-parent","description":"`[role]`s are not contained by their required parent element","scoringMode":"binary","informative":true,"notApplicable":true},"custom-controls-labels":{"displayValue":"","score":false,"helpText":"Custom interactive controls have associated labels, provided by aria-label or aria-labelledby. [Learn more](https://developers.google.com/web/fundamentals/accessibility/how-to-review#try_it_with_a_screen_reader).","rawValue":false,"name":"custom-controls-labels","description":"Custom controls have associated labels","scoringMode":"binary","informative":true,"manual":true},"link-name":{"displayValue":"","score":true,"helpText":"Link text (and alternate text for images, when used as links) that is discernible, unique, and focusable improves the navigation experience for screen reader users. [Learn more](https://dequeuniversity.com/rules/axe/2.2/link-name?application=lighthouse).","rawValue":true,"extendedInfo":{},"name":"link-name","description":"Links have a discernible name","scoringMode":"binary","details":{"header":{"text":"View failing elements","type":"text"},"type":"list","items":[]}},"offscreen-images":{"displayValue":"","score":100,"helpText":"Consider lazy-loading offscreen and hidden images to improve page load speed and time to interactive. [Learn more](https://developers.google.com/web/tools/lighthouse/audits/offscreen-images).","rawValue":0,"extendedInfo":{"value":{"wastedKb":0,"wastedMs":0,"results":[]}},"name":"offscreen-images","description":"Offscreen images","scoringMode":"binary","informative":true,"details":{"itemHeaders":[{"itemType":"thumbnail","text":"","type":"text"},{"itemType":"url","text":"URL","type":"text"},{"itemType":"text","text":"Original","type":"text"},{"itemType":"text","text":"Potential Savings","type":"text"}],"header":"View Details","type":"table","items":[]}},"first-interactive":{"displayValue":"6,460 ms","score":71,"helpText":"First Interactive marks the time at which the page is minimally interactive. [Learn more](https://developers.google.com/web/tools/lighthouse/audits/first-interactive).","rawValue":6460.149,"extendedInfo":{"value":{"timeInMs":6460.149,"timestamp":8650059653847}},"name":"first-interactive","description":"First Interactive (beta)","scoringMode":"numeric"},"button-name":{"displayValue":"","score":false,"helpText":"When a button doesn't have an accessible name, screen readers announce it as \"button\", making it unusable for users who rely on screen readers. [Learn more](https://dequeuniversity.com/rules/axe/2.2/button-name?application=lighthouse).","rawValue":false,"extendedInfo":{"value":{"help":"Buttons must have discernible text","nodes":[{"failureSummary":"Fix all of the following:\n  Element is in tab order and does not have accessible text\n\nFix any of the following:\n  Element has a value attribute and the value attribute is empty\n  Element has no value attribute or the value attribute is empty\n  Element does not have inner text that is visible to screen readers\n  aria-label attribute does not exist or is empty\n  aria-labelledby attribute does not exist, references elements that do not exist or references elements that are empty or not visible\n  Element's default semantics were not overridden with role=\"presentation\"\n  Element's default semantics were not overridden with role=\"none\"","snippet":"<button type=\"button\" class=\"toolbar__side-icon btn btn--icon\">","path":"1,HTML,2,BODY,0,MAIN,0,DIV,1,DIV,2,NAV,0,DIV,0,BUTTON","impact":"critical","html":"<button type=\"button\" class=\"toolbar__side-icon btn btn--icon\"><div class=\"btn__content\"><i aria-hidden=\"true\" class=\"icon material-icons\">menu<\/i><\/div><\/button>","target":[".toolbar__side-icon"]},{"failureSummary":"Fix all of the following:\n  Element is in tab order and does not have accessible text\n\nFix any of the following:\n  Element has a value attribute and the value attribute is empty\n  Element has no value attribute or the value attribute is empty\n  Element does not have inner text that is visible to screen readers\n  aria-label attribute does not exist or is empty\n  aria-labelledby attribute does not exist, references elements that do not exist or references elements that are empty or not visible\n  Element's default semantics were not overridden with role=\"presentation\"\n  Element's default semantics were not overridden with role=\"none\"","snippet":"<button type=\"button\" class=\"btn btn--icon\">","path":"1,HTML,2,BODY,0,MAIN,0,DIV,1,DIV,2,NAV,0,DIV,4,SPAN,0,SPAN,0,BUTTON","impact":"critical","html":"<button type=\"button\" class=\"btn btn--icon\"><div class=\"btn__content\"><i aria-hidden=\"true\" class=\"icon fa fa-sign-out\"><\/i><\/div><\/button>","target":["span > .btn--icon"]}],"impact":"critical","description":"Ensures buttons have discernible text","helpUrl":"https://dequeuniversity.com/rules/axe/3.0/button-name?application=axeAPI","id":"button-name","tags":["cat.name-role-value","wcag2a","wcag412","section508","section508.22.a"]}},"name":"button-name","description":"Buttons do not have an accessible name","scoringMode":"binary","details":{"header":{"text":"View failing elements","type":"text"},"type":"list","items":[{"snippet":"<button type=\"button\" class=\"toolbar__side-icon btn btn--icon\">","path":"1,HTML,2,BODY,0,MAIN,0,DIV,1,DIV,2,NAV,0,DIV,0,BUTTON","selector":".toolbar__side-icon","type":"node"},{"snippet":"<button type=\"button\" class=\"btn btn--icon\">","path":"1,HTML,2,BODY,0,MAIN,0,DIV,1,DIV,2,NAV,0,DIV,4,SPAN,0,SPAN,0,BUTTON","selector":"span > .btn--icon","type":"node"}]}},"unminified-css":{"displayValue":"","score":100,"helpText":"Minifying CSS files can reduce network payload sizes. [Learn more](https://developers.google.com/speed/docs/insights/MinifyResources).","rawValue":0,"extendedInfo":{"value":{"wastedKb":0,"wastedMs":0,"results":[]}},"name":"unminified-css","description":"Minify CSS","scoringMode":"binary","informative":true,"details":{"itemHeaders":[{"itemType":"url","text":"URL","type":"text"},{"itemType":"text","text":"Original","type":"text"},{"itemType":"text","text":"Potential Savings","type":"text"}],"header":"View Details","type":"table","items":[]}},"input-image-alt":{"displayValue":"","score":false,"helpText":"When an image is being used as an `<input>` button, providing alternative text can help screen reader users understand the purpose of the button. [Learn more](https://dequeuniversity.com/rules/axe/2.2/input-image-alt?application=lighthouse).","rawValue":false,"name":"input-image-alt","description":"`<input type=\"image\">` elements do not have `[alt]` text","scoringMode":"binary","informative":true,"notApplicable":true},"uses-http2":{"displayValue":"5 requests were not handled over HTTP/2","score":false,"helpText":"HTTP/2 offers many benefits over HTTP/1.1, including binary headers, multiplexing, and server push. [Learn more](https://developers.google.com/web/tools/lighthouse/audits/http2).","rawValue":false,"extendedInfo":{"value":{"results":[{"protocol":"http/1.1","url":"http://web/"},{"protocol":"http/1.1","url":"http://web/static/js/manifest.9f020e973ae4037504f6.js"},{"protocol":"http/1.1","url":"http://web/static/js/vendor.d1efda22f11e965a5228.js"},{"protocol":"http/1.1","url":"http://web/static/js/app.310cd52123c59f9f64a5.js"},{"protocol":"http/1.1","url":"http://web/static/css/app.a1bcfeb0daa2a3f727390086fd42ee9d.css"}]}},"name":"uses-http2","description":"Does not use HTTP/2 for all of its resources","scoringMode":"binary","details":{"itemHeaders":[{"itemType":"url","text":"URL","type":"text"},{"itemType":"text","text":"Protocol","type":"text"}],"header":"View Details","type":"table","items":[[{"text":"http://web/","type":"url"},{"text":"http/1.1","type":"text"}],[{"text":"http://web/static/js/manifest.9f020e973ae4037504f6.js","type":"url"},{"text":"http/1.1","type":"text"}],[{"text":"http://web/static/js/vendor.d1efda22f11e965a5228.js","type":"url"},{"text":"http/1.1","type":"text"}],[{"text":"http://web/static/js/app.310cd52123c59f9f64a5.js","type":"url"},{"text":"http/1.1","type":"text"}],[{"text":"http://web/static/css/app.a1bcfeb0daa2a3f727390086fd42ee9d.css","type":"url"},{"text":"http/1.1","type":"text"}]]}},"th-has-data-cells":{"displayValue":"","score":false,"helpText":"Screen readers have features to make navigating tables easier. Ensuring table headers always refer to some set of cells may improve the experience for screen reader users. [Learn more](https://dequeuniversity.com/rules/axe/2.2/th-has-data-cells?application=lighthouse).","rawValue":false,"name":"th-has-data-cells","description":"`<th>` elements and elements with `[role=\"columnheader\"/\"rowheader\"]` do not have data cells they describe.","scoringMode":"binary","informative":true,"notApplicable":true},"tabindex":{"displayValue":"","score":true,"helpText":"A value greater than 0 implies an explicit navigation ordering. Although technically valid, this often creates frustrating experiences for users who rely on assistive technologies. [Learn more](https://dequeuniversity.com/rules/axe/2.2/tabindex?application=lighthouse).","rawValue":true,"extendedInfo":{},"name":"tabindex","description":"No element has a `[tabindex]` value greater than 0","scoringMode":"binary","details":{"header":{"text":"View failing elements","type":"text"},"type":"list","items":[]}},"uses-long-cache-ttl":{"displayValue":"0 assets found","score":100,"helpText":"A long cache lifetime can speed up repeat visits to your page. [Learn more](https://developers.google.com/web/fundamentals/performance/optimizing-content-efficiency/http-caching#cache-control).","rawValue":0,"extendedInfo":{"value":{"queryStringCount":0,"results":[]}},"name":"uses-long-cache-ttl","description":"Uses efficient cache policy on static assets","scoringMode":"numeric","details":{"itemHeaders":[{"itemType":"url","text":"URL","type":"text"},{"itemType":"text","text":"Cache TTL","type":"text"},{"itemType":"text","text":"Size (KB)","type":"text"}],"header":"View Details","type":"table","items":[]}},"without-javascript":{"displayValue":"","score":false,"debugString":"The page body should render some content if its scripts are not available.","helpText":"Your app should display some content when JavaScript is disabled, even if it's just a warning to the user that JavaScript is required to use the app. [Learn more](https://developers.google.com/web/tools/lighthouse/audits/no-js).","rawValue":false,"name":"without-javascript","description":"Does not provide fallback content when JavaScript is not available","scoringMode":"binary"},"uses-responsive-images":{"displayValue":"","score":100,"helpText":"Serve images that are appropriately-sized to save cellular data and improve load time. [Learn more](https://developers.google.com/web/tools/lighthouse/audits/oversized-images).","rawValue":0,"extendedInfo":{"value":{"wastedKb":0,"wastedMs":0,"results":[]}},"name":"uses-responsive-images","description":"Properly size images","scoringMode":"binary","informative":true,"details":{"itemHeaders":[{"itemType":"thumbnail","text":"","type":"text"},{"itemType":"url","text":"URL","type":"text"},{"itemType":"text","text":"Original","type":"text"},{"itemType":"text","text":"Potential Savings","type":"text"}],"header":"View Details","type":"table","items":[]}},"frame-title":{"displayValue":"","score":false,"helpText":"Screen reader users rely on frame titles to describe the contents of frames. [Learn more](https://dequeuniversity.com/rules/axe/2.2/frame-title?application=lighthouse).","rawValue":false,"name":"frame-title","description":"`<frame>` or `<iframe>` elements do not have a title","scoringMode":"binary","informative":true,"notApplicable":true},"link-blocking-first-paint":{"displayValue":"","score":100,"helpText":"External stylesheets are blocking the first paint of your page. Consider delivering critical CSS via `<style>` tags and deferring non-critical styles. [Learn more](https://developers.google.com/web/tools/lighthouse/audits/blocking-resources).","rawValue":0,"extendedInfo":{"value":{"wastedMs":"0 ms","results":[]}},"name":"link-blocking-first-paint","description":"Reduce render-blocking stylesheets","scoringMode":"binary","informative":true,"details":{"itemHeaders":[{"itemType":"url","text":"URL","type":"text"},{"itemType":"text","text":"Size (KB)","type":"text"},{"itemType":"text","text":"Delayed Paint By (ms)","type":"text"}],"header":"View Details","type":"table","items":[]}},"mobile-friendly":{"displayValue":"","score":false,"helpText":"Take the [Mobile-Friendly Test](https://search.google.com/test/mobile-friendly) to check for audits not covered by Lighthouse, like sizing tap targets appropriately. [Learn more](https://developers.google.com/search/mobile-sites/).","rawValue":false,"name":"mobile-friendly","description":"Page is mobile friendly","scoringMode":"binary","informative":true,"manual":true},"script-blocking-first-paint":{"displayValue":"","score":100,"helpText":"Script elements are blocking the first paint of your page. Consider inlining critical scripts and deferring non-critical ones. [Learn more](https://developers.google.com/web/tools/lighthouse/audits/blocking-resources).","rawValue":0,"extendedInfo":{"value":{"wastedMs":"0 ms","results":[]}},"name":"script-blocking-first-paint","description":"Reduce render-blocking scripts","scoringMode":"binary","informative":true,"details":{"itemHeaders":[{"itemType":"url","text":"URL","type":"text"},{"itemType":"text","text":"Size (KB)","type":"text"},{"itemType":"text","text":"Delayed Paint By (ms)","type":"text"}],"header":"View Details","type":"table","items":[]}},"managed-focus":{"displayValue":"","score":false,"helpText":"If new content, such as a dialog, is added to the page, the user's focus is directed to it. [Learn more](https://developers.google.com/web/fundamentals/accessibility/how-to-review#start_with_the_keyboard).","rawValue":false,"name":"managed-focus","description":"The user's focus is directed to new content added to the page","scoringMode":"binary","informative":true,"manual":true},"pwa-cross-browser":{"displayValue":"","score":false,"helpText":"To reach the most number of users, sites should work across every major browser. [Learn more](https://developers.google.com/web/progressive-web-apps/checklist#site-works-cross-browser).","rawValue":false,"name":"pwa-cross-browser","description":"Site works cross-browser","scoringMode":"binary","informative":true,"manual":true},"time-to-first-byte":{"displayValue":"","score":null,"debugString":"Audit error: Cannot read property '_timing' of undefined","helpText":"Time To First Byte identifies the time at which your server sends a response. [Learn more](https://developers.google.com/web/tools/chrome-devtools/network-performance/issues).","rawValue":null,"name":"time-to-first-byte","description":"Keep server response times low (TTFB)","scoringMode":"binary","informative":true,"error":true},"video-description":{"displayValue":"","score":false,"helpText":"Audio descriptions provide relevant information for videos that dialogue cannot, such as facial expressions and scenes. [Learn more](https://dequeuniversity.com/rules/axe/2.2/video-description?application=lighthouse).","rawValue":false,"name":"video-description","description":"`<video>` elements do not contain a `<track>` element with `[kind=\"description\"]`.","scoringMode":"binary","informative":true,"notApplicable":true},"document-title":{"displayValue":"","score":true,"helpText":"The title gives screen reader users an overview of the page, and search engine users rely on it heavily to determine if a page is relevant to their search. [Learn more](https://developers.google.com/web/tools/lighthouse/audits/title).","rawValue":true,"extendedInfo":{},"name":"document-title","description":"Document has a `<title>` element","scoringMode":"binary","details":{"header":{"text":"View failing elements","type":"text"},"type":"list","items":[]}},"external-anchors-use-rel-noopener":{"displayValue":"","score":true,"helpText":"Open new tabs using `rel=\"noopener\"` to improve performance and prevent security vulnerabilities. [Learn more](https://developers.google.com/web/tools/lighthouse/audits/noopener).","rawValue":true,"extendedInfo":{"value":[]},"name":"external-anchors-use-rel-noopener","description":"Opens external anchors using `rel=\"noopener\"`","scoringMode":"binary","details":{"itemHeaders":[{"itemType":"url","text":"URL","type":"text"},{"itemType":"text","text":"Target","type":"text"},{"itemType":"text","text":"Rel","type":"text"}],"header":"View Details","type":"table","items":[]}},"total-byte-weight":{"displayValue":"Total size was 400 KB","score":100,"helpText":"Large network payloads cost users real money and are highly correlated with long load times. [Learn more](https://developers.google.com/web/tools/lighthouse/audits/network-payloads).","rawValue":409855,"extendedInfo":{"value":{"totalCompletedRequests":11,"results":[{"totalKb":"227 KB","totalMs":"1,240 ms","totalBytes":232785,"url":"http://web/static/js/vendor.d1efda22f11e965a5228.js"},{"totalKb":"48 KB","totalMs":"260 ms","totalBytes":49163,"url":"https://fonts.gstatic.com/s/materialicons/v37/flUhRq6tzZclQEJ-Vdg-IuiaDsNc.woff2"},{"totalKb":"46 KB","totalMs":"250 ms","totalBytes":47366,"url":"https://cdnjs.cloudflare.com/ajax/libs/Chart.js/2.7.1/Chart.min.js"},{"totalKb":"32 KB","totalMs":"170 ms","totalBytes":32261,"url":"http://web/static/css/app.a1bcfeb0daa2a3f727390086fd42ee9d.css"},{"totalKb":"15 KB","totalMs":"80 ms","totalBytes":15817,"url":"https://fonts.gstatic.com/s/roboto/v18/KFOlCnqEu92Fr1MmEU9fBBc4.woff2"},{"totalKb":"15 KB","totalMs":"80 ms","totalBytes":15461,"url":"https://fonts.gstatic.com/s/roboto/v18/KFOmCnqEu92Fr1Mu4mxK.woff2"},{"totalKb":"12 KB","totalMs":"70 ms","totalBytes":12691,"url":"http://web/static/js/app.310cd52123c59f9f64a5.js"},{"totalKb":"1 KB","totalMs":"10 ms","totalBytes":1524,"url":"https://unpkg.com/vue-chartjs@3.3.2/dist/vue-chartjs.min.js"},{"totalKb":"1 KB","totalMs":"10 ms","totalBytes":1211,"url":"http://web/"},{"totalKb":"1 KB","totalMs":"10 ms","totalBytes":1171,"url":"http://web/static/js/manifest.9f020e973ae4037504f6.js"}]}},"name":"total-byte-weight","description":"Avoids enormous network payloads","scoringMode":"numeric","details":{"itemHeaders":[{"itemType":"url","text":"URL","type":"text"},{"itemType":"text","text":"Total Size","type":"text"},{"itemType":"text","text":"Transfer Time","type":"text"}],"header":"View Details","type":"table","items":[[{"text":"http://web/static/js/vendor.d1efda22f11e965a5228.js","type":"url"},{"text":"227 KB","type":"text"},{"text":"1,240 ms","type":"text"}],[{"text":"https://fonts.gstatic.com/s/materialicons/v37/flUhRq6tzZclQEJ-Vdg-IuiaDsNc.woff2","type":"url"},{"text":"48 KB","type":"text"},{"text":"260 ms","type":"text"}],[{"text":"https://cdnjs.cloudflare.com/ajax/libs/Chart.js/2.7.1/Chart.min.js","type":"url"},{"text":"46 KB","type":"text"},{"text":"250 ms","type":"text"}],[{"text":"http://web/static/css/app.a1bcfeb0daa2a3f727390086fd42ee9d.css","type":"url"},{"text":"32 KB","type":"text"},{"text":"170 ms","type":"text"}],[{"text":"https://fonts.gstatic.com/s/roboto/v18/KFOlCnqEu92Fr1MmEU9fBBc4.woff2","type":"url"},{"text":"15 KB","type":"text"},{"text":"80 ms","type":"text"}],[{"text":"https://fonts.gstatic.com/s/roboto/v18/KFOmCnqEu92Fr1Mu4mxK.woff2","type":"url"},{"text":"15 KB","type":"text"},{"text":"80 ms","type":"text"}],[{"text":"http://web/static/js/app.310cd52123c59f9f64a5.js","type":"url"},{"text":"12 KB","type":"text"},{"text":"70 ms","type":"text"}],[{"text":"https://unpkg.com/vue-chartjs@3.3.2/dist/vue-chartjs.min.js","type":"url"},{"text":"1 KB","type":"text"},{"text":"10 ms","type":"text"}],[{"text":"http://web/","type":"url"},{"text":"1 KB","type":"text"},{"text":"10 ms","type":"text"}],[{"text":"http://web/static/js/manifest.9f020e973ae4037504f6.js","type":"url"},{"text":"1 KB","type":"text"},{"text":"10 ms","type":"text"}]]}},"logical-tab-order":{"displayValue":"","score":false,"helpText":"Tabbing through the page follows the visual layout. Users cannot focus elements that are offscreen. [Learn more](https://developers.google.com/web/fundamentals/accessibility/how-to-review#start_with_the_keyboard).","rawValue":false,"name":"logical-tab-order","description":"The page has a logical tab order","scoringMode":"binary","informative":true,"manual":true},"meta-refresh":{"displayValue":"","score":false,"helpText":"Users do not expect a page to refresh automatically, and doing so will move focus back to the top of the page. This may create a frustrating or confusing experience. [Learn more](https://dequeuniversity.com/rules/axe/2.2/meta-refresh?application=lighthouse).","rawValue":false,"name":"meta-refresh","description":"The document uses `<meta http-equiv=\"refresh\">`","scoringMode":"binary","informative":true,"notApplicable":true},"deprecations":{"displayValue":"","score":true,"helpText":"Deprecated APIs will eventually be removed from the browser. [Learn more](https://www.chromestatus.com/features#deprecated).","rawValue":true,"extendedInfo":{"value":[]},"name":"deprecations","description":"Avoids deprecated APIs","scoringMode":"binary","details":{"itemHeaders":[{"itemType":"code","text":"Deprecation / Warning","type":"text"},{"itemType":"url","text":"URL","type":"text"},{"itemType":"text","text":"Line","type":"text"}],"header":"View Details","type":"table","items":[]}},"network-requests":{"displayValue":"11","score":100,"helpText":"Lists the network requests that were made during page load.","rawValue":11,"extendedInfo":{"value":[{"transferSize":1211,"startTime":0,"endTime":638.9249991625547,"mimeType":"text/html","url":"http://web/","statusCode":200,"resourceType":"document"},{"transferSize":1171,"startTime":755.621999502182,"endTime":1328.4680005162954,"mimeType":"application/javascript","url":"http://web/static/js/manifest.9f020e973ae4037504f6.js","statusCode":200,"resourceType":"script"},{"transferSize":232785,"startTime":755.7720001786947,"endTime":2917.8979992866516,"mimeType":"application/javascript","url":"http://web/static/js/vendor.d1efda22f11e965a5228.js","statusCode":200,"resourceType":"script"},{"transferSize":12691,"startTime":755.9009995311499,"endTime":1470.6410001963377,"mimeType":"application/javascript","url":"http://web/static/js/app.310cd52123c59f9f64a5.js","statusCode":200,"resourceType":"script"},{"transferSize":47366,"startTime":790.370000526309,"endTime":2162.829000502825,"mimeType":"application/javascript","url":"https://cdnjs.cloudflare.com/ajax/libs/Chart.js/2.7.1/Chart.min.js","statusCode":200,"resourceType":"script"},{"transferSize":405,"startTime":790.8159997314215,"endTime":1663.72200101614,"mimeType":"text/plain","url":"https://unpkg.com/vue-chartjs/dist/vue-chartjs.min.js","statusCode":302},{"transferSize":1524,"startTime":1664.8290008306503,"endTime":2258.2770008593798,"mimeType":"application/javascript","url":"https://unpkg.com/vue-chartjs@3.3.2/dist/vue-chartjs.min.js","statusCode":200,"resourceType":"script"},{"transferSize":32261,"startTime":4527.456000447273,"endTime":5278.87500077486,"mimeType":"text/css","url":"http://web/static/css/app.a1bcfeb0daa2a3f727390086fd42ee9d.css","statusCode":200,"resourceType":"stylesheet"},{"transferSize":15461,"startTime":5458.613000810146,"endTime":6342.342000454664,"mimeType":"font/woff2","url":"https://fonts.gstatic.com/s/roboto/v18/KFOmCnqEu92Fr1Mu4mxK.woff2","statusCode":200,"resourceType":"font"},{"transferSize":49163,"startTime":5458.761001005769,"endTime":6524.431999772787,"mimeType":"font/woff2","url":"https://fonts.gstatic.com/s/materialicons/v37/flUhRq6tzZclQEJ-Vdg-IuiaDsNc.woff2","statusCode":200,"resourceType":"font"},{"transferSize":15817,"startTime":5458.878999575973,"endTime":6334.002999588847,"mimeType":"font/woff2","url":"https://fonts.gstatic.com/s/roboto/v18/KFOlCnqEu92Fr1MmEU9fBBc4.woff2","statusCode":200,"resourceType":"font"}]},"name":"network-requests","description":"Network Requests","scoringMode":"binary","informative":true,"details":{"itemHeaders":[{"itemType":"url","text":"URL","type":"text"},{"itemType":"ms","text":"Start Time","type":"text"},{"itemType":"ms","text":"End Time","type":"text"},{"itemType":"bytes","text":"Transfer Size","type":"text"},{"itemType":"text","text":"Status Code","type":"text"},{"itemType":"text","text":"MIME Type","type":"text"},{"itemType":"text","text":"Resource Type","type":"text"}],"header":"View Details","type":"table","items":[[{"text":"http://web/","type":"url"},{"text":0,"type":"ms"},{"text":638.9249991625547,"type":"ms"},{"text":1211,"type":"bytes"},{"text":200,"type":"text"},{"text":"text/html","type":"text"},{"text":"document","type":"text"}],[{"text":"http://web/static/js/manifest.9f020e973ae4037504f6.js","type":"url"},{"text":755.621999502182,"type":"ms"},{"text":1328.4680005162954,"type":"ms"},{"text":1171,"type":"bytes"},{"text":200,"type":"text"},{"text":"application/javascript","type":"text"},{"text":"script","type":"text"}],[{"text":"http://web/static/js/vendor.d1efda22f11e965a5228.js","type":"url"},{"text":755.7720001786947,"type":"ms"},{"text":2917.8979992866516,"type":"ms"},{"text":232785,"type":"bytes"},{"text":200,"type":"text"},{"text":"application/javascript","type":"text"},{"text":"script","type":"text"}],[{"text":"http://web/static/js/app.310cd52123c59f9f64a5.js","type":"url"},{"text":755.9009995311499,"type":"ms"},{"text":1470.6410001963377,"type":"ms"},{"text":12691,"type":"bytes"},{"text":200,"type":"text"},{"text":"application/javascript","type":"text"},{"text":"script","type":"text"}],[{"text":"https://cdnjs.cloudflare.com/ajax/libs/Chart.js/2.7.1/Chart.min.js","type":"url"},{"text":790.370000526309,"type":"ms"},{"text":2162.829000502825,"type":"ms"},{"text":47366,"type":"bytes"},{"text":200,"type":"text"},{"text":"application/javascript","type":"text"},{"text":"script","type":"text"}],[{"text":"https://unpkg.com/vue-chartjs/dist/vue-chartjs.min.js","type":"url"},{"text":790.8159997314215,"type":"ms"},{"text":1663.72200101614,"type":"ms"},{"text":405,"type":"bytes"},{"text":302,"type":"text"},{"text":"text/plain","type":"text"},{"type":"text"}],[{"text":"https://unpkg.com/vue-chartjs@3.3.2/dist/vue-chartjs.min.js","type":"url"},{"text":1664.8290008306503,"type":"ms"},{"text":2258.2770008593798,"type":"ms"},{"text":1524,"type":"bytes"},{"text":200,"type":"text"},{"text":"application/javascript","type":"text"},{"text":"script","type":"text"}],[{"text":"http://web/static/css/app.a1bcfeb0daa2a3f727390086fd42ee9d.css","type":"url"},{"text":4527.456000447273,"type":"ms"},{"text":5278.87500077486,"type":"ms"},{"text":32261,"type":"bytes"},{"text":200,"type":"text"},{"text":"text/css","type":"text"},{"text":"stylesheet","type":"text"}],[{"text":"https://fonts.gstatic.com/s/roboto/v18/KFOmCnqEu92Fr1Mu4mxK.woff2","type":"url"},{"text":5458.613000810146,"type":"ms"},{"text":6342.342000454664,"type":"ms"},{"text":15461,"type":"bytes"},{"text":200,"type":"text"},{"text":"font/woff2","type":"text"},{"text":"font","type":"text"}],[{"text":"https://fonts.gstatic.com/s/materialicons/v37/flUhRq6tzZclQEJ-Vdg-IuiaDsNc.woff2","type":"url"},{"text":5458.761001005769,"type":"ms"},{"text":6524.431999772787,"type":"ms"},{"text":49163,"type":"bytes"},{"text":200,"type":"text"},{"text":"font/woff2","type":"text"},{"text":"font","type":"text"}],[{"text":"https://fonts.gstatic.com/s/roboto/v18/KFOlCnqEu92Fr1MmEU9fBBc4.woff2","type":"url"},{"text":5458.878999575973,"type":"ms"},{"text":6334.002999588847,"type":"ms"},{"text":15817,"type":"bytes"},{"text":200,"type":"text"},{"text":"font/woff2","type":"text"},{"text":"font","type":"text"}]]}},"link-text":{"displayValue":"","score":true,"helpText":"Descriptive link text helps search engines understand your content. [Learn more](https://developers.google.com/web/tools/lighthouse/audits/descriptive-link-text).","rawValue":true,"name":"link-text","description":"Links have descriptive text","scoringMode":"binary","details":{"itemHeaders":[{"itemType":"url","text":"Link destination","type":"text"},{"itemType":"text","text":"Link Text","type":"text"}],"header":"View Details","type":"table","items":[]}},"uses-rel-preload":{"displayValue":"","score":null,"debugString":"Audit error: Unable to identify the main resource","helpText":"Consider using <link rel=preload> to prioritize fetching late-discovered resources sooner [Learn more](https://developers.google.com/web/updates/2016/03/link-rel-preload).","rawValue":null,"name":"uses-rel-preload","description":"Preload key requests","scoringMode":"numeric","informative":true,"error":true},"dlitem":{"displayValue":"","score":false,"helpText":"Definition list items (`<dt>` and `<dd>`) must be wrapped in a parent `<dl>` element to ensure that screen readers can properly announce them. [Learn more](https://dequeuniversity.com/rules/axe/2.2/dlitem?application=lighthouse).","rawValue":false,"name":"dlitem","description":"Definition list items are not wrapped in `<dl>` elements","scoringMode":"binary","informative":true,"notApplicable":true},"uses-optimized-images":{"displayValue":"","score":100,"helpText":"Optimized images load faster and consume less cellular data. [Learn more](https://developers.google.com/web/tools/lighthouse/audits/optimize-images).","rawValue":0,"extendedInfo":{"value":{"wastedKb":0,"wastedMs":0,"results":[]}},"name":"uses-optimized-images","description":"Optimize images","scoringMode":"binary","informative":true,"details":{"itemHeaders":[{"itemType":"thumbnail","text":"","type":"text"},{"itemType":"url","text":"URL","type":"text"},{"itemType":"text","text":"Original","type":"text"},{"itemType":"text","text":"Potential Savings","type":"text"}],"header":"View Details","type":"table","items":[]}},"errors-in-console":{"displayValue":"","score":true,"helpText":"Errors logged to the console indicate unresolved problems. They can come from network request failures and other browser concerns.","rawValue":0,"name":"errors-in-console","description":"No browser errors logged to the console","scoringMode":"binary","details":{"itemHeaders":[{"itemType":"url","text":"URL","type":"text"},{"itemType":"code","text":"Description","type":"text"}],"header":"View Details","type":"table","items":[]}},"video-caption":{"displayValue":"","score":false,"helpText":"When a video provides a caption it is easier for deaf and hearing impaired users to access its information. [Learn more](https://dequeuniversity.com/rules/axe/2.2/video-caption?application=lighthouse).","rawValue":false,"name":"video-caption","description":"`<video>` elements do not contain a `<track>` element with `[kind=\"captions\"]`.","scoringMode":"binary","informative":true,"notApplicable":true},"td-headers-attr":{"displayValue":"","score":false,"helpText":"Screen readers have features to make navigating tables easier. Ensuring `<td>` cells using the `[headers]` attribute only refer to other cells in the same table may improve the experience for screen reader users. [Learn more](https://dequeuniversity.com/rules/axe/2.2/td-headers-attr?application=lighthouse).","rawValue":false,"name":"td-headers-attr","description":"Cells in a `<table>` element that use the `[headers]` attribute refers to other cells of that same table.","scoringMode":"binary","informative":true,"notApplicable":true},"offscreen-content-hidden":{"displayValue":"","score":false,"helpText":"Offscreen content is hidden with display: none or aria-hidden=true. [Learn more](https://developers.google.com/web/fundamentals/accessibility/how-to-review#try_it_with_a_screen_reader).","rawValue":false,"name":"offscreen-content-hidden","description":"Offscreen content is hidden from assistive technology","scoringMode":"binary","informative":true,"manual":true},"no-document-write":{"displayValue":"","score":true,"helpText":"For users on slow connections, external scripts dynamically injected via `document.write()` can delay page load by tens of seconds. [Learn more](https://developers.google.com/web/tools/lighthouse/audits/document-write).","rawValue":true,"extendedInfo":{"value":[]},"name":"no-document-write","description":"Avoids `document.write()`","scoringMode":"binary","details":{"itemHeaders":[{"itemType":"url","text":"URL","type":"text"},{"itemType":"text","text":"Location","type":"text"}],"header":"View Details","type":"table","items":[]}},"aria-valid-attr-value":{"displayValue":"","score":true,"helpText":"Assistive technologies, like screen readers, can't interpret ARIA attributes with invalid values. [Learn more](https://dequeuniversity.com/rules/axe/2.2/aria-valid-attr-value?application=lighthouse).","rawValue":true,"extendedInfo":{},"name":"aria-valid-attr-value","description":"`[aria-*]` attributes have valid values","scoringMode":"binary","details":{"header":{"text":"View failing elements","type":"text"},"type":"list","items":[]}},"pwa-each-page-has-url":{"displayValue":"","score":false,"helpText":"Ensure individual pages are deep linkable via the URLs and that URLs are unique for the purpose of shareability on social media. [Learn more](https://developers.google.com/web/progressive-web-apps/checklist#each-page-has-a-url).","rawValue":false,"name":"pwa-each-page-has-url","description":"Each page has a URL","scoringMode":"binary","informative":true,"manual":true},"custom-controls-roles":{"displayValue":"","score":false,"helpText":"Custom interactive controls have appropriate ARIA roles. [Learn more](https://developers.google.com/web/fundamentals/accessibility/how-to-review#try_it_with_a_screen_reader).","rawValue":false,"name":"custom-controls-roles","description":"Custom controls have ARIA roles","scoringMode":"binary","informative":true,"manual":true},"meta-description":{"displayValue":"","score":false,"helpText":"Meta descriptions may be included in search results to concisely summarize page content. [Learn more](https://developers.google.com/web/tools/lighthouse/audits/description).","rawValue":false,"name":"meta-description","description":"Document does not have a meta description","scoringMode":"binary"},"duplicate-id":{"displayValue":"","score":true,"helpText":"The value of an id attribute must be unique to prevent other instances from being overlooked by assistive technologies. [Learn more](https://dequeuniversity.com/rules/axe/2.2/duplicate-id?application=lighthouse).","rawValue":true,"extendedInfo":{},"name":"duplicate-id","description":"`[id]` attributes on the page are unique","scoringMode":"binary","details":{"header":{"text":"View failing elements","type":"text"},"type":"list","items":[]}},"focusable-controls":{"displayValue":"","score":false,"helpText":"Custom interactive controls are keyboard focusable and display a focus indicator. [Learn more](https://developers.google.com/web/fundamentals/accessibility/how-to-review#start_with_the_keyboard).","rawValue":false,"name":"focusable-controls","description":"Interactive controls are keyboard focusable","scoringMode":"binary","informative":true,"manual":true},"heading-levels":{"displayValue":"","score":false,"helpText":"Headings are used to create an outline for the page and heading levels are not skipped. [Learn more](https://developers.google.com/web/fundamentals/accessibility/how-to-review#take_advantage_of_headings_and_landmarks).","rawValue":false,"name":"heading-levels","description":"Headings don't skip levels","scoringMode":"binary","informative":true,"manual":true},"uses-request-compression":{"displayValue":"","score":100,"helpText":"Text-based responses should be served with compression (gzip, deflate or brotli) to minimize total network bytes. [Learn more](https://developers.google.com/web/fundamentals/performance/optimizing-content-efficiency/optimize-encoding-and-transfer).","rawValue":0,"extendedInfo":{"value":{"wastedKb":0,"wastedMs":0,"results":[]}},"name":"uses-request-compression","description":"Enable text compression","scoringMode":"binary","informative":true,"details":{"itemHeaders":[{"itemType":"url","text":"Uncompressed resource URL","type":"text"},{"itemType":"text","text":"Original","type":"text"},{"itemType":"text","text":"GZIP Savings","type":"text"}],"header":"View Details","type":"table","items":[]}},"appcache-manifest":{"displayValue":"","score":true,"debugString":"","helpText":"Application Cache is deprecated. [Learn more](https://developers.google.com/web/tools/lighthouse/audits/appcache).","rawValue":true,"name":"appcache-manifest","description":"Avoids Application Cache","scoringMode":"binary"},"themed-omnibox":{"displayValue":"","score":false,"debugString":"Failures: No manifest was fetched, No `<meta name=\"theme-color\">` tag found.","helpText":"The browser address bar can be themed to match your site. [Learn more](https://developers.google.com/web/tools/lighthouse/audits/address-bar).","rawValue":false,"extendedInfo":{"value":{"failures":["No manifest was fetched","No `<meta name=\"theme-color\">` tag found"],"themeColor":null,"manifestValues":{"parseFailureReason":"No manifest was fetched","allChecks":[],"isParseFailure":true}}},"name":"themed-omnibox","description":"Address bar does not match brand colors","scoringMode":"binary"},"color-contrast":{"displayValue":"","score":true,"helpText":"Low-contrast text is difficult or impossible for many users to read. [Learn more](https://dequeuniversity.com/rules/axe/2.2/color-contrast?application=lighthouse).","rawValue":true,"extendedInfo":{},"name":"color-contrast","description":"Background and foreground colors have a sufficient contrast ratio","scoringMode":"binary","details":{"header":{"text":"View failing elements","type":"text"},"type":"list","items":[]}},"listitem":{"displayValue":"","score":false,"helpText":"Screen readers require list items (`<li>`) to be contained within a parent `<ul>` or `<ol>` to be announced properly. [Learn more](https://dequeuniversity.com/rules/axe/2.2/listitem?application=lighthouse).","rawValue":false,"name":"listitem","description":"List items (`<li>`) are not contained within `<ul>` or `<ol>` parent elements.","scoringMode":"binary","informative":true,"notApplicable":true},"no-mutation-events":{"displayValue":"","score":true,"helpText":"Mutation Events are deprecated and harm performance. Consider using Mutation Observers instead. [Learn more](https://developers.google.com/web/tools/lighthouse/audits/mutation-events).","rawValue":true,"extendedInfo":{"value":{"results":[]}},"name":"no-mutation-events","description":"Avoids Mutation Events in its own scripts","scoringMode":"binary","details":{"itemHeaders":[{"itemType":"url","text":"URL","type":"text"},{"itemType":"code","text":"Event","type":"text"},{"itemType":"text","text":"Line","type":"text"},{"itemType":"text","text":"Col","type":"text"},{"itemType":"code","text":"Snippet","type":"text"}],"header":"View Details","type":"table","items":[]}},"audio-caption":{"displayValue":"","score":false,"helpText":"Captions make audio elements usable for deaf or hearing-impaired users, providing critical information such as who is talking, what they're saying, and other non-speech information. [Learn more](https://dequeuniversity.com/rules/axe/2.2/audio-caption?application=lighthouse).","rawValue":false,"name":"audio-caption","description":"`<audio>` elements are missing a `<track>` element with `[kind=\"captions\"]`.","scoringMode":"binary","informative":true,"notApplicable":true},"first-meaningful-paint":{"displayValue":"4,520 ms","score":40,"helpText":"First meaningful paint measures when the primary content of a page is visible. [Learn more](https://developers.google.com/web/tools/lighthouse/audits/first-meaningful-paint).","rawValue":4521.8,"extendedInfo":{"value":{"timestamps":{"fCP":8650057715484,"endOfTrace":8650064967436,"fMP":8650057715493,"onLoad":8650058566647,"navStart":8650053193698},"fmpFellBack":false,"timings":{"fCP":4521.786,"endOfTrace":11773.738,"fMP":4521.795,"onLoad":5372.949,"navStart":0}}},"name":"first-meaningful-paint","description":"First meaningful paint","scoringMode":"numeric"},"focus-traps":{"displayValue":"","score":false,"helpText":"A user can tab into and out of any control or region without accidentally trapping their focus. [Learn more](https://developers.google.com/web/fundamentals/accessibility/how-to-review#start_with_the_keyboard).","rawValue":false,"name":"focus-traps","description":"User focus is not accidentally trapped in a region","scoringMode":"binary","informative":true,"manual":true},"aria-allowed-attr":{"displayValue":"","score":true,"helpText":"Each ARIA `role` supports a specific subset of `aria-*` attributes. Mismatching these invalidates the `aria-*` attributes. [Learn more](https://dequeuniversity.com/rules/axe/2.2/aria-allowed-attr?application=lighthouse).","rawValue":true,"extendedInfo":{},"name":"aria-allowed-attr","description":"`[aria-*]` attributes match their roles","scoringMode":"binary","details":{"header":{"text":"View failing elements","type":"text"},"type":"list","items":[]}},"geolocation-on-start":{"displayValue":"","score":true,"helpText":"Users are mistrustful of or confused by sites that request their location without context. Consider tying the request to user gestures instead. [Learn more](https://developers.google.com/web/tools/lighthouse/audits/geolocation-on-load).","rawValue":true,"extendedInfo":{"value":[]},"name":"geolocation-on-start","description":"Avoids requesting the geolocation permission on page load","scoringMode":"binary","details":{"itemHeaders":[{"itemType":"url","text":"URL","type":"text"},{"itemType":"text","text":"Location","type":"text"}],"header":"View Details","type":"table","items":[]}},"image-aspect-ratio":{"displayValue":"","score":true,"helpText":"Image display dimensions should match natural aspect ratio.","rawValue":true,"name":"image-aspect-ratio","description":"Displays images with correct aspect ratio","scoringMode":"binary","details":{"itemHeaders":[{"itemType":"thumbnail","text":"","type":"text"},{"itemType":"url","text":"URL","type":"text"},{"itemType":"text","text":"Aspect Ratio (Displayed)","type":"text"},{"itemType":"text","text":"Aspect Ratio (Actual)","type":"text"}],"header":"View Details","type":"table","items":[]}},"valid-lang":{"displayValue":"","score":false,"helpText":"Specifying a valid [BCP 47 language](https://www.w3.org/International/questions/qa-choosing-language-tags#question) on elements helps ensure that text is pronounced correctly by a screen reader. [Learn more](https://dequeuniversity.com/rules/axe/2.2/valid-lang?application=lighthouse).","rawValue":false,"name":"valid-lang","description":"`[lang]` attributes do not have a valid value","scoringMode":"binary","informative":true,"notApplicable":true},"html-has-lang":{"displayValue":"","score":false,"helpText":"If a page doesn't specify a lang attribute, a screen reader assumes that the page is in the default language that the user chose when setting up the screen reader. If the page isn't actually in the default language, then the screen reader might not announce the page's text correctly. [Learn more](https://dequeuniversity.com/rules/axe/2.2/html-lang?application=lighthouse).","rawValue":false,"extendedInfo":{"value":{"help":"<html> element must have a lang attribute","nodes":[{"failureSummary":"Fix any of the following:\n  The <html> element does not have a lang attribute","snippet":"<html>","path":"1,HTML","impact":"serious","html":"<html>","target":["html"]}],"impact":"serious","description":"Ensures every HTML document has a lang attribute","helpUrl":"https://dequeuniversity.com/rules/axe/3.0/html-has-lang?application=axeAPI","id":"html-has-lang","tags":["cat.language","wcag2a","wcag311"]}},"name":"html-has-lang","description":"`<html>` element does not have a `[lang]` attribute","scoringMode":"binary","details":{"header":{"text":"View failing elements","type":"text"},"type":"list","items":[{"snippet":"<html>","path":"1,HTML","selector":"html","type":"node"}]}},"unminified-javascript":{"displayValue":"","score":100,"helpText":"Minifying JavaScript files can reduce payload sizes and script parse time. [Learn more](https://developers.google.com/speed/docs/insights/MinifyResources).","rawValue":0,"extendedInfo":{"value":{"wastedKb":0,"wastedMs":0,"results":[]}},"name":"unminified-javascript","description":"Minify JavaScript","scoringMode":"binary","informative":true,"details":{"itemHeaders":[{"itemType":"url","text":"URL","type":"text"},{"itemType":"text","text":"Original","type":"text"},{"itemType":"text","text":"Potential Savings","type":"text"}],"header":"View Details","type":"table","items":[]}},"object-alt":{"displayValue":"","score":false,"helpText":"Screen readers cannot translate non-text content. Adding alt text to `<object>` elements helps screen readers convey meaning to users. [Learn more](https://dequeuniversity.com/rules/axe/2.2/object-alt?application=lighthouse).","rawValue":false,"name":"object-alt","description":"`<object>` elements do not have `[alt]` text","scoringMode":"binary","informative":true,"notApplicable":true},"accesskeys":{"displayValue":"","score":false,"helpText":"Access keys let users quickly focus a part of the page. For proper navigation, each access key must be unique. [Learn more](https://dequeuniversity.com/rules/axe/2.2/accesskeys?application=lighthouse).","rawValue":false,"name":"accesskeys","description":"`[accesskey]` values are not unique","scoringMode":"binary","informative":true,"notApplicable":true},"image-alt":{"displayValue":"","score":false,"helpText":"Informative elements should aim for short, descriptive alternate text. Decorative elements can be ignored with an empty alt attribute.[Learn more](https://dequeuniversity.com/rules/axe/2.2/image-alt?application=lighthouse).","rawValue":false,"name":"image-alt","description":"Image elements do not have `[alt]` attributes","scoringMode":"binary","informative":true,"notApplicable":true},"notification-on-start":{"displayValue":"","score":true,"helpText":"Users are mistrustful of or confused by sites that request to send notifications without context. Consider tying the request to user gestures instead. [Learn more](https://developers.google.com/web/tools/lighthouse/audits/notifications-on-load).","rawValue":true,"extendedInfo":{"value":[]},"name":"notification-on-start","description":"Avoids requesting the notification permission on page load","scoringMode":"binary","details":{"itemHeaders":[{"itemType":"url","text":"URL","type":"text"},{"itemType":"text","text":"Location","type":"text"}],"header":"View Details","type":"table","items":[]}},"unused-css-rules":{"displayValue":"Potential savings of 35 KB (~190 ms)","score":90,"helpText":"Remove unused rules from stylesheets to reduce unnecessary bytes consumed by network activity. [Learn more](https://developers.google.com/speed/docs/insights/OptimizeCSSDelivery)","rawValue":190,"extendedInfo":{"value":{"wastedKb":35,"wastedMs":190,"results":[{"wastedKb":"29 KB","totalKb":"32 KB","wastedMs":"160 ms","totalMs":"170 ms","potentialSavings":"29 KB (93%)","totalBytes":32261,"wastedPercent":92.80281987684556,"wastedBytes":29939,"url":"http://web/static/css/app.a1bcfeb0daa2a3f727390086fd42ee9d.css"},{"wastedKb":"5 KB","totalKb":"6 KB","wastedMs":"30 ms","totalMs":"30 ms","potentialSavings":"5 KB (98%)","totalBytes":5722,"wastedPercent":98.2698357217756,"wastedBytes":5623,"url":{"text":"a { color: #1976d2; } ...","type":"code"}}]}},"name":"unused-css-rules","description":"Unused CSS rules","scoringMode":"binary","informative":true,"details":{"itemHeaders":[{"itemType":"url","text":"URL","type":"text"},{"itemType":"text","text":"Original","type":"text"},{"itemType":"text","text":"Potential Savings","type":"text"}],"header":"View Details","type":"table","items":[[{"text":"http://web/static/css/app.a1bcfeb0daa2a3f727390086fd42ee9d.css","type":"url"},{"text":"32 KB","type":"text"},{"text":"29 KB (93%)","type":"text"}],[{"text":"a { color: #1976d2; } ...","type":"code"},{"text":"6 KB","type":"text"},{"text":"5 KB (98%)","type":"text"}]]}},"structured-data":{"displayValue":"","score":false,"helpText":"Run the [Structured Data Testing Tool](https://search.google.com/structured-data/testing-tool/) and the [Structured Data Linter](http://linter.structured-data.org/) to validate structured data. [Learn more](https://developers.google.com/search/docs/guides/mark-up-content).","rawValue":false,"name":"structured-data","description":"Structured data is valid","scoringMode":"binary","informative":true,"manual":true},"content-width":{"displayValue":"","score":true,"debugString":"","helpText":"If the width of your app's content doesn't match the width of the viewport, your app might not be optimized for mobile screens. [Learn more](https://developers.google.com/web/tools/lighthouse/audits/content-sized-correctly-for-viewport).","rawValue":true,"name":"content-width","description":"Content is sized correctly for the viewport","scoringMode":"binary"},"mainthread-work-breakdown":{"displayValue":"2,800 ms","score":true,"helpText":"Consider reducing the time spent parsing, compiling and executing JS.You may find delivering smaller JS payloads helps with this.","rawValue":2799.5130100250244,"extendedInfo":{"value":{"Update Layer Tree":108.97500228881836,"Layout":432.32500076293945,"Recalculate Style":503.69400215148926,"Evaluate Script":1296.8040027618408,"Animation Frame Fired":8.261001586914062,"Minor GC":82.69900131225586,"Run Microtasks":63.02199935913086,"Parse HTML":62.446001052856445,"Paint":41.383995056152344,"Compile Script":44.90999984741211,"Composite Layers":77.99400329589844,"Parse Stylesheet":76.9990005493164}},"name":"mainthread-work-breakdown","description":"Main thread work breakdown","scoringMode":"binary","informative":true,"details":{"itemHeaders":[{"itemType":"text","text":"Category","type":"text"},{"itemType":"text","text":"Work","type":"text"},{"itemType":"text","text":"Time spent","type":"text"}],"header":"View Details","type":"table","items":[[{"text":"Script Evaluation","type":"text"},{"text":"Evaluate Script","type":"text"},{"text":"1,297 ms","type":"text"}],[{"text":"Script Evaluation","type":"text"},{"text":"Run Microtasks","type":"text"},{"text":"63 ms","type":"text"}],[{"text":"Script Evaluation","type":"text"},{"text":"Animation Frame Fired","type":"text"},{"text":"8 ms","type":"text"}],[{"text":"Style & Layout","type":"text"},{"text":"Recalculate Style","type":"text"},{"text":"504 ms","type":"text"}],[{"text":"Style & Layout","type":"text"},{"text":"Layout","type":"text"},{"text":"432 ms","type":"text"}],[{"text":"Compositing","type":"text"},{"text":"Update Layer Tree","type":"text"},{"text":"109 ms","type":"text"}],[{"text":"Compositing","type":"text"},{"text":"Composite Layers","type":"text"},{"text":"78 ms","type":"text"}],[{"text":"Parsing HTML & CSS","type":"text"},{"text":"Parse Stylesheet","type":"text"},{"text":"77 ms","type":"text"}],[{"text":"Parsing HTML & CSS","type":"text"},{"text":"Parse HTML","type":"text"},{"text":"62 ms","type":"text"}],[{"text":"Garbage collection","type":"text"},{"text":"Minor GC","type":"text"},{"text":"83 ms","type":"text"}],[{"text":"Script Parsing & Compile","type":"text"},{"text":"Compile Script","type":"text"},{"text":"45 ms","type":"text"}],[{"text":"Paint","type":"text"},{"text":"Paint","type":"text"},{"text":"41 ms","type":"text"}]]}},"canonical":{"displayValue":"","score":null,"debugString":"Audit error: Unable to identify the main resource","helpText":"Canonical links suggest which URL to show in search results. [Learn more](https://developers.google.com/web/tools/lighthouse/audits/canonical).","rawValue":null,"name":"canonical","description":"Document does not have a valid `rel=canonical`","scoringMode":"binary","error":true},"bootup-time":{"displayValue":"1,570 ms","score":true,"helpText":"Consider reducing the time spent parsing, compiling, and executing JS. You may find delivering smaller JS payloads helps with this. [Learn more](https://developers.google.com/web/lighthouse/audits/bootup).","rawValue":1573.503999710083,"extendedInfo":{"value":{"http://web/static/js/app.310cd52123c59f9f64a5.js":{"Script Evaluation":1173.697998046875,"Script Parsing & Compile":22.533000946044922},"http://web/static/js/vendor.d1efda22f11e965a5228.js":{"Style & Layout":178.41699981689453,"Script Parsing & Compile":14.004999160766602,"Script Evaluation":9.45100212097168},"https://unpkg.com/vue-chartjs@3.3.2/dist/vue-chartjs.min.js":{"Script Evaluation":6.445001602172852,"Script Parsing & Compile":4.004999160766602},"https://cdnjs.cloudflare.com/ajax/libs/Chart.js/2.7.1/Chart.min.js":{"Style & Layout":0.8509998321533203,"Script Evaluation":90.19700050354004,"Script Parsing & Compile":0.5679988861083984},"http://web/static/js/manifest.9f020e973ae4037504f6.js":{"Script Parsing & Compile":2.184000015258789,"Script Evaluation":1.4300003051757812},"http://web/":{"Style & Layout":0.0989990234375,"Script Evaluation":7.028999328613281,"Script Parsing & Compile":0.14599990844726562},"http://web/#/":{"Parsing HTML & CSS":62.446001052856445}}},"name":"bootup-time","description":"JavaScript boot-up time","scoringMode":"binary","details":{"itemHeaders":[{"itemType":"url","text":"URL","type":"text"},{"itemType":"text","text":"Script Evaluation","type":"text"},{"itemType":"text","text":"Script Parsing & Compile","type":"text"}],"header":"View Details","type":"table","items":[[{"text":"http://web/static/js/app.310cd52123c59f9f64a5.js","type":"url"},{"text":"1,174 ms","type":"text"},{"text":"23 ms","type":"text"}],[{"text":"https://cdnjs.cloudflare.com/ajax/libs/Chart.js/2.7.1/Chart.min.js","type":"url"},{"text":"90 ms","type":"text"},{"text":"1 ms","type":"text"}],[{"text":"http://web/static/js/vendor.d1efda22f11e965a5228.js","type":"url"},{"text":"9 ms","type":"text"},{"text":"14 ms","type":"text"}],[{"text":"https://unpkg.com/vue-chartjs@3.3.2/dist/vue-chartjs.min.js","type":"url"},{"text":"6 ms","type":"text"},{"text":"4 ms","type":"text"}]]}},"list":{"displayValue":"","score":false,"helpText":"Screen readers have a specific way of announcing lists. Ensuring proper list structure aids screen reader output. [Learn more](https://dequeuniversity.com/rules/axe/2.2/list?application=lighthouse).","rawValue":false,"name":"list","description":"Lists do not contain only `<li>` elements and script supporting elements (`<script>` and `<template>`).","scoringMode":"binary","informative":true,"notApplicable":true},"hreflang":{"displayValue":"","score":null,"debugString":"Audit error: Unable to identify the main resource","helpText":"hreflang allows crawlers to discover alternate translations of the page content. [Learn more](https://support.google.com/webmasters/answer/189077).","rawValue":null,"name":"hreflang","description":"Document doesn't have a valid `hreflang`","scoringMode":"binary","error":true},"is-crawlable":{"displayValue":"","score":null,"debugString":"Audit error: Unable to identify the main resource","helpText":"Search engines are unable to include your pages in search results if they don't have permission to crawl them. [Learn more](https://developers.google.com/web/tools/lighthouse/audits/indexing).","rawValue":null,"name":"is-crawlable","description":"Page is blocked from indexing","scoringMode":"binary","error":true},"service-worker":{"displayValue":"","score":false,"helpText":"The service worker is the technology that enables your app to use many Progressive Web App features, such as offline, add to homescreen, and push notifications. [Learn more](https://developers.google.com/web/tools/lighthouse/audits/registered-service-worker).","rawValue":false,"name":"service-worker","description":"Does not register a service worker","scoringMode":"binary"},"use-landmarks":{"displayValue":"","score":false,"helpText":"Landmark elements (<main>, <nav>, etc.) are used to improve the keyboard navigation of the page for assistive technology. [Learn more](https://developers.google.com/web/fundamentals/accessibility/how-to-review#take_advantage_of_headings_and_landmarks).","rawValue":false,"name":"use-landmarks","description":"HTML5 landmark elements are used to improve navigation","scoringMode":"binary","informative":true,"manual":true},"critical-request-chains":{"displayValue":"","score":null,"debugString":"Audit error: Unable to identify the main resource","helpText":"The Critical Request Chains below show you what resources are issued with a high priority. Consider reducing the length of chains, reducing the download size of resources, or deferring the download of unnecessary resources to improve page load. [Learn more](https://developers.google.com/web/tools/lighthouse/audits/critical-request-chains).","rawValue":null,"name":"critical-request-chains","description":"Critical Request Chains","scoringMode":"binary","informative":true,"error":true},"consistently-interactive":{"displayValue":"6,460 ms","score":71,"helpText":"Consistently Interactive marks the time at which the page is fully interactive. [Learn more](https://developers.google.com/web/tools/lighthouse/audits/consistently-interactive).","rawValue":6460.149,"extendedInfo":{"value":{"timeInMs":6460.149,"cpuQuietPeriod":{"start":8.650059653847E9,"end":8.650064967436E9},"networkQuietPeriods":[{"start":8.650059532223999E9,"end":8.650064967436E9}],"networkQuietPeriod":{"start":8.650059532223999E9,"end":8.650064967436E9},"cpuQuietPeriods":[{"start":8.650059653847E9,"end":8.650064967436E9}],"timestamp":8650059653847}},"name":"consistently-interactive","description":"Consistently Interactive (beta)","scoringMode":"numeric"},"pwa-page-transitions":{"displayValue":"","score":false,"helpText":"Transitions should feel snappy as you tap around, even on a slow network, a key to perceived performance. [Learn more](https://developers.google.com/web/progressive-web-apps/checklist#page-transitions-dont-feel-like-they-block-on-the-network).","rawValue":false,"name":"pwa-page-transitions","description":"Page transitions don't feel like they block on the network","scoringMode":"binary","informative":true,"manual":true},"user-timings":{"displayValue":"0","score":true,"helpText":"Consider instrumenting your app with the User Timing API to create custom, real-world measurements of key user experiences. [Learn more](https://developers.google.com/web/tools/lighthouse/audits/user-timing).","rawValue":true,"extendedInfo":{"value":[]},"name":"user-timings","description":"User Timing marks and measures","scoringMode":"binary","informative":true,"details":{"itemHeaders":[{"itemType":"text","text":"Name","type":"text"},{"itemType":"text","text":"Type","type":"text"},{"itemType":"text","text":"Time","type":"text"}],"header":"View Details","type":"table","items":[]}},"manifest-short-name-length":{"displayValue":"","score":false,"helpText":"Make your app's `short_name` fewer than 12 characters to ensure that it's not truncated on homescreens. [Learn more](https://developers.google.com/web/tools/lighthouse/audits/manifest-short_name-is-not-truncated).","rawValue":false,"name":"manifest-short-name-length","description":"Manifest's `short_name` will be truncated when displayed on homescreen","scoringMode":"binary"},"no-vulnerable-libraries":{"displayValue":"","score":true,"helpText":"Some third-party scripts may contain known security vulnerabilities  that are easily identified and exploited by attackers.","rawValue":true,"name":"no-vulnerable-libraries","description":"Avoids front-end JavaScript libraries with known security vulnerabilities","scoringMode":"binary"},"font-size":{"displayValue":"","score":true,"debugString":null,"helpText":"Font sizes less than 12px are too small to be legible and require mobile visitors to \u201cpinch to zoom\u201d in order to read. Strive to have >60% of page text ≥12px. [Learn more](https://developers.google.com/web/tools/lighthouse/audits/font-sizes).","rawValue":true,"name":"font-size","description":"Document uses legible font sizes","scoringMode":"binary","details":{"itemHeaders":[{"itemType":"url","text":"Source","type":"text"},{"itemType":"code","text":"Selector","type":"text"},{"itemType":"text","text":"% of Page Text","type":"text"},{"itemType":"text","text":"Font Size","type":"text"}],"header":"View Details","type":"table","items":[[{"text":"Legible text","type":"url"},{"text":null,"type":"code"},{"text":"100.00%","type":"text"},{"text":"≥ 12px","type":"text"}]]}},"aria-valid-attr":{"displayValue":"","score":true,"helpText":"Assistive technologies, like screen readers, can't interpret ARIA attributes with invalid names. [Learn more](https://dequeuniversity.com/rules/axe/2.2/aria-valid-attr?application=lighthouse).","rawValue":true,"extendedInfo":{},"name":"aria-valid-attr","description":"`[aria-*]` attributes are valid and not misspelled","scoringMode":"binary","details":{"header":{"text":"View failing elements","type":"text"},"type":"list","items":[]}},"aria-required-attr":{"displayValue":"","score":false,"helpText":"Some ARIA roles have required attributes that describe the state of the element to screen readers. [Learn more](https://dequeuniversity.com/rules/axe/2.2/aria-required-attr?application=lighthouse).","rawValue":false,"name":"aria-required-attr","description":"`[role]`s do not have all required `[aria-*]` attributes","scoringMode":"binary","informative":true,"notApplicable":true},"aria-roles":{"displayValue":"","score":false,"helpText":"ARIA roles must have valid values in order to perform their intended accessibility functions. [Learn more](https://dequeuniversity.com/rules/axe/2.2/aria-roles?application=lighthouse).","rawValue":false,"name":"aria-roles","description":"`[role]` values are not valid","scoringMode":"binary","informative":true,"notApplicable":true},"redirects-http":{"displayValue":"","score":false,"helpText":"If you've already set up HTTPS, make sure that you redirect all HTTP traffic to HTTPS. [Learn more](https://developers.google.com/web/tools/lighthouse/audits/http-redirects-to-https).","rawValue":false,"name":"redirects-http","description":"Does not redirect HTTP traffic to HTTPS","scoringMode":"binary"},"aria-required-children":{"displayValue":"","score":false,"helpText":"Some ARIA parent roles must contain specific child roles to perform their intended accessibility functions. [Learn more](https://dequeuniversity.com/rules/axe/2.2/aria-required-children?application=lighthouse).","rawValue":false,"name":"aria-required-children","description":"Elements with `[role]` that require specific children `[role]`s, are missing.","scoringMode":"binary","informative":true,"notApplicable":true},"dom-size":{"displayValue":"94 nodes","score":100,"helpText":"Browser engineers recommend pages contain fewer than ~1,500 DOM nodes. The sweet spot is a tree depth < 32 elements and fewer than 60 children/parent element. A large DOM can increase memory usage, cause longer [style calculations](https://developers.google.com/web/fundamentals/performance/rendering/reduce-the-scope-and-complexity-of-style-calculations), and produce costly [layout reflows](https://developers.google.com/speed/articles/reflow). [Learn more](https://developers.google.com/web/fundamentals/performance/rendering/).","rawValue":94,"extendedInfo":{"value":[{"title":"Total DOM Nodes","value":"94","target":"< 1,500 nodes"},{"snippet":"html >\n  body >\n    main >\n      div#inspire.application.theme--dark >\n        div.application--wrap >\n          aside.navigation-drawer.navigation-drawer--clipped.navigation-drawer--close.navigation-drawer--fixed.navigation-drawer--is-mobile >\n            div.list >\n              div >\n                div.list__tile >\n                  div.input-group.input-group--dirty.input-group--selection-controls.switch.accent--text >\n                    div.input-group__input >\n                      div.input-group--selection-controls__container >\n                        div.input-group--selection-controls__toggle.input-group--selection-controls__toggle--active","title":"DOM Depth","value":"13","target":"< 32"},{"snippet":"Element with most children:\nhead","title":"Maximum Children","value":"8","target":"< 60 nodes"}]},"name":"dom-size","description":"Avoids an excessive DOM size","scoringMode":"numeric","details":{"header":{"text":"View details","type":"text"},"type":"cards","items":[{"title":"Total DOM Nodes","value":"94","target":"< 1,500 nodes"},{"snippet":"html >\n  body >\n    main >\n      div#inspire.application.theme--dark >\n        div.application--wrap >\n          aside.navigation-drawer.navigation-drawer--clipped.navigation-drawer--close.navigation-drawer--fixed.navigation-drawer--is-mobile >\n            div.list >\n              div >\n                div.list__tile >\n                  div.input-group.input-group--dirty.input-group--selection-controls.switch.accent--text >\n                    div.input-group__input >\n                      div.input-group--selection-controls__container >\n                        div.input-group--selection-controls__toggle.input-group--selection-controls__toggle--active","title":"DOM Depth","value":"13","target":"< 32"},{"snippet":"Element with most children:\nhead","title":"Maximum Children","value":"8","target":"< 60 nodes"}]}},"no-websql":{"displayValue":"","score":true,"debugString":"","helpText":"Web SQL is deprecated. Consider using IndexedDB instead. [Learn more](https://developers.google.com/web/tools/lighthouse/audits/web-sql).","rawValue":true,"name":"no-websql","description":"Avoids WebSQL DB","scoringMode":"binary"},"webapp-install-banner":{"displayValue":"","score":false,"debugString":"Failures: No manifest was fetched, Site does not register a service worker, Service worker does not successfully serve the manifest's start_url, No usable web app manifest found on page.","helpText":"Browsers can proactively prompt users to add your app to their homescreen, which can lead to higher engagement. [Learn more](https://developers.google.com/web/tools/lighthouse/audits/install-prompt).","rawValue":false,"extendedInfo":{"value":{"failures":["No manifest was fetched","Site does not register a service worker","Service worker does not successfully serve the manifest's start_url","No usable web app manifest found on page"],"warnings":["No usable web app manifest found on page"],"manifestValues":{"parseFailureReason":"No manifest was fetched","allChecks":[],"isParseFailure":true}}},"name":"webapp-install-banner","description":"User will not be prompted to Install the Web App","scoringMode":"binary"},"uses-passive-event-listeners":{"displayValue":"","score":true,"helpText":"Consider marking your touch and wheel event listeners as `passive` to improve your page's scroll performance. [Learn more](https://developers.google.com/web/tools/lighthouse/audits/passive-event-listeners).","rawValue":true,"extendedInfo":{"value":[]},"name":"uses-passive-event-listeners","description":"Uses passive listeners to improve scrolling performance","scoringMode":"binary","details":{"itemHeaders":[{"itemType":"url","text":"URL","type":"text"},{"itemType":"text","text":"Location","type":"text"}],"header":"View Details","type":"table","items":[]}},"screenshot-thumbnails":{"displayValue":"true","score":100,"helpText":"This is what the load of your site looked like.","rawValue":true,"name":"screenshot-thumbnails","description":"Screenshot Thumbnails","scoringMode":"binary","informative":true,"details":{"scale":6606,"type":"filmstrip","items":[{"data":"/9j/4AAQSkZJRgABAQAAAQABAAD/2wCEAAMCAgMCAgMDAwMEAwMEBQgFBQQEBQoHBwYIDAoMDAsKCwsNDhIQDQ4RDgsLEBYQERMUFRUVDA8XGBYUGBIUFRQBAwQEBQQFCQUFCRQNCw0UFBQUFBQUFBQUFBQUFBQUFBQUFBQUFBQUFBQUFBQUFBQUFBQUFBQUFBQUFBQUFBQUFP/AABEIANUAeAMBEQACEQEDEQH/xAGiAAABBQEBAQEBAQAAAAAAAAAAAQIDBAUGBwgJCgsQAAIBAwMCBAMFBQQEAAABfQECAwAEEQUSITFBBhNRYQcicRQygZGhCCNCscEVUtHwJDNicoIJChYXGBkaJSYnKCkqNDU2Nzg5OkNERUZHSElKU1RVVldYWVpjZGVmZ2hpanN0dXZ3eHl6g4SFhoeIiYqSk5SVlpeYmZqio6Slpqeoqaqys7S1tre4ubrCw8TFxsfIycrS09TV1tfY2drh4uPk5ebn6Onq8fLz9PX29/j5+gEAAwEBAQEBAQEBAQAAAAAAAAECAwQFBgcICQoLEQACAQIEBAMEBwUEBAABAncAAQIDEQQFITEGEkFRB2FxEyIygQgUQpGhscEJIzNS8BVictEKFiQ04SXxFxgZGiYnKCkqNTY3ODk6Q0RFRkdISUpTVFVWV1hZWmNkZWZnaGlqc3R1dnd4eXqCg4SFhoeIiYqSk5SVlpeYmZqio6Slpqeoqaqys7S1tre4ubrCw8TFxsfIycrS09TV1tfY2dri4+Tl5ufo6ery8/T19vf4+fr/2gAMAwEAAhEDEQA/AP1ToAKACgAoAKACgAoAKACgAoAKACgAoAKACgAoAKACgAoAKACgAoAKACgAoAKACgAoAKACgAoAKACgAoAKACgAoAKACgAoAKACgAoAKACgAoAKACgAoAKACgAoAKACgAoAKACgAoAKACgAoAKACgAoAKACgAoAKACgAoAKACgAoAKACgAoAKACgAoAKACgAoAKACgAoAKACgAoAKACgAoAKACgAoAKACgAoAKACgAoAKACgAoAKACgAoAKACgAoAKACgAoAKACgAoAKACgAoAKACgAoAKACgAoAKACgAoAKACgAoAKACgAoAKACgAoAKACgAoAKACgAoAKACgAoAKACgAoAKACgAoAKACgAoAKACgAoAKACgAoAKACgAoAKACgAoAKACgAoAKACgAoAKACgAoAKACgAoAKACgAoAKACgAoAKACgAoAKACgAoAKACgAoAKACgAoAKACgAoAKACgAoAKACgAoAKACgAoAKACgAoAKACgAoAKACgAoAKACgAoAKACgAoAKACgAoAKACgAoAKACgAoAKACgAoAKACgAoAKACgAoAKACgAoAKACgAoAKACgAoAKACgAoAKACgAoAKACgAoAKACgAoAKACgAoAKACgAoAKACgAoAKACgAoAKACgAoAKACgAoAKACgAoAKACgAoAKACgAoAKACgAoAKACgAoAKACgAoAKACgAoAKACgAoAKACgAoAKACgAoAKACgAoAKACgAoAKACgAoAKACgAoAKACgAoAKACgAoAKACgAoAKACgAoAKACgAoAKACgAoAKACgAoAKACgAoAKACgAoAKACgAoAKACgAoAKACgAoAKACgAoAKACgAoAKACgAoAKACgAoAKACgAoAKACgAoAKACgAoAKACgAoAKACgAoAKACgAoAKACgAoAKACgAoAKACgAoAKACgAoAKACgAoAKACgD//Z","timing":661,"timestamp":8650053854298},{"data":"/9j/4AAQSkZJRgABAQAAAQABAAD/2wCEAAMCAgMCAgMDAwMEAwMEBQgFBQQEBQoHBwYIDAoMDAsKCwsNDhIQDQ4RDgsLEBYQERMUFRUVDA8XGBYUGBIUFRQBAwQEBQQFCQUFCRQNCw0UFBQUFBQUFBQUFBQUFBQUFBQUFBQUFBQUFBQUFBQUFBQUFBQUFBQUFBQUFBQUFBQUFP/AABEIANUAeAMBEQACEQEDEQH/xAGiAAABBQEBAQEBAQAAAAAAAAAAAQIDBAUGBwgJCgsQAAIBAwMCBAMFBQQEAAABfQECAwAEEQUSITFBBhNRYQcicRQygZGhCCNCscEVUtHwJDNicoIJChYXGBkaJSYnKCkqNDU2Nzg5OkNERUZHSElKU1RVVldYWVpjZGVmZ2hpanN0dXZ3eHl6g4SFhoeIiYqSk5SVlpeYmZqio6Slpqeoqaqys7S1tre4ubrCw8TFxsfIycrS09TV1tfY2drh4uPk5ebn6Onq8fLz9PX29/j5+gEAAwEBAQEBAQEBAQAAAAAAAAECAwQFBgcICQoLEQACAQIEBAMEBwUEBAABAncAAQIDEQQFITEGEkFRB2FxEyIygQgUQpGhscEJIzNS8BVictEKFiQ04SXxFxgZGiYnKCkqNTY3ODk6Q0RFRkdISUpTVFVWV1hZWmNkZWZnaGlqc3R1dnd4eXqCg4SFhoeIiYqSk5SVlpeYmZqio6Slpqeoqaqys7S1tre4ubrCw8TFxsfIycrS09TV1tfY2dri4+Tl5ufo6ery8/T19vf4+fr/2gAMAwEAAhEDEQA/AP1ToAKACgAoAKACgAoAKACgAoAKACgAoAKACgAoAKACgAoAKACgAoAKACgAoAKACgAoAKACgAoAKACgAoAKACgAoAKACgAoAKACgAoAKACgAoAKACgAoAKACgAoAKACgAoAKACgAoAKACgAoAKACgAoAKACgAoAKACgAoAKACgAoAKACgAoAKACgAoAKACgAoAKACgAoAKACgAoAKACgAoAKACgAoAKACgAoAKACgAoAKACgAoAKACgAoAKACgAoAKACgAoAKACgAoAKACgAoAKACgAoAKACgAoAKACgAoAKACgAoAKACgAoAKACgAoAKACgAoAKACgAoAKACgAoAKACgAoAKACgAoAKACgAoAKACgAoAKACgAoAKACgAoAKACgAoAKACgAoAKACgAoAKACgAoAKACgAoAKACgAoAKACgAoAKACgAoAKACgAoAKACgAoAKACgAoAKACgAoAKACgAoAKACgAoAKACgAoAKACgAoAKACgAoAKACgAoAKACgAoAKACgAoAKACgAoAKACgAoAKACgAoAKACgAoAKACgAoAKACgAoAKACgAoAKACgAoAKACgAoAKACgAoAKACgAoAKACgAoAKACgAoAKACgAoAKACgAoAKACgAoAKACgAoAKACgAoAKACgAoAKACgAoAKACgAoAKACgAoAKACgAoAKACgAoAKACgAoAKACgAoAKACgAoAKACgAoAKACgAoAKACgAoAKACgAoAKACgAoAKACgAoAKACgAoAKACgAoAKACgAoAKACgAoAKACgAoAKACgAoAKACgAoAKACgAoAKACgAoAKACgAoAKACgAoAKACgAoAKACgAoAKACgAoAKACgAoAKACgAoAKACgAoAKACgAoAKACgAoAKACgAoAKACgAoAKACgAoAKACgAoAKACgAoAKACgAoAKACgAoAKACgAoAKACgD//Z","timing":1321,"timestamp":8.650054514898001E12},{"data":"/9j/4AAQSkZJRgABAQAAAQABAAD/2wCEAAMCAgMCAgMDAwMEAwMEBQgFBQQEBQoHBwYIDAoMDAsKCwsNDhIQDQ4RDgsLEBYQERMUFRUVDA8XGBYUGBIUFRQBAwQEBQQFCQUFCRQNCw0UFBQUFBQUFBQUFBQUFBQUFBQUFBQUFBQUFBQUFBQUFBQUFBQUFBQUFBQUFBQUFBQUFP/AABEIANUAeAMBEQACEQEDEQH/xAGiAAABBQEBAQEBAQAAAAAAAAAAAQIDBAUGBwgJCgsQAAIBAwMCBAMFBQQEAAABfQECAwAEEQUSITFBBhNRYQcicRQygZGhCCNCscEVUtHwJDNicoIJChYXGBkaJSYnKCkqNDU2Nzg5OkNERUZHSElKU1RVVldYWVpjZGVmZ2hpanN0dXZ3eHl6g4SFhoeIiYqSk5SVlpeYmZqio6Slpqeoqaqys7S1tre4ubrCw8TFxsfIycrS09TV1tfY2drh4uPk5ebn6Onq8fLz9PX29/j5+gEAAwEBAQEBAQEBAQAAAAAAAAECAwQFBgcICQoLEQACAQIEBAMEBwUEBAABAncAAQIDEQQFITEGEkFRB2FxEyIygQgUQpGhscEJIzNS8BVictEKFiQ04SXxFxgZGiYnKCkqNTY3ODk6Q0RFRkdISUpTVFVWV1hZWmNkZWZnaGlqc3R1dnd4eXqCg4SFhoeIiYqSk5SVlpeYmZqio6Slpqeoqaqys7S1tre4ubrCw8TFxsfIycrS09TV1tfY2dri4+Tl5ufo6ery8/T19vf4+fr/2gAMAwEAAhEDEQA/AP1ToAKACgAoAKACgAoAKACgAoAKACgAoAKACgAoAKACgAoAKACgAoAKACgAoAKACgAoAKACgAoAKACgAoAKACgAoAKACgAoAKACgAoAKACgAoAKACgAoAKACgAoAKACgAoAKACgAoAKACgAoAKACgAoAKACgAoAKACgAoAKACgAoAKACgAoAKACgAoAKACgAoAKACgAoAKACgAoAKACgAoAKACgAoAKACgAoAKACgAoAKACgAoAKACgAoAKACgAoAKACgAoAKACgAoAKACgAoAKACgAoAKACgAoAKACgAoAKACgAoAKACgAoAKACgAoAKACgAoAKACgAoAKACgAoAKACgAoAKACgAoAKACgAoAKACgAoAKACgAoAKACgAoAKACgAoAKACgAoAKACgAoAKACgAoAKACgAoAKACgAoAKACgAoAKACgAoAKACgAoAKACgAoAKACgAoAKACgAoAKACgAoAKACgAoAKACgAoAKACgAoAKACgAoAKACgAoAKACgAoAKACgAoAKACgAoAKACgAoAKACgAoAKACgAoAKACgAoAKACgAoAKACgAoAKACgAoAKACgAoAKACgAoAKACgAoAKACgAoAKACgAoAKACgAoAKACgAoAKACgAoAKACgAoAKACgAoAKACgAoAKACgAoAKACgAoAKACgAoAKACgAoAKACgAoAKACgAoAKACgAoAKACgAoAKACgAoAKACgAoAKACgAoAKACgAoAKACgAoAKACgAoAKACgAoAKACgAoAKACgAoAKACgAoAKACgAoAKACgAoAKACgAoAKACgAoAKACgAoAKACgAoAKACgAoAKACgAoAKACgAoAKACgAoAKACgAoAKACgAoAKACgAoAKACgAoAKACgAoAKACgAoAKACgAoAKACgAoAKACgAoAKACgAoAKACgAoAKACgAoAKACgAoAKACgD//Z","timing":1982,"timestamp":8.650055175497999E12},{"data":"/9j/4AAQSkZJRgABAQAAAQABAAD/2wCEAAMCAgMCAgMDAwMEAwMEBQgFBQQEBQoHBwYIDAoMDAsKCwsNDhIQDQ4RDgsLEBYQERMUFRUVDA8XGBYUGBIUFRQBAwQEBQQFCQUFCRQNCw0UFBQUFBQUFBQUFBQUFBQUFBQUFBQUFBQUFBQUFBQUFBQUFBQUFBQUFBQUFBQUFBQUFP/AABEIANUAeAMBEQACEQEDEQH/xAGiAAABBQEBAQEBAQAAAAAAAAAAAQIDBAUGBwgJCgsQAAIBAwMCBAMFBQQEAAABfQECAwAEEQUSITFBBhNRYQcicRQygZGhCCNCscEVUtHwJDNicoIJChYXGBkaJSYnKCkqNDU2Nzg5OkNERUZHSElKU1RVVldYWVpjZGVmZ2hpanN0dXZ3eHl6g4SFhoeIiYqSk5SVlpeYmZqio6Slpqeoqaqys7S1tre4ubrCw8TFxsfIycrS09TV1tfY2drh4uPk5ebn6Onq8fLz9PX29/j5+gEAAwEBAQEBAQEBAQAAAAAAAAECAwQFBgcICQoLEQACAQIEBAMEBwUEBAABAncAAQIDEQQFITEGEkFRB2FxEyIygQgUQpGhscEJIzNS8BVictEKFiQ04SXxFxgZGiYnKCkqNTY3ODk6Q0RFRkdISUpTVFVWV1hZWmNkZWZnaGlqc3R1dnd4eXqCg4SFhoeIiYqSk5SVlpeYmZqio6Slpqeoqaqys7S1tre4ubrCw8TFxsfIycrS09TV1tfY2dri4+Tl5ufo6ery8/T19vf4+fr/2gAMAwEAAhEDEQA/AP1ToAKACgAoAKACgAoAKACgAoAKACgAoAKACgAoAKACgAoAKACgAoAKACgAoAKACgAoAKACgAoAKACgAoAKACgAoAKACgAoAKACgAoAKACgAoAKACgAoAKACgAoAKACgAoAKACgAoAKACgAoAKACgAoAKACgAoAKACgAoAKACgAoAKACgAoAKACgAoAKACgAoAKACgAoAKACgAoAKACgAoAKACgAoAKACgAoAKACgAoAKACgAoAKACgAoAKACgAoAKACgAoAKACgAoAKACgAoAKACgAoAKACgAoAKACgAoAKACgAoAKACgAoAKACgAoAKACgAoAKACgAoAKACgAoAKACgAoAKACgAoAKACgAoAKACgAoAKACgAoAKACgAoAKACgAoAKACgAoAKACgAoAKACgAoAKACgAoAKACgAoAKACgAoAKACgAoAKACgAoAKACgAoAKACgAoAKACgAoAKACgAoAKACgAoAKACgAoAKACgAoAKACgAoAKACgAoAKACgAoAKACgAoAKACgAoAKACgAoAKACgAoAKACgAoAKACgAoAKACgAoAKACgAoAKACgAoAKACgAoAKACgAoAKACgAoAKACgAoAKACgAoAKACgAoAKACgAoAKACgAoAKACgAoAKACgAoAKACgAoAKACgAoAKACgAoAKACgAoAKACgAoAKACgAoAKACgAoAKACgAoAKACgAoAKACgAoAKACgAoAKACgAoAKACgAoAKACgAoAKACgAoAKACgAoAKACgAoAKACgAoAKACgAoAKACgAoAKACgAoAKACgAoAKACgAoAKACgAoAKACgAoAKACgAoAKACgAoAKACgAoAKACgAoAKACgAoAKACgAoAKACgAoAKACgAoAKACgAoAKACgAoAKACgAoAKACgAoAKACgAoAKACgAoAKACgAoAKACgAoAKACgAoAKACgD//Z","timing":2642,"timestamp":8650055836098},{"data":"/9j/4AAQSkZJRgABAQAAAQABAAD/2wCEAAMCAgMCAgMDAwMEAwMEBQgFBQQEBQoHBwYIDAoMDAsKCwsNDhIQDQ4RDgsLEBYQERMUFRUVDA8XGBYUGBIUFRQBAwQEBQQFCQUFCRQNCw0UFBQUFBQUFBQUFBQUFBQUFBQUFBQUFBQUFBQUFBQUFBQUFBQUFBQUFBQUFBQUFBQUFP/AABEIANUAeAMBEQACEQEDEQH/xAGiAAABBQEBAQEBAQAAAAAAAAAAAQIDBAUGBwgJCgsQAAIBAwMCBAMFBQQEAAABfQECAwAEEQUSITFBBhNRYQcicRQygZGhCCNCscEVUtHwJDNicoIJChYXGBkaJSYnKCkqNDU2Nzg5OkNERUZHSElKU1RVVldYWVpjZGVmZ2hpanN0dXZ3eHl6g4SFhoeIiYqSk5SVlpeYmZqio6Slpqeoqaqys7S1tre4ubrCw8TFxsfIycrS09TV1tfY2drh4uPk5ebn6Onq8fLz9PX29/j5+gEAAwEBAQEBAQEBAQAAAAAAAAECAwQFBgcICQoLEQACAQIEBAMEBwUEBAABAncAAQIDEQQFITEGEkFRB2FxEyIygQgUQpGhscEJIzNS8BVictEKFiQ04SXxFxgZGiYnKCkqNTY3ODk6Q0RFRkdISUpTVFVWV1hZWmNkZWZnaGlqc3R1dnd4eXqCg4SFhoeIiYqSk5SVlpeYmZqio6Slpqeoqaqys7S1tre4ubrCw8TFxsfIycrS09TV1tfY2dri4+Tl5ufo6ery8/T19vf4+fr/2gAMAwEAAhEDEQA/AP1ToAKACgAoAKACgAoAKACgAoAKACgAoAKACgAoAKACgAoAKACgAoAKACgAoAKACgAoAKACgAoAKACgAoAKACgAoAKACgAoAKACgAoAKACgAoAKACgAoAKACgAoAKACgAoAKACgAoAKACgAoAKACgAoAKACgAoAKACgAoAKACgAoAKACgAoAKACgAoAKACgAoAKACgAoAKACgAoAKACgAoAKACgAoAKACgAoAKACgAoAKACgAoAKACgAoAKACgAoAKACgAoAKACgAoAKACgAoAKACgAoAKACgAoAKACgAoAKACgAoAKACgAoAKACgAoAKACgAoAKACgAoAKACgAoAKACgAoAKACgAoAKACgAoAKACgAoAKACgAoAKACgAoAKACgAoAKACgAoAKACgAoAKACgAoAKACgAoAKACgAoAKACgAoAKACgAoAKACgAoAKACgAoAKACgAoAKACgAoAKACgAoAKACgAoAKACgAoAKACgAoAKACgAoAKACgAoAKACgAoAKACgAoAKACgAoAKACgAoAKACgAoAKACgAoAKACgAoAKACgAoAKACgAoAKACgAoAKACgAoAKACgAoAKACgAoAKACgAoAKACgAoAKACgAoAKACgAoAKACgAoAKACgAoAKACgAoAKACgAoAKACgAoAKACgAoAKACgAoAKACgAoAKACgAoAKACgAoAKACgAoAKACgAoAKACgAoAKACgAoAKACgAoAKACgAoAKACgAoAKACgAoAKACgAoAKACgAoAKACgAoAKACgAoAKACgAoAKACgAoAKACgAoAKACgAoAKACgAoAKACgAoAKACgAoAKACgAoAKACgAoAKACgAoAKACgAoAKACgAoAKACgAoAKACgAoAKACgAoAKACgAoAKACgAoAKACgAoAKACgAoAKACgAoAKACgAoAKACgAoAKACgAoAKACgD//Z","timing":3303,"timestamp":8650056496698},{"data":"/9j/4AAQSkZJRgABAQAAAQABAAD/2wCEAAMCAgMCAgMDAwMEAwMEBQgFBQQEBQoHBwYIDAoMDAsKCwsNDhIQDQ4RDgsLEBYQERMUFRUVDA8XGBYUGBIUFRQBAwQEBQQFCQUFCRQNCw0UFBQUFBQUFBQUFBQUFBQUFBQUFBQUFBQUFBQUFBQUFBQUFBQUFBQUFBQUFBQUFBQUFP/AABEIANUAeAMBEQACEQEDEQH/xAGiAAABBQEBAQEBAQAAAAAAAAAAAQIDBAUGBwgJCgsQAAIBAwMCBAMFBQQEAAABfQECAwAEEQUSITFBBhNRYQcicRQygZGhCCNCscEVUtHwJDNicoIJChYXGBkaJSYnKCkqNDU2Nzg5OkNERUZHSElKU1RVVldYWVpjZGVmZ2hpanN0dXZ3eHl6g4SFhoeIiYqSk5SVlpeYmZqio6Slpqeoqaqys7S1tre4ubrCw8TFxsfIycrS09TV1tfY2drh4uPk5ebn6Onq8fLz9PX29/j5+gEAAwEBAQEBAQEBAQAAAAAAAAECAwQFBgcICQoLEQACAQIEBAMEBwUEBAABAncAAQIDEQQFITEGEkFRB2FxEyIygQgUQpGhscEJIzNS8BVictEKFiQ04SXxFxgZGiYnKCkqNTY3ODk6Q0RFRkdISUpTVFVWV1hZWmNkZWZnaGlqc3R1dnd4eXqCg4SFhoeIiYqSk5SVlpeYmZqio6Slpqeoqaqys7S1tre4ubrCw8TFxsfIycrS09TV1tfY2dri4+Tl5ufo6ery8/T19vf4+fr/2gAMAwEAAhEDEQA/AP1ToAKACgAoAKACgAoAKACgAoAKACgAoAKACgAoAKACgAoAKACgAoAKACgAoAKACgAoAKACgAoAKACgAoAKACgAoAKACgAoAKACgAoAKACgAoAKACgAoAKACgAoAKACgAoAKACgAoAKACgAoAKACgAoAKACgAoAKACgAoAKACgAoAKACgAoAKACgAoAKACgAoAKACgAoAKACgAoAKACgAoAKACgAoAKACgAoAKACgAoAKACgAoAKACgAoAKACgAoAKACgAoAKACgAoAKACgAoAKACgAoAKACgAoAKACgAoAKACgAoAKACgAoAKACgAoAKACgAoAKACgAoAKACgAoAKACgAoAKACgAoAKACgAoAKACgAoAKACgAoAKACgAoAKACgAoAKACgAoAKACgAoAKACgAoAKACgAoAKACgAoAKACgAoAKACgAoAKACgAoAKACgAoAKACgAoAKACgAoAKACgAoAKACgAoAKACgAoAKACgAoAKACgAoAKACgAoAKACgAoAKACgAoAKACgAoAKACgAoAKACgAoAKACgAoAKACgAoAKACgAoAKACgAoAKACgAoAKACgAoAKACgAoAKACgAoAKACgAoAKACgAoAKACgAoAKACgAoAKACgAoAKACgAoAKACgAoAKACgAoAKACgAoAKACgAoAKACgAoAKACgAoAKACgAoAKACgAoAKACgAoAKACgAoAKACgAoAKACgAoAKACgAoAKACgAoAKACgAoAKACgAoAKACgAoAKACgAoAKACgAoAKACgAoAKACgAoAKACgAoAKACgAoAKACgAoAKACgAoAKACgAoAKACgAoAKACgAoAKACgAoAKACgAoAKACgAoAKACgAoAKACgAoAKACgAoAKACgAoAKACgAoAKACgAoAKACgAoAKACgAoAKACgAoAKACgAoAKACgAoAKACgAoAKACgD//Z","timing":3964,"timestamp":8650057157298},{"data":"/9j/4AAQSkZJRgABAQAAAQABAAD/2wCEAAMCAgMCAgMDAwMEAwMEBQgFBQQEBQoHBwYIDAoMDAsKCwsNDhIQDQ4RDgsLEBYQERMUFRUVDA8XGBYUGBIUFRQBAwQEBQQFCQUFCRQNCw0UFBQUFBQUFBQUFBQUFBQUFBQUFBQUFBQUFBQUFBQUFBQUFBQUFBQUFBQUFBQUFBQUFP/AABEIANUAeAMBEQACEQEDEQH/xAGiAAABBQEBAQEBAQAAAAAAAAAAAQIDBAUGBwgJCgsQAAIBAwMCBAMFBQQEAAABfQECAwAEEQUSITFBBhNRYQcicRQygZGhCCNCscEVUtHwJDNicoIJChYXGBkaJSYnKCkqNDU2Nzg5OkNERUZHSElKU1RVVldYWVpjZGVmZ2hpanN0dXZ3eHl6g4SFhoeIiYqSk5SVlpeYmZqio6Slpqeoqaqys7S1tre4ubrCw8TFxsfIycrS09TV1tfY2drh4uPk5ebn6Onq8fLz9PX29/j5+gEAAwEBAQEBAQEBAQAAAAAAAAECAwQFBgcICQoLEQACAQIEBAMEBwUEBAABAncAAQIDEQQFITEGEkFRB2FxEyIygQgUQpGhscEJIzNS8BVictEKFiQ04SXxFxgZGiYnKCkqNTY3ODk6Q0RFRkdISUpTVFVWV1hZWmNkZWZnaGlqc3R1dnd4eXqCg4SFhoeIiYqSk5SVlpeYmZqio6Slpqeoqaqys7S1tre4ubrCw8TFxsfIycrS09TV1tfY2dri4+Tl5ufo6ery8/T19vf4+fr/2gAMAwEAAhEDEQA/AP0bk8LeMEuh9l8ZJFaC8SXyp9KjlcWyxQKYA+4cs8cz+YwYjz8Y+RSQDrtMt57TTrWG5unvriOJEkuXRUaVgoBcqoABJycAYGeKALVABQAUAFABQAUAFABQAUAFABQAUAFABQAUAFABQAUAFABQAUAFABQAUAFABQAUAFABQAUAFABQAUAFABQAUAFABQAUAFABQAUAFABQAUAFABQAUAFABQAUAFABQAUAFABQAUAFACZ5xQAZGcd6AFoAKACgAoAKACgAoAKACgAoAKACgAoA8AbVfiFqEGl3Wja9oL2kFwbHVBNfwzbbgSxCKFJAD+9kHyOrcgynbuOwgA7zwHq+q2WrXll4h1fTrqG7mCaTIs8azzPGji4hMSjG6MxliQxOTICsYQAgHftOoYr1cLu2jrj6daAATI2MMDkkZBHUHH8xQAi3CMMgjGCScg4x1H1oAZp9/b6rYW97ZzR3NpcRrLDPC4dJEYZVlYEgggggg4INAFigAoAKACgAoAKACgAoAKAOF1j4PeEvFt/omq6npZvL/RpvtGmXM0syyWT/ALrJjywKZMEeQMA/N2dsgDdG+B3grw9pVrYadoUFrHaQS29rOjN9ptY5FdXWG4z5sWRI4Gxxt3HbigB+ifBfwj4c059O03TGtdMa8hvxYLdTm3ininSeIxRlysSrJGjbEAU4AIIoAst8JfC5Piwpp8kLeKgo1d4LyeJ7jClRhlcGP5SR8hXrQBj3v7O/w+1O4vJ73w5BdyXieXcCeWWRJB9qN2cozlcm4YyFsZJOCSOKAO60PRrTw5oun6Tp8XkWFhbx2tvFuLbI0UKq5YknAAGSSaAL1ABQAUAFABQAUAFABQAUAFABQAUAFABQAUAFABQAUAFABQAUAFABQAUAJuoFfWwbqAuAOaBi0AFABQAUAFABQAUAFABQAUAFABQByaS6/f6Wk1hPZf6RCjQTzRO/UZDsoZCQwK/LwRzyeldj+rNt6nn2xe2hXv8A/hODph+xHRV1EeWy/aVlMX3Y/MU7efvGXB9FTI5JEr6u90waxS2aNfTU8Qf27eG9fTv7H2D7MsMb/aC2TkuSduMbcYHr0xgxP2XKuS9zal7fm/ebG7WB1BQAUARiZec4XHXJppNkOaWjYvmqDjIz9aLMHOK6jftCEkBlJXBIz0H+Qfyos+qDnjrZiC6jP8QHtmnyvsQqsHrckVg6gggg9xSasap31Q6kMKACgAoA8ttfEXirw3YQWVxYJKIFENuLKwe4Msa+UiFmMyBGJlAwQANrMSEBau14eLfuzT+Vv8zzFi3b3qbXzv8AohsvxI15bS9mi02/ma0PMI8OTK8yllCmPdcBTkMGwSCAGyBg1Twm3vrXzGsZ/wBO39x0XhvVvEuvSasJVt9LWyvXtI/tWmyD7Qqqh81D5/KEsQD329jkDmqU+TlfNe6vp0v09TrpVOe6tazsbX2XX/8AoJ6b/wCC6T/4/WJuH2XX/wDoJ6b/AOC6T/4/QAfZdf8A+gnpv/guk/8Aj9AFQ+EoL+++26wUvbuPasfl+ZHCoDBlYRF2UOCPv9ccdK2hVnCPKmc86EJy5mMPw80JnspPs03m2f8AqZftMvmAbGQqW3bmUhjlWJBOGIyAar6xU7kfVqbdyS08CaPY209rBahLSaaO4aDcxVXRlZNoJ+VVKKQq4A7Dml7ed076r9RrDxSa6MSz+H2h6ejLb2rxhoEtm/fOxaNCxVSSckDew57YHQACvrFS/Nfrf8v8hfVafLym9a20dnbxwRLtijUIi+gAwBXO227s6klFJIlpDCgAoAKAPM/CfijTLvw1p3k+HJb1Ft1jeeJrMozL8j8mYc70IIPIIwQDTuKxb1Txfomj6ebzUPDcllatJFCJLp7KJGeWTZGoZpwuXchQM5JYAZJpDLNxr9hYxNJP4RuoYYwS8kos1RADzkmbA6Z/H3oA0YJre4hjlTwnOUkUOvy2vQ9P+WtAD/3P/QpT/wDfNr/8doAP3P8A0KU//fNr/wDHaAKP9la5dyXUmmzjw9aSW/lRWr28RkimyT5wKl0YEbV2kZ4JyOjaxnTS1WpjUhU5vdlobPh6x1eyN6dV1CO/864aWARxeX5EZxti77sYzu4znoKU3F25VYdNSSfO7mxiszQWgYUAFABQAUAFAHlFp+zT4R022uYrCbWLJrkYmki1KQlwZzPINrEqA7vLnao+WaRV2hsUAbCfA7wrH4Qm8MLb3C6JK0Tm2S4ZCrRtuRlkUh1ZWCsGDAhlBB9QDF0f9l34faBYvZ6fpc9pbM2Qkd3KNn7qSH5fm+U7JXG4YP3TnKqQAep2lstpbRQKSyxoEBbqQBigCagAoAKACgAoAKACgAoAKACgAoA4A/G3w0YfFjRTS3M3hm9isL+CFA0hlkKqixrnMjMzbFjHzuw2qrFk3AGndfEK3hj1VYdNv7y80ydreexhWMTFgYTlCzhGBjuIpAA+SG243gpQBZ1PxvbaJLdpf2V/AsLxokkVubhZQyFt48rcUQbWUtKEAKnnBBIBneHvizofivWb7TNLTUJ7mxnS3uGl0+eGNHaKOTG90A3ASoGT76kNuUbSaAJbn4o6Lptle3eoLe2FvZTtDcyPZySpbgCNvMleIOkaFJo5NzlQqFi23Y+0Ap3Hxj0Ox8R6zpN7Ff2R0y4W0a5e1MkU8zRW8gSMx7juxd26gOFLtIFTcQcAG34e8d6N4o1C9stPmuHuLOaaCTz7KeBHaKQxy+W8iKsoVxtLRlgMjnkZAOgoAKACgAoAKACgAoAKAK8thbTxSRSQRvHIwZ1ZQQxGME+p4H5UAO+xwbg3kpkcg7Rx824/qAfrQA06fatIZDbxNISGLlASSBgEnuQCRn3oAclnBHKJEhRHC7Qyrg444+nA/IUALHawxMGSJFIzghQMZOT+ZA/KgBPscGxl8lNrDDDb14xz+HFADxEinIUA8849eTQA+gAoAKACgAoAKACgAoAKACgAoAKACgAoAKACgAoAKACgAoAKACgAoAKACgAoAKACgAoAKACgAoAKACgAoAKACgAoAKACgAoAKACgAoAKACgAoAKACgAoAKACgAoAKACgAoAKACgAoAKACgAoAKACgAoAKACgAoAKACgAoAKACgAoAKACgAoAKACgAoAKACgAoAKACgAoAKACgAoAKACgAoAKACgAoAKACgAoAKACgAoAKACgAoAKACgAoAKACgAoAKACgAoAKACgAoAKACgAoAKACgAoAKACgAoAKACgAoAKACgAoAKACgAoAKACgAoAKACgAoAKACgAoAKACgAoAKACgAoAKACgAoAKACgAoAKACgAoAKACgAoAKACgAoAKACgAoAKACgAoAKACgAoAKACgAoAKACgAoAKACgAoAKACgAoAKACgAoA//9k=","timing":4624,"timestamp":8.650057817898001E12},{"data":"/9j/4AAQSkZJRgABAQAAAQABAAD/2wCEAAMCAgMCAgMDAwMEAwMEBQgFBQQEBQoHBwYIDAoMDAsKCwsNDhIQDQ4RDgsLEBYQERMUFRUVDA8XGBYUGBIUFRQBAwQEBQQFCQUFCRQNCw0UFBQUFBQUFBQUFBQUFBQUFBQUFBQUFBQUFBQUFBQUFBQUFBQUFBQUFBQUFBQUFBQUFP/AABEIANUAeAMBEQACEQEDEQH/xAGiAAABBQEBAQEBAQAAAAAAAAAAAQIDBAUGBwgJCgsQAAIBAwMCBAMFBQQEAAABfQECAwAEEQUSITFBBhNRYQcicRQygZGhCCNCscEVUtHwJDNicoIJChYXGBkaJSYnKCkqNDU2Nzg5OkNERUZHSElKU1RVVldYWVpjZGVmZ2hpanN0dXZ3eHl6g4SFhoeIiYqSk5SVlpeYmZqio6Slpqeoqaqys7S1tre4ubrCw8TFxsfIycrS09TV1tfY2drh4uPk5ebn6Onq8fLz9PX29/j5+gEAAwEBAQEBAQEBAQAAAAAAAAECAwQFBgcICQoLEQACAQIEBAMEBwUEBAABAncAAQIDEQQFITEGEkFRB2FxEyIygQgUQpGhscEJIzNS8BVictEKFiQ04SXxFxgZGiYnKCkqNTY3ODk6Q0RFRkdISUpTVFVWV1hZWmNkZWZnaGlqc3R1dnd4eXqCg4SFhoeIiYqSk5SVlpeYmZqio6Slpqeoqaqys7S1tre4ubrCw8TFxsfIycrS09TV1tfY2dri4+Tl5ufo6ery8/T19vf4+fr/2gAMAwEAAhEDEQA/AP0bk8LeMEuh9l8ZJFaC8SXyp9KjlcWyxQKYA+4cs8cz+YwYjz8Y+RSQDrtMt57TTrWG5unvriOJEkuXRUaVgoBcqoABJycAYGeKALVABQAUAFABQAUAFABQAUAFABQAUAFABQAUAFABQAUAFABQAUAFABQAUAFABQAUAFABQAUAFABQAUAFABQAUAFABQAUAFABQAUAFABQAUAFABQAUAFABQAUAFABQAUAFABQAUAFACZ5xQAZGcd6AFoAKACgAoAKACgAoAKACgAoAKACgAoA8AbVfiFqEGl3Wja9oL2kFwbHVBNfwzbbgSxCKFJAD+9kHyOrcgynbuOwgA7zwHq+q2WrXll4h1fTrqG7mCaTIs8azzPGji4hMSjG6MxliQxOTICsYQAgHftOoYr1cLu2jrj6daAATI2MMDkkZBHUHH8xQAi3CMMgjGCScg4x1H1oAZp9/b6rYW97ZzR3NpcRrLDPC4dJEYZVlYEgggggg4INAFigAoAKACgAoAKACgAoAKAOF1j4PeEvFt/omq6npZvL/RpvtGmXM0syyWT/ALrJjywKZMEeQMA/N2dsgDdG+B3grw9pVrYadoUFrHaQS29rOjN9ptY5FdXWG4z5sWRI4Gxxt3HbigB+ifBfwj4c059O03TGtdMa8hvxYLdTm3ininSeIxRlysSrJGjbEAU4AIIoAst8JfC5Piwpp8kLeKgo1d4LyeJ7jClRhlcGP5SR8hXrQBj3v7O/w+1O4vJ73w5BdyXieXcCeWWRJB9qN2cozlcm4YyFsZJOCSOKAO60PRrTw5oun6Tp8XkWFhbx2tvFuLbI0UKq5YknAAGSSaAL1ABQAUAFABQAUAFABQAUAFABQAUAFABQAUAFABQAUAFABQAUAFABQAUAJuoFfWwbqAuAOaBi0AFABQAUAFABQAUAFABQAUAFABQByaS6/f6Wk1hPZf6RCjQTzRO/UZDsoZCQwK/LwRzyeldj+rNt6nn2xe2hXv8A/hODph+xHRV1EeWy/aVlMX3Y/MU7efvGXB9FTI5JEr6u90waxS2aNfTU8Qf27eG9fTv7H2D7MsMb/aC2TkuSduMbcYHr0xgxP2XKuS9zal7fm/ebG7WB1BQAUARiZec4XHXJppNkOaWjYvmqDjIz9aLMHOK6jftCEkBlJXBIz0H+Qfyos+qDnjrZiC6jP8QHtmnyvsQqsHrckVg6gggg9xSasap31Q6kMKACgAoA8ttfEXirw3YQWVxYJKIFENuLKwe4Msa+UiFmMyBGJlAwQANrMSEBau14eLfuzT+Vv8zzFi3b3qbXzv8AohsvxI15bS9mi02/ma0PMI8OTK8yllCmPdcBTkMGwSCAGyBg1Twm3vrXzGsZ/wBO39x0XhvVvEuvSasJVt9LWyvXtI/tWmyD7Qqqh81D5/KEsQD329jkDmqU+TlfNe6vp0v09TrpVOe6tazsbX2XX/8AoJ6b/wCC6T/4/WJuH2XX/wDoJ6b/AOC6T/4/QAfZdf8A+gnpv/guk/8Aj9AFQ+EoL+++26wUvbuPasfl+ZHCoDBlYRF2UOCPv9ccdK2hVnCPKmc86EJy5mMPw80JnspPs03m2f8AqZftMvmAbGQqW3bmUhjlWJBOGIyAar6xU7kfVqbdyS08CaPY209rBahLSaaO4aDcxVXRlZNoJ+VVKKQq4A7Dml7ed076r9RrDxSa6MSz+H2h6ejLb2rxhoEtm/fOxaNCxVSSckDew57YHQACvrFS/Nfrf8v8hfVafLym9a20dnbxwRLtijUIi+gAwBXO227s6klFJIlpDCgAoAKAPM/CfijTLvw1p3k+HJb1Ft1jeeJrMozL8j8mYc70IIPIIwQDTuKxb1Txfomj6ebzUPDcllatJFCJLp7KJGeWTZGoZpwuXchQM5JYAZJpDLNxr9hYxNJP4RuoYYwS8kos1RADzkmbA6Z/H3oA0YJre4hjlTwnOUkUOvy2vQ9P+WtAD/3P/QpT/wDfNr/8doAP3P8A0KU//fNr/wDHaAKP9la5dyXUmmzjw9aSW/lRWr28RkimyT5wKl0YEbV2kZ4JyOjaxnTS1WpjUhU5vdlobPh6x1eyN6dV1CO/864aWARxeX5EZxti77sYzu4znoKU3F25VYdNSSfO7mxiszQWgYUAFABQAUAFAHlFp+zT4R022uYrCbWLJrkYmki1KQlwZzPINrEqA7vLnao+WaRV2hsUAbCfA7wrH4Qm8MLb3C6JK0Tm2S4ZCrRtuRlkUh1ZWCsGDAhlBB9QDF0f9l34faBYvZ6fpc9pbM2Qkd3KNn7qSH5fm+U7JXG4YP3TnKqQAep2lstpbRQKSyxoEBbqQBigCagAoAKACgAoAKACgAoAKACgAoA4A/G3w0YfFjRTS3M3hm9isL+CFA0hlkKqixrnMjMzbFjHzuw2qrFk3AGndfEK3hj1VYdNv7y80ydreexhWMTFgYTlCzhGBjuIpAA+SG243gpQBZ1PxvbaJLdpf2V/AsLxokkVubhZQyFt48rcUQbWUtKEAKnnBBIBneHvizofivWb7TNLTUJ7mxnS3uGl0+eGNHaKOTG90A3ASoGT76kNuUbSaAJbn4o6Lptle3eoLe2FvZTtDcyPZySpbgCNvMleIOkaFJo5NzlQqFi23Y+0Ap3Hxj0Ox8R6zpN7Ff2R0y4W0a5e1MkU8zRW8gSMx7juxd26gOFLtIFTcQcAG34e8d6N4o1C9stPmuHuLOaaCTz7KeBHaKQxy+W8iKsoVxtLRlgMjnkZAOgoAKACgAoAKACgAoAKAK8thbTxSRSQRvHIwZ1ZQQxGME+p4H5UAO+xwbg3kpkcg7Rx824/qAfrQA06fatIZDbxNISGLlASSBgEnuQCRn3oAclnBHKJEhRHC7Qyrg444+nA/IUALHawxMGSJFIzghQMZOT+ZA/KgBPscGxl8lNrDDDb14xz+HFADxEinIUA8849eTQA+gAoAKACgAoAKACgAoAKACgAoAKACgAoAKACgAoAKACgAoAKACgAoAKACgAoAKACgAoAKACgAoAKACgAoAKACgAoAKACgAoAKACgAoAKACgAoAKACgAoAKACgAoAKACgAoAKACgAoAKACgAoAKACgAoAKACgAoAKACgAoAKACgAoAKACgAoAKACgAoAKACgAoAKACgAoAKACgAoAKACgAoAKACgAoAKACgAoAKACgAoAKACgAoAKACgAoAKACgAoAKACgAoAKACgAoAKACgAoAKACgAoAKACgAoAKACgAoAKACgAoAKACgAoAKACgAoAKACgAoAKACgAoAKACgAoAKACgAoAKACgAoAKACgAoAKACgAoAKACgAoAKACgAoAKACgAoAKACgAoAKACgAoAKACgAoAKACgAoAKACgAoAKACgAoAKACgAoA//9k=","timing":5285,"timestamp":8.650058478497999E12},{"data":"/9j/4AAQSkZJRgABAQAAAQABAAD/2wCEAAMCAgMCAgMDAwMEAwMEBQgFBQQEBQoHBwYIDAoMDAsKCwsNDhIQDQ4RDgsLEBYQERMUFRUVDA8XGBYUGBIUFRQBAwQEBQQFCQUFCRQNCw0UFBQUFBQUFBQUFBQUFBQUFBQUFBQUFBQUFBQUFBQUFBQUFBQUFBQUFBQUFBQUFBQUFP/AABEIANUAeAMBEQACEQEDEQH/xAGiAAABBQEBAQEBAQAAAAAAAAAAAQIDBAUGBwgJCgsQAAIBAwMCBAMFBQQEAAABfQECAwAEEQUSITFBBhNRYQcicRQygZGhCCNCscEVUtHwJDNicoIJChYXGBkaJSYnKCkqNDU2Nzg5OkNERUZHSElKU1RVVldYWVpjZGVmZ2hpanN0dXZ3eHl6g4SFhoeIiYqSk5SVlpeYmZqio6Slpqeoqaqys7S1tre4ubrCw8TFxsfIycrS09TV1tfY2drh4uPk5ebn6Onq8fLz9PX29/j5+gEAAwEBAQEBAQEBAQAAAAAAAAECAwQFBgcICQoLEQACAQIEBAMEBwUEBAABAncAAQIDEQQFITEGEkFRB2FxEyIygQgUQpGhscEJIzNS8BVictEKFiQ04SXxFxgZGiYnKCkqNTY3ODk6Q0RFRkdISUpTVFVWV1hZWmNkZWZnaGlqc3R1dnd4eXqCg4SFhoeIiYqSk5SVlpeYmZqio6Slpqeoqaqys7S1tre4ubrCw8TFxsfIycrS09TV1tfY2dri4+Tl5ufo6ery8/T19vf4+fr/2gAMAwEAAhEDEQA/APh3wzoB168ZWcxwRAF2HXnoB78H8qANnXvA0dlYvc2csjmIFnWUg5XuRgDpQBxtABQAUAFABQAUAFABQAUAFAGhoWktrWpR2ytsXBZ3xnaB/kD8aAOp1TwFBFYSSWs8pmjUttkwQ2BnAwOKAOGoA6Hwfr8WiXcq3CnyJsbpF5KEZxx6c0AbviDxnYy6dNBaMbh5kMZ+UqFBGCeQKAOCOSaADFABigAxQAYoAMUAGKADFABigAxQBreGNXTRdVSaVS0LKUfHUA9x+VAHX6n4205bKYW7tPMylVQIwwSO5IH6UAecgYAoA3vsEH/PMUAH2CD/AJ5igA+wQf8APMUAH2CD/nmKAD7BB/zzFAB9gg/55igA+wQf88xQAfYIP+eYoAPsEH/PMUAH2CD/AJ5igA+wQf8APMUAH2CD/nmKAD7BB/zzFAB9gg/55igA+wQf88xQBYoAKACgAoAKACgAoAKACgAoAKACgAoAKACgAoAKACgAoAKACgAoAKACgAoAKACgAoAKACgAoAKACgAoAKACgAoAKACgAoAKACgAoAKACgAoAKACgAoAKACgAoAKACgAoAKACgAoAKACgAoAKACgAoAKACgAoAKACgAoAKACgAoAKACgAoAKACgAoAKACgAoAKACgAoAKACgAoAKACgAoAKACgAoAKACgAoAKACgAoAKACgAoAKACgAoAKACgAoAKACgAoAKACgAoAKACgAoAKACgBUKh13DK55A9KAOjNh4P7a7rZ/7gsP/AMl0AH2Dwh/0HNb/APBND/8AJdAB9g8If9BzW/8AwTQ//JdAB9g8If8AQc1v/wAE0P8A8l0AH2Dwh/0HNb/8E0P/AMl0AH2Dwh/0HNb/APBND/8AJdAB9g8If9BzW/8AwTQ//JdAB9g8If8AQc1v/wAE0P8A8l0AH2Dwh/0HNb/8E0P/AMl0AH2Dwh/0HNb/APBND/8AJdAB9g8If9BzW/8AwTQ//JdAB9g8If8AQc1v/wAE0P8A8l0AAsPB/fXNb/8ABND/APJdAGDerbrdyraSSS2wYiOSaMRu69iyhmCk9cBjj1NAENABQAUAFABQAUAFABQAUAFABQAUAFABQAUAFABQAUAFABQAUAFABQAUAFABQAUAFABQAUAIeQe1ACfN7UAGG9qADDe1ABhvagAw3tQAYb2oAMN7UAGG9qADDe1ABhvagAw3tQAYb2oAPm9qAFGcc9aAFoA3tM8PW1/YQzvJMjODkIwx1PtQBa/4RO0/57XH/fS//E0AH/CJ2n/Pa4/76X/4mgDI1rTI9MljSF3bepJMmCf0AoA1z4TtP+es4+jLj+VAB/widp/z2uP++l/+JoAP+ETtP+e1x/30v/xNAHP6narY38tujMyJjBY88gH+tAFegAoAKACgAoAKACgDd0nxFb2NhFBJDMXTOSgXHX60AW/+EttP+eFz+S/40AH/AAltp/zwufyX/GgDH1zVI9TljeFHQKpGJAOv4GgDYHi20xzBcZ74C/40AH/CW2n/ADwufyX/ABoAP+EttP8Anhc/kv8AjQBgandJfahLcRqyo+MB8Z6Af0oArUAFABQAUAFABQAUAFABmgAzQAUAFABmgAzQAUAFABQAUAFABQAUAFABQAUAFABQAUAFABQAUAFABQAUAFABQAUAFABQAUAFABQAUAFABQAUAFABQAUAFABQAUAFABQAUAFABQAUAFABQAUAFABQAUAFABQAUAFABQAUAFABQAUAFABQAUAFABQAUAFABQAUAFABQAUAFABQAUAFABQAUAFABQAUAFABQAUAFABQAUAFABQAUAFABQAUAFABQAUAFABQAUAFABQAUAFABQAUAFABQAUAFABQAUAFABQAUAZP9sv/AM8l/OgA/tl/+eS/nQAf2y//ADyX86AD+2X/AOeS/nQAf2y//PJfzoAP7Zf/AJ5L+dAB/bL/APPJfzoAP7Zf/nkv50AH9sv/AM8l/OgA/tl/+eS/nQAf2y//ADyX86AD+2X/AOeS/nQAf2y//PJfzoAP7Zf/AJ5L+dAB/bL/APPJfzoAz6ACgAoAKACgAoAKACgAoAKACgAoAKACgAoA/wD/2Q==","timing":5945,"timestamp":8650059139098},{"data":"/9j/4AAQSkZJRgABAQAAAQABAAD/2wCEAAMCAgMCAgMDAwMEAwMEBQgFBQQEBQoHBwYIDAoMDAsKCwsNDhIQDQ4RDgsLEBYQERMUFRUVDA8XGBYUGBIUFRQBAwQEBQQFCQUFCRQNCw0UFBQUFBQUFBQUFBQUFBQUFBQUFBQUFBQUFBQUFBQUFBQUFBQUFBQUFBQUFBQUFBQUFP/AABEIANUAeAMBEQACEQEDEQH/xAGiAAABBQEBAQEBAQAAAAAAAAAAAQIDBAUGBwgJCgsQAAIBAwMCBAMFBQQEAAABfQECAwAEEQUSITFBBhNRYQcicRQygZGhCCNCscEVUtHwJDNicoIJChYXGBkaJSYnKCkqNDU2Nzg5OkNERUZHSElKU1RVVldYWVpjZGVmZ2hpanN0dXZ3eHl6g4SFhoeIiYqSk5SVlpeYmZqio6Slpqeoqaqys7S1tre4ubrCw8TFxsfIycrS09TV1tfY2drh4uPk5ebn6Onq8fLz9PX29/j5+gEAAwEBAQEBAQEBAQAAAAAAAAECAwQFBgcICQoLEQACAQIEBAMEBwUEBAABAncAAQIDEQQFITEGEkFRB2FxEyIygQgUQpGhscEJIzNS8BVictEKFiQ04SXxFxgZGiYnKCkqNTY3ODk6Q0RFRkdISUpTVFVWV1hZWmNkZWZnaGlqc3R1dnd4eXqCg4SFhoeIiYqSk5SVlpeYmZqio6Slpqeoqaqys7S1tre4ubrCw8TFxsfIycrS09TV1tfY2dri4+Tl5ufo6ery8/T19vf4+fr/2gAMAwEAAhEDEQA/APgL9KAL2qaDqeiLE1/p1zZpI5jDTRkDdgnGemcAn8KAKNABQB0Wm/DzxFrPh2PW9P0m4v8AT5Ls2KNagSuZgYQV8tSXAzcQKGK7S0qKCWOKAJYvhh4sn0e41WPQL19Pt7Sa+lnEfypDFOlvKx7/ACSyIrDqu9SRg5oArSeAPE0M1rG2gah5l3dy2FtEsDGWW5iVDNCIwN29PNjyMZG6gCa1+G3iq+0zT9QtfDup3dpqBuPsr29q0hmEG3zmCqCdq7wC2MZDDOVbABn3/hbWNLsftl3pd5b2vmPC07wkIkisUaNz/C4YYKnB6eooAuz/AA68V215NaTeGNZiuoXijlgfT5Q8bSttiVlK5BcghQfvEYGaAII/BeuM92j6VdW72v2gSi5j8na0ADTp8+PnQMpZRyMjI5FAGLQAUAFABQAY9qAOq8VfFDxZ4206Kw13X9Q1SzilEyQXVw8iK4DAEBiccO350Acrg0AGDQB2+g/FnVvD3glvCsFlYTaVNePcXYmSQveRO1q72shDjETPZW7ZQLICnDgHFAHQW37Sfiyy0DUdHt4rGO21Bt93IwmkmmZLtry3YyPKx3QzvI6kcvvIlMoAAAOWuPiTf3njCPXrmw0+5iitWsYNIlRzZQWxthbCJF37xiMLiTf5hZd5csSxAOt+I/7TPi34nnVX1O3021m1OSWW6lsI5Y2cubcADMh2hI7S3iXbj5Y8tudmdgClrn7QXibxB4X1jQbm300WWqtdNcOkLiTM95a3bkEuRkSWcYGQflZ85JDAA6zxP+194g1vx/ceJ7Hw3oembdW/tSwtnjkme1H9pHUWieXepmDz7WfcMDB8oQh2UgHAt8ZvEMvhqx0OUW0lpZ6fLpkbFXUm3cSbVYBgrMjXF0yuV3A3EgJK7VUA4PHtQAYNABg0AGKAN46bATnyxQAn9mwf881oAP7Ng/55rQAf2bB/zzWgA/s2D/nmtAB/ZsH/ADzWgA/s2D/nmtAB/ZsH/PNaAD+zYP8AnmtAB/ZsH/PNaAD+zYP+ea0AH9mwf881oAP7Ng/55rQAf2bB/wA81oABptvn/VigC3QAUAFABQAUAFABQAUAFABQAUAFABQAUAFABQAUAFABQAUAFABQAUAFABQAUAFABQAUAFABQAUAFABQAUAFABQAUAFABQAUAFABQAUAFABQAUAFABQAUAFABQAUAFABQAUAFABQAUAFABQAUAFABQAUAFABQAUAFABQAUAFABQAUAFABQAUAFABQAUAFABQAUAFABQAUAFABQAUAFABQAUAFABQAUAFABQAUAFABQAUAFABQAUAFABQAUAFABQAUAFABQAUAFABQAUAFABQAUAFABQAUAFAHW6N8L9b8Q6XDeaatveNKkbpapMBMwaS4T5VONxBtpCQpJwQcYDFQCppvgHWNYeySyhjuJbyc20EYlCs8oUMV+bG35WQ5OANwyRzgAYngq9+0xRzz2lpC00kMlzNNiOEoQHLkAkAZzwDnHGTgEAwCMGgAoAKACgDU8K+Hrjxb4m0nQ7R4orrUruKzieYkIryOFUsQCcZIzgE47GgDuvif8DLr4c6BBrcOrwaxpT6hNpUkiqsciXMTOG+VXcFG8tipyGxjcq5FAHmNABQAUAFABQAUATwtahcyxTSOepWYKPy2n+dAD/Msf8An3uP/Ahf/iKADzLH/n3uP/Ahf/iKADzLH/n3uP8AwIX/AOIoAPMsf+fe4/8AAhf/AIigA8yx/wCfe4/8CF/+IoAPMsf+fe4/8CF/+IoAmtL+3sLuG5tkvLe4gdZYpoboI6OpyrKwTIIIBBFAGn4i8a3XilIV1BppFhLvHFGYoYhI2N8hSOJVLsQu5iNzYGScUAc5QAUAFABQAUAFABQAUAFABQAUAFABQAenvxQAgORxQAtABQAUAFABQAUAdhCvg+78LW0LyyWuuJbXEsk4Emxpcv5MR4cNnEZ4WNVG/LsWAQAs6rpHgRrCVtO128+2h5GhUxGSJkDvsVsqpy0YjIZSRuZgwTAJALkdr8PNOs724D3es3cUcEkVkbmRFmY3Q82NX+zIUIgQ/M4x+9OASnIB51QAUAFABQBseDNJtdf8YaHpd7ObWyvr6C2nnVgDHG8iqzZPHAJPPFAHr/7Unwx8JfD+Xw5ceFndBem6intWuIphGsbr5bAx9ismAWyzBAW+ctkA8IoAKACgAoAKACgBSzMqjJAHpQAmG9W/M0AGG9W/M0AByO7fmaADk92/M0AGG9W/M0AGG9W/M0AHI7t+ZoAQ5P8AE3fv7UALQAUAFABQAUAFAFDVbqS2EflttyTnigDW8OeC/FXi5NLbSLQ3f9o3j2FuPNiTzJlMClBuYYJa6gAJwCXGCcHABpN8KPHiWqzyaUyJ5d/MxM8R2pZLuuSQGJGza4PrgYyeKAOPsb+ea6jR3ypzkYHoaAJtUupbeSMRvtBBzwKAN9PAHi19B0fVzbxxWGsru06aa5hjFwfPe3wNzDpLGynOAuULEB1JAMzWND13QnmS8UQywxJM6M8ZOxmwCMMc9VOByM84oAoadezT3G133Lg9qANSgAoAKACgAoAKACgClqVm92E2Y+XPU0APs73XtP06TT7XVbq30+R2le0iuXWF3MbRsxQHBJjd0JI5ViOhIoAfJqfiGZUWTWL2QJG0KbrqQ7EaIQsq88AxKsZA/gAXpxQBRs9OlguUdiu0Z6H2NAE2pWUl06FCvygg5NAF7T9f8U6RYTWNj4g1Kysprc2kttbX0scckBZ2MTKCAULSSHaeMuxx8xyAQapqPiDXM/2lq13qJIYZu7l5eDI0jD5ieC7s59WYnqc0AVbCwltp97lcYI4NAGlQAUAFABQAUAFABQAUAFABQAUAFABQAUAFABQAUAFABQAUAFABQAUAFABQAUAFABQAUAFABQAUAFABQAUAFABQAUAFABQAUAFABQAUAFABQAUAFABQAUAFABQAUAFABQAUAFABQAUAFABQAUAFABQAUAFABQAUAFABQAUAFABQAUAFABQAUAFABQAUAFABQAUAFABQAUAFABQAUAFABQAUAFABQAUAFABQAUAFABQAUAFABQAUAFABQAUAFABQBFDaa3cXNvbxaLeS3FyI2ghjt3Z5Q5AQqoGWDEgDHXNAFjU9E8SaLIkeo+HtQsJHhFwsd1aSRsYi/liQBgDtL/ID03AjrxQBWlttZhurm1k0e7S6tTKJ4DA4kiMYcy7lxkbBHJuz02NnGDQA6Wx12GJpX0O9WJYUuGkNtJtETSCNZM4xtLsEDdCxA6mgCiNQuiHP2U/IcNwfl4J5/AE/QZoAWe+u7YZltGjGSMspAyCQf1Vh9QfSgCH+2n/55r+dAB/bT/8APNfzoAP7af8A55r+dAB/bT/881/OgA/tp/8Anmv50AH9tP8A881/OgA/tp/+ea/nQAf20/8AzzX86AD+2n/55r+dAF+/+Imv6lq0d9e3cV9e26RwJcXNpDI4WMoyHJT7w2Iu7qUXYSU+WgB2r+Pdc1e2s9PvrxLm1stscKG3iXaBLcTAAqoOPMup2I6HeBjCoFAIbTxrrGnzWuoW935UpEsUSiJNsSyIUcBdu0ArxhQAO3ODQBpW3xS8WDUpb9dalN49pLpyyyRI/k28iMjRxKVxCu2RwBGF2hjt25oAp6L8UPEWm395c298DcXlvBaXLXMMc4mhtzFJDGyupBANvEMEEEAhgQSCAUb/AMQ6neacdOuLrzbMXb3Rj2KMzFVVnzjPIA4zjj1NAGXQAUAFABQAUAFABQAUAFAH/9k=","timing":6606,"timestamp":8650059799698}]}},"meta-viewport":{"displayValue":"","score":false,"helpText":"Disabling zooming is problematic for users with low vision who rely on screen magnification to properly see the contents of a web page. [Learn more](https://dequeuniversity.com/rules/axe/2.2/meta-viewport?application=lighthouse).","rawValue":false,"extendedInfo":{"value":{"help":"Zooming and scaling must not be disabled","nodes":[{"failureSummary":"Fix any of the following:\n  <meta> tag disables zooming on mobile devices","snippet":"<meta name=\"viewport\" content=\"width=device-width,initial-scale=1,maximum-scale=1,minimum-scale=1,user-scalable=no\">","path":"1,HTML,1,HEAD,1,META","impact":"critical","html":"<meta name=\"viewport\" content=\"width=device-width,initial-scale=1,maximum-scale=1,minimum-scale=1,user-scalable=no\">","target":["meta[name=\"viewport\"]"]}],"impact":"critical","description":"Ensures <meta name=\"viewport\"> does not disable text scaling and zooming","helpUrl":"https://dequeuniversity.com/rules/axe/3.0/meta-viewport?application=axeAPI","id":"meta-viewport","tags":["cat.sensory-and-visual-cues","wcag2aa","wcag144"]}},"name":"meta-viewport","description":"`[user-scalable=\"no\"]` is used in the `<meta name=\"viewport\">` element or the `[maximum-scale]` attribute is less than 5.","scoringMode":"binary","details":{"header":{"text":"View failing elements","type":"text"},"type":"list","items":[{"snippet":"<meta name=\"viewport\" content=\"width=device-width,initial-scale=1,maximum-scale=1,minimum-scale=1,user-scalable=no\">","path":"1,HTML,1,HEAD,1,META","selector":"meta[name=\"viewport\"]","type":"node"}]}},"visual-order-follows-dom":{"displayValue":"","score":false,"helpText":"DOM order matches the visual order, improving navigation for assistive technology. [Learn more](https://developers.google.com/web/fundamentals/accessibility/how-to-review#try_it_with_a_screen_reader).","rawValue":false,"name":"visual-order-follows-dom","description":"Visual order on the page follows DOM order","scoringMode":"binary","informative":true,"manual":true},"works-offline":{"displayValue":"","score":false,"helpText":"If you're building a Progressive Web App, consider using a service worker so that your app can work offline. [Learn more](https://developers.google.com/web/tools/lighthouse/audits/http-200-when-offline).","rawValue":false,"name":"works-offline","description":"Does not respond with a 200 when offline","scoringMode":"binary"},"definition-list":{"displayValue":"","score":false,"helpText":"When definition lists are not properly marked up, screen readers may produce confusing or inaccurate output. [Learn more](https://dequeuniversity.com/rules/axe/2.2/definition-list?application=lighthouse).","rawValue":false,"name":"definition-list","description":"`<dl>`'s do not contain only properly-ordered `<dt>` and `<dd>` groups, `<script>` or `<template>` elements.","scoringMode":"binary","informative":true,"notApplicable":true},"password-inputs-can-be-pasted-into":{"displayValue":"","score":true,"helpText":"Preventing password pasting undermines good security policy. [Learn more](https://www.ncsc.gov.uk/blog-post/let-them-paste-passwords)","rawValue":true,"extendedInfo":{"value":[]},"name":"password-inputs-can-be-pasted-into","description":"Allows users to paste into password fields","scoringMode":"binary","details":{"header":{"text":"Password inputs that prevent pasting into","type":"text"},"type":"list","items":[]}},"html-lang-valid":{"displayValue":"","score":false,"helpText":"Specifying a valid [BCP 47 language](https://www.w3.org/International/questions/qa-choosing-language-tags#question) helps screen readers announce text properly. [Learn more](https://dequeuniversity.com/rules/axe/2.2/valid-lang?application=lighthouse).","rawValue":false,"name":"html-lang-valid","description":"`<html>` element does not have a valid value for its `[lang]` attribute.","scoringMode":"binary","informative":true,"notApplicable":true},"splash-screen":{"displayValue":"","score":false,"debugString":"Failures: No manifest was fetched.","helpText":"A themed splash screen ensures a high-quality experience when users launch your app from their homescreens. [Learn more](https://developers.google.com/web/tools/lighthouse/audits/custom-splash-screen).","rawValue":false,"extendedInfo":{"value":{"failures":["No manifest was fetched"],"manifestValues":{"parseFailureReason":"No manifest was fetched","allChecks":[],"isParseFailure":true}}},"name":"splash-screen","description":"Is not configured for a custom splash screen","scoringMode":"binary"},"label":{"displayValue":"","score":true,"helpText":"Labels ensure that form controls are announced properly by assistive technologies, like screen readers. [Learn more](https://dequeuniversity.com/rules/axe/2.2/label?application=lighthouse).","rawValue":true,"extendedInfo":{},"name":"label","description":"Form elements have associated labels","scoringMode":"binary","details":{"header":{"text":"View failing elements","type":"text"},"type":"list","items":[]}},"uses-webp-images":{"displayValue":"","score":100,"helpText":"Image formats like JPEG 2000, JPEG XR, and WebP often provide better compression than PNG or JPEG, which means faster downloads and less data consumption. [Learn more](https://developers.google.com/web/tools/lighthouse/audits/webp).","rawValue":0,"extendedInfo":{"value":{"wastedKb":0,"wastedMs":0,"results":[]}},"name":"uses-webp-images","description":"Serve images in next-gen formats","scoringMode":"binary","informative":true,"details":{"itemHeaders":[{"itemType":"thumbnail","text":"","type":"text"},{"itemType":"url","text":"URL","type":"text"},{"itemType":"text","text":"Original","type":"text"},{"itemType":"text","text":"Potential Savings","type":"text"}],"header":"View Details","type":"table","items":[]}},"speed-index-metric":{"displayValue":"5,723","score":48,"helpText":"Speed Index shows how quickly the contents of a page are visibly populated. [Learn more](https://developers.google.com/web/tools/lighthouse/audits/speed-index).","rawValue":5723,"extendedInfo":{"value":{"frames":[{"progress":0,"timestamp":8.650053193698E9},{"progress":0,"timestamp":8.650053950668E9},{"progress":0,"timestamp":8.650057717184E9},{"progress":78.47020210836772,"timestamp":8.650058783808E9},{"progress":79.55400014666994,"timestamp":8.650058883804E9},{"progress":84.25733274045653,"timestamp":8.65005906713E9},{"progress":90.99914379891193,"timestamp":8.650059217124E9},{"progress":92.49290629372531,"timestamp":8.65005965044E9},{"progress":100.00000000000001,"timestamp":8.650059800434E9}],"timestamps":{"firstVisualChange":8650058783698,"perceptualSpeedIndex":8.650058916695168E12,"visuallyComplete":8650059799698,"visuallyReady":8.650059217124001E12},"timings":{"firstVisualChange":5590,"perceptualSpeedIndex":5722.997167414955,"visuallyComplete":6606,"visuallyReady":6023.426000595093}}},"name":"speed-index-metric","description":"Perceptual Speed Index","scoringMode":"numeric"},"bypass":{"displayValue":"","score":true,"helpText":"Adding ways to bypass repetitive content lets keyboard users navigate the page more efficiently. [Learn more](https://dequeuniversity.com/rules/axe/2.2/bypass?application=lighthouse).","rawValue":true,"extendedInfo":{},"name":"bypass","description":"The page contains a heading, skip link, or landmark region","scoringMode":"binary","details":{"header":{"text":"View failing elements","type":"text"},"type":"list","items":[]}},"http-status-code":{"displayValue":"","score":null,"debugString":"Audit error: Unable to identify the main resource","helpText":"Pages with unsuccessful HTTP status codes may not be indexed properly. [Learn more](https://developers.google.com/web/tools/lighthouse/audits/successful-http-code).","rawValue":null,"name":"http-status-code","description":"Page has unsuccessful HTTP status code","scoringMode":"binary","error":true},"viewport":{"displayValue":"","score":true,"debugString":"","helpText":"Add a viewport meta tag to optimize your app for mobile screens. [Learn more](https://developers.google.com/web/tools/lighthouse/audits/has-viewport-meta-tag).","rawValue":true,"name":"viewport","description":"Has a `<meta name=\"viewport\">` tag with `width` or `initial-scale`","scoringMode":"binary"},"estimated-input-latency":{"displayValue":"50 ms","score":95,"helpText":"The score above is an estimate of how long your app takes to respond to user input, in milliseconds. There is a 90% probability that a user encounters this amount of latency, or less. 10% of the time a user can expect additional latency. If your latency is higher than 50 ms, users may perceive your app as laggy. [Learn more](https://developers.google.com/web/tools/lighthouse/audits/estimated-input-latency).","rawValue":49.8,"extendedInfo":{"value":[{"percentile":0.5,"time":16},{"percentile":0.75,"time":16},{"percentile":0.9,"time":49.84405833333335},{"percentile":0.99,"time":161.88252333333307},{"percentile":1,"time":209.04299999999876}]},"name":"estimated-input-latency","description":"Estimated Input Latency","scoringMode":"numeric"},"redirects":{"displayValue":"","score":null,"debugString":"Audit error: Unable to identify the main resource","helpText":"Redirects introduce additional delays before the page can be loaded. [Learn more](https://developers.google.com/speed/docs/insights/AvoidRedirects).","rawValue":null,"name":"redirects","description":"Has multiple page redirects","scoringMode":"binary","error":true},"load-fast-enough-for-pwa":{"displayValue":"","score":true,"helpText":"A fast page load over a 3G network ensures a good mobile user experience. [Learn more](https://developers.google.com/web/tools/lighthouse/audits/fast-3g).","rawValue":true,"extendedInfo":{"value":{"isFast":true,"timeToFirstInteractive":6460.149,"firstRequestLatencies":[{"latency":"566.29","url":"http://web/"},{"latency":"579.72","url":"https://cdnjs.cloudflare.com/ajax/libs/Chart.js/2.7.1/Chart.min.js"},{"latency":"571.48","url":"https://unpkg.com/vue-chartjs/dist/vue-chartjs.min.js"},{"latency":"578.93","url":"https://fonts.gstatic.com/s/roboto/v18/KFOmCnqEu92Fr1Mu4mxK.woff2"}],"areLatenciesAll3G":true}},"name":"load-fast-enough-for-pwa","description":"Page load is fast enough on 3G","scoringMode":"binary"},"font-display":{"displayValue":"","score":false,"helpText":"Leverage the font-display CSS feature to ensure text is user-visible while webfonts are loading. [Learn more](https://developers.google.com/web/updates/2016/02/font-display).","rawValue":false,"name":"font-display","description":"Avoid invisible text while webfonts are loading","scoringMode":"binary","details":{"itemHeaders":[{"itemType":"url","text":"Font URL","type":"text"},{"itemType":"text","text":"Font download time","type":"text"}],"header":"View Details","type":"table","items":[[{"text":"https://fonts.gstatic.com/s/roboto/v18/KFOmCnqEu92Fr1Mu4mxK.woff2","type":"url"},{"text":"884 ms","type":"text"}],[{"text":"https://fonts.gstatic.com/s/materialicons/v37/flUhRq6tzZclQEJ-Vdg-IuiaDsNc.woff2","type":"url"},{"text":"1,066 ms","type":"text"}],[{"text":"https://fonts.gstatic.com/s/roboto/v18/KFOlCnqEu92Fr1MmEU9fBBc4.woff2","type":"url"},{"text":"875 ms","type":"text"}]]}},"layout-table":{"displayValue":"","score":false,"helpText":"A table being used for layout purposes should not include data elements, such as the th or caption elements or the summary attribute, because this can create a confusing experience for screen reader users. [Learn more](https://dequeuniversity.com/rules/axe/2.2/layout-table?application=lighthouse).","rawValue":false,"name":"layout-table","description":"Presentational `<table>` elements do not avoid using `<th>`, `<caption>` or the `[summary]` attribute.","scoringMode":"binary","informative":true,"notApplicable":true}},"url":"http://web/#/"}
61.94117647058823
The variable of type Double with the value 61.94117647058823 is LOWER_THAN 655.94117647058823
]]></system-out>
    </rerunFailure>
    <rerunFailure message="expected:&lt;false&gt; but was:&lt;true&gt;" type="java.lang.AssertionError"><![CDATA[java.lang.AssertionError: expected:<false> but was:<true>
	at org.junit.Assert.fail(Assert.java:88)
	at org.junit.Assert.failNotEquals(Assert.java:834)
	at org.junit.Assert.assertEquals(Assert.java:118)
	at org.junit.Assert.assertEquals(Assert.java:144)
	at io.jenkins.plugins.sample.LighthousePluginTest.Test_NegativeEquals(LighthousePluginTest.java:43)
	at sun.reflect.NativeMethodAccessorImpl.invoke0(Native Method)
	at sun.reflect.NativeMethodAccessorImpl.invoke(NativeMethodAccessorImpl.java:62)
	at sun.reflect.DelegatingMethodAccessorImpl.invoke(DelegatingMethodAccessorImpl.java:43)
	at java.lang.reflect.Method.invoke(Method.java:498)
	at org.junit.runners.model.FrameworkMethod$1.runReflectiveCall(FrameworkMethod.java:50)
	at org.junit.internal.runners.model.ReflectiveCallable.run(ReflectiveCallable.java:12)
	at org.junit.runners.model.FrameworkMethod.invokeExplosively(FrameworkMethod.java:47)
	at org.junit.internal.runners.statements.InvokeMethod.evaluate(InvokeMethod.java:17)
	at org.junit.runners.ParentRunner.runLeaf(ParentRunner.java:325)
	at org.junit.runners.BlockJUnit4ClassRunner.runChild(BlockJUnit4ClassRunner.java:78)
	at org.junit.runners.BlockJUnit4ClassRunner.runChild(BlockJUnit4ClassRunner.java:57)
	at org.junit.runners.ParentRunner$3.run(ParentRunner.java:290)
	at org.junit.runners.ParentRunner$1.schedule(ParentRunner.java:71)
	at org.junit.runners.ParentRunner.runChildren(ParentRunner.java:288)
	at org.junit.runners.ParentRunner.access$000(ParentRunner.java:58)
	at org.junit.runners.ParentRunner$2.evaluate(ParentRunner.java:268)
	at org.junit.runners.ParentRunner.run(ParentRunner.java:363)
	at org.apache.maven.surefire.junit4.JUnit4Provider.executeFailedMethod(JUnit4Provider.java:379)
	at org.apache.maven.surefire.junit4.JUnit4Provider.executeWithRerun(JUnit4Provider.java:290)
	at org.apache.maven.surefire.junit4.JUnit4Provider.executeTestSet(JUnit4Provider.java:236)
	at org.apache.maven.surefire.junit4.JUnit4Provider.invoke(JUnit4Provider.java:159)
	at org.apache.maven.surefire.booter.ForkedBooter.invokeProviderInSameClassLoader(ForkedBooter.java:386)
	at org.apache.maven.surefire.booter.ForkedBooter.runSuitesInProcess(ForkedBooter.java:323)
	at org.apache.maven.surefire.booter.ForkedBooter.main(ForkedBooter.java:143)
]]>
      <system-out><![CDATA[{"initialUrl":"http://web:80/#/","generatedTime":"2018-06-24T16:18:28.384Z","score":30,"reportCategories":[{"score":61.94117647058823,"name":"Performance","description":"These encapsulate your web app's current performance and opportunities to improve it.","id":"performance","audits":[{"result":{"displayValue":"4,520 ms","score":40,"helpText":"First meaningful paint measures when the primary content of a page is visible. [Learn more](https://developers.google.com/web/tools/lighthouse/audits/first-meaningful-paint).","rawValue":4521.8,"extendedInfo":{"value":{"timestamps":{"fCP":8650057715484,"endOfTrace":8650064967436,"fMP":8650057715493,"onLoad":8650058566647,"navStart":8650053193698},"fmpFellBack":false,"timings":{"fCP":4521.786,"endOfTrace":11773.738,"fMP":4521.795,"onLoad":5372.949,"navStart":0}}},"name":"first-meaningful-paint","description":"First meaningful paint","scoringMode":"numeric"},"score":40,"weight":5,"id":"first-meaningful-paint","group":"perf-metric"},{"result":{"displayValue":"6,460 ms","score":71,"helpText":"First Interactive marks the time at which the page is minimally interactive. [Learn more](https://developers.google.com/web/tools/lighthouse/audits/first-interactive).","rawValue":6460.149,"extendedInfo":{"value":{"timeInMs":6460.149,"timestamp":8650059653847}},"name":"first-interactive","description":"First Interactive (beta)","scoringMode":"numeric"},"score":71,"weight":5,"id":"first-interactive","group":"perf-metric"},{"result":{"displayValue":"6,460 ms","score":71,"helpText":"Consistently Interactive marks the time at which the page is fully interactive. [Learn more](https://developers.google.com/web/tools/lighthouse/audits/consistently-interactive).","rawValue":6460.149,"extendedInfo":{"value":{"timeInMs":6460.149,"cpuQuietPeriod":{"start":8.650059653847E9,"end":8.650064967436E9},"networkQuietPeriods":[{"start":8.650059532223999E9,"end":8.650064967436E9}],"networkQuietPeriod":{"start":8.650059532223999E9,"end":8.650064967436E9},"cpuQuietPeriods":[{"start":8.650059653847E9,"end":8.650064967436E9}],"timestamp":8650059653847}},"name":"consistently-interactive","description":"Consistently Interactive (beta)","scoringMode":"numeric"},"score":71,"weight":5,"id":"consistently-interactive","group":"perf-metric"},{"result":{"displayValue":"5,723","score":48,"helpText":"Speed Index shows how quickly the contents of a page are visibly populated. [Learn more](https://developers.google.com/web/tools/lighthouse/audits/speed-index).","rawValue":5723,"extendedInfo":{"value":{"frames":[{"progress":0,"timestamp":8.650053193698E9},{"progress":0,"timestamp":8.650053950668E9},{"progress":0,"timestamp":8.650057717184E9},{"progress":78.47020210836772,"timestamp":8.650058783808E9},{"progress":79.55400014666994,"timestamp":8.650058883804E9},{"progress":84.25733274045653,"timestamp":8.65005906713E9},{"progress":90.99914379891193,"timestamp":8.650059217124E9},{"progress":92.49290629372531,"timestamp":8.65005965044E9},{"progress":100.00000000000001,"timestamp":8.650059800434E9}],"timestamps":{"firstVisualChange":8650058783698,"perceptualSpeedIndex":8.650058916695168E12,"visuallyComplete":8650059799698,"visuallyReady":8.650059217124001E12},"timings":{"firstVisualChange":5590,"perceptualSpeedIndex":5722.997167414955,"visuallyComplete":6606,"visuallyReady":6023.426000595093}}},"name":"speed-index-metric","description":"Perceptual Speed Index","scoringMode":"numeric"},"score":48,"weight":1,"id":"speed-index-metric","group":"perf-metric"},{"result":{"displayValue":"50 ms","score":95,"helpText":"The score above is an estimate of how long your app takes to respond to user input, in milliseconds. There is a 90% probability that a user encounters this amount of latency, or less. 10% of the time a user can expect additional latency. If your latency is higher than 50 ms, users may perceive your app as laggy. [Learn more](https://developers.google.com/web/tools/lighthouse/audits/estimated-input-latency).","rawValue":49.8,"extendedInfo":{"value":[{"percentile":0.5,"time":16},{"percentile":0.75,"time":16},{"percentile":0.9,"time":49.84405833333335},{"percentile":0.99,"time":161.88252333333307},{"percentile":1,"time":209.04299999999876}]},"name":"estimated-input-latency","description":"Estimated Input Latency","scoringMode":"numeric"},"score":95,"weight":1,"id":"estimated-input-latency","group":"perf-metric"},{"result":{"displayValue":"","score":100,"helpText":"External stylesheets are blocking the first paint of your page. Consider delivering critical CSS via `<style>` tags and deferring non-critical styles. [Learn more](https://developers.google.com/web/tools/lighthouse/audits/blocking-resources).","rawValue":0,"extendedInfo":{"value":{"wastedMs":"0 ms","results":[]}},"name":"link-blocking-first-paint","description":"Reduce render-blocking stylesheets","scoringMode":"binary","informative":true,"details":{"itemHeaders":[{"itemType":"url","text":"URL","type":"text"},{"itemType":"text","text":"Size (KB)","type":"text"},{"itemType":"text","text":"Delayed Paint By (ms)","type":"text"}],"header":"View Details","type":"table","items":[]}},"score":100,"weight":0,"id":"link-blocking-first-paint","group":"perf-hint"},{"result":{"displayValue":"","score":100,"helpText":"Script elements are blocking the first paint of your page. Consider inlining critical scripts and deferring non-critical ones. [Learn more](https://developers.google.com/web/tools/lighthouse/audits/blocking-resources).","rawValue":0,"extendedInfo":{"value":{"wastedMs":"0 ms","results":[]}},"name":"script-blocking-first-paint","description":"Reduce render-blocking scripts","scoringMode":"binary","informative":true,"details":{"itemHeaders":[{"itemType":"url","text":"URL","type":"text"},{"itemType":"text","text":"Size (KB)","type":"text"},{"itemType":"text","text":"Delayed Paint By (ms)","type":"text"}],"header":"View Details","type":"table","items":[]}},"score":100,"weight":0,"id":"script-blocking-first-paint","group":"perf-hint"},{"result":{"displayValue":"","score":100,"helpText":"Serve images that are appropriately-sized to save cellular data and improve load time. [Learn more](https://developers.google.com/web/tools/lighthouse/audits/oversized-images).","rawValue":0,"extendedInfo":{"value":{"wastedKb":0,"wastedMs":0,"results":[]}},"name":"uses-responsive-images","description":"Properly size images","scoringMode":"binary","informative":true,"details":{"itemHeaders":[{"itemType":"thumbnail","text":"","type":"text"},{"itemType":"url","text":"URL","type":"text"},{"itemType":"text","text":"Original","type":"text"},{"itemType":"text","text":"Potential Savings","type":"text"}],"header":"View Details","type":"table","items":[]}},"score":100,"weight":0,"id":"uses-responsive-images","group":"perf-hint"},{"result":{"displayValue":"","score":100,"helpText":"Consider lazy-loading offscreen and hidden images to improve page load speed and time to interactive. [Learn more](https://developers.google.com/web/tools/lighthouse/audits/offscreen-images).","rawValue":0,"extendedInfo":{"value":{"wastedKb":0,"wastedMs":0,"results":[]}},"name":"offscreen-images","description":"Offscreen images","scoringMode":"binary","informative":true,"details":{"itemHeaders":[{"itemType":"thumbnail","text":"","type":"text"},{"itemType":"url","text":"URL","type":"text"},{"itemType":"text","text":"Original","type":"text"},{"itemType":"text","text":"Potential Savings","type":"text"}],"header":"View Details","type":"table","items":[]}},"score":100,"weight":0,"id":"offscreen-images","group":"perf-hint"},{"result":{"displayValue":"","score":100,"helpText":"Minifying CSS files can reduce network payload sizes. [Learn more](https://developers.google.com/speed/docs/insights/MinifyResources).","rawValue":0,"extendedInfo":{"value":{"wastedKb":0,"wastedMs":0,"results":[]}},"name":"unminified-css","description":"Minify CSS","scoringMode":"binary","informative":true,"details":{"itemHeaders":[{"itemType":"url","text":"URL","type":"text"},{"itemType":"text","text":"Original","type":"text"},{"itemType":"text","text":"Potential Savings","type":"text"}],"header":"View Details","type":"table","items":[]}},"score":100,"weight":0,"id":"unminified-css","group":"perf-hint"},{"result":{"displayValue":"","score":100,"helpText":"Minifying JavaScript files can reduce payload sizes and script parse time. [Learn more](https://developers.google.com/speed/docs/insights/MinifyResources).","rawValue":0,"extendedInfo":{"value":{"wastedKb":0,"wastedMs":0,"results":[]}},"name":"unminified-javascript","description":"Minify JavaScript","scoringMode":"binary","informative":true,"details":{"itemHeaders":[{"itemType":"url","text":"URL","type":"text"},{"itemType":"text","text":"Original","type":"text"},{"itemType":"text","text":"Potential Savings","type":"text"}],"header":"View Details","type":"table","items":[]}},"score":100,"weight":0,"id":"unminified-javascript","group":"perf-hint"},{"result":{"displayValue":"Potential savings of 35 KB (~190 ms)","score":90,"helpText":"Remove unused rules from stylesheets to reduce unnecessary bytes consumed by network activity. [Learn more](https://developers.google.com/speed/docs/insights/OptimizeCSSDelivery)","rawValue":190,"extendedInfo":{"value":{"wastedKb":35,"wastedMs":190,"results":[{"wastedKb":"29 KB","totalKb":"32 KB","wastedMs":"160 ms","totalMs":"170 ms","potentialSavings":"29 KB (93%)","totalBytes":32261,"wastedPercent":92.80281987684556,"wastedBytes":29939,"url":"http://web/static/css/app.a1bcfeb0daa2a3f727390086fd42ee9d.css"},{"wastedKb":"5 KB","totalKb":"6 KB","wastedMs":"30 ms","totalMs":"30 ms","potentialSavings":"5 KB (98%)","totalBytes":5722,"wastedPercent":98.2698357217756,"wastedBytes":5623,"url":{"text":"a { color: #1976d2; } ...","type":"code"}}]}},"name":"unused-css-rules","description":"Unused CSS rules","scoringMode":"binary","informative":true,"details":{"itemHeaders":[{"itemType":"url","text":"URL","type":"text"},{"itemType":"text","text":"Original","type":"text"},{"itemType":"text","text":"Potential Savings","type":"text"}],"header":"View Details","type":"table","items":[[{"text":"http://web/static/css/app.a1bcfeb0daa2a3f727390086fd42ee9d.css","type":"url"},{"text":"32 KB","type":"text"},{"text":"29 KB (93%)","type":"text"}],[{"text":"a { color: #1976d2; } ...","type":"code"},{"text":"6 KB","type":"text"},{"text":"5 KB (98%)","type":"text"}]]}},"score":90,"weight":0,"id":"unused-css-rules","group":"perf-hint"},{"result":{"displayValue":"","score":100,"helpText":"Optimized images load faster and consume less cellular data. [Learn more](https://developers.google.com/web/tools/lighthouse/audits/optimize-images).","rawValue":0,"extendedInfo":{"value":{"wastedKb":0,"wastedMs":0,"results":[]}},"name":"uses-optimized-images","description":"Optimize images","scoringMode":"binary","informative":true,"details":{"itemHeaders":[{"itemType":"thumbnail","text":"","type":"text"},{"itemType":"url","text":"URL","type":"text"},{"itemType":"text","text":"Original","type":"text"},{"itemType":"text","text":"Potential Savings","type":"text"}],"header":"View Details","type":"table","items":[]}},"score":100,"weight":0,"id":"uses-optimized-images","group":"perf-hint"},{"result":{"displayValue":"","score":100,"helpText":"Image formats like JPEG 2000, JPEG XR, and WebP often provide better compression than PNG or JPEG, which means faster downloads and less data consumption. [Learn more](https://developers.google.com/web/tools/lighthouse/audits/webp).","rawValue":0,"extendedInfo":{"value":{"wastedKb":0,"wastedMs":0,"results":[]}},"name":"uses-webp-images","description":"Serve images in next-gen formats","scoringMode":"binary","informative":true,"details":{"itemHeaders":[{"itemType":"thumbnail","text":"","type":"text"},{"itemType":"url","text":"URL","type":"text"},{"itemType":"text","text":"Original","type":"text"},{"itemType":"text","text":"Potential Savings","type":"text"}],"header":"View Details","type":"table","items":[]}},"score":100,"weight":0,"id":"uses-webp-images","group":"perf-hint"},{"result":{"displayValue":"","score":100,"helpText":"Text-based responses should be served with compression (gzip, deflate or brotli) to minimize total network bytes. [Learn more](https://developers.google.com/web/fundamentals/performance/optimizing-content-efficiency/optimize-encoding-and-transfer).","rawValue":0,"extendedInfo":{"value":{"wastedKb":0,"wastedMs":0,"results":[]}},"name":"uses-request-compression","description":"Enable text compression","scoringMode":"binary","informative":true,"details":{"itemHeaders":[{"itemType":"url","text":"Uncompressed resource URL","type":"text"},{"itemType":"text","text":"Original","type":"text"},{"itemType":"text","text":"GZIP Savings","type":"text"}],"header":"View Details","type":"table","items":[]}},"score":100,"weight":0,"id":"uses-request-compression","group":"perf-hint"},{"result":{"displayValue":"","score":null,"debugString":"Audit error: Cannot read property '_timing' of undefined","helpText":"Time To First Byte identifies the time at which your server sends a response. [Learn more](https://developers.google.com/web/tools/chrome-devtools/network-performance/issues).","rawValue":null,"name":"time-to-first-byte","description":"Keep server response times low (TTFB)","scoringMode":"binary","informative":true,"error":true},"score":0,"weight":0,"id":"time-to-first-byte","group":"perf-hint"},{"result":{"displayValue":"","score":null,"debugString":"Audit error: Unable to identify the main resource","helpText":"Redirects introduce additional delays before the page can be loaded. [Learn more](https://developers.google.com/speed/docs/insights/AvoidRedirects).","rawValue":null,"name":"redirects","description":"Has multiple page redirects","scoringMode":"binary","error":true},"score":0,"weight":0,"id":"redirects","group":"perf-hint"},{"result":{"displayValue":"","score":null,"debugString":"Audit error: Unable to identify the main resource","helpText":"Consider using <link rel=preload> to prioritize fetching late-discovered resources sooner [Learn more](https://developers.google.com/web/updates/2016/03/link-rel-preload).","rawValue":null,"name":"uses-rel-preload","description":"Preload key requests","scoringMode":"numeric","informative":true,"error":true},"score":0,"weight":0,"id":"uses-rel-preload","group":"perf-hint"},{"result":{"displayValue":"Total size was 400 KB","score":100,"helpText":"Large network payloads cost users real money and are highly correlated with long load times. [Learn more](https://developers.google.com/web/tools/lighthouse/audits/network-payloads).","rawValue":409855,"extendedInfo":{"value":{"totalCompletedRequests":11,"results":[{"totalKb":"227 KB","totalMs":"1,240 ms","totalBytes":232785,"url":"http://web/static/js/vendor.d1efda22f11e965a5228.js"},{"totalKb":"48 KB","totalMs":"260 ms","totalBytes":49163,"url":"https://fonts.gstatic.com/s/materialicons/v37/flUhRq6tzZclQEJ-Vdg-IuiaDsNc.woff2"},{"totalKb":"46 KB","totalMs":"250 ms","totalBytes":47366,"url":"https://cdnjs.cloudflare.com/ajax/libs/Chart.js/2.7.1/Chart.min.js"},{"totalKb":"32 KB","totalMs":"170 ms","totalBytes":32261,"url":"http://web/static/css/app.a1bcfeb0daa2a3f727390086fd42ee9d.css"},{"totalKb":"15 KB","totalMs":"80 ms","totalBytes":15817,"url":"https://fonts.gstatic.com/s/roboto/v18/KFOlCnqEu92Fr1MmEU9fBBc4.woff2"},{"totalKb":"15 KB","totalMs":"80 ms","totalBytes":15461,"url":"https://fonts.gstatic.com/s/roboto/v18/KFOmCnqEu92Fr1Mu4mxK.woff2"},{"totalKb":"12 KB","totalMs":"70 ms","totalBytes":12691,"url":"http://web/static/js/app.310cd52123c59f9f64a5.js"},{"totalKb":"1 KB","totalMs":"10 ms","totalBytes":1524,"url":"https://unpkg.com/vue-chartjs@3.3.2/dist/vue-chartjs.min.js"},{"totalKb":"1 KB","totalMs":"10 ms","totalBytes":1211,"url":"http://web/"},{"totalKb":"1 KB","totalMs":"10 ms","totalBytes":1171,"url":"http://web/static/js/manifest.9f020e973ae4037504f6.js"}]}},"name":"total-byte-weight","description":"Avoids enormous network payloads","scoringMode":"numeric","details":{"itemHeaders":[{"itemType":"url","text":"URL","type":"text"},{"itemType":"text","text":"Total Size","type":"text"},{"itemType":"text","text":"Transfer Time","type":"text"}],"header":"View Details","type":"table","items":[[{"text":"http://web/static/js/vendor.d1efda22f11e965a5228.js","type":"url"},{"text":"227 KB","type":"text"},{"text":"1,240 ms","type":"text"}],[{"text":"https://fonts.gstatic.com/s/materialicons/v37/flUhRq6tzZclQEJ-Vdg-IuiaDsNc.woff2","type":"url"},{"text":"48 KB","type":"text"},{"text":"260 ms","type":"text"}],[{"text":"https://cdnjs.cloudflare.com/ajax/libs/Chart.js/2.7.1/Chart.min.js","type":"url"},{"text":"46 KB","type":"text"},{"text":"250 ms","type":"text"}],[{"text":"http://web/static/css/app.a1bcfeb0daa2a3f727390086fd42ee9d.css","type":"url"},{"text":"32 KB","type":"text"},{"text":"170 ms","type":"text"}],[{"text":"https://fonts.gstatic.com/s/roboto/v18/KFOlCnqEu92Fr1MmEU9fBBc4.woff2","type":"url"},{"text":"15 KB","type":"text"},{"text":"80 ms","type":"text"}],[{"text":"https://fonts.gstatic.com/s/roboto/v18/KFOmCnqEu92Fr1Mu4mxK.woff2","type":"url"},{"text":"15 KB","type":"text"},{"text":"80 ms","type":"text"}],[{"text":"http://web/static/js/app.310cd52123c59f9f64a5.js","type":"url"},{"text":"12 KB","type":"text"},{"text":"70 ms","type":"text"}],[{"text":"https://unpkg.com/vue-chartjs@3.3.2/dist/vue-chartjs.min.js","type":"url"},{"text":"1 KB","type":"text"},{"text":"10 ms","type":"text"}],[{"text":"http://web/","type":"url"},{"text":"1 KB","type":"text"},{"text":"10 ms","type":"text"}],[{"text":"http://web/static/js/manifest.9f020e973ae4037504f6.js","type":"url"},{"text":"1 KB","type":"text"},{"text":"10 ms","type":"text"}]]}},"score":100,"weight":0,"id":"total-byte-weight","group":"perf-info"},{"result":{"displayValue":"0 assets found","score":100,"helpText":"A long cache lifetime can speed up repeat visits to your page. [Learn more](https://developers.google.com/web/fundamentals/performance/optimizing-content-efficiency/http-caching#cache-control).","rawValue":0,"extendedInfo":{"value":{"queryStringCount":0,"results":[]}},"name":"uses-long-cache-ttl","description":"Uses efficient cache policy on static assets","scoringMode":"numeric","details":{"itemHeaders":[{"itemType":"url","text":"URL","type":"text"},{"itemType":"text","text":"Cache TTL","type":"text"},{"itemType":"text","text":"Size (KB)","type":"text"}],"header":"View Details","type":"table","items":[]}},"score":100,"weight":0,"id":"uses-long-cache-ttl","group":"perf-info"},{"result":{"displayValue":"94 nodes","score":100,"helpText":"Browser engineers recommend pages contain fewer than ~1,500 DOM nodes. The sweet spot is a tree depth < 32 elements and fewer than 60 children/parent element. A large DOM can increase memory usage, cause longer [style calculations](https://developers.google.com/web/fundamentals/performance/rendering/reduce-the-scope-and-complexity-of-style-calculations), and produce costly [layout reflows](https://developers.google.com/speed/articles/reflow). [Learn more](https://developers.google.com/web/fundamentals/performance/rendering/).","rawValue":94,"extendedInfo":{"value":[{"title":"Total DOM Nodes","value":"94","target":"< 1,500 nodes"},{"snippet":"html >\n  body >\n    main >\n      div#inspire.application.theme--dark >\n        div.application--wrap >\n          aside.navigation-drawer.navigation-drawer--clipped.navigation-drawer--close.navigation-drawer--fixed.navigation-drawer--is-mobile >\n            div.list >\n              div >\n                div.list__tile >\n                  div.input-group.input-group--dirty.input-group--selection-controls.switch.accent--text >\n                    div.input-group__input >\n                      div.input-group--selection-controls__container >\n                        div.input-group--selection-controls__toggle.input-group--selection-controls__toggle--active","title":"DOM Depth","value":"13","target":"< 32"},{"snippet":"Element with most children:\nhead","title":"Maximum Children","value":"8","target":"< 60 nodes"}]},"name":"dom-size","description":"Avoids an excessive DOM size","scoringMode":"numeric","details":{"header":{"text":"View details","type":"text"},"type":"cards","items":[{"title":"Total DOM Nodes","value":"94","target":"< 1,500 nodes"},{"snippet":"html >\n  body >\n    main >\n      div#inspire.application.theme--dark >\n        div.application--wrap >\n          aside.navigation-drawer.navigation-drawer--clipped.navigation-drawer--close.navigation-drawer--fixed.navigation-drawer--is-mobile >\n            div.list >\n              div >\n                div.list__tile >\n                  div.input-group.input-group--dirty.input-group--selection-controls.switch.accent--text >\n                    div.input-group__input >\n                      div.input-group--selection-controls__container >\n                        div.input-group--selection-controls__toggle.input-group--selection-controls__toggle--active","title":"DOM Depth","value":"13","target":"< 32"},{"snippet":"Element with most children:\nhead","title":"Maximum Children","value":"8","target":"< 60 nodes"}]}},"score":100,"weight":0,"id":"dom-size","group":"perf-info"},{"result":{"displayValue":"","score":null,"debugString":"Audit error: Unable to identify the main resource","helpText":"The Critical Request Chains below show you what resources are issued with a high priority. Consider reducing the length of chains, reducing the download size of resources, or deferring the download of unnecessary resources to improve page load. [Learn more](https://developers.google.com/web/tools/lighthouse/audits/critical-request-chains).","rawValue":null,"name":"critical-request-chains","description":"Critical Request Chains","scoringMode":"binary","informative":true,"error":true},"score":0,"weight":0,"id":"critical-request-chains","group":"perf-info"},{"result":{"displayValue":"11","score":100,"helpText":"Lists the network requests that were made during page load.","rawValue":11,"extendedInfo":{"value":[{"transferSize":1211,"startTime":0,"endTime":638.9249991625547,"mimeType":"text/html","url":"http://web/","statusCode":200,"resourceType":"document"},{"transferSize":1171,"startTime":755.621999502182,"endTime":1328.4680005162954,"mimeType":"application/javascript","url":"http://web/static/js/manifest.9f020e973ae4037504f6.js","statusCode":200,"resourceType":"script"},{"transferSize":232785,"startTime":755.7720001786947,"endTime":2917.8979992866516,"mimeType":"application/javascript","url":"http://web/static/js/vendor.d1efda22f11e965a5228.js","statusCode":200,"resourceType":"script"},{"transferSize":12691,"startTime":755.9009995311499,"endTime":1470.6410001963377,"mimeType":"application/javascript","url":"http://web/static/js/app.310cd52123c59f9f64a5.js","statusCode":200,"resourceType":"script"},{"transferSize":47366,"startTime":790.370000526309,"endTime":2162.829000502825,"mimeType":"application/javascript","url":"https://cdnjs.cloudflare.com/ajax/libs/Chart.js/2.7.1/Chart.min.js","statusCode":200,"resourceType":"script"},{"transferSize":405,"startTime":790.8159997314215,"endTime":1663.72200101614,"mimeType":"text/plain","url":"https://unpkg.com/vue-chartjs/dist/vue-chartjs.min.js","statusCode":302},{"transferSize":1524,"startTime":1664.8290008306503,"endTime":2258.2770008593798,"mimeType":"application/javascript","url":"https://unpkg.com/vue-chartjs@3.3.2/dist/vue-chartjs.min.js","statusCode":200,"resourceType":"script"},{"transferSize":32261,"startTime":4527.456000447273,"endTime":5278.87500077486,"mimeType":"text/css","url":"http://web/static/css/app.a1bcfeb0daa2a3f727390086fd42ee9d.css","statusCode":200,"resourceType":"stylesheet"},{"transferSize":15461,"startTime":5458.613000810146,"endTime":6342.342000454664,"mimeType":"font/woff2","url":"https://fonts.gstatic.com/s/roboto/v18/KFOmCnqEu92Fr1Mu4mxK.woff2","statusCode":200,"resourceType":"font"},{"transferSize":49163,"startTime":5458.761001005769,"endTime":6524.431999772787,"mimeType":"font/woff2","url":"https://fonts.gstatic.com/s/materialicons/v37/flUhRq6tzZclQEJ-Vdg-IuiaDsNc.woff2","statusCode":200,"resourceType":"font"},{"transferSize":15817,"startTime":5458.878999575973,"endTime":6334.002999588847,"mimeType":"font/woff2","url":"https://fonts.gstatic.com/s/roboto/v18/KFOlCnqEu92Fr1MmEU9fBBc4.woff2","statusCode":200,"resourceType":"font"}]},"name":"network-requests","description":"Network Requests","scoringMode":"binary","informative":true,"details":{"itemHeaders":[{"itemType":"url","text":"URL","type":"text"},{"itemType":"ms","text":"Start Time","type":"text"},{"itemType":"ms","text":"End Time","type":"text"},{"itemType":"bytes","text":"Transfer Size","type":"text"},{"itemType":"text","text":"Status Code","type":"text"},{"itemType":"text","text":"MIME Type","type":"text"},{"itemType":"text","text":"Resource Type","type":"text"}],"header":"View Details","type":"table","items":[[{"text":"http://web/","type":"url"},{"text":0,"type":"ms"},{"text":638.9249991625547,"type":"ms"},{"text":1211,"type":"bytes"},{"text":200,"type":"text"},{"text":"text/html","type":"text"},{"text":"document","type":"text"}],[{"text":"http://web/static/js/manifest.9f020e973ae4037504f6.js","type":"url"},{"text":755.621999502182,"type":"ms"},{"text":1328.4680005162954,"type":"ms"},{"text":1171,"type":"bytes"},{"text":200,"type":"text"},{"text":"application/javascript","type":"text"},{"text":"script","type":"text"}],[{"text":"http://web/static/js/vendor.d1efda22f11e965a5228.js","type":"url"},{"text":755.7720001786947,"type":"ms"},{"text":2917.8979992866516,"type":"ms"},{"text":232785,"type":"bytes"},{"text":200,"type":"text"},{"text":"application/javascript","type":"text"},{"text":"script","type":"text"}],[{"text":"http://web/static/js/app.310cd52123c59f9f64a5.js","type":"url"},{"text":755.9009995311499,"type":"ms"},{"text":1470.6410001963377,"type":"ms"},{"text":12691,"type":"bytes"},{"text":200,"type":"text"},{"text":"application/javascript","type":"text"},{"text":"script","type":"text"}],[{"text":"https://cdnjs.cloudflare.com/ajax/libs/Chart.js/2.7.1/Chart.min.js","type":"url"},{"text":790.370000526309,"type":"ms"},{"text":2162.829000502825,"type":"ms"},{"text":47366,"type":"bytes"},{"text":200,"type":"text"},{"text":"application/javascript","type":"text"},{"text":"script","type":"text"}],[{"text":"https://unpkg.com/vue-chartjs/dist/vue-chartjs.min.js","type":"url"},{"text":790.8159997314215,"type":"ms"},{"text":1663.72200101614,"type":"ms"},{"text":405,"type":"bytes"},{"text":302,"type":"text"},{"text":"text/plain","type":"text"},{"type":"text"}],[{"text":"https://unpkg.com/vue-chartjs@3.3.2/dist/vue-chartjs.min.js","type":"url"},{"text":1664.8290008306503,"type":"ms"},{"text":2258.2770008593798,"type":"ms"},{"text":1524,"type":"bytes"},{"text":200,"type":"text"},{"text":"application/javascript","type":"text"},{"text":"script","type":"text"}],[{"text":"http://web/static/css/app.a1bcfeb0daa2a3f727390086fd42ee9d.css","type":"url"},{"text":4527.456000447273,"type":"ms"},{"text":5278.87500077486,"type":"ms"},{"text":32261,"type":"bytes"},{"text":200,"type":"text"},{"text":"text/css","type":"text"},{"text":"stylesheet","type":"text"}],[{"text":"https://fonts.gstatic.com/s/roboto/v18/KFOmCnqEu92Fr1Mu4mxK.woff2","type":"url"},{"text":5458.613000810146,"type":"ms"},{"text":6342.342000454664,"type":"ms"},{"text":15461,"type":"bytes"},{"text":200,"type":"text"},{"text":"font/woff2","type":"text"},{"text":"font","type":"text"}],[{"text":"https://fonts.gstatic.com/s/materialicons/v37/flUhRq6tzZclQEJ-Vdg-IuiaDsNc.woff2","type":"url"},{"text":5458.761001005769,"type":"ms"},{"text":6524.431999772787,"type":"ms"},{"text":49163,"type":"bytes"},{"text":200,"type":"text"},{"text":"font/woff2","type":"text"},{"text":"font","type":"text"}],[{"text":"https://fonts.gstatic.com/s/roboto/v18/KFOlCnqEu92Fr1MmEU9fBBc4.woff2","type":"url"},{"text":5458.878999575973,"type":"ms"},{"text":6334.002999588847,"type":"ms"},{"text":15817,"type":"bytes"},{"text":200,"type":"text"},{"text":"font/woff2","type":"text"},{"text":"font","type":"text"}]]}},"score":100,"weight":0,"id":"network-requests"},{"result":{"displayValue":"0","score":true,"helpText":"Consider instrumenting your app with the User Timing API to create custom, real-world measurements of key user experiences. [Learn more](https://developers.google.com/web/tools/lighthouse/audits/user-timing).","rawValue":true,"extendedInfo":{"value":[]},"name":"user-timings","description":"User Timing marks and measures","scoringMode":"binary","informative":true,"details":{"itemHeaders":[{"itemType":"text","text":"Name","type":"text"},{"itemType":"text","text":"Type","type":"text"},{"itemType":"text","text":"Time","type":"text"}],"header":"View Details","type":"table","items":[]}},"score":100,"weight":0,"id":"user-timings","group":"perf-info"},{"result":{"displayValue":"1,570 ms","score":true,"helpText":"Consider reducing the time spent parsing, compiling, and executing JS. You may find delivering smaller JS payloads helps with this. [Learn more](https://developers.google.com/web/lighthouse/audits/bootup).","rawValue":1573.503999710083,"extendedInfo":{"value":{"http://web/static/js/app.310cd52123c59f9f64a5.js":{"Script Evaluation":1173.697998046875,"Script Parsing & Compile":22.533000946044922},"http://web/static/js/vendor.d1efda22f11e965a5228.js":{"Style & Layout":178.41699981689453,"Script Parsing & Compile":14.004999160766602,"Script Evaluation":9.45100212097168},"https://unpkg.com/vue-chartjs@3.3.2/dist/vue-chartjs.min.js":{"Script Evaluation":6.445001602172852,"Script Parsing & Compile":4.004999160766602},"https://cdnjs.cloudflare.com/ajax/libs/Chart.js/2.7.1/Chart.min.js":{"Style & Layout":0.8509998321533203,"Script Evaluation":90.19700050354004,"Script Parsing & Compile":0.5679988861083984},"http://web/static/js/manifest.9f020e973ae4037504f6.js":{"Script Parsing & Compile":2.184000015258789,"Script Evaluation":1.4300003051757812},"http://web/":{"Style & Layout":0.0989990234375,"Script Evaluation":7.028999328613281,"Script Parsing & Compile":0.14599990844726562},"http://web/#/":{"Parsing HTML & CSS":62.446001052856445}}},"name":"bootup-time","description":"JavaScript boot-up time","scoringMode":"binary","details":{"itemHeaders":[{"itemType":"url","text":"URL","type":"text"},{"itemType":"text","text":"Script Evaluation","type":"text"},{"itemType":"text","text":"Script Parsing & Compile","type":"text"}],"header":"View Details","type":"table","items":[[{"text":"http://web/static/js/app.310cd52123c59f9f64a5.js","type":"url"},{"text":"1,174 ms","type":"text"},{"text":"23 ms","type":"text"}],[{"text":"https://cdnjs.cloudflare.com/ajax/libs/Chart.js/2.7.1/Chart.min.js","type":"url"},{"text":"90 ms","type":"text"},{"text":"1 ms","type":"text"}],[{"text":"http://web/static/js/vendor.d1efda22f11e965a5228.js","type":"url"},{"text":"9 ms","type":"text"},{"text":"14 ms","type":"text"}],[{"text":"https://unpkg.com/vue-chartjs@3.3.2/dist/vue-chartjs.min.js","type":"url"},{"text":"6 ms","type":"text"},{"text":"4 ms","type":"text"}]]}},"score":100,"weight":0,"id":"bootup-time","group":"perf-info"},{"result":{"displayValue":"true","score":100,"helpText":"This is what the load of your site looked like.","rawValue":true,"name":"screenshot-thumbnails","description":"Screenshot Thumbnails","scoringMode":"binary","informative":true,"details":{"scale":6606,"type":"filmstrip","items":[{"data":"/9j/4AAQSkZJRgABAQAAAQABAAD/2wCEAAMCAgMCAgMDAwMEAwMEBQgFBQQEBQoHBwYIDAoMDAsKCwsNDhIQDQ4RDgsLEBYQERMUFRUVDA8XGBYUGBIUFRQBAwQEBQQFCQUFCRQNCw0UFBQUFBQUFBQUFBQUFBQUFBQUFBQUFBQUFBQUFBQUFBQUFBQUFBQUFBQUFBQUFBQUFP/AABEIANUAeAMBEQACEQEDEQH/xAGiAAABBQEBAQEBAQAAAAAAAAAAAQIDBAUGBwgJCgsQAAIBAwMCBAMFBQQEAAABfQECAwAEEQUSITFBBhNRYQcicRQygZGhCCNCscEVUtHwJDNicoIJChYXGBkaJSYnKCkqNDU2Nzg5OkNERUZHSElKU1RVVldYWVpjZGVmZ2hpanN0dXZ3eHl6g4SFhoeIiYqSk5SVlpeYmZqio6Slpqeoqaqys7S1tre4ubrCw8TFxsfIycrS09TV1tfY2drh4uPk5ebn6Onq8fLz9PX29/j5+gEAAwEBAQEBAQEBAQAAAAAAAAECAwQFBgcICQoLEQACAQIEBAMEBwUEBAABAncAAQIDEQQFITEGEkFRB2FxEyIygQgUQpGhscEJIzNS8BVictEKFiQ04SXxFxgZGiYnKCkqNTY3ODk6Q0RFRkdISUpTVFVWV1hZWmNkZWZnaGlqc3R1dnd4eXqCg4SFhoeIiYqSk5SVlpeYmZqio6Slpqeoqaqys7S1tre4ubrCw8TFxsfIycrS09TV1tfY2dri4+Tl5ufo6ery8/T19vf4+fr/2gAMAwEAAhEDEQA/AP1ToAKACgAoAKACgAoAKACgAoAKACgAoAKACgAoAKACgAoAKACgAoAKACgAoAKACgAoAKACgAoAKACgAoAKACgAoAKACgAoAKACgAoAKACgAoAKACgAoAKACgAoAKACgAoAKACgAoAKACgAoAKACgAoAKACgAoAKACgAoAKACgAoAKACgAoAKACgAoAKACgAoAKACgAoAKACgAoAKACgAoAKACgAoAKACgAoAKACgAoAKACgAoAKACgAoAKACgAoAKACgAoAKACgAoAKACgAoAKACgAoAKACgAoAKACgAoAKACgAoAKACgAoAKACgAoAKACgAoAKACgAoAKACgAoAKACgAoAKACgAoAKACgAoAKACgAoAKACgAoAKACgAoAKACgAoAKACgAoAKACgAoAKACgAoAKACgAoAKACgAoAKACgAoAKACgAoAKACgAoAKACgAoAKACgAoAKACgAoAKACgAoAKACgAoAKACgAoAKACgAoAKACgAoAKACgAoAKACgAoAKACgAoAKACgAoAKACgAoAKACgAoAKACgAoAKACgAoAKACgAoAKACgAoAKACgAoAKACgAoAKACgAoAKACgAoAKACgAoAKACgAoAKACgAoAKACgAoAKACgAoAKACgAoAKACgAoAKACgAoAKACgAoAKACgAoAKACgAoAKACgAoAKACgAoAKACgAoAKACgAoAKACgAoAKACgAoAKACgAoAKACgAoAKACgAoAKACgAoAKACgAoAKACgAoAKACgAoAKACgAoAKACgAoAKACgAoAKACgAoAKACgAoAKACgAoAKACgAoAKACgAoAKACgAoAKACgAoAKACgAoAKACgAoAKACgAoAKACgAoAKACgAoAKACgAoAKACgAoAKACgAoAKACgAoAKACgAoAKACgAoAKACgAoAKACgAoAKACgAoAKACgAoAKACgD//Z","timing":661,"timestamp":8650053854298},{"data":"/9j/4AAQSkZJRgABAQAAAQABAAD/2wCEAAMCAgMCAgMDAwMEAwMEBQgFBQQEBQoHBwYIDAoMDAsKCwsNDhIQDQ4RDgsLEBYQERMUFRUVDA8XGBYUGBIUFRQBAwQEBQQFCQUFCRQNCw0UFBQUFBQUFBQUFBQUFBQUFBQUFBQUFBQUFBQUFBQUFBQUFBQUFBQUFBQUFBQUFBQUFP/AABEIANUAeAMBEQACEQEDEQH/xAGiAAABBQEBAQEBAQAAAAAAAAAAAQIDBAUGBwgJCgsQAAIBAwMCBAMFBQQEAAABfQECAwAEEQUSITFBBhNRYQcicRQygZGhCCNCscEVUtHwJDNicoIJChYXGBkaJSYnKCkqNDU2Nzg5OkNERUZHSElKU1RVVldYWVpjZGVmZ2hpanN0dXZ3eHl6g4SFhoeIiYqSk5SVlpeYmZqio6Slpqeoqaqys7S1tre4ubrCw8TFxsfIycrS09TV1tfY2drh4uPk5ebn6Onq8fLz9PX29/j5+gEAAwEBAQEBAQEBAQAAAAAAAAECAwQFBgcICQoLEQACAQIEBAMEBwUEBAABAncAAQIDEQQFITEGEkFRB2FxEyIygQgUQpGhscEJIzNS8BVictEKFiQ04SXxFxgZGiYnKCkqNTY3ODk6Q0RFRkdISUpTVFVWV1hZWmNkZWZnaGlqc3R1dnd4eXqCg4SFhoeIiYqSk5SVlpeYmZqio6Slpqeoqaqys7S1tre4ubrCw8TFxsfIycrS09TV1tfY2dri4+Tl5ufo6ery8/T19vf4+fr/2gAMAwEAAhEDEQA/AP1ToAKACgAoAKACgAoAKACgAoAKACgAoAKACgAoAKACgAoAKACgAoAKACgAoAKACgAoAKACgAoAKACgAoAKACgAoAKACgAoAKACgAoAKACgAoAKACgAoAKACgAoAKACgAoAKACgAoAKACgAoAKACgAoAKACgAoAKACgAoAKACgAoAKACgAoAKACgAoAKACgAoAKACgAoAKACgAoAKACgAoAKACgAoAKACgAoAKACgAoAKACgAoAKACgAoAKACgAoAKACgAoAKACgAoAKACgAoAKACgAoAKACgAoAKACgAoAKACgAoAKACgAoAKACgAoAKACgAoAKACgAoAKACgAoAKACgAoAKACgAoAKACgAoAKACgAoAKACgAoAKACgAoAKACgAoAKACgAoAKACgAoAKACgAoAKACgAoAKACgAoAKACgAoAKACgAoAKACgAoAKACgAoAKACgAoAKACgAoAKACgAoAKACgAoAKACgAoAKACgAoAKACgAoAKACgAoAKACgAoAKACgAoAKACgAoAKACgAoAKACgAoAKACgAoAKACgAoAKACgAoAKACgAoAKACgAoAKACgAoAKACgAoAKACgAoAKACgAoAKACgAoAKACgAoAKACgAoAKACgAoAKACgAoAKACgAoAKACgAoAKACgAoAKACgAoAKACgAoAKACgAoAKACgAoAKACgAoAKACgAoAKACgAoAKACgAoAKACgAoAKACgAoAKACgAoAKACgAoAKACgAoAKACgAoAKACgAoAKACgAoAKACgAoAKACgAoAKACgAoAKACgAoAKACgAoAKACgAoAKACgAoAKACgAoAKACgAoAKACgAoAKACgAoAKACgAoAKACgAoAKACgAoAKACgAoAKACgAoAKACgAoAKACgAoAKACgAoAKACgAoAKACgAoAKACgAoAKACgAoAKACgAoAKACgD//Z","timing":1321,"timestamp":8.650054514898001E12},{"data":"/9j/4AAQSkZJRgABAQAAAQABAAD/2wCEAAMCAgMCAgMDAwMEAwMEBQgFBQQEBQoHBwYIDAoMDAsKCwsNDhIQDQ4RDgsLEBYQERMUFRUVDA8XGBYUGBIUFRQBAwQEBQQFCQUFCRQNCw0UFBQUFBQUFBQUFBQUFBQUFBQUFBQUFBQUFBQUFBQUFBQUFBQUFBQUFBQUFBQUFBQUFP/AABEIANUAeAMBEQACEQEDEQH/xAGiAAABBQEBAQEBAQAAAAAAAAAAAQIDBAUGBwgJCgsQAAIBAwMCBAMFBQQEAAABfQECAwAEEQUSITFBBhNRYQcicRQygZGhCCNCscEVUtHwJDNicoIJChYXGBkaJSYnKCkqNDU2Nzg5OkNERUZHSElKU1RVVldYWVpjZGVmZ2hpanN0dXZ3eHl6g4SFhoeIiYqSk5SVlpeYmZqio6Slpqeoqaqys7S1tre4ubrCw8TFxsfIycrS09TV1tfY2drh4uPk5ebn6Onq8fLz9PX29/j5+gEAAwEBAQEBAQEBAQAAAAAAAAECAwQFBgcICQoLEQACAQIEBAMEBwUEBAABAncAAQIDEQQFITEGEkFRB2FxEyIygQgUQpGhscEJIzNS8BVictEKFiQ04SXxFxgZGiYnKCkqNTY3ODk6Q0RFRkdISUpTVFVWV1hZWmNkZWZnaGlqc3R1dnd4eXqCg4SFhoeIiYqSk5SVlpeYmZqio6Slpqeoqaqys7S1tre4ubrCw8TFxsfIycrS09TV1tfY2dri4+Tl5ufo6ery8/T19vf4+fr/2gAMAwEAAhEDEQA/AP1ToAKACgAoAKACgAoAKACgAoAKACgAoAKACgAoAKACgAoAKACgAoAKACgAoAKACgAoAKACgAoAKACgAoAKACgAoAKACgAoAKACgAoAKACgAoAKACgAoAKACgAoAKACgAoAKACgAoAKACgAoAKACgAoAKACgAoAKACgAoAKACgAoAKACgAoAKACgAoAKACgAoAKACgAoAKACgAoAKACgAoAKACgAoAKACgAoAKACgAoAKACgAoAKACgAoAKACgAoAKACgAoAKACgAoAKACgAoAKACgAoAKACgAoAKACgAoAKACgAoAKACgAoAKACgAoAKACgAoAKACgAoAKACgAoAKACgAoAKACgAoAKACgAoAKACgAoAKACgAoAKACgAoAKACgAoAKACgAoAKACgAoAKACgAoAKACgAoAKACgAoAKACgAoAKACgAoAKACgAoAKACgAoAKACgAoAKACgAoAKACgAoAKACgAoAKACgAoAKACgAoAKACgAoAKACgAoAKACgAoAKACgAoAKACgAoAKACgAoAKACgAoAKACgAoAKACgAoAKACgAoAKACgAoAKACgAoAKACgAoAKACgAoAKACgAoAKACgAoAKACgAoAKACgAoAKACgAoAKACgAoAKACgAoAKACgAoAKACgAoAKACgAoAKACgAoAKACgAoAKACgAoAKACgAoAKACgAoAKACgAoAKACgAoAKACgAoAKACgAoAKACgAoAKACgAoAKACgAoAKACgAoAKACgAoAKACgAoAKACgAoAKACgAoAKACgAoAKACgAoAKACgAoAKACgAoAKACgAoAKACgAoAKACgAoAKACgAoAKACgAoAKACgAoAKACgAoAKACgAoAKACgAoAKACgAoAKACgAoAKACgAoAKACgAoAKACgAoAKACgAoAKACgAoAKACgAoAKACgAoAKACgAoAKACgD//Z","timing":1982,"timestamp":8.650055175497999E12},{"data":"/9j/4AAQSkZJRgABAQAAAQABAAD/2wCEAAMCAgMCAgMDAwMEAwMEBQgFBQQEBQoHBwYIDAoMDAsKCwsNDhIQDQ4RDgsLEBYQERMUFRUVDA8XGBYUGBIUFRQBAwQEBQQFCQUFCRQNCw0UFBQUFBQUFBQUFBQUFBQUFBQUFBQUFBQUFBQUFBQUFBQUFBQUFBQUFBQUFBQUFBQUFP/AABEIANUAeAMBEQACEQEDEQH/xAGiAAABBQEBAQEBAQAAAAAAAAAAAQIDBAUGBwgJCgsQAAIBAwMCBAMFBQQEAAABfQECAwAEEQUSITFBBhNRYQcicRQygZGhCCNCscEVUtHwJDNicoIJChYXGBkaJSYnKCkqNDU2Nzg5OkNERUZHSElKU1RVVldYWVpjZGVmZ2hpanN0dXZ3eHl6g4SFhoeIiYqSk5SVlpeYmZqio6Slpqeoqaqys7S1tre4ubrCw8TFxsfIycrS09TV1tfY2drh4uPk5ebn6Onq8fLz9PX29/j5+gEAAwEBAQEBAQEBAQAAAAAAAAECAwQFBgcICQoLEQACAQIEBAMEBwUEBAABAncAAQIDEQQFITEGEkFRB2FxEyIygQgUQpGhscEJIzNS8BVictEKFiQ04SXxFxgZGiYnKCkqNTY3ODk6Q0RFRkdISUpTVFVWV1hZWmNkZWZnaGlqc3R1dnd4eXqCg4SFhoeIiYqSk5SVlpeYmZqio6Slpqeoqaqys7S1tre4ubrCw8TFxsfIycrS09TV1tfY2dri4+Tl5ufo6ery8/T19vf4+fr/2gAMAwEAAhEDEQA/AP1ToAKACgAoAKACgAoAKACgAoAKACgAoAKACgAoAKACgAoAKACgAoAKACgAoAKACgAoAKACgAoAKACgAoAKACgAoAKACgAoAKACgAoAKACgAoAKACgAoAKACgAoAKACgAoAKACgAoAKACgAoAKACgAoAKACgAoAKACgAoAKACgAoAKACgAoAKACgAoAKACgAoAKACgAoAKACgAoAKACgAoAKACgAoAKACgAoAKACgAoAKACgAoAKACgAoAKACgAoAKACgAoAKACgAoAKACgAoAKACgAoAKACgAoAKACgAoAKACgAoAKACgAoAKACgAoAKACgAoAKACgAoAKACgAoAKACgAoAKACgAoAKACgAoAKACgAoAKACgAoAKACgAoAKACgAoAKACgAoAKACgAoAKACgAoAKACgAoAKACgAoAKACgAoAKACgAoAKACgAoAKACgAoAKACgAoAKACgAoAKACgAoAKACgAoAKACgAoAKACgAoAKACgAoAKACgAoAKACgAoAKACgAoAKACgAoAKACgAoAKACgAoAKACgAoAKACgAoAKACgAoAKACgAoAKACgAoAKACgAoAKACgAoAKACgAoAKACgAoAKACgAoAKACgAoAKACgAoAKACgAoAKACgAoAKACgAoAKACgAoAKACgAoAKACgAoAKACgAoAKACgAoAKACgAoAKACgAoAKACgAoAKACgAoAKACgAoAKACgAoAKACgAoAKACgAoAKACgAoAKACgAoAKACgAoAKACgAoAKACgAoAKACgAoAKACgAoAKACgAoAKACgAoAKACgAoAKACgAoAKACgAoAKACgAoAKACgAoAKACgAoAKACgAoAKACgAoAKACgAoAKACgAoAKACgAoAKACgAoAKACgAoAKACgAoAKACgAoAKACgAoAKACgAoAKACgAoAKACgAoAKACgAoAKACgD//Z","timing":2642,"timestamp":8650055836098},{"data":"/9j/4AAQSkZJRgABAQAAAQABAAD/2wCEAAMCAgMCAgMDAwMEAwMEBQgFBQQEBQoHBwYIDAoMDAsKCwsNDhIQDQ4RDgsLEBYQERMUFRUVDA8XGBYUGBIUFRQBAwQEBQQFCQUFCRQNCw0UFBQUFBQUFBQUFBQUFBQUFBQUFBQUFBQUFBQUFBQUFBQUFBQUFBQUFBQUFBQUFBQUFP/AABEIANUAeAMBEQACEQEDEQH/xAGiAAABBQEBAQEBAQAAAAAAAAAAAQIDBAUGBwgJCgsQAAIBAwMCBAMFBQQEAAABfQECAwAEEQUSITFBBhNRYQcicRQygZGhCCNCscEVUtHwJDNicoIJChYXGBkaJSYnKCkqNDU2Nzg5OkNERUZHSElKU1RVVldYWVpjZGVmZ2hpanN0dXZ3eHl6g4SFhoeIiYqSk5SVlpeYmZqio6Slpqeoqaqys7S1tre4ubrCw8TFxsfIycrS09TV1tfY2drh4uPk5ebn6Onq8fLz9PX29/j5+gEAAwEBAQEBAQEBAQAAAAAAAAECAwQFBgcICQoLEQACAQIEBAMEBwUEBAABAncAAQIDEQQFITEGEkFRB2FxEyIygQgUQpGhscEJIzNS8BVictEKFiQ04SXxFxgZGiYnKCkqNTY3ODk6Q0RFRkdISUpTVFVWV1hZWmNkZWZnaGlqc3R1dnd4eXqCg4SFhoeIiYqSk5SVlpeYmZqio6Slpqeoqaqys7S1tre4ubrCw8TFxsfIycrS09TV1tfY2dri4+Tl5ufo6ery8/T19vf4+fr/2gAMAwEAAhEDEQA/AP1ToAKACgAoAKACgAoAKACgAoAKACgAoAKACgAoAKACgAoAKACgAoAKACgAoAKACgAoAKACgAoAKACgAoAKACgAoAKACgAoAKACgAoAKACgAoAKACgAoAKACgAoAKACgAoAKACgAoAKACgAoAKACgAoAKACgAoAKACgAoAKACgAoAKACgAoAKACgAoAKACgAoAKACgAoAKACgAoAKACgAoAKACgAoAKACgAoAKACgAoAKACgAoAKACgAoAKACgAoAKACgAoAKACgAoAKACgAoAKACgAoAKACgAoAKACgAoAKACgAoAKACgAoAKACgAoAKACgAoAKACgAoAKACgAoAKACgAoAKACgAoAKACgAoAKACgAoAKACgAoAKACgAoAKACgAoAKACgAoAKACgAoAKACgAoAKACgAoAKACgAoAKACgAoAKACgAoAKACgAoAKACgAoAKACgAoAKACgAoAKACgAoAKACgAoAKACgAoAKACgAoAKACgAoAKACgAoAKACgAoAKACgAoAKACgAoAKACgAoAKACgAoAKACgAoAKACgAoAKACgAoAKACgAoAKACgAoAKACgAoAKACgAoAKACgAoAKACgAoAKACgAoAKACgAoAKACgAoAKACgAoAKACgAoAKACgAoAKACgAoAKACgAoAKACgAoAKACgAoAKACgAoAKACgAoAKACgAoAKACgAoAKACgAoAKACgAoAKACgAoAKACgAoAKACgAoAKACgAoAKACgAoAKACgAoAKACgAoAKACgAoAKACgAoAKACgAoAKACgAoAKACgAoAKACgAoAKACgAoAKACgAoAKACgAoAKACgAoAKACgAoAKACgAoAKACgAoAKACgAoAKACgAoAKACgAoAKACgAoAKACgAoAKACgAoAKACgAoAKACgAoAKACgAoAKACgAoAKACgAoAKACgAoAKACgD//Z","timing":3303,"timestamp":8650056496698},{"data":"/9j/4AAQSkZJRgABAQAAAQABAAD/2wCEAAMCAgMCAgMDAwMEAwMEBQgFBQQEBQoHBwYIDAoMDAsKCwsNDhIQDQ4RDgsLEBYQERMUFRUVDA8XGBYUGBIUFRQBAwQEBQQFCQUFCRQNCw0UFBQUFBQUFBQUFBQUFBQUFBQUFBQUFBQUFBQUFBQUFBQUFBQUFBQUFBQUFBQUFBQUFP/AABEIANUAeAMBEQACEQEDEQH/xAGiAAABBQEBAQEBAQAAAAAAAAAAAQIDBAUGBwgJCgsQAAIBAwMCBAMFBQQEAAABfQECAwAEEQUSITFBBhNRYQcicRQygZGhCCNCscEVUtHwJDNicoIJChYXGBkaJSYnKCkqNDU2Nzg5OkNERUZHSElKU1RVVldYWVpjZGVmZ2hpanN0dXZ3eHl6g4SFhoeIiYqSk5SVlpeYmZqio6Slpqeoqaqys7S1tre4ubrCw8TFxsfIycrS09TV1tfY2drh4uPk5ebn6Onq8fLz9PX29/j5+gEAAwEBAQEBAQEBAQAAAAAAAAECAwQFBgcICQoLEQACAQIEBAMEBwUEBAABAncAAQIDEQQFITEGEkFRB2FxEyIygQgUQpGhscEJIzNS8BVictEKFiQ04SXxFxgZGiYnKCkqNTY3ODk6Q0RFRkdISUpTVFVWV1hZWmNkZWZnaGlqc3R1dnd4eXqCg4SFhoeIiYqSk5SVlpeYmZqio6Slpqeoqaqys7S1tre4ubrCw8TFxsfIycrS09TV1tfY2dri4+Tl5ufo6ery8/T19vf4+fr/2gAMAwEAAhEDEQA/AP1ToAKACgAoAKACgAoAKACgAoAKACgAoAKACgAoAKACgAoAKACgAoAKACgAoAKACgAoAKACgAoAKACgAoAKACgAoAKACgAoAKACgAoAKACgAoAKACgAoAKACgAoAKACgAoAKACgAoAKACgAoAKACgAoAKACgAoAKACgAoAKACgAoAKACgAoAKACgAoAKACgAoAKACgAoAKACgAoAKACgAoAKACgAoAKACgAoAKACgAoAKACgAoAKACgAoAKACgAoAKACgAoAKACgAoAKACgAoAKACgAoAKACgAoAKACgAoAKACgAoAKACgAoAKACgAoAKACgAoAKACgAoAKACgAoAKACgAoAKACgAoAKACgAoAKACgAoAKACgAoAKACgAoAKACgAoAKACgAoAKACgAoAKACgAoAKACgAoAKACgAoAKACgAoAKACgAoAKACgAoAKACgAoAKACgAoAKACgAoAKACgAoAKACgAoAKACgAoAKACgAoAKACgAoAKACgAoAKACgAoAKACgAoAKACgAoAKACgAoAKACgAoAKACgAoAKACgAoAKACgAoAKACgAoAKACgAoAKACgAoAKACgAoAKACgAoAKACgAoAKACgAoAKACgAoAKACgAoAKACgAoAKACgAoAKACgAoAKACgAoAKACgAoAKACgAoAKACgAoAKACgAoAKACgAoAKACgAoAKACgAoAKACgAoAKACgAoAKACgAoAKACgAoAKACgAoAKACgAoAKACgAoAKACgAoAKACgAoAKACgAoAKACgAoAKACgAoAKACgAoAKACgAoAKACgAoAKACgAoAKACgAoAKACgAoAKACgAoAKACgAoAKACgAoAKACgAoAKACgAoAKACgAoAKACgAoAKACgAoAKACgAoAKACgAoAKACgAoAKACgAoAKACgAoAKACgAoAKACgAoAKACgAoAKACgD//Z","timing":3964,"timestamp":8650057157298},{"data":"/9j/4AAQSkZJRgABAQAAAQABAAD/2wCEAAMCAgMCAgMDAwMEAwMEBQgFBQQEBQoHBwYIDAoMDAsKCwsNDhIQDQ4RDgsLEBYQERMUFRUVDA8XGBYUGBIUFRQBAwQEBQQFCQUFCRQNCw0UFBQUFBQUFBQUFBQUFBQUFBQUFBQUFBQUFBQUFBQUFBQUFBQUFBQUFBQUFBQUFBQUFP/AABEIANUAeAMBEQACEQEDEQH/xAGiAAABBQEBAQEBAQAAAAAAAAAAAQIDBAUGBwgJCgsQAAIBAwMCBAMFBQQEAAABfQECAwAEEQUSITFBBhNRYQcicRQygZGhCCNCscEVUtHwJDNicoIJChYXGBkaJSYnKCkqNDU2Nzg5OkNERUZHSElKU1RVVldYWVpjZGVmZ2hpanN0dXZ3eHl6g4SFhoeIiYqSk5SVlpeYmZqio6Slpqeoqaqys7S1tre4ubrCw8TFxsfIycrS09TV1tfY2drh4uPk5ebn6Onq8fLz9PX29/j5+gEAAwEBAQEBAQEBAQAAAAAAAAECAwQFBgcICQoLEQACAQIEBAMEBwUEBAABAncAAQIDEQQFITEGEkFRB2FxEyIygQgUQpGhscEJIzNS8BVictEKFiQ04SXxFxgZGiYnKCkqNTY3ODk6Q0RFRkdISUpTVFVWV1hZWmNkZWZnaGlqc3R1dnd4eXqCg4SFhoeIiYqSk5SVlpeYmZqio6Slpqeoqaqys7S1tre4ubrCw8TFxsfIycrS09TV1tfY2dri4+Tl5ufo6ery8/T19vf4+fr/2gAMAwEAAhEDEQA/AP0bk8LeMEuh9l8ZJFaC8SXyp9KjlcWyxQKYA+4cs8cz+YwYjz8Y+RSQDrtMt57TTrWG5unvriOJEkuXRUaVgoBcqoABJycAYGeKALVABQAUAFABQAUAFABQAUAFABQAUAFABQAUAFABQAUAFABQAUAFABQAUAFABQAUAFABQAUAFABQAUAFABQAUAFABQAUAFABQAUAFABQAUAFABQAUAFABQAUAFABQAUAFABQAUAFACZ5xQAZGcd6AFoAKACgAoAKACgAoAKACgAoAKACgAoA8AbVfiFqEGl3Wja9oL2kFwbHVBNfwzbbgSxCKFJAD+9kHyOrcgynbuOwgA7zwHq+q2WrXll4h1fTrqG7mCaTIs8azzPGji4hMSjG6MxliQxOTICsYQAgHftOoYr1cLu2jrj6daAATI2MMDkkZBHUHH8xQAi3CMMgjGCScg4x1H1oAZp9/b6rYW97ZzR3NpcRrLDPC4dJEYZVlYEgggggg4INAFigAoAKACgAoAKACgAoAKAOF1j4PeEvFt/omq6npZvL/RpvtGmXM0syyWT/ALrJjywKZMEeQMA/N2dsgDdG+B3grw9pVrYadoUFrHaQS29rOjN9ptY5FdXWG4z5sWRI4Gxxt3HbigB+ifBfwj4c059O03TGtdMa8hvxYLdTm3ininSeIxRlysSrJGjbEAU4AIIoAst8JfC5Piwpp8kLeKgo1d4LyeJ7jClRhlcGP5SR8hXrQBj3v7O/w+1O4vJ73w5BdyXieXcCeWWRJB9qN2cozlcm4YyFsZJOCSOKAO60PRrTw5oun6Tp8XkWFhbx2tvFuLbI0UKq5YknAAGSSaAL1ABQAUAFABQAUAFABQAUAFABQAUAFABQAUAFABQAUAFABQAUAFABQAUAJuoFfWwbqAuAOaBi0AFABQAUAFABQAUAFABQAUAFABQByaS6/f6Wk1hPZf6RCjQTzRO/UZDsoZCQwK/LwRzyeldj+rNt6nn2xe2hXv8A/hODph+xHRV1EeWy/aVlMX3Y/MU7efvGXB9FTI5JEr6u90waxS2aNfTU8Qf27eG9fTv7H2D7MsMb/aC2TkuSduMbcYHr0xgxP2XKuS9zal7fm/ebG7WB1BQAUARiZec4XHXJppNkOaWjYvmqDjIz9aLMHOK6jftCEkBlJXBIz0H+Qfyos+qDnjrZiC6jP8QHtmnyvsQqsHrckVg6gggg9xSasap31Q6kMKACgAoA8ttfEXirw3YQWVxYJKIFENuLKwe4Msa+UiFmMyBGJlAwQANrMSEBau14eLfuzT+Vv8zzFi3b3qbXzv8AohsvxI15bS9mi02/ma0PMI8OTK8yllCmPdcBTkMGwSCAGyBg1Twm3vrXzGsZ/wBO39x0XhvVvEuvSasJVt9LWyvXtI/tWmyD7Qqqh81D5/KEsQD329jkDmqU+TlfNe6vp0v09TrpVOe6tazsbX2XX/8AoJ6b/wCC6T/4/WJuH2XX/wDoJ6b/AOC6T/4/QAfZdf8A+gnpv/guk/8Aj9AFQ+EoL+++26wUvbuPasfl+ZHCoDBlYRF2UOCPv9ccdK2hVnCPKmc86EJy5mMPw80JnspPs03m2f8AqZftMvmAbGQqW3bmUhjlWJBOGIyAar6xU7kfVqbdyS08CaPY209rBahLSaaO4aDcxVXRlZNoJ+VVKKQq4A7Dml7ed076r9RrDxSa6MSz+H2h6ejLb2rxhoEtm/fOxaNCxVSSckDew57YHQACvrFS/Nfrf8v8hfVafLym9a20dnbxwRLtijUIi+gAwBXO227s6klFJIlpDCgAoAKAPM/CfijTLvw1p3k+HJb1Ft1jeeJrMozL8j8mYc70IIPIIwQDTuKxb1Txfomj6ebzUPDcllatJFCJLp7KJGeWTZGoZpwuXchQM5JYAZJpDLNxr9hYxNJP4RuoYYwS8kos1RADzkmbA6Z/H3oA0YJre4hjlTwnOUkUOvy2vQ9P+WtAD/3P/QpT/wDfNr/8doAP3P8A0KU//fNr/wDHaAKP9la5dyXUmmzjw9aSW/lRWr28RkimyT5wKl0YEbV2kZ4JyOjaxnTS1WpjUhU5vdlobPh6x1eyN6dV1CO/864aWARxeX5EZxti77sYzu4znoKU3F25VYdNSSfO7mxiszQWgYUAFABQAUAFAHlFp+zT4R022uYrCbWLJrkYmki1KQlwZzPINrEqA7vLnao+WaRV2hsUAbCfA7wrH4Qm8MLb3C6JK0Tm2S4ZCrRtuRlkUh1ZWCsGDAhlBB9QDF0f9l34faBYvZ6fpc9pbM2Qkd3KNn7qSH5fm+U7JXG4YP3TnKqQAep2lstpbRQKSyxoEBbqQBigCagAoAKACgAoAKACgAoAKACgAoA4A/G3w0YfFjRTS3M3hm9isL+CFA0hlkKqixrnMjMzbFjHzuw2qrFk3AGndfEK3hj1VYdNv7y80ydreexhWMTFgYTlCzhGBjuIpAA+SG243gpQBZ1PxvbaJLdpf2V/AsLxokkVubhZQyFt48rcUQbWUtKEAKnnBBIBneHvizofivWb7TNLTUJ7mxnS3uGl0+eGNHaKOTG90A3ASoGT76kNuUbSaAJbn4o6Lptle3eoLe2FvZTtDcyPZySpbgCNvMleIOkaFJo5NzlQqFi23Y+0Ap3Hxj0Ox8R6zpN7Ff2R0y4W0a5e1MkU8zRW8gSMx7juxd26gOFLtIFTcQcAG34e8d6N4o1C9stPmuHuLOaaCTz7KeBHaKQxy+W8iKsoVxtLRlgMjnkZAOgoAKACgAoAKACgAoAKAK8thbTxSRSQRvHIwZ1ZQQxGME+p4H5UAO+xwbg3kpkcg7Rx824/qAfrQA06fatIZDbxNISGLlASSBgEnuQCRn3oAclnBHKJEhRHC7Qyrg444+nA/IUALHawxMGSJFIzghQMZOT+ZA/KgBPscGxl8lNrDDDb14xz+HFADxEinIUA8849eTQA+gAoAKACgAoAKACgAoAKACgAoAKACgAoAKACgAoAKACgAoAKACgAoAKACgAoAKACgAoAKACgAoAKACgAoAKACgAoAKACgAoAKACgAoAKACgAoAKACgAoAKACgAoAKACgAoAKACgAoAKACgAoAKACgAoAKACgAoAKACgAoAKACgAoAKACgAoAKACgAoAKACgAoAKACgAoAKACgAoAKACgAoAKACgAoAKACgAoAKACgAoAKACgAoAKACgAoAKACgAoAKACgAoAKACgAoAKACgAoAKACgAoAKACgAoAKACgAoAKACgAoAKACgAoAKACgAoAKACgAoAKACgAoAKACgAoAKACgAoAKACgAoAKACgAoAKACgAoAKACgAoAKACgAoAKACgAoAKACgAoAKACgAoAKACgAoAKACgAoAKACgAoAKACgAoAKACgAoA//9k=","timing":4624,"timestamp":8.650057817898001E12},{"data":"/9j/4AAQSkZJRgABAQAAAQABAAD/2wCEAAMCAgMCAgMDAwMEAwMEBQgFBQQEBQoHBwYIDAoMDAsKCwsNDhIQDQ4RDgsLEBYQERMUFRUVDA8XGBYUGBIUFRQBAwQEBQQFCQUFCRQNCw0UFBQUFBQUFBQUFBQUFBQUFBQUFBQUFBQUFBQUFBQUFBQUFBQUFBQUFBQUFBQUFBQUFP/AABEIANUAeAMBEQACEQEDEQH/xAGiAAABBQEBAQEBAQAAAAAAAAAAAQIDBAUGBwgJCgsQAAIBAwMCBAMFBQQEAAABfQECAwAEEQUSITFBBhNRYQcicRQygZGhCCNCscEVUtHwJDNicoIJChYXGBkaJSYnKCkqNDU2Nzg5OkNERUZHSElKU1RVVldYWVpjZGVmZ2hpanN0dXZ3eHl6g4SFhoeIiYqSk5SVlpeYmZqio6Slpqeoqaqys7S1tre4ubrCw8TFxsfIycrS09TV1tfY2drh4uPk5ebn6Onq8fLz9PX29/j5+gEAAwEBAQEBAQEBAQAAAAAAAAECAwQFBgcICQoLEQACAQIEBAMEBwUEBAABAncAAQIDEQQFITEGEkFRB2FxEyIygQgUQpGhscEJIzNS8BVictEKFiQ04SXxFxgZGiYnKCkqNTY3ODk6Q0RFRkdISUpTVFVWV1hZWmNkZWZnaGlqc3R1dnd4eXqCg4SFhoeIiYqSk5SVlpeYmZqio6Slpqeoqaqys7S1tre4ubrCw8TFxsfIycrS09TV1tfY2dri4+Tl5ufo6ery8/T19vf4+fr/2gAMAwEAAhEDEQA/AP0bk8LeMEuh9l8ZJFaC8SXyp9KjlcWyxQKYA+4cs8cz+YwYjz8Y+RSQDrtMt57TTrWG5unvriOJEkuXRUaVgoBcqoABJycAYGeKALVABQAUAFABQAUAFABQAUAFABQAUAFABQAUAFABQAUAFABQAUAFABQAUAFABQAUAFABQAUAFABQAUAFABQAUAFABQAUAFABQAUAFABQAUAFABQAUAFABQAUAFABQAUAFABQAUAFACZ5xQAZGcd6AFoAKACgAoAKACgAoAKACgAoAKACgAoA8AbVfiFqEGl3Wja9oL2kFwbHVBNfwzbbgSxCKFJAD+9kHyOrcgynbuOwgA7zwHq+q2WrXll4h1fTrqG7mCaTIs8azzPGji4hMSjG6MxliQxOTICsYQAgHftOoYr1cLu2jrj6daAATI2MMDkkZBHUHH8xQAi3CMMgjGCScg4x1H1oAZp9/b6rYW97ZzR3NpcRrLDPC4dJEYZVlYEgggggg4INAFigAoAKACgAoAKACgAoAKAOF1j4PeEvFt/omq6npZvL/RpvtGmXM0syyWT/ALrJjywKZMEeQMA/N2dsgDdG+B3grw9pVrYadoUFrHaQS29rOjN9ptY5FdXWG4z5sWRI4Gxxt3HbigB+ifBfwj4c059O03TGtdMa8hvxYLdTm3ininSeIxRlysSrJGjbEAU4AIIoAst8JfC5Piwpp8kLeKgo1d4LyeJ7jClRhlcGP5SR8hXrQBj3v7O/w+1O4vJ73w5BdyXieXcCeWWRJB9qN2cozlcm4YyFsZJOCSOKAO60PRrTw5oun6Tp8XkWFhbx2tvFuLbI0UKq5YknAAGSSaAL1ABQAUAFABQAUAFABQAUAFABQAUAFABQAUAFABQAUAFABQAUAFABQAUAJuoFfWwbqAuAOaBi0AFABQAUAFABQAUAFABQAUAFABQByaS6/f6Wk1hPZf6RCjQTzRO/UZDsoZCQwK/LwRzyeldj+rNt6nn2xe2hXv8A/hODph+xHRV1EeWy/aVlMX3Y/MU7efvGXB9FTI5JEr6u90waxS2aNfTU8Qf27eG9fTv7H2D7MsMb/aC2TkuSduMbcYHr0xgxP2XKuS9zal7fm/ebG7WB1BQAUARiZec4XHXJppNkOaWjYvmqDjIz9aLMHOK6jftCEkBlJXBIz0H+Qfyos+qDnjrZiC6jP8QHtmnyvsQqsHrckVg6gggg9xSasap31Q6kMKACgAoA8ttfEXirw3YQWVxYJKIFENuLKwe4Msa+UiFmMyBGJlAwQANrMSEBau14eLfuzT+Vv8zzFi3b3qbXzv8AohsvxI15bS9mi02/ma0PMI8OTK8yllCmPdcBTkMGwSCAGyBg1Twm3vrXzGsZ/wBO39x0XhvVvEuvSasJVt9LWyvXtI/tWmyD7Qqqh81D5/KEsQD329jkDmqU+TlfNe6vp0v09TrpVOe6tazsbX2XX/8AoJ6b/wCC6T/4/WJuH2XX/wDoJ6b/AOC6T/4/QAfZdf8A+gnpv/guk/8Aj9AFQ+EoL+++26wUvbuPasfl+ZHCoDBlYRF2UOCPv9ccdK2hVnCPKmc86EJy5mMPw80JnspPs03m2f8AqZftMvmAbGQqW3bmUhjlWJBOGIyAar6xU7kfVqbdyS08CaPY209rBahLSaaO4aDcxVXRlZNoJ+VVKKQq4A7Dml7ed076r9RrDxSa6MSz+H2h6ejLb2rxhoEtm/fOxaNCxVSSckDew57YHQACvrFS/Nfrf8v8hfVafLym9a20dnbxwRLtijUIi+gAwBXO227s6klFJIlpDCgAoAKAPM/CfijTLvw1p3k+HJb1Ft1jeeJrMozL8j8mYc70IIPIIwQDTuKxb1Txfomj6ebzUPDcllatJFCJLp7KJGeWTZGoZpwuXchQM5JYAZJpDLNxr9hYxNJP4RuoYYwS8kos1RADzkmbA6Z/H3oA0YJre4hjlTwnOUkUOvy2vQ9P+WtAD/3P/QpT/wDfNr/8doAP3P8A0KU//fNr/wDHaAKP9la5dyXUmmzjw9aSW/lRWr28RkimyT5wKl0YEbV2kZ4JyOjaxnTS1WpjUhU5vdlobPh6x1eyN6dV1CO/864aWARxeX5EZxti77sYzu4znoKU3F25VYdNSSfO7mxiszQWgYUAFABQAUAFAHlFp+zT4R022uYrCbWLJrkYmki1KQlwZzPINrEqA7vLnao+WaRV2hsUAbCfA7wrH4Qm8MLb3C6JK0Tm2S4ZCrRtuRlkUh1ZWCsGDAhlBB9QDF0f9l34faBYvZ6fpc9pbM2Qkd3KNn7qSH5fm+U7JXG4YP3TnKqQAep2lstpbRQKSyxoEBbqQBigCagAoAKACgAoAKACgAoAKACgAoA4A/G3w0YfFjRTS3M3hm9isL+CFA0hlkKqixrnMjMzbFjHzuw2qrFk3AGndfEK3hj1VYdNv7y80ydreexhWMTFgYTlCzhGBjuIpAA+SG243gpQBZ1PxvbaJLdpf2V/AsLxokkVubhZQyFt48rcUQbWUtKEAKnnBBIBneHvizofivWb7TNLTUJ7mxnS3uGl0+eGNHaKOTG90A3ASoGT76kNuUbSaAJbn4o6Lptle3eoLe2FvZTtDcyPZySpbgCNvMleIOkaFJo5NzlQqFi23Y+0Ap3Hxj0Ox8R6zpN7Ff2R0y4W0a5e1MkU8zRW8gSMx7juxd26gOFLtIFTcQcAG34e8d6N4o1C9stPmuHuLOaaCTz7KeBHaKQxy+W8iKsoVxtLRlgMjnkZAOgoAKACgAoAKACgAoAKAK8thbTxSRSQRvHIwZ1ZQQxGME+p4H5UAO+xwbg3kpkcg7Rx824/qAfrQA06fatIZDbxNISGLlASSBgEnuQCRn3oAclnBHKJEhRHC7Qyrg444+nA/IUALHawxMGSJFIzghQMZOT+ZA/KgBPscGxl8lNrDDDb14xz+HFADxEinIUA8849eTQA+gAoAKACgAoAKACgAoAKACgAoAKACgAoAKACgAoAKACgAoAKACgAoAKACgAoAKACgAoAKACgAoAKACgAoAKACgAoAKACgAoAKACgAoAKACgAoAKACgAoAKACgAoAKACgAoAKACgAoAKACgAoAKACgAoAKACgAoAKACgAoAKACgAoAKACgAoAKACgAoAKACgAoAKACgAoAKACgAoAKACgAoAKACgAoAKACgAoAKACgAoAKACgAoAKACgAoAKACgAoAKACgAoAKACgAoAKACgAoAKACgAoAKACgAoAKACgAoAKACgAoAKACgAoAKACgAoAKACgAoAKACgAoAKACgAoAKACgAoAKACgAoAKACgAoAKACgAoAKACgAoAKACgAoAKACgAoAKACgAoAKACgAoAKACgAoAKACgAoAKACgAoAKACgAoAKACgAoA//9k=","timing":5285,"timestamp":8.650058478497999E12},{"data":"/9j/4AAQSkZJRgABAQAAAQABAAD/2wCEAAMCAgMCAgMDAwMEAwMEBQgFBQQEBQoHBwYIDAoMDAsKCwsNDhIQDQ4RDgsLEBYQERMUFRUVDA8XGBYUGBIUFRQBAwQEBQQFCQUFCRQNCw0UFBQUFBQUFBQUFBQUFBQUFBQUFBQUFBQUFBQUFBQUFBQUFBQUFBQUFBQUFBQUFBQUFP/AABEIANUAeAMBEQACEQEDEQH/xAGiAAABBQEBAQEBAQAAAAAAAAAAAQIDBAUGBwgJCgsQAAIBAwMCBAMFBQQEAAABfQECAwAEEQUSITFBBhNRYQcicRQygZGhCCNCscEVUtHwJDNicoIJChYXGBkaJSYnKCkqNDU2Nzg5OkNERUZHSElKU1RVVldYWVpjZGVmZ2hpanN0dXZ3eHl6g4SFhoeIiYqSk5SVlpeYmZqio6Slpqeoqaqys7S1tre4ubrCw8TFxsfIycrS09TV1tfY2drh4uPk5ebn6Onq8fLz9PX29/j5+gEAAwEBAQEBAQEBAQAAAAAAAAECAwQFBgcICQoLEQACAQIEBAMEBwUEBAABAncAAQIDEQQFITEGEkFRB2FxEyIygQgUQpGhscEJIzNS8BVictEKFiQ04SXxFxgZGiYnKCkqNTY3ODk6Q0RFRkdISUpTVFVWV1hZWmNkZWZnaGlqc3R1dnd4eXqCg4SFhoeIiYqSk5SVlpeYmZqio6Slpqeoqaqys7S1tre4ubrCw8TFxsfIycrS09TV1tfY2dri4+Tl5ufo6ery8/T19vf4+fr/2gAMAwEAAhEDEQA/APh3wzoB168ZWcxwRAF2HXnoB78H8qANnXvA0dlYvc2csjmIFnWUg5XuRgDpQBxtABQAUAFABQAUAFABQAUAFAGhoWktrWpR2ytsXBZ3xnaB/kD8aAOp1TwFBFYSSWs8pmjUttkwQ2BnAwOKAOGoA6Hwfr8WiXcq3CnyJsbpF5KEZxx6c0AbviDxnYy6dNBaMbh5kMZ+UqFBGCeQKAOCOSaADFABigAxQAYoAMUAGKADFABigAxQBreGNXTRdVSaVS0LKUfHUA9x+VAHX6n4205bKYW7tPMylVQIwwSO5IH6UAecgYAoA3vsEH/PMUAH2CD/AJ5igA+wQf8APMUAH2CD/nmKAD7BB/zzFAB9gg/55igA+wQf88xQAfYIP+eYoAPsEH/PMUAH2CD/AJ5igA+wQf8APMUAH2CD/nmKAD7BB/zzFAB9gg/55igA+wQf88xQBYoAKACgAoAKACgAoAKACgAoAKACgAoAKACgAoAKACgAoAKACgAoAKACgAoAKACgAoAKACgAoAKACgAoAKACgAoAKACgAoAKACgAoAKACgAoAKACgAoAKACgAoAKACgAoAKACgAoAKACgAoAKACgAoAKACgAoAKACgAoAKACgAoAKACgAoAKACgAoAKACgAoAKACgAoAKACgAoAKACgAoAKACgAoAKACgAoAKACgAoAKACgAoAKACgAoAKACgAoAKACgAoAKACgAoAKACgAoAKACgBUKh13DK55A9KAOjNh4P7a7rZ/7gsP/AMl0AH2Dwh/0HNb/APBND/8AJdAB9g8If9BzW/8AwTQ//JdAB9g8If8AQc1v/wAE0P8A8l0AH2Dwh/0HNb/8E0P/AMl0AH2Dwh/0HNb/APBND/8AJdAB9g8If9BzW/8AwTQ//JdAB9g8If8AQc1v/wAE0P8A8l0AH2Dwh/0HNb/8E0P/AMl0AH2Dwh/0HNb/APBND/8AJdAB9g8If9BzW/8AwTQ//JdAB9g8If8AQc1v/wAE0P8A8l0AAsPB/fXNb/8ABND/APJdAGDerbrdyraSSS2wYiOSaMRu69iyhmCk9cBjj1NAENABQAUAFABQAUAFABQAUAFABQAUAFABQAUAFABQAUAFABQAUAFABQAUAFABQAUAFABQAUAIeQe1ACfN7UAGG9qADDe1ABhvagAw3tQAYb2oAMN7UAGG9qADDe1ABhvagAw3tQAYb2oAPm9qAFGcc9aAFoA3tM8PW1/YQzvJMjODkIwx1PtQBa/4RO0/57XH/fS//E0AH/CJ2n/Pa4/76X/4mgDI1rTI9MljSF3bepJMmCf0AoA1z4TtP+es4+jLj+VAB/widp/z2uP++l/+JoAP+ETtP+e1x/30v/xNAHP6narY38tujMyJjBY88gH+tAFegAoAKACgAoAKACgDd0nxFb2NhFBJDMXTOSgXHX60AW/+EttP+eFz+S/40AH/AAltp/zwufyX/GgDH1zVI9TljeFHQKpGJAOv4GgDYHi20xzBcZ74C/40AH/CW2n/ADwufyX/ABoAP+EttP8Anhc/kv8AjQBgandJfahLcRqyo+MB8Z6Af0oArUAFABQAUAFABQAUAFABmgAzQAUAFABmgAzQAUAFABQAUAFABQAUAFABQAUAFABQAUAFABQAUAFABQAUAFABQAUAFABQAUAFABQAUAFABQAUAFABQAUAFABQAUAFABQAUAFABQAUAFABQAUAFABQAUAFABQAUAFABQAUAFABQAUAFABQAUAFABQAUAFABQAUAFABQAUAFABQAUAFABQAUAFABQAUAFABQAUAFABQAUAFABQAUAFABQAUAFABQAUAFABQAUAFABQAUAFABQAUAFABQAUAFABQAUAFABQAUAZP9sv/AM8l/OgA/tl/+eS/nQAf2y//ADyX86AD+2X/AOeS/nQAf2y//PJfzoAP7Zf/AJ5L+dAB/bL/APPJfzoAP7Zf/nkv50AH9sv/AM8l/OgA/tl/+eS/nQAf2y//ADyX86AD+2X/AOeS/nQAf2y//PJfzoAP7Zf/AJ5L+dAB/bL/APPJfzoAz6ACgAoAKACgAoAKACgAoAKACgAoAKACgAoA/wD/2Q==","timing":5945,"timestamp":8650059139098},{"data":"/9j/4AAQSkZJRgABAQAAAQABAAD/2wCEAAMCAgMCAgMDAwMEAwMEBQgFBQQEBQoHBwYIDAoMDAsKCwsNDhIQDQ4RDgsLEBYQERMUFRUVDA8XGBYUGBIUFRQBAwQEBQQFCQUFCRQNCw0UFBQUFBQUFBQUFBQUFBQUFBQUFBQUFBQUFBQUFBQUFBQUFBQUFBQUFBQUFBQUFBQUFP/AABEIANUAeAMBEQACEQEDEQH/xAGiAAABBQEBAQEBAQAAAAAAAAAAAQIDBAUGBwgJCgsQAAIBAwMCBAMFBQQEAAABfQECAwAEEQUSITFBBhNRYQcicRQygZGhCCNCscEVUtHwJDNicoIJChYXGBkaJSYnKCkqNDU2Nzg5OkNERUZHSElKU1RVVldYWVpjZGVmZ2hpanN0dXZ3eHl6g4SFhoeIiYqSk5SVlpeYmZqio6Slpqeoqaqys7S1tre4ubrCw8TFxsfIycrS09TV1tfY2drh4uPk5ebn6Onq8fLz9PX29/j5+gEAAwEBAQEBAQEBAQAAAAAAAAECAwQFBgcICQoLEQACAQIEBAMEBwUEBAABAncAAQIDEQQFITEGEkFRB2FxEyIygQgUQpGhscEJIzNS8BVictEKFiQ04SXxFxgZGiYnKCkqNTY3ODk6Q0RFRkdISUpTVFVWV1hZWmNkZWZnaGlqc3R1dnd4eXqCg4SFhoeIiYqSk5SVlpeYmZqio6Slpqeoqaqys7S1tre4ubrCw8TFxsfIycrS09TV1tfY2dri4+Tl5ufo6ery8/T19vf4+fr/2gAMAwEAAhEDEQA/APgL9KAL2qaDqeiLE1/p1zZpI5jDTRkDdgnGemcAn8KAKNABQB0Wm/DzxFrPh2PW9P0m4v8AT5Ls2KNagSuZgYQV8tSXAzcQKGK7S0qKCWOKAJYvhh4sn0e41WPQL19Pt7Sa+lnEfypDFOlvKx7/ACSyIrDqu9SRg5oArSeAPE0M1rG2gah5l3dy2FtEsDGWW5iVDNCIwN29PNjyMZG6gCa1+G3iq+0zT9QtfDup3dpqBuPsr29q0hmEG3zmCqCdq7wC2MZDDOVbABn3/hbWNLsftl3pd5b2vmPC07wkIkisUaNz/C4YYKnB6eooAuz/AA68V215NaTeGNZiuoXijlgfT5Q8bSttiVlK5BcghQfvEYGaAII/BeuM92j6VdW72v2gSi5j8na0ADTp8+PnQMpZRyMjI5FAGLQAUAFABQAY9qAOq8VfFDxZ4206Kw13X9Q1SzilEyQXVw8iK4DAEBiccO350Acrg0AGDQB2+g/FnVvD3glvCsFlYTaVNePcXYmSQveRO1q72shDjETPZW7ZQLICnDgHFAHQW37Sfiyy0DUdHt4rGO21Bt93IwmkmmZLtry3YyPKx3QzvI6kcvvIlMoAAAOWuPiTf3njCPXrmw0+5iitWsYNIlRzZQWxthbCJF37xiMLiTf5hZd5csSxAOt+I/7TPi34nnVX1O3021m1OSWW6lsI5Y2cubcADMh2hI7S3iXbj5Y8tudmdgClrn7QXibxB4X1jQbm300WWqtdNcOkLiTM95a3bkEuRkSWcYGQflZ85JDAA6zxP+194g1vx/ceJ7Hw3oembdW/tSwtnjkme1H9pHUWieXepmDz7WfcMDB8oQh2UgHAt8ZvEMvhqx0OUW0lpZ6fLpkbFXUm3cSbVYBgrMjXF0yuV3A3EgJK7VUA4PHtQAYNABg0AGKAN46bATnyxQAn9mwf881oAP7Ng/55rQAf2bB/zzWgA/s2D/nmtAB/ZsH/ADzWgA/s2D/nmtAB/ZsH/PNaAD+zYP8AnmtAB/ZsH/PNaAD+zYP+ea0AH9mwf881oAP7Ng/55rQAf2bB/wA81oABptvn/VigC3QAUAFABQAUAFABQAUAFABQAUAFABQAUAFABQAUAFABQAUAFABQAUAFABQAUAFABQAUAFABQAUAFABQAUAFABQAUAFABQAUAFABQAUAFABQAUAFABQAUAFABQAUAFABQAUAFABQAUAFABQAUAFABQAUAFABQAUAFABQAUAFABQAUAFABQAUAFABQAUAFABQAUAFABQAUAFABQAUAFABQAUAFABQAUAFABQAUAFABQAUAFABQAUAFABQAUAFABQAUAFABQAUAFABQAUAFABQAUAFABQAUAFAHW6N8L9b8Q6XDeaatveNKkbpapMBMwaS4T5VONxBtpCQpJwQcYDFQCppvgHWNYeySyhjuJbyc20EYlCs8oUMV+bG35WQ5OANwyRzgAYngq9+0xRzz2lpC00kMlzNNiOEoQHLkAkAZzwDnHGTgEAwCMGgAoAKACgDU8K+Hrjxb4m0nQ7R4orrUruKzieYkIryOFUsQCcZIzgE47GgDuvif8DLr4c6BBrcOrwaxpT6hNpUkiqsciXMTOG+VXcFG8tipyGxjcq5FAHmNABQAUAFABQAUATwtahcyxTSOepWYKPy2n+dAD/Msf8An3uP/Ahf/iKADzLH/n3uP/Ahf/iKADzLH/n3uP8AwIX/AOIoAPMsf+fe4/8AAhf/AIigA8yx/wCfe4/8CF/+IoAPMsf+fe4/8CF/+IoAmtL+3sLuG5tkvLe4gdZYpoboI6OpyrKwTIIIBBFAGn4i8a3XilIV1BppFhLvHFGYoYhI2N8hSOJVLsQu5iNzYGScUAc5QAUAFABQAUAFABQAUAFABQAUAFABQAenvxQAgORxQAtABQAUAFABQAUAdhCvg+78LW0LyyWuuJbXEsk4Emxpcv5MR4cNnEZ4WNVG/LsWAQAs6rpHgRrCVtO128+2h5GhUxGSJkDvsVsqpy0YjIZSRuZgwTAJALkdr8PNOs724D3es3cUcEkVkbmRFmY3Q82NX+zIUIgQ/M4x+9OASnIB51QAUAFABQBseDNJtdf8YaHpd7ObWyvr6C2nnVgDHG8iqzZPHAJPPFAHr/7Unwx8JfD+Xw5ceFndBem6intWuIphGsbr5bAx9ismAWyzBAW+ctkA8IoAKACgAoAKACgBSzMqjJAHpQAmG9W/M0AGG9W/M0AByO7fmaADk92/M0AGG9W/M0AGG9W/M0AHI7t+ZoAQ5P8AE3fv7UALQAUAFABQAUAFAFDVbqS2EflttyTnigDW8OeC/FXi5NLbSLQ3f9o3j2FuPNiTzJlMClBuYYJa6gAJwCXGCcHABpN8KPHiWqzyaUyJ5d/MxM8R2pZLuuSQGJGza4PrgYyeKAOPsb+ea6jR3ypzkYHoaAJtUupbeSMRvtBBzwKAN9PAHi19B0fVzbxxWGsru06aa5hjFwfPe3wNzDpLGynOAuULEB1JAMzWND13QnmS8UQywxJM6M8ZOxmwCMMc9VOByM84oAoadezT3G133Lg9qANSgAoAKACgAoAKACgClqVm92E2Y+XPU0APs73XtP06TT7XVbq30+R2le0iuXWF3MbRsxQHBJjd0JI5ViOhIoAfJqfiGZUWTWL2QJG0KbrqQ7EaIQsq88AxKsZA/gAXpxQBRs9OlguUdiu0Z6H2NAE2pWUl06FCvygg5NAF7T9f8U6RYTWNj4g1Kysprc2kttbX0scckBZ2MTKCAULSSHaeMuxx8xyAQapqPiDXM/2lq13qJIYZu7l5eDI0jD5ieC7s59WYnqc0AVbCwltp97lcYI4NAGlQAUAFABQAUAFABQAUAFABQAUAFABQAUAFABQAUAFABQAUAFABQAUAFABQAUAFABQAUAFABQAUAFABQAUAFABQAUAFABQAUAFABQAUAFABQAUAFABQAUAFABQAUAFABQAUAFABQAUAFABQAUAFABQAUAFABQAUAFABQAUAFABQAUAFABQAUAFABQAUAFABQAUAFABQAUAFABQAUAFABQAUAFABQAUAFABQAUAFABQAUAFABQAUAFABQAUAFABQBFDaa3cXNvbxaLeS3FyI2ghjt3Z5Q5AQqoGWDEgDHXNAFjU9E8SaLIkeo+HtQsJHhFwsd1aSRsYi/liQBgDtL/ID03AjrxQBWlttZhurm1k0e7S6tTKJ4DA4kiMYcy7lxkbBHJuz02NnGDQA6Wx12GJpX0O9WJYUuGkNtJtETSCNZM4xtLsEDdCxA6mgCiNQuiHP2U/IcNwfl4J5/AE/QZoAWe+u7YZltGjGSMspAyCQf1Vh9QfSgCH+2n/55r+dAB/bT/8APNfzoAP7af8A55r+dAB/bT/881/OgA/tp/8Anmv50AH9tP8A881/OgA/tp/+ea/nQAf20/8AzzX86AD+2n/55r+dAF+/+Imv6lq0d9e3cV9e26RwJcXNpDI4WMoyHJT7w2Iu7qUXYSU+WgB2r+Pdc1e2s9PvrxLm1stscKG3iXaBLcTAAqoOPMup2I6HeBjCoFAIbTxrrGnzWuoW935UpEsUSiJNsSyIUcBdu0ArxhQAO3ODQBpW3xS8WDUpb9dalN49pLpyyyRI/k28iMjRxKVxCu2RwBGF2hjt25oAp6L8UPEWm395c298DcXlvBaXLXMMc4mhtzFJDGyupBANvEMEEEAhgQSCAUb/AMQ6neacdOuLrzbMXb3Rj2KMzFVVnzjPIA4zjj1NAGXQAUAFABQAUAFABQAUAFAH/9k=","timing":6606,"timestamp":8650059799698}]}},"score":100,"weight":0,"id":"screenshot-thumbnails"},{"result":{"displayValue":"2,800 ms","score":true,"helpText":"Consider reducing the time spent parsing, compiling and executing JS.You may find delivering smaller JS payloads helps with this.","rawValue":2799.5130100250244,"extendedInfo":{"value":{"Update Layer Tree":108.97500228881836,"Layout":432.32500076293945,"Recalculate Style":503.69400215148926,"Evaluate Script":1296.8040027618408,"Animation Frame Fired":8.261001586914062,"Minor GC":82.69900131225586,"Run Microtasks":63.02199935913086,"Parse HTML":62.446001052856445,"Paint":41.383995056152344,"Compile Script":44.90999984741211,"Composite Layers":77.99400329589844,"Parse Stylesheet":76.9990005493164}},"name":"mainthread-work-breakdown","description":"Main thread work breakdown","scoringMode":"binary","informative":true,"details":{"itemHeaders":[{"itemType":"text","text":"Category","type":"text"},{"itemType":"text","text":"Work","type":"text"},{"itemType":"text","text":"Time spent","type":"text"}],"header":"View Details","type":"table","items":[[{"text":"Script Evaluation","type":"text"},{"text":"Evaluate Script","type":"text"},{"text":"1,297 ms","type":"text"}],[{"text":"Script Evaluation","type":"text"},{"text":"Run Microtasks","type":"text"},{"text":"63 ms","type":"text"}],[{"text":"Script Evaluation","type":"text"},{"text":"Animation Frame Fired","type":"text"},{"text":"8 ms","type":"text"}],[{"text":"Style & Layout","type":"text"},{"text":"Recalculate Style","type":"text"},{"text":"504 ms","type":"text"}],[{"text":"Style & Layout","type":"text"},{"text":"Layout","type":"text"},{"text":"432 ms","type":"text"}],[{"text":"Compositing","type":"text"},{"text":"Update Layer Tree","type":"text"},{"text":"109 ms","type":"text"}],[{"text":"Compositing","type":"text"},{"text":"Composite Layers","type":"text"},{"text":"78 ms","type":"text"}],[{"text":"Parsing HTML & CSS","type":"text"},{"text":"Parse Stylesheet","type":"text"},{"text":"77 ms","type":"text"}],[{"text":"Parsing HTML & CSS","type":"text"},{"text":"Parse HTML","type":"text"},{"text":"62 ms","type":"text"}],[{"text":"Garbage collection","type":"text"},{"text":"Minor GC","type":"text"},{"text":"83 ms","type":"text"}],[{"text":"Script Parsing & Compile","type":"text"},{"text":"Compile Script","type":"text"},{"text":"45 ms","type":"text"}],[{"text":"Paint","type":"text"},{"text":"Paint","type":"text"},{"text":"41 ms","type":"text"}]]}},"score":100,"weight":0,"id":"mainthread-work-breakdown","group":"perf-info"},{"result":{"displayValue":"","score":false,"helpText":"Leverage the font-display CSS feature to ensure text is user-visible while webfonts are loading. [Learn more](https://developers.google.com/web/updates/2016/02/font-display).","rawValue":false,"name":"font-display","description":"Avoid invisible text while webfonts are loading","scoringMode":"binary","details":{"itemHeaders":[{"itemType":"url","text":"Font URL","type":"text"},{"itemType":"text","text":"Font download time","type":"text"}],"header":"View Details","type":"table","items":[[{"text":"https://fonts.gstatic.com/s/roboto/v18/KFOmCnqEu92Fr1Mu4mxK.woff2","type":"url"},{"text":"884 ms","type":"text"}],[{"text":"https://fonts.gstatic.com/s/materialicons/v37/flUhRq6tzZclQEJ-Vdg-IuiaDsNc.woff2","type":"url"},{"text":"1,066 ms","type":"text"}],[{"text":"https://fonts.gstatic.com/s/roboto/v18/KFOlCnqEu92Fr1MmEU9fBBc4.woff2","type":"url"},{"text":"875 ms","type":"text"}]]}},"score":0,"weight":0,"id":"font-display","group":"perf-info"}]},{"score":30,"name":"Progressive Web App","weight":1,"description":"These checks validate the aspects of a Progressive Web App, as specified by the baseline [PWA Checklist](https://developers.google.com/web/progressive-web-apps/checklist).","id":"pwa","audits":[{"result":{"displayValue":"","score":false,"helpText":"The service worker is the technology that enables your app to use many Progressive Web App features, such as offline, add to homescreen, and push notifications. [Learn more](https://developers.google.com/web/tools/lighthouse/audits/registered-service-worker).","rawValue":false,"name":"service-worker","description":"Does not register a service worker","scoringMode":"binary"},"score":0,"weight":1,"id":"service-worker"},{"result":{"displayValue":"","score":false,"helpText":"If you're building a Progressive Web App, consider using a service worker so that your app can work offline. [Learn more](https://developers.google.com/web/tools/lighthouse/audits/http-200-when-offline).","rawValue":false,"name":"works-offline","description":"Does not respond with a 200 when offline","scoringMode":"binary"},"score":0,"weight":1,"id":"works-offline"},{"result":{"displayValue":"","score":false,"debugString":"The page body should render some content if its scripts are not available.","helpText":"Your app should display some content when JavaScript is disabled, even if it's just a warning to the user that JavaScript is required to use the app. [Learn more](https://developers.google.com/web/tools/lighthouse/audits/no-js).","rawValue":false,"name":"without-javascript","description":"Does not provide fallback content when JavaScript is not available","scoringMode":"binary"},"score":0,"weight":1,"id":"without-javascript"},{"result":{"displayValue":"","score":false,"helpText":"If you've already set up HTTPS, make sure that you redirect all HTTP traffic to HTTPS. [Learn more](https://developers.google.com/web/tools/lighthouse/audits/http-redirects-to-https).","rawValue":false,"name":"redirects-http","description":"Does not redirect HTTP traffic to HTTPS","scoringMode":"binary"},"score":0,"weight":1,"id":"redirects-http"},{"result":{"displayValue":"","score":true,"helpText":"A fast page load over a 3G network ensures a good mobile user experience. [Learn more](https://developers.google.com/web/tools/lighthouse/audits/fast-3g).","rawValue":true,"extendedInfo":{"value":{"isFast":true,"timeToFirstInteractive":6460.149,"firstRequestLatencies":[{"latency":"566.29","url":"http://web/"},{"latency":"579.72","url":"https://cdnjs.cloudflare.com/ajax/libs/Chart.js/2.7.1/Chart.min.js"},{"latency":"571.48","url":"https://unpkg.com/vue-chartjs/dist/vue-chartjs.min.js"},{"latency":"578.93","url":"https://fonts.gstatic.com/s/roboto/v18/KFOmCnqEu92Fr1Mu4mxK.woff2"}],"areLatenciesAll3G":true}},"name":"load-fast-enough-for-pwa","description":"Page load is fast enough on 3G","scoringMode":"binary"},"score":100,"weight":1,"id":"load-fast-enough-for-pwa"},{"result":{"displayValue":"","score":false,"debugString":"Failures: No manifest was fetched, Site does not register a service worker, Service worker does not successfully serve the manifest's start_url, No usable web app manifest found on page.","helpText":"Browsers can proactively prompt users to add your app to their homescreen, which can lead to higher engagement. [Learn more](https://developers.google.com/web/tools/lighthouse/audits/install-prompt).","rawValue":false,"extendedInfo":{"value":{"failures":["No manifest was fetched","Site does not register a service worker","Service worker does not successfully serve the manifest's start_url","No usable web app manifest found on page"],"warnings":["No usable web app manifest found on page"],"manifestValues":{"parseFailureReason":"No manifest was fetched","allChecks":[],"isParseFailure":true}}},"name":"webapp-install-banner","description":"User will not be prompted to Install the Web App","scoringMode":"binary"},"score":0,"weight":1,"id":"webapp-install-banner"},{"result":{"displayValue":"","score":false,"debugString":"Failures: No manifest was fetched.","helpText":"A themed splash screen ensures a high-quality experience when users launch your app from their homescreens. [Learn more](https://developers.google.com/web/tools/lighthouse/audits/custom-splash-screen).","rawValue":false,"extendedInfo":{"value":{"failures":["No manifest was fetched"],"manifestValues":{"parseFailureReason":"No manifest was fetched","allChecks":[],"isParseFailure":true}}},"name":"splash-screen","description":"Is not configured for a custom splash screen","scoringMode":"binary"},"score":0,"weight":1,"id":"splash-screen"},{"result":{"displayValue":"","score":false,"debugString":"Failures: No manifest was fetched, No `<meta name=\"theme-color\">` tag found.","helpText":"The browser address bar can be themed to match your site. [Learn more](https://developers.google.com/web/tools/lighthouse/audits/address-bar).","rawValue":false,"extendedInfo":{"value":{"failures":["No manifest was fetched","No `<meta name=\"theme-color\">` tag found"],"themeColor":null,"manifestValues":{"parseFailureReason":"No manifest was fetched","allChecks":[],"isParseFailure":true}}},"name":"themed-omnibox","description":"Address bar does not match brand colors","scoringMode":"binary"},"score":0,"weight":1,"id":"themed-omnibox"},{"result":{"displayValue":"","score":true,"debugString":"","helpText":"Add a viewport meta tag to optimize your app for mobile screens. [Learn more](https://developers.google.com/web/tools/lighthouse/audits/has-viewport-meta-tag).","rawValue":true,"name":"viewport","description":"Has a `<meta name=\"viewport\">` tag with `width` or `initial-scale`","scoringMode":"binary"},"score":100,"weight":1,"id":"viewport"},{"result":{"displayValue":"","score":true,"debugString":"","helpText":"If the width of your app's content doesn't match the width of the viewport, your app might not be optimized for mobile screens. [Learn more](https://developers.google.com/web/tools/lighthouse/audits/content-sized-correctly-for-viewport).","rawValue":true,"name":"content-width","description":"Content is sized correctly for the viewport","scoringMode":"binary"},"score":100,"weight":1,"id":"content-width"},{"result":{"displayValue":"","score":false,"helpText":"To reach the most number of users, sites should work across every major browser. [Learn more](https://developers.google.com/web/progressive-web-apps/checklist#site-works-cross-browser).","rawValue":false,"name":"pwa-cross-browser","description":"Site works cross-browser","scoringMode":"binary","informative":true,"manual":true},"score":0,"weight":0,"id":"pwa-cross-browser","group":"manual-pwa-checks"},{"result":{"displayValue":"","score":false,"helpText":"Transitions should feel snappy as you tap around, even on a slow network, a key to perceived performance. [Learn more](https://developers.google.com/web/progressive-web-apps/checklist#page-transitions-dont-feel-like-they-block-on-the-network).","rawValue":false,"name":"pwa-page-transitions","description":"Page transitions don't feel like they block on the network","scoringMode":"binary","informative":true,"manual":true},"score":0,"weight":0,"id":"pwa-page-transitions","group":"manual-pwa-checks"},{"result":{"displayValue":"","score":false,"helpText":"Ensure individual pages are deep linkable via the URLs and that URLs are unique for the purpose of shareability on social media. [Learn more](https://developers.google.com/web/progressive-web-apps/checklist#each-page-has-a-url).","rawValue":false,"name":"pwa-each-page-has-url","description":"Each page has a URL","scoringMode":"binary","informative":true,"manual":true},"score":0,"weight":0,"id":"pwa-each-page-has-url","group":"manual-pwa-checks"}]},{"score":76.71232876712328,"name":"Accessibility","description":"These checks highlight opportunities to [improve the accessibility of your web app](https://developers.google.com/web/fundamentals/accessibility). Only a subset of accessibility issues can be automatically detected so manual testing is also encouraged.","id":"accessibility","audits":[{"result":{"displayValue":"","score":false,"helpText":"Access keys let users quickly focus a part of the page. For proper navigation, each access key must be unique. [Learn more](https://dequeuniversity.com/rules/axe/2.2/accesskeys?application=lighthouse).","rawValue":false,"name":"accesskeys","description":"`[accesskey]` values are not unique","scoringMode":"binary","informative":true,"notApplicable":true},"score":100,"weight":0,"id":"accesskeys","group":"a11y-correct-attributes"},{"result":{"displayValue":"","score":true,"helpText":"Each ARIA `role` supports a specific subset of `aria-*` attributes. Mismatching these invalidates the `aria-*` attributes. [Learn more](https://dequeuniversity.com/rules/axe/2.2/aria-allowed-attr?application=lighthouse).","rawValue":true,"extendedInfo":{},"name":"aria-allowed-attr","description":"`[aria-*]` attributes match their roles","scoringMode":"binary","details":{"header":{"text":"View failing elements","type":"text"},"type":"list","items":[]}},"score":100,"weight":3,"id":"aria-allowed-attr","group":"a11y-aria"},{"result":{"displayValue":"","score":false,"helpText":"Some ARIA roles have required attributes that describe the state of the element to screen readers. [Learn more](https://dequeuniversity.com/rules/axe/2.2/aria-required-attr?application=lighthouse).","rawValue":false,"name":"aria-required-attr","description":"`[role]`s do not have all required `[aria-*]` attributes","scoringMode":"binary","informative":true,"notApplicable":true},"score":100,"weight":0,"id":"aria-required-attr","group":"a11y-aria"},{"result":{"displayValue":"","score":false,"helpText":"Some ARIA parent roles must contain specific child roles to perform their intended accessibility functions. [Learn more](https://dequeuniversity.com/rules/axe/2.2/aria-required-children?application=lighthouse).","rawValue":false,"name":"aria-required-children","description":"Elements with `[role]` that require specific children `[role]`s, are missing.","scoringMode":"binary","informative":true,"notApplicable":true},"score":100,"weight":0,"id":"aria-required-children","group":"a11y-aria"},{"result":{"displayValue":"","score":false,"helpText":"Some ARIA child roles must be contained by specific parent roles to properly perform their intended accessibility functions. [Learn more](https://dequeuniversity.com/rules/axe/2.2/aria-required-parent?application=lighthouse).","rawValue":false,"name":"aria-required-parent","description":"`[role]`s are not contained by their required parent element","scoringMode":"binary","informative":true,"notApplicable":true},"score":100,"weight":0,"id":"aria-required-parent","group":"a11y-aria"},{"result":{"displayValue":"","score":false,"helpText":"ARIA roles must have valid values in order to perform their intended accessibility functions. [Learn more](https://dequeuniversity.com/rules/axe/2.2/aria-roles?application=lighthouse).","rawValue":false,"name":"aria-roles","description":"`[role]` values are not valid","scoringMode":"binary","informative":true,"notApplicable":true},"score":100,"weight":0,"id":"aria-roles","group":"a11y-aria"},{"result":{"displayValue":"","score":true,"helpText":"Assistive technologies, like screen readers, can't interpret ARIA attributes with invalid values. [Learn more](https://dequeuniversity.com/rules/axe/2.2/aria-valid-attr-value?application=lighthouse).","rawValue":true,"extendedInfo":{},"name":"aria-valid-attr-value","description":"`[aria-*]` attributes have valid values","scoringMode":"binary","details":{"header":{"text":"View failing elements","type":"text"},"type":"list","items":[]}},"score":100,"weight":2,"id":"aria-valid-attr-value","group":"a11y-aria"},{"result":{"displayValue":"","score":true,"helpText":"Assistive technologies, like screen readers, can't interpret ARIA attributes with invalid names. [Learn more](https://dequeuniversity.com/rules/axe/2.2/aria-valid-attr?application=lighthouse).","rawValue":true,"extendedInfo":{},"name":"aria-valid-attr","description":"`[aria-*]` attributes are valid and not misspelled","scoringMode":"binary","details":{"header":{"text":"View failing elements","type":"text"},"type":"list","items":[]}},"score":100,"weight":5,"id":"aria-valid-attr","group":"a11y-aria"},{"result":{"displayValue":"","score":false,"helpText":"Captions make audio elements usable for deaf or hearing-impaired users, providing critical information such as who is talking, what they're saying, and other non-speech information. [Learn more](https://dequeuniversity.com/rules/axe/2.2/audio-caption?application=lighthouse).","rawValue":false,"name":"audio-caption","description":"`<audio>` elements are missing a `<track>` element with `[kind=\"captions\"]`.","scoringMode":"binary","informative":true,"notApplicable":true},"score":100,"weight":0,"id":"audio-caption","group":"a11y-correct-attributes"},{"result":{"displayValue":"","score":false,"helpText":"When a button doesn't have an accessible name, screen readers announce it as \"button\", making it unusable for users who rely on screen readers. [Learn more](https://dequeuniversity.com/rules/axe/2.2/button-name?application=lighthouse).","rawValue":false,"extendedInfo":{"value":{"help":"Buttons must have discernible text","nodes":[{"failureSummary":"Fix all of the following:\n  Element is in tab order and does not have accessible text\n\nFix any of the following:\n  Element has a value attribute and the value attribute is empty\n  Element has no value attribute or the value attribute is empty\n  Element does not have inner text that is visible to screen readers\n  aria-label attribute does not exist or is empty\n  aria-labelledby attribute does not exist, references elements that do not exist or references elements that are empty or not visible\n  Element's default semantics were not overridden with role=\"presentation\"\n  Element's default semantics were not overridden with role=\"none\"","snippet":"<button type=\"button\" class=\"toolbar__side-icon btn btn--icon\">","path":"1,HTML,2,BODY,0,MAIN,0,DIV,1,DIV,2,NAV,0,DIV,0,BUTTON","impact":"critical","html":"<button type=\"button\" class=\"toolbar__side-icon btn btn--icon\"><div class=\"btn__content\"><i aria-hidden=\"true\" class=\"icon material-icons\">menu<\/i><\/div><\/button>","target":[".toolbar__side-icon"]},{"failureSummary":"Fix all of the following:\n  Element is in tab order and does not have accessible text\n\nFix any of the following:\n  Element has a value attribute and the value attribute is empty\n  Element has no value attribute or the value attribute is empty\n  Element does not have inner text that is visible to screen readers\n  aria-label attribute does not exist or is empty\n  aria-labelledby attribute does not exist, references elements that do not exist or references elements that are empty or not visible\n  Element's default semantics were not overridden with role=\"presentation\"\n  Element's default semantics were not overridden with role=\"none\"","snippet":"<button type=\"button\" class=\"btn btn--icon\">","path":"1,HTML,2,BODY,0,MAIN,0,DIV,1,DIV,2,NAV,0,DIV,4,SPAN,0,SPAN,0,BUTTON","impact":"critical","html":"<button type=\"button\" class=\"btn btn--icon\"><div class=\"btn__content\"><i aria-hidden=\"true\" class=\"icon fa fa-sign-out\"><\/i><\/div><\/button>","target":["span > .btn--icon"]}],"impact":"critical","description":"Ensures buttons have discernible text","helpUrl":"https://dequeuniversity.com/rules/axe/3.0/button-name?application=axeAPI","id":"button-name","tags":["cat.name-role-value","wcag2a","wcag412","section508","section508.22.a"]}},"name":"button-name","description":"Buttons do not have an accessible name","scoringMode":"binary","details":{"header":{"text":"View failing elements","type":"text"},"type":"list","items":[{"snippet":"<button type=\"button\" class=\"toolbar__side-icon btn btn--icon\">","path":"1,HTML,2,BODY,0,MAIN,0,DIV,1,DIV,2,NAV,0,DIV,0,BUTTON","selector":".toolbar__side-icon","type":"node"},{"snippet":"<button type=\"button\" class=\"btn btn--icon\">","path":"1,HTML,2,BODY,0,MAIN,0,DIV,1,DIV,2,NAV,0,DIV,4,SPAN,0,SPAN,0,BUTTON","selector":"span > .btn--icon","type":"node"}]}},"score":0,"weight":10,"id":"button-name","group":"a11y-element-names"},{"result":{"displayValue":"","score":true,"helpText":"Adding ways to bypass repetitive content lets keyboard users navigate the page more efficiently. [Learn more](https://dequeuniversity.com/rules/axe/2.2/bypass?application=lighthouse).","rawValue":true,"extendedInfo":{},"name":"bypass","description":"The page contains a heading, skip link, or landmark region","scoringMode":"binary","details":{"header":{"text":"View failing elements","type":"text"},"type":"list","items":[]}},"score":100,"weight":10,"id":"bypass","group":"a11y-describe-contents"},{"result":{"displayValue":"","score":true,"helpText":"Low-contrast text is difficult or impossible for many users to read. [Learn more](https://dequeuniversity.com/rules/axe/2.2/color-contrast?application=lighthouse).","rawValue":true,"extendedInfo":{},"name":"color-contrast","description":"Background and foreground colors have a sufficient contrast ratio","scoringMode":"binary","details":{"header":{"text":"View failing elements","type":"text"},"type":"list","items":[]}},"score":100,"weight":6,"id":"color-contrast","group":"a11y-color-contrast"},{"result":{"displayValue":"","score":false,"helpText":"When definition lists are not properly marked up, screen readers may produce confusing or inaccurate output. [Learn more](https://dequeuniversity.com/rules/axe/2.2/definition-list?application=lighthouse).","rawValue":false,"name":"definition-list","description":"`<dl>`'s do not contain only properly-ordered `<dt>` and `<dd>` groups, `<script>` or `<template>` elements.","scoringMode":"binary","informative":true,"notApplicable":true},"score":100,"weight":0,"id":"definition-list","group":"a11y-well-structured"},{"result":{"displayValue":"","score":false,"helpText":"Definition list items (`<dt>` and `<dd>`) must be wrapped in a parent `<dl>` element to ensure that screen readers can properly announce them. [Learn more](https://dequeuniversity.com/rules/axe/2.2/dlitem?application=lighthouse).","rawValue":false,"name":"dlitem","description":"Definition list items are not wrapped in `<dl>` elements","scoringMode":"binary","informative":true,"notApplicable":true},"score":100,"weight":0,"id":"dlitem","group":"a11y-well-structured"},{"result":{"displayValue":"","score":true,"helpText":"The title gives screen reader users an overview of the page, and search engine users rely on it heavily to determine if a page is relevant to their search. [Learn more](https://developers.google.com/web/tools/lighthouse/audits/title).","rawValue":true,"extendedInfo":{},"name":"document-title","description":"Document has a `<title>` element","scoringMode":"binary","details":{"header":{"text":"View failing elements","type":"text"},"type":"list","items":[]}},"score":100,"weight":2,"id":"document-title","group":"a11y-describe-contents"},{"result":{"displayValue":"","score":true,"helpText":"The value of an id attribute must be unique to prevent other instances from being overlooked by assistive technologies. [Learn more](https://dequeuniversity.com/rules/axe/2.2/duplicate-id?application=lighthouse).","rawValue":true,"extendedInfo":{},"name":"duplicate-id","description":"`[id]` attributes on the page are unique","scoringMode":"binary","details":{"header":{"text":"View failing elements","type":"text"},"type":"list","items":[]}},"score":100,"weight":5,"id":"duplicate-id","group":"a11y-well-structured"},{"result":{"displayValue":"","score":false,"helpText":"Screen reader users rely on frame titles to describe the contents of frames. [Learn more](https://dequeuniversity.com/rules/axe/2.2/frame-title?application=lighthouse).","rawValue":false,"name":"frame-title","description":"`<frame>` or `<iframe>` elements do not have a title","scoringMode":"binary","informative":true,"notApplicable":true},"score":100,"weight":0,"id":"frame-title","group":"a11y-describe-contents"},{"result":{"displayValue":"","score":false,"helpText":"If a page doesn't specify a lang attribute, a screen reader assumes that the page is in the default language that the user chose when setting up the screen reader. If the page isn't actually in the default language, then the screen reader might not announce the page's text correctly. [Learn more](https://dequeuniversity.com/rules/axe/2.2/html-lang?application=lighthouse).","rawValue":false,"extendedInfo":{"value":{"help":"<html> element must have a lang attribute","nodes":[{"failureSummary":"Fix any of the following:\n  The <html> element does not have a lang attribute","snippet":"<html>","path":"1,HTML","impact":"serious","html":"<html>","target":["html"]}],"impact":"serious","description":"Ensures every HTML document has a lang attribute","helpUrl":"https://dequeuniversity.com/rules/axe/3.0/html-has-lang?application=axeAPI","id":"html-has-lang","tags":["cat.language","wcag2a","wcag311"]}},"name":"html-has-lang","description":"`<html>` element does not have a `[lang]` attribute","scoringMode":"binary","details":{"header":{"text":"View failing elements","type":"text"},"type":"list","items":[{"snippet":"<html>","path":"1,HTML","selector":"html","type":"node"}]}},"score":0,"weight":4,"id":"html-has-lang","group":"a11y-language"},{"result":{"displayValue":"","score":false,"helpText":"Specifying a valid [BCP 47 language](https://www.w3.org/International/questions/qa-choosing-language-tags#question) helps screen readers announce text properly. [Learn more](https://dequeuniversity.com/rules/axe/2.2/valid-lang?application=lighthouse).","rawValue":false,"name":"html-lang-valid","description":"`<html>` element does not have a valid value for its `[lang]` attribute.","scoringMode":"binary","informative":true,"notApplicable":true},"score":100,"weight":0,"id":"html-lang-valid","group":"a11y-language"},{"result":{"displayValue":"","score":false,"helpText":"Informative elements should aim for short, descriptive alternate text. Decorative elements can be ignored with an empty alt attribute.[Learn more](https://dequeuniversity.com/rules/axe/2.2/image-alt?application=lighthouse).","rawValue":false,"name":"image-alt","description":"Image elements do not have `[alt]` attributes","scoringMode":"binary","informative":true,"notApplicable":true},"score":100,"weight":0,"id":"image-alt","group":"a11y-correct-attributes"},{"result":{"displayValue":"","score":false,"helpText":"When an image is being used as an `<input>` button, providing alternative text can help screen reader users understand the purpose of the button. [Learn more](https://dequeuniversity.com/rules/axe/2.2/input-image-alt?application=lighthouse).","rawValue":false,"name":"input-image-alt","description":"`<input type=\"image\">` elements do not have `[alt]` text","scoringMode":"binary","informative":true,"notApplicable":true},"score":100,"weight":0,"id":"input-image-alt","group":"a11y-correct-attributes"},{"result":{"displayValue":"","score":true,"helpText":"Labels ensure that form controls are announced properly by assistive technologies, like screen readers. [Learn more](https://dequeuniversity.com/rules/axe/2.2/label?application=lighthouse).","rawValue":true,"extendedInfo":{},"name":"label","description":"Form elements have associated labels","scoringMode":"binary","details":{"header":{"text":"View failing elements","type":"text"},"type":"list","items":[]}},"score":100,"weight":10,"id":"label","group":"a11y-describe-contents"},{"result":{"displayValue":"","score":false,"helpText":"A table being used for layout purposes should not include data elements, such as the th or caption elements or the summary attribute, because this can create a confusing experience for screen reader users. [Learn more](https://dequeuniversity.com/rules/axe/2.2/layout-table?application=lighthouse).","rawValue":false,"name":"layout-table","description":"Presentational `<table>` elements do not avoid using `<th>`, `<caption>` or the `[summary]` attribute.","scoringMode":"binary","informative":true,"notApplicable":true},"score":100,"weight":0,"id":"layout-table","group":"a11y-describe-contents"},{"result":{"displayValue":"","score":true,"helpText":"Link text (and alternate text for images, when used as links) that is discernible, unique, and focusable improves the navigation experience for screen reader users. [Learn more](https://dequeuniversity.com/rules/axe/2.2/link-name?application=lighthouse).","rawValue":true,"extendedInfo":{},"name":"link-name","description":"Links have a discernible name","scoringMode":"binary","details":{"header":{"text":"View failing elements","type":"text"},"type":"list","items":[]}},"score":100,"weight":9,"id":"link-name","group":"a11y-element-names"},{"result":{"displayValue":"","score":false,"helpText":"Screen readers have a specific way of announcing lists. Ensuring proper list structure aids screen reader output. [Learn more](https://dequeuniversity.com/rules/axe/2.2/list?application=lighthouse).","rawValue":false,"name":"list","description":"Lists do not contain only `<li>` elements and script supporting elements (`<script>` and `<template>`).","scoringMode":"binary","informative":true,"notApplicable":true},"score":100,"weight":0,"id":"list","group":"a11y-well-structured"},{"result":{"displayValue":"","score":false,"helpText":"Screen readers require list items (`<li>`) to be contained within a parent `<ul>` or `<ol>` to be announced properly. [Learn more](https://dequeuniversity.com/rules/axe/2.2/listitem?application=lighthouse).","rawValue":false,"name":"listitem","description":"List items (`<li>`) are not contained within `<ul>` or `<ol>` parent elements.","scoringMode":"binary","informative":true,"notApplicable":true},"score":100,"weight":0,"id":"listitem","group":"a11y-well-structured"},{"result":{"displayValue":"","score":false,"helpText":"Users do not expect a page to refresh automatically, and doing so will move focus back to the top of the page. This may create a frustrating or confusing experience. [Learn more](https://dequeuniversity.com/rules/axe/2.2/meta-refresh?application=lighthouse).","rawValue":false,"name":"meta-refresh","description":"The document uses `<meta http-equiv=\"refresh\">`","scoringMode":"binary","informative":true,"notApplicable":true},"score":100,"weight":0,"id":"meta-refresh","group":"a11y-meta"},{"result":{"displayValue":"","score":false,"helpText":"Disabling zooming is problematic for users with low vision who rely on screen magnification to properly see the contents of a web page. [Learn more](https://dequeuniversity.com/rules/axe/2.2/meta-viewport?application=lighthouse).","rawValue":false,"extendedInfo":{"value":{"help":"Zooming and scaling must not be disabled","nodes":[{"failureSummary":"Fix any of the following:\n  <meta> tag disables zooming on mobile devices","snippet":"<meta name=\"viewport\" content=\"width=device-width,initial-scale=1,maximum-scale=1,minimum-scale=1,user-scalable=no\">","path":"1,HTML,1,HEAD,1,META","impact":"critical","html":"<meta name=\"viewport\" content=\"width=device-width,initial-scale=1,maximum-scale=1,minimum-scale=1,user-scalable=no\">","target":["meta[name=\"viewport\"]"]}],"impact":"critical","description":"Ensures <meta name=\"viewport\"> does not disable text scaling and zooming","helpUrl":"https://dequeuniversity.com/rules/axe/3.0/meta-viewport?application=axeAPI","id":"meta-viewport","tags":["cat.sensory-and-visual-cues","wcag2aa","wcag144"]}},"name":"meta-viewport","description":"`[user-scalable=\"no\"]` is used in the `<meta name=\"viewport\">` element or the `[maximum-scale]` attribute is less than 5.","scoringMode":"binary","details":{"header":{"text":"View failing elements","type":"text"},"type":"list","items":[{"snippet":"<meta name=\"viewport\" content=\"width=device-width,initial-scale=1,maximum-scale=1,minimum-scale=1,user-scalable=no\">","path":"1,HTML,1,HEAD,1,META","selector":"meta[name=\"viewport\"]","type":"node"}]}},"score":0,"weight":3,"id":"meta-viewport","group":"a11y-meta"},{"result":{"displayValue":"","score":false,"helpText":"Screen readers cannot translate non-text content. Adding alt text to `<object>` elements helps screen readers convey meaning to users. [Learn more](https://dequeuniversity.com/rules/axe/2.2/object-alt?application=lighthouse).","rawValue":false,"name":"object-alt","description":"`<object>` elements do not have `[alt]` text","scoringMode":"binary","informative":true,"notApplicable":true},"score":100,"weight":0,"id":"object-alt","group":"a11y-describe-contents"},{"result":{"displayValue":"","score":true,"helpText":"A value greater than 0 implies an explicit navigation ordering. Although technically valid, this often creates frustrating experiences for users who rely on assistive technologies. [Learn more](https://dequeuniversity.com/rules/axe/2.2/tabindex?application=lighthouse).","rawValue":true,"extendedInfo":{},"name":"tabindex","description":"No element has a `[tabindex]` value greater than 0","scoringMode":"binary","details":{"header":{"text":"View failing elements","type":"text"},"type":"list","items":[]}},"score":100,"weight":4,"id":"tabindex","group":"a11y-correct-attributes"},{"result":{"displayValue":"","score":false,"helpText":"Screen readers have features to make navigating tables easier. Ensuring `<td>` cells using the `[headers]` attribute only refer to other cells in the same table may improve the experience for screen reader users. [Learn more](https://dequeuniversity.com/rules/axe/2.2/td-headers-attr?application=lighthouse).","rawValue":false,"name":"td-headers-attr","description":"Cells in a `<table>` element that use the `[headers]` attribute refers to other cells of that same table.","scoringMode":"binary","informative":true,"notApplicable":true},"score":100,"weight":0,"id":"td-headers-attr","group":"a11y-correct-attributes"},{"result":{"displayValue":"","score":false,"helpText":"Screen readers have features to make navigating tables easier. Ensuring table headers always refer to some set of cells may improve the experience for screen reader users. [Learn more](https://dequeuniversity.com/rules/axe/2.2/th-has-data-cells?application=lighthouse).","rawValue":false,"name":"th-has-data-cells","description":"`<th>` elements and elements with `[role=\"columnheader\"/\"rowheader\"]` do not have data cells they describe.","scoringMode":"binary","informative":true,"notApplicable":true},"score":100,"weight":0,"id":"th-has-data-cells","group":"a11y-correct-attributes"},{"result":{"displayValue":"","score":false,"helpText":"Specifying a valid [BCP 47 language](https://www.w3.org/International/questions/qa-choosing-language-tags#question) on elements helps ensure that text is pronounced correctly by a screen reader. [Learn more](https://dequeuniversity.com/rules/axe/2.2/valid-lang?application=lighthouse).","rawValue":false,"name":"valid-lang","description":"`[lang]` attributes do not have a valid value","scoringMode":"binary","informative":true,"notApplicable":true},"score":100,"weight":0,"id":"valid-lang","group":"a11y-language"},{"result":{"displayValue":"","score":false,"helpText":"When a video provides a caption it is easier for deaf and hearing impaired users to access its information. [Learn more](https://dequeuniversity.com/rules/axe/2.2/video-caption?application=lighthouse).","rawValue":false,"name":"video-caption","description":"`<video>` elements do not contain a `<track>` element with `[kind=\"captions\"]`.","scoringMode":"binary","informative":true,"notApplicable":true},"score":100,"weight":0,"id":"video-caption","group":"a11y-describe-contents"},{"result":{"displayValue":"","score":false,"helpText":"Audio descriptions provide relevant information for videos that dialogue cannot, such as facial expressions and scenes. [Learn more](https://dequeuniversity.com/rules/axe/2.2/video-description?application=lighthouse).","rawValue":false,"name":"video-description","description":"`<video>` elements do not contain a `<track>` element with `[kind=\"description\"]`.","scoringMode":"binary","informative":true,"notApplicable":true},"score":100,"weight":0,"id":"video-description","group":"a11y-describe-contents"},{"result":{"displayValue":"","score":false,"helpText":"Tabbing through the page follows the visual layout. Users cannot focus elements that are offscreen. [Learn more](https://developers.google.com/web/fundamentals/accessibility/how-to-review#start_with_the_keyboard).","rawValue":false,"name":"logical-tab-order","description":"The page has a logical tab order","scoringMode":"binary","informative":true,"manual":true},"score":0,"weight":0,"id":"logical-tab-order","group":"manual-a11y-checks"},{"result":{"displayValue":"","score":false,"helpText":"Custom interactive controls are keyboard focusable and display a focus indicator. [Learn more](https://developers.google.com/web/fundamentals/accessibility/how-to-review#start_with_the_keyboard).","rawValue":false,"name":"focusable-controls","description":"Interactive controls are keyboard focusable","scoringMode":"binary","informative":true,"manual":true},"score":0,"weight":0,"id":"focusable-controls","group":"manual-a11y-checks"},{"result":{"displayValue":"","score":false,"helpText":"If new content, such as a dialog, is added to the page, the user's focus is directed to it. [Learn more](https://developers.google.com/web/fundamentals/accessibility/how-to-review#start_with_the_keyboard).","rawValue":false,"name":"managed-focus","description":"The user's focus is directed to new content added to the page","scoringMode":"binary","informative":true,"manual":true},"score":0,"weight":0,"id":"managed-focus","group":"manual-a11y-checks"},{"result":{"displayValue":"","score":false,"helpText":"A user can tab into and out of any control or region without accidentally trapping their focus. [Learn more](https://developers.google.com/web/fundamentals/accessibility/how-to-review#start_with_the_keyboard).","rawValue":false,"name":"focus-traps","description":"User focus is not accidentally trapped in a region","scoringMode":"binary","informative":true,"manual":true},"score":0,"weight":0,"id":"focus-traps","group":"manual-a11y-checks"},{"result":{"displayValue":"","score":false,"helpText":"Custom interactive controls have associated labels, provided by aria-label or aria-labelledby. [Learn more](https://developers.google.com/web/fundamentals/accessibility/how-to-review#try_it_with_a_screen_reader).","rawValue":false,"name":"custom-controls-labels","description":"Custom controls have associated labels","scoringMode":"binary","informative":true,"manual":true},"score":0,"weight":0,"id":"custom-controls-labels","group":"manual-a11y-checks"},{"result":{"displayValue":"","score":false,"helpText":"Custom interactive controls have appropriate ARIA roles. [Learn more](https://developers.google.com/web/fundamentals/accessibility/how-to-review#try_it_with_a_screen_reader).","rawValue":false,"name":"custom-controls-roles","description":"Custom controls have ARIA roles","scoringMode":"binary","informative":true,"manual":true},"score":0,"weight":0,"id":"custom-controls-roles","group":"manual-a11y-checks"},{"result":{"displayValue":"","score":false,"helpText":"DOM order matches the visual order, improving navigation for assistive technology. [Learn more](https://developers.google.com/web/fundamentals/accessibility/how-to-review#try_it_with_a_screen_reader).","rawValue":false,"name":"visual-order-follows-dom","description":"Visual order on the page follows DOM order","scoringMode":"binary","informative":true,"manual":true},"score":0,"weight":0,"id":"visual-order-follows-dom","group":"manual-a11y-checks"},{"result":{"displayValue":"","score":false,"helpText":"Offscreen content is hidden with display: none or aria-hidden=true. [Learn more](https://developers.google.com/web/fundamentals/accessibility/how-to-review#try_it_with_a_screen_reader).","rawValue":false,"name":"offscreen-content-hidden","description":"Offscreen content is hidden from assistive technology","scoringMode":"binary","informative":true,"manual":true},"score":0,"weight":0,"id":"offscreen-content-hidden","group":"manual-a11y-checks"},{"result":{"displayValue":"","score":false,"helpText":"Headings are used to create an outline for the page and heading levels are not skipped. [Learn more](https://developers.google.com/web/fundamentals/accessibility/how-to-review#take_advantage_of_headings_and_landmarks).","rawValue":false,"name":"heading-levels","description":"Headings don't skip levels","scoringMode":"binary","informative":true,"manual":true},"score":0,"weight":0,"id":"heading-levels","group":"manual-a11y-checks"},{"result":{"displayValue":"","score":false,"helpText":"Landmark elements (<main>, <nav>, etc.) are used to improve the keyboard navigation of the page for assistive technology. [Learn more](https://developers.google.com/web/fundamentals/accessibility/how-to-review#take_advantage_of_headings_and_landmarks).","rawValue":false,"name":"use-landmarks","description":"HTML5 landmark elements are used to improve navigation","scoringMode":"binary","informative":true,"manual":true},"score":0,"weight":0,"id":"use-landmarks","group":"manual-a11y-checks"}]},{"score":86.66666666666667,"name":"Best Practices","description":"We've compiled some recommendations for modernizing your web app and avoiding performance pitfalls.","id":"best-practices","audits":[{"result":{"displayValue":"","score":true,"debugString":"","helpText":"Application Cache is deprecated. [Learn more](https://developers.google.com/web/tools/lighthouse/audits/appcache).","rawValue":true,"name":"appcache-manifest","description":"Avoids Application Cache","scoringMode":"binary"},"score":100,"weight":1,"id":"appcache-manifest"},{"result":{"displayValue":"","score":true,"debugString":"","helpText":"Web SQL is deprecated. Consider using IndexedDB instead. [Learn more](https://developers.google.com/web/tools/lighthouse/audits/web-sql).","rawValue":true,"name":"no-websql","description":"Avoids WebSQL DB","scoringMode":"binary"},"score":100,"weight":1,"id":"no-websql"},{"result":{"displayValue":"5 requests were not handled over HTTP/2","score":false,"helpText":"HTTP/2 offers many benefits over HTTP/1.1, including binary headers, multiplexing, and server push. [Learn more](https://developers.google.com/web/tools/lighthouse/audits/http2).","rawValue":false,"extendedInfo":{"value":{"results":[{"protocol":"http/1.1","url":"http://web/"},{"protocol":"http/1.1","url":"http://web/static/js/manifest.9f020e973ae4037504f6.js"},{"protocol":"http/1.1","url":"http://web/static/js/vendor.d1efda22f11e965a5228.js"},{"protocol":"http/1.1","url":"http://web/static/js/app.310cd52123c59f9f64a5.js"},{"protocol":"http/1.1","url":"http://web/static/css/app.a1bcfeb0daa2a3f727390086fd42ee9d.css"}]}},"name":"uses-http2","description":"Does not use HTTP/2 for all of its resources","scoringMode":"binary","details":{"itemHeaders":[{"itemType":"url","text":"URL","type":"text"},{"itemType":"text","text":"Protocol","type":"text"}],"header":"View Details","type":"table","items":[[{"text":"http://web/","type":"url"},{"text":"http/1.1","type":"text"}],[{"text":"http://web/static/js/manifest.9f020e973ae4037504f6.js","type":"url"},{"text":"http/1.1","type":"text"}],[{"text":"http://web/static/js/vendor.d1efda22f11e965a5228.js","type":"url"},{"text":"http/1.1","type":"text"}],[{"text":"http://web/static/js/app.310cd52123c59f9f64a5.js","type":"url"},{"text":"http/1.1","type":"text"}],[{"text":"http://web/static/css/app.a1bcfeb0daa2a3f727390086fd42ee9d.css","type":"url"},{"text":"http/1.1","type":"text"}]]}},"score":0,"weight":1,"id":"uses-http2"},{"result":{"displayValue":"","score":true,"helpText":"Consider marking your touch and wheel event listeners as `passive` to improve your page's scroll performance. [Learn more](https://developers.google.com/web/tools/lighthouse/audits/passive-event-listeners).","rawValue":true,"extendedInfo":{"value":[]},"name":"uses-passive-event-listeners","description":"Uses passive listeners to improve scrolling performance","scoringMode":"binary","details":{"itemHeaders":[{"itemType":"url","text":"URL","type":"text"},{"itemType":"text","text":"Location","type":"text"}],"header":"View Details","type":"table","items":[]}},"score":100,"weight":1,"id":"uses-passive-event-listeners"},{"result":{"displayValue":"","score":true,"helpText":"Mutation Events are deprecated and harm performance. Consider using Mutation Observers instead. [Learn more](https://developers.google.com/web/tools/lighthouse/audits/mutation-events).","rawValue":true,"extendedInfo":{"value":{"results":[]}},"name":"no-mutation-events","description":"Avoids Mutation Events in its own scripts","scoringMode":"binary","details":{"itemHeaders":[{"itemType":"url","text":"URL","type":"text"},{"itemType":"code","text":"Event","type":"text"},{"itemType":"text","text":"Line","type":"text"},{"itemType":"text","text":"Col","type":"text"},{"itemType":"code","text":"Snippet","type":"text"}],"header":"View Details","type":"table","items":[]}},"score":100,"weight":1,"id":"no-mutation-events"},{"result":{"displayValue":"","score":true,"helpText":"For users on slow connections, external scripts dynamically injected via `document.write()` can delay page load by tens of seconds. [Learn more](https://developers.google.com/web/tools/lighthouse/audits/document-write).","rawValue":true,"extendedInfo":{"value":[]},"name":"no-document-write","description":"Avoids `document.write()`","scoringMode":"binary","details":{"itemHeaders":[{"itemType":"url","text":"URL","type":"text"},{"itemType":"text","text":"Location","type":"text"}],"header":"View Details","type":"table","items":[]}},"score":100,"weight":1,"id":"no-document-write"},{"result":{"displayValue":"","score":true,"helpText":"Open new tabs using `rel=\"noopener\"` to improve performance and prevent security vulnerabilities. [Learn more](https://developers.google.com/web/tools/lighthouse/audits/noopener).","rawValue":true,"extendedInfo":{"value":[]},"name":"external-anchors-use-rel-noopener","description":"Opens external anchors using `rel=\"noopener\"`","scoringMode":"binary","details":{"itemHeaders":[{"itemType":"url","text":"URL","type":"text"},{"itemType":"text","text":"Target","type":"text"},{"itemType":"text","text":"Rel","type":"text"}],"header":"View Details","type":"table","items":[]}},"score":100,"weight":1,"id":"external-anchors-use-rel-noopener"},{"result":{"displayValue":"","score":true,"helpText":"Users are mistrustful of or confused by sites that request their location without context. Consider tying the request to user gestures instead. [Learn more](https://developers.google.com/web/tools/lighthouse/audits/geolocation-on-load).","rawValue":true,"extendedInfo":{"value":[]},"name":"geolocation-on-start","description":"Avoids requesting the geolocation permission on page load","scoringMode":"binary","details":{"itemHeaders":[{"itemType":"url","text":"URL","type":"text"},{"itemType":"text","text":"Location","type":"text"}],"header":"View Details","type":"table","items":[]}},"score":100,"weight":1,"id":"geolocation-on-start"},{"result":{"displayValue":"","score":true,"helpText":"Some third-party scripts may contain known security vulnerabilities  that are easily identified and exploited by attackers.","rawValue":true,"name":"no-vulnerable-libraries","description":"Avoids front-end JavaScript libraries with known security vulnerabilities","scoringMode":"binary"},"score":100,"weight":1,"id":"no-vulnerable-libraries"},{"result":{"displayValue":"","score":true,"helpText":"Users are mistrustful of or confused by sites that request to send notifications without context. Consider tying the request to user gestures instead. [Learn more](https://developers.google.com/web/tools/lighthouse/audits/notifications-on-load).","rawValue":true,"extendedInfo":{"value":[]},"name":"notification-on-start","description":"Avoids requesting the notification permission on page load","scoringMode":"binary","details":{"itemHeaders":[{"itemType":"url","text":"URL","type":"text"},{"itemType":"text","text":"Location","type":"text"}],"header":"View Details","type":"table","items":[]}},"score":100,"weight":1,"id":"notification-on-start"},{"result":{"displayValue":"","score":true,"helpText":"Deprecated APIs will eventually be removed from the browser. [Learn more](https://www.chromestatus.com/features#deprecated).","rawValue":true,"extendedInfo":{"value":[]},"name":"deprecations","description":"Avoids deprecated APIs","scoringMode":"binary","details":{"itemHeaders":[{"itemType":"code","text":"Deprecation / Warning","type":"text"},{"itemType":"url","text":"URL","type":"text"},{"itemType":"text","text":"Line","type":"text"}],"header":"View Details","type":"table","items":[]}},"score":100,"weight":1,"id":"deprecations"},{"result":{"displayValue":"","score":false,"helpText":"Make your app's `short_name` fewer than 12 characters to ensure that it's not truncated on homescreens. [Learn more](https://developers.google.com/web/tools/lighthouse/audits/manifest-short_name-is-not-truncated).","rawValue":false,"name":"manifest-short-name-length","description":"Manifest's `short_name` will be truncated when displayed on homescreen","scoringMode":"binary"},"score":0,"weight":1,"id":"manifest-short-name-length"},{"result":{"displayValue":"","score":true,"helpText":"Preventing password pasting undermines good security policy. [Learn more](https://www.ncsc.gov.uk/blog-post/let-them-paste-passwords)","rawValue":true,"extendedInfo":{"value":[]},"name":"password-inputs-can-be-pasted-into","description":"Allows users to paste into password fields","scoringMode":"binary","details":{"header":{"text":"Password inputs that prevent pasting into","type":"text"},"type":"list","items":[]}},"score":100,"weight":1,"id":"password-inputs-can-be-pasted-into"},{"result":{"displayValue":"","score":true,"helpText":"Errors logged to the console indicate unresolved problems. They can come from network request failures and other browser concerns.","rawValue":0,"name":"errors-in-console","description":"No browser errors logged to the console","scoringMode":"binary","details":{"itemHeaders":[{"itemType":"url","text":"URL","type":"text"},{"itemType":"code","text":"Description","type":"text"}],"header":"View Details","type":"table","items":[]}},"score":100,"weight":1,"id":"errors-in-console"},{"result":{"displayValue":"","score":true,"helpText":"Image display dimensions should match natural aspect ratio.","rawValue":true,"name":"image-aspect-ratio","description":"Displays images with correct aspect ratio","scoringMode":"binary","details":{"itemHeaders":[{"itemType":"thumbnail","text":"","type":"text"},{"itemType":"url","text":"URL","type":"text"},{"itemType":"text","text":"Aspect Ratio (Displayed)","type":"text"},{"itemType":"text","text":"Aspect Ratio (Actual)","type":"text"}],"header":"View Details","type":"table","items":[]}},"score":100,"weight":1,"id":"image-aspect-ratio"}]},{"score":50,"name":"SEO","description":"These checks ensure that your page is optimized for search engine results ranking. There are additional factors Lighthouse does not check that may affect your search ranking. [Learn more](https://support.google.com/webmasters/answer/35769).","id":"seo","audits":[{"result":{"displayValue":"","score":true,"debugString":"","helpText":"Add a viewport meta tag to optimize your app for mobile screens. [Learn more](https://developers.google.com/web/tools/lighthouse/audits/has-viewport-meta-tag).","rawValue":true,"name":"viewport","description":"Has a `<meta name=\"viewport\">` tag with `width` or `initial-scale`","scoringMode":"binary"},"score":100,"weight":1,"id":"viewport","group":"seo-mobile"},{"result":{"displayValue":"","score":true,"helpText":"The title gives screen reader users an overview of the page, and search engine users rely on it heavily to determine if a page is relevant to their search. [Learn more](https://developers.google.com/web/tools/lighthouse/audits/title).","rawValue":true,"extendedInfo":{},"name":"document-title","description":"Document has a `<title>` element","scoringMode":"binary","details":{"header":{"text":"View failing elements","type":"text"},"type":"list","items":[]}},"score":100,"weight":1,"id":"document-title","group":"seo-content"},{"result":{"displayValue":"","score":false,"helpText":"Meta descriptions may be included in search results to concisely summarize page content. [Learn more](https://developers.google.com/web/tools/lighthouse/audits/description).","rawValue":false,"name":"meta-description","description":"Document does not have a meta description","scoringMode":"binary"},"score":0,"weight":1,"id":"meta-description","group":"seo-content"},{"result":{"displayValue":"","score":null,"debugString":"Audit error: Unable to identify the main resource","helpText":"Pages with unsuccessful HTTP status codes may not be indexed properly. [Learn more](https://developers.google.com/web/tools/lighthouse/audits/successful-http-code).","rawValue":null,"name":"http-status-code","description":"Page has unsuccessful HTTP status code","scoringMode":"binary","error":true},"score":0,"weight":1,"id":"http-status-code","group":"seo-crawl"},{"result":{"displayValue":"","score":true,"helpText":"Descriptive link text helps search engines understand your content. [Learn more](https://developers.google.com/web/tools/lighthouse/audits/descriptive-link-text).","rawValue":true,"name":"link-text","description":"Links have descriptive text","scoringMode":"binary","details":{"itemHeaders":[{"itemType":"url","text":"Link destination","type":"text"},{"itemType":"text","text":"Link Text","type":"text"}],"header":"View Details","type":"table","items":[]}},"score":100,"weight":1,"id":"link-text","group":"seo-content"},{"result":{"displayValue":"","score":null,"debugString":"Audit error: Unable to identify the main resource","helpText":"Search engines are unable to include your pages in search results if they don't have permission to crawl them. [Learn more](https://developers.google.com/web/tools/lighthouse/audits/indexing).","rawValue":null,"name":"is-crawlable","description":"Page is blocked from indexing","scoringMode":"binary","error":true},"score":0,"weight":1,"id":"is-crawlable","group":"seo-crawl"},{"result":{"displayValue":"","score":null,"debugString":"Audit error: Unable to identify the main resource","helpText":"hreflang allows crawlers to discover alternate translations of the page content. [Learn more](https://support.google.com/webmasters/answer/189077).","rawValue":null,"name":"hreflang","description":"Document doesn't have a valid `hreflang`","scoringMode":"binary","error":true},"score":0,"weight":1,"id":"hreflang","group":"seo-content"},{"result":{"displayValue":"","score":null,"debugString":"Audit error: Unable to identify the main resource","helpText":"Canonical links suggest which URL to show in search results. [Learn more](https://developers.google.com/web/tools/lighthouse/audits/canonical).","rawValue":null,"name":"canonical","description":"Document does not have a valid `rel=canonical`","scoringMode":"binary","error":true},"score":0,"weight":1,"id":"canonical","group":"seo-content"},{"result":{"displayValue":"","score":true,"debugString":null,"helpText":"Font sizes less than 12px are too small to be legible and require mobile visitors to \u201cpinch to zoom\u201d in order to read. Strive to have >60% of page text ≥12px. [Learn more](https://developers.google.com/web/tools/lighthouse/audits/font-sizes).","rawValue":true,"name":"font-size","description":"Document uses legible font sizes","scoringMode":"binary","details":{"itemHeaders":[{"itemType":"url","text":"Source","type":"text"},{"itemType":"code","text":"Selector","type":"text"},{"itemType":"text","text":"% of Page Text","type":"text"},{"itemType":"text","text":"Font Size","type":"text"}],"header":"View Details","type":"table","items":[[{"text":"Legible text","type":"url"},{"text":null,"type":"code"},{"text":"100.00%","type":"text"},{"text":"≥ 12px","type":"text"}]]}},"score":100,"weight":1,"id":"font-size","group":"seo-mobile"},{"result":{"displayValue":"","score":true,"helpText":"Most mobile devices do not support plugins, and many desktop browsers restrict them.","rawValue":true,"name":"plugins","description":"Document avoids plugins","scoringMode":"binary","details":{"itemHeaders":[{"itemType":"code","text":"Element source","type":"text"}],"header":"View Details","type":"table","items":[]}},"score":100,"weight":1,"id":"plugins","group":"seo-content"},{"result":{"displayValue":"","score":false,"helpText":"Take the [Mobile-Friendly Test](https://search.google.com/test/mobile-friendly) to check for audits not covered by Lighthouse, like sizing tap targets appropriately. [Learn more](https://developers.google.com/search/mobile-sites/).","rawValue":false,"name":"mobile-friendly","description":"Page is mobile friendly","scoringMode":"binary","informative":true,"manual":true},"score":0,"weight":0,"id":"mobile-friendly","group":"manual-seo-checks"},{"result":{"displayValue":"","score":false,"helpText":"Run the [Structured Data Testing Tool](https://search.google.com/structured-data/testing-tool/) and the [Structured Data Linter](http://linter.structured-data.org/) to validate structured data. [Learn more](https://developers.google.com/search/docs/guides/mark-up-content).","rawValue":false,"name":"structured-data","description":"Structured data is valid","scoringMode":"binary","informative":true,"manual":true},"score":0,"weight":0,"id":"structured-data","group":"manual-seo-checks"}]}],"timing":{"total":19151},"reportGroups":{"a11y-color-contrast":{"description":"These are opportunities to improve the legibility of your content.","title":"Color Contrast Is Satisfactory"},"perf-metric":{"description":"These metrics encapsulate your web app's performance across a number of dimensions.","title":"Metrics"},"a11y-aria":{"description":"These are opportunities to improve the usage of ARIA in your application which may enhance the experience for users of assistive technology, like a screen reader.","title":"ARIA Attributes Follow Best Practices"},"a11y-element-names":{"description":"These are opportunities to improve the semantics of the controls in your application. This may enhance the experience for users of assistive technology, like a screen reader.","title":"Elements Have Discernible Names"},"a11y-well-structured":{"description":"These are opportunities to make sure your HTML is appropriately structured.","title":"Elements Are Well Structured"},"seo-content":{"description":"Format your HTML in a way that enables crawlers to better understand your app\u2019s content.","title":"Content Best Practices"},"a11y-correct-attributes":{"description":"These are opportunities to improve the configuration of your HTML elements.","title":"Elements Use Attributes Correctly"},"perf-hint":{"description":"These are opportunities to speed up your application by optimizing the following resources.","title":"Opportunities"},"seo-crawl":{"description":"To appear in search results, crawlers need access to your app.","title":"Crawling and Indexing"},"a11y-describe-contents":{"description":"These are opportunities to make your content easier to understand for a user of assistive technology, like a screen reader.","title":"Elements Describe Contents Well"},"a11y-language":{"description":"These are opportunities to improve the interpretation of your content by users in different locales.","title":"Page Specifies Valid Language"},"manual-a11y-checks":{"description":"These items address areas which an automated testing tool cannot cover. Learn more in our guide on [conducting an accessibility review](https://developers.google.com/web/fundamentals/accessibility/how-to-review).","title":"Additional items to manually check"},"seo-mobile":{"description":"Make sure your pages are mobile friendly so users don\u2019t have to pinch or zoom in order to read the content pages. [Learn more](https://developers.google.com/search/mobile-sites/).","title":"Mobile Friendly"},"perf-info":{"description":"More information about the performance of your application.","title":"Diagnostics"},"manual-pwa-checks":{"description":"These checks are required by the baseline [PWA Checklist](https://developers.google.com/web/progressive-web-apps/checklist) but are not automatically checked by Lighthouse. They do not affect your score but it's important that you verify them manually.","title":"Additional items to manually check"},"a11y-meta":{"description":"These are opportunities to improve the user experience of your site.","title":"Meta Tags Used Properly"},"manual-seo-checks":{"description":"Run these additional validators on your site to check additional SEO best practices.","title":"Additional items to manually check"}},"runWarnings":[],"userAgent":"Mozilla/5.0 (X11; Linux x86_64) AppleWebKit/537.36 (KHTML, like Gecko) HeadlessChrome/69.0.3458.0 Safari/537.36","runtimeConfig":{"blockedUrlPatterns":[],"environment":[{"name":"Device Emulation","description":"Nexus 5X","enabled":true},{"name":"Network Throttling","description":"562.5ms RTT, 1.4Mbps down, 0.7Mbps up","enabled":true},{"name":"CPU Throttling","description":"4x slowdown","enabled":true}],"extraHeaders":{}},"lighthouseVersion":"2.9.4","audits":{"plugins":{"displayValue":"","score":true,"helpText":"Most mobile devices do not support plugins, and many desktop browsers restrict them.","rawValue":true,"name":"plugins","description":"Document avoids plugins","scoringMode":"binary","details":{"itemHeaders":[{"itemType":"code","text":"Element source","type":"text"}],"header":"View Details","type":"table","items":[]}},"aria-required-parent":{"displayValue":"","score":false,"helpText":"Some ARIA child roles must be contained by specific parent roles to properly perform their intended accessibility functions. [Learn more](https://dequeuniversity.com/rules/axe/2.2/aria-required-parent?application=lighthouse).","rawValue":false,"name":"aria-required-parent","description":"`[role]`s are not contained by their required parent element","scoringMode":"binary","informative":true,"notApplicable":true},"custom-controls-labels":{"displayValue":"","score":false,"helpText":"Custom interactive controls have associated labels, provided by aria-label or aria-labelledby. [Learn more](https://developers.google.com/web/fundamentals/accessibility/how-to-review#try_it_with_a_screen_reader).","rawValue":false,"name":"custom-controls-labels","description":"Custom controls have associated labels","scoringMode":"binary","informative":true,"manual":true},"link-name":{"displayValue":"","score":true,"helpText":"Link text (and alternate text for images, when used as links) that is discernible, unique, and focusable improves the navigation experience for screen reader users. [Learn more](https://dequeuniversity.com/rules/axe/2.2/link-name?application=lighthouse).","rawValue":true,"extendedInfo":{},"name":"link-name","description":"Links have a discernible name","scoringMode":"binary","details":{"header":{"text":"View failing elements","type":"text"},"type":"list","items":[]}},"offscreen-images":{"displayValue":"","score":100,"helpText":"Consider lazy-loading offscreen and hidden images to improve page load speed and time to interactive. [Learn more](https://developers.google.com/web/tools/lighthouse/audits/offscreen-images).","rawValue":0,"extendedInfo":{"value":{"wastedKb":0,"wastedMs":0,"results":[]}},"name":"offscreen-images","description":"Offscreen images","scoringMode":"binary","informative":true,"details":{"itemHeaders":[{"itemType":"thumbnail","text":"","type":"text"},{"itemType":"url","text":"URL","type":"text"},{"itemType":"text","text":"Original","type":"text"},{"itemType":"text","text":"Potential Savings","type":"text"}],"header":"View Details","type":"table","items":[]}},"first-interactive":{"displayValue":"6,460 ms","score":71,"helpText":"First Interactive marks the time at which the page is minimally interactive. [Learn more](https://developers.google.com/web/tools/lighthouse/audits/first-interactive).","rawValue":6460.149,"extendedInfo":{"value":{"timeInMs":6460.149,"timestamp":8650059653847}},"name":"first-interactive","description":"First Interactive (beta)","scoringMode":"numeric"},"button-name":{"displayValue":"","score":false,"helpText":"When a button doesn't have an accessible name, screen readers announce it as \"button\", making it unusable for users who rely on screen readers. [Learn more](https://dequeuniversity.com/rules/axe/2.2/button-name?application=lighthouse).","rawValue":false,"extendedInfo":{"value":{"help":"Buttons must have discernible text","nodes":[{"failureSummary":"Fix all of the following:\n  Element is in tab order and does not have accessible text\n\nFix any of the following:\n  Element has a value attribute and the value attribute is empty\n  Element has no value attribute or the value attribute is empty\n  Element does not have inner text that is visible to screen readers\n  aria-label attribute does not exist or is empty\n  aria-labelledby attribute does not exist, references elements that do not exist or references elements that are empty or not visible\n  Element's default semantics were not overridden with role=\"presentation\"\n  Element's default semantics were not overridden with role=\"none\"","snippet":"<button type=\"button\" class=\"toolbar__side-icon btn btn--icon\">","path":"1,HTML,2,BODY,0,MAIN,0,DIV,1,DIV,2,NAV,0,DIV,0,BUTTON","impact":"critical","html":"<button type=\"button\" class=\"toolbar__side-icon btn btn--icon\"><div class=\"btn__content\"><i aria-hidden=\"true\" class=\"icon material-icons\">menu<\/i><\/div><\/button>","target":[".toolbar__side-icon"]},{"failureSummary":"Fix all of the following:\n  Element is in tab order and does not have accessible text\n\nFix any of the following:\n  Element has a value attribute and the value attribute is empty\n  Element has no value attribute or the value attribute is empty\n  Element does not have inner text that is visible to screen readers\n  aria-label attribute does not exist or is empty\n  aria-labelledby attribute does not exist, references elements that do not exist or references elements that are empty or not visible\n  Element's default semantics were not overridden with role=\"presentation\"\n  Element's default semantics were not overridden with role=\"none\"","snippet":"<button type=\"button\" class=\"btn btn--icon\">","path":"1,HTML,2,BODY,0,MAIN,0,DIV,1,DIV,2,NAV,0,DIV,4,SPAN,0,SPAN,0,BUTTON","impact":"critical","html":"<button type=\"button\" class=\"btn btn--icon\"><div class=\"btn__content\"><i aria-hidden=\"true\" class=\"icon fa fa-sign-out\"><\/i><\/div><\/button>","target":["span > .btn--icon"]}],"impact":"critical","description":"Ensures buttons have discernible text","helpUrl":"https://dequeuniversity.com/rules/axe/3.0/button-name?application=axeAPI","id":"button-name","tags":["cat.name-role-value","wcag2a","wcag412","section508","section508.22.a"]}},"name":"button-name","description":"Buttons do not have an accessible name","scoringMode":"binary","details":{"header":{"text":"View failing elements","type":"text"},"type":"list","items":[{"snippet":"<button type=\"button\" class=\"toolbar__side-icon btn btn--icon\">","path":"1,HTML,2,BODY,0,MAIN,0,DIV,1,DIV,2,NAV,0,DIV,0,BUTTON","selector":".toolbar__side-icon","type":"node"},{"snippet":"<button type=\"button\" class=\"btn btn--icon\">","path":"1,HTML,2,BODY,0,MAIN,0,DIV,1,DIV,2,NAV,0,DIV,4,SPAN,0,SPAN,0,BUTTON","selector":"span > .btn--icon","type":"node"}]}},"unminified-css":{"displayValue":"","score":100,"helpText":"Minifying CSS files can reduce network payload sizes. [Learn more](https://developers.google.com/speed/docs/insights/MinifyResources).","rawValue":0,"extendedInfo":{"value":{"wastedKb":0,"wastedMs":0,"results":[]}},"name":"unminified-css","description":"Minify CSS","scoringMode":"binary","informative":true,"details":{"itemHeaders":[{"itemType":"url","text":"URL","type":"text"},{"itemType":"text","text":"Original","type":"text"},{"itemType":"text","text":"Potential Savings","type":"text"}],"header":"View Details","type":"table","items":[]}},"input-image-alt":{"displayValue":"","score":false,"helpText":"When an image is being used as an `<input>` button, providing alternative text can help screen reader users understand the purpose of the button. [Learn more](https://dequeuniversity.com/rules/axe/2.2/input-image-alt?application=lighthouse).","rawValue":false,"name":"input-image-alt","description":"`<input type=\"image\">` elements do not have `[alt]` text","scoringMode":"binary","informative":true,"notApplicable":true},"uses-http2":{"displayValue":"5 requests were not handled over HTTP/2","score":false,"helpText":"HTTP/2 offers many benefits over HTTP/1.1, including binary headers, multiplexing, and server push. [Learn more](https://developers.google.com/web/tools/lighthouse/audits/http2).","rawValue":false,"extendedInfo":{"value":{"results":[{"protocol":"http/1.1","url":"http://web/"},{"protocol":"http/1.1","url":"http://web/static/js/manifest.9f020e973ae4037504f6.js"},{"protocol":"http/1.1","url":"http://web/static/js/vendor.d1efda22f11e965a5228.js"},{"protocol":"http/1.1","url":"http://web/static/js/app.310cd52123c59f9f64a5.js"},{"protocol":"http/1.1","url":"http://web/static/css/app.a1bcfeb0daa2a3f727390086fd42ee9d.css"}]}},"name":"uses-http2","description":"Does not use HTTP/2 for all of its resources","scoringMode":"binary","details":{"itemHeaders":[{"itemType":"url","text":"URL","type":"text"},{"itemType":"text","text":"Protocol","type":"text"}],"header":"View Details","type":"table","items":[[{"text":"http://web/","type":"url"},{"text":"http/1.1","type":"text"}],[{"text":"http://web/static/js/manifest.9f020e973ae4037504f6.js","type":"url"},{"text":"http/1.1","type":"text"}],[{"text":"http://web/static/js/vendor.d1efda22f11e965a5228.js","type":"url"},{"text":"http/1.1","type":"text"}],[{"text":"http://web/static/js/app.310cd52123c59f9f64a5.js","type":"url"},{"text":"http/1.1","type":"text"}],[{"text":"http://web/static/css/app.a1bcfeb0daa2a3f727390086fd42ee9d.css","type":"url"},{"text":"http/1.1","type":"text"}]]}},"th-has-data-cells":{"displayValue":"","score":false,"helpText":"Screen readers have features to make navigating tables easier. Ensuring table headers always refer to some set of cells may improve the experience for screen reader users. [Learn more](https://dequeuniversity.com/rules/axe/2.2/th-has-data-cells?application=lighthouse).","rawValue":false,"name":"th-has-data-cells","description":"`<th>` elements and elements with `[role=\"columnheader\"/\"rowheader\"]` do not have data cells they describe.","scoringMode":"binary","informative":true,"notApplicable":true},"tabindex":{"displayValue":"","score":true,"helpText":"A value greater than 0 implies an explicit navigation ordering. Although technically valid, this often creates frustrating experiences for users who rely on assistive technologies. [Learn more](https://dequeuniversity.com/rules/axe/2.2/tabindex?application=lighthouse).","rawValue":true,"extendedInfo":{},"name":"tabindex","description":"No element has a `[tabindex]` value greater than 0","scoringMode":"binary","details":{"header":{"text":"View failing elements","type":"text"},"type":"list","items":[]}},"uses-long-cache-ttl":{"displayValue":"0 assets found","score":100,"helpText":"A long cache lifetime can speed up repeat visits to your page. [Learn more](https://developers.google.com/web/fundamentals/performance/optimizing-content-efficiency/http-caching#cache-control).","rawValue":0,"extendedInfo":{"value":{"queryStringCount":0,"results":[]}},"name":"uses-long-cache-ttl","description":"Uses efficient cache policy on static assets","scoringMode":"numeric","details":{"itemHeaders":[{"itemType":"url","text":"URL","type":"text"},{"itemType":"text","text":"Cache TTL","type":"text"},{"itemType":"text","text":"Size (KB)","type":"text"}],"header":"View Details","type":"table","items":[]}},"without-javascript":{"displayValue":"","score":false,"debugString":"The page body should render some content if its scripts are not available.","helpText":"Your app should display some content when JavaScript is disabled, even if it's just a warning to the user that JavaScript is required to use the app. [Learn more](https://developers.google.com/web/tools/lighthouse/audits/no-js).","rawValue":false,"name":"without-javascript","description":"Does not provide fallback content when JavaScript is not available","scoringMode":"binary"},"uses-responsive-images":{"displayValue":"","score":100,"helpText":"Serve images that are appropriately-sized to save cellular data and improve load time. [Learn more](https://developers.google.com/web/tools/lighthouse/audits/oversized-images).","rawValue":0,"extendedInfo":{"value":{"wastedKb":0,"wastedMs":0,"results":[]}},"name":"uses-responsive-images","description":"Properly size images","scoringMode":"binary","informative":true,"details":{"itemHeaders":[{"itemType":"thumbnail","text":"","type":"text"},{"itemType":"url","text":"URL","type":"text"},{"itemType":"text","text":"Original","type":"text"},{"itemType":"text","text":"Potential Savings","type":"text"}],"header":"View Details","type":"table","items":[]}},"frame-title":{"displayValue":"","score":false,"helpText":"Screen reader users rely on frame titles to describe the contents of frames. [Learn more](https://dequeuniversity.com/rules/axe/2.2/frame-title?application=lighthouse).","rawValue":false,"name":"frame-title","description":"`<frame>` or `<iframe>` elements do not have a title","scoringMode":"binary","informative":true,"notApplicable":true},"link-blocking-first-paint":{"displayValue":"","score":100,"helpText":"External stylesheets are blocking the first paint of your page. Consider delivering critical CSS via `<style>` tags and deferring non-critical styles. [Learn more](https://developers.google.com/web/tools/lighthouse/audits/blocking-resources).","rawValue":0,"extendedInfo":{"value":{"wastedMs":"0 ms","results":[]}},"name":"link-blocking-first-paint","description":"Reduce render-blocking stylesheets","scoringMode":"binary","informative":true,"details":{"itemHeaders":[{"itemType":"url","text":"URL","type":"text"},{"itemType":"text","text":"Size (KB)","type":"text"},{"itemType":"text","text":"Delayed Paint By (ms)","type":"text"}],"header":"View Details","type":"table","items":[]}},"mobile-friendly":{"displayValue":"","score":false,"helpText":"Take the [Mobile-Friendly Test](https://search.google.com/test/mobile-friendly) to check for audits not covered by Lighthouse, like sizing tap targets appropriately. [Learn more](https://developers.google.com/search/mobile-sites/).","rawValue":false,"name":"mobile-friendly","description":"Page is mobile friendly","scoringMode":"binary","informative":true,"manual":true},"script-blocking-first-paint":{"displayValue":"","score":100,"helpText":"Script elements are blocking the first paint of your page. Consider inlining critical scripts and deferring non-critical ones. [Learn more](https://developers.google.com/web/tools/lighthouse/audits/blocking-resources).","rawValue":0,"extendedInfo":{"value":{"wastedMs":"0 ms","results":[]}},"name":"script-blocking-first-paint","description":"Reduce render-blocking scripts","scoringMode":"binary","informative":true,"details":{"itemHeaders":[{"itemType":"url","text":"URL","type":"text"},{"itemType":"text","text":"Size (KB)","type":"text"},{"itemType":"text","text":"Delayed Paint By (ms)","type":"text"}],"header":"View Details","type":"table","items":[]}},"managed-focus":{"displayValue":"","score":false,"helpText":"If new content, such as a dialog, is added to the page, the user's focus is directed to it. [Learn more](https://developers.google.com/web/fundamentals/accessibility/how-to-review#start_with_the_keyboard).","rawValue":false,"name":"managed-focus","description":"The user's focus is directed to new content added to the page","scoringMode":"binary","informative":true,"manual":true},"pwa-cross-browser":{"displayValue":"","score":false,"helpText":"To reach the most number of users, sites should work across every major browser. [Learn more](https://developers.google.com/web/progressive-web-apps/checklist#site-works-cross-browser).","rawValue":false,"name":"pwa-cross-browser","description":"Site works cross-browser","scoringMode":"binary","informative":true,"manual":true},"time-to-first-byte":{"displayValue":"","score":null,"debugString":"Audit error: Cannot read property '_timing' of undefined","helpText":"Time To First Byte identifies the time at which your server sends a response. [Learn more](https://developers.google.com/web/tools/chrome-devtools/network-performance/issues).","rawValue":null,"name":"time-to-first-byte","description":"Keep server response times low (TTFB)","scoringMode":"binary","informative":true,"error":true},"video-description":{"displayValue":"","score":false,"helpText":"Audio descriptions provide relevant information for videos that dialogue cannot, such as facial expressions and scenes. [Learn more](https://dequeuniversity.com/rules/axe/2.2/video-description?application=lighthouse).","rawValue":false,"name":"video-description","description":"`<video>` elements do not contain a `<track>` element with `[kind=\"description\"]`.","scoringMode":"binary","informative":true,"notApplicable":true},"document-title":{"displayValue":"","score":true,"helpText":"The title gives screen reader users an overview of the page, and search engine users rely on it heavily to determine if a page is relevant to their search. [Learn more](https://developers.google.com/web/tools/lighthouse/audits/title).","rawValue":true,"extendedInfo":{},"name":"document-title","description":"Document has a `<title>` element","scoringMode":"binary","details":{"header":{"text":"View failing elements","type":"text"},"type":"list","items":[]}},"external-anchors-use-rel-noopener":{"displayValue":"","score":true,"helpText":"Open new tabs using `rel=\"noopener\"` to improve performance and prevent security vulnerabilities. [Learn more](https://developers.google.com/web/tools/lighthouse/audits/noopener).","rawValue":true,"extendedInfo":{"value":[]},"name":"external-anchors-use-rel-noopener","description":"Opens external anchors using `rel=\"noopener\"`","scoringMode":"binary","details":{"itemHeaders":[{"itemType":"url","text":"URL","type":"text"},{"itemType":"text","text":"Target","type":"text"},{"itemType":"text","text":"Rel","type":"text"}],"header":"View Details","type":"table","items":[]}},"total-byte-weight":{"displayValue":"Total size was 400 KB","score":100,"helpText":"Large network payloads cost users real money and are highly correlated with long load times. [Learn more](https://developers.google.com/web/tools/lighthouse/audits/network-payloads).","rawValue":409855,"extendedInfo":{"value":{"totalCompletedRequests":11,"results":[{"totalKb":"227 KB","totalMs":"1,240 ms","totalBytes":232785,"url":"http://web/static/js/vendor.d1efda22f11e965a5228.js"},{"totalKb":"48 KB","totalMs":"260 ms","totalBytes":49163,"url":"https://fonts.gstatic.com/s/materialicons/v37/flUhRq6tzZclQEJ-Vdg-IuiaDsNc.woff2"},{"totalKb":"46 KB","totalMs":"250 ms","totalBytes":47366,"url":"https://cdnjs.cloudflare.com/ajax/libs/Chart.js/2.7.1/Chart.min.js"},{"totalKb":"32 KB","totalMs":"170 ms","totalBytes":32261,"url":"http://web/static/css/app.a1bcfeb0daa2a3f727390086fd42ee9d.css"},{"totalKb":"15 KB","totalMs":"80 ms","totalBytes":15817,"url":"https://fonts.gstatic.com/s/roboto/v18/KFOlCnqEu92Fr1MmEU9fBBc4.woff2"},{"totalKb":"15 KB","totalMs":"80 ms","totalBytes":15461,"url":"https://fonts.gstatic.com/s/roboto/v18/KFOmCnqEu92Fr1Mu4mxK.woff2"},{"totalKb":"12 KB","totalMs":"70 ms","totalBytes":12691,"url":"http://web/static/js/app.310cd52123c59f9f64a5.js"},{"totalKb":"1 KB","totalMs":"10 ms","totalBytes":1524,"url":"https://unpkg.com/vue-chartjs@3.3.2/dist/vue-chartjs.min.js"},{"totalKb":"1 KB","totalMs":"10 ms","totalBytes":1211,"url":"http://web/"},{"totalKb":"1 KB","totalMs":"10 ms","totalBytes":1171,"url":"http://web/static/js/manifest.9f020e973ae4037504f6.js"}]}},"name":"total-byte-weight","description":"Avoids enormous network payloads","scoringMode":"numeric","details":{"itemHeaders":[{"itemType":"url","text":"URL","type":"text"},{"itemType":"text","text":"Total Size","type":"text"},{"itemType":"text","text":"Transfer Time","type":"text"}],"header":"View Details","type":"table","items":[[{"text":"http://web/static/js/vendor.d1efda22f11e965a5228.js","type":"url"},{"text":"227 KB","type":"text"},{"text":"1,240 ms","type":"text"}],[{"text":"https://fonts.gstatic.com/s/materialicons/v37/flUhRq6tzZclQEJ-Vdg-IuiaDsNc.woff2","type":"url"},{"text":"48 KB","type":"text"},{"text":"260 ms","type":"text"}],[{"text":"https://cdnjs.cloudflare.com/ajax/libs/Chart.js/2.7.1/Chart.min.js","type":"url"},{"text":"46 KB","type":"text"},{"text":"250 ms","type":"text"}],[{"text":"http://web/static/css/app.a1bcfeb0daa2a3f727390086fd42ee9d.css","type":"url"},{"text":"32 KB","type":"text"},{"text":"170 ms","type":"text"}],[{"text":"https://fonts.gstatic.com/s/roboto/v18/KFOlCnqEu92Fr1MmEU9fBBc4.woff2","type":"url"},{"text":"15 KB","type":"text"},{"text":"80 ms","type":"text"}],[{"text":"https://fonts.gstatic.com/s/roboto/v18/KFOmCnqEu92Fr1Mu4mxK.woff2","type":"url"},{"text":"15 KB","type":"text"},{"text":"80 ms","type":"text"}],[{"text":"http://web/static/js/app.310cd52123c59f9f64a5.js","type":"url"},{"text":"12 KB","type":"text"},{"text":"70 ms","type":"text"}],[{"text":"https://unpkg.com/vue-chartjs@3.3.2/dist/vue-chartjs.min.js","type":"url"},{"text":"1 KB","type":"text"},{"text":"10 ms","type":"text"}],[{"text":"http://web/","type":"url"},{"text":"1 KB","type":"text"},{"text":"10 ms","type":"text"}],[{"text":"http://web/static/js/manifest.9f020e973ae4037504f6.js","type":"url"},{"text":"1 KB","type":"text"},{"text":"10 ms","type":"text"}]]}},"logical-tab-order":{"displayValue":"","score":false,"helpText":"Tabbing through the page follows the visual layout. Users cannot focus elements that are offscreen. [Learn more](https://developers.google.com/web/fundamentals/accessibility/how-to-review#start_with_the_keyboard).","rawValue":false,"name":"logical-tab-order","description":"The page has a logical tab order","scoringMode":"binary","informative":true,"manual":true},"meta-refresh":{"displayValue":"","score":false,"helpText":"Users do not expect a page to refresh automatically, and doing so will move focus back to the top of the page. This may create a frustrating or confusing experience. [Learn more](https://dequeuniversity.com/rules/axe/2.2/meta-refresh?application=lighthouse).","rawValue":false,"name":"meta-refresh","description":"The document uses `<meta http-equiv=\"refresh\">`","scoringMode":"binary","informative":true,"notApplicable":true},"deprecations":{"displayValue":"","score":true,"helpText":"Deprecated APIs will eventually be removed from the browser. [Learn more](https://www.chromestatus.com/features#deprecated).","rawValue":true,"extendedInfo":{"value":[]},"name":"deprecations","description":"Avoids deprecated APIs","scoringMode":"binary","details":{"itemHeaders":[{"itemType":"code","text":"Deprecation / Warning","type":"text"},{"itemType":"url","text":"URL","type":"text"},{"itemType":"text","text":"Line","type":"text"}],"header":"View Details","type":"table","items":[]}},"network-requests":{"displayValue":"11","score":100,"helpText":"Lists the network requests that were made during page load.","rawValue":11,"extendedInfo":{"value":[{"transferSize":1211,"startTime":0,"endTime":638.9249991625547,"mimeType":"text/html","url":"http://web/","statusCode":200,"resourceType":"document"},{"transferSize":1171,"startTime":755.621999502182,"endTime":1328.4680005162954,"mimeType":"application/javascript","url":"http://web/static/js/manifest.9f020e973ae4037504f6.js","statusCode":200,"resourceType":"script"},{"transferSize":232785,"startTime":755.7720001786947,"endTime":2917.8979992866516,"mimeType":"application/javascript","url":"http://web/static/js/vendor.d1efda22f11e965a5228.js","statusCode":200,"resourceType":"script"},{"transferSize":12691,"startTime":755.9009995311499,"endTime":1470.6410001963377,"mimeType":"application/javascript","url":"http://web/static/js/app.310cd52123c59f9f64a5.js","statusCode":200,"resourceType":"script"},{"transferSize":47366,"startTime":790.370000526309,"endTime":2162.829000502825,"mimeType":"application/javascript","url":"https://cdnjs.cloudflare.com/ajax/libs/Chart.js/2.7.1/Chart.min.js","statusCode":200,"resourceType":"script"},{"transferSize":405,"startTime":790.8159997314215,"endTime":1663.72200101614,"mimeType":"text/plain","url":"https://unpkg.com/vue-chartjs/dist/vue-chartjs.min.js","statusCode":302},{"transferSize":1524,"startTime":1664.8290008306503,"endTime":2258.2770008593798,"mimeType":"application/javascript","url":"https://unpkg.com/vue-chartjs@3.3.2/dist/vue-chartjs.min.js","statusCode":200,"resourceType":"script"},{"transferSize":32261,"startTime":4527.456000447273,"endTime":5278.87500077486,"mimeType":"text/css","url":"http://web/static/css/app.a1bcfeb0daa2a3f727390086fd42ee9d.css","statusCode":200,"resourceType":"stylesheet"},{"transferSize":15461,"startTime":5458.613000810146,"endTime":6342.342000454664,"mimeType":"font/woff2","url":"https://fonts.gstatic.com/s/roboto/v18/KFOmCnqEu92Fr1Mu4mxK.woff2","statusCode":200,"resourceType":"font"},{"transferSize":49163,"startTime":5458.761001005769,"endTime":6524.431999772787,"mimeType":"font/woff2","url":"https://fonts.gstatic.com/s/materialicons/v37/flUhRq6tzZclQEJ-Vdg-IuiaDsNc.woff2","statusCode":200,"resourceType":"font"},{"transferSize":15817,"startTime":5458.878999575973,"endTime":6334.002999588847,"mimeType":"font/woff2","url":"https://fonts.gstatic.com/s/roboto/v18/KFOlCnqEu92Fr1MmEU9fBBc4.woff2","statusCode":200,"resourceType":"font"}]},"name":"network-requests","description":"Network Requests","scoringMode":"binary","informative":true,"details":{"itemHeaders":[{"itemType":"url","text":"URL","type":"text"},{"itemType":"ms","text":"Start Time","type":"text"},{"itemType":"ms","text":"End Time","type":"text"},{"itemType":"bytes","text":"Transfer Size","type":"text"},{"itemType":"text","text":"Status Code","type":"text"},{"itemType":"text","text":"MIME Type","type":"text"},{"itemType":"text","text":"Resource Type","type":"text"}],"header":"View Details","type":"table","items":[[{"text":"http://web/","type":"url"},{"text":0,"type":"ms"},{"text":638.9249991625547,"type":"ms"},{"text":1211,"type":"bytes"},{"text":200,"type":"text"},{"text":"text/html","type":"text"},{"text":"document","type":"text"}],[{"text":"http://web/static/js/manifest.9f020e973ae4037504f6.js","type":"url"},{"text":755.621999502182,"type":"ms"},{"text":1328.4680005162954,"type":"ms"},{"text":1171,"type":"bytes"},{"text":200,"type":"text"},{"text":"application/javascript","type":"text"},{"text":"script","type":"text"}],[{"text":"http://web/static/js/vendor.d1efda22f11e965a5228.js","type":"url"},{"text":755.7720001786947,"type":"ms"},{"text":2917.8979992866516,"type":"ms"},{"text":232785,"type":"bytes"},{"text":200,"type":"text"},{"text":"application/javascript","type":"text"},{"text":"script","type":"text"}],[{"text":"http://web/static/js/app.310cd52123c59f9f64a5.js","type":"url"},{"text":755.9009995311499,"type":"ms"},{"text":1470.6410001963377,"type":"ms"},{"text":12691,"type":"bytes"},{"text":200,"type":"text"},{"text":"application/javascript","type":"text"},{"text":"script","type":"text"}],[{"text":"https://cdnjs.cloudflare.com/ajax/libs/Chart.js/2.7.1/Chart.min.js","type":"url"},{"text":790.370000526309,"type":"ms"},{"text":2162.829000502825,"type":"ms"},{"text":47366,"type":"bytes"},{"text":200,"type":"text"},{"text":"application/javascript","type":"text"},{"text":"script","type":"text"}],[{"text":"https://unpkg.com/vue-chartjs/dist/vue-chartjs.min.js","type":"url"},{"text":790.8159997314215,"type":"ms"},{"text":1663.72200101614,"type":"ms"},{"text":405,"type":"bytes"},{"text":302,"type":"text"},{"text":"text/plain","type":"text"},{"type":"text"}],[{"text":"https://unpkg.com/vue-chartjs@3.3.2/dist/vue-chartjs.min.js","type":"url"},{"text":1664.8290008306503,"type":"ms"},{"text":2258.2770008593798,"type":"ms"},{"text":1524,"type":"bytes"},{"text":200,"type":"text"},{"text":"application/javascript","type":"text"},{"text":"script","type":"text"}],[{"text":"http://web/static/css/app.a1bcfeb0daa2a3f727390086fd42ee9d.css","type":"url"},{"text":4527.456000447273,"type":"ms"},{"text":5278.87500077486,"type":"ms"},{"text":32261,"type":"bytes"},{"text":200,"type":"text"},{"text":"text/css","type":"text"},{"text":"stylesheet","type":"text"}],[{"text":"https://fonts.gstatic.com/s/roboto/v18/KFOmCnqEu92Fr1Mu4mxK.woff2","type":"url"},{"text":5458.613000810146,"type":"ms"},{"text":6342.342000454664,"type":"ms"},{"text":15461,"type":"bytes"},{"text":200,"type":"text"},{"text":"font/woff2","type":"text"},{"text":"font","type":"text"}],[{"text":"https://fonts.gstatic.com/s/materialicons/v37/flUhRq6tzZclQEJ-Vdg-IuiaDsNc.woff2","type":"url"},{"text":5458.761001005769,"type":"ms"},{"text":6524.431999772787,"type":"ms"},{"text":49163,"type":"bytes"},{"text":200,"type":"text"},{"text":"font/woff2","type":"text"},{"text":"font","type":"text"}],[{"text":"https://fonts.gstatic.com/s/roboto/v18/KFOlCnqEu92Fr1MmEU9fBBc4.woff2","type":"url"},{"text":5458.878999575973,"type":"ms"},{"text":6334.002999588847,"type":"ms"},{"text":15817,"type":"bytes"},{"text":200,"type":"text"},{"text":"font/woff2","type":"text"},{"text":"font","type":"text"}]]}},"link-text":{"displayValue":"","score":true,"helpText":"Descriptive link text helps search engines understand your content. [Learn more](https://developers.google.com/web/tools/lighthouse/audits/descriptive-link-text).","rawValue":true,"name":"link-text","description":"Links have descriptive text","scoringMode":"binary","details":{"itemHeaders":[{"itemType":"url","text":"Link destination","type":"text"},{"itemType":"text","text":"Link Text","type":"text"}],"header":"View Details","type":"table","items":[]}},"uses-rel-preload":{"displayValue":"","score":null,"debugString":"Audit error: Unable to identify the main resource","helpText":"Consider using <link rel=preload> to prioritize fetching late-discovered resources sooner [Learn more](https://developers.google.com/web/updates/2016/03/link-rel-preload).","rawValue":null,"name":"uses-rel-preload","description":"Preload key requests","scoringMode":"numeric","informative":true,"error":true},"dlitem":{"displayValue":"","score":false,"helpText":"Definition list items (`<dt>` and `<dd>`) must be wrapped in a parent `<dl>` element to ensure that screen readers can properly announce them. [Learn more](https://dequeuniversity.com/rules/axe/2.2/dlitem?application=lighthouse).","rawValue":false,"name":"dlitem","description":"Definition list items are not wrapped in `<dl>` elements","scoringMode":"binary","informative":true,"notApplicable":true},"uses-optimized-images":{"displayValue":"","score":100,"helpText":"Optimized images load faster and consume less cellular data. [Learn more](https://developers.google.com/web/tools/lighthouse/audits/optimize-images).","rawValue":0,"extendedInfo":{"value":{"wastedKb":0,"wastedMs":0,"results":[]}},"name":"uses-optimized-images","description":"Optimize images","scoringMode":"binary","informative":true,"details":{"itemHeaders":[{"itemType":"thumbnail","text":"","type":"text"},{"itemType":"url","text":"URL","type":"text"},{"itemType":"text","text":"Original","type":"text"},{"itemType":"text","text":"Potential Savings","type":"text"}],"header":"View Details","type":"table","items":[]}},"errors-in-console":{"displayValue":"","score":true,"helpText":"Errors logged to the console indicate unresolved problems. They can come from network request failures and other browser concerns.","rawValue":0,"name":"errors-in-console","description":"No browser errors logged to the console","scoringMode":"binary","details":{"itemHeaders":[{"itemType":"url","text":"URL","type":"text"},{"itemType":"code","text":"Description","type":"text"}],"header":"View Details","type":"table","items":[]}},"video-caption":{"displayValue":"","score":false,"helpText":"When a video provides a caption it is easier for deaf and hearing impaired users to access its information. [Learn more](https://dequeuniversity.com/rules/axe/2.2/video-caption?application=lighthouse).","rawValue":false,"name":"video-caption","description":"`<video>` elements do not contain a `<track>` element with `[kind=\"captions\"]`.","scoringMode":"binary","informative":true,"notApplicable":true},"td-headers-attr":{"displayValue":"","score":false,"helpText":"Screen readers have features to make navigating tables easier. Ensuring `<td>` cells using the `[headers]` attribute only refer to other cells in the same table may improve the experience for screen reader users. [Learn more](https://dequeuniversity.com/rules/axe/2.2/td-headers-attr?application=lighthouse).","rawValue":false,"name":"td-headers-attr","description":"Cells in a `<table>` element that use the `[headers]` attribute refers to other cells of that same table.","scoringMode":"binary","informative":true,"notApplicable":true},"offscreen-content-hidden":{"displayValue":"","score":false,"helpText":"Offscreen content is hidden with display: none or aria-hidden=true. [Learn more](https://developers.google.com/web/fundamentals/accessibility/how-to-review#try_it_with_a_screen_reader).","rawValue":false,"name":"offscreen-content-hidden","description":"Offscreen content is hidden from assistive technology","scoringMode":"binary","informative":true,"manual":true},"no-document-write":{"displayValue":"","score":true,"helpText":"For users on slow connections, external scripts dynamically injected via `document.write()` can delay page load by tens of seconds. [Learn more](https://developers.google.com/web/tools/lighthouse/audits/document-write).","rawValue":true,"extendedInfo":{"value":[]},"name":"no-document-write","description":"Avoids `document.write()`","scoringMode":"binary","details":{"itemHeaders":[{"itemType":"url","text":"URL","type":"text"},{"itemType":"text","text":"Location","type":"text"}],"header":"View Details","type":"table","items":[]}},"aria-valid-attr-value":{"displayValue":"","score":true,"helpText":"Assistive technologies, like screen readers, can't interpret ARIA attributes with invalid values. [Learn more](https://dequeuniversity.com/rules/axe/2.2/aria-valid-attr-value?application=lighthouse).","rawValue":true,"extendedInfo":{},"name":"aria-valid-attr-value","description":"`[aria-*]` attributes have valid values","scoringMode":"binary","details":{"header":{"text":"View failing elements","type":"text"},"type":"list","items":[]}},"pwa-each-page-has-url":{"displayValue":"","score":false,"helpText":"Ensure individual pages are deep linkable via the URLs and that URLs are unique for the purpose of shareability on social media. [Learn more](https://developers.google.com/web/progressive-web-apps/checklist#each-page-has-a-url).","rawValue":false,"name":"pwa-each-page-has-url","description":"Each page has a URL","scoringMode":"binary","informative":true,"manual":true},"custom-controls-roles":{"displayValue":"","score":false,"helpText":"Custom interactive controls have appropriate ARIA roles. [Learn more](https://developers.google.com/web/fundamentals/accessibility/how-to-review#try_it_with_a_screen_reader).","rawValue":false,"name":"custom-controls-roles","description":"Custom controls have ARIA roles","scoringMode":"binary","informative":true,"manual":true},"meta-description":{"displayValue":"","score":false,"helpText":"Meta descriptions may be included in search results to concisely summarize page content. [Learn more](https://developers.google.com/web/tools/lighthouse/audits/description).","rawValue":false,"name":"meta-description","description":"Document does not have a meta description","scoringMode":"binary"},"duplicate-id":{"displayValue":"","score":true,"helpText":"The value of an id attribute must be unique to prevent other instances from being overlooked by assistive technologies. [Learn more](https://dequeuniversity.com/rules/axe/2.2/duplicate-id?application=lighthouse).","rawValue":true,"extendedInfo":{},"name":"duplicate-id","description":"`[id]` attributes on the page are unique","scoringMode":"binary","details":{"header":{"text":"View failing elements","type":"text"},"type":"list","items":[]}},"focusable-controls":{"displayValue":"","score":false,"helpText":"Custom interactive controls are keyboard focusable and display a focus indicator. [Learn more](https://developers.google.com/web/fundamentals/accessibility/how-to-review#start_with_the_keyboard).","rawValue":false,"name":"focusable-controls","description":"Interactive controls are keyboard focusable","scoringMode":"binary","informative":true,"manual":true},"heading-levels":{"displayValue":"","score":false,"helpText":"Headings are used to create an outline for the page and heading levels are not skipped. [Learn more](https://developers.google.com/web/fundamentals/accessibility/how-to-review#take_advantage_of_headings_and_landmarks).","rawValue":false,"name":"heading-levels","description":"Headings don't skip levels","scoringMode":"binary","informative":true,"manual":true},"uses-request-compression":{"displayValue":"","score":100,"helpText":"Text-based responses should be served with compression (gzip, deflate or brotli) to minimize total network bytes. [Learn more](https://developers.google.com/web/fundamentals/performance/optimizing-content-efficiency/optimize-encoding-and-transfer).","rawValue":0,"extendedInfo":{"value":{"wastedKb":0,"wastedMs":0,"results":[]}},"name":"uses-request-compression","description":"Enable text compression","scoringMode":"binary","informative":true,"details":{"itemHeaders":[{"itemType":"url","text":"Uncompressed resource URL","type":"text"},{"itemType":"text","text":"Original","type":"text"},{"itemType":"text","text":"GZIP Savings","type":"text"}],"header":"View Details","type":"table","items":[]}},"appcache-manifest":{"displayValue":"","score":true,"debugString":"","helpText":"Application Cache is deprecated. [Learn more](https://developers.google.com/web/tools/lighthouse/audits/appcache).","rawValue":true,"name":"appcache-manifest","description":"Avoids Application Cache","scoringMode":"binary"},"themed-omnibox":{"displayValue":"","score":false,"debugString":"Failures: No manifest was fetched, No `<meta name=\"theme-color\">` tag found.","helpText":"The browser address bar can be themed to match your site. [Learn more](https://developers.google.com/web/tools/lighthouse/audits/address-bar).","rawValue":false,"extendedInfo":{"value":{"failures":["No manifest was fetched","No `<meta name=\"theme-color\">` tag found"],"themeColor":null,"manifestValues":{"parseFailureReason":"No manifest was fetched","allChecks":[],"isParseFailure":true}}},"name":"themed-omnibox","description":"Address bar does not match brand colors","scoringMode":"binary"},"color-contrast":{"displayValue":"","score":true,"helpText":"Low-contrast text is difficult or impossible for many users to read. [Learn more](https://dequeuniversity.com/rules/axe/2.2/color-contrast?application=lighthouse).","rawValue":true,"extendedInfo":{},"name":"color-contrast","description":"Background and foreground colors have a sufficient contrast ratio","scoringMode":"binary","details":{"header":{"text":"View failing elements","type":"text"},"type":"list","items":[]}},"listitem":{"displayValue":"","score":false,"helpText":"Screen readers require list items (`<li>`) to be contained within a parent `<ul>` or `<ol>` to be announced properly. [Learn more](https://dequeuniversity.com/rules/axe/2.2/listitem?application=lighthouse).","rawValue":false,"name":"listitem","description":"List items (`<li>`) are not contained within `<ul>` or `<ol>` parent elements.","scoringMode":"binary","informative":true,"notApplicable":true},"no-mutation-events":{"displayValue":"","score":true,"helpText":"Mutation Events are deprecated and harm performance. Consider using Mutation Observers instead. [Learn more](https://developers.google.com/web/tools/lighthouse/audits/mutation-events).","rawValue":true,"extendedInfo":{"value":{"results":[]}},"name":"no-mutation-events","description":"Avoids Mutation Events in its own scripts","scoringMode":"binary","details":{"itemHeaders":[{"itemType":"url","text":"URL","type":"text"},{"itemType":"code","text":"Event","type":"text"},{"itemType":"text","text":"Line","type":"text"},{"itemType":"text","text":"Col","type":"text"},{"itemType":"code","text":"Snippet","type":"text"}],"header":"View Details","type":"table","items":[]}},"audio-caption":{"displayValue":"","score":false,"helpText":"Captions make audio elements usable for deaf or hearing-impaired users, providing critical information such as who is talking, what they're saying, and other non-speech information. [Learn more](https://dequeuniversity.com/rules/axe/2.2/audio-caption?application=lighthouse).","rawValue":false,"name":"audio-caption","description":"`<audio>` elements are missing a `<track>` element with `[kind=\"captions\"]`.","scoringMode":"binary","informative":true,"notApplicable":true},"first-meaningful-paint":{"displayValue":"4,520 ms","score":40,"helpText":"First meaningful paint measures when the primary content of a page is visible. [Learn more](https://developers.google.com/web/tools/lighthouse/audits/first-meaningful-paint).","rawValue":4521.8,"extendedInfo":{"value":{"timestamps":{"fCP":8650057715484,"endOfTrace":8650064967436,"fMP":8650057715493,"onLoad":8650058566647,"navStart":8650053193698},"fmpFellBack":false,"timings":{"fCP":4521.786,"endOfTrace":11773.738,"fMP":4521.795,"onLoad":5372.949,"navStart":0}}},"name":"first-meaningful-paint","description":"First meaningful paint","scoringMode":"numeric"},"focus-traps":{"displayValue":"","score":false,"helpText":"A user can tab into and out of any control or region without accidentally trapping their focus. [Learn more](https://developers.google.com/web/fundamentals/accessibility/how-to-review#start_with_the_keyboard).","rawValue":false,"name":"focus-traps","description":"User focus is not accidentally trapped in a region","scoringMode":"binary","informative":true,"manual":true},"aria-allowed-attr":{"displayValue":"","score":true,"helpText":"Each ARIA `role` supports a specific subset of `aria-*` attributes. Mismatching these invalidates the `aria-*` attributes. [Learn more](https://dequeuniversity.com/rules/axe/2.2/aria-allowed-attr?application=lighthouse).","rawValue":true,"extendedInfo":{},"name":"aria-allowed-attr","description":"`[aria-*]` attributes match their roles","scoringMode":"binary","details":{"header":{"text":"View failing elements","type":"text"},"type":"list","items":[]}},"geolocation-on-start":{"displayValue":"","score":true,"helpText":"Users are mistrustful of or confused by sites that request their location without context. Consider tying the request to user gestures instead. [Learn more](https://developers.google.com/web/tools/lighthouse/audits/geolocation-on-load).","rawValue":true,"extendedInfo":{"value":[]},"name":"geolocation-on-start","description":"Avoids requesting the geolocation permission on page load","scoringMode":"binary","details":{"itemHeaders":[{"itemType":"url","text":"URL","type":"text"},{"itemType":"text","text":"Location","type":"text"}],"header":"View Details","type":"table","items":[]}},"image-aspect-ratio":{"displayValue":"","score":true,"helpText":"Image display dimensions should match natural aspect ratio.","rawValue":true,"name":"image-aspect-ratio","description":"Displays images with correct aspect ratio","scoringMode":"binary","details":{"itemHeaders":[{"itemType":"thumbnail","text":"","type":"text"},{"itemType":"url","text":"URL","type":"text"},{"itemType":"text","text":"Aspect Ratio (Displayed)","type":"text"},{"itemType":"text","text":"Aspect Ratio (Actual)","type":"text"}],"header":"View Details","type":"table","items":[]}},"valid-lang":{"displayValue":"","score":false,"helpText":"Specifying a valid [BCP 47 language](https://www.w3.org/International/questions/qa-choosing-language-tags#question) on elements helps ensure that text is pronounced correctly by a screen reader. [Learn more](https://dequeuniversity.com/rules/axe/2.2/valid-lang?application=lighthouse).","rawValue":false,"name":"valid-lang","description":"`[lang]` attributes do not have a valid value","scoringMode":"binary","informative":true,"notApplicable":true},"html-has-lang":{"displayValue":"","score":false,"helpText":"If a page doesn't specify a lang attribute, a screen reader assumes that the page is in the default language that the user chose when setting up the screen reader. If the page isn't actually in the default language, then the screen reader might not announce the page's text correctly. [Learn more](https://dequeuniversity.com/rules/axe/2.2/html-lang?application=lighthouse).","rawValue":false,"extendedInfo":{"value":{"help":"<html> element must have a lang attribute","nodes":[{"failureSummary":"Fix any of the following:\n  The <html> element does not have a lang attribute","snippet":"<html>","path":"1,HTML","impact":"serious","html":"<html>","target":["html"]}],"impact":"serious","description":"Ensures every HTML document has a lang attribute","helpUrl":"https://dequeuniversity.com/rules/axe/3.0/html-has-lang?application=axeAPI","id":"html-has-lang","tags":["cat.language","wcag2a","wcag311"]}},"name":"html-has-lang","description":"`<html>` element does not have a `[lang]` attribute","scoringMode":"binary","details":{"header":{"text":"View failing elements","type":"text"},"type":"list","items":[{"snippet":"<html>","path":"1,HTML","selector":"html","type":"node"}]}},"unminified-javascript":{"displayValue":"","score":100,"helpText":"Minifying JavaScript files can reduce payload sizes and script parse time. [Learn more](https://developers.google.com/speed/docs/insights/MinifyResources).","rawValue":0,"extendedInfo":{"value":{"wastedKb":0,"wastedMs":0,"results":[]}},"name":"unminified-javascript","description":"Minify JavaScript","scoringMode":"binary","informative":true,"details":{"itemHeaders":[{"itemType":"url","text":"URL","type":"text"},{"itemType":"text","text":"Original","type":"text"},{"itemType":"text","text":"Potential Savings","type":"text"}],"header":"View Details","type":"table","items":[]}},"object-alt":{"displayValue":"","score":false,"helpText":"Screen readers cannot translate non-text content. Adding alt text to `<object>` elements helps screen readers convey meaning to users. [Learn more](https://dequeuniversity.com/rules/axe/2.2/object-alt?application=lighthouse).","rawValue":false,"name":"object-alt","description":"`<object>` elements do not have `[alt]` text","scoringMode":"binary","informative":true,"notApplicable":true},"accesskeys":{"displayValue":"","score":false,"helpText":"Access keys let users quickly focus a part of the page. For proper navigation, each access key must be unique. [Learn more](https://dequeuniversity.com/rules/axe/2.2/accesskeys?application=lighthouse).","rawValue":false,"name":"accesskeys","description":"`[accesskey]` values are not unique","scoringMode":"binary","informative":true,"notApplicable":true},"image-alt":{"displayValue":"","score":false,"helpText":"Informative elements should aim for short, descriptive alternate text. Decorative elements can be ignored with an empty alt attribute.[Learn more](https://dequeuniversity.com/rules/axe/2.2/image-alt?application=lighthouse).","rawValue":false,"name":"image-alt","description":"Image elements do not have `[alt]` attributes","scoringMode":"binary","informative":true,"notApplicable":true},"notification-on-start":{"displayValue":"","score":true,"helpText":"Users are mistrustful of or confused by sites that request to send notifications without context. Consider tying the request to user gestures instead. [Learn more](https://developers.google.com/web/tools/lighthouse/audits/notifications-on-load).","rawValue":true,"extendedInfo":{"value":[]},"name":"notification-on-start","description":"Avoids requesting the notification permission on page load","scoringMode":"binary","details":{"itemHeaders":[{"itemType":"url","text":"URL","type":"text"},{"itemType":"text","text":"Location","type":"text"}],"header":"View Details","type":"table","items":[]}},"unused-css-rules":{"displayValue":"Potential savings of 35 KB (~190 ms)","score":90,"helpText":"Remove unused rules from stylesheets to reduce unnecessary bytes consumed by network activity. [Learn more](https://developers.google.com/speed/docs/insights/OptimizeCSSDelivery)","rawValue":190,"extendedInfo":{"value":{"wastedKb":35,"wastedMs":190,"results":[{"wastedKb":"29 KB","totalKb":"32 KB","wastedMs":"160 ms","totalMs":"170 ms","potentialSavings":"29 KB (93%)","totalBytes":32261,"wastedPercent":92.80281987684556,"wastedBytes":29939,"url":"http://web/static/css/app.a1bcfeb0daa2a3f727390086fd42ee9d.css"},{"wastedKb":"5 KB","totalKb":"6 KB","wastedMs":"30 ms","totalMs":"30 ms","potentialSavings":"5 KB (98%)","totalBytes":5722,"wastedPercent":98.2698357217756,"wastedBytes":5623,"url":{"text":"a { color: #1976d2; } ...","type":"code"}}]}},"name":"unused-css-rules","description":"Unused CSS rules","scoringMode":"binary","informative":true,"details":{"itemHeaders":[{"itemType":"url","text":"URL","type":"text"},{"itemType":"text","text":"Original","type":"text"},{"itemType":"text","text":"Potential Savings","type":"text"}],"header":"View Details","type":"table","items":[[{"text":"http://web/static/css/app.a1bcfeb0daa2a3f727390086fd42ee9d.css","type":"url"},{"text":"32 KB","type":"text"},{"text":"29 KB (93%)","type":"text"}],[{"text":"a { color: #1976d2; } ...","type":"code"},{"text":"6 KB","type":"text"},{"text":"5 KB (98%)","type":"text"}]]}},"structured-data":{"displayValue":"","score":false,"helpText":"Run the [Structured Data Testing Tool](https://search.google.com/structured-data/testing-tool/) and the [Structured Data Linter](http://linter.structured-data.org/) to validate structured data. [Learn more](https://developers.google.com/search/docs/guides/mark-up-content).","rawValue":false,"name":"structured-data","description":"Structured data is valid","scoringMode":"binary","informative":true,"manual":true},"content-width":{"displayValue":"","score":true,"debugString":"","helpText":"If the width of your app's content doesn't match the width of the viewport, your app might not be optimized for mobile screens. [Learn more](https://developers.google.com/web/tools/lighthouse/audits/content-sized-correctly-for-viewport).","rawValue":true,"name":"content-width","description":"Content is sized correctly for the viewport","scoringMode":"binary"},"mainthread-work-breakdown":{"displayValue":"2,800 ms","score":true,"helpText":"Consider reducing the time spent parsing, compiling and executing JS.You may find delivering smaller JS payloads helps with this.","rawValue":2799.5130100250244,"extendedInfo":{"value":{"Update Layer Tree":108.97500228881836,"Layout":432.32500076293945,"Recalculate Style":503.69400215148926,"Evaluate Script":1296.8040027618408,"Animation Frame Fired":8.261001586914062,"Minor GC":82.69900131225586,"Run Microtasks":63.02199935913086,"Parse HTML":62.446001052856445,"Paint":41.383995056152344,"Compile Script":44.90999984741211,"Composite Layers":77.99400329589844,"Parse Stylesheet":76.9990005493164}},"name":"mainthread-work-breakdown","description":"Main thread work breakdown","scoringMode":"binary","informative":true,"details":{"itemHeaders":[{"itemType":"text","text":"Category","type":"text"},{"itemType":"text","text":"Work","type":"text"},{"itemType":"text","text":"Time spent","type":"text"}],"header":"View Details","type":"table","items":[[{"text":"Script Evaluation","type":"text"},{"text":"Evaluate Script","type":"text"},{"text":"1,297 ms","type":"text"}],[{"text":"Script Evaluation","type":"text"},{"text":"Run Microtasks","type":"text"},{"text":"63 ms","type":"text"}],[{"text":"Script Evaluation","type":"text"},{"text":"Animation Frame Fired","type":"text"},{"text":"8 ms","type":"text"}],[{"text":"Style & Layout","type":"text"},{"text":"Recalculate Style","type":"text"},{"text":"504 ms","type":"text"}],[{"text":"Style & Layout","type":"text"},{"text":"Layout","type":"text"},{"text":"432 ms","type":"text"}],[{"text":"Compositing","type":"text"},{"text":"Update Layer Tree","type":"text"},{"text":"109 ms","type":"text"}],[{"text":"Compositing","type":"text"},{"text":"Composite Layers","type":"text"},{"text":"78 ms","type":"text"}],[{"text":"Parsing HTML & CSS","type":"text"},{"text":"Parse Stylesheet","type":"text"},{"text":"77 ms","type":"text"}],[{"text":"Parsing HTML & CSS","type":"text"},{"text":"Parse HTML","type":"text"},{"text":"62 ms","type":"text"}],[{"text":"Garbage collection","type":"text"},{"text":"Minor GC","type":"text"},{"text":"83 ms","type":"text"}],[{"text":"Script Parsing & Compile","type":"text"},{"text":"Compile Script","type":"text"},{"text":"45 ms","type":"text"}],[{"text":"Paint","type":"text"},{"text":"Paint","type":"text"},{"text":"41 ms","type":"text"}]]}},"canonical":{"displayValue":"","score":null,"debugString":"Audit error: Unable to identify the main resource","helpText":"Canonical links suggest which URL to show in search results. [Learn more](https://developers.google.com/web/tools/lighthouse/audits/canonical).","rawValue":null,"name":"canonical","description":"Document does not have a valid `rel=canonical`","scoringMode":"binary","error":true},"bootup-time":{"displayValue":"1,570 ms","score":true,"helpText":"Consider reducing the time spent parsing, compiling, and executing JS. You may find delivering smaller JS payloads helps with this. [Learn more](https://developers.google.com/web/lighthouse/audits/bootup).","rawValue":1573.503999710083,"extendedInfo":{"value":{"http://web/static/js/app.310cd52123c59f9f64a5.js":{"Script Evaluation":1173.697998046875,"Script Parsing & Compile":22.533000946044922},"http://web/static/js/vendor.d1efda22f11e965a5228.js":{"Style & Layout":178.41699981689453,"Script Parsing & Compile":14.004999160766602,"Script Evaluation":9.45100212097168},"https://unpkg.com/vue-chartjs@3.3.2/dist/vue-chartjs.min.js":{"Script Evaluation":6.445001602172852,"Script Parsing & Compile":4.004999160766602},"https://cdnjs.cloudflare.com/ajax/libs/Chart.js/2.7.1/Chart.min.js":{"Style & Layout":0.8509998321533203,"Script Evaluation":90.19700050354004,"Script Parsing & Compile":0.5679988861083984},"http://web/static/js/manifest.9f020e973ae4037504f6.js":{"Script Parsing & Compile":2.184000015258789,"Script Evaluation":1.4300003051757812},"http://web/":{"Style & Layout":0.0989990234375,"Script Evaluation":7.028999328613281,"Script Parsing & Compile":0.14599990844726562},"http://web/#/":{"Parsing HTML & CSS":62.446001052856445}}},"name":"bootup-time","description":"JavaScript boot-up time","scoringMode":"binary","details":{"itemHeaders":[{"itemType":"url","text":"URL","type":"text"},{"itemType":"text","text":"Script Evaluation","type":"text"},{"itemType":"text","text":"Script Parsing & Compile","type":"text"}],"header":"View Details","type":"table","items":[[{"text":"http://web/static/js/app.310cd52123c59f9f64a5.js","type":"url"},{"text":"1,174 ms","type":"text"},{"text":"23 ms","type":"text"}],[{"text":"https://cdnjs.cloudflare.com/ajax/libs/Chart.js/2.7.1/Chart.min.js","type":"url"},{"text":"90 ms","type":"text"},{"text":"1 ms","type":"text"}],[{"text":"http://web/static/js/vendor.d1efda22f11e965a5228.js","type":"url"},{"text":"9 ms","type":"text"},{"text":"14 ms","type":"text"}],[{"text":"https://unpkg.com/vue-chartjs@3.3.2/dist/vue-chartjs.min.js","type":"url"},{"text":"6 ms","type":"text"},{"text":"4 ms","type":"text"}]]}},"list":{"displayValue":"","score":false,"helpText":"Screen readers have a specific way of announcing lists. Ensuring proper list structure aids screen reader output. [Learn more](https://dequeuniversity.com/rules/axe/2.2/list?application=lighthouse).","rawValue":false,"name":"list","description":"Lists do not contain only `<li>` elements and script supporting elements (`<script>` and `<template>`).","scoringMode":"binary","informative":true,"notApplicable":true},"hreflang":{"displayValue":"","score":null,"debugString":"Audit error: Unable to identify the main resource","helpText":"hreflang allows crawlers to discover alternate translations of the page content. [Learn more](https://support.google.com/webmasters/answer/189077).","rawValue":null,"name":"hreflang","description":"Document doesn't have a valid `hreflang`","scoringMode":"binary","error":true},"is-crawlable":{"displayValue":"","score":null,"debugString":"Audit error: Unable to identify the main resource","helpText":"Search engines are unable to include your pages in search results if they don't have permission to crawl them. [Learn more](https://developers.google.com/web/tools/lighthouse/audits/indexing).","rawValue":null,"name":"is-crawlable","description":"Page is blocked from indexing","scoringMode":"binary","error":true},"service-worker":{"displayValue":"","score":false,"helpText":"The service worker is the technology that enables your app to use many Progressive Web App features, such as offline, add to homescreen, and push notifications. [Learn more](https://developers.google.com/web/tools/lighthouse/audits/registered-service-worker).","rawValue":false,"name":"service-worker","description":"Does not register a service worker","scoringMode":"binary"},"use-landmarks":{"displayValue":"","score":false,"helpText":"Landmark elements (<main>, <nav>, etc.) are used to improve the keyboard navigation of the page for assistive technology. [Learn more](https://developers.google.com/web/fundamentals/accessibility/how-to-review#take_advantage_of_headings_and_landmarks).","rawValue":false,"name":"use-landmarks","description":"HTML5 landmark elements are used to improve navigation","scoringMode":"binary","informative":true,"manual":true},"critical-request-chains":{"displayValue":"","score":null,"debugString":"Audit error: Unable to identify the main resource","helpText":"The Critical Request Chains below show you what resources are issued with a high priority. Consider reducing the length of chains, reducing the download size of resources, or deferring the download of unnecessary resources to improve page load. [Learn more](https://developers.google.com/web/tools/lighthouse/audits/critical-request-chains).","rawValue":null,"name":"critical-request-chains","description":"Critical Request Chains","scoringMode":"binary","informative":true,"error":true},"consistently-interactive":{"displayValue":"6,460 ms","score":71,"helpText":"Consistently Interactive marks the time at which the page is fully interactive. [Learn more](https://developers.google.com/web/tools/lighthouse/audits/consistently-interactive).","rawValue":6460.149,"extendedInfo":{"value":{"timeInMs":6460.149,"cpuQuietPeriod":{"start":8.650059653847E9,"end":8.650064967436E9},"networkQuietPeriods":[{"start":8.650059532223999E9,"end":8.650064967436E9}],"networkQuietPeriod":{"start":8.650059532223999E9,"end":8.650064967436E9},"cpuQuietPeriods":[{"start":8.650059653847E9,"end":8.650064967436E9}],"timestamp":8650059653847}},"name":"consistently-interactive","description":"Consistently Interactive (beta)","scoringMode":"numeric"},"pwa-page-transitions":{"displayValue":"","score":false,"helpText":"Transitions should feel snappy as you tap around, even on a slow network, a key to perceived performance. [Learn more](https://developers.google.com/web/progressive-web-apps/checklist#page-transitions-dont-feel-like-they-block-on-the-network).","rawValue":false,"name":"pwa-page-transitions","description":"Page transitions don't feel like they block on the network","scoringMode":"binary","informative":true,"manual":true},"user-timings":{"displayValue":"0","score":true,"helpText":"Consider instrumenting your app with the User Timing API to create custom, real-world measurements of key user experiences. [Learn more](https://developers.google.com/web/tools/lighthouse/audits/user-timing).","rawValue":true,"extendedInfo":{"value":[]},"name":"user-timings","description":"User Timing marks and measures","scoringMode":"binary","informative":true,"details":{"itemHeaders":[{"itemType":"text","text":"Name","type":"text"},{"itemType":"text","text":"Type","type":"text"},{"itemType":"text","text":"Time","type":"text"}],"header":"View Details","type":"table","items":[]}},"manifest-short-name-length":{"displayValue":"","score":false,"helpText":"Make your app's `short_name` fewer than 12 characters to ensure that it's not truncated on homescreens. [Learn more](https://developers.google.com/web/tools/lighthouse/audits/manifest-short_name-is-not-truncated).","rawValue":false,"name":"manifest-short-name-length","description":"Manifest's `short_name` will be truncated when displayed on homescreen","scoringMode":"binary"},"no-vulnerable-libraries":{"displayValue":"","score":true,"helpText":"Some third-party scripts may contain known security vulnerabilities  that are easily identified and exploited by attackers.","rawValue":true,"name":"no-vulnerable-libraries","description":"Avoids front-end JavaScript libraries with known security vulnerabilities","scoringMode":"binary"},"font-size":{"displayValue":"","score":true,"debugString":null,"helpText":"Font sizes less than 12px are too small to be legible and require mobile visitors to \u201cpinch to zoom\u201d in order to read. Strive to have >60% of page text ≥12px. [Learn more](https://developers.google.com/web/tools/lighthouse/audits/font-sizes).","rawValue":true,"name":"font-size","description":"Document uses legible font sizes","scoringMode":"binary","details":{"itemHeaders":[{"itemType":"url","text":"Source","type":"text"},{"itemType":"code","text":"Selector","type":"text"},{"itemType":"text","text":"% of Page Text","type":"text"},{"itemType":"text","text":"Font Size","type":"text"}],"header":"View Details","type":"table","items":[[{"text":"Legible text","type":"url"},{"text":null,"type":"code"},{"text":"100.00%","type":"text"},{"text":"≥ 12px","type":"text"}]]}},"aria-valid-attr":{"displayValue":"","score":true,"helpText":"Assistive technologies, like screen readers, can't interpret ARIA attributes with invalid names. [Learn more](https://dequeuniversity.com/rules/axe/2.2/aria-valid-attr?application=lighthouse).","rawValue":true,"extendedInfo":{},"name":"aria-valid-attr","description":"`[aria-*]` attributes are valid and not misspelled","scoringMode":"binary","details":{"header":{"text":"View failing elements","type":"text"},"type":"list","items":[]}},"aria-required-attr":{"displayValue":"","score":false,"helpText":"Some ARIA roles have required attributes that describe the state of the element to screen readers. [Learn more](https://dequeuniversity.com/rules/axe/2.2/aria-required-attr?application=lighthouse).","rawValue":false,"name":"aria-required-attr","description":"`[role]`s do not have all required `[aria-*]` attributes","scoringMode":"binary","informative":true,"notApplicable":true},"aria-roles":{"displayValue":"","score":false,"helpText":"ARIA roles must have valid values in order to perform their intended accessibility functions. [Learn more](https://dequeuniversity.com/rules/axe/2.2/aria-roles?application=lighthouse).","rawValue":false,"name":"aria-roles","description":"`[role]` values are not valid","scoringMode":"binary","informative":true,"notApplicable":true},"redirects-http":{"displayValue":"","score":false,"helpText":"If you've already set up HTTPS, make sure that you redirect all HTTP traffic to HTTPS. [Learn more](https://developers.google.com/web/tools/lighthouse/audits/http-redirects-to-https).","rawValue":false,"name":"redirects-http","description":"Does not redirect HTTP traffic to HTTPS","scoringMode":"binary"},"aria-required-children":{"displayValue":"","score":false,"helpText":"Some ARIA parent roles must contain specific child roles to perform their intended accessibility functions. [Learn more](https://dequeuniversity.com/rules/axe/2.2/aria-required-children?application=lighthouse).","rawValue":false,"name":"aria-required-children","description":"Elements with `[role]` that require specific children `[role]`s, are missing.","scoringMode":"binary","informative":true,"notApplicable":true},"dom-size":{"displayValue":"94 nodes","score":100,"helpText":"Browser engineers recommend pages contain fewer than ~1,500 DOM nodes. The sweet spot is a tree depth < 32 elements and fewer than 60 children/parent element. A large DOM can increase memory usage, cause longer [style calculations](https://developers.google.com/web/fundamentals/performance/rendering/reduce-the-scope-and-complexity-of-style-calculations), and produce costly [layout reflows](https://developers.google.com/speed/articles/reflow). [Learn more](https://developers.google.com/web/fundamentals/performance/rendering/).","rawValue":94,"extendedInfo":{"value":[{"title":"Total DOM Nodes","value":"94","target":"< 1,500 nodes"},{"snippet":"html >\n  body >\n    main >\n      div#inspire.application.theme--dark >\n        div.application--wrap >\n          aside.navigation-drawer.navigation-drawer--clipped.navigation-drawer--close.navigation-drawer--fixed.navigation-drawer--is-mobile >\n            div.list >\n              div >\n                div.list__tile >\n                  div.input-group.input-group--dirty.input-group--selection-controls.switch.accent--text >\n                    div.input-group__input >\n                      div.input-group--selection-controls__container >\n                        div.input-group--selection-controls__toggle.input-group--selection-controls__toggle--active","title":"DOM Depth","value":"13","target":"< 32"},{"snippet":"Element with most children:\nhead","title":"Maximum Children","value":"8","target":"< 60 nodes"}]},"name":"dom-size","description":"Avoids an excessive DOM size","scoringMode":"numeric","details":{"header":{"text":"View details","type":"text"},"type":"cards","items":[{"title":"Total DOM Nodes","value":"94","target":"< 1,500 nodes"},{"snippet":"html >\n  body >\n    main >\n      div#inspire.application.theme--dark >\n        div.application--wrap >\n          aside.navigation-drawer.navigation-drawer--clipped.navigation-drawer--close.navigation-drawer--fixed.navigation-drawer--is-mobile >\n            div.list >\n              div >\n                div.list__tile >\n                  div.input-group.input-group--dirty.input-group--selection-controls.switch.accent--text >\n                    div.input-group__input >\n                      div.input-group--selection-controls__container >\n                        div.input-group--selection-controls__toggle.input-group--selection-controls__toggle--active","title":"DOM Depth","value":"13","target":"< 32"},{"snippet":"Element with most children:\nhead","title":"Maximum Children","value":"8","target":"< 60 nodes"}]}},"no-websql":{"displayValue":"","score":true,"debugString":"","helpText":"Web SQL is deprecated. Consider using IndexedDB instead. [Learn more](https://developers.google.com/web/tools/lighthouse/audits/web-sql).","rawValue":true,"name":"no-websql","description":"Avoids WebSQL DB","scoringMode":"binary"},"webapp-install-banner":{"displayValue":"","score":false,"debugString":"Failures: No manifest was fetched, Site does not register a service worker, Service worker does not successfully serve the manifest's start_url, No usable web app manifest found on page.","helpText":"Browsers can proactively prompt users to add your app to their homescreen, which can lead to higher engagement. [Learn more](https://developers.google.com/web/tools/lighthouse/audits/install-prompt).","rawValue":false,"extendedInfo":{"value":{"failures":["No manifest was fetched","Site does not register a service worker","Service worker does not successfully serve the manifest's start_url","No usable web app manifest found on page"],"warnings":["No usable web app manifest found on page"],"manifestValues":{"parseFailureReason":"No manifest was fetched","allChecks":[],"isParseFailure":true}}},"name":"webapp-install-banner","description":"User will not be prompted to Install the Web App","scoringMode":"binary"},"uses-passive-event-listeners":{"displayValue":"","score":true,"helpText":"Consider marking your touch and wheel event listeners as `passive` to improve your page's scroll performance. [Learn more](https://developers.google.com/web/tools/lighthouse/audits/passive-event-listeners).","rawValue":true,"extendedInfo":{"value":[]},"name":"uses-passive-event-listeners","description":"Uses passive listeners to improve scrolling performance","scoringMode":"binary","details":{"itemHeaders":[{"itemType":"url","text":"URL","type":"text"},{"itemType":"text","text":"Location","type":"text"}],"header":"View Details","type":"table","items":[]}},"screenshot-thumbnails":{"displayValue":"true","score":100,"helpText":"This is what the load of your site looked like.","rawValue":true,"name":"screenshot-thumbnails","description":"Screenshot Thumbnails","scoringMode":"binary","informative":true,"details":{"scale":6606,"type":"filmstrip","items":[{"data":"/9j/4AAQSkZJRgABAQAAAQABAAD/2wCEAAMCAgMCAgMDAwMEAwMEBQgFBQQEBQoHBwYIDAoMDAsKCwsNDhIQDQ4RDgsLEBYQERMUFRUVDA8XGBYUGBIUFRQBAwQEBQQFCQUFCRQNCw0UFBQUFBQUFBQUFBQUFBQUFBQUFBQUFBQUFBQUFBQUFBQUFBQUFBQUFBQUFBQUFBQUFP/AABEIANUAeAMBEQACEQEDEQH/xAGiAAABBQEBAQEBAQAAAAAAAAAAAQIDBAUGBwgJCgsQAAIBAwMCBAMFBQQEAAABfQECAwAEEQUSITFBBhNRYQcicRQygZGhCCNCscEVUtHwJDNicoIJChYXGBkaJSYnKCkqNDU2Nzg5OkNERUZHSElKU1RVVldYWVpjZGVmZ2hpanN0dXZ3eHl6g4SFhoeIiYqSk5SVlpeYmZqio6Slpqeoqaqys7S1tre4ubrCw8TFxsfIycrS09TV1tfY2drh4uPk5ebn6Onq8fLz9PX29/j5+gEAAwEBAQEBAQEBAQAAAAAAAAECAwQFBgcICQoLEQACAQIEBAMEBwUEBAABAncAAQIDEQQFITEGEkFRB2FxEyIygQgUQpGhscEJIzNS8BVictEKFiQ04SXxFxgZGiYnKCkqNTY3ODk6Q0RFRkdISUpTVFVWV1hZWmNkZWZnaGlqc3R1dnd4eXqCg4SFhoeIiYqSk5SVlpeYmZqio6Slpqeoqaqys7S1tre4ubrCw8TFxsfIycrS09TV1tfY2dri4+Tl5ufo6ery8/T19vf4+fr/2gAMAwEAAhEDEQA/AP1ToAKACgAoAKACgAoAKACgAoAKACgAoAKACgAoAKACgAoAKACgAoAKACgAoAKACgAoAKACgAoAKACgAoAKACgAoAKACgAoAKACgAoAKACgAoAKACgAoAKACgAoAKACgAoAKACgAoAKACgAoAKACgAoAKACgAoAKACgAoAKACgAoAKACgAoAKACgAoAKACgAoAKACgAoAKACgAoAKACgAoAKACgAoAKACgAoAKACgAoAKACgAoAKACgAoAKACgAoAKACgAoAKACgAoAKACgAoAKACgAoAKACgAoAKACgAoAKACgAoAKACgAoAKACgAoAKACgAoAKACgAoAKACgAoAKACgAoAKACgAoAKACgAoAKACgAoAKACgAoAKACgAoAKACgAoAKACgAoAKACgAoAKACgAoAKACgAoAKACgAoAKACgAoAKACgAoAKACgAoAKACgAoAKACgAoAKACgAoAKACgAoAKACgAoAKACgAoAKACgAoAKACgAoAKACgAoAKACgAoAKACgAoAKACgAoAKACgAoAKACgAoAKACgAoAKACgAoAKACgAoAKACgAoAKACgAoAKACgAoAKACgAoAKACgAoAKACgAoAKACgAoAKACgAoAKACgAoAKACgAoAKACgAoAKACgAoAKACgAoAKACgAoAKACgAoAKACgAoAKACgAoAKACgAoAKACgAoAKACgAoAKACgAoAKACgAoAKACgAoAKACgAoAKACgAoAKACgAoAKACgAoAKACgAoAKACgAoAKACgAoAKACgAoAKACgAoAKACgAoAKACgAoAKACgAoAKACgAoAKACgAoAKACgAoAKACgAoAKACgAoAKACgAoAKACgAoAKACgAoAKACgAoAKACgAoAKACgAoAKACgAoAKACgAoAKACgAoAKACgAoAKACgAoAKACgAoAKACgAoAKACgAoAKACgD//Z","timing":661,"timestamp":8650053854298},{"data":"/9j/4AAQSkZJRgABAQAAAQABAAD/2wCEAAMCAgMCAgMDAwMEAwMEBQgFBQQEBQoHBwYIDAoMDAsKCwsNDhIQDQ4RDgsLEBYQERMUFRUVDA8XGBYUGBIUFRQBAwQEBQQFCQUFCRQNCw0UFBQUFBQUFBQUFBQUFBQUFBQUFBQUFBQUFBQUFBQUFBQUFBQUFBQUFBQUFBQUFBQUFP/AABEIANUAeAMBEQACEQEDEQH/xAGiAAABBQEBAQEBAQAAAAAAAAAAAQIDBAUGBwgJCgsQAAIBAwMCBAMFBQQEAAABfQECAwAEEQUSITFBBhNRYQcicRQygZGhCCNCscEVUtHwJDNicoIJChYXGBkaJSYnKCkqNDU2Nzg5OkNERUZHSElKU1RVVldYWVpjZGVmZ2hpanN0dXZ3eHl6g4SFhoeIiYqSk5SVlpeYmZqio6Slpqeoqaqys7S1tre4ubrCw8TFxsfIycrS09TV1tfY2drh4uPk5ebn6Onq8fLz9PX29/j5+gEAAwEBAQEBAQEBAQAAAAAAAAECAwQFBgcICQoLEQACAQIEBAMEBwUEBAABAncAAQIDEQQFITEGEkFRB2FxEyIygQgUQpGhscEJIzNS8BVictEKFiQ04SXxFxgZGiYnKCkqNTY3ODk6Q0RFRkdISUpTVFVWV1hZWmNkZWZnaGlqc3R1dnd4eXqCg4SFhoeIiYqSk5SVlpeYmZqio6Slpqeoqaqys7S1tre4ubrCw8TFxsfIycrS09TV1tfY2dri4+Tl5ufo6ery8/T19vf4+fr/2gAMAwEAAhEDEQA/AP1ToAKACgAoAKACgAoAKACgAoAKACgAoAKACgAoAKACgAoAKACgAoAKACgAoAKACgAoAKACgAoAKACgAoAKACgAoAKACgAoAKACgAoAKACgAoAKACgAoAKACgAoAKACgAoAKACgAoAKACgAoAKACgAoAKACgAoAKACgAoAKACgAoAKACgAoAKACgAoAKACgAoAKACgAoAKACgAoAKACgAoAKACgAoAKACgAoAKACgAoAKACgAoAKACgAoAKACgAoAKACgAoAKACgAoAKACgAoAKACgAoAKACgAoAKACgAoAKACgAoAKACgAoAKACgAoAKACgAoAKACgAoAKACgAoAKACgAoAKACgAoAKACgAoAKACgAoAKACgAoAKACgAoAKACgAoAKACgAoAKACgAoAKACgAoAKACgAoAKACgAoAKACgAoAKACgAoAKACgAoAKACgAoAKACgAoAKACgAoAKACgAoAKACgAoAKACgAoAKACgAoAKACgAoAKACgAoAKACgAoAKACgAoAKACgAoAKACgAoAKACgAoAKACgAoAKACgAoAKACgAoAKACgAoAKACgAoAKACgAoAKACgAoAKACgAoAKACgAoAKACgAoAKACgAoAKACgAoAKACgAoAKACgAoAKACgAoAKACgAoAKACgAoAKACgAoAKACgAoAKACgAoAKACgAoAKACgAoAKACgAoAKACgAoAKACgAoAKACgAoAKACgAoAKACgAoAKACgAoAKACgAoAKACgAoAKACgAoAKACgAoAKACgAoAKACgAoAKACgAoAKACgAoAKACgAoAKACgAoAKACgAoAKACgAoAKACgAoAKACgAoAKACgAoAKACgAoAKACgAoAKACgAoAKACgAoAKACgAoAKACgAoAKACgAoAKACgAoAKACgAoAKACgAoAKACgAoAKACgAoAKACgAoAKACgD//Z","timing":1321,"timestamp":8.650054514898001E12},{"data":"/9j/4AAQSkZJRgABAQAAAQABAAD/2wCEAAMCAgMCAgMDAwMEAwMEBQgFBQQEBQoHBwYIDAoMDAsKCwsNDhIQDQ4RDgsLEBYQERMUFRUVDA8XGBYUGBIUFRQBAwQEBQQFCQUFCRQNCw0UFBQUFBQUFBQUFBQUFBQUFBQUFBQUFBQUFBQUFBQUFBQUFBQUFBQUFBQUFBQUFBQUFP/AABEIANUAeAMBEQACEQEDEQH/xAGiAAABBQEBAQEBAQAAAAAAAAAAAQIDBAUGBwgJCgsQAAIBAwMCBAMFBQQEAAABfQECAwAEEQUSITFBBhNRYQcicRQygZGhCCNCscEVUtHwJDNicoIJChYXGBkaJSYnKCkqNDU2Nzg5OkNERUZHSElKU1RVVldYWVpjZGVmZ2hpanN0dXZ3eHl6g4SFhoeIiYqSk5SVlpeYmZqio6Slpqeoqaqys7S1tre4ubrCw8TFxsfIycrS09TV1tfY2drh4uPk5ebn6Onq8fLz9PX29/j5+gEAAwEBAQEBAQEBAQAAAAAAAAECAwQFBgcICQoLEQACAQIEBAMEBwUEBAABAncAAQIDEQQFITEGEkFRB2FxEyIygQgUQpGhscEJIzNS8BVictEKFiQ04SXxFxgZGiYnKCkqNTY3ODk6Q0RFRkdISUpTVFVWV1hZWmNkZWZnaGlqc3R1dnd4eXqCg4SFhoeIiYqSk5SVlpeYmZqio6Slpqeoqaqys7S1tre4ubrCw8TFxsfIycrS09TV1tfY2dri4+Tl5ufo6ery8/T19vf4+fr/2gAMAwEAAhEDEQA/AP1ToAKACgAoAKACgAoAKACgAoAKACgAoAKACgAoAKACgAoAKACgAoAKACgAoAKACgAoAKACgAoAKACgAoAKACgAoAKACgAoAKACgAoAKACgAoAKACgAoAKACgAoAKACgAoAKACgAoAKACgAoAKACgAoAKACgAoAKACgAoAKACgAoAKACgAoAKACgAoAKACgAoAKACgAoAKACgAoAKACgAoAKACgAoAKACgAoAKACgAoAKACgAoAKACgAoAKACgAoAKACgAoAKACgAoAKACgAoAKACgAoAKACgAoAKACgAoAKACgAoAKACgAoAKACgAoAKACgAoAKACgAoAKACgAoAKACgAoAKACgAoAKACgAoAKACgAoAKACgAoAKACgAoAKACgAoAKACgAoAKACgAoAKACgAoAKACgAoAKACgAoAKACgAoAKACgAoAKACgAoAKACgAoAKACgAoAKACgAoAKACgAoAKACgAoAKACgAoAKACgAoAKACgAoAKACgAoAKACgAoAKACgAoAKACgAoAKACgAoAKACgAoAKACgAoAKACgAoAKACgAoAKACgAoAKACgAoAKACgAoAKACgAoAKACgAoAKACgAoAKACgAoAKACgAoAKACgAoAKACgAoAKACgAoAKACgAoAKACgAoAKACgAoAKACgAoAKACgAoAKACgAoAKACgAoAKACgAoAKACgAoAKACgAoAKACgAoAKACgAoAKACgAoAKACgAoAKACgAoAKACgAoAKACgAoAKACgAoAKACgAoAKACgAoAKACgAoAKACgAoAKACgAoAKACgAoAKACgAoAKACgAoAKACgAoAKACgAoAKACgAoAKACgAoAKACgAoAKACgAoAKACgAoAKACgAoAKACgAoAKACgAoAKACgAoAKACgAoAKACgAoAKACgAoAKACgAoAKACgAoAKACgAoAKACgD//Z","timing":1982,"timestamp":8.650055175497999E12},{"data":"/9j/4AAQSkZJRgABAQAAAQABAAD/2wCEAAMCAgMCAgMDAwMEAwMEBQgFBQQEBQoHBwYIDAoMDAsKCwsNDhIQDQ4RDgsLEBYQERMUFRUVDA8XGBYUGBIUFRQBAwQEBQQFCQUFCRQNCw0UFBQUFBQUFBQUFBQUFBQUFBQUFBQUFBQUFBQUFBQUFBQUFBQUFBQUFBQUFBQUFBQUFP/AABEIANUAeAMBEQACEQEDEQH/xAGiAAABBQEBAQEBAQAAAAAAAAAAAQIDBAUGBwgJCgsQAAIBAwMCBAMFBQQEAAABfQECAwAEEQUSITFBBhNRYQcicRQygZGhCCNCscEVUtHwJDNicoIJChYXGBkaJSYnKCkqNDU2Nzg5OkNERUZHSElKU1RVVldYWVpjZGVmZ2hpanN0dXZ3eHl6g4SFhoeIiYqSk5SVlpeYmZqio6Slpqeoqaqys7S1tre4ubrCw8TFxsfIycrS09TV1tfY2drh4uPk5ebn6Onq8fLz9PX29/j5+gEAAwEBAQEBAQEBAQAAAAAAAAECAwQFBgcICQoLEQACAQIEBAMEBwUEBAABAncAAQIDEQQFITEGEkFRB2FxEyIygQgUQpGhscEJIzNS8BVictEKFiQ04SXxFxgZGiYnKCkqNTY3ODk6Q0RFRkdISUpTVFVWV1hZWmNkZWZnaGlqc3R1dnd4eXqCg4SFhoeIiYqSk5SVlpeYmZqio6Slpqeoqaqys7S1tre4ubrCw8TFxsfIycrS09TV1tfY2dri4+Tl5ufo6ery8/T19vf4+fr/2gAMAwEAAhEDEQA/AP1ToAKACgAoAKACgAoAKACgAoAKACgAoAKACgAoAKACgAoAKACgAoAKACgAoAKACgAoAKACgAoAKACgAoAKACgAoAKACgAoAKACgAoAKACgAoAKACgAoAKACgAoAKACgAoAKACgAoAKACgAoAKACgAoAKACgAoAKACgAoAKACgAoAKACgAoAKACgAoAKACgAoAKACgAoAKACgAoAKACgAoAKACgAoAKACgAoAKACgAoAKACgAoAKACgAoAKACgAoAKACgAoAKACgAoAKACgAoAKACgAoAKACgAoAKACgAoAKACgAoAKACgAoAKACgAoAKACgAoAKACgAoAKACgAoAKACgAoAKACgAoAKACgAoAKACgAoAKACgAoAKACgAoAKACgAoAKACgAoAKACgAoAKACgAoAKACgAoAKACgAoAKACgAoAKACgAoAKACgAoAKACgAoAKACgAoAKACgAoAKACgAoAKACgAoAKACgAoAKACgAoAKACgAoAKACgAoAKACgAoAKACgAoAKACgAoAKACgAoAKACgAoAKACgAoAKACgAoAKACgAoAKACgAoAKACgAoAKACgAoAKACgAoAKACgAoAKACgAoAKACgAoAKACgAoAKACgAoAKACgAoAKACgAoAKACgAoAKACgAoAKACgAoAKACgAoAKACgAoAKACgAoAKACgAoAKACgAoAKACgAoAKACgAoAKACgAoAKACgAoAKACgAoAKACgAoAKACgAoAKACgAoAKACgAoAKACgAoAKACgAoAKACgAoAKACgAoAKACgAoAKACgAoAKACgAoAKACgAoAKACgAoAKACgAoAKACgAoAKACgAoAKACgAoAKACgAoAKACgAoAKACgAoAKACgAoAKACgAoAKACgAoAKACgAoAKACgAoAKACgAoAKACgAoAKACgAoAKACgAoAKACgAoAKACgD//Z","timing":2642,"timestamp":8650055836098},{"data":"/9j/4AAQSkZJRgABAQAAAQABAAD/2wCEAAMCAgMCAgMDAwMEAwMEBQgFBQQEBQoHBwYIDAoMDAsKCwsNDhIQDQ4RDgsLEBYQERMUFRUVDA8XGBYUGBIUFRQBAwQEBQQFCQUFCRQNCw0UFBQUFBQUFBQUFBQUFBQUFBQUFBQUFBQUFBQUFBQUFBQUFBQUFBQUFBQUFBQUFBQUFP/AABEIANUAeAMBEQACEQEDEQH/xAGiAAABBQEBAQEBAQAAAAAAAAAAAQIDBAUGBwgJCgsQAAIBAwMCBAMFBQQEAAABfQECAwAEEQUSITFBBhNRYQcicRQygZGhCCNCscEVUtHwJDNicoIJChYXGBkaJSYnKCkqNDU2Nzg5OkNERUZHSElKU1RVVldYWVpjZGVmZ2hpanN0dXZ3eHl6g4SFhoeIiYqSk5SVlpeYmZqio6Slpqeoqaqys7S1tre4ubrCw8TFxsfIycrS09TV1tfY2drh4uPk5ebn6Onq8fLz9PX29/j5+gEAAwEBAQEBAQEBAQAAAAAAAAECAwQFBgcICQoLEQACAQIEBAMEBwUEBAABAncAAQIDEQQFITEGEkFRB2FxEyIygQgUQpGhscEJIzNS8BVictEKFiQ04SXxFxgZGiYnKCkqNTY3ODk6Q0RFRkdISUpTVFVWV1hZWmNkZWZnaGlqc3R1dnd4eXqCg4SFhoeIiYqSk5SVlpeYmZqio6Slpqeoqaqys7S1tre4ubrCw8TFxsfIycrS09TV1tfY2dri4+Tl5ufo6ery8/T19vf4+fr/2gAMAwEAAhEDEQA/AP1ToAKACgAoAKACgAoAKACgAoAKACgAoAKACgAoAKACgAoAKACgAoAKACgAoAKACgAoAKACgAoAKACgAoAKACgAoAKACgAoAKACgAoAKACgAoAKACgAoAKACgAoAKACgAoAKACgAoAKACgAoAKACgAoAKACgAoAKACgAoAKACgAoAKACgAoAKACgAoAKACgAoAKACgAoAKACgAoAKACgAoAKACgAoAKACgAoAKACgAoAKACgAoAKACgAoAKACgAoAKACgAoAKACgAoAKACgAoAKACgAoAKACgAoAKACgAoAKACgAoAKACgAoAKACgAoAKACgAoAKACgAoAKACgAoAKACgAoAKACgAoAKACgAoAKACgAoAKACgAoAKACgAoAKACgAoAKACgAoAKACgAoAKACgAoAKACgAoAKACgAoAKACgAoAKACgAoAKACgAoAKACgAoAKACgAoAKACgAoAKACgAoAKACgAoAKACgAoAKACgAoAKACgAoAKACgAoAKACgAoAKACgAoAKACgAoAKACgAoAKACgAoAKACgAoAKACgAoAKACgAoAKACgAoAKACgAoAKACgAoAKACgAoAKACgAoAKACgAoAKACgAoAKACgAoAKACgAoAKACgAoAKACgAoAKACgAoAKACgAoAKACgAoAKACgAoAKACgAoAKACgAoAKACgAoAKACgAoAKACgAoAKACgAoAKACgAoAKACgAoAKACgAoAKACgAoAKACgAoAKACgAoAKACgAoAKACgAoAKACgAoAKACgAoAKACgAoAKACgAoAKACgAoAKACgAoAKACgAoAKACgAoAKACgAoAKACgAoAKACgAoAKACgAoAKACgAoAKACgAoAKACgAoAKACgAoAKACgAoAKACgAoAKACgAoAKACgAoAKACgAoAKACgAoAKACgAoAKACgAoAKACgAoAKACgD//Z","timing":3303,"timestamp":8650056496698},{"data":"/9j/4AAQSkZJRgABAQAAAQABAAD/2wCEAAMCAgMCAgMDAwMEAwMEBQgFBQQEBQoHBwYIDAoMDAsKCwsNDhIQDQ4RDgsLEBYQERMUFRUVDA8XGBYUGBIUFRQBAwQEBQQFCQUFCRQNCw0UFBQUFBQUFBQUFBQUFBQUFBQUFBQUFBQUFBQUFBQUFBQUFBQUFBQUFBQUFBQUFBQUFP/AABEIANUAeAMBEQACEQEDEQH/xAGiAAABBQEBAQEBAQAAAAAAAAAAAQIDBAUGBwgJCgsQAAIBAwMCBAMFBQQEAAABfQECAwAEEQUSITFBBhNRYQcicRQygZGhCCNCscEVUtHwJDNicoIJChYXGBkaJSYnKCkqNDU2Nzg5OkNERUZHSElKU1RVVldYWVpjZGVmZ2hpanN0dXZ3eHl6g4SFhoeIiYqSk5SVlpeYmZqio6Slpqeoqaqys7S1tre4ubrCw8TFxsfIycrS09TV1tfY2drh4uPk5ebn6Onq8fLz9PX29/j5+gEAAwEBAQEBAQEBAQAAAAAAAAECAwQFBgcICQoLEQACAQIEBAMEBwUEBAABAncAAQIDEQQFITEGEkFRB2FxEyIygQgUQpGhscEJIzNS8BVictEKFiQ04SXxFxgZGiYnKCkqNTY3ODk6Q0RFRkdISUpTVFVWV1hZWmNkZWZnaGlqc3R1dnd4eXqCg4SFhoeIiYqSk5SVlpeYmZqio6Slpqeoqaqys7S1tre4ubrCw8TFxsfIycrS09TV1tfY2dri4+Tl5ufo6ery8/T19vf4+fr/2gAMAwEAAhEDEQA/AP1ToAKACgAoAKACgAoAKACgAoAKACgAoAKACgAoAKACgAoAKACgAoAKACgAoAKACgAoAKACgAoAKACgAoAKACgAoAKACgAoAKACgAoAKACgAoAKACgAoAKACgAoAKACgAoAKACgAoAKACgAoAKACgAoAKACgAoAKACgAoAKACgAoAKACgAoAKACgAoAKACgAoAKACgAoAKACgAoAKACgAoAKACgAoAKACgAoAKACgAoAKACgAoAKACgAoAKACgAoAKACgAoAKACgAoAKACgAoAKACgAoAKACgAoAKACgAoAKACgAoAKACgAoAKACgAoAKACgAoAKACgAoAKACgAoAKACgAoAKACgAoAKACgAoAKACgAoAKACgAoAKACgAoAKACgAoAKACgAoAKACgAoAKACgAoAKACgAoAKACgAoAKACgAoAKACgAoAKACgAoAKACgAoAKACgAoAKACgAoAKACgAoAKACgAoAKACgAoAKACgAoAKACgAoAKACgAoAKACgAoAKACgAoAKACgAoAKACgAoAKACgAoAKACgAoAKACgAoAKACgAoAKACgAoAKACgAoAKACgAoAKACgAoAKACgAoAKACgAoAKACgAoAKACgAoAKACgAoAKACgAoAKACgAoAKACgAoAKACgAoAKACgAoAKACgAoAKACgAoAKACgAoAKACgAoAKACgAoAKACgAoAKACgAoAKACgAoAKACgAoAKACgAoAKACgAoAKACgAoAKACgAoAKACgAoAKACgAoAKACgAoAKACgAoAKACgAoAKACgAoAKACgAoAKACgAoAKACgAoAKACgAoAKACgAoAKACgAoAKACgAoAKACgAoAKACgAoAKACgAoAKACgAoAKACgAoAKACgAoAKACgAoAKACgAoAKACgAoAKACgAoAKACgAoAKACgAoAKACgAoAKACgAoAKACgD//Z","timing":3964,"timestamp":8650057157298},{"data":"/9j/4AAQSkZJRgABAQAAAQABAAD/2wCEAAMCAgMCAgMDAwMEAwMEBQgFBQQEBQoHBwYIDAoMDAsKCwsNDhIQDQ4RDgsLEBYQERMUFRUVDA8XGBYUGBIUFRQBAwQEBQQFCQUFCRQNCw0UFBQUFBQUFBQUFBQUFBQUFBQUFBQUFBQUFBQUFBQUFBQUFBQUFBQUFBQUFBQUFBQUFP/AABEIANUAeAMBEQACEQEDEQH/xAGiAAABBQEBAQEBAQAAAAAAAAAAAQIDBAUGBwgJCgsQAAIBAwMCBAMFBQQEAAABfQECAwAEEQUSITFBBhNRYQcicRQygZGhCCNCscEVUtHwJDNicoIJChYXGBkaJSYnKCkqNDU2Nzg5OkNERUZHSElKU1RVVldYWVpjZGVmZ2hpanN0dXZ3eHl6g4SFhoeIiYqSk5SVlpeYmZqio6Slpqeoqaqys7S1tre4ubrCw8TFxsfIycrS09TV1tfY2drh4uPk5ebn6Onq8fLz9PX29/j5+gEAAwEBAQEBAQEBAQAAAAAAAAECAwQFBgcICQoLEQACAQIEBAMEBwUEBAABAncAAQIDEQQFITEGEkFRB2FxEyIygQgUQpGhscEJIzNS8BVictEKFiQ04SXxFxgZGiYnKCkqNTY3ODk6Q0RFRkdISUpTVFVWV1hZWmNkZWZnaGlqc3R1dnd4eXqCg4SFhoeIiYqSk5SVlpeYmZqio6Slpqeoqaqys7S1tre4ubrCw8TFxsfIycrS09TV1tfY2dri4+Tl5ufo6ery8/T19vf4+fr/2gAMAwEAAhEDEQA/AP0bk8LeMEuh9l8ZJFaC8SXyp9KjlcWyxQKYA+4cs8cz+YwYjz8Y+RSQDrtMt57TTrWG5unvriOJEkuXRUaVgoBcqoABJycAYGeKALVABQAUAFABQAUAFABQAUAFABQAUAFABQAUAFABQAUAFABQAUAFABQAUAFABQAUAFABQAUAFABQAUAFABQAUAFABQAUAFABQAUAFABQAUAFABQAUAFABQAUAFABQAUAFABQAUAFACZ5xQAZGcd6AFoAKACgAoAKACgAoAKACgAoAKACgAoA8AbVfiFqEGl3Wja9oL2kFwbHVBNfwzbbgSxCKFJAD+9kHyOrcgynbuOwgA7zwHq+q2WrXll4h1fTrqG7mCaTIs8azzPGji4hMSjG6MxliQxOTICsYQAgHftOoYr1cLu2jrj6daAATI2MMDkkZBHUHH8xQAi3CMMgjGCScg4x1H1oAZp9/b6rYW97ZzR3NpcRrLDPC4dJEYZVlYEgggggg4INAFigAoAKACgAoAKACgAoAKAOF1j4PeEvFt/omq6npZvL/RpvtGmXM0syyWT/ALrJjywKZMEeQMA/N2dsgDdG+B3grw9pVrYadoUFrHaQS29rOjN9ptY5FdXWG4z5sWRI4Gxxt3HbigB+ifBfwj4c059O03TGtdMa8hvxYLdTm3ininSeIxRlysSrJGjbEAU4AIIoAst8JfC5Piwpp8kLeKgo1d4LyeJ7jClRhlcGP5SR8hXrQBj3v7O/w+1O4vJ73w5BdyXieXcCeWWRJB9qN2cozlcm4YyFsZJOCSOKAO60PRrTw5oun6Tp8XkWFhbx2tvFuLbI0UKq5YknAAGSSaAL1ABQAUAFABQAUAFABQAUAFABQAUAFABQAUAFABQAUAFABQAUAFABQAUAJuoFfWwbqAuAOaBi0AFABQAUAFABQAUAFABQAUAFABQByaS6/f6Wk1hPZf6RCjQTzRO/UZDsoZCQwK/LwRzyeldj+rNt6nn2xe2hXv8A/hODph+xHRV1EeWy/aVlMX3Y/MU7efvGXB9FTI5JEr6u90waxS2aNfTU8Qf27eG9fTv7H2D7MsMb/aC2TkuSduMbcYHr0xgxP2XKuS9zal7fm/ebG7WB1BQAUARiZec4XHXJppNkOaWjYvmqDjIz9aLMHOK6jftCEkBlJXBIz0H+Qfyos+qDnjrZiC6jP8QHtmnyvsQqsHrckVg6gggg9xSasap31Q6kMKACgAoA8ttfEXirw3YQWVxYJKIFENuLKwe4Msa+UiFmMyBGJlAwQANrMSEBau14eLfuzT+Vv8zzFi3b3qbXzv8AohsvxI15bS9mi02/ma0PMI8OTK8yllCmPdcBTkMGwSCAGyBg1Twm3vrXzGsZ/wBO39x0XhvVvEuvSasJVt9LWyvXtI/tWmyD7Qqqh81D5/KEsQD329jkDmqU+TlfNe6vp0v09TrpVOe6tazsbX2XX/8AoJ6b/wCC6T/4/WJuH2XX/wDoJ6b/AOC6T/4/QAfZdf8A+gnpv/guk/8Aj9AFQ+EoL+++26wUvbuPasfl+ZHCoDBlYRF2UOCPv9ccdK2hVnCPKmc86EJy5mMPw80JnspPs03m2f8AqZftMvmAbGQqW3bmUhjlWJBOGIyAar6xU7kfVqbdyS08CaPY209rBahLSaaO4aDcxVXRlZNoJ+VVKKQq4A7Dml7ed076r9RrDxSa6MSz+H2h6ejLb2rxhoEtm/fOxaNCxVSSckDew57YHQACvrFS/Nfrf8v8hfVafLym9a20dnbxwRLtijUIi+gAwBXO227s6klFJIlpDCgAoAKAPM/CfijTLvw1p3k+HJb1Ft1jeeJrMozL8j8mYc70IIPIIwQDTuKxb1Txfomj6ebzUPDcllatJFCJLp7KJGeWTZGoZpwuXchQM5JYAZJpDLNxr9hYxNJP4RuoYYwS8kos1RADzkmbA6Z/H3oA0YJre4hjlTwnOUkUOvy2vQ9P+WtAD/3P/QpT/wDfNr/8doAP3P8A0KU//fNr/wDHaAKP9la5dyXUmmzjw9aSW/lRWr28RkimyT5wKl0YEbV2kZ4JyOjaxnTS1WpjUhU5vdlobPh6x1eyN6dV1CO/864aWARxeX5EZxti77sYzu4znoKU3F25VYdNSSfO7mxiszQWgYUAFABQAUAFAHlFp+zT4R022uYrCbWLJrkYmki1KQlwZzPINrEqA7vLnao+WaRV2hsUAbCfA7wrH4Qm8MLb3C6JK0Tm2S4ZCrRtuRlkUh1ZWCsGDAhlBB9QDF0f9l34faBYvZ6fpc9pbM2Qkd3KNn7qSH5fm+U7JXG4YP3TnKqQAep2lstpbRQKSyxoEBbqQBigCagAoAKACgAoAKACgAoAKACgAoA4A/G3w0YfFjRTS3M3hm9isL+CFA0hlkKqixrnMjMzbFjHzuw2qrFk3AGndfEK3hj1VYdNv7y80ydreexhWMTFgYTlCzhGBjuIpAA+SG243gpQBZ1PxvbaJLdpf2V/AsLxokkVubhZQyFt48rcUQbWUtKEAKnnBBIBneHvizofivWb7TNLTUJ7mxnS3uGl0+eGNHaKOTG90A3ASoGT76kNuUbSaAJbn4o6Lptle3eoLe2FvZTtDcyPZySpbgCNvMleIOkaFJo5NzlQqFi23Y+0Ap3Hxj0Ox8R6zpN7Ff2R0y4W0a5e1MkU8zRW8gSMx7juxd26gOFLtIFTcQcAG34e8d6N4o1C9stPmuHuLOaaCTz7KeBHaKQxy+W8iKsoVxtLRlgMjnkZAOgoAKACgAoAKACgAoAKAK8thbTxSRSQRvHIwZ1ZQQxGME+p4H5UAO+xwbg3kpkcg7Rx824/qAfrQA06fatIZDbxNISGLlASSBgEnuQCRn3oAclnBHKJEhRHC7Qyrg444+nA/IUALHawxMGSJFIzghQMZOT+ZA/KgBPscGxl8lNrDDDb14xz+HFADxEinIUA8849eTQA+gAoAKACgAoAKACgAoAKACgAoAKACgAoAKACgAoAKACgAoAKACgAoAKACgAoAKACgAoAKACgAoAKACgAoAKACgAoAKACgAoAKACgAoAKACgAoAKACgAoAKACgAoAKACgAoAKACgAoAKACgAoAKACgAoAKACgAoAKACgAoAKACgAoAKACgAoAKACgAoAKACgAoAKACgAoAKACgAoAKACgAoAKACgAoAKACgAoAKACgAoAKACgAoAKACgAoAKACgAoAKACgAoAKACgAoAKACgAoAKACgAoAKACgAoAKACgAoAKACgAoAKACgAoAKACgAoAKACgAoAKACgAoAKACgAoAKACgAoAKACgAoAKACgAoAKACgAoAKACgAoAKACgAoAKACgAoAKACgAoAKACgAoAKACgAoAKACgAoAKACgAoAKACgAoAKACgAoA//9k=","timing":4624,"timestamp":8.650057817898001E12},{"data":"/9j/4AAQSkZJRgABAQAAAQABAAD/2wCEAAMCAgMCAgMDAwMEAwMEBQgFBQQEBQoHBwYIDAoMDAsKCwsNDhIQDQ4RDgsLEBYQERMUFRUVDA8XGBYUGBIUFRQBAwQEBQQFCQUFCRQNCw0UFBQUFBQUFBQUFBQUFBQUFBQUFBQUFBQUFBQUFBQUFBQUFBQUFBQUFBQUFBQUFBQUFP/AABEIANUAeAMBEQACEQEDEQH/xAGiAAABBQEBAQEBAQAAAAAAAAAAAQIDBAUGBwgJCgsQAAIBAwMCBAMFBQQEAAABfQECAwAEEQUSITFBBhNRYQcicRQygZGhCCNCscEVUtHwJDNicoIJChYXGBkaJSYnKCkqNDU2Nzg5OkNERUZHSElKU1RVVldYWVpjZGVmZ2hpanN0dXZ3eHl6g4SFhoeIiYqSk5SVlpeYmZqio6Slpqeoqaqys7S1tre4ubrCw8TFxsfIycrS09TV1tfY2drh4uPk5ebn6Onq8fLz9PX29/j5+gEAAwEBAQEBAQEBAQAAAAAAAAECAwQFBgcICQoLEQACAQIEBAMEBwUEBAABAncAAQIDEQQFITEGEkFRB2FxEyIygQgUQpGhscEJIzNS8BVictEKFiQ04SXxFxgZGiYnKCkqNTY3ODk6Q0RFRkdISUpTVFVWV1hZWmNkZWZnaGlqc3R1dnd4eXqCg4SFhoeIiYqSk5SVlpeYmZqio6Slpqeoqaqys7S1tre4ubrCw8TFxsfIycrS09TV1tfY2dri4+Tl5ufo6ery8/T19vf4+fr/2gAMAwEAAhEDEQA/AP0bk8LeMEuh9l8ZJFaC8SXyp9KjlcWyxQKYA+4cs8cz+YwYjz8Y+RSQDrtMt57TTrWG5unvriOJEkuXRUaVgoBcqoABJycAYGeKALVABQAUAFABQAUAFABQAUAFABQAUAFABQAUAFABQAUAFABQAUAFABQAUAFABQAUAFABQAUAFABQAUAFABQAUAFABQAUAFABQAUAFABQAUAFABQAUAFABQAUAFABQAUAFABQAUAFACZ5xQAZGcd6AFoAKACgAoAKACgAoAKACgAoAKACgAoA8AbVfiFqEGl3Wja9oL2kFwbHVBNfwzbbgSxCKFJAD+9kHyOrcgynbuOwgA7zwHq+q2WrXll4h1fTrqG7mCaTIs8azzPGji4hMSjG6MxliQxOTICsYQAgHftOoYr1cLu2jrj6daAATI2MMDkkZBHUHH8xQAi3CMMgjGCScg4x1H1oAZp9/b6rYW97ZzR3NpcRrLDPC4dJEYZVlYEgggggg4INAFigAoAKACgAoAKACgAoAKAOF1j4PeEvFt/omq6npZvL/RpvtGmXM0syyWT/ALrJjywKZMEeQMA/N2dsgDdG+B3grw9pVrYadoUFrHaQS29rOjN9ptY5FdXWG4z5sWRI4Gxxt3HbigB+ifBfwj4c059O03TGtdMa8hvxYLdTm3ininSeIxRlysSrJGjbEAU4AIIoAst8JfC5Piwpp8kLeKgo1d4LyeJ7jClRhlcGP5SR8hXrQBj3v7O/w+1O4vJ73w5BdyXieXcCeWWRJB9qN2cozlcm4YyFsZJOCSOKAO60PRrTw5oun6Tp8XkWFhbx2tvFuLbI0UKq5YknAAGSSaAL1ABQAUAFABQAUAFABQAUAFABQAUAFABQAUAFABQAUAFABQAUAFABQAUAJuoFfWwbqAuAOaBi0AFABQAUAFABQAUAFABQAUAFABQByaS6/f6Wk1hPZf6RCjQTzRO/UZDsoZCQwK/LwRzyeldj+rNt6nn2xe2hXv8A/hODph+xHRV1EeWy/aVlMX3Y/MU7efvGXB9FTI5JEr6u90waxS2aNfTU8Qf27eG9fTv7H2D7MsMb/aC2TkuSduMbcYHr0xgxP2XKuS9zal7fm/ebG7WB1BQAUARiZec4XHXJppNkOaWjYvmqDjIz9aLMHOK6jftCEkBlJXBIz0H+Qfyos+qDnjrZiC6jP8QHtmnyvsQqsHrckVg6gggg9xSasap31Q6kMKACgAoA8ttfEXirw3YQWVxYJKIFENuLKwe4Msa+UiFmMyBGJlAwQANrMSEBau14eLfuzT+Vv8zzFi3b3qbXzv8AohsvxI15bS9mi02/ma0PMI8OTK8yllCmPdcBTkMGwSCAGyBg1Twm3vrXzGsZ/wBO39x0XhvVvEuvSasJVt9LWyvXtI/tWmyD7Qqqh81D5/KEsQD329jkDmqU+TlfNe6vp0v09TrpVOe6tazsbX2XX/8AoJ6b/wCC6T/4/WJuH2XX/wDoJ6b/AOC6T/4/QAfZdf8A+gnpv/guk/8Aj9AFQ+EoL+++26wUvbuPasfl+ZHCoDBlYRF2UOCPv9ccdK2hVnCPKmc86EJy5mMPw80JnspPs03m2f8AqZftMvmAbGQqW3bmUhjlWJBOGIyAar6xU7kfVqbdyS08CaPY209rBahLSaaO4aDcxVXRlZNoJ+VVKKQq4A7Dml7ed076r9RrDxSa6MSz+H2h6ejLb2rxhoEtm/fOxaNCxVSSckDew57YHQACvrFS/Nfrf8v8hfVafLym9a20dnbxwRLtijUIi+gAwBXO227s6klFJIlpDCgAoAKAPM/CfijTLvw1p3k+HJb1Ft1jeeJrMozL8j8mYc70IIPIIwQDTuKxb1Txfomj6ebzUPDcllatJFCJLp7KJGeWTZGoZpwuXchQM5JYAZJpDLNxr9hYxNJP4RuoYYwS8kos1RADzkmbA6Z/H3oA0YJre4hjlTwnOUkUOvy2vQ9P+WtAD/3P/QpT/wDfNr/8doAP3P8A0KU//fNr/wDHaAKP9la5dyXUmmzjw9aSW/lRWr28RkimyT5wKl0YEbV2kZ4JyOjaxnTS1WpjUhU5vdlobPh6x1eyN6dV1CO/864aWARxeX5EZxti77sYzu4znoKU3F25VYdNSSfO7mxiszQWgYUAFABQAUAFAHlFp+zT4R022uYrCbWLJrkYmki1KQlwZzPINrEqA7vLnao+WaRV2hsUAbCfA7wrH4Qm8MLb3C6JK0Tm2S4ZCrRtuRlkUh1ZWCsGDAhlBB9QDF0f9l34faBYvZ6fpc9pbM2Qkd3KNn7qSH5fm+U7JXG4YP3TnKqQAep2lstpbRQKSyxoEBbqQBigCagAoAKACgAoAKACgAoAKACgAoA4A/G3w0YfFjRTS3M3hm9isL+CFA0hlkKqixrnMjMzbFjHzuw2qrFk3AGndfEK3hj1VYdNv7y80ydreexhWMTFgYTlCzhGBjuIpAA+SG243gpQBZ1PxvbaJLdpf2V/AsLxokkVubhZQyFt48rcUQbWUtKEAKnnBBIBneHvizofivWb7TNLTUJ7mxnS3uGl0+eGNHaKOTG90A3ASoGT76kNuUbSaAJbn4o6Lptle3eoLe2FvZTtDcyPZySpbgCNvMleIOkaFJo5NzlQqFi23Y+0Ap3Hxj0Ox8R6zpN7Ff2R0y4W0a5e1MkU8zRW8gSMx7juxd26gOFLtIFTcQcAG34e8d6N4o1C9stPmuHuLOaaCTz7KeBHaKQxy+W8iKsoVxtLRlgMjnkZAOgoAKACgAoAKACgAoAKAK8thbTxSRSQRvHIwZ1ZQQxGME+p4H5UAO+xwbg3kpkcg7Rx824/qAfrQA06fatIZDbxNISGLlASSBgEnuQCRn3oAclnBHKJEhRHC7Qyrg444+nA/IUALHawxMGSJFIzghQMZOT+ZA/KgBPscGxl8lNrDDDb14xz+HFADxEinIUA8849eTQA+gAoAKACgAoAKACgAoAKACgAoAKACgAoAKACgAoAKACgAoAKACgAoAKACgAoAKACgAoAKACgAoAKACgAoAKACgAoAKACgAoAKACgAoAKACgAoAKACgAoAKACgAoAKACgAoAKACgAoAKACgAoAKACgAoAKACgAoAKACgAoAKACgAoAKACgAoAKACgAoAKACgAoAKACgAoAKACgAoAKACgAoAKACgAoAKACgAoAKACgAoAKACgAoAKACgAoAKACgAoAKACgAoAKACgAoAKACgAoAKACgAoAKACgAoAKACgAoAKACgAoAKACgAoAKACgAoAKACgAoAKACgAoAKACgAoAKACgAoAKACgAoAKACgAoAKACgAoAKACgAoAKACgAoAKACgAoAKACgAoAKACgAoAKACgAoAKACgAoAKACgAoAKACgAoAKACgAoA//9k=","timing":5285,"timestamp":8.650058478497999E12},{"data":"/9j/4AAQSkZJRgABAQAAAQABAAD/2wCEAAMCAgMCAgMDAwMEAwMEBQgFBQQEBQoHBwYIDAoMDAsKCwsNDhIQDQ4RDgsLEBYQERMUFRUVDA8XGBYUGBIUFRQBAwQEBQQFCQUFCRQNCw0UFBQUFBQUFBQUFBQUFBQUFBQUFBQUFBQUFBQUFBQUFBQUFBQUFBQUFBQUFBQUFBQUFP/AABEIANUAeAMBEQACEQEDEQH/xAGiAAABBQEBAQEBAQAAAAAAAAAAAQIDBAUGBwgJCgsQAAIBAwMCBAMFBQQEAAABfQECAwAEEQUSITFBBhNRYQcicRQygZGhCCNCscEVUtHwJDNicoIJChYXGBkaJSYnKCkqNDU2Nzg5OkNERUZHSElKU1RVVldYWVpjZGVmZ2hpanN0dXZ3eHl6g4SFhoeIiYqSk5SVlpeYmZqio6Slpqeoqaqys7S1tre4ubrCw8TFxsfIycrS09TV1tfY2drh4uPk5ebn6Onq8fLz9PX29/j5+gEAAwEBAQEBAQEBAQAAAAAAAAECAwQFBgcICQoLEQACAQIEBAMEBwUEBAABAncAAQIDEQQFITEGEkFRB2FxEyIygQgUQpGhscEJIzNS8BVictEKFiQ04SXxFxgZGiYnKCkqNTY3ODk6Q0RFRkdISUpTVFVWV1hZWmNkZWZnaGlqc3R1dnd4eXqCg4SFhoeIiYqSk5SVlpeYmZqio6Slpqeoqaqys7S1tre4ubrCw8TFxsfIycrS09TV1tfY2dri4+Tl5ufo6ery8/T19vf4+fr/2gAMAwEAAhEDEQA/APh3wzoB168ZWcxwRAF2HXnoB78H8qANnXvA0dlYvc2csjmIFnWUg5XuRgDpQBxtABQAUAFABQAUAFABQAUAFAGhoWktrWpR2ytsXBZ3xnaB/kD8aAOp1TwFBFYSSWs8pmjUttkwQ2BnAwOKAOGoA6Hwfr8WiXcq3CnyJsbpF5KEZxx6c0AbviDxnYy6dNBaMbh5kMZ+UqFBGCeQKAOCOSaADFABigAxQAYoAMUAGKADFABigAxQBreGNXTRdVSaVS0LKUfHUA9x+VAHX6n4205bKYW7tPMylVQIwwSO5IH6UAecgYAoA3vsEH/PMUAH2CD/AJ5igA+wQf8APMUAH2CD/nmKAD7BB/zzFAB9gg/55igA+wQf88xQAfYIP+eYoAPsEH/PMUAH2CD/AJ5igA+wQf8APMUAH2CD/nmKAD7BB/zzFAB9gg/55igA+wQf88xQBYoAKACgAoAKACgAoAKACgAoAKACgAoAKACgAoAKACgAoAKACgAoAKACgAoAKACgAoAKACgAoAKACgAoAKACgAoAKACgAoAKACgAoAKACgAoAKACgAoAKACgAoAKACgAoAKACgAoAKACgAoAKACgAoAKACgAoAKACgAoAKACgAoAKACgAoAKACgAoAKACgAoAKACgAoAKACgAoAKACgAoAKACgAoAKACgAoAKACgAoAKACgAoAKACgAoAKACgAoAKACgAoAKACgAoAKACgAoAKACgBUKh13DK55A9KAOjNh4P7a7rZ/7gsP/AMl0AH2Dwh/0HNb/APBND/8AJdAB9g8If9BzW/8AwTQ//JdAB9g8If8AQc1v/wAE0P8A8l0AH2Dwh/0HNb/8E0P/AMl0AH2Dwh/0HNb/APBND/8AJdAB9g8If9BzW/8AwTQ//JdAB9g8If8AQc1v/wAE0P8A8l0AH2Dwh/0HNb/8E0P/AMl0AH2Dwh/0HNb/APBND/8AJdAB9g8If9BzW/8AwTQ//JdAB9g8If8AQc1v/wAE0P8A8l0AAsPB/fXNb/8ABND/APJdAGDerbrdyraSSS2wYiOSaMRu69iyhmCk9cBjj1NAENABQAUAFABQAUAFABQAUAFABQAUAFABQAUAFABQAUAFABQAUAFABQAUAFABQAUAFABQAUAIeQe1ACfN7UAGG9qADDe1ABhvagAw3tQAYb2oAMN7UAGG9qADDe1ABhvagAw3tQAYb2oAPm9qAFGcc9aAFoA3tM8PW1/YQzvJMjODkIwx1PtQBa/4RO0/57XH/fS//E0AH/CJ2n/Pa4/76X/4mgDI1rTI9MljSF3bepJMmCf0AoA1z4TtP+es4+jLj+VAB/widp/z2uP++l/+JoAP+ETtP+e1x/30v/xNAHP6narY38tujMyJjBY88gH+tAFegAoAKACgAoAKACgDd0nxFb2NhFBJDMXTOSgXHX60AW/+EttP+eFz+S/40AH/AAltp/zwufyX/GgDH1zVI9TljeFHQKpGJAOv4GgDYHi20xzBcZ74C/40AH/CW2n/ADwufyX/ABoAP+EttP8Anhc/kv8AjQBgandJfahLcRqyo+MB8Z6Af0oArUAFABQAUAFABQAUAFABmgAzQAUAFABmgAzQAUAFABQAUAFABQAUAFABQAUAFABQAUAFABQAUAFABQAUAFABQAUAFABQAUAFABQAUAFABQAUAFABQAUAFABQAUAFABQAUAFABQAUAFABQAUAFABQAUAFABQAUAFABQAUAFABQAUAFABQAUAFABQAUAFABQAUAFABQAUAFABQAUAFABQAUAFABQAUAFABQAUAFABQAUAFABQAUAFABQAUAFABQAUAFABQAUAFABQAUAFABQAUAFABQAUAFABQAUAFABQAUAZP9sv/AM8l/OgA/tl/+eS/nQAf2y//ADyX86AD+2X/AOeS/nQAf2y//PJfzoAP7Zf/AJ5L+dAB/bL/APPJfzoAP7Zf/nkv50AH9sv/AM8l/OgA/tl/+eS/nQAf2y//ADyX86AD+2X/AOeS/nQAf2y//PJfzoAP7Zf/AJ5L+dAB/bL/APPJfzoAz6ACgAoAKACgAoAKACgAoAKACgAoAKACgAoA/wD/2Q==","timing":5945,"timestamp":8650059139098},{"data":"/9j/4AAQSkZJRgABAQAAAQABAAD/2wCEAAMCAgMCAgMDAwMEAwMEBQgFBQQEBQoHBwYIDAoMDAsKCwsNDhIQDQ4RDgsLEBYQERMUFRUVDA8XGBYUGBIUFRQBAwQEBQQFCQUFCRQNCw0UFBQUFBQUFBQUFBQUFBQUFBQUFBQUFBQUFBQUFBQUFBQUFBQUFBQUFBQUFBQUFBQUFP/AABEIANUAeAMBEQACEQEDEQH/xAGiAAABBQEBAQEBAQAAAAAAAAAAAQIDBAUGBwgJCgsQAAIBAwMCBAMFBQQEAAABfQECAwAEEQUSITFBBhNRYQcicRQygZGhCCNCscEVUtHwJDNicoIJChYXGBkaJSYnKCkqNDU2Nzg5OkNERUZHSElKU1RVVldYWVpjZGVmZ2hpanN0dXZ3eHl6g4SFhoeIiYqSk5SVlpeYmZqio6Slpqeoqaqys7S1tre4ubrCw8TFxsfIycrS09TV1tfY2drh4uPk5ebn6Onq8fLz9PX29/j5+gEAAwEBAQEBAQEBAQAAAAAAAAECAwQFBgcICQoLEQACAQIEBAMEBwUEBAABAncAAQIDEQQFITEGEkFRB2FxEyIygQgUQpGhscEJIzNS8BVictEKFiQ04SXxFxgZGiYnKCkqNTY3ODk6Q0RFRkdISUpTVFVWV1hZWmNkZWZnaGlqc3R1dnd4eXqCg4SFhoeIiYqSk5SVlpeYmZqio6Slpqeoqaqys7S1tre4ubrCw8TFxsfIycrS09TV1tfY2dri4+Tl5ufo6ery8/T19vf4+fr/2gAMAwEAAhEDEQA/APgL9KAL2qaDqeiLE1/p1zZpI5jDTRkDdgnGemcAn8KAKNABQB0Wm/DzxFrPh2PW9P0m4v8AT5Ls2KNagSuZgYQV8tSXAzcQKGK7S0qKCWOKAJYvhh4sn0e41WPQL19Pt7Sa+lnEfypDFOlvKx7/ACSyIrDqu9SRg5oArSeAPE0M1rG2gah5l3dy2FtEsDGWW5iVDNCIwN29PNjyMZG6gCa1+G3iq+0zT9QtfDup3dpqBuPsr29q0hmEG3zmCqCdq7wC2MZDDOVbABn3/hbWNLsftl3pd5b2vmPC07wkIkisUaNz/C4YYKnB6eooAuz/AA68V215NaTeGNZiuoXijlgfT5Q8bSttiVlK5BcghQfvEYGaAII/BeuM92j6VdW72v2gSi5j8na0ADTp8+PnQMpZRyMjI5FAGLQAUAFABQAY9qAOq8VfFDxZ4206Kw13X9Q1SzilEyQXVw8iK4DAEBiccO350Acrg0AGDQB2+g/FnVvD3glvCsFlYTaVNePcXYmSQveRO1q72shDjETPZW7ZQLICnDgHFAHQW37Sfiyy0DUdHt4rGO21Bt93IwmkmmZLtry3YyPKx3QzvI6kcvvIlMoAAAOWuPiTf3njCPXrmw0+5iitWsYNIlRzZQWxthbCJF37xiMLiTf5hZd5csSxAOt+I/7TPi34nnVX1O3021m1OSWW6lsI5Y2cubcADMh2hI7S3iXbj5Y8tudmdgClrn7QXibxB4X1jQbm300WWqtdNcOkLiTM95a3bkEuRkSWcYGQflZ85JDAA6zxP+194g1vx/ceJ7Hw3oembdW/tSwtnjkme1H9pHUWieXepmDz7WfcMDB8oQh2UgHAt8ZvEMvhqx0OUW0lpZ6fLpkbFXUm3cSbVYBgrMjXF0yuV3A3EgJK7VUA4PHtQAYNABg0AGKAN46bATnyxQAn9mwf881oAP7Ng/55rQAf2bB/zzWgA/s2D/nmtAB/ZsH/ADzWgA/s2D/nmtAB/ZsH/PNaAD+zYP8AnmtAB/ZsH/PNaAD+zYP+ea0AH9mwf881oAP7Ng/55rQAf2bB/wA81oABptvn/VigC3QAUAFABQAUAFABQAUAFABQAUAFABQAUAFABQAUAFABQAUAFABQAUAFABQAUAFABQAUAFABQAUAFABQAUAFABQAUAFABQAUAFABQAUAFABQAUAFABQAUAFABQAUAFABQAUAFABQAUAFABQAUAFABQAUAFABQAUAFABQAUAFABQAUAFABQAUAFABQAUAFABQAUAFABQAUAFABQAUAFABQAUAFABQAUAFABQAUAFABQAUAFABQAUAFABQAUAFABQAUAFABQAUAFABQAUAFABQAUAFABQAUAFAHW6N8L9b8Q6XDeaatveNKkbpapMBMwaS4T5VONxBtpCQpJwQcYDFQCppvgHWNYeySyhjuJbyc20EYlCs8oUMV+bG35WQ5OANwyRzgAYngq9+0xRzz2lpC00kMlzNNiOEoQHLkAkAZzwDnHGTgEAwCMGgAoAKACgDU8K+Hrjxb4m0nQ7R4orrUruKzieYkIryOFUsQCcZIzgE47GgDuvif8DLr4c6BBrcOrwaxpT6hNpUkiqsciXMTOG+VXcFG8tipyGxjcq5FAHmNABQAUAFABQAUATwtahcyxTSOepWYKPy2n+dAD/Msf8An3uP/Ahf/iKADzLH/n3uP/Ahf/iKADzLH/n3uP8AwIX/AOIoAPMsf+fe4/8AAhf/AIigA8yx/wCfe4/8CF/+IoAPMsf+fe4/8CF/+IoAmtL+3sLuG5tkvLe4gdZYpoboI6OpyrKwTIIIBBFAGn4i8a3XilIV1BppFhLvHFGYoYhI2N8hSOJVLsQu5iNzYGScUAc5QAUAFABQAUAFABQAUAFABQAUAFABQAenvxQAgORxQAtABQAUAFABQAUAdhCvg+78LW0LyyWuuJbXEsk4Emxpcv5MR4cNnEZ4WNVG/LsWAQAs6rpHgRrCVtO128+2h5GhUxGSJkDvsVsqpy0YjIZSRuZgwTAJALkdr8PNOs724D3es3cUcEkVkbmRFmY3Q82NX+zIUIgQ/M4x+9OASnIB51QAUAFABQBseDNJtdf8YaHpd7ObWyvr6C2nnVgDHG8iqzZPHAJPPFAHr/7Unwx8JfD+Xw5ceFndBem6intWuIphGsbr5bAx9ismAWyzBAW+ctkA8IoAKACgAoAKACgBSzMqjJAHpQAmG9W/M0AGG9W/M0AByO7fmaADk92/M0AGG9W/M0AGG9W/M0AHI7t+ZoAQ5P8AE3fv7UALQAUAFABQAUAFAFDVbqS2EflttyTnigDW8OeC/FXi5NLbSLQ3f9o3j2FuPNiTzJlMClBuYYJa6gAJwCXGCcHABpN8KPHiWqzyaUyJ5d/MxM8R2pZLuuSQGJGza4PrgYyeKAOPsb+ea6jR3ypzkYHoaAJtUupbeSMRvtBBzwKAN9PAHi19B0fVzbxxWGsru06aa5hjFwfPe3wNzDpLGynOAuULEB1JAMzWND13QnmS8UQywxJM6M8ZOxmwCMMc9VOByM84oAoadezT3G133Lg9qANSgAoAKACgAoAKACgClqVm92E2Y+XPU0APs73XtP06TT7XVbq30+R2le0iuXWF3MbRsxQHBJjd0JI5ViOhIoAfJqfiGZUWTWL2QJG0KbrqQ7EaIQsq88AxKsZA/gAXpxQBRs9OlguUdiu0Z6H2NAE2pWUl06FCvygg5NAF7T9f8U6RYTWNj4g1Kysprc2kttbX0scckBZ2MTKCAULSSHaeMuxx8xyAQapqPiDXM/2lq13qJIYZu7l5eDI0jD5ieC7s59WYnqc0AVbCwltp97lcYI4NAGlQAUAFABQAUAFABQAUAFABQAUAFABQAUAFABQAUAFABQAUAFABQAUAFABQAUAFABQAUAFABQAUAFABQAUAFABQAUAFABQAUAFABQAUAFABQAUAFABQAUAFABQAUAFABQAUAFABQAUAFABQAUAFABQAUAFABQAUAFABQAUAFABQAUAFABQAUAFABQAUAFABQAUAFABQAUAFABQAUAFABQAUAFABQAUAFABQAUAFABQAUAFABQAUAFABQAUAFABQBFDaa3cXNvbxaLeS3FyI2ghjt3Z5Q5AQqoGWDEgDHXNAFjU9E8SaLIkeo+HtQsJHhFwsd1aSRsYi/liQBgDtL/ID03AjrxQBWlttZhurm1k0e7S6tTKJ4DA4kiMYcy7lxkbBHJuz02NnGDQA6Wx12GJpX0O9WJYUuGkNtJtETSCNZM4xtLsEDdCxA6mgCiNQuiHP2U/IcNwfl4J5/AE/QZoAWe+u7YZltGjGSMspAyCQf1Vh9QfSgCH+2n/55r+dAB/bT/8APNfzoAP7af8A55r+dAB/bT/881/OgA/tp/8Anmv50AH9tP8A881/OgA/tp/+ea/nQAf20/8AzzX86AD+2n/55r+dAF+/+Imv6lq0d9e3cV9e26RwJcXNpDI4WMoyHJT7w2Iu7qUXYSU+WgB2r+Pdc1e2s9PvrxLm1stscKG3iXaBLcTAAqoOPMup2I6HeBjCoFAIbTxrrGnzWuoW935UpEsUSiJNsSyIUcBdu0ArxhQAO3ODQBpW3xS8WDUpb9dalN49pLpyyyRI/k28iMjRxKVxCu2RwBGF2hjt25oAp6L8UPEWm395c298DcXlvBaXLXMMc4mhtzFJDGyupBANvEMEEEAhgQSCAUb/AMQ6neacdOuLrzbMXb3Rj2KMzFVVnzjPIA4zjj1NAGXQAUAFABQAUAFABQAUAFAH/9k=","timing":6606,"timestamp":8650059799698}]}},"meta-viewport":{"displayValue":"","score":false,"helpText":"Disabling zooming is problematic for users with low vision who rely on screen magnification to properly see the contents of a web page. [Learn more](https://dequeuniversity.com/rules/axe/2.2/meta-viewport?application=lighthouse).","rawValue":false,"extendedInfo":{"value":{"help":"Zooming and scaling must not be disabled","nodes":[{"failureSummary":"Fix any of the following:\n  <meta> tag disables zooming on mobile devices","snippet":"<meta name=\"viewport\" content=\"width=device-width,initial-scale=1,maximum-scale=1,minimum-scale=1,user-scalable=no\">","path":"1,HTML,1,HEAD,1,META","impact":"critical","html":"<meta name=\"viewport\" content=\"width=device-width,initial-scale=1,maximum-scale=1,minimum-scale=1,user-scalable=no\">","target":["meta[name=\"viewport\"]"]}],"impact":"critical","description":"Ensures <meta name=\"viewport\"> does not disable text scaling and zooming","helpUrl":"https://dequeuniversity.com/rules/axe/3.0/meta-viewport?application=axeAPI","id":"meta-viewport","tags":["cat.sensory-and-visual-cues","wcag2aa","wcag144"]}},"name":"meta-viewport","description":"`[user-scalable=\"no\"]` is used in the `<meta name=\"viewport\">` element or the `[maximum-scale]` attribute is less than 5.","scoringMode":"binary","details":{"header":{"text":"View failing elements","type":"text"},"type":"list","items":[{"snippet":"<meta name=\"viewport\" content=\"width=device-width,initial-scale=1,maximum-scale=1,minimum-scale=1,user-scalable=no\">","path":"1,HTML,1,HEAD,1,META","selector":"meta[name=\"viewport\"]","type":"node"}]}},"visual-order-follows-dom":{"displayValue":"","score":false,"helpText":"DOM order matches the visual order, improving navigation for assistive technology. [Learn more](https://developers.google.com/web/fundamentals/accessibility/how-to-review#try_it_with_a_screen_reader).","rawValue":false,"name":"visual-order-follows-dom","description":"Visual order on the page follows DOM order","scoringMode":"binary","informative":true,"manual":true},"works-offline":{"displayValue":"","score":false,"helpText":"If you're building a Progressive Web App, consider using a service worker so that your app can work offline. [Learn more](https://developers.google.com/web/tools/lighthouse/audits/http-200-when-offline).","rawValue":false,"name":"works-offline","description":"Does not respond with a 200 when offline","scoringMode":"binary"},"definition-list":{"displayValue":"","score":false,"helpText":"When definition lists are not properly marked up, screen readers may produce confusing or inaccurate output. [Learn more](https://dequeuniversity.com/rules/axe/2.2/definition-list?application=lighthouse).","rawValue":false,"name":"definition-list","description":"`<dl>`'s do not contain only properly-ordered `<dt>` and `<dd>` groups, `<script>` or `<template>` elements.","scoringMode":"binary","informative":true,"notApplicable":true},"password-inputs-can-be-pasted-into":{"displayValue":"","score":true,"helpText":"Preventing password pasting undermines good security policy. [Learn more](https://www.ncsc.gov.uk/blog-post/let-them-paste-passwords)","rawValue":true,"extendedInfo":{"value":[]},"name":"password-inputs-can-be-pasted-into","description":"Allows users to paste into password fields","scoringMode":"binary","details":{"header":{"text":"Password inputs that prevent pasting into","type":"text"},"type":"list","items":[]}},"html-lang-valid":{"displayValue":"","score":false,"helpText":"Specifying a valid [BCP 47 language](https://www.w3.org/International/questions/qa-choosing-language-tags#question) helps screen readers announce text properly. [Learn more](https://dequeuniversity.com/rules/axe/2.2/valid-lang?application=lighthouse).","rawValue":false,"name":"html-lang-valid","description":"`<html>` element does not have a valid value for its `[lang]` attribute.","scoringMode":"binary","informative":true,"notApplicable":true},"splash-screen":{"displayValue":"","score":false,"debugString":"Failures: No manifest was fetched.","helpText":"A themed splash screen ensures a high-quality experience when users launch your app from their homescreens. [Learn more](https://developers.google.com/web/tools/lighthouse/audits/custom-splash-screen).","rawValue":false,"extendedInfo":{"value":{"failures":["No manifest was fetched"],"manifestValues":{"parseFailureReason":"No manifest was fetched","allChecks":[],"isParseFailure":true}}},"name":"splash-screen","description":"Is not configured for a custom splash screen","scoringMode":"binary"},"label":{"displayValue":"","score":true,"helpText":"Labels ensure that form controls are announced properly by assistive technologies, like screen readers. [Learn more](https://dequeuniversity.com/rules/axe/2.2/label?application=lighthouse).","rawValue":true,"extendedInfo":{},"name":"label","description":"Form elements have associated labels","scoringMode":"binary","details":{"header":{"text":"View failing elements","type":"text"},"type":"list","items":[]}},"uses-webp-images":{"displayValue":"","score":100,"helpText":"Image formats like JPEG 2000, JPEG XR, and WebP often provide better compression than PNG or JPEG, which means faster downloads and less data consumption. [Learn more](https://developers.google.com/web/tools/lighthouse/audits/webp).","rawValue":0,"extendedInfo":{"value":{"wastedKb":0,"wastedMs":0,"results":[]}},"name":"uses-webp-images","description":"Serve images in next-gen formats","scoringMode":"binary","informative":true,"details":{"itemHeaders":[{"itemType":"thumbnail","text":"","type":"text"},{"itemType":"url","text":"URL","type":"text"},{"itemType":"text","text":"Original","type":"text"},{"itemType":"text","text":"Potential Savings","type":"text"}],"header":"View Details","type":"table","items":[]}},"speed-index-metric":{"displayValue":"5,723","score":48,"helpText":"Speed Index shows how quickly the contents of a page are visibly populated. [Learn more](https://developers.google.com/web/tools/lighthouse/audits/speed-index).","rawValue":5723,"extendedInfo":{"value":{"frames":[{"progress":0,"timestamp":8.650053193698E9},{"progress":0,"timestamp":8.650053950668E9},{"progress":0,"timestamp":8.650057717184E9},{"progress":78.47020210836772,"timestamp":8.650058783808E9},{"progress":79.55400014666994,"timestamp":8.650058883804E9},{"progress":84.25733274045653,"timestamp":8.65005906713E9},{"progress":90.99914379891193,"timestamp":8.650059217124E9},{"progress":92.49290629372531,"timestamp":8.65005965044E9},{"progress":100.00000000000001,"timestamp":8.650059800434E9}],"timestamps":{"firstVisualChange":8650058783698,"perceptualSpeedIndex":8.650058916695168E12,"visuallyComplete":8650059799698,"visuallyReady":8.650059217124001E12},"timings":{"firstVisualChange":5590,"perceptualSpeedIndex":5722.997167414955,"visuallyComplete":6606,"visuallyReady":6023.426000595093}}},"name":"speed-index-metric","description":"Perceptual Speed Index","scoringMode":"numeric"},"bypass":{"displayValue":"","score":true,"helpText":"Adding ways to bypass repetitive content lets keyboard users navigate the page more efficiently. [Learn more](https://dequeuniversity.com/rules/axe/2.2/bypass?application=lighthouse).","rawValue":true,"extendedInfo":{},"name":"bypass","description":"The page contains a heading, skip link, or landmark region","scoringMode":"binary","details":{"header":{"text":"View failing elements","type":"text"},"type":"list","items":[]}},"http-status-code":{"displayValue":"","score":null,"debugString":"Audit error: Unable to identify the main resource","helpText":"Pages with unsuccessful HTTP status codes may not be indexed properly. [Learn more](https://developers.google.com/web/tools/lighthouse/audits/successful-http-code).","rawValue":null,"name":"http-status-code","description":"Page has unsuccessful HTTP status code","scoringMode":"binary","error":true},"viewport":{"displayValue":"","score":true,"debugString":"","helpText":"Add a viewport meta tag to optimize your app for mobile screens. [Learn more](https://developers.google.com/web/tools/lighthouse/audits/has-viewport-meta-tag).","rawValue":true,"name":"viewport","description":"Has a `<meta name=\"viewport\">` tag with `width` or `initial-scale`","scoringMode":"binary"},"estimated-input-latency":{"displayValue":"50 ms","score":95,"helpText":"The score above is an estimate of how long your app takes to respond to user input, in milliseconds. There is a 90% probability that a user encounters this amount of latency, or less. 10% of the time a user can expect additional latency. If your latency is higher than 50 ms, users may perceive your app as laggy. [Learn more](https://developers.google.com/web/tools/lighthouse/audits/estimated-input-latency).","rawValue":49.8,"extendedInfo":{"value":[{"percentile":0.5,"time":16},{"percentile":0.75,"time":16},{"percentile":0.9,"time":49.84405833333335},{"percentile":0.99,"time":161.88252333333307},{"percentile":1,"time":209.04299999999876}]},"name":"estimated-input-latency","description":"Estimated Input Latency","scoringMode":"numeric"},"redirects":{"displayValue":"","score":null,"debugString":"Audit error: Unable to identify the main resource","helpText":"Redirects introduce additional delays before the page can be loaded. [Learn more](https://developers.google.com/speed/docs/insights/AvoidRedirects).","rawValue":null,"name":"redirects","description":"Has multiple page redirects","scoringMode":"binary","error":true},"load-fast-enough-for-pwa":{"displayValue":"","score":true,"helpText":"A fast page load over a 3G network ensures a good mobile user experience. [Learn more](https://developers.google.com/web/tools/lighthouse/audits/fast-3g).","rawValue":true,"extendedInfo":{"value":{"isFast":true,"timeToFirstInteractive":6460.149,"firstRequestLatencies":[{"latency":"566.29","url":"http://web/"},{"latency":"579.72","url":"https://cdnjs.cloudflare.com/ajax/libs/Chart.js/2.7.1/Chart.min.js"},{"latency":"571.48","url":"https://unpkg.com/vue-chartjs/dist/vue-chartjs.min.js"},{"latency":"578.93","url":"https://fonts.gstatic.com/s/roboto/v18/KFOmCnqEu92Fr1Mu4mxK.woff2"}],"areLatenciesAll3G":true}},"name":"load-fast-enough-for-pwa","description":"Page load is fast enough on 3G","scoringMode":"binary"},"font-display":{"displayValue":"","score":false,"helpText":"Leverage the font-display CSS feature to ensure text is user-visible while webfonts are loading. [Learn more](https://developers.google.com/web/updates/2016/02/font-display).","rawValue":false,"name":"font-display","description":"Avoid invisible text while webfonts are loading","scoringMode":"binary","details":{"itemHeaders":[{"itemType":"url","text":"Font URL","type":"text"},{"itemType":"text","text":"Font download time","type":"text"}],"header":"View Details","type":"table","items":[[{"text":"https://fonts.gstatic.com/s/roboto/v18/KFOmCnqEu92Fr1Mu4mxK.woff2","type":"url"},{"text":"884 ms","type":"text"}],[{"text":"https://fonts.gstatic.com/s/materialicons/v37/flUhRq6tzZclQEJ-Vdg-IuiaDsNc.woff2","type":"url"},{"text":"1,066 ms","type":"text"}],[{"text":"https://fonts.gstatic.com/s/roboto/v18/KFOlCnqEu92Fr1MmEU9fBBc4.woff2","type":"url"},{"text":"875 ms","type":"text"}]]}},"layout-table":{"displayValue":"","score":false,"helpText":"A table being used for layout purposes should not include data elements, such as the th or caption elements or the summary attribute, because this can create a confusing experience for screen reader users. [Learn more](https://dequeuniversity.com/rules/axe/2.2/layout-table?application=lighthouse).","rawValue":false,"name":"layout-table","description":"Presentational `<table>` elements do not avoid using `<th>`, `<caption>` or the `[summary]` attribute.","scoringMode":"binary","informative":true,"notApplicable":true}},"url":"http://web/#/"}
61.94117647058823
The variable of type Double with the value 61.94117647058823 is LOWER_THAN 655.94117647058823
]]></system-out>
    </rerunFailure>
    <rerunFailure message="expected:&lt;false&gt; but was:&lt;true&gt;" type="java.lang.AssertionError"><![CDATA[java.lang.AssertionError: expected:<false> but was:<true>
	at org.junit.Assert.fail(Assert.java:88)
	at org.junit.Assert.failNotEquals(Assert.java:834)
	at org.junit.Assert.assertEquals(Assert.java:118)
	at org.junit.Assert.assertEquals(Assert.java:144)
	at io.jenkins.plugins.sample.LighthousePluginTest.Test_NegativeEquals(LighthousePluginTest.java:43)
	at sun.reflect.NativeMethodAccessorImpl.invoke0(Native Method)
	at sun.reflect.NativeMethodAccessorImpl.invoke(NativeMethodAccessorImpl.java:62)
	at sun.reflect.DelegatingMethodAccessorImpl.invoke(DelegatingMethodAccessorImpl.java:43)
	at java.lang.reflect.Method.invoke(Method.java:498)
	at org.junit.runners.model.FrameworkMethod$1.runReflectiveCall(FrameworkMethod.java:50)
	at org.junit.internal.runners.model.ReflectiveCallable.run(ReflectiveCallable.java:12)
	at org.junit.runners.model.FrameworkMethod.invokeExplosively(FrameworkMethod.java:47)
	at org.junit.internal.runners.statements.InvokeMethod.evaluate(InvokeMethod.java:17)
	at org.junit.runners.ParentRunner.runLeaf(ParentRunner.java:325)
	at org.junit.runners.BlockJUnit4ClassRunner.runChild(BlockJUnit4ClassRunner.java:78)
	at org.junit.runners.BlockJUnit4ClassRunner.runChild(BlockJUnit4ClassRunner.java:57)
	at org.junit.runners.ParentRunner$3.run(ParentRunner.java:290)
	at org.junit.runners.ParentRunner$1.schedule(ParentRunner.java:71)
	at org.junit.runners.ParentRunner.runChildren(ParentRunner.java:288)
	at org.junit.runners.ParentRunner.access$000(ParentRunner.java:58)
	at org.junit.runners.ParentRunner$2.evaluate(ParentRunner.java:268)
	at org.junit.runners.ParentRunner.run(ParentRunner.java:363)
	at org.apache.maven.surefire.junit4.JUnit4Provider.executeFailedMethod(JUnit4Provider.java:379)
	at org.apache.maven.surefire.junit4.JUnit4Provider.executeWithRerun(JUnit4Provider.java:290)
	at org.apache.maven.surefire.junit4.JUnit4Provider.executeTestSet(JUnit4Provider.java:236)
	at org.apache.maven.surefire.junit4.JUnit4Provider.invoke(JUnit4Provider.java:159)
	at org.apache.maven.surefire.booter.ForkedBooter.invokeProviderInSameClassLoader(ForkedBooter.java:386)
	at org.apache.maven.surefire.booter.ForkedBooter.runSuitesInProcess(ForkedBooter.java:323)
	at org.apache.maven.surefire.booter.ForkedBooter.main(ForkedBooter.java:143)
]]>
      <system-out><![CDATA[{"initialUrl":"http://web:80/#/","generatedTime":"2018-06-24T16:18:28.384Z","score":30,"reportCategories":[{"score":61.94117647058823,"name":"Performance","description":"These encapsulate your web app's current performance and opportunities to improve it.","id":"performance","audits":[{"result":{"displayValue":"4,520 ms","score":40,"helpText":"First meaningful paint measures when the primary content of a page is visible. [Learn more](https://developers.google.com/web/tools/lighthouse/audits/first-meaningful-paint).","rawValue":4521.8,"extendedInfo":{"value":{"timestamps":{"fCP":8650057715484,"endOfTrace":8650064967436,"fMP":8650057715493,"onLoad":8650058566647,"navStart":8650053193698},"fmpFellBack":false,"timings":{"fCP":4521.786,"endOfTrace":11773.738,"fMP":4521.795,"onLoad":5372.949,"navStart":0}}},"name":"first-meaningful-paint","description":"First meaningful paint","scoringMode":"numeric"},"score":40,"weight":5,"id":"first-meaningful-paint","group":"perf-metric"},{"result":{"displayValue":"6,460 ms","score":71,"helpText":"First Interactive marks the time at which the page is minimally interactive. [Learn more](https://developers.google.com/web/tools/lighthouse/audits/first-interactive).","rawValue":6460.149,"extendedInfo":{"value":{"timeInMs":6460.149,"timestamp":8650059653847}},"name":"first-interactive","description":"First Interactive (beta)","scoringMode":"numeric"},"score":71,"weight":5,"id":"first-interactive","group":"perf-metric"},{"result":{"displayValue":"6,460 ms","score":71,"helpText":"Consistently Interactive marks the time at which the page is fully interactive. [Learn more](https://developers.google.com/web/tools/lighthouse/audits/consistently-interactive).","rawValue":6460.149,"extendedInfo":{"value":{"timeInMs":6460.149,"cpuQuietPeriod":{"start":8.650059653847E9,"end":8.650064967436E9},"networkQuietPeriods":[{"start":8.650059532223999E9,"end":8.650064967436E9}],"networkQuietPeriod":{"start":8.650059532223999E9,"end":8.650064967436E9},"cpuQuietPeriods":[{"start":8.650059653847E9,"end":8.650064967436E9}],"timestamp":8650059653847}},"name":"consistently-interactive","description":"Consistently Interactive (beta)","scoringMode":"numeric"},"score":71,"weight":5,"id":"consistently-interactive","group":"perf-metric"},{"result":{"displayValue":"5,723","score":48,"helpText":"Speed Index shows how quickly the contents of a page are visibly populated. [Learn more](https://developers.google.com/web/tools/lighthouse/audits/speed-index).","rawValue":5723,"extendedInfo":{"value":{"frames":[{"progress":0,"timestamp":8.650053193698E9},{"progress":0,"timestamp":8.650053950668E9},{"progress":0,"timestamp":8.650057717184E9},{"progress":78.47020210836772,"timestamp":8.650058783808E9},{"progress":79.55400014666994,"timestamp":8.650058883804E9},{"progress":84.25733274045653,"timestamp":8.65005906713E9},{"progress":90.99914379891193,"timestamp":8.650059217124E9},{"progress":92.49290629372531,"timestamp":8.65005965044E9},{"progress":100.00000000000001,"timestamp":8.650059800434E9}],"timestamps":{"firstVisualChange":8650058783698,"perceptualSpeedIndex":8.650058916695168E12,"visuallyComplete":8650059799698,"visuallyReady":8.650059217124001E12},"timings":{"firstVisualChange":5590,"perceptualSpeedIndex":5722.997167414955,"visuallyComplete":6606,"visuallyReady":6023.426000595093}}},"name":"speed-index-metric","description":"Perceptual Speed Index","scoringMode":"numeric"},"score":48,"weight":1,"id":"speed-index-metric","group":"perf-metric"},{"result":{"displayValue":"50 ms","score":95,"helpText":"The score above is an estimate of how long your app takes to respond to user input, in milliseconds. There is a 90% probability that a user encounters this amount of latency, or less. 10% of the time a user can expect additional latency. If your latency is higher than 50 ms, users may perceive your app as laggy. [Learn more](https://developers.google.com/web/tools/lighthouse/audits/estimated-input-latency).","rawValue":49.8,"extendedInfo":{"value":[{"percentile":0.5,"time":16},{"percentile":0.75,"time":16},{"percentile":0.9,"time":49.84405833333335},{"percentile":0.99,"time":161.88252333333307},{"percentile":1,"time":209.04299999999876}]},"name":"estimated-input-latency","description":"Estimated Input Latency","scoringMode":"numeric"},"score":95,"weight":1,"id":"estimated-input-latency","group":"perf-metric"},{"result":{"displayValue":"","score":100,"helpText":"External stylesheets are blocking the first paint of your page. Consider delivering critical CSS via `<style>` tags and deferring non-critical styles. [Learn more](https://developers.google.com/web/tools/lighthouse/audits/blocking-resources).","rawValue":0,"extendedInfo":{"value":{"wastedMs":"0 ms","results":[]}},"name":"link-blocking-first-paint","description":"Reduce render-blocking stylesheets","scoringMode":"binary","informative":true,"details":{"itemHeaders":[{"itemType":"url","text":"URL","type":"text"},{"itemType":"text","text":"Size (KB)","type":"text"},{"itemType":"text","text":"Delayed Paint By (ms)","type":"text"}],"header":"View Details","type":"table","items":[]}},"score":100,"weight":0,"id":"link-blocking-first-paint","group":"perf-hint"},{"result":{"displayValue":"","score":100,"helpText":"Script elements are blocking the first paint of your page. Consider inlining critical scripts and deferring non-critical ones. [Learn more](https://developers.google.com/web/tools/lighthouse/audits/blocking-resources).","rawValue":0,"extendedInfo":{"value":{"wastedMs":"0 ms","results":[]}},"name":"script-blocking-first-paint","description":"Reduce render-blocking scripts","scoringMode":"binary","informative":true,"details":{"itemHeaders":[{"itemType":"url","text":"URL","type":"text"},{"itemType":"text","text":"Size (KB)","type":"text"},{"itemType":"text","text":"Delayed Paint By (ms)","type":"text"}],"header":"View Details","type":"table","items":[]}},"score":100,"weight":0,"id":"script-blocking-first-paint","group":"perf-hint"},{"result":{"displayValue":"","score":100,"helpText":"Serve images that are appropriately-sized to save cellular data and improve load time. [Learn more](https://developers.google.com/web/tools/lighthouse/audits/oversized-images).","rawValue":0,"extendedInfo":{"value":{"wastedKb":0,"wastedMs":0,"results":[]}},"name":"uses-responsive-images","description":"Properly size images","scoringMode":"binary","informative":true,"details":{"itemHeaders":[{"itemType":"thumbnail","text":"","type":"text"},{"itemType":"url","text":"URL","type":"text"},{"itemType":"text","text":"Original","type":"text"},{"itemType":"text","text":"Potential Savings","type":"text"}],"header":"View Details","type":"table","items":[]}},"score":100,"weight":0,"id":"uses-responsive-images","group":"perf-hint"},{"result":{"displayValue":"","score":100,"helpText":"Consider lazy-loading offscreen and hidden images to improve page load speed and time to interactive. [Learn more](https://developers.google.com/web/tools/lighthouse/audits/offscreen-images).","rawValue":0,"extendedInfo":{"value":{"wastedKb":0,"wastedMs":0,"results":[]}},"name":"offscreen-images","description":"Offscreen images","scoringMode":"binary","informative":true,"details":{"itemHeaders":[{"itemType":"thumbnail","text":"","type":"text"},{"itemType":"url","text":"URL","type":"text"},{"itemType":"text","text":"Original","type":"text"},{"itemType":"text","text":"Potential Savings","type":"text"}],"header":"View Details","type":"table","items":[]}},"score":100,"weight":0,"id":"offscreen-images","group":"perf-hint"},{"result":{"displayValue":"","score":100,"helpText":"Minifying CSS files can reduce network payload sizes. [Learn more](https://developers.google.com/speed/docs/insights/MinifyResources).","rawValue":0,"extendedInfo":{"value":{"wastedKb":0,"wastedMs":0,"results":[]}},"name":"unminified-css","description":"Minify CSS","scoringMode":"binary","informative":true,"details":{"itemHeaders":[{"itemType":"url","text":"URL","type":"text"},{"itemType":"text","text":"Original","type":"text"},{"itemType":"text","text":"Potential Savings","type":"text"}],"header":"View Details","type":"table","items":[]}},"score":100,"weight":0,"id":"unminified-css","group":"perf-hint"},{"result":{"displayValue":"","score":100,"helpText":"Minifying JavaScript files can reduce payload sizes and script parse time. [Learn more](https://developers.google.com/speed/docs/insights/MinifyResources).","rawValue":0,"extendedInfo":{"value":{"wastedKb":0,"wastedMs":0,"results":[]}},"name":"unminified-javascript","description":"Minify JavaScript","scoringMode":"binary","informative":true,"details":{"itemHeaders":[{"itemType":"url","text":"URL","type":"text"},{"itemType":"text","text":"Original","type":"text"},{"itemType":"text","text":"Potential Savings","type":"text"}],"header":"View Details","type":"table","items":[]}},"score":100,"weight":0,"id":"unminified-javascript","group":"perf-hint"},{"result":{"displayValue":"Potential savings of 35 KB (~190 ms)","score":90,"helpText":"Remove unused rules from stylesheets to reduce unnecessary bytes consumed by network activity. [Learn more](https://developers.google.com/speed/docs/insights/OptimizeCSSDelivery)","rawValue":190,"extendedInfo":{"value":{"wastedKb":35,"wastedMs":190,"results":[{"wastedKb":"29 KB","totalKb":"32 KB","wastedMs":"160 ms","totalMs":"170 ms","potentialSavings":"29 KB (93%)","totalBytes":32261,"wastedPercent":92.80281987684556,"wastedBytes":29939,"url":"http://web/static/css/app.a1bcfeb0daa2a3f727390086fd42ee9d.css"},{"wastedKb":"5 KB","totalKb":"6 KB","wastedMs":"30 ms","totalMs":"30 ms","potentialSavings":"5 KB (98%)","totalBytes":5722,"wastedPercent":98.2698357217756,"wastedBytes":5623,"url":{"text":"a { color: #1976d2; } ...","type":"code"}}]}},"name":"unused-css-rules","description":"Unused CSS rules","scoringMode":"binary","informative":true,"details":{"itemHeaders":[{"itemType":"url","text":"URL","type":"text"},{"itemType":"text","text":"Original","type":"text"},{"itemType":"text","text":"Potential Savings","type":"text"}],"header":"View Details","type":"table","items":[[{"text":"http://web/static/css/app.a1bcfeb0daa2a3f727390086fd42ee9d.css","type":"url"},{"text":"32 KB","type":"text"},{"text":"29 KB (93%)","type":"text"}],[{"text":"a { color: #1976d2; } ...","type":"code"},{"text":"6 KB","type":"text"},{"text":"5 KB (98%)","type":"text"}]]}},"score":90,"weight":0,"id":"unused-css-rules","group":"perf-hint"},{"result":{"displayValue":"","score":100,"helpText":"Optimized images load faster and consume less cellular data. [Learn more](https://developers.google.com/web/tools/lighthouse/audits/optimize-images).","rawValue":0,"extendedInfo":{"value":{"wastedKb":0,"wastedMs":0,"results":[]}},"name":"uses-optimized-images","description":"Optimize images","scoringMode":"binary","informative":true,"details":{"itemHeaders":[{"itemType":"thumbnail","text":"","type":"text"},{"itemType":"url","text":"URL","type":"text"},{"itemType":"text","text":"Original","type":"text"},{"itemType":"text","text":"Potential Savings","type":"text"}],"header":"View Details","type":"table","items":[]}},"score":100,"weight":0,"id":"uses-optimized-images","group":"perf-hint"},{"result":{"displayValue":"","score":100,"helpText":"Image formats like JPEG 2000, JPEG XR, and WebP often provide better compression than PNG or JPEG, which means faster downloads and less data consumption. [Learn more](https://developers.google.com/web/tools/lighthouse/audits/webp).","rawValue":0,"extendedInfo":{"value":{"wastedKb":0,"wastedMs":0,"results":[]}},"name":"uses-webp-images","description":"Serve images in next-gen formats","scoringMode":"binary","informative":true,"details":{"itemHeaders":[{"itemType":"thumbnail","text":"","type":"text"},{"itemType":"url","text":"URL","type":"text"},{"itemType":"text","text":"Original","type":"text"},{"itemType":"text","text":"Potential Savings","type":"text"}],"header":"View Details","type":"table","items":[]}},"score":100,"weight":0,"id":"uses-webp-images","group":"perf-hint"},{"result":{"displayValue":"","score":100,"helpText":"Text-based responses should be served with compression (gzip, deflate or brotli) to minimize total network bytes. [Learn more](https://developers.google.com/web/fundamentals/performance/optimizing-content-efficiency/optimize-encoding-and-transfer).","rawValue":0,"extendedInfo":{"value":{"wastedKb":0,"wastedMs":0,"results":[]}},"name":"uses-request-compression","description":"Enable text compression","scoringMode":"binary","informative":true,"details":{"itemHeaders":[{"itemType":"url","text":"Uncompressed resource URL","type":"text"},{"itemType":"text","text":"Original","type":"text"},{"itemType":"text","text":"GZIP Savings","type":"text"}],"header":"View Details","type":"table","items":[]}},"score":100,"weight":0,"id":"uses-request-compression","group":"perf-hint"},{"result":{"displayValue":"","score":null,"debugString":"Audit error: Cannot read property '_timing' of undefined","helpText":"Time To First Byte identifies the time at which your server sends a response. [Learn more](https://developers.google.com/web/tools/chrome-devtools/network-performance/issues).","rawValue":null,"name":"time-to-first-byte","description":"Keep server response times low (TTFB)","scoringMode":"binary","informative":true,"error":true},"score":0,"weight":0,"id":"time-to-first-byte","group":"perf-hint"},{"result":{"displayValue":"","score":null,"debugString":"Audit error: Unable to identify the main resource","helpText":"Redirects introduce additional delays before the page can be loaded. [Learn more](https://developers.google.com/speed/docs/insights/AvoidRedirects).","rawValue":null,"name":"redirects","description":"Has multiple page redirects","scoringMode":"binary","error":true},"score":0,"weight":0,"id":"redirects","group":"perf-hint"},{"result":{"displayValue":"","score":null,"debugString":"Audit error: Unable to identify the main resource","helpText":"Consider using <link rel=preload> to prioritize fetching late-discovered resources sooner [Learn more](https://developers.google.com/web/updates/2016/03/link-rel-preload).","rawValue":null,"name":"uses-rel-preload","description":"Preload key requests","scoringMode":"numeric","informative":true,"error":true},"score":0,"weight":0,"id":"uses-rel-preload","group":"perf-hint"},{"result":{"displayValue":"Total size was 400 KB","score":100,"helpText":"Large network payloads cost users real money and are highly correlated with long load times. [Learn more](https://developers.google.com/web/tools/lighthouse/audits/network-payloads).","rawValue":409855,"extendedInfo":{"value":{"totalCompletedRequests":11,"results":[{"totalKb":"227 KB","totalMs":"1,240 ms","totalBytes":232785,"url":"http://web/static/js/vendor.d1efda22f11e965a5228.js"},{"totalKb":"48 KB","totalMs":"260 ms","totalBytes":49163,"url":"https://fonts.gstatic.com/s/materialicons/v37/flUhRq6tzZclQEJ-Vdg-IuiaDsNc.woff2"},{"totalKb":"46 KB","totalMs":"250 ms","totalBytes":47366,"url":"https://cdnjs.cloudflare.com/ajax/libs/Chart.js/2.7.1/Chart.min.js"},{"totalKb":"32 KB","totalMs":"170 ms","totalBytes":32261,"url":"http://web/static/css/app.a1bcfeb0daa2a3f727390086fd42ee9d.css"},{"totalKb":"15 KB","totalMs":"80 ms","totalBytes":15817,"url":"https://fonts.gstatic.com/s/roboto/v18/KFOlCnqEu92Fr1MmEU9fBBc4.woff2"},{"totalKb":"15 KB","totalMs":"80 ms","totalBytes":15461,"url":"https://fonts.gstatic.com/s/roboto/v18/KFOmCnqEu92Fr1Mu4mxK.woff2"},{"totalKb":"12 KB","totalMs":"70 ms","totalBytes":12691,"url":"http://web/static/js/app.310cd52123c59f9f64a5.js"},{"totalKb":"1 KB","totalMs":"10 ms","totalBytes":1524,"url":"https://unpkg.com/vue-chartjs@3.3.2/dist/vue-chartjs.min.js"},{"totalKb":"1 KB","totalMs":"10 ms","totalBytes":1211,"url":"http://web/"},{"totalKb":"1 KB","totalMs":"10 ms","totalBytes":1171,"url":"http://web/static/js/manifest.9f020e973ae4037504f6.js"}]}},"name":"total-byte-weight","description":"Avoids enormous network payloads","scoringMode":"numeric","details":{"itemHeaders":[{"itemType":"url","text":"URL","type":"text"},{"itemType":"text","text":"Total Size","type":"text"},{"itemType":"text","text":"Transfer Time","type":"text"}],"header":"View Details","type":"table","items":[[{"text":"http://web/static/js/vendor.d1efda22f11e965a5228.js","type":"url"},{"text":"227 KB","type":"text"},{"text":"1,240 ms","type":"text"}],[{"text":"https://fonts.gstatic.com/s/materialicons/v37/flUhRq6tzZclQEJ-Vdg-IuiaDsNc.woff2","type":"url"},{"text":"48 KB","type":"text"},{"text":"260 ms","type":"text"}],[{"text":"https://cdnjs.cloudflare.com/ajax/libs/Chart.js/2.7.1/Chart.min.js","type":"url"},{"text":"46 KB","type":"text"},{"text":"250 ms","type":"text"}],[{"text":"http://web/static/css/app.a1bcfeb0daa2a3f727390086fd42ee9d.css","type":"url"},{"text":"32 KB","type":"text"},{"text":"170 ms","type":"text"}],[{"text":"https://fonts.gstatic.com/s/roboto/v18/KFOlCnqEu92Fr1MmEU9fBBc4.woff2","type":"url"},{"text":"15 KB","type":"text"},{"text":"80 ms","type":"text"}],[{"text":"https://fonts.gstatic.com/s/roboto/v18/KFOmCnqEu92Fr1Mu4mxK.woff2","type":"url"},{"text":"15 KB","type":"text"},{"text":"80 ms","type":"text"}],[{"text":"http://web/static/js/app.310cd52123c59f9f64a5.js","type":"url"},{"text":"12 KB","type":"text"},{"text":"70 ms","type":"text"}],[{"text":"https://unpkg.com/vue-chartjs@3.3.2/dist/vue-chartjs.min.js","type":"url"},{"text":"1 KB","type":"text"},{"text":"10 ms","type":"text"}],[{"text":"http://web/","type":"url"},{"text":"1 KB","type":"text"},{"text":"10 ms","type":"text"}],[{"text":"http://web/static/js/manifest.9f020e973ae4037504f6.js","type":"url"},{"text":"1 KB","type":"text"},{"text":"10 ms","type":"text"}]]}},"score":100,"weight":0,"id":"total-byte-weight","group":"perf-info"},{"result":{"displayValue":"0 assets found","score":100,"helpText":"A long cache lifetime can speed up repeat visits to your page. [Learn more](https://developers.google.com/web/fundamentals/performance/optimizing-content-efficiency/http-caching#cache-control).","rawValue":0,"extendedInfo":{"value":{"queryStringCount":0,"results":[]}},"name":"uses-long-cache-ttl","description":"Uses efficient cache policy on static assets","scoringMode":"numeric","details":{"itemHeaders":[{"itemType":"url","text":"URL","type":"text"},{"itemType":"text","text":"Cache TTL","type":"text"},{"itemType":"text","text":"Size (KB)","type":"text"}],"header":"View Details","type":"table","items":[]}},"score":100,"weight":0,"id":"uses-long-cache-ttl","group":"perf-info"},{"result":{"displayValue":"94 nodes","score":100,"helpText":"Browser engineers recommend pages contain fewer than ~1,500 DOM nodes. The sweet spot is a tree depth < 32 elements and fewer than 60 children/parent element. A large DOM can increase memory usage, cause longer [style calculations](https://developers.google.com/web/fundamentals/performance/rendering/reduce-the-scope-and-complexity-of-style-calculations), and produce costly [layout reflows](https://developers.google.com/speed/articles/reflow). [Learn more](https://developers.google.com/web/fundamentals/performance/rendering/).","rawValue":94,"extendedInfo":{"value":[{"title":"Total DOM Nodes","value":"94","target":"< 1,500 nodes"},{"snippet":"html >\n  body >\n    main >\n      div#inspire.application.theme--dark >\n        div.application--wrap >\n          aside.navigation-drawer.navigation-drawer--clipped.navigation-drawer--close.navigation-drawer--fixed.navigation-drawer--is-mobile >\n            div.list >\n              div >\n                div.list__tile >\n                  div.input-group.input-group--dirty.input-group--selection-controls.switch.accent--text >\n                    div.input-group__input >\n                      div.input-group--selection-controls__container >\n                        div.input-group--selection-controls__toggle.input-group--selection-controls__toggle--active","title":"DOM Depth","value":"13","target":"< 32"},{"snippet":"Element with most children:\nhead","title":"Maximum Children","value":"8","target":"< 60 nodes"}]},"name":"dom-size","description":"Avoids an excessive DOM size","scoringMode":"numeric","details":{"header":{"text":"View details","type":"text"},"type":"cards","items":[{"title":"Total DOM Nodes","value":"94","target":"< 1,500 nodes"},{"snippet":"html >\n  body >\n    main >\n      div#inspire.application.theme--dark >\n        div.application--wrap >\n          aside.navigation-drawer.navigation-drawer--clipped.navigation-drawer--close.navigation-drawer--fixed.navigation-drawer--is-mobile >\n            div.list >\n              div >\n                div.list__tile >\n                  div.input-group.input-group--dirty.input-group--selection-controls.switch.accent--text >\n                    div.input-group__input >\n                      div.input-group--selection-controls__container >\n                        div.input-group--selection-controls__toggle.input-group--selection-controls__toggle--active","title":"DOM Depth","value":"13","target":"< 32"},{"snippet":"Element with most children:\nhead","title":"Maximum Children","value":"8","target":"< 60 nodes"}]}},"score":100,"weight":0,"id":"dom-size","group":"perf-info"},{"result":{"displayValue":"","score":null,"debugString":"Audit error: Unable to identify the main resource","helpText":"The Critical Request Chains below show you what resources are issued with a high priority. Consider reducing the length of chains, reducing the download size of resources, or deferring the download of unnecessary resources to improve page load. [Learn more](https://developers.google.com/web/tools/lighthouse/audits/critical-request-chains).","rawValue":null,"name":"critical-request-chains","description":"Critical Request Chains","scoringMode":"binary","informative":true,"error":true},"score":0,"weight":0,"id":"critical-request-chains","group":"perf-info"},{"result":{"displayValue":"11","score":100,"helpText":"Lists the network requests that were made during page load.","rawValue":11,"extendedInfo":{"value":[{"transferSize":1211,"startTime":0,"endTime":638.9249991625547,"mimeType":"text/html","url":"http://web/","statusCode":200,"resourceType":"document"},{"transferSize":1171,"startTime":755.621999502182,"endTime":1328.4680005162954,"mimeType":"application/javascript","url":"http://web/static/js/manifest.9f020e973ae4037504f6.js","statusCode":200,"resourceType":"script"},{"transferSize":232785,"startTime":755.7720001786947,"endTime":2917.8979992866516,"mimeType":"application/javascript","url":"http://web/static/js/vendor.d1efda22f11e965a5228.js","statusCode":200,"resourceType":"script"},{"transferSize":12691,"startTime":755.9009995311499,"endTime":1470.6410001963377,"mimeType":"application/javascript","url":"http://web/static/js/app.310cd52123c59f9f64a5.js","statusCode":200,"resourceType":"script"},{"transferSize":47366,"startTime":790.370000526309,"endTime":2162.829000502825,"mimeType":"application/javascript","url":"https://cdnjs.cloudflare.com/ajax/libs/Chart.js/2.7.1/Chart.min.js","statusCode":200,"resourceType":"script"},{"transferSize":405,"startTime":790.8159997314215,"endTime":1663.72200101614,"mimeType":"text/plain","url":"https://unpkg.com/vue-chartjs/dist/vue-chartjs.min.js","statusCode":302},{"transferSize":1524,"startTime":1664.8290008306503,"endTime":2258.2770008593798,"mimeType":"application/javascript","url":"https://unpkg.com/vue-chartjs@3.3.2/dist/vue-chartjs.min.js","statusCode":200,"resourceType":"script"},{"transferSize":32261,"startTime":4527.456000447273,"endTime":5278.87500077486,"mimeType":"text/css","url":"http://web/static/css/app.a1bcfeb0daa2a3f727390086fd42ee9d.css","statusCode":200,"resourceType":"stylesheet"},{"transferSize":15461,"startTime":5458.613000810146,"endTime":6342.342000454664,"mimeType":"font/woff2","url":"https://fonts.gstatic.com/s/roboto/v18/KFOmCnqEu92Fr1Mu4mxK.woff2","statusCode":200,"resourceType":"font"},{"transferSize":49163,"startTime":5458.761001005769,"endTime":6524.431999772787,"mimeType":"font/woff2","url":"https://fonts.gstatic.com/s/materialicons/v37/flUhRq6tzZclQEJ-Vdg-IuiaDsNc.woff2","statusCode":200,"resourceType":"font"},{"transferSize":15817,"startTime":5458.878999575973,"endTime":6334.002999588847,"mimeType":"font/woff2","url":"https://fonts.gstatic.com/s/roboto/v18/KFOlCnqEu92Fr1MmEU9fBBc4.woff2","statusCode":200,"resourceType":"font"}]},"name":"network-requests","description":"Network Requests","scoringMode":"binary","informative":true,"details":{"itemHeaders":[{"itemType":"url","text":"URL","type":"text"},{"itemType":"ms","text":"Start Time","type":"text"},{"itemType":"ms","text":"End Time","type":"text"},{"itemType":"bytes","text":"Transfer Size","type":"text"},{"itemType":"text","text":"Status Code","type":"text"},{"itemType":"text","text":"MIME Type","type":"text"},{"itemType":"text","text":"Resource Type","type":"text"}],"header":"View Details","type":"table","items":[[{"text":"http://web/","type":"url"},{"text":0,"type":"ms"},{"text":638.9249991625547,"type":"ms"},{"text":1211,"type":"bytes"},{"text":200,"type":"text"},{"text":"text/html","type":"text"},{"text":"document","type":"text"}],[{"text":"http://web/static/js/manifest.9f020e973ae4037504f6.js","type":"url"},{"text":755.621999502182,"type":"ms"},{"text":1328.4680005162954,"type":"ms"},{"text":1171,"type":"bytes"},{"text":200,"type":"text"},{"text":"application/javascript","type":"text"},{"text":"script","type":"text"}],[{"text":"http://web/static/js/vendor.d1efda22f11e965a5228.js","type":"url"},{"text":755.7720001786947,"type":"ms"},{"text":2917.8979992866516,"type":"ms"},{"text":232785,"type":"bytes"},{"text":200,"type":"text"},{"text":"application/javascript","type":"text"},{"text":"script","type":"text"}],[{"text":"http://web/static/js/app.310cd52123c59f9f64a5.js","type":"url"},{"text":755.9009995311499,"type":"ms"},{"text":1470.6410001963377,"type":"ms"},{"text":12691,"type":"bytes"},{"text":200,"type":"text"},{"text":"application/javascript","type":"text"},{"text":"script","type":"text"}],[{"text":"https://cdnjs.cloudflare.com/ajax/libs/Chart.js/2.7.1/Chart.min.js","type":"url"},{"text":790.370000526309,"type":"ms"},{"text":2162.829000502825,"type":"ms"},{"text":47366,"type":"bytes"},{"text":200,"type":"text"},{"text":"application/javascript","type":"text"},{"text":"script","type":"text"}],[{"text":"https://unpkg.com/vue-chartjs/dist/vue-chartjs.min.js","type":"url"},{"text":790.8159997314215,"type":"ms"},{"text":1663.72200101614,"type":"ms"},{"text":405,"type":"bytes"},{"text":302,"type":"text"},{"text":"text/plain","type":"text"},{"type":"text"}],[{"text":"https://unpkg.com/vue-chartjs@3.3.2/dist/vue-chartjs.min.js","type":"url"},{"text":1664.8290008306503,"type":"ms"},{"text":2258.2770008593798,"type":"ms"},{"text":1524,"type":"bytes"},{"text":200,"type":"text"},{"text":"application/javascript","type":"text"},{"text":"script","type":"text"}],[{"text":"http://web/static/css/app.a1bcfeb0daa2a3f727390086fd42ee9d.css","type":"url"},{"text":4527.456000447273,"type":"ms"},{"text":5278.87500077486,"type":"ms"},{"text":32261,"type":"bytes"},{"text":200,"type":"text"},{"text":"text/css","type":"text"},{"text":"stylesheet","type":"text"}],[{"text":"https://fonts.gstatic.com/s/roboto/v18/KFOmCnqEu92Fr1Mu4mxK.woff2","type":"url"},{"text":5458.613000810146,"type":"ms"},{"text":6342.342000454664,"type":"ms"},{"text":15461,"type":"bytes"},{"text":200,"type":"text"},{"text":"font/woff2","type":"text"},{"text":"font","type":"text"}],[{"text":"https://fonts.gstatic.com/s/materialicons/v37/flUhRq6tzZclQEJ-Vdg-IuiaDsNc.woff2","type":"url"},{"text":5458.761001005769,"type":"ms"},{"text":6524.431999772787,"type":"ms"},{"text":49163,"type":"bytes"},{"text":200,"type":"text"},{"text":"font/woff2","type":"text"},{"text":"font","type":"text"}],[{"text":"https://fonts.gstatic.com/s/roboto/v18/KFOlCnqEu92Fr1MmEU9fBBc4.woff2","type":"url"},{"text":5458.878999575973,"type":"ms"},{"text":6334.002999588847,"type":"ms"},{"text":15817,"type":"bytes"},{"text":200,"type":"text"},{"text":"font/woff2","type":"text"},{"text":"font","type":"text"}]]}},"score":100,"weight":0,"id":"network-requests"},{"result":{"displayValue":"0","score":true,"helpText":"Consider instrumenting your app with the User Timing API to create custom, real-world measurements of key user experiences. [Learn more](https://developers.google.com/web/tools/lighthouse/audits/user-timing).","rawValue":true,"extendedInfo":{"value":[]},"name":"user-timings","description":"User Timing marks and measures","scoringMode":"binary","informative":true,"details":{"itemHeaders":[{"itemType":"text","text":"Name","type":"text"},{"itemType":"text","text":"Type","type":"text"},{"itemType":"text","text":"Time","type":"text"}],"header":"View Details","type":"table","items":[]}},"score":100,"weight":0,"id":"user-timings","group":"perf-info"},{"result":{"displayValue":"1,570 ms","score":true,"helpText":"Consider reducing the time spent parsing, compiling, and executing JS. You may find delivering smaller JS payloads helps with this. [Learn more](https://developers.google.com/web/lighthouse/audits/bootup).","rawValue":1573.503999710083,"extendedInfo":{"value":{"http://web/static/js/app.310cd52123c59f9f64a5.js":{"Script Evaluation":1173.697998046875,"Script Parsing & Compile":22.533000946044922},"http://web/static/js/vendor.d1efda22f11e965a5228.js":{"Style & Layout":178.41699981689453,"Script Parsing & Compile":14.004999160766602,"Script Evaluation":9.45100212097168},"https://unpkg.com/vue-chartjs@3.3.2/dist/vue-chartjs.min.js":{"Script Evaluation":6.445001602172852,"Script Parsing & Compile":4.004999160766602},"https://cdnjs.cloudflare.com/ajax/libs/Chart.js/2.7.1/Chart.min.js":{"Style & Layout":0.8509998321533203,"Script Evaluation":90.19700050354004,"Script Parsing & Compile":0.5679988861083984},"http://web/static/js/manifest.9f020e973ae4037504f6.js":{"Script Parsing & Compile":2.184000015258789,"Script Evaluation":1.4300003051757812},"http://web/":{"Style & Layout":0.0989990234375,"Script Evaluation":7.028999328613281,"Script Parsing & Compile":0.14599990844726562},"http://web/#/":{"Parsing HTML & CSS":62.446001052856445}}},"name":"bootup-time","description":"JavaScript boot-up time","scoringMode":"binary","details":{"itemHeaders":[{"itemType":"url","text":"URL","type":"text"},{"itemType":"text","text":"Script Evaluation","type":"text"},{"itemType":"text","text":"Script Parsing & Compile","type":"text"}],"header":"View Details","type":"table","items":[[{"text":"http://web/static/js/app.310cd52123c59f9f64a5.js","type":"url"},{"text":"1,174 ms","type":"text"},{"text":"23 ms","type":"text"}],[{"text":"https://cdnjs.cloudflare.com/ajax/libs/Chart.js/2.7.1/Chart.min.js","type":"url"},{"text":"90 ms","type":"text"},{"text":"1 ms","type":"text"}],[{"text":"http://web/static/js/vendor.d1efda22f11e965a5228.js","type":"url"},{"text":"9 ms","type":"text"},{"text":"14 ms","type":"text"}],[{"text":"https://unpkg.com/vue-chartjs@3.3.2/dist/vue-chartjs.min.js","type":"url"},{"text":"6 ms","type":"text"},{"text":"4 ms","type":"text"}]]}},"score":100,"weight":0,"id":"bootup-time","group":"perf-info"},{"result":{"displayValue":"true","score":100,"helpText":"This is what the load of your site looked like.","rawValue":true,"name":"screenshot-thumbnails","description":"Screenshot Thumbnails","scoringMode":"binary","informative":true,"details":{"scale":6606,"type":"filmstrip","items":[{"data":"/9j/4AAQSkZJRgABAQAAAQABAAD/2wCEAAMCAgMCAgMDAwMEAwMEBQgFBQQEBQoHBwYIDAoMDAsKCwsNDhIQDQ4RDgsLEBYQERMUFRUVDA8XGBYUGBIUFRQBAwQEBQQFCQUFCRQNCw0UFBQUFBQUFBQUFBQUFBQUFBQUFBQUFBQUFBQUFBQUFBQUFBQUFBQUFBQUFBQUFBQUFP/AABEIANUAeAMBEQACEQEDEQH/xAGiAAABBQEBAQEBAQAAAAAAAAAAAQIDBAUGBwgJCgsQAAIBAwMCBAMFBQQEAAABfQECAwAEEQUSITFBBhNRYQcicRQygZGhCCNCscEVUtHwJDNicoIJChYXGBkaJSYnKCkqNDU2Nzg5OkNERUZHSElKU1RVVldYWVpjZGVmZ2hpanN0dXZ3eHl6g4SFhoeIiYqSk5SVlpeYmZqio6Slpqeoqaqys7S1tre4ubrCw8TFxsfIycrS09TV1tfY2drh4uPk5ebn6Onq8fLz9PX29/j5+gEAAwEBAQEBAQEBAQAAAAAAAAECAwQFBgcICQoLEQACAQIEBAMEBwUEBAABAncAAQIDEQQFITEGEkFRB2FxEyIygQgUQpGhscEJIzNS8BVictEKFiQ04SXxFxgZGiYnKCkqNTY3ODk6Q0RFRkdISUpTVFVWV1hZWmNkZWZnaGlqc3R1dnd4eXqCg4SFhoeIiYqSk5SVlpeYmZqio6Slpqeoqaqys7S1tre4ubrCw8TFxsfIycrS09TV1tfY2dri4+Tl5ufo6ery8/T19vf4+fr/2gAMAwEAAhEDEQA/AP1ToAKACgAoAKACgAoAKACgAoAKACgAoAKACgAoAKACgAoAKACgAoAKACgAoAKACgAoAKACgAoAKACgAoAKACgAoAKACgAoAKACgAoAKACgAoAKACgAoAKACgAoAKACgAoAKACgAoAKACgAoAKACgAoAKACgAoAKACgAoAKACgAoAKACgAoAKACgAoAKACgAoAKACgAoAKACgAoAKACgAoAKACgAoAKACgAoAKACgAoAKACgAoAKACgAoAKACgAoAKACgAoAKACgAoAKACgAoAKACgAoAKACgAoAKACgAoAKACgAoAKACgAoAKACgAoAKACgAoAKACgAoAKACgAoAKACgAoAKACgAoAKACgAoAKACgAoAKACgAoAKACgAoAKACgAoAKACgAoAKACgAoAKACgAoAKACgAoAKACgAoAKACgAoAKACgAoAKACgAoAKACgAoAKACgAoAKACgAoAKACgAoAKACgAoAKACgAoAKACgAoAKACgAoAKACgAoAKACgAoAKACgAoAKACgAoAKACgAoAKACgAoAKACgAoAKACgAoAKACgAoAKACgAoAKACgAoAKACgAoAKACgAoAKACgAoAKACgAoAKACgAoAKACgAoAKACgAoAKACgAoAKACgAoAKACgAoAKACgAoAKACgAoAKACgAoAKACgAoAKACgAoAKACgAoAKACgAoAKACgAoAKACgAoAKACgAoAKACgAoAKACgAoAKACgAoAKACgAoAKACgAoAKACgAoAKACgAoAKACgAoAKACgAoAKACgAoAKACgAoAKACgAoAKACgAoAKACgAoAKACgAoAKACgAoAKACgAoAKACgAoAKACgAoAKACgAoAKACgAoAKACgAoAKACgAoAKACgAoAKACgAoAKACgAoAKACgAoAKACgAoAKACgAoAKACgAoAKACgAoAKACgAoAKACgD//Z","timing":661,"timestamp":8650053854298},{"data":"/9j/4AAQSkZJRgABAQAAAQABAAD/2wCEAAMCAgMCAgMDAwMEAwMEBQgFBQQEBQoHBwYIDAoMDAsKCwsNDhIQDQ4RDgsLEBYQERMUFRUVDA8XGBYUGBIUFRQBAwQEBQQFCQUFCRQNCw0UFBQUFBQUFBQUFBQUFBQUFBQUFBQUFBQUFBQUFBQUFBQUFBQUFBQUFBQUFBQUFBQUFP/AABEIANUAeAMBEQACEQEDEQH/xAGiAAABBQEBAQEBAQAAAAAAAAAAAQIDBAUGBwgJCgsQAAIBAwMCBAMFBQQEAAABfQECAwAEEQUSITFBBhNRYQcicRQygZGhCCNCscEVUtHwJDNicoIJChYXGBkaJSYnKCkqNDU2Nzg5OkNERUZHSElKU1RVVldYWVpjZGVmZ2hpanN0dXZ3eHl6g4SFhoeIiYqSk5SVlpeYmZqio6Slpqeoqaqys7S1tre4ubrCw8TFxsfIycrS09TV1tfY2drh4uPk5ebn6Onq8fLz9PX29/j5+gEAAwEBAQEBAQEBAQAAAAAAAAECAwQFBgcICQoLEQACAQIEBAMEBwUEBAABAncAAQIDEQQFITEGEkFRB2FxEyIygQgUQpGhscEJIzNS8BVictEKFiQ04SXxFxgZGiYnKCkqNTY3ODk6Q0RFRkdISUpTVFVWV1hZWmNkZWZnaGlqc3R1dnd4eXqCg4SFhoeIiYqSk5SVlpeYmZqio6Slpqeoqaqys7S1tre4ubrCw8TFxsfIycrS09TV1tfY2dri4+Tl5ufo6ery8/T19vf4+fr/2gAMAwEAAhEDEQA/AP1ToAKACgAoAKACgAoAKACgAoAKACgAoAKACgAoAKACgAoAKACgAoAKACgAoAKACgAoAKACgAoAKACgAoAKACgAoAKACgAoAKACgAoAKACgAoAKACgAoAKACgAoAKACgAoAKACgAoAKACgAoAKACgAoAKACgAoAKACgAoAKACgAoAKACgAoAKACgAoAKACgAoAKACgAoAKACgAoAKACgAoAKACgAoAKACgAoAKACgAoAKACgAoAKACgAoAKACgAoAKACgAoAKACgAoAKACgAoAKACgAoAKACgAoAKACgAoAKACgAoAKACgAoAKACgAoAKACgAoAKACgAoAKACgAoAKACgAoAKACgAoAKACgAoAKACgAoAKACgAoAKACgAoAKACgAoAKACgAoAKACgAoAKACgAoAKACgAoAKACgAoAKACgAoAKACgAoAKACgAoAKACgAoAKACgAoAKACgAoAKACgAoAKACgAoAKACgAoAKACgAoAKACgAoAKACgAoAKACgAoAKACgAoAKACgAoAKACgAoAKACgAoAKACgAoAKACgAoAKACgAoAKACgAoAKACgAoAKACgAoAKACgAoAKACgAoAKACgAoAKACgAoAKACgAoAKACgAoAKACgAoAKACgAoAKACgAoAKACgAoAKACgAoAKACgAoAKACgAoAKACgAoAKACgAoAKACgAoAKACgAoAKACgAoAKACgAoAKACgAoAKACgAoAKACgAoAKACgAoAKACgAoAKACgAoAKACgAoAKACgAoAKACgAoAKACgAoAKACgAoAKACgAoAKACgAoAKACgAoAKACgAoAKACgAoAKACgAoAKACgAoAKACgAoAKACgAoAKACgAoAKACgAoAKACgAoAKACgAoAKACgAoAKACgAoAKACgAoAKACgAoAKACgAoAKACgAoAKACgAoAKACgAoAKACgD//Z","timing":1321,"timestamp":8.650054514898001E12},{"data":"/9j/4AAQSkZJRgABAQAAAQABAAD/2wCEAAMCAgMCAgMDAwMEAwMEBQgFBQQEBQoHBwYIDAoMDAsKCwsNDhIQDQ4RDgsLEBYQERMUFRUVDA8XGBYUGBIUFRQBAwQEBQQFCQUFCRQNCw0UFBQUFBQUFBQUFBQUFBQUFBQUFBQUFBQUFBQUFBQUFBQUFBQUFBQUFBQUFBQUFBQUFP/AABEIANUAeAMBEQACEQEDEQH/xAGiAAABBQEBAQEBAQAAAAAAAAAAAQIDBAUGBwgJCgsQAAIBAwMCBAMFBQQEAAABfQECAwAEEQUSITFBBhNRYQcicRQygZGhCCNCscEVUtHwJDNicoIJChYXGBkaJSYnKCkqNDU2Nzg5OkNERUZHSElKU1RVVldYWVpjZGVmZ2hpanN0dXZ3eHl6g4SFhoeIiYqSk5SVlpeYmZqio6Slpqeoqaqys7S1tre4ubrCw8TFxsfIycrS09TV1tfY2drh4uPk5ebn6Onq8fLz9PX29/j5+gEAAwEBAQEBAQEBAQAAAAAAAAECAwQFBgcICQoLEQACAQIEBAMEBwUEBAABAncAAQIDEQQFITEGEkFRB2FxEyIygQgUQpGhscEJIzNS8BVictEKFiQ04SXxFxgZGiYnKCkqNTY3ODk6Q0RFRkdISUpTVFVWV1hZWmNkZWZnaGlqc3R1dnd4eXqCg4SFhoeIiYqSk5SVlpeYmZqio6Slpqeoqaqys7S1tre4ubrCw8TFxsfIycrS09TV1tfY2dri4+Tl5ufo6ery8/T19vf4+fr/2gAMAwEAAhEDEQA/AP1ToAKACgAoAKACgAoAKACgAoAKACgAoAKACgAoAKACgAoAKACgAoAKACgAoAKACgAoAKACgAoAKACgAoAKACgAoAKACgAoAKACgAoAKACgAoAKACgAoAKACgAoAKACgAoAKACgAoAKACgAoAKACgAoAKACgAoAKACgAoAKACgAoAKACgAoAKACgAoAKACgAoAKACgAoAKACgAoAKACgAoAKACgAoAKACgAoAKACgAoAKACgAoAKACgAoAKACgAoAKACgAoAKACgAoAKACgAoAKACgAoAKACgAoAKACgAoAKACgAoAKACgAoAKACgAoAKACgAoAKACgAoAKACgAoAKACgAoAKACgAoAKACgAoAKACgAoAKACgAoAKACgAoAKACgAoAKACgAoAKACgAoAKACgAoAKACgAoAKACgAoAKACgAoAKACgAoAKACgAoAKACgAoAKACgAoAKACgAoAKACgAoAKACgAoAKACgAoAKACgAoAKACgAoAKACgAoAKACgAoAKACgAoAKACgAoAKACgAoAKACgAoAKACgAoAKACgAoAKACgAoAKACgAoAKACgAoAKACgAoAKACgAoAKACgAoAKACgAoAKACgAoAKACgAoAKACgAoAKACgAoAKACgAoAKACgAoAKACgAoAKACgAoAKACgAoAKACgAoAKACgAoAKACgAoAKACgAoAKACgAoAKACgAoAKACgAoAKACgAoAKACgAoAKACgAoAKACgAoAKACgAoAKACgAoAKACgAoAKACgAoAKACgAoAKACgAoAKACgAoAKACgAoAKACgAoAKACgAoAKACgAoAKACgAoAKACgAoAKACgAoAKACgAoAKACgAoAKACgAoAKACgAoAKACgAoAKACgAoAKACgAoAKACgAoAKACgAoAKACgAoAKACgAoAKACgAoAKACgAoAKACgAoAKACgD//Z","timing":1982,"timestamp":8.650055175497999E12},{"data":"/9j/4AAQSkZJRgABAQAAAQABAAD/2wCEAAMCAgMCAgMDAwMEAwMEBQgFBQQEBQoHBwYIDAoMDAsKCwsNDhIQDQ4RDgsLEBYQERMUFRUVDA8XGBYUGBIUFRQBAwQEBQQFCQUFCRQNCw0UFBQUFBQUFBQUFBQUFBQUFBQUFBQUFBQUFBQUFBQUFBQUFBQUFBQUFBQUFBQUFBQUFP/AABEIANUAeAMBEQACEQEDEQH/xAGiAAABBQEBAQEBAQAAAAAAAAAAAQIDBAUGBwgJCgsQAAIBAwMCBAMFBQQEAAABfQECAwAEEQUSITFBBhNRYQcicRQygZGhCCNCscEVUtHwJDNicoIJChYXGBkaJSYnKCkqNDU2Nzg5OkNERUZHSElKU1RVVldYWVpjZGVmZ2hpanN0dXZ3eHl6g4SFhoeIiYqSk5SVlpeYmZqio6Slpqeoqaqys7S1tre4ubrCw8TFxsfIycrS09TV1tfY2drh4uPk5ebn6Onq8fLz9PX29/j5+gEAAwEBAQEBAQEBAQAAAAAAAAECAwQFBgcICQoLEQACAQIEBAMEBwUEBAABAncAAQIDEQQFITEGEkFRB2FxEyIygQgUQpGhscEJIzNS8BVictEKFiQ04SXxFxgZGiYnKCkqNTY3ODk6Q0RFRkdISUpTVFVWV1hZWmNkZWZnaGlqc3R1dnd4eXqCg4SFhoeIiYqSk5SVlpeYmZqio6Slpqeoqaqys7S1tre4ubrCw8TFxsfIycrS09TV1tfY2dri4+Tl5ufo6ery8/T19vf4+fr/2gAMAwEAAhEDEQA/AP1ToAKACgAoAKACgAoAKACgAoAKACgAoAKACgAoAKACgAoAKACgAoAKACgAoAKACgAoAKACgAoAKACgAoAKACgAoAKACgAoAKACgAoAKACgAoAKACgAoAKACgAoAKACgAoAKACgAoAKACgAoAKACgAoAKACgAoAKACgAoAKACgAoAKACgAoAKACgAoAKACgAoAKACgAoAKACgAoAKACgAoAKACgAoAKACgAoAKACgAoAKACgAoAKACgAoAKACgAoAKACgAoAKACgAoAKACgAoAKACgAoAKACgAoAKACgAoAKACgAoAKACgAoAKACgAoAKACgAoAKACgAoAKACgAoAKACgAoAKACgAoAKACgAoAKACgAoAKACgAoAKACgAoAKACgAoAKACgAoAKACgAoAKACgAoAKACgAoAKACgAoAKACgAoAKACgAoAKACgAoAKACgAoAKACgAoAKACgAoAKACgAoAKACgAoAKACgAoAKACgAoAKACgAoAKACgAoAKACgAoAKACgAoAKACgAoAKACgAoAKACgAoAKACgAoAKACgAoAKACgAoAKACgAoAKACgAoAKACgAoAKACgAoAKACgAoAKACgAoAKACgAoAKACgAoAKACgAoAKACgAoAKACgAoAKACgAoAKACgAoAKACgAoAKACgAoAKACgAoAKACgAoAKACgAoAKACgAoAKACgAoAKACgAoAKACgAoAKACgAoAKACgAoAKACgAoAKACgAoAKACgAoAKACgAoAKACgAoAKACgAoAKACgAoAKACgAoAKACgAoAKACgAoAKACgAoAKACgAoAKACgAoAKACgAoAKACgAoAKACgAoAKACgAoAKACgAoAKACgAoAKACgAoAKACgAoAKACgAoAKACgAoAKACgAoAKACgAoAKACgAoAKACgAoAKACgAoAKACgAoAKACgAoAKACgD//Z","timing":2642,"timestamp":8650055836098},{"data":"/9j/4AAQSkZJRgABAQAAAQABAAD/2wCEAAMCAgMCAgMDAwMEAwMEBQgFBQQEBQoHBwYIDAoMDAsKCwsNDhIQDQ4RDgsLEBYQERMUFRUVDA8XGBYUGBIUFRQBAwQEBQQFCQUFCRQNCw0UFBQUFBQUFBQUFBQUFBQUFBQUFBQUFBQUFBQUFBQUFBQUFBQUFBQUFBQUFBQUFBQUFP/AABEIANUAeAMBEQACEQEDEQH/xAGiAAABBQEBAQEBAQAAAAAAAAAAAQIDBAUGBwgJCgsQAAIBAwMCBAMFBQQEAAABfQECAwAEEQUSITFBBhNRYQcicRQygZGhCCNCscEVUtHwJDNicoIJChYXGBkaJSYnKCkqNDU2Nzg5OkNERUZHSElKU1RVVldYWVpjZGVmZ2hpanN0dXZ3eHl6g4SFhoeIiYqSk5SVlpeYmZqio6Slpqeoqaqys7S1tre4ubrCw8TFxsfIycrS09TV1tfY2drh4uPk5ebn6Onq8fLz9PX29/j5+gEAAwEBAQEBAQEBAQAAAAAAAAECAwQFBgcICQoLEQACAQIEBAMEBwUEBAABAncAAQIDEQQFITEGEkFRB2FxEyIygQgUQpGhscEJIzNS8BVictEKFiQ04SXxFxgZGiYnKCkqNTY3ODk6Q0RFRkdISUpTVFVWV1hZWmNkZWZnaGlqc3R1dnd4eXqCg4SFhoeIiYqSk5SVlpeYmZqio6Slpqeoqaqys7S1tre4ubrCw8TFxsfIycrS09TV1tfY2dri4+Tl5ufo6ery8/T19vf4+fr/2gAMAwEAAhEDEQA/AP1ToAKACgAoAKACgAoAKACgAoAKACgAoAKACgAoAKACgAoAKACgAoAKACgAoAKACgAoAKACgAoAKACgAoAKACgAoAKACgAoAKACgAoAKACgAoAKACgAoAKACgAoAKACgAoAKACgAoAKACgAoAKACgAoAKACgAoAKACgAoAKACgAoAKACgAoAKACgAoAKACgAoAKACgAoAKACgAoAKACgAoAKACgAoAKACgAoAKACgAoAKACgAoAKACgAoAKACgAoAKACgAoAKACgAoAKACgAoAKACgAoAKACgAoAKACgAoAKACgAoAKACgAoAKACgAoAKACgAoAKACgAoAKACgAoAKACgAoAKACgAoAKACgAoAKACgAoAKACgAoAKACgAoAKACgAoAKACgAoAKACgAoAKACgAoAKACgAoAKACgAoAKACgAoAKACgAoAKACgAoAKACgAoAKACgAoAKACgAoAKACgAoAKACgAoAKACgAoAKACgAoAKACgAoAKACgAoAKACgAoAKACgAoAKACgAoAKACgAoAKACgAoAKACgAoAKACgAoAKACgAoAKACgAoAKACgAoAKACgAoAKACgAoAKACgAoAKACgAoAKACgAoAKACgAoAKACgAoAKACgAoAKACgAoAKACgAoAKACgAoAKACgAoAKACgAoAKACgAoAKACgAoAKACgAoAKACgAoAKACgAoAKACgAoAKACgAoAKACgAoAKACgAoAKACgAoAKACgAoAKACgAoAKACgAoAKACgAoAKACgAoAKACgAoAKACgAoAKACgAoAKACgAoAKACgAoAKACgAoAKACgAoAKACgAoAKACgAoAKACgAoAKACgAoAKACgAoAKACgAoAKACgAoAKACgAoAKACgAoAKACgAoAKACgAoAKACgAoAKACgAoAKACgAoAKACgAoAKACgAoAKACgAoAKACgD//Z","timing":3303,"timestamp":8650056496698},{"data":"/9j/4AAQSkZJRgABAQAAAQABAAD/2wCEAAMCAgMCAgMDAwMEAwMEBQgFBQQEBQoHBwYIDAoMDAsKCwsNDhIQDQ4RDgsLEBYQERMUFRUVDA8XGBYUGBIUFRQBAwQEBQQFCQUFCRQNCw0UFBQUFBQUFBQUFBQUFBQUFBQUFBQUFBQUFBQUFBQUFBQUFBQUFBQUFBQUFBQUFBQUFP/AABEIANUAeAMBEQACEQEDEQH/xAGiAAABBQEBAQEBAQAAAAAAAAAAAQIDBAUGBwgJCgsQAAIBAwMCBAMFBQQEAAABfQECAwAEEQUSITFBBhNRYQcicRQygZGhCCNCscEVUtHwJDNicoIJChYXGBkaJSYnKCkqNDU2Nzg5OkNERUZHSElKU1RVVldYWVpjZGVmZ2hpanN0dXZ3eHl6g4SFhoeIiYqSk5SVlpeYmZqio6Slpqeoqaqys7S1tre4ubrCw8TFxsfIycrS09TV1tfY2drh4uPk5ebn6Onq8fLz9PX29/j5+gEAAwEBAQEBAQEBAQAAAAAAAAECAwQFBgcICQoLEQACAQIEBAMEBwUEBAABAncAAQIDEQQFITEGEkFRB2FxEyIygQgUQpGhscEJIzNS8BVictEKFiQ04SXxFxgZGiYnKCkqNTY3ODk6Q0RFRkdISUpTVFVWV1hZWmNkZWZnaGlqc3R1dnd4eXqCg4SFhoeIiYqSk5SVlpeYmZqio6Slpqeoqaqys7S1tre4ubrCw8TFxsfIycrS09TV1tfY2dri4+Tl5ufo6ery8/T19vf4+fr/2gAMAwEAAhEDEQA/AP1ToAKACgAoAKACgAoAKACgAoAKACgAoAKACgAoAKACgAoAKACgAoAKACgAoAKACgAoAKACgAoAKACgAoAKACgAoAKACgAoAKACgAoAKACgAoAKACgAoAKACgAoAKACgAoAKACgAoAKACgAoAKACgAoAKACgAoAKACgAoAKACgAoAKACgAoAKACgAoAKACgAoAKACgAoAKACgAoAKACgAoAKACgAoAKACgAoAKACgAoAKACgAoAKACgAoAKACgAoAKACgAoAKACgAoAKACgAoAKACgAoAKACgAoAKACgAoAKACgAoAKACgAoAKACgAoAKACgAoAKACgAoAKACgAoAKACgAoAKACgAoAKACgAoAKACgAoAKACgAoAKACgAoAKACgAoAKACgAoAKACgAoAKACgAoAKACgAoAKACgAoAKACgAoAKACgAoAKACgAoAKACgAoAKACgAoAKACgAoAKACgAoAKACgAoAKACgAoAKACgAoAKACgAoAKACgAoAKACgAoAKACgAoAKACgAoAKACgAoAKACgAoAKACgAoAKACgAoAKACgAoAKACgAoAKACgAoAKACgAoAKACgAoAKACgAoAKACgAoAKACgAoAKACgAoAKACgAoAKACgAoAKACgAoAKACgAoAKACgAoAKACgAoAKACgAoAKACgAoAKACgAoAKACgAoAKACgAoAKACgAoAKACgAoAKACgAoAKACgAoAKACgAoAKACgAoAKACgAoAKACgAoAKACgAoAKACgAoAKACgAoAKACgAoAKACgAoAKACgAoAKACgAoAKACgAoAKACgAoAKACgAoAKACgAoAKACgAoAKACgAoAKACgAoAKACgAoAKACgAoAKACgAoAKACgAoAKACgAoAKACgAoAKACgAoAKACgAoAKACgAoAKACgAoAKACgAoAKACgAoAKACgAoAKACgD//Z","timing":3964,"timestamp":8650057157298},{"data":"/9j/4AAQSkZJRgABAQAAAQABAAD/2wCEAAMCAgMCAgMDAwMEAwMEBQgFBQQEBQoHBwYIDAoMDAsKCwsNDhIQDQ4RDgsLEBYQERMUFRUVDA8XGBYUGBIUFRQBAwQEBQQFCQUFCRQNCw0UFBQUFBQUFBQUFBQUFBQUFBQUFBQUFBQUFBQUFBQUFBQUFBQUFBQUFBQUFBQUFBQUFP/AABEIANUAeAMBEQACEQEDEQH/xAGiAAABBQEBAQEBAQAAAAAAAAAAAQIDBAUGBwgJCgsQAAIBAwMCBAMFBQQEAAABfQECAwAEEQUSITFBBhNRYQcicRQygZGhCCNCscEVUtHwJDNicoIJChYXGBkaJSYnKCkqNDU2Nzg5OkNERUZHSElKU1RVVldYWVpjZGVmZ2hpanN0dXZ3eHl6g4SFhoeIiYqSk5SVlpeYmZqio6Slpqeoqaqys7S1tre4ubrCw8TFxsfIycrS09TV1tfY2drh4uPk5ebn6Onq8fLz9PX29/j5+gEAAwEBAQEBAQEBAQAAAAAAAAECAwQFBgcICQoLEQACAQIEBAMEBwUEBAABAncAAQIDEQQFITEGEkFRB2FxEyIygQgUQpGhscEJIzNS8BVictEKFiQ04SXxFxgZGiYnKCkqNTY3ODk6Q0RFRkdISUpTVFVWV1hZWmNkZWZnaGlqc3R1dnd4eXqCg4SFhoeIiYqSk5SVlpeYmZqio6Slpqeoqaqys7S1tre4ubrCw8TFxsfIycrS09TV1tfY2dri4+Tl5ufo6ery8/T19vf4+fr/2gAMAwEAAhEDEQA/AP0bk8LeMEuh9l8ZJFaC8SXyp9KjlcWyxQKYA+4cs8cz+YwYjz8Y+RSQDrtMt57TTrWG5unvriOJEkuXRUaVgoBcqoABJycAYGeKALVABQAUAFABQAUAFABQAUAFABQAUAFABQAUAFABQAUAFABQAUAFABQAUAFABQAUAFABQAUAFABQAUAFABQAUAFABQAUAFABQAUAFABQAUAFABQAUAFABQAUAFABQAUAFABQAUAFACZ5xQAZGcd6AFoAKACgAoAKACgAoAKACgAoAKACgAoA8AbVfiFqEGl3Wja9oL2kFwbHVBNfwzbbgSxCKFJAD+9kHyOrcgynbuOwgA7zwHq+q2WrXll4h1fTrqG7mCaTIs8azzPGji4hMSjG6MxliQxOTICsYQAgHftOoYr1cLu2jrj6daAATI2MMDkkZBHUHH8xQAi3CMMgjGCScg4x1H1oAZp9/b6rYW97ZzR3NpcRrLDPC4dJEYZVlYEgggggg4INAFigAoAKACgAoAKACgAoAKAOF1j4PeEvFt/omq6npZvL/RpvtGmXM0syyWT/ALrJjywKZMEeQMA/N2dsgDdG+B3grw9pVrYadoUFrHaQS29rOjN9ptY5FdXWG4z5sWRI4Gxxt3HbigB+ifBfwj4c059O03TGtdMa8hvxYLdTm3ininSeIxRlysSrJGjbEAU4AIIoAst8JfC5Piwpp8kLeKgo1d4LyeJ7jClRhlcGP5SR8hXrQBj3v7O/w+1O4vJ73w5BdyXieXcCeWWRJB9qN2cozlcm4YyFsZJOCSOKAO60PRrTw5oun6Tp8XkWFhbx2tvFuLbI0UKq5YknAAGSSaAL1ABQAUAFABQAUAFABQAUAFABQAUAFABQAUAFABQAUAFABQAUAFABQAUAJuoFfWwbqAuAOaBi0AFABQAUAFABQAUAFABQAUAFABQByaS6/f6Wk1hPZf6RCjQTzRO/UZDsoZCQwK/LwRzyeldj+rNt6nn2xe2hXv8A/hODph+xHRV1EeWy/aVlMX3Y/MU7efvGXB9FTI5JEr6u90waxS2aNfTU8Qf27eG9fTv7H2D7MsMb/aC2TkuSduMbcYHr0xgxP2XKuS9zal7fm/ebG7WB1BQAUARiZec4XHXJppNkOaWjYvmqDjIz9aLMHOK6jftCEkBlJXBIz0H+Qfyos+qDnjrZiC6jP8QHtmnyvsQqsHrckVg6gggg9xSasap31Q6kMKACgAoA8ttfEXirw3YQWVxYJKIFENuLKwe4Msa+UiFmMyBGJlAwQANrMSEBau14eLfuzT+Vv8zzFi3b3qbXzv8AohsvxI15bS9mi02/ma0PMI8OTK8yllCmPdcBTkMGwSCAGyBg1Twm3vrXzGsZ/wBO39x0XhvVvEuvSasJVt9LWyvXtI/tWmyD7Qqqh81D5/KEsQD329jkDmqU+TlfNe6vp0v09TrpVOe6tazsbX2XX/8AoJ6b/wCC6T/4/WJuH2XX/wDoJ6b/AOC6T/4/QAfZdf8A+gnpv/guk/8Aj9AFQ+EoL+++26wUvbuPasfl+ZHCoDBlYRF2UOCPv9ccdK2hVnCPKmc86EJy5mMPw80JnspPs03m2f8AqZftMvmAbGQqW3bmUhjlWJBOGIyAar6xU7kfVqbdyS08CaPY209rBahLSaaO4aDcxVXRlZNoJ+VVKKQq4A7Dml7ed076r9RrDxSa6MSz+H2h6ejLb2rxhoEtm/fOxaNCxVSSckDew57YHQACvrFS/Nfrf8v8hfVafLym9a20dnbxwRLtijUIi+gAwBXO227s6klFJIlpDCgAoAKAPM/CfijTLvw1p3k+HJb1Ft1jeeJrMozL8j8mYc70IIPIIwQDTuKxb1Txfomj6ebzUPDcllatJFCJLp7KJGeWTZGoZpwuXchQM5JYAZJpDLNxr9hYxNJP4RuoYYwS8kos1RADzkmbA6Z/H3oA0YJre4hjlTwnOUkUOvy2vQ9P+WtAD/3P/QpT/wDfNr/8doAP3P8A0KU//fNr/wDHaAKP9la5dyXUmmzjw9aSW/lRWr28RkimyT5wKl0YEbV2kZ4JyOjaxnTS1WpjUhU5vdlobPh6x1eyN6dV1CO/864aWARxeX5EZxti77sYzu4znoKU3F25VYdNSSfO7mxiszQWgYUAFABQAUAFAHlFp+zT4R022uYrCbWLJrkYmki1KQlwZzPINrEqA7vLnao+WaRV2hsUAbCfA7wrH4Qm8MLb3C6JK0Tm2S4ZCrRtuRlkUh1ZWCsGDAhlBB9QDF0f9l34faBYvZ6fpc9pbM2Qkd3KNn7qSH5fm+U7JXG4YP3TnKqQAep2lstpbRQKSyxoEBbqQBigCagAoAKACgAoAKACgAoAKACgAoA4A/G3w0YfFjRTS3M3hm9isL+CFA0hlkKqixrnMjMzbFjHzuw2qrFk3AGndfEK3hj1VYdNv7y80ydreexhWMTFgYTlCzhGBjuIpAA+SG243gpQBZ1PxvbaJLdpf2V/AsLxokkVubhZQyFt48rcUQbWUtKEAKnnBBIBneHvizofivWb7TNLTUJ7mxnS3uGl0+eGNHaKOTG90A3ASoGT76kNuUbSaAJbn4o6Lptle3eoLe2FvZTtDcyPZySpbgCNvMleIOkaFJo5NzlQqFi23Y+0Ap3Hxj0Ox8R6zpN7Ff2R0y4W0a5e1MkU8zRW8gSMx7juxd26gOFLtIFTcQcAG34e8d6N4o1C9stPmuHuLOaaCTz7KeBHaKQxy+W8iKsoVxtLRlgMjnkZAOgoAKACgAoAKACgAoAKAK8thbTxSRSQRvHIwZ1ZQQxGME+p4H5UAO+xwbg3kpkcg7Rx824/qAfrQA06fatIZDbxNISGLlASSBgEnuQCRn3oAclnBHKJEhRHC7Qyrg444+nA/IUALHawxMGSJFIzghQMZOT+ZA/KgBPscGxl8lNrDDDb14xz+HFADxEinIUA8849eTQA+gAoAKACgAoAKACgAoAKACgAoAKACgAoAKACgAoAKACgAoAKACgAoAKACgAoAKACgAoAKACgAoAKACgAoAKACgAoAKACgAoAKACgAoAKACgAoAKACgAoAKACgAoAKACgAoAKACgAoAKACgAoAKACgAoAKACgAoAKACgAoAKACgAoAKACgAoAKACgAoAKACgAoAKACgAoAKACgAoAKACgAoAKACgAoAKACgAoAKACgAoAKACgAoAKACgAoAKACgAoAKACgAoAKACgAoAKACgAoAKACgAoAKACgAoAKACgAoAKACgAoAKACgAoAKACgAoAKACgAoAKACgAoAKACgAoAKACgAoAKACgAoAKACgAoAKACgAoAKACgAoAKACgAoAKACgAoAKACgAoAKACgAoAKACgAoAKACgAoAKACgAoAKACgAoAKACgAoA//9k=","timing":4624,"timestamp":8.650057817898001E12},{"data":"/9j/4AAQSkZJRgABAQAAAQABAAD/2wCEAAMCAgMCAgMDAwMEAwMEBQgFBQQEBQoHBwYIDAoMDAsKCwsNDhIQDQ4RDgsLEBYQERMUFRUVDA8XGBYUGBIUFRQBAwQEBQQFCQUFCRQNCw0UFBQUFBQUFBQUFBQUFBQUFBQUFBQUFBQUFBQUFBQUFBQUFBQUFBQUFBQUFBQUFBQUFP/AABEIANUAeAMBEQACEQEDEQH/xAGiAAABBQEBAQEBAQAAAAAAAAAAAQIDBAUGBwgJCgsQAAIBAwMCBAMFBQQEAAABfQECAwAEEQUSITFBBhNRYQcicRQygZGhCCNCscEVUtHwJDNicoIJChYXGBkaJSYnKCkqNDU2Nzg5OkNERUZHSElKU1RVVldYWVpjZGVmZ2hpanN0dXZ3eHl6g4SFhoeIiYqSk5SVlpeYmZqio6Slpqeoqaqys7S1tre4ubrCw8TFxsfIycrS09TV1tfY2drh4uPk5ebn6Onq8fLz9PX29/j5+gEAAwEBAQEBAQEBAQAAAAAAAAECAwQFBgcICQoLEQACAQIEBAMEBwUEBAABAncAAQIDEQQFITEGEkFRB2FxEyIygQgUQpGhscEJIzNS8BVictEKFiQ04SXxFxgZGiYnKCkqNTY3ODk6Q0RFRkdISUpTVFVWV1hZWmNkZWZnaGlqc3R1dnd4eXqCg4SFhoeIiYqSk5SVlpeYmZqio6Slpqeoqaqys7S1tre4ubrCw8TFxsfIycrS09TV1tfY2dri4+Tl5ufo6ery8/T19vf4+fr/2gAMAwEAAhEDEQA/AP0bk8LeMEuh9l8ZJFaC8SXyp9KjlcWyxQKYA+4cs8cz+YwYjz8Y+RSQDrtMt57TTrWG5unvriOJEkuXRUaVgoBcqoABJycAYGeKALVABQAUAFABQAUAFABQAUAFABQAUAFABQAUAFABQAUAFABQAUAFABQAUAFABQAUAFABQAUAFABQAUAFABQAUAFABQAUAFABQAUAFABQAUAFABQAUAFABQAUAFABQAUAFABQAUAFACZ5xQAZGcd6AFoAKACgAoAKACgAoAKACgAoAKACgAoA8AbVfiFqEGl3Wja9oL2kFwbHVBNfwzbbgSxCKFJAD+9kHyOrcgynbuOwgA7zwHq+q2WrXll4h1fTrqG7mCaTIs8azzPGji4hMSjG6MxliQxOTICsYQAgHftOoYr1cLu2jrj6daAATI2MMDkkZBHUHH8xQAi3CMMgjGCScg4x1H1oAZp9/b6rYW97ZzR3NpcRrLDPC4dJEYZVlYEgggggg4INAFigAoAKACgAoAKACgAoAKAOF1j4PeEvFt/omq6npZvL/RpvtGmXM0syyWT/ALrJjywKZMEeQMA/N2dsgDdG+B3grw9pVrYadoUFrHaQS29rOjN9ptY5FdXWG4z5sWRI4Gxxt3HbigB+ifBfwj4c059O03TGtdMa8hvxYLdTm3ininSeIxRlysSrJGjbEAU4AIIoAst8JfC5Piwpp8kLeKgo1d4LyeJ7jClRhlcGP5SR8hXrQBj3v7O/w+1O4vJ73w5BdyXieXcCeWWRJB9qN2cozlcm4YyFsZJOCSOKAO60PRrTw5oun6Tp8XkWFhbx2tvFuLbI0UKq5YknAAGSSaAL1ABQAUAFABQAUAFABQAUAFABQAUAFABQAUAFABQAUAFABQAUAFABQAUAJuoFfWwbqAuAOaBi0AFABQAUAFABQAUAFABQAUAFABQByaS6/f6Wk1hPZf6RCjQTzRO/UZDsoZCQwK/LwRzyeldj+rNt6nn2xe2hXv8A/hODph+xHRV1EeWy/aVlMX3Y/MU7efvGXB9FTI5JEr6u90waxS2aNfTU8Qf27eG9fTv7H2D7MsMb/aC2TkuSduMbcYHr0xgxP2XKuS9zal7fm/ebG7WB1BQAUARiZec4XHXJppNkOaWjYvmqDjIz9aLMHOK6jftCEkBlJXBIz0H+Qfyos+qDnjrZiC6jP8QHtmnyvsQqsHrckVg6gggg9xSasap31Q6kMKACgAoA8ttfEXirw3YQWVxYJKIFENuLKwe4Msa+UiFmMyBGJlAwQANrMSEBau14eLfuzT+Vv8zzFi3b3qbXzv8AohsvxI15bS9mi02/ma0PMI8OTK8yllCmPdcBTkMGwSCAGyBg1Twm3vrXzGsZ/wBO39x0XhvVvEuvSasJVt9LWyvXtI/tWmyD7Qqqh81D5/KEsQD329jkDmqU+TlfNe6vp0v09TrpVOe6tazsbX2XX/8AoJ6b/wCC6T/4/WJuH2XX/wDoJ6b/AOC6T/4/QAfZdf8A+gnpv/guk/8Aj9AFQ+EoL+++26wUvbuPasfl+ZHCoDBlYRF2UOCPv9ccdK2hVnCPKmc86EJy5mMPw80JnspPs03m2f8AqZftMvmAbGQqW3bmUhjlWJBOGIyAar6xU7kfVqbdyS08CaPY209rBahLSaaO4aDcxVXRlZNoJ+VVKKQq4A7Dml7ed076r9RrDxSa6MSz+H2h6ejLb2rxhoEtm/fOxaNCxVSSckDew57YHQACvrFS/Nfrf8v8hfVafLym9a20dnbxwRLtijUIi+gAwBXO227s6klFJIlpDCgAoAKAPM/CfijTLvw1p3k+HJb1Ft1jeeJrMozL8j8mYc70IIPIIwQDTuKxb1Txfomj6ebzUPDcllatJFCJLp7KJGeWTZGoZpwuXchQM5JYAZJpDLNxr9hYxNJP4RuoYYwS8kos1RADzkmbA6Z/H3oA0YJre4hjlTwnOUkUOvy2vQ9P+WtAD/3P/QpT/wDfNr/8doAP3P8A0KU//fNr/wDHaAKP9la5dyXUmmzjw9aSW/lRWr28RkimyT5wKl0YEbV2kZ4JyOjaxnTS1WpjUhU5vdlobPh6x1eyN6dV1CO/864aWARxeX5EZxti77sYzu4znoKU3F25VYdNSSfO7mxiszQWgYUAFABQAUAFAHlFp+zT4R022uYrCbWLJrkYmki1KQlwZzPINrEqA7vLnao+WaRV2hsUAbCfA7wrH4Qm8MLb3C6JK0Tm2S4ZCrRtuRlkUh1ZWCsGDAhlBB9QDF0f9l34faBYvZ6fpc9pbM2Qkd3KNn7qSH5fm+U7JXG4YP3TnKqQAep2lstpbRQKSyxoEBbqQBigCagAoAKACgAoAKACgAoAKACgAoA4A/G3w0YfFjRTS3M3hm9isL+CFA0hlkKqixrnMjMzbFjHzuw2qrFk3AGndfEK3hj1VYdNv7y80ydreexhWMTFgYTlCzhGBjuIpAA+SG243gpQBZ1PxvbaJLdpf2V/AsLxokkVubhZQyFt48rcUQbWUtKEAKnnBBIBneHvizofivWb7TNLTUJ7mxnS3uGl0+eGNHaKOTG90A3ASoGT76kNuUbSaAJbn4o6Lptle3eoLe2FvZTtDcyPZySpbgCNvMleIOkaFJo5NzlQqFi23Y+0Ap3Hxj0Ox8R6zpN7Ff2R0y4W0a5e1MkU8zRW8gSMx7juxd26gOFLtIFTcQcAG34e8d6N4o1C9stPmuHuLOaaCTz7KeBHaKQxy+W8iKsoVxtLRlgMjnkZAOgoAKACgAoAKACgAoAKAK8thbTxSRSQRvHIwZ1ZQQxGME+p4H5UAO+xwbg3kpkcg7Rx824/qAfrQA06fatIZDbxNISGLlASSBgEnuQCRn3oAclnBHKJEhRHC7Qyrg444+nA/IUALHawxMGSJFIzghQMZOT+ZA/KgBPscGxl8lNrDDDb14xz+HFADxEinIUA8849eTQA+gAoAKACgAoAKACgAoAKACgAoAKACgAoAKACgAoAKACgAoAKACgAoAKACgAoAKACgAoAKACgAoAKACgAoAKACgAoAKACgAoAKACgAoAKACgAoAKACgAoAKACgAoAKACgAoAKACgAoAKACgAoAKACgAoAKACgAoAKACgAoAKACgAoAKACgAoAKACgAoAKACgAoAKACgAoAKACgAoAKACgAoAKACgAoAKACgAoAKACgAoAKACgAoAKACgAoAKACgAoAKACgAoAKACgAoAKACgAoAKACgAoAKACgAoAKACgAoAKACgAoAKACgAoAKACgAoAKACgAoAKACgAoAKACgAoAKACgAoAKACgAoAKACgAoAKACgAoAKACgAoAKACgAoAKACgAoAKACgAoAKACgAoAKACgAoAKACgAoAKACgAoAKACgAoAKACgAoA//9k=","timing":5285,"timestamp":8.650058478497999E12},{"data":"/9j/4AAQSkZJRgABAQAAAQABAAD/2wCEAAMCAgMCAgMDAwMEAwMEBQgFBQQEBQoHBwYIDAoMDAsKCwsNDhIQDQ4RDgsLEBYQERMUFRUVDA8XGBYUGBIUFRQBAwQEBQQFCQUFCRQNCw0UFBQUFBQUFBQUFBQUFBQUFBQUFBQUFBQUFBQUFBQUFBQUFBQUFBQUFBQUFBQUFBQUFP/AABEIANUAeAMBEQACEQEDEQH/xAGiAAABBQEBAQEBAQAAAAAAAAAAAQIDBAUGBwgJCgsQAAIBAwMCBAMFBQQEAAABfQECAwAEEQUSITFBBhNRYQcicRQygZGhCCNCscEVUtHwJDNicoIJChYXGBkaJSYnKCkqNDU2Nzg5OkNERUZHSElKU1RVVldYWVpjZGVmZ2hpanN0dXZ3eHl6g4SFhoeIiYqSk5SVlpeYmZqio6Slpqeoqaqys7S1tre4ubrCw8TFxsfIycrS09TV1tfY2drh4uPk5ebn6Onq8fLz9PX29/j5+gEAAwEBAQEBAQEBAQAAAAAAAAECAwQFBgcICQoLEQACAQIEBAMEBwUEBAABAncAAQIDEQQFITEGEkFRB2FxEyIygQgUQpGhscEJIzNS8BVictEKFiQ04SXxFxgZGiYnKCkqNTY3ODk6Q0RFRkdISUpTVFVWV1hZWmNkZWZnaGlqc3R1dnd4eXqCg4SFhoeIiYqSk5SVlpeYmZqio6Slpqeoqaqys7S1tre4ubrCw8TFxsfIycrS09TV1tfY2dri4+Tl5ufo6ery8/T19vf4+fr/2gAMAwEAAhEDEQA/APh3wzoB168ZWcxwRAF2HXnoB78H8qANnXvA0dlYvc2csjmIFnWUg5XuRgDpQBxtABQAUAFABQAUAFABQAUAFAGhoWktrWpR2ytsXBZ3xnaB/kD8aAOp1TwFBFYSSWs8pmjUttkwQ2BnAwOKAOGoA6Hwfr8WiXcq3CnyJsbpF5KEZxx6c0AbviDxnYy6dNBaMbh5kMZ+UqFBGCeQKAOCOSaADFABigAxQAYoAMUAGKADFABigAxQBreGNXTRdVSaVS0LKUfHUA9x+VAHX6n4205bKYW7tPMylVQIwwSO5IH6UAecgYAoA3vsEH/PMUAH2CD/AJ5igA+wQf8APMUAH2CD/nmKAD7BB/zzFAB9gg/55igA+wQf88xQAfYIP+eYoAPsEH/PMUAH2CD/AJ5igA+wQf8APMUAH2CD/nmKAD7BB/zzFAB9gg/55igA+wQf88xQBYoAKACgAoAKACgAoAKACgAoAKACgAoAKACgAoAKACgAoAKACgAoAKACgAoAKACgAoAKACgAoAKACgAoAKACgAoAKACgAoAKACgAoAKACgAoAKACgAoAKACgAoAKACgAoAKACgAoAKACgAoAKACgAoAKACgAoAKACgAoAKACgAoAKACgAoAKACgAoAKACgAoAKACgAoAKACgAoAKACgAoAKACgAoAKACgAoAKACgAoAKACgAoAKACgAoAKACgAoAKACgAoAKACgAoAKACgAoAKACgBUKh13DK55A9KAOjNh4P7a7rZ/7gsP/AMl0AH2Dwh/0HNb/APBND/8AJdAB9g8If9BzW/8AwTQ//JdAB9g8If8AQc1v/wAE0P8A8l0AH2Dwh/0HNb/8E0P/AMl0AH2Dwh/0HNb/APBND/8AJdAB9g8If9BzW/8AwTQ//JdAB9g8If8AQc1v/wAE0P8A8l0AH2Dwh/0HNb/8E0P/AMl0AH2Dwh/0HNb/APBND/8AJdAB9g8If9BzW/8AwTQ//JdAB9g8If8AQc1v/wAE0P8A8l0AAsPB/fXNb/8ABND/APJdAGDerbrdyraSSS2wYiOSaMRu69iyhmCk9cBjj1NAENABQAUAFABQAUAFABQAUAFABQAUAFABQAUAFABQAUAFABQAUAFABQAUAFABQAUAFABQAUAIeQe1ACfN7UAGG9qADDe1ABhvagAw3tQAYb2oAMN7UAGG9qADDe1ABhvagAw3tQAYb2oAPm9qAFGcc9aAFoA3tM8PW1/YQzvJMjODkIwx1PtQBa/4RO0/57XH/fS//E0AH/CJ2n/Pa4/76X/4mgDI1rTI9MljSF3bepJMmCf0AoA1z4TtP+es4+jLj+VAB/widp/z2uP++l/+JoAP+ETtP+e1x/30v/xNAHP6narY38tujMyJjBY88gH+tAFegAoAKACgAoAKACgDd0nxFb2NhFBJDMXTOSgXHX60AW/+EttP+eFz+S/40AH/AAltp/zwufyX/GgDH1zVI9TljeFHQKpGJAOv4GgDYHi20xzBcZ74C/40AH/CW2n/ADwufyX/ABoAP+EttP8Anhc/kv8AjQBgandJfahLcRqyo+MB8Z6Af0oArUAFABQAUAFABQAUAFABmgAzQAUAFABmgAzQAUAFABQAUAFABQAUAFABQAUAFABQAUAFABQAUAFABQAUAFABQAUAFABQAUAFABQAUAFABQAUAFABQAUAFABQAUAFABQAUAFABQAUAFABQAUAFABQAUAFABQAUAFABQAUAFABQAUAFABQAUAFABQAUAFABQAUAFABQAUAFABQAUAFABQAUAFABQAUAFABQAUAFABQAUAFABQAUAFABQAUAFABQAUAFABQAUAFABQAUAFABQAUAFABQAUAFABQAUAFABQAUAZP9sv/AM8l/OgA/tl/+eS/nQAf2y//ADyX86AD+2X/AOeS/nQAf2y//PJfzoAP7Zf/AJ5L+dAB/bL/APPJfzoAP7Zf/nkv50AH9sv/AM8l/OgA/tl/+eS/nQAf2y//ADyX86AD+2X/AOeS/nQAf2y//PJfzoAP7Zf/AJ5L+dAB/bL/APPJfzoAz6ACgAoAKACgAoAKACgAoAKACgAoAKACgAoA/wD/2Q==","timing":5945,"timestamp":8650059139098},{"data":"/9j/4AAQSkZJRgABAQAAAQABAAD/2wCEAAMCAgMCAgMDAwMEAwMEBQgFBQQEBQoHBwYIDAoMDAsKCwsNDhIQDQ4RDgsLEBYQERMUFRUVDA8XGBYUGBIUFRQBAwQEBQQFCQUFCRQNCw0UFBQUFBQUFBQUFBQUFBQUFBQUFBQUFBQUFBQUFBQUFBQUFBQUFBQUFBQUFBQUFBQUFP/AABEIANUAeAMBEQACEQEDEQH/xAGiAAABBQEBAQEBAQAAAAAAAAAAAQIDBAUGBwgJCgsQAAIBAwMCBAMFBQQEAAABfQECAwAEEQUSITFBBhNRYQcicRQygZGhCCNCscEVUtHwJDNicoIJChYXGBkaJSYnKCkqNDU2Nzg5OkNERUZHSElKU1RVVldYWVpjZGVmZ2hpanN0dXZ3eHl6g4SFhoeIiYqSk5SVlpeYmZqio6Slpqeoqaqys7S1tre4ubrCw8TFxsfIycrS09TV1tfY2drh4uPk5ebn6Onq8fLz9PX29/j5+gEAAwEBAQEBAQEBAQAAAAAAAAECAwQFBgcICQoLEQACAQIEBAMEBwUEBAABAncAAQIDEQQFITEGEkFRB2FxEyIygQgUQpGhscEJIzNS8BVictEKFiQ04SXxFxgZGiYnKCkqNTY3ODk6Q0RFRkdISUpTVFVWV1hZWmNkZWZnaGlqc3R1dnd4eXqCg4SFhoeIiYqSk5SVlpeYmZqio6Slpqeoqaqys7S1tre4ubrCw8TFxsfIycrS09TV1tfY2dri4+Tl5ufo6ery8/T19vf4+fr/2gAMAwEAAhEDEQA/APgL9KAL2qaDqeiLE1/p1zZpI5jDTRkDdgnGemcAn8KAKNABQB0Wm/DzxFrPh2PW9P0m4v8AT5Ls2KNagSuZgYQV8tSXAzcQKGK7S0qKCWOKAJYvhh4sn0e41WPQL19Pt7Sa+lnEfypDFOlvKx7/ACSyIrDqu9SRg5oArSeAPE0M1rG2gah5l3dy2FtEsDGWW5iVDNCIwN29PNjyMZG6gCa1+G3iq+0zT9QtfDup3dpqBuPsr29q0hmEG3zmCqCdq7wC2MZDDOVbABn3/hbWNLsftl3pd5b2vmPC07wkIkisUaNz/C4YYKnB6eooAuz/AA68V215NaTeGNZiuoXijlgfT5Q8bSttiVlK5BcghQfvEYGaAII/BeuM92j6VdW72v2gSi5j8na0ADTp8+PnQMpZRyMjI5FAGLQAUAFABQAY9qAOq8VfFDxZ4206Kw13X9Q1SzilEyQXVw8iK4DAEBiccO350Acrg0AGDQB2+g/FnVvD3glvCsFlYTaVNePcXYmSQveRO1q72shDjETPZW7ZQLICnDgHFAHQW37Sfiyy0DUdHt4rGO21Bt93IwmkmmZLtry3YyPKx3QzvI6kcvvIlMoAAAOWuPiTf3njCPXrmw0+5iitWsYNIlRzZQWxthbCJF37xiMLiTf5hZd5csSxAOt+I/7TPi34nnVX1O3021m1OSWW6lsI5Y2cubcADMh2hI7S3iXbj5Y8tudmdgClrn7QXibxB4X1jQbm300WWqtdNcOkLiTM95a3bkEuRkSWcYGQflZ85JDAA6zxP+194g1vx/ceJ7Hw3oembdW/tSwtnjkme1H9pHUWieXepmDz7WfcMDB8oQh2UgHAt8ZvEMvhqx0OUW0lpZ6fLpkbFXUm3cSbVYBgrMjXF0yuV3A3EgJK7VUA4PHtQAYNABg0AGKAN46bATnyxQAn9mwf881oAP7Ng/55rQAf2bB/zzWgA/s2D/nmtAB/ZsH/ADzWgA/s2D/nmtAB/ZsH/PNaAD+zYP8AnmtAB/ZsH/PNaAD+zYP+ea0AH9mwf881oAP7Ng/55rQAf2bB/wA81oABptvn/VigC3QAUAFABQAUAFABQAUAFABQAUAFABQAUAFABQAUAFABQAUAFABQAUAFABQAUAFABQAUAFABQAUAFABQAUAFABQAUAFABQAUAFABQAUAFABQAUAFABQAUAFABQAUAFABQAUAFABQAUAFABQAUAFABQAUAFABQAUAFABQAUAFABQAUAFABQAUAFABQAUAFABQAUAFABQAUAFABQAUAFABQAUAFABQAUAFABQAUAFABQAUAFABQAUAFABQAUAFABQAUAFABQAUAFABQAUAFABQAUAFABQAUAFAHW6N8L9b8Q6XDeaatveNKkbpapMBMwaS4T5VONxBtpCQpJwQcYDFQCppvgHWNYeySyhjuJbyc20EYlCs8oUMV+bG35WQ5OANwyRzgAYngq9+0xRzz2lpC00kMlzNNiOEoQHLkAkAZzwDnHGTgEAwCMGgAoAKACgDU8K+Hrjxb4m0nQ7R4orrUruKzieYkIryOFUsQCcZIzgE47GgDuvif8DLr4c6BBrcOrwaxpT6hNpUkiqsciXMTOG+VXcFG8tipyGxjcq5FAHmNABQAUAFABQAUATwtahcyxTSOepWYKPy2n+dAD/Msf8An3uP/Ahf/iKADzLH/n3uP/Ahf/iKADzLH/n3uP8AwIX/AOIoAPMsf+fe4/8AAhf/AIigA8yx/wCfe4/8CF/+IoAPMsf+fe4/8CF/+IoAmtL+3sLuG5tkvLe4gdZYpoboI6OpyrKwTIIIBBFAGn4i8a3XilIV1BppFhLvHFGYoYhI2N8hSOJVLsQu5iNzYGScUAc5QAUAFABQAUAFABQAUAFABQAUAFABQAenvxQAgORxQAtABQAUAFABQAUAdhCvg+78LW0LyyWuuJbXEsk4Emxpcv5MR4cNnEZ4WNVG/LsWAQAs6rpHgRrCVtO128+2h5GhUxGSJkDvsVsqpy0YjIZSRuZgwTAJALkdr8PNOs724D3es3cUcEkVkbmRFmY3Q82NX+zIUIgQ/M4x+9OASnIB51QAUAFABQBseDNJtdf8YaHpd7ObWyvr6C2nnVgDHG8iqzZPHAJPPFAHr/7Unwx8JfD+Xw5ceFndBem6intWuIphGsbr5bAx9ismAWyzBAW+ctkA8IoAKACgAoAKACgBSzMqjJAHpQAmG9W/M0AGG9W/M0AByO7fmaADk92/M0AGG9W/M0AGG9W/M0AHI7t+ZoAQ5P8AE3fv7UALQAUAFABQAUAFAFDVbqS2EflttyTnigDW8OeC/FXi5NLbSLQ3f9o3j2FuPNiTzJlMClBuYYJa6gAJwCXGCcHABpN8KPHiWqzyaUyJ5d/MxM8R2pZLuuSQGJGza4PrgYyeKAOPsb+ea6jR3ypzkYHoaAJtUupbeSMRvtBBzwKAN9PAHi19B0fVzbxxWGsru06aa5hjFwfPe3wNzDpLGynOAuULEB1JAMzWND13QnmS8UQywxJM6M8ZOxmwCMMc9VOByM84oAoadezT3G133Lg9qANSgAoAKACgAoAKACgClqVm92E2Y+XPU0APs73XtP06TT7XVbq30+R2le0iuXWF3MbRsxQHBJjd0JI5ViOhIoAfJqfiGZUWTWL2QJG0KbrqQ7EaIQsq88AxKsZA/gAXpxQBRs9OlguUdiu0Z6H2NAE2pWUl06FCvygg5NAF7T9f8U6RYTWNj4g1Kysprc2kttbX0scckBZ2MTKCAULSSHaeMuxx8xyAQapqPiDXM/2lq13qJIYZu7l5eDI0jD5ieC7s59WYnqc0AVbCwltp97lcYI4NAGlQAUAFABQAUAFABQAUAFABQAUAFABQAUAFABQAUAFABQAUAFABQAUAFABQAUAFABQAUAFABQAUAFABQAUAFABQAUAFABQAUAFABQAUAFABQAUAFABQAUAFABQAUAFABQAUAFABQAUAFABQAUAFABQAUAFABQAUAFABQAUAFABQAUAFABQAUAFABQAUAFABQAUAFABQAUAFABQAUAFABQAUAFABQAUAFABQAUAFABQAUAFABQAUAFABQAUAFABQBFDaa3cXNvbxaLeS3FyI2ghjt3Z5Q5AQqoGWDEgDHXNAFjU9E8SaLIkeo+HtQsJHhFwsd1aSRsYi/liQBgDtL/ID03AjrxQBWlttZhurm1k0e7S6tTKJ4DA4kiMYcy7lxkbBHJuz02NnGDQA6Wx12GJpX0O9WJYUuGkNtJtETSCNZM4xtLsEDdCxA6mgCiNQuiHP2U/IcNwfl4J5/AE/QZoAWe+u7YZltGjGSMspAyCQf1Vh9QfSgCH+2n/55r+dAB/bT/8APNfzoAP7af8A55r+dAB/bT/881/OgA/tp/8Anmv50AH9tP8A881/OgA/tp/+ea/nQAf20/8AzzX86AD+2n/55r+dAF+/+Imv6lq0d9e3cV9e26RwJcXNpDI4WMoyHJT7w2Iu7qUXYSU+WgB2r+Pdc1e2s9PvrxLm1stscKG3iXaBLcTAAqoOPMup2I6HeBjCoFAIbTxrrGnzWuoW935UpEsUSiJNsSyIUcBdu0ArxhQAO3ODQBpW3xS8WDUpb9dalN49pLpyyyRI/k28iMjRxKVxCu2RwBGF2hjt25oAp6L8UPEWm395c298DcXlvBaXLXMMc4mhtzFJDGyupBANvEMEEEAhgQSCAUb/AMQ6neacdOuLrzbMXb3Rj2KMzFVVnzjPIA4zjj1NAGXQAUAFABQAUAFABQAUAFAH/9k=","timing":6606,"timestamp":8650059799698}]}},"score":100,"weight":0,"id":"screenshot-thumbnails"},{"result":{"displayValue":"2,800 ms","score":true,"helpText":"Consider reducing the time spent parsing, compiling and executing JS.You may find delivering smaller JS payloads helps with this.","rawValue":2799.5130100250244,"extendedInfo":{"value":{"Update Layer Tree":108.97500228881836,"Layout":432.32500076293945,"Recalculate Style":503.69400215148926,"Evaluate Script":1296.8040027618408,"Animation Frame Fired":8.261001586914062,"Minor GC":82.69900131225586,"Run Microtasks":63.02199935913086,"Parse HTML":62.446001052856445,"Paint":41.383995056152344,"Compile Script":44.90999984741211,"Composite Layers":77.99400329589844,"Parse Stylesheet":76.9990005493164}},"name":"mainthread-work-breakdown","description":"Main thread work breakdown","scoringMode":"binary","informative":true,"details":{"itemHeaders":[{"itemType":"text","text":"Category","type":"text"},{"itemType":"text","text":"Work","type":"text"},{"itemType":"text","text":"Time spent","type":"text"}],"header":"View Details","type":"table","items":[[{"text":"Script Evaluation","type":"text"},{"text":"Evaluate Script","type":"text"},{"text":"1,297 ms","type":"text"}],[{"text":"Script Evaluation","type":"text"},{"text":"Run Microtasks","type":"text"},{"text":"63 ms","type":"text"}],[{"text":"Script Evaluation","type":"text"},{"text":"Animation Frame Fired","type":"text"},{"text":"8 ms","type":"text"}],[{"text":"Style & Layout","type":"text"},{"text":"Recalculate Style","type":"text"},{"text":"504 ms","type":"text"}],[{"text":"Style & Layout","type":"text"},{"text":"Layout","type":"text"},{"text":"432 ms","type":"text"}],[{"text":"Compositing","type":"text"},{"text":"Update Layer Tree","type":"text"},{"text":"109 ms","type":"text"}],[{"text":"Compositing","type":"text"},{"text":"Composite Layers","type":"text"},{"text":"78 ms","type":"text"}],[{"text":"Parsing HTML & CSS","type":"text"},{"text":"Parse Stylesheet","type":"text"},{"text":"77 ms","type":"text"}],[{"text":"Parsing HTML & CSS","type":"text"},{"text":"Parse HTML","type":"text"},{"text":"62 ms","type":"text"}],[{"text":"Garbage collection","type":"text"},{"text":"Minor GC","type":"text"},{"text":"83 ms","type":"text"}],[{"text":"Script Parsing & Compile","type":"text"},{"text":"Compile Script","type":"text"},{"text":"45 ms","type":"text"}],[{"text":"Paint","type":"text"},{"text":"Paint","type":"text"},{"text":"41 ms","type":"text"}]]}},"score":100,"weight":0,"id":"mainthread-work-breakdown","group":"perf-info"},{"result":{"displayValue":"","score":false,"helpText":"Leverage the font-display CSS feature to ensure text is user-visible while webfonts are loading. [Learn more](https://developers.google.com/web/updates/2016/02/font-display).","rawValue":false,"name":"font-display","description":"Avoid invisible text while webfonts are loading","scoringMode":"binary","details":{"itemHeaders":[{"itemType":"url","text":"Font URL","type":"text"},{"itemType":"text","text":"Font download time","type":"text"}],"header":"View Details","type":"table","items":[[{"text":"https://fonts.gstatic.com/s/roboto/v18/KFOmCnqEu92Fr1Mu4mxK.woff2","type":"url"},{"text":"884 ms","type":"text"}],[{"text":"https://fonts.gstatic.com/s/materialicons/v37/flUhRq6tzZclQEJ-Vdg-IuiaDsNc.woff2","type":"url"},{"text":"1,066 ms","type":"text"}],[{"text":"https://fonts.gstatic.com/s/roboto/v18/KFOlCnqEu92Fr1MmEU9fBBc4.woff2","type":"url"},{"text":"875 ms","type":"text"}]]}},"score":0,"weight":0,"id":"font-display","group":"perf-info"}]},{"score":30,"name":"Progressive Web App","weight":1,"description":"These checks validate the aspects of a Progressive Web App, as specified by the baseline [PWA Checklist](https://developers.google.com/web/progressive-web-apps/checklist).","id":"pwa","audits":[{"result":{"displayValue":"","score":false,"helpText":"The service worker is the technology that enables your app to use many Progressive Web App features, such as offline, add to homescreen, and push notifications. [Learn more](https://developers.google.com/web/tools/lighthouse/audits/registered-service-worker).","rawValue":false,"name":"service-worker","description":"Does not register a service worker","scoringMode":"binary"},"score":0,"weight":1,"id":"service-worker"},{"result":{"displayValue":"","score":false,"helpText":"If you're building a Progressive Web App, consider using a service worker so that your app can work offline. [Learn more](https://developers.google.com/web/tools/lighthouse/audits/http-200-when-offline).","rawValue":false,"name":"works-offline","description":"Does not respond with a 200 when offline","scoringMode":"binary"},"score":0,"weight":1,"id":"works-offline"},{"result":{"displayValue":"","score":false,"debugString":"The page body should render some content if its scripts are not available.","helpText":"Your app should display some content when JavaScript is disabled, even if it's just a warning to the user that JavaScript is required to use the app. [Learn more](https://developers.google.com/web/tools/lighthouse/audits/no-js).","rawValue":false,"name":"without-javascript","description":"Does not provide fallback content when JavaScript is not available","scoringMode":"binary"},"score":0,"weight":1,"id":"without-javascript"},{"result":{"displayValue":"","score":false,"helpText":"If you've already set up HTTPS, make sure that you redirect all HTTP traffic to HTTPS. [Learn more](https://developers.google.com/web/tools/lighthouse/audits/http-redirects-to-https).","rawValue":false,"name":"redirects-http","description":"Does not redirect HTTP traffic to HTTPS","scoringMode":"binary"},"score":0,"weight":1,"id":"redirects-http"},{"result":{"displayValue":"","score":true,"helpText":"A fast page load over a 3G network ensures a good mobile user experience. [Learn more](https://developers.google.com/web/tools/lighthouse/audits/fast-3g).","rawValue":true,"extendedInfo":{"value":{"isFast":true,"timeToFirstInteractive":6460.149,"firstRequestLatencies":[{"latency":"566.29","url":"http://web/"},{"latency":"579.72","url":"https://cdnjs.cloudflare.com/ajax/libs/Chart.js/2.7.1/Chart.min.js"},{"latency":"571.48","url":"https://unpkg.com/vue-chartjs/dist/vue-chartjs.min.js"},{"latency":"578.93","url":"https://fonts.gstatic.com/s/roboto/v18/KFOmCnqEu92Fr1Mu4mxK.woff2"}],"areLatenciesAll3G":true}},"name":"load-fast-enough-for-pwa","description":"Page load is fast enough on 3G","scoringMode":"binary"},"score":100,"weight":1,"id":"load-fast-enough-for-pwa"},{"result":{"displayValue":"","score":false,"debugString":"Failures: No manifest was fetched, Site does not register a service worker, Service worker does not successfully serve the manifest's start_url, No usable web app manifest found on page.","helpText":"Browsers can proactively prompt users to add your app to their homescreen, which can lead to higher engagement. [Learn more](https://developers.google.com/web/tools/lighthouse/audits/install-prompt).","rawValue":false,"extendedInfo":{"value":{"failures":["No manifest was fetched","Site does not register a service worker","Service worker does not successfully serve the manifest's start_url","No usable web app manifest found on page"],"warnings":["No usable web app manifest found on page"],"manifestValues":{"parseFailureReason":"No manifest was fetched","allChecks":[],"isParseFailure":true}}},"name":"webapp-install-banner","description":"User will not be prompted to Install the Web App","scoringMode":"binary"},"score":0,"weight":1,"id":"webapp-install-banner"},{"result":{"displayValue":"","score":false,"debugString":"Failures: No manifest was fetched.","helpText":"A themed splash screen ensures a high-quality experience when users launch your app from their homescreens. [Learn more](https://developers.google.com/web/tools/lighthouse/audits/custom-splash-screen).","rawValue":false,"extendedInfo":{"value":{"failures":["No manifest was fetched"],"manifestValues":{"parseFailureReason":"No manifest was fetched","allChecks":[],"isParseFailure":true}}},"name":"splash-screen","description":"Is not configured for a custom splash screen","scoringMode":"binary"},"score":0,"weight":1,"id":"splash-screen"},{"result":{"displayValue":"","score":false,"debugString":"Failures: No manifest was fetched, No `<meta name=\"theme-color\">` tag found.","helpText":"The browser address bar can be themed to match your site. [Learn more](https://developers.google.com/web/tools/lighthouse/audits/address-bar).","rawValue":false,"extendedInfo":{"value":{"failures":["No manifest was fetched","No `<meta name=\"theme-color\">` tag found"],"themeColor":null,"manifestValues":{"parseFailureReason":"No manifest was fetched","allChecks":[],"isParseFailure":true}}},"name":"themed-omnibox","description":"Address bar does not match brand colors","scoringMode":"binary"},"score":0,"weight":1,"id":"themed-omnibox"},{"result":{"displayValue":"","score":true,"debugString":"","helpText":"Add a viewport meta tag to optimize your app for mobile screens. [Learn more](https://developers.google.com/web/tools/lighthouse/audits/has-viewport-meta-tag).","rawValue":true,"name":"viewport","description":"Has a `<meta name=\"viewport\">` tag with `width` or `initial-scale`","scoringMode":"binary"},"score":100,"weight":1,"id":"viewport"},{"result":{"displayValue":"","score":true,"debugString":"","helpText":"If the width of your app's content doesn't match the width of the viewport, your app might not be optimized for mobile screens. [Learn more](https://developers.google.com/web/tools/lighthouse/audits/content-sized-correctly-for-viewport).","rawValue":true,"name":"content-width","description":"Content is sized correctly for the viewport","scoringMode":"binary"},"score":100,"weight":1,"id":"content-width"},{"result":{"displayValue":"","score":false,"helpText":"To reach the most number of users, sites should work across every major browser. [Learn more](https://developers.google.com/web/progressive-web-apps/checklist#site-works-cross-browser).","rawValue":false,"name":"pwa-cross-browser","description":"Site works cross-browser","scoringMode":"binary","informative":true,"manual":true},"score":0,"weight":0,"id":"pwa-cross-browser","group":"manual-pwa-checks"},{"result":{"displayValue":"","score":false,"helpText":"Transitions should feel snappy as you tap around, even on a slow network, a key to perceived performance. [Learn more](https://developers.google.com/web/progressive-web-apps/checklist#page-transitions-dont-feel-like-they-block-on-the-network).","rawValue":false,"name":"pwa-page-transitions","description":"Page transitions don't feel like they block on the network","scoringMode":"binary","informative":true,"manual":true},"score":0,"weight":0,"id":"pwa-page-transitions","group":"manual-pwa-checks"},{"result":{"displayValue":"","score":false,"helpText":"Ensure individual pages are deep linkable via the URLs and that URLs are unique for the purpose of shareability on social media. [Learn more](https://developers.google.com/web/progressive-web-apps/checklist#each-page-has-a-url).","rawValue":false,"name":"pwa-each-page-has-url","description":"Each page has a URL","scoringMode":"binary","informative":true,"manual":true},"score":0,"weight":0,"id":"pwa-each-page-has-url","group":"manual-pwa-checks"}]},{"score":76.71232876712328,"name":"Accessibility","description":"These checks highlight opportunities to [improve the accessibility of your web app](https://developers.google.com/web/fundamentals/accessibility). Only a subset of accessibility issues can be automatically detected so manual testing is also encouraged.","id":"accessibility","audits":[{"result":{"displayValue":"","score":false,"helpText":"Access keys let users quickly focus a part of the page. For proper navigation, each access key must be unique. [Learn more](https://dequeuniversity.com/rules/axe/2.2/accesskeys?application=lighthouse).","rawValue":false,"name":"accesskeys","description":"`[accesskey]` values are not unique","scoringMode":"binary","informative":true,"notApplicable":true},"score":100,"weight":0,"id":"accesskeys","group":"a11y-correct-attributes"},{"result":{"displayValue":"","score":true,"helpText":"Each ARIA `role` supports a specific subset of `aria-*` attributes. Mismatching these invalidates the `aria-*` attributes. [Learn more](https://dequeuniversity.com/rules/axe/2.2/aria-allowed-attr?application=lighthouse).","rawValue":true,"extendedInfo":{},"name":"aria-allowed-attr","description":"`[aria-*]` attributes match their roles","scoringMode":"binary","details":{"header":{"text":"View failing elements","type":"text"},"type":"list","items":[]}},"score":100,"weight":3,"id":"aria-allowed-attr","group":"a11y-aria"},{"result":{"displayValue":"","score":false,"helpText":"Some ARIA roles have required attributes that describe the state of the element to screen readers. [Learn more](https://dequeuniversity.com/rules/axe/2.2/aria-required-attr?application=lighthouse).","rawValue":false,"name":"aria-required-attr","description":"`[role]`s do not have all required `[aria-*]` attributes","scoringMode":"binary","informative":true,"notApplicable":true},"score":100,"weight":0,"id":"aria-required-attr","group":"a11y-aria"},{"result":{"displayValue":"","score":false,"helpText":"Some ARIA parent roles must contain specific child roles to perform their intended accessibility functions. [Learn more](https://dequeuniversity.com/rules/axe/2.2/aria-required-children?application=lighthouse).","rawValue":false,"name":"aria-required-children","description":"Elements with `[role]` that require specific children `[role]`s, are missing.","scoringMode":"binary","informative":true,"notApplicable":true},"score":100,"weight":0,"id":"aria-required-children","group":"a11y-aria"},{"result":{"displayValue":"","score":false,"helpText":"Some ARIA child roles must be contained by specific parent roles to properly perform their intended accessibility functions. [Learn more](https://dequeuniversity.com/rules/axe/2.2/aria-required-parent?application=lighthouse).","rawValue":false,"name":"aria-required-parent","description":"`[role]`s are not contained by their required parent element","scoringMode":"binary","informative":true,"notApplicable":true},"score":100,"weight":0,"id":"aria-required-parent","group":"a11y-aria"},{"result":{"displayValue":"","score":false,"helpText":"ARIA roles must have valid values in order to perform their intended accessibility functions. [Learn more](https://dequeuniversity.com/rules/axe/2.2/aria-roles?application=lighthouse).","rawValue":false,"name":"aria-roles","description":"`[role]` values are not valid","scoringMode":"binary","informative":true,"notApplicable":true},"score":100,"weight":0,"id":"aria-roles","group":"a11y-aria"},{"result":{"displayValue":"","score":true,"helpText":"Assistive technologies, like screen readers, can't interpret ARIA attributes with invalid values. [Learn more](https://dequeuniversity.com/rules/axe/2.2/aria-valid-attr-value?application=lighthouse).","rawValue":true,"extendedInfo":{},"name":"aria-valid-attr-value","description":"`[aria-*]` attributes have valid values","scoringMode":"binary","details":{"header":{"text":"View failing elements","type":"text"},"type":"list","items":[]}},"score":100,"weight":2,"id":"aria-valid-attr-value","group":"a11y-aria"},{"result":{"displayValue":"","score":true,"helpText":"Assistive technologies, like screen readers, can't interpret ARIA attributes with invalid names. [Learn more](https://dequeuniversity.com/rules/axe/2.2/aria-valid-attr?application=lighthouse).","rawValue":true,"extendedInfo":{},"name":"aria-valid-attr","description":"`[aria-*]` attributes are valid and not misspelled","scoringMode":"binary","details":{"header":{"text":"View failing elements","type":"text"},"type":"list","items":[]}},"score":100,"weight":5,"id":"aria-valid-attr","group":"a11y-aria"},{"result":{"displayValue":"","score":false,"helpText":"Captions make audio elements usable for deaf or hearing-impaired users, providing critical information such as who is talking, what they're saying, and other non-speech information. [Learn more](https://dequeuniversity.com/rules/axe/2.2/audio-caption?application=lighthouse).","rawValue":false,"name":"audio-caption","description":"`<audio>` elements are missing a `<track>` element with `[kind=\"captions\"]`.","scoringMode":"binary","informative":true,"notApplicable":true},"score":100,"weight":0,"id":"audio-caption","group":"a11y-correct-attributes"},{"result":{"displayValue":"","score":false,"helpText":"When a button doesn't have an accessible name, screen readers announce it as \"button\", making it unusable for users who rely on screen readers. [Learn more](https://dequeuniversity.com/rules/axe/2.2/button-name?application=lighthouse).","rawValue":false,"extendedInfo":{"value":{"help":"Buttons must have discernible text","nodes":[{"failureSummary":"Fix all of the following:\n  Element is in tab order and does not have accessible text\n\nFix any of the following:\n  Element has a value attribute and the value attribute is empty\n  Element has no value attribute or the value attribute is empty\n  Element does not have inner text that is visible to screen readers\n  aria-label attribute does not exist or is empty\n  aria-labelledby attribute does not exist, references elements that do not exist or references elements that are empty or not visible\n  Element's default semantics were not overridden with role=\"presentation\"\n  Element's default semantics were not overridden with role=\"none\"","snippet":"<button type=\"button\" class=\"toolbar__side-icon btn btn--icon\">","path":"1,HTML,2,BODY,0,MAIN,0,DIV,1,DIV,2,NAV,0,DIV,0,BUTTON","impact":"critical","html":"<button type=\"button\" class=\"toolbar__side-icon btn btn--icon\"><div class=\"btn__content\"><i aria-hidden=\"true\" class=\"icon material-icons\">menu<\/i><\/div><\/button>","target":[".toolbar__side-icon"]},{"failureSummary":"Fix all of the following:\n  Element is in tab order and does not have accessible text\n\nFix any of the following:\n  Element has a value attribute and the value attribute is empty\n  Element has no value attribute or the value attribute is empty\n  Element does not have inner text that is visible to screen readers\n  aria-label attribute does not exist or is empty\n  aria-labelledby attribute does not exist, references elements that do not exist or references elements that are empty or not visible\n  Element's default semantics were not overridden with role=\"presentation\"\n  Element's default semantics were not overridden with role=\"none\"","snippet":"<button type=\"button\" class=\"btn btn--icon\">","path":"1,HTML,2,BODY,0,MAIN,0,DIV,1,DIV,2,NAV,0,DIV,4,SPAN,0,SPAN,0,BUTTON","impact":"critical","html":"<button type=\"button\" class=\"btn btn--icon\"><div class=\"btn__content\"><i aria-hidden=\"true\" class=\"icon fa fa-sign-out\"><\/i><\/div><\/button>","target":["span > .btn--icon"]}],"impact":"critical","description":"Ensures buttons have discernible text","helpUrl":"https://dequeuniversity.com/rules/axe/3.0/button-name?application=axeAPI","id":"button-name","tags":["cat.name-role-value","wcag2a","wcag412","section508","section508.22.a"]}},"name":"button-name","description":"Buttons do not have an accessible name","scoringMode":"binary","details":{"header":{"text":"View failing elements","type":"text"},"type":"list","items":[{"snippet":"<button type=\"button\" class=\"toolbar__side-icon btn btn--icon\">","path":"1,HTML,2,BODY,0,MAIN,0,DIV,1,DIV,2,NAV,0,DIV,0,BUTTON","selector":".toolbar__side-icon","type":"node"},{"snippet":"<button type=\"button\" class=\"btn btn--icon\">","path":"1,HTML,2,BODY,0,MAIN,0,DIV,1,DIV,2,NAV,0,DIV,4,SPAN,0,SPAN,0,BUTTON","selector":"span > .btn--icon","type":"node"}]}},"score":0,"weight":10,"id":"button-name","group":"a11y-element-names"},{"result":{"displayValue":"","score":true,"helpText":"Adding ways to bypass repetitive content lets keyboard users navigate the page more efficiently. [Learn more](https://dequeuniversity.com/rules/axe/2.2/bypass?application=lighthouse).","rawValue":true,"extendedInfo":{},"name":"bypass","description":"The page contains a heading, skip link, or landmark region","scoringMode":"binary","details":{"header":{"text":"View failing elements","type":"text"},"type":"list","items":[]}},"score":100,"weight":10,"id":"bypass","group":"a11y-describe-contents"},{"result":{"displayValue":"","score":true,"helpText":"Low-contrast text is difficult or impossible for many users to read. [Learn more](https://dequeuniversity.com/rules/axe/2.2/color-contrast?application=lighthouse).","rawValue":true,"extendedInfo":{},"name":"color-contrast","description":"Background and foreground colors have a sufficient contrast ratio","scoringMode":"binary","details":{"header":{"text":"View failing elements","type":"text"},"type":"list","items":[]}},"score":100,"weight":6,"id":"color-contrast","group":"a11y-color-contrast"},{"result":{"displayValue":"","score":false,"helpText":"When definition lists are not properly marked up, screen readers may produce confusing or inaccurate output. [Learn more](https://dequeuniversity.com/rules/axe/2.2/definition-list?application=lighthouse).","rawValue":false,"name":"definition-list","description":"`<dl>`'s do not contain only properly-ordered `<dt>` and `<dd>` groups, `<script>` or `<template>` elements.","scoringMode":"binary","informative":true,"notApplicable":true},"score":100,"weight":0,"id":"definition-list","group":"a11y-well-structured"},{"result":{"displayValue":"","score":false,"helpText":"Definition list items (`<dt>` and `<dd>`) must be wrapped in a parent `<dl>` element to ensure that screen readers can properly announce them. [Learn more](https://dequeuniversity.com/rules/axe/2.2/dlitem?application=lighthouse).","rawValue":false,"name":"dlitem","description":"Definition list items are not wrapped in `<dl>` elements","scoringMode":"binary","informative":true,"notApplicable":true},"score":100,"weight":0,"id":"dlitem","group":"a11y-well-structured"},{"result":{"displayValue":"","score":true,"helpText":"The title gives screen reader users an overview of the page, and search engine users rely on it heavily to determine if a page is relevant to their search. [Learn more](https://developers.google.com/web/tools/lighthouse/audits/title).","rawValue":true,"extendedInfo":{},"name":"document-title","description":"Document has a `<title>` element","scoringMode":"binary","details":{"header":{"text":"View failing elements","type":"text"},"type":"list","items":[]}},"score":100,"weight":2,"id":"document-title","group":"a11y-describe-contents"},{"result":{"displayValue":"","score":true,"helpText":"The value of an id attribute must be unique to prevent other instances from being overlooked by assistive technologies. [Learn more](https://dequeuniversity.com/rules/axe/2.2/duplicate-id?application=lighthouse).","rawValue":true,"extendedInfo":{},"name":"duplicate-id","description":"`[id]` attributes on the page are unique","scoringMode":"binary","details":{"header":{"text":"View failing elements","type":"text"},"type":"list","items":[]}},"score":100,"weight":5,"id":"duplicate-id","group":"a11y-well-structured"},{"result":{"displayValue":"","score":false,"helpText":"Screen reader users rely on frame titles to describe the contents of frames. [Learn more](https://dequeuniversity.com/rules/axe/2.2/frame-title?application=lighthouse).","rawValue":false,"name":"frame-title","description":"`<frame>` or `<iframe>` elements do not have a title","scoringMode":"binary","informative":true,"notApplicable":true},"score":100,"weight":0,"id":"frame-title","group":"a11y-describe-contents"},{"result":{"displayValue":"","score":false,"helpText":"If a page doesn't specify a lang attribute, a screen reader assumes that the page is in the default language that the user chose when setting up the screen reader. If the page isn't actually in the default language, then the screen reader might not announce the page's text correctly. [Learn more](https://dequeuniversity.com/rules/axe/2.2/html-lang?application=lighthouse).","rawValue":false,"extendedInfo":{"value":{"help":"<html> element must have a lang attribute","nodes":[{"failureSummary":"Fix any of the following:\n  The <html> element does not have a lang attribute","snippet":"<html>","path":"1,HTML","impact":"serious","html":"<html>","target":["html"]}],"impact":"serious","description":"Ensures every HTML document has a lang attribute","helpUrl":"https://dequeuniversity.com/rules/axe/3.0/html-has-lang?application=axeAPI","id":"html-has-lang","tags":["cat.language","wcag2a","wcag311"]}},"name":"html-has-lang","description":"`<html>` element does not have a `[lang]` attribute","scoringMode":"binary","details":{"header":{"text":"View failing elements","type":"text"},"type":"list","items":[{"snippet":"<html>","path":"1,HTML","selector":"html","type":"node"}]}},"score":0,"weight":4,"id":"html-has-lang","group":"a11y-language"},{"result":{"displayValue":"","score":false,"helpText":"Specifying a valid [BCP 47 language](https://www.w3.org/International/questions/qa-choosing-language-tags#question) helps screen readers announce text properly. [Learn more](https://dequeuniversity.com/rules/axe/2.2/valid-lang?application=lighthouse).","rawValue":false,"name":"html-lang-valid","description":"`<html>` element does not have a valid value for its `[lang]` attribute.","scoringMode":"binary","informative":true,"notApplicable":true},"score":100,"weight":0,"id":"html-lang-valid","group":"a11y-language"},{"result":{"displayValue":"","score":false,"helpText":"Informative elements should aim for short, descriptive alternate text. Decorative elements can be ignored with an empty alt attribute.[Learn more](https://dequeuniversity.com/rules/axe/2.2/image-alt?application=lighthouse).","rawValue":false,"name":"image-alt","description":"Image elements do not have `[alt]` attributes","scoringMode":"binary","informative":true,"notApplicable":true},"score":100,"weight":0,"id":"image-alt","group":"a11y-correct-attributes"},{"result":{"displayValue":"","score":false,"helpText":"When an image is being used as an `<input>` button, providing alternative text can help screen reader users understand the purpose of the button. [Learn more](https://dequeuniversity.com/rules/axe/2.2/input-image-alt?application=lighthouse).","rawValue":false,"name":"input-image-alt","description":"`<input type=\"image\">` elements do not have `[alt]` text","scoringMode":"binary","informative":true,"notApplicable":true},"score":100,"weight":0,"id":"input-image-alt","group":"a11y-correct-attributes"},{"result":{"displayValue":"","score":true,"helpText":"Labels ensure that form controls are announced properly by assistive technologies, like screen readers. [Learn more](https://dequeuniversity.com/rules/axe/2.2/label?application=lighthouse).","rawValue":true,"extendedInfo":{},"name":"label","description":"Form elements have associated labels","scoringMode":"binary","details":{"header":{"text":"View failing elements","type":"text"},"type":"list","items":[]}},"score":100,"weight":10,"id":"label","group":"a11y-describe-contents"},{"result":{"displayValue":"","score":false,"helpText":"A table being used for layout purposes should not include data elements, such as the th or caption elements or the summary attribute, because this can create a confusing experience for screen reader users. [Learn more](https://dequeuniversity.com/rules/axe/2.2/layout-table?application=lighthouse).","rawValue":false,"name":"layout-table","description":"Presentational `<table>` elements do not avoid using `<th>`, `<caption>` or the `[summary]` attribute.","scoringMode":"binary","informative":true,"notApplicable":true},"score":100,"weight":0,"id":"layout-table","group":"a11y-describe-contents"},{"result":{"displayValue":"","score":true,"helpText":"Link text (and alternate text for images, when used as links) that is discernible, unique, and focusable improves the navigation experience for screen reader users. [Learn more](https://dequeuniversity.com/rules/axe/2.2/link-name?application=lighthouse).","rawValue":true,"extendedInfo":{},"name":"link-name","description":"Links have a discernible name","scoringMode":"binary","details":{"header":{"text":"View failing elements","type":"text"},"type":"list","items":[]}},"score":100,"weight":9,"id":"link-name","group":"a11y-element-names"},{"result":{"displayValue":"","score":false,"helpText":"Screen readers have a specific way of announcing lists. Ensuring proper list structure aids screen reader output. [Learn more](https://dequeuniversity.com/rules/axe/2.2/list?application=lighthouse).","rawValue":false,"name":"list","description":"Lists do not contain only `<li>` elements and script supporting elements (`<script>` and `<template>`).","scoringMode":"binary","informative":true,"notApplicable":true},"score":100,"weight":0,"id":"list","group":"a11y-well-structured"},{"result":{"displayValue":"","score":false,"helpText":"Screen readers require list items (`<li>`) to be contained within a parent `<ul>` or `<ol>` to be announced properly. [Learn more](https://dequeuniversity.com/rules/axe/2.2/listitem?application=lighthouse).","rawValue":false,"name":"listitem","description":"List items (`<li>`) are not contained within `<ul>` or `<ol>` parent elements.","scoringMode":"binary","informative":true,"notApplicable":true},"score":100,"weight":0,"id":"listitem","group":"a11y-well-structured"},{"result":{"displayValue":"","score":false,"helpText":"Users do not expect a page to refresh automatically, and doing so will move focus back to the top of the page. This may create a frustrating or confusing experience. [Learn more](https://dequeuniversity.com/rules/axe/2.2/meta-refresh?application=lighthouse).","rawValue":false,"name":"meta-refresh","description":"The document uses `<meta http-equiv=\"refresh\">`","scoringMode":"binary","informative":true,"notApplicable":true},"score":100,"weight":0,"id":"meta-refresh","group":"a11y-meta"},{"result":{"displayValue":"","score":false,"helpText":"Disabling zooming is problematic for users with low vision who rely on screen magnification to properly see the contents of a web page. [Learn more](https://dequeuniversity.com/rules/axe/2.2/meta-viewport?application=lighthouse).","rawValue":false,"extendedInfo":{"value":{"help":"Zooming and scaling must not be disabled","nodes":[{"failureSummary":"Fix any of the following:\n  <meta> tag disables zooming on mobile devices","snippet":"<meta name=\"viewport\" content=\"width=device-width,initial-scale=1,maximum-scale=1,minimum-scale=1,user-scalable=no\">","path":"1,HTML,1,HEAD,1,META","impact":"critical","html":"<meta name=\"viewport\" content=\"width=device-width,initial-scale=1,maximum-scale=1,minimum-scale=1,user-scalable=no\">","target":["meta[name=\"viewport\"]"]}],"impact":"critical","description":"Ensures <meta name=\"viewport\"> does not disable text scaling and zooming","helpUrl":"https://dequeuniversity.com/rules/axe/3.0/meta-viewport?application=axeAPI","id":"meta-viewport","tags":["cat.sensory-and-visual-cues","wcag2aa","wcag144"]}},"name":"meta-viewport","description":"`[user-scalable=\"no\"]` is used in the `<meta name=\"viewport\">` element or the `[maximum-scale]` attribute is less than 5.","scoringMode":"binary","details":{"header":{"text":"View failing elements","type":"text"},"type":"list","items":[{"snippet":"<meta name=\"viewport\" content=\"width=device-width,initial-scale=1,maximum-scale=1,minimum-scale=1,user-scalable=no\">","path":"1,HTML,1,HEAD,1,META","selector":"meta[name=\"viewport\"]","type":"node"}]}},"score":0,"weight":3,"id":"meta-viewport","group":"a11y-meta"},{"result":{"displayValue":"","score":false,"helpText":"Screen readers cannot translate non-text content. Adding alt text to `<object>` elements helps screen readers convey meaning to users. [Learn more](https://dequeuniversity.com/rules/axe/2.2/object-alt?application=lighthouse).","rawValue":false,"name":"object-alt","description":"`<object>` elements do not have `[alt]` text","scoringMode":"binary","informative":true,"notApplicable":true},"score":100,"weight":0,"id":"object-alt","group":"a11y-describe-contents"},{"result":{"displayValue":"","score":true,"helpText":"A value greater than 0 implies an explicit navigation ordering. Although technically valid, this often creates frustrating experiences for users who rely on assistive technologies. [Learn more](https://dequeuniversity.com/rules/axe/2.2/tabindex?application=lighthouse).","rawValue":true,"extendedInfo":{},"name":"tabindex","description":"No element has a `[tabindex]` value greater than 0","scoringMode":"binary","details":{"header":{"text":"View failing elements","type":"text"},"type":"list","items":[]}},"score":100,"weight":4,"id":"tabindex","group":"a11y-correct-attributes"},{"result":{"displayValue":"","score":false,"helpText":"Screen readers have features to make navigating tables easier. Ensuring `<td>` cells using the `[headers]` attribute only refer to other cells in the same table may improve the experience for screen reader users. [Learn more](https://dequeuniversity.com/rules/axe/2.2/td-headers-attr?application=lighthouse).","rawValue":false,"name":"td-headers-attr","description":"Cells in a `<table>` element that use the `[headers]` attribute refers to other cells of that same table.","scoringMode":"binary","informative":true,"notApplicable":true},"score":100,"weight":0,"id":"td-headers-attr","group":"a11y-correct-attributes"},{"result":{"displayValue":"","score":false,"helpText":"Screen readers have features to make navigating tables easier. Ensuring table headers always refer to some set of cells may improve the experience for screen reader users. [Learn more](https://dequeuniversity.com/rules/axe/2.2/th-has-data-cells?application=lighthouse).","rawValue":false,"name":"th-has-data-cells","description":"`<th>` elements and elements with `[role=\"columnheader\"/\"rowheader\"]` do not have data cells they describe.","scoringMode":"binary","informative":true,"notApplicable":true},"score":100,"weight":0,"id":"th-has-data-cells","group":"a11y-correct-attributes"},{"result":{"displayValue":"","score":false,"helpText":"Specifying a valid [BCP 47 language](https://www.w3.org/International/questions/qa-choosing-language-tags#question) on elements helps ensure that text is pronounced correctly by a screen reader. [Learn more](https://dequeuniversity.com/rules/axe/2.2/valid-lang?application=lighthouse).","rawValue":false,"name":"valid-lang","description":"`[lang]` attributes do not have a valid value","scoringMode":"binary","informative":true,"notApplicable":true},"score":100,"weight":0,"id":"valid-lang","group":"a11y-language"},{"result":{"displayValue":"","score":false,"helpText":"When a video provides a caption it is easier for deaf and hearing impaired users to access its information. [Learn more](https://dequeuniversity.com/rules/axe/2.2/video-caption?application=lighthouse).","rawValue":false,"name":"video-caption","description":"`<video>` elements do not contain a `<track>` element with `[kind=\"captions\"]`.","scoringMode":"binary","informative":true,"notApplicable":true},"score":100,"weight":0,"id":"video-caption","group":"a11y-describe-contents"},{"result":{"displayValue":"","score":false,"helpText":"Audio descriptions provide relevant information for videos that dialogue cannot, such as facial expressions and scenes. [Learn more](https://dequeuniversity.com/rules/axe/2.2/video-description?application=lighthouse).","rawValue":false,"name":"video-description","description":"`<video>` elements do not contain a `<track>` element with `[kind=\"description\"]`.","scoringMode":"binary","informative":true,"notApplicable":true},"score":100,"weight":0,"id":"video-description","group":"a11y-describe-contents"},{"result":{"displayValue":"","score":false,"helpText":"Tabbing through the page follows the visual layout. Users cannot focus elements that are offscreen. [Learn more](https://developers.google.com/web/fundamentals/accessibility/how-to-review#start_with_the_keyboard).","rawValue":false,"name":"logical-tab-order","description":"The page has a logical tab order","scoringMode":"binary","informative":true,"manual":true},"score":0,"weight":0,"id":"logical-tab-order","group":"manual-a11y-checks"},{"result":{"displayValue":"","score":false,"helpText":"Custom interactive controls are keyboard focusable and display a focus indicator. [Learn more](https://developers.google.com/web/fundamentals/accessibility/how-to-review#start_with_the_keyboard).","rawValue":false,"name":"focusable-controls","description":"Interactive controls are keyboard focusable","scoringMode":"binary","informative":true,"manual":true},"score":0,"weight":0,"id":"focusable-controls","group":"manual-a11y-checks"},{"result":{"displayValue":"","score":false,"helpText":"If new content, such as a dialog, is added to the page, the user's focus is directed to it. [Learn more](https://developers.google.com/web/fundamentals/accessibility/how-to-review#start_with_the_keyboard).","rawValue":false,"name":"managed-focus","description":"The user's focus is directed to new content added to the page","scoringMode":"binary","informative":true,"manual":true},"score":0,"weight":0,"id":"managed-focus","group":"manual-a11y-checks"},{"result":{"displayValue":"","score":false,"helpText":"A user can tab into and out of any control or region without accidentally trapping their focus. [Learn more](https://developers.google.com/web/fundamentals/accessibility/how-to-review#start_with_the_keyboard).","rawValue":false,"name":"focus-traps","description":"User focus is not accidentally trapped in a region","scoringMode":"binary","informative":true,"manual":true},"score":0,"weight":0,"id":"focus-traps","group":"manual-a11y-checks"},{"result":{"displayValue":"","score":false,"helpText":"Custom interactive controls have associated labels, provided by aria-label or aria-labelledby. [Learn more](https://developers.google.com/web/fundamentals/accessibility/how-to-review#try_it_with_a_screen_reader).","rawValue":false,"name":"custom-controls-labels","description":"Custom controls have associated labels","scoringMode":"binary","informative":true,"manual":true},"score":0,"weight":0,"id":"custom-controls-labels","group":"manual-a11y-checks"},{"result":{"displayValue":"","score":false,"helpText":"Custom interactive controls have appropriate ARIA roles. [Learn more](https://developers.google.com/web/fundamentals/accessibility/how-to-review#try_it_with_a_screen_reader).","rawValue":false,"name":"custom-controls-roles","description":"Custom controls have ARIA roles","scoringMode":"binary","informative":true,"manual":true},"score":0,"weight":0,"id":"custom-controls-roles","group":"manual-a11y-checks"},{"result":{"displayValue":"","score":false,"helpText":"DOM order matches the visual order, improving navigation for assistive technology. [Learn more](https://developers.google.com/web/fundamentals/accessibility/how-to-review#try_it_with_a_screen_reader).","rawValue":false,"name":"visual-order-follows-dom","description":"Visual order on the page follows DOM order","scoringMode":"binary","informative":true,"manual":true},"score":0,"weight":0,"id":"visual-order-follows-dom","group":"manual-a11y-checks"},{"result":{"displayValue":"","score":false,"helpText":"Offscreen content is hidden with display: none or aria-hidden=true. [Learn more](https://developers.google.com/web/fundamentals/accessibility/how-to-review#try_it_with_a_screen_reader).","rawValue":false,"name":"offscreen-content-hidden","description":"Offscreen content is hidden from assistive technology","scoringMode":"binary","informative":true,"manual":true},"score":0,"weight":0,"id":"offscreen-content-hidden","group":"manual-a11y-checks"},{"result":{"displayValue":"","score":false,"helpText":"Headings are used to create an outline for the page and heading levels are not skipped. [Learn more](https://developers.google.com/web/fundamentals/accessibility/how-to-review#take_advantage_of_headings_and_landmarks).","rawValue":false,"name":"heading-levels","description":"Headings don't skip levels","scoringMode":"binary","informative":true,"manual":true},"score":0,"weight":0,"id":"heading-levels","group":"manual-a11y-checks"},{"result":{"displayValue":"","score":false,"helpText":"Landmark elements (<main>, <nav>, etc.) are used to improve the keyboard navigation of the page for assistive technology. [Learn more](https://developers.google.com/web/fundamentals/accessibility/how-to-review#take_advantage_of_headings_and_landmarks).","rawValue":false,"name":"use-landmarks","description":"HTML5 landmark elements are used to improve navigation","scoringMode":"binary","informative":true,"manual":true},"score":0,"weight":0,"id":"use-landmarks","group":"manual-a11y-checks"}]},{"score":86.66666666666667,"name":"Best Practices","description":"We've compiled some recommendations for modernizing your web app and avoiding performance pitfalls.","id":"best-practices","audits":[{"result":{"displayValue":"","score":true,"debugString":"","helpText":"Application Cache is deprecated. [Learn more](https://developers.google.com/web/tools/lighthouse/audits/appcache).","rawValue":true,"name":"appcache-manifest","description":"Avoids Application Cache","scoringMode":"binary"},"score":100,"weight":1,"id":"appcache-manifest"},{"result":{"displayValue":"","score":true,"debugString":"","helpText":"Web SQL is deprecated. Consider using IndexedDB instead. [Learn more](https://developers.google.com/web/tools/lighthouse/audits/web-sql).","rawValue":true,"name":"no-websql","description":"Avoids WebSQL DB","scoringMode":"binary"},"score":100,"weight":1,"id":"no-websql"},{"result":{"displayValue":"5 requests were not handled over HTTP/2","score":false,"helpText":"HTTP/2 offers many benefits over HTTP/1.1, including binary headers, multiplexing, and server push. [Learn more](https://developers.google.com/web/tools/lighthouse/audits/http2).","rawValue":false,"extendedInfo":{"value":{"results":[{"protocol":"http/1.1","url":"http://web/"},{"protocol":"http/1.1","url":"http://web/static/js/manifest.9f020e973ae4037504f6.js"},{"protocol":"http/1.1","url":"http://web/static/js/vendor.d1efda22f11e965a5228.js"},{"protocol":"http/1.1","url":"http://web/static/js/app.310cd52123c59f9f64a5.js"},{"protocol":"http/1.1","url":"http://web/static/css/app.a1bcfeb0daa2a3f727390086fd42ee9d.css"}]}},"name":"uses-http2","description":"Does not use HTTP/2 for all of its resources","scoringMode":"binary","details":{"itemHeaders":[{"itemType":"url","text":"URL","type":"text"},{"itemType":"text","text":"Protocol","type":"text"}],"header":"View Details","type":"table","items":[[{"text":"http://web/","type":"url"},{"text":"http/1.1","type":"text"}],[{"text":"http://web/static/js/manifest.9f020e973ae4037504f6.js","type":"url"},{"text":"http/1.1","type":"text"}],[{"text":"http://web/static/js/vendor.d1efda22f11e965a5228.js","type":"url"},{"text":"http/1.1","type":"text"}],[{"text":"http://web/static/js/app.310cd52123c59f9f64a5.js","type":"url"},{"text":"http/1.1","type":"text"}],[{"text":"http://web/static/css/app.a1bcfeb0daa2a3f727390086fd42ee9d.css","type":"url"},{"text":"http/1.1","type":"text"}]]}},"score":0,"weight":1,"id":"uses-http2"},{"result":{"displayValue":"","score":true,"helpText":"Consider marking your touch and wheel event listeners as `passive` to improve your page's scroll performance. [Learn more](https://developers.google.com/web/tools/lighthouse/audits/passive-event-listeners).","rawValue":true,"extendedInfo":{"value":[]},"name":"uses-passive-event-listeners","description":"Uses passive listeners to improve scrolling performance","scoringMode":"binary","details":{"itemHeaders":[{"itemType":"url","text":"URL","type":"text"},{"itemType":"text","text":"Location","type":"text"}],"header":"View Details","type":"table","items":[]}},"score":100,"weight":1,"id":"uses-passive-event-listeners"},{"result":{"displayValue":"","score":true,"helpText":"Mutation Events are deprecated and harm performance. Consider using Mutation Observers instead. [Learn more](https://developers.google.com/web/tools/lighthouse/audits/mutation-events).","rawValue":true,"extendedInfo":{"value":{"results":[]}},"name":"no-mutation-events","description":"Avoids Mutation Events in its own scripts","scoringMode":"binary","details":{"itemHeaders":[{"itemType":"url","text":"URL","type":"text"},{"itemType":"code","text":"Event","type":"text"},{"itemType":"text","text":"Line","type":"text"},{"itemType":"text","text":"Col","type":"text"},{"itemType":"code","text":"Snippet","type":"text"}],"header":"View Details","type":"table","items":[]}},"score":100,"weight":1,"id":"no-mutation-events"},{"result":{"displayValue":"","score":true,"helpText":"For users on slow connections, external scripts dynamically injected via `document.write()` can delay page load by tens of seconds. [Learn more](https://developers.google.com/web/tools/lighthouse/audits/document-write).","rawValue":true,"extendedInfo":{"value":[]},"name":"no-document-write","description":"Avoids `document.write()`","scoringMode":"binary","details":{"itemHeaders":[{"itemType":"url","text":"URL","type":"text"},{"itemType":"text","text":"Location","type":"text"}],"header":"View Details","type":"table","items":[]}},"score":100,"weight":1,"id":"no-document-write"},{"result":{"displayValue":"","score":true,"helpText":"Open new tabs using `rel=\"noopener\"` to improve performance and prevent security vulnerabilities. [Learn more](https://developers.google.com/web/tools/lighthouse/audits/noopener).","rawValue":true,"extendedInfo":{"value":[]},"name":"external-anchors-use-rel-noopener","description":"Opens external anchors using `rel=\"noopener\"`","scoringMode":"binary","details":{"itemHeaders":[{"itemType":"url","text":"URL","type":"text"},{"itemType":"text","text":"Target","type":"text"},{"itemType":"text","text":"Rel","type":"text"}],"header":"View Details","type":"table","items":[]}},"score":100,"weight":1,"id":"external-anchors-use-rel-noopener"},{"result":{"displayValue":"","score":true,"helpText":"Users are mistrustful of or confused by sites that request their location without context. Consider tying the request to user gestures instead. [Learn more](https://developers.google.com/web/tools/lighthouse/audits/geolocation-on-load).","rawValue":true,"extendedInfo":{"value":[]},"name":"geolocation-on-start","description":"Avoids requesting the geolocation permission on page load","scoringMode":"binary","details":{"itemHeaders":[{"itemType":"url","text":"URL","type":"text"},{"itemType":"text","text":"Location","type":"text"}],"header":"View Details","type":"table","items":[]}},"score":100,"weight":1,"id":"geolocation-on-start"},{"result":{"displayValue":"","score":true,"helpText":"Some third-party scripts may contain known security vulnerabilities  that are easily identified and exploited by attackers.","rawValue":true,"name":"no-vulnerable-libraries","description":"Avoids front-end JavaScript libraries with known security vulnerabilities","scoringMode":"binary"},"score":100,"weight":1,"id":"no-vulnerable-libraries"},{"result":{"displayValue":"","score":true,"helpText":"Users are mistrustful of or confused by sites that request to send notifications without context. Consider tying the request to user gestures instead. [Learn more](https://developers.google.com/web/tools/lighthouse/audits/notifications-on-load).","rawValue":true,"extendedInfo":{"value":[]},"name":"notification-on-start","description":"Avoids requesting the notification permission on page load","scoringMode":"binary","details":{"itemHeaders":[{"itemType":"url","text":"URL","type":"text"},{"itemType":"text","text":"Location","type":"text"}],"header":"View Details","type":"table","items":[]}},"score":100,"weight":1,"id":"notification-on-start"},{"result":{"displayValue":"","score":true,"helpText":"Deprecated APIs will eventually be removed from the browser. [Learn more](https://www.chromestatus.com/features#deprecated).","rawValue":true,"extendedInfo":{"value":[]},"name":"deprecations","description":"Avoids deprecated APIs","scoringMode":"binary","details":{"itemHeaders":[{"itemType":"code","text":"Deprecation / Warning","type":"text"},{"itemType":"url","text":"URL","type":"text"},{"itemType":"text","text":"Line","type":"text"}],"header":"View Details","type":"table","items":[]}},"score":100,"weight":1,"id":"deprecations"},{"result":{"displayValue":"","score":false,"helpText":"Make your app's `short_name` fewer than 12 characters to ensure that it's not truncated on homescreens. [Learn more](https://developers.google.com/web/tools/lighthouse/audits/manifest-short_name-is-not-truncated).","rawValue":false,"name":"manifest-short-name-length","description":"Manifest's `short_name` will be truncated when displayed on homescreen","scoringMode":"binary"},"score":0,"weight":1,"id":"manifest-short-name-length"},{"result":{"displayValue":"","score":true,"helpText":"Preventing password pasting undermines good security policy. [Learn more](https://www.ncsc.gov.uk/blog-post/let-them-paste-passwords)","rawValue":true,"extendedInfo":{"value":[]},"name":"password-inputs-can-be-pasted-into","description":"Allows users to paste into password fields","scoringMode":"binary","details":{"header":{"text":"Password inputs that prevent pasting into","type":"text"},"type":"list","items":[]}},"score":100,"weight":1,"id":"password-inputs-can-be-pasted-into"},{"result":{"displayValue":"","score":true,"helpText":"Errors logged to the console indicate unresolved problems. They can come from network request failures and other browser concerns.","rawValue":0,"name":"errors-in-console","description":"No browser errors logged to the console","scoringMode":"binary","details":{"itemHeaders":[{"itemType":"url","text":"URL","type":"text"},{"itemType":"code","text":"Description","type":"text"}],"header":"View Details","type":"table","items":[]}},"score":100,"weight":1,"id":"errors-in-console"},{"result":{"displayValue":"","score":true,"helpText":"Image display dimensions should match natural aspect ratio.","rawValue":true,"name":"image-aspect-ratio","description":"Displays images with correct aspect ratio","scoringMode":"binary","details":{"itemHeaders":[{"itemType":"thumbnail","text":"","type":"text"},{"itemType":"url","text":"URL","type":"text"},{"itemType":"text","text":"Aspect Ratio (Displayed)","type":"text"},{"itemType":"text","text":"Aspect Ratio (Actual)","type":"text"}],"header":"View Details","type":"table","items":[]}},"score":100,"weight":1,"id":"image-aspect-ratio"}]},{"score":50,"name":"SEO","description":"These checks ensure that your page is optimized for search engine results ranking. There are additional factors Lighthouse does not check that may affect your search ranking. [Learn more](https://support.google.com/webmasters/answer/35769).","id":"seo","audits":[{"result":{"displayValue":"","score":true,"debugString":"","helpText":"Add a viewport meta tag to optimize your app for mobile screens. [Learn more](https://developers.google.com/web/tools/lighthouse/audits/has-viewport-meta-tag).","rawValue":true,"name":"viewport","description":"Has a `<meta name=\"viewport\">` tag with `width` or `initial-scale`","scoringMode":"binary"},"score":100,"weight":1,"id":"viewport","group":"seo-mobile"},{"result":{"displayValue":"","score":true,"helpText":"The title gives screen reader users an overview of the page, and search engine users rely on it heavily to determine if a page is relevant to their search. [Learn more](https://developers.google.com/web/tools/lighthouse/audits/title).","rawValue":true,"extendedInfo":{},"name":"document-title","description":"Document has a `<title>` element","scoringMode":"binary","details":{"header":{"text":"View failing elements","type":"text"},"type":"list","items":[]}},"score":100,"weight":1,"id":"document-title","group":"seo-content"},{"result":{"displayValue":"","score":false,"helpText":"Meta descriptions may be included in search results to concisely summarize page content. [Learn more](https://developers.google.com/web/tools/lighthouse/audits/description).","rawValue":false,"name":"meta-description","description":"Document does not have a meta description","scoringMode":"binary"},"score":0,"weight":1,"id":"meta-description","group":"seo-content"},{"result":{"displayValue":"","score":null,"debugString":"Audit error: Unable to identify the main resource","helpText":"Pages with unsuccessful HTTP status codes may not be indexed properly. [Learn more](https://developers.google.com/web/tools/lighthouse/audits/successful-http-code).","rawValue":null,"name":"http-status-code","description":"Page has unsuccessful HTTP status code","scoringMode":"binary","error":true},"score":0,"weight":1,"id":"http-status-code","group":"seo-crawl"},{"result":{"displayValue":"","score":true,"helpText":"Descriptive link text helps search engines understand your content. [Learn more](https://developers.google.com/web/tools/lighthouse/audits/descriptive-link-text).","rawValue":true,"name":"link-text","description":"Links have descriptive text","scoringMode":"binary","details":{"itemHeaders":[{"itemType":"url","text":"Link destination","type":"text"},{"itemType":"text","text":"Link Text","type":"text"}],"header":"View Details","type":"table","items":[]}},"score":100,"weight":1,"id":"link-text","group":"seo-content"},{"result":{"displayValue":"","score":null,"debugString":"Audit error: Unable to identify the main resource","helpText":"Search engines are unable to include your pages in search results if they don't have permission to crawl them. [Learn more](https://developers.google.com/web/tools/lighthouse/audits/indexing).","rawValue":null,"name":"is-crawlable","description":"Page is blocked from indexing","scoringMode":"binary","error":true},"score":0,"weight":1,"id":"is-crawlable","group":"seo-crawl"},{"result":{"displayValue":"","score":null,"debugString":"Audit error: Unable to identify the main resource","helpText":"hreflang allows crawlers to discover alternate translations of the page content. [Learn more](https://support.google.com/webmasters/answer/189077).","rawValue":null,"name":"hreflang","description":"Document doesn't have a valid `hreflang`","scoringMode":"binary","error":true},"score":0,"weight":1,"id":"hreflang","group":"seo-content"},{"result":{"displayValue":"","score":null,"debugString":"Audit error: Unable to identify the main resource","helpText":"Canonical links suggest which URL to show in search results. [Learn more](https://developers.google.com/web/tools/lighthouse/audits/canonical).","rawValue":null,"name":"canonical","description":"Document does not have a valid `rel=canonical`","scoringMode":"binary","error":true},"score":0,"weight":1,"id":"canonical","group":"seo-content"},{"result":{"displayValue":"","score":true,"debugString":null,"helpText":"Font sizes less than 12px are too small to be legible and require mobile visitors to \u201cpinch to zoom\u201d in order to read. Strive to have >60% of page text ≥12px. [Learn more](https://developers.google.com/web/tools/lighthouse/audits/font-sizes).","rawValue":true,"name":"font-size","description":"Document uses legible font sizes","scoringMode":"binary","details":{"itemHeaders":[{"itemType":"url","text":"Source","type":"text"},{"itemType":"code","text":"Selector","type":"text"},{"itemType":"text","text":"% of Page Text","type":"text"},{"itemType":"text","text":"Font Size","type":"text"}],"header":"View Details","type":"table","items":[[{"text":"Legible text","type":"url"},{"text":null,"type":"code"},{"text":"100.00%","type":"text"},{"text":"≥ 12px","type":"text"}]]}},"score":100,"weight":1,"id":"font-size","group":"seo-mobile"},{"result":{"displayValue":"","score":true,"helpText":"Most mobile devices do not support plugins, and many desktop browsers restrict them.","rawValue":true,"name":"plugins","description":"Document avoids plugins","scoringMode":"binary","details":{"itemHeaders":[{"itemType":"code","text":"Element source","type":"text"}],"header":"View Details","type":"table","items":[]}},"score":100,"weight":1,"id":"plugins","group":"seo-content"},{"result":{"displayValue":"","score":false,"helpText":"Take the [Mobile-Friendly Test](https://search.google.com/test/mobile-friendly) to check for audits not covered by Lighthouse, like sizing tap targets appropriately. [Learn more](https://developers.google.com/search/mobile-sites/).","rawValue":false,"name":"mobile-friendly","description":"Page is mobile friendly","scoringMode":"binary","informative":true,"manual":true},"score":0,"weight":0,"id":"mobile-friendly","group":"manual-seo-checks"},{"result":{"displayValue":"","score":false,"helpText":"Run the [Structured Data Testing Tool](https://search.google.com/structured-data/testing-tool/) and the [Structured Data Linter](http://linter.structured-data.org/) to validate structured data. [Learn more](https://developers.google.com/search/docs/guides/mark-up-content).","rawValue":false,"name":"structured-data","description":"Structured data is valid","scoringMode":"binary","informative":true,"manual":true},"score":0,"weight":0,"id":"structured-data","group":"manual-seo-checks"}]}],"timing":{"total":19151},"reportGroups":{"a11y-color-contrast":{"description":"These are opportunities to improve the legibility of your content.","title":"Color Contrast Is Satisfactory"},"perf-metric":{"description":"These metrics encapsulate your web app's performance across a number of dimensions.","title":"Metrics"},"a11y-aria":{"description":"These are opportunities to improve the usage of ARIA in your application which may enhance the experience for users of assistive technology, like a screen reader.","title":"ARIA Attributes Follow Best Practices"},"a11y-element-names":{"description":"These are opportunities to improve the semantics of the controls in your application. This may enhance the experience for users of assistive technology, like a screen reader.","title":"Elements Have Discernible Names"},"a11y-well-structured":{"description":"These are opportunities to make sure your HTML is appropriately structured.","title":"Elements Are Well Structured"},"seo-content":{"description":"Format your HTML in a way that enables crawlers to better understand your app\u2019s content.","title":"Content Best Practices"},"a11y-correct-attributes":{"description":"These are opportunities to improve the configuration of your HTML elements.","title":"Elements Use Attributes Correctly"},"perf-hint":{"description":"These are opportunities to speed up your application by optimizing the following resources.","title":"Opportunities"},"seo-crawl":{"description":"To appear in search results, crawlers need access to your app.","title":"Crawling and Indexing"},"a11y-describe-contents":{"description":"These are opportunities to make your content easier to understand for a user of assistive technology, like a screen reader.","title":"Elements Describe Contents Well"},"a11y-language":{"description":"These are opportunities to improve the interpretation of your content by users in different locales.","title":"Page Specifies Valid Language"},"manual-a11y-checks":{"description":"These items address areas which an automated testing tool cannot cover. Learn more in our guide on [conducting an accessibility review](https://developers.google.com/web/fundamentals/accessibility/how-to-review).","title":"Additional items to manually check"},"seo-mobile":{"description":"Make sure your pages are mobile friendly so users don\u2019t have to pinch or zoom in order to read the content pages. [Learn more](https://developers.google.com/search/mobile-sites/).","title":"Mobile Friendly"},"perf-info":{"description":"More information about the performance of your application.","title":"Diagnostics"},"manual-pwa-checks":{"description":"These checks are required by the baseline [PWA Checklist](https://developers.google.com/web/progressive-web-apps/checklist) but are not automatically checked by Lighthouse. They do not affect your score but it's important that you verify them manually.","title":"Additional items to manually check"},"a11y-meta":{"description":"These are opportunities to improve the user experience of your site.","title":"Meta Tags Used Properly"},"manual-seo-checks":{"description":"Run these additional validators on your site to check additional SEO best practices.","title":"Additional items to manually check"}},"runWarnings":[],"userAgent":"Mozilla/5.0 (X11; Linux x86_64) AppleWebKit/537.36 (KHTML, like Gecko) HeadlessChrome/69.0.3458.0 Safari/537.36","runtimeConfig":{"blockedUrlPatterns":[],"environment":[{"name":"Device Emulation","description":"Nexus 5X","enabled":true},{"name":"Network Throttling","description":"562.5ms RTT, 1.4Mbps down, 0.7Mbps up","enabled":true},{"name":"CPU Throttling","description":"4x slowdown","enabled":true}],"extraHeaders":{}},"lighthouseVersion":"2.9.4","audits":{"plugins":{"displayValue":"","score":true,"helpText":"Most mobile devices do not support plugins, and many desktop browsers restrict them.","rawValue":true,"name":"plugins","description":"Document avoids plugins","scoringMode":"binary","details":{"itemHeaders":[{"itemType":"code","text":"Element source","type":"text"}],"header":"View Details","type":"table","items":[]}},"aria-required-parent":{"displayValue":"","score":false,"helpText":"Some ARIA child roles must be contained by specific parent roles to properly perform their intended accessibility functions. [Learn more](https://dequeuniversity.com/rules/axe/2.2/aria-required-parent?application=lighthouse).","rawValue":false,"name":"aria-required-parent","description":"`[role]`s are not contained by their required parent element","scoringMode":"binary","informative":true,"notApplicable":true},"custom-controls-labels":{"displayValue":"","score":false,"helpText":"Custom interactive controls have associated labels, provided by aria-label or aria-labelledby. [Learn more](https://developers.google.com/web/fundamentals/accessibility/how-to-review#try_it_with_a_screen_reader).","rawValue":false,"name":"custom-controls-labels","description":"Custom controls have associated labels","scoringMode":"binary","informative":true,"manual":true},"link-name":{"displayValue":"","score":true,"helpText":"Link text (and alternate text for images, when used as links) that is discernible, unique, and focusable improves the navigation experience for screen reader users. [Learn more](https://dequeuniversity.com/rules/axe/2.2/link-name?application=lighthouse).","rawValue":true,"extendedInfo":{},"name":"link-name","description":"Links have a discernible name","scoringMode":"binary","details":{"header":{"text":"View failing elements","type":"text"},"type":"list","items":[]}},"offscreen-images":{"displayValue":"","score":100,"helpText":"Consider lazy-loading offscreen and hidden images to improve page load speed and time to interactive. [Learn more](https://developers.google.com/web/tools/lighthouse/audits/offscreen-images).","rawValue":0,"extendedInfo":{"value":{"wastedKb":0,"wastedMs":0,"results":[]}},"name":"offscreen-images","description":"Offscreen images","scoringMode":"binary","informative":true,"details":{"itemHeaders":[{"itemType":"thumbnail","text":"","type":"text"},{"itemType":"url","text":"URL","type":"text"},{"itemType":"text","text":"Original","type":"text"},{"itemType":"text","text":"Potential Savings","type":"text"}],"header":"View Details","type":"table","items":[]}},"first-interactive":{"displayValue":"6,460 ms","score":71,"helpText":"First Interactive marks the time at which the page is minimally interactive. [Learn more](https://developers.google.com/web/tools/lighthouse/audits/first-interactive).","rawValue":6460.149,"extendedInfo":{"value":{"timeInMs":6460.149,"timestamp":8650059653847}},"name":"first-interactive","description":"First Interactive (beta)","scoringMode":"numeric"},"button-name":{"displayValue":"","score":false,"helpText":"When a button doesn't have an accessible name, screen readers announce it as \"button\", making it unusable for users who rely on screen readers. [Learn more](https://dequeuniversity.com/rules/axe/2.2/button-name?application=lighthouse).","rawValue":false,"extendedInfo":{"value":{"help":"Buttons must have discernible text","nodes":[{"failureSummary":"Fix all of the following:\n  Element is in tab order and does not have accessible text\n\nFix any of the following:\n  Element has a value attribute and the value attribute is empty\n  Element has no value attribute or the value attribute is empty\n  Element does not have inner text that is visible to screen readers\n  aria-label attribute does not exist or is empty\n  aria-labelledby attribute does not exist, references elements that do not exist or references elements that are empty or not visible\n  Element's default semantics were not overridden with role=\"presentation\"\n  Element's default semantics were not overridden with role=\"none\"","snippet":"<button type=\"button\" class=\"toolbar__side-icon btn btn--icon\">","path":"1,HTML,2,BODY,0,MAIN,0,DIV,1,DIV,2,NAV,0,DIV,0,BUTTON","impact":"critical","html":"<button type=\"button\" class=\"toolbar__side-icon btn btn--icon\"><div class=\"btn__content\"><i aria-hidden=\"true\" class=\"icon material-icons\">menu<\/i><\/div><\/button>","target":[".toolbar__side-icon"]},{"failureSummary":"Fix all of the following:\n  Element is in tab order and does not have accessible text\n\nFix any of the following:\n  Element has a value attribute and the value attribute is empty\n  Element has no value attribute or the value attribute is empty\n  Element does not have inner text that is visible to screen readers\n  aria-label attribute does not exist or is empty\n  aria-labelledby attribute does not exist, references elements that do not exist or references elements that are empty or not visible\n  Element's default semantics were not overridden with role=\"presentation\"\n  Element's default semantics were not overridden with role=\"none\"","snippet":"<button type=\"button\" class=\"btn btn--icon\">","path":"1,HTML,2,BODY,0,MAIN,0,DIV,1,DIV,2,NAV,0,DIV,4,SPAN,0,SPAN,0,BUTTON","impact":"critical","html":"<button type=\"button\" class=\"btn btn--icon\"><div class=\"btn__content\"><i aria-hidden=\"true\" class=\"icon fa fa-sign-out\"><\/i><\/div><\/button>","target":["span > .btn--icon"]}],"impact":"critical","description":"Ensures buttons have discernible text","helpUrl":"https://dequeuniversity.com/rules/axe/3.0/button-name?application=axeAPI","id":"button-name","tags":["cat.name-role-value","wcag2a","wcag412","section508","section508.22.a"]}},"name":"button-name","description":"Buttons do not have an accessible name","scoringMode":"binary","details":{"header":{"text":"View failing elements","type":"text"},"type":"list","items":[{"snippet":"<button type=\"button\" class=\"toolbar__side-icon btn btn--icon\">","path":"1,HTML,2,BODY,0,MAIN,0,DIV,1,DIV,2,NAV,0,DIV,0,BUTTON","selector":".toolbar__side-icon","type":"node"},{"snippet":"<button type=\"button\" class=\"btn btn--icon\">","path":"1,HTML,2,BODY,0,MAIN,0,DIV,1,DIV,2,NAV,0,DIV,4,SPAN,0,SPAN,0,BUTTON","selector":"span > .btn--icon","type":"node"}]}},"unminified-css":{"displayValue":"","score":100,"helpText":"Minifying CSS files can reduce network payload sizes. [Learn more](https://developers.google.com/speed/docs/insights/MinifyResources).","rawValue":0,"extendedInfo":{"value":{"wastedKb":0,"wastedMs":0,"results":[]}},"name":"unminified-css","description":"Minify CSS","scoringMode":"binary","informative":true,"details":{"itemHeaders":[{"itemType":"url","text":"URL","type":"text"},{"itemType":"text","text":"Original","type":"text"},{"itemType":"text","text":"Potential Savings","type":"text"}],"header":"View Details","type":"table","items":[]}},"input-image-alt":{"displayValue":"","score":false,"helpText":"When an image is being used as an `<input>` button, providing alternative text can help screen reader users understand the purpose of the button. [Learn more](https://dequeuniversity.com/rules/axe/2.2/input-image-alt?application=lighthouse).","rawValue":false,"name":"input-image-alt","description":"`<input type=\"image\">` elements do not have `[alt]` text","scoringMode":"binary","informative":true,"notApplicable":true},"uses-http2":{"displayValue":"5 requests were not handled over HTTP/2","score":false,"helpText":"HTTP/2 offers many benefits over HTTP/1.1, including binary headers, multiplexing, and server push. [Learn more](https://developers.google.com/web/tools/lighthouse/audits/http2).","rawValue":false,"extendedInfo":{"value":{"results":[{"protocol":"http/1.1","url":"http://web/"},{"protocol":"http/1.1","url":"http://web/static/js/manifest.9f020e973ae4037504f6.js"},{"protocol":"http/1.1","url":"http://web/static/js/vendor.d1efda22f11e965a5228.js"},{"protocol":"http/1.1","url":"http://web/static/js/app.310cd52123c59f9f64a5.js"},{"protocol":"http/1.1","url":"http://web/static/css/app.a1bcfeb0daa2a3f727390086fd42ee9d.css"}]}},"name":"uses-http2","description":"Does not use HTTP/2 for all of its resources","scoringMode":"binary","details":{"itemHeaders":[{"itemType":"url","text":"URL","type":"text"},{"itemType":"text","text":"Protocol","type":"text"}],"header":"View Details","type":"table","items":[[{"text":"http://web/","type":"url"},{"text":"http/1.1","type":"text"}],[{"text":"http://web/static/js/manifest.9f020e973ae4037504f6.js","type":"url"},{"text":"http/1.1","type":"text"}],[{"text":"http://web/static/js/vendor.d1efda22f11e965a5228.js","type":"url"},{"text":"http/1.1","type":"text"}],[{"text":"http://web/static/js/app.310cd52123c59f9f64a5.js","type":"url"},{"text":"http/1.1","type":"text"}],[{"text":"http://web/static/css/app.a1bcfeb0daa2a3f727390086fd42ee9d.css","type":"url"},{"text":"http/1.1","type":"text"}]]}},"th-has-data-cells":{"displayValue":"","score":false,"helpText":"Screen readers have features to make navigating tables easier. Ensuring table headers always refer to some set of cells may improve the experience for screen reader users. [Learn more](https://dequeuniversity.com/rules/axe/2.2/th-has-data-cells?application=lighthouse).","rawValue":false,"name":"th-has-data-cells","description":"`<th>` elements and elements with `[role=\"columnheader\"/\"rowheader\"]` do not have data cells they describe.","scoringMode":"binary","informative":true,"notApplicable":true},"tabindex":{"displayValue":"","score":true,"helpText":"A value greater than 0 implies an explicit navigation ordering. Although technically valid, this often creates frustrating experiences for users who rely on assistive technologies. [Learn more](https://dequeuniversity.com/rules/axe/2.2/tabindex?application=lighthouse).","rawValue":true,"extendedInfo":{},"name":"tabindex","description":"No element has a `[tabindex]` value greater than 0","scoringMode":"binary","details":{"header":{"text":"View failing elements","type":"text"},"type":"list","items":[]}},"uses-long-cache-ttl":{"displayValue":"0 assets found","score":100,"helpText":"A long cache lifetime can speed up repeat visits to your page. [Learn more](https://developers.google.com/web/fundamentals/performance/optimizing-content-efficiency/http-caching#cache-control).","rawValue":0,"extendedInfo":{"value":{"queryStringCount":0,"results":[]}},"name":"uses-long-cache-ttl","description":"Uses efficient cache policy on static assets","scoringMode":"numeric","details":{"itemHeaders":[{"itemType":"url","text":"URL","type":"text"},{"itemType":"text","text":"Cache TTL","type":"text"},{"itemType":"text","text":"Size (KB)","type":"text"}],"header":"View Details","type":"table","items":[]}},"without-javascript":{"displayValue":"","score":false,"debugString":"The page body should render some content if its scripts are not available.","helpText":"Your app should display some content when JavaScript is disabled, even if it's just a warning to the user that JavaScript is required to use the app. [Learn more](https://developers.google.com/web/tools/lighthouse/audits/no-js).","rawValue":false,"name":"without-javascript","description":"Does not provide fallback content when JavaScript is not available","scoringMode":"binary"},"uses-responsive-images":{"displayValue":"","score":100,"helpText":"Serve images that are appropriately-sized to save cellular data and improve load time. [Learn more](https://developers.google.com/web/tools/lighthouse/audits/oversized-images).","rawValue":0,"extendedInfo":{"value":{"wastedKb":0,"wastedMs":0,"results":[]}},"name":"uses-responsive-images","description":"Properly size images","scoringMode":"binary","informative":true,"details":{"itemHeaders":[{"itemType":"thumbnail","text":"","type":"text"},{"itemType":"url","text":"URL","type":"text"},{"itemType":"text","text":"Original","type":"text"},{"itemType":"text","text":"Potential Savings","type":"text"}],"header":"View Details","type":"table","items":[]}},"frame-title":{"displayValue":"","score":false,"helpText":"Screen reader users rely on frame titles to describe the contents of frames. [Learn more](https://dequeuniversity.com/rules/axe/2.2/frame-title?application=lighthouse).","rawValue":false,"name":"frame-title","description":"`<frame>` or `<iframe>` elements do not have a title","scoringMode":"binary","informative":true,"notApplicable":true},"link-blocking-first-paint":{"displayValue":"","score":100,"helpText":"External stylesheets are blocking the first paint of your page. Consider delivering critical CSS via `<style>` tags and deferring non-critical styles. [Learn more](https://developers.google.com/web/tools/lighthouse/audits/blocking-resources).","rawValue":0,"extendedInfo":{"value":{"wastedMs":"0 ms","results":[]}},"name":"link-blocking-first-paint","description":"Reduce render-blocking stylesheets","scoringMode":"binary","informative":true,"details":{"itemHeaders":[{"itemType":"url","text":"URL","type":"text"},{"itemType":"text","text":"Size (KB)","type":"text"},{"itemType":"text","text":"Delayed Paint By (ms)","type":"text"}],"header":"View Details","type":"table","items":[]}},"mobile-friendly":{"displayValue":"","score":false,"helpText":"Take the [Mobile-Friendly Test](https://search.google.com/test/mobile-friendly) to check for audits not covered by Lighthouse, like sizing tap targets appropriately. [Learn more](https://developers.google.com/search/mobile-sites/).","rawValue":false,"name":"mobile-friendly","description":"Page is mobile friendly","scoringMode":"binary","informative":true,"manual":true},"script-blocking-first-paint":{"displayValue":"","score":100,"helpText":"Script elements are blocking the first paint of your page. Consider inlining critical scripts and deferring non-critical ones. [Learn more](https://developers.google.com/web/tools/lighthouse/audits/blocking-resources).","rawValue":0,"extendedInfo":{"value":{"wastedMs":"0 ms","results":[]}},"name":"script-blocking-first-paint","description":"Reduce render-blocking scripts","scoringMode":"binary","informative":true,"details":{"itemHeaders":[{"itemType":"url","text":"URL","type":"text"},{"itemType":"text","text":"Size (KB)","type":"text"},{"itemType":"text","text":"Delayed Paint By (ms)","type":"text"}],"header":"View Details","type":"table","items":[]}},"managed-focus":{"displayValue":"","score":false,"helpText":"If new content, such as a dialog, is added to the page, the user's focus is directed to it. [Learn more](https://developers.google.com/web/fundamentals/accessibility/how-to-review#start_with_the_keyboard).","rawValue":false,"name":"managed-focus","description":"The user's focus is directed to new content added to the page","scoringMode":"binary","informative":true,"manual":true},"pwa-cross-browser":{"displayValue":"","score":false,"helpText":"To reach the most number of users, sites should work across every major browser. [Learn more](https://developers.google.com/web/progressive-web-apps/checklist#site-works-cross-browser).","rawValue":false,"name":"pwa-cross-browser","description":"Site works cross-browser","scoringMode":"binary","informative":true,"manual":true},"time-to-first-byte":{"displayValue":"","score":null,"debugString":"Audit error: Cannot read property '_timing' of undefined","helpText":"Time To First Byte identifies the time at which your server sends a response. [Learn more](https://developers.google.com/web/tools/chrome-devtools/network-performance/issues).","rawValue":null,"name":"time-to-first-byte","description":"Keep server response times low (TTFB)","scoringMode":"binary","informative":true,"error":true},"video-description":{"displayValue":"","score":false,"helpText":"Audio descriptions provide relevant information for videos that dialogue cannot, such as facial expressions and scenes. [Learn more](https://dequeuniversity.com/rules/axe/2.2/video-description?application=lighthouse).","rawValue":false,"name":"video-description","description":"`<video>` elements do not contain a `<track>` element with `[kind=\"description\"]`.","scoringMode":"binary","informative":true,"notApplicable":true},"document-title":{"displayValue":"","score":true,"helpText":"The title gives screen reader users an overview of the page, and search engine users rely on it heavily to determine if a page is relevant to their search. [Learn more](https://developers.google.com/web/tools/lighthouse/audits/title).","rawValue":true,"extendedInfo":{},"name":"document-title","description":"Document has a `<title>` element","scoringMode":"binary","details":{"header":{"text":"View failing elements","type":"text"},"type":"list","items":[]}},"external-anchors-use-rel-noopener":{"displayValue":"","score":true,"helpText":"Open new tabs using `rel=\"noopener\"` to improve performance and prevent security vulnerabilities. [Learn more](https://developers.google.com/web/tools/lighthouse/audits/noopener).","rawValue":true,"extendedInfo":{"value":[]},"name":"external-anchors-use-rel-noopener","description":"Opens external anchors using `rel=\"noopener\"`","scoringMode":"binary","details":{"itemHeaders":[{"itemType":"url","text":"URL","type":"text"},{"itemType":"text","text":"Target","type":"text"},{"itemType":"text","text":"Rel","type":"text"}],"header":"View Details","type":"table","items":[]}},"total-byte-weight":{"displayValue":"Total size was 400 KB","score":100,"helpText":"Large network payloads cost users real money and are highly correlated with long load times. [Learn more](https://developers.google.com/web/tools/lighthouse/audits/network-payloads).","rawValue":409855,"extendedInfo":{"value":{"totalCompletedRequests":11,"results":[{"totalKb":"227 KB","totalMs":"1,240 ms","totalBytes":232785,"url":"http://web/static/js/vendor.d1efda22f11e965a5228.js"},{"totalKb":"48 KB","totalMs":"260 ms","totalBytes":49163,"url":"https://fonts.gstatic.com/s/materialicons/v37/flUhRq6tzZclQEJ-Vdg-IuiaDsNc.woff2"},{"totalKb":"46 KB","totalMs":"250 ms","totalBytes":47366,"url":"https://cdnjs.cloudflare.com/ajax/libs/Chart.js/2.7.1/Chart.min.js"},{"totalKb":"32 KB","totalMs":"170 ms","totalBytes":32261,"url":"http://web/static/css/app.a1bcfeb0daa2a3f727390086fd42ee9d.css"},{"totalKb":"15 KB","totalMs":"80 ms","totalBytes":15817,"url":"https://fonts.gstatic.com/s/roboto/v18/KFOlCnqEu92Fr1MmEU9fBBc4.woff2"},{"totalKb":"15 KB","totalMs":"80 ms","totalBytes":15461,"url":"https://fonts.gstatic.com/s/roboto/v18/KFOmCnqEu92Fr1Mu4mxK.woff2"},{"totalKb":"12 KB","totalMs":"70 ms","totalBytes":12691,"url":"http://web/static/js/app.310cd52123c59f9f64a5.js"},{"totalKb":"1 KB","totalMs":"10 ms","totalBytes":1524,"url":"https://unpkg.com/vue-chartjs@3.3.2/dist/vue-chartjs.min.js"},{"totalKb":"1 KB","totalMs":"10 ms","totalBytes":1211,"url":"http://web/"},{"totalKb":"1 KB","totalMs":"10 ms","totalBytes":1171,"url":"http://web/static/js/manifest.9f020e973ae4037504f6.js"}]}},"name":"total-byte-weight","description":"Avoids enormous network payloads","scoringMode":"numeric","details":{"itemHeaders":[{"itemType":"url","text":"URL","type":"text"},{"itemType":"text","text":"Total Size","type":"text"},{"itemType":"text","text":"Transfer Time","type":"text"}],"header":"View Details","type":"table","items":[[{"text":"http://web/static/js/vendor.d1efda22f11e965a5228.js","type":"url"},{"text":"227 KB","type":"text"},{"text":"1,240 ms","type":"text"}],[{"text":"https://fonts.gstatic.com/s/materialicons/v37/flUhRq6tzZclQEJ-Vdg-IuiaDsNc.woff2","type":"url"},{"text":"48 KB","type":"text"},{"text":"260 ms","type":"text"}],[{"text":"https://cdnjs.cloudflare.com/ajax/libs/Chart.js/2.7.1/Chart.min.js","type":"url"},{"text":"46 KB","type":"text"},{"text":"250 ms","type":"text"}],[{"text":"http://web/static/css/app.a1bcfeb0daa2a3f727390086fd42ee9d.css","type":"url"},{"text":"32 KB","type":"text"},{"text":"170 ms","type":"text"}],[{"text":"https://fonts.gstatic.com/s/roboto/v18/KFOlCnqEu92Fr1MmEU9fBBc4.woff2","type":"url"},{"text":"15 KB","type":"text"},{"text":"80 ms","type":"text"}],[{"text":"https://fonts.gstatic.com/s/roboto/v18/KFOmCnqEu92Fr1Mu4mxK.woff2","type":"url"},{"text":"15 KB","type":"text"},{"text":"80 ms","type":"text"}],[{"text":"http://web/static/js/app.310cd52123c59f9f64a5.js","type":"url"},{"text":"12 KB","type":"text"},{"text":"70 ms","type":"text"}],[{"text":"https://unpkg.com/vue-chartjs@3.3.2/dist/vue-chartjs.min.js","type":"url"},{"text":"1 KB","type":"text"},{"text":"10 ms","type":"text"}],[{"text":"http://web/","type":"url"},{"text":"1 KB","type":"text"},{"text":"10 ms","type":"text"}],[{"text":"http://web/static/js/manifest.9f020e973ae4037504f6.js","type":"url"},{"text":"1 KB","type":"text"},{"text":"10 ms","type":"text"}]]}},"logical-tab-order":{"displayValue":"","score":false,"helpText":"Tabbing through the page follows the visual layout. Users cannot focus elements that are offscreen. [Learn more](https://developers.google.com/web/fundamentals/accessibility/how-to-review#start_with_the_keyboard).","rawValue":false,"name":"logical-tab-order","description":"The page has a logical tab order","scoringMode":"binary","informative":true,"manual":true},"meta-refresh":{"displayValue":"","score":false,"helpText":"Users do not expect a page to refresh automatically, and doing so will move focus back to the top of the page. This may create a frustrating or confusing experience. [Learn more](https://dequeuniversity.com/rules/axe/2.2/meta-refresh?application=lighthouse).","rawValue":false,"name":"meta-refresh","description":"The document uses `<meta http-equiv=\"refresh\">`","scoringMode":"binary","informative":true,"notApplicable":true},"deprecations":{"displayValue":"","score":true,"helpText":"Deprecated APIs will eventually be removed from the browser. [Learn more](https://www.chromestatus.com/features#deprecated).","rawValue":true,"extendedInfo":{"value":[]},"name":"deprecations","description":"Avoids deprecated APIs","scoringMode":"binary","details":{"itemHeaders":[{"itemType":"code","text":"Deprecation / Warning","type":"text"},{"itemType":"url","text":"URL","type":"text"},{"itemType":"text","text":"Line","type":"text"}],"header":"View Details","type":"table","items":[]}},"network-requests":{"displayValue":"11","score":100,"helpText":"Lists the network requests that were made during page load.","rawValue":11,"extendedInfo":{"value":[{"transferSize":1211,"startTime":0,"endTime":638.9249991625547,"mimeType":"text/html","url":"http://web/","statusCode":200,"resourceType":"document"},{"transferSize":1171,"startTime":755.621999502182,"endTime":1328.4680005162954,"mimeType":"application/javascript","url":"http://web/static/js/manifest.9f020e973ae4037504f6.js","statusCode":200,"resourceType":"script"},{"transferSize":232785,"startTime":755.7720001786947,"endTime":2917.8979992866516,"mimeType":"application/javascript","url":"http://web/static/js/vendor.d1efda22f11e965a5228.js","statusCode":200,"resourceType":"script"},{"transferSize":12691,"startTime":755.9009995311499,"endTime":1470.6410001963377,"mimeType":"application/javascript","url":"http://web/static/js/app.310cd52123c59f9f64a5.js","statusCode":200,"resourceType":"script"},{"transferSize":47366,"startTime":790.370000526309,"endTime":2162.829000502825,"mimeType":"application/javascript","url":"https://cdnjs.cloudflare.com/ajax/libs/Chart.js/2.7.1/Chart.min.js","statusCode":200,"resourceType":"script"},{"transferSize":405,"startTime":790.8159997314215,"endTime":1663.72200101614,"mimeType":"text/plain","url":"https://unpkg.com/vue-chartjs/dist/vue-chartjs.min.js","statusCode":302},{"transferSize":1524,"startTime":1664.8290008306503,"endTime":2258.2770008593798,"mimeType":"application/javascript","url":"https://unpkg.com/vue-chartjs@3.3.2/dist/vue-chartjs.min.js","statusCode":200,"resourceType":"script"},{"transferSize":32261,"startTime":4527.456000447273,"endTime":5278.87500077486,"mimeType":"text/css","url":"http://web/static/css/app.a1bcfeb0daa2a3f727390086fd42ee9d.css","statusCode":200,"resourceType":"stylesheet"},{"transferSize":15461,"startTime":5458.613000810146,"endTime":6342.342000454664,"mimeType":"font/woff2","url":"https://fonts.gstatic.com/s/roboto/v18/KFOmCnqEu92Fr1Mu4mxK.woff2","statusCode":200,"resourceType":"font"},{"transferSize":49163,"startTime":5458.761001005769,"endTime":6524.431999772787,"mimeType":"font/woff2","url":"https://fonts.gstatic.com/s/materialicons/v37/flUhRq6tzZclQEJ-Vdg-IuiaDsNc.woff2","statusCode":200,"resourceType":"font"},{"transferSize":15817,"startTime":5458.878999575973,"endTime":6334.002999588847,"mimeType":"font/woff2","url":"https://fonts.gstatic.com/s/roboto/v18/KFOlCnqEu92Fr1MmEU9fBBc4.woff2","statusCode":200,"resourceType":"font"}]},"name":"network-requests","description":"Network Requests","scoringMode":"binary","informative":true,"details":{"itemHeaders":[{"itemType":"url","text":"URL","type":"text"},{"itemType":"ms","text":"Start Time","type":"text"},{"itemType":"ms","text":"End Time","type":"text"},{"itemType":"bytes","text":"Transfer Size","type":"text"},{"itemType":"text","text":"Status Code","type":"text"},{"itemType":"text","text":"MIME Type","type":"text"},{"itemType":"text","text":"Resource Type","type":"text"}],"header":"View Details","type":"table","items":[[{"text":"http://web/","type":"url"},{"text":0,"type":"ms"},{"text":638.9249991625547,"type":"ms"},{"text":1211,"type":"bytes"},{"text":200,"type":"text"},{"text":"text/html","type":"text"},{"text":"document","type":"text"}],[{"text":"http://web/static/js/manifest.9f020e973ae4037504f6.js","type":"url"},{"text":755.621999502182,"type":"ms"},{"text":1328.4680005162954,"type":"ms"},{"text":1171,"type":"bytes"},{"text":200,"type":"text"},{"text":"application/javascript","type":"text"},{"text":"script","type":"text"}],[{"text":"http://web/static/js/vendor.d1efda22f11e965a5228.js","type":"url"},{"text":755.7720001786947,"type":"ms"},{"text":2917.8979992866516,"type":"ms"},{"text":232785,"type":"bytes"},{"text":200,"type":"text"},{"text":"application/javascript","type":"text"},{"text":"script","type":"text"}],[{"text":"http://web/static/js/app.310cd52123c59f9f64a5.js","type":"url"},{"text":755.9009995311499,"type":"ms"},{"text":1470.6410001963377,"type":"ms"},{"text":12691,"type":"bytes"},{"text":200,"type":"text"},{"text":"application/javascript","type":"text"},{"text":"script","type":"text"}],[{"text":"https://cdnjs.cloudflare.com/ajax/libs/Chart.js/2.7.1/Chart.min.js","type":"url"},{"text":790.370000526309,"type":"ms"},{"text":2162.829000502825,"type":"ms"},{"text":47366,"type":"bytes"},{"text":200,"type":"text"},{"text":"application/javascript","type":"text"},{"text":"script","type":"text"}],[{"text":"https://unpkg.com/vue-chartjs/dist/vue-chartjs.min.js","type":"url"},{"text":790.8159997314215,"type":"ms"},{"text":1663.72200101614,"type":"ms"},{"text":405,"type":"bytes"},{"text":302,"type":"text"},{"text":"text/plain","type":"text"},{"type":"text"}],[{"text":"https://unpkg.com/vue-chartjs@3.3.2/dist/vue-chartjs.min.js","type":"url"},{"text":1664.8290008306503,"type":"ms"},{"text":2258.2770008593798,"type":"ms"},{"text":1524,"type":"bytes"},{"text":200,"type":"text"},{"text":"application/javascript","type":"text"},{"text":"script","type":"text"}],[{"text":"http://web/static/css/app.a1bcfeb0daa2a3f727390086fd42ee9d.css","type":"url"},{"text":4527.456000447273,"type":"ms"},{"text":5278.87500077486,"type":"ms"},{"text":32261,"type":"bytes"},{"text":200,"type":"text"},{"text":"text/css","type":"text"},{"text":"stylesheet","type":"text"}],[{"text":"https://fonts.gstatic.com/s/roboto/v18/KFOmCnqEu92Fr1Mu4mxK.woff2","type":"url"},{"text":5458.613000810146,"type":"ms"},{"text":6342.342000454664,"type":"ms"},{"text":15461,"type":"bytes"},{"text":200,"type":"text"},{"text":"font/woff2","type":"text"},{"text":"font","type":"text"}],[{"text":"https://fonts.gstatic.com/s/materialicons/v37/flUhRq6tzZclQEJ-Vdg-IuiaDsNc.woff2","type":"url"},{"text":5458.761001005769,"type":"ms"},{"text":6524.431999772787,"type":"ms"},{"text":49163,"type":"bytes"},{"text":200,"type":"text"},{"text":"font/woff2","type":"text"},{"text":"font","type":"text"}],[{"text":"https://fonts.gstatic.com/s/roboto/v18/KFOlCnqEu92Fr1MmEU9fBBc4.woff2","type":"url"},{"text":5458.878999575973,"type":"ms"},{"text":6334.002999588847,"type":"ms"},{"text":15817,"type":"bytes"},{"text":200,"type":"text"},{"text":"font/woff2","type":"text"},{"text":"font","type":"text"}]]}},"link-text":{"displayValue":"","score":true,"helpText":"Descriptive link text helps search engines understand your content. [Learn more](https://developers.google.com/web/tools/lighthouse/audits/descriptive-link-text).","rawValue":true,"name":"link-text","description":"Links have descriptive text","scoringMode":"binary","details":{"itemHeaders":[{"itemType":"url","text":"Link destination","type":"text"},{"itemType":"text","text":"Link Text","type":"text"}],"header":"View Details","type":"table","items":[]}},"uses-rel-preload":{"displayValue":"","score":null,"debugString":"Audit error: Unable to identify the main resource","helpText":"Consider using <link rel=preload> to prioritize fetching late-discovered resources sooner [Learn more](https://developers.google.com/web/updates/2016/03/link-rel-preload).","rawValue":null,"name":"uses-rel-preload","description":"Preload key requests","scoringMode":"numeric","informative":true,"error":true},"dlitem":{"displayValue":"","score":false,"helpText":"Definition list items (`<dt>` and `<dd>`) must be wrapped in a parent `<dl>` element to ensure that screen readers can properly announce them. [Learn more](https://dequeuniversity.com/rules/axe/2.2/dlitem?application=lighthouse).","rawValue":false,"name":"dlitem","description":"Definition list items are not wrapped in `<dl>` elements","scoringMode":"binary","informative":true,"notApplicable":true},"uses-optimized-images":{"displayValue":"","score":100,"helpText":"Optimized images load faster and consume less cellular data. [Learn more](https://developers.google.com/web/tools/lighthouse/audits/optimize-images).","rawValue":0,"extendedInfo":{"value":{"wastedKb":0,"wastedMs":0,"results":[]}},"name":"uses-optimized-images","description":"Optimize images","scoringMode":"binary","informative":true,"details":{"itemHeaders":[{"itemType":"thumbnail","text":"","type":"text"},{"itemType":"url","text":"URL","type":"text"},{"itemType":"text","text":"Original","type":"text"},{"itemType":"text","text":"Potential Savings","type":"text"}],"header":"View Details","type":"table","items":[]}},"errors-in-console":{"displayValue":"","score":true,"helpText":"Errors logged to the console indicate unresolved problems. They can come from network request failures and other browser concerns.","rawValue":0,"name":"errors-in-console","description":"No browser errors logged to the console","scoringMode":"binary","details":{"itemHeaders":[{"itemType":"url","text":"URL","type":"text"},{"itemType":"code","text":"Description","type":"text"}],"header":"View Details","type":"table","items":[]}},"video-caption":{"displayValue":"","score":false,"helpText":"When a video provides a caption it is easier for deaf and hearing impaired users to access its information. [Learn more](https://dequeuniversity.com/rules/axe/2.2/video-caption?application=lighthouse).","rawValue":false,"name":"video-caption","description":"`<video>` elements do not contain a `<track>` element with `[kind=\"captions\"]`.","scoringMode":"binary","informative":true,"notApplicable":true},"td-headers-attr":{"displayValue":"","score":false,"helpText":"Screen readers have features to make navigating tables easier. Ensuring `<td>` cells using the `[headers]` attribute only refer to other cells in the same table may improve the experience for screen reader users. [Learn more](https://dequeuniversity.com/rules/axe/2.2/td-headers-attr?application=lighthouse).","rawValue":false,"name":"td-headers-attr","description":"Cells in a `<table>` element that use the `[headers]` attribute refers to other cells of that same table.","scoringMode":"binary","informative":true,"notApplicable":true},"offscreen-content-hidden":{"displayValue":"","score":false,"helpText":"Offscreen content is hidden with display: none or aria-hidden=true. [Learn more](https://developers.google.com/web/fundamentals/accessibility/how-to-review#try_it_with_a_screen_reader).","rawValue":false,"name":"offscreen-content-hidden","description":"Offscreen content is hidden from assistive technology","scoringMode":"binary","informative":true,"manual":true},"no-document-write":{"displayValue":"","score":true,"helpText":"For users on slow connections, external scripts dynamically injected via `document.write()` can delay page load by tens of seconds. [Learn more](https://developers.google.com/web/tools/lighthouse/audits/document-write).","rawValue":true,"extendedInfo":{"value":[]},"name":"no-document-write","description":"Avoids `document.write()`","scoringMode":"binary","details":{"itemHeaders":[{"itemType":"url","text":"URL","type":"text"},{"itemType":"text","text":"Location","type":"text"}],"header":"View Details","type":"table","items":[]}},"aria-valid-attr-value":{"displayValue":"","score":true,"helpText":"Assistive technologies, like screen readers, can't interpret ARIA attributes with invalid values. [Learn more](https://dequeuniversity.com/rules/axe/2.2/aria-valid-attr-value?application=lighthouse).","rawValue":true,"extendedInfo":{},"name":"aria-valid-attr-value","description":"`[aria-*]` attributes have valid values","scoringMode":"binary","details":{"header":{"text":"View failing elements","type":"text"},"type":"list","items":[]}},"pwa-each-page-has-url":{"displayValue":"","score":false,"helpText":"Ensure individual pages are deep linkable via the URLs and that URLs are unique for the purpose of shareability on social media. [Learn more](https://developers.google.com/web/progressive-web-apps/checklist#each-page-has-a-url).","rawValue":false,"name":"pwa-each-page-has-url","description":"Each page has a URL","scoringMode":"binary","informative":true,"manual":true},"custom-controls-roles":{"displayValue":"","score":false,"helpText":"Custom interactive controls have appropriate ARIA roles. [Learn more](https://developers.google.com/web/fundamentals/accessibility/how-to-review#try_it_with_a_screen_reader).","rawValue":false,"name":"custom-controls-roles","description":"Custom controls have ARIA roles","scoringMode":"binary","informative":true,"manual":true},"meta-description":{"displayValue":"","score":false,"helpText":"Meta descriptions may be included in search results to concisely summarize page content. [Learn more](https://developers.google.com/web/tools/lighthouse/audits/description).","rawValue":false,"name":"meta-description","description":"Document does not have a meta description","scoringMode":"binary"},"duplicate-id":{"displayValue":"","score":true,"helpText":"The value of an id attribute must be unique to prevent other instances from being overlooked by assistive technologies. [Learn more](https://dequeuniversity.com/rules/axe/2.2/duplicate-id?application=lighthouse).","rawValue":true,"extendedInfo":{},"name":"duplicate-id","description":"`[id]` attributes on the page are unique","scoringMode":"binary","details":{"header":{"text":"View failing elements","type":"text"},"type":"list","items":[]}},"focusable-controls":{"displayValue":"","score":false,"helpText":"Custom interactive controls are keyboard focusable and display a focus indicator. [Learn more](https://developers.google.com/web/fundamentals/accessibility/how-to-review#start_with_the_keyboard).","rawValue":false,"name":"focusable-controls","description":"Interactive controls are keyboard focusable","scoringMode":"binary","informative":true,"manual":true},"heading-levels":{"displayValue":"","score":false,"helpText":"Headings are used to create an outline for the page and heading levels are not skipped. [Learn more](https://developers.google.com/web/fundamentals/accessibility/how-to-review#take_advantage_of_headings_and_landmarks).","rawValue":false,"name":"heading-levels","description":"Headings don't skip levels","scoringMode":"binary","informative":true,"manual":true},"uses-request-compression":{"displayValue":"","score":100,"helpText":"Text-based responses should be served with compression (gzip, deflate or brotli) to minimize total network bytes. [Learn more](https://developers.google.com/web/fundamentals/performance/optimizing-content-efficiency/optimize-encoding-and-transfer).","rawValue":0,"extendedInfo":{"value":{"wastedKb":0,"wastedMs":0,"results":[]}},"name":"uses-request-compression","description":"Enable text compression","scoringMode":"binary","informative":true,"details":{"itemHeaders":[{"itemType":"url","text":"Uncompressed resource URL","type":"text"},{"itemType":"text","text":"Original","type":"text"},{"itemType":"text","text":"GZIP Savings","type":"text"}],"header":"View Details","type":"table","items":[]}},"appcache-manifest":{"displayValue":"","score":true,"debugString":"","helpText":"Application Cache is deprecated. [Learn more](https://developers.google.com/web/tools/lighthouse/audits/appcache).","rawValue":true,"name":"appcache-manifest","description":"Avoids Application Cache","scoringMode":"binary"},"themed-omnibox":{"displayValue":"","score":false,"debugString":"Failures: No manifest was fetched, No `<meta name=\"theme-color\">` tag found.","helpText":"The browser address bar can be themed to match your site. [Learn more](https://developers.google.com/web/tools/lighthouse/audits/address-bar).","rawValue":false,"extendedInfo":{"value":{"failures":["No manifest was fetched","No `<meta name=\"theme-color\">` tag found"],"themeColor":null,"manifestValues":{"parseFailureReason":"No manifest was fetched","allChecks":[],"isParseFailure":true}}},"name":"themed-omnibox","description":"Address bar does not match brand colors","scoringMode":"binary"},"color-contrast":{"displayValue":"","score":true,"helpText":"Low-contrast text is difficult or impossible for many users to read. [Learn more](https://dequeuniversity.com/rules/axe/2.2/color-contrast?application=lighthouse).","rawValue":true,"extendedInfo":{},"name":"color-contrast","description":"Background and foreground colors have a sufficient contrast ratio","scoringMode":"binary","details":{"header":{"text":"View failing elements","type":"text"},"type":"list","items":[]}},"listitem":{"displayValue":"","score":false,"helpText":"Screen readers require list items (`<li>`) to be contained within a parent `<ul>` or `<ol>` to be announced properly. [Learn more](https://dequeuniversity.com/rules/axe/2.2/listitem?application=lighthouse).","rawValue":false,"name":"listitem","description":"List items (`<li>`) are not contained within `<ul>` or `<ol>` parent elements.","scoringMode":"binary","informative":true,"notApplicable":true},"no-mutation-events":{"displayValue":"","score":true,"helpText":"Mutation Events are deprecated and harm performance. Consider using Mutation Observers instead. [Learn more](https://developers.google.com/web/tools/lighthouse/audits/mutation-events).","rawValue":true,"extendedInfo":{"value":{"results":[]}},"name":"no-mutation-events","description":"Avoids Mutation Events in its own scripts","scoringMode":"binary","details":{"itemHeaders":[{"itemType":"url","text":"URL","type":"text"},{"itemType":"code","text":"Event","type":"text"},{"itemType":"text","text":"Line","type":"text"},{"itemType":"text","text":"Col","type":"text"},{"itemType":"code","text":"Snippet","type":"text"}],"header":"View Details","type":"table","items":[]}},"audio-caption":{"displayValue":"","score":false,"helpText":"Captions make audio elements usable for deaf or hearing-impaired users, providing critical information such as who is talking, what they're saying, and other non-speech information. [Learn more](https://dequeuniversity.com/rules/axe/2.2/audio-caption?application=lighthouse).","rawValue":false,"name":"audio-caption","description":"`<audio>` elements are missing a `<track>` element with `[kind=\"captions\"]`.","scoringMode":"binary","informative":true,"notApplicable":true},"first-meaningful-paint":{"displayValue":"4,520 ms","score":40,"helpText":"First meaningful paint measures when the primary content of a page is visible. [Learn more](https://developers.google.com/web/tools/lighthouse/audits/first-meaningful-paint).","rawValue":4521.8,"extendedInfo":{"value":{"timestamps":{"fCP":8650057715484,"endOfTrace":8650064967436,"fMP":8650057715493,"onLoad":8650058566647,"navStart":8650053193698},"fmpFellBack":false,"timings":{"fCP":4521.786,"endOfTrace":11773.738,"fMP":4521.795,"onLoad":5372.949,"navStart":0}}},"name":"first-meaningful-paint","description":"First meaningful paint","scoringMode":"numeric"},"focus-traps":{"displayValue":"","score":false,"helpText":"A user can tab into and out of any control or region without accidentally trapping their focus. [Learn more](https://developers.google.com/web/fundamentals/accessibility/how-to-review#start_with_the_keyboard).","rawValue":false,"name":"focus-traps","description":"User focus is not accidentally trapped in a region","scoringMode":"binary","informative":true,"manual":true},"aria-allowed-attr":{"displayValue":"","score":true,"helpText":"Each ARIA `role` supports a specific subset of `aria-*` attributes. Mismatching these invalidates the `aria-*` attributes. [Learn more](https://dequeuniversity.com/rules/axe/2.2/aria-allowed-attr?application=lighthouse).","rawValue":true,"extendedInfo":{},"name":"aria-allowed-attr","description":"`[aria-*]` attributes match their roles","scoringMode":"binary","details":{"header":{"text":"View failing elements","type":"text"},"type":"list","items":[]}},"geolocation-on-start":{"displayValue":"","score":true,"helpText":"Users are mistrustful of or confused by sites that request their location without context. Consider tying the request to user gestures instead. [Learn more](https://developers.google.com/web/tools/lighthouse/audits/geolocation-on-load).","rawValue":true,"extendedInfo":{"value":[]},"name":"geolocation-on-start","description":"Avoids requesting the geolocation permission on page load","scoringMode":"binary","details":{"itemHeaders":[{"itemType":"url","text":"URL","type":"text"},{"itemType":"text","text":"Location","type":"text"}],"header":"View Details","type":"table","items":[]}},"image-aspect-ratio":{"displayValue":"","score":true,"helpText":"Image display dimensions should match natural aspect ratio.","rawValue":true,"name":"image-aspect-ratio","description":"Displays images with correct aspect ratio","scoringMode":"binary","details":{"itemHeaders":[{"itemType":"thumbnail","text":"","type":"text"},{"itemType":"url","text":"URL","type":"text"},{"itemType":"text","text":"Aspect Ratio (Displayed)","type":"text"},{"itemType":"text","text":"Aspect Ratio (Actual)","type":"text"}],"header":"View Details","type":"table","items":[]}},"valid-lang":{"displayValue":"","score":false,"helpText":"Specifying a valid [BCP 47 language](https://www.w3.org/International/questions/qa-choosing-language-tags#question) on elements helps ensure that text is pronounced correctly by a screen reader. [Learn more](https://dequeuniversity.com/rules/axe/2.2/valid-lang?application=lighthouse).","rawValue":false,"name":"valid-lang","description":"`[lang]` attributes do not have a valid value","scoringMode":"binary","informative":true,"notApplicable":true},"html-has-lang":{"displayValue":"","score":false,"helpText":"If a page doesn't specify a lang attribute, a screen reader assumes that the page is in the default language that the user chose when setting up the screen reader. If the page isn't actually in the default language, then the screen reader might not announce the page's text correctly. [Learn more](https://dequeuniversity.com/rules/axe/2.2/html-lang?application=lighthouse).","rawValue":false,"extendedInfo":{"value":{"help":"<html> element must have a lang attribute","nodes":[{"failureSummary":"Fix any of the following:\n  The <html> element does not have a lang attribute","snippet":"<html>","path":"1,HTML","impact":"serious","html":"<html>","target":["html"]}],"impact":"serious","description":"Ensures every HTML document has a lang attribute","helpUrl":"https://dequeuniversity.com/rules/axe/3.0/html-has-lang?application=axeAPI","id":"html-has-lang","tags":["cat.language","wcag2a","wcag311"]}},"name":"html-has-lang","description":"`<html>` element does not have a `[lang]` attribute","scoringMode":"binary","details":{"header":{"text":"View failing elements","type":"text"},"type":"list","items":[{"snippet":"<html>","path":"1,HTML","selector":"html","type":"node"}]}},"unminified-javascript":{"displayValue":"","score":100,"helpText":"Minifying JavaScript files can reduce payload sizes and script parse time. [Learn more](https://developers.google.com/speed/docs/insights/MinifyResources).","rawValue":0,"extendedInfo":{"value":{"wastedKb":0,"wastedMs":0,"results":[]}},"name":"unminified-javascript","description":"Minify JavaScript","scoringMode":"binary","informative":true,"details":{"itemHeaders":[{"itemType":"url","text":"URL","type":"text"},{"itemType":"text","text":"Original","type":"text"},{"itemType":"text","text":"Potential Savings","type":"text"}],"header":"View Details","type":"table","items":[]}},"object-alt":{"displayValue":"","score":false,"helpText":"Screen readers cannot translate non-text content. Adding alt text to `<object>` elements helps screen readers convey meaning to users. [Learn more](https://dequeuniversity.com/rules/axe/2.2/object-alt?application=lighthouse).","rawValue":false,"name":"object-alt","description":"`<object>` elements do not have `[alt]` text","scoringMode":"binary","informative":true,"notApplicable":true},"accesskeys":{"displayValue":"","score":false,"helpText":"Access keys let users quickly focus a part of the page. For proper navigation, each access key must be unique. [Learn more](https://dequeuniversity.com/rules/axe/2.2/accesskeys?application=lighthouse).","rawValue":false,"name":"accesskeys","description":"`[accesskey]` values are not unique","scoringMode":"binary","informative":true,"notApplicable":true},"image-alt":{"displayValue":"","score":false,"helpText":"Informative elements should aim for short, descriptive alternate text. Decorative elements can be ignored with an empty alt attribute.[Learn more](https://dequeuniversity.com/rules/axe/2.2/image-alt?application=lighthouse).","rawValue":false,"name":"image-alt","description":"Image elements do not have `[alt]` attributes","scoringMode":"binary","informative":true,"notApplicable":true},"notification-on-start":{"displayValue":"","score":true,"helpText":"Users are mistrustful of or confused by sites that request to send notifications without context. Consider tying the request to user gestures instead. [Learn more](https://developers.google.com/web/tools/lighthouse/audits/notifications-on-load).","rawValue":true,"extendedInfo":{"value":[]},"name":"notification-on-start","description":"Avoids requesting the notification permission on page load","scoringMode":"binary","details":{"itemHeaders":[{"itemType":"url","text":"URL","type":"text"},{"itemType":"text","text":"Location","type":"text"}],"header":"View Details","type":"table","items":[]}},"unused-css-rules":{"displayValue":"Potential savings of 35 KB (~190 ms)","score":90,"helpText":"Remove unused rules from stylesheets to reduce unnecessary bytes consumed by network activity. [Learn more](https://developers.google.com/speed/docs/insights/OptimizeCSSDelivery)","rawValue":190,"extendedInfo":{"value":{"wastedKb":35,"wastedMs":190,"results":[{"wastedKb":"29 KB","totalKb":"32 KB","wastedMs":"160 ms","totalMs":"170 ms","potentialSavings":"29 KB (93%)","totalBytes":32261,"wastedPercent":92.80281987684556,"wastedBytes":29939,"url":"http://web/static/css/app.a1bcfeb0daa2a3f727390086fd42ee9d.css"},{"wastedKb":"5 KB","totalKb":"6 KB","wastedMs":"30 ms","totalMs":"30 ms","potentialSavings":"5 KB (98%)","totalBytes":5722,"wastedPercent":98.2698357217756,"wastedBytes":5623,"url":{"text":"a { color: #1976d2; } ...","type":"code"}}]}},"name":"unused-css-rules","description":"Unused CSS rules","scoringMode":"binary","informative":true,"details":{"itemHeaders":[{"itemType":"url","text":"URL","type":"text"},{"itemType":"text","text":"Original","type":"text"},{"itemType":"text","text":"Potential Savings","type":"text"}],"header":"View Details","type":"table","items":[[{"text":"http://web/static/css/app.a1bcfeb0daa2a3f727390086fd42ee9d.css","type":"url"},{"text":"32 KB","type":"text"},{"text":"29 KB (93%)","type":"text"}],[{"text":"a { color: #1976d2; } ...","type":"code"},{"text":"6 KB","type":"text"},{"text":"5 KB (98%)","type":"text"}]]}},"structured-data":{"displayValue":"","score":false,"helpText":"Run the [Structured Data Testing Tool](https://search.google.com/structured-data/testing-tool/) and the [Structured Data Linter](http://linter.structured-data.org/) to validate structured data. [Learn more](https://developers.google.com/search/docs/guides/mark-up-content).","rawValue":false,"name":"structured-data","description":"Structured data is valid","scoringMode":"binary","informative":true,"manual":true},"content-width":{"displayValue":"","score":true,"debugString":"","helpText":"If the width of your app's content doesn't match the width of the viewport, your app might not be optimized for mobile screens. [Learn more](https://developers.google.com/web/tools/lighthouse/audits/content-sized-correctly-for-viewport).","rawValue":true,"name":"content-width","description":"Content is sized correctly for the viewport","scoringMode":"binary"},"mainthread-work-breakdown":{"displayValue":"2,800 ms","score":true,"helpText":"Consider reducing the time spent parsing, compiling and executing JS.You may find delivering smaller JS payloads helps with this.","rawValue":2799.5130100250244,"extendedInfo":{"value":{"Update Layer Tree":108.97500228881836,"Layout":432.32500076293945,"Recalculate Style":503.69400215148926,"Evaluate Script":1296.8040027618408,"Animation Frame Fired":8.261001586914062,"Minor GC":82.69900131225586,"Run Microtasks":63.02199935913086,"Parse HTML":62.446001052856445,"Paint":41.383995056152344,"Compile Script":44.90999984741211,"Composite Layers":77.99400329589844,"Parse Stylesheet":76.9990005493164}},"name":"mainthread-work-breakdown","description":"Main thread work breakdown","scoringMode":"binary","informative":true,"details":{"itemHeaders":[{"itemType":"text","text":"Category","type":"text"},{"itemType":"text","text":"Work","type":"text"},{"itemType":"text","text":"Time spent","type":"text"}],"header":"View Details","type":"table","items":[[{"text":"Script Evaluation","type":"text"},{"text":"Evaluate Script","type":"text"},{"text":"1,297 ms","type":"text"}],[{"text":"Script Evaluation","type":"text"},{"text":"Run Microtasks","type":"text"},{"text":"63 ms","type":"text"}],[{"text":"Script Evaluation","type":"text"},{"text":"Animation Frame Fired","type":"text"},{"text":"8 ms","type":"text"}],[{"text":"Style & Layout","type":"text"},{"text":"Recalculate Style","type":"text"},{"text":"504 ms","type":"text"}],[{"text":"Style & Layout","type":"text"},{"text":"Layout","type":"text"},{"text":"432 ms","type":"text"}],[{"text":"Compositing","type":"text"},{"text":"Update Layer Tree","type":"text"},{"text":"109 ms","type":"text"}],[{"text":"Compositing","type":"text"},{"text":"Composite Layers","type":"text"},{"text":"78 ms","type":"text"}],[{"text":"Parsing HTML & CSS","type":"text"},{"text":"Parse Stylesheet","type":"text"},{"text":"77 ms","type":"text"}],[{"text":"Parsing HTML & CSS","type":"text"},{"text":"Parse HTML","type":"text"},{"text":"62 ms","type":"text"}],[{"text":"Garbage collection","type":"text"},{"text":"Minor GC","type":"text"},{"text":"83 ms","type":"text"}],[{"text":"Script Parsing & Compile","type":"text"},{"text":"Compile Script","type":"text"},{"text":"45 ms","type":"text"}],[{"text":"Paint","type":"text"},{"text":"Paint","type":"text"},{"text":"41 ms","type":"text"}]]}},"canonical":{"displayValue":"","score":null,"debugString":"Audit error: Unable to identify the main resource","helpText":"Canonical links suggest which URL to show in search results. [Learn more](https://developers.google.com/web/tools/lighthouse/audits/canonical).","rawValue":null,"name":"canonical","description":"Document does not have a valid `rel=canonical`","scoringMode":"binary","error":true},"bootup-time":{"displayValue":"1,570 ms","score":true,"helpText":"Consider reducing the time spent parsing, compiling, and executing JS. You may find delivering smaller JS payloads helps with this. [Learn more](https://developers.google.com/web/lighthouse/audits/bootup).","rawValue":1573.503999710083,"extendedInfo":{"value":{"http://web/static/js/app.310cd52123c59f9f64a5.js":{"Script Evaluation":1173.697998046875,"Script Parsing & Compile":22.533000946044922},"http://web/static/js/vendor.d1efda22f11e965a5228.js":{"Style & Layout":178.41699981689453,"Script Parsing & Compile":14.004999160766602,"Script Evaluation":9.45100212097168},"https://unpkg.com/vue-chartjs@3.3.2/dist/vue-chartjs.min.js":{"Script Evaluation":6.445001602172852,"Script Parsing & Compile":4.004999160766602},"https://cdnjs.cloudflare.com/ajax/libs/Chart.js/2.7.1/Chart.min.js":{"Style & Layout":0.8509998321533203,"Script Evaluation":90.19700050354004,"Script Parsing & Compile":0.5679988861083984},"http://web/static/js/manifest.9f020e973ae4037504f6.js":{"Script Parsing & Compile":2.184000015258789,"Script Evaluation":1.4300003051757812},"http://web/":{"Style & Layout":0.0989990234375,"Script Evaluation":7.028999328613281,"Script Parsing & Compile":0.14599990844726562},"http://web/#/":{"Parsing HTML & CSS":62.446001052856445}}},"name":"bootup-time","description":"JavaScript boot-up time","scoringMode":"binary","details":{"itemHeaders":[{"itemType":"url","text":"URL","type":"text"},{"itemType":"text","text":"Script Evaluation","type":"text"},{"itemType":"text","text":"Script Parsing & Compile","type":"text"}],"header":"View Details","type":"table","items":[[{"text":"http://web/static/js/app.310cd52123c59f9f64a5.js","type":"url"},{"text":"1,174 ms","type":"text"},{"text":"23 ms","type":"text"}],[{"text":"https://cdnjs.cloudflare.com/ajax/libs/Chart.js/2.7.1/Chart.min.js","type":"url"},{"text":"90 ms","type":"text"},{"text":"1 ms","type":"text"}],[{"text":"http://web/static/js/vendor.d1efda22f11e965a5228.js","type":"url"},{"text":"9 ms","type":"text"},{"text":"14 ms","type":"text"}],[{"text":"https://unpkg.com/vue-chartjs@3.3.2/dist/vue-chartjs.min.js","type":"url"},{"text":"6 ms","type":"text"},{"text":"4 ms","type":"text"}]]}},"list":{"displayValue":"","score":false,"helpText":"Screen readers have a specific way of announcing lists. Ensuring proper list structure aids screen reader output. [Learn more](https://dequeuniversity.com/rules/axe/2.2/list?application=lighthouse).","rawValue":false,"name":"list","description":"Lists do not contain only `<li>` elements and script supporting elements (`<script>` and `<template>`).","scoringMode":"binary","informative":true,"notApplicable":true},"hreflang":{"displayValue":"","score":null,"debugString":"Audit error: Unable to identify the main resource","helpText":"hreflang allows crawlers to discover alternate translations of the page content. [Learn more](https://support.google.com/webmasters/answer/189077).","rawValue":null,"name":"hreflang","description":"Document doesn't have a valid `hreflang`","scoringMode":"binary","error":true},"is-crawlable":{"displayValue":"","score":null,"debugString":"Audit error: Unable to identify the main resource","helpText":"Search engines are unable to include your pages in search results if they don't have permission to crawl them. [Learn more](https://developers.google.com/web/tools/lighthouse/audits/indexing).","rawValue":null,"name":"is-crawlable","description":"Page is blocked from indexing","scoringMode":"binary","error":true},"service-worker":{"displayValue":"","score":false,"helpText":"The service worker is the technology that enables your app to use many Progressive Web App features, such as offline, add to homescreen, and push notifications. [Learn more](https://developers.google.com/web/tools/lighthouse/audits/registered-service-worker).","rawValue":false,"name":"service-worker","description":"Does not register a service worker","scoringMode":"binary"},"use-landmarks":{"displayValue":"","score":false,"helpText":"Landmark elements (<main>, <nav>, etc.) are used to improve the keyboard navigation of the page for assistive technology. [Learn more](https://developers.google.com/web/fundamentals/accessibility/how-to-review#take_advantage_of_headings_and_landmarks).","rawValue":false,"name":"use-landmarks","description":"HTML5 landmark elements are used to improve navigation","scoringMode":"binary","informative":true,"manual":true},"critical-request-chains":{"displayValue":"","score":null,"debugString":"Audit error: Unable to identify the main resource","helpText":"The Critical Request Chains below show you what resources are issued with a high priority. Consider reducing the length of chains, reducing the download size of resources, or deferring the download of unnecessary resources to improve page load. [Learn more](https://developers.google.com/web/tools/lighthouse/audits/critical-request-chains).","rawValue":null,"name":"critical-request-chains","description":"Critical Request Chains","scoringMode":"binary","informative":true,"error":true},"consistently-interactive":{"displayValue":"6,460 ms","score":71,"helpText":"Consistently Interactive marks the time at which the page is fully interactive. [Learn more](https://developers.google.com/web/tools/lighthouse/audits/consistently-interactive).","rawValue":6460.149,"extendedInfo":{"value":{"timeInMs":6460.149,"cpuQuietPeriod":{"start":8.650059653847E9,"end":8.650064967436E9},"networkQuietPeriods":[{"start":8.650059532223999E9,"end":8.650064967436E9}],"networkQuietPeriod":{"start":8.650059532223999E9,"end":8.650064967436E9},"cpuQuietPeriods":[{"start":8.650059653847E9,"end":8.650064967436E9}],"timestamp":8650059653847}},"name":"consistently-interactive","description":"Consistently Interactive (beta)","scoringMode":"numeric"},"pwa-page-transitions":{"displayValue":"","score":false,"helpText":"Transitions should feel snappy as you tap around, even on a slow network, a key to perceived performance. [Learn more](https://developers.google.com/web/progressive-web-apps/checklist#page-transitions-dont-feel-like-they-block-on-the-network).","rawValue":false,"name":"pwa-page-transitions","description":"Page transitions don't feel like they block on the network","scoringMode":"binary","informative":true,"manual":true},"user-timings":{"displayValue":"0","score":true,"helpText":"Consider instrumenting your app with the User Timing API to create custom, real-world measurements of key user experiences. [Learn more](https://developers.google.com/web/tools/lighthouse/audits/user-timing).","rawValue":true,"extendedInfo":{"value":[]},"name":"user-timings","description":"User Timing marks and measures","scoringMode":"binary","informative":true,"details":{"itemHeaders":[{"itemType":"text","text":"Name","type":"text"},{"itemType":"text","text":"Type","type":"text"},{"itemType":"text","text":"Time","type":"text"}],"header":"View Details","type":"table","items":[]}},"manifest-short-name-length":{"displayValue":"","score":false,"helpText":"Make your app's `short_name` fewer than 12 characters to ensure that it's not truncated on homescreens. [Learn more](https://developers.google.com/web/tools/lighthouse/audits/manifest-short_name-is-not-truncated).","rawValue":false,"name":"manifest-short-name-length","description":"Manifest's `short_name` will be truncated when displayed on homescreen","scoringMode":"binary"},"no-vulnerable-libraries":{"displayValue":"","score":true,"helpText":"Some third-party scripts may contain known security vulnerabilities  that are easily identified and exploited by attackers.","rawValue":true,"name":"no-vulnerable-libraries","description":"Avoids front-end JavaScript libraries with known security vulnerabilities","scoringMode":"binary"},"font-size":{"displayValue":"","score":true,"debugString":null,"helpText":"Font sizes less than 12px are too small to be legible and require mobile visitors to \u201cpinch to zoom\u201d in order to read. Strive to have >60% of page text ≥12px. [Learn more](https://developers.google.com/web/tools/lighthouse/audits/font-sizes).","rawValue":true,"name":"font-size","description":"Document uses legible font sizes","scoringMode":"binary","details":{"itemHeaders":[{"itemType":"url","text":"Source","type":"text"},{"itemType":"code","text":"Selector","type":"text"},{"itemType":"text","text":"% of Page Text","type":"text"},{"itemType":"text","text":"Font Size","type":"text"}],"header":"View Details","type":"table","items":[[{"text":"Legible text","type":"url"},{"text":null,"type":"code"},{"text":"100.00%","type":"text"},{"text":"≥ 12px","type":"text"}]]}},"aria-valid-attr":{"displayValue":"","score":true,"helpText":"Assistive technologies, like screen readers, can't interpret ARIA attributes with invalid names. [Learn more](https://dequeuniversity.com/rules/axe/2.2/aria-valid-attr?application=lighthouse).","rawValue":true,"extendedInfo":{},"name":"aria-valid-attr","description":"`[aria-*]` attributes are valid and not misspelled","scoringMode":"binary","details":{"header":{"text":"View failing elements","type":"text"},"type":"list","items":[]}},"aria-required-attr":{"displayValue":"","score":false,"helpText":"Some ARIA roles have required attributes that describe the state of the element to screen readers. [Learn more](https://dequeuniversity.com/rules/axe/2.2/aria-required-attr?application=lighthouse).","rawValue":false,"name":"aria-required-attr","description":"`[role]`s do not have all required `[aria-*]` attributes","scoringMode":"binary","informative":true,"notApplicable":true},"aria-roles":{"displayValue":"","score":false,"helpText":"ARIA roles must have valid values in order to perform their intended accessibility functions. [Learn more](https://dequeuniversity.com/rules/axe/2.2/aria-roles?application=lighthouse).","rawValue":false,"name":"aria-roles","description":"`[role]` values are not valid","scoringMode":"binary","informative":true,"notApplicable":true},"redirects-http":{"displayValue":"","score":false,"helpText":"If you've already set up HTTPS, make sure that you redirect all HTTP traffic to HTTPS. [Learn more](https://developers.google.com/web/tools/lighthouse/audits/http-redirects-to-https).","rawValue":false,"name":"redirects-http","description":"Does not redirect HTTP traffic to HTTPS","scoringMode":"binary"},"aria-required-children":{"displayValue":"","score":false,"helpText":"Some ARIA parent roles must contain specific child roles to perform their intended accessibility functions. [Learn more](https://dequeuniversity.com/rules/axe/2.2/aria-required-children?application=lighthouse).","rawValue":false,"name":"aria-required-children","description":"Elements with `[role]` that require specific children `[role]`s, are missing.","scoringMode":"binary","informative":true,"notApplicable":true},"dom-size":{"displayValue":"94 nodes","score":100,"helpText":"Browser engineers recommend pages contain fewer than ~1,500 DOM nodes. The sweet spot is a tree depth < 32 elements and fewer than 60 children/parent element. A large DOM can increase memory usage, cause longer [style calculations](https://developers.google.com/web/fundamentals/performance/rendering/reduce-the-scope-and-complexity-of-style-calculations), and produce costly [layout reflows](https://developers.google.com/speed/articles/reflow). [Learn more](https://developers.google.com/web/fundamentals/performance/rendering/).","rawValue":94,"extendedInfo":{"value":[{"title":"Total DOM Nodes","value":"94","target":"< 1,500 nodes"},{"snippet":"html >\n  body >\n    main >\n      div#inspire.application.theme--dark >\n        div.application--wrap >\n          aside.navigation-drawer.navigation-drawer--clipped.navigation-drawer--close.navigation-drawer--fixed.navigation-drawer--is-mobile >\n            div.list >\n              div >\n                div.list__tile >\n                  div.input-group.input-group--dirty.input-group--selection-controls.switch.accent--text >\n                    div.input-group__input >\n                      div.input-group--selection-controls__container >\n                        div.input-group--selection-controls__toggle.input-group--selection-controls__toggle--active","title":"DOM Depth","value":"13","target":"< 32"},{"snippet":"Element with most children:\nhead","title":"Maximum Children","value":"8","target":"< 60 nodes"}]},"name":"dom-size","description":"Avoids an excessive DOM size","scoringMode":"numeric","details":{"header":{"text":"View details","type":"text"},"type":"cards","items":[{"title":"Total DOM Nodes","value":"94","target":"< 1,500 nodes"},{"snippet":"html >\n  body >\n    main >\n      div#inspire.application.theme--dark >\n        div.application--wrap >\n          aside.navigation-drawer.navigation-drawer--clipped.navigation-drawer--close.navigation-drawer--fixed.navigation-drawer--is-mobile >\n            div.list >\n              div >\n                div.list__tile >\n                  div.input-group.input-group--dirty.input-group--selection-controls.switch.accent--text >\n                    div.input-group__input >\n                      div.input-group--selection-controls__container >\n                        div.input-group--selection-controls__toggle.input-group--selection-controls__toggle--active","title":"DOM Depth","value":"13","target":"< 32"},{"snippet":"Element with most children:\nhead","title":"Maximum Children","value":"8","target":"< 60 nodes"}]}},"no-websql":{"displayValue":"","score":true,"debugString":"","helpText":"Web SQL is deprecated. Consider using IndexedDB instead. [Learn more](https://developers.google.com/web/tools/lighthouse/audits/web-sql).","rawValue":true,"name":"no-websql","description":"Avoids WebSQL DB","scoringMode":"binary"},"webapp-install-banner":{"displayValue":"","score":false,"debugString":"Failures: No manifest was fetched, Site does not register a service worker, Service worker does not successfully serve the manifest's start_url, No usable web app manifest found on page.","helpText":"Browsers can proactively prompt users to add your app to their homescreen, which can lead to higher engagement. [Learn more](https://developers.google.com/web/tools/lighthouse/audits/install-prompt).","rawValue":false,"extendedInfo":{"value":{"failures":["No manifest was fetched","Site does not register a service worker","Service worker does not successfully serve the manifest's start_url","No usable web app manifest found on page"],"warnings":["No usable web app manifest found on page"],"manifestValues":{"parseFailureReason":"No manifest was fetched","allChecks":[],"isParseFailure":true}}},"name":"webapp-install-banner","description":"User will not be prompted to Install the Web App","scoringMode":"binary"},"uses-passive-event-listeners":{"displayValue":"","score":true,"helpText":"Consider marking your touch and wheel event listeners as `passive` to improve your page's scroll performance. [Learn more](https://developers.google.com/web/tools/lighthouse/audits/passive-event-listeners).","rawValue":true,"extendedInfo":{"value":[]},"name":"uses-passive-event-listeners","description":"Uses passive listeners to improve scrolling performance","scoringMode":"binary","details":{"itemHeaders":[{"itemType":"url","text":"URL","type":"text"},{"itemType":"text","text":"Location","type":"text"}],"header":"View Details","type":"table","items":[]}},"screenshot-thumbnails":{"displayValue":"true","score":100,"helpText":"This is what the load of your site looked like.","rawValue":true,"name":"screenshot-thumbnails","description":"Screenshot Thumbnails","scoringMode":"binary","informative":true,"details":{"scale":6606,"type":"filmstrip","items":[{"data":"/9j/4AAQSkZJRgABAQAAAQABAAD/2wCEAAMCAgMCAgMDAwMEAwMEBQgFBQQEBQoHBwYIDAoMDAsKCwsNDhIQDQ4RDgsLEBYQERMUFRUVDA8XGBYUGBIUFRQBAwQEBQQFCQUFCRQNCw0UFBQUFBQUFBQUFBQUFBQUFBQUFBQUFBQUFBQUFBQUFBQUFBQUFBQUFBQUFBQUFBQUFP/AABEIANUAeAMBEQACEQEDEQH/xAGiAAABBQEBAQEBAQAAAAAAAAAAAQIDBAUGBwgJCgsQAAIBAwMCBAMFBQQEAAABfQECAwAEEQUSITFBBhNRYQcicRQygZGhCCNCscEVUtHwJDNicoIJChYXGBkaJSYnKCkqNDU2Nzg5OkNERUZHSElKU1RVVldYWVpjZGVmZ2hpanN0dXZ3eHl6g4SFhoeIiYqSk5SVlpeYmZqio6Slpqeoqaqys7S1tre4ubrCw8TFxsfIycrS09TV1tfY2drh4uPk5ebn6Onq8fLz9PX29/j5+gEAAwEBAQEBAQEBAQAAAAAAAAECAwQFBgcICQoLEQACAQIEBAMEBwUEBAABAncAAQIDEQQFITEGEkFRB2FxEyIygQgUQpGhscEJIzNS8BVictEKFiQ04SXxFxgZGiYnKCkqNTY3ODk6Q0RFRkdISUpTVFVWV1hZWmNkZWZnaGlqc3R1dnd4eXqCg4SFhoeIiYqSk5SVlpeYmZqio6Slpqeoqaqys7S1tre4ubrCw8TFxsfIycrS09TV1tfY2dri4+Tl5ufo6ery8/T19vf4+fr/2gAMAwEAAhEDEQA/AP1ToAKACgAoAKACgAoAKACgAoAKACgAoAKACgAoAKACgAoAKACgAoAKACgAoAKACgAoAKACgAoAKACgAoAKACgAoAKACgAoAKACgAoAKACgAoAKACgAoAKACgAoAKACgAoAKACgAoAKACgAoAKACgAoAKACgAoAKACgAoAKACgAoAKACgAoAKACgAoAKACgAoAKACgAoAKACgAoAKACgAoAKACgAoAKACgAoAKACgAoAKACgAoAKACgAoAKACgAoAKACgAoAKACgAoAKACgAoAKACgAoAKACgAoAKACgAoAKACgAoAKACgAoAKACgAoAKACgAoAKACgAoAKACgAoAKACgAoAKACgAoAKACgAoAKACgAoAKACgAoAKACgAoAKACgAoAKACgAoAKACgAoAKACgAoAKACgAoAKACgAoAKACgAoAKACgAoAKACgAoAKACgAoAKACgAoAKACgAoAKACgAoAKACgAoAKACgAoAKACgAoAKACgAoAKACgAoAKACgAoAKACgAoAKACgAoAKACgAoAKACgAoAKACgAoAKACgAoAKACgAoAKACgAoAKACgAoAKACgAoAKACgAoAKACgAoAKACgAoAKACgAoAKACgAoAKACgAoAKACgAoAKACgAoAKACgAoAKACgAoAKACgAoAKACgAoAKACgAoAKACgAoAKACgAoAKACgAoAKACgAoAKACgAoAKACgAoAKACgAoAKACgAoAKACgAoAKACgAoAKACgAoAKACgAoAKACgAoAKACgAoAKACgAoAKACgAoAKACgAoAKACgAoAKACgAoAKACgAoAKACgAoAKACgAoAKACgAoAKACgAoAKACgAoAKACgAoAKACgAoAKACgAoAKACgAoAKACgAoAKACgAoAKACgAoAKACgAoAKACgAoAKACgAoAKACgAoAKACgAoAKACgAoAKACgD//Z","timing":661,"timestamp":8650053854298},{"data":"/9j/4AAQSkZJRgABAQAAAQABAAD/2wCEAAMCAgMCAgMDAwMEAwMEBQgFBQQEBQoHBwYIDAoMDAsKCwsNDhIQDQ4RDgsLEBYQERMUFRUVDA8XGBYUGBIUFRQBAwQEBQQFCQUFCRQNCw0UFBQUFBQUFBQUFBQUFBQUFBQUFBQUFBQUFBQUFBQUFBQUFBQUFBQUFBQUFBQUFBQUFP/AABEIANUAeAMBEQACEQEDEQH/xAGiAAABBQEBAQEBAQAAAAAAAAAAAQIDBAUGBwgJCgsQAAIBAwMCBAMFBQQEAAABfQECAwAEEQUSITFBBhNRYQcicRQygZGhCCNCscEVUtHwJDNicoIJChYXGBkaJSYnKCkqNDU2Nzg5OkNERUZHSElKU1RVVldYWVpjZGVmZ2hpanN0dXZ3eHl6g4SFhoeIiYqSk5SVlpeYmZqio6Slpqeoqaqys7S1tre4ubrCw8TFxsfIycrS09TV1tfY2drh4uPk5ebn6Onq8fLz9PX29/j5+gEAAwEBAQEBAQEBAQAAAAAAAAECAwQFBgcICQoLEQACAQIEBAMEBwUEBAABAncAAQIDEQQFITEGEkFRB2FxEyIygQgUQpGhscEJIzNS8BVictEKFiQ04SXxFxgZGiYnKCkqNTY3ODk6Q0RFRkdISUpTVFVWV1hZWmNkZWZnaGlqc3R1dnd4eXqCg4SFhoeIiYqSk5SVlpeYmZqio6Slpqeoqaqys7S1tre4ubrCw8TFxsfIycrS09TV1tfY2dri4+Tl5ufo6ery8/T19vf4+fr/2gAMAwEAAhEDEQA/AP1ToAKACgAoAKACgAoAKACgAoAKACgAoAKACgAoAKACgAoAKACgAoAKACgAoAKACgAoAKACgAoAKACgAoAKACgAoAKACgAoAKACgAoAKACgAoAKACgAoAKACgAoAKACgAoAKACgAoAKACgAoAKACgAoAKACgAoAKACgAoAKACgAoAKACgAoAKACgAoAKACgAoAKACgAoAKACgAoAKACgAoAKACgAoAKACgAoAKACgAoAKACgAoAKACgAoAKACgAoAKACgAoAKACgAoAKACgAoAKACgAoAKACgAoAKACgAoAKACgAoAKACgAoAKACgAoAKACgAoAKACgAoAKACgAoAKACgAoAKACgAoAKACgAoAKACgAoAKACgAoAKACgAoAKACgAoAKACgAoAKACgAoAKACgAoAKACgAoAKACgAoAKACgAoAKACgAoAKACgAoAKACgAoAKACgAoAKACgAoAKACgAoAKACgAoAKACgAoAKACgAoAKACgAoAKACgAoAKACgAoAKACgAoAKACgAoAKACgAoAKACgAoAKACgAoAKACgAoAKACgAoAKACgAoAKACgAoAKACgAoAKACgAoAKACgAoAKACgAoAKACgAoAKACgAoAKACgAoAKACgAoAKACgAoAKACgAoAKACgAoAKACgAoAKACgAoAKACgAoAKACgAoAKACgAoAKACgAoAKACgAoAKACgAoAKACgAoAKACgAoAKACgAoAKACgAoAKACgAoAKACgAoAKACgAoAKACgAoAKACgAoAKACgAoAKACgAoAKACgAoAKACgAoAKACgAoAKACgAoAKACgAoAKACgAoAKACgAoAKACgAoAKACgAoAKACgAoAKACgAoAKACgAoAKACgAoAKACgAoAKACgAoAKACgAoAKACgAoAKACgAoAKACgAoAKACgAoAKACgAoAKACgAoAKACgD//Z","timing":1321,"timestamp":8.650054514898001E12},{"data":"/9j/4AAQSkZJRgABAQAAAQABAAD/2wCEAAMCAgMCAgMDAwMEAwMEBQgFBQQEBQoHBwYIDAoMDAsKCwsNDhIQDQ4RDgsLEBYQERMUFRUVDA8XGBYUGBIUFRQBAwQEBQQFCQUFCRQNCw0UFBQUFBQUFBQUFBQUFBQUFBQUFBQUFBQUFBQUFBQUFBQUFBQUFBQUFBQUFBQUFBQUFP/AABEIANUAeAMBEQACEQEDEQH/xAGiAAABBQEBAQEBAQAAAAAAAAAAAQIDBAUGBwgJCgsQAAIBAwMCBAMFBQQEAAABfQECAwAEEQUSITFBBhNRYQcicRQygZGhCCNCscEVUtHwJDNicoIJChYXGBkaJSYnKCkqNDU2Nzg5OkNERUZHSElKU1RVVldYWVpjZGVmZ2hpanN0dXZ3eHl6g4SFhoeIiYqSk5SVlpeYmZqio6Slpqeoqaqys7S1tre4ubrCw8TFxsfIycrS09TV1tfY2drh4uPk5ebn6Onq8fLz9PX29/j5+gEAAwEBAQEBAQEBAQAAAAAAAAECAwQFBgcICQoLEQACAQIEBAMEBwUEBAABAncAAQIDEQQFITEGEkFRB2FxEyIygQgUQpGhscEJIzNS8BVictEKFiQ04SXxFxgZGiYnKCkqNTY3ODk6Q0RFRkdISUpTVFVWV1hZWmNkZWZnaGlqc3R1dnd4eXqCg4SFhoeIiYqSk5SVlpeYmZqio6Slpqeoqaqys7S1tre4ubrCw8TFxsfIycrS09TV1tfY2dri4+Tl5ufo6ery8/T19vf4+fr/2gAMAwEAAhEDEQA/AP1ToAKACgAoAKACgAoAKACgAoAKACgAoAKACgAoAKACgAoAKACgAoAKACgAoAKACgAoAKACgAoAKACgAoAKACgAoAKACgAoAKACgAoAKACgAoAKACgAoAKACgAoAKACgAoAKACgAoAKACgAoAKACgAoAKACgAoAKACgAoAKACgAoAKACgAoAKACgAoAKACgAoAKACgAoAKACgAoAKACgAoAKACgAoAKACgAoAKACgAoAKACgAoAKACgAoAKACgAoAKACgAoAKACgAoAKACgAoAKACgAoAKACgAoAKACgAoAKACgAoAKACgAoAKACgAoAKACgAoAKACgAoAKACgAoAKACgAoAKACgAoAKACgAoAKACgAoAKACgAoAKACgAoAKACgAoAKACgAoAKACgAoAKACgAoAKACgAoAKACgAoAKACgAoAKACgAoAKACgAoAKACgAoAKACgAoAKACgAoAKACgAoAKACgAoAKACgAoAKACgAoAKACgAoAKACgAoAKACgAoAKACgAoAKACgAoAKACgAoAKACgAoAKACgAoAKACgAoAKACgAoAKACgAoAKACgAoAKACgAoAKACgAoAKACgAoAKACgAoAKACgAoAKACgAoAKACgAoAKACgAoAKACgAoAKACgAoAKACgAoAKACgAoAKACgAoAKACgAoAKACgAoAKACgAoAKACgAoAKACgAoAKACgAoAKACgAoAKACgAoAKACgAoAKACgAoAKACgAoAKACgAoAKACgAoAKACgAoAKACgAoAKACgAoAKACgAoAKACgAoAKACgAoAKACgAoAKACgAoAKACgAoAKACgAoAKACgAoAKACgAoAKACgAoAKACgAoAKACgAoAKACgAoAKACgAoAKACgAoAKACgAoAKACgAoAKACgAoAKACgAoAKACgAoAKACgAoAKACgAoAKACgAoAKACgD//Z","timing":1982,"timestamp":8.650055175497999E12},{"data":"/9j/4AAQSkZJRgABAQAAAQABAAD/2wCEAAMCAgMCAgMDAwMEAwMEBQgFBQQEBQoHBwYIDAoMDAsKCwsNDhIQDQ4RDgsLEBYQERMUFRUVDA8XGBYUGBIUFRQBAwQEBQQFCQUFCRQNCw0UFBQUFBQUFBQUFBQUFBQUFBQUFBQUFBQUFBQUFBQUFBQUFBQUFBQUFBQUFBQUFBQUFP/AABEIANUAeAMBEQACEQEDEQH/xAGiAAABBQEBAQEBAQAAAAAAAAAAAQIDBAUGBwgJCgsQAAIBAwMCBAMFBQQEAAABfQECAwAEEQUSITFBBhNRYQcicRQygZGhCCNCscEVUtHwJDNicoIJChYXGBkaJSYnKCkqNDU2Nzg5OkNERUZHSElKU1RVVldYWVpjZGVmZ2hpanN0dXZ3eHl6g4SFhoeIiYqSk5SVlpeYmZqio6Slpqeoqaqys7S1tre4ubrCw8TFxsfIycrS09TV1tfY2drh4uPk5ebn6Onq8fLz9PX29/j5+gEAAwEBAQEBAQEBAQAAAAAAAAECAwQFBgcICQoLEQACAQIEBAMEBwUEBAABAncAAQIDEQQFITEGEkFRB2FxEyIygQgUQpGhscEJIzNS8BVictEKFiQ04SXxFxgZGiYnKCkqNTY3ODk6Q0RFRkdISUpTVFVWV1hZWmNkZWZnaGlqc3R1dnd4eXqCg4SFhoeIiYqSk5SVlpeYmZqio6Slpqeoqaqys7S1tre4ubrCw8TFxsfIycrS09TV1tfY2dri4+Tl5ufo6ery8/T19vf4+fr/2gAMAwEAAhEDEQA/AP1ToAKACgAoAKACgAoAKACgAoAKACgAoAKACgAoAKACgAoAKACgAoAKACgAoAKACgAoAKACgAoAKACgAoAKACgAoAKACgAoAKACgAoAKACgAoAKACgAoAKACgAoAKACgAoAKACgAoAKACgAoAKACgAoAKACgAoAKACgAoAKACgAoAKACgAoAKACgAoAKACgAoAKACgAoAKACgAoAKACgAoAKACgAoAKACgAoAKACgAoAKACgAoAKACgAoAKACgAoAKACgAoAKACgAoAKACgAoAKACgAoAKACgAoAKACgAoAKACgAoAKACgAoAKACgAoAKACgAoAKACgAoAKACgAoAKACgAoAKACgAoAKACgAoAKACgAoAKACgAoAKACgAoAKACgAoAKACgAoAKACgAoAKACgAoAKACgAoAKACgAoAKACgAoAKACgAoAKACgAoAKACgAoAKACgAoAKACgAoAKACgAoAKACgAoAKACgAoAKACgAoAKACgAoAKACgAoAKACgAoAKACgAoAKACgAoAKACgAoAKACgAoAKACgAoAKACgAoAKACgAoAKACgAoAKACgAoAKACgAoAKACgAoAKACgAoAKACgAoAKACgAoAKACgAoAKACgAoAKACgAoAKACgAoAKACgAoAKACgAoAKACgAoAKACgAoAKACgAoAKACgAoAKACgAoAKACgAoAKACgAoAKACgAoAKACgAoAKACgAoAKACgAoAKACgAoAKACgAoAKACgAoAKACgAoAKACgAoAKACgAoAKACgAoAKACgAoAKACgAoAKACgAoAKACgAoAKACgAoAKACgAoAKACgAoAKACgAoAKACgAoAKACgAoAKACgAoAKACgAoAKACgAoAKACgAoAKACgAoAKACgAoAKACgAoAKACgAoAKACgAoAKACgAoAKACgAoAKACgAoAKACgAoAKACgD//Z","timing":2642,"timestamp":8650055836098},{"data":"/9j/4AAQSkZJRgABAQAAAQABAAD/2wCEAAMCAgMCAgMDAwMEAwMEBQgFBQQEBQoHBwYIDAoMDAsKCwsNDhIQDQ4RDgsLEBYQERMUFRUVDA8XGBYUGBIUFRQBAwQEBQQFCQUFCRQNCw0UFBQUFBQUFBQUFBQUFBQUFBQUFBQUFBQUFBQUFBQUFBQUFBQUFBQUFBQUFBQUFBQUFP/AABEIANUAeAMBEQACEQEDEQH/xAGiAAABBQEBAQEBAQAAAAAAAAAAAQIDBAUGBwgJCgsQAAIBAwMCBAMFBQQEAAABfQECAwAEEQUSITFBBhNRYQcicRQygZGhCCNCscEVUtHwJDNicoIJChYXGBkaJSYnKCkqNDU2Nzg5OkNERUZHSElKU1RVVldYWVpjZGVmZ2hpanN0dXZ3eHl6g4SFhoeIiYqSk5SVlpeYmZqio6Slpqeoqaqys7S1tre4ubrCw8TFxsfIycrS09TV1tfY2drh4uPk5ebn6Onq8fLz9PX29/j5+gEAAwEBAQEBAQEBAQAAAAAAAAECAwQFBgcICQoLEQACAQIEBAMEBwUEBAABAncAAQIDEQQFITEGEkFRB2FxEyIygQgUQpGhscEJIzNS8BVictEKFiQ04SXxFxgZGiYnKCkqNTY3ODk6Q0RFRkdISUpTVFVWV1hZWmNkZWZnaGlqc3R1dnd4eXqCg4SFhoeIiYqSk5SVlpeYmZqio6Slpqeoqaqys7S1tre4ubrCw8TFxsfIycrS09TV1tfY2dri4+Tl5ufo6ery8/T19vf4+fr/2gAMAwEAAhEDEQA/AP1ToAKACgAoAKACgAoAKACgAoAKACgAoAKACgAoAKACgAoAKACgAoAKACgAoAKACgAoAKACgAoAKACgAoAKACgAoAKACgAoAKACgAoAKACgAoAKACgAoAKACgAoAKACgAoAKACgAoAKACgAoAKACgAoAKACgAoAKACgAoAKACgAoAKACgAoAKACgAoAKACgAoAKACgAoAKACgAoAKACgAoAKACgAoAKACgAoAKACgAoAKACgAoAKACgAoAKACgAoAKACgAoAKACgAoAKACgAoAKACgAoAKACgAoAKACgAoAKACgAoAKACgAoAKACgAoAKACgAoAKACgAoAKACgAoAKACgAoAKACgAoAKACgAoAKACgAoAKACgAoAKACgAoAKACgAoAKACgAoAKACgAoAKACgAoAKACgAoAKACgAoAKACgAoAKACgAoAKACgAoAKACgAoAKACgAoAKACgAoAKACgAoAKACgAoAKACgAoAKACgAoAKACgAoAKACgAoAKACgAoAKACgAoAKACgAoAKACgAoAKACgAoAKACgAoAKACgAoAKACgAoAKACgAoAKACgAoAKACgAoAKACgAoAKACgAoAKACgAoAKACgAoAKACgAoAKACgAoAKACgAoAKACgAoAKACgAoAKACgAoAKACgAoAKACgAoAKACgAoAKACgAoAKACgAoAKACgAoAKACgAoAKACgAoAKACgAoAKACgAoAKACgAoAKACgAoAKACgAoAKACgAoAKACgAoAKACgAoAKACgAoAKACgAoAKACgAoAKACgAoAKACgAoAKACgAoAKACgAoAKACgAoAKACgAoAKACgAoAKACgAoAKACgAoAKACgAoAKACgAoAKACgAoAKACgAoAKACgAoAKACgAoAKACgAoAKACgAoAKACgAoAKACgAoAKACgAoAKACgAoAKACgAoAKACgD//Z","timing":3303,"timestamp":8650056496698},{"data":"/9j/4AAQSkZJRgABAQAAAQABAAD/2wCEAAMCAgMCAgMDAwMEAwMEBQgFBQQEBQoHBwYIDAoMDAsKCwsNDhIQDQ4RDgsLEBYQERMUFRUVDA8XGBYUGBIUFRQBAwQEBQQFCQUFCRQNCw0UFBQUFBQUFBQUFBQUFBQUFBQUFBQUFBQUFBQUFBQUFBQUFBQUFBQUFBQUFBQUFBQUFP/AABEIANUAeAMBEQACEQEDEQH/xAGiAAABBQEBAQEBAQAAAAAAAAAAAQIDBAUGBwgJCgsQAAIBAwMCBAMFBQQEAAABfQECAwAEEQUSITFBBhNRYQcicRQygZGhCCNCscEVUtHwJDNicoIJChYXGBkaJSYnKCkqNDU2Nzg5OkNERUZHSElKU1RVVldYWVpjZGVmZ2hpanN0dXZ3eHl6g4SFhoeIiYqSk5SVlpeYmZqio6Slpqeoqaqys7S1tre4ubrCw8TFxsfIycrS09TV1tfY2drh4uPk5ebn6Onq8fLz9PX29/j5+gEAAwEBAQEBAQEBAQAAAAAAAAECAwQFBgcICQoLEQACAQIEBAMEBwUEBAABAncAAQIDEQQFITEGEkFRB2FxEyIygQgUQpGhscEJIzNS8BVictEKFiQ04SXxFxgZGiYnKCkqNTY3ODk6Q0RFRkdISUpTVFVWV1hZWmNkZWZnaGlqc3R1dnd4eXqCg4SFhoeIiYqSk5SVlpeYmZqio6Slpqeoqaqys7S1tre4ubrCw8TFxsfIycrS09TV1tfY2dri4+Tl5ufo6ery8/T19vf4+fr/2gAMAwEAAhEDEQA/AP1ToAKACgAoAKACgAoAKACgAoAKACgAoAKACgAoAKACgAoAKACgAoAKACgAoAKACgAoAKACgAoAKACgAoAKACgAoAKACgAoAKACgAoAKACgAoAKACgAoAKACgAoAKACgAoAKACgAoAKACgAoAKACgAoAKACgAoAKACgAoAKACgAoAKACgAoAKACgAoAKACgAoAKACgAoAKACgAoAKACgAoAKACgAoAKACgAoAKACgAoAKACgAoAKACgAoAKACgAoAKACgAoAKACgAoAKACgAoAKACgAoAKACgAoAKACgAoAKACgAoAKACgAoAKACgAoAKACgAoAKACgAoAKACgAoAKACgAoAKACgAoAKACgAoAKACgAoAKACgAoAKACgAoAKACgAoAKACgAoAKACgAoAKACgAoAKACgAoAKACgAoAKACgAoAKACgAoAKACgAoAKACgAoAKACgAoAKACgAoAKACgAoAKACgAoAKACgAoAKACgAoAKACgAoAKACgAoAKACgAoAKACgAoAKACgAoAKACgAoAKACgAoAKACgAoAKACgAoAKACgAoAKACgAoAKACgAoAKACgAoAKACgAoAKACgAoAKACgAoAKACgAoAKACgAoAKACgAoAKACgAoAKACgAoAKACgAoAKACgAoAKACgAoAKACgAoAKACgAoAKACgAoAKACgAoAKACgAoAKACgAoAKACgAoAKACgAoAKACgAoAKACgAoAKACgAoAKACgAoAKACgAoAKACgAoAKACgAoAKACgAoAKACgAoAKACgAoAKACgAoAKACgAoAKACgAoAKACgAoAKACgAoAKACgAoAKACgAoAKACgAoAKACgAoAKACgAoAKACgAoAKACgAoAKACgAoAKACgAoAKACgAoAKACgAoAKACgAoAKACgAoAKACgAoAKACgAoAKACgAoAKACgAoAKACgD//Z","timing":3964,"timestamp":8650057157298},{"data":"/9j/4AAQSkZJRgABAQAAAQABAAD/2wCEAAMCAgMCAgMDAwMEAwMEBQgFBQQEBQoHBwYIDAoMDAsKCwsNDhIQDQ4RDgsLEBYQERMUFRUVDA8XGBYUGBIUFRQBAwQEBQQFCQUFCRQNCw0UFBQUFBQUFBQUFBQUFBQUFBQUFBQUFBQUFBQUFBQUFBQUFBQUFBQUFBQUFBQUFBQUFP/AABEIANUAeAMBEQACEQEDEQH/xAGiAAABBQEBAQEBAQAAAAAAAAAAAQIDBAUGBwgJCgsQAAIBAwMCBAMFBQQEAAABfQECAwAEEQUSITFBBhNRYQcicRQygZGhCCNCscEVUtHwJDNicoIJChYXGBkaJSYnKCkqNDU2Nzg5OkNERUZHSElKU1RVVldYWVpjZGVmZ2hpanN0dXZ3eHl6g4SFhoeIiYqSk5SVlpeYmZqio6Slpqeoqaqys7S1tre4ubrCw8TFxsfIycrS09TV1tfY2drh4uPk5ebn6Onq8fLz9PX29/j5+gEAAwEBAQEBAQEBAQAAAAAAAAECAwQFBgcICQoLEQACAQIEBAMEBwUEBAABAncAAQIDEQQFITEGEkFRB2FxEyIygQgUQpGhscEJIzNS8BVictEKFiQ04SXxFxgZGiYnKCkqNTY3ODk6Q0RFRkdISUpTVFVWV1hZWmNkZWZnaGlqc3R1dnd4eXqCg4SFhoeIiYqSk5SVlpeYmZqio6Slpqeoqaqys7S1tre4ubrCw8TFxsfIycrS09TV1tfY2dri4+Tl5ufo6ery8/T19vf4+fr/2gAMAwEAAhEDEQA/AP0bk8LeMEuh9l8ZJFaC8SXyp9KjlcWyxQKYA+4cs8cz+YwYjz8Y+RSQDrtMt57TTrWG5unvriOJEkuXRUaVgoBcqoABJycAYGeKALVABQAUAFABQAUAFABQAUAFABQAUAFABQAUAFABQAUAFABQAUAFABQAUAFABQAUAFABQAUAFABQAUAFABQAUAFABQAUAFABQAUAFABQAUAFABQAUAFABQAUAFABQAUAFABQAUAFACZ5xQAZGcd6AFoAKACgAoAKACgAoAKACgAoAKACgAoA8AbVfiFqEGl3Wja9oL2kFwbHVBNfwzbbgSxCKFJAD+9kHyOrcgynbuOwgA7zwHq+q2WrXll4h1fTrqG7mCaTIs8azzPGji4hMSjG6MxliQxOTICsYQAgHftOoYr1cLu2jrj6daAATI2MMDkkZBHUHH8xQAi3CMMgjGCScg4x1H1oAZp9/b6rYW97ZzR3NpcRrLDPC4dJEYZVlYEgggggg4INAFigAoAKACgAoAKACgAoAKAOF1j4PeEvFt/omq6npZvL/RpvtGmXM0syyWT/ALrJjywKZMEeQMA/N2dsgDdG+B3grw9pVrYadoUFrHaQS29rOjN9ptY5FdXWG4z5sWRI4Gxxt3HbigB+ifBfwj4c059O03TGtdMa8hvxYLdTm3ininSeIxRlysSrJGjbEAU4AIIoAst8JfC5Piwpp8kLeKgo1d4LyeJ7jClRhlcGP5SR8hXrQBj3v7O/w+1O4vJ73w5BdyXieXcCeWWRJB9qN2cozlcm4YyFsZJOCSOKAO60PRrTw5oun6Tp8XkWFhbx2tvFuLbI0UKq5YknAAGSSaAL1ABQAUAFABQAUAFABQAUAFABQAUAFABQAUAFABQAUAFABQAUAFABQAUAJuoFfWwbqAuAOaBi0AFABQAUAFABQAUAFABQAUAFABQByaS6/f6Wk1hPZf6RCjQTzRO/UZDsoZCQwK/LwRzyeldj+rNt6nn2xe2hXv8A/hODph+xHRV1EeWy/aVlMX3Y/MU7efvGXB9FTI5JEr6u90waxS2aNfTU8Qf27eG9fTv7H2D7MsMb/aC2TkuSduMbcYHr0xgxP2XKuS9zal7fm/ebG7WB1BQAUARiZec4XHXJppNkOaWjYvmqDjIz9aLMHOK6jftCEkBlJXBIz0H+Qfyos+qDnjrZiC6jP8QHtmnyvsQqsHrckVg6gggg9xSasap31Q6kMKACgAoA8ttfEXirw3YQWVxYJKIFENuLKwe4Msa+UiFmMyBGJlAwQANrMSEBau14eLfuzT+Vv8zzFi3b3qbXzv8AohsvxI15bS9mi02/ma0PMI8OTK8yllCmPdcBTkMGwSCAGyBg1Twm3vrXzGsZ/wBO39x0XhvVvEuvSasJVt9LWyvXtI/tWmyD7Qqqh81D5/KEsQD329jkDmqU+TlfNe6vp0v09TrpVOe6tazsbX2XX/8AoJ6b/wCC6T/4/WJuH2XX/wDoJ6b/AOC6T/4/QAfZdf8A+gnpv/guk/8Aj9AFQ+EoL+++26wUvbuPasfl+ZHCoDBlYRF2UOCPv9ccdK2hVnCPKmc86EJy5mMPw80JnspPs03m2f8AqZftMvmAbGQqW3bmUhjlWJBOGIyAar6xU7kfVqbdyS08CaPY209rBahLSaaO4aDcxVXRlZNoJ+VVKKQq4A7Dml7ed076r9RrDxSa6MSz+H2h6ejLb2rxhoEtm/fOxaNCxVSSckDew57YHQACvrFS/Nfrf8v8hfVafLym9a20dnbxwRLtijUIi+gAwBXO227s6klFJIlpDCgAoAKAPM/CfijTLvw1p3k+HJb1Ft1jeeJrMozL8j8mYc70IIPIIwQDTuKxb1Txfomj6ebzUPDcllatJFCJLp7KJGeWTZGoZpwuXchQM5JYAZJpDLNxr9hYxNJP4RuoYYwS8kos1RADzkmbA6Z/H3oA0YJre4hjlTwnOUkUOvy2vQ9P+WtAD/3P/QpT/wDfNr/8doAP3P8A0KU//fNr/wDHaAKP9la5dyXUmmzjw9aSW/lRWr28RkimyT5wKl0YEbV2kZ4JyOjaxnTS1WpjUhU5vdlobPh6x1eyN6dV1CO/864aWARxeX5EZxti77sYzu4znoKU3F25VYdNSSfO7mxiszQWgYUAFABQAUAFAHlFp+zT4R022uYrCbWLJrkYmki1KQlwZzPINrEqA7vLnao+WaRV2hsUAbCfA7wrH4Qm8MLb3C6JK0Tm2S4ZCrRtuRlkUh1ZWCsGDAhlBB9QDF0f9l34faBYvZ6fpc9pbM2Qkd3KNn7qSH5fm+U7JXG4YP3TnKqQAep2lstpbRQKSyxoEBbqQBigCagAoAKACgAoAKACgAoAKACgAoA4A/G3w0YfFjRTS3M3hm9isL+CFA0hlkKqixrnMjMzbFjHzuw2qrFk3AGndfEK3hj1VYdNv7y80ydreexhWMTFgYTlCzhGBjuIpAA+SG243gpQBZ1PxvbaJLdpf2V/AsLxokkVubhZQyFt48rcUQbWUtKEAKnnBBIBneHvizofivWb7TNLTUJ7mxnS3uGl0+eGNHaKOTG90A3ASoGT76kNuUbSaAJbn4o6Lptle3eoLe2FvZTtDcyPZySpbgCNvMleIOkaFJo5NzlQqFi23Y+0Ap3Hxj0Ox8R6zpN7Ff2R0y4W0a5e1MkU8zRW8gSMx7juxd26gOFLtIFTcQcAG34e8d6N4o1C9stPmuHuLOaaCTz7KeBHaKQxy+W8iKsoVxtLRlgMjnkZAOgoAKACgAoAKACgAoAKAK8thbTxSRSQRvHIwZ1ZQQxGME+p4H5UAO+xwbg3kpkcg7Rx824/qAfrQA06fatIZDbxNISGLlASSBgEnuQCRn3oAclnBHKJEhRHC7Qyrg444+nA/IUALHawxMGSJFIzghQMZOT+ZA/KgBPscGxl8lNrDDDb14xz+HFADxEinIUA8849eTQA+gAoAKACgAoAKACgAoAKACgAoAKACgAoAKACgAoAKACgAoAKACgAoAKACgAoAKACgAoAKACgAoAKACgAoAKACgAoAKACgAoAKACgAoAKACgAoAKACgAoAKACgAoAKACgAoAKACgAoAKACgAoAKACgAoAKACgAoAKACgAoAKACgAoAKACgAoAKACgAoAKACgAoAKACgAoAKACgAoAKACgAoAKACgAoAKACgAoAKACgAoAKACgAoAKACgAoAKACgAoAKACgAoAKACgAoAKACgAoAKACgAoAKACgAoAKACgAoAKACgAoAKACgAoAKACgAoAKACgAoAKACgAoAKACgAoAKACgAoAKACgAoAKACgAoAKACgAoAKACgAoAKACgAoAKACgAoAKACgAoAKACgAoAKACgAoAKACgAoAKACgAoAKACgAoAKACgAoA//9k=","timing":4624,"timestamp":8.650057817898001E12},{"data":"/9j/4AAQSkZJRgABAQAAAQABAAD/2wCEAAMCAgMCAgMDAwMEAwMEBQgFBQQEBQoHBwYIDAoMDAsKCwsNDhIQDQ4RDgsLEBYQERMUFRUVDA8XGBYUGBIUFRQBAwQEBQQFCQUFCRQNCw0UFBQUFBQUFBQUFBQUFBQUFBQUFBQUFBQUFBQUFBQUFBQUFBQUFBQUFBQUFBQUFBQUFP/AABEIANUAeAMBEQACEQEDEQH/xAGiAAABBQEBAQEBAQAAAAAAAAAAAQIDBAUGBwgJCgsQAAIBAwMCBAMFBQQEAAABfQECAwAEEQUSITFBBhNRYQcicRQygZGhCCNCscEVUtHwJDNicoIJChYXGBkaJSYnKCkqNDU2Nzg5OkNERUZHSElKU1RVVldYWVpjZGVmZ2hpanN0dXZ3eHl6g4SFhoeIiYqSk5SVlpeYmZqio6Slpqeoqaqys7S1tre4ubrCw8TFxsfIycrS09TV1tfY2drh4uPk5ebn6Onq8fLz9PX29/j5+gEAAwEBAQEBAQEBAQAAAAAAAAECAwQFBgcICQoLEQACAQIEBAMEBwUEBAABAncAAQIDEQQFITEGEkFRB2FxEyIygQgUQpGhscEJIzNS8BVictEKFiQ04SXxFxgZGiYnKCkqNTY3ODk6Q0RFRkdISUpTVFVWV1hZWmNkZWZnaGlqc3R1dnd4eXqCg4SFhoeIiYqSk5SVlpeYmZqio6Slpqeoqaqys7S1tre4ubrCw8TFxsfIycrS09TV1tfY2dri4+Tl5ufo6ery8/T19vf4+fr/2gAMAwEAAhEDEQA/AP0bk8LeMEuh9l8ZJFaC8SXyp9KjlcWyxQKYA+4cs8cz+YwYjz8Y+RSQDrtMt57TTrWG5unvriOJEkuXRUaVgoBcqoABJycAYGeKALVABQAUAFABQAUAFABQAUAFABQAUAFABQAUAFABQAUAFABQAUAFABQAUAFABQAUAFABQAUAFABQAUAFABQAUAFABQAUAFABQAUAFABQAUAFABQAUAFABQAUAFABQAUAFABQAUAFACZ5xQAZGcd6AFoAKACgAoAKACgAoAKACgAoAKACgAoA8AbVfiFqEGl3Wja9oL2kFwbHVBNfwzbbgSxCKFJAD+9kHyOrcgynbuOwgA7zwHq+q2WrXll4h1fTrqG7mCaTIs8azzPGji4hMSjG6MxliQxOTICsYQAgHftOoYr1cLu2jrj6daAATI2MMDkkZBHUHH8xQAi3CMMgjGCScg4x1H1oAZp9/b6rYW97ZzR3NpcRrLDPC4dJEYZVlYEgggggg4INAFigAoAKACgAoAKACgAoAKAOF1j4PeEvFt/omq6npZvL/RpvtGmXM0syyWT/ALrJjywKZMEeQMA/N2dsgDdG+B3grw9pVrYadoUFrHaQS29rOjN9ptY5FdXWG4z5sWRI4Gxxt3HbigB+ifBfwj4c059O03TGtdMa8hvxYLdTm3ininSeIxRlysSrJGjbEAU4AIIoAst8JfC5Piwpp8kLeKgo1d4LyeJ7jClRhlcGP5SR8hXrQBj3v7O/w+1O4vJ73w5BdyXieXcCeWWRJB9qN2cozlcm4YyFsZJOCSOKAO60PRrTw5oun6Tp8XkWFhbx2tvFuLbI0UKq5YknAAGSSaAL1ABQAUAFABQAUAFABQAUAFABQAUAFABQAUAFABQAUAFABQAUAFABQAUAJuoFfWwbqAuAOaBi0AFABQAUAFABQAUAFABQAUAFABQByaS6/f6Wk1hPZf6RCjQTzRO/UZDsoZCQwK/LwRzyeldj+rNt6nn2xe2hXv8A/hODph+xHRV1EeWy/aVlMX3Y/MU7efvGXB9FTI5JEr6u90waxS2aNfTU8Qf27eG9fTv7H2D7MsMb/aC2TkuSduMbcYHr0xgxP2XKuS9zal7fm/ebG7WB1BQAUARiZec4XHXJppNkOaWjYvmqDjIz9aLMHOK6jftCEkBlJXBIz0H+Qfyos+qDnjrZiC6jP8QHtmnyvsQqsHrckVg6gggg9xSasap31Q6kMKACgAoA8ttfEXirw3YQWVxYJKIFENuLKwe4Msa+UiFmMyBGJlAwQANrMSEBau14eLfuzT+Vv8zzFi3b3qbXzv8AohsvxI15bS9mi02/ma0PMI8OTK8yllCmPdcBTkMGwSCAGyBg1Twm3vrXzGsZ/wBO39x0XhvVvEuvSasJVt9LWyvXtI/tWmyD7Qqqh81D5/KEsQD329jkDmqU+TlfNe6vp0v09TrpVOe6tazsbX2XX/8AoJ6b/wCC6T/4/WJuH2XX/wDoJ6b/AOC6T/4/QAfZdf8A+gnpv/guk/8Aj9AFQ+EoL+++26wUvbuPasfl+ZHCoDBlYRF2UOCPv9ccdK2hVnCPKmc86EJy5mMPw80JnspPs03m2f8AqZftMvmAbGQqW3bmUhjlWJBOGIyAar6xU7kfVqbdyS08CaPY209rBahLSaaO4aDcxVXRlZNoJ+VVKKQq4A7Dml7ed076r9RrDxSa6MSz+H2h6ejLb2rxhoEtm/fOxaNCxVSSckDew57YHQACvrFS/Nfrf8v8hfVafLym9a20dnbxwRLtijUIi+gAwBXO227s6klFJIlpDCgAoAKAPM/CfijTLvw1p3k+HJb1Ft1jeeJrMozL8j8mYc70IIPIIwQDTuKxb1Txfomj6ebzUPDcllatJFCJLp7KJGeWTZGoZpwuXchQM5JYAZJpDLNxr9hYxNJP4RuoYYwS8kos1RADzkmbA6Z/H3oA0YJre4hjlTwnOUkUOvy2vQ9P+WtAD/3P/QpT/wDfNr/8doAP3P8A0KU//fNr/wDHaAKP9la5dyXUmmzjw9aSW/lRWr28RkimyT5wKl0YEbV2kZ4JyOjaxnTS1WpjUhU5vdlobPh6x1eyN6dV1CO/864aWARxeX5EZxti77sYzu4znoKU3F25VYdNSSfO7mxiszQWgYUAFABQAUAFAHlFp+zT4R022uYrCbWLJrkYmki1KQlwZzPINrEqA7vLnao+WaRV2hsUAbCfA7wrH4Qm8MLb3C6JK0Tm2S4ZCrRtuRlkUh1ZWCsGDAhlBB9QDF0f9l34faBYvZ6fpc9pbM2Qkd3KNn7qSH5fm+U7JXG4YP3TnKqQAep2lstpbRQKSyxoEBbqQBigCagAoAKACgAoAKACgAoAKACgAoA4A/G3w0YfFjRTS3M3hm9isL+CFA0hlkKqixrnMjMzbFjHzuw2qrFk3AGndfEK3hj1VYdNv7y80ydreexhWMTFgYTlCzhGBjuIpAA+SG243gpQBZ1PxvbaJLdpf2V/AsLxokkVubhZQyFt48rcUQbWUtKEAKnnBBIBneHvizofivWb7TNLTUJ7mxnS3uGl0+eGNHaKOTG90A3ASoGT76kNuUbSaAJbn4o6Lptle3eoLe2FvZTtDcyPZySpbgCNvMleIOkaFJo5NzlQqFi23Y+0Ap3Hxj0Ox8R6zpN7Ff2R0y4W0a5e1MkU8zRW8gSMx7juxd26gOFLtIFTcQcAG34e8d6N4o1C9stPmuHuLOaaCTz7KeBHaKQxy+W8iKsoVxtLRlgMjnkZAOgoAKACgAoAKACgAoAKAK8thbTxSRSQRvHIwZ1ZQQxGME+p4H5UAO+xwbg3kpkcg7Rx824/qAfrQA06fatIZDbxNISGLlASSBgEnuQCRn3oAclnBHKJEhRHC7Qyrg444+nA/IUALHawxMGSJFIzghQMZOT+ZA/KgBPscGxl8lNrDDDb14xz+HFADxEinIUA8849eTQA+gAoAKACgAoAKACgAoAKACgAoAKACgAoAKACgAoAKACgAoAKACgAoAKACgAoAKACgAoAKACgAoAKACgAoAKACgAoAKACgAoAKACgAoAKACgAoAKACgAoAKACgAoAKACgAoAKACgAoAKACgAoAKACgAoAKACgAoAKACgAoAKACgAoAKACgAoAKACgAoAKACgAoAKACgAoAKACgAoAKACgAoAKACgAoAKACgAoAKACgAoAKACgAoAKACgAoAKACgAoAKACgAoAKACgAoAKACgAoAKACgAoAKACgAoAKACgAoAKACgAoAKACgAoAKACgAoAKACgAoAKACgAoAKACgAoAKACgAoAKACgAoAKACgAoAKACgAoAKACgAoAKACgAoAKACgAoAKACgAoAKACgAoAKACgAoAKACgAoAKACgAoAKACgAoAKACgAoA//9k=","timing":5285,"timestamp":8.650058478497999E12},{"data":"/9j/4AAQSkZJRgABAQAAAQABAAD/2wCEAAMCAgMCAgMDAwMEAwMEBQgFBQQEBQoHBwYIDAoMDAsKCwsNDhIQDQ4RDgsLEBYQERMUFRUVDA8XGBYUGBIUFRQBAwQEBQQFCQUFCRQNCw0UFBQUFBQUFBQUFBQUFBQUFBQUFBQUFBQUFBQUFBQUFBQUFBQUFBQUFBQUFBQUFBQUFP/AABEIANUAeAMBEQACEQEDEQH/xAGiAAABBQEBAQEBAQAAAAAAAAAAAQIDBAUGBwgJCgsQAAIBAwMCBAMFBQQEAAABfQECAwAEEQUSITFBBhNRYQcicRQygZGhCCNCscEVUtHwJDNicoIJChYXGBkaJSYnKCkqNDU2Nzg5OkNERUZHSElKU1RVVldYWVpjZGVmZ2hpanN0dXZ3eHl6g4SFhoeIiYqSk5SVlpeYmZqio6Slpqeoqaqys7S1tre4ubrCw8TFxsfIycrS09TV1tfY2drh4uPk5ebn6Onq8fLz9PX29/j5+gEAAwEBAQEBAQEBAQAAAAAAAAECAwQFBgcICQoLEQACAQIEBAMEBwUEBAABAncAAQIDEQQFITEGEkFRB2FxEyIygQgUQpGhscEJIzNS8BVictEKFiQ04SXxFxgZGiYnKCkqNTY3ODk6Q0RFRkdISUpTVFVWV1hZWmNkZWZnaGlqc3R1dnd4eXqCg4SFhoeIiYqSk5SVlpeYmZqio6Slpqeoqaqys7S1tre4ubrCw8TFxsfIycrS09TV1tfY2dri4+Tl5ufo6ery8/T19vf4+fr/2gAMAwEAAhEDEQA/APh3wzoB168ZWcxwRAF2HXnoB78H8qANnXvA0dlYvc2csjmIFnWUg5XuRgDpQBxtABQAUAFABQAUAFABQAUAFAGhoWktrWpR2ytsXBZ3xnaB/kD8aAOp1TwFBFYSSWs8pmjUttkwQ2BnAwOKAOGoA6Hwfr8WiXcq3CnyJsbpF5KEZxx6c0AbviDxnYy6dNBaMbh5kMZ+UqFBGCeQKAOCOSaADFABigAxQAYoAMUAGKADFABigAxQBreGNXTRdVSaVS0LKUfHUA9x+VAHX6n4205bKYW7tPMylVQIwwSO5IH6UAecgYAoA3vsEH/PMUAH2CD/AJ5igA+wQf8APMUAH2CD/nmKAD7BB/zzFAB9gg/55igA+wQf88xQAfYIP+eYoAPsEH/PMUAH2CD/AJ5igA+wQf8APMUAH2CD/nmKAD7BB/zzFAB9gg/55igA+wQf88xQBYoAKACgAoAKACgAoAKACgAoAKACgAoAKACgAoAKACgAoAKACgAoAKACgAoAKACgAoAKACgAoAKACgAoAKACgAoAKACgAoAKACgAoAKACgAoAKACgAoAKACgAoAKACgAoAKACgAoAKACgAoAKACgAoAKACgAoAKACgAoAKACgAoAKACgAoAKACgAoAKACgAoAKACgAoAKACgAoAKACgAoAKACgAoAKACgAoAKACgAoAKACgAoAKACgAoAKACgAoAKACgAoAKACgAoAKACgAoAKACgBUKh13DK55A9KAOjNh4P7a7rZ/7gsP/AMl0AH2Dwh/0HNb/APBND/8AJdAB9g8If9BzW/8AwTQ//JdAB9g8If8AQc1v/wAE0P8A8l0AH2Dwh/0HNb/8E0P/AMl0AH2Dwh/0HNb/APBND/8AJdAB9g8If9BzW/8AwTQ//JdAB9g8If8AQc1v/wAE0P8A8l0AH2Dwh/0HNb/8E0P/AMl0AH2Dwh/0HNb/APBND/8AJdAB9g8If9BzW/8AwTQ//JdAB9g8If8AQc1v/wAE0P8A8l0AAsPB/fXNb/8ABND/APJdAGDerbrdyraSSS2wYiOSaMRu69iyhmCk9cBjj1NAENABQAUAFABQAUAFABQAUAFABQAUAFABQAUAFABQAUAFABQAUAFABQAUAFABQAUAFABQAUAIeQe1ACfN7UAGG9qADDe1ABhvagAw3tQAYb2oAMN7UAGG9qADDe1ABhvagAw3tQAYb2oAPm9qAFGcc9aAFoA3tM8PW1/YQzvJMjODkIwx1PtQBa/4RO0/57XH/fS//E0AH/CJ2n/Pa4/76X/4mgDI1rTI9MljSF3bepJMmCf0AoA1z4TtP+es4+jLj+VAB/widp/z2uP++l/+JoAP+ETtP+e1x/30v/xNAHP6narY38tujMyJjBY88gH+tAFegAoAKACgAoAKACgDd0nxFb2NhFBJDMXTOSgXHX60AW/+EttP+eFz+S/40AH/AAltp/zwufyX/GgDH1zVI9TljeFHQKpGJAOv4GgDYHi20xzBcZ74C/40AH/CW2n/ADwufyX/ABoAP+EttP8Anhc/kv8AjQBgandJfahLcRqyo+MB8Z6Af0oArUAFABQAUAFABQAUAFABmgAzQAUAFABmgAzQAUAFABQAUAFABQAUAFABQAUAFABQAUAFABQAUAFABQAUAFABQAUAFABQAUAFABQAUAFABQAUAFABQAUAFABQAUAFABQAUAFABQAUAFABQAUAFABQAUAFABQAUAFABQAUAFABQAUAFABQAUAFABQAUAFABQAUAFABQAUAFABQAUAFABQAUAFABQAUAFABQAUAFABQAUAFABQAUAFABQAUAFABQAUAFABQAUAFABQAUAFABQAUAFABQAUAFABQAUAFABQAUAZP9sv/AM8l/OgA/tl/+eS/nQAf2y//ADyX86AD+2X/AOeS/nQAf2y//PJfzoAP7Zf/AJ5L+dAB/bL/APPJfzoAP7Zf/nkv50AH9sv/AM8l/OgA/tl/+eS/nQAf2y//ADyX86AD+2X/AOeS/nQAf2y//PJfzoAP7Zf/AJ5L+dAB/bL/APPJfzoAz6ACgAoAKACgAoAKACgAoAKACgAoAKACgAoA/wD/2Q==","timing":5945,"timestamp":8650059139098},{"data":"/9j/4AAQSkZJRgABAQAAAQABAAD/2wCEAAMCAgMCAgMDAwMEAwMEBQgFBQQEBQoHBwYIDAoMDAsKCwsNDhIQDQ4RDgsLEBYQERMUFRUVDA8XGBYUGBIUFRQBAwQEBQQFCQUFCRQNCw0UFBQUFBQUFBQUFBQUFBQUFBQUFBQUFBQUFBQUFBQUFBQUFBQUFBQUFBQUFBQUFBQUFP/AABEIANUAeAMBEQACEQEDEQH/xAGiAAABBQEBAQEBAQAAAAAAAAAAAQIDBAUGBwgJCgsQAAIBAwMCBAMFBQQEAAABfQECAwAEEQUSITFBBhNRYQcicRQygZGhCCNCscEVUtHwJDNicoIJChYXGBkaJSYnKCkqNDU2Nzg5OkNERUZHSElKU1RVVldYWVpjZGVmZ2hpanN0dXZ3eHl6g4SFhoeIiYqSk5SVlpeYmZqio6Slpqeoqaqys7S1tre4ubrCw8TFxsfIycrS09TV1tfY2drh4uPk5ebn6Onq8fLz9PX29/j5+gEAAwEBAQEBAQEBAQAAAAAAAAECAwQFBgcICQoLEQACAQIEBAMEBwUEBAABAncAAQIDEQQFITEGEkFRB2FxEyIygQgUQpGhscEJIzNS8BVictEKFiQ04SXxFxgZGiYnKCkqNTY3ODk6Q0RFRkdISUpTVFVWV1hZWmNkZWZnaGlqc3R1dnd4eXqCg4SFhoeIiYqSk5SVlpeYmZqio6Slpqeoqaqys7S1tre4ubrCw8TFxsfIycrS09TV1tfY2dri4+Tl5ufo6ery8/T19vf4+fr/2gAMAwEAAhEDEQA/APgL9KAL2qaDqeiLE1/p1zZpI5jDTRkDdgnGemcAn8KAKNABQB0Wm/DzxFrPh2PW9P0m4v8AT5Ls2KNagSuZgYQV8tSXAzcQKGK7S0qKCWOKAJYvhh4sn0e41WPQL19Pt7Sa+lnEfypDFOlvKx7/ACSyIrDqu9SRg5oArSeAPE0M1rG2gah5l3dy2FtEsDGWW5iVDNCIwN29PNjyMZG6gCa1+G3iq+0zT9QtfDup3dpqBuPsr29q0hmEG3zmCqCdq7wC2MZDDOVbABn3/hbWNLsftl3pd5b2vmPC07wkIkisUaNz/C4YYKnB6eooAuz/AA68V215NaTeGNZiuoXijlgfT5Q8bSttiVlK5BcghQfvEYGaAII/BeuM92j6VdW72v2gSi5j8na0ADTp8+PnQMpZRyMjI5FAGLQAUAFABQAY9qAOq8VfFDxZ4206Kw13X9Q1SzilEyQXVw8iK4DAEBiccO350Acrg0AGDQB2+g/FnVvD3glvCsFlYTaVNePcXYmSQveRO1q72shDjETPZW7ZQLICnDgHFAHQW37Sfiyy0DUdHt4rGO21Bt93IwmkmmZLtry3YyPKx3QzvI6kcvvIlMoAAAOWuPiTf3njCPXrmw0+5iitWsYNIlRzZQWxthbCJF37xiMLiTf5hZd5csSxAOt+I/7TPi34nnVX1O3021m1OSWW6lsI5Y2cubcADMh2hI7S3iXbj5Y8tudmdgClrn7QXibxB4X1jQbm300WWqtdNcOkLiTM95a3bkEuRkSWcYGQflZ85JDAA6zxP+194g1vx/ceJ7Hw3oembdW/tSwtnjkme1H9pHUWieXepmDz7WfcMDB8oQh2UgHAt8ZvEMvhqx0OUW0lpZ6fLpkbFXUm3cSbVYBgrMjXF0yuV3A3EgJK7VUA4PHtQAYNABg0AGKAN46bATnyxQAn9mwf881oAP7Ng/55rQAf2bB/zzWgA/s2D/nmtAB/ZsH/ADzWgA/s2D/nmtAB/ZsH/PNaAD+zYP8AnmtAB/ZsH/PNaAD+zYP+ea0AH9mwf881oAP7Ng/55rQAf2bB/wA81oABptvn/VigC3QAUAFABQAUAFABQAUAFABQAUAFABQAUAFABQAUAFABQAUAFABQAUAFABQAUAFABQAUAFABQAUAFABQAUAFABQAUAFABQAUAFABQAUAFABQAUAFABQAUAFABQAUAFABQAUAFABQAUAFABQAUAFABQAUAFABQAUAFABQAUAFABQAUAFABQAUAFABQAUAFABQAUAFABQAUAFABQAUAFABQAUAFABQAUAFABQAUAFABQAUAFABQAUAFABQAUAFABQAUAFABQAUAFABQAUAFABQAUAFABQAUAFAHW6N8L9b8Q6XDeaatveNKkbpapMBMwaS4T5VONxBtpCQpJwQcYDFQCppvgHWNYeySyhjuJbyc20EYlCs8oUMV+bG35WQ5OANwyRzgAYngq9+0xRzz2lpC00kMlzNNiOEoQHLkAkAZzwDnHGTgEAwCMGgAoAKACgDU8K+Hrjxb4m0nQ7R4orrUruKzieYkIryOFUsQCcZIzgE47GgDuvif8DLr4c6BBrcOrwaxpT6hNpUkiqsciXMTOG+VXcFG8tipyGxjcq5FAHmNABQAUAFABQAUATwtahcyxTSOepWYKPy2n+dAD/Msf8An3uP/Ahf/iKADzLH/n3uP/Ahf/iKADzLH/n3uP8AwIX/AOIoAPMsf+fe4/8AAhf/AIigA8yx/wCfe4/8CF/+IoAPMsf+fe4/8CF/+IoAmtL+3sLuG5tkvLe4gdZYpoboI6OpyrKwTIIIBBFAGn4i8a3XilIV1BppFhLvHFGYoYhI2N8hSOJVLsQu5iNzYGScUAc5QAUAFABQAUAFABQAUAFABQAUAFABQAenvxQAgORxQAtABQAUAFABQAUAdhCvg+78LW0LyyWuuJbXEsk4Emxpcv5MR4cNnEZ4WNVG/LsWAQAs6rpHgRrCVtO128+2h5GhUxGSJkDvsVsqpy0YjIZSRuZgwTAJALkdr8PNOs724D3es3cUcEkVkbmRFmY3Q82NX+zIUIgQ/M4x+9OASnIB51QAUAFABQBseDNJtdf8YaHpd7ObWyvr6C2nnVgDHG8iqzZPHAJPPFAHr/7Unwx8JfD+Xw5ceFndBem6intWuIphGsbr5bAx9ismAWyzBAW+ctkA8IoAKACgAoAKACgBSzMqjJAHpQAmG9W/M0AGG9W/M0AByO7fmaADk92/M0AGG9W/M0AGG9W/M0AHI7t+ZoAQ5P8AE3fv7UALQAUAFABQAUAFAFDVbqS2EflttyTnigDW8OeC/FXi5NLbSLQ3f9o3j2FuPNiTzJlMClBuYYJa6gAJwCXGCcHABpN8KPHiWqzyaUyJ5d/MxM8R2pZLuuSQGJGza4PrgYyeKAOPsb+ea6jR3ypzkYHoaAJtUupbeSMRvtBBzwKAN9PAHi19B0fVzbxxWGsru06aa5hjFwfPe3wNzDpLGynOAuULEB1JAMzWND13QnmS8UQywxJM6M8ZOxmwCMMc9VOByM84oAoadezT3G133Lg9qANSgAoAKACgAoAKACgClqVm92E2Y+XPU0APs73XtP06TT7XVbq30+R2le0iuXWF3MbRsxQHBJjd0JI5ViOhIoAfJqfiGZUWTWL2QJG0KbrqQ7EaIQsq88AxKsZA/gAXpxQBRs9OlguUdiu0Z6H2NAE2pWUl06FCvygg5NAF7T9f8U6RYTWNj4g1Kysprc2kttbX0scckBZ2MTKCAULSSHaeMuxx8xyAQapqPiDXM/2lq13qJIYZu7l5eDI0jD5ieC7s59WYnqc0AVbCwltp97lcYI4NAGlQAUAFABQAUAFABQAUAFABQAUAFABQAUAFABQAUAFABQAUAFABQAUAFABQAUAFABQAUAFABQAUAFABQAUAFABQAUAFABQAUAFABQAUAFABQAUAFABQAUAFABQAUAFABQAUAFABQAUAFABQAUAFABQAUAFABQAUAFABQAUAFABQAUAFABQAUAFABQAUAFABQAUAFABQAUAFABQAUAFABQAUAFABQAUAFABQAUAFABQAUAFABQAUAFABQAUAFABQBFDaa3cXNvbxaLeS3FyI2ghjt3Z5Q5AQqoGWDEgDHXNAFjU9E8SaLIkeo+HtQsJHhFwsd1aSRsYi/liQBgDtL/ID03AjrxQBWlttZhurm1k0e7S6tTKJ4DA4kiMYcy7lxkbBHJuz02NnGDQA6Wx12GJpX0O9WJYUuGkNtJtETSCNZM4xtLsEDdCxA6mgCiNQuiHP2U/IcNwfl4J5/AE/QZoAWe+u7YZltGjGSMspAyCQf1Vh9QfSgCH+2n/55r+dAB/bT/8APNfzoAP7af8A55r+dAB/bT/881/OgA/tp/8Anmv50AH9tP8A881/OgA/tp/+ea/nQAf20/8AzzX86AD+2n/55r+dAF+/+Imv6lq0d9e3cV9e26RwJcXNpDI4WMoyHJT7w2Iu7qUXYSU+WgB2r+Pdc1e2s9PvrxLm1stscKG3iXaBLcTAAqoOPMup2I6HeBjCoFAIbTxrrGnzWuoW935UpEsUSiJNsSyIUcBdu0ArxhQAO3ODQBpW3xS8WDUpb9dalN49pLpyyyRI/k28iMjRxKVxCu2RwBGF2hjt25oAp6L8UPEWm395c298DcXlvBaXLXMMc4mhtzFJDGyupBANvEMEEEAhgQSCAUb/AMQ6neacdOuLrzbMXb3Rj2KMzFVVnzjPIA4zjj1NAGXQAUAFABQAUAFABQAUAFAH/9k=","timing":6606,"timestamp":8650059799698}]}},"meta-viewport":{"displayValue":"","score":false,"helpText":"Disabling zooming is problematic for users with low vision who rely on screen magnification to properly see the contents of a web page. [Learn more](https://dequeuniversity.com/rules/axe/2.2/meta-viewport?application=lighthouse).","rawValue":false,"extendedInfo":{"value":{"help":"Zooming and scaling must not be disabled","nodes":[{"failureSummary":"Fix any of the following:\n  <meta> tag disables zooming on mobile devices","snippet":"<meta name=\"viewport\" content=\"width=device-width,initial-scale=1,maximum-scale=1,minimum-scale=1,user-scalable=no\">","path":"1,HTML,1,HEAD,1,META","impact":"critical","html":"<meta name=\"viewport\" content=\"width=device-width,initial-scale=1,maximum-scale=1,minimum-scale=1,user-scalable=no\">","target":["meta[name=\"viewport\"]"]}],"impact":"critical","description":"Ensures <meta name=\"viewport\"> does not disable text scaling and zooming","helpUrl":"https://dequeuniversity.com/rules/axe/3.0/meta-viewport?application=axeAPI","id":"meta-viewport","tags":["cat.sensory-and-visual-cues","wcag2aa","wcag144"]}},"name":"meta-viewport","description":"`[user-scalable=\"no\"]` is used in the `<meta name=\"viewport\">` element or the `[maximum-scale]` attribute is less than 5.","scoringMode":"binary","details":{"header":{"text":"View failing elements","type":"text"},"type":"list","items":[{"snippet":"<meta name=\"viewport\" content=\"width=device-width,initial-scale=1,maximum-scale=1,minimum-scale=1,user-scalable=no\">","path":"1,HTML,1,HEAD,1,META","selector":"meta[name=\"viewport\"]","type":"node"}]}},"visual-order-follows-dom":{"displayValue":"","score":false,"helpText":"DOM order matches the visual order, improving navigation for assistive technology. [Learn more](https://developers.google.com/web/fundamentals/accessibility/how-to-review#try_it_with_a_screen_reader).","rawValue":false,"name":"visual-order-follows-dom","description":"Visual order on the page follows DOM order","scoringMode":"binary","informative":true,"manual":true},"works-offline":{"displayValue":"","score":false,"helpText":"If you're building a Progressive Web App, consider using a service worker so that your app can work offline. [Learn more](https://developers.google.com/web/tools/lighthouse/audits/http-200-when-offline).","rawValue":false,"name":"works-offline","description":"Does not respond with a 200 when offline","scoringMode":"binary"},"definition-list":{"displayValue":"","score":false,"helpText":"When definition lists are not properly marked up, screen readers may produce confusing or inaccurate output. [Learn more](https://dequeuniversity.com/rules/axe/2.2/definition-list?application=lighthouse).","rawValue":false,"name":"definition-list","description":"`<dl>`'s do not contain only properly-ordered `<dt>` and `<dd>` groups, `<script>` or `<template>` elements.","scoringMode":"binary","informative":true,"notApplicable":true},"password-inputs-can-be-pasted-into":{"displayValue":"","score":true,"helpText":"Preventing password pasting undermines good security policy. [Learn more](https://www.ncsc.gov.uk/blog-post/let-them-paste-passwords)","rawValue":true,"extendedInfo":{"value":[]},"name":"password-inputs-can-be-pasted-into","description":"Allows users to paste into password fields","scoringMode":"binary","details":{"header":{"text":"Password inputs that prevent pasting into","type":"text"},"type":"list","items":[]}},"html-lang-valid":{"displayValue":"","score":false,"helpText":"Specifying a valid [BCP 47 language](https://www.w3.org/International/questions/qa-choosing-language-tags#question) helps screen readers announce text properly. [Learn more](https://dequeuniversity.com/rules/axe/2.2/valid-lang?application=lighthouse).","rawValue":false,"name":"html-lang-valid","description":"`<html>` element does not have a valid value for its `[lang]` attribute.","scoringMode":"binary","informative":true,"notApplicable":true},"splash-screen":{"displayValue":"","score":false,"debugString":"Failures: No manifest was fetched.","helpText":"A themed splash screen ensures a high-quality experience when users launch your app from their homescreens. [Learn more](https://developers.google.com/web/tools/lighthouse/audits/custom-splash-screen).","rawValue":false,"extendedInfo":{"value":{"failures":["No manifest was fetched"],"manifestValues":{"parseFailureReason":"No manifest was fetched","allChecks":[],"isParseFailure":true}}},"name":"splash-screen","description":"Is not configured for a custom splash screen","scoringMode":"binary"},"label":{"displayValue":"","score":true,"helpText":"Labels ensure that form controls are announced properly by assistive technologies, like screen readers. [Learn more](https://dequeuniversity.com/rules/axe/2.2/label?application=lighthouse).","rawValue":true,"extendedInfo":{},"name":"label","description":"Form elements have associated labels","scoringMode":"binary","details":{"header":{"text":"View failing elements","type":"text"},"type":"list","items":[]}},"uses-webp-images":{"displayValue":"","score":100,"helpText":"Image formats like JPEG 2000, JPEG XR, and WebP often provide better compression than PNG or JPEG, which means faster downloads and less data consumption. [Learn more](https://developers.google.com/web/tools/lighthouse/audits/webp).","rawValue":0,"extendedInfo":{"value":{"wastedKb":0,"wastedMs":0,"results":[]}},"name":"uses-webp-images","description":"Serve images in next-gen formats","scoringMode":"binary","informative":true,"details":{"itemHeaders":[{"itemType":"thumbnail","text":"","type":"text"},{"itemType":"url","text":"URL","type":"text"},{"itemType":"text","text":"Original","type":"text"},{"itemType":"text","text":"Potential Savings","type":"text"}],"header":"View Details","type":"table","items":[]}},"speed-index-metric":{"displayValue":"5,723","score":48,"helpText":"Speed Index shows how quickly the contents of a page are visibly populated. [Learn more](https://developers.google.com/web/tools/lighthouse/audits/speed-index).","rawValue":5723,"extendedInfo":{"value":{"frames":[{"progress":0,"timestamp":8.650053193698E9},{"progress":0,"timestamp":8.650053950668E9},{"progress":0,"timestamp":8.650057717184E9},{"progress":78.47020210836772,"timestamp":8.650058783808E9},{"progress":79.55400014666994,"timestamp":8.650058883804E9},{"progress":84.25733274045653,"timestamp":8.65005906713E9},{"progress":90.99914379891193,"timestamp":8.650059217124E9},{"progress":92.49290629372531,"timestamp":8.65005965044E9},{"progress":100.00000000000001,"timestamp":8.650059800434E9}],"timestamps":{"firstVisualChange":8650058783698,"perceptualSpeedIndex":8.650058916695168E12,"visuallyComplete":8650059799698,"visuallyReady":8.650059217124001E12},"timings":{"firstVisualChange":5590,"perceptualSpeedIndex":5722.997167414955,"visuallyComplete":6606,"visuallyReady":6023.426000595093}}},"name":"speed-index-metric","description":"Perceptual Speed Index","scoringMode":"numeric"},"bypass":{"displayValue":"","score":true,"helpText":"Adding ways to bypass repetitive content lets keyboard users navigate the page more efficiently. [Learn more](https://dequeuniversity.com/rules/axe/2.2/bypass?application=lighthouse).","rawValue":true,"extendedInfo":{},"name":"bypass","description":"The page contains a heading, skip link, or landmark region","scoringMode":"binary","details":{"header":{"text":"View failing elements","type":"text"},"type":"list","items":[]}},"http-status-code":{"displayValue":"","score":null,"debugString":"Audit error: Unable to identify the main resource","helpText":"Pages with unsuccessful HTTP status codes may not be indexed properly. [Learn more](https://developers.google.com/web/tools/lighthouse/audits/successful-http-code).","rawValue":null,"name":"http-status-code","description":"Page has unsuccessful HTTP status code","scoringMode":"binary","error":true},"viewport":{"displayValue":"","score":true,"debugString":"","helpText":"Add a viewport meta tag to optimize your app for mobile screens. [Learn more](https://developers.google.com/web/tools/lighthouse/audits/has-viewport-meta-tag).","rawValue":true,"name":"viewport","description":"Has a `<meta name=\"viewport\">` tag with `width` or `initial-scale`","scoringMode":"binary"},"estimated-input-latency":{"displayValue":"50 ms","score":95,"helpText":"The score above is an estimate of how long your app takes to respond to user input, in milliseconds. There is a 90% probability that a user encounters this amount of latency, or less. 10% of the time a user can expect additional latency. If your latency is higher than 50 ms, users may perceive your app as laggy. [Learn more](https://developers.google.com/web/tools/lighthouse/audits/estimated-input-latency).","rawValue":49.8,"extendedInfo":{"value":[{"percentile":0.5,"time":16},{"percentile":0.75,"time":16},{"percentile":0.9,"time":49.84405833333335},{"percentile":0.99,"time":161.88252333333307},{"percentile":1,"time":209.04299999999876}]},"name":"estimated-input-latency","description":"Estimated Input Latency","scoringMode":"numeric"},"redirects":{"displayValue":"","score":null,"debugString":"Audit error: Unable to identify the main resource","helpText":"Redirects introduce additional delays before the page can be loaded. [Learn more](https://developers.google.com/speed/docs/insights/AvoidRedirects).","rawValue":null,"name":"redirects","description":"Has multiple page redirects","scoringMode":"binary","error":true},"load-fast-enough-for-pwa":{"displayValue":"","score":true,"helpText":"A fast page load over a 3G network ensures a good mobile user experience. [Learn more](https://developers.google.com/web/tools/lighthouse/audits/fast-3g).","rawValue":true,"extendedInfo":{"value":{"isFast":true,"timeToFirstInteractive":6460.149,"firstRequestLatencies":[{"latency":"566.29","url":"http://web/"},{"latency":"579.72","url":"https://cdnjs.cloudflare.com/ajax/libs/Chart.js/2.7.1/Chart.min.js"},{"latency":"571.48","url":"https://unpkg.com/vue-chartjs/dist/vue-chartjs.min.js"},{"latency":"578.93","url":"https://fonts.gstatic.com/s/roboto/v18/KFOmCnqEu92Fr1Mu4mxK.woff2"}],"areLatenciesAll3G":true}},"name":"load-fast-enough-for-pwa","description":"Page load is fast enough on 3G","scoringMode":"binary"},"font-display":{"displayValue":"","score":false,"helpText":"Leverage the font-display CSS feature to ensure text is user-visible while webfonts are loading. [Learn more](https://developers.google.com/web/updates/2016/02/font-display).","rawValue":false,"name":"font-display","description":"Avoid invisible text while webfonts are loading","scoringMode":"binary","details":{"itemHeaders":[{"itemType":"url","text":"Font URL","type":"text"},{"itemType":"text","text":"Font download time","type":"text"}],"header":"View Details","type":"table","items":[[{"text":"https://fonts.gstatic.com/s/roboto/v18/KFOmCnqEu92Fr1Mu4mxK.woff2","type":"url"},{"text":"884 ms","type":"text"}],[{"text":"https://fonts.gstatic.com/s/materialicons/v37/flUhRq6tzZclQEJ-Vdg-IuiaDsNc.woff2","type":"url"},{"text":"1,066 ms","type":"text"}],[{"text":"https://fonts.gstatic.com/s/roboto/v18/KFOlCnqEu92Fr1MmEU9fBBc4.woff2","type":"url"},{"text":"875 ms","type":"text"}]]}},"layout-table":{"displayValue":"","score":false,"helpText":"A table being used for layout purposes should not include data elements, such as the th or caption elements or the summary attribute, because this can create a confusing experience for screen reader users. [Learn more](https://dequeuniversity.com/rules/axe/2.2/layout-table?application=lighthouse).","rawValue":false,"name":"layout-table","description":"Presentational `<table>` elements do not avoid using `<th>`, `<caption>` or the `[summary]` attribute.","scoringMode":"binary","informative":true,"notApplicable":true}},"url":"http://web/#/"}
61.94117647058823
The variable of type Double with the value 61.94117647058823 is LOWER_THAN 655.94117647058823
]]></system-out>
    </rerunFailure>
    <rerunFailure message="expected:&lt;false&gt; but was:&lt;true&gt;" type="java.lang.AssertionError"><![CDATA[java.lang.AssertionError: expected:<false> but was:<true>
	at org.junit.Assert.fail(Assert.java:88)
	at org.junit.Assert.failNotEquals(Assert.java:834)
	at org.junit.Assert.assertEquals(Assert.java:118)
	at org.junit.Assert.assertEquals(Assert.java:144)
	at io.jenkins.plugins.sample.LighthousePluginTest.Test_NegativeEquals(LighthousePluginTest.java:43)
	at sun.reflect.NativeMethodAccessorImpl.invoke0(Native Method)
	at sun.reflect.NativeMethodAccessorImpl.invoke(NativeMethodAccessorImpl.java:62)
	at sun.reflect.DelegatingMethodAccessorImpl.invoke(DelegatingMethodAccessorImpl.java:43)
	at java.lang.reflect.Method.invoke(Method.java:498)
	at org.junit.runners.model.FrameworkMethod$1.runReflectiveCall(FrameworkMethod.java:50)
	at org.junit.internal.runners.model.ReflectiveCallable.run(ReflectiveCallable.java:12)
	at org.junit.runners.model.FrameworkMethod.invokeExplosively(FrameworkMethod.java:47)
	at org.junit.internal.runners.statements.InvokeMethod.evaluate(InvokeMethod.java:17)
	at org.junit.runners.ParentRunner.runLeaf(ParentRunner.java:325)
	at org.junit.runners.BlockJUnit4ClassRunner.runChild(BlockJUnit4ClassRunner.java:78)
	at org.junit.runners.BlockJUnit4ClassRunner.runChild(BlockJUnit4ClassRunner.java:57)
	at org.junit.runners.ParentRunner$3.run(ParentRunner.java:290)
	at org.junit.runners.ParentRunner$1.schedule(ParentRunner.java:71)
	at org.junit.runners.ParentRunner.runChildren(ParentRunner.java:288)
	at org.junit.runners.ParentRunner.access$000(ParentRunner.java:58)
	at org.junit.runners.ParentRunner$2.evaluate(ParentRunner.java:268)
	at org.junit.runners.ParentRunner.run(ParentRunner.java:363)
	at org.apache.maven.surefire.junit4.JUnit4Provider.executeFailedMethod(JUnit4Provider.java:379)
	at org.apache.maven.surefire.junit4.JUnit4Provider.executeWithRerun(JUnit4Provider.java:290)
	at org.apache.maven.surefire.junit4.JUnit4Provider.executeTestSet(JUnit4Provider.java:236)
	at org.apache.maven.surefire.junit4.JUnit4Provider.invoke(JUnit4Provider.java:159)
	at org.apache.maven.surefire.booter.ForkedBooter.invokeProviderInSameClassLoader(ForkedBooter.java:386)
	at org.apache.maven.surefire.booter.ForkedBooter.runSuitesInProcess(ForkedBooter.java:323)
	at org.apache.maven.surefire.booter.ForkedBooter.main(ForkedBooter.java:143)
]]>
      <system-out><![CDATA[{"initialUrl":"http://web:80/#/","generatedTime":"2018-06-24T16:18:28.384Z","score":30,"reportCategories":[{"score":61.94117647058823,"name":"Performance","description":"These encapsulate your web app's current performance and opportunities to improve it.","id":"performance","audits":[{"result":{"displayValue":"4,520 ms","score":40,"helpText":"First meaningful paint measures when the primary content of a page is visible. [Learn more](https://developers.google.com/web/tools/lighthouse/audits/first-meaningful-paint).","rawValue":4521.8,"extendedInfo":{"value":{"timestamps":{"fCP":8650057715484,"endOfTrace":8650064967436,"fMP":8650057715493,"onLoad":8650058566647,"navStart":8650053193698},"fmpFellBack":false,"timings":{"fCP":4521.786,"endOfTrace":11773.738,"fMP":4521.795,"onLoad":5372.949,"navStart":0}}},"name":"first-meaningful-paint","description":"First meaningful paint","scoringMode":"numeric"},"score":40,"weight":5,"id":"first-meaningful-paint","group":"perf-metric"},{"result":{"displayValue":"6,460 ms","score":71,"helpText":"First Interactive marks the time at which the page is minimally interactive. [Learn more](https://developers.google.com/web/tools/lighthouse/audits/first-interactive).","rawValue":6460.149,"extendedInfo":{"value":{"timeInMs":6460.149,"timestamp":8650059653847}},"name":"first-interactive","description":"First Interactive (beta)","scoringMode":"numeric"},"score":71,"weight":5,"id":"first-interactive","group":"perf-metric"},{"result":{"displayValue":"6,460 ms","score":71,"helpText":"Consistently Interactive marks the time at which the page is fully interactive. [Learn more](https://developers.google.com/web/tools/lighthouse/audits/consistently-interactive).","rawValue":6460.149,"extendedInfo":{"value":{"timeInMs":6460.149,"cpuQuietPeriod":{"start":8.650059653847E9,"end":8.650064967436E9},"networkQuietPeriods":[{"start":8.650059532223999E9,"end":8.650064967436E9}],"networkQuietPeriod":{"start":8.650059532223999E9,"end":8.650064967436E9},"cpuQuietPeriods":[{"start":8.650059653847E9,"end":8.650064967436E9}],"timestamp":8650059653847}},"name":"consistently-interactive","description":"Consistently Interactive (beta)","scoringMode":"numeric"},"score":71,"weight":5,"id":"consistently-interactive","group":"perf-metric"},{"result":{"displayValue":"5,723","score":48,"helpText":"Speed Index shows how quickly the contents of a page are visibly populated. [Learn more](https://developers.google.com/web/tools/lighthouse/audits/speed-index).","rawValue":5723,"extendedInfo":{"value":{"frames":[{"progress":0,"timestamp":8.650053193698E9},{"progress":0,"timestamp":8.650053950668E9},{"progress":0,"timestamp":8.650057717184E9},{"progress":78.47020210836772,"timestamp":8.650058783808E9},{"progress":79.55400014666994,"timestamp":8.650058883804E9},{"progress":84.25733274045653,"timestamp":8.65005906713E9},{"progress":90.99914379891193,"timestamp":8.650059217124E9},{"progress":92.49290629372531,"timestamp":8.65005965044E9},{"progress":100.00000000000001,"timestamp":8.650059800434E9}],"timestamps":{"firstVisualChange":8650058783698,"perceptualSpeedIndex":8.650058916695168E12,"visuallyComplete":8650059799698,"visuallyReady":8.650059217124001E12},"timings":{"firstVisualChange":5590,"perceptualSpeedIndex":5722.997167414955,"visuallyComplete":6606,"visuallyReady":6023.426000595093}}},"name":"speed-index-metric","description":"Perceptual Speed Index","scoringMode":"numeric"},"score":48,"weight":1,"id":"speed-index-metric","group":"perf-metric"},{"result":{"displayValue":"50 ms","score":95,"helpText":"The score above is an estimate of how long your app takes to respond to user input, in milliseconds. There is a 90% probability that a user encounters this amount of latency, or less. 10% of the time a user can expect additional latency. If your latency is higher than 50 ms, users may perceive your app as laggy. [Learn more](https://developers.google.com/web/tools/lighthouse/audits/estimated-input-latency).","rawValue":49.8,"extendedInfo":{"value":[{"percentile":0.5,"time":16},{"percentile":0.75,"time":16},{"percentile":0.9,"time":49.84405833333335},{"percentile":0.99,"time":161.88252333333307},{"percentile":1,"time":209.04299999999876}]},"name":"estimated-input-latency","description":"Estimated Input Latency","scoringMode":"numeric"},"score":95,"weight":1,"id":"estimated-input-latency","group":"perf-metric"},{"result":{"displayValue":"","score":100,"helpText":"External stylesheets are blocking the first paint of your page. Consider delivering critical CSS via `<style>` tags and deferring non-critical styles. [Learn more](https://developers.google.com/web/tools/lighthouse/audits/blocking-resources).","rawValue":0,"extendedInfo":{"value":{"wastedMs":"0 ms","results":[]}},"name":"link-blocking-first-paint","description":"Reduce render-blocking stylesheets","scoringMode":"binary","informative":true,"details":{"itemHeaders":[{"itemType":"url","text":"URL","type":"text"},{"itemType":"text","text":"Size (KB)","type":"text"},{"itemType":"text","text":"Delayed Paint By (ms)","type":"text"}],"header":"View Details","type":"table","items":[]}},"score":100,"weight":0,"id":"link-blocking-first-paint","group":"perf-hint"},{"result":{"displayValue":"","score":100,"helpText":"Script elements are blocking the first paint of your page. Consider inlining critical scripts and deferring non-critical ones. [Learn more](https://developers.google.com/web/tools/lighthouse/audits/blocking-resources).","rawValue":0,"extendedInfo":{"value":{"wastedMs":"0 ms","results":[]}},"name":"script-blocking-first-paint","description":"Reduce render-blocking scripts","scoringMode":"binary","informative":true,"details":{"itemHeaders":[{"itemType":"url","text":"URL","type":"text"},{"itemType":"text","text":"Size (KB)","type":"text"},{"itemType":"text","text":"Delayed Paint By (ms)","type":"text"}],"header":"View Details","type":"table","items":[]}},"score":100,"weight":0,"id":"script-blocking-first-paint","group":"perf-hint"},{"result":{"displayValue":"","score":100,"helpText":"Serve images that are appropriately-sized to save cellular data and improve load time. [Learn more](https://developers.google.com/web/tools/lighthouse/audits/oversized-images).","rawValue":0,"extendedInfo":{"value":{"wastedKb":0,"wastedMs":0,"results":[]}},"name":"uses-responsive-images","description":"Properly size images","scoringMode":"binary","informative":true,"details":{"itemHeaders":[{"itemType":"thumbnail","text":"","type":"text"},{"itemType":"url","text":"URL","type":"text"},{"itemType":"text","text":"Original","type":"text"},{"itemType":"text","text":"Potential Savings","type":"text"}],"header":"View Details","type":"table","items":[]}},"score":100,"weight":0,"id":"uses-responsive-images","group":"perf-hint"},{"result":{"displayValue":"","score":100,"helpText":"Consider lazy-loading offscreen and hidden images to improve page load speed and time to interactive. [Learn more](https://developers.google.com/web/tools/lighthouse/audits/offscreen-images).","rawValue":0,"extendedInfo":{"value":{"wastedKb":0,"wastedMs":0,"results":[]}},"name":"offscreen-images","description":"Offscreen images","scoringMode":"binary","informative":true,"details":{"itemHeaders":[{"itemType":"thumbnail","text":"","type":"text"},{"itemType":"url","text":"URL","type":"text"},{"itemType":"text","text":"Original","type":"text"},{"itemType":"text","text":"Potential Savings","type":"text"}],"header":"View Details","type":"table","items":[]}},"score":100,"weight":0,"id":"offscreen-images","group":"perf-hint"},{"result":{"displayValue":"","score":100,"helpText":"Minifying CSS files can reduce network payload sizes. [Learn more](https://developers.google.com/speed/docs/insights/MinifyResources).","rawValue":0,"extendedInfo":{"value":{"wastedKb":0,"wastedMs":0,"results":[]}},"name":"unminified-css","description":"Minify CSS","scoringMode":"binary","informative":true,"details":{"itemHeaders":[{"itemType":"url","text":"URL","type":"text"},{"itemType":"text","text":"Original","type":"text"},{"itemType":"text","text":"Potential Savings","type":"text"}],"header":"View Details","type":"table","items":[]}},"score":100,"weight":0,"id":"unminified-css","group":"perf-hint"},{"result":{"displayValue":"","score":100,"helpText":"Minifying JavaScript files can reduce payload sizes and script parse time. [Learn more](https://developers.google.com/speed/docs/insights/MinifyResources).","rawValue":0,"extendedInfo":{"value":{"wastedKb":0,"wastedMs":0,"results":[]}},"name":"unminified-javascript","description":"Minify JavaScript","scoringMode":"binary","informative":true,"details":{"itemHeaders":[{"itemType":"url","text":"URL","type":"text"},{"itemType":"text","text":"Original","type":"text"},{"itemType":"text","text":"Potential Savings","type":"text"}],"header":"View Details","type":"table","items":[]}},"score":100,"weight":0,"id":"unminified-javascript","group":"perf-hint"},{"result":{"displayValue":"Potential savings of 35 KB (~190 ms)","score":90,"helpText":"Remove unused rules from stylesheets to reduce unnecessary bytes consumed by network activity. [Learn more](https://developers.google.com/speed/docs/insights/OptimizeCSSDelivery)","rawValue":190,"extendedInfo":{"value":{"wastedKb":35,"wastedMs":190,"results":[{"wastedKb":"29 KB","totalKb":"32 KB","wastedMs":"160 ms","totalMs":"170 ms","potentialSavings":"29 KB (93%)","totalBytes":32261,"wastedPercent":92.80281987684556,"wastedBytes":29939,"url":"http://web/static/css/app.a1bcfeb0daa2a3f727390086fd42ee9d.css"},{"wastedKb":"5 KB","totalKb":"6 KB","wastedMs":"30 ms","totalMs":"30 ms","potentialSavings":"5 KB (98%)","totalBytes":5722,"wastedPercent":98.2698357217756,"wastedBytes":5623,"url":{"text":"a { color: #1976d2; } ...","type":"code"}}]}},"name":"unused-css-rules","description":"Unused CSS rules","scoringMode":"binary","informative":true,"details":{"itemHeaders":[{"itemType":"url","text":"URL","type":"text"},{"itemType":"text","text":"Original","type":"text"},{"itemType":"text","text":"Potential Savings","type":"text"}],"header":"View Details","type":"table","items":[[{"text":"http://web/static/css/app.a1bcfeb0daa2a3f727390086fd42ee9d.css","type":"url"},{"text":"32 KB","type":"text"},{"text":"29 KB (93%)","type":"text"}],[{"text":"a { color: #1976d2; } ...","type":"code"},{"text":"6 KB","type":"text"},{"text":"5 KB (98%)","type":"text"}]]}},"score":90,"weight":0,"id":"unused-css-rules","group":"perf-hint"},{"result":{"displayValue":"","score":100,"helpText":"Optimized images load faster and consume less cellular data. [Learn more](https://developers.google.com/web/tools/lighthouse/audits/optimize-images).","rawValue":0,"extendedInfo":{"value":{"wastedKb":0,"wastedMs":0,"results":[]}},"name":"uses-optimized-images","description":"Optimize images","scoringMode":"binary","informative":true,"details":{"itemHeaders":[{"itemType":"thumbnail","text":"","type":"text"},{"itemType":"url","text":"URL","type":"text"},{"itemType":"text","text":"Original","type":"text"},{"itemType":"text","text":"Potential Savings","type":"text"}],"header":"View Details","type":"table","items":[]}},"score":100,"weight":0,"id":"uses-optimized-images","group":"perf-hint"},{"result":{"displayValue":"","score":100,"helpText":"Image formats like JPEG 2000, JPEG XR, and WebP often provide better compression than PNG or JPEG, which means faster downloads and less data consumption. [Learn more](https://developers.google.com/web/tools/lighthouse/audits/webp).","rawValue":0,"extendedInfo":{"value":{"wastedKb":0,"wastedMs":0,"results":[]}},"name":"uses-webp-images","description":"Serve images in next-gen formats","scoringMode":"binary","informative":true,"details":{"itemHeaders":[{"itemType":"thumbnail","text":"","type":"text"},{"itemType":"url","text":"URL","type":"text"},{"itemType":"text","text":"Original","type":"text"},{"itemType":"text","text":"Potential Savings","type":"text"}],"header":"View Details","type":"table","items":[]}},"score":100,"weight":0,"id":"uses-webp-images","group":"perf-hint"},{"result":{"displayValue":"","score":100,"helpText":"Text-based responses should be served with compression (gzip, deflate or brotli) to minimize total network bytes. [Learn more](https://developers.google.com/web/fundamentals/performance/optimizing-content-efficiency/optimize-encoding-and-transfer).","rawValue":0,"extendedInfo":{"value":{"wastedKb":0,"wastedMs":0,"results":[]}},"name":"uses-request-compression","description":"Enable text compression","scoringMode":"binary","informative":true,"details":{"itemHeaders":[{"itemType":"url","text":"Uncompressed resource URL","type":"text"},{"itemType":"text","text":"Original","type":"text"},{"itemType":"text","text":"GZIP Savings","type":"text"}],"header":"View Details","type":"table","items":[]}},"score":100,"weight":0,"id":"uses-request-compression","group":"perf-hint"},{"result":{"displayValue":"","score":null,"debugString":"Audit error: Cannot read property '_timing' of undefined","helpText":"Time To First Byte identifies the time at which your server sends a response. [Learn more](https://developers.google.com/web/tools/chrome-devtools/network-performance/issues).","rawValue":null,"name":"time-to-first-byte","description":"Keep server response times low (TTFB)","scoringMode":"binary","informative":true,"error":true},"score":0,"weight":0,"id":"time-to-first-byte","group":"perf-hint"},{"result":{"displayValue":"","score":null,"debugString":"Audit error: Unable to identify the main resource","helpText":"Redirects introduce additional delays before the page can be loaded. [Learn more](https://developers.google.com/speed/docs/insights/AvoidRedirects).","rawValue":null,"name":"redirects","description":"Has multiple page redirects","scoringMode":"binary","error":true},"score":0,"weight":0,"id":"redirects","group":"perf-hint"},{"result":{"displayValue":"","score":null,"debugString":"Audit error: Unable to identify the main resource","helpText":"Consider using <link rel=preload> to prioritize fetching late-discovered resources sooner [Learn more](https://developers.google.com/web/updates/2016/03/link-rel-preload).","rawValue":null,"name":"uses-rel-preload","description":"Preload key requests","scoringMode":"numeric","informative":true,"error":true},"score":0,"weight":0,"id":"uses-rel-preload","group":"perf-hint"},{"result":{"displayValue":"Total size was 400 KB","score":100,"helpText":"Large network payloads cost users real money and are highly correlated with long load times. [Learn more](https://developers.google.com/web/tools/lighthouse/audits/network-payloads).","rawValue":409855,"extendedInfo":{"value":{"totalCompletedRequests":11,"results":[{"totalKb":"227 KB","totalMs":"1,240 ms","totalBytes":232785,"url":"http://web/static/js/vendor.d1efda22f11e965a5228.js"},{"totalKb":"48 KB","totalMs":"260 ms","totalBytes":49163,"url":"https://fonts.gstatic.com/s/materialicons/v37/flUhRq6tzZclQEJ-Vdg-IuiaDsNc.woff2"},{"totalKb":"46 KB","totalMs":"250 ms","totalBytes":47366,"url":"https://cdnjs.cloudflare.com/ajax/libs/Chart.js/2.7.1/Chart.min.js"},{"totalKb":"32 KB","totalMs":"170 ms","totalBytes":32261,"url":"http://web/static/css/app.a1bcfeb0daa2a3f727390086fd42ee9d.css"},{"totalKb":"15 KB","totalMs":"80 ms","totalBytes":15817,"url":"https://fonts.gstatic.com/s/roboto/v18/KFOlCnqEu92Fr1MmEU9fBBc4.woff2"},{"totalKb":"15 KB","totalMs":"80 ms","totalBytes":15461,"url":"https://fonts.gstatic.com/s/roboto/v18/KFOmCnqEu92Fr1Mu4mxK.woff2"},{"totalKb":"12 KB","totalMs":"70 ms","totalBytes":12691,"url":"http://web/static/js/app.310cd52123c59f9f64a5.js"},{"totalKb":"1 KB","totalMs":"10 ms","totalBytes":1524,"url":"https://unpkg.com/vue-chartjs@3.3.2/dist/vue-chartjs.min.js"},{"totalKb":"1 KB","totalMs":"10 ms","totalBytes":1211,"url":"http://web/"},{"totalKb":"1 KB","totalMs":"10 ms","totalBytes":1171,"url":"http://web/static/js/manifest.9f020e973ae4037504f6.js"}]}},"name":"total-byte-weight","description":"Avoids enormous network payloads","scoringMode":"numeric","details":{"itemHeaders":[{"itemType":"url","text":"URL","type":"text"},{"itemType":"text","text":"Total Size","type":"text"},{"itemType":"text","text":"Transfer Time","type":"text"}],"header":"View Details","type":"table","items":[[{"text":"http://web/static/js/vendor.d1efda22f11e965a5228.js","type":"url"},{"text":"227 KB","type":"text"},{"text":"1,240 ms","type":"text"}],[{"text":"https://fonts.gstatic.com/s/materialicons/v37/flUhRq6tzZclQEJ-Vdg-IuiaDsNc.woff2","type":"url"},{"text":"48 KB","type":"text"},{"text":"260 ms","type":"text"}],[{"text":"https://cdnjs.cloudflare.com/ajax/libs/Chart.js/2.7.1/Chart.min.js","type":"url"},{"text":"46 KB","type":"text"},{"text":"250 ms","type":"text"}],[{"text":"http://web/static/css/app.a1bcfeb0daa2a3f727390086fd42ee9d.css","type":"url"},{"text":"32 KB","type":"text"},{"text":"170 ms","type":"text"}],[{"text":"https://fonts.gstatic.com/s/roboto/v18/KFOlCnqEu92Fr1MmEU9fBBc4.woff2","type":"url"},{"text":"15 KB","type":"text"},{"text":"80 ms","type":"text"}],[{"text":"https://fonts.gstatic.com/s/roboto/v18/KFOmCnqEu92Fr1Mu4mxK.woff2","type":"url"},{"text":"15 KB","type":"text"},{"text":"80 ms","type":"text"}],[{"text":"http://web/static/js/app.310cd52123c59f9f64a5.js","type":"url"},{"text":"12 KB","type":"text"},{"text":"70 ms","type":"text"}],[{"text":"https://unpkg.com/vue-chartjs@3.3.2/dist/vue-chartjs.min.js","type":"url"},{"text":"1 KB","type":"text"},{"text":"10 ms","type":"text"}],[{"text":"http://web/","type":"url"},{"text":"1 KB","type":"text"},{"text":"10 ms","type":"text"}],[{"text":"http://web/static/js/manifest.9f020e973ae4037504f6.js","type":"url"},{"text":"1 KB","type":"text"},{"text":"10 ms","type":"text"}]]}},"score":100,"weight":0,"id":"total-byte-weight","group":"perf-info"},{"result":{"displayValue":"0 assets found","score":100,"helpText":"A long cache lifetime can speed up repeat visits to your page. [Learn more](https://developers.google.com/web/fundamentals/performance/optimizing-content-efficiency/http-caching#cache-control).","rawValue":0,"extendedInfo":{"value":{"queryStringCount":0,"results":[]}},"name":"uses-long-cache-ttl","description":"Uses efficient cache policy on static assets","scoringMode":"numeric","details":{"itemHeaders":[{"itemType":"url","text":"URL","type":"text"},{"itemType":"text","text":"Cache TTL","type":"text"},{"itemType":"text","text":"Size (KB)","type":"text"}],"header":"View Details","type":"table","items":[]}},"score":100,"weight":0,"id":"uses-long-cache-ttl","group":"perf-info"},{"result":{"displayValue":"94 nodes","score":100,"helpText":"Browser engineers recommend pages contain fewer than ~1,500 DOM nodes. The sweet spot is a tree depth < 32 elements and fewer than 60 children/parent element. A large DOM can increase memory usage, cause longer [style calculations](https://developers.google.com/web/fundamentals/performance/rendering/reduce-the-scope-and-complexity-of-style-calculations), and produce costly [layout reflows](https://developers.google.com/speed/articles/reflow). [Learn more](https://developers.google.com/web/fundamentals/performance/rendering/).","rawValue":94,"extendedInfo":{"value":[{"title":"Total DOM Nodes","value":"94","target":"< 1,500 nodes"},{"snippet":"html >\n  body >\n    main >\n      div#inspire.application.theme--dark >\n        div.application--wrap >\n          aside.navigation-drawer.navigation-drawer--clipped.navigation-drawer--close.navigation-drawer--fixed.navigation-drawer--is-mobile >\n            div.list >\n              div >\n                div.list__tile >\n                  div.input-group.input-group--dirty.input-group--selection-controls.switch.accent--text >\n                    div.input-group__input >\n                      div.input-group--selection-controls__container >\n                        div.input-group--selection-controls__toggle.input-group--selection-controls__toggle--active","title":"DOM Depth","value":"13","target":"< 32"},{"snippet":"Element with most children:\nhead","title":"Maximum Children","value":"8","target":"< 60 nodes"}]},"name":"dom-size","description":"Avoids an excessive DOM size","scoringMode":"numeric","details":{"header":{"text":"View details","type":"text"},"type":"cards","items":[{"title":"Total DOM Nodes","value":"94","target":"< 1,500 nodes"},{"snippet":"html >\n  body >\n    main >\n      div#inspire.application.theme--dark >\n        div.application--wrap >\n          aside.navigation-drawer.navigation-drawer--clipped.navigation-drawer--close.navigation-drawer--fixed.navigation-drawer--is-mobile >\n            div.list >\n              div >\n                div.list__tile >\n                  div.input-group.input-group--dirty.input-group--selection-controls.switch.accent--text >\n                    div.input-group__input >\n                      div.input-group--selection-controls__container >\n                        div.input-group--selection-controls__toggle.input-group--selection-controls__toggle--active","title":"DOM Depth","value":"13","target":"< 32"},{"snippet":"Element with most children:\nhead","title":"Maximum Children","value":"8","target":"< 60 nodes"}]}},"score":100,"weight":0,"id":"dom-size","group":"perf-info"},{"result":{"displayValue":"","score":null,"debugString":"Audit error: Unable to identify the main resource","helpText":"The Critical Request Chains below show you what resources are issued with a high priority. Consider reducing the length of chains, reducing the download size of resources, or deferring the download of unnecessary resources to improve page load. [Learn more](https://developers.google.com/web/tools/lighthouse/audits/critical-request-chains).","rawValue":null,"name":"critical-request-chains","description":"Critical Request Chains","scoringMode":"binary","informative":true,"error":true},"score":0,"weight":0,"id":"critical-request-chains","group":"perf-info"},{"result":{"displayValue":"11","score":100,"helpText":"Lists the network requests that were made during page load.","rawValue":11,"extendedInfo":{"value":[{"transferSize":1211,"startTime":0,"endTime":638.9249991625547,"mimeType":"text/html","url":"http://web/","statusCode":200,"resourceType":"document"},{"transferSize":1171,"startTime":755.621999502182,"endTime":1328.4680005162954,"mimeType":"application/javascript","url":"http://web/static/js/manifest.9f020e973ae4037504f6.js","statusCode":200,"resourceType":"script"},{"transferSize":232785,"startTime":755.7720001786947,"endTime":2917.8979992866516,"mimeType":"application/javascript","url":"http://web/static/js/vendor.d1efda22f11e965a5228.js","statusCode":200,"resourceType":"script"},{"transferSize":12691,"startTime":755.9009995311499,"endTime":1470.6410001963377,"mimeType":"application/javascript","url":"http://web/static/js/app.310cd52123c59f9f64a5.js","statusCode":200,"resourceType":"script"},{"transferSize":47366,"startTime":790.370000526309,"endTime":2162.829000502825,"mimeType":"application/javascript","url":"https://cdnjs.cloudflare.com/ajax/libs/Chart.js/2.7.1/Chart.min.js","statusCode":200,"resourceType":"script"},{"transferSize":405,"startTime":790.8159997314215,"endTime":1663.72200101614,"mimeType":"text/plain","url":"https://unpkg.com/vue-chartjs/dist/vue-chartjs.min.js","statusCode":302},{"transferSize":1524,"startTime":1664.8290008306503,"endTime":2258.2770008593798,"mimeType":"application/javascript","url":"https://unpkg.com/vue-chartjs@3.3.2/dist/vue-chartjs.min.js","statusCode":200,"resourceType":"script"},{"transferSize":32261,"startTime":4527.456000447273,"endTime":5278.87500077486,"mimeType":"text/css","url":"http://web/static/css/app.a1bcfeb0daa2a3f727390086fd42ee9d.css","statusCode":200,"resourceType":"stylesheet"},{"transferSize":15461,"startTime":5458.613000810146,"endTime":6342.342000454664,"mimeType":"font/woff2","url":"https://fonts.gstatic.com/s/roboto/v18/KFOmCnqEu92Fr1Mu4mxK.woff2","statusCode":200,"resourceType":"font"},{"transferSize":49163,"startTime":5458.761001005769,"endTime":6524.431999772787,"mimeType":"font/woff2","url":"https://fonts.gstatic.com/s/materialicons/v37/flUhRq6tzZclQEJ-Vdg-IuiaDsNc.woff2","statusCode":200,"resourceType":"font"},{"transferSize":15817,"startTime":5458.878999575973,"endTime":6334.002999588847,"mimeType":"font/woff2","url":"https://fonts.gstatic.com/s/roboto/v18/KFOlCnqEu92Fr1MmEU9fBBc4.woff2","statusCode":200,"resourceType":"font"}]},"name":"network-requests","description":"Network Requests","scoringMode":"binary","informative":true,"details":{"itemHeaders":[{"itemType":"url","text":"URL","type":"text"},{"itemType":"ms","text":"Start Time","type":"text"},{"itemType":"ms","text":"End Time","type":"text"},{"itemType":"bytes","text":"Transfer Size","type":"text"},{"itemType":"text","text":"Status Code","type":"text"},{"itemType":"text","text":"MIME Type","type":"text"},{"itemType":"text","text":"Resource Type","type":"text"}],"header":"View Details","type":"table","items":[[{"text":"http://web/","type":"url"},{"text":0,"type":"ms"},{"text":638.9249991625547,"type":"ms"},{"text":1211,"type":"bytes"},{"text":200,"type":"text"},{"text":"text/html","type":"text"},{"text":"document","type":"text"}],[{"text":"http://web/static/js/manifest.9f020e973ae4037504f6.js","type":"url"},{"text":755.621999502182,"type":"ms"},{"text":1328.4680005162954,"type":"ms"},{"text":1171,"type":"bytes"},{"text":200,"type":"text"},{"text":"application/javascript","type":"text"},{"text":"script","type":"text"}],[{"text":"http://web/static/js/vendor.d1efda22f11e965a5228.js","type":"url"},{"text":755.7720001786947,"type":"ms"},{"text":2917.8979992866516,"type":"ms"},{"text":232785,"type":"bytes"},{"text":200,"type":"text"},{"text":"application/javascript","type":"text"},{"text":"script","type":"text"}],[{"text":"http://web/static/js/app.310cd52123c59f9f64a5.js","type":"url"},{"text":755.9009995311499,"type":"ms"},{"text":1470.6410001963377,"type":"ms"},{"text":12691,"type":"bytes"},{"text":200,"type":"text"},{"text":"application/javascript","type":"text"},{"text":"script","type":"text"}],[{"text":"https://cdnjs.cloudflare.com/ajax/libs/Chart.js/2.7.1/Chart.min.js","type":"url"},{"text":790.370000526309,"type":"ms"},{"text":2162.829000502825,"type":"ms"},{"text":47366,"type":"bytes"},{"text":200,"type":"text"},{"text":"application/javascript","type":"text"},{"text":"script","type":"text"}],[{"text":"https://unpkg.com/vue-chartjs/dist/vue-chartjs.min.js","type":"url"},{"text":790.8159997314215,"type":"ms"},{"text":1663.72200101614,"type":"ms"},{"text":405,"type":"bytes"},{"text":302,"type":"text"},{"text":"text/plain","type":"text"},{"type":"text"}],[{"text":"https://unpkg.com/vue-chartjs@3.3.2/dist/vue-chartjs.min.js","type":"url"},{"text":1664.8290008306503,"type":"ms"},{"text":2258.2770008593798,"type":"ms"},{"text":1524,"type":"bytes"},{"text":200,"type":"text"},{"text":"application/javascript","type":"text"},{"text":"script","type":"text"}],[{"text":"http://web/static/css/app.a1bcfeb0daa2a3f727390086fd42ee9d.css","type":"url"},{"text":4527.456000447273,"type":"ms"},{"text":5278.87500077486,"type":"ms"},{"text":32261,"type":"bytes"},{"text":200,"type":"text"},{"text":"text/css","type":"text"},{"text":"stylesheet","type":"text"}],[{"text":"https://fonts.gstatic.com/s/roboto/v18/KFOmCnqEu92Fr1Mu4mxK.woff2","type":"url"},{"text":5458.613000810146,"type":"ms"},{"text":6342.342000454664,"type":"ms"},{"text":15461,"type":"bytes"},{"text":200,"type":"text"},{"text":"font/woff2","type":"text"},{"text":"font","type":"text"}],[{"text":"https://fonts.gstatic.com/s/materialicons/v37/flUhRq6tzZclQEJ-Vdg-IuiaDsNc.woff2","type":"url"},{"text":5458.761001005769,"type":"ms"},{"text":6524.431999772787,"type":"ms"},{"text":49163,"type":"bytes"},{"text":200,"type":"text"},{"text":"font/woff2","type":"text"},{"text":"font","type":"text"}],[{"text":"https://fonts.gstatic.com/s/roboto/v18/KFOlCnqEu92Fr1MmEU9fBBc4.woff2","type":"url"},{"text":5458.878999575973,"type":"ms"},{"text":6334.002999588847,"type":"ms"},{"text":15817,"type":"bytes"},{"text":200,"type":"text"},{"text":"font/woff2","type":"text"},{"text":"font","type":"text"}]]}},"score":100,"weight":0,"id":"network-requests"},{"result":{"displayValue":"0","score":true,"helpText":"Consider instrumenting your app with the User Timing API to create custom, real-world measurements of key user experiences. [Learn more](https://developers.google.com/web/tools/lighthouse/audits/user-timing).","rawValue":true,"extendedInfo":{"value":[]},"name":"user-timings","description":"User Timing marks and measures","scoringMode":"binary","informative":true,"details":{"itemHeaders":[{"itemType":"text","text":"Name","type":"text"},{"itemType":"text","text":"Type","type":"text"},{"itemType":"text","text":"Time","type":"text"}],"header":"View Details","type":"table","items":[]}},"score":100,"weight":0,"id":"user-timings","group":"perf-info"},{"result":{"displayValue":"1,570 ms","score":true,"helpText":"Consider reducing the time spent parsing, compiling, and executing JS. You may find delivering smaller JS payloads helps with this. [Learn more](https://developers.google.com/web/lighthouse/audits/bootup).","rawValue":1573.503999710083,"extendedInfo":{"value":{"http://web/static/js/app.310cd52123c59f9f64a5.js":{"Script Evaluation":1173.697998046875,"Script Parsing & Compile":22.533000946044922},"http://web/static/js/vendor.d1efda22f11e965a5228.js":{"Style & Layout":178.41699981689453,"Script Parsing & Compile":14.004999160766602,"Script Evaluation":9.45100212097168},"https://unpkg.com/vue-chartjs@3.3.2/dist/vue-chartjs.min.js":{"Script Evaluation":6.445001602172852,"Script Parsing & Compile":4.004999160766602},"https://cdnjs.cloudflare.com/ajax/libs/Chart.js/2.7.1/Chart.min.js":{"Style & Layout":0.8509998321533203,"Script Evaluation":90.19700050354004,"Script Parsing & Compile":0.5679988861083984},"http://web/static/js/manifest.9f020e973ae4037504f6.js":{"Script Parsing & Compile":2.184000015258789,"Script Evaluation":1.4300003051757812},"http://web/":{"Style & Layout":0.0989990234375,"Script Evaluation":7.028999328613281,"Script Parsing & Compile":0.14599990844726562},"http://web/#/":{"Parsing HTML & CSS":62.446001052856445}}},"name":"bootup-time","description":"JavaScript boot-up time","scoringMode":"binary","details":{"itemHeaders":[{"itemType":"url","text":"URL","type":"text"},{"itemType":"text","text":"Script Evaluation","type":"text"},{"itemType":"text","text":"Script Parsing & Compile","type":"text"}],"header":"View Details","type":"table","items":[[{"text":"http://web/static/js/app.310cd52123c59f9f64a5.js","type":"url"},{"text":"1,174 ms","type":"text"},{"text":"23 ms","type":"text"}],[{"text":"https://cdnjs.cloudflare.com/ajax/libs/Chart.js/2.7.1/Chart.min.js","type":"url"},{"text":"90 ms","type":"text"},{"text":"1 ms","type":"text"}],[{"text":"http://web/static/js/vendor.d1efda22f11e965a5228.js","type":"url"},{"text":"9 ms","type":"text"},{"text":"14 ms","type":"text"}],[{"text":"https://unpkg.com/vue-chartjs@3.3.2/dist/vue-chartjs.min.js","type":"url"},{"text":"6 ms","type":"text"},{"text":"4 ms","type":"text"}]]}},"score":100,"weight":0,"id":"bootup-time","group":"perf-info"},{"result":{"displayValue":"true","score":100,"helpText":"This is what the load of your site looked like.","rawValue":true,"name":"screenshot-thumbnails","description":"Screenshot Thumbnails","scoringMode":"binary","informative":true,"details":{"scale":6606,"type":"filmstrip","items":[{"data":"/9j/4AAQSkZJRgABAQAAAQABAAD/2wCEAAMCAgMCAgMDAwMEAwMEBQgFBQQEBQoHBwYIDAoMDAsKCwsNDhIQDQ4RDgsLEBYQERMUFRUVDA8XGBYUGBIUFRQBAwQEBQQFCQUFCRQNCw0UFBQUFBQUFBQUFBQUFBQUFBQUFBQUFBQUFBQUFBQUFBQUFBQUFBQUFBQUFBQUFBQUFP/AABEIANUAeAMBEQACEQEDEQH/xAGiAAABBQEBAQEBAQAAAAAAAAAAAQIDBAUGBwgJCgsQAAIBAwMCBAMFBQQEAAABfQECAwAEEQUSITFBBhNRYQcicRQygZGhCCNCscEVUtHwJDNicoIJChYXGBkaJSYnKCkqNDU2Nzg5OkNERUZHSElKU1RVVldYWVpjZGVmZ2hpanN0dXZ3eHl6g4SFhoeIiYqSk5SVlpeYmZqio6Slpqeoqaqys7S1tre4ubrCw8TFxsfIycrS09TV1tfY2drh4uPk5ebn6Onq8fLz9PX29/j5+gEAAwEBAQEBAQEBAQAAAAAAAAECAwQFBgcICQoLEQACAQIEBAMEBwUEBAABAncAAQIDEQQFITEGEkFRB2FxEyIygQgUQpGhscEJIzNS8BVictEKFiQ04SXxFxgZGiYnKCkqNTY3ODk6Q0RFRkdISUpTVFVWV1hZWmNkZWZnaGlqc3R1dnd4eXqCg4SFhoeIiYqSk5SVlpeYmZqio6Slpqeoqaqys7S1tre4ubrCw8TFxsfIycrS09TV1tfY2dri4+Tl5ufo6ery8/T19vf4+fr/2gAMAwEAAhEDEQA/AP1ToAKACgAoAKACgAoAKACgAoAKACgAoAKACgAoAKACgAoAKACgAoAKACgAoAKACgAoAKACgAoAKACgAoAKACgAoAKACgAoAKACgAoAKACgAoAKACgAoAKACgAoAKACgAoAKACgAoAKACgAoAKACgAoAKACgAoAKACgAoAKACgAoAKACgAoAKACgAoAKACgAoAKACgAoAKACgAoAKACgAoAKACgAoAKACgAoAKACgAoAKACgAoAKACgAoAKACgAoAKACgAoAKACgAoAKACgAoAKACgAoAKACgAoAKACgAoAKACgAoAKACgAoAKACgAoAKACgAoAKACgAoAKACgAoAKACgAoAKACgAoAKACgAoAKACgAoAKACgAoAKACgAoAKACgAoAKACgAoAKACgAoAKACgAoAKACgAoAKACgAoAKACgAoAKACgAoAKACgAoAKACgAoAKACgAoAKACgAoAKACgAoAKACgAoAKACgAoAKACgAoAKACgAoAKACgAoAKACgAoAKACgAoAKACgAoAKACgAoAKACgAoAKACgAoAKACgAoAKACgAoAKACgAoAKACgAoAKACgAoAKACgAoAKACgAoAKACgAoAKACgAoAKACgAoAKACgAoAKACgAoAKACgAoAKACgAoAKACgAoAKACgAoAKACgAoAKACgAoAKACgAoAKACgAoAKACgAoAKACgAoAKACgAoAKACgAoAKACgAoAKACgAoAKACgAoAKACgAoAKACgAoAKACgAoAKACgAoAKACgAoAKACgAoAKACgAoAKACgAoAKACgAoAKACgAoAKACgAoAKACgAoAKACgAoAKACgAoAKACgAoAKACgAoAKACgAoAKACgAoAKACgAoAKACgAoAKACgAoAKACgAoAKACgAoAKACgAoAKACgAoAKACgAoAKACgAoAKACgAoAKACgAoAKACgD//Z","timing":661,"timestamp":8650053854298},{"data":"/9j/4AAQSkZJRgABAQAAAQABAAD/2wCEAAMCAgMCAgMDAwMEAwMEBQgFBQQEBQoHBwYIDAoMDAsKCwsNDhIQDQ4RDgsLEBYQERMUFRUVDA8XGBYUGBIUFRQBAwQEBQQFCQUFCRQNCw0UFBQUFBQUFBQUFBQUFBQUFBQUFBQUFBQUFBQUFBQUFBQUFBQUFBQUFBQUFBQUFBQUFP/AABEIANUAeAMBEQACEQEDEQH/xAGiAAABBQEBAQEBAQAAAAAAAAAAAQIDBAUGBwgJCgsQAAIBAwMCBAMFBQQEAAABfQECAwAEEQUSITFBBhNRYQcicRQygZGhCCNCscEVUtHwJDNicoIJChYXGBkaJSYnKCkqNDU2Nzg5OkNERUZHSElKU1RVVldYWVpjZGVmZ2hpanN0dXZ3eHl6g4SFhoeIiYqSk5SVlpeYmZqio6Slpqeoqaqys7S1tre4ubrCw8TFxsfIycrS09TV1tfY2drh4uPk5ebn6Onq8fLz9PX29/j5+gEAAwEBAQEBAQEBAQAAAAAAAAECAwQFBgcICQoLEQACAQIEBAMEBwUEBAABAncAAQIDEQQFITEGEkFRB2FxEyIygQgUQpGhscEJIzNS8BVictEKFiQ04SXxFxgZGiYnKCkqNTY3ODk6Q0RFRkdISUpTVFVWV1hZWmNkZWZnaGlqc3R1dnd4eXqCg4SFhoeIiYqSk5SVlpeYmZqio6Slpqeoqaqys7S1tre4ubrCw8TFxsfIycrS09TV1tfY2dri4+Tl5ufo6ery8/T19vf4+fr/2gAMAwEAAhEDEQA/AP1ToAKACgAoAKACgAoAKACgAoAKACgAoAKACgAoAKACgAoAKACgAoAKACgAoAKACgAoAKACgAoAKACgAoAKACgAoAKACgAoAKACgAoAKACgAoAKACgAoAKACgAoAKACgAoAKACgAoAKACgAoAKACgAoAKACgAoAKACgAoAKACgAoAKACgAoAKACgAoAKACgAoAKACgAoAKACgAoAKACgAoAKACgAoAKACgAoAKACgAoAKACgAoAKACgAoAKACgAoAKACgAoAKACgAoAKACgAoAKACgAoAKACgAoAKACgAoAKACgAoAKACgAoAKACgAoAKACgAoAKACgAoAKACgAoAKACgAoAKACgAoAKACgAoAKACgAoAKACgAoAKACgAoAKACgAoAKACgAoAKACgAoAKACgAoAKACgAoAKACgAoAKACgAoAKACgAoAKACgAoAKACgAoAKACgAoAKACgAoAKACgAoAKACgAoAKACgAoAKACgAoAKACgAoAKACgAoAKACgAoAKACgAoAKACgAoAKACgAoAKACgAoAKACgAoAKACgAoAKACgAoAKACgAoAKACgAoAKACgAoAKACgAoAKACgAoAKACgAoAKACgAoAKACgAoAKACgAoAKACgAoAKACgAoAKACgAoAKACgAoAKACgAoAKACgAoAKACgAoAKACgAoAKACgAoAKACgAoAKACgAoAKACgAoAKACgAoAKACgAoAKACgAoAKACgAoAKACgAoAKACgAoAKACgAoAKACgAoAKACgAoAKACgAoAKACgAoAKACgAoAKACgAoAKACgAoAKACgAoAKACgAoAKACgAoAKACgAoAKACgAoAKACgAoAKACgAoAKACgAoAKACgAoAKACgAoAKACgAoAKACgAoAKACgAoAKACgAoAKACgAoAKACgAoAKACgAoAKACgAoAKACgAoAKACgD//Z","timing":1321,"timestamp":8.650054514898001E12},{"data":"/9j/4AAQSkZJRgABAQAAAQABAAD/2wCEAAMCAgMCAgMDAwMEAwMEBQgFBQQEBQoHBwYIDAoMDAsKCwsNDhIQDQ4RDgsLEBYQERMUFRUVDA8XGBYUGBIUFRQBAwQEBQQFCQUFCRQNCw0UFBQUFBQUFBQUFBQUFBQUFBQUFBQUFBQUFBQUFBQUFBQUFBQUFBQUFBQUFBQUFBQUFP/AABEIANUAeAMBEQACEQEDEQH/xAGiAAABBQEBAQEBAQAAAAAAAAAAAQIDBAUGBwgJCgsQAAIBAwMCBAMFBQQEAAABfQECAwAEEQUSITFBBhNRYQcicRQygZGhCCNCscEVUtHwJDNicoIJChYXGBkaJSYnKCkqNDU2Nzg5OkNERUZHSElKU1RVVldYWVpjZGVmZ2hpanN0dXZ3eHl6g4SFhoeIiYqSk5SVlpeYmZqio6Slpqeoqaqys7S1tre4ubrCw8TFxsfIycrS09TV1tfY2drh4uPk5ebn6Onq8fLz9PX29/j5+gEAAwEBAQEBAQEBAQAAAAAAAAECAwQFBgcICQoLEQACAQIEBAMEBwUEBAABAncAAQIDEQQFITEGEkFRB2FxEyIygQgUQpGhscEJIzNS8BVictEKFiQ04SXxFxgZGiYnKCkqNTY3ODk6Q0RFRkdISUpTVFVWV1hZWmNkZWZnaGlqc3R1dnd4eXqCg4SFhoeIiYqSk5SVlpeYmZqio6Slpqeoqaqys7S1tre4ubrCw8TFxsfIycrS09TV1tfY2dri4+Tl5ufo6ery8/T19vf4+fr/2gAMAwEAAhEDEQA/AP1ToAKACgAoAKACgAoAKACgAoAKACgAoAKACgAoAKACgAoAKACgAoAKACgAoAKACgAoAKACgAoAKACgAoAKACgAoAKACgAoAKACgAoAKACgAoAKACgAoAKACgAoAKACgAoAKACgAoAKACgAoAKACgAoAKACgAoAKACgAoAKACgAoAKACgAoAKACgAoAKACgAoAKACgAoAKACgAoAKACgAoAKACgAoAKACgAoAKACgAoAKACgAoAKACgAoAKACgAoAKACgAoAKACgAoAKACgAoAKACgAoAKACgAoAKACgAoAKACgAoAKACgAoAKACgAoAKACgAoAKACgAoAKACgAoAKACgAoAKACgAoAKACgAoAKACgAoAKACgAoAKACgAoAKACgAoAKACgAoAKACgAoAKACgAoAKACgAoAKACgAoAKACgAoAKACgAoAKACgAoAKACgAoAKACgAoAKACgAoAKACgAoAKACgAoAKACgAoAKACgAoAKACgAoAKACgAoAKACgAoAKACgAoAKACgAoAKACgAoAKACgAoAKACgAoAKACgAoAKACgAoAKACgAoAKACgAoAKACgAoAKACgAoAKACgAoAKACgAoAKACgAoAKACgAoAKACgAoAKACgAoAKACgAoAKACgAoAKACgAoAKACgAoAKACgAoAKACgAoAKACgAoAKACgAoAKACgAoAKACgAoAKACgAoAKACgAoAKACgAoAKACgAoAKACgAoAKACgAoAKACgAoAKACgAoAKACgAoAKACgAoAKACgAoAKACgAoAKACgAoAKACgAoAKACgAoAKACgAoAKACgAoAKACgAoAKACgAoAKACgAoAKACgAoAKACgAoAKACgAoAKACgAoAKACgAoAKACgAoAKACgAoAKACgAoAKACgAoAKACgAoAKACgAoAKACgAoAKACgAoAKACgAoAKACgD//Z","timing":1982,"timestamp":8.650055175497999E12},{"data":"/9j/4AAQSkZJRgABAQAAAQABAAD/2wCEAAMCAgMCAgMDAwMEAwMEBQgFBQQEBQoHBwYIDAoMDAsKCwsNDhIQDQ4RDgsLEBYQERMUFRUVDA8XGBYUGBIUFRQBAwQEBQQFCQUFCRQNCw0UFBQUFBQUFBQUFBQUFBQUFBQUFBQUFBQUFBQUFBQUFBQUFBQUFBQUFBQUFBQUFBQUFP/AABEIANUAeAMBEQACEQEDEQH/xAGiAAABBQEBAQEBAQAAAAAAAAAAAQIDBAUGBwgJCgsQAAIBAwMCBAMFBQQEAAABfQECAwAEEQUSITFBBhNRYQcicRQygZGhCCNCscEVUtHwJDNicoIJChYXGBkaJSYnKCkqNDU2Nzg5OkNERUZHSElKU1RVVldYWVpjZGVmZ2hpanN0dXZ3eHl6g4SFhoeIiYqSk5SVlpeYmZqio6Slpqeoqaqys7S1tre4ubrCw8TFxsfIycrS09TV1tfY2drh4uPk5ebn6Onq8fLz9PX29/j5+gEAAwEBAQEBAQEBAQAAAAAAAAECAwQFBgcICQoLEQACAQIEBAMEBwUEBAABAncAAQIDEQQFITEGEkFRB2FxEyIygQgUQpGhscEJIzNS8BVictEKFiQ04SXxFxgZGiYnKCkqNTY3ODk6Q0RFRkdISUpTVFVWV1hZWmNkZWZnaGlqc3R1dnd4eXqCg4SFhoeIiYqSk5SVlpeYmZqio6Slpqeoqaqys7S1tre4ubrCw8TFxsfIycrS09TV1tfY2dri4+Tl5ufo6ery8/T19vf4+fr/2gAMAwEAAhEDEQA/AP1ToAKACgAoAKACgAoAKACgAoAKACgAoAKACgAoAKACgAoAKACgAoAKACgAoAKACgAoAKACgAoAKACgAoAKACgAoAKACgAoAKACgAoAKACgAoAKACgAoAKACgAoAKACgAoAKACgAoAKACgAoAKACgAoAKACgAoAKACgAoAKACgAoAKACgAoAKACgAoAKACgAoAKACgAoAKACgAoAKACgAoAKACgAoAKACgAoAKACgAoAKACgAoAKACgAoAKACgAoAKACgAoAKACgAoAKACgAoAKACgAoAKACgAoAKACgAoAKACgAoAKACgAoAKACgAoAKACgAoAKACgAoAKACgAoAKACgAoAKACgAoAKACgAoAKACgAoAKACgAoAKACgAoAKACgAoAKACgAoAKACgAoAKACgAoAKACgAoAKACgAoAKACgAoAKACgAoAKACgAoAKACgAoAKACgAoAKACgAoAKACgAoAKACgAoAKACgAoAKACgAoAKACgAoAKACgAoAKACgAoAKACgAoAKACgAoAKACgAoAKACgAoAKACgAoAKACgAoAKACgAoAKACgAoAKACgAoAKACgAoAKACgAoAKACgAoAKACgAoAKACgAoAKACgAoAKACgAoAKACgAoAKACgAoAKACgAoAKACgAoAKACgAoAKACgAoAKACgAoAKACgAoAKACgAoAKACgAoAKACgAoAKACgAoAKACgAoAKACgAoAKACgAoAKACgAoAKACgAoAKACgAoAKACgAoAKACgAoAKACgAoAKACgAoAKACgAoAKACgAoAKACgAoAKACgAoAKACgAoAKACgAoAKACgAoAKACgAoAKACgAoAKACgAoAKACgAoAKACgAoAKACgAoAKACgAoAKACgAoAKACgAoAKACgAoAKACgAoAKACgAoAKACgAoAKACgAoAKACgAoAKACgAoAKACgD//Z","timing":2642,"timestamp":8650055836098},{"data":"/9j/4AAQSkZJRgABAQAAAQABAAD/2wCEAAMCAgMCAgMDAwMEAwMEBQgFBQQEBQoHBwYIDAoMDAsKCwsNDhIQDQ4RDgsLEBYQERMUFRUVDA8XGBYUGBIUFRQBAwQEBQQFCQUFCRQNCw0UFBQUFBQUFBQUFBQUFBQUFBQUFBQUFBQUFBQUFBQUFBQUFBQUFBQUFBQUFBQUFBQUFP/AABEIANUAeAMBEQACEQEDEQH/xAGiAAABBQEBAQEBAQAAAAAAAAAAAQIDBAUGBwgJCgsQAAIBAwMCBAMFBQQEAAABfQECAwAEEQUSITFBBhNRYQcicRQygZGhCCNCscEVUtHwJDNicoIJChYXGBkaJSYnKCkqNDU2Nzg5OkNERUZHSElKU1RVVldYWVpjZGVmZ2hpanN0dXZ3eHl6g4SFhoeIiYqSk5SVlpeYmZqio6Slpqeoqaqys7S1tre4ubrCw8TFxsfIycrS09TV1tfY2drh4uPk5ebn6Onq8fLz9PX29/j5+gEAAwEBAQEBAQEBAQAAAAAAAAECAwQFBgcICQoLEQACAQIEBAMEBwUEBAABAncAAQIDEQQFITEGEkFRB2FxEyIygQgUQpGhscEJIzNS8BVictEKFiQ04SXxFxgZGiYnKCkqNTY3ODk6Q0RFRkdISUpTVFVWV1hZWmNkZWZnaGlqc3R1dnd4eXqCg4SFhoeIiYqSk5SVlpeYmZqio6Slpqeoqaqys7S1tre4ubrCw8TFxsfIycrS09TV1tfY2dri4+Tl5ufo6ery8/T19vf4+fr/2gAMAwEAAhEDEQA/AP1ToAKACgAoAKACgAoAKACgAoAKACgAoAKACgAoAKACgAoAKACgAoAKACgAoAKACgAoAKACgAoAKACgAoAKACgAoAKACgAoAKACgAoAKACgAoAKACgAoAKACgAoAKACgAoAKACgAoAKACgAoAKACgAoAKACgAoAKACgAoAKACgAoAKACgAoAKACgAoAKACgAoAKACgAoAKACgAoAKACgAoAKACgAoAKACgAoAKACgAoAKACgAoAKACgAoAKACgAoAKACgAoAKACgAoAKACgAoAKACgAoAKACgAoAKACgAoAKACgAoAKACgAoAKACgAoAKACgAoAKACgAoAKACgAoAKACgAoAKACgAoAKACgAoAKACgAoAKACgAoAKACgAoAKACgAoAKACgAoAKACgAoAKACgAoAKACgAoAKACgAoAKACgAoAKACgAoAKACgAoAKACgAoAKACgAoAKACgAoAKACgAoAKACgAoAKACgAoAKACgAoAKACgAoAKACgAoAKACgAoAKACgAoAKACgAoAKACgAoAKACgAoAKACgAoAKACgAoAKACgAoAKACgAoAKACgAoAKACgAoAKACgAoAKACgAoAKACgAoAKACgAoAKACgAoAKACgAoAKACgAoAKACgAoAKACgAoAKACgAoAKACgAoAKACgAoAKACgAoAKACgAoAKACgAoAKACgAoAKACgAoAKACgAoAKACgAoAKACgAoAKACgAoAKACgAoAKACgAoAKACgAoAKACgAoAKACgAoAKACgAoAKACgAoAKACgAoAKACgAoAKACgAoAKACgAoAKACgAoAKACgAoAKACgAoAKACgAoAKACgAoAKACgAoAKACgAoAKACgAoAKACgAoAKACgAoAKACgAoAKACgAoAKACgAoAKACgAoAKACgAoAKACgAoAKACgAoAKACgAoAKACgAoAKACgD//Z","timing":3303,"timestamp":8650056496698},{"data":"/9j/4AAQSkZJRgABAQAAAQABAAD/2wCEAAMCAgMCAgMDAwMEAwMEBQgFBQQEBQoHBwYIDAoMDAsKCwsNDhIQDQ4RDgsLEBYQERMUFRUVDA8XGBYUGBIUFRQBAwQEBQQFCQUFCRQNCw0UFBQUFBQUFBQUFBQUFBQUFBQUFBQUFBQUFBQUFBQUFBQUFBQUFBQUFBQUFBQUFBQUFP/AABEIANUAeAMBEQACEQEDEQH/xAGiAAABBQEBAQEBAQAAAAAAAAAAAQIDBAUGBwgJCgsQAAIBAwMCBAMFBQQEAAABfQECAwAEEQUSITFBBhNRYQcicRQygZGhCCNCscEVUtHwJDNicoIJChYXGBkaJSYnKCkqNDU2Nzg5OkNERUZHSElKU1RVVldYWVpjZGVmZ2hpanN0dXZ3eHl6g4SFhoeIiYqSk5SVlpeYmZqio6Slpqeoqaqys7S1tre4ubrCw8TFxsfIycrS09TV1tfY2drh4uPk5ebn6Onq8fLz9PX29/j5+gEAAwEBAQEBAQEBAQAAAAAAAAECAwQFBgcICQoLEQACAQIEBAMEBwUEBAABAncAAQIDEQQFITEGEkFRB2FxEyIygQgUQpGhscEJIzNS8BVictEKFiQ04SXxFxgZGiYnKCkqNTY3ODk6Q0RFRkdISUpTVFVWV1hZWmNkZWZnaGlqc3R1dnd4eXqCg4SFhoeIiYqSk5SVlpeYmZqio6Slpqeoqaqys7S1tre4ubrCw8TFxsfIycrS09TV1tfY2dri4+Tl5ufo6ery8/T19vf4+fr/2gAMAwEAAhEDEQA/AP1ToAKACgAoAKACgAoAKACgAoAKACgAoAKACgAoAKACgAoAKACgAoAKACgAoAKACgAoAKACgAoAKACgAoAKACgAoAKACgAoAKACgAoAKACgAoAKACgAoAKACgAoAKACgAoAKACgAoAKACgAoAKACgAoAKACgAoAKACgAoAKACgAoAKACgAoAKACgAoAKACgAoAKACgAoAKACgAoAKACgAoAKACgAoAKACgAoAKACgAoAKACgAoAKACgAoAKACgAoAKACgAoAKACgAoAKACgAoAKACgAoAKACgAoAKACgAoAKACgAoAKACgAoAKACgAoAKACgAoAKACgAoAKACgAoAKACgAoAKACgAoAKACgAoAKACgAoAKACgAoAKACgAoAKACgAoAKACgAoAKACgAoAKACgAoAKACgAoAKACgAoAKACgAoAKACgAoAKACgAoAKACgAoAKACgAoAKACgAoAKACgAoAKACgAoAKACgAoAKACgAoAKACgAoAKACgAoAKACgAoAKACgAoAKACgAoAKACgAoAKACgAoAKACgAoAKACgAoAKACgAoAKACgAoAKACgAoAKACgAoAKACgAoAKACgAoAKACgAoAKACgAoAKACgAoAKACgAoAKACgAoAKACgAoAKACgAoAKACgAoAKACgAoAKACgAoAKACgAoAKACgAoAKACgAoAKACgAoAKACgAoAKACgAoAKACgAoAKACgAoAKACgAoAKACgAoAKACgAoAKACgAoAKACgAoAKACgAoAKACgAoAKACgAoAKACgAoAKACgAoAKACgAoAKACgAoAKACgAoAKACgAoAKACgAoAKACgAoAKACgAoAKACgAoAKACgAoAKACgAoAKACgAoAKACgAoAKACgAoAKACgAoAKACgAoAKACgAoAKACgAoAKACgAoAKACgAoAKACgAoAKACgAoAKACgD//Z","timing":3964,"timestamp":8650057157298},{"data":"/9j/4AAQSkZJRgABAQAAAQABAAD/2wCEAAMCAgMCAgMDAwMEAwMEBQgFBQQEBQoHBwYIDAoMDAsKCwsNDhIQDQ4RDgsLEBYQERMUFRUVDA8XGBYUGBIUFRQBAwQEBQQFCQUFCRQNCw0UFBQUFBQUFBQUFBQUFBQUFBQUFBQUFBQUFBQUFBQUFBQUFBQUFBQUFBQUFBQUFBQUFP/AABEIANUAeAMBEQACEQEDEQH/xAGiAAABBQEBAQEBAQAAAAAAAAAAAQIDBAUGBwgJCgsQAAIBAwMCBAMFBQQEAAABfQECAwAEEQUSITFBBhNRYQcicRQygZGhCCNCscEVUtHwJDNicoIJChYXGBkaJSYnKCkqNDU2Nzg5OkNERUZHSElKU1RVVldYWVpjZGVmZ2hpanN0dXZ3eHl6g4SFhoeIiYqSk5SVlpeYmZqio6Slpqeoqaqys7S1tre4ubrCw8TFxsfIycrS09TV1tfY2drh4uPk5ebn6Onq8fLz9PX29/j5+gEAAwEBAQEBAQEBAQAAAAAAAAECAwQFBgcICQoLEQACAQIEBAMEBwUEBAABAncAAQIDEQQFITEGEkFRB2FxEyIygQgUQpGhscEJIzNS8BVictEKFiQ04SXxFxgZGiYnKCkqNTY3ODk6Q0RFRkdISUpTVFVWV1hZWmNkZWZnaGlqc3R1dnd4eXqCg4SFhoeIiYqSk5SVlpeYmZqio6Slpqeoqaqys7S1tre4ubrCw8TFxsfIycrS09TV1tfY2dri4+Tl5ufo6ery8/T19vf4+fr/2gAMAwEAAhEDEQA/AP0bk8LeMEuh9l8ZJFaC8SXyp9KjlcWyxQKYA+4cs8cz+YwYjz8Y+RSQDrtMt57TTrWG5unvriOJEkuXRUaVgoBcqoABJycAYGeKALVABQAUAFABQAUAFABQAUAFABQAUAFABQAUAFABQAUAFABQAUAFABQAUAFABQAUAFABQAUAFABQAUAFABQAUAFABQAUAFABQAUAFABQAUAFABQAUAFABQAUAFABQAUAFABQAUAFACZ5xQAZGcd6AFoAKACgAoAKACgAoAKACgAoAKACgAoA8AbVfiFqEGl3Wja9oL2kFwbHVBNfwzbbgSxCKFJAD+9kHyOrcgynbuOwgA7zwHq+q2WrXll4h1fTrqG7mCaTIs8azzPGji4hMSjG6MxliQxOTICsYQAgHftOoYr1cLu2jrj6daAATI2MMDkkZBHUHH8xQAi3CMMgjGCScg4x1H1oAZp9/b6rYW97ZzR3NpcRrLDPC4dJEYZVlYEgggggg4INAFigAoAKACgAoAKACgAoAKAOF1j4PeEvFt/omq6npZvL/RpvtGmXM0syyWT/ALrJjywKZMEeQMA/N2dsgDdG+B3grw9pVrYadoUFrHaQS29rOjN9ptY5FdXWG4z5sWRI4Gxxt3HbigB+ifBfwj4c059O03TGtdMa8hvxYLdTm3ininSeIxRlysSrJGjbEAU4AIIoAst8JfC5Piwpp8kLeKgo1d4LyeJ7jClRhlcGP5SR8hXrQBj3v7O/w+1O4vJ73w5BdyXieXcCeWWRJB9qN2cozlcm4YyFsZJOCSOKAO60PRrTw5oun6Tp8XkWFhbx2tvFuLbI0UKq5YknAAGSSaAL1ABQAUAFABQAUAFABQAUAFABQAUAFABQAUAFABQAUAFABQAUAFABQAUAJuoFfWwbqAuAOaBi0AFABQAUAFABQAUAFABQAUAFABQByaS6/f6Wk1hPZf6RCjQTzRO/UZDsoZCQwK/LwRzyeldj+rNt6nn2xe2hXv8A/hODph+xHRV1EeWy/aVlMX3Y/MU7efvGXB9FTI5JEr6u90waxS2aNfTU8Qf27eG9fTv7H2D7MsMb/aC2TkuSduMbcYHr0xgxP2XKuS9zal7fm/ebG7WB1BQAUARiZec4XHXJppNkOaWjYvmqDjIz9aLMHOK6jftCEkBlJXBIz0H+Qfyos+qDnjrZiC6jP8QHtmnyvsQqsHrckVg6gggg9xSasap31Q6kMKACgAoA8ttfEXirw3YQWVxYJKIFENuLKwe4Msa+UiFmMyBGJlAwQANrMSEBau14eLfuzT+Vv8zzFi3b3qbXzv8AohsvxI15bS9mi02/ma0PMI8OTK8yllCmPdcBTkMGwSCAGyBg1Twm3vrXzGsZ/wBO39x0XhvVvEuvSasJVt9LWyvXtI/tWmyD7Qqqh81D5/KEsQD329jkDmqU+TlfNe6vp0v09TrpVOe6tazsbX2XX/8AoJ6b/wCC6T/4/WJuH2XX/wDoJ6b/AOC6T/4/QAfZdf8A+gnpv/guk/8Aj9AFQ+EoL+++26wUvbuPasfl+ZHCoDBlYRF2UOCPv9ccdK2hVnCPKmc86EJy5mMPw80JnspPs03m2f8AqZftMvmAbGQqW3bmUhjlWJBOGIyAar6xU7kfVqbdyS08CaPY209rBahLSaaO4aDcxVXRlZNoJ+VVKKQq4A7Dml7ed076r9RrDxSa6MSz+H2h6ejLb2rxhoEtm/fOxaNCxVSSckDew57YHQACvrFS/Nfrf8v8hfVafLym9a20dnbxwRLtijUIi+gAwBXO227s6klFJIlpDCgAoAKAPM/CfijTLvw1p3k+HJb1Ft1jeeJrMozL8j8mYc70IIPIIwQDTuKxb1Txfomj6ebzUPDcllatJFCJLp7KJGeWTZGoZpwuXchQM5JYAZJpDLNxr9hYxNJP4RuoYYwS8kos1RADzkmbA6Z/H3oA0YJre4hjlTwnOUkUOvy2vQ9P+WtAD/3P/QpT/wDfNr/8doAP3P8A0KU//fNr/wDHaAKP9la5dyXUmmzjw9aSW/lRWr28RkimyT5wKl0YEbV2kZ4JyOjaxnTS1WpjUhU5vdlobPh6x1eyN6dV1CO/864aWARxeX5EZxti77sYzu4znoKU3F25VYdNSSfO7mxiszQWgYUAFABQAUAFAHlFp+zT4R022uYrCbWLJrkYmki1KQlwZzPINrEqA7vLnao+WaRV2hsUAbCfA7wrH4Qm8MLb3C6JK0Tm2S4ZCrRtuRlkUh1ZWCsGDAhlBB9QDF0f9l34faBYvZ6fpc9pbM2Qkd3KNn7qSH5fm+U7JXG4YP3TnKqQAep2lstpbRQKSyxoEBbqQBigCagAoAKACgAoAKACgAoAKACgAoA4A/G3w0YfFjRTS3M3hm9isL+CFA0hlkKqixrnMjMzbFjHzuw2qrFk3AGndfEK3hj1VYdNv7y80ydreexhWMTFgYTlCzhGBjuIpAA+SG243gpQBZ1PxvbaJLdpf2V/AsLxokkVubhZQyFt48rcUQbWUtKEAKnnBBIBneHvizofivWb7TNLTUJ7mxnS3uGl0+eGNHaKOTG90A3ASoGT76kNuUbSaAJbn4o6Lptle3eoLe2FvZTtDcyPZySpbgCNvMleIOkaFJo5NzlQqFi23Y+0Ap3Hxj0Ox8R6zpN7Ff2R0y4W0a5e1MkU8zRW8gSMx7juxd26gOFLtIFTcQcAG34e8d6N4o1C9stPmuHuLOaaCTz7KeBHaKQxy+W8iKsoVxtLRlgMjnkZAOgoAKACgAoAKACgAoAKAK8thbTxSRSQRvHIwZ1ZQQxGME+p4H5UAO+xwbg3kpkcg7Rx824/qAfrQA06fatIZDbxNISGLlASSBgEnuQCRn3oAclnBHKJEhRHC7Qyrg444+nA/IUALHawxMGSJFIzghQMZOT+ZA/KgBPscGxl8lNrDDDb14xz+HFADxEinIUA8849eTQA+gAoAKACgAoAKACgAoAKACgAoAKACgAoAKACgAoAKACgAoAKACgAoAKACgAoAKACgAoAKACgAoAKACgAoAKACgAoAKACgAoAKACgAoAKACgAoAKACgAoAKACgAoAKACgAoAKACgAoAKACgAoAKACgAoAKACgAoAKACgAoAKACgAoAKACgAoAKACgAoAKACgAoAKACgAoAKACgAoAKACgAoAKACgAoAKACgAoAKACgAoAKACgAoAKACgAoAKACgAoAKACgAoAKACgAoAKACgAoAKACgAoAKACgAoAKACgAoAKACgAoAKACgAoAKACgAoAKACgAoAKACgAoAKACgAoAKACgAoAKACgAoAKACgAoAKACgAoAKACgAoAKACgAoAKACgAoAKACgAoAKACgAoAKACgAoAKACgAoAKACgAoAKACgAoAKACgAoA//9k=","timing":4624,"timestamp":8.650057817898001E12},{"data":"/9j/4AAQSkZJRgABAQAAAQABAAD/2wCEAAMCAgMCAgMDAwMEAwMEBQgFBQQEBQoHBwYIDAoMDAsKCwsNDhIQDQ4RDgsLEBYQERMUFRUVDA8XGBYUGBIUFRQBAwQEBQQFCQUFCRQNCw0UFBQUFBQUFBQUFBQUFBQUFBQUFBQUFBQUFBQUFBQUFBQUFBQUFBQUFBQUFBQUFBQUFP/AABEIANUAeAMBEQACEQEDEQH/xAGiAAABBQEBAQEBAQAAAAAAAAAAAQIDBAUGBwgJCgsQAAIBAwMCBAMFBQQEAAABfQECAwAEEQUSITFBBhNRYQcicRQygZGhCCNCscEVUtHwJDNicoIJChYXGBkaJSYnKCkqNDU2Nzg5OkNERUZHSElKU1RVVldYWVpjZGVmZ2hpanN0dXZ3eHl6g4SFhoeIiYqSk5SVlpeYmZqio6Slpqeoqaqys7S1tre4ubrCw8TFxsfIycrS09TV1tfY2drh4uPk5ebn6Onq8fLz9PX29/j5+gEAAwEBAQEBAQEBAQAAAAAAAAECAwQFBgcICQoLEQACAQIEBAMEBwUEBAABAncAAQIDEQQFITEGEkFRB2FxEyIygQgUQpGhscEJIzNS8BVictEKFiQ04SXxFxgZGiYnKCkqNTY3ODk6Q0RFRkdISUpTVFVWV1hZWmNkZWZnaGlqc3R1dnd4eXqCg4SFhoeIiYqSk5SVlpeYmZqio6Slpqeoqaqys7S1tre4ubrCw8TFxsfIycrS09TV1tfY2dri4+Tl5ufo6ery8/T19vf4+fr/2gAMAwEAAhEDEQA/AP0bk8LeMEuh9l8ZJFaC8SXyp9KjlcWyxQKYA+4cs8cz+YwYjz8Y+RSQDrtMt57TTrWG5unvriOJEkuXRUaVgoBcqoABJycAYGeKALVABQAUAFABQAUAFABQAUAFABQAUAFABQAUAFABQAUAFABQAUAFABQAUAFABQAUAFABQAUAFABQAUAFABQAUAFABQAUAFABQAUAFABQAUAFABQAUAFABQAUAFABQAUAFABQAUAFACZ5xQAZGcd6AFoAKACgAoAKACgAoAKACgAoAKACgAoA8AbVfiFqEGl3Wja9oL2kFwbHVBNfwzbbgSxCKFJAD+9kHyOrcgynbuOwgA7zwHq+q2WrXll4h1fTrqG7mCaTIs8azzPGji4hMSjG6MxliQxOTICsYQAgHftOoYr1cLu2jrj6daAATI2MMDkkZBHUHH8xQAi3CMMgjGCScg4x1H1oAZp9/b6rYW97ZzR3NpcRrLDPC4dJEYZVlYEgggggg4INAFigAoAKACgAoAKACgAoAKAOF1j4PeEvFt/omq6npZvL/RpvtGmXM0syyWT/ALrJjywKZMEeQMA/N2dsgDdG+B3grw9pVrYadoUFrHaQS29rOjN9ptY5FdXWG4z5sWRI4Gxxt3HbigB+ifBfwj4c059O03TGtdMa8hvxYLdTm3ininSeIxRlysSrJGjbEAU4AIIoAst8JfC5Piwpp8kLeKgo1d4LyeJ7jClRhlcGP5SR8hXrQBj3v7O/w+1O4vJ73w5BdyXieXcCeWWRJB9qN2cozlcm4YyFsZJOCSOKAO60PRrTw5oun6Tp8XkWFhbx2tvFuLbI0UKq5YknAAGSSaAL1ABQAUAFABQAUAFABQAUAFABQAUAFABQAUAFABQAUAFABQAUAFABQAUAJuoFfWwbqAuAOaBi0AFABQAUAFABQAUAFABQAUAFABQByaS6/f6Wk1hPZf6RCjQTzRO/UZDsoZCQwK/LwRzyeldj+rNt6nn2xe2hXv8A/hODph+xHRV1EeWy/aVlMX3Y/MU7efvGXB9FTI5JEr6u90waxS2aNfTU8Qf27eG9fTv7H2D7MsMb/aC2TkuSduMbcYHr0xgxP2XKuS9zal7fm/ebG7WB1BQAUARiZec4XHXJppNkOaWjYvmqDjIz9aLMHOK6jftCEkBlJXBIz0H+Qfyos+qDnjrZiC6jP8QHtmnyvsQqsHrckVg6gggg9xSasap31Q6kMKACgAoA8ttfEXirw3YQWVxYJKIFENuLKwe4Msa+UiFmMyBGJlAwQANrMSEBau14eLfuzT+Vv8zzFi3b3qbXzv8AohsvxI15bS9mi02/ma0PMI8OTK8yllCmPdcBTkMGwSCAGyBg1Twm3vrXzGsZ/wBO39x0XhvVvEuvSasJVt9LWyvXtI/tWmyD7Qqqh81D5/KEsQD329jkDmqU+TlfNe6vp0v09TrpVOe6tazsbX2XX/8AoJ6b/wCC6T/4/WJuH2XX/wDoJ6b/AOC6T/4/QAfZdf8A+gnpv/guk/8Aj9AFQ+EoL+++26wUvbuPasfl+ZHCoDBlYRF2UOCPv9ccdK2hVnCPKmc86EJy5mMPw80JnspPs03m2f8AqZftMvmAbGQqW3bmUhjlWJBOGIyAar6xU7kfVqbdyS08CaPY209rBahLSaaO4aDcxVXRlZNoJ+VVKKQq4A7Dml7ed076r9RrDxSa6MSz+H2h6ejLb2rxhoEtm/fOxaNCxVSSckDew57YHQACvrFS/Nfrf8v8hfVafLym9a20dnbxwRLtijUIi+gAwBXO227s6klFJIlpDCgAoAKAPM/CfijTLvw1p3k+HJb1Ft1jeeJrMozL8j8mYc70IIPIIwQDTuKxb1Txfomj6ebzUPDcllatJFCJLp7KJGeWTZGoZpwuXchQM5JYAZJpDLNxr9hYxNJP4RuoYYwS8kos1RADzkmbA6Z/H3oA0YJre4hjlTwnOUkUOvy2vQ9P+WtAD/3P/QpT/wDfNr/8doAP3P8A0KU//fNr/wDHaAKP9la5dyXUmmzjw9aSW/lRWr28RkimyT5wKl0YEbV2kZ4JyOjaxnTS1WpjUhU5vdlobPh6x1eyN6dV1CO/864aWARxeX5EZxti77sYzu4znoKU3F25VYdNSSfO7mxiszQWgYUAFABQAUAFAHlFp+zT4R022uYrCbWLJrkYmki1KQlwZzPINrEqA7vLnao+WaRV2hsUAbCfA7wrH4Qm8MLb3C6JK0Tm2S4ZCrRtuRlkUh1ZWCsGDAhlBB9QDF0f9l34faBYvZ6fpc9pbM2Qkd3KNn7qSH5fm+U7JXG4YP3TnKqQAep2lstpbRQKSyxoEBbqQBigCagAoAKACgAoAKACgAoAKACgAoA4A/G3w0YfFjRTS3M3hm9isL+CFA0hlkKqixrnMjMzbFjHzuw2qrFk3AGndfEK3hj1VYdNv7y80ydreexhWMTFgYTlCzhGBjuIpAA+SG243gpQBZ1PxvbaJLdpf2V/AsLxokkVubhZQyFt48rcUQbWUtKEAKnnBBIBneHvizofivWb7TNLTUJ7mxnS3uGl0+eGNHaKOTG90A3ASoGT76kNuUbSaAJbn4o6Lptle3eoLe2FvZTtDcyPZySpbgCNvMleIOkaFJo5NzlQqFi23Y+0Ap3Hxj0Ox8R6zpN7Ff2R0y4W0a5e1MkU8zRW8gSMx7juxd26gOFLtIFTcQcAG34e8d6N4o1C9stPmuHuLOaaCTz7KeBHaKQxy+W8iKsoVxtLRlgMjnkZAOgoAKACgAoAKACgAoAKAK8thbTxSRSQRvHIwZ1ZQQxGME+p4H5UAO+xwbg3kpkcg7Rx824/qAfrQA06fatIZDbxNISGLlASSBgEnuQCRn3oAclnBHKJEhRHC7Qyrg444+nA/IUALHawxMGSJFIzghQMZOT+ZA/KgBPscGxl8lNrDDDb14xz+HFADxEinIUA8849eTQA+gAoAKACgAoAKACgAoAKACgAoAKACgAoAKACgAoAKACgAoAKACgAoAKACgAoAKACgAoAKACgAoAKACgAoAKACgAoAKACgAoAKACgAoAKACgAoAKACgAoAKACgAoAKACgAoAKACgAoAKACgAoAKACgAoAKACgAoAKACgAoAKACgAoAKACgAoAKACgAoAKACgAoAKACgAoAKACgAoAKACgAoAKACgAoAKACgAoAKACgAoAKACgAoAKACgAoAKACgAoAKACgAoAKACgAoAKACgAoAKACgAoAKACgAoAKACgAoAKACgAoAKACgAoAKACgAoAKACgAoAKACgAoAKACgAoAKACgAoAKACgAoAKACgAoAKACgAoAKACgAoAKACgAoAKACgAoAKACgAoAKACgAoAKACgAoAKACgAoAKACgAoAKACgAoAKACgAoA//9k=","timing":5285,"timestamp":8.650058478497999E12},{"data":"/9j/4AAQSkZJRgABAQAAAQABAAD/2wCEAAMCAgMCAgMDAwMEAwMEBQgFBQQEBQoHBwYIDAoMDAsKCwsNDhIQDQ4RDgsLEBYQERMUFRUVDA8XGBYUGBIUFRQBAwQEBQQFCQUFCRQNCw0UFBQUFBQUFBQUFBQUFBQUFBQUFBQUFBQUFBQUFBQUFBQUFBQUFBQUFBQUFBQUFBQUFP/AABEIANUAeAMBEQACEQEDEQH/xAGiAAABBQEBAQEBAQAAAAAAAAAAAQIDBAUGBwgJCgsQAAIBAwMCBAMFBQQEAAABfQECAwAEEQUSITFBBhNRYQcicRQygZGhCCNCscEVUtHwJDNicoIJChYXGBkaJSYnKCkqNDU2Nzg5OkNERUZHSElKU1RVVldYWVpjZGVmZ2hpanN0dXZ3eHl6g4SFhoeIiYqSk5SVlpeYmZqio6Slpqeoqaqys7S1tre4ubrCw8TFxsfIycrS09TV1tfY2drh4uPk5ebn6Onq8fLz9PX29/j5+gEAAwEBAQEBAQEBAQAAAAAAAAECAwQFBgcICQoLEQACAQIEBAMEBwUEBAABAncAAQIDEQQFITEGEkFRB2FxEyIygQgUQpGhscEJIzNS8BVictEKFiQ04SXxFxgZGiYnKCkqNTY3ODk6Q0RFRkdISUpTVFVWV1hZWmNkZWZnaGlqc3R1dnd4eXqCg4SFhoeIiYqSk5SVlpeYmZqio6Slpqeoqaqys7S1tre4ubrCw8TFxsfIycrS09TV1tfY2dri4+Tl5ufo6ery8/T19vf4+fr/2gAMAwEAAhEDEQA/APh3wzoB168ZWcxwRAF2HXnoB78H8qANnXvA0dlYvc2csjmIFnWUg5XuRgDpQBxtABQAUAFABQAUAFABQAUAFAGhoWktrWpR2ytsXBZ3xnaB/kD8aAOp1TwFBFYSSWs8pmjUttkwQ2BnAwOKAOGoA6Hwfr8WiXcq3CnyJsbpF5KEZxx6c0AbviDxnYy6dNBaMbh5kMZ+UqFBGCeQKAOCOSaADFABigAxQAYoAMUAGKADFABigAxQBreGNXTRdVSaVS0LKUfHUA9x+VAHX6n4205bKYW7tPMylVQIwwSO5IH6UAecgYAoA3vsEH/PMUAH2CD/AJ5igA+wQf8APMUAH2CD/nmKAD7BB/zzFAB9gg/55igA+wQf88xQAfYIP+eYoAPsEH/PMUAH2CD/AJ5igA+wQf8APMUAH2CD/nmKAD7BB/zzFAB9gg/55igA+wQf88xQBYoAKACgAoAKACgAoAKACgAoAKACgAoAKACgAoAKACgAoAKACgAoAKACgAoAKACgAoAKACgAoAKACgAoAKACgAoAKACgAoAKACgAoAKACgAoAKACgAoAKACgAoAKACgAoAKACgAoAKACgAoAKACgAoAKACgAoAKACgAoAKACgAoAKACgAoAKACgAoAKACgAoAKACgAoAKACgAoAKACgAoAKACgAoAKACgAoAKACgAoAKACgAoAKACgAoAKACgAoAKACgAoAKACgAoAKACgAoAKACgBUKh13DK55A9KAOjNh4P7a7rZ/7gsP/AMl0AH2Dwh/0HNb/APBND/8AJdAB9g8If9BzW/8AwTQ//JdAB9g8If8AQc1v/wAE0P8A8l0AH2Dwh/0HNb/8E0P/AMl0AH2Dwh/0HNb/APBND/8AJdAB9g8If9BzW/8AwTQ//JdAB9g8If8AQc1v/wAE0P8A8l0AH2Dwh/0HNb/8E0P/AMl0AH2Dwh/0HNb/APBND/8AJdAB9g8If9BzW/8AwTQ//JdAB9g8If8AQc1v/wAE0P8A8l0AAsPB/fXNb/8ABND/APJdAGDerbrdyraSSS2wYiOSaMRu69iyhmCk9cBjj1NAENABQAUAFABQAUAFABQAUAFABQAUAFABQAUAFABQAUAFABQAUAFABQAUAFABQAUAFABQAUAIeQe1ACfN7UAGG9qADDe1ABhvagAw3tQAYb2oAMN7UAGG9qADDe1ABhvagAw3tQAYb2oAPm9qAFGcc9aAFoA3tM8PW1/YQzvJMjODkIwx1PtQBa/4RO0/57XH/fS//E0AH/CJ2n/Pa4/76X/4mgDI1rTI9MljSF3bepJMmCf0AoA1z4TtP+es4+jLj+VAB/widp/z2uP++l/+JoAP+ETtP+e1x/30v/xNAHP6narY38tujMyJjBY88gH+tAFegAoAKACgAoAKACgDd0nxFb2NhFBJDMXTOSgXHX60AW/+EttP+eFz+S/40AH/AAltp/zwufyX/GgDH1zVI9TljeFHQKpGJAOv4GgDYHi20xzBcZ74C/40AH/CW2n/ADwufyX/ABoAP+EttP8Anhc/kv8AjQBgandJfahLcRqyo+MB8Z6Af0oArUAFABQAUAFABQAUAFABmgAzQAUAFABmgAzQAUAFABQAUAFABQAUAFABQAUAFABQAUAFABQAUAFABQAUAFABQAUAFABQAUAFABQAUAFABQAUAFABQAUAFABQAUAFABQAUAFABQAUAFABQAUAFABQAUAFABQAUAFABQAUAFABQAUAFABQAUAFABQAUAFABQAUAFABQAUAFABQAUAFABQAUAFABQAUAFABQAUAFABQAUAFABQAUAFABQAUAFABQAUAFABQAUAFABQAUAFABQAUAFABQAUAFABQAUAFABQAUAZP9sv/AM8l/OgA/tl/+eS/nQAf2y//ADyX86AD+2X/AOeS/nQAf2y//PJfzoAP7Zf/AJ5L+dAB/bL/APPJfzoAP7Zf/nkv50AH9sv/AM8l/OgA/tl/+eS/nQAf2y//ADyX86AD+2X/AOeS/nQAf2y//PJfzoAP7Zf/AJ5L+dAB/bL/APPJfzoAz6ACgAoAKACgAoAKACgAoAKACgAoAKACgAoA/wD/2Q==","timing":5945,"timestamp":8650059139098},{"data":"/9j/4AAQSkZJRgABAQAAAQABAAD/2wCEAAMCAgMCAgMDAwMEAwMEBQgFBQQEBQoHBwYIDAoMDAsKCwsNDhIQDQ4RDgsLEBYQERMUFRUVDA8XGBYUGBIUFRQBAwQEBQQFCQUFCRQNCw0UFBQUFBQUFBQUFBQUFBQUFBQUFBQUFBQUFBQUFBQUFBQUFBQUFBQUFBQUFBQUFBQUFP/AABEIANUAeAMBEQACEQEDEQH/xAGiAAABBQEBAQEBAQAAAAAAAAAAAQIDBAUGBwgJCgsQAAIBAwMCBAMFBQQEAAABfQECAwAEEQUSITFBBhNRYQcicRQygZGhCCNCscEVUtHwJDNicoIJChYXGBkaJSYnKCkqNDU2Nzg5OkNERUZHSElKU1RVVldYWVpjZGVmZ2hpanN0dXZ3eHl6g4SFhoeIiYqSk5SVlpeYmZqio6Slpqeoqaqys7S1tre4ubrCw8TFxsfIycrS09TV1tfY2drh4uPk5ebn6Onq8fLz9PX29/j5+gEAAwEBAQEBAQEBAQAAAAAAAAECAwQFBgcICQoLEQACAQIEBAMEBwUEBAABAncAAQIDEQQFITEGEkFRB2FxEyIygQgUQpGhscEJIzNS8BVictEKFiQ04SXxFxgZGiYnKCkqNTY3ODk6Q0RFRkdISUpTVFVWV1hZWmNkZWZnaGlqc3R1dnd4eXqCg4SFhoeIiYqSk5SVlpeYmZqio6Slpqeoqaqys7S1tre4ubrCw8TFxsfIycrS09TV1tfY2dri4+Tl5ufo6ery8/T19vf4+fr/2gAMAwEAAhEDEQA/APgL9KAL2qaDqeiLE1/p1zZpI5jDTRkDdgnGemcAn8KAKNABQB0Wm/DzxFrPh2PW9P0m4v8AT5Ls2KNagSuZgYQV8tSXAzcQKGK7S0qKCWOKAJYvhh4sn0e41WPQL19Pt7Sa+lnEfypDFOlvKx7/ACSyIrDqu9SRg5oArSeAPE0M1rG2gah5l3dy2FtEsDGWW5iVDNCIwN29PNjyMZG6gCa1+G3iq+0zT9QtfDup3dpqBuPsr29q0hmEG3zmCqCdq7wC2MZDDOVbABn3/hbWNLsftl3pd5b2vmPC07wkIkisUaNz/C4YYKnB6eooAuz/AA68V215NaTeGNZiuoXijlgfT5Q8bSttiVlK5BcghQfvEYGaAII/BeuM92j6VdW72v2gSi5j8na0ADTp8+PnQMpZRyMjI5FAGLQAUAFABQAY9qAOq8VfFDxZ4206Kw13X9Q1SzilEyQXVw8iK4DAEBiccO350Acrg0AGDQB2+g/FnVvD3glvCsFlYTaVNePcXYmSQveRO1q72shDjETPZW7ZQLICnDgHFAHQW37Sfiyy0DUdHt4rGO21Bt93IwmkmmZLtry3YyPKx3QzvI6kcvvIlMoAAAOWuPiTf3njCPXrmw0+5iitWsYNIlRzZQWxthbCJF37xiMLiTf5hZd5csSxAOt+I/7TPi34nnVX1O3021m1OSWW6lsI5Y2cubcADMh2hI7S3iXbj5Y8tudmdgClrn7QXibxB4X1jQbm300WWqtdNcOkLiTM95a3bkEuRkSWcYGQflZ85JDAA6zxP+194g1vx/ceJ7Hw3oembdW/tSwtnjkme1H9pHUWieXepmDz7WfcMDB8oQh2UgHAt8ZvEMvhqx0OUW0lpZ6fLpkbFXUm3cSbVYBgrMjXF0yuV3A3EgJK7VUA4PHtQAYNABg0AGKAN46bATnyxQAn9mwf881oAP7Ng/55rQAf2bB/zzWgA/s2D/nmtAB/ZsH/ADzWgA/s2D/nmtAB/ZsH/PNaAD+zYP8AnmtAB/ZsH/PNaAD+zYP+ea0AH9mwf881oAP7Ng/55rQAf2bB/wA81oABptvn/VigC3QAUAFABQAUAFABQAUAFABQAUAFABQAUAFABQAUAFABQAUAFABQAUAFABQAUAFABQAUAFABQAUAFABQAUAFABQAUAFABQAUAFABQAUAFABQAUAFABQAUAFABQAUAFABQAUAFABQAUAFABQAUAFABQAUAFABQAUAFABQAUAFABQAUAFABQAUAFABQAUAFABQAUAFABQAUAFABQAUAFABQAUAFABQAUAFABQAUAFABQAUAFABQAUAFABQAUAFABQAUAFABQAUAFABQAUAFABQAUAFABQAUAFAHW6N8L9b8Q6XDeaatveNKkbpapMBMwaS4T5VONxBtpCQpJwQcYDFQCppvgHWNYeySyhjuJbyc20EYlCs8oUMV+bG35WQ5OANwyRzgAYngq9+0xRzz2lpC00kMlzNNiOEoQHLkAkAZzwDnHGTgEAwCMGgAoAKACgDU8K+Hrjxb4m0nQ7R4orrUruKzieYkIryOFUsQCcZIzgE47GgDuvif8DLr4c6BBrcOrwaxpT6hNpUkiqsciXMTOG+VXcFG8tipyGxjcq5FAHmNABQAUAFABQAUATwtahcyxTSOepWYKPy2n+dAD/Msf8An3uP/Ahf/iKADzLH/n3uP/Ahf/iKADzLH/n3uP8AwIX/AOIoAPMsf+fe4/8AAhf/AIigA8yx/wCfe4/8CF/+IoAPMsf+fe4/8CF/+IoAmtL+3sLuG5tkvLe4gdZYpoboI6OpyrKwTIIIBBFAGn4i8a3XilIV1BppFhLvHFGYoYhI2N8hSOJVLsQu5iNzYGScUAc5QAUAFABQAUAFABQAUAFABQAUAFABQAenvxQAgORxQAtABQAUAFABQAUAdhCvg+78LW0LyyWuuJbXEsk4Emxpcv5MR4cNnEZ4WNVG/LsWAQAs6rpHgRrCVtO128+2h5GhUxGSJkDvsVsqpy0YjIZSRuZgwTAJALkdr8PNOs724D3es3cUcEkVkbmRFmY3Q82NX+zIUIgQ/M4x+9OASnIB51QAUAFABQBseDNJtdf8YaHpd7ObWyvr6C2nnVgDHG8iqzZPHAJPPFAHr/7Unwx8JfD+Xw5ceFndBem6intWuIphGsbr5bAx9ismAWyzBAW+ctkA8IoAKACgAoAKACgBSzMqjJAHpQAmG9W/M0AGG9W/M0AByO7fmaADk92/M0AGG9W/M0AGG9W/M0AHI7t+ZoAQ5P8AE3fv7UALQAUAFABQAUAFAFDVbqS2EflttyTnigDW8OeC/FXi5NLbSLQ3f9o3j2FuPNiTzJlMClBuYYJa6gAJwCXGCcHABpN8KPHiWqzyaUyJ5d/MxM8R2pZLuuSQGJGza4PrgYyeKAOPsb+ea6jR3ypzkYHoaAJtUupbeSMRvtBBzwKAN9PAHi19B0fVzbxxWGsru06aa5hjFwfPe3wNzDpLGynOAuULEB1JAMzWND13QnmS8UQywxJM6M8ZOxmwCMMc9VOByM84oAoadezT3G133Lg9qANSgAoAKACgAoAKACgClqVm92E2Y+XPU0APs73XtP06TT7XVbq30+R2le0iuXWF3MbRsxQHBJjd0JI5ViOhIoAfJqfiGZUWTWL2QJG0KbrqQ7EaIQsq88AxKsZA/gAXpxQBRs9OlguUdiu0Z6H2NAE2pWUl06FCvygg5NAF7T9f8U6RYTWNj4g1Kysprc2kttbX0scckBZ2MTKCAULSSHaeMuxx8xyAQapqPiDXM/2lq13qJIYZu7l5eDI0jD5ieC7s59WYnqc0AVbCwltp97lcYI4NAGlQAUAFABQAUAFABQAUAFABQAUAFABQAUAFABQAUAFABQAUAFABQAUAFABQAUAFABQAUAFABQAUAFABQAUAFABQAUAFABQAUAFABQAUAFABQAUAFABQAUAFABQAUAFABQAUAFABQAUAFABQAUAFABQAUAFABQAUAFABQAUAFABQAUAFABQAUAFABQAUAFABQAUAFABQAUAFABQAUAFABQAUAFABQAUAFABQAUAFABQAUAFABQAUAFABQAUAFABQBFDaa3cXNvbxaLeS3FyI2ghjt3Z5Q5AQqoGWDEgDHXNAFjU9E8SaLIkeo+HtQsJHhFwsd1aSRsYi/liQBgDtL/ID03AjrxQBWlttZhurm1k0e7S6tTKJ4DA4kiMYcy7lxkbBHJuz02NnGDQA6Wx12GJpX0O9WJYUuGkNtJtETSCNZM4xtLsEDdCxA6mgCiNQuiHP2U/IcNwfl4J5/AE/QZoAWe+u7YZltGjGSMspAyCQf1Vh9QfSgCH+2n/55r+dAB/bT/8APNfzoAP7af8A55r+dAB/bT/881/OgA/tp/8Anmv50AH9tP8A881/OgA/tp/+ea/nQAf20/8AzzX86AD+2n/55r+dAF+/+Imv6lq0d9e3cV9e26RwJcXNpDI4WMoyHJT7w2Iu7qUXYSU+WgB2r+Pdc1e2s9PvrxLm1stscKG3iXaBLcTAAqoOPMup2I6HeBjCoFAIbTxrrGnzWuoW935UpEsUSiJNsSyIUcBdu0ArxhQAO3ODQBpW3xS8WDUpb9dalN49pLpyyyRI/k28iMjRxKVxCu2RwBGF2hjt25oAp6L8UPEWm395c298DcXlvBaXLXMMc4mhtzFJDGyupBANvEMEEEAhgQSCAUb/AMQ6neacdOuLrzbMXb3Rj2KMzFVVnzjPIA4zjj1NAGXQAUAFABQAUAFABQAUAFAH/9k=","timing":6606,"timestamp":8650059799698}]}},"score":100,"weight":0,"id":"screenshot-thumbnails"},{"result":{"displayValue":"2,800 ms","score":true,"helpText":"Consider reducing the time spent parsing, compiling and executing JS.You may find delivering smaller JS payloads helps with this.","rawValue":2799.5130100250244,"extendedInfo":{"value":{"Update Layer Tree":108.97500228881836,"Layout":432.32500076293945,"Recalculate Style":503.69400215148926,"Evaluate Script":1296.8040027618408,"Animation Frame Fired":8.261001586914062,"Minor GC":82.69900131225586,"Run Microtasks":63.02199935913086,"Parse HTML":62.446001052856445,"Paint":41.383995056152344,"Compile Script":44.90999984741211,"Composite Layers":77.99400329589844,"Parse Stylesheet":76.9990005493164}},"name":"mainthread-work-breakdown","description":"Main thread work breakdown","scoringMode":"binary","informative":true,"details":{"itemHeaders":[{"itemType":"text","text":"Category","type":"text"},{"itemType":"text","text":"Work","type":"text"},{"itemType":"text","text":"Time spent","type":"text"}],"header":"View Details","type":"table","items":[[{"text":"Script Evaluation","type":"text"},{"text":"Evaluate Script","type":"text"},{"text":"1,297 ms","type":"text"}],[{"text":"Script Evaluation","type":"text"},{"text":"Run Microtasks","type":"text"},{"text":"63 ms","type":"text"}],[{"text":"Script Evaluation","type":"text"},{"text":"Animation Frame Fired","type":"text"},{"text":"8 ms","type":"text"}],[{"text":"Style & Layout","type":"text"},{"text":"Recalculate Style","type":"text"},{"text":"504 ms","type":"text"}],[{"text":"Style & Layout","type":"text"},{"text":"Layout","type":"text"},{"text":"432 ms","type":"text"}],[{"text":"Compositing","type":"text"},{"text":"Update Layer Tree","type":"text"},{"text":"109 ms","type":"text"}],[{"text":"Compositing","type":"text"},{"text":"Composite Layers","type":"text"},{"text":"78 ms","type":"text"}],[{"text":"Parsing HTML & CSS","type":"text"},{"text":"Parse Stylesheet","type":"text"},{"text":"77 ms","type":"text"}],[{"text":"Parsing HTML & CSS","type":"text"},{"text":"Parse HTML","type":"text"},{"text":"62 ms","type":"text"}],[{"text":"Garbage collection","type":"text"},{"text":"Minor GC","type":"text"},{"text":"83 ms","type":"text"}],[{"text":"Script Parsing & Compile","type":"text"},{"text":"Compile Script","type":"text"},{"text":"45 ms","type":"text"}],[{"text":"Paint","type":"text"},{"text":"Paint","type":"text"},{"text":"41 ms","type":"text"}]]}},"score":100,"weight":0,"id":"mainthread-work-breakdown","group":"perf-info"},{"result":{"displayValue":"","score":false,"helpText":"Leverage the font-display CSS feature to ensure text is user-visible while webfonts are loading. [Learn more](https://developers.google.com/web/updates/2016/02/font-display).","rawValue":false,"name":"font-display","description":"Avoid invisible text while webfonts are loading","scoringMode":"binary","details":{"itemHeaders":[{"itemType":"url","text":"Font URL","type":"text"},{"itemType":"text","text":"Font download time","type":"text"}],"header":"View Details","type":"table","items":[[{"text":"https://fonts.gstatic.com/s/roboto/v18/KFOmCnqEu92Fr1Mu4mxK.woff2","type":"url"},{"text":"884 ms","type":"text"}],[{"text":"https://fonts.gstatic.com/s/materialicons/v37/flUhRq6tzZclQEJ-Vdg-IuiaDsNc.woff2","type":"url"},{"text":"1,066 ms","type":"text"}],[{"text":"https://fonts.gstatic.com/s/roboto/v18/KFOlCnqEu92Fr1MmEU9fBBc4.woff2","type":"url"},{"text":"875 ms","type":"text"}]]}},"score":0,"weight":0,"id":"font-display","group":"perf-info"}]},{"score":30,"name":"Progressive Web App","weight":1,"description":"These checks validate the aspects of a Progressive Web App, as specified by the baseline [PWA Checklist](https://developers.google.com/web/progressive-web-apps/checklist).","id":"pwa","audits":[{"result":{"displayValue":"","score":false,"helpText":"The service worker is the technology that enables your app to use many Progressive Web App features, such as offline, add to homescreen, and push notifications. [Learn more](https://developers.google.com/web/tools/lighthouse/audits/registered-service-worker).","rawValue":false,"name":"service-worker","description":"Does not register a service worker","scoringMode":"binary"},"score":0,"weight":1,"id":"service-worker"},{"result":{"displayValue":"","score":false,"helpText":"If you're building a Progressive Web App, consider using a service worker so that your app can work offline. [Learn more](https://developers.google.com/web/tools/lighthouse/audits/http-200-when-offline).","rawValue":false,"name":"works-offline","description":"Does not respond with a 200 when offline","scoringMode":"binary"},"score":0,"weight":1,"id":"works-offline"},{"result":{"displayValue":"","score":false,"debugString":"The page body should render some content if its scripts are not available.","helpText":"Your app should display some content when JavaScript is disabled, even if it's just a warning to the user that JavaScript is required to use the app. [Learn more](https://developers.google.com/web/tools/lighthouse/audits/no-js).","rawValue":false,"name":"without-javascript","description":"Does not provide fallback content when JavaScript is not available","scoringMode":"binary"},"score":0,"weight":1,"id":"without-javascript"},{"result":{"displayValue":"","score":false,"helpText":"If you've already set up HTTPS, make sure that you redirect all HTTP traffic to HTTPS. [Learn more](https://developers.google.com/web/tools/lighthouse/audits/http-redirects-to-https).","rawValue":false,"name":"redirects-http","description":"Does not redirect HTTP traffic to HTTPS","scoringMode":"binary"},"score":0,"weight":1,"id":"redirects-http"},{"result":{"displayValue":"","score":true,"helpText":"A fast page load over a 3G network ensures a good mobile user experience. [Learn more](https://developers.google.com/web/tools/lighthouse/audits/fast-3g).","rawValue":true,"extendedInfo":{"value":{"isFast":true,"timeToFirstInteractive":6460.149,"firstRequestLatencies":[{"latency":"566.29","url":"http://web/"},{"latency":"579.72","url":"https://cdnjs.cloudflare.com/ajax/libs/Chart.js/2.7.1/Chart.min.js"},{"latency":"571.48","url":"https://unpkg.com/vue-chartjs/dist/vue-chartjs.min.js"},{"latency":"578.93","url":"https://fonts.gstatic.com/s/roboto/v18/KFOmCnqEu92Fr1Mu4mxK.woff2"}],"areLatenciesAll3G":true}},"name":"load-fast-enough-for-pwa","description":"Page load is fast enough on 3G","scoringMode":"binary"},"score":100,"weight":1,"id":"load-fast-enough-for-pwa"},{"result":{"displayValue":"","score":false,"debugString":"Failures: No manifest was fetched, Site does not register a service worker, Service worker does not successfully serve the manifest's start_url, No usable web app manifest found on page.","helpText":"Browsers can proactively prompt users to add your app to their homescreen, which can lead to higher engagement. [Learn more](https://developers.google.com/web/tools/lighthouse/audits/install-prompt).","rawValue":false,"extendedInfo":{"value":{"failures":["No manifest was fetched","Site does not register a service worker","Service worker does not successfully serve the manifest's start_url","No usable web app manifest found on page"],"warnings":["No usable web app manifest found on page"],"manifestValues":{"parseFailureReason":"No manifest was fetched","allChecks":[],"isParseFailure":true}}},"name":"webapp-install-banner","description":"User will not be prompted to Install the Web App","scoringMode":"binary"},"score":0,"weight":1,"id":"webapp-install-banner"},{"result":{"displayValue":"","score":false,"debugString":"Failures: No manifest was fetched.","helpText":"A themed splash screen ensures a high-quality experience when users launch your app from their homescreens. [Learn more](https://developers.google.com/web/tools/lighthouse/audits/custom-splash-screen).","rawValue":false,"extendedInfo":{"value":{"failures":["No manifest was fetched"],"manifestValues":{"parseFailureReason":"No manifest was fetched","allChecks":[],"isParseFailure":true}}},"name":"splash-screen","description":"Is not configured for a custom splash screen","scoringMode":"binary"},"score":0,"weight":1,"id":"splash-screen"},{"result":{"displayValue":"","score":false,"debugString":"Failures: No manifest was fetched, No `<meta name=\"theme-color\">` tag found.","helpText":"The browser address bar can be themed to match your site. [Learn more](https://developers.google.com/web/tools/lighthouse/audits/address-bar).","rawValue":false,"extendedInfo":{"value":{"failures":["No manifest was fetched","No `<meta name=\"theme-color\">` tag found"],"themeColor":null,"manifestValues":{"parseFailureReason":"No manifest was fetched","allChecks":[],"isParseFailure":true}}},"name":"themed-omnibox","description":"Address bar does not match brand colors","scoringMode":"binary"},"score":0,"weight":1,"id":"themed-omnibox"},{"result":{"displayValue":"","score":true,"debugString":"","helpText":"Add a viewport meta tag to optimize your app for mobile screens. [Learn more](https://developers.google.com/web/tools/lighthouse/audits/has-viewport-meta-tag).","rawValue":true,"name":"viewport","description":"Has a `<meta name=\"viewport\">` tag with `width` or `initial-scale`","scoringMode":"binary"},"score":100,"weight":1,"id":"viewport"},{"result":{"displayValue":"","score":true,"debugString":"","helpText":"If the width of your app's content doesn't match the width of the viewport, your app might not be optimized for mobile screens. [Learn more](https://developers.google.com/web/tools/lighthouse/audits/content-sized-correctly-for-viewport).","rawValue":true,"name":"content-width","description":"Content is sized correctly for the viewport","scoringMode":"binary"},"score":100,"weight":1,"id":"content-width"},{"result":{"displayValue":"","score":false,"helpText":"To reach the most number of users, sites should work across every major browser. [Learn more](https://developers.google.com/web/progressive-web-apps/checklist#site-works-cross-browser).","rawValue":false,"name":"pwa-cross-browser","description":"Site works cross-browser","scoringMode":"binary","informative":true,"manual":true},"score":0,"weight":0,"id":"pwa-cross-browser","group":"manual-pwa-checks"},{"result":{"displayValue":"","score":false,"helpText":"Transitions should feel snappy as you tap around, even on a slow network, a key to perceived performance. [Learn more](https://developers.google.com/web/progressive-web-apps/checklist#page-transitions-dont-feel-like-they-block-on-the-network).","rawValue":false,"name":"pwa-page-transitions","description":"Page transitions don't feel like they block on the network","scoringMode":"binary","informative":true,"manual":true},"score":0,"weight":0,"id":"pwa-page-transitions","group":"manual-pwa-checks"},{"result":{"displayValue":"","score":false,"helpText":"Ensure individual pages are deep linkable via the URLs and that URLs are unique for the purpose of shareability on social media. [Learn more](https://developers.google.com/web/progressive-web-apps/checklist#each-page-has-a-url).","rawValue":false,"name":"pwa-each-page-has-url","description":"Each page has a URL","scoringMode":"binary","informative":true,"manual":true},"score":0,"weight":0,"id":"pwa-each-page-has-url","group":"manual-pwa-checks"}]},{"score":76.71232876712328,"name":"Accessibility","description":"These checks highlight opportunities to [improve the accessibility of your web app](https://developers.google.com/web/fundamentals/accessibility). Only a subset of accessibility issues can be automatically detected so manual testing is also encouraged.","id":"accessibility","audits":[{"result":{"displayValue":"","score":false,"helpText":"Access keys let users quickly focus a part of the page. For proper navigation, each access key must be unique. [Learn more](https://dequeuniversity.com/rules/axe/2.2/accesskeys?application=lighthouse).","rawValue":false,"name":"accesskeys","description":"`[accesskey]` values are not unique","scoringMode":"binary","informative":true,"notApplicable":true},"score":100,"weight":0,"id":"accesskeys","group":"a11y-correct-attributes"},{"result":{"displayValue":"","score":true,"helpText":"Each ARIA `role` supports a specific subset of `aria-*` attributes. Mismatching these invalidates the `aria-*` attributes. [Learn more](https://dequeuniversity.com/rules/axe/2.2/aria-allowed-attr?application=lighthouse).","rawValue":true,"extendedInfo":{},"name":"aria-allowed-attr","description":"`[aria-*]` attributes match their roles","scoringMode":"binary","details":{"header":{"text":"View failing elements","type":"text"},"type":"list","items":[]}},"score":100,"weight":3,"id":"aria-allowed-attr","group":"a11y-aria"},{"result":{"displayValue":"","score":false,"helpText":"Some ARIA roles have required attributes that describe the state of the element to screen readers. [Learn more](https://dequeuniversity.com/rules/axe/2.2/aria-required-attr?application=lighthouse).","rawValue":false,"name":"aria-required-attr","description":"`[role]`s do not have all required `[aria-*]` attributes","scoringMode":"binary","informative":true,"notApplicable":true},"score":100,"weight":0,"id":"aria-required-attr","group":"a11y-aria"},{"result":{"displayValue":"","score":false,"helpText":"Some ARIA parent roles must contain specific child roles to perform their intended accessibility functions. [Learn more](https://dequeuniversity.com/rules/axe/2.2/aria-required-children?application=lighthouse).","rawValue":false,"name":"aria-required-children","description":"Elements with `[role]` that require specific children `[role]`s, are missing.","scoringMode":"binary","informative":true,"notApplicable":true},"score":100,"weight":0,"id":"aria-required-children","group":"a11y-aria"},{"result":{"displayValue":"","score":false,"helpText":"Some ARIA child roles must be contained by specific parent roles to properly perform their intended accessibility functions. [Learn more](https://dequeuniversity.com/rules/axe/2.2/aria-required-parent?application=lighthouse).","rawValue":false,"name":"aria-required-parent","description":"`[role]`s are not contained by their required parent element","scoringMode":"binary","informative":true,"notApplicable":true},"score":100,"weight":0,"id":"aria-required-parent","group":"a11y-aria"},{"result":{"displayValue":"","score":false,"helpText":"ARIA roles must have valid values in order to perform their intended accessibility functions. [Learn more](https://dequeuniversity.com/rules/axe/2.2/aria-roles?application=lighthouse).","rawValue":false,"name":"aria-roles","description":"`[role]` values are not valid","scoringMode":"binary","informative":true,"notApplicable":true},"score":100,"weight":0,"id":"aria-roles","group":"a11y-aria"},{"result":{"displayValue":"","score":true,"helpText":"Assistive technologies, like screen readers, can't interpret ARIA attributes with invalid values. [Learn more](https://dequeuniversity.com/rules/axe/2.2/aria-valid-attr-value?application=lighthouse).","rawValue":true,"extendedInfo":{},"name":"aria-valid-attr-value","description":"`[aria-*]` attributes have valid values","scoringMode":"binary","details":{"header":{"text":"View failing elements","type":"text"},"type":"list","items":[]}},"score":100,"weight":2,"id":"aria-valid-attr-value","group":"a11y-aria"},{"result":{"displayValue":"","score":true,"helpText":"Assistive technologies, like screen readers, can't interpret ARIA attributes with invalid names. [Learn more](https://dequeuniversity.com/rules/axe/2.2/aria-valid-attr?application=lighthouse).","rawValue":true,"extendedInfo":{},"name":"aria-valid-attr","description":"`[aria-*]` attributes are valid and not misspelled","scoringMode":"binary","details":{"header":{"text":"View failing elements","type":"text"},"type":"list","items":[]}},"score":100,"weight":5,"id":"aria-valid-attr","group":"a11y-aria"},{"result":{"displayValue":"","score":false,"helpText":"Captions make audio elements usable for deaf or hearing-impaired users, providing critical information such as who is talking, what they're saying, and other non-speech information. [Learn more](https://dequeuniversity.com/rules/axe/2.2/audio-caption?application=lighthouse).","rawValue":false,"name":"audio-caption","description":"`<audio>` elements are missing a `<track>` element with `[kind=\"captions\"]`.","scoringMode":"binary","informative":true,"notApplicable":true},"score":100,"weight":0,"id":"audio-caption","group":"a11y-correct-attributes"},{"result":{"displayValue":"","score":false,"helpText":"When a button doesn't have an accessible name, screen readers announce it as \"button\", making it unusable for users who rely on screen readers. [Learn more](https://dequeuniversity.com/rules/axe/2.2/button-name?application=lighthouse).","rawValue":false,"extendedInfo":{"value":{"help":"Buttons must have discernible text","nodes":[{"failureSummary":"Fix all of the following:\n  Element is in tab order and does not have accessible text\n\nFix any of the following:\n  Element has a value attribute and the value attribute is empty\n  Element has no value attribute or the value attribute is empty\n  Element does not have inner text that is visible to screen readers\n  aria-label attribute does not exist or is empty\n  aria-labelledby attribute does not exist, references elements that do not exist or references elements that are empty or not visible\n  Element's default semantics were not overridden with role=\"presentation\"\n  Element's default semantics were not overridden with role=\"none\"","snippet":"<button type=\"button\" class=\"toolbar__side-icon btn btn--icon\">","path":"1,HTML,2,BODY,0,MAIN,0,DIV,1,DIV,2,NAV,0,DIV,0,BUTTON","impact":"critical","html":"<button type=\"button\" class=\"toolbar__side-icon btn btn--icon\"><div class=\"btn__content\"><i aria-hidden=\"true\" class=\"icon material-icons\">menu<\/i><\/div><\/button>","target":[".toolbar__side-icon"]},{"failureSummary":"Fix all of the following:\n  Element is in tab order and does not have accessible text\n\nFix any of the following:\n  Element has a value attribute and the value attribute is empty\n  Element has no value attribute or the value attribute is empty\n  Element does not have inner text that is visible to screen readers\n  aria-label attribute does not exist or is empty\n  aria-labelledby attribute does not exist, references elements that do not exist or references elements that are empty or not visible\n  Element's default semantics were not overridden with role=\"presentation\"\n  Element's default semantics were not overridden with role=\"none\"","snippet":"<button type=\"button\" class=\"btn btn--icon\">","path":"1,HTML,2,BODY,0,MAIN,0,DIV,1,DIV,2,NAV,0,DIV,4,SPAN,0,SPAN,0,BUTTON","impact":"critical","html":"<button type=\"button\" class=\"btn btn--icon\"><div class=\"btn__content\"><i aria-hidden=\"true\" class=\"icon fa fa-sign-out\"><\/i><\/div><\/button>","target":["span > .btn--icon"]}],"impact":"critical","description":"Ensures buttons have discernible text","helpUrl":"https://dequeuniversity.com/rules/axe/3.0/button-name?application=axeAPI","id":"button-name","tags":["cat.name-role-value","wcag2a","wcag412","section508","section508.22.a"]}},"name":"button-name","description":"Buttons do not have an accessible name","scoringMode":"binary","details":{"header":{"text":"View failing elements","type":"text"},"type":"list","items":[{"snippet":"<button type=\"button\" class=\"toolbar__side-icon btn btn--icon\">","path":"1,HTML,2,BODY,0,MAIN,0,DIV,1,DIV,2,NAV,0,DIV,0,BUTTON","selector":".toolbar__side-icon","type":"node"},{"snippet":"<button type=\"button\" class=\"btn btn--icon\">","path":"1,HTML,2,BODY,0,MAIN,0,DIV,1,DIV,2,NAV,0,DIV,4,SPAN,0,SPAN,0,BUTTON","selector":"span > .btn--icon","type":"node"}]}},"score":0,"weight":10,"id":"button-name","group":"a11y-element-names"},{"result":{"displayValue":"","score":true,"helpText":"Adding ways to bypass repetitive content lets keyboard users navigate the page more efficiently. [Learn more](https://dequeuniversity.com/rules/axe/2.2/bypass?application=lighthouse).","rawValue":true,"extendedInfo":{},"name":"bypass","description":"The page contains a heading, skip link, or landmark region","scoringMode":"binary","details":{"header":{"text":"View failing elements","type":"text"},"type":"list","items":[]}},"score":100,"weight":10,"id":"bypass","group":"a11y-describe-contents"},{"result":{"displayValue":"","score":true,"helpText":"Low-contrast text is difficult or impossible for many users to read. [Learn more](https://dequeuniversity.com/rules/axe/2.2/color-contrast?application=lighthouse).","rawValue":true,"extendedInfo":{},"name":"color-contrast","description":"Background and foreground colors have a sufficient contrast ratio","scoringMode":"binary","details":{"header":{"text":"View failing elements","type":"text"},"type":"list","items":[]}},"score":100,"weight":6,"id":"color-contrast","group":"a11y-color-contrast"},{"result":{"displayValue":"","score":false,"helpText":"When definition lists are not properly marked up, screen readers may produce confusing or inaccurate output. [Learn more](https://dequeuniversity.com/rules/axe/2.2/definition-list?application=lighthouse).","rawValue":false,"name":"definition-list","description":"`<dl>`'s do not contain only properly-ordered `<dt>` and `<dd>` groups, `<script>` or `<template>` elements.","scoringMode":"binary","informative":true,"notApplicable":true},"score":100,"weight":0,"id":"definition-list","group":"a11y-well-structured"},{"result":{"displayValue":"","score":false,"helpText":"Definition list items (`<dt>` and `<dd>`) must be wrapped in a parent `<dl>` element to ensure that screen readers can properly announce them. [Learn more](https://dequeuniversity.com/rules/axe/2.2/dlitem?application=lighthouse).","rawValue":false,"name":"dlitem","description":"Definition list items are not wrapped in `<dl>` elements","scoringMode":"binary","informative":true,"notApplicable":true},"score":100,"weight":0,"id":"dlitem","group":"a11y-well-structured"},{"result":{"displayValue":"","score":true,"helpText":"The title gives screen reader users an overview of the page, and search engine users rely on it heavily to determine if a page is relevant to their search. [Learn more](https://developers.google.com/web/tools/lighthouse/audits/title).","rawValue":true,"extendedInfo":{},"name":"document-title","description":"Document has a `<title>` element","scoringMode":"binary","details":{"header":{"text":"View failing elements","type":"text"},"type":"list","items":[]}},"score":100,"weight":2,"id":"document-title","group":"a11y-describe-contents"},{"result":{"displayValue":"","score":true,"helpText":"The value of an id attribute must be unique to prevent other instances from being overlooked by assistive technologies. [Learn more](https://dequeuniversity.com/rules/axe/2.2/duplicate-id?application=lighthouse).","rawValue":true,"extendedInfo":{},"name":"duplicate-id","description":"`[id]` attributes on the page are unique","scoringMode":"binary","details":{"header":{"text":"View failing elements","type":"text"},"type":"list","items":[]}},"score":100,"weight":5,"id":"duplicate-id","group":"a11y-well-structured"},{"result":{"displayValue":"","score":false,"helpText":"Screen reader users rely on frame titles to describe the contents of frames. [Learn more](https://dequeuniversity.com/rules/axe/2.2/frame-title?application=lighthouse).","rawValue":false,"name":"frame-title","description":"`<frame>` or `<iframe>` elements do not have a title","scoringMode":"binary","informative":true,"notApplicable":true},"score":100,"weight":0,"id":"frame-title","group":"a11y-describe-contents"},{"result":{"displayValue":"","score":false,"helpText":"If a page doesn't specify a lang attribute, a screen reader assumes that the page is in the default language that the user chose when setting up the screen reader. If the page isn't actually in the default language, then the screen reader might not announce the page's text correctly. [Learn more](https://dequeuniversity.com/rules/axe/2.2/html-lang?application=lighthouse).","rawValue":false,"extendedInfo":{"value":{"help":"<html> element must have a lang attribute","nodes":[{"failureSummary":"Fix any of the following:\n  The <html> element does not have a lang attribute","snippet":"<html>","path":"1,HTML","impact":"serious","html":"<html>","target":["html"]}],"impact":"serious","description":"Ensures every HTML document has a lang attribute","helpUrl":"https://dequeuniversity.com/rules/axe/3.0/html-has-lang?application=axeAPI","id":"html-has-lang","tags":["cat.language","wcag2a","wcag311"]}},"name":"html-has-lang","description":"`<html>` element does not have a `[lang]` attribute","scoringMode":"binary","details":{"header":{"text":"View failing elements","type":"text"},"type":"list","items":[{"snippet":"<html>","path":"1,HTML","selector":"html","type":"node"}]}},"score":0,"weight":4,"id":"html-has-lang","group":"a11y-language"},{"result":{"displayValue":"","score":false,"helpText":"Specifying a valid [BCP 47 language](https://www.w3.org/International/questions/qa-choosing-language-tags#question) helps screen readers announce text properly. [Learn more](https://dequeuniversity.com/rules/axe/2.2/valid-lang?application=lighthouse).","rawValue":false,"name":"html-lang-valid","description":"`<html>` element does not have a valid value for its `[lang]` attribute.","scoringMode":"binary","informative":true,"notApplicable":true},"score":100,"weight":0,"id":"html-lang-valid","group":"a11y-language"},{"result":{"displayValue":"","score":false,"helpText":"Informative elements should aim for short, descriptive alternate text. Decorative elements can be ignored with an empty alt attribute.[Learn more](https://dequeuniversity.com/rules/axe/2.2/image-alt?application=lighthouse).","rawValue":false,"name":"image-alt","description":"Image elements do not have `[alt]` attributes","scoringMode":"binary","informative":true,"notApplicable":true},"score":100,"weight":0,"id":"image-alt","group":"a11y-correct-attributes"},{"result":{"displayValue":"","score":false,"helpText":"When an image is being used as an `<input>` button, providing alternative text can help screen reader users understand the purpose of the button. [Learn more](https://dequeuniversity.com/rules/axe/2.2/input-image-alt?application=lighthouse).","rawValue":false,"name":"input-image-alt","description":"`<input type=\"image\">` elements do not have `[alt]` text","scoringMode":"binary","informative":true,"notApplicable":true},"score":100,"weight":0,"id":"input-image-alt","group":"a11y-correct-attributes"},{"result":{"displayValue":"","score":true,"helpText":"Labels ensure that form controls are announced properly by assistive technologies, like screen readers. [Learn more](https://dequeuniversity.com/rules/axe/2.2/label?application=lighthouse).","rawValue":true,"extendedInfo":{},"name":"label","description":"Form elements have associated labels","scoringMode":"binary","details":{"header":{"text":"View failing elements","type":"text"},"type":"list","items":[]}},"score":100,"weight":10,"id":"label","group":"a11y-describe-contents"},{"result":{"displayValue":"","score":false,"helpText":"A table being used for layout purposes should not include data elements, such as the th or caption elements or the summary attribute, because this can create a confusing experience for screen reader users. [Learn more](https://dequeuniversity.com/rules/axe/2.2/layout-table?application=lighthouse).","rawValue":false,"name":"layout-table","description":"Presentational `<table>` elements do not avoid using `<th>`, `<caption>` or the `[summary]` attribute.","scoringMode":"binary","informative":true,"notApplicable":true},"score":100,"weight":0,"id":"layout-table","group":"a11y-describe-contents"},{"result":{"displayValue":"","score":true,"helpText":"Link text (and alternate text for images, when used as links) that is discernible, unique, and focusable improves the navigation experience for screen reader users. [Learn more](https://dequeuniversity.com/rules/axe/2.2/link-name?application=lighthouse).","rawValue":true,"extendedInfo":{},"name":"link-name","description":"Links have a discernible name","scoringMode":"binary","details":{"header":{"text":"View failing elements","type":"text"},"type":"list","items":[]}},"score":100,"weight":9,"id":"link-name","group":"a11y-element-names"},{"result":{"displayValue":"","score":false,"helpText":"Screen readers have a specific way of announcing lists. Ensuring proper list structure aids screen reader output. [Learn more](https://dequeuniversity.com/rules/axe/2.2/list?application=lighthouse).","rawValue":false,"name":"list","description":"Lists do not contain only `<li>` elements and script supporting elements (`<script>` and `<template>`).","scoringMode":"binary","informative":true,"notApplicable":true},"score":100,"weight":0,"id":"list","group":"a11y-well-structured"},{"result":{"displayValue":"","score":false,"helpText":"Screen readers require list items (`<li>`) to be contained within a parent `<ul>` or `<ol>` to be announced properly. [Learn more](https://dequeuniversity.com/rules/axe/2.2/listitem?application=lighthouse).","rawValue":false,"name":"listitem","description":"List items (`<li>`) are not contained within `<ul>` or `<ol>` parent elements.","scoringMode":"binary","informative":true,"notApplicable":true},"score":100,"weight":0,"id":"listitem","group":"a11y-well-structured"},{"result":{"displayValue":"","score":false,"helpText":"Users do not expect a page to refresh automatically, and doing so will move focus back to the top of the page. This may create a frustrating or confusing experience. [Learn more](https://dequeuniversity.com/rules/axe/2.2/meta-refresh?application=lighthouse).","rawValue":false,"name":"meta-refresh","description":"The document uses `<meta http-equiv=\"refresh\">`","scoringMode":"binary","informative":true,"notApplicable":true},"score":100,"weight":0,"id":"meta-refresh","group":"a11y-meta"},{"result":{"displayValue":"","score":false,"helpText":"Disabling zooming is problematic for users with low vision who rely on screen magnification to properly see the contents of a web page. [Learn more](https://dequeuniversity.com/rules/axe/2.2/meta-viewport?application=lighthouse).","rawValue":false,"extendedInfo":{"value":{"help":"Zooming and scaling must not be disabled","nodes":[{"failureSummary":"Fix any of the following:\n  <meta> tag disables zooming on mobile devices","snippet":"<meta name=\"viewport\" content=\"width=device-width,initial-scale=1,maximum-scale=1,minimum-scale=1,user-scalable=no\">","path":"1,HTML,1,HEAD,1,META","impact":"critical","html":"<meta name=\"viewport\" content=\"width=device-width,initial-scale=1,maximum-scale=1,minimum-scale=1,user-scalable=no\">","target":["meta[name=\"viewport\"]"]}],"impact":"critical","description":"Ensures <meta name=\"viewport\"> does not disable text scaling and zooming","helpUrl":"https://dequeuniversity.com/rules/axe/3.0/meta-viewport?application=axeAPI","id":"meta-viewport","tags":["cat.sensory-and-visual-cues","wcag2aa","wcag144"]}},"name":"meta-viewport","description":"`[user-scalable=\"no\"]` is used in the `<meta name=\"viewport\">` element or the `[maximum-scale]` attribute is less than 5.","scoringMode":"binary","details":{"header":{"text":"View failing elements","type":"text"},"type":"list","items":[{"snippet":"<meta name=\"viewport\" content=\"width=device-width,initial-scale=1,maximum-scale=1,minimum-scale=1,user-scalable=no\">","path":"1,HTML,1,HEAD,1,META","selector":"meta[name=\"viewport\"]","type":"node"}]}},"score":0,"weight":3,"id":"meta-viewport","group":"a11y-meta"},{"result":{"displayValue":"","score":false,"helpText":"Screen readers cannot translate non-text content. Adding alt text to `<object>` elements helps screen readers convey meaning to users. [Learn more](https://dequeuniversity.com/rules/axe/2.2/object-alt?application=lighthouse).","rawValue":false,"name":"object-alt","description":"`<object>` elements do not have `[alt]` text","scoringMode":"binary","informative":true,"notApplicable":true},"score":100,"weight":0,"id":"object-alt","group":"a11y-describe-contents"},{"result":{"displayValue":"","score":true,"helpText":"A value greater than 0 implies an explicit navigation ordering. Although technically valid, this often creates frustrating experiences for users who rely on assistive technologies. [Learn more](https://dequeuniversity.com/rules/axe/2.2/tabindex?application=lighthouse).","rawValue":true,"extendedInfo":{},"name":"tabindex","description":"No element has a `[tabindex]` value greater than 0","scoringMode":"binary","details":{"header":{"text":"View failing elements","type":"text"},"type":"list","items":[]}},"score":100,"weight":4,"id":"tabindex","group":"a11y-correct-attributes"},{"result":{"displayValue":"","score":false,"helpText":"Screen readers have features to make navigating tables easier. Ensuring `<td>` cells using the `[headers]` attribute only refer to other cells in the same table may improve the experience for screen reader users. [Learn more](https://dequeuniversity.com/rules/axe/2.2/td-headers-attr?application=lighthouse).","rawValue":false,"name":"td-headers-attr","description":"Cells in a `<table>` element that use the `[headers]` attribute refers to other cells of that same table.","scoringMode":"binary","informative":true,"notApplicable":true},"score":100,"weight":0,"id":"td-headers-attr","group":"a11y-correct-attributes"},{"result":{"displayValue":"","score":false,"helpText":"Screen readers have features to make navigating tables easier. Ensuring table headers always refer to some set of cells may improve the experience for screen reader users. [Learn more](https://dequeuniversity.com/rules/axe/2.2/th-has-data-cells?application=lighthouse).","rawValue":false,"name":"th-has-data-cells","description":"`<th>` elements and elements with `[role=\"columnheader\"/\"rowheader\"]` do not have data cells they describe.","scoringMode":"binary","informative":true,"notApplicable":true},"score":100,"weight":0,"id":"th-has-data-cells","group":"a11y-correct-attributes"},{"result":{"displayValue":"","score":false,"helpText":"Specifying a valid [BCP 47 language](https://www.w3.org/International/questions/qa-choosing-language-tags#question) on elements helps ensure that text is pronounced correctly by a screen reader. [Learn more](https://dequeuniversity.com/rules/axe/2.2/valid-lang?application=lighthouse).","rawValue":false,"name":"valid-lang","description":"`[lang]` attributes do not have a valid value","scoringMode":"binary","informative":true,"notApplicable":true},"score":100,"weight":0,"id":"valid-lang","group":"a11y-language"},{"result":{"displayValue":"","score":false,"helpText":"When a video provides a caption it is easier for deaf and hearing impaired users to access its information. [Learn more](https://dequeuniversity.com/rules/axe/2.2/video-caption?application=lighthouse).","rawValue":false,"name":"video-caption","description":"`<video>` elements do not contain a `<track>` element with `[kind=\"captions\"]`.","scoringMode":"binary","informative":true,"notApplicable":true},"score":100,"weight":0,"id":"video-caption","group":"a11y-describe-contents"},{"result":{"displayValue":"","score":false,"helpText":"Audio descriptions provide relevant information for videos that dialogue cannot, such as facial expressions and scenes. [Learn more](https://dequeuniversity.com/rules/axe/2.2/video-description?application=lighthouse).","rawValue":false,"name":"video-description","description":"`<video>` elements do not contain a `<track>` element with `[kind=\"description\"]`.","scoringMode":"binary","informative":true,"notApplicable":true},"score":100,"weight":0,"id":"video-description","group":"a11y-describe-contents"},{"result":{"displayValue":"","score":false,"helpText":"Tabbing through the page follows the visual layout. Users cannot focus elements that are offscreen. [Learn more](https://developers.google.com/web/fundamentals/accessibility/how-to-review#start_with_the_keyboard).","rawValue":false,"name":"logical-tab-order","description":"The page has a logical tab order","scoringMode":"binary","informative":true,"manual":true},"score":0,"weight":0,"id":"logical-tab-order","group":"manual-a11y-checks"},{"result":{"displayValue":"","score":false,"helpText":"Custom interactive controls are keyboard focusable and display a focus indicator. [Learn more](https://developers.google.com/web/fundamentals/accessibility/how-to-review#start_with_the_keyboard).","rawValue":false,"name":"focusable-controls","description":"Interactive controls are keyboard focusable","scoringMode":"binary","informative":true,"manual":true},"score":0,"weight":0,"id":"focusable-controls","group":"manual-a11y-checks"},{"result":{"displayValue":"","score":false,"helpText":"If new content, such as a dialog, is added to the page, the user's focus is directed to it. [Learn more](https://developers.google.com/web/fundamentals/accessibility/how-to-review#start_with_the_keyboard).","rawValue":false,"name":"managed-focus","description":"The user's focus is directed to new content added to the page","scoringMode":"binary","informative":true,"manual":true},"score":0,"weight":0,"id":"managed-focus","group":"manual-a11y-checks"},{"result":{"displayValue":"","score":false,"helpText":"A user can tab into and out of any control or region without accidentally trapping their focus. [Learn more](https://developers.google.com/web/fundamentals/accessibility/how-to-review#start_with_the_keyboard).","rawValue":false,"name":"focus-traps","description":"User focus is not accidentally trapped in a region","scoringMode":"binary","informative":true,"manual":true},"score":0,"weight":0,"id":"focus-traps","group":"manual-a11y-checks"},{"result":{"displayValue":"","score":false,"helpText":"Custom interactive controls have associated labels, provided by aria-label or aria-labelledby. [Learn more](https://developers.google.com/web/fundamentals/accessibility/how-to-review#try_it_with_a_screen_reader).","rawValue":false,"name":"custom-controls-labels","description":"Custom controls have associated labels","scoringMode":"binary","informative":true,"manual":true},"score":0,"weight":0,"id":"custom-controls-labels","group":"manual-a11y-checks"},{"result":{"displayValue":"","score":false,"helpText":"Custom interactive controls have appropriate ARIA roles. [Learn more](https://developers.google.com/web/fundamentals/accessibility/how-to-review#try_it_with_a_screen_reader).","rawValue":false,"name":"custom-controls-roles","description":"Custom controls have ARIA roles","scoringMode":"binary","informative":true,"manual":true},"score":0,"weight":0,"id":"custom-controls-roles","group":"manual-a11y-checks"},{"result":{"displayValue":"","score":false,"helpText":"DOM order matches the visual order, improving navigation for assistive technology. [Learn more](https://developers.google.com/web/fundamentals/accessibility/how-to-review#try_it_with_a_screen_reader).","rawValue":false,"name":"visual-order-follows-dom","description":"Visual order on the page follows DOM order","scoringMode":"binary","informative":true,"manual":true},"score":0,"weight":0,"id":"visual-order-follows-dom","group":"manual-a11y-checks"},{"result":{"displayValue":"","score":false,"helpText":"Offscreen content is hidden with display: none or aria-hidden=true. [Learn more](https://developers.google.com/web/fundamentals/accessibility/how-to-review#try_it_with_a_screen_reader).","rawValue":false,"name":"offscreen-content-hidden","description":"Offscreen content is hidden from assistive technology","scoringMode":"binary","informative":true,"manual":true},"score":0,"weight":0,"id":"offscreen-content-hidden","group":"manual-a11y-checks"},{"result":{"displayValue":"","score":false,"helpText":"Headings are used to create an outline for the page and heading levels are not skipped. [Learn more](https://developers.google.com/web/fundamentals/accessibility/how-to-review#take_advantage_of_headings_and_landmarks).","rawValue":false,"name":"heading-levels","description":"Headings don't skip levels","scoringMode":"binary","informative":true,"manual":true},"score":0,"weight":0,"id":"heading-levels","group":"manual-a11y-checks"},{"result":{"displayValue":"","score":false,"helpText":"Landmark elements (<main>, <nav>, etc.) are used to improve the keyboard navigation of the page for assistive technology. [Learn more](https://developers.google.com/web/fundamentals/accessibility/how-to-review#take_advantage_of_headings_and_landmarks).","rawValue":false,"name":"use-landmarks","description":"HTML5 landmark elements are used to improve navigation","scoringMode":"binary","informative":true,"manual":true},"score":0,"weight":0,"id":"use-landmarks","group":"manual-a11y-checks"}]},{"score":86.66666666666667,"name":"Best Practices","description":"We've compiled some recommendations for modernizing your web app and avoiding performance pitfalls.","id":"best-practices","audits":[{"result":{"displayValue":"","score":true,"debugString":"","helpText":"Application Cache is deprecated. [Learn more](https://developers.google.com/web/tools/lighthouse/audits/appcache).","rawValue":true,"name":"appcache-manifest","description":"Avoids Application Cache","scoringMode":"binary"},"score":100,"weight":1,"id":"appcache-manifest"},{"result":{"displayValue":"","score":true,"debugString":"","helpText":"Web SQL is deprecated. Consider using IndexedDB instead. [Learn more](https://developers.google.com/web/tools/lighthouse/audits/web-sql).","rawValue":true,"name":"no-websql","description":"Avoids WebSQL DB","scoringMode":"binary"},"score":100,"weight":1,"id":"no-websql"},{"result":{"displayValue":"5 requests were not handled over HTTP/2","score":false,"helpText":"HTTP/2 offers many benefits over HTTP/1.1, including binary headers, multiplexing, and server push. [Learn more](https://developers.google.com/web/tools/lighthouse/audits/http2).","rawValue":false,"extendedInfo":{"value":{"results":[{"protocol":"http/1.1","url":"http://web/"},{"protocol":"http/1.1","url":"http://web/static/js/manifest.9f020e973ae4037504f6.js"},{"protocol":"http/1.1","url":"http://web/static/js/vendor.d1efda22f11e965a5228.js"},{"protocol":"http/1.1","url":"http://web/static/js/app.310cd52123c59f9f64a5.js"},{"protocol":"http/1.1","url":"http://web/static/css/app.a1bcfeb0daa2a3f727390086fd42ee9d.css"}]}},"name":"uses-http2","description":"Does not use HTTP/2 for all of its resources","scoringMode":"binary","details":{"itemHeaders":[{"itemType":"url","text":"URL","type":"text"},{"itemType":"text","text":"Protocol","type":"text"}],"header":"View Details","type":"table","items":[[{"text":"http://web/","type":"url"},{"text":"http/1.1","type":"text"}],[{"text":"http://web/static/js/manifest.9f020e973ae4037504f6.js","type":"url"},{"text":"http/1.1","type":"text"}],[{"text":"http://web/static/js/vendor.d1efda22f11e965a5228.js","type":"url"},{"text":"http/1.1","type":"text"}],[{"text":"http://web/static/js/app.310cd52123c59f9f64a5.js","type":"url"},{"text":"http/1.1","type":"text"}],[{"text":"http://web/static/css/app.a1bcfeb0daa2a3f727390086fd42ee9d.css","type":"url"},{"text":"http/1.1","type":"text"}]]}},"score":0,"weight":1,"id":"uses-http2"},{"result":{"displayValue":"","score":true,"helpText":"Consider marking your touch and wheel event listeners as `passive` to improve your page's scroll performance. [Learn more](https://developers.google.com/web/tools/lighthouse/audits/passive-event-listeners).","rawValue":true,"extendedInfo":{"value":[]},"name":"uses-passive-event-listeners","description":"Uses passive listeners to improve scrolling performance","scoringMode":"binary","details":{"itemHeaders":[{"itemType":"url","text":"URL","type":"text"},{"itemType":"text","text":"Location","type":"text"}],"header":"View Details","type":"table","items":[]}},"score":100,"weight":1,"id":"uses-passive-event-listeners"},{"result":{"displayValue":"","score":true,"helpText":"Mutation Events are deprecated and harm performance. Consider using Mutation Observers instead. [Learn more](https://developers.google.com/web/tools/lighthouse/audits/mutation-events).","rawValue":true,"extendedInfo":{"value":{"results":[]}},"name":"no-mutation-events","description":"Avoids Mutation Events in its own scripts","scoringMode":"binary","details":{"itemHeaders":[{"itemType":"url","text":"URL","type":"text"},{"itemType":"code","text":"Event","type":"text"},{"itemType":"text","text":"Line","type":"text"},{"itemType":"text","text":"Col","type":"text"},{"itemType":"code","text":"Snippet","type":"text"}],"header":"View Details","type":"table","items":[]}},"score":100,"weight":1,"id":"no-mutation-events"},{"result":{"displayValue":"","score":true,"helpText":"For users on slow connections, external scripts dynamically injected via `document.write()` can delay page load by tens of seconds. [Learn more](https://developers.google.com/web/tools/lighthouse/audits/document-write).","rawValue":true,"extendedInfo":{"value":[]},"name":"no-document-write","description":"Avoids `document.write()`","scoringMode":"binary","details":{"itemHeaders":[{"itemType":"url","text":"URL","type":"text"},{"itemType":"text","text":"Location","type":"text"}],"header":"View Details","type":"table","items":[]}},"score":100,"weight":1,"id":"no-document-write"},{"result":{"displayValue":"","score":true,"helpText":"Open new tabs using `rel=\"noopener\"` to improve performance and prevent security vulnerabilities. [Learn more](https://developers.google.com/web/tools/lighthouse/audits/noopener).","rawValue":true,"extendedInfo":{"value":[]},"name":"external-anchors-use-rel-noopener","description":"Opens external anchors using `rel=\"noopener\"`","scoringMode":"binary","details":{"itemHeaders":[{"itemType":"url","text":"URL","type":"text"},{"itemType":"text","text":"Target","type":"text"},{"itemType":"text","text":"Rel","type":"text"}],"header":"View Details","type":"table","items":[]}},"score":100,"weight":1,"id":"external-anchors-use-rel-noopener"},{"result":{"displayValue":"","score":true,"helpText":"Users are mistrustful of or confused by sites that request their location without context. Consider tying the request to user gestures instead. [Learn more](https://developers.google.com/web/tools/lighthouse/audits/geolocation-on-load).","rawValue":true,"extendedInfo":{"value":[]},"name":"geolocation-on-start","description":"Avoids requesting the geolocation permission on page load","scoringMode":"binary","details":{"itemHeaders":[{"itemType":"url","text":"URL","type":"text"},{"itemType":"text","text":"Location","type":"text"}],"header":"View Details","type":"table","items":[]}},"score":100,"weight":1,"id":"geolocation-on-start"},{"result":{"displayValue":"","score":true,"helpText":"Some third-party scripts may contain known security vulnerabilities  that are easily identified and exploited by attackers.","rawValue":true,"name":"no-vulnerable-libraries","description":"Avoids front-end JavaScript libraries with known security vulnerabilities","scoringMode":"binary"},"score":100,"weight":1,"id":"no-vulnerable-libraries"},{"result":{"displayValue":"","score":true,"helpText":"Users are mistrustful of or confused by sites that request to send notifications without context. Consider tying the request to user gestures instead. [Learn more](https://developers.google.com/web/tools/lighthouse/audits/notifications-on-load).","rawValue":true,"extendedInfo":{"value":[]},"name":"notification-on-start","description":"Avoids requesting the notification permission on page load","scoringMode":"binary","details":{"itemHeaders":[{"itemType":"url","text":"URL","type":"text"},{"itemType":"text","text":"Location","type":"text"}],"header":"View Details","type":"table","items":[]}},"score":100,"weight":1,"id":"notification-on-start"},{"result":{"displayValue":"","score":true,"helpText":"Deprecated APIs will eventually be removed from the browser. [Learn more](https://www.chromestatus.com/features#deprecated).","rawValue":true,"extendedInfo":{"value":[]},"name":"deprecations","description":"Avoids deprecated APIs","scoringMode":"binary","details":{"itemHeaders":[{"itemType":"code","text":"Deprecation / Warning","type":"text"},{"itemType":"url","text":"URL","type":"text"},{"itemType":"text","text":"Line","type":"text"}],"header":"View Details","type":"table","items":[]}},"score":100,"weight":1,"id":"deprecations"},{"result":{"displayValue":"","score":false,"helpText":"Make your app's `short_name` fewer than 12 characters to ensure that it's not truncated on homescreens. [Learn more](https://developers.google.com/web/tools/lighthouse/audits/manifest-short_name-is-not-truncated).","rawValue":false,"name":"manifest-short-name-length","description":"Manifest's `short_name` will be truncated when displayed on homescreen","scoringMode":"binary"},"score":0,"weight":1,"id":"manifest-short-name-length"},{"result":{"displayValue":"","score":true,"helpText":"Preventing password pasting undermines good security policy. [Learn more](https://www.ncsc.gov.uk/blog-post/let-them-paste-passwords)","rawValue":true,"extendedInfo":{"value":[]},"name":"password-inputs-can-be-pasted-into","description":"Allows users to paste into password fields","scoringMode":"binary","details":{"header":{"text":"Password inputs that prevent pasting into","type":"text"},"type":"list","items":[]}},"score":100,"weight":1,"id":"password-inputs-can-be-pasted-into"},{"result":{"displayValue":"","score":true,"helpText":"Errors logged to the console indicate unresolved problems. They can come from network request failures and other browser concerns.","rawValue":0,"name":"errors-in-console","description":"No browser errors logged to the console","scoringMode":"binary","details":{"itemHeaders":[{"itemType":"url","text":"URL","type":"text"},{"itemType":"code","text":"Description","type":"text"}],"header":"View Details","type":"table","items":[]}},"score":100,"weight":1,"id":"errors-in-console"},{"result":{"displayValue":"","score":true,"helpText":"Image display dimensions should match natural aspect ratio.","rawValue":true,"name":"image-aspect-ratio","description":"Displays images with correct aspect ratio","scoringMode":"binary","details":{"itemHeaders":[{"itemType":"thumbnail","text":"","type":"text"},{"itemType":"url","text":"URL","type":"text"},{"itemType":"text","text":"Aspect Ratio (Displayed)","type":"text"},{"itemType":"text","text":"Aspect Ratio (Actual)","type":"text"}],"header":"View Details","type":"table","items":[]}},"score":100,"weight":1,"id":"image-aspect-ratio"}]},{"score":50,"name":"SEO","description":"These checks ensure that your page is optimized for search engine results ranking. There are additional factors Lighthouse does not check that may affect your search ranking. [Learn more](https://support.google.com/webmasters/answer/35769).","id":"seo","audits":[{"result":{"displayValue":"","score":true,"debugString":"","helpText":"Add a viewport meta tag to optimize your app for mobile screens. [Learn more](https://developers.google.com/web/tools/lighthouse/audits/has-viewport-meta-tag).","rawValue":true,"name":"viewport","description":"Has a `<meta name=\"viewport\">` tag with `width` or `initial-scale`","scoringMode":"binary"},"score":100,"weight":1,"id":"viewport","group":"seo-mobile"},{"result":{"displayValue":"","score":true,"helpText":"The title gives screen reader users an overview of the page, and search engine users rely on it heavily to determine if a page is relevant to their search. [Learn more](https://developers.google.com/web/tools/lighthouse/audits/title).","rawValue":true,"extendedInfo":{},"name":"document-title","description":"Document has a `<title>` element","scoringMode":"binary","details":{"header":{"text":"View failing elements","type":"text"},"type":"list","items":[]}},"score":100,"weight":1,"id":"document-title","group":"seo-content"},{"result":{"displayValue":"","score":false,"helpText":"Meta descriptions may be included in search results to concisely summarize page content. [Learn more](https://developers.google.com/web/tools/lighthouse/audits/description).","rawValue":false,"name":"meta-description","description":"Document does not have a meta description","scoringMode":"binary"},"score":0,"weight":1,"id":"meta-description","group":"seo-content"},{"result":{"displayValue":"","score":null,"debugString":"Audit error: Unable to identify the main resource","helpText":"Pages with unsuccessful HTTP status codes may not be indexed properly. [Learn more](https://developers.google.com/web/tools/lighthouse/audits/successful-http-code).","rawValue":null,"name":"http-status-code","description":"Page has unsuccessful HTTP status code","scoringMode":"binary","error":true},"score":0,"weight":1,"id":"http-status-code","group":"seo-crawl"},{"result":{"displayValue":"","score":true,"helpText":"Descriptive link text helps search engines understand your content. [Learn more](https://developers.google.com/web/tools/lighthouse/audits/descriptive-link-text).","rawValue":true,"name":"link-text","description":"Links have descriptive text","scoringMode":"binary","details":{"itemHeaders":[{"itemType":"url","text":"Link destination","type":"text"},{"itemType":"text","text":"Link Text","type":"text"}],"header":"View Details","type":"table","items":[]}},"score":100,"weight":1,"id":"link-text","group":"seo-content"},{"result":{"displayValue":"","score":null,"debugString":"Audit error: Unable to identify the main resource","helpText":"Search engines are unable to include your pages in search results if they don't have permission to crawl them. [Learn more](https://developers.google.com/web/tools/lighthouse/audits/indexing).","rawValue":null,"name":"is-crawlable","description":"Page is blocked from indexing","scoringMode":"binary","error":true},"score":0,"weight":1,"id":"is-crawlable","group":"seo-crawl"},{"result":{"displayValue":"","score":null,"debugString":"Audit error: Unable to identify the main resource","helpText":"hreflang allows crawlers to discover alternate translations of the page content. [Learn more](https://support.google.com/webmasters/answer/189077).","rawValue":null,"name":"hreflang","description":"Document doesn't have a valid `hreflang`","scoringMode":"binary","error":true},"score":0,"weight":1,"id":"hreflang","group":"seo-content"},{"result":{"displayValue":"","score":null,"debugString":"Audit error: Unable to identify the main resource","helpText":"Canonical links suggest which URL to show in search results. [Learn more](https://developers.google.com/web/tools/lighthouse/audits/canonical).","rawValue":null,"name":"canonical","description":"Document does not have a valid `rel=canonical`","scoringMode":"binary","error":true},"score":0,"weight":1,"id":"canonical","group":"seo-content"},{"result":{"displayValue":"","score":true,"debugString":null,"helpText":"Font sizes less than 12px are too small to be legible and require mobile visitors to \u201cpinch to zoom\u201d in order to read. Strive to have >60% of page text ≥12px. [Learn more](https://developers.google.com/web/tools/lighthouse/audits/font-sizes).","rawValue":true,"name":"font-size","description":"Document uses legible font sizes","scoringMode":"binary","details":{"itemHeaders":[{"itemType":"url","text":"Source","type":"text"},{"itemType":"code","text":"Selector","type":"text"},{"itemType":"text","text":"% of Page Text","type":"text"},{"itemType":"text","text":"Font Size","type":"text"}],"header":"View Details","type":"table","items":[[{"text":"Legible text","type":"url"},{"text":null,"type":"code"},{"text":"100.00%","type":"text"},{"text":"≥ 12px","type":"text"}]]}},"score":100,"weight":1,"id":"font-size","group":"seo-mobile"},{"result":{"displayValue":"","score":true,"helpText":"Most mobile devices do not support plugins, and many desktop browsers restrict them.","rawValue":true,"name":"plugins","description":"Document avoids plugins","scoringMode":"binary","details":{"itemHeaders":[{"itemType":"code","text":"Element source","type":"text"}],"header":"View Details","type":"table","items":[]}},"score":100,"weight":1,"id":"plugins","group":"seo-content"},{"result":{"displayValue":"","score":false,"helpText":"Take the [Mobile-Friendly Test](https://search.google.com/test/mobile-friendly) to check for audits not covered by Lighthouse, like sizing tap targets appropriately. [Learn more](https://developers.google.com/search/mobile-sites/).","rawValue":false,"name":"mobile-friendly","description":"Page is mobile friendly","scoringMode":"binary","informative":true,"manual":true},"score":0,"weight":0,"id":"mobile-friendly","group":"manual-seo-checks"},{"result":{"displayValue":"","score":false,"helpText":"Run the [Structured Data Testing Tool](https://search.google.com/structured-data/testing-tool/) and the [Structured Data Linter](http://linter.structured-data.org/) to validate structured data. [Learn more](https://developers.google.com/search/docs/guides/mark-up-content).","rawValue":false,"name":"structured-data","description":"Structured data is valid","scoringMode":"binary","informative":true,"manual":true},"score":0,"weight":0,"id":"structured-data","group":"manual-seo-checks"}]}],"timing":{"total":19151},"reportGroups":{"a11y-color-contrast":{"description":"These are opportunities to improve the legibility of your content.","title":"Color Contrast Is Satisfactory"},"perf-metric":{"description":"These metrics encapsulate your web app's performance across a number of dimensions.","title":"Metrics"},"a11y-aria":{"description":"These are opportunities to improve the usage of ARIA in your application which may enhance the experience for users of assistive technology, like a screen reader.","title":"ARIA Attributes Follow Best Practices"},"a11y-element-names":{"description":"These are opportunities to improve the semantics of the controls in your application. This may enhance the experience for users of assistive technology, like a screen reader.","title":"Elements Have Discernible Names"},"a11y-well-structured":{"description":"These are opportunities to make sure your HTML is appropriately structured.","title":"Elements Are Well Structured"},"seo-content":{"description":"Format your HTML in a way that enables crawlers to better understand your app\u2019s content.","title":"Content Best Practices"},"a11y-correct-attributes":{"description":"These are opportunities to improve the configuration of your HTML elements.","title":"Elements Use Attributes Correctly"},"perf-hint":{"description":"These are opportunities to speed up your application by optimizing the following resources.","title":"Opportunities"},"seo-crawl":{"description":"To appear in search results, crawlers need access to your app.","title":"Crawling and Indexing"},"a11y-describe-contents":{"description":"These are opportunities to make your content easier to understand for a user of assistive technology, like a screen reader.","title":"Elements Describe Contents Well"},"a11y-language":{"description":"These are opportunities to improve the interpretation of your content by users in different locales.","title":"Page Specifies Valid Language"},"manual-a11y-checks":{"description":"These items address areas which an automated testing tool cannot cover. Learn more in our guide on [conducting an accessibility review](https://developers.google.com/web/fundamentals/accessibility/how-to-review).","title":"Additional items to manually check"},"seo-mobile":{"description":"Make sure your pages are mobile friendly so users don\u2019t have to pinch or zoom in order to read the content pages. [Learn more](https://developers.google.com/search/mobile-sites/).","title":"Mobile Friendly"},"perf-info":{"description":"More information about the performance of your application.","title":"Diagnostics"},"manual-pwa-checks":{"description":"These checks are required by the baseline [PWA Checklist](https://developers.google.com/web/progressive-web-apps/checklist) but are not automatically checked by Lighthouse. They do not affect your score but it's important that you verify them manually.","title":"Additional items to manually check"},"a11y-meta":{"description":"These are opportunities to improve the user experience of your site.","title":"Meta Tags Used Properly"},"manual-seo-checks":{"description":"Run these additional validators on your site to check additional SEO best practices.","title":"Additional items to manually check"}},"runWarnings":[],"userAgent":"Mozilla/5.0 (X11; Linux x86_64) AppleWebKit/537.36 (KHTML, like Gecko) HeadlessChrome/69.0.3458.0 Safari/537.36","runtimeConfig":{"blockedUrlPatterns":[],"environment":[{"name":"Device Emulation","description":"Nexus 5X","enabled":true},{"name":"Network Throttling","description":"562.5ms RTT, 1.4Mbps down, 0.7Mbps up","enabled":true},{"name":"CPU Throttling","description":"4x slowdown","enabled":true}],"extraHeaders":{}},"lighthouseVersion":"2.9.4","audits":{"plugins":{"displayValue":"","score":true,"helpText":"Most mobile devices do not support plugins, and many desktop browsers restrict them.","rawValue":true,"name":"plugins","description":"Document avoids plugins","scoringMode":"binary","details":{"itemHeaders":[{"itemType":"code","text":"Element source","type":"text"}],"header":"View Details","type":"table","items":[]}},"aria-required-parent":{"displayValue":"","score":false,"helpText":"Some ARIA child roles must be contained by specific parent roles to properly perform their intended accessibility functions. [Learn more](https://dequeuniversity.com/rules/axe/2.2/aria-required-parent?application=lighthouse).","rawValue":false,"name":"aria-required-parent","description":"`[role]`s are not contained by their required parent element","scoringMode":"binary","informative":true,"notApplicable":true},"custom-controls-labels":{"displayValue":"","score":false,"helpText":"Custom interactive controls have associated labels, provided by aria-label or aria-labelledby. [Learn more](https://developers.google.com/web/fundamentals/accessibility/how-to-review#try_it_with_a_screen_reader).","rawValue":false,"name":"custom-controls-labels","description":"Custom controls have associated labels","scoringMode":"binary","informative":true,"manual":true},"link-name":{"displayValue":"","score":true,"helpText":"Link text (and alternate text for images, when used as links) that is discernible, unique, and focusable improves the navigation experience for screen reader users. [Learn more](https://dequeuniversity.com/rules/axe/2.2/link-name?application=lighthouse).","rawValue":true,"extendedInfo":{},"name":"link-name","description":"Links have a discernible name","scoringMode":"binary","details":{"header":{"text":"View failing elements","type":"text"},"type":"list","items":[]}},"offscreen-images":{"displayValue":"","score":100,"helpText":"Consider lazy-loading offscreen and hidden images to improve page load speed and time to interactive. [Learn more](https://developers.google.com/web/tools/lighthouse/audits/offscreen-images).","rawValue":0,"extendedInfo":{"value":{"wastedKb":0,"wastedMs":0,"results":[]}},"name":"offscreen-images","description":"Offscreen images","scoringMode":"binary","informative":true,"details":{"itemHeaders":[{"itemType":"thumbnail","text":"","type":"text"},{"itemType":"url","text":"URL","type":"text"},{"itemType":"text","text":"Original","type":"text"},{"itemType":"text","text":"Potential Savings","type":"text"}],"header":"View Details","type":"table","items":[]}},"first-interactive":{"displayValue":"6,460 ms","score":71,"helpText":"First Interactive marks the time at which the page is minimally interactive. [Learn more](https://developers.google.com/web/tools/lighthouse/audits/first-interactive).","rawValue":6460.149,"extendedInfo":{"value":{"timeInMs":6460.149,"timestamp":8650059653847}},"name":"first-interactive","description":"First Interactive (beta)","scoringMode":"numeric"},"button-name":{"displayValue":"","score":false,"helpText":"When a button doesn't have an accessible name, screen readers announce it as \"button\", making it unusable for users who rely on screen readers. [Learn more](https://dequeuniversity.com/rules/axe/2.2/button-name?application=lighthouse).","rawValue":false,"extendedInfo":{"value":{"help":"Buttons must have discernible text","nodes":[{"failureSummary":"Fix all of the following:\n  Element is in tab order and does not have accessible text\n\nFix any of the following:\n  Element has a value attribute and the value attribute is empty\n  Element has no value attribute or the value attribute is empty\n  Element does not have inner text that is visible to screen readers\n  aria-label attribute does not exist or is empty\n  aria-labelledby attribute does not exist, references elements that do not exist or references elements that are empty or not visible\n  Element's default semantics were not overridden with role=\"presentation\"\n  Element's default semantics were not overridden with role=\"none\"","snippet":"<button type=\"button\" class=\"toolbar__side-icon btn btn--icon\">","path":"1,HTML,2,BODY,0,MAIN,0,DIV,1,DIV,2,NAV,0,DIV,0,BUTTON","impact":"critical","html":"<button type=\"button\" class=\"toolbar__side-icon btn btn--icon\"><div class=\"btn__content\"><i aria-hidden=\"true\" class=\"icon material-icons\">menu<\/i><\/div><\/button>","target":[".toolbar__side-icon"]},{"failureSummary":"Fix all of the following:\n  Element is in tab order and does not have accessible text\n\nFix any of the following:\n  Element has a value attribute and the value attribute is empty\n  Element has no value attribute or the value attribute is empty\n  Element does not have inner text that is visible to screen readers\n  aria-label attribute does not exist or is empty\n  aria-labelledby attribute does not exist, references elements that do not exist or references elements that are empty or not visible\n  Element's default semantics were not overridden with role=\"presentation\"\n  Element's default semantics were not overridden with role=\"none\"","snippet":"<button type=\"button\" class=\"btn btn--icon\">","path":"1,HTML,2,BODY,0,MAIN,0,DIV,1,DIV,2,NAV,0,DIV,4,SPAN,0,SPAN,0,BUTTON","impact":"critical","html":"<button type=\"button\" class=\"btn btn--icon\"><div class=\"btn__content\"><i aria-hidden=\"true\" class=\"icon fa fa-sign-out\"><\/i><\/div><\/button>","target":["span > .btn--icon"]}],"impact":"critical","description":"Ensures buttons have discernible text","helpUrl":"https://dequeuniversity.com/rules/axe/3.0/button-name?application=axeAPI","id":"button-name","tags":["cat.name-role-value","wcag2a","wcag412","section508","section508.22.a"]}},"name":"button-name","description":"Buttons do not have an accessible name","scoringMode":"binary","details":{"header":{"text":"View failing elements","type":"text"},"type":"list","items":[{"snippet":"<button type=\"button\" class=\"toolbar__side-icon btn btn--icon\">","path":"1,HTML,2,BODY,0,MAIN,0,DIV,1,DIV,2,NAV,0,DIV,0,BUTTON","selector":".toolbar__side-icon","type":"node"},{"snippet":"<button type=\"button\" class=\"btn btn--icon\">","path":"1,HTML,2,BODY,0,MAIN,0,DIV,1,DIV,2,NAV,0,DIV,4,SPAN,0,SPAN,0,BUTTON","selector":"span > .btn--icon","type":"node"}]}},"unminified-css":{"displayValue":"","score":100,"helpText":"Minifying CSS files can reduce network payload sizes. [Learn more](https://developers.google.com/speed/docs/insights/MinifyResources).","rawValue":0,"extendedInfo":{"value":{"wastedKb":0,"wastedMs":0,"results":[]}},"name":"unminified-css","description":"Minify CSS","scoringMode":"binary","informative":true,"details":{"itemHeaders":[{"itemType":"url","text":"URL","type":"text"},{"itemType":"text","text":"Original","type":"text"},{"itemType":"text","text":"Potential Savings","type":"text"}],"header":"View Details","type":"table","items":[]}},"input-image-alt":{"displayValue":"","score":false,"helpText":"When an image is being used as an `<input>` button, providing alternative text can help screen reader users understand the purpose of the button. [Learn more](https://dequeuniversity.com/rules/axe/2.2/input-image-alt?application=lighthouse).","rawValue":false,"name":"input-image-alt","description":"`<input type=\"image\">` elements do not have `[alt]` text","scoringMode":"binary","informative":true,"notApplicable":true},"uses-http2":{"displayValue":"5 requests were not handled over HTTP/2","score":false,"helpText":"HTTP/2 offers many benefits over HTTP/1.1, including binary headers, multiplexing, and server push. [Learn more](https://developers.google.com/web/tools/lighthouse/audits/http2).","rawValue":false,"extendedInfo":{"value":{"results":[{"protocol":"http/1.1","url":"http://web/"},{"protocol":"http/1.1","url":"http://web/static/js/manifest.9f020e973ae4037504f6.js"},{"protocol":"http/1.1","url":"http://web/static/js/vendor.d1efda22f11e965a5228.js"},{"protocol":"http/1.1","url":"http://web/static/js/app.310cd52123c59f9f64a5.js"},{"protocol":"http/1.1","url":"http://web/static/css/app.a1bcfeb0daa2a3f727390086fd42ee9d.css"}]}},"name":"uses-http2","description":"Does not use HTTP/2 for all of its resources","scoringMode":"binary","details":{"itemHeaders":[{"itemType":"url","text":"URL","type":"text"},{"itemType":"text","text":"Protocol","type":"text"}],"header":"View Details","type":"table","items":[[{"text":"http://web/","type":"url"},{"text":"http/1.1","type":"text"}],[{"text":"http://web/static/js/manifest.9f020e973ae4037504f6.js","type":"url"},{"text":"http/1.1","type":"text"}],[{"text":"http://web/static/js/vendor.d1efda22f11e965a5228.js","type":"url"},{"text":"http/1.1","type":"text"}],[{"text":"http://web/static/js/app.310cd52123c59f9f64a5.js","type":"url"},{"text":"http/1.1","type":"text"}],[{"text":"http://web/static/css/app.a1bcfeb0daa2a3f727390086fd42ee9d.css","type":"url"},{"text":"http/1.1","type":"text"}]]}},"th-has-data-cells":{"displayValue":"","score":false,"helpText":"Screen readers have features to make navigating tables easier. Ensuring table headers always refer to some set of cells may improve the experience for screen reader users. [Learn more](https://dequeuniversity.com/rules/axe/2.2/th-has-data-cells?application=lighthouse).","rawValue":false,"name":"th-has-data-cells","description":"`<th>` elements and elements with `[role=\"columnheader\"/\"rowheader\"]` do not have data cells they describe.","scoringMode":"binary","informative":true,"notApplicable":true},"tabindex":{"displayValue":"","score":true,"helpText":"A value greater than 0 implies an explicit navigation ordering. Although technically valid, this often creates frustrating experiences for users who rely on assistive technologies. [Learn more](https://dequeuniversity.com/rules/axe/2.2/tabindex?application=lighthouse).","rawValue":true,"extendedInfo":{},"name":"tabindex","description":"No element has a `[tabindex]` value greater than 0","scoringMode":"binary","details":{"header":{"text":"View failing elements","type":"text"},"type":"list","items":[]}},"uses-long-cache-ttl":{"displayValue":"0 assets found","score":100,"helpText":"A long cache lifetime can speed up repeat visits to your page. [Learn more](https://developers.google.com/web/fundamentals/performance/optimizing-content-efficiency/http-caching#cache-control).","rawValue":0,"extendedInfo":{"value":{"queryStringCount":0,"results":[]}},"name":"uses-long-cache-ttl","description":"Uses efficient cache policy on static assets","scoringMode":"numeric","details":{"itemHeaders":[{"itemType":"url","text":"URL","type":"text"},{"itemType":"text","text":"Cache TTL","type":"text"},{"itemType":"text","text":"Size (KB)","type":"text"}],"header":"View Details","type":"table","items":[]}},"without-javascript":{"displayValue":"","score":false,"debugString":"The page body should render some content if its scripts are not available.","helpText":"Your app should display some content when JavaScript is disabled, even if it's just a warning to the user that JavaScript is required to use the app. [Learn more](https://developers.google.com/web/tools/lighthouse/audits/no-js).","rawValue":false,"name":"without-javascript","description":"Does not provide fallback content when JavaScript is not available","scoringMode":"binary"},"uses-responsive-images":{"displayValue":"","score":100,"helpText":"Serve images that are appropriately-sized to save cellular data and improve load time. [Learn more](https://developers.google.com/web/tools/lighthouse/audits/oversized-images).","rawValue":0,"extendedInfo":{"value":{"wastedKb":0,"wastedMs":0,"results":[]}},"name":"uses-responsive-images","description":"Properly size images","scoringMode":"binary","informative":true,"details":{"itemHeaders":[{"itemType":"thumbnail","text":"","type":"text"},{"itemType":"url","text":"URL","type":"text"},{"itemType":"text","text":"Original","type":"text"},{"itemType":"text","text":"Potential Savings","type":"text"}],"header":"View Details","type":"table","items":[]}},"frame-title":{"displayValue":"","score":false,"helpText":"Screen reader users rely on frame titles to describe the contents of frames. [Learn more](https://dequeuniversity.com/rules/axe/2.2/frame-title?application=lighthouse).","rawValue":false,"name":"frame-title","description":"`<frame>` or `<iframe>` elements do not have a title","scoringMode":"binary","informative":true,"notApplicable":true},"link-blocking-first-paint":{"displayValue":"","score":100,"helpText":"External stylesheets are blocking the first paint of your page. Consider delivering critical CSS via `<style>` tags and deferring non-critical styles. [Learn more](https://developers.google.com/web/tools/lighthouse/audits/blocking-resources).","rawValue":0,"extendedInfo":{"value":{"wastedMs":"0 ms","results":[]}},"name":"link-blocking-first-paint","description":"Reduce render-blocking stylesheets","scoringMode":"binary","informative":true,"details":{"itemHeaders":[{"itemType":"url","text":"URL","type":"text"},{"itemType":"text","text":"Size (KB)","type":"text"},{"itemType":"text","text":"Delayed Paint By (ms)","type":"text"}],"header":"View Details","type":"table","items":[]}},"mobile-friendly":{"displayValue":"","score":false,"helpText":"Take the [Mobile-Friendly Test](https://search.google.com/test/mobile-friendly) to check for audits not covered by Lighthouse, like sizing tap targets appropriately. [Learn more](https://developers.google.com/search/mobile-sites/).","rawValue":false,"name":"mobile-friendly","description":"Page is mobile friendly","scoringMode":"binary","informative":true,"manual":true},"script-blocking-first-paint":{"displayValue":"","score":100,"helpText":"Script elements are blocking the first paint of your page. Consider inlining critical scripts and deferring non-critical ones. [Learn more](https://developers.google.com/web/tools/lighthouse/audits/blocking-resources).","rawValue":0,"extendedInfo":{"value":{"wastedMs":"0 ms","results":[]}},"name":"script-blocking-first-paint","description":"Reduce render-blocking scripts","scoringMode":"binary","informative":true,"details":{"itemHeaders":[{"itemType":"url","text":"URL","type":"text"},{"itemType":"text","text":"Size (KB)","type":"text"},{"itemType":"text","text":"Delayed Paint By (ms)","type":"text"}],"header":"View Details","type":"table","items":[]}},"managed-focus":{"displayValue":"","score":false,"helpText":"If new content, such as a dialog, is added to the page, the user's focus is directed to it. [Learn more](https://developers.google.com/web/fundamentals/accessibility/how-to-review#start_with_the_keyboard).","rawValue":false,"name":"managed-focus","description":"The user's focus is directed to new content added to the page","scoringMode":"binary","informative":true,"manual":true},"pwa-cross-browser":{"displayValue":"","score":false,"helpText":"To reach the most number of users, sites should work across every major browser. [Learn more](https://developers.google.com/web/progressive-web-apps/checklist#site-works-cross-browser).","rawValue":false,"name":"pwa-cross-browser","description":"Site works cross-browser","scoringMode":"binary","informative":true,"manual":true},"time-to-first-byte":{"displayValue":"","score":null,"debugString":"Audit error: Cannot read property '_timing' of undefined","helpText":"Time To First Byte identifies the time at which your server sends a response. [Learn more](https://developers.google.com/web/tools/chrome-devtools/network-performance/issues).","rawValue":null,"name":"time-to-first-byte","description":"Keep server response times low (TTFB)","scoringMode":"binary","informative":true,"error":true},"video-description":{"displayValue":"","score":false,"helpText":"Audio descriptions provide relevant information for videos that dialogue cannot, such as facial expressions and scenes. [Learn more](https://dequeuniversity.com/rules/axe/2.2/video-description?application=lighthouse).","rawValue":false,"name":"video-description","description":"`<video>` elements do not contain a `<track>` element with `[kind=\"description\"]`.","scoringMode":"binary","informative":true,"notApplicable":true},"document-title":{"displayValue":"","score":true,"helpText":"The title gives screen reader users an overview of the page, and search engine users rely on it heavily to determine if a page is relevant to their search. [Learn more](https://developers.google.com/web/tools/lighthouse/audits/title).","rawValue":true,"extendedInfo":{},"name":"document-title","description":"Document has a `<title>` element","scoringMode":"binary","details":{"header":{"text":"View failing elements","type":"text"},"type":"list","items":[]}},"external-anchors-use-rel-noopener":{"displayValue":"","score":true,"helpText":"Open new tabs using `rel=\"noopener\"` to improve performance and prevent security vulnerabilities. [Learn more](https://developers.google.com/web/tools/lighthouse/audits/noopener).","rawValue":true,"extendedInfo":{"value":[]},"name":"external-anchors-use-rel-noopener","description":"Opens external anchors using `rel=\"noopener\"`","scoringMode":"binary","details":{"itemHeaders":[{"itemType":"url","text":"URL","type":"text"},{"itemType":"text","text":"Target","type":"text"},{"itemType":"text","text":"Rel","type":"text"}],"header":"View Details","type":"table","items":[]}},"total-byte-weight":{"displayValue":"Total size was 400 KB","score":100,"helpText":"Large network payloads cost users real money and are highly correlated with long load times. [Learn more](https://developers.google.com/web/tools/lighthouse/audits/network-payloads).","rawValue":409855,"extendedInfo":{"value":{"totalCompletedRequests":11,"results":[{"totalKb":"227 KB","totalMs":"1,240 ms","totalBytes":232785,"url":"http://web/static/js/vendor.d1efda22f11e965a5228.js"},{"totalKb":"48 KB","totalMs":"260 ms","totalBytes":49163,"url":"https://fonts.gstatic.com/s/materialicons/v37/flUhRq6tzZclQEJ-Vdg-IuiaDsNc.woff2"},{"totalKb":"46 KB","totalMs":"250 ms","totalBytes":47366,"url":"https://cdnjs.cloudflare.com/ajax/libs/Chart.js/2.7.1/Chart.min.js"},{"totalKb":"32 KB","totalMs":"170 ms","totalBytes":32261,"url":"http://web/static/css/app.a1bcfeb0daa2a3f727390086fd42ee9d.css"},{"totalKb":"15 KB","totalMs":"80 ms","totalBytes":15817,"url":"https://fonts.gstatic.com/s/roboto/v18/KFOlCnqEu92Fr1MmEU9fBBc4.woff2"},{"totalKb":"15 KB","totalMs":"80 ms","totalBytes":15461,"url":"https://fonts.gstatic.com/s/roboto/v18/KFOmCnqEu92Fr1Mu4mxK.woff2"},{"totalKb":"12 KB","totalMs":"70 ms","totalBytes":12691,"url":"http://web/static/js/app.310cd52123c59f9f64a5.js"},{"totalKb":"1 KB","totalMs":"10 ms","totalBytes":1524,"url":"https://unpkg.com/vue-chartjs@3.3.2/dist/vue-chartjs.min.js"},{"totalKb":"1 KB","totalMs":"10 ms","totalBytes":1211,"url":"http://web/"},{"totalKb":"1 KB","totalMs":"10 ms","totalBytes":1171,"url":"http://web/static/js/manifest.9f020e973ae4037504f6.js"}]}},"name":"total-byte-weight","description":"Avoids enormous network payloads","scoringMode":"numeric","details":{"itemHeaders":[{"itemType":"url","text":"URL","type":"text"},{"itemType":"text","text":"Total Size","type":"text"},{"itemType":"text","text":"Transfer Time","type":"text"}],"header":"View Details","type":"table","items":[[{"text":"http://web/static/js/vendor.d1efda22f11e965a5228.js","type":"url"},{"text":"227 KB","type":"text"},{"text":"1,240 ms","type":"text"}],[{"text":"https://fonts.gstatic.com/s/materialicons/v37/flUhRq6tzZclQEJ-Vdg-IuiaDsNc.woff2","type":"url"},{"text":"48 KB","type":"text"},{"text":"260 ms","type":"text"}],[{"text":"https://cdnjs.cloudflare.com/ajax/libs/Chart.js/2.7.1/Chart.min.js","type":"url"},{"text":"46 KB","type":"text"},{"text":"250 ms","type":"text"}],[{"text":"http://web/static/css/app.a1bcfeb0daa2a3f727390086fd42ee9d.css","type":"url"},{"text":"32 KB","type":"text"},{"text":"170 ms","type":"text"}],[{"text":"https://fonts.gstatic.com/s/roboto/v18/KFOlCnqEu92Fr1MmEU9fBBc4.woff2","type":"url"},{"text":"15 KB","type":"text"},{"text":"80 ms","type":"text"}],[{"text":"https://fonts.gstatic.com/s/roboto/v18/KFOmCnqEu92Fr1Mu4mxK.woff2","type":"url"},{"text":"15 KB","type":"text"},{"text":"80 ms","type":"text"}],[{"text":"http://web/static/js/app.310cd52123c59f9f64a5.js","type":"url"},{"text":"12 KB","type":"text"},{"text":"70 ms","type":"text"}],[{"text":"https://unpkg.com/vue-chartjs@3.3.2/dist/vue-chartjs.min.js","type":"url"},{"text":"1 KB","type":"text"},{"text":"10 ms","type":"text"}],[{"text":"http://web/","type":"url"},{"text":"1 KB","type":"text"},{"text":"10 ms","type":"text"}],[{"text":"http://web/static/js/manifest.9f020e973ae4037504f6.js","type":"url"},{"text":"1 KB","type":"text"},{"text":"10 ms","type":"text"}]]}},"logical-tab-order":{"displayValue":"","score":false,"helpText":"Tabbing through the page follows the visual layout. Users cannot focus elements that are offscreen. [Learn more](https://developers.google.com/web/fundamentals/accessibility/how-to-review#start_with_the_keyboard).","rawValue":false,"name":"logical-tab-order","description":"The page has a logical tab order","scoringMode":"binary","informative":true,"manual":true},"meta-refresh":{"displayValue":"","score":false,"helpText":"Users do not expect a page to refresh automatically, and doing so will move focus back to the top of the page. This may create a frustrating or confusing experience. [Learn more](https://dequeuniversity.com/rules/axe/2.2/meta-refresh?application=lighthouse).","rawValue":false,"name":"meta-refresh","description":"The document uses `<meta http-equiv=\"refresh\">`","scoringMode":"binary","informative":true,"notApplicable":true},"deprecations":{"displayValue":"","score":true,"helpText":"Deprecated APIs will eventually be removed from the browser. [Learn more](https://www.chromestatus.com/features#deprecated).","rawValue":true,"extendedInfo":{"value":[]},"name":"deprecations","description":"Avoids deprecated APIs","scoringMode":"binary","details":{"itemHeaders":[{"itemType":"code","text":"Deprecation / Warning","type":"text"},{"itemType":"url","text":"URL","type":"text"},{"itemType":"text","text":"Line","type":"text"}],"header":"View Details","type":"table","items":[]}},"network-requests":{"displayValue":"11","score":100,"helpText":"Lists the network requests that were made during page load.","rawValue":11,"extendedInfo":{"value":[{"transferSize":1211,"startTime":0,"endTime":638.9249991625547,"mimeType":"text/html","url":"http://web/","statusCode":200,"resourceType":"document"},{"transferSize":1171,"startTime":755.621999502182,"endTime":1328.4680005162954,"mimeType":"application/javascript","url":"http://web/static/js/manifest.9f020e973ae4037504f6.js","statusCode":200,"resourceType":"script"},{"transferSize":232785,"startTime":755.7720001786947,"endTime":2917.8979992866516,"mimeType":"application/javascript","url":"http://web/static/js/vendor.d1efda22f11e965a5228.js","statusCode":200,"resourceType":"script"},{"transferSize":12691,"startTime":755.9009995311499,"endTime":1470.6410001963377,"mimeType":"application/javascript","url":"http://web/static/js/app.310cd52123c59f9f64a5.js","statusCode":200,"resourceType":"script"},{"transferSize":47366,"startTime":790.370000526309,"endTime":2162.829000502825,"mimeType":"application/javascript","url":"https://cdnjs.cloudflare.com/ajax/libs/Chart.js/2.7.1/Chart.min.js","statusCode":200,"resourceType":"script"},{"transferSize":405,"startTime":790.8159997314215,"endTime":1663.72200101614,"mimeType":"text/plain","url":"https://unpkg.com/vue-chartjs/dist/vue-chartjs.min.js","statusCode":302},{"transferSize":1524,"startTime":1664.8290008306503,"endTime":2258.2770008593798,"mimeType":"application/javascript","url":"https://unpkg.com/vue-chartjs@3.3.2/dist/vue-chartjs.min.js","statusCode":200,"resourceType":"script"},{"transferSize":32261,"startTime":4527.456000447273,"endTime":5278.87500077486,"mimeType":"text/css","url":"http://web/static/css/app.a1bcfeb0daa2a3f727390086fd42ee9d.css","statusCode":200,"resourceType":"stylesheet"},{"transferSize":15461,"startTime":5458.613000810146,"endTime":6342.342000454664,"mimeType":"font/woff2","url":"https://fonts.gstatic.com/s/roboto/v18/KFOmCnqEu92Fr1Mu4mxK.woff2","statusCode":200,"resourceType":"font"},{"transferSize":49163,"startTime":5458.761001005769,"endTime":6524.431999772787,"mimeType":"font/woff2","url":"https://fonts.gstatic.com/s/materialicons/v37/flUhRq6tzZclQEJ-Vdg-IuiaDsNc.woff2","statusCode":200,"resourceType":"font"},{"transferSize":15817,"startTime":5458.878999575973,"endTime":6334.002999588847,"mimeType":"font/woff2","url":"https://fonts.gstatic.com/s/roboto/v18/KFOlCnqEu92Fr1MmEU9fBBc4.woff2","statusCode":200,"resourceType":"font"}]},"name":"network-requests","description":"Network Requests","scoringMode":"binary","informative":true,"details":{"itemHeaders":[{"itemType":"url","text":"URL","type":"text"},{"itemType":"ms","text":"Start Time","type":"text"},{"itemType":"ms","text":"End Time","type":"text"},{"itemType":"bytes","text":"Transfer Size","type":"text"},{"itemType":"text","text":"Status Code","type":"text"},{"itemType":"text","text":"MIME Type","type":"text"},{"itemType":"text","text":"Resource Type","type":"text"}],"header":"View Details","type":"table","items":[[{"text":"http://web/","type":"url"},{"text":0,"type":"ms"},{"text":638.9249991625547,"type":"ms"},{"text":1211,"type":"bytes"},{"text":200,"type":"text"},{"text":"text/html","type":"text"},{"text":"document","type":"text"}],[{"text":"http://web/static/js/manifest.9f020e973ae4037504f6.js","type":"url"},{"text":755.621999502182,"type":"ms"},{"text":1328.4680005162954,"type":"ms"},{"text":1171,"type":"bytes"},{"text":200,"type":"text"},{"text":"application/javascript","type":"text"},{"text":"script","type":"text"}],[{"text":"http://web/static/js/vendor.d1efda22f11e965a5228.js","type":"url"},{"text":755.7720001786947,"type":"ms"},{"text":2917.8979992866516,"type":"ms"},{"text":232785,"type":"bytes"},{"text":200,"type":"text"},{"text":"application/javascript","type":"text"},{"text":"script","type":"text"}],[{"text":"http://web/static/js/app.310cd52123c59f9f64a5.js","type":"url"},{"text":755.9009995311499,"type":"ms"},{"text":1470.6410001963377,"type":"ms"},{"text":12691,"type":"bytes"},{"text":200,"type":"text"},{"text":"application/javascript","type":"text"},{"text":"script","type":"text"}],[{"text":"https://cdnjs.cloudflare.com/ajax/libs/Chart.js/2.7.1/Chart.min.js","type":"url"},{"text":790.370000526309,"type":"ms"},{"text":2162.829000502825,"type":"ms"},{"text":47366,"type":"bytes"},{"text":200,"type":"text"},{"text":"application/javascript","type":"text"},{"text":"script","type":"text"}],[{"text":"https://unpkg.com/vue-chartjs/dist/vue-chartjs.min.js","type":"url"},{"text":790.8159997314215,"type":"ms"},{"text":1663.72200101614,"type":"ms"},{"text":405,"type":"bytes"},{"text":302,"type":"text"},{"text":"text/plain","type":"text"},{"type":"text"}],[{"text":"https://unpkg.com/vue-chartjs@3.3.2/dist/vue-chartjs.min.js","type":"url"},{"text":1664.8290008306503,"type":"ms"},{"text":2258.2770008593798,"type":"ms"},{"text":1524,"type":"bytes"},{"text":200,"type":"text"},{"text":"application/javascript","type":"text"},{"text":"script","type":"text"}],[{"text":"http://web/static/css/app.a1bcfeb0daa2a3f727390086fd42ee9d.css","type":"url"},{"text":4527.456000447273,"type":"ms"},{"text":5278.87500077486,"type":"ms"},{"text":32261,"type":"bytes"},{"text":200,"type":"text"},{"text":"text/css","type":"text"},{"text":"stylesheet","type":"text"}],[{"text":"https://fonts.gstatic.com/s/roboto/v18/KFOmCnqEu92Fr1Mu4mxK.woff2","type":"url"},{"text":5458.613000810146,"type":"ms"},{"text":6342.342000454664,"type":"ms"},{"text":15461,"type":"bytes"},{"text":200,"type":"text"},{"text":"font/woff2","type":"text"},{"text":"font","type":"text"}],[{"text":"https://fonts.gstatic.com/s/materialicons/v37/flUhRq6tzZclQEJ-Vdg-IuiaDsNc.woff2","type":"url"},{"text":5458.761001005769,"type":"ms"},{"text":6524.431999772787,"type":"ms"},{"text":49163,"type":"bytes"},{"text":200,"type":"text"},{"text":"font/woff2","type":"text"},{"text":"font","type":"text"}],[{"text":"https://fonts.gstatic.com/s/roboto/v18/KFOlCnqEu92Fr1MmEU9fBBc4.woff2","type":"url"},{"text":5458.878999575973,"type":"ms"},{"text":6334.002999588847,"type":"ms"},{"text":15817,"type":"bytes"},{"text":200,"type":"text"},{"text":"font/woff2","type":"text"},{"text":"font","type":"text"}]]}},"link-text":{"displayValue":"","score":true,"helpText":"Descriptive link text helps search engines understand your content. [Learn more](https://developers.google.com/web/tools/lighthouse/audits/descriptive-link-text).","rawValue":true,"name":"link-text","description":"Links have descriptive text","scoringMode":"binary","details":{"itemHeaders":[{"itemType":"url","text":"Link destination","type":"text"},{"itemType":"text","text":"Link Text","type":"text"}],"header":"View Details","type":"table","items":[]}},"uses-rel-preload":{"displayValue":"","score":null,"debugString":"Audit error: Unable to identify the main resource","helpText":"Consider using <link rel=preload> to prioritize fetching late-discovered resources sooner [Learn more](https://developers.google.com/web/updates/2016/03/link-rel-preload).","rawValue":null,"name":"uses-rel-preload","description":"Preload key requests","scoringMode":"numeric","informative":true,"error":true},"dlitem":{"displayValue":"","score":false,"helpText":"Definition list items (`<dt>` and `<dd>`) must be wrapped in a parent `<dl>` element to ensure that screen readers can properly announce them. [Learn more](https://dequeuniversity.com/rules/axe/2.2/dlitem?application=lighthouse).","rawValue":false,"name":"dlitem","description":"Definition list items are not wrapped in `<dl>` elements","scoringMode":"binary","informative":true,"notApplicable":true},"uses-optimized-images":{"displayValue":"","score":100,"helpText":"Optimized images load faster and consume less cellular data. [Learn more](https://developers.google.com/web/tools/lighthouse/audits/optimize-images).","rawValue":0,"extendedInfo":{"value":{"wastedKb":0,"wastedMs":0,"results":[]}},"name":"uses-optimized-images","description":"Optimize images","scoringMode":"binary","informative":true,"details":{"itemHeaders":[{"itemType":"thumbnail","text":"","type":"text"},{"itemType":"url","text":"URL","type":"text"},{"itemType":"text","text":"Original","type":"text"},{"itemType":"text","text":"Potential Savings","type":"text"}],"header":"View Details","type":"table","items":[]}},"errors-in-console":{"displayValue":"","score":true,"helpText":"Errors logged to the console indicate unresolved problems. They can come from network request failures and other browser concerns.","rawValue":0,"name":"errors-in-console","description":"No browser errors logged to the console","scoringMode":"binary","details":{"itemHeaders":[{"itemType":"url","text":"URL","type":"text"},{"itemType":"code","text":"Description","type":"text"}],"header":"View Details","type":"table","items":[]}},"video-caption":{"displayValue":"","score":false,"helpText":"When a video provides a caption it is easier for deaf and hearing impaired users to access its information. [Learn more](https://dequeuniversity.com/rules/axe/2.2/video-caption?application=lighthouse).","rawValue":false,"name":"video-caption","description":"`<video>` elements do not contain a `<track>` element with `[kind=\"captions\"]`.","scoringMode":"binary","informative":true,"notApplicable":true},"td-headers-attr":{"displayValue":"","score":false,"helpText":"Screen readers have features to make navigating tables easier. Ensuring `<td>` cells using the `[headers]` attribute only refer to other cells in the same table may improve the experience for screen reader users. [Learn more](https://dequeuniversity.com/rules/axe/2.2/td-headers-attr?application=lighthouse).","rawValue":false,"name":"td-headers-attr","description":"Cells in a `<table>` element that use the `[headers]` attribute refers to other cells of that same table.","scoringMode":"binary","informative":true,"notApplicable":true},"offscreen-content-hidden":{"displayValue":"","score":false,"helpText":"Offscreen content is hidden with display: none or aria-hidden=true. [Learn more](https://developers.google.com/web/fundamentals/accessibility/how-to-review#try_it_with_a_screen_reader).","rawValue":false,"name":"offscreen-content-hidden","description":"Offscreen content is hidden from assistive technology","scoringMode":"binary","informative":true,"manual":true},"no-document-write":{"displayValue":"","score":true,"helpText":"For users on slow connections, external scripts dynamically injected via `document.write()` can delay page load by tens of seconds. [Learn more](https://developers.google.com/web/tools/lighthouse/audits/document-write).","rawValue":true,"extendedInfo":{"value":[]},"name":"no-document-write","description":"Avoids `document.write()`","scoringMode":"binary","details":{"itemHeaders":[{"itemType":"url","text":"URL","type":"text"},{"itemType":"text","text":"Location","type":"text"}],"header":"View Details","type":"table","items":[]}},"aria-valid-attr-value":{"displayValue":"","score":true,"helpText":"Assistive technologies, like screen readers, can't interpret ARIA attributes with invalid values. [Learn more](https://dequeuniversity.com/rules/axe/2.2/aria-valid-attr-value?application=lighthouse).","rawValue":true,"extendedInfo":{},"name":"aria-valid-attr-value","description":"`[aria-*]` attributes have valid values","scoringMode":"binary","details":{"header":{"text":"View failing elements","type":"text"},"type":"list","items":[]}},"pwa-each-page-has-url":{"displayValue":"","score":false,"helpText":"Ensure individual pages are deep linkable via the URLs and that URLs are unique for the purpose of shareability on social media. [Learn more](https://developers.google.com/web/progressive-web-apps/checklist#each-page-has-a-url).","rawValue":false,"name":"pwa-each-page-has-url","description":"Each page has a URL","scoringMode":"binary","informative":true,"manual":true},"custom-controls-roles":{"displayValue":"","score":false,"helpText":"Custom interactive controls have appropriate ARIA roles. [Learn more](https://developers.google.com/web/fundamentals/accessibility/how-to-review#try_it_with_a_screen_reader).","rawValue":false,"name":"custom-controls-roles","description":"Custom controls have ARIA roles","scoringMode":"binary","informative":true,"manual":true},"meta-description":{"displayValue":"","score":false,"helpText":"Meta descriptions may be included in search results to concisely summarize page content. [Learn more](https://developers.google.com/web/tools/lighthouse/audits/description).","rawValue":false,"name":"meta-description","description":"Document does not have a meta description","scoringMode":"binary"},"duplicate-id":{"displayValue":"","score":true,"helpText":"The value of an id attribute must be unique to prevent other instances from being overlooked by assistive technologies. [Learn more](https://dequeuniversity.com/rules/axe/2.2/duplicate-id?application=lighthouse).","rawValue":true,"extendedInfo":{},"name":"duplicate-id","description":"`[id]` attributes on the page are unique","scoringMode":"binary","details":{"header":{"text":"View failing elements","type":"text"},"type":"list","items":[]}},"focusable-controls":{"displayValue":"","score":false,"helpText":"Custom interactive controls are keyboard focusable and display a focus indicator. [Learn more](https://developers.google.com/web/fundamentals/accessibility/how-to-review#start_with_the_keyboard).","rawValue":false,"name":"focusable-controls","description":"Interactive controls are keyboard focusable","scoringMode":"binary","informative":true,"manual":true},"heading-levels":{"displayValue":"","score":false,"helpText":"Headings are used to create an outline for the page and heading levels are not skipped. [Learn more](https://developers.google.com/web/fundamentals/accessibility/how-to-review#take_advantage_of_headings_and_landmarks).","rawValue":false,"name":"heading-levels","description":"Headings don't skip levels","scoringMode":"binary","informative":true,"manual":true},"uses-request-compression":{"displayValue":"","score":100,"helpText":"Text-based responses should be served with compression (gzip, deflate or brotli) to minimize total network bytes. [Learn more](https://developers.google.com/web/fundamentals/performance/optimizing-content-efficiency/optimize-encoding-and-transfer).","rawValue":0,"extendedInfo":{"value":{"wastedKb":0,"wastedMs":0,"results":[]}},"name":"uses-request-compression","description":"Enable text compression","scoringMode":"binary","informative":true,"details":{"itemHeaders":[{"itemType":"url","text":"Uncompressed resource URL","type":"text"},{"itemType":"text","text":"Original","type":"text"},{"itemType":"text","text":"GZIP Savings","type":"text"}],"header":"View Details","type":"table","items":[]}},"appcache-manifest":{"displayValue":"","score":true,"debugString":"","helpText":"Application Cache is deprecated. [Learn more](https://developers.google.com/web/tools/lighthouse/audits/appcache).","rawValue":true,"name":"appcache-manifest","description":"Avoids Application Cache","scoringMode":"binary"},"themed-omnibox":{"displayValue":"","score":false,"debugString":"Failures: No manifest was fetched, No `<meta name=\"theme-color\">` tag found.","helpText":"The browser address bar can be themed to match your site. [Learn more](https://developers.google.com/web/tools/lighthouse/audits/address-bar).","rawValue":false,"extendedInfo":{"value":{"failures":["No manifest was fetched","No `<meta name=\"theme-color\">` tag found"],"themeColor":null,"manifestValues":{"parseFailureReason":"No manifest was fetched","allChecks":[],"isParseFailure":true}}},"name":"themed-omnibox","description":"Address bar does not match brand colors","scoringMode":"binary"},"color-contrast":{"displayValue":"","score":true,"helpText":"Low-contrast text is difficult or impossible for many users to read. [Learn more](https://dequeuniversity.com/rules/axe/2.2/color-contrast?application=lighthouse).","rawValue":true,"extendedInfo":{},"name":"color-contrast","description":"Background and foreground colors have a sufficient contrast ratio","scoringMode":"binary","details":{"header":{"text":"View failing elements","type":"text"},"type":"list","items":[]}},"listitem":{"displayValue":"","score":false,"helpText":"Screen readers require list items (`<li>`) to be contained within a parent `<ul>` or `<ol>` to be announced properly. [Learn more](https://dequeuniversity.com/rules/axe/2.2/listitem?application=lighthouse).","rawValue":false,"name":"listitem","description":"List items (`<li>`) are not contained within `<ul>` or `<ol>` parent elements.","scoringMode":"binary","informative":true,"notApplicable":true},"no-mutation-events":{"displayValue":"","score":true,"helpText":"Mutation Events are deprecated and harm performance. Consider using Mutation Observers instead. [Learn more](https://developers.google.com/web/tools/lighthouse/audits/mutation-events).","rawValue":true,"extendedInfo":{"value":{"results":[]}},"name":"no-mutation-events","description":"Avoids Mutation Events in its own scripts","scoringMode":"binary","details":{"itemHeaders":[{"itemType":"url","text":"URL","type":"text"},{"itemType":"code","text":"Event","type":"text"},{"itemType":"text","text":"Line","type":"text"},{"itemType":"text","text":"Col","type":"text"},{"itemType":"code","text":"Snippet","type":"text"}],"header":"View Details","type":"table","items":[]}},"audio-caption":{"displayValue":"","score":false,"helpText":"Captions make audio elements usable for deaf or hearing-impaired users, providing critical information such as who is talking, what they're saying, and other non-speech information. [Learn more](https://dequeuniversity.com/rules/axe/2.2/audio-caption?application=lighthouse).","rawValue":false,"name":"audio-caption","description":"`<audio>` elements are missing a `<track>` element with `[kind=\"captions\"]`.","scoringMode":"binary","informative":true,"notApplicable":true},"first-meaningful-paint":{"displayValue":"4,520 ms","score":40,"helpText":"First meaningful paint measures when the primary content of a page is visible. [Learn more](https://developers.google.com/web/tools/lighthouse/audits/first-meaningful-paint).","rawValue":4521.8,"extendedInfo":{"value":{"timestamps":{"fCP":8650057715484,"endOfTrace":8650064967436,"fMP":8650057715493,"onLoad":8650058566647,"navStart":8650053193698},"fmpFellBack":false,"timings":{"fCP":4521.786,"endOfTrace":11773.738,"fMP":4521.795,"onLoad":5372.949,"navStart":0}}},"name":"first-meaningful-paint","description":"First meaningful paint","scoringMode":"numeric"},"focus-traps":{"displayValue":"","score":false,"helpText":"A user can tab into and out of any control or region without accidentally trapping their focus. [Learn more](https://developers.google.com/web/fundamentals/accessibility/how-to-review#start_with_the_keyboard).","rawValue":false,"name":"focus-traps","description":"User focus is not accidentally trapped in a region","scoringMode":"binary","informative":true,"manual":true},"aria-allowed-attr":{"displayValue":"","score":true,"helpText":"Each ARIA `role` supports a specific subset of `aria-*` attributes. Mismatching these invalidates the `aria-*` attributes. [Learn more](https://dequeuniversity.com/rules/axe/2.2/aria-allowed-attr?application=lighthouse).","rawValue":true,"extendedInfo":{},"name":"aria-allowed-attr","description":"`[aria-*]` attributes match their roles","scoringMode":"binary","details":{"header":{"text":"View failing elements","type":"text"},"type":"list","items":[]}},"geolocation-on-start":{"displayValue":"","score":true,"helpText":"Users are mistrustful of or confused by sites that request their location without context. Consider tying the request to user gestures instead. [Learn more](https://developers.google.com/web/tools/lighthouse/audits/geolocation-on-load).","rawValue":true,"extendedInfo":{"value":[]},"name":"geolocation-on-start","description":"Avoids requesting the geolocation permission on page load","scoringMode":"binary","details":{"itemHeaders":[{"itemType":"url","text":"URL","type":"text"},{"itemType":"text","text":"Location","type":"text"}],"header":"View Details","type":"table","items":[]}},"image-aspect-ratio":{"displayValue":"","score":true,"helpText":"Image display dimensions should match natural aspect ratio.","rawValue":true,"name":"image-aspect-ratio","description":"Displays images with correct aspect ratio","scoringMode":"binary","details":{"itemHeaders":[{"itemType":"thumbnail","text":"","type":"text"},{"itemType":"url","text":"URL","type":"text"},{"itemType":"text","text":"Aspect Ratio (Displayed)","type":"text"},{"itemType":"text","text":"Aspect Ratio (Actual)","type":"text"}],"header":"View Details","type":"table","items":[]}},"valid-lang":{"displayValue":"","score":false,"helpText":"Specifying a valid [BCP 47 language](https://www.w3.org/International/questions/qa-choosing-language-tags#question) on elements helps ensure that text is pronounced correctly by a screen reader. [Learn more](https://dequeuniversity.com/rules/axe/2.2/valid-lang?application=lighthouse).","rawValue":false,"name":"valid-lang","description":"`[lang]` attributes do not have a valid value","scoringMode":"binary","informative":true,"notApplicable":true},"html-has-lang":{"displayValue":"","score":false,"helpText":"If a page doesn't specify a lang attribute, a screen reader assumes that the page is in the default language that the user chose when setting up the screen reader. If the page isn't actually in the default language, then the screen reader might not announce the page's text correctly. [Learn more](https://dequeuniversity.com/rules/axe/2.2/html-lang?application=lighthouse).","rawValue":false,"extendedInfo":{"value":{"help":"<html> element must have a lang attribute","nodes":[{"failureSummary":"Fix any of the following:\n  The <html> element does not have a lang attribute","snippet":"<html>","path":"1,HTML","impact":"serious","html":"<html>","target":["html"]}],"impact":"serious","description":"Ensures every HTML document has a lang attribute","helpUrl":"https://dequeuniversity.com/rules/axe/3.0/html-has-lang?application=axeAPI","id":"html-has-lang","tags":["cat.language","wcag2a","wcag311"]}},"name":"html-has-lang","description":"`<html>` element does not have a `[lang]` attribute","scoringMode":"binary","details":{"header":{"text":"View failing elements","type":"text"},"type":"list","items":[{"snippet":"<html>","path":"1,HTML","selector":"html","type":"node"}]}},"unminified-javascript":{"displayValue":"","score":100,"helpText":"Minifying JavaScript files can reduce payload sizes and script parse time. [Learn more](https://developers.google.com/speed/docs/insights/MinifyResources).","rawValue":0,"extendedInfo":{"value":{"wastedKb":0,"wastedMs":0,"results":[]}},"name":"unminified-javascript","description":"Minify JavaScript","scoringMode":"binary","informative":true,"details":{"itemHeaders":[{"itemType":"url","text":"URL","type":"text"},{"itemType":"text","text":"Original","type":"text"},{"itemType":"text","text":"Potential Savings","type":"text"}],"header":"View Details","type":"table","items":[]}},"object-alt":{"displayValue":"","score":false,"helpText":"Screen readers cannot translate non-text content. Adding alt text to `<object>` elements helps screen readers convey meaning to users. [Learn more](https://dequeuniversity.com/rules/axe/2.2/object-alt?application=lighthouse).","rawValue":false,"name":"object-alt","description":"`<object>` elements do not have `[alt]` text","scoringMode":"binary","informative":true,"notApplicable":true},"accesskeys":{"displayValue":"","score":false,"helpText":"Access keys let users quickly focus a part of the page. For proper navigation, each access key must be unique. [Learn more](https://dequeuniversity.com/rules/axe/2.2/accesskeys?application=lighthouse).","rawValue":false,"name":"accesskeys","description":"`[accesskey]` values are not unique","scoringMode":"binary","informative":true,"notApplicable":true},"image-alt":{"displayValue":"","score":false,"helpText":"Informative elements should aim for short, descriptive alternate text. Decorative elements can be ignored with an empty alt attribute.[Learn more](https://dequeuniversity.com/rules/axe/2.2/image-alt?application=lighthouse).","rawValue":false,"name":"image-alt","description":"Image elements do not have `[alt]` attributes","scoringMode":"binary","informative":true,"notApplicable":true},"notification-on-start":{"displayValue":"","score":true,"helpText":"Users are mistrustful of or confused by sites that request to send notifications without context. Consider tying the request to user gestures instead. [Learn more](https://developers.google.com/web/tools/lighthouse/audits/notifications-on-load).","rawValue":true,"extendedInfo":{"value":[]},"name":"notification-on-start","description":"Avoids requesting the notification permission on page load","scoringMode":"binary","details":{"itemHeaders":[{"itemType":"url","text":"URL","type":"text"},{"itemType":"text","text":"Location","type":"text"}],"header":"View Details","type":"table","items":[]}},"unused-css-rules":{"displayValue":"Potential savings of 35 KB (~190 ms)","score":90,"helpText":"Remove unused rules from stylesheets to reduce unnecessary bytes consumed by network activity. [Learn more](https://developers.google.com/speed/docs/insights/OptimizeCSSDelivery)","rawValue":190,"extendedInfo":{"value":{"wastedKb":35,"wastedMs":190,"results":[{"wastedKb":"29 KB","totalKb":"32 KB","wastedMs":"160 ms","totalMs":"170 ms","potentialSavings":"29 KB (93%)","totalBytes":32261,"wastedPercent":92.80281987684556,"wastedBytes":29939,"url":"http://web/static/css/app.a1bcfeb0daa2a3f727390086fd42ee9d.css"},{"wastedKb":"5 KB","totalKb":"6 KB","wastedMs":"30 ms","totalMs":"30 ms","potentialSavings":"5 KB (98%)","totalBytes":5722,"wastedPercent":98.2698357217756,"wastedBytes":5623,"url":{"text":"a { color: #1976d2; } ...","type":"code"}}]}},"name":"unused-css-rules","description":"Unused CSS rules","scoringMode":"binary","informative":true,"details":{"itemHeaders":[{"itemType":"url","text":"URL","type":"text"},{"itemType":"text","text":"Original","type":"text"},{"itemType":"text","text":"Potential Savings","type":"text"}],"header":"View Details","type":"table","items":[[{"text":"http://web/static/css/app.a1bcfeb0daa2a3f727390086fd42ee9d.css","type":"url"},{"text":"32 KB","type":"text"},{"text":"29 KB (93%)","type":"text"}],[{"text":"a { color: #1976d2; } ...","type":"code"},{"text":"6 KB","type":"text"},{"text":"5 KB (98%)","type":"text"}]]}},"structured-data":{"displayValue":"","score":false,"helpText":"Run the [Structured Data Testing Tool](https://search.google.com/structured-data/testing-tool/) and the [Structured Data Linter](http://linter.structured-data.org/) to validate structured data. [Learn more](https://developers.google.com/search/docs/guides/mark-up-content).","rawValue":false,"name":"structured-data","description":"Structured data is valid","scoringMode":"binary","informative":true,"manual":true},"content-width":{"displayValue":"","score":true,"debugString":"","helpText":"If the width of your app's content doesn't match the width of the viewport, your app might not be optimized for mobile screens. [Learn more](https://developers.google.com/web/tools/lighthouse/audits/content-sized-correctly-for-viewport).","rawValue":true,"name":"content-width","description":"Content is sized correctly for the viewport","scoringMode":"binary"},"mainthread-work-breakdown":{"displayValue":"2,800 ms","score":true,"helpText":"Consider reducing the time spent parsing, compiling and executing JS.You may find delivering smaller JS payloads helps with this.","rawValue":2799.5130100250244,"extendedInfo":{"value":{"Update Layer Tree":108.97500228881836,"Layout":432.32500076293945,"Recalculate Style":503.69400215148926,"Evaluate Script":1296.8040027618408,"Animation Frame Fired":8.261001586914062,"Minor GC":82.69900131225586,"Run Microtasks":63.02199935913086,"Parse HTML":62.446001052856445,"Paint":41.383995056152344,"Compile Script":44.90999984741211,"Composite Layers":77.99400329589844,"Parse Stylesheet":76.9990005493164}},"name":"mainthread-work-breakdown","description":"Main thread work breakdown","scoringMode":"binary","informative":true,"details":{"itemHeaders":[{"itemType":"text","text":"Category","type":"text"},{"itemType":"text","text":"Work","type":"text"},{"itemType":"text","text":"Time spent","type":"text"}],"header":"View Details","type":"table","items":[[{"text":"Script Evaluation","type":"text"},{"text":"Evaluate Script","type":"text"},{"text":"1,297 ms","type":"text"}],[{"text":"Script Evaluation","type":"text"},{"text":"Run Microtasks","type":"text"},{"text":"63 ms","type":"text"}],[{"text":"Script Evaluation","type":"text"},{"text":"Animation Frame Fired","type":"text"},{"text":"8 ms","type":"text"}],[{"text":"Style & Layout","type":"text"},{"text":"Recalculate Style","type":"text"},{"text":"504 ms","type":"text"}],[{"text":"Style & Layout","type":"text"},{"text":"Layout","type":"text"},{"text":"432 ms","type":"text"}],[{"text":"Compositing","type":"text"},{"text":"Update Layer Tree","type":"text"},{"text":"109 ms","type":"text"}],[{"text":"Compositing","type":"text"},{"text":"Composite Layers","type":"text"},{"text":"78 ms","type":"text"}],[{"text":"Parsing HTML & CSS","type":"text"},{"text":"Parse Stylesheet","type":"text"},{"text":"77 ms","type":"text"}],[{"text":"Parsing HTML & CSS","type":"text"},{"text":"Parse HTML","type":"text"},{"text":"62 ms","type":"text"}],[{"text":"Garbage collection","type":"text"},{"text":"Minor GC","type":"text"},{"text":"83 ms","type":"text"}],[{"text":"Script Parsing & Compile","type":"text"},{"text":"Compile Script","type":"text"},{"text":"45 ms","type":"text"}],[{"text":"Paint","type":"text"},{"text":"Paint","type":"text"},{"text":"41 ms","type":"text"}]]}},"canonical":{"displayValue":"","score":null,"debugString":"Audit error: Unable to identify the main resource","helpText":"Canonical links suggest which URL to show in search results. [Learn more](https://developers.google.com/web/tools/lighthouse/audits/canonical).","rawValue":null,"name":"canonical","description":"Document does not have a valid `rel=canonical`","scoringMode":"binary","error":true},"bootup-time":{"displayValue":"1,570 ms","score":true,"helpText":"Consider reducing the time spent parsing, compiling, and executing JS. You may find delivering smaller JS payloads helps with this. [Learn more](https://developers.google.com/web/lighthouse/audits/bootup).","rawValue":1573.503999710083,"extendedInfo":{"value":{"http://web/static/js/app.310cd52123c59f9f64a5.js":{"Script Evaluation":1173.697998046875,"Script Parsing & Compile":22.533000946044922},"http://web/static/js/vendor.d1efda22f11e965a5228.js":{"Style & Layout":178.41699981689453,"Script Parsing & Compile":14.004999160766602,"Script Evaluation":9.45100212097168},"https://unpkg.com/vue-chartjs@3.3.2/dist/vue-chartjs.min.js":{"Script Evaluation":6.445001602172852,"Script Parsing & Compile":4.004999160766602},"https://cdnjs.cloudflare.com/ajax/libs/Chart.js/2.7.1/Chart.min.js":{"Style & Layout":0.8509998321533203,"Script Evaluation":90.19700050354004,"Script Parsing & Compile":0.5679988861083984},"http://web/static/js/manifest.9f020e973ae4037504f6.js":{"Script Parsing & Compile":2.184000015258789,"Script Evaluation":1.4300003051757812},"http://web/":{"Style & Layout":0.0989990234375,"Script Evaluation":7.028999328613281,"Script Parsing & Compile":0.14599990844726562},"http://web/#/":{"Parsing HTML & CSS":62.446001052856445}}},"name":"bootup-time","description":"JavaScript boot-up time","scoringMode":"binary","details":{"itemHeaders":[{"itemType":"url","text":"URL","type":"text"},{"itemType":"text","text":"Script Evaluation","type":"text"},{"itemType":"text","text":"Script Parsing & Compile","type":"text"}],"header":"View Details","type":"table","items":[[{"text":"http://web/static/js/app.310cd52123c59f9f64a5.js","type":"url"},{"text":"1,174 ms","type":"text"},{"text":"23 ms","type":"text"}],[{"text":"https://cdnjs.cloudflare.com/ajax/libs/Chart.js/2.7.1/Chart.min.js","type":"url"},{"text":"90 ms","type":"text"},{"text":"1 ms","type":"text"}],[{"text":"http://web/static/js/vendor.d1efda22f11e965a5228.js","type":"url"},{"text":"9 ms","type":"text"},{"text":"14 ms","type":"text"}],[{"text":"https://unpkg.com/vue-chartjs@3.3.2/dist/vue-chartjs.min.js","type":"url"},{"text":"6 ms","type":"text"},{"text":"4 ms","type":"text"}]]}},"list":{"displayValue":"","score":false,"helpText":"Screen readers have a specific way of announcing lists. Ensuring proper list structure aids screen reader output. [Learn more](https://dequeuniversity.com/rules/axe/2.2/list?application=lighthouse).","rawValue":false,"name":"list","description":"Lists do not contain only `<li>` elements and script supporting elements (`<script>` and `<template>`).","scoringMode":"binary","informative":true,"notApplicable":true},"hreflang":{"displayValue":"","score":null,"debugString":"Audit error: Unable to identify the main resource","helpText":"hreflang allows crawlers to discover alternate translations of the page content. [Learn more](https://support.google.com/webmasters/answer/189077).","rawValue":null,"name":"hreflang","description":"Document doesn't have a valid `hreflang`","scoringMode":"binary","error":true},"is-crawlable":{"displayValue":"","score":null,"debugString":"Audit error: Unable to identify the main resource","helpText":"Search engines are unable to include your pages in search results if they don't have permission to crawl them. [Learn more](https://developers.google.com/web/tools/lighthouse/audits/indexing).","rawValue":null,"name":"is-crawlable","description":"Page is blocked from indexing","scoringMode":"binary","error":true},"service-worker":{"displayValue":"","score":false,"helpText":"The service worker is the technology that enables your app to use many Progressive Web App features, such as offline, add to homescreen, and push notifications. [Learn more](https://developers.google.com/web/tools/lighthouse/audits/registered-service-worker).","rawValue":false,"name":"service-worker","description":"Does not register a service worker","scoringMode":"binary"},"use-landmarks":{"displayValue":"","score":false,"helpText":"Landmark elements (<main>, <nav>, etc.) are used to improve the keyboard navigation of the page for assistive technology. [Learn more](https://developers.google.com/web/fundamentals/accessibility/how-to-review#take_advantage_of_headings_and_landmarks).","rawValue":false,"name":"use-landmarks","description":"HTML5 landmark elements are used to improve navigation","scoringMode":"binary","informative":true,"manual":true},"critical-request-chains":{"displayValue":"","score":null,"debugString":"Audit error: Unable to identify the main resource","helpText":"The Critical Request Chains below show you what resources are issued with a high priority. Consider reducing the length of chains, reducing the download size of resources, or deferring the download of unnecessary resources to improve page load. [Learn more](https://developers.google.com/web/tools/lighthouse/audits/critical-request-chains).","rawValue":null,"name":"critical-request-chains","description":"Critical Request Chains","scoringMode":"binary","informative":true,"error":true},"consistently-interactive":{"displayValue":"6,460 ms","score":71,"helpText":"Consistently Interactive marks the time at which the page is fully interactive. [Learn more](https://developers.google.com/web/tools/lighthouse/audits/consistently-interactive).","rawValue":6460.149,"extendedInfo":{"value":{"timeInMs":6460.149,"cpuQuietPeriod":{"start":8.650059653847E9,"end":8.650064967436E9},"networkQuietPeriods":[{"start":8.650059532223999E9,"end":8.650064967436E9}],"networkQuietPeriod":{"start":8.650059532223999E9,"end":8.650064967436E9},"cpuQuietPeriods":[{"start":8.650059653847E9,"end":8.650064967436E9}],"timestamp":8650059653847}},"name":"consistently-interactive","description":"Consistently Interactive (beta)","scoringMode":"numeric"},"pwa-page-transitions":{"displayValue":"","score":false,"helpText":"Transitions should feel snappy as you tap around, even on a slow network, a key to perceived performance. [Learn more](https://developers.google.com/web/progressive-web-apps/checklist#page-transitions-dont-feel-like-they-block-on-the-network).","rawValue":false,"name":"pwa-page-transitions","description":"Page transitions don't feel like they block on the network","scoringMode":"binary","informative":true,"manual":true},"user-timings":{"displayValue":"0","score":true,"helpText":"Consider instrumenting your app with the User Timing API to create custom, real-world measurements of key user experiences. [Learn more](https://developers.google.com/web/tools/lighthouse/audits/user-timing).","rawValue":true,"extendedInfo":{"value":[]},"name":"user-timings","description":"User Timing marks and measures","scoringMode":"binary","informative":true,"details":{"itemHeaders":[{"itemType":"text","text":"Name","type":"text"},{"itemType":"text","text":"Type","type":"text"},{"itemType":"text","text":"Time","type":"text"}],"header":"View Details","type":"table","items":[]}},"manifest-short-name-length":{"displayValue":"","score":false,"helpText":"Make your app's `short_name` fewer than 12 characters to ensure that it's not truncated on homescreens. [Learn more](https://developers.google.com/web/tools/lighthouse/audits/manifest-short_name-is-not-truncated).","rawValue":false,"name":"manifest-short-name-length","description":"Manifest's `short_name` will be truncated when displayed on homescreen","scoringMode":"binary"},"no-vulnerable-libraries":{"displayValue":"","score":true,"helpText":"Some third-party scripts may contain known security vulnerabilities  that are easily identified and exploited by attackers.","rawValue":true,"name":"no-vulnerable-libraries","description":"Avoids front-end JavaScript libraries with known security vulnerabilities","scoringMode":"binary"},"font-size":{"displayValue":"","score":true,"debugString":null,"helpText":"Font sizes less than 12px are too small to be legible and require mobile visitors to \u201cpinch to zoom\u201d in order to read. Strive to have >60% of page text ≥12px. [Learn more](https://developers.google.com/web/tools/lighthouse/audits/font-sizes).","rawValue":true,"name":"font-size","description":"Document uses legible font sizes","scoringMode":"binary","details":{"itemHeaders":[{"itemType":"url","text":"Source","type":"text"},{"itemType":"code","text":"Selector","type":"text"},{"itemType":"text","text":"% of Page Text","type":"text"},{"itemType":"text","text":"Font Size","type":"text"}],"header":"View Details","type":"table","items":[[{"text":"Legible text","type":"url"},{"text":null,"type":"code"},{"text":"100.00%","type":"text"},{"text":"≥ 12px","type":"text"}]]}},"aria-valid-attr":{"displayValue":"","score":true,"helpText":"Assistive technologies, like screen readers, can't interpret ARIA attributes with invalid names. [Learn more](https://dequeuniversity.com/rules/axe/2.2/aria-valid-attr?application=lighthouse).","rawValue":true,"extendedInfo":{},"name":"aria-valid-attr","description":"`[aria-*]` attributes are valid and not misspelled","scoringMode":"binary","details":{"header":{"text":"View failing elements","type":"text"},"type":"list","items":[]}},"aria-required-attr":{"displayValue":"","score":false,"helpText":"Some ARIA roles have required attributes that describe the state of the element to screen readers. [Learn more](https://dequeuniversity.com/rules/axe/2.2/aria-required-attr?application=lighthouse).","rawValue":false,"name":"aria-required-attr","description":"`[role]`s do not have all required `[aria-*]` attributes","scoringMode":"binary","informative":true,"notApplicable":true},"aria-roles":{"displayValue":"","score":false,"helpText":"ARIA roles must have valid values in order to perform their intended accessibility functions. [Learn more](https://dequeuniversity.com/rules/axe/2.2/aria-roles?application=lighthouse).","rawValue":false,"name":"aria-roles","description":"`[role]` values are not valid","scoringMode":"binary","informative":true,"notApplicable":true},"redirects-http":{"displayValue":"","score":false,"helpText":"If you've already set up HTTPS, make sure that you redirect all HTTP traffic to HTTPS. [Learn more](https://developers.google.com/web/tools/lighthouse/audits/http-redirects-to-https).","rawValue":false,"name":"redirects-http","description":"Does not redirect HTTP traffic to HTTPS","scoringMode":"binary"},"aria-required-children":{"displayValue":"","score":false,"helpText":"Some ARIA parent roles must contain specific child roles to perform their intended accessibility functions. [Learn more](https://dequeuniversity.com/rules/axe/2.2/aria-required-children?application=lighthouse).","rawValue":false,"name":"aria-required-children","description":"Elements with `[role]` that require specific children `[role]`s, are missing.","scoringMode":"binary","informative":true,"notApplicable":true},"dom-size":{"displayValue":"94 nodes","score":100,"helpText":"Browser engineers recommend pages contain fewer than ~1,500 DOM nodes. The sweet spot is a tree depth < 32 elements and fewer than 60 children/parent element. A large DOM can increase memory usage, cause longer [style calculations](https://developers.google.com/web/fundamentals/performance/rendering/reduce-the-scope-and-complexity-of-style-calculations), and produce costly [layout reflows](https://developers.google.com/speed/articles/reflow). [Learn more](https://developers.google.com/web/fundamentals/performance/rendering/).","rawValue":94,"extendedInfo":{"value":[{"title":"Total DOM Nodes","value":"94","target":"< 1,500 nodes"},{"snippet":"html >\n  body >\n    main >\n      div#inspire.application.theme--dark >\n        div.application--wrap >\n          aside.navigation-drawer.navigation-drawer--clipped.navigation-drawer--close.navigation-drawer--fixed.navigation-drawer--is-mobile >\n            div.list >\n              div >\n                div.list__tile >\n                  div.input-group.input-group--dirty.input-group--selection-controls.switch.accent--text >\n                    div.input-group__input >\n                      div.input-group--selection-controls__container >\n                        div.input-group--selection-controls__toggle.input-group--selection-controls__toggle--active","title":"DOM Depth","value":"13","target":"< 32"},{"snippet":"Element with most children:\nhead","title":"Maximum Children","value":"8","target":"< 60 nodes"}]},"name":"dom-size","description":"Avoids an excessive DOM size","scoringMode":"numeric","details":{"header":{"text":"View details","type":"text"},"type":"cards","items":[{"title":"Total DOM Nodes","value":"94","target":"< 1,500 nodes"},{"snippet":"html >\n  body >\n    main >\n      div#inspire.application.theme--dark >\n        div.application--wrap >\n          aside.navigation-drawer.navigation-drawer--clipped.navigation-drawer--close.navigation-drawer--fixed.navigation-drawer--is-mobile >\n            div.list >\n              div >\n                div.list__tile >\n                  div.input-group.input-group--dirty.input-group--selection-controls.switch.accent--text >\n                    div.input-group__input >\n                      div.input-group--selection-controls__container >\n                        div.input-group--selection-controls__toggle.input-group--selection-controls__toggle--active","title":"DOM Depth","value":"13","target":"< 32"},{"snippet":"Element with most children:\nhead","title":"Maximum Children","value":"8","target":"< 60 nodes"}]}},"no-websql":{"displayValue":"","score":true,"debugString":"","helpText":"Web SQL is deprecated. Consider using IndexedDB instead. [Learn more](https://developers.google.com/web/tools/lighthouse/audits/web-sql).","rawValue":true,"name":"no-websql","description":"Avoids WebSQL DB","scoringMode":"binary"},"webapp-install-banner":{"displayValue":"","score":false,"debugString":"Failures: No manifest was fetched, Site does not register a service worker, Service worker does not successfully serve the manifest's start_url, No usable web app manifest found on page.","helpText":"Browsers can proactively prompt users to add your app to their homescreen, which can lead to higher engagement. [Learn more](https://developers.google.com/web/tools/lighthouse/audits/install-prompt).","rawValue":false,"extendedInfo":{"value":{"failures":["No manifest was fetched","Site does not register a service worker","Service worker does not successfully serve the manifest's start_url","No usable web app manifest found on page"],"warnings":["No usable web app manifest found on page"],"manifestValues":{"parseFailureReason":"No manifest was fetched","allChecks":[],"isParseFailure":true}}},"name":"webapp-install-banner","description":"User will not be prompted to Install the Web App","scoringMode":"binary"},"uses-passive-event-listeners":{"displayValue":"","score":true,"helpText":"Consider marking your touch and wheel event listeners as `passive` to improve your page's scroll performance. [Learn more](https://developers.google.com/web/tools/lighthouse/audits/passive-event-listeners).","rawValue":true,"extendedInfo":{"value":[]},"name":"uses-passive-event-listeners","description":"Uses passive listeners to improve scrolling performance","scoringMode":"binary","details":{"itemHeaders":[{"itemType":"url","text":"URL","type":"text"},{"itemType":"text","text":"Location","type":"text"}],"header":"View Details","type":"table","items":[]}},"screenshot-thumbnails":{"displayValue":"true","score":100,"helpText":"This is what the load of your site looked like.","rawValue":true,"name":"screenshot-thumbnails","description":"Screenshot Thumbnails","scoringMode":"binary","informative":true,"details":{"scale":6606,"type":"filmstrip","items":[{"data":"/9j/4AAQSkZJRgABAQAAAQABAAD/2wCEAAMCAgMCAgMDAwMEAwMEBQgFBQQEBQoHBwYIDAoMDAsKCwsNDhIQDQ4RDgsLEBYQERMUFRUVDA8XGBYUGBIUFRQBAwQEBQQFCQUFCRQNCw0UFBQUFBQUFBQUFBQUFBQUFBQUFBQUFBQUFBQUFBQUFBQUFBQUFBQUFBQUFBQUFBQUFP/AABEIANUAeAMBEQACEQEDEQH/xAGiAAABBQEBAQEBAQAAAAAAAAAAAQIDBAUGBwgJCgsQAAIBAwMCBAMFBQQEAAABfQECAwAEEQUSITFBBhNRYQcicRQygZGhCCNCscEVUtHwJDNicoIJChYXGBkaJSYnKCkqNDU2Nzg5OkNERUZHSElKU1RVVldYWVpjZGVmZ2hpanN0dXZ3eHl6g4SFhoeIiYqSk5SVlpeYmZqio6Slpqeoqaqys7S1tre4ubrCw8TFxsfIycrS09TV1tfY2drh4uPk5ebn6Onq8fLz9PX29/j5+gEAAwEBAQEBAQEBAQAAAAAAAAECAwQFBgcICQoLEQACAQIEBAMEBwUEBAABAncAAQIDEQQFITEGEkFRB2FxEyIygQgUQpGhscEJIzNS8BVictEKFiQ04SXxFxgZGiYnKCkqNTY3ODk6Q0RFRkdISUpTVFVWV1hZWmNkZWZnaGlqc3R1dnd4eXqCg4SFhoeIiYqSk5SVlpeYmZqio6Slpqeoqaqys7S1tre4ubrCw8TFxsfIycrS09TV1tfY2dri4+Tl5ufo6ery8/T19vf4+fr/2gAMAwEAAhEDEQA/AP1ToAKACgAoAKACgAoAKACgAoAKACgAoAKACgAoAKACgAoAKACgAoAKACgAoAKACgAoAKACgAoAKACgAoAKACgAoAKACgAoAKACgAoAKACgAoAKACgAoAKACgAoAKACgAoAKACgAoAKACgAoAKACgAoAKACgAoAKACgAoAKACgAoAKACgAoAKACgAoAKACgAoAKACgAoAKACgAoAKACgAoAKACgAoAKACgAoAKACgAoAKACgAoAKACgAoAKACgAoAKACgAoAKACgAoAKACgAoAKACgAoAKACgAoAKACgAoAKACgAoAKACgAoAKACgAoAKACgAoAKACgAoAKACgAoAKACgAoAKACgAoAKACgAoAKACgAoAKACgAoAKACgAoAKACgAoAKACgAoAKACgAoAKACgAoAKACgAoAKACgAoAKACgAoAKACgAoAKACgAoAKACgAoAKACgAoAKACgAoAKACgAoAKACgAoAKACgAoAKACgAoAKACgAoAKACgAoAKACgAoAKACgAoAKACgAoAKACgAoAKACgAoAKACgAoAKACgAoAKACgAoAKACgAoAKACgAoAKACgAoAKACgAoAKACgAoAKACgAoAKACgAoAKACgAoAKACgAoAKACgAoAKACgAoAKACgAoAKACgAoAKACgAoAKACgAoAKACgAoAKACgAoAKACgAoAKACgAoAKACgAoAKACgAoAKACgAoAKACgAoAKACgAoAKACgAoAKACgAoAKACgAoAKACgAoAKACgAoAKACgAoAKACgAoAKACgAoAKACgAoAKACgAoAKACgAoAKACgAoAKACgAoAKACgAoAKACgAoAKACgAoAKACgAoAKACgAoAKACgAoAKACgAoAKACgAoAKACgAoAKACgAoAKACgAoAKACgAoAKACgAoAKACgAoAKACgAoAKACgAoAKACgAoAKACgD//Z","timing":661,"timestamp":8650053854298},{"data":"/9j/4AAQSkZJRgABAQAAAQABAAD/2wCEAAMCAgMCAgMDAwMEAwMEBQgFBQQEBQoHBwYIDAoMDAsKCwsNDhIQDQ4RDgsLEBYQERMUFRUVDA8XGBYUGBIUFRQBAwQEBQQFCQUFCRQNCw0UFBQUFBQUFBQUFBQUFBQUFBQUFBQUFBQUFBQUFBQUFBQUFBQUFBQUFBQUFBQUFBQUFP/AABEIANUAeAMBEQACEQEDEQH/xAGiAAABBQEBAQEBAQAAAAAAAAAAAQIDBAUGBwgJCgsQAAIBAwMCBAMFBQQEAAABfQECAwAEEQUSITFBBhNRYQcicRQygZGhCCNCscEVUtHwJDNicoIJChYXGBkaJSYnKCkqNDU2Nzg5OkNERUZHSElKU1RVVldYWVpjZGVmZ2hpanN0dXZ3eHl6g4SFhoeIiYqSk5SVlpeYmZqio6Slpqeoqaqys7S1tre4ubrCw8TFxsfIycrS09TV1tfY2drh4uPk5ebn6Onq8fLz9PX29/j5+gEAAwEBAQEBAQEBAQAAAAAAAAECAwQFBgcICQoLEQACAQIEBAMEBwUEBAABAncAAQIDEQQFITEGEkFRB2FxEyIygQgUQpGhscEJIzNS8BVictEKFiQ04SXxFxgZGiYnKCkqNTY3ODk6Q0RFRkdISUpTVFVWV1hZWmNkZWZnaGlqc3R1dnd4eXqCg4SFhoeIiYqSk5SVlpeYmZqio6Slpqeoqaqys7S1tre4ubrCw8TFxsfIycrS09TV1tfY2dri4+Tl5ufo6ery8/T19vf4+fr/2gAMAwEAAhEDEQA/AP1ToAKACgAoAKACgAoAKACgAoAKACgAoAKACgAoAKACgAoAKACgAoAKACgAoAKACgAoAKACgAoAKACgAoAKACgAoAKACgAoAKACgAoAKACgAoAKACgAoAKACgAoAKACgAoAKACgAoAKACgAoAKACgAoAKACgAoAKACgAoAKACgAoAKACgAoAKACgAoAKACgAoAKACgAoAKACgAoAKACgAoAKACgAoAKACgAoAKACgAoAKACgAoAKACgAoAKACgAoAKACgAoAKACgAoAKACgAoAKACgAoAKACgAoAKACgAoAKACgAoAKACgAoAKACgAoAKACgAoAKACgAoAKACgAoAKACgAoAKACgAoAKACgAoAKACgAoAKACgAoAKACgAoAKACgAoAKACgAoAKACgAoAKACgAoAKACgAoAKACgAoAKACgAoAKACgAoAKACgAoAKACgAoAKACgAoAKACgAoAKACgAoAKACgAoAKACgAoAKACgAoAKACgAoAKACgAoAKACgAoAKACgAoAKACgAoAKACgAoAKACgAoAKACgAoAKACgAoAKACgAoAKACgAoAKACgAoAKACgAoAKACgAoAKACgAoAKACgAoAKACgAoAKACgAoAKACgAoAKACgAoAKACgAoAKACgAoAKACgAoAKACgAoAKACgAoAKACgAoAKACgAoAKACgAoAKACgAoAKACgAoAKACgAoAKACgAoAKACgAoAKACgAoAKACgAoAKACgAoAKACgAoAKACgAoAKACgAoAKACgAoAKACgAoAKACgAoAKACgAoAKACgAoAKACgAoAKACgAoAKACgAoAKACgAoAKACgAoAKACgAoAKACgAoAKACgAoAKACgAoAKACgAoAKACgAoAKACgAoAKACgAoAKACgAoAKACgAoAKACgAoAKACgAoAKACgAoAKACgAoAKACgAoAKACgD//Z","timing":1321,"timestamp":8.650054514898001E12},{"data":"/9j/4AAQSkZJRgABAQAAAQABAAD/2wCEAAMCAgMCAgMDAwMEAwMEBQgFBQQEBQoHBwYIDAoMDAsKCwsNDhIQDQ4RDgsLEBYQERMUFRUVDA8XGBYUGBIUFRQBAwQEBQQFCQUFCRQNCw0UFBQUFBQUFBQUFBQUFBQUFBQUFBQUFBQUFBQUFBQUFBQUFBQUFBQUFBQUFBQUFBQUFP/AABEIANUAeAMBEQACEQEDEQH/xAGiAAABBQEBAQEBAQAAAAAAAAAAAQIDBAUGBwgJCgsQAAIBAwMCBAMFBQQEAAABfQECAwAEEQUSITFBBhNRYQcicRQygZGhCCNCscEVUtHwJDNicoIJChYXGBkaJSYnKCkqNDU2Nzg5OkNERUZHSElKU1RVVldYWVpjZGVmZ2hpanN0dXZ3eHl6g4SFhoeIiYqSk5SVlpeYmZqio6Slpqeoqaqys7S1tre4ubrCw8TFxsfIycrS09TV1tfY2drh4uPk5ebn6Onq8fLz9PX29/j5+gEAAwEBAQEBAQEBAQAAAAAAAAECAwQFBgcICQoLEQACAQIEBAMEBwUEBAABAncAAQIDEQQFITEGEkFRB2FxEyIygQgUQpGhscEJIzNS8BVictEKFiQ04SXxFxgZGiYnKCkqNTY3ODk6Q0RFRkdISUpTVFVWV1hZWmNkZWZnaGlqc3R1dnd4eXqCg4SFhoeIiYqSk5SVlpeYmZqio6Slpqeoqaqys7S1tre4ubrCw8TFxsfIycrS09TV1tfY2dri4+Tl5ufo6ery8/T19vf4+fr/2gAMAwEAAhEDEQA/AP1ToAKACgAoAKACgAoAKACgAoAKACgAoAKACgAoAKACgAoAKACgAoAKACgAoAKACgAoAKACgAoAKACgAoAKACgAoAKACgAoAKACgAoAKACgAoAKACgAoAKACgAoAKACgAoAKACgAoAKACgAoAKACgAoAKACgAoAKACgAoAKACgAoAKACgAoAKACgAoAKACgAoAKACgAoAKACgAoAKACgAoAKACgAoAKACgAoAKACgAoAKACgAoAKACgAoAKACgAoAKACgAoAKACgAoAKACgAoAKACgAoAKACgAoAKACgAoAKACgAoAKACgAoAKACgAoAKACgAoAKACgAoAKACgAoAKACgAoAKACgAoAKACgAoAKACgAoAKACgAoAKACgAoAKACgAoAKACgAoAKACgAoAKACgAoAKACgAoAKACgAoAKACgAoAKACgAoAKACgAoAKACgAoAKACgAoAKACgAoAKACgAoAKACgAoAKACgAoAKACgAoAKACgAoAKACgAoAKACgAoAKACgAoAKACgAoAKACgAoAKACgAoAKACgAoAKACgAoAKACgAoAKACgAoAKACgAoAKACgAoAKACgAoAKACgAoAKACgAoAKACgAoAKACgAoAKACgAoAKACgAoAKACgAoAKACgAoAKACgAoAKACgAoAKACgAoAKACgAoAKACgAoAKACgAoAKACgAoAKACgAoAKACgAoAKACgAoAKACgAoAKACgAoAKACgAoAKACgAoAKACgAoAKACgAoAKACgAoAKACgAoAKACgAoAKACgAoAKACgAoAKACgAoAKACgAoAKACgAoAKACgAoAKACgAoAKACgAoAKACgAoAKACgAoAKACgAoAKACgAoAKACgAoAKACgAoAKACgAoAKACgAoAKACgAoAKACgAoAKACgAoAKACgAoAKACgAoAKACgAoAKACgAoAKACgD//Z","timing":1982,"timestamp":8.650055175497999E12},{"data":"/9j/4AAQSkZJRgABAQAAAQABAAD/2wCEAAMCAgMCAgMDAwMEAwMEBQgFBQQEBQoHBwYIDAoMDAsKCwsNDhIQDQ4RDgsLEBYQERMUFRUVDA8XGBYUGBIUFRQBAwQEBQQFCQUFCRQNCw0UFBQUFBQUFBQUFBQUFBQUFBQUFBQUFBQUFBQUFBQUFBQUFBQUFBQUFBQUFBQUFBQUFP/AABEIANUAeAMBEQACEQEDEQH/xAGiAAABBQEBAQEBAQAAAAAAAAAAAQIDBAUGBwgJCgsQAAIBAwMCBAMFBQQEAAABfQECAwAEEQUSITFBBhNRYQcicRQygZGhCCNCscEVUtHwJDNicoIJChYXGBkaJSYnKCkqNDU2Nzg5OkNERUZHSElKU1RVVldYWVpjZGVmZ2hpanN0dXZ3eHl6g4SFhoeIiYqSk5SVlpeYmZqio6Slpqeoqaqys7S1tre4ubrCw8TFxsfIycrS09TV1tfY2drh4uPk5ebn6Onq8fLz9PX29/j5+gEAAwEBAQEBAQEBAQAAAAAAAAECAwQFBgcICQoLEQACAQIEBAMEBwUEBAABAncAAQIDEQQFITEGEkFRB2FxEyIygQgUQpGhscEJIzNS8BVictEKFiQ04SXxFxgZGiYnKCkqNTY3ODk6Q0RFRkdISUpTVFVWV1hZWmNkZWZnaGlqc3R1dnd4eXqCg4SFhoeIiYqSk5SVlpeYmZqio6Slpqeoqaqys7S1tre4ubrCw8TFxsfIycrS09TV1tfY2dri4+Tl5ufo6ery8/T19vf4+fr/2gAMAwEAAhEDEQA/AP1ToAKACgAoAKACgAoAKACgAoAKACgAoAKACgAoAKACgAoAKACgAoAKACgAoAKACgAoAKACgAoAKACgAoAKACgAoAKACgAoAKACgAoAKACgAoAKACgAoAKACgAoAKACgAoAKACgAoAKACgAoAKACgAoAKACgAoAKACgAoAKACgAoAKACgAoAKACgAoAKACgAoAKACgAoAKACgAoAKACgAoAKACgAoAKACgAoAKACgAoAKACgAoAKACgAoAKACgAoAKACgAoAKACgAoAKACgAoAKACgAoAKACgAoAKACgAoAKACgAoAKACgAoAKACgAoAKACgAoAKACgAoAKACgAoAKACgAoAKACgAoAKACgAoAKACgAoAKACgAoAKACgAoAKACgAoAKACgAoAKACgAoAKACgAoAKACgAoAKACgAoAKACgAoAKACgAoAKACgAoAKACgAoAKACgAoAKACgAoAKACgAoAKACgAoAKACgAoAKACgAoAKACgAoAKACgAoAKACgAoAKACgAoAKACgAoAKACgAoAKACgAoAKACgAoAKACgAoAKACgAoAKACgAoAKACgAoAKACgAoAKACgAoAKACgAoAKACgAoAKACgAoAKACgAoAKACgAoAKACgAoAKACgAoAKACgAoAKACgAoAKACgAoAKACgAoAKACgAoAKACgAoAKACgAoAKACgAoAKACgAoAKACgAoAKACgAoAKACgAoAKACgAoAKACgAoAKACgAoAKACgAoAKACgAoAKACgAoAKACgAoAKACgAoAKACgAoAKACgAoAKACgAoAKACgAoAKACgAoAKACgAoAKACgAoAKACgAoAKACgAoAKACgAoAKACgAoAKACgAoAKACgAoAKACgAoAKACgAoAKACgAoAKACgAoAKACgAoAKACgAoAKACgAoAKACgAoAKACgAoAKACgAoAKACgD//Z","timing":2642,"timestamp":8650055836098},{"data":"/9j/4AAQSkZJRgABAQAAAQABAAD/2wCEAAMCAgMCAgMDAwMEAwMEBQgFBQQEBQoHBwYIDAoMDAsKCwsNDhIQDQ4RDgsLEBYQERMUFRUVDA8XGBYUGBIUFRQBAwQEBQQFCQUFCRQNCw0UFBQUFBQUFBQUFBQUFBQUFBQUFBQUFBQUFBQUFBQUFBQUFBQUFBQUFBQUFBQUFBQUFP/AABEIANUAeAMBEQACEQEDEQH/xAGiAAABBQEBAQEBAQAAAAAAAAAAAQIDBAUGBwgJCgsQAAIBAwMCBAMFBQQEAAABfQECAwAEEQUSITFBBhNRYQcicRQygZGhCCNCscEVUtHwJDNicoIJChYXGBkaJSYnKCkqNDU2Nzg5OkNERUZHSElKU1RVVldYWVpjZGVmZ2hpanN0dXZ3eHl6g4SFhoeIiYqSk5SVlpeYmZqio6Slpqeoqaqys7S1tre4ubrCw8TFxsfIycrS09TV1tfY2drh4uPk5ebn6Onq8fLz9PX29/j5+gEAAwEBAQEBAQEBAQAAAAAAAAECAwQFBgcICQoLEQACAQIEBAMEBwUEBAABAncAAQIDEQQFITEGEkFRB2FxEyIygQgUQpGhscEJIzNS8BVictEKFiQ04SXxFxgZGiYnKCkqNTY3ODk6Q0RFRkdISUpTVFVWV1hZWmNkZWZnaGlqc3R1dnd4eXqCg4SFhoeIiYqSk5SVlpeYmZqio6Slpqeoqaqys7S1tre4ubrCw8TFxsfIycrS09TV1tfY2dri4+Tl5ufo6ery8/T19vf4+fr/2gAMAwEAAhEDEQA/AP1ToAKACgAoAKACgAoAKACgAoAKACgAoAKACgAoAKACgAoAKACgAoAKACgAoAKACgAoAKACgAoAKACgAoAKACgAoAKACgAoAKACgAoAKACgAoAKACgAoAKACgAoAKACgAoAKACgAoAKACgAoAKACgAoAKACgAoAKACgAoAKACgAoAKACgAoAKACgAoAKACgAoAKACgAoAKACgAoAKACgAoAKACgAoAKACgAoAKACgAoAKACgAoAKACgAoAKACgAoAKACgAoAKACgAoAKACgAoAKACgAoAKACgAoAKACgAoAKACgAoAKACgAoAKACgAoAKACgAoAKACgAoAKACgAoAKACgAoAKACgAoAKACgAoAKACgAoAKACgAoAKACgAoAKACgAoAKACgAoAKACgAoAKACgAoAKACgAoAKACgAoAKACgAoAKACgAoAKACgAoAKACgAoAKACgAoAKACgAoAKACgAoAKACgAoAKACgAoAKACgAoAKACgAoAKACgAoAKACgAoAKACgAoAKACgAoAKACgAoAKACgAoAKACgAoAKACgAoAKACgAoAKACgAoAKACgAoAKACgAoAKACgAoAKACgAoAKACgAoAKACgAoAKACgAoAKACgAoAKACgAoAKACgAoAKACgAoAKACgAoAKACgAoAKACgAoAKACgAoAKACgAoAKACgAoAKACgAoAKACgAoAKACgAoAKACgAoAKACgAoAKACgAoAKACgAoAKACgAoAKACgAoAKACgAoAKACgAoAKACgAoAKACgAoAKACgAoAKACgAoAKACgAoAKACgAoAKACgAoAKACgAoAKACgAoAKACgAoAKACgAoAKACgAoAKACgAoAKACgAoAKACgAoAKACgAoAKACgAoAKACgAoAKACgAoAKACgAoAKACgAoAKACgAoAKACgAoAKACgAoAKACgAoAKACgD//Z","timing":3303,"timestamp":8650056496698},{"data":"/9j/4AAQSkZJRgABAQAAAQABAAD/2wCEAAMCAgMCAgMDAwMEAwMEBQgFBQQEBQoHBwYIDAoMDAsKCwsNDhIQDQ4RDgsLEBYQERMUFRUVDA8XGBYUGBIUFRQBAwQEBQQFCQUFCRQNCw0UFBQUFBQUFBQUFBQUFBQUFBQUFBQUFBQUFBQUFBQUFBQUFBQUFBQUFBQUFBQUFBQUFP/AABEIANUAeAMBEQACEQEDEQH/xAGiAAABBQEBAQEBAQAAAAAAAAAAAQIDBAUGBwgJCgsQAAIBAwMCBAMFBQQEAAABfQECAwAEEQUSITFBBhNRYQcicRQygZGhCCNCscEVUtHwJDNicoIJChYXGBkaJSYnKCkqNDU2Nzg5OkNERUZHSElKU1RVVldYWVpjZGVmZ2hpanN0dXZ3eHl6g4SFhoeIiYqSk5SVlpeYmZqio6Slpqeoqaqys7S1tre4ubrCw8TFxsfIycrS09TV1tfY2drh4uPk5ebn6Onq8fLz9PX29/j5+gEAAwEBAQEBAQEBAQAAAAAAAAECAwQFBgcICQoLEQACAQIEBAMEBwUEBAABAncAAQIDEQQFITEGEkFRB2FxEyIygQgUQpGhscEJIzNS8BVictEKFiQ04SXxFxgZGiYnKCkqNTY3ODk6Q0RFRkdISUpTVFVWV1hZWmNkZWZnaGlqc3R1dnd4eXqCg4SFhoeIiYqSk5SVlpeYmZqio6Slpqeoqaqys7S1tre4ubrCw8TFxsfIycrS09TV1tfY2dri4+Tl5ufo6ery8/T19vf4+fr/2gAMAwEAAhEDEQA/AP1ToAKACgAoAKACgAoAKACgAoAKACgAoAKACgAoAKACgAoAKACgAoAKACgAoAKACgAoAKACgAoAKACgAoAKACgAoAKACgAoAKACgAoAKACgAoAKACgAoAKACgAoAKACgAoAKACgAoAKACgAoAKACgAoAKACgAoAKACgAoAKACgAoAKACgAoAKACgAoAKACgAoAKACgAoAKACgAoAKACgAoAKACgAoAKACgAoAKACgAoAKACgAoAKACgAoAKACgAoAKACgAoAKACgAoAKACgAoAKACgAoAKACgAoAKACgAoAKACgAoAKACgAoAKACgAoAKACgAoAKACgAoAKACgAoAKACgAoAKACgAoAKACgAoAKACgAoAKACgAoAKACgAoAKACgAoAKACgAoAKACgAoAKACgAoAKACgAoAKACgAoAKACgAoAKACgAoAKACgAoAKACgAoAKACgAoAKACgAoAKACgAoAKACgAoAKACgAoAKACgAoAKACgAoAKACgAoAKACgAoAKACgAoAKACgAoAKACgAoAKACgAoAKACgAoAKACgAoAKACgAoAKACgAoAKACgAoAKACgAoAKACgAoAKACgAoAKACgAoAKACgAoAKACgAoAKACgAoAKACgAoAKACgAoAKACgAoAKACgAoAKACgAoAKACgAoAKACgAoAKACgAoAKACgAoAKACgAoAKACgAoAKACgAoAKACgAoAKACgAoAKACgAoAKACgAoAKACgAoAKACgAoAKACgAoAKACgAoAKACgAoAKACgAoAKACgAoAKACgAoAKACgAoAKACgAoAKACgAoAKACgAoAKACgAoAKACgAoAKACgAoAKACgAoAKACgAoAKACgAoAKACgAoAKACgAoAKACgAoAKACgAoAKACgAoAKACgAoAKACgAoAKACgAoAKACgAoAKACgAoAKACgAoAKACgD//Z","timing":3964,"timestamp":8650057157298},{"data":"/9j/4AAQSkZJRgABAQAAAQABAAD/2wCEAAMCAgMCAgMDAwMEAwMEBQgFBQQEBQoHBwYIDAoMDAsKCwsNDhIQDQ4RDgsLEBYQERMUFRUVDA8XGBYUGBIUFRQBAwQEBQQFCQUFCRQNCw0UFBQUFBQUFBQUFBQUFBQUFBQUFBQUFBQUFBQUFBQUFBQUFBQUFBQUFBQUFBQUFBQUFP/AABEIANUAeAMBEQACEQEDEQH/xAGiAAABBQEBAQEBAQAAAAAAAAAAAQIDBAUGBwgJCgsQAAIBAwMCBAMFBQQEAAABfQECAwAEEQUSITFBBhNRYQcicRQygZGhCCNCscEVUtHwJDNicoIJChYXGBkaJSYnKCkqNDU2Nzg5OkNERUZHSElKU1RVVldYWVpjZGVmZ2hpanN0dXZ3eHl6g4SFhoeIiYqSk5SVlpeYmZqio6Slpqeoqaqys7S1tre4ubrCw8TFxsfIycrS09TV1tfY2drh4uPk5ebn6Onq8fLz9PX29/j5+gEAAwEBAQEBAQEBAQAAAAAAAAECAwQFBgcICQoLEQACAQIEBAMEBwUEBAABAncAAQIDEQQFITEGEkFRB2FxEyIygQgUQpGhscEJIzNS8BVictEKFiQ04SXxFxgZGiYnKCkqNTY3ODk6Q0RFRkdISUpTVFVWV1hZWmNkZWZnaGlqc3R1dnd4eXqCg4SFhoeIiYqSk5SVlpeYmZqio6Slpqeoqaqys7S1tre4ubrCw8TFxsfIycrS09TV1tfY2dri4+Tl5ufo6ery8/T19vf4+fr/2gAMAwEAAhEDEQA/AP0bk8LeMEuh9l8ZJFaC8SXyp9KjlcWyxQKYA+4cs8cz+YwYjz8Y+RSQDrtMt57TTrWG5unvriOJEkuXRUaVgoBcqoABJycAYGeKALVABQAUAFABQAUAFABQAUAFABQAUAFABQAUAFABQAUAFABQAUAFABQAUAFABQAUAFABQAUAFABQAUAFABQAUAFABQAUAFABQAUAFABQAUAFABQAUAFABQAUAFABQAUAFABQAUAFACZ5xQAZGcd6AFoAKACgAoAKACgAoAKACgAoAKACgAoA8AbVfiFqEGl3Wja9oL2kFwbHVBNfwzbbgSxCKFJAD+9kHyOrcgynbuOwgA7zwHq+q2WrXll4h1fTrqG7mCaTIs8azzPGji4hMSjG6MxliQxOTICsYQAgHftOoYr1cLu2jrj6daAATI2MMDkkZBHUHH8xQAi3CMMgjGCScg4x1H1oAZp9/b6rYW97ZzR3NpcRrLDPC4dJEYZVlYEgggggg4INAFigAoAKACgAoAKACgAoAKAOF1j4PeEvFt/omq6npZvL/RpvtGmXM0syyWT/ALrJjywKZMEeQMA/N2dsgDdG+B3grw9pVrYadoUFrHaQS29rOjN9ptY5FdXWG4z5sWRI4Gxxt3HbigB+ifBfwj4c059O03TGtdMa8hvxYLdTm3ininSeIxRlysSrJGjbEAU4AIIoAst8JfC5Piwpp8kLeKgo1d4LyeJ7jClRhlcGP5SR8hXrQBj3v7O/w+1O4vJ73w5BdyXieXcCeWWRJB9qN2cozlcm4YyFsZJOCSOKAO60PRrTw5oun6Tp8XkWFhbx2tvFuLbI0UKq5YknAAGSSaAL1ABQAUAFABQAUAFABQAUAFABQAUAFABQAUAFABQAUAFABQAUAFABQAUAJuoFfWwbqAuAOaBi0AFABQAUAFABQAUAFABQAUAFABQByaS6/f6Wk1hPZf6RCjQTzRO/UZDsoZCQwK/LwRzyeldj+rNt6nn2xe2hXv8A/hODph+xHRV1EeWy/aVlMX3Y/MU7efvGXB9FTI5JEr6u90waxS2aNfTU8Qf27eG9fTv7H2D7MsMb/aC2TkuSduMbcYHr0xgxP2XKuS9zal7fm/ebG7WB1BQAUARiZec4XHXJppNkOaWjYvmqDjIz9aLMHOK6jftCEkBlJXBIz0H+Qfyos+qDnjrZiC6jP8QHtmnyvsQqsHrckVg6gggg9xSasap31Q6kMKACgAoA8ttfEXirw3YQWVxYJKIFENuLKwe4Msa+UiFmMyBGJlAwQANrMSEBau14eLfuzT+Vv8zzFi3b3qbXzv8AohsvxI15bS9mi02/ma0PMI8OTK8yllCmPdcBTkMGwSCAGyBg1Twm3vrXzGsZ/wBO39x0XhvVvEuvSasJVt9LWyvXtI/tWmyD7Qqqh81D5/KEsQD329jkDmqU+TlfNe6vp0v09TrpVOe6tazsbX2XX/8AoJ6b/wCC6T/4/WJuH2XX/wDoJ6b/AOC6T/4/QAfZdf8A+gnpv/guk/8Aj9AFQ+EoL+++26wUvbuPasfl+ZHCoDBlYRF2UOCPv9ccdK2hVnCPKmc86EJy5mMPw80JnspPs03m2f8AqZftMvmAbGQqW3bmUhjlWJBOGIyAar6xU7kfVqbdyS08CaPY209rBahLSaaO4aDcxVXRlZNoJ+VVKKQq4A7Dml7ed076r9RrDxSa6MSz+H2h6ejLb2rxhoEtm/fOxaNCxVSSckDew57YHQACvrFS/Nfrf8v8hfVafLym9a20dnbxwRLtijUIi+gAwBXO227s6klFJIlpDCgAoAKAPM/CfijTLvw1p3k+HJb1Ft1jeeJrMozL8j8mYc70IIPIIwQDTuKxb1Txfomj6ebzUPDcllatJFCJLp7KJGeWTZGoZpwuXchQM5JYAZJpDLNxr9hYxNJP4RuoYYwS8kos1RADzkmbA6Z/H3oA0YJre4hjlTwnOUkUOvy2vQ9P+WtAD/3P/QpT/wDfNr/8doAP3P8A0KU//fNr/wDHaAKP9la5dyXUmmzjw9aSW/lRWr28RkimyT5wKl0YEbV2kZ4JyOjaxnTS1WpjUhU5vdlobPh6x1eyN6dV1CO/864aWARxeX5EZxti77sYzu4znoKU3F25VYdNSSfO7mxiszQWgYUAFABQAUAFAHlFp+zT4R022uYrCbWLJrkYmki1KQlwZzPINrEqA7vLnao+WaRV2hsUAbCfA7wrH4Qm8MLb3C6JK0Tm2S4ZCrRtuRlkUh1ZWCsGDAhlBB9QDF0f9l34faBYvZ6fpc9pbM2Qkd3KNn7qSH5fm+U7JXG4YP3TnKqQAep2lstpbRQKSyxoEBbqQBigCagAoAKACgAoAKACgAoAKACgAoA4A/G3w0YfFjRTS3M3hm9isL+CFA0hlkKqixrnMjMzbFjHzuw2qrFk3AGndfEK3hj1VYdNv7y80ydreexhWMTFgYTlCzhGBjuIpAA+SG243gpQBZ1PxvbaJLdpf2V/AsLxokkVubhZQyFt48rcUQbWUtKEAKnnBBIBneHvizofivWb7TNLTUJ7mxnS3uGl0+eGNHaKOTG90A3ASoGT76kNuUbSaAJbn4o6Lptle3eoLe2FvZTtDcyPZySpbgCNvMleIOkaFJo5NzlQqFi23Y+0Ap3Hxj0Ox8R6zpN7Ff2R0y4W0a5e1MkU8zRW8gSMx7juxd26gOFLtIFTcQcAG34e8d6N4o1C9stPmuHuLOaaCTz7KeBHaKQxy+W8iKsoVxtLRlgMjnkZAOgoAKACgAoAKACgAoAKAK8thbTxSRSQRvHIwZ1ZQQxGME+p4H5UAO+xwbg3kpkcg7Rx824/qAfrQA06fatIZDbxNISGLlASSBgEnuQCRn3oAclnBHKJEhRHC7Qyrg444+nA/IUALHawxMGSJFIzghQMZOT+ZA/KgBPscGxl8lNrDDDb14xz+HFADxEinIUA8849eTQA+gAoAKACgAoAKACgAoAKACgAoAKACgAoAKACgAoAKACgAoAKACgAoAKACgAoAKACgAoAKACgAoAKACgAoAKACgAoAKACgAoAKACgAoAKACgAoAKACgAoAKACgAoAKACgAoAKACgAoAKACgAoAKACgAoAKACgAoAKACgAoAKACgAoAKACgAoAKACgAoAKACgAoAKACgAoAKACgAoAKACgAoAKACgAoAKACgAoAKACgAoAKACgAoAKACgAoAKACgAoAKACgAoAKACgAoAKACgAoAKACgAoAKACgAoAKACgAoAKACgAoAKACgAoAKACgAoAKACgAoAKACgAoAKACgAoAKACgAoAKACgAoAKACgAoAKACgAoAKACgAoAKACgAoAKACgAoAKACgAoAKACgAoAKACgAoAKACgAoAKACgAoAKACgAoAKACgAoA//9k=","timing":4624,"timestamp":8.650057817898001E12},{"data":"/9j/4AAQSkZJRgABAQAAAQABAAD/2wCEAAMCAgMCAgMDAwMEAwMEBQgFBQQEBQoHBwYIDAoMDAsKCwsNDhIQDQ4RDgsLEBYQERMUFRUVDA8XGBYUGBIUFRQBAwQEBQQFCQUFCRQNCw0UFBQUFBQUFBQUFBQUFBQUFBQUFBQUFBQUFBQUFBQUFBQUFBQUFBQUFBQUFBQUFBQUFP/AABEIANUAeAMBEQACEQEDEQH/xAGiAAABBQEBAQEBAQAAAAAAAAAAAQIDBAUGBwgJCgsQAAIBAwMCBAMFBQQEAAABfQECAwAEEQUSITFBBhNRYQcicRQygZGhCCNCscEVUtHwJDNicoIJChYXGBkaJSYnKCkqNDU2Nzg5OkNERUZHSElKU1RVVldYWVpjZGVmZ2hpanN0dXZ3eHl6g4SFhoeIiYqSk5SVlpeYmZqio6Slpqeoqaqys7S1tre4ubrCw8TFxsfIycrS09TV1tfY2drh4uPk5ebn6Onq8fLz9PX29/j5+gEAAwEBAQEBAQEBAQAAAAAAAAECAwQFBgcICQoLEQACAQIEBAMEBwUEBAABAncAAQIDEQQFITEGEkFRB2FxEyIygQgUQpGhscEJIzNS8BVictEKFiQ04SXxFxgZGiYnKCkqNTY3ODk6Q0RFRkdISUpTVFVWV1hZWmNkZWZnaGlqc3R1dnd4eXqCg4SFhoeIiYqSk5SVlpeYmZqio6Slpqeoqaqys7S1tre4ubrCw8TFxsfIycrS09TV1tfY2dri4+Tl5ufo6ery8/T19vf4+fr/2gAMAwEAAhEDEQA/AP0bk8LeMEuh9l8ZJFaC8SXyp9KjlcWyxQKYA+4cs8cz+YwYjz8Y+RSQDrtMt57TTrWG5unvriOJEkuXRUaVgoBcqoABJycAYGeKALVABQAUAFABQAUAFABQAUAFABQAUAFABQAUAFABQAUAFABQAUAFABQAUAFABQAUAFABQAUAFABQAUAFABQAUAFABQAUAFABQAUAFABQAUAFABQAUAFABQAUAFABQAUAFABQAUAFACZ5xQAZGcd6AFoAKACgAoAKACgAoAKACgAoAKACgAoA8AbVfiFqEGl3Wja9oL2kFwbHVBNfwzbbgSxCKFJAD+9kHyOrcgynbuOwgA7zwHq+q2WrXll4h1fTrqG7mCaTIs8azzPGji4hMSjG6MxliQxOTICsYQAgHftOoYr1cLu2jrj6daAATI2MMDkkZBHUHH8xQAi3CMMgjGCScg4x1H1oAZp9/b6rYW97ZzR3NpcRrLDPC4dJEYZVlYEgggggg4INAFigAoAKACgAoAKACgAoAKAOF1j4PeEvFt/omq6npZvL/RpvtGmXM0syyWT/ALrJjywKZMEeQMA/N2dsgDdG+B3grw9pVrYadoUFrHaQS29rOjN9ptY5FdXWG4z5sWRI4Gxxt3HbigB+ifBfwj4c059O03TGtdMa8hvxYLdTm3ininSeIxRlysSrJGjbEAU4AIIoAst8JfC5Piwpp8kLeKgo1d4LyeJ7jClRhlcGP5SR8hXrQBj3v7O/w+1O4vJ73w5BdyXieXcCeWWRJB9qN2cozlcm4YyFsZJOCSOKAO60PRrTw5oun6Tp8XkWFhbx2tvFuLbI0UKq5YknAAGSSaAL1ABQAUAFABQAUAFABQAUAFABQAUAFABQAUAFABQAUAFABQAUAFABQAUAJuoFfWwbqAuAOaBi0AFABQAUAFABQAUAFABQAUAFABQByaS6/f6Wk1hPZf6RCjQTzRO/UZDsoZCQwK/LwRzyeldj+rNt6nn2xe2hXv8A/hODph+xHRV1EeWy/aVlMX3Y/MU7efvGXB9FTI5JEr6u90waxS2aNfTU8Qf27eG9fTv7H2D7MsMb/aC2TkuSduMbcYHr0xgxP2XKuS9zal7fm/ebG7WB1BQAUARiZec4XHXJppNkOaWjYvmqDjIz9aLMHOK6jftCEkBlJXBIz0H+Qfyos+qDnjrZiC6jP8QHtmnyvsQqsHrckVg6gggg9xSasap31Q6kMKACgAoA8ttfEXirw3YQWVxYJKIFENuLKwe4Msa+UiFmMyBGJlAwQANrMSEBau14eLfuzT+Vv8zzFi3b3qbXzv8AohsvxI15bS9mi02/ma0PMI8OTK8yllCmPdcBTkMGwSCAGyBg1Twm3vrXzGsZ/wBO39x0XhvVvEuvSasJVt9LWyvXtI/tWmyD7Qqqh81D5/KEsQD329jkDmqU+TlfNe6vp0v09TrpVOe6tazsbX2XX/8AoJ6b/wCC6T/4/WJuH2XX/wDoJ6b/AOC6T/4/QAfZdf8A+gnpv/guk/8Aj9AFQ+EoL+++26wUvbuPasfl+ZHCoDBlYRF2UOCPv9ccdK2hVnCPKmc86EJy5mMPw80JnspPs03m2f8AqZftMvmAbGQqW3bmUhjlWJBOGIyAar6xU7kfVqbdyS08CaPY209rBahLSaaO4aDcxVXRlZNoJ+VVKKQq4A7Dml7ed076r9RrDxSa6MSz+H2h6ejLb2rxhoEtm/fOxaNCxVSSckDew57YHQACvrFS/Nfrf8v8hfVafLym9a20dnbxwRLtijUIi+gAwBXO227s6klFJIlpDCgAoAKAPM/CfijTLvw1p3k+HJb1Ft1jeeJrMozL8j8mYc70IIPIIwQDTuKxb1Txfomj6ebzUPDcllatJFCJLp7KJGeWTZGoZpwuXchQM5JYAZJpDLNxr9hYxNJP4RuoYYwS8kos1RADzkmbA6Z/H3oA0YJre4hjlTwnOUkUOvy2vQ9P+WtAD/3P/QpT/wDfNr/8doAP3P8A0KU//fNr/wDHaAKP9la5dyXUmmzjw9aSW/lRWr28RkimyT5wKl0YEbV2kZ4JyOjaxnTS1WpjUhU5vdlobPh6x1eyN6dV1CO/864aWARxeX5EZxti77sYzu4znoKU3F25VYdNSSfO7mxiszQWgYUAFABQAUAFAHlFp+zT4R022uYrCbWLJrkYmki1KQlwZzPINrEqA7vLnao+WaRV2hsUAbCfA7wrH4Qm8MLb3C6JK0Tm2S4ZCrRtuRlkUh1ZWCsGDAhlBB9QDF0f9l34faBYvZ6fpc9pbM2Qkd3KNn7qSH5fm+U7JXG4YP3TnKqQAep2lstpbRQKSyxoEBbqQBigCagAoAKACgAoAKACgAoAKACgAoA4A/G3w0YfFjRTS3M3hm9isL+CFA0hlkKqixrnMjMzbFjHzuw2qrFk3AGndfEK3hj1VYdNv7y80ydreexhWMTFgYTlCzhGBjuIpAA+SG243gpQBZ1PxvbaJLdpf2V/AsLxokkVubhZQyFt48rcUQbWUtKEAKnnBBIBneHvizofivWb7TNLTUJ7mxnS3uGl0+eGNHaKOTG90A3ASoGT76kNuUbSaAJbn4o6Lptle3eoLe2FvZTtDcyPZySpbgCNvMleIOkaFJo5NzlQqFi23Y+0Ap3Hxj0Ox8R6zpN7Ff2R0y4W0a5e1MkU8zRW8gSMx7juxd26gOFLtIFTcQcAG34e8d6N4o1C9stPmuHuLOaaCTz7KeBHaKQxy+W8iKsoVxtLRlgMjnkZAOgoAKACgAoAKACgAoAKAK8thbTxSRSQRvHIwZ1ZQQxGME+p4H5UAO+xwbg3kpkcg7Rx824/qAfrQA06fatIZDbxNISGLlASSBgEnuQCRn3oAclnBHKJEhRHC7Qyrg444+nA/IUALHawxMGSJFIzghQMZOT+ZA/KgBPscGxl8lNrDDDb14xz+HFADxEinIUA8849eTQA+gAoAKACgAoAKACgAoAKACgAoAKACgAoAKACgAoAKACgAoAKACgAoAKACgAoAKACgAoAKACgAoAKACgAoAKACgAoAKACgAoAKACgAoAKACgAoAKACgAoAKACgAoAKACgAoAKACgAoAKACgAoAKACgAoAKACgAoAKACgAoAKACgAoAKACgAoAKACgAoAKACgAoAKACgAoAKACgAoAKACgAoAKACgAoAKACgAoAKACgAoAKACgAoAKACgAoAKACgAoAKACgAoAKACgAoAKACgAoAKACgAoAKACgAoAKACgAoAKACgAoAKACgAoAKACgAoAKACgAoAKACgAoAKACgAoAKACgAoAKACgAoAKACgAoAKACgAoAKACgAoAKACgAoAKACgAoAKACgAoAKACgAoAKACgAoAKACgAoAKACgAoAKACgAoAKACgAoA//9k=","timing":5285,"timestamp":8.650058478497999E12},{"data":"/9j/4AAQSkZJRgABAQAAAQABAAD/2wCEAAMCAgMCAgMDAwMEAwMEBQgFBQQEBQoHBwYIDAoMDAsKCwsNDhIQDQ4RDgsLEBYQERMUFRUVDA8XGBYUGBIUFRQBAwQEBQQFCQUFCRQNCw0UFBQUFBQUFBQUFBQUFBQUFBQUFBQUFBQUFBQUFBQUFBQUFBQUFBQUFBQUFBQUFBQUFP/AABEIANUAeAMBEQACEQEDEQH/xAGiAAABBQEBAQEBAQAAAAAAAAAAAQIDBAUGBwgJCgsQAAIBAwMCBAMFBQQEAAABfQECAwAEEQUSITFBBhNRYQcicRQygZGhCCNCscEVUtHwJDNicoIJChYXGBkaJSYnKCkqNDU2Nzg5OkNERUZHSElKU1RVVldYWVpjZGVmZ2hpanN0dXZ3eHl6g4SFhoeIiYqSk5SVlpeYmZqio6Slpqeoqaqys7S1tre4ubrCw8TFxsfIycrS09TV1tfY2drh4uPk5ebn6Onq8fLz9PX29/j5+gEAAwEBAQEBAQEBAQAAAAAAAAECAwQFBgcICQoLEQACAQIEBAMEBwUEBAABAncAAQIDEQQFITEGEkFRB2FxEyIygQgUQpGhscEJIzNS8BVictEKFiQ04SXxFxgZGiYnKCkqNTY3ODk6Q0RFRkdISUpTVFVWV1hZWmNkZWZnaGlqc3R1dnd4eXqCg4SFhoeIiYqSk5SVlpeYmZqio6Slpqeoqaqys7S1tre4ubrCw8TFxsfIycrS09TV1tfY2dri4+Tl5ufo6ery8/T19vf4+fr/2gAMAwEAAhEDEQA/APh3wzoB168ZWcxwRAF2HXnoB78H8qANnXvA0dlYvc2csjmIFnWUg5XuRgDpQBxtABQAUAFABQAUAFABQAUAFAGhoWktrWpR2ytsXBZ3xnaB/kD8aAOp1TwFBFYSSWs8pmjUttkwQ2BnAwOKAOGoA6Hwfr8WiXcq3CnyJsbpF5KEZxx6c0AbviDxnYy6dNBaMbh5kMZ+UqFBGCeQKAOCOSaADFABigAxQAYoAMUAGKADFABigAxQBreGNXTRdVSaVS0LKUfHUA9x+VAHX6n4205bKYW7tPMylVQIwwSO5IH6UAecgYAoA3vsEH/PMUAH2CD/AJ5igA+wQf8APMUAH2CD/nmKAD7BB/zzFAB9gg/55igA+wQf88xQAfYIP+eYoAPsEH/PMUAH2CD/AJ5igA+wQf8APMUAH2CD/nmKAD7BB/zzFAB9gg/55igA+wQf88xQBYoAKACgAoAKACgAoAKACgAoAKACgAoAKACgAoAKACgAoAKACgAoAKACgAoAKACgAoAKACgAoAKACgAoAKACgAoAKACgAoAKACgAoAKACgAoAKACgAoAKACgAoAKACgAoAKACgAoAKACgAoAKACgAoAKACgAoAKACgAoAKACgAoAKACgAoAKACgAoAKACgAoAKACgAoAKACgAoAKACgAoAKACgAoAKACgAoAKACgAoAKACgAoAKACgAoAKACgAoAKACgAoAKACgAoAKACgAoAKACgBUKh13DK55A9KAOjNh4P7a7rZ/7gsP/AMl0AH2Dwh/0HNb/APBND/8AJdAB9g8If9BzW/8AwTQ//JdAB9g8If8AQc1v/wAE0P8A8l0AH2Dwh/0HNb/8E0P/AMl0AH2Dwh/0HNb/APBND/8AJdAB9g8If9BzW/8AwTQ//JdAB9g8If8AQc1v/wAE0P8A8l0AH2Dwh/0HNb/8E0P/AMl0AH2Dwh/0HNb/APBND/8AJdAB9g8If9BzW/8AwTQ//JdAB9g8If8AQc1v/wAE0P8A8l0AAsPB/fXNb/8ABND/APJdAGDerbrdyraSSS2wYiOSaMRu69iyhmCk9cBjj1NAENABQAUAFABQAUAFABQAUAFABQAUAFABQAUAFABQAUAFABQAUAFABQAUAFABQAUAFABQAUAIeQe1ACfN7UAGG9qADDe1ABhvagAw3tQAYb2oAMN7UAGG9qADDe1ABhvagAw3tQAYb2oAPm9qAFGcc9aAFoA3tM8PW1/YQzvJMjODkIwx1PtQBa/4RO0/57XH/fS//E0AH/CJ2n/Pa4/76X/4mgDI1rTI9MljSF3bepJMmCf0AoA1z4TtP+es4+jLj+VAB/widp/z2uP++l/+JoAP+ETtP+e1x/30v/xNAHP6narY38tujMyJjBY88gH+tAFegAoAKACgAoAKACgDd0nxFb2NhFBJDMXTOSgXHX60AW/+EttP+eFz+S/40AH/AAltp/zwufyX/GgDH1zVI9TljeFHQKpGJAOv4GgDYHi20xzBcZ74C/40AH/CW2n/ADwufyX/ABoAP+EttP8Anhc/kv8AjQBgandJfahLcRqyo+MB8Z6Af0oArUAFABQAUAFABQAUAFABmgAzQAUAFABmgAzQAUAFABQAUAFABQAUAFABQAUAFABQAUAFABQAUAFABQAUAFABQAUAFABQAUAFABQAUAFABQAUAFABQAUAFABQAUAFABQAUAFABQAUAFABQAUAFABQAUAFABQAUAFABQAUAFABQAUAFABQAUAFABQAUAFABQAUAFABQAUAFABQAUAFABQAUAFABQAUAFABQAUAFABQAUAFABQAUAFABQAUAFABQAUAFABQAUAFABQAUAFABQAUAFABQAUAFABQAUAFABQAUAZP9sv/AM8l/OgA/tl/+eS/nQAf2y//ADyX86AD+2X/AOeS/nQAf2y//PJfzoAP7Zf/AJ5L+dAB/bL/APPJfzoAP7Zf/nkv50AH9sv/AM8l/OgA/tl/+eS/nQAf2y//ADyX86AD+2X/AOeS/nQAf2y//PJfzoAP7Zf/AJ5L+dAB/bL/APPJfzoAz6ACgAoAKACgAoAKACgAoAKACgAoAKACgAoA/wD/2Q==","timing":5945,"timestamp":8650059139098},{"data":"/9j/4AAQSkZJRgABAQAAAQABAAD/2wCEAAMCAgMCAgMDAwMEAwMEBQgFBQQEBQoHBwYIDAoMDAsKCwsNDhIQDQ4RDgsLEBYQERMUFRUVDA8XGBYUGBIUFRQBAwQEBQQFCQUFCRQNCw0UFBQUFBQUFBQUFBQUFBQUFBQUFBQUFBQUFBQUFBQUFBQUFBQUFBQUFBQUFBQUFBQUFP/AABEIANUAeAMBEQACEQEDEQH/xAGiAAABBQEBAQEBAQAAAAAAAAAAAQIDBAUGBwgJCgsQAAIBAwMCBAMFBQQEAAABfQECAwAEEQUSITFBBhNRYQcicRQygZGhCCNCscEVUtHwJDNicoIJChYXGBkaJSYnKCkqNDU2Nzg5OkNERUZHSElKU1RVVldYWVpjZGVmZ2hpanN0dXZ3eHl6g4SFhoeIiYqSk5SVlpeYmZqio6Slpqeoqaqys7S1tre4ubrCw8TFxsfIycrS09TV1tfY2drh4uPk5ebn6Onq8fLz9PX29/j5+gEAAwEBAQEBAQEBAQAAAAAAAAECAwQFBgcICQoLEQACAQIEBAMEBwUEBAABAncAAQIDEQQFITEGEkFRB2FxEyIygQgUQpGhscEJIzNS8BVictEKFiQ04SXxFxgZGiYnKCkqNTY3ODk6Q0RFRkdISUpTVFVWV1hZWmNkZWZnaGlqc3R1dnd4eXqCg4SFhoeIiYqSk5SVlpeYmZqio6Slpqeoqaqys7S1tre4ubrCw8TFxsfIycrS09TV1tfY2dri4+Tl5ufo6ery8/T19vf4+fr/2gAMAwEAAhEDEQA/APgL9KAL2qaDqeiLE1/p1zZpI5jDTRkDdgnGemcAn8KAKNABQB0Wm/DzxFrPh2PW9P0m4v8AT5Ls2KNagSuZgYQV8tSXAzcQKGK7S0qKCWOKAJYvhh4sn0e41WPQL19Pt7Sa+lnEfypDFOlvKx7/ACSyIrDqu9SRg5oArSeAPE0M1rG2gah5l3dy2FtEsDGWW5iVDNCIwN29PNjyMZG6gCa1+G3iq+0zT9QtfDup3dpqBuPsr29q0hmEG3zmCqCdq7wC2MZDDOVbABn3/hbWNLsftl3pd5b2vmPC07wkIkisUaNz/C4YYKnB6eooAuz/AA68V215NaTeGNZiuoXijlgfT5Q8bSttiVlK5BcghQfvEYGaAII/BeuM92j6VdW72v2gSi5j8na0ADTp8+PnQMpZRyMjI5FAGLQAUAFABQAY9qAOq8VfFDxZ4206Kw13X9Q1SzilEyQXVw8iK4DAEBiccO350Acrg0AGDQB2+g/FnVvD3glvCsFlYTaVNePcXYmSQveRO1q72shDjETPZW7ZQLICnDgHFAHQW37Sfiyy0DUdHt4rGO21Bt93IwmkmmZLtry3YyPKx3QzvI6kcvvIlMoAAAOWuPiTf3njCPXrmw0+5iitWsYNIlRzZQWxthbCJF37xiMLiTf5hZd5csSxAOt+I/7TPi34nnVX1O3021m1OSWW6lsI5Y2cubcADMh2hI7S3iXbj5Y8tudmdgClrn7QXibxB4X1jQbm300WWqtdNcOkLiTM95a3bkEuRkSWcYGQflZ85JDAA6zxP+194g1vx/ceJ7Hw3oembdW/tSwtnjkme1H9pHUWieXepmDz7WfcMDB8oQh2UgHAt8ZvEMvhqx0OUW0lpZ6fLpkbFXUm3cSbVYBgrMjXF0yuV3A3EgJK7VUA4PHtQAYNABg0AGKAN46bATnyxQAn9mwf881oAP7Ng/55rQAf2bB/zzWgA/s2D/nmtAB/ZsH/ADzWgA/s2D/nmtAB/ZsH/PNaAD+zYP8AnmtAB/ZsH/PNaAD+zYP+ea0AH9mwf881oAP7Ng/55rQAf2bB/wA81oABptvn/VigC3QAUAFABQAUAFABQAUAFABQAUAFABQAUAFABQAUAFABQAUAFABQAUAFABQAUAFABQAUAFABQAUAFABQAUAFABQAUAFABQAUAFABQAUAFABQAUAFABQAUAFABQAUAFABQAUAFABQAUAFABQAUAFABQAUAFABQAUAFABQAUAFABQAUAFABQAUAFABQAUAFABQAUAFABQAUAFABQAUAFABQAUAFABQAUAFABQAUAFABQAUAFABQAUAFABQAUAFABQAUAFABQAUAFABQAUAFABQAUAFABQAUAFAHW6N8L9b8Q6XDeaatveNKkbpapMBMwaS4T5VONxBtpCQpJwQcYDFQCppvgHWNYeySyhjuJbyc20EYlCs8oUMV+bG35WQ5OANwyRzgAYngq9+0xRzz2lpC00kMlzNNiOEoQHLkAkAZzwDnHGTgEAwCMGgAoAKACgDU8K+Hrjxb4m0nQ7R4orrUruKzieYkIryOFUsQCcZIzgE47GgDuvif8DLr4c6BBrcOrwaxpT6hNpUkiqsciXMTOG+VXcFG8tipyGxjcq5FAHmNABQAUAFABQAUATwtahcyxTSOepWYKPy2n+dAD/Msf8An3uP/Ahf/iKADzLH/n3uP/Ahf/iKADzLH/n3uP8AwIX/AOIoAPMsf+fe4/8AAhf/AIigA8yx/wCfe4/8CF/+IoAPMsf+fe4/8CF/+IoAmtL+3sLuG5tkvLe4gdZYpoboI6OpyrKwTIIIBBFAGn4i8a3XilIV1BppFhLvHFGYoYhI2N8hSOJVLsQu5iNzYGScUAc5QAUAFABQAUAFABQAUAFABQAUAFABQAenvxQAgORxQAtABQAUAFABQAUAdhCvg+78LW0LyyWuuJbXEsk4Emxpcv5MR4cNnEZ4WNVG/LsWAQAs6rpHgRrCVtO128+2h5GhUxGSJkDvsVsqpy0YjIZSRuZgwTAJALkdr8PNOs724D3es3cUcEkVkbmRFmY3Q82NX+zIUIgQ/M4x+9OASnIB51QAUAFABQBseDNJtdf8YaHpd7ObWyvr6C2nnVgDHG8iqzZPHAJPPFAHr/7Unwx8JfD+Xw5ceFndBem6intWuIphGsbr5bAx9ismAWyzBAW+ctkA8IoAKACgAoAKACgBSzMqjJAHpQAmG9W/M0AGG9W/M0AByO7fmaADk92/M0AGG9W/M0AGG9W/M0AHI7t+ZoAQ5P8AE3fv7UALQAUAFABQAUAFAFDVbqS2EflttyTnigDW8OeC/FXi5NLbSLQ3f9o3j2FuPNiTzJlMClBuYYJa6gAJwCXGCcHABpN8KPHiWqzyaUyJ5d/MxM8R2pZLuuSQGJGza4PrgYyeKAOPsb+ea6jR3ypzkYHoaAJtUupbeSMRvtBBzwKAN9PAHi19B0fVzbxxWGsru06aa5hjFwfPe3wNzDpLGynOAuULEB1JAMzWND13QnmS8UQywxJM6M8ZOxmwCMMc9VOByM84oAoadezT3G133Lg9qANSgAoAKACgAoAKACgClqVm92E2Y+XPU0APs73XtP06TT7XVbq30+R2le0iuXWF3MbRsxQHBJjd0JI5ViOhIoAfJqfiGZUWTWL2QJG0KbrqQ7EaIQsq88AxKsZA/gAXpxQBRs9OlguUdiu0Z6H2NAE2pWUl06FCvygg5NAF7T9f8U6RYTWNj4g1Kysprc2kttbX0scckBZ2MTKCAULSSHaeMuxx8xyAQapqPiDXM/2lq13qJIYZu7l5eDI0jD5ieC7s59WYnqc0AVbCwltp97lcYI4NAGlQAUAFABQAUAFABQAUAFABQAUAFABQAUAFABQAUAFABQAUAFABQAUAFABQAUAFABQAUAFABQAUAFABQAUAFABQAUAFABQAUAFABQAUAFABQAUAFABQAUAFABQAUAFABQAUAFABQAUAFABQAUAFABQAUAFABQAUAFABQAUAFABQAUAFABQAUAFABQAUAFABQAUAFABQAUAFABQAUAFABQAUAFABQAUAFABQAUAFABQAUAFABQAUAFABQAUAFABQBFDaa3cXNvbxaLeS3FyI2ghjt3Z5Q5AQqoGWDEgDHXNAFjU9E8SaLIkeo+HtQsJHhFwsd1aSRsYi/liQBgDtL/ID03AjrxQBWlttZhurm1k0e7S6tTKJ4DA4kiMYcy7lxkbBHJuz02NnGDQA6Wx12GJpX0O9WJYUuGkNtJtETSCNZM4xtLsEDdCxA6mgCiNQuiHP2U/IcNwfl4J5/AE/QZoAWe+u7YZltGjGSMspAyCQf1Vh9QfSgCH+2n/55r+dAB/bT/8APNfzoAP7af8A55r+dAB/bT/881/OgA/tp/8Anmv50AH9tP8A881/OgA/tp/+ea/nQAf20/8AzzX86AD+2n/55r+dAF+/+Imv6lq0d9e3cV9e26RwJcXNpDI4WMoyHJT7w2Iu7qUXYSU+WgB2r+Pdc1e2s9PvrxLm1stscKG3iXaBLcTAAqoOPMup2I6HeBjCoFAIbTxrrGnzWuoW935UpEsUSiJNsSyIUcBdu0ArxhQAO3ODQBpW3xS8WDUpb9dalN49pLpyyyRI/k28iMjRxKVxCu2RwBGF2hjt25oAp6L8UPEWm395c298DcXlvBaXLXMMc4mhtzFJDGyupBANvEMEEEAhgQSCAUb/AMQ6neacdOuLrzbMXb3Rj2KMzFVVnzjPIA4zjj1NAGXQAUAFABQAUAFABQAUAFAH/9k=","timing":6606,"timestamp":8650059799698}]}},"meta-viewport":{"displayValue":"","score":false,"helpText":"Disabling zooming is problematic for users with low vision who rely on screen magnification to properly see the contents of a web page. [Learn more](https://dequeuniversity.com/rules/axe/2.2/meta-viewport?application=lighthouse).","rawValue":false,"extendedInfo":{"value":{"help":"Zooming and scaling must not be disabled","nodes":[{"failureSummary":"Fix any of the following:\n  <meta> tag disables zooming on mobile devices","snippet":"<meta name=\"viewport\" content=\"width=device-width,initial-scale=1,maximum-scale=1,minimum-scale=1,user-scalable=no\">","path":"1,HTML,1,HEAD,1,META","impact":"critical","html":"<meta name=\"viewport\" content=\"width=device-width,initial-scale=1,maximum-scale=1,minimum-scale=1,user-scalable=no\">","target":["meta[name=\"viewport\"]"]}],"impact":"critical","description":"Ensures <meta name=\"viewport\"> does not disable text scaling and zooming","helpUrl":"https://dequeuniversity.com/rules/axe/3.0/meta-viewport?application=axeAPI","id":"meta-viewport","tags":["cat.sensory-and-visual-cues","wcag2aa","wcag144"]}},"name":"meta-viewport","description":"`[user-scalable=\"no\"]` is used in the `<meta name=\"viewport\">` element or the `[maximum-scale]` attribute is less than 5.","scoringMode":"binary","details":{"header":{"text":"View failing elements","type":"text"},"type":"list","items":[{"snippet":"<meta name=\"viewport\" content=\"width=device-width,initial-scale=1,maximum-scale=1,minimum-scale=1,user-scalable=no\">","path":"1,HTML,1,HEAD,1,META","selector":"meta[name=\"viewport\"]","type":"node"}]}},"visual-order-follows-dom":{"displayValue":"","score":false,"helpText":"DOM order matches the visual order, improving navigation for assistive technology. [Learn more](https://developers.google.com/web/fundamentals/accessibility/how-to-review#try_it_with_a_screen_reader).","rawValue":false,"name":"visual-order-follows-dom","description":"Visual order on the page follows DOM order","scoringMode":"binary","informative":true,"manual":true},"works-offline":{"displayValue":"","score":false,"helpText":"If you're building a Progressive Web App, consider using a service worker so that your app can work offline. [Learn more](https://developers.google.com/web/tools/lighthouse/audits/http-200-when-offline).","rawValue":false,"name":"works-offline","description":"Does not respond with a 200 when offline","scoringMode":"binary"},"definition-list":{"displayValue":"","score":false,"helpText":"When definition lists are not properly marked up, screen readers may produce confusing or inaccurate output. [Learn more](https://dequeuniversity.com/rules/axe/2.2/definition-list?application=lighthouse).","rawValue":false,"name":"definition-list","description":"`<dl>`'s do not contain only properly-ordered `<dt>` and `<dd>` groups, `<script>` or `<template>` elements.","scoringMode":"binary","informative":true,"notApplicable":true},"password-inputs-can-be-pasted-into":{"displayValue":"","score":true,"helpText":"Preventing password pasting undermines good security policy. [Learn more](https://www.ncsc.gov.uk/blog-post/let-them-paste-passwords)","rawValue":true,"extendedInfo":{"value":[]},"name":"password-inputs-can-be-pasted-into","description":"Allows users to paste into password fields","scoringMode":"binary","details":{"header":{"text":"Password inputs that prevent pasting into","type":"text"},"type":"list","items":[]}},"html-lang-valid":{"displayValue":"","score":false,"helpText":"Specifying a valid [BCP 47 language](https://www.w3.org/International/questions/qa-choosing-language-tags#question) helps screen readers announce text properly. [Learn more](https://dequeuniversity.com/rules/axe/2.2/valid-lang?application=lighthouse).","rawValue":false,"name":"html-lang-valid","description":"`<html>` element does not have a valid value for its `[lang]` attribute.","scoringMode":"binary","informative":true,"notApplicable":true},"splash-screen":{"displayValue":"","score":false,"debugString":"Failures: No manifest was fetched.","helpText":"A themed splash screen ensures a high-quality experience when users launch your app from their homescreens. [Learn more](https://developers.google.com/web/tools/lighthouse/audits/custom-splash-screen).","rawValue":false,"extendedInfo":{"value":{"failures":["No manifest was fetched"],"manifestValues":{"parseFailureReason":"No manifest was fetched","allChecks":[],"isParseFailure":true}}},"name":"splash-screen","description":"Is not configured for a custom splash screen","scoringMode":"binary"},"label":{"displayValue":"","score":true,"helpText":"Labels ensure that form controls are announced properly by assistive technologies, like screen readers. [Learn more](https://dequeuniversity.com/rules/axe/2.2/label?application=lighthouse).","rawValue":true,"extendedInfo":{},"name":"label","description":"Form elements have associated labels","scoringMode":"binary","details":{"header":{"text":"View failing elements","type":"text"},"type":"list","items":[]}},"uses-webp-images":{"displayValue":"","score":100,"helpText":"Image formats like JPEG 2000, JPEG XR, and WebP often provide better compression than PNG or JPEG, which means faster downloads and less data consumption. [Learn more](https://developers.google.com/web/tools/lighthouse/audits/webp).","rawValue":0,"extendedInfo":{"value":{"wastedKb":0,"wastedMs":0,"results":[]}},"name":"uses-webp-images","description":"Serve images in next-gen formats","scoringMode":"binary","informative":true,"details":{"itemHeaders":[{"itemType":"thumbnail","text":"","type":"text"},{"itemType":"url","text":"URL","type":"text"},{"itemType":"text","text":"Original","type":"text"},{"itemType":"text","text":"Potential Savings","type":"text"}],"header":"View Details","type":"table","items":[]}},"speed-index-metric":{"displayValue":"5,723","score":48,"helpText":"Speed Index shows how quickly the contents of a page are visibly populated. [Learn more](https://developers.google.com/web/tools/lighthouse/audits/speed-index).","rawValue":5723,"extendedInfo":{"value":{"frames":[{"progress":0,"timestamp":8.650053193698E9},{"progress":0,"timestamp":8.650053950668E9},{"progress":0,"timestamp":8.650057717184E9},{"progress":78.47020210836772,"timestamp":8.650058783808E9},{"progress":79.55400014666994,"timestamp":8.650058883804E9},{"progress":84.25733274045653,"timestamp":8.65005906713E9},{"progress":90.99914379891193,"timestamp":8.650059217124E9},{"progress":92.49290629372531,"timestamp":8.65005965044E9},{"progress":100.00000000000001,"timestamp":8.650059800434E9}],"timestamps":{"firstVisualChange":8650058783698,"perceptualSpeedIndex":8.650058916695168E12,"visuallyComplete":8650059799698,"visuallyReady":8.650059217124001E12},"timings":{"firstVisualChange":5590,"perceptualSpeedIndex":5722.997167414955,"visuallyComplete":6606,"visuallyReady":6023.426000595093}}},"name":"speed-index-metric","description":"Perceptual Speed Index","scoringMode":"numeric"},"bypass":{"displayValue":"","score":true,"helpText":"Adding ways to bypass repetitive content lets keyboard users navigate the page more efficiently. [Learn more](https://dequeuniversity.com/rules/axe/2.2/bypass?application=lighthouse).","rawValue":true,"extendedInfo":{},"name":"bypass","description":"The page contains a heading, skip link, or landmark region","scoringMode":"binary","details":{"header":{"text":"View failing elements","type":"text"},"type":"list","items":[]}},"http-status-code":{"displayValue":"","score":null,"debugString":"Audit error: Unable to identify the main resource","helpText":"Pages with unsuccessful HTTP status codes may not be indexed properly. [Learn more](https://developers.google.com/web/tools/lighthouse/audits/successful-http-code).","rawValue":null,"name":"http-status-code","description":"Page has unsuccessful HTTP status code","scoringMode":"binary","error":true},"viewport":{"displayValue":"","score":true,"debugString":"","helpText":"Add a viewport meta tag to optimize your app for mobile screens. [Learn more](https://developers.google.com/web/tools/lighthouse/audits/has-viewport-meta-tag).","rawValue":true,"name":"viewport","description":"Has a `<meta name=\"viewport\">` tag with `width` or `initial-scale`","scoringMode":"binary"},"estimated-input-latency":{"displayValue":"50 ms","score":95,"helpText":"The score above is an estimate of how long your app takes to respond to user input, in milliseconds. There is a 90% probability that a user encounters this amount of latency, or less. 10% of the time a user can expect additional latency. If your latency is higher than 50 ms, users may perceive your app as laggy. [Learn more](https://developers.google.com/web/tools/lighthouse/audits/estimated-input-latency).","rawValue":49.8,"extendedInfo":{"value":[{"percentile":0.5,"time":16},{"percentile":0.75,"time":16},{"percentile":0.9,"time":49.84405833333335},{"percentile":0.99,"time":161.88252333333307},{"percentile":1,"time":209.04299999999876}]},"name":"estimated-input-latency","description":"Estimated Input Latency","scoringMode":"numeric"},"redirects":{"displayValue":"","score":null,"debugString":"Audit error: Unable to identify the main resource","helpText":"Redirects introduce additional delays before the page can be loaded. [Learn more](https://developers.google.com/speed/docs/insights/AvoidRedirects).","rawValue":null,"name":"redirects","description":"Has multiple page redirects","scoringMode":"binary","error":true},"load-fast-enough-for-pwa":{"displayValue":"","score":true,"helpText":"A fast page load over a 3G network ensures a good mobile user experience. [Learn more](https://developers.google.com/web/tools/lighthouse/audits/fast-3g).","rawValue":true,"extendedInfo":{"value":{"isFast":true,"timeToFirstInteractive":6460.149,"firstRequestLatencies":[{"latency":"566.29","url":"http://web/"},{"latency":"579.72","url":"https://cdnjs.cloudflare.com/ajax/libs/Chart.js/2.7.1/Chart.min.js"},{"latency":"571.48","url":"https://unpkg.com/vue-chartjs/dist/vue-chartjs.min.js"},{"latency":"578.93","url":"https://fonts.gstatic.com/s/roboto/v18/KFOmCnqEu92Fr1Mu4mxK.woff2"}],"areLatenciesAll3G":true}},"name":"load-fast-enough-for-pwa","description":"Page load is fast enough on 3G","scoringMode":"binary"},"font-display":{"displayValue":"","score":false,"helpText":"Leverage the font-display CSS feature to ensure text is user-visible while webfonts are loading. [Learn more](https://developers.google.com/web/updates/2016/02/font-display).","rawValue":false,"name":"font-display","description":"Avoid invisible text while webfonts are loading","scoringMode":"binary","details":{"itemHeaders":[{"itemType":"url","text":"Font URL","type":"text"},{"itemType":"text","text":"Font download time","type":"text"}],"header":"View Details","type":"table","items":[[{"text":"https://fonts.gstatic.com/s/roboto/v18/KFOmCnqEu92Fr1Mu4mxK.woff2","type":"url"},{"text":"884 ms","type":"text"}],[{"text":"https://fonts.gstatic.com/s/materialicons/v37/flUhRq6tzZclQEJ-Vdg-IuiaDsNc.woff2","type":"url"},{"text":"1,066 ms","type":"text"}],[{"text":"https://fonts.gstatic.com/s/roboto/v18/KFOlCnqEu92Fr1MmEU9fBBc4.woff2","type":"url"},{"text":"875 ms","type":"text"}]]}},"layout-table":{"displayValue":"","score":false,"helpText":"A table being used for layout purposes should not include data elements, such as the th or caption elements or the summary attribute, because this can create a confusing experience for screen reader users. [Learn more](https://dequeuniversity.com/rules/axe/2.2/layout-table?application=lighthouse).","rawValue":false,"name":"layout-table","description":"Presentational `<table>` elements do not avoid using `<th>`, `<caption>` or the `[summary]` attribute.","scoringMode":"binary","informative":true,"notApplicable":true}},"url":"http://web/#/"}
61.94117647058823
The variable of type Double with the value 61.94117647058823 is LOWER_THAN 655.94117647058823
]]></system-out>
    </rerunFailure>
  </testcase>
  <testcase name="Test_PositiveEquals" classname="io.jenkins.plugins.sample.LighthousePluginTest" time="0.033">
    <failure message="expected:&lt;true&gt; but was:&lt;false&gt;" type="java.lang.AssertionError"><![CDATA[java.lang.AssertionError: expected:<true> but was:<false>
	at org.junit.Assert.fail(Assert.java:88)
	at org.junit.Assert.failNotEquals(Assert.java:834)
	at org.junit.Assert.assertEquals(Assert.java:118)
	at org.junit.Assert.assertEquals(Assert.java:144)
	at io.jenkins.plugins.sample.LighthousePluginTest.Test_PositiveEquals(LighthousePluginTest.java:25)
	at sun.reflect.NativeMethodAccessorImpl.invoke0(Native Method)
	at sun.reflect.NativeMethodAccessorImpl.invoke(NativeMethodAccessorImpl.java:62)
	at sun.reflect.DelegatingMethodAccessorImpl.invoke(DelegatingMethodAccessorImpl.java:43)
	at java.lang.reflect.Method.invoke(Method.java:498)
	at org.junit.runners.model.FrameworkMethod$1.runReflectiveCall(FrameworkMethod.java:50)
	at org.junit.internal.runners.model.ReflectiveCallable.run(ReflectiveCallable.java:12)
	at org.junit.runners.model.FrameworkMethod.invokeExplosively(FrameworkMethod.java:47)
	at org.junit.internal.runners.statements.InvokeMethod.evaluate(InvokeMethod.java:17)
	at org.junit.runners.ParentRunner.runLeaf(ParentRunner.java:325)
	at org.junit.runners.BlockJUnit4ClassRunner.runChild(BlockJUnit4ClassRunner.java:78)
	at org.junit.runners.BlockJUnit4ClassRunner.runChild(BlockJUnit4ClassRunner.java:57)
	at org.junit.runners.ParentRunner$3.run(ParentRunner.java:290)
	at org.junit.runners.ParentRunner$1.schedule(ParentRunner.java:71)
	at org.junit.runners.ParentRunner.runChildren(ParentRunner.java:288)
	at org.junit.runners.ParentRunner.access$000(ParentRunner.java:58)
	at org.junit.runners.ParentRunner$2.evaluate(ParentRunner.java:268)
	at org.junit.runners.ParentRunner.run(ParentRunner.java:363)
	at org.apache.maven.surefire.junit4.JUnit4Provider.execute(JUnit4Provider.java:365)
	at org.apache.maven.surefire.junit4.JUnit4Provider.executeWithRerun(JUnit4Provider.java:272)
	at org.apache.maven.surefire.junit4.JUnit4Provider.executeTestSet(JUnit4Provider.java:236)
	at org.apache.maven.surefire.junit4.JUnit4Provider.invoke(JUnit4Provider.java:159)
	at org.apache.maven.surefire.booter.ForkedBooter.invokeProviderInSameClassLoader(ForkedBooter.java:386)
	at org.apache.maven.surefire.booter.ForkedBooter.runSuitesInProcess(ForkedBooter.java:323)
	at org.apache.maven.surefire.booter.ForkedBooter.main(ForkedBooter.java:143)
]]></failure>
    <system-out><![CDATA[{"initialUrl":"http://web:80/#/","generatedTime":"2018-06-24T16:18:28.384Z","score":30,"reportCategories":[{"score":61.94117647058823,"name":"Performance","description":"These encapsulate your web app's current performance and opportunities to improve it.","id":"performance","audits":[{"result":{"displayValue":"4,520 ms","score":40,"helpText":"First meaningful paint measures when the primary content of a page is visible. [Learn more](https://developers.google.com/web/tools/lighthouse/audits/first-meaningful-paint).","rawValue":4521.8,"extendedInfo":{"value":{"timestamps":{"fCP":8650057715484,"endOfTrace":8650064967436,"fMP":8650057715493,"onLoad":8650058566647,"navStart":8650053193698},"fmpFellBack":false,"timings":{"fCP":4521.786,"endOfTrace":11773.738,"fMP":4521.795,"onLoad":5372.949,"navStart":0}}},"name":"first-meaningful-paint","description":"First meaningful paint","scoringMode":"numeric"},"score":40,"weight":5,"id":"first-meaningful-paint","group":"perf-metric"},{"result":{"displayValue":"6,460 ms","score":71,"helpText":"First Interactive marks the time at which the page is minimally interactive. [Learn more](https://developers.google.com/web/tools/lighthouse/audits/first-interactive).","rawValue":6460.149,"extendedInfo":{"value":{"timeInMs":6460.149,"timestamp":8650059653847}},"name":"first-interactive","description":"First Interactive (beta)","scoringMode":"numeric"},"score":71,"weight":5,"id":"first-interactive","group":"perf-metric"},{"result":{"displayValue":"6,460 ms","score":71,"helpText":"Consistently Interactive marks the time at which the page is fully interactive. [Learn more](https://developers.google.com/web/tools/lighthouse/audits/consistently-interactive).","rawValue":6460.149,"extendedInfo":{"value":{"timeInMs":6460.149,"cpuQuietPeriod":{"start":8.650059653847E9,"end":8.650064967436E9},"networkQuietPeriods":[{"start":8.650059532223999E9,"end":8.650064967436E9}],"networkQuietPeriod":{"start":8.650059532223999E9,"end":8.650064967436E9},"cpuQuietPeriods":[{"start":8.650059653847E9,"end":8.650064967436E9}],"timestamp":8650059653847}},"name":"consistently-interactive","description":"Consistently Interactive (beta)","scoringMode":"numeric"},"score":71,"weight":5,"id":"consistently-interactive","group":"perf-metric"},{"result":{"displayValue":"5,723","score":48,"helpText":"Speed Index shows how quickly the contents of a page are visibly populated. [Learn more](https://developers.google.com/web/tools/lighthouse/audits/speed-index).","rawValue":5723,"extendedInfo":{"value":{"frames":[{"progress":0,"timestamp":8.650053193698E9},{"progress":0,"timestamp":8.650053950668E9},{"progress":0,"timestamp":8.650057717184E9},{"progress":78.47020210836772,"timestamp":8.650058783808E9},{"progress":79.55400014666994,"timestamp":8.650058883804E9},{"progress":84.25733274045653,"timestamp":8.65005906713E9},{"progress":90.99914379891193,"timestamp":8.650059217124E9},{"progress":92.49290629372531,"timestamp":8.65005965044E9},{"progress":100.00000000000001,"timestamp":8.650059800434E9}],"timestamps":{"firstVisualChange":8650058783698,"perceptualSpeedIndex":8.650058916695168E12,"visuallyComplete":8650059799698,"visuallyReady":8.650059217124001E12},"timings":{"firstVisualChange":5590,"perceptualSpeedIndex":5722.997167414955,"visuallyComplete":6606,"visuallyReady":6023.426000595093}}},"name":"speed-index-metric","description":"Perceptual Speed Index","scoringMode":"numeric"},"score":48,"weight":1,"id":"speed-index-metric","group":"perf-metric"},{"result":{"displayValue":"50 ms","score":95,"helpText":"The score above is an estimate of how long your app takes to respond to user input, in milliseconds. There is a 90% probability that a user encounters this amount of latency, or less. 10% of the time a user can expect additional latency. If your latency is higher than 50 ms, users may perceive your app as laggy. [Learn more](https://developers.google.com/web/tools/lighthouse/audits/estimated-input-latency).","rawValue":49.8,"extendedInfo":{"value":[{"percentile":0.5,"time":16},{"percentile":0.75,"time":16},{"percentile":0.9,"time":49.84405833333335},{"percentile":0.99,"time":161.88252333333307},{"percentile":1,"time":209.04299999999876}]},"name":"estimated-input-latency","description":"Estimated Input Latency","scoringMode":"numeric"},"score":95,"weight":1,"id":"estimated-input-latency","group":"perf-metric"},{"result":{"displayValue":"","score":100,"helpText":"External stylesheets are blocking the first paint of your page. Consider delivering critical CSS via `<style>` tags and deferring non-critical styles. [Learn more](https://developers.google.com/web/tools/lighthouse/audits/blocking-resources).","rawValue":0,"extendedInfo":{"value":{"wastedMs":"0 ms","results":[]}},"name":"link-blocking-first-paint","description":"Reduce render-blocking stylesheets","scoringMode":"binary","informative":true,"details":{"itemHeaders":[{"itemType":"url","text":"URL","type":"text"},{"itemType":"text","text":"Size (KB)","type":"text"},{"itemType":"text","text":"Delayed Paint By (ms)","type":"text"}],"header":"View Details","type":"table","items":[]}},"score":100,"weight":0,"id":"link-blocking-first-paint","group":"perf-hint"},{"result":{"displayValue":"","score":100,"helpText":"Script elements are blocking the first paint of your page. Consider inlining critical scripts and deferring non-critical ones. [Learn more](https://developers.google.com/web/tools/lighthouse/audits/blocking-resources).","rawValue":0,"extendedInfo":{"value":{"wastedMs":"0 ms","results":[]}},"name":"script-blocking-first-paint","description":"Reduce render-blocking scripts","scoringMode":"binary","informative":true,"details":{"itemHeaders":[{"itemType":"url","text":"URL","type":"text"},{"itemType":"text","text":"Size (KB)","type":"text"},{"itemType":"text","text":"Delayed Paint By (ms)","type":"text"}],"header":"View Details","type":"table","items":[]}},"score":100,"weight":0,"id":"script-blocking-first-paint","group":"perf-hint"},{"result":{"displayValue":"","score":100,"helpText":"Serve images that are appropriately-sized to save cellular data and improve load time. [Learn more](https://developers.google.com/web/tools/lighthouse/audits/oversized-images).","rawValue":0,"extendedInfo":{"value":{"wastedKb":0,"wastedMs":0,"results":[]}},"name":"uses-responsive-images","description":"Properly size images","scoringMode":"binary","informative":true,"details":{"itemHeaders":[{"itemType":"thumbnail","text":"","type":"text"},{"itemType":"url","text":"URL","type":"text"},{"itemType":"text","text":"Original","type":"text"},{"itemType":"text","text":"Potential Savings","type":"text"}],"header":"View Details","type":"table","items":[]}},"score":100,"weight":0,"id":"uses-responsive-images","group":"perf-hint"},{"result":{"displayValue":"","score":100,"helpText":"Consider lazy-loading offscreen and hidden images to improve page load speed and time to interactive. [Learn more](https://developers.google.com/web/tools/lighthouse/audits/offscreen-images).","rawValue":0,"extendedInfo":{"value":{"wastedKb":0,"wastedMs":0,"results":[]}},"name":"offscreen-images","description":"Offscreen images","scoringMode":"binary","informative":true,"details":{"itemHeaders":[{"itemType":"thumbnail","text":"","type":"text"},{"itemType":"url","text":"URL","type":"text"},{"itemType":"text","text":"Original","type":"text"},{"itemType":"text","text":"Potential Savings","type":"text"}],"header":"View Details","type":"table","items":[]}},"score":100,"weight":0,"id":"offscreen-images","group":"perf-hint"},{"result":{"displayValue":"","score":100,"helpText":"Minifying CSS files can reduce network payload sizes. [Learn more](https://developers.google.com/speed/docs/insights/MinifyResources).","rawValue":0,"extendedInfo":{"value":{"wastedKb":0,"wastedMs":0,"results":[]}},"name":"unminified-css","description":"Minify CSS","scoringMode":"binary","informative":true,"details":{"itemHeaders":[{"itemType":"url","text":"URL","type":"text"},{"itemType":"text","text":"Original","type":"text"},{"itemType":"text","text":"Potential Savings","type":"text"}],"header":"View Details","type":"table","items":[]}},"score":100,"weight":0,"id":"unminified-css","group":"perf-hint"},{"result":{"displayValue":"","score":100,"helpText":"Minifying JavaScript files can reduce payload sizes and script parse time. [Learn more](https://developers.google.com/speed/docs/insights/MinifyResources).","rawValue":0,"extendedInfo":{"value":{"wastedKb":0,"wastedMs":0,"results":[]}},"name":"unminified-javascript","description":"Minify JavaScript","scoringMode":"binary","informative":true,"details":{"itemHeaders":[{"itemType":"url","text":"URL","type":"text"},{"itemType":"text","text":"Original","type":"text"},{"itemType":"text","text":"Potential Savings","type":"text"}],"header":"View Details","type":"table","items":[]}},"score":100,"weight":0,"id":"unminified-javascript","group":"perf-hint"},{"result":{"displayValue":"Potential savings of 35 KB (~190 ms)","score":90,"helpText":"Remove unused rules from stylesheets to reduce unnecessary bytes consumed by network activity. [Learn more](https://developers.google.com/speed/docs/insights/OptimizeCSSDelivery)","rawValue":190,"extendedInfo":{"value":{"wastedKb":35,"wastedMs":190,"results":[{"wastedKb":"29 KB","totalKb":"32 KB","wastedMs":"160 ms","totalMs":"170 ms","potentialSavings":"29 KB (93%)","totalBytes":32261,"wastedPercent":92.80281987684556,"wastedBytes":29939,"url":"http://web/static/css/app.a1bcfeb0daa2a3f727390086fd42ee9d.css"},{"wastedKb":"5 KB","totalKb":"6 KB","wastedMs":"30 ms","totalMs":"30 ms","potentialSavings":"5 KB (98%)","totalBytes":5722,"wastedPercent":98.2698357217756,"wastedBytes":5623,"url":{"text":"a { color: #1976d2; } ...","type":"code"}}]}},"name":"unused-css-rules","description":"Unused CSS rules","scoringMode":"binary","informative":true,"details":{"itemHeaders":[{"itemType":"url","text":"URL","type":"text"},{"itemType":"text","text":"Original","type":"text"},{"itemType":"text","text":"Potential Savings","type":"text"}],"header":"View Details","type":"table","items":[[{"text":"http://web/static/css/app.a1bcfeb0daa2a3f727390086fd42ee9d.css","type":"url"},{"text":"32 KB","type":"text"},{"text":"29 KB (93%)","type":"text"}],[{"text":"a { color: #1976d2; } ...","type":"code"},{"text":"6 KB","type":"text"},{"text":"5 KB (98%)","type":"text"}]]}},"score":90,"weight":0,"id":"unused-css-rules","group":"perf-hint"},{"result":{"displayValue":"","score":100,"helpText":"Optimized images load faster and consume less cellular data. [Learn more](https://developers.google.com/web/tools/lighthouse/audits/optimize-images).","rawValue":0,"extendedInfo":{"value":{"wastedKb":0,"wastedMs":0,"results":[]}},"name":"uses-optimized-images","description":"Optimize images","scoringMode":"binary","informative":true,"details":{"itemHeaders":[{"itemType":"thumbnail","text":"","type":"text"},{"itemType":"url","text":"URL","type":"text"},{"itemType":"text","text":"Original","type":"text"},{"itemType":"text","text":"Potential Savings","type":"text"}],"header":"View Details","type":"table","items":[]}},"score":100,"weight":0,"id":"uses-optimized-images","group":"perf-hint"},{"result":{"displayValue":"","score":100,"helpText":"Image formats like JPEG 2000, JPEG XR, and WebP often provide better compression than PNG or JPEG, which means faster downloads and less data consumption. [Learn more](https://developers.google.com/web/tools/lighthouse/audits/webp).","rawValue":0,"extendedInfo":{"value":{"wastedKb":0,"wastedMs":0,"results":[]}},"name":"uses-webp-images","description":"Serve images in next-gen formats","scoringMode":"binary","informative":true,"details":{"itemHeaders":[{"itemType":"thumbnail","text":"","type":"text"},{"itemType":"url","text":"URL","type":"text"},{"itemType":"text","text":"Original","type":"text"},{"itemType":"text","text":"Potential Savings","type":"text"}],"header":"View Details","type":"table","items":[]}},"score":100,"weight":0,"id":"uses-webp-images","group":"perf-hint"},{"result":{"displayValue":"","score":100,"helpText":"Text-based responses should be served with compression (gzip, deflate or brotli) to minimize total network bytes. [Learn more](https://developers.google.com/web/fundamentals/performance/optimizing-content-efficiency/optimize-encoding-and-transfer).","rawValue":0,"extendedInfo":{"value":{"wastedKb":0,"wastedMs":0,"results":[]}},"name":"uses-request-compression","description":"Enable text compression","scoringMode":"binary","informative":true,"details":{"itemHeaders":[{"itemType":"url","text":"Uncompressed resource URL","type":"text"},{"itemType":"text","text":"Original","type":"text"},{"itemType":"text","text":"GZIP Savings","type":"text"}],"header":"View Details","type":"table","items":[]}},"score":100,"weight":0,"id":"uses-request-compression","group":"perf-hint"},{"result":{"displayValue":"","score":null,"debugString":"Audit error: Cannot read property '_timing' of undefined","helpText":"Time To First Byte identifies the time at which your server sends a response. [Learn more](https://developers.google.com/web/tools/chrome-devtools/network-performance/issues).","rawValue":null,"name":"time-to-first-byte","description":"Keep server response times low (TTFB)","scoringMode":"binary","informative":true,"error":true},"score":0,"weight":0,"id":"time-to-first-byte","group":"perf-hint"},{"result":{"displayValue":"","score":null,"debugString":"Audit error: Unable to identify the main resource","helpText":"Redirects introduce additional delays before the page can be loaded. [Learn more](https://developers.google.com/speed/docs/insights/AvoidRedirects).","rawValue":null,"name":"redirects","description":"Has multiple page redirects","scoringMode":"binary","error":true},"score":0,"weight":0,"id":"redirects","group":"perf-hint"},{"result":{"displayValue":"","score":null,"debugString":"Audit error: Unable to identify the main resource","helpText":"Consider using <link rel=preload> to prioritize fetching late-discovered resources sooner [Learn more](https://developers.google.com/web/updates/2016/03/link-rel-preload).","rawValue":null,"name":"uses-rel-preload","description":"Preload key requests","scoringMode":"numeric","informative":true,"error":true},"score":0,"weight":0,"id":"uses-rel-preload","group":"perf-hint"},{"result":{"displayValue":"Total size was 400 KB","score":100,"helpText":"Large network payloads cost users real money and are highly correlated with long load times. [Learn more](https://developers.google.com/web/tools/lighthouse/audits/network-payloads).","rawValue":409855,"extendedInfo":{"value":{"totalCompletedRequests":11,"results":[{"totalKb":"227 KB","totalMs":"1,240 ms","totalBytes":232785,"url":"http://web/static/js/vendor.d1efda22f11e965a5228.js"},{"totalKb":"48 KB","totalMs":"260 ms","totalBytes":49163,"url":"https://fonts.gstatic.com/s/materialicons/v37/flUhRq6tzZclQEJ-Vdg-IuiaDsNc.woff2"},{"totalKb":"46 KB","totalMs":"250 ms","totalBytes":47366,"url":"https://cdnjs.cloudflare.com/ajax/libs/Chart.js/2.7.1/Chart.min.js"},{"totalKb":"32 KB","totalMs":"170 ms","totalBytes":32261,"url":"http://web/static/css/app.a1bcfeb0daa2a3f727390086fd42ee9d.css"},{"totalKb":"15 KB","totalMs":"80 ms","totalBytes":15817,"url":"https://fonts.gstatic.com/s/roboto/v18/KFOlCnqEu92Fr1MmEU9fBBc4.woff2"},{"totalKb":"15 KB","totalMs":"80 ms","totalBytes":15461,"url":"https://fonts.gstatic.com/s/roboto/v18/KFOmCnqEu92Fr1Mu4mxK.woff2"},{"totalKb":"12 KB","totalMs":"70 ms","totalBytes":12691,"url":"http://web/static/js/app.310cd52123c59f9f64a5.js"},{"totalKb":"1 KB","totalMs":"10 ms","totalBytes":1524,"url":"https://unpkg.com/vue-chartjs@3.3.2/dist/vue-chartjs.min.js"},{"totalKb":"1 KB","totalMs":"10 ms","totalBytes":1211,"url":"http://web/"},{"totalKb":"1 KB","totalMs":"10 ms","totalBytes":1171,"url":"http://web/static/js/manifest.9f020e973ae4037504f6.js"}]}},"name":"total-byte-weight","description":"Avoids enormous network payloads","scoringMode":"numeric","details":{"itemHeaders":[{"itemType":"url","text":"URL","type":"text"},{"itemType":"text","text":"Total Size","type":"text"},{"itemType":"text","text":"Transfer Time","type":"text"}],"header":"View Details","type":"table","items":[[{"text":"http://web/static/js/vendor.d1efda22f11e965a5228.js","type":"url"},{"text":"227 KB","type":"text"},{"text":"1,240 ms","type":"text"}],[{"text":"https://fonts.gstatic.com/s/materialicons/v37/flUhRq6tzZclQEJ-Vdg-IuiaDsNc.woff2","type":"url"},{"text":"48 KB","type":"text"},{"text":"260 ms","type":"text"}],[{"text":"https://cdnjs.cloudflare.com/ajax/libs/Chart.js/2.7.1/Chart.min.js","type":"url"},{"text":"46 KB","type":"text"},{"text":"250 ms","type":"text"}],[{"text":"http://web/static/css/app.a1bcfeb0daa2a3f727390086fd42ee9d.css","type":"url"},{"text":"32 KB","type":"text"},{"text":"170 ms","type":"text"}],[{"text":"https://fonts.gstatic.com/s/roboto/v18/KFOlCnqEu92Fr1MmEU9fBBc4.woff2","type":"url"},{"text":"15 KB","type":"text"},{"text":"80 ms","type":"text"}],[{"text":"https://fonts.gstatic.com/s/roboto/v18/KFOmCnqEu92Fr1Mu4mxK.woff2","type":"url"},{"text":"15 KB","type":"text"},{"text":"80 ms","type":"text"}],[{"text":"http://web/static/js/app.310cd52123c59f9f64a5.js","type":"url"},{"text":"12 KB","type":"text"},{"text":"70 ms","type":"text"}],[{"text":"https://unpkg.com/vue-chartjs@3.3.2/dist/vue-chartjs.min.js","type":"url"},{"text":"1 KB","type":"text"},{"text":"10 ms","type":"text"}],[{"text":"http://web/","type":"url"},{"text":"1 KB","type":"text"},{"text":"10 ms","type":"text"}],[{"text":"http://web/static/js/manifest.9f020e973ae4037504f6.js","type":"url"},{"text":"1 KB","type":"text"},{"text":"10 ms","type":"text"}]]}},"score":100,"weight":0,"id":"total-byte-weight","group":"perf-info"},{"result":{"displayValue":"0 assets found","score":100,"helpText":"A long cache lifetime can speed up repeat visits to your page. [Learn more](https://developers.google.com/web/fundamentals/performance/optimizing-content-efficiency/http-caching#cache-control).","rawValue":0,"extendedInfo":{"value":{"queryStringCount":0,"results":[]}},"name":"uses-long-cache-ttl","description":"Uses efficient cache policy on static assets","scoringMode":"numeric","details":{"itemHeaders":[{"itemType":"url","text":"URL","type":"text"},{"itemType":"text","text":"Cache TTL","type":"text"},{"itemType":"text","text":"Size (KB)","type":"text"}],"header":"View Details","type":"table","items":[]}},"score":100,"weight":0,"id":"uses-long-cache-ttl","group":"perf-info"},{"result":{"displayValue":"94 nodes","score":100,"helpText":"Browser engineers recommend pages contain fewer than ~1,500 DOM nodes. The sweet spot is a tree depth < 32 elements and fewer than 60 children/parent element. A large DOM can increase memory usage, cause longer [style calculations](https://developers.google.com/web/fundamentals/performance/rendering/reduce-the-scope-and-complexity-of-style-calculations), and produce costly [layout reflows](https://developers.google.com/speed/articles/reflow). [Learn more](https://developers.google.com/web/fundamentals/performance/rendering/).","rawValue":94,"extendedInfo":{"value":[{"title":"Total DOM Nodes","value":"94","target":"< 1,500 nodes"},{"snippet":"html >\n  body >\n    main >\n      div#inspire.application.theme--dark >\n        div.application--wrap >\n          aside.navigation-drawer.navigation-drawer--clipped.navigation-drawer--close.navigation-drawer--fixed.navigation-drawer--is-mobile >\n            div.list >\n              div >\n                div.list__tile >\n                  div.input-group.input-group--dirty.input-group--selection-controls.switch.accent--text >\n                    div.input-group__input >\n                      div.input-group--selection-controls__container >\n                        div.input-group--selection-controls__toggle.input-group--selection-controls__toggle--active","title":"DOM Depth","value":"13","target":"< 32"},{"snippet":"Element with most children:\nhead","title":"Maximum Children","value":"8","target":"< 60 nodes"}]},"name":"dom-size","description":"Avoids an excessive DOM size","scoringMode":"numeric","details":{"header":{"text":"View details","type":"text"},"type":"cards","items":[{"title":"Total DOM Nodes","value":"94","target":"< 1,500 nodes"},{"snippet":"html >\n  body >\n    main >\n      div#inspire.application.theme--dark >\n        div.application--wrap >\n          aside.navigation-drawer.navigation-drawer--clipped.navigation-drawer--close.navigation-drawer--fixed.navigation-drawer--is-mobile >\n            div.list >\n              div >\n                div.list__tile >\n                  div.input-group.input-group--dirty.input-group--selection-controls.switch.accent--text >\n                    div.input-group__input >\n                      div.input-group--selection-controls__container >\n                        div.input-group--selection-controls__toggle.input-group--selection-controls__toggle--active","title":"DOM Depth","value":"13","target":"< 32"},{"snippet":"Element with most children:\nhead","title":"Maximum Children","value":"8","target":"< 60 nodes"}]}},"score":100,"weight":0,"id":"dom-size","group":"perf-info"},{"result":{"displayValue":"","score":null,"debugString":"Audit error: Unable to identify the main resource","helpText":"The Critical Request Chains below show you what resources are issued with a high priority. Consider reducing the length of chains, reducing the download size of resources, or deferring the download of unnecessary resources to improve page load. [Learn more](https://developers.google.com/web/tools/lighthouse/audits/critical-request-chains).","rawValue":null,"name":"critical-request-chains","description":"Critical Request Chains","scoringMode":"binary","informative":true,"error":true},"score":0,"weight":0,"id":"critical-request-chains","group":"perf-info"},{"result":{"displayValue":"11","score":100,"helpText":"Lists the network requests that were made during page load.","rawValue":11,"extendedInfo":{"value":[{"transferSize":1211,"startTime":0,"endTime":638.9249991625547,"mimeType":"text/html","url":"http://web/","statusCode":200,"resourceType":"document"},{"transferSize":1171,"startTime":755.621999502182,"endTime":1328.4680005162954,"mimeType":"application/javascript","url":"http://web/static/js/manifest.9f020e973ae4037504f6.js","statusCode":200,"resourceType":"script"},{"transferSize":232785,"startTime":755.7720001786947,"endTime":2917.8979992866516,"mimeType":"application/javascript","url":"http://web/static/js/vendor.d1efda22f11e965a5228.js","statusCode":200,"resourceType":"script"},{"transferSize":12691,"startTime":755.9009995311499,"endTime":1470.6410001963377,"mimeType":"application/javascript","url":"http://web/static/js/app.310cd52123c59f9f64a5.js","statusCode":200,"resourceType":"script"},{"transferSize":47366,"startTime":790.370000526309,"endTime":2162.829000502825,"mimeType":"application/javascript","url":"https://cdnjs.cloudflare.com/ajax/libs/Chart.js/2.7.1/Chart.min.js","statusCode":200,"resourceType":"script"},{"transferSize":405,"startTime":790.8159997314215,"endTime":1663.72200101614,"mimeType":"text/plain","url":"https://unpkg.com/vue-chartjs/dist/vue-chartjs.min.js","statusCode":302},{"transferSize":1524,"startTime":1664.8290008306503,"endTime":2258.2770008593798,"mimeType":"application/javascript","url":"https://unpkg.com/vue-chartjs@3.3.2/dist/vue-chartjs.min.js","statusCode":200,"resourceType":"script"},{"transferSize":32261,"startTime":4527.456000447273,"endTime":5278.87500077486,"mimeType":"text/css","url":"http://web/static/css/app.a1bcfeb0daa2a3f727390086fd42ee9d.css","statusCode":200,"resourceType":"stylesheet"},{"transferSize":15461,"startTime":5458.613000810146,"endTime":6342.342000454664,"mimeType":"font/woff2","url":"https://fonts.gstatic.com/s/roboto/v18/KFOmCnqEu92Fr1Mu4mxK.woff2","statusCode":200,"resourceType":"font"},{"transferSize":49163,"startTime":5458.761001005769,"endTime":6524.431999772787,"mimeType":"font/woff2","url":"https://fonts.gstatic.com/s/materialicons/v37/flUhRq6tzZclQEJ-Vdg-IuiaDsNc.woff2","statusCode":200,"resourceType":"font"},{"transferSize":15817,"startTime":5458.878999575973,"endTime":6334.002999588847,"mimeType":"font/woff2","url":"https://fonts.gstatic.com/s/roboto/v18/KFOlCnqEu92Fr1MmEU9fBBc4.woff2","statusCode":200,"resourceType":"font"}]},"name":"network-requests","description":"Network Requests","scoringMode":"binary","informative":true,"details":{"itemHeaders":[{"itemType":"url","text":"URL","type":"text"},{"itemType":"ms","text":"Start Time","type":"text"},{"itemType":"ms","text":"End Time","type":"text"},{"itemType":"bytes","text":"Transfer Size","type":"text"},{"itemType":"text","text":"Status Code","type":"text"},{"itemType":"text","text":"MIME Type","type":"text"},{"itemType":"text","text":"Resource Type","type":"text"}],"header":"View Details","type":"table","items":[[{"text":"http://web/","type":"url"},{"text":0,"type":"ms"},{"text":638.9249991625547,"type":"ms"},{"text":1211,"type":"bytes"},{"text":200,"type":"text"},{"text":"text/html","type":"text"},{"text":"document","type":"text"}],[{"text":"http://web/static/js/manifest.9f020e973ae4037504f6.js","type":"url"},{"text":755.621999502182,"type":"ms"},{"text":1328.4680005162954,"type":"ms"},{"text":1171,"type":"bytes"},{"text":200,"type":"text"},{"text":"application/javascript","type":"text"},{"text":"script","type":"text"}],[{"text":"http://web/static/js/vendor.d1efda22f11e965a5228.js","type":"url"},{"text":755.7720001786947,"type":"ms"},{"text":2917.8979992866516,"type":"ms"},{"text":232785,"type":"bytes"},{"text":200,"type":"text"},{"text":"application/javascript","type":"text"},{"text":"script","type":"text"}],[{"text":"http://web/static/js/app.310cd52123c59f9f64a5.js","type":"url"},{"text":755.9009995311499,"type":"ms"},{"text":1470.6410001963377,"type":"ms"},{"text":12691,"type":"bytes"},{"text":200,"type":"text"},{"text":"application/javascript","type":"text"},{"text":"script","type":"text"}],[{"text":"https://cdnjs.cloudflare.com/ajax/libs/Chart.js/2.7.1/Chart.min.js","type":"url"},{"text":790.370000526309,"type":"ms"},{"text":2162.829000502825,"type":"ms"},{"text":47366,"type":"bytes"},{"text":200,"type":"text"},{"text":"application/javascript","type":"text"},{"text":"script","type":"text"}],[{"text":"https://unpkg.com/vue-chartjs/dist/vue-chartjs.min.js","type":"url"},{"text":790.8159997314215,"type":"ms"},{"text":1663.72200101614,"type":"ms"},{"text":405,"type":"bytes"},{"text":302,"type":"text"},{"text":"text/plain","type":"text"},{"type":"text"}],[{"text":"https://unpkg.com/vue-chartjs@3.3.2/dist/vue-chartjs.min.js","type":"url"},{"text":1664.8290008306503,"type":"ms"},{"text":2258.2770008593798,"type":"ms"},{"text":1524,"type":"bytes"},{"text":200,"type":"text"},{"text":"application/javascript","type":"text"},{"text":"script","type":"text"}],[{"text":"http://web/static/css/app.a1bcfeb0daa2a3f727390086fd42ee9d.css","type":"url"},{"text":4527.456000447273,"type":"ms"},{"text":5278.87500077486,"type":"ms"},{"text":32261,"type":"bytes"},{"text":200,"type":"text"},{"text":"text/css","type":"text"},{"text":"stylesheet","type":"text"}],[{"text":"https://fonts.gstatic.com/s/roboto/v18/KFOmCnqEu92Fr1Mu4mxK.woff2","type":"url"},{"text":5458.613000810146,"type":"ms"},{"text":6342.342000454664,"type":"ms"},{"text":15461,"type":"bytes"},{"text":200,"type":"text"},{"text":"font/woff2","type":"text"},{"text":"font","type":"text"}],[{"text":"https://fonts.gstatic.com/s/materialicons/v37/flUhRq6tzZclQEJ-Vdg-IuiaDsNc.woff2","type":"url"},{"text":5458.761001005769,"type":"ms"},{"text":6524.431999772787,"type":"ms"},{"text":49163,"type":"bytes"},{"text":200,"type":"text"},{"text":"font/woff2","type":"text"},{"text":"font","type":"text"}],[{"text":"https://fonts.gstatic.com/s/roboto/v18/KFOlCnqEu92Fr1MmEU9fBBc4.woff2","type":"url"},{"text":5458.878999575973,"type":"ms"},{"text":6334.002999588847,"type":"ms"},{"text":15817,"type":"bytes"},{"text":200,"type":"text"},{"text":"font/woff2","type":"text"},{"text":"font","type":"text"}]]}},"score":100,"weight":0,"id":"network-requests"},{"result":{"displayValue":"0","score":true,"helpText":"Consider instrumenting your app with the User Timing API to create custom, real-world measurements of key user experiences. [Learn more](https://developers.google.com/web/tools/lighthouse/audits/user-timing).","rawValue":true,"extendedInfo":{"value":[]},"name":"user-timings","description":"User Timing marks and measures","scoringMode":"binary","informative":true,"details":{"itemHeaders":[{"itemType":"text","text":"Name","type":"text"},{"itemType":"text","text":"Type","type":"text"},{"itemType":"text","text":"Time","type":"text"}],"header":"View Details","type":"table","items":[]}},"score":100,"weight":0,"id":"user-timings","group":"perf-info"},{"result":{"displayValue":"1,570 ms","score":true,"helpText":"Consider reducing the time spent parsing, compiling, and executing JS. You may find delivering smaller JS payloads helps with this. [Learn more](https://developers.google.com/web/lighthouse/audits/bootup).","rawValue":1573.503999710083,"extendedInfo":{"value":{"http://web/static/js/app.310cd52123c59f9f64a5.js":{"Script Evaluation":1173.697998046875,"Script Parsing & Compile":22.533000946044922},"http://web/static/js/vendor.d1efda22f11e965a5228.js":{"Style & Layout":178.41699981689453,"Script Parsing & Compile":14.004999160766602,"Script Evaluation":9.45100212097168},"https://unpkg.com/vue-chartjs@3.3.2/dist/vue-chartjs.min.js":{"Script Evaluation":6.445001602172852,"Script Parsing & Compile":4.004999160766602},"https://cdnjs.cloudflare.com/ajax/libs/Chart.js/2.7.1/Chart.min.js":{"Style & Layout":0.8509998321533203,"Script Evaluation":90.19700050354004,"Script Parsing & Compile":0.5679988861083984},"http://web/static/js/manifest.9f020e973ae4037504f6.js":{"Script Parsing & Compile":2.184000015258789,"Script Evaluation":1.4300003051757812},"http://web/":{"Style & Layout":0.0989990234375,"Script Evaluation":7.028999328613281,"Script Parsing & Compile":0.14599990844726562},"http://web/#/":{"Parsing HTML & CSS":62.446001052856445}}},"name":"bootup-time","description":"JavaScript boot-up time","scoringMode":"binary","details":{"itemHeaders":[{"itemType":"url","text":"URL","type":"text"},{"itemType":"text","text":"Script Evaluation","type":"text"},{"itemType":"text","text":"Script Parsing & Compile","type":"text"}],"header":"View Details","type":"table","items":[[{"text":"http://web/static/js/app.310cd52123c59f9f64a5.js","type":"url"},{"text":"1,174 ms","type":"text"},{"text":"23 ms","type":"text"}],[{"text":"https://cdnjs.cloudflare.com/ajax/libs/Chart.js/2.7.1/Chart.min.js","type":"url"},{"text":"90 ms","type":"text"},{"text":"1 ms","type":"text"}],[{"text":"http://web/static/js/vendor.d1efda22f11e965a5228.js","type":"url"},{"text":"9 ms","type":"text"},{"text":"14 ms","type":"text"}],[{"text":"https://unpkg.com/vue-chartjs@3.3.2/dist/vue-chartjs.min.js","type":"url"},{"text":"6 ms","type":"text"},{"text":"4 ms","type":"text"}]]}},"score":100,"weight":0,"id":"bootup-time","group":"perf-info"},{"result":{"displayValue":"true","score":100,"helpText":"This is what the load of your site looked like.","rawValue":true,"name":"screenshot-thumbnails","description":"Screenshot Thumbnails","scoringMode":"binary","informative":true,"details":{"scale":6606,"type":"filmstrip","items":[{"data":"/9j/4AAQSkZJRgABAQAAAQABAAD/2wCEAAMCAgMCAgMDAwMEAwMEBQgFBQQEBQoHBwYIDAoMDAsKCwsNDhIQDQ4RDgsLEBYQERMUFRUVDA8XGBYUGBIUFRQBAwQEBQQFCQUFCRQNCw0UFBQUFBQUFBQUFBQUFBQUFBQUFBQUFBQUFBQUFBQUFBQUFBQUFBQUFBQUFBQUFBQUFP/AABEIANUAeAMBEQACEQEDEQH/xAGiAAABBQEBAQEBAQAAAAAAAAAAAQIDBAUGBwgJCgsQAAIBAwMCBAMFBQQEAAABfQECAwAEEQUSITFBBhNRYQcicRQygZGhCCNCscEVUtHwJDNicoIJChYXGBkaJSYnKCkqNDU2Nzg5OkNERUZHSElKU1RVVldYWVpjZGVmZ2hpanN0dXZ3eHl6g4SFhoeIiYqSk5SVlpeYmZqio6Slpqeoqaqys7S1tre4ubrCw8TFxsfIycrS09TV1tfY2drh4uPk5ebn6Onq8fLz9PX29/j5+gEAAwEBAQEBAQEBAQAAAAAAAAECAwQFBgcICQoLEQACAQIEBAMEBwUEBAABAncAAQIDEQQFITEGEkFRB2FxEyIygQgUQpGhscEJIzNS8BVictEKFiQ04SXxFxgZGiYnKCkqNTY3ODk6Q0RFRkdISUpTVFVWV1hZWmNkZWZnaGlqc3R1dnd4eXqCg4SFhoeIiYqSk5SVlpeYmZqio6Slpqeoqaqys7S1tre4ubrCw8TFxsfIycrS09TV1tfY2dri4+Tl5ufo6ery8/T19vf4+fr/2gAMAwEAAhEDEQA/AP1ToAKACgAoAKACgAoAKACgAoAKACgAoAKACgAoAKACgAoAKACgAoAKACgAoAKACgAoAKACgAoAKACgAoAKACgAoAKACgAoAKACgAoAKACgAoAKACgAoAKACgAoAKACgAoAKACgAoAKACgAoAKACgAoAKACgAoAKACgAoAKACgAoAKACgAoAKACgAoAKACgAoAKACgAoAKACgAoAKACgAoAKACgAoAKACgAoAKACgAoAKACgAoAKACgAoAKACgAoAKACgAoAKACgAoAKACgAoAKACgAoAKACgAoAKACgAoAKACgAoAKACgAoAKACgAoAKACgAoAKACgAoAKACgAoAKACgAoAKACgAoAKACgAoAKACgAoAKACgAoAKACgAoAKACgAoAKACgAoAKACgAoAKACgAoAKACgAoAKACgAoAKACgAoAKACgAoAKACgAoAKACgAoAKACgAoAKACgAoAKACgAoAKACgAoAKACgAoAKACgAoAKACgAoAKACgAoAKACgAoAKACgAoAKACgAoAKACgAoAKACgAoAKACgAoAKACgAoAKACgAoAKACgAoAKACgAoAKACgAoAKACgAoAKACgAoAKACgAoAKACgAoAKACgAoAKACgAoAKACgAoAKACgAoAKACgAoAKACgAoAKACgAoAKACgAoAKACgAoAKACgAoAKACgAoAKACgAoAKACgAoAKACgAoAKACgAoAKACgAoAKACgAoAKACgAoAKACgAoAKACgAoAKACgAoAKACgAoAKACgAoAKACgAoAKACgAoAKACgAoAKACgAoAKACgAoAKACgAoAKACgAoAKACgAoAKACgAoAKACgAoAKACgAoAKACgAoAKACgAoAKACgAoAKACgAoAKACgAoAKACgAoAKACgAoAKACgAoAKACgAoAKACgAoAKACgAoAKACgAoAKACgAoAKACgD//Z","timing":661,"timestamp":8650053854298},{"data":"/9j/4AAQSkZJRgABAQAAAQABAAD/2wCEAAMCAgMCAgMDAwMEAwMEBQgFBQQEBQoHBwYIDAoMDAsKCwsNDhIQDQ4RDgsLEBYQERMUFRUVDA8XGBYUGBIUFRQBAwQEBQQFCQUFCRQNCw0UFBQUFBQUFBQUFBQUFBQUFBQUFBQUFBQUFBQUFBQUFBQUFBQUFBQUFBQUFBQUFBQUFP/AABEIANUAeAMBEQACEQEDEQH/xAGiAAABBQEBAQEBAQAAAAAAAAAAAQIDBAUGBwgJCgsQAAIBAwMCBAMFBQQEAAABfQECAwAEEQUSITFBBhNRYQcicRQygZGhCCNCscEVUtHwJDNicoIJChYXGBkaJSYnKCkqNDU2Nzg5OkNERUZHSElKU1RVVldYWVpjZGVmZ2hpanN0dXZ3eHl6g4SFhoeIiYqSk5SVlpeYmZqio6Slpqeoqaqys7S1tre4ubrCw8TFxsfIycrS09TV1tfY2drh4uPk5ebn6Onq8fLz9PX29/j5+gEAAwEBAQEBAQEBAQAAAAAAAAECAwQFBgcICQoLEQACAQIEBAMEBwUEBAABAncAAQIDEQQFITEGEkFRB2FxEyIygQgUQpGhscEJIzNS8BVictEKFiQ04SXxFxgZGiYnKCkqNTY3ODk6Q0RFRkdISUpTVFVWV1hZWmNkZWZnaGlqc3R1dnd4eXqCg4SFhoeIiYqSk5SVlpeYmZqio6Slpqeoqaqys7S1tre4ubrCw8TFxsfIycrS09TV1tfY2dri4+Tl5ufo6ery8/T19vf4+fr/2gAMAwEAAhEDEQA/AP1ToAKACgAoAKACgAoAKACgAoAKACgAoAKACgAoAKACgAoAKACgAoAKACgAoAKACgAoAKACgAoAKACgAoAKACgAoAKACgAoAKACgAoAKACgAoAKACgAoAKACgAoAKACgAoAKACgAoAKACgAoAKACgAoAKACgAoAKACgAoAKACgAoAKACgAoAKACgAoAKACgAoAKACgAoAKACgAoAKACgAoAKACgAoAKACgAoAKACgAoAKACgAoAKACgAoAKACgAoAKACgAoAKACgAoAKACgAoAKACgAoAKACgAoAKACgAoAKACgAoAKACgAoAKACgAoAKACgAoAKACgAoAKACgAoAKACgAoAKACgAoAKACgAoAKACgAoAKACgAoAKACgAoAKACgAoAKACgAoAKACgAoAKACgAoAKACgAoAKACgAoAKACgAoAKACgAoAKACgAoAKACgAoAKACgAoAKACgAoAKACgAoAKACgAoAKACgAoAKACgAoAKACgAoAKACgAoAKACgAoAKACgAoAKACgAoAKACgAoAKACgAoAKACgAoAKACgAoAKACgAoAKACgAoAKACgAoAKACgAoAKACgAoAKACgAoAKACgAoAKACgAoAKACgAoAKACgAoAKACgAoAKACgAoAKACgAoAKACgAoAKACgAoAKACgAoAKACgAoAKACgAoAKACgAoAKACgAoAKACgAoAKACgAoAKACgAoAKACgAoAKACgAoAKACgAoAKACgAoAKACgAoAKACgAoAKACgAoAKACgAoAKACgAoAKACgAoAKACgAoAKACgAoAKACgAoAKACgAoAKACgAoAKACgAoAKACgAoAKACgAoAKACgAoAKACgAoAKACgAoAKACgAoAKACgAoAKACgAoAKACgAoAKACgAoAKACgAoAKACgAoAKACgAoAKACgAoAKACgAoAKACgAoAKACgD//Z","timing":1321,"timestamp":8.650054514898001E12},{"data":"/9j/4AAQSkZJRgABAQAAAQABAAD/2wCEAAMCAgMCAgMDAwMEAwMEBQgFBQQEBQoHBwYIDAoMDAsKCwsNDhIQDQ4RDgsLEBYQERMUFRUVDA8XGBYUGBIUFRQBAwQEBQQFCQUFCRQNCw0UFBQUFBQUFBQUFBQUFBQUFBQUFBQUFBQUFBQUFBQUFBQUFBQUFBQUFBQUFBQUFBQUFP/AABEIANUAeAMBEQACEQEDEQH/xAGiAAABBQEBAQEBAQAAAAAAAAAAAQIDBAUGBwgJCgsQAAIBAwMCBAMFBQQEAAABfQECAwAEEQUSITFBBhNRYQcicRQygZGhCCNCscEVUtHwJDNicoIJChYXGBkaJSYnKCkqNDU2Nzg5OkNERUZHSElKU1RVVldYWVpjZGVmZ2hpanN0dXZ3eHl6g4SFhoeIiYqSk5SVlpeYmZqio6Slpqeoqaqys7S1tre4ubrCw8TFxsfIycrS09TV1tfY2drh4uPk5ebn6Onq8fLz9PX29/j5+gEAAwEBAQEBAQEBAQAAAAAAAAECAwQFBgcICQoLEQACAQIEBAMEBwUEBAABAncAAQIDEQQFITEGEkFRB2FxEyIygQgUQpGhscEJIzNS8BVictEKFiQ04SXxFxgZGiYnKCkqNTY3ODk6Q0RFRkdISUpTVFVWV1hZWmNkZWZnaGlqc3R1dnd4eXqCg4SFhoeIiYqSk5SVlpeYmZqio6Slpqeoqaqys7S1tre4ubrCw8TFxsfIycrS09TV1tfY2dri4+Tl5ufo6ery8/T19vf4+fr/2gAMAwEAAhEDEQA/AP1ToAKACgAoAKACgAoAKACgAoAKACgAoAKACgAoAKACgAoAKACgAoAKACgAoAKACgAoAKACgAoAKACgAoAKACgAoAKACgAoAKACgAoAKACgAoAKACgAoAKACgAoAKACgAoAKACgAoAKACgAoAKACgAoAKACgAoAKACgAoAKACgAoAKACgAoAKACgAoAKACgAoAKACgAoAKACgAoAKACgAoAKACgAoAKACgAoAKACgAoAKACgAoAKACgAoAKACgAoAKACgAoAKACgAoAKACgAoAKACgAoAKACgAoAKACgAoAKACgAoAKACgAoAKACgAoAKACgAoAKACgAoAKACgAoAKACgAoAKACgAoAKACgAoAKACgAoAKACgAoAKACgAoAKACgAoAKACgAoAKACgAoAKACgAoAKACgAoAKACgAoAKACgAoAKACgAoAKACgAoAKACgAoAKACgAoAKACgAoAKACgAoAKACgAoAKACgAoAKACgAoAKACgAoAKACgAoAKACgAoAKACgAoAKACgAoAKACgAoAKACgAoAKACgAoAKACgAoAKACgAoAKACgAoAKACgAoAKACgAoAKACgAoAKACgAoAKACgAoAKACgAoAKACgAoAKACgAoAKACgAoAKACgAoAKACgAoAKACgAoAKACgAoAKACgAoAKACgAoAKACgAoAKACgAoAKACgAoAKACgAoAKACgAoAKACgAoAKACgAoAKACgAoAKACgAoAKACgAoAKACgAoAKACgAoAKACgAoAKACgAoAKACgAoAKACgAoAKACgAoAKACgAoAKACgAoAKACgAoAKACgAoAKACgAoAKACgAoAKACgAoAKACgAoAKACgAoAKACgAoAKACgAoAKACgAoAKACgAoAKACgAoAKACgAoAKACgAoAKACgAoAKACgAoAKACgAoAKACgAoAKACgAoAKACgD//Z","timing":1982,"timestamp":8.650055175497999E12},{"data":"/9j/4AAQSkZJRgABAQAAAQABAAD/2wCEAAMCAgMCAgMDAwMEAwMEBQgFBQQEBQoHBwYIDAoMDAsKCwsNDhIQDQ4RDgsLEBYQERMUFRUVDA8XGBYUGBIUFRQBAwQEBQQFCQUFCRQNCw0UFBQUFBQUFBQUFBQUFBQUFBQUFBQUFBQUFBQUFBQUFBQUFBQUFBQUFBQUFBQUFBQUFP/AABEIANUAeAMBEQACEQEDEQH/xAGiAAABBQEBAQEBAQAAAAAAAAAAAQIDBAUGBwgJCgsQAAIBAwMCBAMFBQQEAAABfQECAwAEEQUSITFBBhNRYQcicRQygZGhCCNCscEVUtHwJDNicoIJChYXGBkaJSYnKCkqNDU2Nzg5OkNERUZHSElKU1RVVldYWVpjZGVmZ2hpanN0dXZ3eHl6g4SFhoeIiYqSk5SVlpeYmZqio6Slpqeoqaqys7S1tre4ubrCw8TFxsfIycrS09TV1tfY2drh4uPk5ebn6Onq8fLz9PX29/j5+gEAAwEBAQEBAQEBAQAAAAAAAAECAwQFBgcICQoLEQACAQIEBAMEBwUEBAABAncAAQIDEQQFITEGEkFRB2FxEyIygQgUQpGhscEJIzNS8BVictEKFiQ04SXxFxgZGiYnKCkqNTY3ODk6Q0RFRkdISUpTVFVWV1hZWmNkZWZnaGlqc3R1dnd4eXqCg4SFhoeIiYqSk5SVlpeYmZqio6Slpqeoqaqys7S1tre4ubrCw8TFxsfIycrS09TV1tfY2dri4+Tl5ufo6ery8/T19vf4+fr/2gAMAwEAAhEDEQA/AP1ToAKACgAoAKACgAoAKACgAoAKACgAoAKACgAoAKACgAoAKACgAoAKACgAoAKACgAoAKACgAoAKACgAoAKACgAoAKACgAoAKACgAoAKACgAoAKACgAoAKACgAoAKACgAoAKACgAoAKACgAoAKACgAoAKACgAoAKACgAoAKACgAoAKACgAoAKACgAoAKACgAoAKACgAoAKACgAoAKACgAoAKACgAoAKACgAoAKACgAoAKACgAoAKACgAoAKACgAoAKACgAoAKACgAoAKACgAoAKACgAoAKACgAoAKACgAoAKACgAoAKACgAoAKACgAoAKACgAoAKACgAoAKACgAoAKACgAoAKACgAoAKACgAoAKACgAoAKACgAoAKACgAoAKACgAoAKACgAoAKACgAoAKACgAoAKACgAoAKACgAoAKACgAoAKACgAoAKACgAoAKACgAoAKACgAoAKACgAoAKACgAoAKACgAoAKACgAoAKACgAoAKACgAoAKACgAoAKACgAoAKACgAoAKACgAoAKACgAoAKACgAoAKACgAoAKACgAoAKACgAoAKACgAoAKACgAoAKACgAoAKACgAoAKACgAoAKACgAoAKACgAoAKACgAoAKACgAoAKACgAoAKACgAoAKACgAoAKACgAoAKACgAoAKACgAoAKACgAoAKACgAoAKACgAoAKACgAoAKACgAoAKACgAoAKACgAoAKACgAoAKACgAoAKACgAoAKACgAoAKACgAoAKACgAoAKACgAoAKACgAoAKACgAoAKACgAoAKACgAoAKACgAoAKACgAoAKACgAoAKACgAoAKACgAoAKACgAoAKACgAoAKACgAoAKACgAoAKACgAoAKACgAoAKACgAoAKACgAoAKACgAoAKACgAoAKACgAoAKACgAoAKACgAoAKACgAoAKACgAoAKACgAoAKACgD//Z","timing":2642,"timestamp":8650055836098},{"data":"/9j/4AAQSkZJRgABAQAAAQABAAD/2wCEAAMCAgMCAgMDAwMEAwMEBQgFBQQEBQoHBwYIDAoMDAsKCwsNDhIQDQ4RDgsLEBYQERMUFRUVDA8XGBYUGBIUFRQBAwQEBQQFCQUFCRQNCw0UFBQUFBQUFBQUFBQUFBQUFBQUFBQUFBQUFBQUFBQUFBQUFBQUFBQUFBQUFBQUFBQUFP/AABEIANUAeAMBEQACEQEDEQH/xAGiAAABBQEBAQEBAQAAAAAAAAAAAQIDBAUGBwgJCgsQAAIBAwMCBAMFBQQEAAABfQECAwAEEQUSITFBBhNRYQcicRQygZGhCCNCscEVUtHwJDNicoIJChYXGBkaJSYnKCkqNDU2Nzg5OkNERUZHSElKU1RVVldYWVpjZGVmZ2hpanN0dXZ3eHl6g4SFhoeIiYqSk5SVlpeYmZqio6Slpqeoqaqys7S1tre4ubrCw8TFxsfIycrS09TV1tfY2drh4uPk5ebn6Onq8fLz9PX29/j5+gEAAwEBAQEBAQEBAQAAAAAAAAECAwQFBgcICQoLEQACAQIEBAMEBwUEBAABAncAAQIDEQQFITEGEkFRB2FxEyIygQgUQpGhscEJIzNS8BVictEKFiQ04SXxFxgZGiYnKCkqNTY3ODk6Q0RFRkdISUpTVFVWV1hZWmNkZWZnaGlqc3R1dnd4eXqCg4SFhoeIiYqSk5SVlpeYmZqio6Slpqeoqaqys7S1tre4ubrCw8TFxsfIycrS09TV1tfY2dri4+Tl5ufo6ery8/T19vf4+fr/2gAMAwEAAhEDEQA/AP1ToAKACgAoAKACgAoAKACgAoAKACgAoAKACgAoAKACgAoAKACgAoAKACgAoAKACgAoAKACgAoAKACgAoAKACgAoAKACgAoAKACgAoAKACgAoAKACgAoAKACgAoAKACgAoAKACgAoAKACgAoAKACgAoAKACgAoAKACgAoAKACgAoAKACgAoAKACgAoAKACgAoAKACgAoAKACgAoAKACgAoAKACgAoAKACgAoAKACgAoAKACgAoAKACgAoAKACgAoAKACgAoAKACgAoAKACgAoAKACgAoAKACgAoAKACgAoAKACgAoAKACgAoAKACgAoAKACgAoAKACgAoAKACgAoAKACgAoAKACgAoAKACgAoAKACgAoAKACgAoAKACgAoAKACgAoAKACgAoAKACgAoAKACgAoAKACgAoAKACgAoAKACgAoAKACgAoAKACgAoAKACgAoAKACgAoAKACgAoAKACgAoAKACgAoAKACgAoAKACgAoAKACgAoAKACgAoAKACgAoAKACgAoAKACgAoAKACgAoAKACgAoAKACgAoAKACgAoAKACgAoAKACgAoAKACgAoAKACgAoAKACgAoAKACgAoAKACgAoAKACgAoAKACgAoAKACgAoAKACgAoAKACgAoAKACgAoAKACgAoAKACgAoAKACgAoAKACgAoAKACgAoAKACgAoAKACgAoAKACgAoAKACgAoAKACgAoAKACgAoAKACgAoAKACgAoAKACgAoAKACgAoAKACgAoAKACgAoAKACgAoAKACgAoAKACgAoAKACgAoAKACgAoAKACgAoAKACgAoAKACgAoAKACgAoAKACgAoAKACgAoAKACgAoAKACgAoAKACgAoAKACgAoAKACgAoAKACgAoAKACgAoAKACgAoAKACgAoAKACgAoAKACgAoAKACgAoAKACgAoAKACgAoAKACgD//Z","timing":3303,"timestamp":8650056496698},{"data":"/9j/4AAQSkZJRgABAQAAAQABAAD/2wCEAAMCAgMCAgMDAwMEAwMEBQgFBQQEBQoHBwYIDAoMDAsKCwsNDhIQDQ4RDgsLEBYQERMUFRUVDA8XGBYUGBIUFRQBAwQEBQQFCQUFCRQNCw0UFBQUFBQUFBQUFBQUFBQUFBQUFBQUFBQUFBQUFBQUFBQUFBQUFBQUFBQUFBQUFBQUFP/AABEIANUAeAMBEQACEQEDEQH/xAGiAAABBQEBAQEBAQAAAAAAAAAAAQIDBAUGBwgJCgsQAAIBAwMCBAMFBQQEAAABfQECAwAEEQUSITFBBhNRYQcicRQygZGhCCNCscEVUtHwJDNicoIJChYXGBkaJSYnKCkqNDU2Nzg5OkNERUZHSElKU1RVVldYWVpjZGVmZ2hpanN0dXZ3eHl6g4SFhoeIiYqSk5SVlpeYmZqio6Slpqeoqaqys7S1tre4ubrCw8TFxsfIycrS09TV1tfY2drh4uPk5ebn6Onq8fLz9PX29/j5+gEAAwEBAQEBAQEBAQAAAAAAAAECAwQFBgcICQoLEQACAQIEBAMEBwUEBAABAncAAQIDEQQFITEGEkFRB2FxEyIygQgUQpGhscEJIzNS8BVictEKFiQ04SXxFxgZGiYnKCkqNTY3ODk6Q0RFRkdISUpTVFVWV1hZWmNkZWZnaGlqc3R1dnd4eXqCg4SFhoeIiYqSk5SVlpeYmZqio6Slpqeoqaqys7S1tre4ubrCw8TFxsfIycrS09TV1tfY2dri4+Tl5ufo6ery8/T19vf4+fr/2gAMAwEAAhEDEQA/AP1ToAKACgAoAKACgAoAKACgAoAKACgAoAKACgAoAKACgAoAKACgAoAKACgAoAKACgAoAKACgAoAKACgAoAKACgAoAKACgAoAKACgAoAKACgAoAKACgAoAKACgAoAKACgAoAKACgAoAKACgAoAKACgAoAKACgAoAKACgAoAKACgAoAKACgAoAKACgAoAKACgAoAKACgAoAKACgAoAKACgAoAKACgAoAKACgAoAKACgAoAKACgAoAKACgAoAKACgAoAKACgAoAKACgAoAKACgAoAKACgAoAKACgAoAKACgAoAKACgAoAKACgAoAKACgAoAKACgAoAKACgAoAKACgAoAKACgAoAKACgAoAKACgAoAKACgAoAKACgAoAKACgAoAKACgAoAKACgAoAKACgAoAKACgAoAKACgAoAKACgAoAKACgAoAKACgAoAKACgAoAKACgAoAKACgAoAKACgAoAKACgAoAKACgAoAKACgAoAKACgAoAKACgAoAKACgAoAKACgAoAKACgAoAKACgAoAKACgAoAKACgAoAKACgAoAKACgAoAKACgAoAKACgAoAKACgAoAKACgAoAKACgAoAKACgAoAKACgAoAKACgAoAKACgAoAKACgAoAKACgAoAKACgAoAKACgAoAKACgAoAKACgAoAKACgAoAKACgAoAKACgAoAKACgAoAKACgAoAKACgAoAKACgAoAKACgAoAKACgAoAKACgAoAKACgAoAKACgAoAKACgAoAKACgAoAKACgAoAKACgAoAKACgAoAKACgAoAKACgAoAKACgAoAKACgAoAKACgAoAKACgAoAKACgAoAKACgAoAKACgAoAKACgAoAKACgAoAKACgAoAKACgAoAKACgAoAKACgAoAKACgAoAKACgAoAKACgAoAKACgAoAKACgAoAKACgAoAKACgAoAKACgAoAKACgD//Z","timing":3964,"timestamp":8650057157298},{"data":"/9j/4AAQSkZJRgABAQAAAQABAAD/2wCEAAMCAgMCAgMDAwMEAwMEBQgFBQQEBQoHBwYIDAoMDAsKCwsNDhIQDQ4RDgsLEBYQERMUFRUVDA8XGBYUGBIUFRQBAwQEBQQFCQUFCRQNCw0UFBQUFBQUFBQUFBQUFBQUFBQUFBQUFBQUFBQUFBQUFBQUFBQUFBQUFBQUFBQUFBQUFP/AABEIANUAeAMBEQACEQEDEQH/xAGiAAABBQEBAQEBAQAAAAAAAAAAAQIDBAUGBwgJCgsQAAIBAwMCBAMFBQQEAAABfQECAwAEEQUSITFBBhNRYQcicRQygZGhCCNCscEVUtHwJDNicoIJChYXGBkaJSYnKCkqNDU2Nzg5OkNERUZHSElKU1RVVldYWVpjZGVmZ2hpanN0dXZ3eHl6g4SFhoeIiYqSk5SVlpeYmZqio6Slpqeoqaqys7S1tre4ubrCw8TFxsfIycrS09TV1tfY2drh4uPk5ebn6Onq8fLz9PX29/j5+gEAAwEBAQEBAQEBAQAAAAAAAAECAwQFBgcICQoLEQACAQIEBAMEBwUEBAABAncAAQIDEQQFITEGEkFRB2FxEyIygQgUQpGhscEJIzNS8BVictEKFiQ04SXxFxgZGiYnKCkqNTY3ODk6Q0RFRkdISUpTVFVWV1hZWmNkZWZnaGlqc3R1dnd4eXqCg4SFhoeIiYqSk5SVlpeYmZqio6Slpqeoqaqys7S1tre4ubrCw8TFxsfIycrS09TV1tfY2dri4+Tl5ufo6ery8/T19vf4+fr/2gAMAwEAAhEDEQA/AP0bk8LeMEuh9l8ZJFaC8SXyp9KjlcWyxQKYA+4cs8cz+YwYjz8Y+RSQDrtMt57TTrWG5unvriOJEkuXRUaVgoBcqoABJycAYGeKALVABQAUAFABQAUAFABQAUAFABQAUAFABQAUAFABQAUAFABQAUAFABQAUAFABQAUAFABQAUAFABQAUAFABQAUAFABQAUAFABQAUAFABQAUAFABQAUAFABQAUAFABQAUAFABQAUAFACZ5xQAZGcd6AFoAKACgAoAKACgAoAKACgAoAKACgAoA8AbVfiFqEGl3Wja9oL2kFwbHVBNfwzbbgSxCKFJAD+9kHyOrcgynbuOwgA7zwHq+q2WrXll4h1fTrqG7mCaTIs8azzPGji4hMSjG6MxliQxOTICsYQAgHftOoYr1cLu2jrj6daAATI2MMDkkZBHUHH8xQAi3CMMgjGCScg4x1H1oAZp9/b6rYW97ZzR3NpcRrLDPC4dJEYZVlYEgggggg4INAFigAoAKACgAoAKACgAoAKAOF1j4PeEvFt/omq6npZvL/RpvtGmXM0syyWT/ALrJjywKZMEeQMA/N2dsgDdG+B3grw9pVrYadoUFrHaQS29rOjN9ptY5FdXWG4z5sWRI4Gxxt3HbigB+ifBfwj4c059O03TGtdMa8hvxYLdTm3ininSeIxRlysSrJGjbEAU4AIIoAst8JfC5Piwpp8kLeKgo1d4LyeJ7jClRhlcGP5SR8hXrQBj3v7O/w+1O4vJ73w5BdyXieXcCeWWRJB9qN2cozlcm4YyFsZJOCSOKAO60PRrTw5oun6Tp8XkWFhbx2tvFuLbI0UKq5YknAAGSSaAL1ABQAUAFABQAUAFABQAUAFABQAUAFABQAUAFABQAUAFABQAUAFABQAUAJuoFfWwbqAuAOaBi0AFABQAUAFABQAUAFABQAUAFABQByaS6/f6Wk1hPZf6RCjQTzRO/UZDsoZCQwK/LwRzyeldj+rNt6nn2xe2hXv8A/hODph+xHRV1EeWy/aVlMX3Y/MU7efvGXB9FTI5JEr6u90waxS2aNfTU8Qf27eG9fTv7H2D7MsMb/aC2TkuSduMbcYHr0xgxP2XKuS9zal7fm/ebG7WB1BQAUARiZec4XHXJppNkOaWjYvmqDjIz9aLMHOK6jftCEkBlJXBIz0H+Qfyos+qDnjrZiC6jP8QHtmnyvsQqsHrckVg6gggg9xSasap31Q6kMKACgAoA8ttfEXirw3YQWVxYJKIFENuLKwe4Msa+UiFmMyBGJlAwQANrMSEBau14eLfuzT+Vv8zzFi3b3qbXzv8AohsvxI15bS9mi02/ma0PMI8OTK8yllCmPdcBTkMGwSCAGyBg1Twm3vrXzGsZ/wBO39x0XhvVvEuvSasJVt9LWyvXtI/tWmyD7Qqqh81D5/KEsQD329jkDmqU+TlfNe6vp0v09TrpVOe6tazsbX2XX/8AoJ6b/wCC6T/4/WJuH2XX/wDoJ6b/AOC6T/4/QAfZdf8A+gnpv/guk/8Aj9AFQ+EoL+++26wUvbuPasfl+ZHCoDBlYRF2UOCPv9ccdK2hVnCPKmc86EJy5mMPw80JnspPs03m2f8AqZftMvmAbGQqW3bmUhjlWJBOGIyAar6xU7kfVqbdyS08CaPY209rBahLSaaO4aDcxVXRlZNoJ+VVKKQq4A7Dml7ed076r9RrDxSa6MSz+H2h6ejLb2rxhoEtm/fOxaNCxVSSckDew57YHQACvrFS/Nfrf8v8hfVafLym9a20dnbxwRLtijUIi+gAwBXO227s6klFJIlpDCgAoAKAPM/CfijTLvw1p3k+HJb1Ft1jeeJrMozL8j8mYc70IIPIIwQDTuKxb1Txfomj6ebzUPDcllatJFCJLp7KJGeWTZGoZpwuXchQM5JYAZJpDLNxr9hYxNJP4RuoYYwS8kos1RADzkmbA6Z/H3oA0YJre4hjlTwnOUkUOvy2vQ9P+WtAD/3P/QpT/wDfNr/8doAP3P8A0KU//fNr/wDHaAKP9la5dyXUmmzjw9aSW/lRWr28RkimyT5wKl0YEbV2kZ4JyOjaxnTS1WpjUhU5vdlobPh6x1eyN6dV1CO/864aWARxeX5EZxti77sYzu4znoKU3F25VYdNSSfO7mxiszQWgYUAFABQAUAFAHlFp+zT4R022uYrCbWLJrkYmki1KQlwZzPINrEqA7vLnao+WaRV2hsUAbCfA7wrH4Qm8MLb3C6JK0Tm2S4ZCrRtuRlkUh1ZWCsGDAhlBB9QDF0f9l34faBYvZ6fpc9pbM2Qkd3KNn7qSH5fm+U7JXG4YP3TnKqQAep2lstpbRQKSyxoEBbqQBigCagAoAKACgAoAKACgAoAKACgAoA4A/G3w0YfFjRTS3M3hm9isL+CFA0hlkKqixrnMjMzbFjHzuw2qrFk3AGndfEK3hj1VYdNv7y80ydreexhWMTFgYTlCzhGBjuIpAA+SG243gpQBZ1PxvbaJLdpf2V/AsLxokkVubhZQyFt48rcUQbWUtKEAKnnBBIBneHvizofivWb7TNLTUJ7mxnS3uGl0+eGNHaKOTG90A3ASoGT76kNuUbSaAJbn4o6Lptle3eoLe2FvZTtDcyPZySpbgCNvMleIOkaFJo5NzlQqFi23Y+0Ap3Hxj0Ox8R6zpN7Ff2R0y4W0a5e1MkU8zRW8gSMx7juxd26gOFLtIFTcQcAG34e8d6N4o1C9stPmuHuLOaaCTz7KeBHaKQxy+W8iKsoVxtLRlgMjnkZAOgoAKACgAoAKACgAoAKAK8thbTxSRSQRvHIwZ1ZQQxGME+p4H5UAO+xwbg3kpkcg7Rx824/qAfrQA06fatIZDbxNISGLlASSBgEnuQCRn3oAclnBHKJEhRHC7Qyrg444+nA/IUALHawxMGSJFIzghQMZOT+ZA/KgBPscGxl8lNrDDDb14xz+HFADxEinIUA8849eTQA+gAoAKACgAoAKACgAoAKACgAoAKACgAoAKACgAoAKACgAoAKACgAoAKACgAoAKACgAoAKACgAoAKACgAoAKACgAoAKACgAoAKACgAoAKACgAoAKACgAoAKACgAoAKACgAoAKACgAoAKACgAoAKACgAoAKACgAoAKACgAoAKACgAoAKACgAoAKACgAoAKACgAoAKACgAoAKACgAoAKACgAoAKACgAoAKACgAoAKACgAoAKACgAoAKACgAoAKACgAoAKACgAoAKACgAoAKACgAoAKACgAoAKACgAoAKACgAoAKACgAoAKACgAoAKACgAoAKACgAoAKACgAoAKACgAoAKACgAoAKACgAoAKACgAoAKACgAoAKACgAoAKACgAoAKACgAoAKACgAoAKACgAoAKACgAoAKACgAoAKACgAoAKACgAoAKACgAoA//9k=","timing":4624,"timestamp":8.650057817898001E12},{"data":"/9j/4AAQSkZJRgABAQAAAQABAAD/2wCEAAMCAgMCAgMDAwMEAwMEBQgFBQQEBQoHBwYIDAoMDAsKCwsNDhIQDQ4RDgsLEBYQERMUFRUVDA8XGBYUGBIUFRQBAwQEBQQFCQUFCRQNCw0UFBQUFBQUFBQUFBQUFBQUFBQUFBQUFBQUFBQUFBQUFBQUFBQUFBQUFBQUFBQUFBQUFP/AABEIANUAeAMBEQACEQEDEQH/xAGiAAABBQEBAQEBAQAAAAAAAAAAAQIDBAUGBwgJCgsQAAIBAwMCBAMFBQQEAAABfQECAwAEEQUSITFBBhNRYQcicRQygZGhCCNCscEVUtHwJDNicoIJChYXGBkaJSYnKCkqNDU2Nzg5OkNERUZHSElKU1RVVldYWVpjZGVmZ2hpanN0dXZ3eHl6g4SFhoeIiYqSk5SVlpeYmZqio6Slpqeoqaqys7S1tre4ubrCw8TFxsfIycrS09TV1tfY2drh4uPk5ebn6Onq8fLz9PX29/j5+gEAAwEBAQEBAQEBAQAAAAAAAAECAwQFBgcICQoLEQACAQIEBAMEBwUEBAABAncAAQIDEQQFITEGEkFRB2FxEyIygQgUQpGhscEJIzNS8BVictEKFiQ04SXxFxgZGiYnKCkqNTY3ODk6Q0RFRkdISUpTVFVWV1hZWmNkZWZnaGlqc3R1dnd4eXqCg4SFhoeIiYqSk5SVlpeYmZqio6Slpqeoqaqys7S1tre4ubrCw8TFxsfIycrS09TV1tfY2dri4+Tl5ufo6ery8/T19vf4+fr/2gAMAwEAAhEDEQA/AP0bk8LeMEuh9l8ZJFaC8SXyp9KjlcWyxQKYA+4cs8cz+YwYjz8Y+RSQDrtMt57TTrWG5unvriOJEkuXRUaVgoBcqoABJycAYGeKALVABQAUAFABQAUAFABQAUAFABQAUAFABQAUAFABQAUAFABQAUAFABQAUAFABQAUAFABQAUAFABQAUAFABQAUAFABQAUAFABQAUAFABQAUAFABQAUAFABQAUAFABQAUAFABQAUAFACZ5xQAZGcd6AFoAKACgAoAKACgAoAKACgAoAKACgAoA8AbVfiFqEGl3Wja9oL2kFwbHVBNfwzbbgSxCKFJAD+9kHyOrcgynbuOwgA7zwHq+q2WrXll4h1fTrqG7mCaTIs8azzPGji4hMSjG6MxliQxOTICsYQAgHftOoYr1cLu2jrj6daAATI2MMDkkZBHUHH8xQAi3CMMgjGCScg4x1H1oAZp9/b6rYW97ZzR3NpcRrLDPC4dJEYZVlYEgggggg4INAFigAoAKACgAoAKACgAoAKAOF1j4PeEvFt/omq6npZvL/RpvtGmXM0syyWT/ALrJjywKZMEeQMA/N2dsgDdG+B3grw9pVrYadoUFrHaQS29rOjN9ptY5FdXWG4z5sWRI4Gxxt3HbigB+ifBfwj4c059O03TGtdMa8hvxYLdTm3ininSeIxRlysSrJGjbEAU4AIIoAst8JfC5Piwpp8kLeKgo1d4LyeJ7jClRhlcGP5SR8hXrQBj3v7O/w+1O4vJ73w5BdyXieXcCeWWRJB9qN2cozlcm4YyFsZJOCSOKAO60PRrTw5oun6Tp8XkWFhbx2tvFuLbI0UKq5YknAAGSSaAL1ABQAUAFABQAUAFABQAUAFABQAUAFABQAUAFABQAUAFABQAUAFABQAUAJuoFfWwbqAuAOaBi0AFABQAUAFABQAUAFABQAUAFABQByaS6/f6Wk1hPZf6RCjQTzRO/UZDsoZCQwK/LwRzyeldj+rNt6nn2xe2hXv8A/hODph+xHRV1EeWy/aVlMX3Y/MU7efvGXB9FTI5JEr6u90waxS2aNfTU8Qf27eG9fTv7H2D7MsMb/aC2TkuSduMbcYHr0xgxP2XKuS9zal7fm/ebG7WB1BQAUARiZec4XHXJppNkOaWjYvmqDjIz9aLMHOK6jftCEkBlJXBIz0H+Qfyos+qDnjrZiC6jP8QHtmnyvsQqsHrckVg6gggg9xSasap31Q6kMKACgAoA8ttfEXirw3YQWVxYJKIFENuLKwe4Msa+UiFmMyBGJlAwQANrMSEBau14eLfuzT+Vv8zzFi3b3qbXzv8AohsvxI15bS9mi02/ma0PMI8OTK8yllCmPdcBTkMGwSCAGyBg1Twm3vrXzGsZ/wBO39x0XhvVvEuvSasJVt9LWyvXtI/tWmyD7Qqqh81D5/KEsQD329jkDmqU+TlfNe6vp0v09TrpVOe6tazsbX2XX/8AoJ6b/wCC6T/4/WJuH2XX/wDoJ6b/AOC6T/4/QAfZdf8A+gnpv/guk/8Aj9AFQ+EoL+++26wUvbuPasfl+ZHCoDBlYRF2UOCPv9ccdK2hVnCPKmc86EJy5mMPw80JnspPs03m2f8AqZftMvmAbGQqW3bmUhjlWJBOGIyAar6xU7kfVqbdyS08CaPY209rBahLSaaO4aDcxVXRlZNoJ+VVKKQq4A7Dml7ed076r9RrDxSa6MSz+H2h6ejLb2rxhoEtm/fOxaNCxVSSckDew57YHQACvrFS/Nfrf8v8hfVafLym9a20dnbxwRLtijUIi+gAwBXO227s6klFJIlpDCgAoAKAPM/CfijTLvw1p3k+HJb1Ft1jeeJrMozL8j8mYc70IIPIIwQDTuKxb1Txfomj6ebzUPDcllatJFCJLp7KJGeWTZGoZpwuXchQM5JYAZJpDLNxr9hYxNJP4RuoYYwS8kos1RADzkmbA6Z/H3oA0YJre4hjlTwnOUkUOvy2vQ9P+WtAD/3P/QpT/wDfNr/8doAP3P8A0KU//fNr/wDHaAKP9la5dyXUmmzjw9aSW/lRWr28RkimyT5wKl0YEbV2kZ4JyOjaxnTS1WpjUhU5vdlobPh6x1eyN6dV1CO/864aWARxeX5EZxti77sYzu4znoKU3F25VYdNSSfO7mxiszQWgYUAFABQAUAFAHlFp+zT4R022uYrCbWLJrkYmki1KQlwZzPINrEqA7vLnao+WaRV2hsUAbCfA7wrH4Qm8MLb3C6JK0Tm2S4ZCrRtuRlkUh1ZWCsGDAhlBB9QDF0f9l34faBYvZ6fpc9pbM2Qkd3KNn7qSH5fm+U7JXG4YP3TnKqQAep2lstpbRQKSyxoEBbqQBigCagAoAKACgAoAKACgAoAKACgAoA4A/G3w0YfFjRTS3M3hm9isL+CFA0hlkKqixrnMjMzbFjHzuw2qrFk3AGndfEK3hj1VYdNv7y80ydreexhWMTFgYTlCzhGBjuIpAA+SG243gpQBZ1PxvbaJLdpf2V/AsLxokkVubhZQyFt48rcUQbWUtKEAKnnBBIBneHvizofivWb7TNLTUJ7mxnS3uGl0+eGNHaKOTG90A3ASoGT76kNuUbSaAJbn4o6Lptle3eoLe2FvZTtDcyPZySpbgCNvMleIOkaFJo5NzlQqFi23Y+0Ap3Hxj0Ox8R6zpN7Ff2R0y4W0a5e1MkU8zRW8gSMx7juxd26gOFLtIFTcQcAG34e8d6N4o1C9stPmuHuLOaaCTz7KeBHaKQxy+W8iKsoVxtLRlgMjnkZAOgoAKACgAoAKACgAoAKAK8thbTxSRSQRvHIwZ1ZQQxGME+p4H5UAO+xwbg3kpkcg7Rx824/qAfrQA06fatIZDbxNISGLlASSBgEnuQCRn3oAclnBHKJEhRHC7Qyrg444+nA/IUALHawxMGSJFIzghQMZOT+ZA/KgBPscGxl8lNrDDDb14xz+HFADxEinIUA8849eTQA+gAoAKACgAoAKACgAoAKACgAoAKACgAoAKACgAoAKACgAoAKACgAoAKACgAoAKACgAoAKACgAoAKACgAoAKACgAoAKACgAoAKACgAoAKACgAoAKACgAoAKACgAoAKACgAoAKACgAoAKACgAoAKACgAoAKACgAoAKACgAoAKACgAoAKACgAoAKACgAoAKACgAoAKACgAoAKACgAoAKACgAoAKACgAoAKACgAoAKACgAoAKACgAoAKACgAoAKACgAoAKACgAoAKACgAoAKACgAoAKACgAoAKACgAoAKACgAoAKACgAoAKACgAoAKACgAoAKACgAoAKACgAoAKACgAoAKACgAoAKACgAoAKACgAoAKACgAoAKACgAoAKACgAoAKACgAoAKACgAoAKACgAoAKACgAoAKACgAoAKACgAoAKACgAoAKACgAoA//9k=","timing":5285,"timestamp":8.650058478497999E12},{"data":"/9j/4AAQSkZJRgABAQAAAQABAAD/2wCEAAMCAgMCAgMDAwMEAwMEBQgFBQQEBQoHBwYIDAoMDAsKCwsNDhIQDQ4RDgsLEBYQERMUFRUVDA8XGBYUGBIUFRQBAwQEBQQFCQUFCRQNCw0UFBQUFBQUFBQUFBQUFBQUFBQUFBQUFBQUFBQUFBQUFBQUFBQUFBQUFBQUFBQUFBQUFP/AABEIANUAeAMBEQACEQEDEQH/xAGiAAABBQEBAQEBAQAAAAAAAAAAAQIDBAUGBwgJCgsQAAIBAwMCBAMFBQQEAAABfQECAwAEEQUSITFBBhNRYQcicRQygZGhCCNCscEVUtHwJDNicoIJChYXGBkaJSYnKCkqNDU2Nzg5OkNERUZHSElKU1RVVldYWVpjZGVmZ2hpanN0dXZ3eHl6g4SFhoeIiYqSk5SVlpeYmZqio6Slpqeoqaqys7S1tre4ubrCw8TFxsfIycrS09TV1tfY2drh4uPk5ebn6Onq8fLz9PX29/j5+gEAAwEBAQEBAQEBAQAAAAAAAAECAwQFBgcICQoLEQACAQIEBAMEBwUEBAABAncAAQIDEQQFITEGEkFRB2FxEyIygQgUQpGhscEJIzNS8BVictEKFiQ04SXxFxgZGiYnKCkqNTY3ODk6Q0RFRkdISUpTVFVWV1hZWmNkZWZnaGlqc3R1dnd4eXqCg4SFhoeIiYqSk5SVlpeYmZqio6Slpqeoqaqys7S1tre4ubrCw8TFxsfIycrS09TV1tfY2dri4+Tl5ufo6ery8/T19vf4+fr/2gAMAwEAAhEDEQA/APh3wzoB168ZWcxwRAF2HXnoB78H8qANnXvA0dlYvc2csjmIFnWUg5XuRgDpQBxtABQAUAFABQAUAFABQAUAFAGhoWktrWpR2ytsXBZ3xnaB/kD8aAOp1TwFBFYSSWs8pmjUttkwQ2BnAwOKAOGoA6Hwfr8WiXcq3CnyJsbpF5KEZxx6c0AbviDxnYy6dNBaMbh5kMZ+UqFBGCeQKAOCOSaADFABigAxQAYoAMUAGKADFABigAxQBreGNXTRdVSaVS0LKUfHUA9x+VAHX6n4205bKYW7tPMylVQIwwSO5IH6UAecgYAoA3vsEH/PMUAH2CD/AJ5igA+wQf8APMUAH2CD/nmKAD7BB/zzFAB9gg/55igA+wQf88xQAfYIP+eYoAPsEH/PMUAH2CD/AJ5igA+wQf8APMUAH2CD/nmKAD7BB/zzFAB9gg/55igA+wQf88xQBYoAKACgAoAKACgAoAKACgAoAKACgAoAKACgAoAKACgAoAKACgAoAKACgAoAKACgAoAKACgAoAKACgAoAKACgAoAKACgAoAKACgAoAKACgAoAKACgAoAKACgAoAKACgAoAKACgAoAKACgAoAKACgAoAKACgAoAKACgAoAKACgAoAKACgAoAKACgAoAKACgAoAKACgAoAKACgAoAKACgAoAKACgAoAKACgAoAKACgAoAKACgAoAKACgAoAKACgAoAKACgAoAKACgAoAKACgAoAKACgBUKh13DK55A9KAOjNh4P7a7rZ/7gsP/AMl0AH2Dwh/0HNb/APBND/8AJdAB9g8If9BzW/8AwTQ//JdAB9g8If8AQc1v/wAE0P8A8l0AH2Dwh/0HNb/8E0P/AMl0AH2Dwh/0HNb/APBND/8AJdAB9g8If9BzW/8AwTQ//JdAB9g8If8AQc1v/wAE0P8A8l0AH2Dwh/0HNb/8E0P/AMl0AH2Dwh/0HNb/APBND/8AJdAB9g8If9BzW/8AwTQ//JdAB9g8If8AQc1v/wAE0P8A8l0AAsPB/fXNb/8ABND/APJdAGDerbrdyraSSS2wYiOSaMRu69iyhmCk9cBjj1NAENABQAUAFABQAUAFABQAUAFABQAUAFABQAUAFABQAUAFABQAUAFABQAUAFABQAUAFABQAUAIeQe1ACfN7UAGG9qADDe1ABhvagAw3tQAYb2oAMN7UAGG9qADDe1ABhvagAw3tQAYb2oAPm9qAFGcc9aAFoA3tM8PW1/YQzvJMjODkIwx1PtQBa/4RO0/57XH/fS//E0AH/CJ2n/Pa4/76X/4mgDI1rTI9MljSF3bepJMmCf0AoA1z4TtP+es4+jLj+VAB/widp/z2uP++l/+JoAP+ETtP+e1x/30v/xNAHP6narY38tujMyJjBY88gH+tAFegAoAKACgAoAKACgDd0nxFb2NhFBJDMXTOSgXHX60AW/+EttP+eFz+S/40AH/AAltp/zwufyX/GgDH1zVI9TljeFHQKpGJAOv4GgDYHi20xzBcZ74C/40AH/CW2n/ADwufyX/ABoAP+EttP8Anhc/kv8AjQBgandJfahLcRqyo+MB8Z6Af0oArUAFABQAUAFABQAUAFABmgAzQAUAFABmgAzQAUAFABQAUAFABQAUAFABQAUAFABQAUAFABQAUAFABQAUAFABQAUAFABQAUAFABQAUAFABQAUAFABQAUAFABQAUAFABQAUAFABQAUAFABQAUAFABQAUAFABQAUAFABQAUAFABQAUAFABQAUAFABQAUAFABQAUAFABQAUAFABQAUAFABQAUAFABQAUAFABQAUAFABQAUAFABQAUAFABQAUAFABQAUAFABQAUAFABQAUAFABQAUAFABQAUAFABQAUAFABQAUAZP9sv/AM8l/OgA/tl/+eS/nQAf2y//ADyX86AD+2X/AOeS/nQAf2y//PJfzoAP7Zf/AJ5L+dAB/bL/APPJfzoAP7Zf/nkv50AH9sv/AM8l/OgA/tl/+eS/nQAf2y//ADyX86AD+2X/AOeS/nQAf2y//PJfzoAP7Zf/AJ5L+dAB/bL/APPJfzoAz6ACgAoAKACgAoAKACgAoAKACgAoAKACgAoA/wD/2Q==","timing":5945,"timestamp":8650059139098},{"data":"/9j/4AAQSkZJRgABAQAAAQABAAD/2wCEAAMCAgMCAgMDAwMEAwMEBQgFBQQEBQoHBwYIDAoMDAsKCwsNDhIQDQ4RDgsLEBYQERMUFRUVDA8XGBYUGBIUFRQBAwQEBQQFCQUFCRQNCw0UFBQUFBQUFBQUFBQUFBQUFBQUFBQUFBQUFBQUFBQUFBQUFBQUFBQUFBQUFBQUFBQUFP/AABEIANUAeAMBEQACEQEDEQH/xAGiAAABBQEBAQEBAQAAAAAAAAAAAQIDBAUGBwgJCgsQAAIBAwMCBAMFBQQEAAABfQECAwAEEQUSITFBBhNRYQcicRQygZGhCCNCscEVUtHwJDNicoIJChYXGBkaJSYnKCkqNDU2Nzg5OkNERUZHSElKU1RVVldYWVpjZGVmZ2hpanN0dXZ3eHl6g4SFhoeIiYqSk5SVlpeYmZqio6Slpqeoqaqys7S1tre4ubrCw8TFxsfIycrS09TV1tfY2drh4uPk5ebn6Onq8fLz9PX29/j5+gEAAwEBAQEBAQEBAQAAAAAAAAECAwQFBgcICQoLEQACAQIEBAMEBwUEBAABAncAAQIDEQQFITEGEkFRB2FxEyIygQgUQpGhscEJIzNS8BVictEKFiQ04SXxFxgZGiYnKCkqNTY3ODk6Q0RFRkdISUpTVFVWV1hZWmNkZWZnaGlqc3R1dnd4eXqCg4SFhoeIiYqSk5SVlpeYmZqio6Slpqeoqaqys7S1tre4ubrCw8TFxsfIycrS09TV1tfY2dri4+Tl5ufo6ery8/T19vf4+fr/2gAMAwEAAhEDEQA/APgL9KAL2qaDqeiLE1/p1zZpI5jDTRkDdgnGemcAn8KAKNABQB0Wm/DzxFrPh2PW9P0m4v8AT5Ls2KNagSuZgYQV8tSXAzcQKGK7S0qKCWOKAJYvhh4sn0e41WPQL19Pt7Sa+lnEfypDFOlvKx7/ACSyIrDqu9SRg5oArSeAPE0M1rG2gah5l3dy2FtEsDGWW5iVDNCIwN29PNjyMZG6gCa1+G3iq+0zT9QtfDup3dpqBuPsr29q0hmEG3zmCqCdq7wC2MZDDOVbABn3/hbWNLsftl3pd5b2vmPC07wkIkisUaNz/C4YYKnB6eooAuz/AA68V215NaTeGNZiuoXijlgfT5Q8bSttiVlK5BcghQfvEYGaAII/BeuM92j6VdW72v2gSi5j8na0ADTp8+PnQMpZRyMjI5FAGLQAUAFABQAY9qAOq8VfFDxZ4206Kw13X9Q1SzilEyQXVw8iK4DAEBiccO350Acrg0AGDQB2+g/FnVvD3glvCsFlYTaVNePcXYmSQveRO1q72shDjETPZW7ZQLICnDgHFAHQW37Sfiyy0DUdHt4rGO21Bt93IwmkmmZLtry3YyPKx3QzvI6kcvvIlMoAAAOWuPiTf3njCPXrmw0+5iitWsYNIlRzZQWxthbCJF37xiMLiTf5hZd5csSxAOt+I/7TPi34nnVX1O3021m1OSWW6lsI5Y2cubcADMh2hI7S3iXbj5Y8tudmdgClrn7QXibxB4X1jQbm300WWqtdNcOkLiTM95a3bkEuRkSWcYGQflZ85JDAA6zxP+194g1vx/ceJ7Hw3oembdW/tSwtnjkme1H9pHUWieXepmDz7WfcMDB8oQh2UgHAt8ZvEMvhqx0OUW0lpZ6fLpkbFXUm3cSbVYBgrMjXF0yuV3A3EgJK7VUA4PHtQAYNABg0AGKAN46bATnyxQAn9mwf881oAP7Ng/55rQAf2bB/zzWgA/s2D/nmtAB/ZsH/ADzWgA/s2D/nmtAB/ZsH/PNaAD+zYP8AnmtAB/ZsH/PNaAD+zYP+ea0AH9mwf881oAP7Ng/55rQAf2bB/wA81oABptvn/VigC3QAUAFABQAUAFABQAUAFABQAUAFABQAUAFABQAUAFABQAUAFABQAUAFABQAUAFABQAUAFABQAUAFABQAUAFABQAUAFABQAUAFABQAUAFABQAUAFABQAUAFABQAUAFABQAUAFABQAUAFABQAUAFABQAUAFABQAUAFABQAUAFABQAUAFABQAUAFABQAUAFABQAUAFABQAUAFABQAUAFABQAUAFABQAUAFABQAUAFABQAUAFABQAUAFABQAUAFABQAUAFABQAUAFABQAUAFABQAUAFABQAUAFAHW6N8L9b8Q6XDeaatveNKkbpapMBMwaS4T5VONxBtpCQpJwQcYDFQCppvgHWNYeySyhjuJbyc20EYlCs8oUMV+bG35WQ5OANwyRzgAYngq9+0xRzz2lpC00kMlzNNiOEoQHLkAkAZzwDnHGTgEAwCMGgAoAKACgDU8K+Hrjxb4m0nQ7R4orrUruKzieYkIryOFUsQCcZIzgE47GgDuvif8DLr4c6BBrcOrwaxpT6hNpUkiqsciXMTOG+VXcFG8tipyGxjcq5FAHmNABQAUAFABQAUATwtahcyxTSOepWYKPy2n+dAD/Msf8An3uP/Ahf/iKADzLH/n3uP/Ahf/iKADzLH/n3uP8AwIX/AOIoAPMsf+fe4/8AAhf/AIigA8yx/wCfe4/8CF/+IoAPMsf+fe4/8CF/+IoAmtL+3sLuG5tkvLe4gdZYpoboI6OpyrKwTIIIBBFAGn4i8a3XilIV1BppFhLvHFGYoYhI2N8hSOJVLsQu5iNzYGScUAc5QAUAFABQAUAFABQAUAFABQAUAFABQAenvxQAgORxQAtABQAUAFABQAUAdhCvg+78LW0LyyWuuJbXEsk4Emxpcv5MR4cNnEZ4WNVG/LsWAQAs6rpHgRrCVtO128+2h5GhUxGSJkDvsVsqpy0YjIZSRuZgwTAJALkdr8PNOs724D3es3cUcEkVkbmRFmY3Q82NX+zIUIgQ/M4x+9OASnIB51QAUAFABQBseDNJtdf8YaHpd7ObWyvr6C2nnVgDHG8iqzZPHAJPPFAHr/7Unwx8JfD+Xw5ceFndBem6intWuIphGsbr5bAx9ismAWyzBAW+ctkA8IoAKACgAoAKACgBSzMqjJAHpQAmG9W/M0AGG9W/M0AByO7fmaADk92/M0AGG9W/M0AGG9W/M0AHI7t+ZoAQ5P8AE3fv7UALQAUAFABQAUAFAFDVbqS2EflttyTnigDW8OeC/FXi5NLbSLQ3f9o3j2FuPNiTzJlMClBuYYJa6gAJwCXGCcHABpN8KPHiWqzyaUyJ5d/MxM8R2pZLuuSQGJGza4PrgYyeKAOPsb+ea6jR3ypzkYHoaAJtUupbeSMRvtBBzwKAN9PAHi19B0fVzbxxWGsru06aa5hjFwfPe3wNzDpLGynOAuULEB1JAMzWND13QnmS8UQywxJM6M8ZOxmwCMMc9VOByM84oAoadezT3G133Lg9qANSgAoAKACgAoAKACgClqVm92E2Y+XPU0APs73XtP06TT7XVbq30+R2le0iuXWF3MbRsxQHBJjd0JI5ViOhIoAfJqfiGZUWTWL2QJG0KbrqQ7EaIQsq88AxKsZA/gAXpxQBRs9OlguUdiu0Z6H2NAE2pWUl06FCvygg5NAF7T9f8U6RYTWNj4g1Kysprc2kttbX0scckBZ2MTKCAULSSHaeMuxx8xyAQapqPiDXM/2lq13qJIYZu7l5eDI0jD5ieC7s59WYnqc0AVbCwltp97lcYI4NAGlQAUAFABQAUAFABQAUAFABQAUAFABQAUAFABQAUAFABQAUAFABQAUAFABQAUAFABQAUAFABQAUAFABQAUAFABQAUAFABQAUAFABQAUAFABQAUAFABQAUAFABQAUAFABQAUAFABQAUAFABQAUAFABQAUAFABQAUAFABQAUAFABQAUAFABQAUAFABQAUAFABQAUAFABQAUAFABQAUAFABQAUAFABQAUAFABQAUAFABQAUAFABQAUAFABQAUAFABQBFDaa3cXNvbxaLeS3FyI2ghjt3Z5Q5AQqoGWDEgDHXNAFjU9E8SaLIkeo+HtQsJHhFwsd1aSRsYi/liQBgDtL/ID03AjrxQBWlttZhurm1k0e7S6tTKJ4DA4kiMYcy7lxkbBHJuz02NnGDQA6Wx12GJpX0O9WJYUuGkNtJtETSCNZM4xtLsEDdCxA6mgCiNQuiHP2U/IcNwfl4J5/AE/QZoAWe+u7YZltGjGSMspAyCQf1Vh9QfSgCH+2n/55r+dAB/bT/8APNfzoAP7af8A55r+dAB/bT/881/OgA/tp/8Anmv50AH9tP8A881/OgA/tp/+ea/nQAf20/8AzzX86AD+2n/55r+dAF+/+Imv6lq0d9e3cV9e26RwJcXNpDI4WMoyHJT7w2Iu7qUXYSU+WgB2r+Pdc1e2s9PvrxLm1stscKG3iXaBLcTAAqoOPMup2I6HeBjCoFAIbTxrrGnzWuoW935UpEsUSiJNsSyIUcBdu0ArxhQAO3ODQBpW3xS8WDUpb9dalN49pLpyyyRI/k28iMjRxKVxCu2RwBGF2hjt25oAp6L8UPEWm395c298DcXlvBaXLXMMc4mhtzFJDGyupBANvEMEEEAhgQSCAUb/AMQ6neacdOuLrzbMXb3Rj2KMzFVVnzjPIA4zjj1NAGXQAUAFABQAUAFABQAUAFAH/9k=","timing":6606,"timestamp":8650059799698}]}},"score":100,"weight":0,"id":"screenshot-thumbnails"},{"result":{"displayValue":"2,800 ms","score":true,"helpText":"Consider reducing the time spent parsing, compiling and executing JS.You may find delivering smaller JS payloads helps with this.","rawValue":2799.5130100250244,"extendedInfo":{"value":{"Update Layer Tree":108.97500228881836,"Layout":432.32500076293945,"Recalculate Style":503.69400215148926,"Evaluate Script":1296.8040027618408,"Animation Frame Fired":8.261001586914062,"Minor GC":82.69900131225586,"Run Microtasks":63.02199935913086,"Parse HTML":62.446001052856445,"Paint":41.383995056152344,"Compile Script":44.90999984741211,"Composite Layers":77.99400329589844,"Parse Stylesheet":76.9990005493164}},"name":"mainthread-work-breakdown","description":"Main thread work breakdown","scoringMode":"binary","informative":true,"details":{"itemHeaders":[{"itemType":"text","text":"Category","type":"text"},{"itemType":"text","text":"Work","type":"text"},{"itemType":"text","text":"Time spent","type":"text"}],"header":"View Details","type":"table","items":[[{"text":"Script Evaluation","type":"text"},{"text":"Evaluate Script","type":"text"},{"text":"1,297 ms","type":"text"}],[{"text":"Script Evaluation","type":"text"},{"text":"Run Microtasks","type":"text"},{"text":"63 ms","type":"text"}],[{"text":"Script Evaluation","type":"text"},{"text":"Animation Frame Fired","type":"text"},{"text":"8 ms","type":"text"}],[{"text":"Style & Layout","type":"text"},{"text":"Recalculate Style","type":"text"},{"text":"504 ms","type":"text"}],[{"text":"Style & Layout","type":"text"},{"text":"Layout","type":"text"},{"text":"432 ms","type":"text"}],[{"text":"Compositing","type":"text"},{"text":"Update Layer Tree","type":"text"},{"text":"109 ms","type":"text"}],[{"text":"Compositing","type":"text"},{"text":"Composite Layers","type":"text"},{"text":"78 ms","type":"text"}],[{"text":"Parsing HTML & CSS","type":"text"},{"text":"Parse Stylesheet","type":"text"},{"text":"77 ms","type":"text"}],[{"text":"Parsing HTML & CSS","type":"text"},{"text":"Parse HTML","type":"text"},{"text":"62 ms","type":"text"}],[{"text":"Garbage collection","type":"text"},{"text":"Minor GC","type":"text"},{"text":"83 ms","type":"text"}],[{"text":"Script Parsing & Compile","type":"text"},{"text":"Compile Script","type":"text"},{"text":"45 ms","type":"text"}],[{"text":"Paint","type":"text"},{"text":"Paint","type":"text"},{"text":"41 ms","type":"text"}]]}},"score":100,"weight":0,"id":"mainthread-work-breakdown","group":"perf-info"},{"result":{"displayValue":"","score":false,"helpText":"Leverage the font-display CSS feature to ensure text is user-visible while webfonts are loading. [Learn more](https://developers.google.com/web/updates/2016/02/font-display).","rawValue":false,"name":"font-display","description":"Avoid invisible text while webfonts are loading","scoringMode":"binary","details":{"itemHeaders":[{"itemType":"url","text":"Font URL","type":"text"},{"itemType":"text","text":"Font download time","type":"text"}],"header":"View Details","type":"table","items":[[{"text":"https://fonts.gstatic.com/s/roboto/v18/KFOmCnqEu92Fr1Mu4mxK.woff2","type":"url"},{"text":"884 ms","type":"text"}],[{"text":"https://fonts.gstatic.com/s/materialicons/v37/flUhRq6tzZclQEJ-Vdg-IuiaDsNc.woff2","type":"url"},{"text":"1,066 ms","type":"text"}],[{"text":"https://fonts.gstatic.com/s/roboto/v18/KFOlCnqEu92Fr1MmEU9fBBc4.woff2","type":"url"},{"text":"875 ms","type":"text"}]]}},"score":0,"weight":0,"id":"font-display","group":"perf-info"}]},{"score":30,"name":"Progressive Web App","weight":1,"description":"These checks validate the aspects of a Progressive Web App, as specified by the baseline [PWA Checklist](https://developers.google.com/web/progressive-web-apps/checklist).","id":"pwa","audits":[{"result":{"displayValue":"","score":false,"helpText":"The service worker is the technology that enables your app to use many Progressive Web App features, such as offline, add to homescreen, and push notifications. [Learn more](https://developers.google.com/web/tools/lighthouse/audits/registered-service-worker).","rawValue":false,"name":"service-worker","description":"Does not register a service worker","scoringMode":"binary"},"score":0,"weight":1,"id":"service-worker"},{"result":{"displayValue":"","score":false,"helpText":"If you're building a Progressive Web App, consider using a service worker so that your app can work offline. [Learn more](https://developers.google.com/web/tools/lighthouse/audits/http-200-when-offline).","rawValue":false,"name":"works-offline","description":"Does not respond with a 200 when offline","scoringMode":"binary"},"score":0,"weight":1,"id":"works-offline"},{"result":{"displayValue":"","score":false,"debugString":"The page body should render some content if its scripts are not available.","helpText":"Your app should display some content when JavaScript is disabled, even if it's just a warning to the user that JavaScript is required to use the app. [Learn more](https://developers.google.com/web/tools/lighthouse/audits/no-js).","rawValue":false,"name":"without-javascript","description":"Does not provide fallback content when JavaScript is not available","scoringMode":"binary"},"score":0,"weight":1,"id":"without-javascript"},{"result":{"displayValue":"","score":false,"helpText":"If you've already set up HTTPS, make sure that you redirect all HTTP traffic to HTTPS. [Learn more](https://developers.google.com/web/tools/lighthouse/audits/http-redirects-to-https).","rawValue":false,"name":"redirects-http","description":"Does not redirect HTTP traffic to HTTPS","scoringMode":"binary"},"score":0,"weight":1,"id":"redirects-http"},{"result":{"displayValue":"","score":true,"helpText":"A fast page load over a 3G network ensures a good mobile user experience. [Learn more](https://developers.google.com/web/tools/lighthouse/audits/fast-3g).","rawValue":true,"extendedInfo":{"value":{"isFast":true,"timeToFirstInteractive":6460.149,"firstRequestLatencies":[{"latency":"566.29","url":"http://web/"},{"latency":"579.72","url":"https://cdnjs.cloudflare.com/ajax/libs/Chart.js/2.7.1/Chart.min.js"},{"latency":"571.48","url":"https://unpkg.com/vue-chartjs/dist/vue-chartjs.min.js"},{"latency":"578.93","url":"https://fonts.gstatic.com/s/roboto/v18/KFOmCnqEu92Fr1Mu4mxK.woff2"}],"areLatenciesAll3G":true}},"name":"load-fast-enough-for-pwa","description":"Page load is fast enough on 3G","scoringMode":"binary"},"score":100,"weight":1,"id":"load-fast-enough-for-pwa"},{"result":{"displayValue":"","score":false,"debugString":"Failures: No manifest was fetched, Site does not register a service worker, Service worker does not successfully serve the manifest's start_url, No usable web app manifest found on page.","helpText":"Browsers can proactively prompt users to add your app to their homescreen, which can lead to higher engagement. [Learn more](https://developers.google.com/web/tools/lighthouse/audits/install-prompt).","rawValue":false,"extendedInfo":{"value":{"failures":["No manifest was fetched","Site does not register a service worker","Service worker does not successfully serve the manifest's start_url","No usable web app manifest found on page"],"warnings":["No usable web app manifest found on page"],"manifestValues":{"parseFailureReason":"No manifest was fetched","allChecks":[],"isParseFailure":true}}},"name":"webapp-install-banner","description":"User will not be prompted to Install the Web App","scoringMode":"binary"},"score":0,"weight":1,"id":"webapp-install-banner"},{"result":{"displayValue":"","score":false,"debugString":"Failures: No manifest was fetched.","helpText":"A themed splash screen ensures a high-quality experience when users launch your app from their homescreens. [Learn more](https://developers.google.com/web/tools/lighthouse/audits/custom-splash-screen).","rawValue":false,"extendedInfo":{"value":{"failures":["No manifest was fetched"],"manifestValues":{"parseFailureReason":"No manifest was fetched","allChecks":[],"isParseFailure":true}}},"name":"splash-screen","description":"Is not configured for a custom splash screen","scoringMode":"binary"},"score":0,"weight":1,"id":"splash-screen"},{"result":{"displayValue":"","score":false,"debugString":"Failures: No manifest was fetched, No `<meta name=\"theme-color\">` tag found.","helpText":"The browser address bar can be themed to match your site. [Learn more](https://developers.google.com/web/tools/lighthouse/audits/address-bar).","rawValue":false,"extendedInfo":{"value":{"failures":["No manifest was fetched","No `<meta name=\"theme-color\">` tag found"],"themeColor":null,"manifestValues":{"parseFailureReason":"No manifest was fetched","allChecks":[],"isParseFailure":true}}},"name":"themed-omnibox","description":"Address bar does not match brand colors","scoringMode":"binary"},"score":0,"weight":1,"id":"themed-omnibox"},{"result":{"displayValue":"","score":true,"debugString":"","helpText":"Add a viewport meta tag to optimize your app for mobile screens. [Learn more](https://developers.google.com/web/tools/lighthouse/audits/has-viewport-meta-tag).","rawValue":true,"name":"viewport","description":"Has a `<meta name=\"viewport\">` tag with `width` or `initial-scale`","scoringMode":"binary"},"score":100,"weight":1,"id":"viewport"},{"result":{"displayValue":"","score":true,"debugString":"","helpText":"If the width of your app's content doesn't match the width of the viewport, your app might not be optimized for mobile screens. [Learn more](https://developers.google.com/web/tools/lighthouse/audits/content-sized-correctly-for-viewport).","rawValue":true,"name":"content-width","description":"Content is sized correctly for the viewport","scoringMode":"binary"},"score":100,"weight":1,"id":"content-width"},{"result":{"displayValue":"","score":false,"helpText":"To reach the most number of users, sites should work across every major browser. [Learn more](https://developers.google.com/web/progressive-web-apps/checklist#site-works-cross-browser).","rawValue":false,"name":"pwa-cross-browser","description":"Site works cross-browser","scoringMode":"binary","informative":true,"manual":true},"score":0,"weight":0,"id":"pwa-cross-browser","group":"manual-pwa-checks"},{"result":{"displayValue":"","score":false,"helpText":"Transitions should feel snappy as you tap around, even on a slow network, a key to perceived performance. [Learn more](https://developers.google.com/web/progressive-web-apps/checklist#page-transitions-dont-feel-like-they-block-on-the-network).","rawValue":false,"name":"pwa-page-transitions","description":"Page transitions don't feel like they block on the network","scoringMode":"binary","informative":true,"manual":true},"score":0,"weight":0,"id":"pwa-page-transitions","group":"manual-pwa-checks"},{"result":{"displayValue":"","score":false,"helpText":"Ensure individual pages are deep linkable via the URLs and that URLs are unique for the purpose of shareability on social media. [Learn more](https://developers.google.com/web/progressive-web-apps/checklist#each-page-has-a-url).","rawValue":false,"name":"pwa-each-page-has-url","description":"Each page has a URL","scoringMode":"binary","informative":true,"manual":true},"score":0,"weight":0,"id":"pwa-each-page-has-url","group":"manual-pwa-checks"}]},{"score":76.71232876712328,"name":"Accessibility","description":"These checks highlight opportunities to [improve the accessibility of your web app](https://developers.google.com/web/fundamentals/accessibility). Only a subset of accessibility issues can be automatically detected so manual testing is also encouraged.","id":"accessibility","audits":[{"result":{"displayValue":"","score":false,"helpText":"Access keys let users quickly focus a part of the page. For proper navigation, each access key must be unique. [Learn more](https://dequeuniversity.com/rules/axe/2.2/accesskeys?application=lighthouse).","rawValue":false,"name":"accesskeys","description":"`[accesskey]` values are not unique","scoringMode":"binary","informative":true,"notApplicable":true},"score":100,"weight":0,"id":"accesskeys","group":"a11y-correct-attributes"},{"result":{"displayValue":"","score":true,"helpText":"Each ARIA `role` supports a specific subset of `aria-*` attributes. Mismatching these invalidates the `aria-*` attributes. [Learn more](https://dequeuniversity.com/rules/axe/2.2/aria-allowed-attr?application=lighthouse).","rawValue":true,"extendedInfo":{},"name":"aria-allowed-attr","description":"`[aria-*]` attributes match their roles","scoringMode":"binary","details":{"header":{"text":"View failing elements","type":"text"},"type":"list","items":[]}},"score":100,"weight":3,"id":"aria-allowed-attr","group":"a11y-aria"},{"result":{"displayValue":"","score":false,"helpText":"Some ARIA roles have required attributes that describe the state of the element to screen readers. [Learn more](https://dequeuniversity.com/rules/axe/2.2/aria-required-attr?application=lighthouse).","rawValue":false,"name":"aria-required-attr","description":"`[role]`s do not have all required `[aria-*]` attributes","scoringMode":"binary","informative":true,"notApplicable":true},"score":100,"weight":0,"id":"aria-required-attr","group":"a11y-aria"},{"result":{"displayValue":"","score":false,"helpText":"Some ARIA parent roles must contain specific child roles to perform their intended accessibility functions. [Learn more](https://dequeuniversity.com/rules/axe/2.2/aria-required-children?application=lighthouse).","rawValue":false,"name":"aria-required-children","description":"Elements with `[role]` that require specific children `[role]`s, are missing.","scoringMode":"binary","informative":true,"notApplicable":true},"score":100,"weight":0,"id":"aria-required-children","group":"a11y-aria"},{"result":{"displayValue":"","score":false,"helpText":"Some ARIA child roles must be contained by specific parent roles to properly perform their intended accessibility functions. [Learn more](https://dequeuniversity.com/rules/axe/2.2/aria-required-parent?application=lighthouse).","rawValue":false,"name":"aria-required-parent","description":"`[role]`s are not contained by their required parent element","scoringMode":"binary","informative":true,"notApplicable":true},"score":100,"weight":0,"id":"aria-required-parent","group":"a11y-aria"},{"result":{"displayValue":"","score":false,"helpText":"ARIA roles must have valid values in order to perform their intended accessibility functions. [Learn more](https://dequeuniversity.com/rules/axe/2.2/aria-roles?application=lighthouse).","rawValue":false,"name":"aria-roles","description":"`[role]` values are not valid","scoringMode":"binary","informative":true,"notApplicable":true},"score":100,"weight":0,"id":"aria-roles","group":"a11y-aria"},{"result":{"displayValue":"","score":true,"helpText":"Assistive technologies, like screen readers, can't interpret ARIA attributes with invalid values. [Learn more](https://dequeuniversity.com/rules/axe/2.2/aria-valid-attr-value?application=lighthouse).","rawValue":true,"extendedInfo":{},"name":"aria-valid-attr-value","description":"`[aria-*]` attributes have valid values","scoringMode":"binary","details":{"header":{"text":"View failing elements","type":"text"},"type":"list","items":[]}},"score":100,"weight":2,"id":"aria-valid-attr-value","group":"a11y-aria"},{"result":{"displayValue":"","score":true,"helpText":"Assistive technologies, like screen readers, can't interpret ARIA attributes with invalid names. [Learn more](https://dequeuniversity.com/rules/axe/2.2/aria-valid-attr?application=lighthouse).","rawValue":true,"extendedInfo":{},"name":"aria-valid-attr","description":"`[aria-*]` attributes are valid and not misspelled","scoringMode":"binary","details":{"header":{"text":"View failing elements","type":"text"},"type":"list","items":[]}},"score":100,"weight":5,"id":"aria-valid-attr","group":"a11y-aria"},{"result":{"displayValue":"","score":false,"helpText":"Captions make audio elements usable for deaf or hearing-impaired users, providing critical information such as who is talking, what they're saying, and other non-speech information. [Learn more](https://dequeuniversity.com/rules/axe/2.2/audio-caption?application=lighthouse).","rawValue":false,"name":"audio-caption","description":"`<audio>` elements are missing a `<track>` element with `[kind=\"captions\"]`.","scoringMode":"binary","informative":true,"notApplicable":true},"score":100,"weight":0,"id":"audio-caption","group":"a11y-correct-attributes"},{"result":{"displayValue":"","score":false,"helpText":"When a button doesn't have an accessible name, screen readers announce it as \"button\", making it unusable for users who rely on screen readers. [Learn more](https://dequeuniversity.com/rules/axe/2.2/button-name?application=lighthouse).","rawValue":false,"extendedInfo":{"value":{"help":"Buttons must have discernible text","nodes":[{"failureSummary":"Fix all of the following:\n  Element is in tab order and does not have accessible text\n\nFix any of the following:\n  Element has a value attribute and the value attribute is empty\n  Element has no value attribute or the value attribute is empty\n  Element does not have inner text that is visible to screen readers\n  aria-label attribute does not exist or is empty\n  aria-labelledby attribute does not exist, references elements that do not exist or references elements that are empty or not visible\n  Element's default semantics were not overridden with role=\"presentation\"\n  Element's default semantics were not overridden with role=\"none\"","snippet":"<button type=\"button\" class=\"toolbar__side-icon btn btn--icon\">","path":"1,HTML,2,BODY,0,MAIN,0,DIV,1,DIV,2,NAV,0,DIV,0,BUTTON","impact":"critical","html":"<button type=\"button\" class=\"toolbar__side-icon btn btn--icon\"><div class=\"btn__content\"><i aria-hidden=\"true\" class=\"icon material-icons\">menu<\/i><\/div><\/button>","target":[".toolbar__side-icon"]},{"failureSummary":"Fix all of the following:\n  Element is in tab order and does not have accessible text\n\nFix any of the following:\n  Element has a value attribute and the value attribute is empty\n  Element has no value attribute or the value attribute is empty\n  Element does not have inner text that is visible to screen readers\n  aria-label attribute does not exist or is empty\n  aria-labelledby attribute does not exist, references elements that do not exist or references elements that are empty or not visible\n  Element's default semantics were not overridden with role=\"presentation\"\n  Element's default semantics were not overridden with role=\"none\"","snippet":"<button type=\"button\" class=\"btn btn--icon\">","path":"1,HTML,2,BODY,0,MAIN,0,DIV,1,DIV,2,NAV,0,DIV,4,SPAN,0,SPAN,0,BUTTON","impact":"critical","html":"<button type=\"button\" class=\"btn btn--icon\"><div class=\"btn__content\"><i aria-hidden=\"true\" class=\"icon fa fa-sign-out\"><\/i><\/div><\/button>","target":["span > .btn--icon"]}],"impact":"critical","description":"Ensures buttons have discernible text","helpUrl":"https://dequeuniversity.com/rules/axe/3.0/button-name?application=axeAPI","id":"button-name","tags":["cat.name-role-value","wcag2a","wcag412","section508","section508.22.a"]}},"name":"button-name","description":"Buttons do not have an accessible name","scoringMode":"binary","details":{"header":{"text":"View failing elements","type":"text"},"type":"list","items":[{"snippet":"<button type=\"button\" class=\"toolbar__side-icon btn btn--icon\">","path":"1,HTML,2,BODY,0,MAIN,0,DIV,1,DIV,2,NAV,0,DIV,0,BUTTON","selector":".toolbar__side-icon","type":"node"},{"snippet":"<button type=\"button\" class=\"btn btn--icon\">","path":"1,HTML,2,BODY,0,MAIN,0,DIV,1,DIV,2,NAV,0,DIV,4,SPAN,0,SPAN,0,BUTTON","selector":"span > .btn--icon","type":"node"}]}},"score":0,"weight":10,"id":"button-name","group":"a11y-element-names"},{"result":{"displayValue":"","score":true,"helpText":"Adding ways to bypass repetitive content lets keyboard users navigate the page more efficiently. [Learn more](https://dequeuniversity.com/rules/axe/2.2/bypass?application=lighthouse).","rawValue":true,"extendedInfo":{},"name":"bypass","description":"The page contains a heading, skip link, or landmark region","scoringMode":"binary","details":{"header":{"text":"View failing elements","type":"text"},"type":"list","items":[]}},"score":100,"weight":10,"id":"bypass","group":"a11y-describe-contents"},{"result":{"displayValue":"","score":true,"helpText":"Low-contrast text is difficult or impossible for many users to read. [Learn more](https://dequeuniversity.com/rules/axe/2.2/color-contrast?application=lighthouse).","rawValue":true,"extendedInfo":{},"name":"color-contrast","description":"Background and foreground colors have a sufficient contrast ratio","scoringMode":"binary","details":{"header":{"text":"View failing elements","type":"text"},"type":"list","items":[]}},"score":100,"weight":6,"id":"color-contrast","group":"a11y-color-contrast"},{"result":{"displayValue":"","score":false,"helpText":"When definition lists are not properly marked up, screen readers may produce confusing or inaccurate output. [Learn more](https://dequeuniversity.com/rules/axe/2.2/definition-list?application=lighthouse).","rawValue":false,"name":"definition-list","description":"`<dl>`'s do not contain only properly-ordered `<dt>` and `<dd>` groups, `<script>` or `<template>` elements.","scoringMode":"binary","informative":true,"notApplicable":true},"score":100,"weight":0,"id":"definition-list","group":"a11y-well-structured"},{"result":{"displayValue":"","score":false,"helpText":"Definition list items (`<dt>` and `<dd>`) must be wrapped in a parent `<dl>` element to ensure that screen readers can properly announce them. [Learn more](https://dequeuniversity.com/rules/axe/2.2/dlitem?application=lighthouse).","rawValue":false,"name":"dlitem","description":"Definition list items are not wrapped in `<dl>` elements","scoringMode":"binary","informative":true,"notApplicable":true},"score":100,"weight":0,"id":"dlitem","group":"a11y-well-structured"},{"result":{"displayValue":"","score":true,"helpText":"The title gives screen reader users an overview of the page, and search engine users rely on it heavily to determine if a page is relevant to their search. [Learn more](https://developers.google.com/web/tools/lighthouse/audits/title).","rawValue":true,"extendedInfo":{},"name":"document-title","description":"Document has a `<title>` element","scoringMode":"binary","details":{"header":{"text":"View failing elements","type":"text"},"type":"list","items":[]}},"score":100,"weight":2,"id":"document-title","group":"a11y-describe-contents"},{"result":{"displayValue":"","score":true,"helpText":"The value of an id attribute must be unique to prevent other instances from being overlooked by assistive technologies. [Learn more](https://dequeuniversity.com/rules/axe/2.2/duplicate-id?application=lighthouse).","rawValue":true,"extendedInfo":{},"name":"duplicate-id","description":"`[id]` attributes on the page are unique","scoringMode":"binary","details":{"header":{"text":"View failing elements","type":"text"},"type":"list","items":[]}},"score":100,"weight":5,"id":"duplicate-id","group":"a11y-well-structured"},{"result":{"displayValue":"","score":false,"helpText":"Screen reader users rely on frame titles to describe the contents of frames. [Learn more](https://dequeuniversity.com/rules/axe/2.2/frame-title?application=lighthouse).","rawValue":false,"name":"frame-title","description":"`<frame>` or `<iframe>` elements do not have a title","scoringMode":"binary","informative":true,"notApplicable":true},"score":100,"weight":0,"id":"frame-title","group":"a11y-describe-contents"},{"result":{"displayValue":"","score":false,"helpText":"If a page doesn't specify a lang attribute, a screen reader assumes that the page is in the default language that the user chose when setting up the screen reader. If the page isn't actually in the default language, then the screen reader might not announce the page's text correctly. [Learn more](https://dequeuniversity.com/rules/axe/2.2/html-lang?application=lighthouse).","rawValue":false,"extendedInfo":{"value":{"help":"<html> element must have a lang attribute","nodes":[{"failureSummary":"Fix any of the following:\n  The <html> element does not have a lang attribute","snippet":"<html>","path":"1,HTML","impact":"serious","html":"<html>","target":["html"]}],"impact":"serious","description":"Ensures every HTML document has a lang attribute","helpUrl":"https://dequeuniversity.com/rules/axe/3.0/html-has-lang?application=axeAPI","id":"html-has-lang","tags":["cat.language","wcag2a","wcag311"]}},"name":"html-has-lang","description":"`<html>` element does not have a `[lang]` attribute","scoringMode":"binary","details":{"header":{"text":"View failing elements","type":"text"},"type":"list","items":[{"snippet":"<html>","path":"1,HTML","selector":"html","type":"node"}]}},"score":0,"weight":4,"id":"html-has-lang","group":"a11y-language"},{"result":{"displayValue":"","score":false,"helpText":"Specifying a valid [BCP 47 language](https://www.w3.org/International/questions/qa-choosing-language-tags#question) helps screen readers announce text properly. [Learn more](https://dequeuniversity.com/rules/axe/2.2/valid-lang?application=lighthouse).","rawValue":false,"name":"html-lang-valid","description":"`<html>` element does not have a valid value for its `[lang]` attribute.","scoringMode":"binary","informative":true,"notApplicable":true},"score":100,"weight":0,"id":"html-lang-valid","group":"a11y-language"},{"result":{"displayValue":"","score":false,"helpText":"Informative elements should aim for short, descriptive alternate text. Decorative elements can be ignored with an empty alt attribute.[Learn more](https://dequeuniversity.com/rules/axe/2.2/image-alt?application=lighthouse).","rawValue":false,"name":"image-alt","description":"Image elements do not have `[alt]` attributes","scoringMode":"binary","informative":true,"notApplicable":true},"score":100,"weight":0,"id":"image-alt","group":"a11y-correct-attributes"},{"result":{"displayValue":"","score":false,"helpText":"When an image is being used as an `<input>` button, providing alternative text can help screen reader users understand the purpose of the button. [Learn more](https://dequeuniversity.com/rules/axe/2.2/input-image-alt?application=lighthouse).","rawValue":false,"name":"input-image-alt","description":"`<input type=\"image\">` elements do not have `[alt]` text","scoringMode":"binary","informative":true,"notApplicable":true},"score":100,"weight":0,"id":"input-image-alt","group":"a11y-correct-attributes"},{"result":{"displayValue":"","score":true,"helpText":"Labels ensure that form controls are announced properly by assistive technologies, like screen readers. [Learn more](https://dequeuniversity.com/rules/axe/2.2/label?application=lighthouse).","rawValue":true,"extendedInfo":{},"name":"label","description":"Form elements have associated labels","scoringMode":"binary","details":{"header":{"text":"View failing elements","type":"text"},"type":"list","items":[]}},"score":100,"weight":10,"id":"label","group":"a11y-describe-contents"},{"result":{"displayValue":"","score":false,"helpText":"A table being used for layout purposes should not include data elements, such as the th or caption elements or the summary attribute, because this can create a confusing experience for screen reader users. [Learn more](https://dequeuniversity.com/rules/axe/2.2/layout-table?application=lighthouse).","rawValue":false,"name":"layout-table","description":"Presentational `<table>` elements do not avoid using `<th>`, `<caption>` or the `[summary]` attribute.","scoringMode":"binary","informative":true,"notApplicable":true},"score":100,"weight":0,"id":"layout-table","group":"a11y-describe-contents"},{"result":{"displayValue":"","score":true,"helpText":"Link text (and alternate text for images, when used as links) that is discernible, unique, and focusable improves the navigation experience for screen reader users. [Learn more](https://dequeuniversity.com/rules/axe/2.2/link-name?application=lighthouse).","rawValue":true,"extendedInfo":{},"name":"link-name","description":"Links have a discernible name","scoringMode":"binary","details":{"header":{"text":"View failing elements","type":"text"},"type":"list","items":[]}},"score":100,"weight":9,"id":"link-name","group":"a11y-element-names"},{"result":{"displayValue":"","score":false,"helpText":"Screen readers have a specific way of announcing lists. Ensuring proper list structure aids screen reader output. [Learn more](https://dequeuniversity.com/rules/axe/2.2/list?application=lighthouse).","rawValue":false,"name":"list","description":"Lists do not contain only `<li>` elements and script supporting elements (`<script>` and `<template>`).","scoringMode":"binary","informative":true,"notApplicable":true},"score":100,"weight":0,"id":"list","group":"a11y-well-structured"},{"result":{"displayValue":"","score":false,"helpText":"Screen readers require list items (`<li>`) to be contained within a parent `<ul>` or `<ol>` to be announced properly. [Learn more](https://dequeuniversity.com/rules/axe/2.2/listitem?application=lighthouse).","rawValue":false,"name":"listitem","description":"List items (`<li>`) are not contained within `<ul>` or `<ol>` parent elements.","scoringMode":"binary","informative":true,"notApplicable":true},"score":100,"weight":0,"id":"listitem","group":"a11y-well-structured"},{"result":{"displayValue":"","score":false,"helpText":"Users do not expect a page to refresh automatically, and doing so will move focus back to the top of the page. This may create a frustrating or confusing experience. [Learn more](https://dequeuniversity.com/rules/axe/2.2/meta-refresh?application=lighthouse).","rawValue":false,"name":"meta-refresh","description":"The document uses `<meta http-equiv=\"refresh\">`","scoringMode":"binary","informative":true,"notApplicable":true},"score":100,"weight":0,"id":"meta-refresh","group":"a11y-meta"},{"result":{"displayValue":"","score":false,"helpText":"Disabling zooming is problematic for users with low vision who rely on screen magnification to properly see the contents of a web page. [Learn more](https://dequeuniversity.com/rules/axe/2.2/meta-viewport?application=lighthouse).","rawValue":false,"extendedInfo":{"value":{"help":"Zooming and scaling must not be disabled","nodes":[{"failureSummary":"Fix any of the following:\n  <meta> tag disables zooming on mobile devices","snippet":"<meta name=\"viewport\" content=\"width=device-width,initial-scale=1,maximum-scale=1,minimum-scale=1,user-scalable=no\">","path":"1,HTML,1,HEAD,1,META","impact":"critical","html":"<meta name=\"viewport\" content=\"width=device-width,initial-scale=1,maximum-scale=1,minimum-scale=1,user-scalable=no\">","target":["meta[name=\"viewport\"]"]}],"impact":"critical","description":"Ensures <meta name=\"viewport\"> does not disable text scaling and zooming","helpUrl":"https://dequeuniversity.com/rules/axe/3.0/meta-viewport?application=axeAPI","id":"meta-viewport","tags":["cat.sensory-and-visual-cues","wcag2aa","wcag144"]}},"name":"meta-viewport","description":"`[user-scalable=\"no\"]` is used in the `<meta name=\"viewport\">` element or the `[maximum-scale]` attribute is less than 5.","scoringMode":"binary","details":{"header":{"text":"View failing elements","type":"text"},"type":"list","items":[{"snippet":"<meta name=\"viewport\" content=\"width=device-width,initial-scale=1,maximum-scale=1,minimum-scale=1,user-scalable=no\">","path":"1,HTML,1,HEAD,1,META","selector":"meta[name=\"viewport\"]","type":"node"}]}},"score":0,"weight":3,"id":"meta-viewport","group":"a11y-meta"},{"result":{"displayValue":"","score":false,"helpText":"Screen readers cannot translate non-text content. Adding alt text to `<object>` elements helps screen readers convey meaning to users. [Learn more](https://dequeuniversity.com/rules/axe/2.2/object-alt?application=lighthouse).","rawValue":false,"name":"object-alt","description":"`<object>` elements do not have `[alt]` text","scoringMode":"binary","informative":true,"notApplicable":true},"score":100,"weight":0,"id":"object-alt","group":"a11y-describe-contents"},{"result":{"displayValue":"","score":true,"helpText":"A value greater than 0 implies an explicit navigation ordering. Although technically valid, this often creates frustrating experiences for users who rely on assistive technologies. [Learn more](https://dequeuniversity.com/rules/axe/2.2/tabindex?application=lighthouse).","rawValue":true,"extendedInfo":{},"name":"tabindex","description":"No element has a `[tabindex]` value greater than 0","scoringMode":"binary","details":{"header":{"text":"View failing elements","type":"text"},"type":"list","items":[]}},"score":100,"weight":4,"id":"tabindex","group":"a11y-correct-attributes"},{"result":{"displayValue":"","score":false,"helpText":"Screen readers have features to make navigating tables easier. Ensuring `<td>` cells using the `[headers]` attribute only refer to other cells in the same table may improve the experience for screen reader users. [Learn more](https://dequeuniversity.com/rules/axe/2.2/td-headers-attr?application=lighthouse).","rawValue":false,"name":"td-headers-attr","description":"Cells in a `<table>` element that use the `[headers]` attribute refers to other cells of that same table.","scoringMode":"binary","informative":true,"notApplicable":true},"score":100,"weight":0,"id":"td-headers-attr","group":"a11y-correct-attributes"},{"result":{"displayValue":"","score":false,"helpText":"Screen readers have features to make navigating tables easier. Ensuring table headers always refer to some set of cells may improve the experience for screen reader users. [Learn more](https://dequeuniversity.com/rules/axe/2.2/th-has-data-cells?application=lighthouse).","rawValue":false,"name":"th-has-data-cells","description":"`<th>` elements and elements with `[role=\"columnheader\"/\"rowheader\"]` do not have data cells they describe.","scoringMode":"binary","informative":true,"notApplicable":true},"score":100,"weight":0,"id":"th-has-data-cells","group":"a11y-correct-attributes"},{"result":{"displayValue":"","score":false,"helpText":"Specifying a valid [BCP 47 language](https://www.w3.org/International/questions/qa-choosing-language-tags#question) on elements helps ensure that text is pronounced correctly by a screen reader. [Learn more](https://dequeuniversity.com/rules/axe/2.2/valid-lang?application=lighthouse).","rawValue":false,"name":"valid-lang","description":"`[lang]` attributes do not have a valid value","scoringMode":"binary","informative":true,"notApplicable":true},"score":100,"weight":0,"id":"valid-lang","group":"a11y-language"},{"result":{"displayValue":"","score":false,"helpText":"When a video provides a caption it is easier for deaf and hearing impaired users to access its information. [Learn more](https://dequeuniversity.com/rules/axe/2.2/video-caption?application=lighthouse).","rawValue":false,"name":"video-caption","description":"`<video>` elements do not contain a `<track>` element with `[kind=\"captions\"]`.","scoringMode":"binary","informative":true,"notApplicable":true},"score":100,"weight":0,"id":"video-caption","group":"a11y-describe-contents"},{"result":{"displayValue":"","score":false,"helpText":"Audio descriptions provide relevant information for videos that dialogue cannot, such as facial expressions and scenes. [Learn more](https://dequeuniversity.com/rules/axe/2.2/video-description?application=lighthouse).","rawValue":false,"name":"video-description","description":"`<video>` elements do not contain a `<track>` element with `[kind=\"description\"]`.","scoringMode":"binary","informative":true,"notApplicable":true},"score":100,"weight":0,"id":"video-description","group":"a11y-describe-contents"},{"result":{"displayValue":"","score":false,"helpText":"Tabbing through the page follows the visual layout. Users cannot focus elements that are offscreen. [Learn more](https://developers.google.com/web/fundamentals/accessibility/how-to-review#start_with_the_keyboard).","rawValue":false,"name":"logical-tab-order","description":"The page has a logical tab order","scoringMode":"binary","informative":true,"manual":true},"score":0,"weight":0,"id":"logical-tab-order","group":"manual-a11y-checks"},{"result":{"displayValue":"","score":false,"helpText":"Custom interactive controls are keyboard focusable and display a focus indicator. [Learn more](https://developers.google.com/web/fundamentals/accessibility/how-to-review#start_with_the_keyboard).","rawValue":false,"name":"focusable-controls","description":"Interactive controls are keyboard focusable","scoringMode":"binary","informative":true,"manual":true},"score":0,"weight":0,"id":"focusable-controls","group":"manual-a11y-checks"},{"result":{"displayValue":"","score":false,"helpText":"If new content, such as a dialog, is added to the page, the user's focus is directed to it. [Learn more](https://developers.google.com/web/fundamentals/accessibility/how-to-review#start_with_the_keyboard).","rawValue":false,"name":"managed-focus","description":"The user's focus is directed to new content added to the page","scoringMode":"binary","informative":true,"manual":true},"score":0,"weight":0,"id":"managed-focus","group":"manual-a11y-checks"},{"result":{"displayValue":"","score":false,"helpText":"A user can tab into and out of any control or region without accidentally trapping their focus. [Learn more](https://developers.google.com/web/fundamentals/accessibility/how-to-review#start_with_the_keyboard).","rawValue":false,"name":"focus-traps","description":"User focus is not accidentally trapped in a region","scoringMode":"binary","informative":true,"manual":true},"score":0,"weight":0,"id":"focus-traps","group":"manual-a11y-checks"},{"result":{"displayValue":"","score":false,"helpText":"Custom interactive controls have associated labels, provided by aria-label or aria-labelledby. [Learn more](https://developers.google.com/web/fundamentals/accessibility/how-to-review#try_it_with_a_screen_reader).","rawValue":false,"name":"custom-controls-labels","description":"Custom controls have associated labels","scoringMode":"binary","informative":true,"manual":true},"score":0,"weight":0,"id":"custom-controls-labels","group":"manual-a11y-checks"},{"result":{"displayValue":"","score":false,"helpText":"Custom interactive controls have appropriate ARIA roles. [Learn more](https://developers.google.com/web/fundamentals/accessibility/how-to-review#try_it_with_a_screen_reader).","rawValue":false,"name":"custom-controls-roles","description":"Custom controls have ARIA roles","scoringMode":"binary","informative":true,"manual":true},"score":0,"weight":0,"id":"custom-controls-roles","group":"manual-a11y-checks"},{"result":{"displayValue":"","score":false,"helpText":"DOM order matches the visual order, improving navigation for assistive technology. [Learn more](https://developers.google.com/web/fundamentals/accessibility/how-to-review#try_it_with_a_screen_reader).","rawValue":false,"name":"visual-order-follows-dom","description":"Visual order on the page follows DOM order","scoringMode":"binary","informative":true,"manual":true},"score":0,"weight":0,"id":"visual-order-follows-dom","group":"manual-a11y-checks"},{"result":{"displayValue":"","score":false,"helpText":"Offscreen content is hidden with display: none or aria-hidden=true. [Learn more](https://developers.google.com/web/fundamentals/accessibility/how-to-review#try_it_with_a_screen_reader).","rawValue":false,"name":"offscreen-content-hidden","description":"Offscreen content is hidden from assistive technology","scoringMode":"binary","informative":true,"manual":true},"score":0,"weight":0,"id":"offscreen-content-hidden","group":"manual-a11y-checks"},{"result":{"displayValue":"","score":false,"helpText":"Headings are used to create an outline for the page and heading levels are not skipped. [Learn more](https://developers.google.com/web/fundamentals/accessibility/how-to-review#take_advantage_of_headings_and_landmarks).","rawValue":false,"name":"heading-levels","description":"Headings don't skip levels","scoringMode":"binary","informative":true,"manual":true},"score":0,"weight":0,"id":"heading-levels","group":"manual-a11y-checks"},{"result":{"displayValue":"","score":false,"helpText":"Landmark elements (<main>, <nav>, etc.) are used to improve the keyboard navigation of the page for assistive technology. [Learn more](https://developers.google.com/web/fundamentals/accessibility/how-to-review#take_advantage_of_headings_and_landmarks).","rawValue":false,"name":"use-landmarks","description":"HTML5 landmark elements are used to improve navigation","scoringMode":"binary","informative":true,"manual":true},"score":0,"weight":0,"id":"use-landmarks","group":"manual-a11y-checks"}]},{"score":86.66666666666667,"name":"Best Practices","description":"We've compiled some recommendations for modernizing your web app and avoiding performance pitfalls.","id":"best-practices","audits":[{"result":{"displayValue":"","score":true,"debugString":"","helpText":"Application Cache is deprecated. [Learn more](https://developers.google.com/web/tools/lighthouse/audits/appcache).","rawValue":true,"name":"appcache-manifest","description":"Avoids Application Cache","scoringMode":"binary"},"score":100,"weight":1,"id":"appcache-manifest"},{"result":{"displayValue":"","score":true,"debugString":"","helpText":"Web SQL is deprecated. Consider using IndexedDB instead. [Learn more](https://developers.google.com/web/tools/lighthouse/audits/web-sql).","rawValue":true,"name":"no-websql","description":"Avoids WebSQL DB","scoringMode":"binary"},"score":100,"weight":1,"id":"no-websql"},{"result":{"displayValue":"5 requests were not handled over HTTP/2","score":false,"helpText":"HTTP/2 offers many benefits over HTTP/1.1, including binary headers, multiplexing, and server push. [Learn more](https://developers.google.com/web/tools/lighthouse/audits/http2).","rawValue":false,"extendedInfo":{"value":{"results":[{"protocol":"http/1.1","url":"http://web/"},{"protocol":"http/1.1","url":"http://web/static/js/manifest.9f020e973ae4037504f6.js"},{"protocol":"http/1.1","url":"http://web/static/js/vendor.d1efda22f11e965a5228.js"},{"protocol":"http/1.1","url":"http://web/static/js/app.310cd52123c59f9f64a5.js"},{"protocol":"http/1.1","url":"http://web/static/css/app.a1bcfeb0daa2a3f727390086fd42ee9d.css"}]}},"name":"uses-http2","description":"Does not use HTTP/2 for all of its resources","scoringMode":"binary","details":{"itemHeaders":[{"itemType":"url","text":"URL","type":"text"},{"itemType":"text","text":"Protocol","type":"text"}],"header":"View Details","type":"table","items":[[{"text":"http://web/","type":"url"},{"text":"http/1.1","type":"text"}],[{"text":"http://web/static/js/manifest.9f020e973ae4037504f6.js","type":"url"},{"text":"http/1.1","type":"text"}],[{"text":"http://web/static/js/vendor.d1efda22f11e965a5228.js","type":"url"},{"text":"http/1.1","type":"text"}],[{"text":"http://web/static/js/app.310cd52123c59f9f64a5.js","type":"url"},{"text":"http/1.1","type":"text"}],[{"text":"http://web/static/css/app.a1bcfeb0daa2a3f727390086fd42ee9d.css","type":"url"},{"text":"http/1.1","type":"text"}]]}},"score":0,"weight":1,"id":"uses-http2"},{"result":{"displayValue":"","score":true,"helpText":"Consider marking your touch and wheel event listeners as `passive` to improve your page's scroll performance. [Learn more](https://developers.google.com/web/tools/lighthouse/audits/passive-event-listeners).","rawValue":true,"extendedInfo":{"value":[]},"name":"uses-passive-event-listeners","description":"Uses passive listeners to improve scrolling performance","scoringMode":"binary","details":{"itemHeaders":[{"itemType":"url","text":"URL","type":"text"},{"itemType":"text","text":"Location","type":"text"}],"header":"View Details","type":"table","items":[]}},"score":100,"weight":1,"id":"uses-passive-event-listeners"},{"result":{"displayValue":"","score":true,"helpText":"Mutation Events are deprecated and harm performance. Consider using Mutation Observers instead. [Learn more](https://developers.google.com/web/tools/lighthouse/audits/mutation-events).","rawValue":true,"extendedInfo":{"value":{"results":[]}},"name":"no-mutation-events","description":"Avoids Mutation Events in its own scripts","scoringMode":"binary","details":{"itemHeaders":[{"itemType":"url","text":"URL","type":"text"},{"itemType":"code","text":"Event","type":"text"},{"itemType":"text","text":"Line","type":"text"},{"itemType":"text","text":"Col","type":"text"},{"itemType":"code","text":"Snippet","type":"text"}],"header":"View Details","type":"table","items":[]}},"score":100,"weight":1,"id":"no-mutation-events"},{"result":{"displayValue":"","score":true,"helpText":"For users on slow connections, external scripts dynamically injected via `document.write()` can delay page load by tens of seconds. [Learn more](https://developers.google.com/web/tools/lighthouse/audits/document-write).","rawValue":true,"extendedInfo":{"value":[]},"name":"no-document-write","description":"Avoids `document.write()`","scoringMode":"binary","details":{"itemHeaders":[{"itemType":"url","text":"URL","type":"text"},{"itemType":"text","text":"Location","type":"text"}],"header":"View Details","type":"table","items":[]}},"score":100,"weight":1,"id":"no-document-write"},{"result":{"displayValue":"","score":true,"helpText":"Open new tabs using `rel=\"noopener\"` to improve performance and prevent security vulnerabilities. [Learn more](https://developers.google.com/web/tools/lighthouse/audits/noopener).","rawValue":true,"extendedInfo":{"value":[]},"name":"external-anchors-use-rel-noopener","description":"Opens external anchors using `rel=\"noopener\"`","scoringMode":"binary","details":{"itemHeaders":[{"itemType":"url","text":"URL","type":"text"},{"itemType":"text","text":"Target","type":"text"},{"itemType":"text","text":"Rel","type":"text"}],"header":"View Details","type":"table","items":[]}},"score":100,"weight":1,"id":"external-anchors-use-rel-noopener"},{"result":{"displayValue":"","score":true,"helpText":"Users are mistrustful of or confused by sites that request their location without context. Consider tying the request to user gestures instead. [Learn more](https://developers.google.com/web/tools/lighthouse/audits/geolocation-on-load).","rawValue":true,"extendedInfo":{"value":[]},"name":"geolocation-on-start","description":"Avoids requesting the geolocation permission on page load","scoringMode":"binary","details":{"itemHeaders":[{"itemType":"url","text":"URL","type":"text"},{"itemType":"text","text":"Location","type":"text"}],"header":"View Details","type":"table","items":[]}},"score":100,"weight":1,"id":"geolocation-on-start"},{"result":{"displayValue":"","score":true,"helpText":"Some third-party scripts may contain known security vulnerabilities  that are easily identified and exploited by attackers.","rawValue":true,"name":"no-vulnerable-libraries","description":"Avoids front-end JavaScript libraries with known security vulnerabilities","scoringMode":"binary"},"score":100,"weight":1,"id":"no-vulnerable-libraries"},{"result":{"displayValue":"","score":true,"helpText":"Users are mistrustful of or confused by sites that request to send notifications without context. Consider tying the request to user gestures instead. [Learn more](https://developers.google.com/web/tools/lighthouse/audits/notifications-on-load).","rawValue":true,"extendedInfo":{"value":[]},"name":"notification-on-start","description":"Avoids requesting the notification permission on page load","scoringMode":"binary","details":{"itemHeaders":[{"itemType":"url","text":"URL","type":"text"},{"itemType":"text","text":"Location","type":"text"}],"header":"View Details","type":"table","items":[]}},"score":100,"weight":1,"id":"notification-on-start"},{"result":{"displayValue":"","score":true,"helpText":"Deprecated APIs will eventually be removed from the browser. [Learn more](https://www.chromestatus.com/features#deprecated).","rawValue":true,"extendedInfo":{"value":[]},"name":"deprecations","description":"Avoids deprecated APIs","scoringMode":"binary","details":{"itemHeaders":[{"itemType":"code","text":"Deprecation / Warning","type":"text"},{"itemType":"url","text":"URL","type":"text"},{"itemType":"text","text":"Line","type":"text"}],"header":"View Details","type":"table","items":[]}},"score":100,"weight":1,"id":"deprecations"},{"result":{"displayValue":"","score":false,"helpText":"Make your app's `short_name` fewer than 12 characters to ensure that it's not truncated on homescreens. [Learn more](https://developers.google.com/web/tools/lighthouse/audits/manifest-short_name-is-not-truncated).","rawValue":false,"name":"manifest-short-name-length","description":"Manifest's `short_name` will be truncated when displayed on homescreen","scoringMode":"binary"},"score":0,"weight":1,"id":"manifest-short-name-length"},{"result":{"displayValue":"","score":true,"helpText":"Preventing password pasting undermines good security policy. [Learn more](https://www.ncsc.gov.uk/blog-post/let-them-paste-passwords)","rawValue":true,"extendedInfo":{"value":[]},"name":"password-inputs-can-be-pasted-into","description":"Allows users to paste into password fields","scoringMode":"binary","details":{"header":{"text":"Password inputs that prevent pasting into","type":"text"},"type":"list","items":[]}},"score":100,"weight":1,"id":"password-inputs-can-be-pasted-into"},{"result":{"displayValue":"","score":true,"helpText":"Errors logged to the console indicate unresolved problems. They can come from network request failures and other browser concerns.","rawValue":0,"name":"errors-in-console","description":"No browser errors logged to the console","scoringMode":"binary","details":{"itemHeaders":[{"itemType":"url","text":"URL","type":"text"},{"itemType":"code","text":"Description","type":"text"}],"header":"View Details","type":"table","items":[]}},"score":100,"weight":1,"id":"errors-in-console"},{"result":{"displayValue":"","score":true,"helpText":"Image display dimensions should match natural aspect ratio.","rawValue":true,"name":"image-aspect-ratio","description":"Displays images with correct aspect ratio","scoringMode":"binary","details":{"itemHeaders":[{"itemType":"thumbnail","text":"","type":"text"},{"itemType":"url","text":"URL","type":"text"},{"itemType":"text","text":"Aspect Ratio (Displayed)","type":"text"},{"itemType":"text","text":"Aspect Ratio (Actual)","type":"text"}],"header":"View Details","type":"table","items":[]}},"score":100,"weight":1,"id":"image-aspect-ratio"}]},{"score":50,"name":"SEO","description":"These checks ensure that your page is optimized for search engine results ranking. There are additional factors Lighthouse does not check that may affect your search ranking. [Learn more](https://support.google.com/webmasters/answer/35769).","id":"seo","audits":[{"result":{"displayValue":"","score":true,"debugString":"","helpText":"Add a viewport meta tag to optimize your app for mobile screens. [Learn more](https://developers.google.com/web/tools/lighthouse/audits/has-viewport-meta-tag).","rawValue":true,"name":"viewport","description":"Has a `<meta name=\"viewport\">` tag with `width` or `initial-scale`","scoringMode":"binary"},"score":100,"weight":1,"id":"viewport","group":"seo-mobile"},{"result":{"displayValue":"","score":true,"helpText":"The title gives screen reader users an overview of the page, and search engine users rely on it heavily to determine if a page is relevant to their search. [Learn more](https://developers.google.com/web/tools/lighthouse/audits/title).","rawValue":true,"extendedInfo":{},"name":"document-title","description":"Document has a `<title>` element","scoringMode":"binary","details":{"header":{"text":"View failing elements","type":"text"},"type":"list","items":[]}},"score":100,"weight":1,"id":"document-title","group":"seo-content"},{"result":{"displayValue":"","score":false,"helpText":"Meta descriptions may be included in search results to concisely summarize page content. [Learn more](https://developers.google.com/web/tools/lighthouse/audits/description).","rawValue":false,"name":"meta-description","description":"Document does not have a meta description","scoringMode":"binary"},"score":0,"weight":1,"id":"meta-description","group":"seo-content"},{"result":{"displayValue":"","score":null,"debugString":"Audit error: Unable to identify the main resource","helpText":"Pages with unsuccessful HTTP status codes may not be indexed properly. [Learn more](https://developers.google.com/web/tools/lighthouse/audits/successful-http-code).","rawValue":null,"name":"http-status-code","description":"Page has unsuccessful HTTP status code","scoringMode":"binary","error":true},"score":0,"weight":1,"id":"http-status-code","group":"seo-crawl"},{"result":{"displayValue":"","score":true,"helpText":"Descriptive link text helps search engines understand your content. [Learn more](https://developers.google.com/web/tools/lighthouse/audits/descriptive-link-text).","rawValue":true,"name":"link-text","description":"Links have descriptive text","scoringMode":"binary","details":{"itemHeaders":[{"itemType":"url","text":"Link destination","type":"text"},{"itemType":"text","text":"Link Text","type":"text"}],"header":"View Details","type":"table","items":[]}},"score":100,"weight":1,"id":"link-text","group":"seo-content"},{"result":{"displayValue":"","score":null,"debugString":"Audit error: Unable to identify the main resource","helpText":"Search engines are unable to include your pages in search results if they don't have permission to crawl them. [Learn more](https://developers.google.com/web/tools/lighthouse/audits/indexing).","rawValue":null,"name":"is-crawlable","description":"Page is blocked from indexing","scoringMode":"binary","error":true},"score":0,"weight":1,"id":"is-crawlable","group":"seo-crawl"},{"result":{"displayValue":"","score":null,"debugString":"Audit error: Unable to identify the main resource","helpText":"hreflang allows crawlers to discover alternate translations of the page content. [Learn more](https://support.google.com/webmasters/answer/189077).","rawValue":null,"name":"hreflang","description":"Document doesn't have a valid `hreflang`","scoringMode":"binary","error":true},"score":0,"weight":1,"id":"hreflang","group":"seo-content"},{"result":{"displayValue":"","score":null,"debugString":"Audit error: Unable to identify the main resource","helpText":"Canonical links suggest which URL to show in search results. [Learn more](https://developers.google.com/web/tools/lighthouse/audits/canonical).","rawValue":null,"name":"canonical","description":"Document does not have a valid `rel=canonical`","scoringMode":"binary","error":true},"score":0,"weight":1,"id":"canonical","group":"seo-content"},{"result":{"displayValue":"","score":true,"debugString":null,"helpText":"Font sizes less than 12px are too small to be legible and require mobile visitors to \u201cpinch to zoom\u201d in order to read. Strive to have >60% of page text ≥12px. [Learn more](https://developers.google.com/web/tools/lighthouse/audits/font-sizes).","rawValue":true,"name":"font-size","description":"Document uses legible font sizes","scoringMode":"binary","details":{"itemHeaders":[{"itemType":"url","text":"Source","type":"text"},{"itemType":"code","text":"Selector","type":"text"},{"itemType":"text","text":"% of Page Text","type":"text"},{"itemType":"text","text":"Font Size","type":"text"}],"header":"View Details","type":"table","items":[[{"text":"Legible text","type":"url"},{"text":null,"type":"code"},{"text":"100.00%","type":"text"},{"text":"≥ 12px","type":"text"}]]}},"score":100,"weight":1,"id":"font-size","group":"seo-mobile"},{"result":{"displayValue":"","score":true,"helpText":"Most mobile devices do not support plugins, and many desktop browsers restrict them.","rawValue":true,"name":"plugins","description":"Document avoids plugins","scoringMode":"binary","details":{"itemHeaders":[{"itemType":"code","text":"Element source","type":"text"}],"header":"View Details","type":"table","items":[]}},"score":100,"weight":1,"id":"plugins","group":"seo-content"},{"result":{"displayValue":"","score":false,"helpText":"Take the [Mobile-Friendly Test](https://search.google.com/test/mobile-friendly) to check for audits not covered by Lighthouse, like sizing tap targets appropriately. [Learn more](https://developers.google.com/search/mobile-sites/).","rawValue":false,"name":"mobile-friendly","description":"Page is mobile friendly","scoringMode":"binary","informative":true,"manual":true},"score":0,"weight":0,"id":"mobile-friendly","group":"manual-seo-checks"},{"result":{"displayValue":"","score":false,"helpText":"Run the [Structured Data Testing Tool](https://search.google.com/structured-data/testing-tool/) and the [Structured Data Linter](http://linter.structured-data.org/) to validate structured data. [Learn more](https://developers.google.com/search/docs/guides/mark-up-content).","rawValue":false,"name":"structured-data","description":"Structured data is valid","scoringMode":"binary","informative":true,"manual":true},"score":0,"weight":0,"id":"structured-data","group":"manual-seo-checks"}]}],"timing":{"total":19151},"reportGroups":{"a11y-color-contrast":{"description":"These are opportunities to improve the legibility of your content.","title":"Color Contrast Is Satisfactory"},"perf-metric":{"description":"These metrics encapsulate your web app's performance across a number of dimensions.","title":"Metrics"},"a11y-aria":{"description":"These are opportunities to improve the usage of ARIA in your application which may enhance the experience for users of assistive technology, like a screen reader.","title":"ARIA Attributes Follow Best Practices"},"a11y-element-names":{"description":"These are opportunities to improve the semantics of the controls in your application. This may enhance the experience for users of assistive technology, like a screen reader.","title":"Elements Have Discernible Names"},"a11y-well-structured":{"description":"These are opportunities to make sure your HTML is appropriately structured.","title":"Elements Are Well Structured"},"seo-content":{"description":"Format your HTML in a way that enables crawlers to better understand your app\u2019s content.","title":"Content Best Practices"},"a11y-correct-attributes":{"description":"These are opportunities to improve the configuration of your HTML elements.","title":"Elements Use Attributes Correctly"},"perf-hint":{"description":"These are opportunities to speed up your application by optimizing the following resources.","title":"Opportunities"},"seo-crawl":{"description":"To appear in search results, crawlers need access to your app.","title":"Crawling and Indexing"},"a11y-describe-contents":{"description":"These are opportunities to make your content easier to understand for a user of assistive technology, like a screen reader.","title":"Elements Describe Contents Well"},"a11y-language":{"description":"These are opportunities to improve the interpretation of your content by users in different locales.","title":"Page Specifies Valid Language"},"manual-a11y-checks":{"description":"These items address areas which an automated testing tool cannot cover. Learn more in our guide on [conducting an accessibility review](https://developers.google.com/web/fundamentals/accessibility/how-to-review).","title":"Additional items to manually check"},"seo-mobile":{"description":"Make sure your pages are mobile friendly so users don\u2019t have to pinch or zoom in order to read the content pages. [Learn more](https://developers.google.com/search/mobile-sites/).","title":"Mobile Friendly"},"perf-info":{"description":"More information about the performance of your application.","title":"Diagnostics"},"manual-pwa-checks":{"description":"These checks are required by the baseline [PWA Checklist](https://developers.google.com/web/progressive-web-apps/checklist) but are not automatically checked by Lighthouse. They do not affect your score but it's important that you verify them manually.","title":"Additional items to manually check"},"a11y-meta":{"description":"These are opportunities to improve the user experience of your site.","title":"Meta Tags Used Properly"},"manual-seo-checks":{"description":"Run these additional validators on your site to check additional SEO best practices.","title":"Additional items to manually check"}},"runWarnings":[],"userAgent":"Mozilla/5.0 (X11; Linux x86_64) AppleWebKit/537.36 (KHTML, like Gecko) HeadlessChrome/69.0.3458.0 Safari/537.36","runtimeConfig":{"blockedUrlPatterns":[],"environment":[{"name":"Device Emulation","description":"Nexus 5X","enabled":true},{"name":"Network Throttling","description":"562.5ms RTT, 1.4Mbps down, 0.7Mbps up","enabled":true},{"name":"CPU Throttling","description":"4x slowdown","enabled":true}],"extraHeaders":{}},"lighthouseVersion":"2.9.4","audits":{"plugins":{"displayValue":"","score":true,"helpText":"Most mobile devices do not support plugins, and many desktop browsers restrict them.","rawValue":true,"name":"plugins","description":"Document avoids plugins","scoringMode":"binary","details":{"itemHeaders":[{"itemType":"code","text":"Element source","type":"text"}],"header":"View Details","type":"table","items":[]}},"aria-required-parent":{"displayValue":"","score":false,"helpText":"Some ARIA child roles must be contained by specific parent roles to properly perform their intended accessibility functions. [Learn more](https://dequeuniversity.com/rules/axe/2.2/aria-required-parent?application=lighthouse).","rawValue":false,"name":"aria-required-parent","description":"`[role]`s are not contained by their required parent element","scoringMode":"binary","informative":true,"notApplicable":true},"custom-controls-labels":{"displayValue":"","score":false,"helpText":"Custom interactive controls have associated labels, provided by aria-label or aria-labelledby. [Learn more](https://developers.google.com/web/fundamentals/accessibility/how-to-review#try_it_with_a_screen_reader).","rawValue":false,"name":"custom-controls-labels","description":"Custom controls have associated labels","scoringMode":"binary","informative":true,"manual":true},"link-name":{"displayValue":"","score":true,"helpText":"Link text (and alternate text for images, when used as links) that is discernible, unique, and focusable improves the navigation experience for screen reader users. [Learn more](https://dequeuniversity.com/rules/axe/2.2/link-name?application=lighthouse).","rawValue":true,"extendedInfo":{},"name":"link-name","description":"Links have a discernible name","scoringMode":"binary","details":{"header":{"text":"View failing elements","type":"text"},"type":"list","items":[]}},"offscreen-images":{"displayValue":"","score":100,"helpText":"Consider lazy-loading offscreen and hidden images to improve page load speed and time to interactive. [Learn more](https://developers.google.com/web/tools/lighthouse/audits/offscreen-images).","rawValue":0,"extendedInfo":{"value":{"wastedKb":0,"wastedMs":0,"results":[]}},"name":"offscreen-images","description":"Offscreen images","scoringMode":"binary","informative":true,"details":{"itemHeaders":[{"itemType":"thumbnail","text":"","type":"text"},{"itemType":"url","text":"URL","type":"text"},{"itemType":"text","text":"Original","type":"text"},{"itemType":"text","text":"Potential Savings","type":"text"}],"header":"View Details","type":"table","items":[]}},"first-interactive":{"displayValue":"6,460 ms","score":71,"helpText":"First Interactive marks the time at which the page is minimally interactive. [Learn more](https://developers.google.com/web/tools/lighthouse/audits/first-interactive).","rawValue":6460.149,"extendedInfo":{"value":{"timeInMs":6460.149,"timestamp":8650059653847}},"name":"first-interactive","description":"First Interactive (beta)","scoringMode":"numeric"},"button-name":{"displayValue":"","score":false,"helpText":"When a button doesn't have an accessible name, screen readers announce it as \"button\", making it unusable for users who rely on screen readers. [Learn more](https://dequeuniversity.com/rules/axe/2.2/button-name?application=lighthouse).","rawValue":false,"extendedInfo":{"value":{"help":"Buttons must have discernible text","nodes":[{"failureSummary":"Fix all of the following:\n  Element is in tab order and does not have accessible text\n\nFix any of the following:\n  Element has a value attribute and the value attribute is empty\n  Element has no value attribute or the value attribute is empty\n  Element does not have inner text that is visible to screen readers\n  aria-label attribute does not exist or is empty\n  aria-labelledby attribute does not exist, references elements that do not exist or references elements that are empty or not visible\n  Element's default semantics were not overridden with role=\"presentation\"\n  Element's default semantics were not overridden with role=\"none\"","snippet":"<button type=\"button\" class=\"toolbar__side-icon btn btn--icon\">","path":"1,HTML,2,BODY,0,MAIN,0,DIV,1,DIV,2,NAV,0,DIV,0,BUTTON","impact":"critical","html":"<button type=\"button\" class=\"toolbar__side-icon btn btn--icon\"><div class=\"btn__content\"><i aria-hidden=\"true\" class=\"icon material-icons\">menu<\/i><\/div><\/button>","target":[".toolbar__side-icon"]},{"failureSummary":"Fix all of the following:\n  Element is in tab order and does not have accessible text\n\nFix any of the following:\n  Element has a value attribute and the value attribute is empty\n  Element has no value attribute or the value attribute is empty\n  Element does not have inner text that is visible to screen readers\n  aria-label attribute does not exist or is empty\n  aria-labelledby attribute does not exist, references elements that do not exist or references elements that are empty or not visible\n  Element's default semantics were not overridden with role=\"presentation\"\n  Element's default semantics were not overridden with role=\"none\"","snippet":"<button type=\"button\" class=\"btn btn--icon\">","path":"1,HTML,2,BODY,0,MAIN,0,DIV,1,DIV,2,NAV,0,DIV,4,SPAN,0,SPAN,0,BUTTON","impact":"critical","html":"<button type=\"button\" class=\"btn btn--icon\"><div class=\"btn__content\"><i aria-hidden=\"true\" class=\"icon fa fa-sign-out\"><\/i><\/div><\/button>","target":["span > .btn--icon"]}],"impact":"critical","description":"Ensures buttons have discernible text","helpUrl":"https://dequeuniversity.com/rules/axe/3.0/button-name?application=axeAPI","id":"button-name","tags":["cat.name-role-value","wcag2a","wcag412","section508","section508.22.a"]}},"name":"button-name","description":"Buttons do not have an accessible name","scoringMode":"binary","details":{"header":{"text":"View failing elements","type":"text"},"type":"list","items":[{"snippet":"<button type=\"button\" class=\"toolbar__side-icon btn btn--icon\">","path":"1,HTML,2,BODY,0,MAIN,0,DIV,1,DIV,2,NAV,0,DIV,0,BUTTON","selector":".toolbar__side-icon","type":"node"},{"snippet":"<button type=\"button\" class=\"btn btn--icon\">","path":"1,HTML,2,BODY,0,MAIN,0,DIV,1,DIV,2,NAV,0,DIV,4,SPAN,0,SPAN,0,BUTTON","selector":"span > .btn--icon","type":"node"}]}},"unminified-css":{"displayValue":"","score":100,"helpText":"Minifying CSS files can reduce network payload sizes. [Learn more](https://developers.google.com/speed/docs/insights/MinifyResources).","rawValue":0,"extendedInfo":{"value":{"wastedKb":0,"wastedMs":0,"results":[]}},"name":"unminified-css","description":"Minify CSS","scoringMode":"binary","informative":true,"details":{"itemHeaders":[{"itemType":"url","text":"URL","type":"text"},{"itemType":"text","text":"Original","type":"text"},{"itemType":"text","text":"Potential Savings","type":"text"}],"header":"View Details","type":"table","items":[]}},"input-image-alt":{"displayValue":"","score":false,"helpText":"When an image is being used as an `<input>` button, providing alternative text can help screen reader users understand the purpose of the button. [Learn more](https://dequeuniversity.com/rules/axe/2.2/input-image-alt?application=lighthouse).","rawValue":false,"name":"input-image-alt","description":"`<input type=\"image\">` elements do not have `[alt]` text","scoringMode":"binary","informative":true,"notApplicable":true},"uses-http2":{"displayValue":"5 requests were not handled over HTTP/2","score":false,"helpText":"HTTP/2 offers many benefits over HTTP/1.1, including binary headers, multiplexing, and server push. [Learn more](https://developers.google.com/web/tools/lighthouse/audits/http2).","rawValue":false,"extendedInfo":{"value":{"results":[{"protocol":"http/1.1","url":"http://web/"},{"protocol":"http/1.1","url":"http://web/static/js/manifest.9f020e973ae4037504f6.js"},{"protocol":"http/1.1","url":"http://web/static/js/vendor.d1efda22f11e965a5228.js"},{"protocol":"http/1.1","url":"http://web/static/js/app.310cd52123c59f9f64a5.js"},{"protocol":"http/1.1","url":"http://web/static/css/app.a1bcfeb0daa2a3f727390086fd42ee9d.css"}]}},"name":"uses-http2","description":"Does not use HTTP/2 for all of its resources","scoringMode":"binary","details":{"itemHeaders":[{"itemType":"url","text":"URL","type":"text"},{"itemType":"text","text":"Protocol","type":"text"}],"header":"View Details","type":"table","items":[[{"text":"http://web/","type":"url"},{"text":"http/1.1","type":"text"}],[{"text":"http://web/static/js/manifest.9f020e973ae4037504f6.js","type":"url"},{"text":"http/1.1","type":"text"}],[{"text":"http://web/static/js/vendor.d1efda22f11e965a5228.js","type":"url"},{"text":"http/1.1","type":"text"}],[{"text":"http://web/static/js/app.310cd52123c59f9f64a5.js","type":"url"},{"text":"http/1.1","type":"text"}],[{"text":"http://web/static/css/app.a1bcfeb0daa2a3f727390086fd42ee9d.css","type":"url"},{"text":"http/1.1","type":"text"}]]}},"th-has-data-cells":{"displayValue":"","score":false,"helpText":"Screen readers have features to make navigating tables easier. Ensuring table headers always refer to some set of cells may improve the experience for screen reader users. [Learn more](https://dequeuniversity.com/rules/axe/2.2/th-has-data-cells?application=lighthouse).","rawValue":false,"name":"th-has-data-cells","description":"`<th>` elements and elements with `[role=\"columnheader\"/\"rowheader\"]` do not have data cells they describe.","scoringMode":"binary","informative":true,"notApplicable":true},"tabindex":{"displayValue":"","score":true,"helpText":"A value greater than 0 implies an explicit navigation ordering. Although technically valid, this often creates frustrating experiences for users who rely on assistive technologies. [Learn more](https://dequeuniversity.com/rules/axe/2.2/tabindex?application=lighthouse).","rawValue":true,"extendedInfo":{},"name":"tabindex","description":"No element has a `[tabindex]` value greater than 0","scoringMode":"binary","details":{"header":{"text":"View failing elements","type":"text"},"type":"list","items":[]}},"uses-long-cache-ttl":{"displayValue":"0 assets found","score":100,"helpText":"A long cache lifetime can speed up repeat visits to your page. [Learn more](https://developers.google.com/web/fundamentals/performance/optimizing-content-efficiency/http-caching#cache-control).","rawValue":0,"extendedInfo":{"value":{"queryStringCount":0,"results":[]}},"name":"uses-long-cache-ttl","description":"Uses efficient cache policy on static assets","scoringMode":"numeric","details":{"itemHeaders":[{"itemType":"url","text":"URL","type":"text"},{"itemType":"text","text":"Cache TTL","type":"text"},{"itemType":"text","text":"Size (KB)","type":"text"}],"header":"View Details","type":"table","items":[]}},"without-javascript":{"displayValue":"","score":false,"debugString":"The page body should render some content if its scripts are not available.","helpText":"Your app should display some content when JavaScript is disabled, even if it's just a warning to the user that JavaScript is required to use the app. [Learn more](https://developers.google.com/web/tools/lighthouse/audits/no-js).","rawValue":false,"name":"without-javascript","description":"Does not provide fallback content when JavaScript is not available","scoringMode":"binary"},"uses-responsive-images":{"displayValue":"","score":100,"helpText":"Serve images that are appropriately-sized to save cellular data and improve load time. [Learn more](https://developers.google.com/web/tools/lighthouse/audits/oversized-images).","rawValue":0,"extendedInfo":{"value":{"wastedKb":0,"wastedMs":0,"results":[]}},"name":"uses-responsive-images","description":"Properly size images","scoringMode":"binary","informative":true,"details":{"itemHeaders":[{"itemType":"thumbnail","text":"","type":"text"},{"itemType":"url","text":"URL","type":"text"},{"itemType":"text","text":"Original","type":"text"},{"itemType":"text","text":"Potential Savings","type":"text"}],"header":"View Details","type":"table","items":[]}},"frame-title":{"displayValue":"","score":false,"helpText":"Screen reader users rely on frame titles to describe the contents of frames. [Learn more](https://dequeuniversity.com/rules/axe/2.2/frame-title?application=lighthouse).","rawValue":false,"name":"frame-title","description":"`<frame>` or `<iframe>` elements do not have a title","scoringMode":"binary","informative":true,"notApplicable":true},"link-blocking-first-paint":{"displayValue":"","score":100,"helpText":"External stylesheets are blocking the first paint of your page. Consider delivering critical CSS via `<style>` tags and deferring non-critical styles. [Learn more](https://developers.google.com/web/tools/lighthouse/audits/blocking-resources).","rawValue":0,"extendedInfo":{"value":{"wastedMs":"0 ms","results":[]}},"name":"link-blocking-first-paint","description":"Reduce render-blocking stylesheets","scoringMode":"binary","informative":true,"details":{"itemHeaders":[{"itemType":"url","text":"URL","type":"text"},{"itemType":"text","text":"Size (KB)","type":"text"},{"itemType":"text","text":"Delayed Paint By (ms)","type":"text"}],"header":"View Details","type":"table","items":[]}},"mobile-friendly":{"displayValue":"","score":false,"helpText":"Take the [Mobile-Friendly Test](https://search.google.com/test/mobile-friendly) to check for audits not covered by Lighthouse, like sizing tap targets appropriately. [Learn more](https://developers.google.com/search/mobile-sites/).","rawValue":false,"name":"mobile-friendly","description":"Page is mobile friendly","scoringMode":"binary","informative":true,"manual":true},"script-blocking-first-paint":{"displayValue":"","score":100,"helpText":"Script elements are blocking the first paint of your page. Consider inlining critical scripts and deferring non-critical ones. [Learn more](https://developers.google.com/web/tools/lighthouse/audits/blocking-resources).","rawValue":0,"extendedInfo":{"value":{"wastedMs":"0 ms","results":[]}},"name":"script-blocking-first-paint","description":"Reduce render-blocking scripts","scoringMode":"binary","informative":true,"details":{"itemHeaders":[{"itemType":"url","text":"URL","type":"text"},{"itemType":"text","text":"Size (KB)","type":"text"},{"itemType":"text","text":"Delayed Paint By (ms)","type":"text"}],"header":"View Details","type":"table","items":[]}},"managed-focus":{"displayValue":"","score":false,"helpText":"If new content, such as a dialog, is added to the page, the user's focus is directed to it. [Learn more](https://developers.google.com/web/fundamentals/accessibility/how-to-review#start_with_the_keyboard).","rawValue":false,"name":"managed-focus","description":"The user's focus is directed to new content added to the page","scoringMode":"binary","informative":true,"manual":true},"pwa-cross-browser":{"displayValue":"","score":false,"helpText":"To reach the most number of users, sites should work across every major browser. [Learn more](https://developers.google.com/web/progressive-web-apps/checklist#site-works-cross-browser).","rawValue":false,"name":"pwa-cross-browser","description":"Site works cross-browser","scoringMode":"binary","informative":true,"manual":true},"time-to-first-byte":{"displayValue":"","score":null,"debugString":"Audit error: Cannot read property '_timing' of undefined","helpText":"Time To First Byte identifies the time at which your server sends a response. [Learn more](https://developers.google.com/web/tools/chrome-devtools/network-performance/issues).","rawValue":null,"name":"time-to-first-byte","description":"Keep server response times low (TTFB)","scoringMode":"binary","informative":true,"error":true},"video-description":{"displayValue":"","score":false,"helpText":"Audio descriptions provide relevant information for videos that dialogue cannot, such as facial expressions and scenes. [Learn more](https://dequeuniversity.com/rules/axe/2.2/video-description?application=lighthouse).","rawValue":false,"name":"video-description","description":"`<video>` elements do not contain a `<track>` element with `[kind=\"description\"]`.","scoringMode":"binary","informative":true,"notApplicable":true},"document-title":{"displayValue":"","score":true,"helpText":"The title gives screen reader users an overview of the page, and search engine users rely on it heavily to determine if a page is relevant to their search. [Learn more](https://developers.google.com/web/tools/lighthouse/audits/title).","rawValue":true,"extendedInfo":{},"name":"document-title","description":"Document has a `<title>` element","scoringMode":"binary","details":{"header":{"text":"View failing elements","type":"text"},"type":"list","items":[]}},"external-anchors-use-rel-noopener":{"displayValue":"","score":true,"helpText":"Open new tabs using `rel=\"noopener\"` to improve performance and prevent security vulnerabilities. [Learn more](https://developers.google.com/web/tools/lighthouse/audits/noopener).","rawValue":true,"extendedInfo":{"value":[]},"name":"external-anchors-use-rel-noopener","description":"Opens external anchors using `rel=\"noopener\"`","scoringMode":"binary","details":{"itemHeaders":[{"itemType":"url","text":"URL","type":"text"},{"itemType":"text","text":"Target","type":"text"},{"itemType":"text","text":"Rel","type":"text"}],"header":"View Details","type":"table","items":[]}},"total-byte-weight":{"displayValue":"Total size was 400 KB","score":100,"helpText":"Large network payloads cost users real money and are highly correlated with long load times. [Learn more](https://developers.google.com/web/tools/lighthouse/audits/network-payloads).","rawValue":409855,"extendedInfo":{"value":{"totalCompletedRequests":11,"results":[{"totalKb":"227 KB","totalMs":"1,240 ms","totalBytes":232785,"url":"http://web/static/js/vendor.d1efda22f11e965a5228.js"},{"totalKb":"48 KB","totalMs":"260 ms","totalBytes":49163,"url":"https://fonts.gstatic.com/s/materialicons/v37/flUhRq6tzZclQEJ-Vdg-IuiaDsNc.woff2"},{"totalKb":"46 KB","totalMs":"250 ms","totalBytes":47366,"url":"https://cdnjs.cloudflare.com/ajax/libs/Chart.js/2.7.1/Chart.min.js"},{"totalKb":"32 KB","totalMs":"170 ms","totalBytes":32261,"url":"http://web/static/css/app.a1bcfeb0daa2a3f727390086fd42ee9d.css"},{"totalKb":"15 KB","totalMs":"80 ms","totalBytes":15817,"url":"https://fonts.gstatic.com/s/roboto/v18/KFOlCnqEu92Fr1MmEU9fBBc4.woff2"},{"totalKb":"15 KB","totalMs":"80 ms","totalBytes":15461,"url":"https://fonts.gstatic.com/s/roboto/v18/KFOmCnqEu92Fr1Mu4mxK.woff2"},{"totalKb":"12 KB","totalMs":"70 ms","totalBytes":12691,"url":"http://web/static/js/app.310cd52123c59f9f64a5.js"},{"totalKb":"1 KB","totalMs":"10 ms","totalBytes":1524,"url":"https://unpkg.com/vue-chartjs@3.3.2/dist/vue-chartjs.min.js"},{"totalKb":"1 KB","totalMs":"10 ms","totalBytes":1211,"url":"http://web/"},{"totalKb":"1 KB","totalMs":"10 ms","totalBytes":1171,"url":"http://web/static/js/manifest.9f020e973ae4037504f6.js"}]}},"name":"total-byte-weight","description":"Avoids enormous network payloads","scoringMode":"numeric","details":{"itemHeaders":[{"itemType":"url","text":"URL","type":"text"},{"itemType":"text","text":"Total Size","type":"text"},{"itemType":"text","text":"Transfer Time","type":"text"}],"header":"View Details","type":"table","items":[[{"text":"http://web/static/js/vendor.d1efda22f11e965a5228.js","type":"url"},{"text":"227 KB","type":"text"},{"text":"1,240 ms","type":"text"}],[{"text":"https://fonts.gstatic.com/s/materialicons/v37/flUhRq6tzZclQEJ-Vdg-IuiaDsNc.woff2","type":"url"},{"text":"48 KB","type":"text"},{"text":"260 ms","type":"text"}],[{"text":"https://cdnjs.cloudflare.com/ajax/libs/Chart.js/2.7.1/Chart.min.js","type":"url"},{"text":"46 KB","type":"text"},{"text":"250 ms","type":"text"}],[{"text":"http://web/static/css/app.a1bcfeb0daa2a3f727390086fd42ee9d.css","type":"url"},{"text":"32 KB","type":"text"},{"text":"170 ms","type":"text"}],[{"text":"https://fonts.gstatic.com/s/roboto/v18/KFOlCnqEu92Fr1MmEU9fBBc4.woff2","type":"url"},{"text":"15 KB","type":"text"},{"text":"80 ms","type":"text"}],[{"text":"https://fonts.gstatic.com/s/roboto/v18/KFOmCnqEu92Fr1Mu4mxK.woff2","type":"url"},{"text":"15 KB","type":"text"},{"text":"80 ms","type":"text"}],[{"text":"http://web/static/js/app.310cd52123c59f9f64a5.js","type":"url"},{"text":"12 KB","type":"text"},{"text":"70 ms","type":"text"}],[{"text":"https://unpkg.com/vue-chartjs@3.3.2/dist/vue-chartjs.min.js","type":"url"},{"text":"1 KB","type":"text"},{"text":"10 ms","type":"text"}],[{"text":"http://web/","type":"url"},{"text":"1 KB","type":"text"},{"text":"10 ms","type":"text"}],[{"text":"http://web/static/js/manifest.9f020e973ae4037504f6.js","type":"url"},{"text":"1 KB","type":"text"},{"text":"10 ms","type":"text"}]]}},"logical-tab-order":{"displayValue":"","score":false,"helpText":"Tabbing through the page follows the visual layout. Users cannot focus elements that are offscreen. [Learn more](https://developers.google.com/web/fundamentals/accessibility/how-to-review#start_with_the_keyboard).","rawValue":false,"name":"logical-tab-order","description":"The page has a logical tab order","scoringMode":"binary","informative":true,"manual":true},"meta-refresh":{"displayValue":"","score":false,"helpText":"Users do not expect a page to refresh automatically, and doing so will move focus back to the top of the page. This may create a frustrating or confusing experience. [Learn more](https://dequeuniversity.com/rules/axe/2.2/meta-refresh?application=lighthouse).","rawValue":false,"name":"meta-refresh","description":"The document uses `<meta http-equiv=\"refresh\">`","scoringMode":"binary","informative":true,"notApplicable":true},"deprecations":{"displayValue":"","score":true,"helpText":"Deprecated APIs will eventually be removed from the browser. [Learn more](https://www.chromestatus.com/features#deprecated).","rawValue":true,"extendedInfo":{"value":[]},"name":"deprecations","description":"Avoids deprecated APIs","scoringMode":"binary","details":{"itemHeaders":[{"itemType":"code","text":"Deprecation / Warning","type":"text"},{"itemType":"url","text":"URL","type":"text"},{"itemType":"text","text":"Line","type":"text"}],"header":"View Details","type":"table","items":[]}},"network-requests":{"displayValue":"11","score":100,"helpText":"Lists the network requests that were made during page load.","rawValue":11,"extendedInfo":{"value":[{"transferSize":1211,"startTime":0,"endTime":638.9249991625547,"mimeType":"text/html","url":"http://web/","statusCode":200,"resourceType":"document"},{"transferSize":1171,"startTime":755.621999502182,"endTime":1328.4680005162954,"mimeType":"application/javascript","url":"http://web/static/js/manifest.9f020e973ae4037504f6.js","statusCode":200,"resourceType":"script"},{"transferSize":232785,"startTime":755.7720001786947,"endTime":2917.8979992866516,"mimeType":"application/javascript","url":"http://web/static/js/vendor.d1efda22f11e965a5228.js","statusCode":200,"resourceType":"script"},{"transferSize":12691,"startTime":755.9009995311499,"endTime":1470.6410001963377,"mimeType":"application/javascript","url":"http://web/static/js/app.310cd52123c59f9f64a5.js","statusCode":200,"resourceType":"script"},{"transferSize":47366,"startTime":790.370000526309,"endTime":2162.829000502825,"mimeType":"application/javascript","url":"https://cdnjs.cloudflare.com/ajax/libs/Chart.js/2.7.1/Chart.min.js","statusCode":200,"resourceType":"script"},{"transferSize":405,"startTime":790.8159997314215,"endTime":1663.72200101614,"mimeType":"text/plain","url":"https://unpkg.com/vue-chartjs/dist/vue-chartjs.min.js","statusCode":302},{"transferSize":1524,"startTime":1664.8290008306503,"endTime":2258.2770008593798,"mimeType":"application/javascript","url":"https://unpkg.com/vue-chartjs@3.3.2/dist/vue-chartjs.min.js","statusCode":200,"resourceType":"script"},{"transferSize":32261,"startTime":4527.456000447273,"endTime":5278.87500077486,"mimeType":"text/css","url":"http://web/static/css/app.a1bcfeb0daa2a3f727390086fd42ee9d.css","statusCode":200,"resourceType":"stylesheet"},{"transferSize":15461,"startTime":5458.613000810146,"endTime":6342.342000454664,"mimeType":"font/woff2","url":"https://fonts.gstatic.com/s/roboto/v18/KFOmCnqEu92Fr1Mu4mxK.woff2","statusCode":200,"resourceType":"font"},{"transferSize":49163,"startTime":5458.761001005769,"endTime":6524.431999772787,"mimeType":"font/woff2","url":"https://fonts.gstatic.com/s/materialicons/v37/flUhRq6tzZclQEJ-Vdg-IuiaDsNc.woff2","statusCode":200,"resourceType":"font"},{"transferSize":15817,"startTime":5458.878999575973,"endTime":6334.002999588847,"mimeType":"font/woff2","url":"https://fonts.gstatic.com/s/roboto/v18/KFOlCnqEu92Fr1MmEU9fBBc4.woff2","statusCode":200,"resourceType":"font"}]},"name":"network-requests","description":"Network Requests","scoringMode":"binary","informative":true,"details":{"itemHeaders":[{"itemType":"url","text":"URL","type":"text"},{"itemType":"ms","text":"Start Time","type":"text"},{"itemType":"ms","text":"End Time","type":"text"},{"itemType":"bytes","text":"Transfer Size","type":"text"},{"itemType":"text","text":"Status Code","type":"text"},{"itemType":"text","text":"MIME Type","type":"text"},{"itemType":"text","text":"Resource Type","type":"text"}],"header":"View Details","type":"table","items":[[{"text":"http://web/","type":"url"},{"text":0,"type":"ms"},{"text":638.9249991625547,"type":"ms"},{"text":1211,"type":"bytes"},{"text":200,"type":"text"},{"text":"text/html","type":"text"},{"text":"document","type":"text"}],[{"text":"http://web/static/js/manifest.9f020e973ae4037504f6.js","type":"url"},{"text":755.621999502182,"type":"ms"},{"text":1328.4680005162954,"type":"ms"},{"text":1171,"type":"bytes"},{"text":200,"type":"text"},{"text":"application/javascript","type":"text"},{"text":"script","type":"text"}],[{"text":"http://web/static/js/vendor.d1efda22f11e965a5228.js","type":"url"},{"text":755.7720001786947,"type":"ms"},{"text":2917.8979992866516,"type":"ms"},{"text":232785,"type":"bytes"},{"text":200,"type":"text"},{"text":"application/javascript","type":"text"},{"text":"script","type":"text"}],[{"text":"http://web/static/js/app.310cd52123c59f9f64a5.js","type":"url"},{"text":755.9009995311499,"type":"ms"},{"text":1470.6410001963377,"type":"ms"},{"text":12691,"type":"bytes"},{"text":200,"type":"text"},{"text":"application/javascript","type":"text"},{"text":"script","type":"text"}],[{"text":"https://cdnjs.cloudflare.com/ajax/libs/Chart.js/2.7.1/Chart.min.js","type":"url"},{"text":790.370000526309,"type":"ms"},{"text":2162.829000502825,"type":"ms"},{"text":47366,"type":"bytes"},{"text":200,"type":"text"},{"text":"application/javascript","type":"text"},{"text":"script","type":"text"}],[{"text":"https://unpkg.com/vue-chartjs/dist/vue-chartjs.min.js","type":"url"},{"text":790.8159997314215,"type":"ms"},{"text":1663.72200101614,"type":"ms"},{"text":405,"type":"bytes"},{"text":302,"type":"text"},{"text":"text/plain","type":"text"},{"type":"text"}],[{"text":"https://unpkg.com/vue-chartjs@3.3.2/dist/vue-chartjs.min.js","type":"url"},{"text":1664.8290008306503,"type":"ms"},{"text":2258.2770008593798,"type":"ms"},{"text":1524,"type":"bytes"},{"text":200,"type":"text"},{"text":"application/javascript","type":"text"},{"text":"script","type":"text"}],[{"text":"http://web/static/css/app.a1bcfeb0daa2a3f727390086fd42ee9d.css","type":"url"},{"text":4527.456000447273,"type":"ms"},{"text":5278.87500077486,"type":"ms"},{"text":32261,"type":"bytes"},{"text":200,"type":"text"},{"text":"text/css","type":"text"},{"text":"stylesheet","type":"text"}],[{"text":"https://fonts.gstatic.com/s/roboto/v18/KFOmCnqEu92Fr1Mu4mxK.woff2","type":"url"},{"text":5458.613000810146,"type":"ms"},{"text":6342.342000454664,"type":"ms"},{"text":15461,"type":"bytes"},{"text":200,"type":"text"},{"text":"font/woff2","type":"text"},{"text":"font","type":"text"}],[{"text":"https://fonts.gstatic.com/s/materialicons/v37/flUhRq6tzZclQEJ-Vdg-IuiaDsNc.woff2","type":"url"},{"text":5458.761001005769,"type":"ms"},{"text":6524.431999772787,"type":"ms"},{"text":49163,"type":"bytes"},{"text":200,"type":"text"},{"text":"font/woff2","type":"text"},{"text":"font","type":"text"}],[{"text":"https://fonts.gstatic.com/s/roboto/v18/KFOlCnqEu92Fr1MmEU9fBBc4.woff2","type":"url"},{"text":5458.878999575973,"type":"ms"},{"text":6334.002999588847,"type":"ms"},{"text":15817,"type":"bytes"},{"text":200,"type":"text"},{"text":"font/woff2","type":"text"},{"text":"font","type":"text"}]]}},"link-text":{"displayValue":"","score":true,"helpText":"Descriptive link text helps search engines understand your content. [Learn more](https://developers.google.com/web/tools/lighthouse/audits/descriptive-link-text).","rawValue":true,"name":"link-text","description":"Links have descriptive text","scoringMode":"binary","details":{"itemHeaders":[{"itemType":"url","text":"Link destination","type":"text"},{"itemType":"text","text":"Link Text","type":"text"}],"header":"View Details","type":"table","items":[]}},"uses-rel-preload":{"displayValue":"","score":null,"debugString":"Audit error: Unable to identify the main resource","helpText":"Consider using <link rel=preload> to prioritize fetching late-discovered resources sooner [Learn more](https://developers.google.com/web/updates/2016/03/link-rel-preload).","rawValue":null,"name":"uses-rel-preload","description":"Preload key requests","scoringMode":"numeric","informative":true,"error":true},"dlitem":{"displayValue":"","score":false,"helpText":"Definition list items (`<dt>` and `<dd>`) must be wrapped in a parent `<dl>` element to ensure that screen readers can properly announce them. [Learn more](https://dequeuniversity.com/rules/axe/2.2/dlitem?application=lighthouse).","rawValue":false,"name":"dlitem","description":"Definition list items are not wrapped in `<dl>` elements","scoringMode":"binary","informative":true,"notApplicable":true},"uses-optimized-images":{"displayValue":"","score":100,"helpText":"Optimized images load faster and consume less cellular data. [Learn more](https://developers.google.com/web/tools/lighthouse/audits/optimize-images).","rawValue":0,"extendedInfo":{"value":{"wastedKb":0,"wastedMs":0,"results":[]}},"name":"uses-optimized-images","description":"Optimize images","scoringMode":"binary","informative":true,"details":{"itemHeaders":[{"itemType":"thumbnail","text":"","type":"text"},{"itemType":"url","text":"URL","type":"text"},{"itemType":"text","text":"Original","type":"text"},{"itemType":"text","text":"Potential Savings","type":"text"}],"header":"View Details","type":"table","items":[]}},"errors-in-console":{"displayValue":"","score":true,"helpText":"Errors logged to the console indicate unresolved problems. They can come from network request failures and other browser concerns.","rawValue":0,"name":"errors-in-console","description":"No browser errors logged to the console","scoringMode":"binary","details":{"itemHeaders":[{"itemType":"url","text":"URL","type":"text"},{"itemType":"code","text":"Description","type":"text"}],"header":"View Details","type":"table","items":[]}},"video-caption":{"displayValue":"","score":false,"helpText":"When a video provides a caption it is easier for deaf and hearing impaired users to access its information. [Learn more](https://dequeuniversity.com/rules/axe/2.2/video-caption?application=lighthouse).","rawValue":false,"name":"video-caption","description":"`<video>` elements do not contain a `<track>` element with `[kind=\"captions\"]`.","scoringMode":"binary","informative":true,"notApplicable":true},"td-headers-attr":{"displayValue":"","score":false,"helpText":"Screen readers have features to make navigating tables easier. Ensuring `<td>` cells using the `[headers]` attribute only refer to other cells in the same table may improve the experience for screen reader users. [Learn more](https://dequeuniversity.com/rules/axe/2.2/td-headers-attr?application=lighthouse).","rawValue":false,"name":"td-headers-attr","description":"Cells in a `<table>` element that use the `[headers]` attribute refers to other cells of that same table.","scoringMode":"binary","informative":true,"notApplicable":true},"offscreen-content-hidden":{"displayValue":"","score":false,"helpText":"Offscreen content is hidden with display: none or aria-hidden=true. [Learn more](https://developers.google.com/web/fundamentals/accessibility/how-to-review#try_it_with_a_screen_reader).","rawValue":false,"name":"offscreen-content-hidden","description":"Offscreen content is hidden from assistive technology","scoringMode":"binary","informative":true,"manual":true},"no-document-write":{"displayValue":"","score":true,"helpText":"For users on slow connections, external scripts dynamically injected via `document.write()` can delay page load by tens of seconds. [Learn more](https://developers.google.com/web/tools/lighthouse/audits/document-write).","rawValue":true,"extendedInfo":{"value":[]},"name":"no-document-write","description":"Avoids `document.write()`","scoringMode":"binary","details":{"itemHeaders":[{"itemType":"url","text":"URL","type":"text"},{"itemType":"text","text":"Location","type":"text"}],"header":"View Details","type":"table","items":[]}},"aria-valid-attr-value":{"displayValue":"","score":true,"helpText":"Assistive technologies, like screen readers, can't interpret ARIA attributes with invalid values. [Learn more](https://dequeuniversity.com/rules/axe/2.2/aria-valid-attr-value?application=lighthouse).","rawValue":true,"extendedInfo":{},"name":"aria-valid-attr-value","description":"`[aria-*]` attributes have valid values","scoringMode":"binary","details":{"header":{"text":"View failing elements","type":"text"},"type":"list","items":[]}},"pwa-each-page-has-url":{"displayValue":"","score":false,"helpText":"Ensure individual pages are deep linkable via the URLs and that URLs are unique for the purpose of shareability on social media. [Learn more](https://developers.google.com/web/progressive-web-apps/checklist#each-page-has-a-url).","rawValue":false,"name":"pwa-each-page-has-url","description":"Each page has a URL","scoringMode":"binary","informative":true,"manual":true},"custom-controls-roles":{"displayValue":"","score":false,"helpText":"Custom interactive controls have appropriate ARIA roles. [Learn more](https://developers.google.com/web/fundamentals/accessibility/how-to-review#try_it_with_a_screen_reader).","rawValue":false,"name":"custom-controls-roles","description":"Custom controls have ARIA roles","scoringMode":"binary","informative":true,"manual":true},"meta-description":{"displayValue":"","score":false,"helpText":"Meta descriptions may be included in search results to concisely summarize page content. [Learn more](https://developers.google.com/web/tools/lighthouse/audits/description).","rawValue":false,"name":"meta-description","description":"Document does not have a meta description","scoringMode":"binary"},"duplicate-id":{"displayValue":"","score":true,"helpText":"The value of an id attribute must be unique to prevent other instances from being overlooked by assistive technologies. [Learn more](https://dequeuniversity.com/rules/axe/2.2/duplicate-id?application=lighthouse).","rawValue":true,"extendedInfo":{},"name":"duplicate-id","description":"`[id]` attributes on the page are unique","scoringMode":"binary","details":{"header":{"text":"View failing elements","type":"text"},"type":"list","items":[]}},"focusable-controls":{"displayValue":"","score":false,"helpText":"Custom interactive controls are keyboard focusable and display a focus indicator. [Learn more](https://developers.google.com/web/fundamentals/accessibility/how-to-review#start_with_the_keyboard).","rawValue":false,"name":"focusable-controls","description":"Interactive controls are keyboard focusable","scoringMode":"binary","informative":true,"manual":true},"heading-levels":{"displayValue":"","score":false,"helpText":"Headings are used to create an outline for the page and heading levels are not skipped. [Learn more](https://developers.google.com/web/fundamentals/accessibility/how-to-review#take_advantage_of_headings_and_landmarks).","rawValue":false,"name":"heading-levels","description":"Headings don't skip levels","scoringMode":"binary","informative":true,"manual":true},"uses-request-compression":{"displayValue":"","score":100,"helpText":"Text-based responses should be served with compression (gzip, deflate or brotli) to minimize total network bytes. [Learn more](https://developers.google.com/web/fundamentals/performance/optimizing-content-efficiency/optimize-encoding-and-transfer).","rawValue":0,"extendedInfo":{"value":{"wastedKb":0,"wastedMs":0,"results":[]}},"name":"uses-request-compression","description":"Enable text compression","scoringMode":"binary","informative":true,"details":{"itemHeaders":[{"itemType":"url","text":"Uncompressed resource URL","type":"text"},{"itemType":"text","text":"Original","type":"text"},{"itemType":"text","text":"GZIP Savings","type":"text"}],"header":"View Details","type":"table","items":[]}},"appcache-manifest":{"displayValue":"","score":true,"debugString":"","helpText":"Application Cache is deprecated. [Learn more](https://developers.google.com/web/tools/lighthouse/audits/appcache).","rawValue":true,"name":"appcache-manifest","description":"Avoids Application Cache","scoringMode":"binary"},"themed-omnibox":{"displayValue":"","score":false,"debugString":"Failures: No manifest was fetched, No `<meta name=\"theme-color\">` tag found.","helpText":"The browser address bar can be themed to match your site. [Learn more](https://developers.google.com/web/tools/lighthouse/audits/address-bar).","rawValue":false,"extendedInfo":{"value":{"failures":["No manifest was fetched","No `<meta name=\"theme-color\">` tag found"],"themeColor":null,"manifestValues":{"parseFailureReason":"No manifest was fetched","allChecks":[],"isParseFailure":true}}},"name":"themed-omnibox","description":"Address bar does not match brand colors","scoringMode":"binary"},"color-contrast":{"displayValue":"","score":true,"helpText":"Low-contrast text is difficult or impossible for many users to read. [Learn more](https://dequeuniversity.com/rules/axe/2.2/color-contrast?application=lighthouse).","rawValue":true,"extendedInfo":{},"name":"color-contrast","description":"Background and foreground colors have a sufficient contrast ratio","scoringMode":"binary","details":{"header":{"text":"View failing elements","type":"text"},"type":"list","items":[]}},"listitem":{"displayValue":"","score":false,"helpText":"Screen readers require list items (`<li>`) to be contained within a parent `<ul>` or `<ol>` to be announced properly. [Learn more](https://dequeuniversity.com/rules/axe/2.2/listitem?application=lighthouse).","rawValue":false,"name":"listitem","description":"List items (`<li>`) are not contained within `<ul>` or `<ol>` parent elements.","scoringMode":"binary","informative":true,"notApplicable":true},"no-mutation-events":{"displayValue":"","score":true,"helpText":"Mutation Events are deprecated and harm performance. Consider using Mutation Observers instead. [Learn more](https://developers.google.com/web/tools/lighthouse/audits/mutation-events).","rawValue":true,"extendedInfo":{"value":{"results":[]}},"name":"no-mutation-events","description":"Avoids Mutation Events in its own scripts","scoringMode":"binary","details":{"itemHeaders":[{"itemType":"url","text":"URL","type":"text"},{"itemType":"code","text":"Event","type":"text"},{"itemType":"text","text":"Line","type":"text"},{"itemType":"text","text":"Col","type":"text"},{"itemType":"code","text":"Snippet","type":"text"}],"header":"View Details","type":"table","items":[]}},"audio-caption":{"displayValue":"","score":false,"helpText":"Captions make audio elements usable for deaf or hearing-impaired users, providing critical information such as who is talking, what they're saying, and other non-speech information. [Learn more](https://dequeuniversity.com/rules/axe/2.2/audio-caption?application=lighthouse).","rawValue":false,"name":"audio-caption","description":"`<audio>` elements are missing a `<track>` element with `[kind=\"captions\"]`.","scoringMode":"binary","informative":true,"notApplicable":true},"first-meaningful-paint":{"displayValue":"4,520 ms","score":40,"helpText":"First meaningful paint measures when the primary content of a page is visible. [Learn more](https://developers.google.com/web/tools/lighthouse/audits/first-meaningful-paint).","rawValue":4521.8,"extendedInfo":{"value":{"timestamps":{"fCP":8650057715484,"endOfTrace":8650064967436,"fMP":8650057715493,"onLoad":8650058566647,"navStart":8650053193698},"fmpFellBack":false,"timings":{"fCP":4521.786,"endOfTrace":11773.738,"fMP":4521.795,"onLoad":5372.949,"navStart":0}}},"name":"first-meaningful-paint","description":"First meaningful paint","scoringMode":"numeric"},"focus-traps":{"displayValue":"","score":false,"helpText":"A user can tab into and out of any control or region without accidentally trapping their focus. [Learn more](https://developers.google.com/web/fundamentals/accessibility/how-to-review#start_with_the_keyboard).","rawValue":false,"name":"focus-traps","description":"User focus is not accidentally trapped in a region","scoringMode":"binary","informative":true,"manual":true},"aria-allowed-attr":{"displayValue":"","score":true,"helpText":"Each ARIA `role` supports a specific subset of `aria-*` attributes. Mismatching these invalidates the `aria-*` attributes. [Learn more](https://dequeuniversity.com/rules/axe/2.2/aria-allowed-attr?application=lighthouse).","rawValue":true,"extendedInfo":{},"name":"aria-allowed-attr","description":"`[aria-*]` attributes match their roles","scoringMode":"binary","details":{"header":{"text":"View failing elements","type":"text"},"type":"list","items":[]}},"geolocation-on-start":{"displayValue":"","score":true,"helpText":"Users are mistrustful of or confused by sites that request their location without context. Consider tying the request to user gestures instead. [Learn more](https://developers.google.com/web/tools/lighthouse/audits/geolocation-on-load).","rawValue":true,"extendedInfo":{"value":[]},"name":"geolocation-on-start","description":"Avoids requesting the geolocation permission on page load","scoringMode":"binary","details":{"itemHeaders":[{"itemType":"url","text":"URL","type":"text"},{"itemType":"text","text":"Location","type":"text"}],"header":"View Details","type":"table","items":[]}},"image-aspect-ratio":{"displayValue":"","score":true,"helpText":"Image display dimensions should match natural aspect ratio.","rawValue":true,"name":"image-aspect-ratio","description":"Displays images with correct aspect ratio","scoringMode":"binary","details":{"itemHeaders":[{"itemType":"thumbnail","text":"","type":"text"},{"itemType":"url","text":"URL","type":"text"},{"itemType":"text","text":"Aspect Ratio (Displayed)","type":"text"},{"itemType":"text","text":"Aspect Ratio (Actual)","type":"text"}],"header":"View Details","type":"table","items":[]}},"valid-lang":{"displayValue":"","score":false,"helpText":"Specifying a valid [BCP 47 language](https://www.w3.org/International/questions/qa-choosing-language-tags#question) on elements helps ensure that text is pronounced correctly by a screen reader. [Learn more](https://dequeuniversity.com/rules/axe/2.2/valid-lang?application=lighthouse).","rawValue":false,"name":"valid-lang","description":"`[lang]` attributes do not have a valid value","scoringMode":"binary","informative":true,"notApplicable":true},"html-has-lang":{"displayValue":"","score":false,"helpText":"If a page doesn't specify a lang attribute, a screen reader assumes that the page is in the default language that the user chose when setting up the screen reader. If the page isn't actually in the default language, then the screen reader might not announce the page's text correctly. [Learn more](https://dequeuniversity.com/rules/axe/2.2/html-lang?application=lighthouse).","rawValue":false,"extendedInfo":{"value":{"help":"<html> element must have a lang attribute","nodes":[{"failureSummary":"Fix any of the following:\n  The <html> element does not have a lang attribute","snippet":"<html>","path":"1,HTML","impact":"serious","html":"<html>","target":["html"]}],"impact":"serious","description":"Ensures every HTML document has a lang attribute","helpUrl":"https://dequeuniversity.com/rules/axe/3.0/html-has-lang?application=axeAPI","id":"html-has-lang","tags":["cat.language","wcag2a","wcag311"]}},"name":"html-has-lang","description":"`<html>` element does not have a `[lang]` attribute","scoringMode":"binary","details":{"header":{"text":"View failing elements","type":"text"},"type":"list","items":[{"snippet":"<html>","path":"1,HTML","selector":"html","type":"node"}]}},"unminified-javascript":{"displayValue":"","score":100,"helpText":"Minifying JavaScript files can reduce payload sizes and script parse time. [Learn more](https://developers.google.com/speed/docs/insights/MinifyResources).","rawValue":0,"extendedInfo":{"value":{"wastedKb":0,"wastedMs":0,"results":[]}},"name":"unminified-javascript","description":"Minify JavaScript","scoringMode":"binary","informative":true,"details":{"itemHeaders":[{"itemType":"url","text":"URL","type":"text"},{"itemType":"text","text":"Original","type":"text"},{"itemType":"text","text":"Potential Savings","type":"text"}],"header":"View Details","type":"table","items":[]}},"object-alt":{"displayValue":"","score":false,"helpText":"Screen readers cannot translate non-text content. Adding alt text to `<object>` elements helps screen readers convey meaning to users. [Learn more](https://dequeuniversity.com/rules/axe/2.2/object-alt?application=lighthouse).","rawValue":false,"name":"object-alt","description":"`<object>` elements do not have `[alt]` text","scoringMode":"binary","informative":true,"notApplicable":true},"accesskeys":{"displayValue":"","score":false,"helpText":"Access keys let users quickly focus a part of the page. For proper navigation, each access key must be unique. [Learn more](https://dequeuniversity.com/rules/axe/2.2/accesskeys?application=lighthouse).","rawValue":false,"name":"accesskeys","description":"`[accesskey]` values are not unique","scoringMode":"binary","informative":true,"notApplicable":true},"image-alt":{"displayValue":"","score":false,"helpText":"Informative elements should aim for short, descriptive alternate text. Decorative elements can be ignored with an empty alt attribute.[Learn more](https://dequeuniversity.com/rules/axe/2.2/image-alt?application=lighthouse).","rawValue":false,"name":"image-alt","description":"Image elements do not have `[alt]` attributes","scoringMode":"binary","informative":true,"notApplicable":true},"notification-on-start":{"displayValue":"","score":true,"helpText":"Users are mistrustful of or confused by sites that request to send notifications without context. Consider tying the request to user gestures instead. [Learn more](https://developers.google.com/web/tools/lighthouse/audits/notifications-on-load).","rawValue":true,"extendedInfo":{"value":[]},"name":"notification-on-start","description":"Avoids requesting the notification permission on page load","scoringMode":"binary","details":{"itemHeaders":[{"itemType":"url","text":"URL","type":"text"},{"itemType":"text","text":"Location","type":"text"}],"header":"View Details","type":"table","items":[]}},"unused-css-rules":{"displayValue":"Potential savings of 35 KB (~190 ms)","score":90,"helpText":"Remove unused rules from stylesheets to reduce unnecessary bytes consumed by network activity. [Learn more](https://developers.google.com/speed/docs/insights/OptimizeCSSDelivery)","rawValue":190,"extendedInfo":{"value":{"wastedKb":35,"wastedMs":190,"results":[{"wastedKb":"29 KB","totalKb":"32 KB","wastedMs":"160 ms","totalMs":"170 ms","potentialSavings":"29 KB (93%)","totalBytes":32261,"wastedPercent":92.80281987684556,"wastedBytes":29939,"url":"http://web/static/css/app.a1bcfeb0daa2a3f727390086fd42ee9d.css"},{"wastedKb":"5 KB","totalKb":"6 KB","wastedMs":"30 ms","totalMs":"30 ms","potentialSavings":"5 KB (98%)","totalBytes":5722,"wastedPercent":98.2698357217756,"wastedBytes":5623,"url":{"text":"a { color: #1976d2; } ...","type":"code"}}]}},"name":"unused-css-rules","description":"Unused CSS rules","scoringMode":"binary","informative":true,"details":{"itemHeaders":[{"itemType":"url","text":"URL","type":"text"},{"itemType":"text","text":"Original","type":"text"},{"itemType":"text","text":"Potential Savings","type":"text"}],"header":"View Details","type":"table","items":[[{"text":"http://web/static/css/app.a1bcfeb0daa2a3f727390086fd42ee9d.css","type":"url"},{"text":"32 KB","type":"text"},{"text":"29 KB (93%)","type":"text"}],[{"text":"a { color: #1976d2; } ...","type":"code"},{"text":"6 KB","type":"text"},{"text":"5 KB (98%)","type":"text"}]]}},"structured-data":{"displayValue":"","score":false,"helpText":"Run the [Structured Data Testing Tool](https://search.google.com/structured-data/testing-tool/) and the [Structured Data Linter](http://linter.structured-data.org/) to validate structured data. [Learn more](https://developers.google.com/search/docs/guides/mark-up-content).","rawValue":false,"name":"structured-data","description":"Structured data is valid","scoringMode":"binary","informative":true,"manual":true},"content-width":{"displayValue":"","score":true,"debugString":"","helpText":"If the width of your app's content doesn't match the width of the viewport, your app might not be optimized for mobile screens. [Learn more](https://developers.google.com/web/tools/lighthouse/audits/content-sized-correctly-for-viewport).","rawValue":true,"name":"content-width","description":"Content is sized correctly for the viewport","scoringMode":"binary"},"mainthread-work-breakdown":{"displayValue":"2,800 ms","score":true,"helpText":"Consider reducing the time spent parsing, compiling and executing JS.You may find delivering smaller JS payloads helps with this.","rawValue":2799.5130100250244,"extendedInfo":{"value":{"Update Layer Tree":108.97500228881836,"Layout":432.32500076293945,"Recalculate Style":503.69400215148926,"Evaluate Script":1296.8040027618408,"Animation Frame Fired":8.261001586914062,"Minor GC":82.69900131225586,"Run Microtasks":63.02199935913086,"Parse HTML":62.446001052856445,"Paint":41.383995056152344,"Compile Script":44.90999984741211,"Composite Layers":77.99400329589844,"Parse Stylesheet":76.9990005493164}},"name":"mainthread-work-breakdown","description":"Main thread work breakdown","scoringMode":"binary","informative":true,"details":{"itemHeaders":[{"itemType":"text","text":"Category","type":"text"},{"itemType":"text","text":"Work","type":"text"},{"itemType":"text","text":"Time spent","type":"text"}],"header":"View Details","type":"table","items":[[{"text":"Script Evaluation","type":"text"},{"text":"Evaluate Script","type":"text"},{"text":"1,297 ms","type":"text"}],[{"text":"Script Evaluation","type":"text"},{"text":"Run Microtasks","type":"text"},{"text":"63 ms","type":"text"}],[{"text":"Script Evaluation","type":"text"},{"text":"Animation Frame Fired","type":"text"},{"text":"8 ms","type":"text"}],[{"text":"Style & Layout","type":"text"},{"text":"Recalculate Style","type":"text"},{"text":"504 ms","type":"text"}],[{"text":"Style & Layout","type":"text"},{"text":"Layout","type":"text"},{"text":"432 ms","type":"text"}],[{"text":"Compositing","type":"text"},{"text":"Update Layer Tree","type":"text"},{"text":"109 ms","type":"text"}],[{"text":"Compositing","type":"text"},{"text":"Composite Layers","type":"text"},{"text":"78 ms","type":"text"}],[{"text":"Parsing HTML & CSS","type":"text"},{"text":"Parse Stylesheet","type":"text"},{"text":"77 ms","type":"text"}],[{"text":"Parsing HTML & CSS","type":"text"},{"text":"Parse HTML","type":"text"},{"text":"62 ms","type":"text"}],[{"text":"Garbage collection","type":"text"},{"text":"Minor GC","type":"text"},{"text":"83 ms","type":"text"}],[{"text":"Script Parsing & Compile","type":"text"},{"text":"Compile Script","type":"text"},{"text":"45 ms","type":"text"}],[{"text":"Paint","type":"text"},{"text":"Paint","type":"text"},{"text":"41 ms","type":"text"}]]}},"canonical":{"displayValue":"","score":null,"debugString":"Audit error: Unable to identify the main resource","helpText":"Canonical links suggest which URL to show in search results. [Learn more](https://developers.google.com/web/tools/lighthouse/audits/canonical).","rawValue":null,"name":"canonical","description":"Document does not have a valid `rel=canonical`","scoringMode":"binary","error":true},"bootup-time":{"displayValue":"1,570 ms","score":true,"helpText":"Consider reducing the time spent parsing, compiling, and executing JS. You may find delivering smaller JS payloads helps with this. [Learn more](https://developers.google.com/web/lighthouse/audits/bootup).","rawValue":1573.503999710083,"extendedInfo":{"value":{"http://web/static/js/app.310cd52123c59f9f64a5.js":{"Script Evaluation":1173.697998046875,"Script Parsing & Compile":22.533000946044922},"http://web/static/js/vendor.d1efda22f11e965a5228.js":{"Style & Layout":178.41699981689453,"Script Parsing & Compile":14.004999160766602,"Script Evaluation":9.45100212097168},"https://unpkg.com/vue-chartjs@3.3.2/dist/vue-chartjs.min.js":{"Script Evaluation":6.445001602172852,"Script Parsing & Compile":4.004999160766602},"https://cdnjs.cloudflare.com/ajax/libs/Chart.js/2.7.1/Chart.min.js":{"Style & Layout":0.8509998321533203,"Script Evaluation":90.19700050354004,"Script Parsing & Compile":0.5679988861083984},"http://web/static/js/manifest.9f020e973ae4037504f6.js":{"Script Parsing & Compile":2.184000015258789,"Script Evaluation":1.4300003051757812},"http://web/":{"Style & Layout":0.0989990234375,"Script Evaluation":7.028999328613281,"Script Parsing & Compile":0.14599990844726562},"http://web/#/":{"Parsing HTML & CSS":62.446001052856445}}},"name":"bootup-time","description":"JavaScript boot-up time","scoringMode":"binary","details":{"itemHeaders":[{"itemType":"url","text":"URL","type":"text"},{"itemType":"text","text":"Script Evaluation","type":"text"},{"itemType":"text","text":"Script Parsing & Compile","type":"text"}],"header":"View Details","type":"table","items":[[{"text":"http://web/static/js/app.310cd52123c59f9f64a5.js","type":"url"},{"text":"1,174 ms","type":"text"},{"text":"23 ms","type":"text"}],[{"text":"https://cdnjs.cloudflare.com/ajax/libs/Chart.js/2.7.1/Chart.min.js","type":"url"},{"text":"90 ms","type":"text"},{"text":"1 ms","type":"text"}],[{"text":"http://web/static/js/vendor.d1efda22f11e965a5228.js","type":"url"},{"text":"9 ms","type":"text"},{"text":"14 ms","type":"text"}],[{"text":"https://unpkg.com/vue-chartjs@3.3.2/dist/vue-chartjs.min.js","type":"url"},{"text":"6 ms","type":"text"},{"text":"4 ms","type":"text"}]]}},"list":{"displayValue":"","score":false,"helpText":"Screen readers have a specific way of announcing lists. Ensuring proper list structure aids screen reader output. [Learn more](https://dequeuniversity.com/rules/axe/2.2/list?application=lighthouse).","rawValue":false,"name":"list","description":"Lists do not contain only `<li>` elements and script supporting elements (`<script>` and `<template>`).","scoringMode":"binary","informative":true,"notApplicable":true},"hreflang":{"displayValue":"","score":null,"debugString":"Audit error: Unable to identify the main resource","helpText":"hreflang allows crawlers to discover alternate translations of the page content. [Learn more](https://support.google.com/webmasters/answer/189077).","rawValue":null,"name":"hreflang","description":"Document doesn't have a valid `hreflang`","scoringMode":"binary","error":true},"is-crawlable":{"displayValue":"","score":null,"debugString":"Audit error: Unable to identify the main resource","helpText":"Search engines are unable to include your pages in search results if they don't have permission to crawl them. [Learn more](https://developers.google.com/web/tools/lighthouse/audits/indexing).","rawValue":null,"name":"is-crawlable","description":"Page is blocked from indexing","scoringMode":"binary","error":true},"service-worker":{"displayValue":"","score":false,"helpText":"The service worker is the technology that enables your app to use many Progressive Web App features, such as offline, add to homescreen, and push notifications. [Learn more](https://developers.google.com/web/tools/lighthouse/audits/registered-service-worker).","rawValue":false,"name":"service-worker","description":"Does not register a service worker","scoringMode":"binary"},"use-landmarks":{"displayValue":"","score":false,"helpText":"Landmark elements (<main>, <nav>, etc.) are used to improve the keyboard navigation of the page for assistive technology. [Learn more](https://developers.google.com/web/fundamentals/accessibility/how-to-review#take_advantage_of_headings_and_landmarks).","rawValue":false,"name":"use-landmarks","description":"HTML5 landmark elements are used to improve navigation","scoringMode":"binary","informative":true,"manual":true},"critical-request-chains":{"displayValue":"","score":null,"debugString":"Audit error: Unable to identify the main resource","helpText":"The Critical Request Chains below show you what resources are issued with a high priority. Consider reducing the length of chains, reducing the download size of resources, or deferring the download of unnecessary resources to improve page load. [Learn more](https://developers.google.com/web/tools/lighthouse/audits/critical-request-chains).","rawValue":null,"name":"critical-request-chains","description":"Critical Request Chains","scoringMode":"binary","informative":true,"error":true},"consistently-interactive":{"displayValue":"6,460 ms","score":71,"helpText":"Consistently Interactive marks the time at which the page is fully interactive. [Learn more](https://developers.google.com/web/tools/lighthouse/audits/consistently-interactive).","rawValue":6460.149,"extendedInfo":{"value":{"timeInMs":6460.149,"cpuQuietPeriod":{"start":8.650059653847E9,"end":8.650064967436E9},"networkQuietPeriods":[{"start":8.650059532223999E9,"end":8.650064967436E9}],"networkQuietPeriod":{"start":8.650059532223999E9,"end":8.650064967436E9},"cpuQuietPeriods":[{"start":8.650059653847E9,"end":8.650064967436E9}],"timestamp":8650059653847}},"name":"consistently-interactive","description":"Consistently Interactive (beta)","scoringMode":"numeric"},"pwa-page-transitions":{"displayValue":"","score":false,"helpText":"Transitions should feel snappy as you tap around, even on a slow network, a key to perceived performance. [Learn more](https://developers.google.com/web/progressive-web-apps/checklist#page-transitions-dont-feel-like-they-block-on-the-network).","rawValue":false,"name":"pwa-page-transitions","description":"Page transitions don't feel like they block on the network","scoringMode":"binary","informative":true,"manual":true},"user-timings":{"displayValue":"0","score":true,"helpText":"Consider instrumenting your app with the User Timing API to create custom, real-world measurements of key user experiences. [Learn more](https://developers.google.com/web/tools/lighthouse/audits/user-timing).","rawValue":true,"extendedInfo":{"value":[]},"name":"user-timings","description":"User Timing marks and measures","scoringMode":"binary","informative":true,"details":{"itemHeaders":[{"itemType":"text","text":"Name","type":"text"},{"itemType":"text","text":"Type","type":"text"},{"itemType":"text","text":"Time","type":"text"}],"header":"View Details","type":"table","items":[]}},"manifest-short-name-length":{"displayValue":"","score":false,"helpText":"Make your app's `short_name` fewer than 12 characters to ensure that it's not truncated on homescreens. [Learn more](https://developers.google.com/web/tools/lighthouse/audits/manifest-short_name-is-not-truncated).","rawValue":false,"name":"manifest-short-name-length","description":"Manifest's `short_name` will be truncated when displayed on homescreen","scoringMode":"binary"},"no-vulnerable-libraries":{"displayValue":"","score":true,"helpText":"Some third-party scripts may contain known security vulnerabilities  that are easily identified and exploited by attackers.","rawValue":true,"name":"no-vulnerable-libraries","description":"Avoids front-end JavaScript libraries with known security vulnerabilities","scoringMode":"binary"},"font-size":{"displayValue":"","score":true,"debugString":null,"helpText":"Font sizes less than 12px are too small to be legible and require mobile visitors to \u201cpinch to zoom\u201d in order to read. Strive to have >60% of page text ≥12px. [Learn more](https://developers.google.com/web/tools/lighthouse/audits/font-sizes).","rawValue":true,"name":"font-size","description":"Document uses legible font sizes","scoringMode":"binary","details":{"itemHeaders":[{"itemType":"url","text":"Source","type":"text"},{"itemType":"code","text":"Selector","type":"text"},{"itemType":"text","text":"% of Page Text","type":"text"},{"itemType":"text","text":"Font Size","type":"text"}],"header":"View Details","type":"table","items":[[{"text":"Legible text","type":"url"},{"text":null,"type":"code"},{"text":"100.00%","type":"text"},{"text":"≥ 12px","type":"text"}]]}},"aria-valid-attr":{"displayValue":"","score":true,"helpText":"Assistive technologies, like screen readers, can't interpret ARIA attributes with invalid names. [Learn more](https://dequeuniversity.com/rules/axe/2.2/aria-valid-attr?application=lighthouse).","rawValue":true,"extendedInfo":{},"name":"aria-valid-attr","description":"`[aria-*]` attributes are valid and not misspelled","scoringMode":"binary","details":{"header":{"text":"View failing elements","type":"text"},"type":"list","items":[]}},"aria-required-attr":{"displayValue":"","score":false,"helpText":"Some ARIA roles have required attributes that describe the state of the element to screen readers. [Learn more](https://dequeuniversity.com/rules/axe/2.2/aria-required-attr?application=lighthouse).","rawValue":false,"name":"aria-required-attr","description":"`[role]`s do not have all required `[aria-*]` attributes","scoringMode":"binary","informative":true,"notApplicable":true},"aria-roles":{"displayValue":"","score":false,"helpText":"ARIA roles must have valid values in order to perform their intended accessibility functions. [Learn more](https://dequeuniversity.com/rules/axe/2.2/aria-roles?application=lighthouse).","rawValue":false,"name":"aria-roles","description":"`[role]` values are not valid","scoringMode":"binary","informative":true,"notApplicable":true},"redirects-http":{"displayValue":"","score":false,"helpText":"If you've already set up HTTPS, make sure that you redirect all HTTP traffic to HTTPS. [Learn more](https://developers.google.com/web/tools/lighthouse/audits/http-redirects-to-https).","rawValue":false,"name":"redirects-http","description":"Does not redirect HTTP traffic to HTTPS","scoringMode":"binary"},"aria-required-children":{"displayValue":"","score":false,"helpText":"Some ARIA parent roles must contain specific child roles to perform their intended accessibility functions. [Learn more](https://dequeuniversity.com/rules/axe/2.2/aria-required-children?application=lighthouse).","rawValue":false,"name":"aria-required-children","description":"Elements with `[role]` that require specific children `[role]`s, are missing.","scoringMode":"binary","informative":true,"notApplicable":true},"dom-size":{"displayValue":"94 nodes","score":100,"helpText":"Browser engineers recommend pages contain fewer than ~1,500 DOM nodes. The sweet spot is a tree depth < 32 elements and fewer than 60 children/parent element. A large DOM can increase memory usage, cause longer [style calculations](https://developers.google.com/web/fundamentals/performance/rendering/reduce-the-scope-and-complexity-of-style-calculations), and produce costly [layout reflows](https://developers.google.com/speed/articles/reflow). [Learn more](https://developers.google.com/web/fundamentals/performance/rendering/).","rawValue":94,"extendedInfo":{"value":[{"title":"Total DOM Nodes","value":"94","target":"< 1,500 nodes"},{"snippet":"html >\n  body >\n    main >\n      div#inspire.application.theme--dark >\n        div.application--wrap >\n          aside.navigation-drawer.navigation-drawer--clipped.navigation-drawer--close.navigation-drawer--fixed.navigation-drawer--is-mobile >\n            div.list >\n              div >\n                div.list__tile >\n                  div.input-group.input-group--dirty.input-group--selection-controls.switch.accent--text >\n                    div.input-group__input >\n                      div.input-group--selection-controls__container >\n                        div.input-group--selection-controls__toggle.input-group--selection-controls__toggle--active","title":"DOM Depth","value":"13","target":"< 32"},{"snippet":"Element with most children:\nhead","title":"Maximum Children","value":"8","target":"< 60 nodes"}]},"name":"dom-size","description":"Avoids an excessive DOM size","scoringMode":"numeric","details":{"header":{"text":"View details","type":"text"},"type":"cards","items":[{"title":"Total DOM Nodes","value":"94","target":"< 1,500 nodes"},{"snippet":"html >\n  body >\n    main >\n      div#inspire.application.theme--dark >\n        div.application--wrap >\n          aside.navigation-drawer.navigation-drawer--clipped.navigation-drawer--close.navigation-drawer--fixed.navigation-drawer--is-mobile >\n            div.list >\n              div >\n                div.list__tile >\n                  div.input-group.input-group--dirty.input-group--selection-controls.switch.accent--text >\n                    div.input-group__input >\n                      div.input-group--selection-controls__container >\n                        div.input-group--selection-controls__toggle.input-group--selection-controls__toggle--active","title":"DOM Depth","value":"13","target":"< 32"},{"snippet":"Element with most children:\nhead","title":"Maximum Children","value":"8","target":"< 60 nodes"}]}},"no-websql":{"displayValue":"","score":true,"debugString":"","helpText":"Web SQL is deprecated. Consider using IndexedDB instead. [Learn more](https://developers.google.com/web/tools/lighthouse/audits/web-sql).","rawValue":true,"name":"no-websql","description":"Avoids WebSQL DB","scoringMode":"binary"},"webapp-install-banner":{"displayValue":"","score":false,"debugString":"Failures: No manifest was fetched, Site does not register a service worker, Service worker does not successfully serve the manifest's start_url, No usable web app manifest found on page.","helpText":"Browsers can proactively prompt users to add your app to their homescreen, which can lead to higher engagement. [Learn more](https://developers.google.com/web/tools/lighthouse/audits/install-prompt).","rawValue":false,"extendedInfo":{"value":{"failures":["No manifest was fetched","Site does not register a service worker","Service worker does not successfully serve the manifest's start_url","No usable web app manifest found on page"],"warnings":["No usable web app manifest found on page"],"manifestValues":{"parseFailureReason":"No manifest was fetched","allChecks":[],"isParseFailure":true}}},"name":"webapp-install-banner","description":"User will not be prompted to Install the Web App","scoringMode":"binary"},"uses-passive-event-listeners":{"displayValue":"","score":true,"helpText":"Consider marking your touch and wheel event listeners as `passive` to improve your page's scroll performance. [Learn more](https://developers.google.com/web/tools/lighthouse/audits/passive-event-listeners).","rawValue":true,"extendedInfo":{"value":[]},"name":"uses-passive-event-listeners","description":"Uses passive listeners to improve scrolling performance","scoringMode":"binary","details":{"itemHeaders":[{"itemType":"url","text":"URL","type":"text"},{"itemType":"text","text":"Location","type":"text"}],"header":"View Details","type":"table","items":[]}},"screenshot-thumbnails":{"displayValue":"true","score":100,"helpText":"This is what the load of your site looked like.","rawValue":true,"name":"screenshot-thumbnails","description":"Screenshot Thumbnails","scoringMode":"binary","informative":true,"details":{"scale":6606,"type":"filmstrip","items":[{"data":"/9j/4AAQSkZJRgABAQAAAQABAAD/2wCEAAMCAgMCAgMDAwMEAwMEBQgFBQQEBQoHBwYIDAoMDAsKCwsNDhIQDQ4RDgsLEBYQERMUFRUVDA8XGBYUGBIUFRQBAwQEBQQFCQUFCRQNCw0UFBQUFBQUFBQUFBQUFBQUFBQUFBQUFBQUFBQUFBQUFBQUFBQUFBQUFBQUFBQUFBQUFP/AABEIANUAeAMBEQACEQEDEQH/xAGiAAABBQEBAQEBAQAAAAAAAAAAAQIDBAUGBwgJCgsQAAIBAwMCBAMFBQQEAAABfQECAwAEEQUSITFBBhNRYQcicRQygZGhCCNCscEVUtHwJDNicoIJChYXGBkaJSYnKCkqNDU2Nzg5OkNERUZHSElKU1RVVldYWVpjZGVmZ2hpanN0dXZ3eHl6g4SFhoeIiYqSk5SVlpeYmZqio6Slpqeoqaqys7S1tre4ubrCw8TFxsfIycrS09TV1tfY2drh4uPk5ebn6Onq8fLz9PX29/j5+gEAAwEBAQEBAQEBAQAAAAAAAAECAwQFBgcICQoLEQACAQIEBAMEBwUEBAABAncAAQIDEQQFITEGEkFRB2FxEyIygQgUQpGhscEJIzNS8BVictEKFiQ04SXxFxgZGiYnKCkqNTY3ODk6Q0RFRkdISUpTVFVWV1hZWmNkZWZnaGlqc3R1dnd4eXqCg4SFhoeIiYqSk5SVlpeYmZqio6Slpqeoqaqys7S1tre4ubrCw8TFxsfIycrS09TV1tfY2dri4+Tl5ufo6ery8/T19vf4+fr/2gAMAwEAAhEDEQA/AP1ToAKACgAoAKACgAoAKACgAoAKACgAoAKACgAoAKACgAoAKACgAoAKACgAoAKACgAoAKACgAoAKACgAoAKACgAoAKACgAoAKACgAoAKACgAoAKACgAoAKACgAoAKACgAoAKACgAoAKACgAoAKACgAoAKACgAoAKACgAoAKACgAoAKACgAoAKACgAoAKACgAoAKACgAoAKACgAoAKACgAoAKACgAoAKACgAoAKACgAoAKACgAoAKACgAoAKACgAoAKACgAoAKACgAoAKACgAoAKACgAoAKACgAoAKACgAoAKACgAoAKACgAoAKACgAoAKACgAoAKACgAoAKACgAoAKACgAoAKACgAoAKACgAoAKACgAoAKACgAoAKACgAoAKACgAoAKACgAoAKACgAoAKACgAoAKACgAoAKACgAoAKACgAoAKACgAoAKACgAoAKACgAoAKACgAoAKACgAoAKACgAoAKACgAoAKACgAoAKACgAoAKACgAoAKACgAoAKACgAoAKACgAoAKACgAoAKACgAoAKACgAoAKACgAoAKACgAoAKACgAoAKACgAoAKACgAoAKACgAoAKACgAoAKACgAoAKACgAoAKACgAoAKACgAoAKACgAoAKACgAoAKACgAoAKACgAoAKACgAoAKACgAoAKACgAoAKACgAoAKACgAoAKACgAoAKACgAoAKACgAoAKACgAoAKACgAoAKACgAoAKACgAoAKACgAoAKACgAoAKACgAoAKACgAoAKACgAoAKACgAoAKACgAoAKACgAoAKACgAoAKACgAoAKACgAoAKACgAoAKACgAoAKACgAoAKACgAoAKACgAoAKACgAoAKACgAoAKACgAoAKACgAoAKACgAoAKACgAoAKACgAoAKACgAoAKACgAoAKACgAoAKACgAoAKACgAoAKACgAoAKACgAoAKACgD//Z","timing":661,"timestamp":8650053854298},{"data":"/9j/4AAQSkZJRgABAQAAAQABAAD/2wCEAAMCAgMCAgMDAwMEAwMEBQgFBQQEBQoHBwYIDAoMDAsKCwsNDhIQDQ4RDgsLEBYQERMUFRUVDA8XGBYUGBIUFRQBAwQEBQQFCQUFCRQNCw0UFBQUFBQUFBQUFBQUFBQUFBQUFBQUFBQUFBQUFBQUFBQUFBQUFBQUFBQUFBQUFBQUFP/AABEIANUAeAMBEQACEQEDEQH/xAGiAAABBQEBAQEBAQAAAAAAAAAAAQIDBAUGBwgJCgsQAAIBAwMCBAMFBQQEAAABfQECAwAEEQUSITFBBhNRYQcicRQygZGhCCNCscEVUtHwJDNicoIJChYXGBkaJSYnKCkqNDU2Nzg5OkNERUZHSElKU1RVVldYWVpjZGVmZ2hpanN0dXZ3eHl6g4SFhoeIiYqSk5SVlpeYmZqio6Slpqeoqaqys7S1tre4ubrCw8TFxsfIycrS09TV1tfY2drh4uPk5ebn6Onq8fLz9PX29/j5+gEAAwEBAQEBAQEBAQAAAAAAAAECAwQFBgcICQoLEQACAQIEBAMEBwUEBAABAncAAQIDEQQFITEGEkFRB2FxEyIygQgUQpGhscEJIzNS8BVictEKFiQ04SXxFxgZGiYnKCkqNTY3ODk6Q0RFRkdISUpTVFVWV1hZWmNkZWZnaGlqc3R1dnd4eXqCg4SFhoeIiYqSk5SVlpeYmZqio6Slpqeoqaqys7S1tre4ubrCw8TFxsfIycrS09TV1tfY2dri4+Tl5ufo6ery8/T19vf4+fr/2gAMAwEAAhEDEQA/AP1ToAKACgAoAKACgAoAKACgAoAKACgAoAKACgAoAKACgAoAKACgAoAKACgAoAKACgAoAKACgAoAKACgAoAKACgAoAKACgAoAKACgAoAKACgAoAKACgAoAKACgAoAKACgAoAKACgAoAKACgAoAKACgAoAKACgAoAKACgAoAKACgAoAKACgAoAKACgAoAKACgAoAKACgAoAKACgAoAKACgAoAKACgAoAKACgAoAKACgAoAKACgAoAKACgAoAKACgAoAKACgAoAKACgAoAKACgAoAKACgAoAKACgAoAKACgAoAKACgAoAKACgAoAKACgAoAKACgAoAKACgAoAKACgAoAKACgAoAKACgAoAKACgAoAKACgAoAKACgAoAKACgAoAKACgAoAKACgAoAKACgAoAKACgAoAKACgAoAKACgAoAKACgAoAKACgAoAKACgAoAKACgAoAKACgAoAKACgAoAKACgAoAKACgAoAKACgAoAKACgAoAKACgAoAKACgAoAKACgAoAKACgAoAKACgAoAKACgAoAKACgAoAKACgAoAKACgAoAKACgAoAKACgAoAKACgAoAKACgAoAKACgAoAKACgAoAKACgAoAKACgAoAKACgAoAKACgAoAKACgAoAKACgAoAKACgAoAKACgAoAKACgAoAKACgAoAKACgAoAKACgAoAKACgAoAKACgAoAKACgAoAKACgAoAKACgAoAKACgAoAKACgAoAKACgAoAKACgAoAKACgAoAKACgAoAKACgAoAKACgAoAKACgAoAKACgAoAKACgAoAKACgAoAKACgAoAKACgAoAKACgAoAKACgAoAKACgAoAKACgAoAKACgAoAKACgAoAKACgAoAKACgAoAKACgAoAKACgAoAKACgAoAKACgAoAKACgAoAKACgAoAKACgAoAKACgAoAKACgAoAKACgAoAKACgD//Z","timing":1321,"timestamp":8.650054514898001E12},{"data":"/9j/4AAQSkZJRgABAQAAAQABAAD/2wCEAAMCAgMCAgMDAwMEAwMEBQgFBQQEBQoHBwYIDAoMDAsKCwsNDhIQDQ4RDgsLEBYQERMUFRUVDA8XGBYUGBIUFRQBAwQEBQQFCQUFCRQNCw0UFBQUFBQUFBQUFBQUFBQUFBQUFBQUFBQUFBQUFBQUFBQUFBQUFBQUFBQUFBQUFBQUFP/AABEIANUAeAMBEQACEQEDEQH/xAGiAAABBQEBAQEBAQAAAAAAAAAAAQIDBAUGBwgJCgsQAAIBAwMCBAMFBQQEAAABfQECAwAEEQUSITFBBhNRYQcicRQygZGhCCNCscEVUtHwJDNicoIJChYXGBkaJSYnKCkqNDU2Nzg5OkNERUZHSElKU1RVVldYWVpjZGVmZ2hpanN0dXZ3eHl6g4SFhoeIiYqSk5SVlpeYmZqio6Slpqeoqaqys7S1tre4ubrCw8TFxsfIycrS09TV1tfY2drh4uPk5ebn6Onq8fLz9PX29/j5+gEAAwEBAQEBAQEBAQAAAAAAAAECAwQFBgcICQoLEQACAQIEBAMEBwUEBAABAncAAQIDEQQFITEGEkFRB2FxEyIygQgUQpGhscEJIzNS8BVictEKFiQ04SXxFxgZGiYnKCkqNTY3ODk6Q0RFRkdISUpTVFVWV1hZWmNkZWZnaGlqc3R1dnd4eXqCg4SFhoeIiYqSk5SVlpeYmZqio6Slpqeoqaqys7S1tre4ubrCw8TFxsfIycrS09TV1tfY2dri4+Tl5ufo6ery8/T19vf4+fr/2gAMAwEAAhEDEQA/AP1ToAKACgAoAKACgAoAKACgAoAKACgAoAKACgAoAKACgAoAKACgAoAKACgAoAKACgAoAKACgAoAKACgAoAKACgAoAKACgAoAKACgAoAKACgAoAKACgAoAKACgAoAKACgAoAKACgAoAKACgAoAKACgAoAKACgAoAKACgAoAKACgAoAKACgAoAKACgAoAKACgAoAKACgAoAKACgAoAKACgAoAKACgAoAKACgAoAKACgAoAKACgAoAKACgAoAKACgAoAKACgAoAKACgAoAKACgAoAKACgAoAKACgAoAKACgAoAKACgAoAKACgAoAKACgAoAKACgAoAKACgAoAKACgAoAKACgAoAKACgAoAKACgAoAKACgAoAKACgAoAKACgAoAKACgAoAKACgAoAKACgAoAKACgAoAKACgAoAKACgAoAKACgAoAKACgAoAKACgAoAKACgAoAKACgAoAKACgAoAKACgAoAKACgAoAKACgAoAKACgAoAKACgAoAKACgAoAKACgAoAKACgAoAKACgAoAKACgAoAKACgAoAKACgAoAKACgAoAKACgAoAKACgAoAKACgAoAKACgAoAKACgAoAKACgAoAKACgAoAKACgAoAKACgAoAKACgAoAKACgAoAKACgAoAKACgAoAKACgAoAKACgAoAKACgAoAKACgAoAKACgAoAKACgAoAKACgAoAKACgAoAKACgAoAKACgAoAKACgAoAKACgAoAKACgAoAKACgAoAKACgAoAKACgAoAKACgAoAKACgAoAKACgAoAKACgAoAKACgAoAKACgAoAKACgAoAKACgAoAKACgAoAKACgAoAKACgAoAKACgAoAKACgAoAKACgAoAKACgAoAKACgAoAKACgAoAKACgAoAKACgAoAKACgAoAKACgAoAKACgAoAKACgAoAKACgAoAKACgAoAKACgAoAKACgD//Z","timing":1982,"timestamp":8.650055175497999E12},{"data":"/9j/4AAQSkZJRgABAQAAAQABAAD/2wCEAAMCAgMCAgMDAwMEAwMEBQgFBQQEBQoHBwYIDAoMDAsKCwsNDhIQDQ4RDgsLEBYQERMUFRUVDA8XGBYUGBIUFRQBAwQEBQQFCQUFCRQNCw0UFBQUFBQUFBQUFBQUFBQUFBQUFBQUFBQUFBQUFBQUFBQUFBQUFBQUFBQUFBQUFBQUFP/AABEIANUAeAMBEQACEQEDEQH/xAGiAAABBQEBAQEBAQAAAAAAAAAAAQIDBAUGBwgJCgsQAAIBAwMCBAMFBQQEAAABfQECAwAEEQUSITFBBhNRYQcicRQygZGhCCNCscEVUtHwJDNicoIJChYXGBkaJSYnKCkqNDU2Nzg5OkNERUZHSElKU1RVVldYWVpjZGVmZ2hpanN0dXZ3eHl6g4SFhoeIiYqSk5SVlpeYmZqio6Slpqeoqaqys7S1tre4ubrCw8TFxsfIycrS09TV1tfY2drh4uPk5ebn6Onq8fLz9PX29/j5+gEAAwEBAQEBAQEBAQAAAAAAAAECAwQFBgcICQoLEQACAQIEBAMEBwUEBAABAncAAQIDEQQFITEGEkFRB2FxEyIygQgUQpGhscEJIzNS8BVictEKFiQ04SXxFxgZGiYnKCkqNTY3ODk6Q0RFRkdISUpTVFVWV1hZWmNkZWZnaGlqc3R1dnd4eXqCg4SFhoeIiYqSk5SVlpeYmZqio6Slpqeoqaqys7S1tre4ubrCw8TFxsfIycrS09TV1tfY2dri4+Tl5ufo6ery8/T19vf4+fr/2gAMAwEAAhEDEQA/AP1ToAKACgAoAKACgAoAKACgAoAKACgAoAKACgAoAKACgAoAKACgAoAKACgAoAKACgAoAKACgAoAKACgAoAKACgAoAKACgAoAKACgAoAKACgAoAKACgAoAKACgAoAKACgAoAKACgAoAKACgAoAKACgAoAKACgAoAKACgAoAKACgAoAKACgAoAKACgAoAKACgAoAKACgAoAKACgAoAKACgAoAKACgAoAKACgAoAKACgAoAKACgAoAKACgAoAKACgAoAKACgAoAKACgAoAKACgAoAKACgAoAKACgAoAKACgAoAKACgAoAKACgAoAKACgAoAKACgAoAKACgAoAKACgAoAKACgAoAKACgAoAKACgAoAKACgAoAKACgAoAKACgAoAKACgAoAKACgAoAKACgAoAKACgAoAKACgAoAKACgAoAKACgAoAKACgAoAKACgAoAKACgAoAKACgAoAKACgAoAKACgAoAKACgAoAKACgAoAKACgAoAKACgAoAKACgAoAKACgAoAKACgAoAKACgAoAKACgAoAKACgAoAKACgAoAKACgAoAKACgAoAKACgAoAKACgAoAKACgAoAKACgAoAKACgAoAKACgAoAKACgAoAKACgAoAKACgAoAKACgAoAKACgAoAKACgAoAKACgAoAKACgAoAKACgAoAKACgAoAKACgAoAKACgAoAKACgAoAKACgAoAKACgAoAKACgAoAKACgAoAKACgAoAKACgAoAKACgAoAKACgAoAKACgAoAKACgAoAKACgAoAKACgAoAKACgAoAKACgAoAKACgAoAKACgAoAKACgAoAKACgAoAKACgAoAKACgAoAKACgAoAKACgAoAKACgAoAKACgAoAKACgAoAKACgAoAKACgAoAKACgAoAKACgAoAKACgAoAKACgAoAKACgAoAKACgAoAKACgAoAKACgAoAKACgD//Z","timing":2642,"timestamp":8650055836098},{"data":"/9j/4AAQSkZJRgABAQAAAQABAAD/2wCEAAMCAgMCAgMDAwMEAwMEBQgFBQQEBQoHBwYIDAoMDAsKCwsNDhIQDQ4RDgsLEBYQERMUFRUVDA8XGBYUGBIUFRQBAwQEBQQFCQUFCRQNCw0UFBQUFBQUFBQUFBQUFBQUFBQUFBQUFBQUFBQUFBQUFBQUFBQUFBQUFBQUFBQUFBQUFP/AABEIANUAeAMBEQACEQEDEQH/xAGiAAABBQEBAQEBAQAAAAAAAAAAAQIDBAUGBwgJCgsQAAIBAwMCBAMFBQQEAAABfQECAwAEEQUSITFBBhNRYQcicRQygZGhCCNCscEVUtHwJDNicoIJChYXGBkaJSYnKCkqNDU2Nzg5OkNERUZHSElKU1RVVldYWVpjZGVmZ2hpanN0dXZ3eHl6g4SFhoeIiYqSk5SVlpeYmZqio6Slpqeoqaqys7S1tre4ubrCw8TFxsfIycrS09TV1tfY2drh4uPk5ebn6Onq8fLz9PX29/j5+gEAAwEBAQEBAQEBAQAAAAAAAAECAwQFBgcICQoLEQACAQIEBAMEBwUEBAABAncAAQIDEQQFITEGEkFRB2FxEyIygQgUQpGhscEJIzNS8BVictEKFiQ04SXxFxgZGiYnKCkqNTY3ODk6Q0RFRkdISUpTVFVWV1hZWmNkZWZnaGlqc3R1dnd4eXqCg4SFhoeIiYqSk5SVlpeYmZqio6Slpqeoqaqys7S1tre4ubrCw8TFxsfIycrS09TV1tfY2dri4+Tl5ufo6ery8/T19vf4+fr/2gAMAwEAAhEDEQA/AP1ToAKACgAoAKACgAoAKACgAoAKACgAoAKACgAoAKACgAoAKACgAoAKACgAoAKACgAoAKACgAoAKACgAoAKACgAoAKACgAoAKACgAoAKACgAoAKACgAoAKACgAoAKACgAoAKACgAoAKACgAoAKACgAoAKACgAoAKACgAoAKACgAoAKACgAoAKACgAoAKACgAoAKACgAoAKACgAoAKACgAoAKACgAoAKACgAoAKACgAoAKACgAoAKACgAoAKACgAoAKACgAoAKACgAoAKACgAoAKACgAoAKACgAoAKACgAoAKACgAoAKACgAoAKACgAoAKACgAoAKACgAoAKACgAoAKACgAoAKACgAoAKACgAoAKACgAoAKACgAoAKACgAoAKACgAoAKACgAoAKACgAoAKACgAoAKACgAoAKACgAoAKACgAoAKACgAoAKACgAoAKACgAoAKACgAoAKACgAoAKACgAoAKACgAoAKACgAoAKACgAoAKACgAoAKACgAoAKACgAoAKACgAoAKACgAoAKACgAoAKACgAoAKACgAoAKACgAoAKACgAoAKACgAoAKACgAoAKACgAoAKACgAoAKACgAoAKACgAoAKACgAoAKACgAoAKACgAoAKACgAoAKACgAoAKACgAoAKACgAoAKACgAoAKACgAoAKACgAoAKACgAoAKACgAoAKACgAoAKACgAoAKACgAoAKACgAoAKACgAoAKACgAoAKACgAoAKACgAoAKACgAoAKACgAoAKACgAoAKACgAoAKACgAoAKACgAoAKACgAoAKACgAoAKACgAoAKACgAoAKACgAoAKACgAoAKACgAoAKACgAoAKACgAoAKACgAoAKACgAoAKACgAoAKACgAoAKACgAoAKACgAoAKACgAoAKACgAoAKACgAoAKACgAoAKACgAoAKACgAoAKACgAoAKACgD//Z","timing":3303,"timestamp":8650056496698},{"data":"/9j/4AAQSkZJRgABAQAAAQABAAD/2wCEAAMCAgMCAgMDAwMEAwMEBQgFBQQEBQoHBwYIDAoMDAsKCwsNDhIQDQ4RDgsLEBYQERMUFRUVDA8XGBYUGBIUFRQBAwQEBQQFCQUFCRQNCw0UFBQUFBQUFBQUFBQUFBQUFBQUFBQUFBQUFBQUFBQUFBQUFBQUFBQUFBQUFBQUFBQUFP/AABEIANUAeAMBEQACEQEDEQH/xAGiAAABBQEBAQEBAQAAAAAAAAAAAQIDBAUGBwgJCgsQAAIBAwMCBAMFBQQEAAABfQECAwAEEQUSITFBBhNRYQcicRQygZGhCCNCscEVUtHwJDNicoIJChYXGBkaJSYnKCkqNDU2Nzg5OkNERUZHSElKU1RVVldYWVpjZGVmZ2hpanN0dXZ3eHl6g4SFhoeIiYqSk5SVlpeYmZqio6Slpqeoqaqys7S1tre4ubrCw8TFxsfIycrS09TV1tfY2drh4uPk5ebn6Onq8fLz9PX29/j5+gEAAwEBAQEBAQEBAQAAAAAAAAECAwQFBgcICQoLEQACAQIEBAMEBwUEBAABAncAAQIDEQQFITEGEkFRB2FxEyIygQgUQpGhscEJIzNS8BVictEKFiQ04SXxFxgZGiYnKCkqNTY3ODk6Q0RFRkdISUpTVFVWV1hZWmNkZWZnaGlqc3R1dnd4eXqCg4SFhoeIiYqSk5SVlpeYmZqio6Slpqeoqaqys7S1tre4ubrCw8TFxsfIycrS09TV1tfY2dri4+Tl5ufo6ery8/T19vf4+fr/2gAMAwEAAhEDEQA/AP1ToAKACgAoAKACgAoAKACgAoAKACgAoAKACgAoAKACgAoAKACgAoAKACgAoAKACgAoAKACgAoAKACgAoAKACgAoAKACgAoAKACgAoAKACgAoAKACgAoAKACgAoAKACgAoAKACgAoAKACgAoAKACgAoAKACgAoAKACgAoAKACgAoAKACgAoAKACgAoAKACgAoAKACgAoAKACgAoAKACgAoAKACgAoAKACgAoAKACgAoAKACgAoAKACgAoAKACgAoAKACgAoAKACgAoAKACgAoAKACgAoAKACgAoAKACgAoAKACgAoAKACgAoAKACgAoAKACgAoAKACgAoAKACgAoAKACgAoAKACgAoAKACgAoAKACgAoAKACgAoAKACgAoAKACgAoAKACgAoAKACgAoAKACgAoAKACgAoAKACgAoAKACgAoAKACgAoAKACgAoAKACgAoAKACgAoAKACgAoAKACgAoAKACgAoAKACgAoAKACgAoAKACgAoAKACgAoAKACgAoAKACgAoAKACgAoAKACgAoAKACgAoAKACgAoAKACgAoAKACgAoAKACgAoAKACgAoAKACgAoAKACgAoAKACgAoAKACgAoAKACgAoAKACgAoAKACgAoAKACgAoAKACgAoAKACgAoAKACgAoAKACgAoAKACgAoAKACgAoAKACgAoAKACgAoAKACgAoAKACgAoAKACgAoAKACgAoAKACgAoAKACgAoAKACgAoAKACgAoAKACgAoAKACgAoAKACgAoAKACgAoAKACgAoAKACgAoAKACgAoAKACgAoAKACgAoAKACgAoAKACgAoAKACgAoAKACgAoAKACgAoAKACgAoAKACgAoAKACgAoAKACgAoAKACgAoAKACgAoAKACgAoAKACgAoAKACgAoAKACgAoAKACgAoAKACgAoAKACgAoAKACgAoAKACgD//Z","timing":3964,"timestamp":8650057157298},{"data":"/9j/4AAQSkZJRgABAQAAAQABAAD/2wCEAAMCAgMCAgMDAwMEAwMEBQgFBQQEBQoHBwYIDAoMDAsKCwsNDhIQDQ4RDgsLEBYQERMUFRUVDA8XGBYUGBIUFRQBAwQEBQQFCQUFCRQNCw0UFBQUFBQUFBQUFBQUFBQUFBQUFBQUFBQUFBQUFBQUFBQUFBQUFBQUFBQUFBQUFBQUFP/AABEIANUAeAMBEQACEQEDEQH/xAGiAAABBQEBAQEBAQAAAAAAAAAAAQIDBAUGBwgJCgsQAAIBAwMCBAMFBQQEAAABfQECAwAEEQUSITFBBhNRYQcicRQygZGhCCNCscEVUtHwJDNicoIJChYXGBkaJSYnKCkqNDU2Nzg5OkNERUZHSElKU1RVVldYWVpjZGVmZ2hpanN0dXZ3eHl6g4SFhoeIiYqSk5SVlpeYmZqio6Slpqeoqaqys7S1tre4ubrCw8TFxsfIycrS09TV1tfY2drh4uPk5ebn6Onq8fLz9PX29/j5+gEAAwEBAQEBAQEBAQAAAAAAAAECAwQFBgcICQoLEQACAQIEBAMEBwUEBAABAncAAQIDEQQFITEGEkFRB2FxEyIygQgUQpGhscEJIzNS8BVictEKFiQ04SXxFxgZGiYnKCkqNTY3ODk6Q0RFRkdISUpTVFVWV1hZWmNkZWZnaGlqc3R1dnd4eXqCg4SFhoeIiYqSk5SVlpeYmZqio6Slpqeoqaqys7S1tre4ubrCw8TFxsfIycrS09TV1tfY2dri4+Tl5ufo6ery8/T19vf4+fr/2gAMAwEAAhEDEQA/AP0bk8LeMEuh9l8ZJFaC8SXyp9KjlcWyxQKYA+4cs8cz+YwYjz8Y+RSQDrtMt57TTrWG5unvriOJEkuXRUaVgoBcqoABJycAYGeKALVABQAUAFABQAUAFABQAUAFABQAUAFABQAUAFABQAUAFABQAUAFABQAUAFABQAUAFABQAUAFABQAUAFABQAUAFABQAUAFABQAUAFABQAUAFABQAUAFABQAUAFABQAUAFABQAUAFACZ5xQAZGcd6AFoAKACgAoAKACgAoAKACgAoAKACgAoA8AbVfiFqEGl3Wja9oL2kFwbHVBNfwzbbgSxCKFJAD+9kHyOrcgynbuOwgA7zwHq+q2WrXll4h1fTrqG7mCaTIs8azzPGji4hMSjG6MxliQxOTICsYQAgHftOoYr1cLu2jrj6daAATI2MMDkkZBHUHH8xQAi3CMMgjGCScg4x1H1oAZp9/b6rYW97ZzR3NpcRrLDPC4dJEYZVlYEgggggg4INAFigAoAKACgAoAKACgAoAKAOF1j4PeEvFt/omq6npZvL/RpvtGmXM0syyWT/ALrJjywKZMEeQMA/N2dsgDdG+B3grw9pVrYadoUFrHaQS29rOjN9ptY5FdXWG4z5sWRI4Gxxt3HbigB+ifBfwj4c059O03TGtdMa8hvxYLdTm3ininSeIxRlysSrJGjbEAU4AIIoAst8JfC5Piwpp8kLeKgo1d4LyeJ7jClRhlcGP5SR8hXrQBj3v7O/w+1O4vJ73w5BdyXieXcCeWWRJB9qN2cozlcm4YyFsZJOCSOKAO60PRrTw5oun6Tp8XkWFhbx2tvFuLbI0UKq5YknAAGSSaAL1ABQAUAFABQAUAFABQAUAFABQAUAFABQAUAFABQAUAFABQAUAFABQAUAJuoFfWwbqAuAOaBi0AFABQAUAFABQAUAFABQAUAFABQByaS6/f6Wk1hPZf6RCjQTzRO/UZDsoZCQwK/LwRzyeldj+rNt6nn2xe2hXv8A/hODph+xHRV1EeWy/aVlMX3Y/MU7efvGXB9FTI5JEr6u90waxS2aNfTU8Qf27eG9fTv7H2D7MsMb/aC2TkuSduMbcYHr0xgxP2XKuS9zal7fm/ebG7WB1BQAUARiZec4XHXJppNkOaWjYvmqDjIz9aLMHOK6jftCEkBlJXBIz0H+Qfyos+qDnjrZiC6jP8QHtmnyvsQqsHrckVg6gggg9xSasap31Q6kMKACgAoA8ttfEXirw3YQWVxYJKIFENuLKwe4Msa+UiFmMyBGJlAwQANrMSEBau14eLfuzT+Vv8zzFi3b3qbXzv8AohsvxI15bS9mi02/ma0PMI8OTK8yllCmPdcBTkMGwSCAGyBg1Twm3vrXzGsZ/wBO39x0XhvVvEuvSasJVt9LWyvXtI/tWmyD7Qqqh81D5/KEsQD329jkDmqU+TlfNe6vp0v09TrpVOe6tazsbX2XX/8AoJ6b/wCC6T/4/WJuH2XX/wDoJ6b/AOC6T/4/QAfZdf8A+gnpv/guk/8Aj9AFQ+EoL+++26wUvbuPasfl+ZHCoDBlYRF2UOCPv9ccdK2hVnCPKmc86EJy5mMPw80JnspPs03m2f8AqZftMvmAbGQqW3bmUhjlWJBOGIyAar6xU7kfVqbdyS08CaPY209rBahLSaaO4aDcxVXRlZNoJ+VVKKQq4A7Dml7ed076r9RrDxSa6MSz+H2h6ejLb2rxhoEtm/fOxaNCxVSSckDew57YHQACvrFS/Nfrf8v8hfVafLym9a20dnbxwRLtijUIi+gAwBXO227s6klFJIlpDCgAoAKAPM/CfijTLvw1p3k+HJb1Ft1jeeJrMozL8j8mYc70IIPIIwQDTuKxb1Txfomj6ebzUPDcllatJFCJLp7KJGeWTZGoZpwuXchQM5JYAZJpDLNxr9hYxNJP4RuoYYwS8kos1RADzkmbA6Z/H3oA0YJre4hjlTwnOUkUOvy2vQ9P+WtAD/3P/QpT/wDfNr/8doAP3P8A0KU//fNr/wDHaAKP9la5dyXUmmzjw9aSW/lRWr28RkimyT5wKl0YEbV2kZ4JyOjaxnTS1WpjUhU5vdlobPh6x1eyN6dV1CO/864aWARxeX5EZxti77sYzu4znoKU3F25VYdNSSfO7mxiszQWgYUAFABQAUAFAHlFp+zT4R022uYrCbWLJrkYmki1KQlwZzPINrEqA7vLnao+WaRV2hsUAbCfA7wrH4Qm8MLb3C6JK0Tm2S4ZCrRtuRlkUh1ZWCsGDAhlBB9QDF0f9l34faBYvZ6fpc9pbM2Qkd3KNn7qSH5fm+U7JXG4YP3TnKqQAep2lstpbRQKSyxoEBbqQBigCagAoAKACgAoAKACgAoAKACgAoA4A/G3w0YfFjRTS3M3hm9isL+CFA0hlkKqixrnMjMzbFjHzuw2qrFk3AGndfEK3hj1VYdNv7y80ydreexhWMTFgYTlCzhGBjuIpAA+SG243gpQBZ1PxvbaJLdpf2V/AsLxokkVubhZQyFt48rcUQbWUtKEAKnnBBIBneHvizofivWb7TNLTUJ7mxnS3uGl0+eGNHaKOTG90A3ASoGT76kNuUbSaAJbn4o6Lptle3eoLe2FvZTtDcyPZySpbgCNvMleIOkaFJo5NzlQqFi23Y+0Ap3Hxj0Ox8R6zpN7Ff2R0y4W0a5e1MkU8zRW8gSMx7juxd26gOFLtIFTcQcAG34e8d6N4o1C9stPmuHuLOaaCTz7KeBHaKQxy+W8iKsoVxtLRlgMjnkZAOgoAKACgAoAKACgAoAKAK8thbTxSRSQRvHIwZ1ZQQxGME+p4H5UAO+xwbg3kpkcg7Rx824/qAfrQA06fatIZDbxNISGLlASSBgEnuQCRn3oAclnBHKJEhRHC7Qyrg444+nA/IUALHawxMGSJFIzghQMZOT+ZA/KgBPscGxl8lNrDDDb14xz+HFADxEinIUA8849eTQA+gAoAKACgAoAKACgAoAKACgAoAKACgAoAKACgAoAKACgAoAKACgAoAKACgAoAKACgAoAKACgAoAKACgAoAKACgAoAKACgAoAKACgAoAKACgAoAKACgAoAKACgAoAKACgAoAKACgAoAKACgAoAKACgAoAKACgAoAKACgAoAKACgAoAKACgAoAKACgAoAKACgAoAKACgAoAKACgAoAKACgAoAKACgAoAKACgAoAKACgAoAKACgAoAKACgAoAKACgAoAKACgAoAKACgAoAKACgAoAKACgAoAKACgAoAKACgAoAKACgAoAKACgAoAKACgAoAKACgAoAKACgAoAKACgAoAKACgAoAKACgAoAKACgAoAKACgAoAKACgAoAKACgAoAKACgAoAKACgAoAKACgAoAKACgAoAKACgAoAKACgAoAKACgAoAKACgAoA//9k=","timing":4624,"timestamp":8.650057817898001E12},{"data":"/9j/4AAQSkZJRgABAQAAAQABAAD/2wCEAAMCAgMCAgMDAwMEAwMEBQgFBQQEBQoHBwYIDAoMDAsKCwsNDhIQDQ4RDgsLEBYQERMUFRUVDA8XGBYUGBIUFRQBAwQEBQQFCQUFCRQNCw0UFBQUFBQUFBQUFBQUFBQUFBQUFBQUFBQUFBQUFBQUFBQUFBQUFBQUFBQUFBQUFBQUFP/AABEIANUAeAMBEQACEQEDEQH/xAGiAAABBQEBAQEBAQAAAAAAAAAAAQIDBAUGBwgJCgsQAAIBAwMCBAMFBQQEAAABfQECAwAEEQUSITFBBhNRYQcicRQygZGhCCNCscEVUtHwJDNicoIJChYXGBkaJSYnKCkqNDU2Nzg5OkNERUZHSElKU1RVVldYWVpjZGVmZ2hpanN0dXZ3eHl6g4SFhoeIiYqSk5SVlpeYmZqio6Slpqeoqaqys7S1tre4ubrCw8TFxsfIycrS09TV1tfY2drh4uPk5ebn6Onq8fLz9PX29/j5+gEAAwEBAQEBAQEBAQAAAAAAAAECAwQFBgcICQoLEQACAQIEBAMEBwUEBAABAncAAQIDEQQFITEGEkFRB2FxEyIygQgUQpGhscEJIzNS8BVictEKFiQ04SXxFxgZGiYnKCkqNTY3ODk6Q0RFRkdISUpTVFVWV1hZWmNkZWZnaGlqc3R1dnd4eXqCg4SFhoeIiYqSk5SVlpeYmZqio6Slpqeoqaqys7S1tre4ubrCw8TFxsfIycrS09TV1tfY2dri4+Tl5ufo6ery8/T19vf4+fr/2gAMAwEAAhEDEQA/AP0bk8LeMEuh9l8ZJFaC8SXyp9KjlcWyxQKYA+4cs8cz+YwYjz8Y+RSQDrtMt57TTrWG5unvriOJEkuXRUaVgoBcqoABJycAYGeKALVABQAUAFABQAUAFABQAUAFABQAUAFABQAUAFABQAUAFABQAUAFABQAUAFABQAUAFABQAUAFABQAUAFABQAUAFABQAUAFABQAUAFABQAUAFABQAUAFABQAUAFABQAUAFABQAUAFACZ5xQAZGcd6AFoAKACgAoAKACgAoAKACgAoAKACgAoA8AbVfiFqEGl3Wja9oL2kFwbHVBNfwzbbgSxCKFJAD+9kHyOrcgynbuOwgA7zwHq+q2WrXll4h1fTrqG7mCaTIs8azzPGji4hMSjG6MxliQxOTICsYQAgHftOoYr1cLu2jrj6daAATI2MMDkkZBHUHH8xQAi3CMMgjGCScg4x1H1oAZp9/b6rYW97ZzR3NpcRrLDPC4dJEYZVlYEgggggg4INAFigAoAKACgAoAKACgAoAKAOF1j4PeEvFt/omq6npZvL/RpvtGmXM0syyWT/ALrJjywKZMEeQMA/N2dsgDdG+B3grw9pVrYadoUFrHaQS29rOjN9ptY5FdXWG4z5sWRI4Gxxt3HbigB+ifBfwj4c059O03TGtdMa8hvxYLdTm3ininSeIxRlysSrJGjbEAU4AIIoAst8JfC5Piwpp8kLeKgo1d4LyeJ7jClRhlcGP5SR8hXrQBj3v7O/w+1O4vJ73w5BdyXieXcCeWWRJB9qN2cozlcm4YyFsZJOCSOKAO60PRrTw5oun6Tp8XkWFhbx2tvFuLbI0UKq5YknAAGSSaAL1ABQAUAFABQAUAFABQAUAFABQAUAFABQAUAFABQAUAFABQAUAFABQAUAJuoFfWwbqAuAOaBi0AFABQAUAFABQAUAFABQAUAFABQByaS6/f6Wk1hPZf6RCjQTzRO/UZDsoZCQwK/LwRzyeldj+rNt6nn2xe2hXv8A/hODph+xHRV1EeWy/aVlMX3Y/MU7efvGXB9FTI5JEr6u90waxS2aNfTU8Qf27eG9fTv7H2D7MsMb/aC2TkuSduMbcYHr0xgxP2XKuS9zal7fm/ebG7WB1BQAUARiZec4XHXJppNkOaWjYvmqDjIz9aLMHOK6jftCEkBlJXBIz0H+Qfyos+qDnjrZiC6jP8QHtmnyvsQqsHrckVg6gggg9xSasap31Q6kMKACgAoA8ttfEXirw3YQWVxYJKIFENuLKwe4Msa+UiFmMyBGJlAwQANrMSEBau14eLfuzT+Vv8zzFi3b3qbXzv8AohsvxI15bS9mi02/ma0PMI8OTK8yllCmPdcBTkMGwSCAGyBg1Twm3vrXzGsZ/wBO39x0XhvVvEuvSasJVt9LWyvXtI/tWmyD7Qqqh81D5/KEsQD329jkDmqU+TlfNe6vp0v09TrpVOe6tazsbX2XX/8AoJ6b/wCC6T/4/WJuH2XX/wDoJ6b/AOC6T/4/QAfZdf8A+gnpv/guk/8Aj9AFQ+EoL+++26wUvbuPasfl+ZHCoDBlYRF2UOCPv9ccdK2hVnCPKmc86EJy5mMPw80JnspPs03m2f8AqZftMvmAbGQqW3bmUhjlWJBOGIyAar6xU7kfVqbdyS08CaPY209rBahLSaaO4aDcxVXRlZNoJ+VVKKQq4A7Dml7ed076r9RrDxSa6MSz+H2h6ejLb2rxhoEtm/fOxaNCxVSSckDew57YHQACvrFS/Nfrf8v8hfVafLym9a20dnbxwRLtijUIi+gAwBXO227s6klFJIlpDCgAoAKAPM/CfijTLvw1p3k+HJb1Ft1jeeJrMozL8j8mYc70IIPIIwQDTuKxb1Txfomj6ebzUPDcllatJFCJLp7KJGeWTZGoZpwuXchQM5JYAZJpDLNxr9hYxNJP4RuoYYwS8kos1RADzkmbA6Z/H3oA0YJre4hjlTwnOUkUOvy2vQ9P+WtAD/3P/QpT/wDfNr/8doAP3P8A0KU//fNr/wDHaAKP9la5dyXUmmzjw9aSW/lRWr28RkimyT5wKl0YEbV2kZ4JyOjaxnTS1WpjUhU5vdlobPh6x1eyN6dV1CO/864aWARxeX5EZxti77sYzu4znoKU3F25VYdNSSfO7mxiszQWgYUAFABQAUAFAHlFp+zT4R022uYrCbWLJrkYmki1KQlwZzPINrEqA7vLnao+WaRV2hsUAbCfA7wrH4Qm8MLb3C6JK0Tm2S4ZCrRtuRlkUh1ZWCsGDAhlBB9QDF0f9l34faBYvZ6fpc9pbM2Qkd3KNn7qSH5fm+U7JXG4YP3TnKqQAep2lstpbRQKSyxoEBbqQBigCagAoAKACgAoAKACgAoAKACgAoA4A/G3w0YfFjRTS3M3hm9isL+CFA0hlkKqixrnMjMzbFjHzuw2qrFk3AGndfEK3hj1VYdNv7y80ydreexhWMTFgYTlCzhGBjuIpAA+SG243gpQBZ1PxvbaJLdpf2V/AsLxokkVubhZQyFt48rcUQbWUtKEAKnnBBIBneHvizofivWb7TNLTUJ7mxnS3uGl0+eGNHaKOTG90A3ASoGT76kNuUbSaAJbn4o6Lptle3eoLe2FvZTtDcyPZySpbgCNvMleIOkaFJo5NzlQqFi23Y+0Ap3Hxj0Ox8R6zpN7Ff2R0y4W0a5e1MkU8zRW8gSMx7juxd26gOFLtIFTcQcAG34e8d6N4o1C9stPmuHuLOaaCTz7KeBHaKQxy+W8iKsoVxtLRlgMjnkZAOgoAKACgAoAKACgAoAKAK8thbTxSRSQRvHIwZ1ZQQxGME+p4H5UAO+xwbg3kpkcg7Rx824/qAfrQA06fatIZDbxNISGLlASSBgEnuQCRn3oAclnBHKJEhRHC7Qyrg444+nA/IUALHawxMGSJFIzghQMZOT+ZA/KgBPscGxl8lNrDDDb14xz+HFADxEinIUA8849eTQA+gAoAKACgAoAKACgAoAKACgAoAKACgAoAKACgAoAKACgAoAKACgAoAKACgAoAKACgAoAKACgAoAKACgAoAKACgAoAKACgAoAKACgAoAKACgAoAKACgAoAKACgAoAKACgAoAKACgAoAKACgAoAKACgAoAKACgAoAKACgAoAKACgAoAKACgAoAKACgAoAKACgAoAKACgAoAKACgAoAKACgAoAKACgAoAKACgAoAKACgAoAKACgAoAKACgAoAKACgAoAKACgAoAKACgAoAKACgAoAKACgAoAKACgAoAKACgAoAKACgAoAKACgAoAKACgAoAKACgAoAKACgAoAKACgAoAKACgAoAKACgAoAKACgAoAKACgAoAKACgAoAKACgAoAKACgAoAKACgAoAKACgAoAKACgAoAKACgAoAKACgAoAKACgAoAKACgAoA//9k=","timing":5285,"timestamp":8.650058478497999E12},{"data":"/9j/4AAQSkZJRgABAQAAAQABAAD/2wCEAAMCAgMCAgMDAwMEAwMEBQgFBQQEBQoHBwYIDAoMDAsKCwsNDhIQDQ4RDgsLEBYQERMUFRUVDA8XGBYUGBIUFRQBAwQEBQQFCQUFCRQNCw0UFBQUFBQUFBQUFBQUFBQUFBQUFBQUFBQUFBQUFBQUFBQUFBQUFBQUFBQUFBQUFBQUFP/AABEIANUAeAMBEQACEQEDEQH/xAGiAAABBQEBAQEBAQAAAAAAAAAAAQIDBAUGBwgJCgsQAAIBAwMCBAMFBQQEAAABfQECAwAEEQUSITFBBhNRYQcicRQygZGhCCNCscEVUtHwJDNicoIJChYXGBkaJSYnKCkqNDU2Nzg5OkNERUZHSElKU1RVVldYWVpjZGVmZ2hpanN0dXZ3eHl6g4SFhoeIiYqSk5SVlpeYmZqio6Slpqeoqaqys7S1tre4ubrCw8TFxsfIycrS09TV1tfY2drh4uPk5ebn6Onq8fLz9PX29/j5+gEAAwEBAQEBAQEBAQAAAAAAAAECAwQFBgcICQoLEQACAQIEBAMEBwUEBAABAncAAQIDEQQFITEGEkFRB2FxEyIygQgUQpGhscEJIzNS8BVictEKFiQ04SXxFxgZGiYnKCkqNTY3ODk6Q0RFRkdISUpTVFVWV1hZWmNkZWZnaGlqc3R1dnd4eXqCg4SFhoeIiYqSk5SVlpeYmZqio6Slpqeoqaqys7S1tre4ubrCw8TFxsfIycrS09TV1tfY2dri4+Tl5ufo6ery8/T19vf4+fr/2gAMAwEAAhEDEQA/APh3wzoB168ZWcxwRAF2HXnoB78H8qANnXvA0dlYvc2csjmIFnWUg5XuRgDpQBxtABQAUAFABQAUAFABQAUAFAGhoWktrWpR2ytsXBZ3xnaB/kD8aAOp1TwFBFYSSWs8pmjUttkwQ2BnAwOKAOGoA6Hwfr8WiXcq3CnyJsbpF5KEZxx6c0AbviDxnYy6dNBaMbh5kMZ+UqFBGCeQKAOCOSaADFABigAxQAYoAMUAGKADFABigAxQBreGNXTRdVSaVS0LKUfHUA9x+VAHX6n4205bKYW7tPMylVQIwwSO5IH6UAecgYAoA3vsEH/PMUAH2CD/AJ5igA+wQf8APMUAH2CD/nmKAD7BB/zzFAB9gg/55igA+wQf88xQAfYIP+eYoAPsEH/PMUAH2CD/AJ5igA+wQf8APMUAH2CD/nmKAD7BB/zzFAB9gg/55igA+wQf88xQBYoAKACgAoAKACgAoAKACgAoAKACgAoAKACgAoAKACgAoAKACgAoAKACgAoAKACgAoAKACgAoAKACgAoAKACgAoAKACgAoAKACgAoAKACgAoAKACgAoAKACgAoAKACgAoAKACgAoAKACgAoAKACgAoAKACgAoAKACgAoAKACgAoAKACgAoAKACgAoAKACgAoAKACgAoAKACgAoAKACgAoAKACgAoAKACgAoAKACgAoAKACgAoAKACgAoAKACgAoAKACgAoAKACgAoAKACgAoAKACgBUKh13DK55A9KAOjNh4P7a7rZ/7gsP/AMl0AH2Dwh/0HNb/APBND/8AJdAB9g8If9BzW/8AwTQ//JdAB9g8If8AQc1v/wAE0P8A8l0AH2Dwh/0HNb/8E0P/AMl0AH2Dwh/0HNb/APBND/8AJdAB9g8If9BzW/8AwTQ//JdAB9g8If8AQc1v/wAE0P8A8l0AH2Dwh/0HNb/8E0P/AMl0AH2Dwh/0HNb/APBND/8AJdAB9g8If9BzW/8AwTQ//JdAB9g8If8AQc1v/wAE0P8A8l0AAsPB/fXNb/8ABND/APJdAGDerbrdyraSSS2wYiOSaMRu69iyhmCk9cBjj1NAENABQAUAFABQAUAFABQAUAFABQAUAFABQAUAFABQAUAFABQAUAFABQAUAFABQAUAFABQAUAIeQe1ACfN7UAGG9qADDe1ABhvagAw3tQAYb2oAMN7UAGG9qADDe1ABhvagAw3tQAYb2oAPm9qAFGcc9aAFoA3tM8PW1/YQzvJMjODkIwx1PtQBa/4RO0/57XH/fS//E0AH/CJ2n/Pa4/76X/4mgDI1rTI9MljSF3bepJMmCf0AoA1z4TtP+es4+jLj+VAB/widp/z2uP++l/+JoAP+ETtP+e1x/30v/xNAHP6narY38tujMyJjBY88gH+tAFegAoAKACgAoAKACgDd0nxFb2NhFBJDMXTOSgXHX60AW/+EttP+eFz+S/40AH/AAltp/zwufyX/GgDH1zVI9TljeFHQKpGJAOv4GgDYHi20xzBcZ74C/40AH/CW2n/ADwufyX/ABoAP+EttP8Anhc/kv8AjQBgandJfahLcRqyo+MB8Z6Af0oArUAFABQAUAFABQAUAFABmgAzQAUAFABmgAzQAUAFABQAUAFABQAUAFABQAUAFABQAUAFABQAUAFABQAUAFABQAUAFABQAUAFABQAUAFABQAUAFABQAUAFABQAUAFABQAUAFABQAUAFABQAUAFABQAUAFABQAUAFABQAUAFABQAUAFABQAUAFABQAUAFABQAUAFABQAUAFABQAUAFABQAUAFABQAUAFABQAUAFABQAUAFABQAUAFABQAUAFABQAUAFABQAUAFABQAUAFABQAUAFABQAUAFABQAUAFABQAUAZP9sv/AM8l/OgA/tl/+eS/nQAf2y//ADyX86AD+2X/AOeS/nQAf2y//PJfzoAP7Zf/AJ5L+dAB/bL/APPJfzoAP7Zf/nkv50AH9sv/AM8l/OgA/tl/+eS/nQAf2y//ADyX86AD+2X/AOeS/nQAf2y//PJfzoAP7Zf/AJ5L+dAB/bL/APPJfzoAz6ACgAoAKACgAoAKACgAoAKACgAoAKACgAoA/wD/2Q==","timing":5945,"timestamp":8650059139098},{"data":"/9j/4AAQSkZJRgABAQAAAQABAAD/2wCEAAMCAgMCAgMDAwMEAwMEBQgFBQQEBQoHBwYIDAoMDAsKCwsNDhIQDQ4RDgsLEBYQERMUFRUVDA8XGBYUGBIUFRQBAwQEBQQFCQUFCRQNCw0UFBQUFBQUFBQUFBQUFBQUFBQUFBQUFBQUFBQUFBQUFBQUFBQUFBQUFBQUFBQUFBQUFP/AABEIANUAeAMBEQACEQEDEQH/xAGiAAABBQEBAQEBAQAAAAAAAAAAAQIDBAUGBwgJCgsQAAIBAwMCBAMFBQQEAAABfQECAwAEEQUSITFBBhNRYQcicRQygZGhCCNCscEVUtHwJDNicoIJChYXGBkaJSYnKCkqNDU2Nzg5OkNERUZHSElKU1RVVldYWVpjZGVmZ2hpanN0dXZ3eHl6g4SFhoeIiYqSk5SVlpeYmZqio6Slpqeoqaqys7S1tre4ubrCw8TFxsfIycrS09TV1tfY2drh4uPk5ebn6Onq8fLz9PX29/j5+gEAAwEBAQEBAQEBAQAAAAAAAAECAwQFBgcICQoLEQACAQIEBAMEBwUEBAABAncAAQIDEQQFITEGEkFRB2FxEyIygQgUQpGhscEJIzNS8BVictEKFiQ04SXxFxgZGiYnKCkqNTY3ODk6Q0RFRkdISUpTVFVWV1hZWmNkZWZnaGlqc3R1dnd4eXqCg4SFhoeIiYqSk5SVlpeYmZqio6Slpqeoqaqys7S1tre4ubrCw8TFxsfIycrS09TV1tfY2dri4+Tl5ufo6ery8/T19vf4+fr/2gAMAwEAAhEDEQA/APgL9KAL2qaDqeiLE1/p1zZpI5jDTRkDdgnGemcAn8KAKNABQB0Wm/DzxFrPh2PW9P0m4v8AT5Ls2KNagSuZgYQV8tSXAzcQKGK7S0qKCWOKAJYvhh4sn0e41WPQL19Pt7Sa+lnEfypDFOlvKx7/ACSyIrDqu9SRg5oArSeAPE0M1rG2gah5l3dy2FtEsDGWW5iVDNCIwN29PNjyMZG6gCa1+G3iq+0zT9QtfDup3dpqBuPsr29q0hmEG3zmCqCdq7wC2MZDDOVbABn3/hbWNLsftl3pd5b2vmPC07wkIkisUaNz/C4YYKnB6eooAuz/AA68V215NaTeGNZiuoXijlgfT5Q8bSttiVlK5BcghQfvEYGaAII/BeuM92j6VdW72v2gSi5j8na0ADTp8+PnQMpZRyMjI5FAGLQAUAFABQAY9qAOq8VfFDxZ4206Kw13X9Q1SzilEyQXVw8iK4DAEBiccO350Acrg0AGDQB2+g/FnVvD3glvCsFlYTaVNePcXYmSQveRO1q72shDjETPZW7ZQLICnDgHFAHQW37Sfiyy0DUdHt4rGO21Bt93IwmkmmZLtry3YyPKx3QzvI6kcvvIlMoAAAOWuPiTf3njCPXrmw0+5iitWsYNIlRzZQWxthbCJF37xiMLiTf5hZd5csSxAOt+I/7TPi34nnVX1O3021m1OSWW6lsI5Y2cubcADMh2hI7S3iXbj5Y8tudmdgClrn7QXibxB4X1jQbm300WWqtdNcOkLiTM95a3bkEuRkSWcYGQflZ85JDAA6zxP+194g1vx/ceJ7Hw3oembdW/tSwtnjkme1H9pHUWieXepmDz7WfcMDB8oQh2UgHAt8ZvEMvhqx0OUW0lpZ6fLpkbFXUm3cSbVYBgrMjXF0yuV3A3EgJK7VUA4PHtQAYNABg0AGKAN46bATnyxQAn9mwf881oAP7Ng/55rQAf2bB/zzWgA/s2D/nmtAB/ZsH/ADzWgA/s2D/nmtAB/ZsH/PNaAD+zYP8AnmtAB/ZsH/PNaAD+zYP+ea0AH9mwf881oAP7Ng/55rQAf2bB/wA81oABptvn/VigC3QAUAFABQAUAFABQAUAFABQAUAFABQAUAFABQAUAFABQAUAFABQAUAFABQAUAFABQAUAFABQAUAFABQAUAFABQAUAFABQAUAFABQAUAFABQAUAFABQAUAFABQAUAFABQAUAFABQAUAFABQAUAFABQAUAFABQAUAFABQAUAFABQAUAFABQAUAFABQAUAFABQAUAFABQAUAFABQAUAFABQAUAFABQAUAFABQAUAFABQAUAFABQAUAFABQAUAFABQAUAFABQAUAFABQAUAFABQAUAFABQAUAFAHW6N8L9b8Q6XDeaatveNKkbpapMBMwaS4T5VONxBtpCQpJwQcYDFQCppvgHWNYeySyhjuJbyc20EYlCs8oUMV+bG35WQ5OANwyRzgAYngq9+0xRzz2lpC00kMlzNNiOEoQHLkAkAZzwDnHGTgEAwCMGgAoAKACgDU8K+Hrjxb4m0nQ7R4orrUruKzieYkIryOFUsQCcZIzgE47GgDuvif8DLr4c6BBrcOrwaxpT6hNpUkiqsciXMTOG+VXcFG8tipyGxjcq5FAHmNABQAUAFABQAUATwtahcyxTSOepWYKPy2n+dAD/Msf8An3uP/Ahf/iKADzLH/n3uP/Ahf/iKADzLH/n3uP8AwIX/AOIoAPMsf+fe4/8AAhf/AIigA8yx/wCfe4/8CF/+IoAPMsf+fe4/8CF/+IoAmtL+3sLuG5tkvLe4gdZYpoboI6OpyrKwTIIIBBFAGn4i8a3XilIV1BppFhLvHFGYoYhI2N8hSOJVLsQu5iNzYGScUAc5QAUAFABQAUAFABQAUAFABQAUAFABQAenvxQAgORxQAtABQAUAFABQAUAdhCvg+78LW0LyyWuuJbXEsk4Emxpcv5MR4cNnEZ4WNVG/LsWAQAs6rpHgRrCVtO128+2h5GhUxGSJkDvsVsqpy0YjIZSRuZgwTAJALkdr8PNOs724D3es3cUcEkVkbmRFmY3Q82NX+zIUIgQ/M4x+9OASnIB51QAUAFABQBseDNJtdf8YaHpd7ObWyvr6C2nnVgDHG8iqzZPHAJPPFAHr/7Unwx8JfD+Xw5ceFndBem6intWuIphGsbr5bAx9ismAWyzBAW+ctkA8IoAKACgAoAKACgBSzMqjJAHpQAmG9W/M0AGG9W/M0AByO7fmaADk92/M0AGG9W/M0AGG9W/M0AHI7t+ZoAQ5P8AE3fv7UALQAUAFABQAUAFAFDVbqS2EflttyTnigDW8OeC/FXi5NLbSLQ3f9o3j2FuPNiTzJlMClBuYYJa6gAJwCXGCcHABpN8KPHiWqzyaUyJ5d/MxM8R2pZLuuSQGJGza4PrgYyeKAOPsb+ea6jR3ypzkYHoaAJtUupbeSMRvtBBzwKAN9PAHi19B0fVzbxxWGsru06aa5hjFwfPe3wNzDpLGynOAuULEB1JAMzWND13QnmS8UQywxJM6M8ZOxmwCMMc9VOByM84oAoadezT3G133Lg9qANSgAoAKACgAoAKACgClqVm92E2Y+XPU0APs73XtP06TT7XVbq30+R2le0iuXWF3MbRsxQHBJjd0JI5ViOhIoAfJqfiGZUWTWL2QJG0KbrqQ7EaIQsq88AxKsZA/gAXpxQBRs9OlguUdiu0Z6H2NAE2pWUl06FCvygg5NAF7T9f8U6RYTWNj4g1Kysprc2kttbX0scckBZ2MTKCAULSSHaeMuxx8xyAQapqPiDXM/2lq13qJIYZu7l5eDI0jD5ieC7s59WYnqc0AVbCwltp97lcYI4NAGlQAUAFABQAUAFABQAUAFABQAUAFABQAUAFABQAUAFABQAUAFABQAUAFABQAUAFABQAUAFABQAUAFABQAUAFABQAUAFABQAUAFABQAUAFABQAUAFABQAUAFABQAUAFABQAUAFABQAUAFABQAUAFABQAUAFABQAUAFABQAUAFABQAUAFABQAUAFABQAUAFABQAUAFABQAUAFABQAUAFABQAUAFABQAUAFABQAUAFABQAUAFABQAUAFABQAUAFABQBFDaa3cXNvbxaLeS3FyI2ghjt3Z5Q5AQqoGWDEgDHXNAFjU9E8SaLIkeo+HtQsJHhFwsd1aSRsYi/liQBgDtL/ID03AjrxQBWlttZhurm1k0e7S6tTKJ4DA4kiMYcy7lxkbBHJuz02NnGDQA6Wx12GJpX0O9WJYUuGkNtJtETSCNZM4xtLsEDdCxA6mgCiNQuiHP2U/IcNwfl4J5/AE/QZoAWe+u7YZltGjGSMspAyCQf1Vh9QfSgCH+2n/55r+dAB/bT/8APNfzoAP7af8A55r+dAB/bT/881/OgA/tp/8Anmv50AH9tP8A881/OgA/tp/+ea/nQAf20/8AzzX86AD+2n/55r+dAF+/+Imv6lq0d9e3cV9e26RwJcXNpDI4WMoyHJT7w2Iu7qUXYSU+WgB2r+Pdc1e2s9PvrxLm1stscKG3iXaBLcTAAqoOPMup2I6HeBjCoFAIbTxrrGnzWuoW935UpEsUSiJNsSyIUcBdu0ArxhQAO3ODQBpW3xS8WDUpb9dalN49pLpyyyRI/k28iMjRxKVxCu2RwBGF2hjt25oAp6L8UPEWm395c298DcXlvBaXLXMMc4mhtzFJDGyupBANvEMEEEAhgQSCAUb/AMQ6neacdOuLrzbMXb3Rj2KMzFVVnzjPIA4zjj1NAGXQAUAFABQAUAFABQAUAFAH/9k=","timing":6606,"timestamp":8650059799698}]}},"meta-viewport":{"displayValue":"","score":false,"helpText":"Disabling zooming is problematic for users with low vision who rely on screen magnification to properly see the contents of a web page. [Learn more](https://dequeuniversity.com/rules/axe/2.2/meta-viewport?application=lighthouse).","rawValue":false,"extendedInfo":{"value":{"help":"Zooming and scaling must not be disabled","nodes":[{"failureSummary":"Fix any of the following:\n  <meta> tag disables zooming on mobile devices","snippet":"<meta name=\"viewport\" content=\"width=device-width,initial-scale=1,maximum-scale=1,minimum-scale=1,user-scalable=no\">","path":"1,HTML,1,HEAD,1,META","impact":"critical","html":"<meta name=\"viewport\" content=\"width=device-width,initial-scale=1,maximum-scale=1,minimum-scale=1,user-scalable=no\">","target":["meta[name=\"viewport\"]"]}],"impact":"critical","description":"Ensures <meta name=\"viewport\"> does not disable text scaling and zooming","helpUrl":"https://dequeuniversity.com/rules/axe/3.0/meta-viewport?application=axeAPI","id":"meta-viewport","tags":["cat.sensory-and-visual-cues","wcag2aa","wcag144"]}},"name":"meta-viewport","description":"`[user-scalable=\"no\"]` is used in the `<meta name=\"viewport\">` element or the `[maximum-scale]` attribute is less than 5.","scoringMode":"binary","details":{"header":{"text":"View failing elements","type":"text"},"type":"list","items":[{"snippet":"<meta name=\"viewport\" content=\"width=device-width,initial-scale=1,maximum-scale=1,minimum-scale=1,user-scalable=no\">","path":"1,HTML,1,HEAD,1,META","selector":"meta[name=\"viewport\"]","type":"node"}]}},"visual-order-follows-dom":{"displayValue":"","score":false,"helpText":"DOM order matches the visual order, improving navigation for assistive technology. [Learn more](https://developers.google.com/web/fundamentals/accessibility/how-to-review#try_it_with_a_screen_reader).","rawValue":false,"name":"visual-order-follows-dom","description":"Visual order on the page follows DOM order","scoringMode":"binary","informative":true,"manual":true},"works-offline":{"displayValue":"","score":false,"helpText":"If you're building a Progressive Web App, consider using a service worker so that your app can work offline. [Learn more](https://developers.google.com/web/tools/lighthouse/audits/http-200-when-offline).","rawValue":false,"name":"works-offline","description":"Does not respond with a 200 when offline","scoringMode":"binary"},"definition-list":{"displayValue":"","score":false,"helpText":"When definition lists are not properly marked up, screen readers may produce confusing or inaccurate output. [Learn more](https://dequeuniversity.com/rules/axe/2.2/definition-list?application=lighthouse).","rawValue":false,"name":"definition-list","description":"`<dl>`'s do not contain only properly-ordered `<dt>` and `<dd>` groups, `<script>` or `<template>` elements.","scoringMode":"binary","informative":true,"notApplicable":true},"password-inputs-can-be-pasted-into":{"displayValue":"","score":true,"helpText":"Preventing password pasting undermines good security policy. [Learn more](https://www.ncsc.gov.uk/blog-post/let-them-paste-passwords)","rawValue":true,"extendedInfo":{"value":[]},"name":"password-inputs-can-be-pasted-into","description":"Allows users to paste into password fields","scoringMode":"binary","details":{"header":{"text":"Password inputs that prevent pasting into","type":"text"},"type":"list","items":[]}},"html-lang-valid":{"displayValue":"","score":false,"helpText":"Specifying a valid [BCP 47 language](https://www.w3.org/International/questions/qa-choosing-language-tags#question) helps screen readers announce text properly. [Learn more](https://dequeuniversity.com/rules/axe/2.2/valid-lang?application=lighthouse).","rawValue":false,"name":"html-lang-valid","description":"`<html>` element does not have a valid value for its `[lang]` attribute.","scoringMode":"binary","informative":true,"notApplicable":true},"splash-screen":{"displayValue":"","score":false,"debugString":"Failures: No manifest was fetched.","helpText":"A themed splash screen ensures a high-quality experience when users launch your app from their homescreens. [Learn more](https://developers.google.com/web/tools/lighthouse/audits/custom-splash-screen).","rawValue":false,"extendedInfo":{"value":{"failures":["No manifest was fetched"],"manifestValues":{"parseFailureReason":"No manifest was fetched","allChecks":[],"isParseFailure":true}}},"name":"splash-screen","description":"Is not configured for a custom splash screen","scoringMode":"binary"},"label":{"displayValue":"","score":true,"helpText":"Labels ensure that form controls are announced properly by assistive technologies, like screen readers. [Learn more](https://dequeuniversity.com/rules/axe/2.2/label?application=lighthouse).","rawValue":true,"extendedInfo":{},"name":"label","description":"Form elements have associated labels","scoringMode":"binary","details":{"header":{"text":"View failing elements","type":"text"},"type":"list","items":[]}},"uses-webp-images":{"displayValue":"","score":100,"helpText":"Image formats like JPEG 2000, JPEG XR, and WebP often provide better compression than PNG or JPEG, which means faster downloads and less data consumption. [Learn more](https://developers.google.com/web/tools/lighthouse/audits/webp).","rawValue":0,"extendedInfo":{"value":{"wastedKb":0,"wastedMs":0,"results":[]}},"name":"uses-webp-images","description":"Serve images in next-gen formats","scoringMode":"binary","informative":true,"details":{"itemHeaders":[{"itemType":"thumbnail","text":"","type":"text"},{"itemType":"url","text":"URL","type":"text"},{"itemType":"text","text":"Original","type":"text"},{"itemType":"text","text":"Potential Savings","type":"text"}],"header":"View Details","type":"table","items":[]}},"speed-index-metric":{"displayValue":"5,723","score":48,"helpText":"Speed Index shows how quickly the contents of a page are visibly populated. [Learn more](https://developers.google.com/web/tools/lighthouse/audits/speed-index).","rawValue":5723,"extendedInfo":{"value":{"frames":[{"progress":0,"timestamp":8.650053193698E9},{"progress":0,"timestamp":8.650053950668E9},{"progress":0,"timestamp":8.650057717184E9},{"progress":78.47020210836772,"timestamp":8.650058783808E9},{"progress":79.55400014666994,"timestamp":8.650058883804E9},{"progress":84.25733274045653,"timestamp":8.65005906713E9},{"progress":90.99914379891193,"timestamp":8.650059217124E9},{"progress":92.49290629372531,"timestamp":8.65005965044E9},{"progress":100.00000000000001,"timestamp":8.650059800434E9}],"timestamps":{"firstVisualChange":8650058783698,"perceptualSpeedIndex":8.650058916695168E12,"visuallyComplete":8650059799698,"visuallyReady":8.650059217124001E12},"timings":{"firstVisualChange":5590,"perceptualSpeedIndex":5722.997167414955,"visuallyComplete":6606,"visuallyReady":6023.426000595093}}},"name":"speed-index-metric","description":"Perceptual Speed Index","scoringMode":"numeric"},"bypass":{"displayValue":"","score":true,"helpText":"Adding ways to bypass repetitive content lets keyboard users navigate the page more efficiently. [Learn more](https://dequeuniversity.com/rules/axe/2.2/bypass?application=lighthouse).","rawValue":true,"extendedInfo":{},"name":"bypass","description":"The page contains a heading, skip link, or landmark region","scoringMode":"binary","details":{"header":{"text":"View failing elements","type":"text"},"type":"list","items":[]}},"http-status-code":{"displayValue":"","score":null,"debugString":"Audit error: Unable to identify the main resource","helpText":"Pages with unsuccessful HTTP status codes may not be indexed properly. [Learn more](https://developers.google.com/web/tools/lighthouse/audits/successful-http-code).","rawValue":null,"name":"http-status-code","description":"Page has unsuccessful HTTP status code","scoringMode":"binary","error":true},"viewport":{"displayValue":"","score":true,"debugString":"","helpText":"Add a viewport meta tag to optimize your app for mobile screens. [Learn more](https://developers.google.com/web/tools/lighthouse/audits/has-viewport-meta-tag).","rawValue":true,"name":"viewport","description":"Has a `<meta name=\"viewport\">` tag with `width` or `initial-scale`","scoringMode":"binary"},"estimated-input-latency":{"displayValue":"50 ms","score":95,"helpText":"The score above is an estimate of how long your app takes to respond to user input, in milliseconds. There is a 90% probability that a user encounters this amount of latency, or less. 10% of the time a user can expect additional latency. If your latency is higher than 50 ms, users may perceive your app as laggy. [Learn more](https://developers.google.com/web/tools/lighthouse/audits/estimated-input-latency).","rawValue":49.8,"extendedInfo":{"value":[{"percentile":0.5,"time":16},{"percentile":0.75,"time":16},{"percentile":0.9,"time":49.84405833333335},{"percentile":0.99,"time":161.88252333333307},{"percentile":1,"time":209.04299999999876}]},"name":"estimated-input-latency","description":"Estimated Input Latency","scoringMode":"numeric"},"redirects":{"displayValue":"","score":null,"debugString":"Audit error: Unable to identify the main resource","helpText":"Redirects introduce additional delays before the page can be loaded. [Learn more](https://developers.google.com/speed/docs/insights/AvoidRedirects).","rawValue":null,"name":"redirects","description":"Has multiple page redirects","scoringMode":"binary","error":true},"load-fast-enough-for-pwa":{"displayValue":"","score":true,"helpText":"A fast page load over a 3G network ensures a good mobile user experience. [Learn more](https://developers.google.com/web/tools/lighthouse/audits/fast-3g).","rawValue":true,"extendedInfo":{"value":{"isFast":true,"timeToFirstInteractive":6460.149,"firstRequestLatencies":[{"latency":"566.29","url":"http://web/"},{"latency":"579.72","url":"https://cdnjs.cloudflare.com/ajax/libs/Chart.js/2.7.1/Chart.min.js"},{"latency":"571.48","url":"https://unpkg.com/vue-chartjs/dist/vue-chartjs.min.js"},{"latency":"578.93","url":"https://fonts.gstatic.com/s/roboto/v18/KFOmCnqEu92Fr1Mu4mxK.woff2"}],"areLatenciesAll3G":true}},"name":"load-fast-enough-for-pwa","description":"Page load is fast enough on 3G","scoringMode":"binary"},"font-display":{"displayValue":"","score":false,"helpText":"Leverage the font-display CSS feature to ensure text is user-visible while webfonts are loading. [Learn more](https://developers.google.com/web/updates/2016/02/font-display).","rawValue":false,"name":"font-display","description":"Avoid invisible text while webfonts are loading","scoringMode":"binary","details":{"itemHeaders":[{"itemType":"url","text":"Font URL","type":"text"},{"itemType":"text","text":"Font download time","type":"text"}],"header":"View Details","type":"table","items":[[{"text":"https://fonts.gstatic.com/s/roboto/v18/KFOmCnqEu92Fr1Mu4mxK.woff2","type":"url"},{"text":"884 ms","type":"text"}],[{"text":"https://fonts.gstatic.com/s/materialicons/v37/flUhRq6tzZclQEJ-Vdg-IuiaDsNc.woff2","type":"url"},{"text":"1,066 ms","type":"text"}],[{"text":"https://fonts.gstatic.com/s/roboto/v18/KFOlCnqEu92Fr1MmEU9fBBc4.woff2","type":"url"},{"text":"875 ms","type":"text"}]]}},"layout-table":{"displayValue":"","score":false,"helpText":"A table being used for layout purposes should not include data elements, such as the th or caption elements or the summary attribute, because this can create a confusing experience for screen reader users. [Learn more](https://dequeuniversity.com/rules/axe/2.2/layout-table?application=lighthouse).","rawValue":false,"name":"layout-table","description":"Presentational `<table>` elements do not avoid using `<th>`, `<caption>` or the `[summary]` attribute.","scoringMode":"binary","informative":true,"notApplicable":true}},"url":"http://web/#/"}
61.94117647058823
The variable of type Double with the value 61.94117647058823 is not LOWER_THAN 61.94117647058823
]]></system-out>
    <rerunFailure message="expected:&lt;true&gt; but was:&lt;false&gt;" type="java.lang.AssertionError"><![CDATA[java.lang.AssertionError: expected:<true> but was:<false>
	at org.junit.Assert.fail(Assert.java:88)
	at org.junit.Assert.failNotEquals(Assert.java:834)
	at org.junit.Assert.assertEquals(Assert.java:118)
	at org.junit.Assert.assertEquals(Assert.java:144)
	at io.jenkins.plugins.sample.LighthousePluginTest.Test_PositiveEquals(LighthousePluginTest.java:25)
	at sun.reflect.NativeMethodAccessorImpl.invoke0(Native Method)
	at sun.reflect.NativeMethodAccessorImpl.invoke(NativeMethodAccessorImpl.java:62)
	at sun.reflect.DelegatingMethodAccessorImpl.invoke(DelegatingMethodAccessorImpl.java:43)
	at java.lang.reflect.Method.invoke(Method.java:498)
	at org.junit.runners.model.FrameworkMethod$1.runReflectiveCall(FrameworkMethod.java:50)
	at org.junit.internal.runners.model.ReflectiveCallable.run(ReflectiveCallable.java:12)
	at org.junit.runners.model.FrameworkMethod.invokeExplosively(FrameworkMethod.java:47)
	at org.junit.internal.runners.statements.InvokeMethod.evaluate(InvokeMethod.java:17)
	at org.junit.runners.ParentRunner.runLeaf(ParentRunner.java:325)
	at org.junit.runners.BlockJUnit4ClassRunner.runChild(BlockJUnit4ClassRunner.java:78)
	at org.junit.runners.BlockJUnit4ClassRunner.runChild(BlockJUnit4ClassRunner.java:57)
	at org.junit.runners.ParentRunner$3.run(ParentRunner.java:290)
	at org.junit.runners.ParentRunner$1.schedule(ParentRunner.java:71)
	at org.junit.runners.ParentRunner.runChildren(ParentRunner.java:288)
	at org.junit.runners.ParentRunner.access$000(ParentRunner.java:58)
	at org.junit.runners.ParentRunner$2.evaluate(ParentRunner.java:268)
	at org.junit.runners.ParentRunner.run(ParentRunner.java:363)
	at org.apache.maven.surefire.junit4.JUnit4Provider.executeFailedMethod(JUnit4Provider.java:379)
	at org.apache.maven.surefire.junit4.JUnit4Provider.executeWithRerun(JUnit4Provider.java:290)
	at org.apache.maven.surefire.junit4.JUnit4Provider.executeTestSet(JUnit4Provider.java:236)
	at org.apache.maven.surefire.junit4.JUnit4Provider.invoke(JUnit4Provider.java:159)
	at org.apache.maven.surefire.booter.ForkedBooter.invokeProviderInSameClassLoader(ForkedBooter.java:386)
	at org.apache.maven.surefire.booter.ForkedBooter.runSuitesInProcess(ForkedBooter.java:323)
	at org.apache.maven.surefire.booter.ForkedBooter.main(ForkedBooter.java:143)
]]>
      <system-out><![CDATA[{"initialUrl":"http://web:80/#/","generatedTime":"2018-06-24T16:18:28.384Z","score":30,"reportCategories":[{"score":61.94117647058823,"name":"Performance","description":"These encapsulate your web app's current performance and opportunities to improve it.","id":"performance","audits":[{"result":{"displayValue":"4,520 ms","score":40,"helpText":"First meaningful paint measures when the primary content of a page is visible. [Learn more](https://developers.google.com/web/tools/lighthouse/audits/first-meaningful-paint).","rawValue":4521.8,"extendedInfo":{"value":{"timestamps":{"fCP":8650057715484,"endOfTrace":8650064967436,"fMP":8650057715493,"onLoad":8650058566647,"navStart":8650053193698},"fmpFellBack":false,"timings":{"fCP":4521.786,"endOfTrace":11773.738,"fMP":4521.795,"onLoad":5372.949,"navStart":0}}},"name":"first-meaningful-paint","description":"First meaningful paint","scoringMode":"numeric"},"score":40,"weight":5,"id":"first-meaningful-paint","group":"perf-metric"},{"result":{"displayValue":"6,460 ms","score":71,"helpText":"First Interactive marks the time at which the page is minimally interactive. [Learn more](https://developers.google.com/web/tools/lighthouse/audits/first-interactive).","rawValue":6460.149,"extendedInfo":{"value":{"timeInMs":6460.149,"timestamp":8650059653847}},"name":"first-interactive","description":"First Interactive (beta)","scoringMode":"numeric"},"score":71,"weight":5,"id":"first-interactive","group":"perf-metric"},{"result":{"displayValue":"6,460 ms","score":71,"helpText":"Consistently Interactive marks the time at which the page is fully interactive. [Learn more](https://developers.google.com/web/tools/lighthouse/audits/consistently-interactive).","rawValue":6460.149,"extendedInfo":{"value":{"timeInMs":6460.149,"cpuQuietPeriod":{"start":8.650059653847E9,"end":8.650064967436E9},"networkQuietPeriods":[{"start":8.650059532223999E9,"end":8.650064967436E9}],"networkQuietPeriod":{"start":8.650059532223999E9,"end":8.650064967436E9},"cpuQuietPeriods":[{"start":8.650059653847E9,"end":8.650064967436E9}],"timestamp":8650059653847}},"name":"consistently-interactive","description":"Consistently Interactive (beta)","scoringMode":"numeric"},"score":71,"weight":5,"id":"consistently-interactive","group":"perf-metric"},{"result":{"displayValue":"5,723","score":48,"helpText":"Speed Index shows how quickly the contents of a page are visibly populated. [Learn more](https://developers.google.com/web/tools/lighthouse/audits/speed-index).","rawValue":5723,"extendedInfo":{"value":{"frames":[{"progress":0,"timestamp":8.650053193698E9},{"progress":0,"timestamp":8.650053950668E9},{"progress":0,"timestamp":8.650057717184E9},{"progress":78.47020210836772,"timestamp":8.650058783808E9},{"progress":79.55400014666994,"timestamp":8.650058883804E9},{"progress":84.25733274045653,"timestamp":8.65005906713E9},{"progress":90.99914379891193,"timestamp":8.650059217124E9},{"progress":92.49290629372531,"timestamp":8.65005965044E9},{"progress":100.00000000000001,"timestamp":8.650059800434E9}],"timestamps":{"firstVisualChange":8650058783698,"perceptualSpeedIndex":8.650058916695168E12,"visuallyComplete":8650059799698,"visuallyReady":8.650059217124001E12},"timings":{"firstVisualChange":5590,"perceptualSpeedIndex":5722.997167414955,"visuallyComplete":6606,"visuallyReady":6023.426000595093}}},"name":"speed-index-metric","description":"Perceptual Speed Index","scoringMode":"numeric"},"score":48,"weight":1,"id":"speed-index-metric","group":"perf-metric"},{"result":{"displayValue":"50 ms","score":95,"helpText":"The score above is an estimate of how long your app takes to respond to user input, in milliseconds. There is a 90% probability that a user encounters this amount of latency, or less. 10% of the time a user can expect additional latency. If your latency is higher than 50 ms, users may perceive your app as laggy. [Learn more](https://developers.google.com/web/tools/lighthouse/audits/estimated-input-latency).","rawValue":49.8,"extendedInfo":{"value":[{"percentile":0.5,"time":16},{"percentile":0.75,"time":16},{"percentile":0.9,"time":49.84405833333335},{"percentile":0.99,"time":161.88252333333307},{"percentile":1,"time":209.04299999999876}]},"name":"estimated-input-latency","description":"Estimated Input Latency","scoringMode":"numeric"},"score":95,"weight":1,"id":"estimated-input-latency","group":"perf-metric"},{"result":{"displayValue":"","score":100,"helpText":"External stylesheets are blocking the first paint of your page. Consider delivering critical CSS via `<style>` tags and deferring non-critical styles. [Learn more](https://developers.google.com/web/tools/lighthouse/audits/blocking-resources).","rawValue":0,"extendedInfo":{"value":{"wastedMs":"0 ms","results":[]}},"name":"link-blocking-first-paint","description":"Reduce render-blocking stylesheets","scoringMode":"binary","informative":true,"details":{"itemHeaders":[{"itemType":"url","text":"URL","type":"text"},{"itemType":"text","text":"Size (KB)","type":"text"},{"itemType":"text","text":"Delayed Paint By (ms)","type":"text"}],"header":"View Details","type":"table","items":[]}},"score":100,"weight":0,"id":"link-blocking-first-paint","group":"perf-hint"},{"result":{"displayValue":"","score":100,"helpText":"Script elements are blocking the first paint of your page. Consider inlining critical scripts and deferring non-critical ones. [Learn more](https://developers.google.com/web/tools/lighthouse/audits/blocking-resources).","rawValue":0,"extendedInfo":{"value":{"wastedMs":"0 ms","results":[]}},"name":"script-blocking-first-paint","description":"Reduce render-blocking scripts","scoringMode":"binary","informative":true,"details":{"itemHeaders":[{"itemType":"url","text":"URL","type":"text"},{"itemType":"text","text":"Size (KB)","type":"text"},{"itemType":"text","text":"Delayed Paint By (ms)","type":"text"}],"header":"View Details","type":"table","items":[]}},"score":100,"weight":0,"id":"script-blocking-first-paint","group":"perf-hint"},{"result":{"displayValue":"","score":100,"helpText":"Serve images that are appropriately-sized to save cellular data and improve load time. [Learn more](https://developers.google.com/web/tools/lighthouse/audits/oversized-images).","rawValue":0,"extendedInfo":{"value":{"wastedKb":0,"wastedMs":0,"results":[]}},"name":"uses-responsive-images","description":"Properly size images","scoringMode":"binary","informative":true,"details":{"itemHeaders":[{"itemType":"thumbnail","text":"","type":"text"},{"itemType":"url","text":"URL","type":"text"},{"itemType":"text","text":"Original","type":"text"},{"itemType":"text","text":"Potential Savings","type":"text"}],"header":"View Details","type":"table","items":[]}},"score":100,"weight":0,"id":"uses-responsive-images","group":"perf-hint"},{"result":{"displayValue":"","score":100,"helpText":"Consider lazy-loading offscreen and hidden images to improve page load speed and time to interactive. [Learn more](https://developers.google.com/web/tools/lighthouse/audits/offscreen-images).","rawValue":0,"extendedInfo":{"value":{"wastedKb":0,"wastedMs":0,"results":[]}},"name":"offscreen-images","description":"Offscreen images","scoringMode":"binary","informative":true,"details":{"itemHeaders":[{"itemType":"thumbnail","text":"","type":"text"},{"itemType":"url","text":"URL","type":"text"},{"itemType":"text","text":"Original","type":"text"},{"itemType":"text","text":"Potential Savings","type":"text"}],"header":"View Details","type":"table","items":[]}},"score":100,"weight":0,"id":"offscreen-images","group":"perf-hint"},{"result":{"displayValue":"","score":100,"helpText":"Minifying CSS files can reduce network payload sizes. [Learn more](https://developers.google.com/speed/docs/insights/MinifyResources).","rawValue":0,"extendedInfo":{"value":{"wastedKb":0,"wastedMs":0,"results":[]}},"name":"unminified-css","description":"Minify CSS","scoringMode":"binary","informative":true,"details":{"itemHeaders":[{"itemType":"url","text":"URL","type":"text"},{"itemType":"text","text":"Original","type":"text"},{"itemType":"text","text":"Potential Savings","type":"text"}],"header":"View Details","type":"table","items":[]}},"score":100,"weight":0,"id":"unminified-css","group":"perf-hint"},{"result":{"displayValue":"","score":100,"helpText":"Minifying JavaScript files can reduce payload sizes and script parse time. [Learn more](https://developers.google.com/speed/docs/insights/MinifyResources).","rawValue":0,"extendedInfo":{"value":{"wastedKb":0,"wastedMs":0,"results":[]}},"name":"unminified-javascript","description":"Minify JavaScript","scoringMode":"binary","informative":true,"details":{"itemHeaders":[{"itemType":"url","text":"URL","type":"text"},{"itemType":"text","text":"Original","type":"text"},{"itemType":"text","text":"Potential Savings","type":"text"}],"header":"View Details","type":"table","items":[]}},"score":100,"weight":0,"id":"unminified-javascript","group":"perf-hint"},{"result":{"displayValue":"Potential savings of 35 KB (~190 ms)","score":90,"helpText":"Remove unused rules from stylesheets to reduce unnecessary bytes consumed by network activity. [Learn more](https://developers.google.com/speed/docs/insights/OptimizeCSSDelivery)","rawValue":190,"extendedInfo":{"value":{"wastedKb":35,"wastedMs":190,"results":[{"wastedKb":"29 KB","totalKb":"32 KB","wastedMs":"160 ms","totalMs":"170 ms","potentialSavings":"29 KB (93%)","totalBytes":32261,"wastedPercent":92.80281987684556,"wastedBytes":29939,"url":"http://web/static/css/app.a1bcfeb0daa2a3f727390086fd42ee9d.css"},{"wastedKb":"5 KB","totalKb":"6 KB","wastedMs":"30 ms","totalMs":"30 ms","potentialSavings":"5 KB (98%)","totalBytes":5722,"wastedPercent":98.2698357217756,"wastedBytes":5623,"url":{"text":"a { color: #1976d2; } ...","type":"code"}}]}},"name":"unused-css-rules","description":"Unused CSS rules","scoringMode":"binary","informative":true,"details":{"itemHeaders":[{"itemType":"url","text":"URL","type":"text"},{"itemType":"text","text":"Original","type":"text"},{"itemType":"text","text":"Potential Savings","type":"text"}],"header":"View Details","type":"table","items":[[{"text":"http://web/static/css/app.a1bcfeb0daa2a3f727390086fd42ee9d.css","type":"url"},{"text":"32 KB","type":"text"},{"text":"29 KB (93%)","type":"text"}],[{"text":"a { color: #1976d2; } ...","type":"code"},{"text":"6 KB","type":"text"},{"text":"5 KB (98%)","type":"text"}]]}},"score":90,"weight":0,"id":"unused-css-rules","group":"perf-hint"},{"result":{"displayValue":"","score":100,"helpText":"Optimized images load faster and consume less cellular data. [Learn more](https://developers.google.com/web/tools/lighthouse/audits/optimize-images).","rawValue":0,"extendedInfo":{"value":{"wastedKb":0,"wastedMs":0,"results":[]}},"name":"uses-optimized-images","description":"Optimize images","scoringMode":"binary","informative":true,"details":{"itemHeaders":[{"itemType":"thumbnail","text":"","type":"text"},{"itemType":"url","text":"URL","type":"text"},{"itemType":"text","text":"Original","type":"text"},{"itemType":"text","text":"Potential Savings","type":"text"}],"header":"View Details","type":"table","items":[]}},"score":100,"weight":0,"id":"uses-optimized-images","group":"perf-hint"},{"result":{"displayValue":"","score":100,"helpText":"Image formats like JPEG 2000, JPEG XR, and WebP often provide better compression than PNG or JPEG, which means faster downloads and less data consumption. [Learn more](https://developers.google.com/web/tools/lighthouse/audits/webp).","rawValue":0,"extendedInfo":{"value":{"wastedKb":0,"wastedMs":0,"results":[]}},"name":"uses-webp-images","description":"Serve images in next-gen formats","scoringMode":"binary","informative":true,"details":{"itemHeaders":[{"itemType":"thumbnail","text":"","type":"text"},{"itemType":"url","text":"URL","type":"text"},{"itemType":"text","text":"Original","type":"text"},{"itemType":"text","text":"Potential Savings","type":"text"}],"header":"View Details","type":"table","items":[]}},"score":100,"weight":0,"id":"uses-webp-images","group":"perf-hint"},{"result":{"displayValue":"","score":100,"helpText":"Text-based responses should be served with compression (gzip, deflate or brotli) to minimize total network bytes. [Learn more](https://developers.google.com/web/fundamentals/performance/optimizing-content-efficiency/optimize-encoding-and-transfer).","rawValue":0,"extendedInfo":{"value":{"wastedKb":0,"wastedMs":0,"results":[]}},"name":"uses-request-compression","description":"Enable text compression","scoringMode":"binary","informative":true,"details":{"itemHeaders":[{"itemType":"url","text":"Uncompressed resource URL","type":"text"},{"itemType":"text","text":"Original","type":"text"},{"itemType":"text","text":"GZIP Savings","type":"text"}],"header":"View Details","type":"table","items":[]}},"score":100,"weight":0,"id":"uses-request-compression","group":"perf-hint"},{"result":{"displayValue":"","score":null,"debugString":"Audit error: Cannot read property '_timing' of undefined","helpText":"Time To First Byte identifies the time at which your server sends a response. [Learn more](https://developers.google.com/web/tools/chrome-devtools/network-performance/issues).","rawValue":null,"name":"time-to-first-byte","description":"Keep server response times low (TTFB)","scoringMode":"binary","informative":true,"error":true},"score":0,"weight":0,"id":"time-to-first-byte","group":"perf-hint"},{"result":{"displayValue":"","score":null,"debugString":"Audit error: Unable to identify the main resource","helpText":"Redirects introduce additional delays before the page can be loaded. [Learn more](https://developers.google.com/speed/docs/insights/AvoidRedirects).","rawValue":null,"name":"redirects","description":"Has multiple page redirects","scoringMode":"binary","error":true},"score":0,"weight":0,"id":"redirects","group":"perf-hint"},{"result":{"displayValue":"","score":null,"debugString":"Audit error: Unable to identify the main resource","helpText":"Consider using <link rel=preload> to prioritize fetching late-discovered resources sooner [Learn more](https://developers.google.com/web/updates/2016/03/link-rel-preload).","rawValue":null,"name":"uses-rel-preload","description":"Preload key requests","scoringMode":"numeric","informative":true,"error":true},"score":0,"weight":0,"id":"uses-rel-preload","group":"perf-hint"},{"result":{"displayValue":"Total size was 400 KB","score":100,"helpText":"Large network payloads cost users real money and are highly correlated with long load times. [Learn more](https://developers.google.com/web/tools/lighthouse/audits/network-payloads).","rawValue":409855,"extendedInfo":{"value":{"totalCompletedRequests":11,"results":[{"totalKb":"227 KB","totalMs":"1,240 ms","totalBytes":232785,"url":"http://web/static/js/vendor.d1efda22f11e965a5228.js"},{"totalKb":"48 KB","totalMs":"260 ms","totalBytes":49163,"url":"https://fonts.gstatic.com/s/materialicons/v37/flUhRq6tzZclQEJ-Vdg-IuiaDsNc.woff2"},{"totalKb":"46 KB","totalMs":"250 ms","totalBytes":47366,"url":"https://cdnjs.cloudflare.com/ajax/libs/Chart.js/2.7.1/Chart.min.js"},{"totalKb":"32 KB","totalMs":"170 ms","totalBytes":32261,"url":"http://web/static/css/app.a1bcfeb0daa2a3f727390086fd42ee9d.css"},{"totalKb":"15 KB","totalMs":"80 ms","totalBytes":15817,"url":"https://fonts.gstatic.com/s/roboto/v18/KFOlCnqEu92Fr1MmEU9fBBc4.woff2"},{"totalKb":"15 KB","totalMs":"80 ms","totalBytes":15461,"url":"https://fonts.gstatic.com/s/roboto/v18/KFOmCnqEu92Fr1Mu4mxK.woff2"},{"totalKb":"12 KB","totalMs":"70 ms","totalBytes":12691,"url":"http://web/static/js/app.310cd52123c59f9f64a5.js"},{"totalKb":"1 KB","totalMs":"10 ms","totalBytes":1524,"url":"https://unpkg.com/vue-chartjs@3.3.2/dist/vue-chartjs.min.js"},{"totalKb":"1 KB","totalMs":"10 ms","totalBytes":1211,"url":"http://web/"},{"totalKb":"1 KB","totalMs":"10 ms","totalBytes":1171,"url":"http://web/static/js/manifest.9f020e973ae4037504f6.js"}]}},"name":"total-byte-weight","description":"Avoids enormous network payloads","scoringMode":"numeric","details":{"itemHeaders":[{"itemType":"url","text":"URL","type":"text"},{"itemType":"text","text":"Total Size","type":"text"},{"itemType":"text","text":"Transfer Time","type":"text"}],"header":"View Details","type":"table","items":[[{"text":"http://web/static/js/vendor.d1efda22f11e965a5228.js","type":"url"},{"text":"227 KB","type":"text"},{"text":"1,240 ms","type":"text"}],[{"text":"https://fonts.gstatic.com/s/materialicons/v37/flUhRq6tzZclQEJ-Vdg-IuiaDsNc.woff2","type":"url"},{"text":"48 KB","type":"text"},{"text":"260 ms","type":"text"}],[{"text":"https://cdnjs.cloudflare.com/ajax/libs/Chart.js/2.7.1/Chart.min.js","type":"url"},{"text":"46 KB","type":"text"},{"text":"250 ms","type":"text"}],[{"text":"http://web/static/css/app.a1bcfeb0daa2a3f727390086fd42ee9d.css","type":"url"},{"text":"32 KB","type":"text"},{"text":"170 ms","type":"text"}],[{"text":"https://fonts.gstatic.com/s/roboto/v18/KFOlCnqEu92Fr1MmEU9fBBc4.woff2","type":"url"},{"text":"15 KB","type":"text"},{"text":"80 ms","type":"text"}],[{"text":"https://fonts.gstatic.com/s/roboto/v18/KFOmCnqEu92Fr1Mu4mxK.woff2","type":"url"},{"text":"15 KB","type":"text"},{"text":"80 ms","type":"text"}],[{"text":"http://web/static/js/app.310cd52123c59f9f64a5.js","type":"url"},{"text":"12 KB","type":"text"},{"text":"70 ms","type":"text"}],[{"text":"https://unpkg.com/vue-chartjs@3.3.2/dist/vue-chartjs.min.js","type":"url"},{"text":"1 KB","type":"text"},{"text":"10 ms","type":"text"}],[{"text":"http://web/","type":"url"},{"text":"1 KB","type":"text"},{"text":"10 ms","type":"text"}],[{"text":"http://web/static/js/manifest.9f020e973ae4037504f6.js","type":"url"},{"text":"1 KB","type":"text"},{"text":"10 ms","type":"text"}]]}},"score":100,"weight":0,"id":"total-byte-weight","group":"perf-info"},{"result":{"displayValue":"0 assets found","score":100,"helpText":"A long cache lifetime can speed up repeat visits to your page. [Learn more](https://developers.google.com/web/fundamentals/performance/optimizing-content-efficiency/http-caching#cache-control).","rawValue":0,"extendedInfo":{"value":{"queryStringCount":0,"results":[]}},"name":"uses-long-cache-ttl","description":"Uses efficient cache policy on static assets","scoringMode":"numeric","details":{"itemHeaders":[{"itemType":"url","text":"URL","type":"text"},{"itemType":"text","text":"Cache TTL","type":"text"},{"itemType":"text","text":"Size (KB)","type":"text"}],"header":"View Details","type":"table","items":[]}},"score":100,"weight":0,"id":"uses-long-cache-ttl","group":"perf-info"},{"result":{"displayValue":"94 nodes","score":100,"helpText":"Browser engineers recommend pages contain fewer than ~1,500 DOM nodes. The sweet spot is a tree depth < 32 elements and fewer than 60 children/parent element. A large DOM can increase memory usage, cause longer [style calculations](https://developers.google.com/web/fundamentals/performance/rendering/reduce-the-scope-and-complexity-of-style-calculations), and produce costly [layout reflows](https://developers.google.com/speed/articles/reflow). [Learn more](https://developers.google.com/web/fundamentals/performance/rendering/).","rawValue":94,"extendedInfo":{"value":[{"title":"Total DOM Nodes","value":"94","target":"< 1,500 nodes"},{"snippet":"html >\n  body >\n    main >\n      div#inspire.application.theme--dark >\n        div.application--wrap >\n          aside.navigation-drawer.navigation-drawer--clipped.navigation-drawer--close.navigation-drawer--fixed.navigation-drawer--is-mobile >\n            div.list >\n              div >\n                div.list__tile >\n                  div.input-group.input-group--dirty.input-group--selection-controls.switch.accent--text >\n                    div.input-group__input >\n                      div.input-group--selection-controls__container >\n                        div.input-group--selection-controls__toggle.input-group--selection-controls__toggle--active","title":"DOM Depth","value":"13","target":"< 32"},{"snippet":"Element with most children:\nhead","title":"Maximum Children","value":"8","target":"< 60 nodes"}]},"name":"dom-size","description":"Avoids an excessive DOM size","scoringMode":"numeric","details":{"header":{"text":"View details","type":"text"},"type":"cards","items":[{"title":"Total DOM Nodes","value":"94","target":"< 1,500 nodes"},{"snippet":"html >\n  body >\n    main >\n      div#inspire.application.theme--dark >\n        div.application--wrap >\n          aside.navigation-drawer.navigation-drawer--clipped.navigation-drawer--close.navigation-drawer--fixed.navigation-drawer--is-mobile >\n            div.list >\n              div >\n                div.list__tile >\n                  div.input-group.input-group--dirty.input-group--selection-controls.switch.accent--text >\n                    div.input-group__input >\n                      div.input-group--selection-controls__container >\n                        div.input-group--selection-controls__toggle.input-group--selection-controls__toggle--active","title":"DOM Depth","value":"13","target":"< 32"},{"snippet":"Element with most children:\nhead","title":"Maximum Children","value":"8","target":"< 60 nodes"}]}},"score":100,"weight":0,"id":"dom-size","group":"perf-info"},{"result":{"displayValue":"","score":null,"debugString":"Audit error: Unable to identify the main resource","helpText":"The Critical Request Chains below show you what resources are issued with a high priority. Consider reducing the length of chains, reducing the download size of resources, or deferring the download of unnecessary resources to improve page load. [Learn more](https://developers.google.com/web/tools/lighthouse/audits/critical-request-chains).","rawValue":null,"name":"critical-request-chains","description":"Critical Request Chains","scoringMode":"binary","informative":true,"error":true},"score":0,"weight":0,"id":"critical-request-chains","group":"perf-info"},{"result":{"displayValue":"11","score":100,"helpText":"Lists the network requests that were made during page load.","rawValue":11,"extendedInfo":{"value":[{"transferSize":1211,"startTime":0,"endTime":638.9249991625547,"mimeType":"text/html","url":"http://web/","statusCode":200,"resourceType":"document"},{"transferSize":1171,"startTime":755.621999502182,"endTime":1328.4680005162954,"mimeType":"application/javascript","url":"http://web/static/js/manifest.9f020e973ae4037504f6.js","statusCode":200,"resourceType":"script"},{"transferSize":232785,"startTime":755.7720001786947,"endTime":2917.8979992866516,"mimeType":"application/javascript","url":"http://web/static/js/vendor.d1efda22f11e965a5228.js","statusCode":200,"resourceType":"script"},{"transferSize":12691,"startTime":755.9009995311499,"endTime":1470.6410001963377,"mimeType":"application/javascript","url":"http://web/static/js/app.310cd52123c59f9f64a5.js","statusCode":200,"resourceType":"script"},{"transferSize":47366,"startTime":790.370000526309,"endTime":2162.829000502825,"mimeType":"application/javascript","url":"https://cdnjs.cloudflare.com/ajax/libs/Chart.js/2.7.1/Chart.min.js","statusCode":200,"resourceType":"script"},{"transferSize":405,"startTime":790.8159997314215,"endTime":1663.72200101614,"mimeType":"text/plain","url":"https://unpkg.com/vue-chartjs/dist/vue-chartjs.min.js","statusCode":302},{"transferSize":1524,"startTime":1664.8290008306503,"endTime":2258.2770008593798,"mimeType":"application/javascript","url":"https://unpkg.com/vue-chartjs@3.3.2/dist/vue-chartjs.min.js","statusCode":200,"resourceType":"script"},{"transferSize":32261,"startTime":4527.456000447273,"endTime":5278.87500077486,"mimeType":"text/css","url":"http://web/static/css/app.a1bcfeb0daa2a3f727390086fd42ee9d.css","statusCode":200,"resourceType":"stylesheet"},{"transferSize":15461,"startTime":5458.613000810146,"endTime":6342.342000454664,"mimeType":"font/woff2","url":"https://fonts.gstatic.com/s/roboto/v18/KFOmCnqEu92Fr1Mu4mxK.woff2","statusCode":200,"resourceType":"font"},{"transferSize":49163,"startTime":5458.761001005769,"endTime":6524.431999772787,"mimeType":"font/woff2","url":"https://fonts.gstatic.com/s/materialicons/v37/flUhRq6tzZclQEJ-Vdg-IuiaDsNc.woff2","statusCode":200,"resourceType":"font"},{"transferSize":15817,"startTime":5458.878999575973,"endTime":6334.002999588847,"mimeType":"font/woff2","url":"https://fonts.gstatic.com/s/roboto/v18/KFOlCnqEu92Fr1MmEU9fBBc4.woff2","statusCode":200,"resourceType":"font"}]},"name":"network-requests","description":"Network Requests","scoringMode":"binary","informative":true,"details":{"itemHeaders":[{"itemType":"url","text":"URL","type":"text"},{"itemType":"ms","text":"Start Time","type":"text"},{"itemType":"ms","text":"End Time","type":"text"},{"itemType":"bytes","text":"Transfer Size","type":"text"},{"itemType":"text","text":"Status Code","type":"text"},{"itemType":"text","text":"MIME Type","type":"text"},{"itemType":"text","text":"Resource Type","type":"text"}],"header":"View Details","type":"table","items":[[{"text":"http://web/","type":"url"},{"text":0,"type":"ms"},{"text":638.9249991625547,"type":"ms"},{"text":1211,"type":"bytes"},{"text":200,"type":"text"},{"text":"text/html","type":"text"},{"text":"document","type":"text"}],[{"text":"http://web/static/js/manifest.9f020e973ae4037504f6.js","type":"url"},{"text":755.621999502182,"type":"ms"},{"text":1328.4680005162954,"type":"ms"},{"text":1171,"type":"bytes"},{"text":200,"type":"text"},{"text":"application/javascript","type":"text"},{"text":"script","type":"text"}],[{"text":"http://web/static/js/vendor.d1efda22f11e965a5228.js","type":"url"},{"text":755.7720001786947,"type":"ms"},{"text":2917.8979992866516,"type":"ms"},{"text":232785,"type":"bytes"},{"text":200,"type":"text"},{"text":"application/javascript","type":"text"},{"text":"script","type":"text"}],[{"text":"http://web/static/js/app.310cd52123c59f9f64a5.js","type":"url"},{"text":755.9009995311499,"type":"ms"},{"text":1470.6410001963377,"type":"ms"},{"text":12691,"type":"bytes"},{"text":200,"type":"text"},{"text":"application/javascript","type":"text"},{"text":"script","type":"text"}],[{"text":"https://cdnjs.cloudflare.com/ajax/libs/Chart.js/2.7.1/Chart.min.js","type":"url"},{"text":790.370000526309,"type":"ms"},{"text":2162.829000502825,"type":"ms"},{"text":47366,"type":"bytes"},{"text":200,"type":"text"},{"text":"application/javascript","type":"text"},{"text":"script","type":"text"}],[{"text":"https://unpkg.com/vue-chartjs/dist/vue-chartjs.min.js","type":"url"},{"text":790.8159997314215,"type":"ms"},{"text":1663.72200101614,"type":"ms"},{"text":405,"type":"bytes"},{"text":302,"type":"text"},{"text":"text/plain","type":"text"},{"type":"text"}],[{"text":"https://unpkg.com/vue-chartjs@3.3.2/dist/vue-chartjs.min.js","type":"url"},{"text":1664.8290008306503,"type":"ms"},{"text":2258.2770008593798,"type":"ms"},{"text":1524,"type":"bytes"},{"text":200,"type":"text"},{"text":"application/javascript","type":"text"},{"text":"script","type":"text"}],[{"text":"http://web/static/css/app.a1bcfeb0daa2a3f727390086fd42ee9d.css","type":"url"},{"text":4527.456000447273,"type":"ms"},{"text":5278.87500077486,"type":"ms"},{"text":32261,"type":"bytes"},{"text":200,"type":"text"},{"text":"text/css","type":"text"},{"text":"stylesheet","type":"text"}],[{"text":"https://fonts.gstatic.com/s/roboto/v18/KFOmCnqEu92Fr1Mu4mxK.woff2","type":"url"},{"text":5458.613000810146,"type":"ms"},{"text":6342.342000454664,"type":"ms"},{"text":15461,"type":"bytes"},{"text":200,"type":"text"},{"text":"font/woff2","type":"text"},{"text":"font","type":"text"}],[{"text":"https://fonts.gstatic.com/s/materialicons/v37/flUhRq6tzZclQEJ-Vdg-IuiaDsNc.woff2","type":"url"},{"text":5458.761001005769,"type":"ms"},{"text":6524.431999772787,"type":"ms"},{"text":49163,"type":"bytes"},{"text":200,"type":"text"},{"text":"font/woff2","type":"text"},{"text":"font","type":"text"}],[{"text":"https://fonts.gstatic.com/s/roboto/v18/KFOlCnqEu92Fr1MmEU9fBBc4.woff2","type":"url"},{"text":5458.878999575973,"type":"ms"},{"text":6334.002999588847,"type":"ms"},{"text":15817,"type":"bytes"},{"text":200,"type":"text"},{"text":"font/woff2","type":"text"},{"text":"font","type":"text"}]]}},"score":100,"weight":0,"id":"network-requests"},{"result":{"displayValue":"0","score":true,"helpText":"Consider instrumenting your app with the User Timing API to create custom, real-world measurements of key user experiences. [Learn more](https://developers.google.com/web/tools/lighthouse/audits/user-timing).","rawValue":true,"extendedInfo":{"value":[]},"name":"user-timings","description":"User Timing marks and measures","scoringMode":"binary","informative":true,"details":{"itemHeaders":[{"itemType":"text","text":"Name","type":"text"},{"itemType":"text","text":"Type","type":"text"},{"itemType":"text","text":"Time","type":"text"}],"header":"View Details","type":"table","items":[]}},"score":100,"weight":0,"id":"user-timings","group":"perf-info"},{"result":{"displayValue":"1,570 ms","score":true,"helpText":"Consider reducing the time spent parsing, compiling, and executing JS. You may find delivering smaller JS payloads helps with this. [Learn more](https://developers.google.com/web/lighthouse/audits/bootup).","rawValue":1573.503999710083,"extendedInfo":{"value":{"http://web/static/js/app.310cd52123c59f9f64a5.js":{"Script Evaluation":1173.697998046875,"Script Parsing & Compile":22.533000946044922},"http://web/static/js/vendor.d1efda22f11e965a5228.js":{"Style & Layout":178.41699981689453,"Script Parsing & Compile":14.004999160766602,"Script Evaluation":9.45100212097168},"https://unpkg.com/vue-chartjs@3.3.2/dist/vue-chartjs.min.js":{"Script Evaluation":6.445001602172852,"Script Parsing & Compile":4.004999160766602},"https://cdnjs.cloudflare.com/ajax/libs/Chart.js/2.7.1/Chart.min.js":{"Style & Layout":0.8509998321533203,"Script Evaluation":90.19700050354004,"Script Parsing & Compile":0.5679988861083984},"http://web/static/js/manifest.9f020e973ae4037504f6.js":{"Script Parsing & Compile":2.184000015258789,"Script Evaluation":1.4300003051757812},"http://web/":{"Style & Layout":0.0989990234375,"Script Evaluation":7.028999328613281,"Script Parsing & Compile":0.14599990844726562},"http://web/#/":{"Parsing HTML & CSS":62.446001052856445}}},"name":"bootup-time","description":"JavaScript boot-up time","scoringMode":"binary","details":{"itemHeaders":[{"itemType":"url","text":"URL","type":"text"},{"itemType":"text","text":"Script Evaluation","type":"text"},{"itemType":"text","text":"Script Parsing & Compile","type":"text"}],"header":"View Details","type":"table","items":[[{"text":"http://web/static/js/app.310cd52123c59f9f64a5.js","type":"url"},{"text":"1,174 ms","type":"text"},{"text":"23 ms","type":"text"}],[{"text":"https://cdnjs.cloudflare.com/ajax/libs/Chart.js/2.7.1/Chart.min.js","type":"url"},{"text":"90 ms","type":"text"},{"text":"1 ms","type":"text"}],[{"text":"http://web/static/js/vendor.d1efda22f11e965a5228.js","type":"url"},{"text":"9 ms","type":"text"},{"text":"14 ms","type":"text"}],[{"text":"https://unpkg.com/vue-chartjs@3.3.2/dist/vue-chartjs.min.js","type":"url"},{"text":"6 ms","type":"text"},{"text":"4 ms","type":"text"}]]}},"score":100,"weight":0,"id":"bootup-time","group":"perf-info"},{"result":{"displayValue":"true","score":100,"helpText":"This is what the load of your site looked like.","rawValue":true,"name":"screenshot-thumbnails","description":"Screenshot Thumbnails","scoringMode":"binary","informative":true,"details":{"scale":6606,"type":"filmstrip","items":[{"data":"/9j/4AAQSkZJRgABAQAAAQABAAD/2wCEAAMCAgMCAgMDAwMEAwMEBQgFBQQEBQoHBwYIDAoMDAsKCwsNDhIQDQ4RDgsLEBYQERMUFRUVDA8XGBYUGBIUFRQBAwQEBQQFCQUFCRQNCw0UFBQUFBQUFBQUFBQUFBQUFBQUFBQUFBQUFBQUFBQUFBQUFBQUFBQUFBQUFBQUFBQUFP/AABEIANUAeAMBEQACEQEDEQH/xAGiAAABBQEBAQEBAQAAAAAAAAAAAQIDBAUGBwgJCgsQAAIBAwMCBAMFBQQEAAABfQECAwAEEQUSITFBBhNRYQcicRQygZGhCCNCscEVUtHwJDNicoIJChYXGBkaJSYnKCkqNDU2Nzg5OkNERUZHSElKU1RVVldYWVpjZGVmZ2hpanN0dXZ3eHl6g4SFhoeIiYqSk5SVlpeYmZqio6Slpqeoqaqys7S1tre4ubrCw8TFxsfIycrS09TV1tfY2drh4uPk5ebn6Onq8fLz9PX29/j5+gEAAwEBAQEBAQEBAQAAAAAAAAECAwQFBgcICQoLEQACAQIEBAMEBwUEBAABAncAAQIDEQQFITEGEkFRB2FxEyIygQgUQpGhscEJIzNS8BVictEKFiQ04SXxFxgZGiYnKCkqNTY3ODk6Q0RFRkdISUpTVFVWV1hZWmNkZWZnaGlqc3R1dnd4eXqCg4SFhoeIiYqSk5SVlpeYmZqio6Slpqeoqaqys7S1tre4ubrCw8TFxsfIycrS09TV1tfY2dri4+Tl5ufo6ery8/T19vf4+fr/2gAMAwEAAhEDEQA/AP1ToAKACgAoAKACgAoAKACgAoAKACgAoAKACgAoAKACgAoAKACgAoAKACgAoAKACgAoAKACgAoAKACgAoAKACgAoAKACgAoAKACgAoAKACgAoAKACgAoAKACgAoAKACgAoAKACgAoAKACgAoAKACgAoAKACgAoAKACgAoAKACgAoAKACgAoAKACgAoAKACgAoAKACgAoAKACgAoAKACgAoAKACgAoAKACgAoAKACgAoAKACgAoAKACgAoAKACgAoAKACgAoAKACgAoAKACgAoAKACgAoAKACgAoAKACgAoAKACgAoAKACgAoAKACgAoAKACgAoAKACgAoAKACgAoAKACgAoAKACgAoAKACgAoAKACgAoAKACgAoAKACgAoAKACgAoAKACgAoAKACgAoAKACgAoAKACgAoAKACgAoAKACgAoAKACgAoAKACgAoAKACgAoAKACgAoAKACgAoAKACgAoAKACgAoAKACgAoAKACgAoAKACgAoAKACgAoAKACgAoAKACgAoAKACgAoAKACgAoAKACgAoAKACgAoAKACgAoAKACgAoAKACgAoAKACgAoAKACgAoAKACgAoAKACgAoAKACgAoAKACgAoAKACgAoAKACgAoAKACgAoAKACgAoAKACgAoAKACgAoAKACgAoAKACgAoAKACgAoAKACgAoAKACgAoAKACgAoAKACgAoAKACgAoAKACgAoAKACgAoAKACgAoAKACgAoAKACgAoAKACgAoAKACgAoAKACgAoAKACgAoAKACgAoAKACgAoAKACgAoAKACgAoAKACgAoAKACgAoAKACgAoAKACgAoAKACgAoAKACgAoAKACgAoAKACgAoAKACgAoAKACgAoAKACgAoAKACgAoAKACgAoAKACgAoAKACgAoAKACgAoAKACgAoAKACgAoAKACgAoAKACgAoAKACgD//Z","timing":661,"timestamp":8650053854298},{"data":"/9j/4AAQSkZJRgABAQAAAQABAAD/2wCEAAMCAgMCAgMDAwMEAwMEBQgFBQQEBQoHBwYIDAoMDAsKCwsNDhIQDQ4RDgsLEBYQERMUFRUVDA8XGBYUGBIUFRQBAwQEBQQFCQUFCRQNCw0UFBQUFBQUFBQUFBQUFBQUFBQUFBQUFBQUFBQUFBQUFBQUFBQUFBQUFBQUFBQUFBQUFP/AABEIANUAeAMBEQACEQEDEQH/xAGiAAABBQEBAQEBAQAAAAAAAAAAAQIDBAUGBwgJCgsQAAIBAwMCBAMFBQQEAAABfQECAwAEEQUSITFBBhNRYQcicRQygZGhCCNCscEVUtHwJDNicoIJChYXGBkaJSYnKCkqNDU2Nzg5OkNERUZHSElKU1RVVldYWVpjZGVmZ2hpanN0dXZ3eHl6g4SFhoeIiYqSk5SVlpeYmZqio6Slpqeoqaqys7S1tre4ubrCw8TFxsfIycrS09TV1tfY2drh4uPk5ebn6Onq8fLz9PX29/j5+gEAAwEBAQEBAQEBAQAAAAAAAAECAwQFBgcICQoLEQACAQIEBAMEBwUEBAABAncAAQIDEQQFITEGEkFRB2FxEyIygQgUQpGhscEJIzNS8BVictEKFiQ04SXxFxgZGiYnKCkqNTY3ODk6Q0RFRkdISUpTVFVWV1hZWmNkZWZnaGlqc3R1dnd4eXqCg4SFhoeIiYqSk5SVlpeYmZqio6Slpqeoqaqys7S1tre4ubrCw8TFxsfIycrS09TV1tfY2dri4+Tl5ufo6ery8/T19vf4+fr/2gAMAwEAAhEDEQA/AP1ToAKACgAoAKACgAoAKACgAoAKACgAoAKACgAoAKACgAoAKACgAoAKACgAoAKACgAoAKACgAoAKACgAoAKACgAoAKACgAoAKACgAoAKACgAoAKACgAoAKACgAoAKACgAoAKACgAoAKACgAoAKACgAoAKACgAoAKACgAoAKACgAoAKACgAoAKACgAoAKACgAoAKACgAoAKACgAoAKACgAoAKACgAoAKACgAoAKACgAoAKACgAoAKACgAoAKACgAoAKACgAoAKACgAoAKACgAoAKACgAoAKACgAoAKACgAoAKACgAoAKACgAoAKACgAoAKACgAoAKACgAoAKACgAoAKACgAoAKACgAoAKACgAoAKACgAoAKACgAoAKACgAoAKACgAoAKACgAoAKACgAoAKACgAoAKACgAoAKACgAoAKACgAoAKACgAoAKACgAoAKACgAoAKACgAoAKACgAoAKACgAoAKACgAoAKACgAoAKACgAoAKACgAoAKACgAoAKACgAoAKACgAoAKACgAoAKACgAoAKACgAoAKACgAoAKACgAoAKACgAoAKACgAoAKACgAoAKACgAoAKACgAoAKACgAoAKACgAoAKACgAoAKACgAoAKACgAoAKACgAoAKACgAoAKACgAoAKACgAoAKACgAoAKACgAoAKACgAoAKACgAoAKACgAoAKACgAoAKACgAoAKACgAoAKACgAoAKACgAoAKACgAoAKACgAoAKACgAoAKACgAoAKACgAoAKACgAoAKACgAoAKACgAoAKACgAoAKACgAoAKACgAoAKACgAoAKACgAoAKACgAoAKACgAoAKACgAoAKACgAoAKACgAoAKACgAoAKACgAoAKACgAoAKACgAoAKACgAoAKACgAoAKACgAoAKACgAoAKACgAoAKACgAoAKACgAoAKACgAoAKACgAoAKACgD//Z","timing":1321,"timestamp":8.650054514898001E12},{"data":"/9j/4AAQSkZJRgABAQAAAQABAAD/2wCEAAMCAgMCAgMDAwMEAwMEBQgFBQQEBQoHBwYIDAoMDAsKCwsNDhIQDQ4RDgsLEBYQERMUFRUVDA8XGBYUGBIUFRQBAwQEBQQFCQUFCRQNCw0UFBQUFBQUFBQUFBQUFBQUFBQUFBQUFBQUFBQUFBQUFBQUFBQUFBQUFBQUFBQUFBQUFP/AABEIANUAeAMBEQACEQEDEQH/xAGiAAABBQEBAQEBAQAAAAAAAAAAAQIDBAUGBwgJCgsQAAIBAwMCBAMFBQQEAAABfQECAwAEEQUSITFBBhNRYQcicRQygZGhCCNCscEVUtHwJDNicoIJChYXGBkaJSYnKCkqNDU2Nzg5OkNERUZHSElKU1RVVldYWVpjZGVmZ2hpanN0dXZ3eHl6g4SFhoeIiYqSk5SVlpeYmZqio6Slpqeoqaqys7S1tre4ubrCw8TFxsfIycrS09TV1tfY2drh4uPk5ebn6Onq8fLz9PX29/j5+gEAAwEBAQEBAQEBAQAAAAAAAAECAwQFBgcICQoLEQACAQIEBAMEBwUEBAABAncAAQIDEQQFITEGEkFRB2FxEyIygQgUQpGhscEJIzNS8BVictEKFiQ04SXxFxgZGiYnKCkqNTY3ODk6Q0RFRkdISUpTVFVWV1hZWmNkZWZnaGlqc3R1dnd4eXqCg4SFhoeIiYqSk5SVlpeYmZqio6Slpqeoqaqys7S1tre4ubrCw8TFxsfIycrS09TV1tfY2dri4+Tl5ufo6ery8/T19vf4+fr/2gAMAwEAAhEDEQA/AP1ToAKACgAoAKACgAoAKACgAoAKACgAoAKACgAoAKACgAoAKACgAoAKACgAoAKACgAoAKACgAoAKACgAoAKACgAoAKACgAoAKACgAoAKACgAoAKACgAoAKACgAoAKACgAoAKACgAoAKACgAoAKACgAoAKACgAoAKACgAoAKACgAoAKACgAoAKACgAoAKACgAoAKACgAoAKACgAoAKACgAoAKACgAoAKACgAoAKACgAoAKACgAoAKACgAoAKACgAoAKACgAoAKACgAoAKACgAoAKACgAoAKACgAoAKACgAoAKACgAoAKACgAoAKACgAoAKACgAoAKACgAoAKACgAoAKACgAoAKACgAoAKACgAoAKACgAoAKACgAoAKACgAoAKACgAoAKACgAoAKACgAoAKACgAoAKACgAoAKACgAoAKACgAoAKACgAoAKACgAoAKACgAoAKACgAoAKACgAoAKACgAoAKACgAoAKACgAoAKACgAoAKACgAoAKACgAoAKACgAoAKACgAoAKACgAoAKACgAoAKACgAoAKACgAoAKACgAoAKACgAoAKACgAoAKACgAoAKACgAoAKACgAoAKACgAoAKACgAoAKACgAoAKACgAoAKACgAoAKACgAoAKACgAoAKACgAoAKACgAoAKACgAoAKACgAoAKACgAoAKACgAoAKACgAoAKACgAoAKACgAoAKACgAoAKACgAoAKACgAoAKACgAoAKACgAoAKACgAoAKACgAoAKACgAoAKACgAoAKACgAoAKACgAoAKACgAoAKACgAoAKACgAoAKACgAoAKACgAoAKACgAoAKACgAoAKACgAoAKACgAoAKACgAoAKACgAoAKACgAoAKACgAoAKACgAoAKACgAoAKACgAoAKACgAoAKACgAoAKACgAoAKACgAoAKACgAoAKACgAoAKACgAoAKACgD//Z","timing":1982,"timestamp":8.650055175497999E12},{"data":"/9j/4AAQSkZJRgABAQAAAQABAAD/2wCEAAMCAgMCAgMDAwMEAwMEBQgFBQQEBQoHBwYIDAoMDAsKCwsNDhIQDQ4RDgsLEBYQERMUFRUVDA8XGBYUGBIUFRQBAwQEBQQFCQUFCRQNCw0UFBQUFBQUFBQUFBQUFBQUFBQUFBQUFBQUFBQUFBQUFBQUFBQUFBQUFBQUFBQUFBQUFP/AABEIANUAeAMBEQACEQEDEQH/xAGiAAABBQEBAQEBAQAAAAAAAAAAAQIDBAUGBwgJCgsQAAIBAwMCBAMFBQQEAAABfQECAwAEEQUSITFBBhNRYQcicRQygZGhCCNCscEVUtHwJDNicoIJChYXGBkaJSYnKCkqNDU2Nzg5OkNERUZHSElKU1RVVldYWVpjZGVmZ2hpanN0dXZ3eHl6g4SFhoeIiYqSk5SVlpeYmZqio6Slpqeoqaqys7S1tre4ubrCw8TFxsfIycrS09TV1tfY2drh4uPk5ebn6Onq8fLz9PX29/j5+gEAAwEBAQEBAQEBAQAAAAAAAAECAwQFBgcICQoLEQACAQIEBAMEBwUEBAABAncAAQIDEQQFITEGEkFRB2FxEyIygQgUQpGhscEJIzNS8BVictEKFiQ04SXxFxgZGiYnKCkqNTY3ODk6Q0RFRkdISUpTVFVWV1hZWmNkZWZnaGlqc3R1dnd4eXqCg4SFhoeIiYqSk5SVlpeYmZqio6Slpqeoqaqys7S1tre4ubrCw8TFxsfIycrS09TV1tfY2dri4+Tl5ufo6ery8/T19vf4+fr/2gAMAwEAAhEDEQA/AP1ToAKACgAoAKACgAoAKACgAoAKACgAoAKACgAoAKACgAoAKACgAoAKACgAoAKACgAoAKACgAoAKACgAoAKACgAoAKACgAoAKACgAoAKACgAoAKACgAoAKACgAoAKACgAoAKACgAoAKACgAoAKACgAoAKACgAoAKACgAoAKACgAoAKACgAoAKACgAoAKACgAoAKACgAoAKACgAoAKACgAoAKACgAoAKACgAoAKACgAoAKACgAoAKACgAoAKACgAoAKACgAoAKACgAoAKACgAoAKACgAoAKACgAoAKACgAoAKACgAoAKACgAoAKACgAoAKACgAoAKACgAoAKACgAoAKACgAoAKACgAoAKACgAoAKACgAoAKACgAoAKACgAoAKACgAoAKACgAoAKACgAoAKACgAoAKACgAoAKACgAoAKACgAoAKACgAoAKACgAoAKACgAoAKACgAoAKACgAoAKACgAoAKACgAoAKACgAoAKACgAoAKACgAoAKACgAoAKACgAoAKACgAoAKACgAoAKACgAoAKACgAoAKACgAoAKACgAoAKACgAoAKACgAoAKACgAoAKACgAoAKACgAoAKACgAoAKACgAoAKACgAoAKACgAoAKACgAoAKACgAoAKACgAoAKACgAoAKACgAoAKACgAoAKACgAoAKACgAoAKACgAoAKACgAoAKACgAoAKACgAoAKACgAoAKACgAoAKACgAoAKACgAoAKACgAoAKACgAoAKACgAoAKACgAoAKACgAoAKACgAoAKACgAoAKACgAoAKACgAoAKACgAoAKACgAoAKACgAoAKACgAoAKACgAoAKACgAoAKACgAoAKACgAoAKACgAoAKACgAoAKACgAoAKACgAoAKACgAoAKACgAoAKACgAoAKACgAoAKACgAoAKACgAoAKACgAoAKACgAoAKACgAoAKACgD//Z","timing":2642,"timestamp":8650055836098},{"data":"/9j/4AAQSkZJRgABAQAAAQABAAD/2wCEAAMCAgMCAgMDAwMEAwMEBQgFBQQEBQoHBwYIDAoMDAsKCwsNDhIQDQ4RDgsLEBYQERMUFRUVDA8XGBYUGBIUFRQBAwQEBQQFCQUFCRQNCw0UFBQUFBQUFBQUFBQUFBQUFBQUFBQUFBQUFBQUFBQUFBQUFBQUFBQUFBQUFBQUFBQUFP/AABEIANUAeAMBEQACEQEDEQH/xAGiAAABBQEBAQEBAQAAAAAAAAAAAQIDBAUGBwgJCgsQAAIBAwMCBAMFBQQEAAABfQECAwAEEQUSITFBBhNRYQcicRQygZGhCCNCscEVUtHwJDNicoIJChYXGBkaJSYnKCkqNDU2Nzg5OkNERUZHSElKU1RVVldYWVpjZGVmZ2hpanN0dXZ3eHl6g4SFhoeIiYqSk5SVlpeYmZqio6Slpqeoqaqys7S1tre4ubrCw8TFxsfIycrS09TV1tfY2drh4uPk5ebn6Onq8fLz9PX29/j5+gEAAwEBAQEBAQEBAQAAAAAAAAECAwQFBgcICQoLEQACAQIEBAMEBwUEBAABAncAAQIDEQQFITEGEkFRB2FxEyIygQgUQpGhscEJIzNS8BVictEKFiQ04SXxFxgZGiYnKCkqNTY3ODk6Q0RFRkdISUpTVFVWV1hZWmNkZWZnaGlqc3R1dnd4eXqCg4SFhoeIiYqSk5SVlpeYmZqio6Slpqeoqaqys7S1tre4ubrCw8TFxsfIycrS09TV1tfY2dri4+Tl5ufo6ery8/T19vf4+fr/2gAMAwEAAhEDEQA/AP1ToAKACgAoAKACgAoAKACgAoAKACgAoAKACgAoAKACgAoAKACgAoAKACgAoAKACgAoAKACgAoAKACgAoAKACgAoAKACgAoAKACgAoAKACgAoAKACgAoAKACgAoAKACgAoAKACgAoAKACgAoAKACgAoAKACgAoAKACgAoAKACgAoAKACgAoAKACgAoAKACgAoAKACgAoAKACgAoAKACgAoAKACgAoAKACgAoAKACgAoAKACgAoAKACgAoAKACgAoAKACgAoAKACgAoAKACgAoAKACgAoAKACgAoAKACgAoAKACgAoAKACgAoAKACgAoAKACgAoAKACgAoAKACgAoAKACgAoAKACgAoAKACgAoAKACgAoAKACgAoAKACgAoAKACgAoAKACgAoAKACgAoAKACgAoAKACgAoAKACgAoAKACgAoAKACgAoAKACgAoAKACgAoAKACgAoAKACgAoAKACgAoAKACgAoAKACgAoAKACgAoAKACgAoAKACgAoAKACgAoAKACgAoAKACgAoAKACgAoAKACgAoAKACgAoAKACgAoAKACgAoAKACgAoAKACgAoAKACgAoAKACgAoAKACgAoAKACgAoAKACgAoAKACgAoAKACgAoAKACgAoAKACgAoAKACgAoAKACgAoAKACgAoAKACgAoAKACgAoAKACgAoAKACgAoAKACgAoAKACgAoAKACgAoAKACgAoAKACgAoAKACgAoAKACgAoAKACgAoAKACgAoAKACgAoAKACgAoAKACgAoAKACgAoAKACgAoAKACgAoAKACgAoAKACgAoAKACgAoAKACgAoAKACgAoAKACgAoAKACgAoAKACgAoAKACgAoAKACgAoAKACgAoAKACgAoAKACgAoAKACgAoAKACgAoAKACgAoAKACgAoAKACgAoAKACgAoAKACgAoAKACgAoAKACgD//Z","timing":3303,"timestamp":8650056496698},{"data":"/9j/4AAQSkZJRgABAQAAAQABAAD/2wCEAAMCAgMCAgMDAwMEAwMEBQgFBQQEBQoHBwYIDAoMDAsKCwsNDhIQDQ4RDgsLEBYQERMUFRUVDA8XGBYUGBIUFRQBAwQEBQQFCQUFCRQNCw0UFBQUFBQUFBQUFBQUFBQUFBQUFBQUFBQUFBQUFBQUFBQUFBQUFBQUFBQUFBQUFBQUFP/AABEIANUAeAMBEQACEQEDEQH/xAGiAAABBQEBAQEBAQAAAAAAAAAAAQIDBAUGBwgJCgsQAAIBAwMCBAMFBQQEAAABfQECAwAEEQUSITFBBhNRYQcicRQygZGhCCNCscEVUtHwJDNicoIJChYXGBkaJSYnKCkqNDU2Nzg5OkNERUZHSElKU1RVVldYWVpjZGVmZ2hpanN0dXZ3eHl6g4SFhoeIiYqSk5SVlpeYmZqio6Slpqeoqaqys7S1tre4ubrCw8TFxsfIycrS09TV1tfY2drh4uPk5ebn6Onq8fLz9PX29/j5+gEAAwEBAQEBAQEBAQAAAAAAAAECAwQFBgcICQoLEQACAQIEBAMEBwUEBAABAncAAQIDEQQFITEGEkFRB2FxEyIygQgUQpGhscEJIzNS8BVictEKFiQ04SXxFxgZGiYnKCkqNTY3ODk6Q0RFRkdISUpTVFVWV1hZWmNkZWZnaGlqc3R1dnd4eXqCg4SFhoeIiYqSk5SVlpeYmZqio6Slpqeoqaqys7S1tre4ubrCw8TFxsfIycrS09TV1tfY2dri4+Tl5ufo6ery8/T19vf4+fr/2gAMAwEAAhEDEQA/AP1ToAKACgAoAKACgAoAKACgAoAKACgAoAKACgAoAKACgAoAKACgAoAKACgAoAKACgAoAKACgAoAKACgAoAKACgAoAKACgAoAKACgAoAKACgAoAKACgAoAKACgAoAKACgAoAKACgAoAKACgAoAKACgAoAKACgAoAKACgAoAKACgAoAKACgAoAKACgAoAKACgAoAKACgAoAKACgAoAKACgAoAKACgAoAKACgAoAKACgAoAKACgAoAKACgAoAKACgAoAKACgAoAKACgAoAKACgAoAKACgAoAKACgAoAKACgAoAKACgAoAKACgAoAKACgAoAKACgAoAKACgAoAKACgAoAKACgAoAKACgAoAKACgAoAKACgAoAKACgAoAKACgAoAKACgAoAKACgAoAKACgAoAKACgAoAKACgAoAKACgAoAKACgAoAKACgAoAKACgAoAKACgAoAKACgAoAKACgAoAKACgAoAKACgAoAKACgAoAKACgAoAKACgAoAKACgAoAKACgAoAKACgAoAKACgAoAKACgAoAKACgAoAKACgAoAKACgAoAKACgAoAKACgAoAKACgAoAKACgAoAKACgAoAKACgAoAKACgAoAKACgAoAKACgAoAKACgAoAKACgAoAKACgAoAKACgAoAKACgAoAKACgAoAKACgAoAKACgAoAKACgAoAKACgAoAKACgAoAKACgAoAKACgAoAKACgAoAKACgAoAKACgAoAKACgAoAKACgAoAKACgAoAKACgAoAKACgAoAKACgAoAKACgAoAKACgAoAKACgAoAKACgAoAKACgAoAKACgAoAKACgAoAKACgAoAKACgAoAKACgAoAKACgAoAKACgAoAKACgAoAKACgAoAKACgAoAKACgAoAKACgAoAKACgAoAKACgAoAKACgAoAKACgAoAKACgAoAKACgAoAKACgAoAKACgD//Z","timing":3964,"timestamp":8650057157298},{"data":"/9j/4AAQSkZJRgABAQAAAQABAAD/2wCEAAMCAgMCAgMDAwMEAwMEBQgFBQQEBQoHBwYIDAoMDAsKCwsNDhIQDQ4RDgsLEBYQERMUFRUVDA8XGBYUGBIUFRQBAwQEBQQFCQUFCRQNCw0UFBQUFBQUFBQUFBQUFBQUFBQUFBQUFBQUFBQUFBQUFBQUFBQUFBQUFBQUFBQUFBQUFP/AABEIANUAeAMBEQACEQEDEQH/xAGiAAABBQEBAQEBAQAAAAAAAAAAAQIDBAUGBwgJCgsQAAIBAwMCBAMFBQQEAAABfQECAwAEEQUSITFBBhNRYQcicRQygZGhCCNCscEVUtHwJDNicoIJChYXGBkaJSYnKCkqNDU2Nzg5OkNERUZHSElKU1RVVldYWVpjZGVmZ2hpanN0dXZ3eHl6g4SFhoeIiYqSk5SVlpeYmZqio6Slpqeoqaqys7S1tre4ubrCw8TFxsfIycrS09TV1tfY2drh4uPk5ebn6Onq8fLz9PX29/j5+gEAAwEBAQEBAQEBAQAAAAAAAAECAwQFBgcICQoLEQACAQIEBAMEBwUEBAABAncAAQIDEQQFITEGEkFRB2FxEyIygQgUQpGhscEJIzNS8BVictEKFiQ04SXxFxgZGiYnKCkqNTY3ODk6Q0RFRkdISUpTVFVWV1hZWmNkZWZnaGlqc3R1dnd4eXqCg4SFhoeIiYqSk5SVlpeYmZqio6Slpqeoqaqys7S1tre4ubrCw8TFxsfIycrS09TV1tfY2dri4+Tl5ufo6ery8/T19vf4+fr/2gAMAwEAAhEDEQA/AP0bk8LeMEuh9l8ZJFaC8SXyp9KjlcWyxQKYA+4cs8cz+YwYjz8Y+RSQDrtMt57TTrWG5unvriOJEkuXRUaVgoBcqoABJycAYGeKALVABQAUAFABQAUAFABQAUAFABQAUAFABQAUAFABQAUAFABQAUAFABQAUAFABQAUAFABQAUAFABQAUAFABQAUAFABQAUAFABQAUAFABQAUAFABQAUAFABQAUAFABQAUAFABQAUAFACZ5xQAZGcd6AFoAKACgAoAKACgAoAKACgAoAKACgAoA8AbVfiFqEGl3Wja9oL2kFwbHVBNfwzbbgSxCKFJAD+9kHyOrcgynbuOwgA7zwHq+q2WrXll4h1fTrqG7mCaTIs8azzPGji4hMSjG6MxliQxOTICsYQAgHftOoYr1cLu2jrj6daAATI2MMDkkZBHUHH8xQAi3CMMgjGCScg4x1H1oAZp9/b6rYW97ZzR3NpcRrLDPC4dJEYZVlYEgggggg4INAFigAoAKACgAoAKACgAoAKAOF1j4PeEvFt/omq6npZvL/RpvtGmXM0syyWT/ALrJjywKZMEeQMA/N2dsgDdG+B3grw9pVrYadoUFrHaQS29rOjN9ptY5FdXWG4z5sWRI4Gxxt3HbigB+ifBfwj4c059O03TGtdMa8hvxYLdTm3ininSeIxRlysSrJGjbEAU4AIIoAst8JfC5Piwpp8kLeKgo1d4LyeJ7jClRhlcGP5SR8hXrQBj3v7O/w+1O4vJ73w5BdyXieXcCeWWRJB9qN2cozlcm4YyFsZJOCSOKAO60PRrTw5oun6Tp8XkWFhbx2tvFuLbI0UKq5YknAAGSSaAL1ABQAUAFABQAUAFABQAUAFABQAUAFABQAUAFABQAUAFABQAUAFABQAUAJuoFfWwbqAuAOaBi0AFABQAUAFABQAUAFABQAUAFABQByaS6/f6Wk1hPZf6RCjQTzRO/UZDsoZCQwK/LwRzyeldj+rNt6nn2xe2hXv8A/hODph+xHRV1EeWy/aVlMX3Y/MU7efvGXB9FTI5JEr6u90waxS2aNfTU8Qf27eG9fTv7H2D7MsMb/aC2TkuSduMbcYHr0xgxP2XKuS9zal7fm/ebG7WB1BQAUARiZec4XHXJppNkOaWjYvmqDjIz9aLMHOK6jftCEkBlJXBIz0H+Qfyos+qDnjrZiC6jP8QHtmnyvsQqsHrckVg6gggg9xSasap31Q6kMKACgAoA8ttfEXirw3YQWVxYJKIFENuLKwe4Msa+UiFmMyBGJlAwQANrMSEBau14eLfuzT+Vv8zzFi3b3qbXzv8AohsvxI15bS9mi02/ma0PMI8OTK8yllCmPdcBTkMGwSCAGyBg1Twm3vrXzGsZ/wBO39x0XhvVvEuvSasJVt9LWyvXtI/tWmyD7Qqqh81D5/KEsQD329jkDmqU+TlfNe6vp0v09TrpVOe6tazsbX2XX/8AoJ6b/wCC6T/4/WJuH2XX/wDoJ6b/AOC6T/4/QAfZdf8A+gnpv/guk/8Aj9AFQ+EoL+++26wUvbuPasfl+ZHCoDBlYRF2UOCPv9ccdK2hVnCPKmc86EJy5mMPw80JnspPs03m2f8AqZftMvmAbGQqW3bmUhjlWJBOGIyAar6xU7kfVqbdyS08CaPY209rBahLSaaO4aDcxVXRlZNoJ+VVKKQq4A7Dml7ed076r9RrDxSa6MSz+H2h6ejLb2rxhoEtm/fOxaNCxVSSckDew57YHQACvrFS/Nfrf8v8hfVafLym9a20dnbxwRLtijUIi+gAwBXO227s6klFJIlpDCgAoAKAPM/CfijTLvw1p3k+HJb1Ft1jeeJrMozL8j8mYc70IIPIIwQDTuKxb1Txfomj6ebzUPDcllatJFCJLp7KJGeWTZGoZpwuXchQM5JYAZJpDLNxr9hYxNJP4RuoYYwS8kos1RADzkmbA6Z/H3oA0YJre4hjlTwnOUkUOvy2vQ9P+WtAD/3P/QpT/wDfNr/8doAP3P8A0KU//fNr/wDHaAKP9la5dyXUmmzjw9aSW/lRWr28RkimyT5wKl0YEbV2kZ4JyOjaxnTS1WpjUhU5vdlobPh6x1eyN6dV1CO/864aWARxeX5EZxti77sYzu4znoKU3F25VYdNSSfO7mxiszQWgYUAFABQAUAFAHlFp+zT4R022uYrCbWLJrkYmki1KQlwZzPINrEqA7vLnao+WaRV2hsUAbCfA7wrH4Qm8MLb3C6JK0Tm2S4ZCrRtuRlkUh1ZWCsGDAhlBB9QDF0f9l34faBYvZ6fpc9pbM2Qkd3KNn7qSH5fm+U7JXG4YP3TnKqQAep2lstpbRQKSyxoEBbqQBigCagAoAKACgAoAKACgAoAKACgAoA4A/G3w0YfFjRTS3M3hm9isL+CFA0hlkKqixrnMjMzbFjHzuw2qrFk3AGndfEK3hj1VYdNv7y80ydreexhWMTFgYTlCzhGBjuIpAA+SG243gpQBZ1PxvbaJLdpf2V/AsLxokkVubhZQyFt48rcUQbWUtKEAKnnBBIBneHvizofivWb7TNLTUJ7mxnS3uGl0+eGNHaKOTG90A3ASoGT76kNuUbSaAJbn4o6Lptle3eoLe2FvZTtDcyPZySpbgCNvMleIOkaFJo5NzlQqFi23Y+0Ap3Hxj0Ox8R6zpN7Ff2R0y4W0a5e1MkU8zRW8gSMx7juxd26gOFLtIFTcQcAG34e8d6N4o1C9stPmuHuLOaaCTz7KeBHaKQxy+W8iKsoVxtLRlgMjnkZAOgoAKACgAoAKACgAoAKAK8thbTxSRSQRvHIwZ1ZQQxGME+p4H5UAO+xwbg3kpkcg7Rx824/qAfrQA06fatIZDbxNISGLlASSBgEnuQCRn3oAclnBHKJEhRHC7Qyrg444+nA/IUALHawxMGSJFIzghQMZOT+ZA/KgBPscGxl8lNrDDDb14xz+HFADxEinIUA8849eTQA+gAoAKACgAoAKACgAoAKACgAoAKACgAoAKACgAoAKACgAoAKACgAoAKACgAoAKACgAoAKACgAoAKACgAoAKACgAoAKACgAoAKACgAoAKACgAoAKACgAoAKACgAoAKACgAoAKACgAoAKACgAoAKACgAoAKACgAoAKACgAoAKACgAoAKACgAoAKACgAoAKACgAoAKACgAoAKACgAoAKACgAoAKACgAoAKACgAoAKACgAoAKACgAoAKACgAoAKACgAoAKACgAoAKACgAoAKACgAoAKACgAoAKACgAoAKACgAoAKACgAoAKACgAoAKACgAoAKACgAoAKACgAoAKACgAoAKACgAoAKACgAoAKACgAoAKACgAoAKACgAoAKACgAoAKACgAoAKACgAoAKACgAoAKACgAoAKACgAoAKACgAoAKACgAoAKACgAoA//9k=","timing":4624,"timestamp":8.650057817898001E12},{"data":"/9j/4AAQSkZJRgABAQAAAQABAAD/2wCEAAMCAgMCAgMDAwMEAwMEBQgFBQQEBQoHBwYIDAoMDAsKCwsNDhIQDQ4RDgsLEBYQERMUFRUVDA8XGBYUGBIUFRQBAwQEBQQFCQUFCRQNCw0UFBQUFBQUFBQUFBQUFBQUFBQUFBQUFBQUFBQUFBQUFBQUFBQUFBQUFBQUFBQUFBQUFP/AABEIANUAeAMBEQACEQEDEQH/xAGiAAABBQEBAQEBAQAAAAAAAAAAAQIDBAUGBwgJCgsQAAIBAwMCBAMFBQQEAAABfQECAwAEEQUSITFBBhNRYQcicRQygZGhCCNCscEVUtHwJDNicoIJChYXGBkaJSYnKCkqNDU2Nzg5OkNERUZHSElKU1RVVldYWVpjZGVmZ2hpanN0dXZ3eHl6g4SFhoeIiYqSk5SVlpeYmZqio6Slpqeoqaqys7S1tre4ubrCw8TFxsfIycrS09TV1tfY2drh4uPk5ebn6Onq8fLz9PX29/j5+gEAAwEBAQEBAQEBAQAAAAAAAAECAwQFBgcICQoLEQACAQIEBAMEBwUEBAABAncAAQIDEQQFITEGEkFRB2FxEyIygQgUQpGhscEJIzNS8BVictEKFiQ04SXxFxgZGiYnKCkqNTY3ODk6Q0RFRkdISUpTVFVWV1hZWmNkZWZnaGlqc3R1dnd4eXqCg4SFhoeIiYqSk5SVlpeYmZqio6Slpqeoqaqys7S1tre4ubrCw8TFxsfIycrS09TV1tfY2dri4+Tl5ufo6ery8/T19vf4+fr/2gAMAwEAAhEDEQA/AP0bk8LeMEuh9l8ZJFaC8SXyp9KjlcWyxQKYA+4cs8cz+YwYjz8Y+RSQDrtMt57TTrWG5unvriOJEkuXRUaVgoBcqoABJycAYGeKALVABQAUAFABQAUAFABQAUAFABQAUAFABQAUAFABQAUAFABQAUAFABQAUAFABQAUAFABQAUAFABQAUAFABQAUAFABQAUAFABQAUAFABQAUAFABQAUAFABQAUAFABQAUAFABQAUAFACZ5xQAZGcd6AFoAKACgAoAKACgAoAKACgAoAKACgAoA8AbVfiFqEGl3Wja9oL2kFwbHVBNfwzbbgSxCKFJAD+9kHyOrcgynbuOwgA7zwHq+q2WrXll4h1fTrqG7mCaTIs8azzPGji4hMSjG6MxliQxOTICsYQAgHftOoYr1cLu2jrj6daAATI2MMDkkZBHUHH8xQAi3CMMgjGCScg4x1H1oAZp9/b6rYW97ZzR3NpcRrLDPC4dJEYZVlYEgggggg4INAFigAoAKACgAoAKACgAoAKAOF1j4PeEvFt/omq6npZvL/RpvtGmXM0syyWT/ALrJjywKZMEeQMA/N2dsgDdG+B3grw9pVrYadoUFrHaQS29rOjN9ptY5FdXWG4z5sWRI4Gxxt3HbigB+ifBfwj4c059O03TGtdMa8hvxYLdTm3ininSeIxRlysSrJGjbEAU4AIIoAst8JfC5Piwpp8kLeKgo1d4LyeJ7jClRhlcGP5SR8hXrQBj3v7O/w+1O4vJ73w5BdyXieXcCeWWRJB9qN2cozlcm4YyFsZJOCSOKAO60PRrTw5oun6Tp8XkWFhbx2tvFuLbI0UKq5YknAAGSSaAL1ABQAUAFABQAUAFABQAUAFABQAUAFABQAUAFABQAUAFABQAUAFABQAUAJuoFfWwbqAuAOaBi0AFABQAUAFABQAUAFABQAUAFABQByaS6/f6Wk1hPZf6RCjQTzRO/UZDsoZCQwK/LwRzyeldj+rNt6nn2xe2hXv8A/hODph+xHRV1EeWy/aVlMX3Y/MU7efvGXB9FTI5JEr6u90waxS2aNfTU8Qf27eG9fTv7H2D7MsMb/aC2TkuSduMbcYHr0xgxP2XKuS9zal7fm/ebG7WB1BQAUARiZec4XHXJppNkOaWjYvmqDjIz9aLMHOK6jftCEkBlJXBIz0H+Qfyos+qDnjrZiC6jP8QHtmnyvsQqsHrckVg6gggg9xSasap31Q6kMKACgAoA8ttfEXirw3YQWVxYJKIFENuLKwe4Msa+UiFmMyBGJlAwQANrMSEBau14eLfuzT+Vv8zzFi3b3qbXzv8AohsvxI15bS9mi02/ma0PMI8OTK8yllCmPdcBTkMGwSCAGyBg1Twm3vrXzGsZ/wBO39x0XhvVvEuvSasJVt9LWyvXtI/tWmyD7Qqqh81D5/KEsQD329jkDmqU+TlfNe6vp0v09TrpVOe6tazsbX2XX/8AoJ6b/wCC6T/4/WJuH2XX/wDoJ6b/AOC6T/4/QAfZdf8A+gnpv/guk/8Aj9AFQ+EoL+++26wUvbuPasfl+ZHCoDBlYRF2UOCPv9ccdK2hVnCPKmc86EJy5mMPw80JnspPs03m2f8AqZftMvmAbGQqW3bmUhjlWJBOGIyAar6xU7kfVqbdyS08CaPY209rBahLSaaO4aDcxVXRlZNoJ+VVKKQq4A7Dml7ed076r9RrDxSa6MSz+H2h6ejLb2rxhoEtm/fOxaNCxVSSckDew57YHQACvrFS/Nfrf8v8hfVafLym9a20dnbxwRLtijUIi+gAwBXO227s6klFJIlpDCgAoAKAPM/CfijTLvw1p3k+HJb1Ft1jeeJrMozL8j8mYc70IIPIIwQDTuKxb1Txfomj6ebzUPDcllatJFCJLp7KJGeWTZGoZpwuXchQM5JYAZJpDLNxr9hYxNJP4RuoYYwS8kos1RADzkmbA6Z/H3oA0YJre4hjlTwnOUkUOvy2vQ9P+WtAD/3P/QpT/wDfNr/8doAP3P8A0KU//fNr/wDHaAKP9la5dyXUmmzjw9aSW/lRWr28RkimyT5wKl0YEbV2kZ4JyOjaxnTS1WpjUhU5vdlobPh6x1eyN6dV1CO/864aWARxeX5EZxti77sYzu4znoKU3F25VYdNSSfO7mxiszQWgYUAFABQAUAFAHlFp+zT4R022uYrCbWLJrkYmki1KQlwZzPINrEqA7vLnao+WaRV2hsUAbCfA7wrH4Qm8MLb3C6JK0Tm2S4ZCrRtuRlkUh1ZWCsGDAhlBB9QDF0f9l34faBYvZ6fpc9pbM2Qkd3KNn7qSH5fm+U7JXG4YP3TnKqQAep2lstpbRQKSyxoEBbqQBigCagAoAKACgAoAKACgAoAKACgAoA4A/G3w0YfFjRTS3M3hm9isL+CFA0hlkKqixrnMjMzbFjHzuw2qrFk3AGndfEK3hj1VYdNv7y80ydreexhWMTFgYTlCzhGBjuIpAA+SG243gpQBZ1PxvbaJLdpf2V/AsLxokkVubhZQyFt48rcUQbWUtKEAKnnBBIBneHvizofivWb7TNLTUJ7mxnS3uGl0+eGNHaKOTG90A3ASoGT76kNuUbSaAJbn4o6Lptle3eoLe2FvZTtDcyPZySpbgCNvMleIOkaFJo5NzlQqFi23Y+0Ap3Hxj0Ox8R6zpN7Ff2R0y4W0a5e1MkU8zRW8gSMx7juxd26gOFLtIFTcQcAG34e8d6N4o1C9stPmuHuLOaaCTz7KeBHaKQxy+W8iKsoVxtLRlgMjnkZAOgoAKACgAoAKACgAoAKAK8thbTxSRSQRvHIwZ1ZQQxGME+p4H5UAO+xwbg3kpkcg7Rx824/qAfrQA06fatIZDbxNISGLlASSBgEnuQCRn3oAclnBHKJEhRHC7Qyrg444+nA/IUALHawxMGSJFIzghQMZOT+ZA/KgBPscGxl8lNrDDDb14xz+HFADxEinIUA8849eTQA+gAoAKACgAoAKACgAoAKACgAoAKACgAoAKACgAoAKACgAoAKACgAoAKACgAoAKACgAoAKACgAoAKACgAoAKACgAoAKACgAoAKACgAoAKACgAoAKACgAoAKACgAoAKACgAoAKACgAoAKACgAoAKACgAoAKACgAoAKACgAoAKACgAoAKACgAoAKACgAoAKACgAoAKACgAoAKACgAoAKACgAoAKACgAoAKACgAoAKACgAoAKACgAoAKACgAoAKACgAoAKACgAoAKACgAoAKACgAoAKACgAoAKACgAoAKACgAoAKACgAoAKACgAoAKACgAoAKACgAoAKACgAoAKACgAoAKACgAoAKACgAoAKACgAoAKACgAoAKACgAoAKACgAoAKACgAoAKACgAoAKACgAoAKACgAoAKACgAoAKACgAoAKACgAoAKACgAoA//9k=","timing":5285,"timestamp":8.650058478497999E12},{"data":"/9j/4AAQSkZJRgABAQAAAQABAAD/2wCEAAMCAgMCAgMDAwMEAwMEBQgFBQQEBQoHBwYIDAoMDAsKCwsNDhIQDQ4RDgsLEBYQERMUFRUVDA8XGBYUGBIUFRQBAwQEBQQFCQUFCRQNCw0UFBQUFBQUFBQUFBQUFBQUFBQUFBQUFBQUFBQUFBQUFBQUFBQUFBQUFBQUFBQUFBQUFP/AABEIANUAeAMBEQACEQEDEQH/xAGiAAABBQEBAQEBAQAAAAAAAAAAAQIDBAUGBwgJCgsQAAIBAwMCBAMFBQQEAAABfQECAwAEEQUSITFBBhNRYQcicRQygZGhCCNCscEVUtHwJDNicoIJChYXGBkaJSYnKCkqNDU2Nzg5OkNERUZHSElKU1RVVldYWVpjZGVmZ2hpanN0dXZ3eHl6g4SFhoeIiYqSk5SVlpeYmZqio6Slpqeoqaqys7S1tre4ubrCw8TFxsfIycrS09TV1tfY2drh4uPk5ebn6Onq8fLz9PX29/j5+gEAAwEBAQEBAQEBAQAAAAAAAAECAwQFBgcICQoLEQACAQIEBAMEBwUEBAABAncAAQIDEQQFITEGEkFRB2FxEyIygQgUQpGhscEJIzNS8BVictEKFiQ04SXxFxgZGiYnKCkqNTY3ODk6Q0RFRkdISUpTVFVWV1hZWmNkZWZnaGlqc3R1dnd4eXqCg4SFhoeIiYqSk5SVlpeYmZqio6Slpqeoqaqys7S1tre4ubrCw8TFxsfIycrS09TV1tfY2dri4+Tl5ufo6ery8/T19vf4+fr/2gAMAwEAAhEDEQA/APh3wzoB168ZWcxwRAF2HXnoB78H8qANnXvA0dlYvc2csjmIFnWUg5XuRgDpQBxtABQAUAFABQAUAFABQAUAFAGhoWktrWpR2ytsXBZ3xnaB/kD8aAOp1TwFBFYSSWs8pmjUttkwQ2BnAwOKAOGoA6Hwfr8WiXcq3CnyJsbpF5KEZxx6c0AbviDxnYy6dNBaMbh5kMZ+UqFBGCeQKAOCOSaADFABigAxQAYoAMUAGKADFABigAxQBreGNXTRdVSaVS0LKUfHUA9x+VAHX6n4205bKYW7tPMylVQIwwSO5IH6UAecgYAoA3vsEH/PMUAH2CD/AJ5igA+wQf8APMUAH2CD/nmKAD7BB/zzFAB9gg/55igA+wQf88xQAfYIP+eYoAPsEH/PMUAH2CD/AJ5igA+wQf8APMUAH2CD/nmKAD7BB/zzFAB9gg/55igA+wQf88xQBYoAKACgAoAKACgAoAKACgAoAKACgAoAKACgAoAKACgAoAKACgAoAKACgAoAKACgAoAKACgAoAKACgAoAKACgAoAKACgAoAKACgAoAKACgAoAKACgAoAKACgAoAKACgAoAKACgAoAKACgAoAKACgAoAKACgAoAKACgAoAKACgAoAKACgAoAKACgAoAKACgAoAKACgAoAKACgAoAKACgAoAKACgAoAKACgAoAKACgAoAKACgAoAKACgAoAKACgAoAKACgAoAKACgAoAKACgAoAKACgBUKh13DK55A9KAOjNh4P7a7rZ/7gsP/AMl0AH2Dwh/0HNb/APBND/8AJdAB9g8If9BzW/8AwTQ//JdAB9g8If8AQc1v/wAE0P8A8l0AH2Dwh/0HNb/8E0P/AMl0AH2Dwh/0HNb/APBND/8AJdAB9g8If9BzW/8AwTQ//JdAB9g8If8AQc1v/wAE0P8A8l0AH2Dwh/0HNb/8E0P/AMl0AH2Dwh/0HNb/APBND/8AJdAB9g8If9BzW/8AwTQ//JdAB9g8If8AQc1v/wAE0P8A8l0AAsPB/fXNb/8ABND/APJdAGDerbrdyraSSS2wYiOSaMRu69iyhmCk9cBjj1NAENABQAUAFABQAUAFABQAUAFABQAUAFABQAUAFABQAUAFABQAUAFABQAUAFABQAUAFABQAUAIeQe1ACfN7UAGG9qADDe1ABhvagAw3tQAYb2oAMN7UAGG9qADDe1ABhvagAw3tQAYb2oAPm9qAFGcc9aAFoA3tM8PW1/YQzvJMjODkIwx1PtQBa/4RO0/57XH/fS//E0AH/CJ2n/Pa4/76X/4mgDI1rTI9MljSF3bepJMmCf0AoA1z4TtP+es4+jLj+VAB/widp/z2uP++l/+JoAP+ETtP+e1x/30v/xNAHP6narY38tujMyJjBY88gH+tAFegAoAKACgAoAKACgDd0nxFb2NhFBJDMXTOSgXHX60AW/+EttP+eFz+S/40AH/AAltp/zwufyX/GgDH1zVI9TljeFHQKpGJAOv4GgDYHi20xzBcZ74C/40AH/CW2n/ADwufyX/ABoAP+EttP8Anhc/kv8AjQBgandJfahLcRqyo+MB8Z6Af0oArUAFABQAUAFABQAUAFABmgAzQAUAFABmgAzQAUAFABQAUAFABQAUAFABQAUAFABQAUAFABQAUAFABQAUAFABQAUAFABQAUAFABQAUAFABQAUAFABQAUAFABQAUAFABQAUAFABQAUAFABQAUAFABQAUAFABQAUAFABQAUAFABQAUAFABQAUAFABQAUAFABQAUAFABQAUAFABQAUAFABQAUAFABQAUAFABQAUAFABQAUAFABQAUAFABQAUAFABQAUAFABQAUAFABQAUAFABQAUAFABQAUAFABQAUAFABQAUAZP9sv/AM8l/OgA/tl/+eS/nQAf2y//ADyX86AD+2X/AOeS/nQAf2y//PJfzoAP7Zf/AJ5L+dAB/bL/APPJfzoAP7Zf/nkv50AH9sv/AM8l/OgA/tl/+eS/nQAf2y//ADyX86AD+2X/AOeS/nQAf2y//PJfzoAP7Zf/AJ5L+dAB/bL/APPJfzoAz6ACgAoAKACgAoAKACgAoAKACgAoAKACgAoA/wD/2Q==","timing":5945,"timestamp":8650059139098},{"data":"/9j/4AAQSkZJRgABAQAAAQABAAD/2wCEAAMCAgMCAgMDAwMEAwMEBQgFBQQEBQoHBwYIDAoMDAsKCwsNDhIQDQ4RDgsLEBYQERMUFRUVDA8XGBYUGBIUFRQBAwQEBQQFCQUFCRQNCw0UFBQUFBQUFBQUFBQUFBQUFBQUFBQUFBQUFBQUFBQUFBQUFBQUFBQUFBQUFBQUFBQUFP/AABEIANUAeAMBEQACEQEDEQH/xAGiAAABBQEBAQEBAQAAAAAAAAAAAQIDBAUGBwgJCgsQAAIBAwMCBAMFBQQEAAABfQECAwAEEQUSITFBBhNRYQcicRQygZGhCCNCscEVUtHwJDNicoIJChYXGBkaJSYnKCkqNDU2Nzg5OkNERUZHSElKU1RVVldYWVpjZGVmZ2hpanN0dXZ3eHl6g4SFhoeIiYqSk5SVlpeYmZqio6Slpqeoqaqys7S1tre4ubrCw8TFxsfIycrS09TV1tfY2drh4uPk5ebn6Onq8fLz9PX29/j5+gEAAwEBAQEBAQEBAQAAAAAAAAECAwQFBgcICQoLEQACAQIEBAMEBwUEBAABAncAAQIDEQQFITEGEkFRB2FxEyIygQgUQpGhscEJIzNS8BVictEKFiQ04SXxFxgZGiYnKCkqNTY3ODk6Q0RFRkdISUpTVFVWV1hZWmNkZWZnaGlqc3R1dnd4eXqCg4SFhoeIiYqSk5SVlpeYmZqio6Slpqeoqaqys7S1tre4ubrCw8TFxsfIycrS09TV1tfY2dri4+Tl5ufo6ery8/T19vf4+fr/2gAMAwEAAhEDEQA/APgL9KAL2qaDqeiLE1/p1zZpI5jDTRkDdgnGemcAn8KAKNABQB0Wm/DzxFrPh2PW9P0m4v8AT5Ls2KNagSuZgYQV8tSXAzcQKGK7S0qKCWOKAJYvhh4sn0e41WPQL19Pt7Sa+lnEfypDFOlvKx7/ACSyIrDqu9SRg5oArSeAPE0M1rG2gah5l3dy2FtEsDGWW5iVDNCIwN29PNjyMZG6gCa1+G3iq+0zT9QtfDup3dpqBuPsr29q0hmEG3zmCqCdq7wC2MZDDOVbABn3/hbWNLsftl3pd5b2vmPC07wkIkisUaNz/C4YYKnB6eooAuz/AA68V215NaTeGNZiuoXijlgfT5Q8bSttiVlK5BcghQfvEYGaAII/BeuM92j6VdW72v2gSi5j8na0ADTp8+PnQMpZRyMjI5FAGLQAUAFABQAY9qAOq8VfFDxZ4206Kw13X9Q1SzilEyQXVw8iK4DAEBiccO350Acrg0AGDQB2+g/FnVvD3glvCsFlYTaVNePcXYmSQveRO1q72shDjETPZW7ZQLICnDgHFAHQW37Sfiyy0DUdHt4rGO21Bt93IwmkmmZLtry3YyPKx3QzvI6kcvvIlMoAAAOWuPiTf3njCPXrmw0+5iitWsYNIlRzZQWxthbCJF37xiMLiTf5hZd5csSxAOt+I/7TPi34nnVX1O3021m1OSWW6lsI5Y2cubcADMh2hI7S3iXbj5Y8tudmdgClrn7QXibxB4X1jQbm300WWqtdNcOkLiTM95a3bkEuRkSWcYGQflZ85JDAA6zxP+194g1vx/ceJ7Hw3oembdW/tSwtnjkme1H9pHUWieXepmDz7WfcMDB8oQh2UgHAt8ZvEMvhqx0OUW0lpZ6fLpkbFXUm3cSbVYBgrMjXF0yuV3A3EgJK7VUA4PHtQAYNABg0AGKAN46bATnyxQAn9mwf881oAP7Ng/55rQAf2bB/zzWgA/s2D/nmtAB/ZsH/ADzWgA/s2D/nmtAB/ZsH/PNaAD+zYP8AnmtAB/ZsH/PNaAD+zYP+ea0AH9mwf881oAP7Ng/55rQAf2bB/wA81oABptvn/VigC3QAUAFABQAUAFABQAUAFABQAUAFABQAUAFABQAUAFABQAUAFABQAUAFABQAUAFABQAUAFABQAUAFABQAUAFABQAUAFABQAUAFABQAUAFABQAUAFABQAUAFABQAUAFABQAUAFABQAUAFABQAUAFABQAUAFABQAUAFABQAUAFABQAUAFABQAUAFABQAUAFABQAUAFABQAUAFABQAUAFABQAUAFABQAUAFABQAUAFABQAUAFABQAUAFABQAUAFABQAUAFABQAUAFABQAUAFABQAUAFABQAUAFAHW6N8L9b8Q6XDeaatveNKkbpapMBMwaS4T5VONxBtpCQpJwQcYDFQCppvgHWNYeySyhjuJbyc20EYlCs8oUMV+bG35WQ5OANwyRzgAYngq9+0xRzz2lpC00kMlzNNiOEoQHLkAkAZzwDnHGTgEAwCMGgAoAKACgDU8K+Hrjxb4m0nQ7R4orrUruKzieYkIryOFUsQCcZIzgE47GgDuvif8DLr4c6BBrcOrwaxpT6hNpUkiqsciXMTOG+VXcFG8tipyGxjcq5FAHmNABQAUAFABQAUATwtahcyxTSOepWYKPy2n+dAD/Msf8An3uP/Ahf/iKADzLH/n3uP/Ahf/iKADzLH/n3uP8AwIX/AOIoAPMsf+fe4/8AAhf/AIigA8yx/wCfe4/8CF/+IoAPMsf+fe4/8CF/+IoAmtL+3sLuG5tkvLe4gdZYpoboI6OpyrKwTIIIBBFAGn4i8a3XilIV1BppFhLvHFGYoYhI2N8hSOJVLsQu5iNzYGScUAc5QAUAFABQAUAFABQAUAFABQAUAFABQAenvxQAgORxQAtABQAUAFABQAUAdhCvg+78LW0LyyWuuJbXEsk4Emxpcv5MR4cNnEZ4WNVG/LsWAQAs6rpHgRrCVtO128+2h5GhUxGSJkDvsVsqpy0YjIZSRuZgwTAJALkdr8PNOs724D3es3cUcEkVkbmRFmY3Q82NX+zIUIgQ/M4x+9OASnIB51QAUAFABQBseDNJtdf8YaHpd7ObWyvr6C2nnVgDHG8iqzZPHAJPPFAHr/7Unwx8JfD+Xw5ceFndBem6intWuIphGsbr5bAx9ismAWyzBAW+ctkA8IoAKACgAoAKACgBSzMqjJAHpQAmG9W/M0AGG9W/M0AByO7fmaADk92/M0AGG9W/M0AGG9W/M0AHI7t+ZoAQ5P8AE3fv7UALQAUAFABQAUAFAFDVbqS2EflttyTnigDW8OeC/FXi5NLbSLQ3f9o3j2FuPNiTzJlMClBuYYJa6gAJwCXGCcHABpN8KPHiWqzyaUyJ5d/MxM8R2pZLuuSQGJGza4PrgYyeKAOPsb+ea6jR3ypzkYHoaAJtUupbeSMRvtBBzwKAN9PAHi19B0fVzbxxWGsru06aa5hjFwfPe3wNzDpLGynOAuULEB1JAMzWND13QnmS8UQywxJM6M8ZOxmwCMMc9VOByM84oAoadezT3G133Lg9qANSgAoAKACgAoAKACgClqVm92E2Y+XPU0APs73XtP06TT7XVbq30+R2le0iuXWF3MbRsxQHBJjd0JI5ViOhIoAfJqfiGZUWTWL2QJG0KbrqQ7EaIQsq88AxKsZA/gAXpxQBRs9OlguUdiu0Z6H2NAE2pWUl06FCvygg5NAF7T9f8U6RYTWNj4g1Kysprc2kttbX0scckBZ2MTKCAULSSHaeMuxx8xyAQapqPiDXM/2lq13qJIYZu7l5eDI0jD5ieC7s59WYnqc0AVbCwltp97lcYI4NAGlQAUAFABQAUAFABQAUAFABQAUAFABQAUAFABQAUAFABQAUAFABQAUAFABQAUAFABQAUAFABQAUAFABQAUAFABQAUAFABQAUAFABQAUAFABQAUAFABQAUAFABQAUAFABQAUAFABQAUAFABQAUAFABQAUAFABQAUAFABQAUAFABQAUAFABQAUAFABQAUAFABQAUAFABQAUAFABQAUAFABQAUAFABQAUAFABQAUAFABQAUAFABQAUAFABQAUAFABQBFDaa3cXNvbxaLeS3FyI2ghjt3Z5Q5AQqoGWDEgDHXNAFjU9E8SaLIkeo+HtQsJHhFwsd1aSRsYi/liQBgDtL/ID03AjrxQBWlttZhurm1k0e7S6tTKJ4DA4kiMYcy7lxkbBHJuz02NnGDQA6Wx12GJpX0O9WJYUuGkNtJtETSCNZM4xtLsEDdCxA6mgCiNQuiHP2U/IcNwfl4J5/AE/QZoAWe+u7YZltGjGSMspAyCQf1Vh9QfSgCH+2n/55r+dAB/bT/8APNfzoAP7af8A55r+dAB/bT/881/OgA/tp/8Anmv50AH9tP8A881/OgA/tp/+ea/nQAf20/8AzzX86AD+2n/55r+dAF+/+Imv6lq0d9e3cV9e26RwJcXNpDI4WMoyHJT7w2Iu7qUXYSU+WgB2r+Pdc1e2s9PvrxLm1stscKG3iXaBLcTAAqoOPMup2I6HeBjCoFAIbTxrrGnzWuoW935UpEsUSiJNsSyIUcBdu0ArxhQAO3ODQBpW3xS8WDUpb9dalN49pLpyyyRI/k28iMjRxKVxCu2RwBGF2hjt25oAp6L8UPEWm395c298DcXlvBaXLXMMc4mhtzFJDGyupBANvEMEEEAhgQSCAUb/AMQ6neacdOuLrzbMXb3Rj2KMzFVVnzjPIA4zjj1NAGXQAUAFABQAUAFABQAUAFAH/9k=","timing":6606,"timestamp":8650059799698}]}},"score":100,"weight":0,"id":"screenshot-thumbnails"},{"result":{"displayValue":"2,800 ms","score":true,"helpText":"Consider reducing the time spent parsing, compiling and executing JS.You may find delivering smaller JS payloads helps with this.","rawValue":2799.5130100250244,"extendedInfo":{"value":{"Update Layer Tree":108.97500228881836,"Layout":432.32500076293945,"Recalculate Style":503.69400215148926,"Evaluate Script":1296.8040027618408,"Animation Frame Fired":8.261001586914062,"Minor GC":82.69900131225586,"Run Microtasks":63.02199935913086,"Parse HTML":62.446001052856445,"Paint":41.383995056152344,"Compile Script":44.90999984741211,"Composite Layers":77.99400329589844,"Parse Stylesheet":76.9990005493164}},"name":"mainthread-work-breakdown","description":"Main thread work breakdown","scoringMode":"binary","informative":true,"details":{"itemHeaders":[{"itemType":"text","text":"Category","type":"text"},{"itemType":"text","text":"Work","type":"text"},{"itemType":"text","text":"Time spent","type":"text"}],"header":"View Details","type":"table","items":[[{"text":"Script Evaluation","type":"text"},{"text":"Evaluate Script","type":"text"},{"text":"1,297 ms","type":"text"}],[{"text":"Script Evaluation","type":"text"},{"text":"Run Microtasks","type":"text"},{"text":"63 ms","type":"text"}],[{"text":"Script Evaluation","type":"text"},{"text":"Animation Frame Fired","type":"text"},{"text":"8 ms","type":"text"}],[{"text":"Style & Layout","type":"text"},{"text":"Recalculate Style","type":"text"},{"text":"504 ms","type":"text"}],[{"text":"Style & Layout","type":"text"},{"text":"Layout","type":"text"},{"text":"432 ms","type":"text"}],[{"text":"Compositing","type":"text"},{"text":"Update Layer Tree","type":"text"},{"text":"109 ms","type":"text"}],[{"text":"Compositing","type":"text"},{"text":"Composite Layers","type":"text"},{"text":"78 ms","type":"text"}],[{"text":"Parsing HTML & CSS","type":"text"},{"text":"Parse Stylesheet","type":"text"},{"text":"77 ms","type":"text"}],[{"text":"Parsing HTML & CSS","type":"text"},{"text":"Parse HTML","type":"text"},{"text":"62 ms","type":"text"}],[{"text":"Garbage collection","type":"text"},{"text":"Minor GC","type":"text"},{"text":"83 ms","type":"text"}],[{"text":"Script Parsing & Compile","type":"text"},{"text":"Compile Script","type":"text"},{"text":"45 ms","type":"text"}],[{"text":"Paint","type":"text"},{"text":"Paint","type":"text"},{"text":"41 ms","type":"text"}]]}},"score":100,"weight":0,"id":"mainthread-work-breakdown","group":"perf-info"},{"result":{"displayValue":"","score":false,"helpText":"Leverage the font-display CSS feature to ensure text is user-visible while webfonts are loading. [Learn more](https://developers.google.com/web/updates/2016/02/font-display).","rawValue":false,"name":"font-display","description":"Avoid invisible text while webfonts are loading","scoringMode":"binary","details":{"itemHeaders":[{"itemType":"url","text":"Font URL","type":"text"},{"itemType":"text","text":"Font download time","type":"text"}],"header":"View Details","type":"table","items":[[{"text":"https://fonts.gstatic.com/s/roboto/v18/KFOmCnqEu92Fr1Mu4mxK.woff2","type":"url"},{"text":"884 ms","type":"text"}],[{"text":"https://fonts.gstatic.com/s/materialicons/v37/flUhRq6tzZclQEJ-Vdg-IuiaDsNc.woff2","type":"url"},{"text":"1,066 ms","type":"text"}],[{"text":"https://fonts.gstatic.com/s/roboto/v18/KFOlCnqEu92Fr1MmEU9fBBc4.woff2","type":"url"},{"text":"875 ms","type":"text"}]]}},"score":0,"weight":0,"id":"font-display","group":"perf-info"}]},{"score":30,"name":"Progressive Web App","weight":1,"description":"These checks validate the aspects of a Progressive Web App, as specified by the baseline [PWA Checklist](https://developers.google.com/web/progressive-web-apps/checklist).","id":"pwa","audits":[{"result":{"displayValue":"","score":false,"helpText":"The service worker is the technology that enables your app to use many Progressive Web App features, such as offline, add to homescreen, and push notifications. [Learn more](https://developers.google.com/web/tools/lighthouse/audits/registered-service-worker).","rawValue":false,"name":"service-worker","description":"Does not register a service worker","scoringMode":"binary"},"score":0,"weight":1,"id":"service-worker"},{"result":{"displayValue":"","score":false,"helpText":"If you're building a Progressive Web App, consider using a service worker so that your app can work offline. [Learn more](https://developers.google.com/web/tools/lighthouse/audits/http-200-when-offline).","rawValue":false,"name":"works-offline","description":"Does not respond with a 200 when offline","scoringMode":"binary"},"score":0,"weight":1,"id":"works-offline"},{"result":{"displayValue":"","score":false,"debugString":"The page body should render some content if its scripts are not available.","helpText":"Your app should display some content when JavaScript is disabled, even if it's just a warning to the user that JavaScript is required to use the app. [Learn more](https://developers.google.com/web/tools/lighthouse/audits/no-js).","rawValue":false,"name":"without-javascript","description":"Does not provide fallback content when JavaScript is not available","scoringMode":"binary"},"score":0,"weight":1,"id":"without-javascript"},{"result":{"displayValue":"","score":false,"helpText":"If you've already set up HTTPS, make sure that you redirect all HTTP traffic to HTTPS. [Learn more](https://developers.google.com/web/tools/lighthouse/audits/http-redirects-to-https).","rawValue":false,"name":"redirects-http","description":"Does not redirect HTTP traffic to HTTPS","scoringMode":"binary"},"score":0,"weight":1,"id":"redirects-http"},{"result":{"displayValue":"","score":true,"helpText":"A fast page load over a 3G network ensures a good mobile user experience. [Learn more](https://developers.google.com/web/tools/lighthouse/audits/fast-3g).","rawValue":true,"extendedInfo":{"value":{"isFast":true,"timeToFirstInteractive":6460.149,"firstRequestLatencies":[{"latency":"566.29","url":"http://web/"},{"latency":"579.72","url":"https://cdnjs.cloudflare.com/ajax/libs/Chart.js/2.7.1/Chart.min.js"},{"latency":"571.48","url":"https://unpkg.com/vue-chartjs/dist/vue-chartjs.min.js"},{"latency":"578.93","url":"https://fonts.gstatic.com/s/roboto/v18/KFOmCnqEu92Fr1Mu4mxK.woff2"}],"areLatenciesAll3G":true}},"name":"load-fast-enough-for-pwa","description":"Page load is fast enough on 3G","scoringMode":"binary"},"score":100,"weight":1,"id":"load-fast-enough-for-pwa"},{"result":{"displayValue":"","score":false,"debugString":"Failures: No manifest was fetched, Site does not register a service worker, Service worker does not successfully serve the manifest's start_url, No usable web app manifest found on page.","helpText":"Browsers can proactively prompt users to add your app to their homescreen, which can lead to higher engagement. [Learn more](https://developers.google.com/web/tools/lighthouse/audits/install-prompt).","rawValue":false,"extendedInfo":{"value":{"failures":["No manifest was fetched","Site does not register a service worker","Service worker does not successfully serve the manifest's start_url","No usable web app manifest found on page"],"warnings":["No usable web app manifest found on page"],"manifestValues":{"parseFailureReason":"No manifest was fetched","allChecks":[],"isParseFailure":true}}},"name":"webapp-install-banner","description":"User will not be prompted to Install the Web App","scoringMode":"binary"},"score":0,"weight":1,"id":"webapp-install-banner"},{"result":{"displayValue":"","score":false,"debugString":"Failures: No manifest was fetched.","helpText":"A themed splash screen ensures a high-quality experience when users launch your app from their homescreens. [Learn more](https://developers.google.com/web/tools/lighthouse/audits/custom-splash-screen).","rawValue":false,"extendedInfo":{"value":{"failures":["No manifest was fetched"],"manifestValues":{"parseFailureReason":"No manifest was fetched","allChecks":[],"isParseFailure":true}}},"name":"splash-screen","description":"Is not configured for a custom splash screen","scoringMode":"binary"},"score":0,"weight":1,"id":"splash-screen"},{"result":{"displayValue":"","score":false,"debugString":"Failures: No manifest was fetched, No `<meta name=\"theme-color\">` tag found.","helpText":"The browser address bar can be themed to match your site. [Learn more](https://developers.google.com/web/tools/lighthouse/audits/address-bar).","rawValue":false,"extendedInfo":{"value":{"failures":["No manifest was fetched","No `<meta name=\"theme-color\">` tag found"],"themeColor":null,"manifestValues":{"parseFailureReason":"No manifest was fetched","allChecks":[],"isParseFailure":true}}},"name":"themed-omnibox","description":"Address bar does not match brand colors","scoringMode":"binary"},"score":0,"weight":1,"id":"themed-omnibox"},{"result":{"displayValue":"","score":true,"debugString":"","helpText":"Add a viewport meta tag to optimize your app for mobile screens. [Learn more](https://developers.google.com/web/tools/lighthouse/audits/has-viewport-meta-tag).","rawValue":true,"name":"viewport","description":"Has a `<meta name=\"viewport\">` tag with `width` or `initial-scale`","scoringMode":"binary"},"score":100,"weight":1,"id":"viewport"},{"result":{"displayValue":"","score":true,"debugString":"","helpText":"If the width of your app's content doesn't match the width of the viewport, your app might not be optimized for mobile screens. [Learn more](https://developers.google.com/web/tools/lighthouse/audits/content-sized-correctly-for-viewport).","rawValue":true,"name":"content-width","description":"Content is sized correctly for the viewport","scoringMode":"binary"},"score":100,"weight":1,"id":"content-width"},{"result":{"displayValue":"","score":false,"helpText":"To reach the most number of users, sites should work across every major browser. [Learn more](https://developers.google.com/web/progressive-web-apps/checklist#site-works-cross-browser).","rawValue":false,"name":"pwa-cross-browser","description":"Site works cross-browser","scoringMode":"binary","informative":true,"manual":true},"score":0,"weight":0,"id":"pwa-cross-browser","group":"manual-pwa-checks"},{"result":{"displayValue":"","score":false,"helpText":"Transitions should feel snappy as you tap around, even on a slow network, a key to perceived performance. [Learn more](https://developers.google.com/web/progressive-web-apps/checklist#page-transitions-dont-feel-like-they-block-on-the-network).","rawValue":false,"name":"pwa-page-transitions","description":"Page transitions don't feel like they block on the network","scoringMode":"binary","informative":true,"manual":true},"score":0,"weight":0,"id":"pwa-page-transitions","group":"manual-pwa-checks"},{"result":{"displayValue":"","score":false,"helpText":"Ensure individual pages are deep linkable via the URLs and that URLs are unique for the purpose of shareability on social media. [Learn more](https://developers.google.com/web/progressive-web-apps/checklist#each-page-has-a-url).","rawValue":false,"name":"pwa-each-page-has-url","description":"Each page has a URL","scoringMode":"binary","informative":true,"manual":true},"score":0,"weight":0,"id":"pwa-each-page-has-url","group":"manual-pwa-checks"}]},{"score":76.71232876712328,"name":"Accessibility","description":"These checks highlight opportunities to [improve the accessibility of your web app](https://developers.google.com/web/fundamentals/accessibility). Only a subset of accessibility issues can be automatically detected so manual testing is also encouraged.","id":"accessibility","audits":[{"result":{"displayValue":"","score":false,"helpText":"Access keys let users quickly focus a part of the page. For proper navigation, each access key must be unique. [Learn more](https://dequeuniversity.com/rules/axe/2.2/accesskeys?application=lighthouse).","rawValue":false,"name":"accesskeys","description":"`[accesskey]` values are not unique","scoringMode":"binary","informative":true,"notApplicable":true},"score":100,"weight":0,"id":"accesskeys","group":"a11y-correct-attributes"},{"result":{"displayValue":"","score":true,"helpText":"Each ARIA `role` supports a specific subset of `aria-*` attributes. Mismatching these invalidates the `aria-*` attributes. [Learn more](https://dequeuniversity.com/rules/axe/2.2/aria-allowed-attr?application=lighthouse).","rawValue":true,"extendedInfo":{},"name":"aria-allowed-attr","description":"`[aria-*]` attributes match their roles","scoringMode":"binary","details":{"header":{"text":"View failing elements","type":"text"},"type":"list","items":[]}},"score":100,"weight":3,"id":"aria-allowed-attr","group":"a11y-aria"},{"result":{"displayValue":"","score":false,"helpText":"Some ARIA roles have required attributes that describe the state of the element to screen readers. [Learn more](https://dequeuniversity.com/rules/axe/2.2/aria-required-attr?application=lighthouse).","rawValue":false,"name":"aria-required-attr","description":"`[role]`s do not have all required `[aria-*]` attributes","scoringMode":"binary","informative":true,"notApplicable":true},"score":100,"weight":0,"id":"aria-required-attr","group":"a11y-aria"},{"result":{"displayValue":"","score":false,"helpText":"Some ARIA parent roles must contain specific child roles to perform their intended accessibility functions. [Learn more](https://dequeuniversity.com/rules/axe/2.2/aria-required-children?application=lighthouse).","rawValue":false,"name":"aria-required-children","description":"Elements with `[role]` that require specific children `[role]`s, are missing.","scoringMode":"binary","informative":true,"notApplicable":true},"score":100,"weight":0,"id":"aria-required-children","group":"a11y-aria"},{"result":{"displayValue":"","score":false,"helpText":"Some ARIA child roles must be contained by specific parent roles to properly perform their intended accessibility functions. [Learn more](https://dequeuniversity.com/rules/axe/2.2/aria-required-parent?application=lighthouse).","rawValue":false,"name":"aria-required-parent","description":"`[role]`s are not contained by their required parent element","scoringMode":"binary","informative":true,"notApplicable":true},"score":100,"weight":0,"id":"aria-required-parent","group":"a11y-aria"},{"result":{"displayValue":"","score":false,"helpText":"ARIA roles must have valid values in order to perform their intended accessibility functions. [Learn more](https://dequeuniversity.com/rules/axe/2.2/aria-roles?application=lighthouse).","rawValue":false,"name":"aria-roles","description":"`[role]` values are not valid","scoringMode":"binary","informative":true,"notApplicable":true},"score":100,"weight":0,"id":"aria-roles","group":"a11y-aria"},{"result":{"displayValue":"","score":true,"helpText":"Assistive technologies, like screen readers, can't interpret ARIA attributes with invalid values. [Learn more](https://dequeuniversity.com/rules/axe/2.2/aria-valid-attr-value?application=lighthouse).","rawValue":true,"extendedInfo":{},"name":"aria-valid-attr-value","description":"`[aria-*]` attributes have valid values","scoringMode":"binary","details":{"header":{"text":"View failing elements","type":"text"},"type":"list","items":[]}},"score":100,"weight":2,"id":"aria-valid-attr-value","group":"a11y-aria"},{"result":{"displayValue":"","score":true,"helpText":"Assistive technologies, like screen readers, can't interpret ARIA attributes with invalid names. [Learn more](https://dequeuniversity.com/rules/axe/2.2/aria-valid-attr?application=lighthouse).","rawValue":true,"extendedInfo":{},"name":"aria-valid-attr","description":"`[aria-*]` attributes are valid and not misspelled","scoringMode":"binary","details":{"header":{"text":"View failing elements","type":"text"},"type":"list","items":[]}},"score":100,"weight":5,"id":"aria-valid-attr","group":"a11y-aria"},{"result":{"displayValue":"","score":false,"helpText":"Captions make audio elements usable for deaf or hearing-impaired users, providing critical information such as who is talking, what they're saying, and other non-speech information. [Learn more](https://dequeuniversity.com/rules/axe/2.2/audio-caption?application=lighthouse).","rawValue":false,"name":"audio-caption","description":"`<audio>` elements are missing a `<track>` element with `[kind=\"captions\"]`.","scoringMode":"binary","informative":true,"notApplicable":true},"score":100,"weight":0,"id":"audio-caption","group":"a11y-correct-attributes"},{"result":{"displayValue":"","score":false,"helpText":"When a button doesn't have an accessible name, screen readers announce it as \"button\", making it unusable for users who rely on screen readers. [Learn more](https://dequeuniversity.com/rules/axe/2.2/button-name?application=lighthouse).","rawValue":false,"extendedInfo":{"value":{"help":"Buttons must have discernible text","nodes":[{"failureSummary":"Fix all of the following:\n  Element is in tab order and does not have accessible text\n\nFix any of the following:\n  Element has a value attribute and the value attribute is empty\n  Element has no value attribute or the value attribute is empty\n  Element does not have inner text that is visible to screen readers\n  aria-label attribute does not exist or is empty\n  aria-labelledby attribute does not exist, references elements that do not exist or references elements that are empty or not visible\n  Element's default semantics were not overridden with role=\"presentation\"\n  Element's default semantics were not overridden with role=\"none\"","snippet":"<button type=\"button\" class=\"toolbar__side-icon btn btn--icon\">","path":"1,HTML,2,BODY,0,MAIN,0,DIV,1,DIV,2,NAV,0,DIV,0,BUTTON","impact":"critical","html":"<button type=\"button\" class=\"toolbar__side-icon btn btn--icon\"><div class=\"btn__content\"><i aria-hidden=\"true\" class=\"icon material-icons\">menu<\/i><\/div><\/button>","target":[".toolbar__side-icon"]},{"failureSummary":"Fix all of the following:\n  Element is in tab order and does not have accessible text\n\nFix any of the following:\n  Element has a value attribute and the value attribute is empty\n  Element has no value attribute or the value attribute is empty\n  Element does not have inner text that is visible to screen readers\n  aria-label attribute does not exist or is empty\n  aria-labelledby attribute does not exist, references elements that do not exist or references elements that are empty or not visible\n  Element's default semantics were not overridden with role=\"presentation\"\n  Element's default semantics were not overridden with role=\"none\"","snippet":"<button type=\"button\" class=\"btn btn--icon\">","path":"1,HTML,2,BODY,0,MAIN,0,DIV,1,DIV,2,NAV,0,DIV,4,SPAN,0,SPAN,0,BUTTON","impact":"critical","html":"<button type=\"button\" class=\"btn btn--icon\"><div class=\"btn__content\"><i aria-hidden=\"true\" class=\"icon fa fa-sign-out\"><\/i><\/div><\/button>","target":["span > .btn--icon"]}],"impact":"critical","description":"Ensures buttons have discernible text","helpUrl":"https://dequeuniversity.com/rules/axe/3.0/button-name?application=axeAPI","id":"button-name","tags":["cat.name-role-value","wcag2a","wcag412","section508","section508.22.a"]}},"name":"button-name","description":"Buttons do not have an accessible name","scoringMode":"binary","details":{"header":{"text":"View failing elements","type":"text"},"type":"list","items":[{"snippet":"<button type=\"button\" class=\"toolbar__side-icon btn btn--icon\">","path":"1,HTML,2,BODY,0,MAIN,0,DIV,1,DIV,2,NAV,0,DIV,0,BUTTON","selector":".toolbar__side-icon","type":"node"},{"snippet":"<button type=\"button\" class=\"btn btn--icon\">","path":"1,HTML,2,BODY,0,MAIN,0,DIV,1,DIV,2,NAV,0,DIV,4,SPAN,0,SPAN,0,BUTTON","selector":"span > .btn--icon","type":"node"}]}},"score":0,"weight":10,"id":"button-name","group":"a11y-element-names"},{"result":{"displayValue":"","score":true,"helpText":"Adding ways to bypass repetitive content lets keyboard users navigate the page more efficiently. [Learn more](https://dequeuniversity.com/rules/axe/2.2/bypass?application=lighthouse).","rawValue":true,"extendedInfo":{},"name":"bypass","description":"The page contains a heading, skip link, or landmark region","scoringMode":"binary","details":{"header":{"text":"View failing elements","type":"text"},"type":"list","items":[]}},"score":100,"weight":10,"id":"bypass","group":"a11y-describe-contents"},{"result":{"displayValue":"","score":true,"helpText":"Low-contrast text is difficult or impossible for many users to read. [Learn more](https://dequeuniversity.com/rules/axe/2.2/color-contrast?application=lighthouse).","rawValue":true,"extendedInfo":{},"name":"color-contrast","description":"Background and foreground colors have a sufficient contrast ratio","scoringMode":"binary","details":{"header":{"text":"View failing elements","type":"text"},"type":"list","items":[]}},"score":100,"weight":6,"id":"color-contrast","group":"a11y-color-contrast"},{"result":{"displayValue":"","score":false,"helpText":"When definition lists are not properly marked up, screen readers may produce confusing or inaccurate output. [Learn more](https://dequeuniversity.com/rules/axe/2.2/definition-list?application=lighthouse).","rawValue":false,"name":"definition-list","description":"`<dl>`'s do not contain only properly-ordered `<dt>` and `<dd>` groups, `<script>` or `<template>` elements.","scoringMode":"binary","informative":true,"notApplicable":true},"score":100,"weight":0,"id":"definition-list","group":"a11y-well-structured"},{"result":{"displayValue":"","score":false,"helpText":"Definition list items (`<dt>` and `<dd>`) must be wrapped in a parent `<dl>` element to ensure that screen readers can properly announce them. [Learn more](https://dequeuniversity.com/rules/axe/2.2/dlitem?application=lighthouse).","rawValue":false,"name":"dlitem","description":"Definition list items are not wrapped in `<dl>` elements","scoringMode":"binary","informative":true,"notApplicable":true},"score":100,"weight":0,"id":"dlitem","group":"a11y-well-structured"},{"result":{"displayValue":"","score":true,"helpText":"The title gives screen reader users an overview of the page, and search engine users rely on it heavily to determine if a page is relevant to their search. [Learn more](https://developers.google.com/web/tools/lighthouse/audits/title).","rawValue":true,"extendedInfo":{},"name":"document-title","description":"Document has a `<title>` element","scoringMode":"binary","details":{"header":{"text":"View failing elements","type":"text"},"type":"list","items":[]}},"score":100,"weight":2,"id":"document-title","group":"a11y-describe-contents"},{"result":{"displayValue":"","score":true,"helpText":"The value of an id attribute must be unique to prevent other instances from being overlooked by assistive technologies. [Learn more](https://dequeuniversity.com/rules/axe/2.2/duplicate-id?application=lighthouse).","rawValue":true,"extendedInfo":{},"name":"duplicate-id","description":"`[id]` attributes on the page are unique","scoringMode":"binary","details":{"header":{"text":"View failing elements","type":"text"},"type":"list","items":[]}},"score":100,"weight":5,"id":"duplicate-id","group":"a11y-well-structured"},{"result":{"displayValue":"","score":false,"helpText":"Screen reader users rely on frame titles to describe the contents of frames. [Learn more](https://dequeuniversity.com/rules/axe/2.2/frame-title?application=lighthouse).","rawValue":false,"name":"frame-title","description":"`<frame>` or `<iframe>` elements do not have a title","scoringMode":"binary","informative":true,"notApplicable":true},"score":100,"weight":0,"id":"frame-title","group":"a11y-describe-contents"},{"result":{"displayValue":"","score":false,"helpText":"If a page doesn't specify a lang attribute, a screen reader assumes that the page is in the default language that the user chose when setting up the screen reader. If the page isn't actually in the default language, then the screen reader might not announce the page's text correctly. [Learn more](https://dequeuniversity.com/rules/axe/2.2/html-lang?application=lighthouse).","rawValue":false,"extendedInfo":{"value":{"help":"<html> element must have a lang attribute","nodes":[{"failureSummary":"Fix any of the following:\n  The <html> element does not have a lang attribute","snippet":"<html>","path":"1,HTML","impact":"serious","html":"<html>","target":["html"]}],"impact":"serious","description":"Ensures every HTML document has a lang attribute","helpUrl":"https://dequeuniversity.com/rules/axe/3.0/html-has-lang?application=axeAPI","id":"html-has-lang","tags":["cat.language","wcag2a","wcag311"]}},"name":"html-has-lang","description":"`<html>` element does not have a `[lang]` attribute","scoringMode":"binary","details":{"header":{"text":"View failing elements","type":"text"},"type":"list","items":[{"snippet":"<html>","path":"1,HTML","selector":"html","type":"node"}]}},"score":0,"weight":4,"id":"html-has-lang","group":"a11y-language"},{"result":{"displayValue":"","score":false,"helpText":"Specifying a valid [BCP 47 language](https://www.w3.org/International/questions/qa-choosing-language-tags#question) helps screen readers announce text properly. [Learn more](https://dequeuniversity.com/rules/axe/2.2/valid-lang?application=lighthouse).","rawValue":false,"name":"html-lang-valid","description":"`<html>` element does not have a valid value for its `[lang]` attribute.","scoringMode":"binary","informative":true,"notApplicable":true},"score":100,"weight":0,"id":"html-lang-valid","group":"a11y-language"},{"result":{"displayValue":"","score":false,"helpText":"Informative elements should aim for short, descriptive alternate text. Decorative elements can be ignored with an empty alt attribute.[Learn more](https://dequeuniversity.com/rules/axe/2.2/image-alt?application=lighthouse).","rawValue":false,"name":"image-alt","description":"Image elements do not have `[alt]` attributes","scoringMode":"binary","informative":true,"notApplicable":true},"score":100,"weight":0,"id":"image-alt","group":"a11y-correct-attributes"},{"result":{"displayValue":"","score":false,"helpText":"When an image is being used as an `<input>` button, providing alternative text can help screen reader users understand the purpose of the button. [Learn more](https://dequeuniversity.com/rules/axe/2.2/input-image-alt?application=lighthouse).","rawValue":false,"name":"input-image-alt","description":"`<input type=\"image\">` elements do not have `[alt]` text","scoringMode":"binary","informative":true,"notApplicable":true},"score":100,"weight":0,"id":"input-image-alt","group":"a11y-correct-attributes"},{"result":{"displayValue":"","score":true,"helpText":"Labels ensure that form controls are announced properly by assistive technologies, like screen readers. [Learn more](https://dequeuniversity.com/rules/axe/2.2/label?application=lighthouse).","rawValue":true,"extendedInfo":{},"name":"label","description":"Form elements have associated labels","scoringMode":"binary","details":{"header":{"text":"View failing elements","type":"text"},"type":"list","items":[]}},"score":100,"weight":10,"id":"label","group":"a11y-describe-contents"},{"result":{"displayValue":"","score":false,"helpText":"A table being used for layout purposes should not include data elements, such as the th or caption elements or the summary attribute, because this can create a confusing experience for screen reader users. [Learn more](https://dequeuniversity.com/rules/axe/2.2/layout-table?application=lighthouse).","rawValue":false,"name":"layout-table","description":"Presentational `<table>` elements do not avoid using `<th>`, `<caption>` or the `[summary]` attribute.","scoringMode":"binary","informative":true,"notApplicable":true},"score":100,"weight":0,"id":"layout-table","group":"a11y-describe-contents"},{"result":{"displayValue":"","score":true,"helpText":"Link text (and alternate text for images, when used as links) that is discernible, unique, and focusable improves the navigation experience for screen reader users. [Learn more](https://dequeuniversity.com/rules/axe/2.2/link-name?application=lighthouse).","rawValue":true,"extendedInfo":{},"name":"link-name","description":"Links have a discernible name","scoringMode":"binary","details":{"header":{"text":"View failing elements","type":"text"},"type":"list","items":[]}},"score":100,"weight":9,"id":"link-name","group":"a11y-element-names"},{"result":{"displayValue":"","score":false,"helpText":"Screen readers have a specific way of announcing lists. Ensuring proper list structure aids screen reader output. [Learn more](https://dequeuniversity.com/rules/axe/2.2/list?application=lighthouse).","rawValue":false,"name":"list","description":"Lists do not contain only `<li>` elements and script supporting elements (`<script>` and `<template>`).","scoringMode":"binary","informative":true,"notApplicable":true},"score":100,"weight":0,"id":"list","group":"a11y-well-structured"},{"result":{"displayValue":"","score":false,"helpText":"Screen readers require list items (`<li>`) to be contained within a parent `<ul>` or `<ol>` to be announced properly. [Learn more](https://dequeuniversity.com/rules/axe/2.2/listitem?application=lighthouse).","rawValue":false,"name":"listitem","description":"List items (`<li>`) are not contained within `<ul>` or `<ol>` parent elements.","scoringMode":"binary","informative":true,"notApplicable":true},"score":100,"weight":0,"id":"listitem","group":"a11y-well-structured"},{"result":{"displayValue":"","score":false,"helpText":"Users do not expect a page to refresh automatically, and doing so will move focus back to the top of the page. This may create a frustrating or confusing experience. [Learn more](https://dequeuniversity.com/rules/axe/2.2/meta-refresh?application=lighthouse).","rawValue":false,"name":"meta-refresh","description":"The document uses `<meta http-equiv=\"refresh\">`","scoringMode":"binary","informative":true,"notApplicable":true},"score":100,"weight":0,"id":"meta-refresh","group":"a11y-meta"},{"result":{"displayValue":"","score":false,"helpText":"Disabling zooming is problematic for users with low vision who rely on screen magnification to properly see the contents of a web page. [Learn more](https://dequeuniversity.com/rules/axe/2.2/meta-viewport?application=lighthouse).","rawValue":false,"extendedInfo":{"value":{"help":"Zooming and scaling must not be disabled","nodes":[{"failureSummary":"Fix any of the following:\n  <meta> tag disables zooming on mobile devices","snippet":"<meta name=\"viewport\" content=\"width=device-width,initial-scale=1,maximum-scale=1,minimum-scale=1,user-scalable=no\">","path":"1,HTML,1,HEAD,1,META","impact":"critical","html":"<meta name=\"viewport\" content=\"width=device-width,initial-scale=1,maximum-scale=1,minimum-scale=1,user-scalable=no\">","target":["meta[name=\"viewport\"]"]}],"impact":"critical","description":"Ensures <meta name=\"viewport\"> does not disable text scaling and zooming","helpUrl":"https://dequeuniversity.com/rules/axe/3.0/meta-viewport?application=axeAPI","id":"meta-viewport","tags":["cat.sensory-and-visual-cues","wcag2aa","wcag144"]}},"name":"meta-viewport","description":"`[user-scalable=\"no\"]` is used in the `<meta name=\"viewport\">` element or the `[maximum-scale]` attribute is less than 5.","scoringMode":"binary","details":{"header":{"text":"View failing elements","type":"text"},"type":"list","items":[{"snippet":"<meta name=\"viewport\" content=\"width=device-width,initial-scale=1,maximum-scale=1,minimum-scale=1,user-scalable=no\">","path":"1,HTML,1,HEAD,1,META","selector":"meta[name=\"viewport\"]","type":"node"}]}},"score":0,"weight":3,"id":"meta-viewport","group":"a11y-meta"},{"result":{"displayValue":"","score":false,"helpText":"Screen readers cannot translate non-text content. Adding alt text to `<object>` elements helps screen readers convey meaning to users. [Learn more](https://dequeuniversity.com/rules/axe/2.2/object-alt?application=lighthouse).","rawValue":false,"name":"object-alt","description":"`<object>` elements do not have `[alt]` text","scoringMode":"binary","informative":true,"notApplicable":true},"score":100,"weight":0,"id":"object-alt","group":"a11y-describe-contents"},{"result":{"displayValue":"","score":true,"helpText":"A value greater than 0 implies an explicit navigation ordering. Although technically valid, this often creates frustrating experiences for users who rely on assistive technologies. [Learn more](https://dequeuniversity.com/rules/axe/2.2/tabindex?application=lighthouse).","rawValue":true,"extendedInfo":{},"name":"tabindex","description":"No element has a `[tabindex]` value greater than 0","scoringMode":"binary","details":{"header":{"text":"View failing elements","type":"text"},"type":"list","items":[]}},"score":100,"weight":4,"id":"tabindex","group":"a11y-correct-attributes"},{"result":{"displayValue":"","score":false,"helpText":"Screen readers have features to make navigating tables easier. Ensuring `<td>` cells using the `[headers]` attribute only refer to other cells in the same table may improve the experience for screen reader users. [Learn more](https://dequeuniversity.com/rules/axe/2.2/td-headers-attr?application=lighthouse).","rawValue":false,"name":"td-headers-attr","description":"Cells in a `<table>` element that use the `[headers]` attribute refers to other cells of that same table.","scoringMode":"binary","informative":true,"notApplicable":true},"score":100,"weight":0,"id":"td-headers-attr","group":"a11y-correct-attributes"},{"result":{"displayValue":"","score":false,"helpText":"Screen readers have features to make navigating tables easier. Ensuring table headers always refer to some set of cells may improve the experience for screen reader users. [Learn more](https://dequeuniversity.com/rules/axe/2.2/th-has-data-cells?application=lighthouse).","rawValue":false,"name":"th-has-data-cells","description":"`<th>` elements and elements with `[role=\"columnheader\"/\"rowheader\"]` do not have data cells they describe.","scoringMode":"binary","informative":true,"notApplicable":true},"score":100,"weight":0,"id":"th-has-data-cells","group":"a11y-correct-attributes"},{"result":{"displayValue":"","score":false,"helpText":"Specifying a valid [BCP 47 language](https://www.w3.org/International/questions/qa-choosing-language-tags#question) on elements helps ensure that text is pronounced correctly by a screen reader. [Learn more](https://dequeuniversity.com/rules/axe/2.2/valid-lang?application=lighthouse).","rawValue":false,"name":"valid-lang","description":"`[lang]` attributes do not have a valid value","scoringMode":"binary","informative":true,"notApplicable":true},"score":100,"weight":0,"id":"valid-lang","group":"a11y-language"},{"result":{"displayValue":"","score":false,"helpText":"When a video provides a caption it is easier for deaf and hearing impaired users to access its information. [Learn more](https://dequeuniversity.com/rules/axe/2.2/video-caption?application=lighthouse).","rawValue":false,"name":"video-caption","description":"`<video>` elements do not contain a `<track>` element with `[kind=\"captions\"]`.","scoringMode":"binary","informative":true,"notApplicable":true},"score":100,"weight":0,"id":"video-caption","group":"a11y-describe-contents"},{"result":{"displayValue":"","score":false,"helpText":"Audio descriptions provide relevant information for videos that dialogue cannot, such as facial expressions and scenes. [Learn more](https://dequeuniversity.com/rules/axe/2.2/video-description?application=lighthouse).","rawValue":false,"name":"video-description","description":"`<video>` elements do not contain a `<track>` element with `[kind=\"description\"]`.","scoringMode":"binary","informative":true,"notApplicable":true},"score":100,"weight":0,"id":"video-description","group":"a11y-describe-contents"},{"result":{"displayValue":"","score":false,"helpText":"Tabbing through the page follows the visual layout. Users cannot focus elements that are offscreen. [Learn more](https://developers.google.com/web/fundamentals/accessibility/how-to-review#start_with_the_keyboard).","rawValue":false,"name":"logical-tab-order","description":"The page has a logical tab order","scoringMode":"binary","informative":true,"manual":true},"score":0,"weight":0,"id":"logical-tab-order","group":"manual-a11y-checks"},{"result":{"displayValue":"","score":false,"helpText":"Custom interactive controls are keyboard focusable and display a focus indicator. [Learn more](https://developers.google.com/web/fundamentals/accessibility/how-to-review#start_with_the_keyboard).","rawValue":false,"name":"focusable-controls","description":"Interactive controls are keyboard focusable","scoringMode":"binary","informative":true,"manual":true},"score":0,"weight":0,"id":"focusable-controls","group":"manual-a11y-checks"},{"result":{"displayValue":"","score":false,"helpText":"If new content, such as a dialog, is added to the page, the user's focus is directed to it. [Learn more](https://developers.google.com/web/fundamentals/accessibility/how-to-review#start_with_the_keyboard).","rawValue":false,"name":"managed-focus","description":"The user's focus is directed to new content added to the page","scoringMode":"binary","informative":true,"manual":true},"score":0,"weight":0,"id":"managed-focus","group":"manual-a11y-checks"},{"result":{"displayValue":"","score":false,"helpText":"A user can tab into and out of any control or region without accidentally trapping their focus. [Learn more](https://developers.google.com/web/fundamentals/accessibility/how-to-review#start_with_the_keyboard).","rawValue":false,"name":"focus-traps","description":"User focus is not accidentally trapped in a region","scoringMode":"binary","informative":true,"manual":true},"score":0,"weight":0,"id":"focus-traps","group":"manual-a11y-checks"},{"result":{"displayValue":"","score":false,"helpText":"Custom interactive controls have associated labels, provided by aria-label or aria-labelledby. [Learn more](https://developers.google.com/web/fundamentals/accessibility/how-to-review#try_it_with_a_screen_reader).","rawValue":false,"name":"custom-controls-labels","description":"Custom controls have associated labels","scoringMode":"binary","informative":true,"manual":true},"score":0,"weight":0,"id":"custom-controls-labels","group":"manual-a11y-checks"},{"result":{"displayValue":"","score":false,"helpText":"Custom interactive controls have appropriate ARIA roles. [Learn more](https://developers.google.com/web/fundamentals/accessibility/how-to-review#try_it_with_a_screen_reader).","rawValue":false,"name":"custom-controls-roles","description":"Custom controls have ARIA roles","scoringMode":"binary","informative":true,"manual":true},"score":0,"weight":0,"id":"custom-controls-roles","group":"manual-a11y-checks"},{"result":{"displayValue":"","score":false,"helpText":"DOM order matches the visual order, improving navigation for assistive technology. [Learn more](https://developers.google.com/web/fundamentals/accessibility/how-to-review#try_it_with_a_screen_reader).","rawValue":false,"name":"visual-order-follows-dom","description":"Visual order on the page follows DOM order","scoringMode":"binary","informative":true,"manual":true},"score":0,"weight":0,"id":"visual-order-follows-dom","group":"manual-a11y-checks"},{"result":{"displayValue":"","score":false,"helpText":"Offscreen content is hidden with display: none or aria-hidden=true. [Learn more](https://developers.google.com/web/fundamentals/accessibility/how-to-review#try_it_with_a_screen_reader).","rawValue":false,"name":"offscreen-content-hidden","description":"Offscreen content is hidden from assistive technology","scoringMode":"binary","informative":true,"manual":true},"score":0,"weight":0,"id":"offscreen-content-hidden","group":"manual-a11y-checks"},{"result":{"displayValue":"","score":false,"helpText":"Headings are used to create an outline for the page and heading levels are not skipped. [Learn more](https://developers.google.com/web/fundamentals/accessibility/how-to-review#take_advantage_of_headings_and_landmarks).","rawValue":false,"name":"heading-levels","description":"Headings don't skip levels","scoringMode":"binary","informative":true,"manual":true},"score":0,"weight":0,"id":"heading-levels","group":"manual-a11y-checks"},{"result":{"displayValue":"","score":false,"helpText":"Landmark elements (<main>, <nav>, etc.) are used to improve the keyboard navigation of the page for assistive technology. [Learn more](https://developers.google.com/web/fundamentals/accessibility/how-to-review#take_advantage_of_headings_and_landmarks).","rawValue":false,"name":"use-landmarks","description":"HTML5 landmark elements are used to improve navigation","scoringMode":"binary","informative":true,"manual":true},"score":0,"weight":0,"id":"use-landmarks","group":"manual-a11y-checks"}]},{"score":86.66666666666667,"name":"Best Practices","description":"We've compiled some recommendations for modernizing your web app and avoiding performance pitfalls.","id":"best-practices","audits":[{"result":{"displayValue":"","score":true,"debugString":"","helpText":"Application Cache is deprecated. [Learn more](https://developers.google.com/web/tools/lighthouse/audits/appcache).","rawValue":true,"name":"appcache-manifest","description":"Avoids Application Cache","scoringMode":"binary"},"score":100,"weight":1,"id":"appcache-manifest"},{"result":{"displayValue":"","score":true,"debugString":"","helpText":"Web SQL is deprecated. Consider using IndexedDB instead. [Learn more](https://developers.google.com/web/tools/lighthouse/audits/web-sql).","rawValue":true,"name":"no-websql","description":"Avoids WebSQL DB","scoringMode":"binary"},"score":100,"weight":1,"id":"no-websql"},{"result":{"displayValue":"5 requests were not handled over HTTP/2","score":false,"helpText":"HTTP/2 offers many benefits over HTTP/1.1, including binary headers, multiplexing, and server push. [Learn more](https://developers.google.com/web/tools/lighthouse/audits/http2).","rawValue":false,"extendedInfo":{"value":{"results":[{"protocol":"http/1.1","url":"http://web/"},{"protocol":"http/1.1","url":"http://web/static/js/manifest.9f020e973ae4037504f6.js"},{"protocol":"http/1.1","url":"http://web/static/js/vendor.d1efda22f11e965a5228.js"},{"protocol":"http/1.1","url":"http://web/static/js/app.310cd52123c59f9f64a5.js"},{"protocol":"http/1.1","url":"http://web/static/css/app.a1bcfeb0daa2a3f727390086fd42ee9d.css"}]}},"name":"uses-http2","description":"Does not use HTTP/2 for all of its resources","scoringMode":"binary","details":{"itemHeaders":[{"itemType":"url","text":"URL","type":"text"},{"itemType":"text","text":"Protocol","type":"text"}],"header":"View Details","type":"table","items":[[{"text":"http://web/","type":"url"},{"text":"http/1.1","type":"text"}],[{"text":"http://web/static/js/manifest.9f020e973ae4037504f6.js","type":"url"},{"text":"http/1.1","type":"text"}],[{"text":"http://web/static/js/vendor.d1efda22f11e965a5228.js","type":"url"},{"text":"http/1.1","type":"text"}],[{"text":"http://web/static/js/app.310cd52123c59f9f64a5.js","type":"url"},{"text":"http/1.1","type":"text"}],[{"text":"http://web/static/css/app.a1bcfeb0daa2a3f727390086fd42ee9d.css","type":"url"},{"text":"http/1.1","type":"text"}]]}},"score":0,"weight":1,"id":"uses-http2"},{"result":{"displayValue":"","score":true,"helpText":"Consider marking your touch and wheel event listeners as `passive` to improve your page's scroll performance. [Learn more](https://developers.google.com/web/tools/lighthouse/audits/passive-event-listeners).","rawValue":true,"extendedInfo":{"value":[]},"name":"uses-passive-event-listeners","description":"Uses passive listeners to improve scrolling performance","scoringMode":"binary","details":{"itemHeaders":[{"itemType":"url","text":"URL","type":"text"},{"itemType":"text","text":"Location","type":"text"}],"header":"View Details","type":"table","items":[]}},"score":100,"weight":1,"id":"uses-passive-event-listeners"},{"result":{"displayValue":"","score":true,"helpText":"Mutation Events are deprecated and harm performance. Consider using Mutation Observers instead. [Learn more](https://developers.google.com/web/tools/lighthouse/audits/mutation-events).","rawValue":true,"extendedInfo":{"value":{"results":[]}},"name":"no-mutation-events","description":"Avoids Mutation Events in its own scripts","scoringMode":"binary","details":{"itemHeaders":[{"itemType":"url","text":"URL","type":"text"},{"itemType":"code","text":"Event","type":"text"},{"itemType":"text","text":"Line","type":"text"},{"itemType":"text","text":"Col","type":"text"},{"itemType":"code","text":"Snippet","type":"text"}],"header":"View Details","type":"table","items":[]}},"score":100,"weight":1,"id":"no-mutation-events"},{"result":{"displayValue":"","score":true,"helpText":"For users on slow connections, external scripts dynamically injected via `document.write()` can delay page load by tens of seconds. [Learn more](https://developers.google.com/web/tools/lighthouse/audits/document-write).","rawValue":true,"extendedInfo":{"value":[]},"name":"no-document-write","description":"Avoids `document.write()`","scoringMode":"binary","details":{"itemHeaders":[{"itemType":"url","text":"URL","type":"text"},{"itemType":"text","text":"Location","type":"text"}],"header":"View Details","type":"table","items":[]}},"score":100,"weight":1,"id":"no-document-write"},{"result":{"displayValue":"","score":true,"helpText":"Open new tabs using `rel=\"noopener\"` to improve performance and prevent security vulnerabilities. [Learn more](https://developers.google.com/web/tools/lighthouse/audits/noopener).","rawValue":true,"extendedInfo":{"value":[]},"name":"external-anchors-use-rel-noopener","description":"Opens external anchors using `rel=\"noopener\"`","scoringMode":"binary","details":{"itemHeaders":[{"itemType":"url","text":"URL","type":"text"},{"itemType":"text","text":"Target","type":"text"},{"itemType":"text","text":"Rel","type":"text"}],"header":"View Details","type":"table","items":[]}},"score":100,"weight":1,"id":"external-anchors-use-rel-noopener"},{"result":{"displayValue":"","score":true,"helpText":"Users are mistrustful of or confused by sites that request their location without context. Consider tying the request to user gestures instead. [Learn more](https://developers.google.com/web/tools/lighthouse/audits/geolocation-on-load).","rawValue":true,"extendedInfo":{"value":[]},"name":"geolocation-on-start","description":"Avoids requesting the geolocation permission on page load","scoringMode":"binary","details":{"itemHeaders":[{"itemType":"url","text":"URL","type":"text"},{"itemType":"text","text":"Location","type":"text"}],"header":"View Details","type":"table","items":[]}},"score":100,"weight":1,"id":"geolocation-on-start"},{"result":{"displayValue":"","score":true,"helpText":"Some third-party scripts may contain known security vulnerabilities  that are easily identified and exploited by attackers.","rawValue":true,"name":"no-vulnerable-libraries","description":"Avoids front-end JavaScript libraries with known security vulnerabilities","scoringMode":"binary"},"score":100,"weight":1,"id":"no-vulnerable-libraries"},{"result":{"displayValue":"","score":true,"helpText":"Users are mistrustful of or confused by sites that request to send notifications without context. Consider tying the request to user gestures instead. [Learn more](https://developers.google.com/web/tools/lighthouse/audits/notifications-on-load).","rawValue":true,"extendedInfo":{"value":[]},"name":"notification-on-start","description":"Avoids requesting the notification permission on page load","scoringMode":"binary","details":{"itemHeaders":[{"itemType":"url","text":"URL","type":"text"},{"itemType":"text","text":"Location","type":"text"}],"header":"View Details","type":"table","items":[]}},"score":100,"weight":1,"id":"notification-on-start"},{"result":{"displayValue":"","score":true,"helpText":"Deprecated APIs will eventually be removed from the browser. [Learn more](https://www.chromestatus.com/features#deprecated).","rawValue":true,"extendedInfo":{"value":[]},"name":"deprecations","description":"Avoids deprecated APIs","scoringMode":"binary","details":{"itemHeaders":[{"itemType":"code","text":"Deprecation / Warning","type":"text"},{"itemType":"url","text":"URL","type":"text"},{"itemType":"text","text":"Line","type":"text"}],"header":"View Details","type":"table","items":[]}},"score":100,"weight":1,"id":"deprecations"},{"result":{"displayValue":"","score":false,"helpText":"Make your app's `short_name` fewer than 12 characters to ensure that it's not truncated on homescreens. [Learn more](https://developers.google.com/web/tools/lighthouse/audits/manifest-short_name-is-not-truncated).","rawValue":false,"name":"manifest-short-name-length","description":"Manifest's `short_name` will be truncated when displayed on homescreen","scoringMode":"binary"},"score":0,"weight":1,"id":"manifest-short-name-length"},{"result":{"displayValue":"","score":true,"helpText":"Preventing password pasting undermines good security policy. [Learn more](https://www.ncsc.gov.uk/blog-post/let-them-paste-passwords)","rawValue":true,"extendedInfo":{"value":[]},"name":"password-inputs-can-be-pasted-into","description":"Allows users to paste into password fields","scoringMode":"binary","details":{"header":{"text":"Password inputs that prevent pasting into","type":"text"},"type":"list","items":[]}},"score":100,"weight":1,"id":"password-inputs-can-be-pasted-into"},{"result":{"displayValue":"","score":true,"helpText":"Errors logged to the console indicate unresolved problems. They can come from network request failures and other browser concerns.","rawValue":0,"name":"errors-in-console","description":"No browser errors logged to the console","scoringMode":"binary","details":{"itemHeaders":[{"itemType":"url","text":"URL","type":"text"},{"itemType":"code","text":"Description","type":"text"}],"header":"View Details","type":"table","items":[]}},"score":100,"weight":1,"id":"errors-in-console"},{"result":{"displayValue":"","score":true,"helpText":"Image display dimensions should match natural aspect ratio.","rawValue":true,"name":"image-aspect-ratio","description":"Displays images with correct aspect ratio","scoringMode":"binary","details":{"itemHeaders":[{"itemType":"thumbnail","text":"","type":"text"},{"itemType":"url","text":"URL","type":"text"},{"itemType":"text","text":"Aspect Ratio (Displayed)","type":"text"},{"itemType":"text","text":"Aspect Ratio (Actual)","type":"text"}],"header":"View Details","type":"table","items":[]}},"score":100,"weight":1,"id":"image-aspect-ratio"}]},{"score":50,"name":"SEO","description":"These checks ensure that your page is optimized for search engine results ranking. There are additional factors Lighthouse does not check that may affect your search ranking. [Learn more](https://support.google.com/webmasters/answer/35769).","id":"seo","audits":[{"result":{"displayValue":"","score":true,"debugString":"","helpText":"Add a viewport meta tag to optimize your app for mobile screens. [Learn more](https://developers.google.com/web/tools/lighthouse/audits/has-viewport-meta-tag).","rawValue":true,"name":"viewport","description":"Has a `<meta name=\"viewport\">` tag with `width` or `initial-scale`","scoringMode":"binary"},"score":100,"weight":1,"id":"viewport","group":"seo-mobile"},{"result":{"displayValue":"","score":true,"helpText":"The title gives screen reader users an overview of the page, and search engine users rely on it heavily to determine if a page is relevant to their search. [Learn more](https://developers.google.com/web/tools/lighthouse/audits/title).","rawValue":true,"extendedInfo":{},"name":"document-title","description":"Document has a `<title>` element","scoringMode":"binary","details":{"header":{"text":"View failing elements","type":"text"},"type":"list","items":[]}},"score":100,"weight":1,"id":"document-title","group":"seo-content"},{"result":{"displayValue":"","score":false,"helpText":"Meta descriptions may be included in search results to concisely summarize page content. [Learn more](https://developers.google.com/web/tools/lighthouse/audits/description).","rawValue":false,"name":"meta-description","description":"Document does not have a meta description","scoringMode":"binary"},"score":0,"weight":1,"id":"meta-description","group":"seo-content"},{"result":{"displayValue":"","score":null,"debugString":"Audit error: Unable to identify the main resource","helpText":"Pages with unsuccessful HTTP status codes may not be indexed properly. [Learn more](https://developers.google.com/web/tools/lighthouse/audits/successful-http-code).","rawValue":null,"name":"http-status-code","description":"Page has unsuccessful HTTP status code","scoringMode":"binary","error":true},"score":0,"weight":1,"id":"http-status-code","group":"seo-crawl"},{"result":{"displayValue":"","score":true,"helpText":"Descriptive link text helps search engines understand your content. [Learn more](https://developers.google.com/web/tools/lighthouse/audits/descriptive-link-text).","rawValue":true,"name":"link-text","description":"Links have descriptive text","scoringMode":"binary","details":{"itemHeaders":[{"itemType":"url","text":"Link destination","type":"text"},{"itemType":"text","text":"Link Text","type":"text"}],"header":"View Details","type":"table","items":[]}},"score":100,"weight":1,"id":"link-text","group":"seo-content"},{"result":{"displayValue":"","score":null,"debugString":"Audit error: Unable to identify the main resource","helpText":"Search engines are unable to include your pages in search results if they don't have permission to crawl them. [Learn more](https://developers.google.com/web/tools/lighthouse/audits/indexing).","rawValue":null,"name":"is-crawlable","description":"Page is blocked from indexing","scoringMode":"binary","error":true},"score":0,"weight":1,"id":"is-crawlable","group":"seo-crawl"},{"result":{"displayValue":"","score":null,"debugString":"Audit error: Unable to identify the main resource","helpText":"hreflang allows crawlers to discover alternate translations of the page content. [Learn more](https://support.google.com/webmasters/answer/189077).","rawValue":null,"name":"hreflang","description":"Document doesn't have a valid `hreflang`","scoringMode":"binary","error":true},"score":0,"weight":1,"id":"hreflang","group":"seo-content"},{"result":{"displayValue":"","score":null,"debugString":"Audit error: Unable to identify the main resource","helpText":"Canonical links suggest which URL to show in search results. [Learn more](https://developers.google.com/web/tools/lighthouse/audits/canonical).","rawValue":null,"name":"canonical","description":"Document does not have a valid `rel=canonical`","scoringMode":"binary","error":true},"score":0,"weight":1,"id":"canonical","group":"seo-content"},{"result":{"displayValue":"","score":true,"debugString":null,"helpText":"Font sizes less than 12px are too small to be legible and require mobile visitors to \u201cpinch to zoom\u201d in order to read. Strive to have >60% of page text ≥12px. [Learn more](https://developers.google.com/web/tools/lighthouse/audits/font-sizes).","rawValue":true,"name":"font-size","description":"Document uses legible font sizes","scoringMode":"binary","details":{"itemHeaders":[{"itemType":"url","text":"Source","type":"text"},{"itemType":"code","text":"Selector","type":"text"},{"itemType":"text","text":"% of Page Text","type":"text"},{"itemType":"text","text":"Font Size","type":"text"}],"header":"View Details","type":"table","items":[[{"text":"Legible text","type":"url"},{"text":null,"type":"code"},{"text":"100.00%","type":"text"},{"text":"≥ 12px","type":"text"}]]}},"score":100,"weight":1,"id":"font-size","group":"seo-mobile"},{"result":{"displayValue":"","score":true,"helpText":"Most mobile devices do not support plugins, and many desktop browsers restrict them.","rawValue":true,"name":"plugins","description":"Document avoids plugins","scoringMode":"binary","details":{"itemHeaders":[{"itemType":"code","text":"Element source","type":"text"}],"header":"View Details","type":"table","items":[]}},"score":100,"weight":1,"id":"plugins","group":"seo-content"},{"result":{"displayValue":"","score":false,"helpText":"Take the [Mobile-Friendly Test](https://search.google.com/test/mobile-friendly) to check for audits not covered by Lighthouse, like sizing tap targets appropriately. [Learn more](https://developers.google.com/search/mobile-sites/).","rawValue":false,"name":"mobile-friendly","description":"Page is mobile friendly","scoringMode":"binary","informative":true,"manual":true},"score":0,"weight":0,"id":"mobile-friendly","group":"manual-seo-checks"},{"result":{"displayValue":"","score":false,"helpText":"Run the [Structured Data Testing Tool](https://search.google.com/structured-data/testing-tool/) and the [Structured Data Linter](http://linter.structured-data.org/) to validate structured data. [Learn more](https://developers.google.com/search/docs/guides/mark-up-content).","rawValue":false,"name":"structured-data","description":"Structured data is valid","scoringMode":"binary","informative":true,"manual":true},"score":0,"weight":0,"id":"structured-data","group":"manual-seo-checks"}]}],"timing":{"total":19151},"reportGroups":{"a11y-color-contrast":{"description":"These are opportunities to improve the legibility of your content.","title":"Color Contrast Is Satisfactory"},"perf-metric":{"description":"These metrics encapsulate your web app's performance across a number of dimensions.","title":"Metrics"},"a11y-aria":{"description":"These are opportunities to improve the usage of ARIA in your application which may enhance the experience for users of assistive technology, like a screen reader.","title":"ARIA Attributes Follow Best Practices"},"a11y-element-names":{"description":"These are opportunities to improve the semantics of the controls in your application. This may enhance the experience for users of assistive technology, like a screen reader.","title":"Elements Have Discernible Names"},"a11y-well-structured":{"description":"These are opportunities to make sure your HTML is appropriately structured.","title":"Elements Are Well Structured"},"seo-content":{"description":"Format your HTML in a way that enables crawlers to better understand your app\u2019s content.","title":"Content Best Practices"},"a11y-correct-attributes":{"description":"These are opportunities to improve the configuration of your HTML elements.","title":"Elements Use Attributes Correctly"},"perf-hint":{"description":"These are opportunities to speed up your application by optimizing the following resources.","title":"Opportunities"},"seo-crawl":{"description":"To appear in search results, crawlers need access to your app.","title":"Crawling and Indexing"},"a11y-describe-contents":{"description":"These are opportunities to make your content easier to understand for a user of assistive technology, like a screen reader.","title":"Elements Describe Contents Well"},"a11y-language":{"description":"These are opportunities to improve the interpretation of your content by users in different locales.","title":"Page Specifies Valid Language"},"manual-a11y-checks":{"description":"These items address areas which an automated testing tool cannot cover. Learn more in our guide on [conducting an accessibility review](https://developers.google.com/web/fundamentals/accessibility/how-to-review).","title":"Additional items to manually check"},"seo-mobile":{"description":"Make sure your pages are mobile friendly so users don\u2019t have to pinch or zoom in order to read the content pages. [Learn more](https://developers.google.com/search/mobile-sites/).","title":"Mobile Friendly"},"perf-info":{"description":"More information about the performance of your application.","title":"Diagnostics"},"manual-pwa-checks":{"description":"These checks are required by the baseline [PWA Checklist](https://developers.google.com/web/progressive-web-apps/checklist) but are not automatically checked by Lighthouse. They do not affect your score but it's important that you verify them manually.","title":"Additional items to manually check"},"a11y-meta":{"description":"These are opportunities to improve the user experience of your site.","title":"Meta Tags Used Properly"},"manual-seo-checks":{"description":"Run these additional validators on your site to check additional SEO best practices.","title":"Additional items to manually check"}},"runWarnings":[],"userAgent":"Mozilla/5.0 (X11; Linux x86_64) AppleWebKit/537.36 (KHTML, like Gecko) HeadlessChrome/69.0.3458.0 Safari/537.36","runtimeConfig":{"blockedUrlPatterns":[],"environment":[{"name":"Device Emulation","description":"Nexus 5X","enabled":true},{"name":"Network Throttling","description":"562.5ms RTT, 1.4Mbps down, 0.7Mbps up","enabled":true},{"name":"CPU Throttling","description":"4x slowdown","enabled":true}],"extraHeaders":{}},"lighthouseVersion":"2.9.4","audits":{"plugins":{"displayValue":"","score":true,"helpText":"Most mobile devices do not support plugins, and many desktop browsers restrict them.","rawValue":true,"name":"plugins","description":"Document avoids plugins","scoringMode":"binary","details":{"itemHeaders":[{"itemType":"code","text":"Element source","type":"text"}],"header":"View Details","type":"table","items":[]}},"aria-required-parent":{"displayValue":"","score":false,"helpText":"Some ARIA child roles must be contained by specific parent roles to properly perform their intended accessibility functions. [Learn more](https://dequeuniversity.com/rules/axe/2.2/aria-required-parent?application=lighthouse).","rawValue":false,"name":"aria-required-parent","description":"`[role]`s are not contained by their required parent element","scoringMode":"binary","informative":true,"notApplicable":true},"custom-controls-labels":{"displayValue":"","score":false,"helpText":"Custom interactive controls have associated labels, provided by aria-label or aria-labelledby. [Learn more](https://developers.google.com/web/fundamentals/accessibility/how-to-review#try_it_with_a_screen_reader).","rawValue":false,"name":"custom-controls-labels","description":"Custom controls have associated labels","scoringMode":"binary","informative":true,"manual":true},"link-name":{"displayValue":"","score":true,"helpText":"Link text (and alternate text for images, when used as links) that is discernible, unique, and focusable improves the navigation experience for screen reader users. [Learn more](https://dequeuniversity.com/rules/axe/2.2/link-name?application=lighthouse).","rawValue":true,"extendedInfo":{},"name":"link-name","description":"Links have a discernible name","scoringMode":"binary","details":{"header":{"text":"View failing elements","type":"text"},"type":"list","items":[]}},"offscreen-images":{"displayValue":"","score":100,"helpText":"Consider lazy-loading offscreen and hidden images to improve page load speed and time to interactive. [Learn more](https://developers.google.com/web/tools/lighthouse/audits/offscreen-images).","rawValue":0,"extendedInfo":{"value":{"wastedKb":0,"wastedMs":0,"results":[]}},"name":"offscreen-images","description":"Offscreen images","scoringMode":"binary","informative":true,"details":{"itemHeaders":[{"itemType":"thumbnail","text":"","type":"text"},{"itemType":"url","text":"URL","type":"text"},{"itemType":"text","text":"Original","type":"text"},{"itemType":"text","text":"Potential Savings","type":"text"}],"header":"View Details","type":"table","items":[]}},"first-interactive":{"displayValue":"6,460 ms","score":71,"helpText":"First Interactive marks the time at which the page is minimally interactive. [Learn more](https://developers.google.com/web/tools/lighthouse/audits/first-interactive).","rawValue":6460.149,"extendedInfo":{"value":{"timeInMs":6460.149,"timestamp":8650059653847}},"name":"first-interactive","description":"First Interactive (beta)","scoringMode":"numeric"},"button-name":{"displayValue":"","score":false,"helpText":"When a button doesn't have an accessible name, screen readers announce it as \"button\", making it unusable for users who rely on screen readers. [Learn more](https://dequeuniversity.com/rules/axe/2.2/button-name?application=lighthouse).","rawValue":false,"extendedInfo":{"value":{"help":"Buttons must have discernible text","nodes":[{"failureSummary":"Fix all of the following:\n  Element is in tab order and does not have accessible text\n\nFix any of the following:\n  Element has a value attribute and the value attribute is empty\n  Element has no value attribute or the value attribute is empty\n  Element does not have inner text that is visible to screen readers\n  aria-label attribute does not exist or is empty\n  aria-labelledby attribute does not exist, references elements that do not exist or references elements that are empty or not visible\n  Element's default semantics were not overridden with role=\"presentation\"\n  Element's default semantics were not overridden with role=\"none\"","snippet":"<button type=\"button\" class=\"toolbar__side-icon btn btn--icon\">","path":"1,HTML,2,BODY,0,MAIN,0,DIV,1,DIV,2,NAV,0,DIV,0,BUTTON","impact":"critical","html":"<button type=\"button\" class=\"toolbar__side-icon btn btn--icon\"><div class=\"btn__content\"><i aria-hidden=\"true\" class=\"icon material-icons\">menu<\/i><\/div><\/button>","target":[".toolbar__side-icon"]},{"failureSummary":"Fix all of the following:\n  Element is in tab order and does not have accessible text\n\nFix any of the following:\n  Element has a value attribute and the value attribute is empty\n  Element has no value attribute or the value attribute is empty\n  Element does not have inner text that is visible to screen readers\n  aria-label attribute does not exist or is empty\n  aria-labelledby attribute does not exist, references elements that do not exist or references elements that are empty or not visible\n  Element's default semantics were not overridden with role=\"presentation\"\n  Element's default semantics were not overridden with role=\"none\"","snippet":"<button type=\"button\" class=\"btn btn--icon\">","path":"1,HTML,2,BODY,0,MAIN,0,DIV,1,DIV,2,NAV,0,DIV,4,SPAN,0,SPAN,0,BUTTON","impact":"critical","html":"<button type=\"button\" class=\"btn btn--icon\"><div class=\"btn__content\"><i aria-hidden=\"true\" class=\"icon fa fa-sign-out\"><\/i><\/div><\/button>","target":["span > .btn--icon"]}],"impact":"critical","description":"Ensures buttons have discernible text","helpUrl":"https://dequeuniversity.com/rules/axe/3.0/button-name?application=axeAPI","id":"button-name","tags":["cat.name-role-value","wcag2a","wcag412","section508","section508.22.a"]}},"name":"button-name","description":"Buttons do not have an accessible name","scoringMode":"binary","details":{"header":{"text":"View failing elements","type":"text"},"type":"list","items":[{"snippet":"<button type=\"button\" class=\"toolbar__side-icon btn btn--icon\">","path":"1,HTML,2,BODY,0,MAIN,0,DIV,1,DIV,2,NAV,0,DIV,0,BUTTON","selector":".toolbar__side-icon","type":"node"},{"snippet":"<button type=\"button\" class=\"btn btn--icon\">","path":"1,HTML,2,BODY,0,MAIN,0,DIV,1,DIV,2,NAV,0,DIV,4,SPAN,0,SPAN,0,BUTTON","selector":"span > .btn--icon","type":"node"}]}},"unminified-css":{"displayValue":"","score":100,"helpText":"Minifying CSS files can reduce network payload sizes. [Learn more](https://developers.google.com/speed/docs/insights/MinifyResources).","rawValue":0,"extendedInfo":{"value":{"wastedKb":0,"wastedMs":0,"results":[]}},"name":"unminified-css","description":"Minify CSS","scoringMode":"binary","informative":true,"details":{"itemHeaders":[{"itemType":"url","text":"URL","type":"text"},{"itemType":"text","text":"Original","type":"text"},{"itemType":"text","text":"Potential Savings","type":"text"}],"header":"View Details","type":"table","items":[]}},"input-image-alt":{"displayValue":"","score":false,"helpText":"When an image is being used as an `<input>` button, providing alternative text can help screen reader users understand the purpose of the button. [Learn more](https://dequeuniversity.com/rules/axe/2.2/input-image-alt?application=lighthouse).","rawValue":false,"name":"input-image-alt","description":"`<input type=\"image\">` elements do not have `[alt]` text","scoringMode":"binary","informative":true,"notApplicable":true},"uses-http2":{"displayValue":"5 requests were not handled over HTTP/2","score":false,"helpText":"HTTP/2 offers many benefits over HTTP/1.1, including binary headers, multiplexing, and server push. [Learn more](https://developers.google.com/web/tools/lighthouse/audits/http2).","rawValue":false,"extendedInfo":{"value":{"results":[{"protocol":"http/1.1","url":"http://web/"},{"protocol":"http/1.1","url":"http://web/static/js/manifest.9f020e973ae4037504f6.js"},{"protocol":"http/1.1","url":"http://web/static/js/vendor.d1efda22f11e965a5228.js"},{"protocol":"http/1.1","url":"http://web/static/js/app.310cd52123c59f9f64a5.js"},{"protocol":"http/1.1","url":"http://web/static/css/app.a1bcfeb0daa2a3f727390086fd42ee9d.css"}]}},"name":"uses-http2","description":"Does not use HTTP/2 for all of its resources","scoringMode":"binary","details":{"itemHeaders":[{"itemType":"url","text":"URL","type":"text"},{"itemType":"text","text":"Protocol","type":"text"}],"header":"View Details","type":"table","items":[[{"text":"http://web/","type":"url"},{"text":"http/1.1","type":"text"}],[{"text":"http://web/static/js/manifest.9f020e973ae4037504f6.js","type":"url"},{"text":"http/1.1","type":"text"}],[{"text":"http://web/static/js/vendor.d1efda22f11e965a5228.js","type":"url"},{"text":"http/1.1","type":"text"}],[{"text":"http://web/static/js/app.310cd52123c59f9f64a5.js","type":"url"},{"text":"http/1.1","type":"text"}],[{"text":"http://web/static/css/app.a1bcfeb0daa2a3f727390086fd42ee9d.css","type":"url"},{"text":"http/1.1","type":"text"}]]}},"th-has-data-cells":{"displayValue":"","score":false,"helpText":"Screen readers have features to make navigating tables easier. Ensuring table headers always refer to some set of cells may improve the experience for screen reader users. [Learn more](https://dequeuniversity.com/rules/axe/2.2/th-has-data-cells?application=lighthouse).","rawValue":false,"name":"th-has-data-cells","description":"`<th>` elements and elements with `[role=\"columnheader\"/\"rowheader\"]` do not have data cells they describe.","scoringMode":"binary","informative":true,"notApplicable":true},"tabindex":{"displayValue":"","score":true,"helpText":"A value greater than 0 implies an explicit navigation ordering. Although technically valid, this often creates frustrating experiences for users who rely on assistive technologies. [Learn more](https://dequeuniversity.com/rules/axe/2.2/tabindex?application=lighthouse).","rawValue":true,"extendedInfo":{},"name":"tabindex","description":"No element has a `[tabindex]` value greater than 0","scoringMode":"binary","details":{"header":{"text":"View failing elements","type":"text"},"type":"list","items":[]}},"uses-long-cache-ttl":{"displayValue":"0 assets found","score":100,"helpText":"A long cache lifetime can speed up repeat visits to your page. [Learn more](https://developers.google.com/web/fundamentals/performance/optimizing-content-efficiency/http-caching#cache-control).","rawValue":0,"extendedInfo":{"value":{"queryStringCount":0,"results":[]}},"name":"uses-long-cache-ttl","description":"Uses efficient cache policy on static assets","scoringMode":"numeric","details":{"itemHeaders":[{"itemType":"url","text":"URL","type":"text"},{"itemType":"text","text":"Cache TTL","type":"text"},{"itemType":"text","text":"Size (KB)","type":"text"}],"header":"View Details","type":"table","items":[]}},"without-javascript":{"displayValue":"","score":false,"debugString":"The page body should render some content if its scripts are not available.","helpText":"Your app should display some content when JavaScript is disabled, even if it's just a warning to the user that JavaScript is required to use the app. [Learn more](https://developers.google.com/web/tools/lighthouse/audits/no-js).","rawValue":false,"name":"without-javascript","description":"Does not provide fallback content when JavaScript is not available","scoringMode":"binary"},"uses-responsive-images":{"displayValue":"","score":100,"helpText":"Serve images that are appropriately-sized to save cellular data and improve load time. [Learn more](https://developers.google.com/web/tools/lighthouse/audits/oversized-images).","rawValue":0,"extendedInfo":{"value":{"wastedKb":0,"wastedMs":0,"results":[]}},"name":"uses-responsive-images","description":"Properly size images","scoringMode":"binary","informative":true,"details":{"itemHeaders":[{"itemType":"thumbnail","text":"","type":"text"},{"itemType":"url","text":"URL","type":"text"},{"itemType":"text","text":"Original","type":"text"},{"itemType":"text","text":"Potential Savings","type":"text"}],"header":"View Details","type":"table","items":[]}},"frame-title":{"displayValue":"","score":false,"helpText":"Screen reader users rely on frame titles to describe the contents of frames. [Learn more](https://dequeuniversity.com/rules/axe/2.2/frame-title?application=lighthouse).","rawValue":false,"name":"frame-title","description":"`<frame>` or `<iframe>` elements do not have a title","scoringMode":"binary","informative":true,"notApplicable":true},"link-blocking-first-paint":{"displayValue":"","score":100,"helpText":"External stylesheets are blocking the first paint of your page. Consider delivering critical CSS via `<style>` tags and deferring non-critical styles. [Learn more](https://developers.google.com/web/tools/lighthouse/audits/blocking-resources).","rawValue":0,"extendedInfo":{"value":{"wastedMs":"0 ms","results":[]}},"name":"link-blocking-first-paint","description":"Reduce render-blocking stylesheets","scoringMode":"binary","informative":true,"details":{"itemHeaders":[{"itemType":"url","text":"URL","type":"text"},{"itemType":"text","text":"Size (KB)","type":"text"},{"itemType":"text","text":"Delayed Paint By (ms)","type":"text"}],"header":"View Details","type":"table","items":[]}},"mobile-friendly":{"displayValue":"","score":false,"helpText":"Take the [Mobile-Friendly Test](https://search.google.com/test/mobile-friendly) to check for audits not covered by Lighthouse, like sizing tap targets appropriately. [Learn more](https://developers.google.com/search/mobile-sites/).","rawValue":false,"name":"mobile-friendly","description":"Page is mobile friendly","scoringMode":"binary","informative":true,"manual":true},"script-blocking-first-paint":{"displayValue":"","score":100,"helpText":"Script elements are blocking the first paint of your page. Consider inlining critical scripts and deferring non-critical ones. [Learn more](https://developers.google.com/web/tools/lighthouse/audits/blocking-resources).","rawValue":0,"extendedInfo":{"value":{"wastedMs":"0 ms","results":[]}},"name":"script-blocking-first-paint","description":"Reduce render-blocking scripts","scoringMode":"binary","informative":true,"details":{"itemHeaders":[{"itemType":"url","text":"URL","type":"text"},{"itemType":"text","text":"Size (KB)","type":"text"},{"itemType":"text","text":"Delayed Paint By (ms)","type":"text"}],"header":"View Details","type":"table","items":[]}},"managed-focus":{"displayValue":"","score":false,"helpText":"If new content, such as a dialog, is added to the page, the user's focus is directed to it. [Learn more](https://developers.google.com/web/fundamentals/accessibility/how-to-review#start_with_the_keyboard).","rawValue":false,"name":"managed-focus","description":"The user's focus is directed to new content added to the page","scoringMode":"binary","informative":true,"manual":true},"pwa-cross-browser":{"displayValue":"","score":false,"helpText":"To reach the most number of users, sites should work across every major browser. [Learn more](https://developers.google.com/web/progressive-web-apps/checklist#site-works-cross-browser).","rawValue":false,"name":"pwa-cross-browser","description":"Site works cross-browser","scoringMode":"binary","informative":true,"manual":true},"time-to-first-byte":{"displayValue":"","score":null,"debugString":"Audit error: Cannot read property '_timing' of undefined","helpText":"Time To First Byte identifies the time at which your server sends a response. [Learn more](https://developers.google.com/web/tools/chrome-devtools/network-performance/issues).","rawValue":null,"name":"time-to-first-byte","description":"Keep server response times low (TTFB)","scoringMode":"binary","informative":true,"error":true},"video-description":{"displayValue":"","score":false,"helpText":"Audio descriptions provide relevant information for videos that dialogue cannot, such as facial expressions and scenes. [Learn more](https://dequeuniversity.com/rules/axe/2.2/video-description?application=lighthouse).","rawValue":false,"name":"video-description","description":"`<video>` elements do not contain a `<track>` element with `[kind=\"description\"]`.","scoringMode":"binary","informative":true,"notApplicable":true},"document-title":{"displayValue":"","score":true,"helpText":"The title gives screen reader users an overview of the page, and search engine users rely on it heavily to determine if a page is relevant to their search. [Learn more](https://developers.google.com/web/tools/lighthouse/audits/title).","rawValue":true,"extendedInfo":{},"name":"document-title","description":"Document has a `<title>` element","scoringMode":"binary","details":{"header":{"text":"View failing elements","type":"text"},"type":"list","items":[]}},"external-anchors-use-rel-noopener":{"displayValue":"","score":true,"helpText":"Open new tabs using `rel=\"noopener\"` to improve performance and prevent security vulnerabilities. [Learn more](https://developers.google.com/web/tools/lighthouse/audits/noopener).","rawValue":true,"extendedInfo":{"value":[]},"name":"external-anchors-use-rel-noopener","description":"Opens external anchors using `rel=\"noopener\"`","scoringMode":"binary","details":{"itemHeaders":[{"itemType":"url","text":"URL","type":"text"},{"itemType":"text","text":"Target","type":"text"},{"itemType":"text","text":"Rel","type":"text"}],"header":"View Details","type":"table","items":[]}},"total-byte-weight":{"displayValue":"Total size was 400 KB","score":100,"helpText":"Large network payloads cost users real money and are highly correlated with long load times. [Learn more](https://developers.google.com/web/tools/lighthouse/audits/network-payloads).","rawValue":409855,"extendedInfo":{"value":{"totalCompletedRequests":11,"results":[{"totalKb":"227 KB","totalMs":"1,240 ms","totalBytes":232785,"url":"http://web/static/js/vendor.d1efda22f11e965a5228.js"},{"totalKb":"48 KB","totalMs":"260 ms","totalBytes":49163,"url":"https://fonts.gstatic.com/s/materialicons/v37/flUhRq6tzZclQEJ-Vdg-IuiaDsNc.woff2"},{"totalKb":"46 KB","totalMs":"250 ms","totalBytes":47366,"url":"https://cdnjs.cloudflare.com/ajax/libs/Chart.js/2.7.1/Chart.min.js"},{"totalKb":"32 KB","totalMs":"170 ms","totalBytes":32261,"url":"http://web/static/css/app.a1bcfeb0daa2a3f727390086fd42ee9d.css"},{"totalKb":"15 KB","totalMs":"80 ms","totalBytes":15817,"url":"https://fonts.gstatic.com/s/roboto/v18/KFOlCnqEu92Fr1MmEU9fBBc4.woff2"},{"totalKb":"15 KB","totalMs":"80 ms","totalBytes":15461,"url":"https://fonts.gstatic.com/s/roboto/v18/KFOmCnqEu92Fr1Mu4mxK.woff2"},{"totalKb":"12 KB","totalMs":"70 ms","totalBytes":12691,"url":"http://web/static/js/app.310cd52123c59f9f64a5.js"},{"totalKb":"1 KB","totalMs":"10 ms","totalBytes":1524,"url":"https://unpkg.com/vue-chartjs@3.3.2/dist/vue-chartjs.min.js"},{"totalKb":"1 KB","totalMs":"10 ms","totalBytes":1211,"url":"http://web/"},{"totalKb":"1 KB","totalMs":"10 ms","totalBytes":1171,"url":"http://web/static/js/manifest.9f020e973ae4037504f6.js"}]}},"name":"total-byte-weight","description":"Avoids enormous network payloads","scoringMode":"numeric","details":{"itemHeaders":[{"itemType":"url","text":"URL","type":"text"},{"itemType":"text","text":"Total Size","type":"text"},{"itemType":"text","text":"Transfer Time","type":"text"}],"header":"View Details","type":"table","items":[[{"text":"http://web/static/js/vendor.d1efda22f11e965a5228.js","type":"url"},{"text":"227 KB","type":"text"},{"text":"1,240 ms","type":"text"}],[{"text":"https://fonts.gstatic.com/s/materialicons/v37/flUhRq6tzZclQEJ-Vdg-IuiaDsNc.woff2","type":"url"},{"text":"48 KB","type":"text"},{"text":"260 ms","type":"text"}],[{"text":"https://cdnjs.cloudflare.com/ajax/libs/Chart.js/2.7.1/Chart.min.js","type":"url"},{"text":"46 KB","type":"text"},{"text":"250 ms","type":"text"}],[{"text":"http://web/static/css/app.a1bcfeb0daa2a3f727390086fd42ee9d.css","type":"url"},{"text":"32 KB","type":"text"},{"text":"170 ms","type":"text"}],[{"text":"https://fonts.gstatic.com/s/roboto/v18/KFOlCnqEu92Fr1MmEU9fBBc4.woff2","type":"url"},{"text":"15 KB","type":"text"},{"text":"80 ms","type":"text"}],[{"text":"https://fonts.gstatic.com/s/roboto/v18/KFOmCnqEu92Fr1Mu4mxK.woff2","type":"url"},{"text":"15 KB","type":"text"},{"text":"80 ms","type":"text"}],[{"text":"http://web/static/js/app.310cd52123c59f9f64a5.js","type":"url"},{"text":"12 KB","type":"text"},{"text":"70 ms","type":"text"}],[{"text":"https://unpkg.com/vue-chartjs@3.3.2/dist/vue-chartjs.min.js","type":"url"},{"text":"1 KB","type":"text"},{"text":"10 ms","type":"text"}],[{"text":"http://web/","type":"url"},{"text":"1 KB","type":"text"},{"text":"10 ms","type":"text"}],[{"text":"http://web/static/js/manifest.9f020e973ae4037504f6.js","type":"url"},{"text":"1 KB","type":"text"},{"text":"10 ms","type":"text"}]]}},"logical-tab-order":{"displayValue":"","score":false,"helpText":"Tabbing through the page follows the visual layout. Users cannot focus elements that are offscreen. [Learn more](https://developers.google.com/web/fundamentals/accessibility/how-to-review#start_with_the_keyboard).","rawValue":false,"name":"logical-tab-order","description":"The page has a logical tab order","scoringMode":"binary","informative":true,"manual":true},"meta-refresh":{"displayValue":"","score":false,"helpText":"Users do not expect a page to refresh automatically, and doing so will move focus back to the top of the page. This may create a frustrating or confusing experience. [Learn more](https://dequeuniversity.com/rules/axe/2.2/meta-refresh?application=lighthouse).","rawValue":false,"name":"meta-refresh","description":"The document uses `<meta http-equiv=\"refresh\">`","scoringMode":"binary","informative":true,"notApplicable":true},"deprecations":{"displayValue":"","score":true,"helpText":"Deprecated APIs will eventually be removed from the browser. [Learn more](https://www.chromestatus.com/features#deprecated).","rawValue":true,"extendedInfo":{"value":[]},"name":"deprecations","description":"Avoids deprecated APIs","scoringMode":"binary","details":{"itemHeaders":[{"itemType":"code","text":"Deprecation / Warning","type":"text"},{"itemType":"url","text":"URL","type":"text"},{"itemType":"text","text":"Line","type":"text"}],"header":"View Details","type":"table","items":[]}},"network-requests":{"displayValue":"11","score":100,"helpText":"Lists the network requests that were made during page load.","rawValue":11,"extendedInfo":{"value":[{"transferSize":1211,"startTime":0,"endTime":638.9249991625547,"mimeType":"text/html","url":"http://web/","statusCode":200,"resourceType":"document"},{"transferSize":1171,"startTime":755.621999502182,"endTime":1328.4680005162954,"mimeType":"application/javascript","url":"http://web/static/js/manifest.9f020e973ae4037504f6.js","statusCode":200,"resourceType":"script"},{"transferSize":232785,"startTime":755.7720001786947,"endTime":2917.8979992866516,"mimeType":"application/javascript","url":"http://web/static/js/vendor.d1efda22f11e965a5228.js","statusCode":200,"resourceType":"script"},{"transferSize":12691,"startTime":755.9009995311499,"endTime":1470.6410001963377,"mimeType":"application/javascript","url":"http://web/static/js/app.310cd52123c59f9f64a5.js","statusCode":200,"resourceType":"script"},{"transferSize":47366,"startTime":790.370000526309,"endTime":2162.829000502825,"mimeType":"application/javascript","url":"https://cdnjs.cloudflare.com/ajax/libs/Chart.js/2.7.1/Chart.min.js","statusCode":200,"resourceType":"script"},{"transferSize":405,"startTime":790.8159997314215,"endTime":1663.72200101614,"mimeType":"text/plain","url":"https://unpkg.com/vue-chartjs/dist/vue-chartjs.min.js","statusCode":302},{"transferSize":1524,"startTime":1664.8290008306503,"endTime":2258.2770008593798,"mimeType":"application/javascript","url":"https://unpkg.com/vue-chartjs@3.3.2/dist/vue-chartjs.min.js","statusCode":200,"resourceType":"script"},{"transferSize":32261,"startTime":4527.456000447273,"endTime":5278.87500077486,"mimeType":"text/css","url":"http://web/static/css/app.a1bcfeb0daa2a3f727390086fd42ee9d.css","statusCode":200,"resourceType":"stylesheet"},{"transferSize":15461,"startTime":5458.613000810146,"endTime":6342.342000454664,"mimeType":"font/woff2","url":"https://fonts.gstatic.com/s/roboto/v18/KFOmCnqEu92Fr1Mu4mxK.woff2","statusCode":200,"resourceType":"font"},{"transferSize":49163,"startTime":5458.761001005769,"endTime":6524.431999772787,"mimeType":"font/woff2","url":"https://fonts.gstatic.com/s/materialicons/v37/flUhRq6tzZclQEJ-Vdg-IuiaDsNc.woff2","statusCode":200,"resourceType":"font"},{"transferSize":15817,"startTime":5458.878999575973,"endTime":6334.002999588847,"mimeType":"font/woff2","url":"https://fonts.gstatic.com/s/roboto/v18/KFOlCnqEu92Fr1MmEU9fBBc4.woff2","statusCode":200,"resourceType":"font"}]},"name":"network-requests","description":"Network Requests","scoringMode":"binary","informative":true,"details":{"itemHeaders":[{"itemType":"url","text":"URL","type":"text"},{"itemType":"ms","text":"Start Time","type":"text"},{"itemType":"ms","text":"End Time","type":"text"},{"itemType":"bytes","text":"Transfer Size","type":"text"},{"itemType":"text","text":"Status Code","type":"text"},{"itemType":"text","text":"MIME Type","type":"text"},{"itemType":"text","text":"Resource Type","type":"text"}],"header":"View Details","type":"table","items":[[{"text":"http://web/","type":"url"},{"text":0,"type":"ms"},{"text":638.9249991625547,"type":"ms"},{"text":1211,"type":"bytes"},{"text":200,"type":"text"},{"text":"text/html","type":"text"},{"text":"document","type":"text"}],[{"text":"http://web/static/js/manifest.9f020e973ae4037504f6.js","type":"url"},{"text":755.621999502182,"type":"ms"},{"text":1328.4680005162954,"type":"ms"},{"text":1171,"type":"bytes"},{"text":200,"type":"text"},{"text":"application/javascript","type":"text"},{"text":"script","type":"text"}],[{"text":"http://web/static/js/vendor.d1efda22f11e965a5228.js","type":"url"},{"text":755.7720001786947,"type":"ms"},{"text":2917.8979992866516,"type":"ms"},{"text":232785,"type":"bytes"},{"text":200,"type":"text"},{"text":"application/javascript","type":"text"},{"text":"script","type":"text"}],[{"text":"http://web/static/js/app.310cd52123c59f9f64a5.js","type":"url"},{"text":755.9009995311499,"type":"ms"},{"text":1470.6410001963377,"type":"ms"},{"text":12691,"type":"bytes"},{"text":200,"type":"text"},{"text":"application/javascript","type":"text"},{"text":"script","type":"text"}],[{"text":"https://cdnjs.cloudflare.com/ajax/libs/Chart.js/2.7.1/Chart.min.js","type":"url"},{"text":790.370000526309,"type":"ms"},{"text":2162.829000502825,"type":"ms"},{"text":47366,"type":"bytes"},{"text":200,"type":"text"},{"text":"application/javascript","type":"text"},{"text":"script","type":"text"}],[{"text":"https://unpkg.com/vue-chartjs/dist/vue-chartjs.min.js","type":"url"},{"text":790.8159997314215,"type":"ms"},{"text":1663.72200101614,"type":"ms"},{"text":405,"type":"bytes"},{"text":302,"type":"text"},{"text":"text/plain","type":"text"},{"type":"text"}],[{"text":"https://unpkg.com/vue-chartjs@3.3.2/dist/vue-chartjs.min.js","type":"url"},{"text":1664.8290008306503,"type":"ms"},{"text":2258.2770008593798,"type":"ms"},{"text":1524,"type":"bytes"},{"text":200,"type":"text"},{"text":"application/javascript","type":"text"},{"text":"script","type":"text"}],[{"text":"http://web/static/css/app.a1bcfeb0daa2a3f727390086fd42ee9d.css","type":"url"},{"text":4527.456000447273,"type":"ms"},{"text":5278.87500077486,"type":"ms"},{"text":32261,"type":"bytes"},{"text":200,"type":"text"},{"text":"text/css","type":"text"},{"text":"stylesheet","type":"text"}],[{"text":"https://fonts.gstatic.com/s/roboto/v18/KFOmCnqEu92Fr1Mu4mxK.woff2","type":"url"},{"text":5458.613000810146,"type":"ms"},{"text":6342.342000454664,"type":"ms"},{"text":15461,"type":"bytes"},{"text":200,"type":"text"},{"text":"font/woff2","type":"text"},{"text":"font","type":"text"}],[{"text":"https://fonts.gstatic.com/s/materialicons/v37/flUhRq6tzZclQEJ-Vdg-IuiaDsNc.woff2","type":"url"},{"text":5458.761001005769,"type":"ms"},{"text":6524.431999772787,"type":"ms"},{"text":49163,"type":"bytes"},{"text":200,"type":"text"},{"text":"font/woff2","type":"text"},{"text":"font","type":"text"}],[{"text":"https://fonts.gstatic.com/s/roboto/v18/KFOlCnqEu92Fr1MmEU9fBBc4.woff2","type":"url"},{"text":5458.878999575973,"type":"ms"},{"text":6334.002999588847,"type":"ms"},{"text":15817,"type":"bytes"},{"text":200,"type":"text"},{"text":"font/woff2","type":"text"},{"text":"font","type":"text"}]]}},"link-text":{"displayValue":"","score":true,"helpText":"Descriptive link text helps search engines understand your content. [Learn more](https://developers.google.com/web/tools/lighthouse/audits/descriptive-link-text).","rawValue":true,"name":"link-text","description":"Links have descriptive text","scoringMode":"binary","details":{"itemHeaders":[{"itemType":"url","text":"Link destination","type":"text"},{"itemType":"text","text":"Link Text","type":"text"}],"header":"View Details","type":"table","items":[]}},"uses-rel-preload":{"displayValue":"","score":null,"debugString":"Audit error: Unable to identify the main resource","helpText":"Consider using <link rel=preload> to prioritize fetching late-discovered resources sooner [Learn more](https://developers.google.com/web/updates/2016/03/link-rel-preload).","rawValue":null,"name":"uses-rel-preload","description":"Preload key requests","scoringMode":"numeric","informative":true,"error":true},"dlitem":{"displayValue":"","score":false,"helpText":"Definition list items (`<dt>` and `<dd>`) must be wrapped in a parent `<dl>` element to ensure that screen readers can properly announce them. [Learn more](https://dequeuniversity.com/rules/axe/2.2/dlitem?application=lighthouse).","rawValue":false,"name":"dlitem","description":"Definition list items are not wrapped in `<dl>` elements","scoringMode":"binary","informative":true,"notApplicable":true},"uses-optimized-images":{"displayValue":"","score":100,"helpText":"Optimized images load faster and consume less cellular data. [Learn more](https://developers.google.com/web/tools/lighthouse/audits/optimize-images).","rawValue":0,"extendedInfo":{"value":{"wastedKb":0,"wastedMs":0,"results":[]}},"name":"uses-optimized-images","description":"Optimize images","scoringMode":"binary","informative":true,"details":{"itemHeaders":[{"itemType":"thumbnail","text":"","type":"text"},{"itemType":"url","text":"URL","type":"text"},{"itemType":"text","text":"Original","type":"text"},{"itemType":"text","text":"Potential Savings","type":"text"}],"header":"View Details","type":"table","items":[]}},"errors-in-console":{"displayValue":"","score":true,"helpText":"Errors logged to the console indicate unresolved problems. They can come from network request failures and other browser concerns.","rawValue":0,"name":"errors-in-console","description":"No browser errors logged to the console","scoringMode":"binary","details":{"itemHeaders":[{"itemType":"url","text":"URL","type":"text"},{"itemType":"code","text":"Description","type":"text"}],"header":"View Details","type":"table","items":[]}},"video-caption":{"displayValue":"","score":false,"helpText":"When a video provides a caption it is easier for deaf and hearing impaired users to access its information. [Learn more](https://dequeuniversity.com/rules/axe/2.2/video-caption?application=lighthouse).","rawValue":false,"name":"video-caption","description":"`<video>` elements do not contain a `<track>` element with `[kind=\"captions\"]`.","scoringMode":"binary","informative":true,"notApplicable":true},"td-headers-attr":{"displayValue":"","score":false,"helpText":"Screen readers have features to make navigating tables easier. Ensuring `<td>` cells using the `[headers]` attribute only refer to other cells in the same table may improve the experience for screen reader users. [Learn more](https://dequeuniversity.com/rules/axe/2.2/td-headers-attr?application=lighthouse).","rawValue":false,"name":"td-headers-attr","description":"Cells in a `<table>` element that use the `[headers]` attribute refers to other cells of that same table.","scoringMode":"binary","informative":true,"notApplicable":true},"offscreen-content-hidden":{"displayValue":"","score":false,"helpText":"Offscreen content is hidden with display: none or aria-hidden=true. [Learn more](https://developers.google.com/web/fundamentals/accessibility/how-to-review#try_it_with_a_screen_reader).","rawValue":false,"name":"offscreen-content-hidden","description":"Offscreen content is hidden from assistive technology","scoringMode":"binary","informative":true,"manual":true},"no-document-write":{"displayValue":"","score":true,"helpText":"For users on slow connections, external scripts dynamically injected via `document.write()` can delay page load by tens of seconds. [Learn more](https://developers.google.com/web/tools/lighthouse/audits/document-write).","rawValue":true,"extendedInfo":{"value":[]},"name":"no-document-write","description":"Avoids `document.write()`","scoringMode":"binary","details":{"itemHeaders":[{"itemType":"url","text":"URL","type":"text"},{"itemType":"text","text":"Location","type":"text"}],"header":"View Details","type":"table","items":[]}},"aria-valid-attr-value":{"displayValue":"","score":true,"helpText":"Assistive technologies, like screen readers, can't interpret ARIA attributes with invalid values. [Learn more](https://dequeuniversity.com/rules/axe/2.2/aria-valid-attr-value?application=lighthouse).","rawValue":true,"extendedInfo":{},"name":"aria-valid-attr-value","description":"`[aria-*]` attributes have valid values","scoringMode":"binary","details":{"header":{"text":"View failing elements","type":"text"},"type":"list","items":[]}},"pwa-each-page-has-url":{"displayValue":"","score":false,"helpText":"Ensure individual pages are deep linkable via the URLs and that URLs are unique for the purpose of shareability on social media. [Learn more](https://developers.google.com/web/progressive-web-apps/checklist#each-page-has-a-url).","rawValue":false,"name":"pwa-each-page-has-url","description":"Each page has a URL","scoringMode":"binary","informative":true,"manual":true},"custom-controls-roles":{"displayValue":"","score":false,"helpText":"Custom interactive controls have appropriate ARIA roles. [Learn more](https://developers.google.com/web/fundamentals/accessibility/how-to-review#try_it_with_a_screen_reader).","rawValue":false,"name":"custom-controls-roles","description":"Custom controls have ARIA roles","scoringMode":"binary","informative":true,"manual":true},"meta-description":{"displayValue":"","score":false,"helpText":"Meta descriptions may be included in search results to concisely summarize page content. [Learn more](https://developers.google.com/web/tools/lighthouse/audits/description).","rawValue":false,"name":"meta-description","description":"Document does not have a meta description","scoringMode":"binary"},"duplicate-id":{"displayValue":"","score":true,"helpText":"The value of an id attribute must be unique to prevent other instances from being overlooked by assistive technologies. [Learn more](https://dequeuniversity.com/rules/axe/2.2/duplicate-id?application=lighthouse).","rawValue":true,"extendedInfo":{},"name":"duplicate-id","description":"`[id]` attributes on the page are unique","scoringMode":"binary","details":{"header":{"text":"View failing elements","type":"text"},"type":"list","items":[]}},"focusable-controls":{"displayValue":"","score":false,"helpText":"Custom interactive controls are keyboard focusable and display a focus indicator. [Learn more](https://developers.google.com/web/fundamentals/accessibility/how-to-review#start_with_the_keyboard).","rawValue":false,"name":"focusable-controls","description":"Interactive controls are keyboard focusable","scoringMode":"binary","informative":true,"manual":true},"heading-levels":{"displayValue":"","score":false,"helpText":"Headings are used to create an outline for the page and heading levels are not skipped. [Learn more](https://developers.google.com/web/fundamentals/accessibility/how-to-review#take_advantage_of_headings_and_landmarks).","rawValue":false,"name":"heading-levels","description":"Headings don't skip levels","scoringMode":"binary","informative":true,"manual":true},"uses-request-compression":{"displayValue":"","score":100,"helpText":"Text-based responses should be served with compression (gzip, deflate or brotli) to minimize total network bytes. [Learn more](https://developers.google.com/web/fundamentals/performance/optimizing-content-efficiency/optimize-encoding-and-transfer).","rawValue":0,"extendedInfo":{"value":{"wastedKb":0,"wastedMs":0,"results":[]}},"name":"uses-request-compression","description":"Enable text compression","scoringMode":"binary","informative":true,"details":{"itemHeaders":[{"itemType":"url","text":"Uncompressed resource URL","type":"text"},{"itemType":"text","text":"Original","type":"text"},{"itemType":"text","text":"GZIP Savings","type":"text"}],"header":"View Details","type":"table","items":[]}},"appcache-manifest":{"displayValue":"","score":true,"debugString":"","helpText":"Application Cache is deprecated. [Learn more](https://developers.google.com/web/tools/lighthouse/audits/appcache).","rawValue":true,"name":"appcache-manifest","description":"Avoids Application Cache","scoringMode":"binary"},"themed-omnibox":{"displayValue":"","score":false,"debugString":"Failures: No manifest was fetched, No `<meta name=\"theme-color\">` tag found.","helpText":"The browser address bar can be themed to match your site. [Learn more](https://developers.google.com/web/tools/lighthouse/audits/address-bar).","rawValue":false,"extendedInfo":{"value":{"failures":["No manifest was fetched","No `<meta name=\"theme-color\">` tag found"],"themeColor":null,"manifestValues":{"parseFailureReason":"No manifest was fetched","allChecks":[],"isParseFailure":true}}},"name":"themed-omnibox","description":"Address bar does not match brand colors","scoringMode":"binary"},"color-contrast":{"displayValue":"","score":true,"helpText":"Low-contrast text is difficult or impossible for many users to read. [Learn more](https://dequeuniversity.com/rules/axe/2.2/color-contrast?application=lighthouse).","rawValue":true,"extendedInfo":{},"name":"color-contrast","description":"Background and foreground colors have a sufficient contrast ratio","scoringMode":"binary","details":{"header":{"text":"View failing elements","type":"text"},"type":"list","items":[]}},"listitem":{"displayValue":"","score":false,"helpText":"Screen readers require list items (`<li>`) to be contained within a parent `<ul>` or `<ol>` to be announced properly. [Learn more](https://dequeuniversity.com/rules/axe/2.2/listitem?application=lighthouse).","rawValue":false,"name":"listitem","description":"List items (`<li>`) are not contained within `<ul>` or `<ol>` parent elements.","scoringMode":"binary","informative":true,"notApplicable":true},"no-mutation-events":{"displayValue":"","score":true,"helpText":"Mutation Events are deprecated and harm performance. Consider using Mutation Observers instead. [Learn more](https://developers.google.com/web/tools/lighthouse/audits/mutation-events).","rawValue":true,"extendedInfo":{"value":{"results":[]}},"name":"no-mutation-events","description":"Avoids Mutation Events in its own scripts","scoringMode":"binary","details":{"itemHeaders":[{"itemType":"url","text":"URL","type":"text"},{"itemType":"code","text":"Event","type":"text"},{"itemType":"text","text":"Line","type":"text"},{"itemType":"text","text":"Col","type":"text"},{"itemType":"code","text":"Snippet","type":"text"}],"header":"View Details","type":"table","items":[]}},"audio-caption":{"displayValue":"","score":false,"helpText":"Captions make audio elements usable for deaf or hearing-impaired users, providing critical information such as who is talking, what they're saying, and other non-speech information. [Learn more](https://dequeuniversity.com/rules/axe/2.2/audio-caption?application=lighthouse).","rawValue":false,"name":"audio-caption","description":"`<audio>` elements are missing a `<track>` element with `[kind=\"captions\"]`.","scoringMode":"binary","informative":true,"notApplicable":true},"first-meaningful-paint":{"displayValue":"4,520 ms","score":40,"helpText":"First meaningful paint measures when the primary content of a page is visible. [Learn more](https://developers.google.com/web/tools/lighthouse/audits/first-meaningful-paint).","rawValue":4521.8,"extendedInfo":{"value":{"timestamps":{"fCP":8650057715484,"endOfTrace":8650064967436,"fMP":8650057715493,"onLoad":8650058566647,"navStart":8650053193698},"fmpFellBack":false,"timings":{"fCP":4521.786,"endOfTrace":11773.738,"fMP":4521.795,"onLoad":5372.949,"navStart":0}}},"name":"first-meaningful-paint","description":"First meaningful paint","scoringMode":"numeric"},"focus-traps":{"displayValue":"","score":false,"helpText":"A user can tab into and out of any control or region without accidentally trapping their focus. [Learn more](https://developers.google.com/web/fundamentals/accessibility/how-to-review#start_with_the_keyboard).","rawValue":false,"name":"focus-traps","description":"User focus is not accidentally trapped in a region","scoringMode":"binary","informative":true,"manual":true},"aria-allowed-attr":{"displayValue":"","score":true,"helpText":"Each ARIA `role` supports a specific subset of `aria-*` attributes. Mismatching these invalidates the `aria-*` attributes. [Learn more](https://dequeuniversity.com/rules/axe/2.2/aria-allowed-attr?application=lighthouse).","rawValue":true,"extendedInfo":{},"name":"aria-allowed-attr","description":"`[aria-*]` attributes match their roles","scoringMode":"binary","details":{"header":{"text":"View failing elements","type":"text"},"type":"list","items":[]}},"geolocation-on-start":{"displayValue":"","score":true,"helpText":"Users are mistrustful of or confused by sites that request their location without context. Consider tying the request to user gestures instead. [Learn more](https://developers.google.com/web/tools/lighthouse/audits/geolocation-on-load).","rawValue":true,"extendedInfo":{"value":[]},"name":"geolocation-on-start","description":"Avoids requesting the geolocation permission on page load","scoringMode":"binary","details":{"itemHeaders":[{"itemType":"url","text":"URL","type":"text"},{"itemType":"text","text":"Location","type":"text"}],"header":"View Details","type":"table","items":[]}},"image-aspect-ratio":{"displayValue":"","score":true,"helpText":"Image display dimensions should match natural aspect ratio.","rawValue":true,"name":"image-aspect-ratio","description":"Displays images with correct aspect ratio","scoringMode":"binary","details":{"itemHeaders":[{"itemType":"thumbnail","text":"","type":"text"},{"itemType":"url","text":"URL","type":"text"},{"itemType":"text","text":"Aspect Ratio (Displayed)","type":"text"},{"itemType":"text","text":"Aspect Ratio (Actual)","type":"text"}],"header":"View Details","type":"table","items":[]}},"valid-lang":{"displayValue":"","score":false,"helpText":"Specifying a valid [BCP 47 language](https://www.w3.org/International/questions/qa-choosing-language-tags#question) on elements helps ensure that text is pronounced correctly by a screen reader. [Learn more](https://dequeuniversity.com/rules/axe/2.2/valid-lang?application=lighthouse).","rawValue":false,"name":"valid-lang","description":"`[lang]` attributes do not have a valid value","scoringMode":"binary","informative":true,"notApplicable":true},"html-has-lang":{"displayValue":"","score":false,"helpText":"If a page doesn't specify a lang attribute, a screen reader assumes that the page is in the default language that the user chose when setting up the screen reader. If the page isn't actually in the default language, then the screen reader might not announce the page's text correctly. [Learn more](https://dequeuniversity.com/rules/axe/2.2/html-lang?application=lighthouse).","rawValue":false,"extendedInfo":{"value":{"help":"<html> element must have a lang attribute","nodes":[{"failureSummary":"Fix any of the following:\n  The <html> element does not have a lang attribute","snippet":"<html>","path":"1,HTML","impact":"serious","html":"<html>","target":["html"]}],"impact":"serious","description":"Ensures every HTML document has a lang attribute","helpUrl":"https://dequeuniversity.com/rules/axe/3.0/html-has-lang?application=axeAPI","id":"html-has-lang","tags":["cat.language","wcag2a","wcag311"]}},"name":"html-has-lang","description":"`<html>` element does not have a `[lang]` attribute","scoringMode":"binary","details":{"header":{"text":"View failing elements","type":"text"},"type":"list","items":[{"snippet":"<html>","path":"1,HTML","selector":"html","type":"node"}]}},"unminified-javascript":{"displayValue":"","score":100,"helpText":"Minifying JavaScript files can reduce payload sizes and script parse time. [Learn more](https://developers.google.com/speed/docs/insights/MinifyResources).","rawValue":0,"extendedInfo":{"value":{"wastedKb":0,"wastedMs":0,"results":[]}},"name":"unminified-javascript","description":"Minify JavaScript","scoringMode":"binary","informative":true,"details":{"itemHeaders":[{"itemType":"url","text":"URL","type":"text"},{"itemType":"text","text":"Original","type":"text"},{"itemType":"text","text":"Potential Savings","type":"text"}],"header":"View Details","type":"table","items":[]}},"object-alt":{"displayValue":"","score":false,"helpText":"Screen readers cannot translate non-text content. Adding alt text to `<object>` elements helps screen readers convey meaning to users. [Learn more](https://dequeuniversity.com/rules/axe/2.2/object-alt?application=lighthouse).","rawValue":false,"name":"object-alt","description":"`<object>` elements do not have `[alt]` text","scoringMode":"binary","informative":true,"notApplicable":true},"accesskeys":{"displayValue":"","score":false,"helpText":"Access keys let users quickly focus a part of the page. For proper navigation, each access key must be unique. [Learn more](https://dequeuniversity.com/rules/axe/2.2/accesskeys?application=lighthouse).","rawValue":false,"name":"accesskeys","description":"`[accesskey]` values are not unique","scoringMode":"binary","informative":true,"notApplicable":true},"image-alt":{"displayValue":"","score":false,"helpText":"Informative elements should aim for short, descriptive alternate text. Decorative elements can be ignored with an empty alt attribute.[Learn more](https://dequeuniversity.com/rules/axe/2.2/image-alt?application=lighthouse).","rawValue":false,"name":"image-alt","description":"Image elements do not have `[alt]` attributes","scoringMode":"binary","informative":true,"notApplicable":true},"notification-on-start":{"displayValue":"","score":true,"helpText":"Users are mistrustful of or confused by sites that request to send notifications without context. Consider tying the request to user gestures instead. [Learn more](https://developers.google.com/web/tools/lighthouse/audits/notifications-on-load).","rawValue":true,"extendedInfo":{"value":[]},"name":"notification-on-start","description":"Avoids requesting the notification permission on page load","scoringMode":"binary","details":{"itemHeaders":[{"itemType":"url","text":"URL","type":"text"},{"itemType":"text","text":"Location","type":"text"}],"header":"View Details","type":"table","items":[]}},"unused-css-rules":{"displayValue":"Potential savings of 35 KB (~190 ms)","score":90,"helpText":"Remove unused rules from stylesheets to reduce unnecessary bytes consumed by network activity. [Learn more](https://developers.google.com/speed/docs/insights/OptimizeCSSDelivery)","rawValue":190,"extendedInfo":{"value":{"wastedKb":35,"wastedMs":190,"results":[{"wastedKb":"29 KB","totalKb":"32 KB","wastedMs":"160 ms","totalMs":"170 ms","potentialSavings":"29 KB (93%)","totalBytes":32261,"wastedPercent":92.80281987684556,"wastedBytes":29939,"url":"http://web/static/css/app.a1bcfeb0daa2a3f727390086fd42ee9d.css"},{"wastedKb":"5 KB","totalKb":"6 KB","wastedMs":"30 ms","totalMs":"30 ms","potentialSavings":"5 KB (98%)","totalBytes":5722,"wastedPercent":98.2698357217756,"wastedBytes":5623,"url":{"text":"a { color: #1976d2; } ...","type":"code"}}]}},"name":"unused-css-rules","description":"Unused CSS rules","scoringMode":"binary","informative":true,"details":{"itemHeaders":[{"itemType":"url","text":"URL","type":"text"},{"itemType":"text","text":"Original","type":"text"},{"itemType":"text","text":"Potential Savings","type":"text"}],"header":"View Details","type":"table","items":[[{"text":"http://web/static/css/app.a1bcfeb0daa2a3f727390086fd42ee9d.css","type":"url"},{"text":"32 KB","type":"text"},{"text":"29 KB (93%)","type":"text"}],[{"text":"a { color: #1976d2; } ...","type":"code"},{"text":"6 KB","type":"text"},{"text":"5 KB (98%)","type":"text"}]]}},"structured-data":{"displayValue":"","score":false,"helpText":"Run the [Structured Data Testing Tool](https://search.google.com/structured-data/testing-tool/) and the [Structured Data Linter](http://linter.structured-data.org/) to validate structured data. [Learn more](https://developers.google.com/search/docs/guides/mark-up-content).","rawValue":false,"name":"structured-data","description":"Structured data is valid","scoringMode":"binary","informative":true,"manual":true},"content-width":{"displayValue":"","score":true,"debugString":"","helpText":"If the width of your app's content doesn't match the width of the viewport, your app might not be optimized for mobile screens. [Learn more](https://developers.google.com/web/tools/lighthouse/audits/content-sized-correctly-for-viewport).","rawValue":true,"name":"content-width","description":"Content is sized correctly for the viewport","scoringMode":"binary"},"mainthread-work-breakdown":{"displayValue":"2,800 ms","score":true,"helpText":"Consider reducing the time spent parsing, compiling and executing JS.You may find delivering smaller JS payloads helps with this.","rawValue":2799.5130100250244,"extendedInfo":{"value":{"Update Layer Tree":108.97500228881836,"Layout":432.32500076293945,"Recalculate Style":503.69400215148926,"Evaluate Script":1296.8040027618408,"Animation Frame Fired":8.261001586914062,"Minor GC":82.69900131225586,"Run Microtasks":63.02199935913086,"Parse HTML":62.446001052856445,"Paint":41.383995056152344,"Compile Script":44.90999984741211,"Composite Layers":77.99400329589844,"Parse Stylesheet":76.9990005493164}},"name":"mainthread-work-breakdown","description":"Main thread work breakdown","scoringMode":"binary","informative":true,"details":{"itemHeaders":[{"itemType":"text","text":"Category","type":"text"},{"itemType":"text","text":"Work","type":"text"},{"itemType":"text","text":"Time spent","type":"text"}],"header":"View Details","type":"table","items":[[{"text":"Script Evaluation","type":"text"},{"text":"Evaluate Script","type":"text"},{"text":"1,297 ms","type":"text"}],[{"text":"Script Evaluation","type":"text"},{"text":"Run Microtasks","type":"text"},{"text":"63 ms","type":"text"}],[{"text":"Script Evaluation","type":"text"},{"text":"Animation Frame Fired","type":"text"},{"text":"8 ms","type":"text"}],[{"text":"Style & Layout","type":"text"},{"text":"Recalculate Style","type":"text"},{"text":"504 ms","type":"text"}],[{"text":"Style & Layout","type":"text"},{"text":"Layout","type":"text"},{"text":"432 ms","type":"text"}],[{"text":"Compositing","type":"text"},{"text":"Update Layer Tree","type":"text"},{"text":"109 ms","type":"text"}],[{"text":"Compositing","type":"text"},{"text":"Composite Layers","type":"text"},{"text":"78 ms","type":"text"}],[{"text":"Parsing HTML & CSS","type":"text"},{"text":"Parse Stylesheet","type":"text"},{"text":"77 ms","type":"text"}],[{"text":"Parsing HTML & CSS","type":"text"},{"text":"Parse HTML","type":"text"},{"text":"62 ms","type":"text"}],[{"text":"Garbage collection","type":"text"},{"text":"Minor GC","type":"text"},{"text":"83 ms","type":"text"}],[{"text":"Script Parsing & Compile","type":"text"},{"text":"Compile Script","type":"text"},{"text":"45 ms","type":"text"}],[{"text":"Paint","type":"text"},{"text":"Paint","type":"text"},{"text":"41 ms","type":"text"}]]}},"canonical":{"displayValue":"","score":null,"debugString":"Audit error: Unable to identify the main resource","helpText":"Canonical links suggest which URL to show in search results. [Learn more](https://developers.google.com/web/tools/lighthouse/audits/canonical).","rawValue":null,"name":"canonical","description":"Document does not have a valid `rel=canonical`","scoringMode":"binary","error":true},"bootup-time":{"displayValue":"1,570 ms","score":true,"helpText":"Consider reducing the time spent parsing, compiling, and executing JS. You may find delivering smaller JS payloads helps with this. [Learn more](https://developers.google.com/web/lighthouse/audits/bootup).","rawValue":1573.503999710083,"extendedInfo":{"value":{"http://web/static/js/app.310cd52123c59f9f64a5.js":{"Script Evaluation":1173.697998046875,"Script Parsing & Compile":22.533000946044922},"http://web/static/js/vendor.d1efda22f11e965a5228.js":{"Style & Layout":178.41699981689453,"Script Parsing & Compile":14.004999160766602,"Script Evaluation":9.45100212097168},"https://unpkg.com/vue-chartjs@3.3.2/dist/vue-chartjs.min.js":{"Script Evaluation":6.445001602172852,"Script Parsing & Compile":4.004999160766602},"https://cdnjs.cloudflare.com/ajax/libs/Chart.js/2.7.1/Chart.min.js":{"Style & Layout":0.8509998321533203,"Script Evaluation":90.19700050354004,"Script Parsing & Compile":0.5679988861083984},"http://web/static/js/manifest.9f020e973ae4037504f6.js":{"Script Parsing & Compile":2.184000015258789,"Script Evaluation":1.4300003051757812},"http://web/":{"Style & Layout":0.0989990234375,"Script Evaluation":7.028999328613281,"Script Parsing & Compile":0.14599990844726562},"http://web/#/":{"Parsing HTML & CSS":62.446001052856445}}},"name":"bootup-time","description":"JavaScript boot-up time","scoringMode":"binary","details":{"itemHeaders":[{"itemType":"url","text":"URL","type":"text"},{"itemType":"text","text":"Script Evaluation","type":"text"},{"itemType":"text","text":"Script Parsing & Compile","type":"text"}],"header":"View Details","type":"table","items":[[{"text":"http://web/static/js/app.310cd52123c59f9f64a5.js","type":"url"},{"text":"1,174 ms","type":"text"},{"text":"23 ms","type":"text"}],[{"text":"https://cdnjs.cloudflare.com/ajax/libs/Chart.js/2.7.1/Chart.min.js","type":"url"},{"text":"90 ms","type":"text"},{"text":"1 ms","type":"text"}],[{"text":"http://web/static/js/vendor.d1efda22f11e965a5228.js","type":"url"},{"text":"9 ms","type":"text"},{"text":"14 ms","type":"text"}],[{"text":"https://unpkg.com/vue-chartjs@3.3.2/dist/vue-chartjs.min.js","type":"url"},{"text":"6 ms","type":"text"},{"text":"4 ms","type":"text"}]]}},"list":{"displayValue":"","score":false,"helpText":"Screen readers have a specific way of announcing lists. Ensuring proper list structure aids screen reader output. [Learn more](https://dequeuniversity.com/rules/axe/2.2/list?application=lighthouse).","rawValue":false,"name":"list","description":"Lists do not contain only `<li>` elements and script supporting elements (`<script>` and `<template>`).","scoringMode":"binary","informative":true,"notApplicable":true},"hreflang":{"displayValue":"","score":null,"debugString":"Audit error: Unable to identify the main resource","helpText":"hreflang allows crawlers to discover alternate translations of the page content. [Learn more](https://support.google.com/webmasters/answer/189077).","rawValue":null,"name":"hreflang","description":"Document doesn't have a valid `hreflang`","scoringMode":"binary","error":true},"is-crawlable":{"displayValue":"","score":null,"debugString":"Audit error: Unable to identify the main resource","helpText":"Search engines are unable to include your pages in search results if they don't have permission to crawl them. [Learn more](https://developers.google.com/web/tools/lighthouse/audits/indexing).","rawValue":null,"name":"is-crawlable","description":"Page is blocked from indexing","scoringMode":"binary","error":true},"service-worker":{"displayValue":"","score":false,"helpText":"The service worker is the technology that enables your app to use many Progressive Web App features, such as offline, add to homescreen, and push notifications. [Learn more](https://developers.google.com/web/tools/lighthouse/audits/registered-service-worker).","rawValue":false,"name":"service-worker","description":"Does not register a service worker","scoringMode":"binary"},"use-landmarks":{"displayValue":"","score":false,"helpText":"Landmark elements (<main>, <nav>, etc.) are used to improve the keyboard navigation of the page for assistive technology. [Learn more](https://developers.google.com/web/fundamentals/accessibility/how-to-review#take_advantage_of_headings_and_landmarks).","rawValue":false,"name":"use-landmarks","description":"HTML5 landmark elements are used to improve navigation","scoringMode":"binary","informative":true,"manual":true},"critical-request-chains":{"displayValue":"","score":null,"debugString":"Audit error: Unable to identify the main resource","helpText":"The Critical Request Chains below show you what resources are issued with a high priority. Consider reducing the length of chains, reducing the download size of resources, or deferring the download of unnecessary resources to improve page load. [Learn more](https://developers.google.com/web/tools/lighthouse/audits/critical-request-chains).","rawValue":null,"name":"critical-request-chains","description":"Critical Request Chains","scoringMode":"binary","informative":true,"error":true},"consistently-interactive":{"displayValue":"6,460 ms","score":71,"helpText":"Consistently Interactive marks the time at which the page is fully interactive. [Learn more](https://developers.google.com/web/tools/lighthouse/audits/consistently-interactive).","rawValue":6460.149,"extendedInfo":{"value":{"timeInMs":6460.149,"cpuQuietPeriod":{"start":8.650059653847E9,"end":8.650064967436E9},"networkQuietPeriods":[{"start":8.650059532223999E9,"end":8.650064967436E9}],"networkQuietPeriod":{"start":8.650059532223999E9,"end":8.650064967436E9},"cpuQuietPeriods":[{"start":8.650059653847E9,"end":8.650064967436E9}],"timestamp":8650059653847}},"name":"consistently-interactive","description":"Consistently Interactive (beta)","scoringMode":"numeric"},"pwa-page-transitions":{"displayValue":"","score":false,"helpText":"Transitions should feel snappy as you tap around, even on a slow network, a key to perceived performance. [Learn more](https://developers.google.com/web/progressive-web-apps/checklist#page-transitions-dont-feel-like-they-block-on-the-network).","rawValue":false,"name":"pwa-page-transitions","description":"Page transitions don't feel like they block on the network","scoringMode":"binary","informative":true,"manual":true},"user-timings":{"displayValue":"0","score":true,"helpText":"Consider instrumenting your app with the User Timing API to create custom, real-world measurements of key user experiences. [Learn more](https://developers.google.com/web/tools/lighthouse/audits/user-timing).","rawValue":true,"extendedInfo":{"value":[]},"name":"user-timings","description":"User Timing marks and measures","scoringMode":"binary","informative":true,"details":{"itemHeaders":[{"itemType":"text","text":"Name","type":"text"},{"itemType":"text","text":"Type","type":"text"},{"itemType":"text","text":"Time","type":"text"}],"header":"View Details","type":"table","items":[]}},"manifest-short-name-length":{"displayValue":"","score":false,"helpText":"Make your app's `short_name` fewer than 12 characters to ensure that it's not truncated on homescreens. [Learn more](https://developers.google.com/web/tools/lighthouse/audits/manifest-short_name-is-not-truncated).","rawValue":false,"name":"manifest-short-name-length","description":"Manifest's `short_name` will be truncated when displayed on homescreen","scoringMode":"binary"},"no-vulnerable-libraries":{"displayValue":"","score":true,"helpText":"Some third-party scripts may contain known security vulnerabilities  that are easily identified and exploited by attackers.","rawValue":true,"name":"no-vulnerable-libraries","description":"Avoids front-end JavaScript libraries with known security vulnerabilities","scoringMode":"binary"},"font-size":{"displayValue":"","score":true,"debugString":null,"helpText":"Font sizes less than 12px are too small to be legible and require mobile visitors to \u201cpinch to zoom\u201d in order to read. Strive to have >60% of page text ≥12px. [Learn more](https://developers.google.com/web/tools/lighthouse/audits/font-sizes).","rawValue":true,"name":"font-size","description":"Document uses legible font sizes","scoringMode":"binary","details":{"itemHeaders":[{"itemType":"url","text":"Source","type":"text"},{"itemType":"code","text":"Selector","type":"text"},{"itemType":"text","text":"% of Page Text","type":"text"},{"itemType":"text","text":"Font Size","type":"text"}],"header":"View Details","type":"table","items":[[{"text":"Legible text","type":"url"},{"text":null,"type":"code"},{"text":"100.00%","type":"text"},{"text":"≥ 12px","type":"text"}]]}},"aria-valid-attr":{"displayValue":"","score":true,"helpText":"Assistive technologies, like screen readers, can't interpret ARIA attributes with invalid names. [Learn more](https://dequeuniversity.com/rules/axe/2.2/aria-valid-attr?application=lighthouse).","rawValue":true,"extendedInfo":{},"name":"aria-valid-attr","description":"`[aria-*]` attributes are valid and not misspelled","scoringMode":"binary","details":{"header":{"text":"View failing elements","type":"text"},"type":"list","items":[]}},"aria-required-attr":{"displayValue":"","score":false,"helpText":"Some ARIA roles have required attributes that describe the state of the element to screen readers. [Learn more](https://dequeuniversity.com/rules/axe/2.2/aria-required-attr?application=lighthouse).","rawValue":false,"name":"aria-required-attr","description":"`[role]`s do not have all required `[aria-*]` attributes","scoringMode":"binary","informative":true,"notApplicable":true},"aria-roles":{"displayValue":"","score":false,"helpText":"ARIA roles must have valid values in order to perform their intended accessibility functions. [Learn more](https://dequeuniversity.com/rules/axe/2.2/aria-roles?application=lighthouse).","rawValue":false,"name":"aria-roles","description":"`[role]` values are not valid","scoringMode":"binary","informative":true,"notApplicable":true},"redirects-http":{"displayValue":"","score":false,"helpText":"If you've already set up HTTPS, make sure that you redirect all HTTP traffic to HTTPS. [Learn more](https://developers.google.com/web/tools/lighthouse/audits/http-redirects-to-https).","rawValue":false,"name":"redirects-http","description":"Does not redirect HTTP traffic to HTTPS","scoringMode":"binary"},"aria-required-children":{"displayValue":"","score":false,"helpText":"Some ARIA parent roles must contain specific child roles to perform their intended accessibility functions. [Learn more](https://dequeuniversity.com/rules/axe/2.2/aria-required-children?application=lighthouse).","rawValue":false,"name":"aria-required-children","description":"Elements with `[role]` that require specific children `[role]`s, are missing.","scoringMode":"binary","informative":true,"notApplicable":true},"dom-size":{"displayValue":"94 nodes","score":100,"helpText":"Browser engineers recommend pages contain fewer than ~1,500 DOM nodes. The sweet spot is a tree depth < 32 elements and fewer than 60 children/parent element. A large DOM can increase memory usage, cause longer [style calculations](https://developers.google.com/web/fundamentals/performance/rendering/reduce-the-scope-and-complexity-of-style-calculations), and produce costly [layout reflows](https://developers.google.com/speed/articles/reflow). [Learn more](https://developers.google.com/web/fundamentals/performance/rendering/).","rawValue":94,"extendedInfo":{"value":[{"title":"Total DOM Nodes","value":"94","target":"< 1,500 nodes"},{"snippet":"html >\n  body >\n    main >\n      div#inspire.application.theme--dark >\n        div.application--wrap >\n          aside.navigation-drawer.navigation-drawer--clipped.navigation-drawer--close.navigation-drawer--fixed.navigation-drawer--is-mobile >\n            div.list >\n              div >\n                div.list__tile >\n                  div.input-group.input-group--dirty.input-group--selection-controls.switch.accent--text >\n                    div.input-group__input >\n                      div.input-group--selection-controls__container >\n                        div.input-group--selection-controls__toggle.input-group--selection-controls__toggle--active","title":"DOM Depth","value":"13","target":"< 32"},{"snippet":"Element with most children:\nhead","title":"Maximum Children","value":"8","target":"< 60 nodes"}]},"name":"dom-size","description":"Avoids an excessive DOM size","scoringMode":"numeric","details":{"header":{"text":"View details","type":"text"},"type":"cards","items":[{"title":"Total DOM Nodes","value":"94","target":"< 1,500 nodes"},{"snippet":"html >\n  body >\n    main >\n      div#inspire.application.theme--dark >\n        div.application--wrap >\n          aside.navigation-drawer.navigation-drawer--clipped.navigation-drawer--close.navigation-drawer--fixed.navigation-drawer--is-mobile >\n            div.list >\n              div >\n                div.list__tile >\n                  div.input-group.input-group--dirty.input-group--selection-controls.switch.accent--text >\n                    div.input-group__input >\n                      div.input-group--selection-controls__container >\n                        div.input-group--selection-controls__toggle.input-group--selection-controls__toggle--active","title":"DOM Depth","value":"13","target":"< 32"},{"snippet":"Element with most children:\nhead","title":"Maximum Children","value":"8","target":"< 60 nodes"}]}},"no-websql":{"displayValue":"","score":true,"debugString":"","helpText":"Web SQL is deprecated. Consider using IndexedDB instead. [Learn more](https://developers.google.com/web/tools/lighthouse/audits/web-sql).","rawValue":true,"name":"no-websql","description":"Avoids WebSQL DB","scoringMode":"binary"},"webapp-install-banner":{"displayValue":"","score":false,"debugString":"Failures: No manifest was fetched, Site does not register a service worker, Service worker does not successfully serve the manifest's start_url, No usable web app manifest found on page.","helpText":"Browsers can proactively prompt users to add your app to their homescreen, which can lead to higher engagement. [Learn more](https://developers.google.com/web/tools/lighthouse/audits/install-prompt).","rawValue":false,"extendedInfo":{"value":{"failures":["No manifest was fetched","Site does not register a service worker","Service worker does not successfully serve the manifest's start_url","No usable web app manifest found on page"],"warnings":["No usable web app manifest found on page"],"manifestValues":{"parseFailureReason":"No manifest was fetched","allChecks":[],"isParseFailure":true}}},"name":"webapp-install-banner","description":"User will not be prompted to Install the Web App","scoringMode":"binary"},"uses-passive-event-listeners":{"displayValue":"","score":true,"helpText":"Consider marking your touch and wheel event listeners as `passive` to improve your page's scroll performance. [Learn more](https://developers.google.com/web/tools/lighthouse/audits/passive-event-listeners).","rawValue":true,"extendedInfo":{"value":[]},"name":"uses-passive-event-listeners","description":"Uses passive listeners to improve scrolling performance","scoringMode":"binary","details":{"itemHeaders":[{"itemType":"url","text":"URL","type":"text"},{"itemType":"text","text":"Location","type":"text"}],"header":"View Details","type":"table","items":[]}},"screenshot-thumbnails":{"displayValue":"true","score":100,"helpText":"This is what the load of your site looked like.","rawValue":true,"name":"screenshot-thumbnails","description":"Screenshot Thumbnails","scoringMode":"binary","informative":true,"details":{"scale":6606,"type":"filmstrip","items":[{"data":"/9j/4AAQSkZJRgABAQAAAQABAAD/2wCEAAMCAgMCAgMDAwMEAwMEBQgFBQQEBQoHBwYIDAoMDAsKCwsNDhIQDQ4RDgsLEBYQERMUFRUVDA8XGBYUGBIUFRQBAwQEBQQFCQUFCRQNCw0UFBQUFBQUFBQUFBQUFBQUFBQUFBQUFBQUFBQUFBQUFBQUFBQUFBQUFBQUFBQUFBQUFP/AABEIANUAeAMBEQACEQEDEQH/xAGiAAABBQEBAQEBAQAAAAAAAAAAAQIDBAUGBwgJCgsQAAIBAwMCBAMFBQQEAAABfQECAwAEEQUSITFBBhNRYQcicRQygZGhCCNCscEVUtHwJDNicoIJChYXGBkaJSYnKCkqNDU2Nzg5OkNERUZHSElKU1RVVldYWVpjZGVmZ2hpanN0dXZ3eHl6g4SFhoeIiYqSk5SVlpeYmZqio6Slpqeoqaqys7S1tre4ubrCw8TFxsfIycrS09TV1tfY2drh4uPk5ebn6Onq8fLz9PX29/j5+gEAAwEBAQEBAQEBAQAAAAAAAAECAwQFBgcICQoLEQACAQIEBAMEBwUEBAABAncAAQIDEQQFITEGEkFRB2FxEyIygQgUQpGhscEJIzNS8BVictEKFiQ04SXxFxgZGiYnKCkqNTY3ODk6Q0RFRkdISUpTVFVWV1hZWmNkZWZnaGlqc3R1dnd4eXqCg4SFhoeIiYqSk5SVlpeYmZqio6Slpqeoqaqys7S1tre4ubrCw8TFxsfIycrS09TV1tfY2dri4+Tl5ufo6ery8/T19vf4+fr/2gAMAwEAAhEDEQA/AP1ToAKACgAoAKACgAoAKACgAoAKACgAoAKACgAoAKACgAoAKACgAoAKACgAoAKACgAoAKACgAoAKACgAoAKACgAoAKACgAoAKACgAoAKACgAoAKACgAoAKACgAoAKACgAoAKACgAoAKACgAoAKACgAoAKACgAoAKACgAoAKACgAoAKACgAoAKACgAoAKACgAoAKACgAoAKACgAoAKACgAoAKACgAoAKACgAoAKACgAoAKACgAoAKACgAoAKACgAoAKACgAoAKACgAoAKACgAoAKACgAoAKACgAoAKACgAoAKACgAoAKACgAoAKACgAoAKACgAoAKACgAoAKACgAoAKACgAoAKACgAoAKACgAoAKACgAoAKACgAoAKACgAoAKACgAoAKACgAoAKACgAoAKACgAoAKACgAoAKACgAoAKACgAoAKACgAoAKACgAoAKACgAoAKACgAoAKACgAoAKACgAoAKACgAoAKACgAoAKACgAoAKACgAoAKACgAoAKACgAoAKACgAoAKACgAoAKACgAoAKACgAoAKACgAoAKACgAoAKACgAoAKACgAoAKACgAoAKACgAoAKACgAoAKACgAoAKACgAoAKACgAoAKACgAoAKACgAoAKACgAoAKACgAoAKACgAoAKACgAoAKACgAoAKACgAoAKACgAoAKACgAoAKACgAoAKACgAoAKACgAoAKACgAoAKACgAoAKACgAoAKACgAoAKACgAoAKACgAoAKACgAoAKACgAoAKACgAoAKACgAoAKACgAoAKACgAoAKACgAoAKACgAoAKACgAoAKACgAoAKACgAoAKACgAoAKACgAoAKACgAoAKACgAoAKACgAoAKACgAoAKACgAoAKACgAoAKACgAoAKACgAoAKACgAoAKACgAoAKACgAoAKACgAoAKACgAoAKACgAoAKACgAoAKACgD//Z","timing":661,"timestamp":8650053854298},{"data":"/9j/4AAQSkZJRgABAQAAAQABAAD/2wCEAAMCAgMCAgMDAwMEAwMEBQgFBQQEBQoHBwYIDAoMDAsKCwsNDhIQDQ4RDgsLEBYQERMUFRUVDA8XGBYUGBIUFRQBAwQEBQQFCQUFCRQNCw0UFBQUFBQUFBQUFBQUFBQUFBQUFBQUFBQUFBQUFBQUFBQUFBQUFBQUFBQUFBQUFBQUFP/AABEIANUAeAMBEQACEQEDEQH/xAGiAAABBQEBAQEBAQAAAAAAAAAAAQIDBAUGBwgJCgsQAAIBAwMCBAMFBQQEAAABfQECAwAEEQUSITFBBhNRYQcicRQygZGhCCNCscEVUtHwJDNicoIJChYXGBkaJSYnKCkqNDU2Nzg5OkNERUZHSElKU1RVVldYWVpjZGVmZ2hpanN0dXZ3eHl6g4SFhoeIiYqSk5SVlpeYmZqio6Slpqeoqaqys7S1tre4ubrCw8TFxsfIycrS09TV1tfY2drh4uPk5ebn6Onq8fLz9PX29/j5+gEAAwEBAQEBAQEBAQAAAAAAAAECAwQFBgcICQoLEQACAQIEBAMEBwUEBAABAncAAQIDEQQFITEGEkFRB2FxEyIygQgUQpGhscEJIzNS8BVictEKFiQ04SXxFxgZGiYnKCkqNTY3ODk6Q0RFRkdISUpTVFVWV1hZWmNkZWZnaGlqc3R1dnd4eXqCg4SFhoeIiYqSk5SVlpeYmZqio6Slpqeoqaqys7S1tre4ubrCw8TFxsfIycrS09TV1tfY2dri4+Tl5ufo6ery8/T19vf4+fr/2gAMAwEAAhEDEQA/AP1ToAKACgAoAKACgAoAKACgAoAKACgAoAKACgAoAKACgAoAKACgAoAKACgAoAKACgAoAKACgAoAKACgAoAKACgAoAKACgAoAKACgAoAKACgAoAKACgAoAKACgAoAKACgAoAKACgAoAKACgAoAKACgAoAKACgAoAKACgAoAKACgAoAKACgAoAKACgAoAKACgAoAKACgAoAKACgAoAKACgAoAKACgAoAKACgAoAKACgAoAKACgAoAKACgAoAKACgAoAKACgAoAKACgAoAKACgAoAKACgAoAKACgAoAKACgAoAKACgAoAKACgAoAKACgAoAKACgAoAKACgAoAKACgAoAKACgAoAKACgAoAKACgAoAKACgAoAKACgAoAKACgAoAKACgAoAKACgAoAKACgAoAKACgAoAKACgAoAKACgAoAKACgAoAKACgAoAKACgAoAKACgAoAKACgAoAKACgAoAKACgAoAKACgAoAKACgAoAKACgAoAKACgAoAKACgAoAKACgAoAKACgAoAKACgAoAKACgAoAKACgAoAKACgAoAKACgAoAKACgAoAKACgAoAKACgAoAKACgAoAKACgAoAKACgAoAKACgAoAKACgAoAKACgAoAKACgAoAKACgAoAKACgAoAKACgAoAKACgAoAKACgAoAKACgAoAKACgAoAKACgAoAKACgAoAKACgAoAKACgAoAKACgAoAKACgAoAKACgAoAKACgAoAKACgAoAKACgAoAKACgAoAKACgAoAKACgAoAKACgAoAKACgAoAKACgAoAKACgAoAKACgAoAKACgAoAKACgAoAKACgAoAKACgAoAKACgAoAKACgAoAKACgAoAKACgAoAKACgAoAKACgAoAKACgAoAKACgAoAKACgAoAKACgAoAKACgAoAKACgAoAKACgAoAKACgAoAKACgAoAKACgAoAKACgD//Z","timing":1321,"timestamp":8.650054514898001E12},{"data":"/9j/4AAQSkZJRgABAQAAAQABAAD/2wCEAAMCAgMCAgMDAwMEAwMEBQgFBQQEBQoHBwYIDAoMDAsKCwsNDhIQDQ4RDgsLEBYQERMUFRUVDA8XGBYUGBIUFRQBAwQEBQQFCQUFCRQNCw0UFBQUFBQUFBQUFBQUFBQUFBQUFBQUFBQUFBQUFBQUFBQUFBQUFBQUFBQUFBQUFBQUFP/AABEIANUAeAMBEQACEQEDEQH/xAGiAAABBQEBAQEBAQAAAAAAAAAAAQIDBAUGBwgJCgsQAAIBAwMCBAMFBQQEAAABfQECAwAEEQUSITFBBhNRYQcicRQygZGhCCNCscEVUtHwJDNicoIJChYXGBkaJSYnKCkqNDU2Nzg5OkNERUZHSElKU1RVVldYWVpjZGVmZ2hpanN0dXZ3eHl6g4SFhoeIiYqSk5SVlpeYmZqio6Slpqeoqaqys7S1tre4ubrCw8TFxsfIycrS09TV1tfY2drh4uPk5ebn6Onq8fLz9PX29/j5+gEAAwEBAQEBAQEBAQAAAAAAAAECAwQFBgcICQoLEQACAQIEBAMEBwUEBAABAncAAQIDEQQFITEGEkFRB2FxEyIygQgUQpGhscEJIzNS8BVictEKFiQ04SXxFxgZGiYnKCkqNTY3ODk6Q0RFRkdISUpTVFVWV1hZWmNkZWZnaGlqc3R1dnd4eXqCg4SFhoeIiYqSk5SVlpeYmZqio6Slpqeoqaqys7S1tre4ubrCw8TFxsfIycrS09TV1tfY2dri4+Tl5ufo6ery8/T19vf4+fr/2gAMAwEAAhEDEQA/AP1ToAKACgAoAKACgAoAKACgAoAKACgAoAKACgAoAKACgAoAKACgAoAKACgAoAKACgAoAKACgAoAKACgAoAKACgAoAKACgAoAKACgAoAKACgAoAKACgAoAKACgAoAKACgAoAKACgAoAKACgAoAKACgAoAKACgAoAKACgAoAKACgAoAKACgAoAKACgAoAKACgAoAKACgAoAKACgAoAKACgAoAKACgAoAKACgAoAKACgAoAKACgAoAKACgAoAKACgAoAKACgAoAKACgAoAKACgAoAKACgAoAKACgAoAKACgAoAKACgAoAKACgAoAKACgAoAKACgAoAKACgAoAKACgAoAKACgAoAKACgAoAKACgAoAKACgAoAKACgAoAKACgAoAKACgAoAKACgAoAKACgAoAKACgAoAKACgAoAKACgAoAKACgAoAKACgAoAKACgAoAKACgAoAKACgAoAKACgAoAKACgAoAKACgAoAKACgAoAKACgAoAKACgAoAKACgAoAKACgAoAKACgAoAKACgAoAKACgAoAKACgAoAKACgAoAKACgAoAKACgAoAKACgAoAKACgAoAKACgAoAKACgAoAKACgAoAKACgAoAKACgAoAKACgAoAKACgAoAKACgAoAKACgAoAKACgAoAKACgAoAKACgAoAKACgAoAKACgAoAKACgAoAKACgAoAKACgAoAKACgAoAKACgAoAKACgAoAKACgAoAKACgAoAKACgAoAKACgAoAKACgAoAKACgAoAKACgAoAKACgAoAKACgAoAKACgAoAKACgAoAKACgAoAKACgAoAKACgAoAKACgAoAKACgAoAKACgAoAKACgAoAKACgAoAKACgAoAKACgAoAKACgAoAKACgAoAKACgAoAKACgAoAKACgAoAKACgAoAKACgAoAKACgAoAKACgAoAKACgAoAKACgAoAKACgD//Z","timing":1982,"timestamp":8.650055175497999E12},{"data":"/9j/4AAQSkZJRgABAQAAAQABAAD/2wCEAAMCAgMCAgMDAwMEAwMEBQgFBQQEBQoHBwYIDAoMDAsKCwsNDhIQDQ4RDgsLEBYQERMUFRUVDA8XGBYUGBIUFRQBAwQEBQQFCQUFCRQNCw0UFBQUFBQUFBQUFBQUFBQUFBQUFBQUFBQUFBQUFBQUFBQUFBQUFBQUFBQUFBQUFBQUFP/AABEIANUAeAMBEQACEQEDEQH/xAGiAAABBQEBAQEBAQAAAAAAAAAAAQIDBAUGBwgJCgsQAAIBAwMCBAMFBQQEAAABfQECAwAEEQUSITFBBhNRYQcicRQygZGhCCNCscEVUtHwJDNicoIJChYXGBkaJSYnKCkqNDU2Nzg5OkNERUZHSElKU1RVVldYWVpjZGVmZ2hpanN0dXZ3eHl6g4SFhoeIiYqSk5SVlpeYmZqio6Slpqeoqaqys7S1tre4ubrCw8TFxsfIycrS09TV1tfY2drh4uPk5ebn6Onq8fLz9PX29/j5+gEAAwEBAQEBAQEBAQAAAAAAAAECAwQFBgcICQoLEQACAQIEBAMEBwUEBAABAncAAQIDEQQFITEGEkFRB2FxEyIygQgUQpGhscEJIzNS8BVictEKFiQ04SXxFxgZGiYnKCkqNTY3ODk6Q0RFRkdISUpTVFVWV1hZWmNkZWZnaGlqc3R1dnd4eXqCg4SFhoeIiYqSk5SVlpeYmZqio6Slpqeoqaqys7S1tre4ubrCw8TFxsfIycrS09TV1tfY2dri4+Tl5ufo6ery8/T19vf4+fr/2gAMAwEAAhEDEQA/AP1ToAKACgAoAKACgAoAKACgAoAKACgAoAKACgAoAKACgAoAKACgAoAKACgAoAKACgAoAKACgAoAKACgAoAKACgAoAKACgAoAKACgAoAKACgAoAKACgAoAKACgAoAKACgAoAKACgAoAKACgAoAKACgAoAKACgAoAKACgAoAKACgAoAKACgAoAKACgAoAKACgAoAKACgAoAKACgAoAKACgAoAKACgAoAKACgAoAKACgAoAKACgAoAKACgAoAKACgAoAKACgAoAKACgAoAKACgAoAKACgAoAKACgAoAKACgAoAKACgAoAKACgAoAKACgAoAKACgAoAKACgAoAKACgAoAKACgAoAKACgAoAKACgAoAKACgAoAKACgAoAKACgAoAKACgAoAKACgAoAKACgAoAKACgAoAKACgAoAKACgAoAKACgAoAKACgAoAKACgAoAKACgAoAKACgAoAKACgAoAKACgAoAKACgAoAKACgAoAKACgAoAKACgAoAKACgAoAKACgAoAKACgAoAKACgAoAKACgAoAKACgAoAKACgAoAKACgAoAKACgAoAKACgAoAKACgAoAKACgAoAKACgAoAKACgAoAKACgAoAKACgAoAKACgAoAKACgAoAKACgAoAKACgAoAKACgAoAKACgAoAKACgAoAKACgAoAKACgAoAKACgAoAKACgAoAKACgAoAKACgAoAKACgAoAKACgAoAKACgAoAKACgAoAKACgAoAKACgAoAKACgAoAKACgAoAKACgAoAKACgAoAKACgAoAKACgAoAKACgAoAKACgAoAKACgAoAKACgAoAKACgAoAKACgAoAKACgAoAKACgAoAKACgAoAKACgAoAKACgAoAKACgAoAKACgAoAKACgAoAKACgAoAKACgAoAKACgAoAKACgAoAKACgAoAKACgAoAKACgAoAKACgAoAKACgD//Z","timing":2642,"timestamp":8650055836098},{"data":"/9j/4AAQSkZJRgABAQAAAQABAAD/2wCEAAMCAgMCAgMDAwMEAwMEBQgFBQQEBQoHBwYIDAoMDAsKCwsNDhIQDQ4RDgsLEBYQERMUFRUVDA8XGBYUGBIUFRQBAwQEBQQFCQUFCRQNCw0UFBQUFBQUFBQUFBQUFBQUFBQUFBQUFBQUFBQUFBQUFBQUFBQUFBQUFBQUFBQUFBQUFP/AABEIANUAeAMBEQACEQEDEQH/xAGiAAABBQEBAQEBAQAAAAAAAAAAAQIDBAUGBwgJCgsQAAIBAwMCBAMFBQQEAAABfQECAwAEEQUSITFBBhNRYQcicRQygZGhCCNCscEVUtHwJDNicoIJChYXGBkaJSYnKCkqNDU2Nzg5OkNERUZHSElKU1RVVldYWVpjZGVmZ2hpanN0dXZ3eHl6g4SFhoeIiYqSk5SVlpeYmZqio6Slpqeoqaqys7S1tre4ubrCw8TFxsfIycrS09TV1tfY2drh4uPk5ebn6Onq8fLz9PX29/j5+gEAAwEBAQEBAQEBAQAAAAAAAAECAwQFBgcICQoLEQACAQIEBAMEBwUEBAABAncAAQIDEQQFITEGEkFRB2FxEyIygQgUQpGhscEJIzNS8BVictEKFiQ04SXxFxgZGiYnKCkqNTY3ODk6Q0RFRkdISUpTVFVWV1hZWmNkZWZnaGlqc3R1dnd4eXqCg4SFhoeIiYqSk5SVlpeYmZqio6Slpqeoqaqys7S1tre4ubrCw8TFxsfIycrS09TV1tfY2dri4+Tl5ufo6ery8/T19vf4+fr/2gAMAwEAAhEDEQA/AP1ToAKACgAoAKACgAoAKACgAoAKACgAoAKACgAoAKACgAoAKACgAoAKACgAoAKACgAoAKACgAoAKACgAoAKACgAoAKACgAoAKACgAoAKACgAoAKACgAoAKACgAoAKACgAoAKACgAoAKACgAoAKACgAoAKACgAoAKACgAoAKACgAoAKACgAoAKACgAoAKACgAoAKACgAoAKACgAoAKACgAoAKACgAoAKACgAoAKACgAoAKACgAoAKACgAoAKACgAoAKACgAoAKACgAoAKACgAoAKACgAoAKACgAoAKACgAoAKACgAoAKACgAoAKACgAoAKACgAoAKACgAoAKACgAoAKACgAoAKACgAoAKACgAoAKACgAoAKACgAoAKACgAoAKACgAoAKACgAoAKACgAoAKACgAoAKACgAoAKACgAoAKACgAoAKACgAoAKACgAoAKACgAoAKACgAoAKACgAoAKACgAoAKACgAoAKACgAoAKACgAoAKACgAoAKACgAoAKACgAoAKACgAoAKACgAoAKACgAoAKACgAoAKACgAoAKACgAoAKACgAoAKACgAoAKACgAoAKACgAoAKACgAoAKACgAoAKACgAoAKACgAoAKACgAoAKACgAoAKACgAoAKACgAoAKACgAoAKACgAoAKACgAoAKACgAoAKACgAoAKACgAoAKACgAoAKACgAoAKACgAoAKACgAoAKACgAoAKACgAoAKACgAoAKACgAoAKACgAoAKACgAoAKACgAoAKACgAoAKACgAoAKACgAoAKACgAoAKACgAoAKACgAoAKACgAoAKACgAoAKACgAoAKACgAoAKACgAoAKACgAoAKACgAoAKACgAoAKACgAoAKACgAoAKACgAoAKACgAoAKACgAoAKACgAoAKACgAoAKACgAoAKACgAoAKACgAoAKACgAoAKACgAoAKACgD//Z","timing":3303,"timestamp":8650056496698},{"data":"/9j/4AAQSkZJRgABAQAAAQABAAD/2wCEAAMCAgMCAgMDAwMEAwMEBQgFBQQEBQoHBwYIDAoMDAsKCwsNDhIQDQ4RDgsLEBYQERMUFRUVDA8XGBYUGBIUFRQBAwQEBQQFCQUFCRQNCw0UFBQUFBQUFBQUFBQUFBQUFBQUFBQUFBQUFBQUFBQUFBQUFBQUFBQUFBQUFBQUFBQUFP/AABEIANUAeAMBEQACEQEDEQH/xAGiAAABBQEBAQEBAQAAAAAAAAAAAQIDBAUGBwgJCgsQAAIBAwMCBAMFBQQEAAABfQECAwAEEQUSITFBBhNRYQcicRQygZGhCCNCscEVUtHwJDNicoIJChYXGBkaJSYnKCkqNDU2Nzg5OkNERUZHSElKU1RVVldYWVpjZGVmZ2hpanN0dXZ3eHl6g4SFhoeIiYqSk5SVlpeYmZqio6Slpqeoqaqys7S1tre4ubrCw8TFxsfIycrS09TV1tfY2drh4uPk5ebn6Onq8fLz9PX29/j5+gEAAwEBAQEBAQEBAQAAAAAAAAECAwQFBgcICQoLEQACAQIEBAMEBwUEBAABAncAAQIDEQQFITEGEkFRB2FxEyIygQgUQpGhscEJIzNS8BVictEKFiQ04SXxFxgZGiYnKCkqNTY3ODk6Q0RFRkdISUpTVFVWV1hZWmNkZWZnaGlqc3R1dnd4eXqCg4SFhoeIiYqSk5SVlpeYmZqio6Slpqeoqaqys7S1tre4ubrCw8TFxsfIycrS09TV1tfY2dri4+Tl5ufo6ery8/T19vf4+fr/2gAMAwEAAhEDEQA/AP1ToAKACgAoAKACgAoAKACgAoAKACgAoAKACgAoAKACgAoAKACgAoAKACgAoAKACgAoAKACgAoAKACgAoAKACgAoAKACgAoAKACgAoAKACgAoAKACgAoAKACgAoAKACgAoAKACgAoAKACgAoAKACgAoAKACgAoAKACgAoAKACgAoAKACgAoAKACgAoAKACgAoAKACgAoAKACgAoAKACgAoAKACgAoAKACgAoAKACgAoAKACgAoAKACgAoAKACgAoAKACgAoAKACgAoAKACgAoAKACgAoAKACgAoAKACgAoAKACgAoAKACgAoAKACgAoAKACgAoAKACgAoAKACgAoAKACgAoAKACgAoAKACgAoAKACgAoAKACgAoAKACgAoAKACgAoAKACgAoAKACgAoAKACgAoAKACgAoAKACgAoAKACgAoAKACgAoAKACgAoAKACgAoAKACgAoAKACgAoAKACgAoAKACgAoAKACgAoAKACgAoAKACgAoAKACgAoAKACgAoAKACgAoAKACgAoAKACgAoAKACgAoAKACgAoAKACgAoAKACgAoAKACgAoAKACgAoAKACgAoAKACgAoAKACgAoAKACgAoAKACgAoAKACgAoAKACgAoAKACgAoAKACgAoAKACgAoAKACgAoAKACgAoAKACgAoAKACgAoAKACgAoAKACgAoAKACgAoAKACgAoAKACgAoAKACgAoAKACgAoAKACgAoAKACgAoAKACgAoAKACgAoAKACgAoAKACgAoAKACgAoAKACgAoAKACgAoAKACgAoAKACgAoAKACgAoAKACgAoAKACgAoAKACgAoAKACgAoAKACgAoAKACgAoAKACgAoAKACgAoAKACgAoAKACgAoAKACgAoAKACgAoAKACgAoAKACgAoAKACgAoAKACgAoAKACgAoAKACgAoAKACgAoAKACgD//Z","timing":3964,"timestamp":8650057157298},{"data":"/9j/4AAQSkZJRgABAQAAAQABAAD/2wCEAAMCAgMCAgMDAwMEAwMEBQgFBQQEBQoHBwYIDAoMDAsKCwsNDhIQDQ4RDgsLEBYQERMUFRUVDA8XGBYUGBIUFRQBAwQEBQQFCQUFCRQNCw0UFBQUFBQUFBQUFBQUFBQUFBQUFBQUFBQUFBQUFBQUFBQUFBQUFBQUFBQUFBQUFBQUFP/AABEIANUAeAMBEQACEQEDEQH/xAGiAAABBQEBAQEBAQAAAAAAAAAAAQIDBAUGBwgJCgsQAAIBAwMCBAMFBQQEAAABfQECAwAEEQUSITFBBhNRYQcicRQygZGhCCNCscEVUtHwJDNicoIJChYXGBkaJSYnKCkqNDU2Nzg5OkNERUZHSElKU1RVVldYWVpjZGVmZ2hpanN0dXZ3eHl6g4SFhoeIiYqSk5SVlpeYmZqio6Slpqeoqaqys7S1tre4ubrCw8TFxsfIycrS09TV1tfY2drh4uPk5ebn6Onq8fLz9PX29/j5+gEAAwEBAQEBAQEBAQAAAAAAAAECAwQFBgcICQoLEQACAQIEBAMEBwUEBAABAncAAQIDEQQFITEGEkFRB2FxEyIygQgUQpGhscEJIzNS8BVictEKFiQ04SXxFxgZGiYnKCkqNTY3ODk6Q0RFRkdISUpTVFVWV1hZWmNkZWZnaGlqc3R1dnd4eXqCg4SFhoeIiYqSk5SVlpeYmZqio6Slpqeoqaqys7S1tre4ubrCw8TFxsfIycrS09TV1tfY2dri4+Tl5ufo6ery8/T19vf4+fr/2gAMAwEAAhEDEQA/AP0bk8LeMEuh9l8ZJFaC8SXyp9KjlcWyxQKYA+4cs8cz+YwYjz8Y+RSQDrtMt57TTrWG5unvriOJEkuXRUaVgoBcqoABJycAYGeKALVABQAUAFABQAUAFABQAUAFABQAUAFABQAUAFABQAUAFABQAUAFABQAUAFABQAUAFABQAUAFABQAUAFABQAUAFABQAUAFABQAUAFABQAUAFABQAUAFABQAUAFABQAUAFABQAUAFACZ5xQAZGcd6AFoAKACgAoAKACgAoAKACgAoAKACgAoA8AbVfiFqEGl3Wja9oL2kFwbHVBNfwzbbgSxCKFJAD+9kHyOrcgynbuOwgA7zwHq+q2WrXll4h1fTrqG7mCaTIs8azzPGji4hMSjG6MxliQxOTICsYQAgHftOoYr1cLu2jrj6daAATI2MMDkkZBHUHH8xQAi3CMMgjGCScg4x1H1oAZp9/b6rYW97ZzR3NpcRrLDPC4dJEYZVlYEgggggg4INAFigAoAKACgAoAKACgAoAKAOF1j4PeEvFt/omq6npZvL/RpvtGmXM0syyWT/ALrJjywKZMEeQMA/N2dsgDdG+B3grw9pVrYadoUFrHaQS29rOjN9ptY5FdXWG4z5sWRI4Gxxt3HbigB+ifBfwj4c059O03TGtdMa8hvxYLdTm3ininSeIxRlysSrJGjbEAU4AIIoAst8JfC5Piwpp8kLeKgo1d4LyeJ7jClRhlcGP5SR8hXrQBj3v7O/w+1O4vJ73w5BdyXieXcCeWWRJB9qN2cozlcm4YyFsZJOCSOKAO60PRrTw5oun6Tp8XkWFhbx2tvFuLbI0UKq5YknAAGSSaAL1ABQAUAFABQAUAFABQAUAFABQAUAFABQAUAFABQAUAFABQAUAFABQAUAJuoFfWwbqAuAOaBi0AFABQAUAFABQAUAFABQAUAFABQByaS6/f6Wk1hPZf6RCjQTzRO/UZDsoZCQwK/LwRzyeldj+rNt6nn2xe2hXv8A/hODph+xHRV1EeWy/aVlMX3Y/MU7efvGXB9FTI5JEr6u90waxS2aNfTU8Qf27eG9fTv7H2D7MsMb/aC2TkuSduMbcYHr0xgxP2XKuS9zal7fm/ebG7WB1BQAUARiZec4XHXJppNkOaWjYvmqDjIz9aLMHOK6jftCEkBlJXBIz0H+Qfyos+qDnjrZiC6jP8QHtmnyvsQqsHrckVg6gggg9xSasap31Q6kMKACgAoA8ttfEXirw3YQWVxYJKIFENuLKwe4Msa+UiFmMyBGJlAwQANrMSEBau14eLfuzT+Vv8zzFi3b3qbXzv8AohsvxI15bS9mi02/ma0PMI8OTK8yllCmPdcBTkMGwSCAGyBg1Twm3vrXzGsZ/wBO39x0XhvVvEuvSasJVt9LWyvXtI/tWmyD7Qqqh81D5/KEsQD329jkDmqU+TlfNe6vp0v09TrpVOe6tazsbX2XX/8AoJ6b/wCC6T/4/WJuH2XX/wDoJ6b/AOC6T/4/QAfZdf8A+gnpv/guk/8Aj9AFQ+EoL+++26wUvbuPasfl+ZHCoDBlYRF2UOCPv9ccdK2hVnCPKmc86EJy5mMPw80JnspPs03m2f8AqZftMvmAbGQqW3bmUhjlWJBOGIyAar6xU7kfVqbdyS08CaPY209rBahLSaaO4aDcxVXRlZNoJ+VVKKQq4A7Dml7ed076r9RrDxSa6MSz+H2h6ejLb2rxhoEtm/fOxaNCxVSSckDew57YHQACvrFS/Nfrf8v8hfVafLym9a20dnbxwRLtijUIi+gAwBXO227s6klFJIlpDCgAoAKAPM/CfijTLvw1p3k+HJb1Ft1jeeJrMozL8j8mYc70IIPIIwQDTuKxb1Txfomj6ebzUPDcllatJFCJLp7KJGeWTZGoZpwuXchQM5JYAZJpDLNxr9hYxNJP4RuoYYwS8kos1RADzkmbA6Z/H3oA0YJre4hjlTwnOUkUOvy2vQ9P+WtAD/3P/QpT/wDfNr/8doAP3P8A0KU//fNr/wDHaAKP9la5dyXUmmzjw9aSW/lRWr28RkimyT5wKl0YEbV2kZ4JyOjaxnTS1WpjUhU5vdlobPh6x1eyN6dV1CO/864aWARxeX5EZxti77sYzu4znoKU3F25VYdNSSfO7mxiszQWgYUAFABQAUAFAHlFp+zT4R022uYrCbWLJrkYmki1KQlwZzPINrEqA7vLnao+WaRV2hsUAbCfA7wrH4Qm8MLb3C6JK0Tm2S4ZCrRtuRlkUh1ZWCsGDAhlBB9QDF0f9l34faBYvZ6fpc9pbM2Qkd3KNn7qSH5fm+U7JXG4YP3TnKqQAep2lstpbRQKSyxoEBbqQBigCagAoAKACgAoAKACgAoAKACgAoA4A/G3w0YfFjRTS3M3hm9isL+CFA0hlkKqixrnMjMzbFjHzuw2qrFk3AGndfEK3hj1VYdNv7y80ydreexhWMTFgYTlCzhGBjuIpAA+SG243gpQBZ1PxvbaJLdpf2V/AsLxokkVubhZQyFt48rcUQbWUtKEAKnnBBIBneHvizofivWb7TNLTUJ7mxnS3uGl0+eGNHaKOTG90A3ASoGT76kNuUbSaAJbn4o6Lptle3eoLe2FvZTtDcyPZySpbgCNvMleIOkaFJo5NzlQqFi23Y+0Ap3Hxj0Ox8R6zpN7Ff2R0y4W0a5e1MkU8zRW8gSMx7juxd26gOFLtIFTcQcAG34e8d6N4o1C9stPmuHuLOaaCTz7KeBHaKQxy+W8iKsoVxtLRlgMjnkZAOgoAKACgAoAKACgAoAKAK8thbTxSRSQRvHIwZ1ZQQxGME+p4H5UAO+xwbg3kpkcg7Rx824/qAfrQA06fatIZDbxNISGLlASSBgEnuQCRn3oAclnBHKJEhRHC7Qyrg444+nA/IUALHawxMGSJFIzghQMZOT+ZA/KgBPscGxl8lNrDDDb14xz+HFADxEinIUA8849eTQA+gAoAKACgAoAKACgAoAKACgAoAKACgAoAKACgAoAKACgAoAKACgAoAKACgAoAKACgAoAKACgAoAKACgAoAKACgAoAKACgAoAKACgAoAKACgAoAKACgAoAKACgAoAKACgAoAKACgAoAKACgAoAKACgAoAKACgAoAKACgAoAKACgAoAKACgAoAKACgAoAKACgAoAKACgAoAKACgAoAKACgAoAKACgAoAKACgAoAKACgAoAKACgAoAKACgAoAKACgAoAKACgAoAKACgAoAKACgAoAKACgAoAKACgAoAKACgAoAKACgAoAKACgAoAKACgAoAKACgAoAKACgAoAKACgAoAKACgAoAKACgAoAKACgAoAKACgAoAKACgAoAKACgAoAKACgAoAKACgAoAKACgAoAKACgAoAKACgAoAKACgAoAKACgAoAKACgAoA//9k=","timing":4624,"timestamp":8.650057817898001E12},{"data":"/9j/4AAQSkZJRgABAQAAAQABAAD/2wCEAAMCAgMCAgMDAwMEAwMEBQgFBQQEBQoHBwYIDAoMDAsKCwsNDhIQDQ4RDgsLEBYQERMUFRUVDA8XGBYUGBIUFRQBAwQEBQQFCQUFCRQNCw0UFBQUFBQUFBQUFBQUFBQUFBQUFBQUFBQUFBQUFBQUFBQUFBQUFBQUFBQUFBQUFBQUFP/AABEIANUAeAMBEQACEQEDEQH/xAGiAAABBQEBAQEBAQAAAAAAAAAAAQIDBAUGBwgJCgsQAAIBAwMCBAMFBQQEAAABfQECAwAEEQUSITFBBhNRYQcicRQygZGhCCNCscEVUtHwJDNicoIJChYXGBkaJSYnKCkqNDU2Nzg5OkNERUZHSElKU1RVVldYWVpjZGVmZ2hpanN0dXZ3eHl6g4SFhoeIiYqSk5SVlpeYmZqio6Slpqeoqaqys7S1tre4ubrCw8TFxsfIycrS09TV1tfY2drh4uPk5ebn6Onq8fLz9PX29/j5+gEAAwEBAQEBAQEBAQAAAAAAAAECAwQFBgcICQoLEQACAQIEBAMEBwUEBAABAncAAQIDEQQFITEGEkFRB2FxEyIygQgUQpGhscEJIzNS8BVictEKFiQ04SXxFxgZGiYnKCkqNTY3ODk6Q0RFRkdISUpTVFVWV1hZWmNkZWZnaGlqc3R1dnd4eXqCg4SFhoeIiYqSk5SVlpeYmZqio6Slpqeoqaqys7S1tre4ubrCw8TFxsfIycrS09TV1tfY2dri4+Tl5ufo6ery8/T19vf4+fr/2gAMAwEAAhEDEQA/AP0bk8LeMEuh9l8ZJFaC8SXyp9KjlcWyxQKYA+4cs8cz+YwYjz8Y+RSQDrtMt57TTrWG5unvriOJEkuXRUaVgoBcqoABJycAYGeKALVABQAUAFABQAUAFABQAUAFABQAUAFABQAUAFABQAUAFABQAUAFABQAUAFABQAUAFABQAUAFABQAUAFABQAUAFABQAUAFABQAUAFABQAUAFABQAUAFABQAUAFABQAUAFABQAUAFACZ5xQAZGcd6AFoAKACgAoAKACgAoAKACgAoAKACgAoA8AbVfiFqEGl3Wja9oL2kFwbHVBNfwzbbgSxCKFJAD+9kHyOrcgynbuOwgA7zwHq+q2WrXll4h1fTrqG7mCaTIs8azzPGji4hMSjG6MxliQxOTICsYQAgHftOoYr1cLu2jrj6daAATI2MMDkkZBHUHH8xQAi3CMMgjGCScg4x1H1oAZp9/b6rYW97ZzR3NpcRrLDPC4dJEYZVlYEgggggg4INAFigAoAKACgAoAKACgAoAKAOF1j4PeEvFt/omq6npZvL/RpvtGmXM0syyWT/ALrJjywKZMEeQMA/N2dsgDdG+B3grw9pVrYadoUFrHaQS29rOjN9ptY5FdXWG4z5sWRI4Gxxt3HbigB+ifBfwj4c059O03TGtdMa8hvxYLdTm3ininSeIxRlysSrJGjbEAU4AIIoAst8JfC5Piwpp8kLeKgo1d4LyeJ7jClRhlcGP5SR8hXrQBj3v7O/w+1O4vJ73w5BdyXieXcCeWWRJB9qN2cozlcm4YyFsZJOCSOKAO60PRrTw5oun6Tp8XkWFhbx2tvFuLbI0UKq5YknAAGSSaAL1ABQAUAFABQAUAFABQAUAFABQAUAFABQAUAFABQAUAFABQAUAFABQAUAJuoFfWwbqAuAOaBi0AFABQAUAFABQAUAFABQAUAFABQByaS6/f6Wk1hPZf6RCjQTzRO/UZDsoZCQwK/LwRzyeldj+rNt6nn2xe2hXv8A/hODph+xHRV1EeWy/aVlMX3Y/MU7efvGXB9FTI5JEr6u90waxS2aNfTU8Qf27eG9fTv7H2D7MsMb/aC2TkuSduMbcYHr0xgxP2XKuS9zal7fm/ebG7WB1BQAUARiZec4XHXJppNkOaWjYvmqDjIz9aLMHOK6jftCEkBlJXBIz0H+Qfyos+qDnjrZiC6jP8QHtmnyvsQqsHrckVg6gggg9xSasap31Q6kMKACgAoA8ttfEXirw3YQWVxYJKIFENuLKwe4Msa+UiFmMyBGJlAwQANrMSEBau14eLfuzT+Vv8zzFi3b3qbXzv8AohsvxI15bS9mi02/ma0PMI8OTK8yllCmPdcBTkMGwSCAGyBg1Twm3vrXzGsZ/wBO39x0XhvVvEuvSasJVt9LWyvXtI/tWmyD7Qqqh81D5/KEsQD329jkDmqU+TlfNe6vp0v09TrpVOe6tazsbX2XX/8AoJ6b/wCC6T/4/WJuH2XX/wDoJ6b/AOC6T/4/QAfZdf8A+gnpv/guk/8Aj9AFQ+EoL+++26wUvbuPasfl+ZHCoDBlYRF2UOCPv9ccdK2hVnCPKmc86EJy5mMPw80JnspPs03m2f8AqZftMvmAbGQqW3bmUhjlWJBOGIyAar6xU7kfVqbdyS08CaPY209rBahLSaaO4aDcxVXRlZNoJ+VVKKQq4A7Dml7ed076r9RrDxSa6MSz+H2h6ejLb2rxhoEtm/fOxaNCxVSSckDew57YHQACvrFS/Nfrf8v8hfVafLym9a20dnbxwRLtijUIi+gAwBXO227s6klFJIlpDCgAoAKAPM/CfijTLvw1p3k+HJb1Ft1jeeJrMozL8j8mYc70IIPIIwQDTuKxb1Txfomj6ebzUPDcllatJFCJLp7KJGeWTZGoZpwuXchQM5JYAZJpDLNxr9hYxNJP4RuoYYwS8kos1RADzkmbA6Z/H3oA0YJre4hjlTwnOUkUOvy2vQ9P+WtAD/3P/QpT/wDfNr/8doAP3P8A0KU//fNr/wDHaAKP9la5dyXUmmzjw9aSW/lRWr28RkimyT5wKl0YEbV2kZ4JyOjaxnTS1WpjUhU5vdlobPh6x1eyN6dV1CO/864aWARxeX5EZxti77sYzu4znoKU3F25VYdNSSfO7mxiszQWgYUAFABQAUAFAHlFp+zT4R022uYrCbWLJrkYmki1KQlwZzPINrEqA7vLnao+WaRV2hsUAbCfA7wrH4Qm8MLb3C6JK0Tm2S4ZCrRtuRlkUh1ZWCsGDAhlBB9QDF0f9l34faBYvZ6fpc9pbM2Qkd3KNn7qSH5fm+U7JXG4YP3TnKqQAep2lstpbRQKSyxoEBbqQBigCagAoAKACgAoAKACgAoAKACgAoA4A/G3w0YfFjRTS3M3hm9isL+CFA0hlkKqixrnMjMzbFjHzuw2qrFk3AGndfEK3hj1VYdNv7y80ydreexhWMTFgYTlCzhGBjuIpAA+SG243gpQBZ1PxvbaJLdpf2V/AsLxokkVubhZQyFt48rcUQbWUtKEAKnnBBIBneHvizofivWb7TNLTUJ7mxnS3uGl0+eGNHaKOTG90A3ASoGT76kNuUbSaAJbn4o6Lptle3eoLe2FvZTtDcyPZySpbgCNvMleIOkaFJo5NzlQqFi23Y+0Ap3Hxj0Ox8R6zpN7Ff2R0y4W0a5e1MkU8zRW8gSMx7juxd26gOFLtIFTcQcAG34e8d6N4o1C9stPmuHuLOaaCTz7KeBHaKQxy+W8iKsoVxtLRlgMjnkZAOgoAKACgAoAKACgAoAKAK8thbTxSRSQRvHIwZ1ZQQxGME+p4H5UAO+xwbg3kpkcg7Rx824/qAfrQA06fatIZDbxNISGLlASSBgEnuQCRn3oAclnBHKJEhRHC7Qyrg444+nA/IUALHawxMGSJFIzghQMZOT+ZA/KgBPscGxl8lNrDDDb14xz+HFADxEinIUA8849eTQA+gAoAKACgAoAKACgAoAKACgAoAKACgAoAKACgAoAKACgAoAKACgAoAKACgAoAKACgAoAKACgAoAKACgAoAKACgAoAKACgAoAKACgAoAKACgAoAKACgAoAKACgAoAKACgAoAKACgAoAKACgAoAKACgAoAKACgAoAKACgAoAKACgAoAKACgAoAKACgAoAKACgAoAKACgAoAKACgAoAKACgAoAKACgAoAKACgAoAKACgAoAKACgAoAKACgAoAKACgAoAKACgAoAKACgAoAKACgAoAKACgAoAKACgAoAKACgAoAKACgAoAKACgAoAKACgAoAKACgAoAKACgAoAKACgAoAKACgAoAKACgAoAKACgAoAKACgAoAKACgAoAKACgAoAKACgAoAKACgAoAKACgAoAKACgAoAKACgAoAKACgAoAKACgAoAKACgAoA//9k=","timing":5285,"timestamp":8.650058478497999E12},{"data":"/9j/4AAQSkZJRgABAQAAAQABAAD/2wCEAAMCAgMCAgMDAwMEAwMEBQgFBQQEBQoHBwYIDAoMDAsKCwsNDhIQDQ4RDgsLEBYQERMUFRUVDA8XGBYUGBIUFRQBAwQEBQQFCQUFCRQNCw0UFBQUFBQUFBQUFBQUFBQUFBQUFBQUFBQUFBQUFBQUFBQUFBQUFBQUFBQUFBQUFBQUFP/AABEIANUAeAMBEQACEQEDEQH/xAGiAAABBQEBAQEBAQAAAAAAAAAAAQIDBAUGBwgJCgsQAAIBAwMCBAMFBQQEAAABfQECAwAEEQUSITFBBhNRYQcicRQygZGhCCNCscEVUtHwJDNicoIJChYXGBkaJSYnKCkqNDU2Nzg5OkNERUZHSElKU1RVVldYWVpjZGVmZ2hpanN0dXZ3eHl6g4SFhoeIiYqSk5SVlpeYmZqio6Slpqeoqaqys7S1tre4ubrCw8TFxsfIycrS09TV1tfY2drh4uPk5ebn6Onq8fLz9PX29/j5+gEAAwEBAQEBAQEBAQAAAAAAAAECAwQFBgcICQoLEQACAQIEBAMEBwUEBAABAncAAQIDEQQFITEGEkFRB2FxEyIygQgUQpGhscEJIzNS8BVictEKFiQ04SXxFxgZGiYnKCkqNTY3ODk6Q0RFRkdISUpTVFVWV1hZWmNkZWZnaGlqc3R1dnd4eXqCg4SFhoeIiYqSk5SVlpeYmZqio6Slpqeoqaqys7S1tre4ubrCw8TFxsfIycrS09TV1tfY2dri4+Tl5ufo6ery8/T19vf4+fr/2gAMAwEAAhEDEQA/APh3wzoB168ZWcxwRAF2HXnoB78H8qANnXvA0dlYvc2csjmIFnWUg5XuRgDpQBxtABQAUAFABQAUAFABQAUAFAGhoWktrWpR2ytsXBZ3xnaB/kD8aAOp1TwFBFYSSWs8pmjUttkwQ2BnAwOKAOGoA6Hwfr8WiXcq3CnyJsbpF5KEZxx6c0AbviDxnYy6dNBaMbh5kMZ+UqFBGCeQKAOCOSaADFABigAxQAYoAMUAGKADFABigAxQBreGNXTRdVSaVS0LKUfHUA9x+VAHX6n4205bKYW7tPMylVQIwwSO5IH6UAecgYAoA3vsEH/PMUAH2CD/AJ5igA+wQf8APMUAH2CD/nmKAD7BB/zzFAB9gg/55igA+wQf88xQAfYIP+eYoAPsEH/PMUAH2CD/AJ5igA+wQf8APMUAH2CD/nmKAD7BB/zzFAB9gg/55igA+wQf88xQBYoAKACgAoAKACgAoAKACgAoAKACgAoAKACgAoAKACgAoAKACgAoAKACgAoAKACgAoAKACgAoAKACgAoAKACgAoAKACgAoAKACgAoAKACgAoAKACgAoAKACgAoAKACgAoAKACgAoAKACgAoAKACgAoAKACgAoAKACgAoAKACgAoAKACgAoAKACgAoAKACgAoAKACgAoAKACgAoAKACgAoAKACgAoAKACgAoAKACgAoAKACgAoAKACgAoAKACgAoAKACgAoAKACgAoAKACgAoAKACgBUKh13DK55A9KAOjNh4P7a7rZ/7gsP/AMl0AH2Dwh/0HNb/APBND/8AJdAB9g8If9BzW/8AwTQ//JdAB9g8If8AQc1v/wAE0P8A8l0AH2Dwh/0HNb/8E0P/AMl0AH2Dwh/0HNb/APBND/8AJdAB9g8If9BzW/8AwTQ//JdAB9g8If8AQc1v/wAE0P8A8l0AH2Dwh/0HNb/8E0P/AMl0AH2Dwh/0HNb/APBND/8AJdAB9g8If9BzW/8AwTQ//JdAB9g8If8AQc1v/wAE0P8A8l0AAsPB/fXNb/8ABND/APJdAGDerbrdyraSSS2wYiOSaMRu69iyhmCk9cBjj1NAENABQAUAFABQAUAFABQAUAFABQAUAFABQAUAFABQAUAFABQAUAFABQAUAFABQAUAFABQAUAIeQe1ACfN7UAGG9qADDe1ABhvagAw3tQAYb2oAMN7UAGG9qADDe1ABhvagAw3tQAYb2oAPm9qAFGcc9aAFoA3tM8PW1/YQzvJMjODkIwx1PtQBa/4RO0/57XH/fS//E0AH/CJ2n/Pa4/76X/4mgDI1rTI9MljSF3bepJMmCf0AoA1z4TtP+es4+jLj+VAB/widp/z2uP++l/+JoAP+ETtP+e1x/30v/xNAHP6narY38tujMyJjBY88gH+tAFegAoAKACgAoAKACgDd0nxFb2NhFBJDMXTOSgXHX60AW/+EttP+eFz+S/40AH/AAltp/zwufyX/GgDH1zVI9TljeFHQKpGJAOv4GgDYHi20xzBcZ74C/40AH/CW2n/ADwufyX/ABoAP+EttP8Anhc/kv8AjQBgandJfahLcRqyo+MB8Z6Af0oArUAFABQAUAFABQAUAFABmgAzQAUAFABmgAzQAUAFABQAUAFABQAUAFABQAUAFABQAUAFABQAUAFABQAUAFABQAUAFABQAUAFABQAUAFABQAUAFABQAUAFABQAUAFABQAUAFABQAUAFABQAUAFABQAUAFABQAUAFABQAUAFABQAUAFABQAUAFABQAUAFABQAUAFABQAUAFABQAUAFABQAUAFABQAUAFABQAUAFABQAUAFABQAUAFABQAUAFABQAUAFABQAUAFABQAUAFABQAUAFABQAUAFABQAUAFABQAUAZP9sv/AM8l/OgA/tl/+eS/nQAf2y//ADyX86AD+2X/AOeS/nQAf2y//PJfzoAP7Zf/AJ5L+dAB/bL/APPJfzoAP7Zf/nkv50AH9sv/AM8l/OgA/tl/+eS/nQAf2y//ADyX86AD+2X/AOeS/nQAf2y//PJfzoAP7Zf/AJ5L+dAB/bL/APPJfzoAz6ACgAoAKACgAoAKACgAoAKACgAoAKACgAoA/wD/2Q==","timing":5945,"timestamp":8650059139098},{"data":"/9j/4AAQSkZJRgABAQAAAQABAAD/2wCEAAMCAgMCAgMDAwMEAwMEBQgFBQQEBQoHBwYIDAoMDAsKCwsNDhIQDQ4RDgsLEBYQERMUFRUVDA8XGBYUGBIUFRQBAwQEBQQFCQUFCRQNCw0UFBQUFBQUFBQUFBQUFBQUFBQUFBQUFBQUFBQUFBQUFBQUFBQUFBQUFBQUFBQUFBQUFP/AABEIANUAeAMBEQACEQEDEQH/xAGiAAABBQEBAQEBAQAAAAAAAAAAAQIDBAUGBwgJCgsQAAIBAwMCBAMFBQQEAAABfQECAwAEEQUSITFBBhNRYQcicRQygZGhCCNCscEVUtHwJDNicoIJChYXGBkaJSYnKCkqNDU2Nzg5OkNERUZHSElKU1RVVldYWVpjZGVmZ2hpanN0dXZ3eHl6g4SFhoeIiYqSk5SVlpeYmZqio6Slpqeoqaqys7S1tre4ubrCw8TFxsfIycrS09TV1tfY2drh4uPk5ebn6Onq8fLz9PX29/j5+gEAAwEBAQEBAQEBAQAAAAAAAAECAwQFBgcICQoLEQACAQIEBAMEBwUEBAABAncAAQIDEQQFITEGEkFRB2FxEyIygQgUQpGhscEJIzNS8BVictEKFiQ04SXxFxgZGiYnKCkqNTY3ODk6Q0RFRkdISUpTVFVWV1hZWmNkZWZnaGlqc3R1dnd4eXqCg4SFhoeIiYqSk5SVlpeYmZqio6Slpqeoqaqys7S1tre4ubrCw8TFxsfIycrS09TV1tfY2dri4+Tl5ufo6ery8/T19vf4+fr/2gAMAwEAAhEDEQA/APgL9KAL2qaDqeiLE1/p1zZpI5jDTRkDdgnGemcAn8KAKNABQB0Wm/DzxFrPh2PW9P0m4v8AT5Ls2KNagSuZgYQV8tSXAzcQKGK7S0qKCWOKAJYvhh4sn0e41WPQL19Pt7Sa+lnEfypDFOlvKx7/ACSyIrDqu9SRg5oArSeAPE0M1rG2gah5l3dy2FtEsDGWW5iVDNCIwN29PNjyMZG6gCa1+G3iq+0zT9QtfDup3dpqBuPsr29q0hmEG3zmCqCdq7wC2MZDDOVbABn3/hbWNLsftl3pd5b2vmPC07wkIkisUaNz/C4YYKnB6eooAuz/AA68V215NaTeGNZiuoXijlgfT5Q8bSttiVlK5BcghQfvEYGaAII/BeuM92j6VdW72v2gSi5j8na0ADTp8+PnQMpZRyMjI5FAGLQAUAFABQAY9qAOq8VfFDxZ4206Kw13X9Q1SzilEyQXVw8iK4DAEBiccO350Acrg0AGDQB2+g/FnVvD3glvCsFlYTaVNePcXYmSQveRO1q72shDjETPZW7ZQLICnDgHFAHQW37Sfiyy0DUdHt4rGO21Bt93IwmkmmZLtry3YyPKx3QzvI6kcvvIlMoAAAOWuPiTf3njCPXrmw0+5iitWsYNIlRzZQWxthbCJF37xiMLiTf5hZd5csSxAOt+I/7TPi34nnVX1O3021m1OSWW6lsI5Y2cubcADMh2hI7S3iXbj5Y8tudmdgClrn7QXibxB4X1jQbm300WWqtdNcOkLiTM95a3bkEuRkSWcYGQflZ85JDAA6zxP+194g1vx/ceJ7Hw3oembdW/tSwtnjkme1H9pHUWieXepmDz7WfcMDB8oQh2UgHAt8ZvEMvhqx0OUW0lpZ6fLpkbFXUm3cSbVYBgrMjXF0yuV3A3EgJK7VUA4PHtQAYNABg0AGKAN46bATnyxQAn9mwf881oAP7Ng/55rQAf2bB/zzWgA/s2D/nmtAB/ZsH/ADzWgA/s2D/nmtAB/ZsH/PNaAD+zYP8AnmtAB/ZsH/PNaAD+zYP+ea0AH9mwf881oAP7Ng/55rQAf2bB/wA81oABptvn/VigC3QAUAFABQAUAFABQAUAFABQAUAFABQAUAFABQAUAFABQAUAFABQAUAFABQAUAFABQAUAFABQAUAFABQAUAFABQAUAFABQAUAFABQAUAFABQAUAFABQAUAFABQAUAFABQAUAFABQAUAFABQAUAFABQAUAFABQAUAFABQAUAFABQAUAFABQAUAFABQAUAFABQAUAFABQAUAFABQAUAFABQAUAFABQAUAFABQAUAFABQAUAFABQAUAFABQAUAFABQAUAFABQAUAFABQAUAFABQAUAFABQAUAFAHW6N8L9b8Q6XDeaatveNKkbpapMBMwaS4T5VONxBtpCQpJwQcYDFQCppvgHWNYeySyhjuJbyc20EYlCs8oUMV+bG35WQ5OANwyRzgAYngq9+0xRzz2lpC00kMlzNNiOEoQHLkAkAZzwDnHGTgEAwCMGgAoAKACgDU8K+Hrjxb4m0nQ7R4orrUruKzieYkIryOFUsQCcZIzgE47GgDuvif8DLr4c6BBrcOrwaxpT6hNpUkiqsciXMTOG+VXcFG8tipyGxjcq5FAHmNABQAUAFABQAUATwtahcyxTSOepWYKPy2n+dAD/Msf8An3uP/Ahf/iKADzLH/n3uP/Ahf/iKADzLH/n3uP8AwIX/AOIoAPMsf+fe4/8AAhf/AIigA8yx/wCfe4/8CF/+IoAPMsf+fe4/8CF/+IoAmtL+3sLuG5tkvLe4gdZYpoboI6OpyrKwTIIIBBFAGn4i8a3XilIV1BppFhLvHFGYoYhI2N8hSOJVLsQu5iNzYGScUAc5QAUAFABQAUAFABQAUAFABQAUAFABQAenvxQAgORxQAtABQAUAFABQAUAdhCvg+78LW0LyyWuuJbXEsk4Emxpcv5MR4cNnEZ4WNVG/LsWAQAs6rpHgRrCVtO128+2h5GhUxGSJkDvsVsqpy0YjIZSRuZgwTAJALkdr8PNOs724D3es3cUcEkVkbmRFmY3Q82NX+zIUIgQ/M4x+9OASnIB51QAUAFABQBseDNJtdf8YaHpd7ObWyvr6C2nnVgDHG8iqzZPHAJPPFAHr/7Unwx8JfD+Xw5ceFndBem6intWuIphGsbr5bAx9ismAWyzBAW+ctkA8IoAKACgAoAKACgBSzMqjJAHpQAmG9W/M0AGG9W/M0AByO7fmaADk92/M0AGG9W/M0AGG9W/M0AHI7t+ZoAQ5P8AE3fv7UALQAUAFABQAUAFAFDVbqS2EflttyTnigDW8OeC/FXi5NLbSLQ3f9o3j2FuPNiTzJlMClBuYYJa6gAJwCXGCcHABpN8KPHiWqzyaUyJ5d/MxM8R2pZLuuSQGJGza4PrgYyeKAOPsb+ea6jR3ypzkYHoaAJtUupbeSMRvtBBzwKAN9PAHi19B0fVzbxxWGsru06aa5hjFwfPe3wNzDpLGynOAuULEB1JAMzWND13QnmS8UQywxJM6M8ZOxmwCMMc9VOByM84oAoadezT3G133Lg9qANSgAoAKACgAoAKACgClqVm92E2Y+XPU0APs73XtP06TT7XVbq30+R2le0iuXWF3MbRsxQHBJjd0JI5ViOhIoAfJqfiGZUWTWL2QJG0KbrqQ7EaIQsq88AxKsZA/gAXpxQBRs9OlguUdiu0Z6H2NAE2pWUl06FCvygg5NAF7T9f8U6RYTWNj4g1Kysprc2kttbX0scckBZ2MTKCAULSSHaeMuxx8xyAQapqPiDXM/2lq13qJIYZu7l5eDI0jD5ieC7s59WYnqc0AVbCwltp97lcYI4NAGlQAUAFABQAUAFABQAUAFABQAUAFABQAUAFABQAUAFABQAUAFABQAUAFABQAUAFABQAUAFABQAUAFABQAUAFABQAUAFABQAUAFABQAUAFABQAUAFABQAUAFABQAUAFABQAUAFABQAUAFABQAUAFABQAUAFABQAUAFABQAUAFABQAUAFABQAUAFABQAUAFABQAUAFABQAUAFABQAUAFABQAUAFABQAUAFABQAUAFABQAUAFABQAUAFABQAUAFABQBFDaa3cXNvbxaLeS3FyI2ghjt3Z5Q5AQqoGWDEgDHXNAFjU9E8SaLIkeo+HtQsJHhFwsd1aSRsYi/liQBgDtL/ID03AjrxQBWlttZhurm1k0e7S6tTKJ4DA4kiMYcy7lxkbBHJuz02NnGDQA6Wx12GJpX0O9WJYUuGkNtJtETSCNZM4xtLsEDdCxA6mgCiNQuiHP2U/IcNwfl4J5/AE/QZoAWe+u7YZltGjGSMspAyCQf1Vh9QfSgCH+2n/55r+dAB/bT/8APNfzoAP7af8A55r+dAB/bT/881/OgA/tp/8Anmv50AH9tP8A881/OgA/tp/+ea/nQAf20/8AzzX86AD+2n/55r+dAF+/+Imv6lq0d9e3cV9e26RwJcXNpDI4WMoyHJT7w2Iu7qUXYSU+WgB2r+Pdc1e2s9PvrxLm1stscKG3iXaBLcTAAqoOPMup2I6HeBjCoFAIbTxrrGnzWuoW935UpEsUSiJNsSyIUcBdu0ArxhQAO3ODQBpW3xS8WDUpb9dalN49pLpyyyRI/k28iMjRxKVxCu2RwBGF2hjt25oAp6L8UPEWm395c298DcXlvBaXLXMMc4mhtzFJDGyupBANvEMEEEAhgQSCAUb/AMQ6neacdOuLrzbMXb3Rj2KMzFVVnzjPIA4zjj1NAGXQAUAFABQAUAFABQAUAFAH/9k=","timing":6606,"timestamp":8650059799698}]}},"meta-viewport":{"displayValue":"","score":false,"helpText":"Disabling zooming is problematic for users with low vision who rely on screen magnification to properly see the contents of a web page. [Learn more](https://dequeuniversity.com/rules/axe/2.2/meta-viewport?application=lighthouse).","rawValue":false,"extendedInfo":{"value":{"help":"Zooming and scaling must not be disabled","nodes":[{"failureSummary":"Fix any of the following:\n  <meta> tag disables zooming on mobile devices","snippet":"<meta name=\"viewport\" content=\"width=device-width,initial-scale=1,maximum-scale=1,minimum-scale=1,user-scalable=no\">","path":"1,HTML,1,HEAD,1,META","impact":"critical","html":"<meta name=\"viewport\" content=\"width=device-width,initial-scale=1,maximum-scale=1,minimum-scale=1,user-scalable=no\">","target":["meta[name=\"viewport\"]"]}],"impact":"critical","description":"Ensures <meta name=\"viewport\"> does not disable text scaling and zooming","helpUrl":"https://dequeuniversity.com/rules/axe/3.0/meta-viewport?application=axeAPI","id":"meta-viewport","tags":["cat.sensory-and-visual-cues","wcag2aa","wcag144"]}},"name":"meta-viewport","description":"`[user-scalable=\"no\"]` is used in the `<meta name=\"viewport\">` element or the `[maximum-scale]` attribute is less than 5.","scoringMode":"binary","details":{"header":{"text":"View failing elements","type":"text"},"type":"list","items":[{"snippet":"<meta name=\"viewport\" content=\"width=device-width,initial-scale=1,maximum-scale=1,minimum-scale=1,user-scalable=no\">","path":"1,HTML,1,HEAD,1,META","selector":"meta[name=\"viewport\"]","type":"node"}]}},"visual-order-follows-dom":{"displayValue":"","score":false,"helpText":"DOM order matches the visual order, improving navigation for assistive technology. [Learn more](https://developers.google.com/web/fundamentals/accessibility/how-to-review#try_it_with_a_screen_reader).","rawValue":false,"name":"visual-order-follows-dom","description":"Visual order on the page follows DOM order","scoringMode":"binary","informative":true,"manual":true},"works-offline":{"displayValue":"","score":false,"helpText":"If you're building a Progressive Web App, consider using a service worker so that your app can work offline. [Learn more](https://developers.google.com/web/tools/lighthouse/audits/http-200-when-offline).","rawValue":false,"name":"works-offline","description":"Does not respond with a 200 when offline","scoringMode":"binary"},"definition-list":{"displayValue":"","score":false,"helpText":"When definition lists are not properly marked up, screen readers may produce confusing or inaccurate output. [Learn more](https://dequeuniversity.com/rules/axe/2.2/definition-list?application=lighthouse).","rawValue":false,"name":"definition-list","description":"`<dl>`'s do not contain only properly-ordered `<dt>` and `<dd>` groups, `<script>` or `<template>` elements.","scoringMode":"binary","informative":true,"notApplicable":true},"password-inputs-can-be-pasted-into":{"displayValue":"","score":true,"helpText":"Preventing password pasting undermines good security policy. [Learn more](https://www.ncsc.gov.uk/blog-post/let-them-paste-passwords)","rawValue":true,"extendedInfo":{"value":[]},"name":"password-inputs-can-be-pasted-into","description":"Allows users to paste into password fields","scoringMode":"binary","details":{"header":{"text":"Password inputs that prevent pasting into","type":"text"},"type":"list","items":[]}},"html-lang-valid":{"displayValue":"","score":false,"helpText":"Specifying a valid [BCP 47 language](https://www.w3.org/International/questions/qa-choosing-language-tags#question) helps screen readers announce text properly. [Learn more](https://dequeuniversity.com/rules/axe/2.2/valid-lang?application=lighthouse).","rawValue":false,"name":"html-lang-valid","description":"`<html>` element does not have a valid value for its `[lang]` attribute.","scoringMode":"binary","informative":true,"notApplicable":true},"splash-screen":{"displayValue":"","score":false,"debugString":"Failures: No manifest was fetched.","helpText":"A themed splash screen ensures a high-quality experience when users launch your app from their homescreens. [Learn more](https://developers.google.com/web/tools/lighthouse/audits/custom-splash-screen).","rawValue":false,"extendedInfo":{"value":{"failures":["No manifest was fetched"],"manifestValues":{"parseFailureReason":"No manifest was fetched","allChecks":[],"isParseFailure":true}}},"name":"splash-screen","description":"Is not configured for a custom splash screen","scoringMode":"binary"},"label":{"displayValue":"","score":true,"helpText":"Labels ensure that form controls are announced properly by assistive technologies, like screen readers. [Learn more](https://dequeuniversity.com/rules/axe/2.2/label?application=lighthouse).","rawValue":true,"extendedInfo":{},"name":"label","description":"Form elements have associated labels","scoringMode":"binary","details":{"header":{"text":"View failing elements","type":"text"},"type":"list","items":[]}},"uses-webp-images":{"displayValue":"","score":100,"helpText":"Image formats like JPEG 2000, JPEG XR, and WebP often provide better compression than PNG or JPEG, which means faster downloads and less data consumption. [Learn more](https://developers.google.com/web/tools/lighthouse/audits/webp).","rawValue":0,"extendedInfo":{"value":{"wastedKb":0,"wastedMs":0,"results":[]}},"name":"uses-webp-images","description":"Serve images in next-gen formats","scoringMode":"binary","informative":true,"details":{"itemHeaders":[{"itemType":"thumbnail","text":"","type":"text"},{"itemType":"url","text":"URL","type":"text"},{"itemType":"text","text":"Original","type":"text"},{"itemType":"text","text":"Potential Savings","type":"text"}],"header":"View Details","type":"table","items":[]}},"speed-index-metric":{"displayValue":"5,723","score":48,"helpText":"Speed Index shows how quickly the contents of a page are visibly populated. [Learn more](https://developers.google.com/web/tools/lighthouse/audits/speed-index).","rawValue":5723,"extendedInfo":{"value":{"frames":[{"progress":0,"timestamp":8.650053193698E9},{"progress":0,"timestamp":8.650053950668E9},{"progress":0,"timestamp":8.650057717184E9},{"progress":78.47020210836772,"timestamp":8.650058783808E9},{"progress":79.55400014666994,"timestamp":8.650058883804E9},{"progress":84.25733274045653,"timestamp":8.65005906713E9},{"progress":90.99914379891193,"timestamp":8.650059217124E9},{"progress":92.49290629372531,"timestamp":8.65005965044E9},{"progress":100.00000000000001,"timestamp":8.650059800434E9}],"timestamps":{"firstVisualChange":8650058783698,"perceptualSpeedIndex":8.650058916695168E12,"visuallyComplete":8650059799698,"visuallyReady":8.650059217124001E12},"timings":{"firstVisualChange":5590,"perceptualSpeedIndex":5722.997167414955,"visuallyComplete":6606,"visuallyReady":6023.426000595093}}},"name":"speed-index-metric","description":"Perceptual Speed Index","scoringMode":"numeric"},"bypass":{"displayValue":"","score":true,"helpText":"Adding ways to bypass repetitive content lets keyboard users navigate the page more efficiently. [Learn more](https://dequeuniversity.com/rules/axe/2.2/bypass?application=lighthouse).","rawValue":true,"extendedInfo":{},"name":"bypass","description":"The page contains a heading, skip link, or landmark region","scoringMode":"binary","details":{"header":{"text":"View failing elements","type":"text"},"type":"list","items":[]}},"http-status-code":{"displayValue":"","score":null,"debugString":"Audit error: Unable to identify the main resource","helpText":"Pages with unsuccessful HTTP status codes may not be indexed properly. [Learn more](https://developers.google.com/web/tools/lighthouse/audits/successful-http-code).","rawValue":null,"name":"http-status-code","description":"Page has unsuccessful HTTP status code","scoringMode":"binary","error":true},"viewport":{"displayValue":"","score":true,"debugString":"","helpText":"Add a viewport meta tag to optimize your app for mobile screens. [Learn more](https://developers.google.com/web/tools/lighthouse/audits/has-viewport-meta-tag).","rawValue":true,"name":"viewport","description":"Has a `<meta name=\"viewport\">` tag with `width` or `initial-scale`","scoringMode":"binary"},"estimated-input-latency":{"displayValue":"50 ms","score":95,"helpText":"The score above is an estimate of how long your app takes to respond to user input, in milliseconds. There is a 90% probability that a user encounters this amount of latency, or less. 10% of the time a user can expect additional latency. If your latency is higher than 50 ms, users may perceive your app as laggy. [Learn more](https://developers.google.com/web/tools/lighthouse/audits/estimated-input-latency).","rawValue":49.8,"extendedInfo":{"value":[{"percentile":0.5,"time":16},{"percentile":0.75,"time":16},{"percentile":0.9,"time":49.84405833333335},{"percentile":0.99,"time":161.88252333333307},{"percentile":1,"time":209.04299999999876}]},"name":"estimated-input-latency","description":"Estimated Input Latency","scoringMode":"numeric"},"redirects":{"displayValue":"","score":null,"debugString":"Audit error: Unable to identify the main resource","helpText":"Redirects introduce additional delays before the page can be loaded. [Learn more](https://developers.google.com/speed/docs/insights/AvoidRedirects).","rawValue":null,"name":"redirects","description":"Has multiple page redirects","scoringMode":"binary","error":true},"load-fast-enough-for-pwa":{"displayValue":"","score":true,"helpText":"A fast page load over a 3G network ensures a good mobile user experience. [Learn more](https://developers.google.com/web/tools/lighthouse/audits/fast-3g).","rawValue":true,"extendedInfo":{"value":{"isFast":true,"timeToFirstInteractive":6460.149,"firstRequestLatencies":[{"latency":"566.29","url":"http://web/"},{"latency":"579.72","url":"https://cdnjs.cloudflare.com/ajax/libs/Chart.js/2.7.1/Chart.min.js"},{"latency":"571.48","url":"https://unpkg.com/vue-chartjs/dist/vue-chartjs.min.js"},{"latency":"578.93","url":"https://fonts.gstatic.com/s/roboto/v18/KFOmCnqEu92Fr1Mu4mxK.woff2"}],"areLatenciesAll3G":true}},"name":"load-fast-enough-for-pwa","description":"Page load is fast enough on 3G","scoringMode":"binary"},"font-display":{"displayValue":"","score":false,"helpText":"Leverage the font-display CSS feature to ensure text is user-visible while webfonts are loading. [Learn more](https://developers.google.com/web/updates/2016/02/font-display).","rawValue":false,"name":"font-display","description":"Avoid invisible text while webfonts are loading","scoringMode":"binary","details":{"itemHeaders":[{"itemType":"url","text":"Font URL","type":"text"},{"itemType":"text","text":"Font download time","type":"text"}],"header":"View Details","type":"table","items":[[{"text":"https://fonts.gstatic.com/s/roboto/v18/KFOmCnqEu92Fr1Mu4mxK.woff2","type":"url"},{"text":"884 ms","type":"text"}],[{"text":"https://fonts.gstatic.com/s/materialicons/v37/flUhRq6tzZclQEJ-Vdg-IuiaDsNc.woff2","type":"url"},{"text":"1,066 ms","type":"text"}],[{"text":"https://fonts.gstatic.com/s/roboto/v18/KFOlCnqEu92Fr1MmEU9fBBc4.woff2","type":"url"},{"text":"875 ms","type":"text"}]]}},"layout-table":{"displayValue":"","score":false,"helpText":"A table being used for layout purposes should not include data elements, such as the th or caption elements or the summary attribute, because this can create a confusing experience for screen reader users. [Learn more](https://dequeuniversity.com/rules/axe/2.2/layout-table?application=lighthouse).","rawValue":false,"name":"layout-table","description":"Presentational `<table>` elements do not avoid using `<th>`, `<caption>` or the `[summary]` attribute.","scoringMode":"binary","informative":true,"notApplicable":true}},"url":"http://web/#/"}
61.94117647058823
The variable of type Double with the value 61.94117647058823 is not LOWER_THAN 61.94117647058823
]]></system-out>
    </rerunFailure>
    <rerunFailure message="expected:&lt;true&gt; but was:&lt;false&gt;" type="java.lang.AssertionError"><![CDATA[java.lang.AssertionError: expected:<true> but was:<false>
	at org.junit.Assert.fail(Assert.java:88)
	at org.junit.Assert.failNotEquals(Assert.java:834)
	at org.junit.Assert.assertEquals(Assert.java:118)
	at org.junit.Assert.assertEquals(Assert.java:144)
	at io.jenkins.plugins.sample.LighthousePluginTest.Test_PositiveEquals(LighthousePluginTest.java:25)
	at sun.reflect.NativeMethodAccessorImpl.invoke0(Native Method)
	at sun.reflect.NativeMethodAccessorImpl.invoke(NativeMethodAccessorImpl.java:62)
	at sun.reflect.DelegatingMethodAccessorImpl.invoke(DelegatingMethodAccessorImpl.java:43)
	at java.lang.reflect.Method.invoke(Method.java:498)
	at org.junit.runners.model.FrameworkMethod$1.runReflectiveCall(FrameworkMethod.java:50)
	at org.junit.internal.runners.model.ReflectiveCallable.run(ReflectiveCallable.java:12)
	at org.junit.runners.model.FrameworkMethod.invokeExplosively(FrameworkMethod.java:47)
	at org.junit.internal.runners.statements.InvokeMethod.evaluate(InvokeMethod.java:17)
	at org.junit.runners.ParentRunner.runLeaf(ParentRunner.java:325)
	at org.junit.runners.BlockJUnit4ClassRunner.runChild(BlockJUnit4ClassRunner.java:78)
	at org.junit.runners.BlockJUnit4ClassRunner.runChild(BlockJUnit4ClassRunner.java:57)
	at org.junit.runners.ParentRunner$3.run(ParentRunner.java:290)
	at org.junit.runners.ParentRunner$1.schedule(ParentRunner.java:71)
	at org.junit.runners.ParentRunner.runChildren(ParentRunner.java:288)
	at org.junit.runners.ParentRunner.access$000(ParentRunner.java:58)
	at org.junit.runners.ParentRunner$2.evaluate(ParentRunner.java:268)
	at org.junit.runners.ParentRunner.run(ParentRunner.java:363)
	at org.apache.maven.surefire.junit4.JUnit4Provider.executeFailedMethod(JUnit4Provider.java:379)
	at org.apache.maven.surefire.junit4.JUnit4Provider.executeWithRerun(JUnit4Provider.java:290)
	at org.apache.maven.surefire.junit4.JUnit4Provider.executeTestSet(JUnit4Provider.java:236)
	at org.apache.maven.surefire.junit4.JUnit4Provider.invoke(JUnit4Provider.java:159)
	at org.apache.maven.surefire.booter.ForkedBooter.invokeProviderInSameClassLoader(ForkedBooter.java:386)
	at org.apache.maven.surefire.booter.ForkedBooter.runSuitesInProcess(ForkedBooter.java:323)
	at org.apache.maven.surefire.booter.ForkedBooter.main(ForkedBooter.java:143)
]]>
      <system-out><![CDATA[{"initialUrl":"http://web:80/#/","generatedTime":"2018-06-24T16:18:28.384Z","score":30,"reportCategories":[{"score":61.94117647058823,"name":"Performance","description":"These encapsulate your web app's current performance and opportunities to improve it.","id":"performance","audits":[{"result":{"displayValue":"4,520 ms","score":40,"helpText":"First meaningful paint measures when the primary content of a page is visible. [Learn more](https://developers.google.com/web/tools/lighthouse/audits/first-meaningful-paint).","rawValue":4521.8,"extendedInfo":{"value":{"timestamps":{"fCP":8650057715484,"endOfTrace":8650064967436,"fMP":8650057715493,"onLoad":8650058566647,"navStart":8650053193698},"fmpFellBack":false,"timings":{"fCP":4521.786,"endOfTrace":11773.738,"fMP":4521.795,"onLoad":5372.949,"navStart":0}}},"name":"first-meaningful-paint","description":"First meaningful paint","scoringMode":"numeric"},"score":40,"weight":5,"id":"first-meaningful-paint","group":"perf-metric"},{"result":{"displayValue":"6,460 ms","score":71,"helpText":"First Interactive marks the time at which the page is minimally interactive. [Learn more](https://developers.google.com/web/tools/lighthouse/audits/first-interactive).","rawValue":6460.149,"extendedInfo":{"value":{"timeInMs":6460.149,"timestamp":8650059653847}},"name":"first-interactive","description":"First Interactive (beta)","scoringMode":"numeric"},"score":71,"weight":5,"id":"first-interactive","group":"perf-metric"},{"result":{"displayValue":"6,460 ms","score":71,"helpText":"Consistently Interactive marks the time at which the page is fully interactive. [Learn more](https://developers.google.com/web/tools/lighthouse/audits/consistently-interactive).","rawValue":6460.149,"extendedInfo":{"value":{"timeInMs":6460.149,"cpuQuietPeriod":{"start":8.650059653847E9,"end":8.650064967436E9},"networkQuietPeriods":[{"start":8.650059532223999E9,"end":8.650064967436E9}],"networkQuietPeriod":{"start":8.650059532223999E9,"end":8.650064967436E9},"cpuQuietPeriods":[{"start":8.650059653847E9,"end":8.650064967436E9}],"timestamp":8650059653847}},"name":"consistently-interactive","description":"Consistently Interactive (beta)","scoringMode":"numeric"},"score":71,"weight":5,"id":"consistently-interactive","group":"perf-metric"},{"result":{"displayValue":"5,723","score":48,"helpText":"Speed Index shows how quickly the contents of a page are visibly populated. [Learn more](https://developers.google.com/web/tools/lighthouse/audits/speed-index).","rawValue":5723,"extendedInfo":{"value":{"frames":[{"progress":0,"timestamp":8.650053193698E9},{"progress":0,"timestamp":8.650053950668E9},{"progress":0,"timestamp":8.650057717184E9},{"progress":78.47020210836772,"timestamp":8.650058783808E9},{"progress":79.55400014666994,"timestamp":8.650058883804E9},{"progress":84.25733274045653,"timestamp":8.65005906713E9},{"progress":90.99914379891193,"timestamp":8.650059217124E9},{"progress":92.49290629372531,"timestamp":8.65005965044E9},{"progress":100.00000000000001,"timestamp":8.650059800434E9}],"timestamps":{"firstVisualChange":8650058783698,"perceptualSpeedIndex":8.650058916695168E12,"visuallyComplete":8650059799698,"visuallyReady":8.650059217124001E12},"timings":{"firstVisualChange":5590,"perceptualSpeedIndex":5722.997167414955,"visuallyComplete":6606,"visuallyReady":6023.426000595093}}},"name":"speed-index-metric","description":"Perceptual Speed Index","scoringMode":"numeric"},"score":48,"weight":1,"id":"speed-index-metric","group":"perf-metric"},{"result":{"displayValue":"50 ms","score":95,"helpText":"The score above is an estimate of how long your app takes to respond to user input, in milliseconds. There is a 90% probability that a user encounters this amount of latency, or less. 10% of the time a user can expect additional latency. If your latency is higher than 50 ms, users may perceive your app as laggy. [Learn more](https://developers.google.com/web/tools/lighthouse/audits/estimated-input-latency).","rawValue":49.8,"extendedInfo":{"value":[{"percentile":0.5,"time":16},{"percentile":0.75,"time":16},{"percentile":0.9,"time":49.84405833333335},{"percentile":0.99,"time":161.88252333333307},{"percentile":1,"time":209.04299999999876}]},"name":"estimated-input-latency","description":"Estimated Input Latency","scoringMode":"numeric"},"score":95,"weight":1,"id":"estimated-input-latency","group":"perf-metric"},{"result":{"displayValue":"","score":100,"helpText":"External stylesheets are blocking the first paint of your page. Consider delivering critical CSS via `<style>` tags and deferring non-critical styles. [Learn more](https://developers.google.com/web/tools/lighthouse/audits/blocking-resources).","rawValue":0,"extendedInfo":{"value":{"wastedMs":"0 ms","results":[]}},"name":"link-blocking-first-paint","description":"Reduce render-blocking stylesheets","scoringMode":"binary","informative":true,"details":{"itemHeaders":[{"itemType":"url","text":"URL","type":"text"},{"itemType":"text","text":"Size (KB)","type":"text"},{"itemType":"text","text":"Delayed Paint By (ms)","type":"text"}],"header":"View Details","type":"table","items":[]}},"score":100,"weight":0,"id":"link-blocking-first-paint","group":"perf-hint"},{"result":{"displayValue":"","score":100,"helpText":"Script elements are blocking the first paint of your page. Consider inlining critical scripts and deferring non-critical ones. [Learn more](https://developers.google.com/web/tools/lighthouse/audits/blocking-resources).","rawValue":0,"extendedInfo":{"value":{"wastedMs":"0 ms","results":[]}},"name":"script-blocking-first-paint","description":"Reduce render-blocking scripts","scoringMode":"binary","informative":true,"details":{"itemHeaders":[{"itemType":"url","text":"URL","type":"text"},{"itemType":"text","text":"Size (KB)","type":"text"},{"itemType":"text","text":"Delayed Paint By (ms)","type":"text"}],"header":"View Details","type":"table","items":[]}},"score":100,"weight":0,"id":"script-blocking-first-paint","group":"perf-hint"},{"result":{"displayValue":"","score":100,"helpText":"Serve images that are appropriately-sized to save cellular data and improve load time. [Learn more](https://developers.google.com/web/tools/lighthouse/audits/oversized-images).","rawValue":0,"extendedInfo":{"value":{"wastedKb":0,"wastedMs":0,"results":[]}},"name":"uses-responsive-images","description":"Properly size images","scoringMode":"binary","informative":true,"details":{"itemHeaders":[{"itemType":"thumbnail","text":"","type":"text"},{"itemType":"url","text":"URL","type":"text"},{"itemType":"text","text":"Original","type":"text"},{"itemType":"text","text":"Potential Savings","type":"text"}],"header":"View Details","type":"table","items":[]}},"score":100,"weight":0,"id":"uses-responsive-images","group":"perf-hint"},{"result":{"displayValue":"","score":100,"helpText":"Consider lazy-loading offscreen and hidden images to improve page load speed and time to interactive. [Learn more](https://developers.google.com/web/tools/lighthouse/audits/offscreen-images).","rawValue":0,"extendedInfo":{"value":{"wastedKb":0,"wastedMs":0,"results":[]}},"name":"offscreen-images","description":"Offscreen images","scoringMode":"binary","informative":true,"details":{"itemHeaders":[{"itemType":"thumbnail","text":"","type":"text"},{"itemType":"url","text":"URL","type":"text"},{"itemType":"text","text":"Original","type":"text"},{"itemType":"text","text":"Potential Savings","type":"text"}],"header":"View Details","type":"table","items":[]}},"score":100,"weight":0,"id":"offscreen-images","group":"perf-hint"},{"result":{"displayValue":"","score":100,"helpText":"Minifying CSS files can reduce network payload sizes. [Learn more](https://developers.google.com/speed/docs/insights/MinifyResources).","rawValue":0,"extendedInfo":{"value":{"wastedKb":0,"wastedMs":0,"results":[]}},"name":"unminified-css","description":"Minify CSS","scoringMode":"binary","informative":true,"details":{"itemHeaders":[{"itemType":"url","text":"URL","type":"text"},{"itemType":"text","text":"Original","type":"text"},{"itemType":"text","text":"Potential Savings","type":"text"}],"header":"View Details","type":"table","items":[]}},"score":100,"weight":0,"id":"unminified-css","group":"perf-hint"},{"result":{"displayValue":"","score":100,"helpText":"Minifying JavaScript files can reduce payload sizes and script parse time. [Learn more](https://developers.google.com/speed/docs/insights/MinifyResources).","rawValue":0,"extendedInfo":{"value":{"wastedKb":0,"wastedMs":0,"results":[]}},"name":"unminified-javascript","description":"Minify JavaScript","scoringMode":"binary","informative":true,"details":{"itemHeaders":[{"itemType":"url","text":"URL","type":"text"},{"itemType":"text","text":"Original","type":"text"},{"itemType":"text","text":"Potential Savings","type":"text"}],"header":"View Details","type":"table","items":[]}},"score":100,"weight":0,"id":"unminified-javascript","group":"perf-hint"},{"result":{"displayValue":"Potential savings of 35 KB (~190 ms)","score":90,"helpText":"Remove unused rules from stylesheets to reduce unnecessary bytes consumed by network activity. [Learn more](https://developers.google.com/speed/docs/insights/OptimizeCSSDelivery)","rawValue":190,"extendedInfo":{"value":{"wastedKb":35,"wastedMs":190,"results":[{"wastedKb":"29 KB","totalKb":"32 KB","wastedMs":"160 ms","totalMs":"170 ms","potentialSavings":"29 KB (93%)","totalBytes":32261,"wastedPercent":92.80281987684556,"wastedBytes":29939,"url":"http://web/static/css/app.a1bcfeb0daa2a3f727390086fd42ee9d.css"},{"wastedKb":"5 KB","totalKb":"6 KB","wastedMs":"30 ms","totalMs":"30 ms","potentialSavings":"5 KB (98%)","totalBytes":5722,"wastedPercent":98.2698357217756,"wastedBytes":5623,"url":{"text":"a { color: #1976d2; } ...","type":"code"}}]}},"name":"unused-css-rules","description":"Unused CSS rules","scoringMode":"binary","informative":true,"details":{"itemHeaders":[{"itemType":"url","text":"URL","type":"text"},{"itemType":"text","text":"Original","type":"text"},{"itemType":"text","text":"Potential Savings","type":"text"}],"header":"View Details","type":"table","items":[[{"text":"http://web/static/css/app.a1bcfeb0daa2a3f727390086fd42ee9d.css","type":"url"},{"text":"32 KB","type":"text"},{"text":"29 KB (93%)","type":"text"}],[{"text":"a { color: #1976d2; } ...","type":"code"},{"text":"6 KB","type":"text"},{"text":"5 KB (98%)","type":"text"}]]}},"score":90,"weight":0,"id":"unused-css-rules","group":"perf-hint"},{"result":{"displayValue":"","score":100,"helpText":"Optimized images load faster and consume less cellular data. [Learn more](https://developers.google.com/web/tools/lighthouse/audits/optimize-images).","rawValue":0,"extendedInfo":{"value":{"wastedKb":0,"wastedMs":0,"results":[]}},"name":"uses-optimized-images","description":"Optimize images","scoringMode":"binary","informative":true,"details":{"itemHeaders":[{"itemType":"thumbnail","text":"","type":"text"},{"itemType":"url","text":"URL","type":"text"},{"itemType":"text","text":"Original","type":"text"},{"itemType":"text","text":"Potential Savings","type":"text"}],"header":"View Details","type":"table","items":[]}},"score":100,"weight":0,"id":"uses-optimized-images","group":"perf-hint"},{"result":{"displayValue":"","score":100,"helpText":"Image formats like JPEG 2000, JPEG XR, and WebP often provide better compression than PNG or JPEG, which means faster downloads and less data consumption. [Learn more](https://developers.google.com/web/tools/lighthouse/audits/webp).","rawValue":0,"extendedInfo":{"value":{"wastedKb":0,"wastedMs":0,"results":[]}},"name":"uses-webp-images","description":"Serve images in next-gen formats","scoringMode":"binary","informative":true,"details":{"itemHeaders":[{"itemType":"thumbnail","text":"","type":"text"},{"itemType":"url","text":"URL","type":"text"},{"itemType":"text","text":"Original","type":"text"},{"itemType":"text","text":"Potential Savings","type":"text"}],"header":"View Details","type":"table","items":[]}},"score":100,"weight":0,"id":"uses-webp-images","group":"perf-hint"},{"result":{"displayValue":"","score":100,"helpText":"Text-based responses should be served with compression (gzip, deflate or brotli) to minimize total network bytes. [Learn more](https://developers.google.com/web/fundamentals/performance/optimizing-content-efficiency/optimize-encoding-and-transfer).","rawValue":0,"extendedInfo":{"value":{"wastedKb":0,"wastedMs":0,"results":[]}},"name":"uses-request-compression","description":"Enable text compression","scoringMode":"binary","informative":true,"details":{"itemHeaders":[{"itemType":"url","text":"Uncompressed resource URL","type":"text"},{"itemType":"text","text":"Original","type":"text"},{"itemType":"text","text":"GZIP Savings","type":"text"}],"header":"View Details","type":"table","items":[]}},"score":100,"weight":0,"id":"uses-request-compression","group":"perf-hint"},{"result":{"displayValue":"","score":null,"debugString":"Audit error: Cannot read property '_timing' of undefined","helpText":"Time To First Byte identifies the time at which your server sends a response. [Learn more](https://developers.google.com/web/tools/chrome-devtools/network-performance/issues).","rawValue":null,"name":"time-to-first-byte","description":"Keep server response times low (TTFB)","scoringMode":"binary","informative":true,"error":true},"score":0,"weight":0,"id":"time-to-first-byte","group":"perf-hint"},{"result":{"displayValue":"","score":null,"debugString":"Audit error: Unable to identify the main resource","helpText":"Redirects introduce additional delays before the page can be loaded. [Learn more](https://developers.google.com/speed/docs/insights/AvoidRedirects).","rawValue":null,"name":"redirects","description":"Has multiple page redirects","scoringMode":"binary","error":true},"score":0,"weight":0,"id":"redirects","group":"perf-hint"},{"result":{"displayValue":"","score":null,"debugString":"Audit error: Unable to identify the main resource","helpText":"Consider using <link rel=preload> to prioritize fetching late-discovered resources sooner [Learn more](https://developers.google.com/web/updates/2016/03/link-rel-preload).","rawValue":null,"name":"uses-rel-preload","description":"Preload key requests","scoringMode":"numeric","informative":true,"error":true},"score":0,"weight":0,"id":"uses-rel-preload","group":"perf-hint"},{"result":{"displayValue":"Total size was 400 KB","score":100,"helpText":"Large network payloads cost users real money and are highly correlated with long load times. [Learn more](https://developers.google.com/web/tools/lighthouse/audits/network-payloads).","rawValue":409855,"extendedInfo":{"value":{"totalCompletedRequests":11,"results":[{"totalKb":"227 KB","totalMs":"1,240 ms","totalBytes":232785,"url":"http://web/static/js/vendor.d1efda22f11e965a5228.js"},{"totalKb":"48 KB","totalMs":"260 ms","totalBytes":49163,"url":"https://fonts.gstatic.com/s/materialicons/v37/flUhRq6tzZclQEJ-Vdg-IuiaDsNc.woff2"},{"totalKb":"46 KB","totalMs":"250 ms","totalBytes":47366,"url":"https://cdnjs.cloudflare.com/ajax/libs/Chart.js/2.7.1/Chart.min.js"},{"totalKb":"32 KB","totalMs":"170 ms","totalBytes":32261,"url":"http://web/static/css/app.a1bcfeb0daa2a3f727390086fd42ee9d.css"},{"totalKb":"15 KB","totalMs":"80 ms","totalBytes":15817,"url":"https://fonts.gstatic.com/s/roboto/v18/KFOlCnqEu92Fr1MmEU9fBBc4.woff2"},{"totalKb":"15 KB","totalMs":"80 ms","totalBytes":15461,"url":"https://fonts.gstatic.com/s/roboto/v18/KFOmCnqEu92Fr1Mu4mxK.woff2"},{"totalKb":"12 KB","totalMs":"70 ms","totalBytes":12691,"url":"http://web/static/js/app.310cd52123c59f9f64a5.js"},{"totalKb":"1 KB","totalMs":"10 ms","totalBytes":1524,"url":"https://unpkg.com/vue-chartjs@3.3.2/dist/vue-chartjs.min.js"},{"totalKb":"1 KB","totalMs":"10 ms","totalBytes":1211,"url":"http://web/"},{"totalKb":"1 KB","totalMs":"10 ms","totalBytes":1171,"url":"http://web/static/js/manifest.9f020e973ae4037504f6.js"}]}},"name":"total-byte-weight","description":"Avoids enormous network payloads","scoringMode":"numeric","details":{"itemHeaders":[{"itemType":"url","text":"URL","type":"text"},{"itemType":"text","text":"Total Size","type":"text"},{"itemType":"text","text":"Transfer Time","type":"text"}],"header":"View Details","type":"table","items":[[{"text":"http://web/static/js/vendor.d1efda22f11e965a5228.js","type":"url"},{"text":"227 KB","type":"text"},{"text":"1,240 ms","type":"text"}],[{"text":"https://fonts.gstatic.com/s/materialicons/v37/flUhRq6tzZclQEJ-Vdg-IuiaDsNc.woff2","type":"url"},{"text":"48 KB","type":"text"},{"text":"260 ms","type":"text"}],[{"text":"https://cdnjs.cloudflare.com/ajax/libs/Chart.js/2.7.1/Chart.min.js","type":"url"},{"text":"46 KB","type":"text"},{"text":"250 ms","type":"text"}],[{"text":"http://web/static/css/app.a1bcfeb0daa2a3f727390086fd42ee9d.css","type":"url"},{"text":"32 KB","type":"text"},{"text":"170 ms","type":"text"}],[{"text":"https://fonts.gstatic.com/s/roboto/v18/KFOlCnqEu92Fr1MmEU9fBBc4.woff2","type":"url"},{"text":"15 KB","type":"text"},{"text":"80 ms","type":"text"}],[{"text":"https://fonts.gstatic.com/s/roboto/v18/KFOmCnqEu92Fr1Mu4mxK.woff2","type":"url"},{"text":"15 KB","type":"text"},{"text":"80 ms","type":"text"}],[{"text":"http://web/static/js/app.310cd52123c59f9f64a5.js","type":"url"},{"text":"12 KB","type":"text"},{"text":"70 ms","type":"text"}],[{"text":"https://unpkg.com/vue-chartjs@3.3.2/dist/vue-chartjs.min.js","type":"url"},{"text":"1 KB","type":"text"},{"text":"10 ms","type":"text"}],[{"text":"http://web/","type":"url"},{"text":"1 KB","type":"text"},{"text":"10 ms","type":"text"}],[{"text":"http://web/static/js/manifest.9f020e973ae4037504f6.js","type":"url"},{"text":"1 KB","type":"text"},{"text":"10 ms","type":"text"}]]}},"score":100,"weight":0,"id":"total-byte-weight","group":"perf-info"},{"result":{"displayValue":"0 assets found","score":100,"helpText":"A long cache lifetime can speed up repeat visits to your page. [Learn more](https://developers.google.com/web/fundamentals/performance/optimizing-content-efficiency/http-caching#cache-control).","rawValue":0,"extendedInfo":{"value":{"queryStringCount":0,"results":[]}},"name":"uses-long-cache-ttl","description":"Uses efficient cache policy on static assets","scoringMode":"numeric","details":{"itemHeaders":[{"itemType":"url","text":"URL","type":"text"},{"itemType":"text","text":"Cache TTL","type":"text"},{"itemType":"text","text":"Size (KB)","type":"text"}],"header":"View Details","type":"table","items":[]}},"score":100,"weight":0,"id":"uses-long-cache-ttl","group":"perf-info"},{"result":{"displayValue":"94 nodes","score":100,"helpText":"Browser engineers recommend pages contain fewer than ~1,500 DOM nodes. The sweet spot is a tree depth < 32 elements and fewer than 60 children/parent element. A large DOM can increase memory usage, cause longer [style calculations](https://developers.google.com/web/fundamentals/performance/rendering/reduce-the-scope-and-complexity-of-style-calculations), and produce costly [layout reflows](https://developers.google.com/speed/articles/reflow). [Learn more](https://developers.google.com/web/fundamentals/performance/rendering/).","rawValue":94,"extendedInfo":{"value":[{"title":"Total DOM Nodes","value":"94","target":"< 1,500 nodes"},{"snippet":"html >\n  body >\n    main >\n      div#inspire.application.theme--dark >\n        div.application--wrap >\n          aside.navigation-drawer.navigation-drawer--clipped.navigation-drawer--close.navigation-drawer--fixed.navigation-drawer--is-mobile >\n            div.list >\n              div >\n                div.list__tile >\n                  div.input-group.input-group--dirty.input-group--selection-controls.switch.accent--text >\n                    div.input-group__input >\n                      div.input-group--selection-controls__container >\n                        div.input-group--selection-controls__toggle.input-group--selection-controls__toggle--active","title":"DOM Depth","value":"13","target":"< 32"},{"snippet":"Element with most children:\nhead","title":"Maximum Children","value":"8","target":"< 60 nodes"}]},"name":"dom-size","description":"Avoids an excessive DOM size","scoringMode":"numeric","details":{"header":{"text":"View details","type":"text"},"type":"cards","items":[{"title":"Total DOM Nodes","value":"94","target":"< 1,500 nodes"},{"snippet":"html >\n  body >\n    main >\n      div#inspire.application.theme--dark >\n        div.application--wrap >\n          aside.navigation-drawer.navigation-drawer--clipped.navigation-drawer--close.navigation-drawer--fixed.navigation-drawer--is-mobile >\n            div.list >\n              div >\n                div.list__tile >\n                  div.input-group.input-group--dirty.input-group--selection-controls.switch.accent--text >\n                    div.input-group__input >\n                      div.input-group--selection-controls__container >\n                        div.input-group--selection-controls__toggle.input-group--selection-controls__toggle--active","title":"DOM Depth","value":"13","target":"< 32"},{"snippet":"Element with most children:\nhead","title":"Maximum Children","value":"8","target":"< 60 nodes"}]}},"score":100,"weight":0,"id":"dom-size","group":"perf-info"},{"result":{"displayValue":"","score":null,"debugString":"Audit error: Unable to identify the main resource","helpText":"The Critical Request Chains below show you what resources are issued with a high priority. Consider reducing the length of chains, reducing the download size of resources, or deferring the download of unnecessary resources to improve page load. [Learn more](https://developers.google.com/web/tools/lighthouse/audits/critical-request-chains).","rawValue":null,"name":"critical-request-chains","description":"Critical Request Chains","scoringMode":"binary","informative":true,"error":true},"score":0,"weight":0,"id":"critical-request-chains","group":"perf-info"},{"result":{"displayValue":"11","score":100,"helpText":"Lists the network requests that were made during page load.","rawValue":11,"extendedInfo":{"value":[{"transferSize":1211,"startTime":0,"endTime":638.9249991625547,"mimeType":"text/html","url":"http://web/","statusCode":200,"resourceType":"document"},{"transferSize":1171,"startTime":755.621999502182,"endTime":1328.4680005162954,"mimeType":"application/javascript","url":"http://web/static/js/manifest.9f020e973ae4037504f6.js","statusCode":200,"resourceType":"script"},{"transferSize":232785,"startTime":755.7720001786947,"endTime":2917.8979992866516,"mimeType":"application/javascript","url":"http://web/static/js/vendor.d1efda22f11e965a5228.js","statusCode":200,"resourceType":"script"},{"transferSize":12691,"startTime":755.9009995311499,"endTime":1470.6410001963377,"mimeType":"application/javascript","url":"http://web/static/js/app.310cd52123c59f9f64a5.js","statusCode":200,"resourceType":"script"},{"transferSize":47366,"startTime":790.370000526309,"endTime":2162.829000502825,"mimeType":"application/javascript","url":"https://cdnjs.cloudflare.com/ajax/libs/Chart.js/2.7.1/Chart.min.js","statusCode":200,"resourceType":"script"},{"transferSize":405,"startTime":790.8159997314215,"endTime":1663.72200101614,"mimeType":"text/plain","url":"https://unpkg.com/vue-chartjs/dist/vue-chartjs.min.js","statusCode":302},{"transferSize":1524,"startTime":1664.8290008306503,"endTime":2258.2770008593798,"mimeType":"application/javascript","url":"https://unpkg.com/vue-chartjs@3.3.2/dist/vue-chartjs.min.js","statusCode":200,"resourceType":"script"},{"transferSize":32261,"startTime":4527.456000447273,"endTime":5278.87500077486,"mimeType":"text/css","url":"http://web/static/css/app.a1bcfeb0daa2a3f727390086fd42ee9d.css","statusCode":200,"resourceType":"stylesheet"},{"transferSize":15461,"startTime":5458.613000810146,"endTime":6342.342000454664,"mimeType":"font/woff2","url":"https://fonts.gstatic.com/s/roboto/v18/KFOmCnqEu92Fr1Mu4mxK.woff2","statusCode":200,"resourceType":"font"},{"transferSize":49163,"startTime":5458.761001005769,"endTime":6524.431999772787,"mimeType":"font/woff2","url":"https://fonts.gstatic.com/s/materialicons/v37/flUhRq6tzZclQEJ-Vdg-IuiaDsNc.woff2","statusCode":200,"resourceType":"font"},{"transferSize":15817,"startTime":5458.878999575973,"endTime":6334.002999588847,"mimeType":"font/woff2","url":"https://fonts.gstatic.com/s/roboto/v18/KFOlCnqEu92Fr1MmEU9fBBc4.woff2","statusCode":200,"resourceType":"font"}]},"name":"network-requests","description":"Network Requests","scoringMode":"binary","informative":true,"details":{"itemHeaders":[{"itemType":"url","text":"URL","type":"text"},{"itemType":"ms","text":"Start Time","type":"text"},{"itemType":"ms","text":"End Time","type":"text"},{"itemType":"bytes","text":"Transfer Size","type":"text"},{"itemType":"text","text":"Status Code","type":"text"},{"itemType":"text","text":"MIME Type","type":"text"},{"itemType":"text","text":"Resource Type","type":"text"}],"header":"View Details","type":"table","items":[[{"text":"http://web/","type":"url"},{"text":0,"type":"ms"},{"text":638.9249991625547,"type":"ms"},{"text":1211,"type":"bytes"},{"text":200,"type":"text"},{"text":"text/html","type":"text"},{"text":"document","type":"text"}],[{"text":"http://web/static/js/manifest.9f020e973ae4037504f6.js","type":"url"},{"text":755.621999502182,"type":"ms"},{"text":1328.4680005162954,"type":"ms"},{"text":1171,"type":"bytes"},{"text":200,"type":"text"},{"text":"application/javascript","type":"text"},{"text":"script","type":"text"}],[{"text":"http://web/static/js/vendor.d1efda22f11e965a5228.js","type":"url"},{"text":755.7720001786947,"type":"ms"},{"text":2917.8979992866516,"type":"ms"},{"text":232785,"type":"bytes"},{"text":200,"type":"text"},{"text":"application/javascript","type":"text"},{"text":"script","type":"text"}],[{"text":"http://web/static/js/app.310cd52123c59f9f64a5.js","type":"url"},{"text":755.9009995311499,"type":"ms"},{"text":1470.6410001963377,"type":"ms"},{"text":12691,"type":"bytes"},{"text":200,"type":"text"},{"text":"application/javascript","type":"text"},{"text":"script","type":"text"}],[{"text":"https://cdnjs.cloudflare.com/ajax/libs/Chart.js/2.7.1/Chart.min.js","type":"url"},{"text":790.370000526309,"type":"ms"},{"text":2162.829000502825,"type":"ms"},{"text":47366,"type":"bytes"},{"text":200,"type":"text"},{"text":"application/javascript","type":"text"},{"text":"script","type":"text"}],[{"text":"https://unpkg.com/vue-chartjs/dist/vue-chartjs.min.js","type":"url"},{"text":790.8159997314215,"type":"ms"},{"text":1663.72200101614,"type":"ms"},{"text":405,"type":"bytes"},{"text":302,"type":"text"},{"text":"text/plain","type":"text"},{"type":"text"}],[{"text":"https://unpkg.com/vue-chartjs@3.3.2/dist/vue-chartjs.min.js","type":"url"},{"text":1664.8290008306503,"type":"ms"},{"text":2258.2770008593798,"type":"ms"},{"text":1524,"type":"bytes"},{"text":200,"type":"text"},{"text":"application/javascript","type":"text"},{"text":"script","type":"text"}],[{"text":"http://web/static/css/app.a1bcfeb0daa2a3f727390086fd42ee9d.css","type":"url"},{"text":4527.456000447273,"type":"ms"},{"text":5278.87500077486,"type":"ms"},{"text":32261,"type":"bytes"},{"text":200,"type":"text"},{"text":"text/css","type":"text"},{"text":"stylesheet","type":"text"}],[{"text":"https://fonts.gstatic.com/s/roboto/v18/KFOmCnqEu92Fr1Mu4mxK.woff2","type":"url"},{"text":5458.613000810146,"type":"ms"},{"text":6342.342000454664,"type":"ms"},{"text":15461,"type":"bytes"},{"text":200,"type":"text"},{"text":"font/woff2","type":"text"},{"text":"font","type":"text"}],[{"text":"https://fonts.gstatic.com/s/materialicons/v37/flUhRq6tzZclQEJ-Vdg-IuiaDsNc.woff2","type":"url"},{"text":5458.761001005769,"type":"ms"},{"text":6524.431999772787,"type":"ms"},{"text":49163,"type":"bytes"},{"text":200,"type":"text"},{"text":"font/woff2","type":"text"},{"text":"font","type":"text"}],[{"text":"https://fonts.gstatic.com/s/roboto/v18/KFOlCnqEu92Fr1MmEU9fBBc4.woff2","type":"url"},{"text":5458.878999575973,"type":"ms"},{"text":6334.002999588847,"type":"ms"},{"text":15817,"type":"bytes"},{"text":200,"type":"text"},{"text":"font/woff2","type":"text"},{"text":"font","type":"text"}]]}},"score":100,"weight":0,"id":"network-requests"},{"result":{"displayValue":"0","score":true,"helpText":"Consider instrumenting your app with the User Timing API to create custom, real-world measurements of key user experiences. [Learn more](https://developers.google.com/web/tools/lighthouse/audits/user-timing).","rawValue":true,"extendedInfo":{"value":[]},"name":"user-timings","description":"User Timing marks and measures","scoringMode":"binary","informative":true,"details":{"itemHeaders":[{"itemType":"text","text":"Name","type":"text"},{"itemType":"text","text":"Type","type":"text"},{"itemType":"text","text":"Time","type":"text"}],"header":"View Details","type":"table","items":[]}},"score":100,"weight":0,"id":"user-timings","group":"perf-info"},{"result":{"displayValue":"1,570 ms","score":true,"helpText":"Consider reducing the time spent parsing, compiling, and executing JS. You may find delivering smaller JS payloads helps with this. [Learn more](https://developers.google.com/web/lighthouse/audits/bootup).","rawValue":1573.503999710083,"extendedInfo":{"value":{"http://web/static/js/app.310cd52123c59f9f64a5.js":{"Script Evaluation":1173.697998046875,"Script Parsing & Compile":22.533000946044922},"http://web/static/js/vendor.d1efda22f11e965a5228.js":{"Style & Layout":178.41699981689453,"Script Parsing & Compile":14.004999160766602,"Script Evaluation":9.45100212097168},"https://unpkg.com/vue-chartjs@3.3.2/dist/vue-chartjs.min.js":{"Script Evaluation":6.445001602172852,"Script Parsing & Compile":4.004999160766602},"https://cdnjs.cloudflare.com/ajax/libs/Chart.js/2.7.1/Chart.min.js":{"Style & Layout":0.8509998321533203,"Script Evaluation":90.19700050354004,"Script Parsing & Compile":0.5679988861083984},"http://web/static/js/manifest.9f020e973ae4037504f6.js":{"Script Parsing & Compile":2.184000015258789,"Script Evaluation":1.4300003051757812},"http://web/":{"Style & Layout":0.0989990234375,"Script Evaluation":7.028999328613281,"Script Parsing & Compile":0.14599990844726562},"http://web/#/":{"Parsing HTML & CSS":62.446001052856445}}},"name":"bootup-time","description":"JavaScript boot-up time","scoringMode":"binary","details":{"itemHeaders":[{"itemType":"url","text":"URL","type":"text"},{"itemType":"text","text":"Script Evaluation","type":"text"},{"itemType":"text","text":"Script Parsing & Compile","type":"text"}],"header":"View Details","type":"table","items":[[{"text":"http://web/static/js/app.310cd52123c59f9f64a5.js","type":"url"},{"text":"1,174 ms","type":"text"},{"text":"23 ms","type":"text"}],[{"text":"https://cdnjs.cloudflare.com/ajax/libs/Chart.js/2.7.1/Chart.min.js","type":"url"},{"text":"90 ms","type":"text"},{"text":"1 ms","type":"text"}],[{"text":"http://web/static/js/vendor.d1efda22f11e965a5228.js","type":"url"},{"text":"9 ms","type":"text"},{"text":"14 ms","type":"text"}],[{"text":"https://unpkg.com/vue-chartjs@3.3.2/dist/vue-chartjs.min.js","type":"url"},{"text":"6 ms","type":"text"},{"text":"4 ms","type":"text"}]]}},"score":100,"weight":0,"id":"bootup-time","group":"perf-info"},{"result":{"displayValue":"true","score":100,"helpText":"This is what the load of your site looked like.","rawValue":true,"name":"screenshot-thumbnails","description":"Screenshot Thumbnails","scoringMode":"binary","informative":true,"details":{"scale":6606,"type":"filmstrip","items":[{"data":"/9j/4AAQSkZJRgABAQAAAQABAAD/2wCEAAMCAgMCAgMDAwMEAwMEBQgFBQQEBQoHBwYIDAoMDAsKCwsNDhIQDQ4RDgsLEBYQERMUFRUVDA8XGBYUGBIUFRQBAwQEBQQFCQUFCRQNCw0UFBQUFBQUFBQUFBQUFBQUFBQUFBQUFBQUFBQUFBQUFBQUFBQUFBQUFBQUFBQUFBQUFP/AABEIANUAeAMBEQACEQEDEQH/xAGiAAABBQEBAQEBAQAAAAAAAAAAAQIDBAUGBwgJCgsQAAIBAwMCBAMFBQQEAAABfQECAwAEEQUSITFBBhNRYQcicRQygZGhCCNCscEVUtHwJDNicoIJChYXGBkaJSYnKCkqNDU2Nzg5OkNERUZHSElKU1RVVldYWVpjZGVmZ2hpanN0dXZ3eHl6g4SFhoeIiYqSk5SVlpeYmZqio6Slpqeoqaqys7S1tre4ubrCw8TFxsfIycrS09TV1tfY2drh4uPk5ebn6Onq8fLz9PX29/j5+gEAAwEBAQEBAQEBAQAAAAAAAAECAwQFBgcICQoLEQACAQIEBAMEBwUEBAABAncAAQIDEQQFITEGEkFRB2FxEyIygQgUQpGhscEJIzNS8BVictEKFiQ04SXxFxgZGiYnKCkqNTY3ODk6Q0RFRkdISUpTVFVWV1hZWmNkZWZnaGlqc3R1dnd4eXqCg4SFhoeIiYqSk5SVlpeYmZqio6Slpqeoqaqys7S1tre4ubrCw8TFxsfIycrS09TV1tfY2dri4+Tl5ufo6ery8/T19vf4+fr/2gAMAwEAAhEDEQA/AP1ToAKACgAoAKACgAoAKACgAoAKACgAoAKACgAoAKACgAoAKACgAoAKACgAoAKACgAoAKACgAoAKACgAoAKACgAoAKACgAoAKACgAoAKACgAoAKACgAoAKACgAoAKACgAoAKACgAoAKACgAoAKACgAoAKACgAoAKACgAoAKACgAoAKACgAoAKACgAoAKACgAoAKACgAoAKACgAoAKACgAoAKACgAoAKACgAoAKACgAoAKACgAoAKACgAoAKACgAoAKACgAoAKACgAoAKACgAoAKACgAoAKACgAoAKACgAoAKACgAoAKACgAoAKACgAoAKACgAoAKACgAoAKACgAoAKACgAoAKACgAoAKACgAoAKACgAoAKACgAoAKACgAoAKACgAoAKACgAoAKACgAoAKACgAoAKACgAoAKACgAoAKACgAoAKACgAoAKACgAoAKACgAoAKACgAoAKACgAoAKACgAoAKACgAoAKACgAoAKACgAoAKACgAoAKACgAoAKACgAoAKACgAoAKACgAoAKACgAoAKACgAoAKACgAoAKACgAoAKACgAoAKACgAoAKACgAoAKACgAoAKACgAoAKACgAoAKACgAoAKACgAoAKACgAoAKACgAoAKACgAoAKACgAoAKACgAoAKACgAoAKACgAoAKACgAoAKACgAoAKACgAoAKACgAoAKACgAoAKACgAoAKACgAoAKACgAoAKACgAoAKACgAoAKACgAoAKACgAoAKACgAoAKACgAoAKACgAoAKACgAoAKACgAoAKACgAoAKACgAoAKACgAoAKACgAoAKACgAoAKACgAoAKACgAoAKACgAoAKACgAoAKACgAoAKACgAoAKACgAoAKACgAoAKACgAoAKACgAoAKACgAoAKACgAoAKACgAoAKACgAoAKACgAoAKACgAoAKACgAoAKACgAoAKACgD//Z","timing":661,"timestamp":8650053854298},{"data":"/9j/4AAQSkZJRgABAQAAAQABAAD/2wCEAAMCAgMCAgMDAwMEAwMEBQgFBQQEBQoHBwYIDAoMDAsKCwsNDhIQDQ4RDgsLEBYQERMUFRUVDA8XGBYUGBIUFRQBAwQEBQQFCQUFCRQNCw0UFBQUFBQUFBQUFBQUFBQUFBQUFBQUFBQUFBQUFBQUFBQUFBQUFBQUFBQUFBQUFBQUFP/AABEIANUAeAMBEQACEQEDEQH/xAGiAAABBQEBAQEBAQAAAAAAAAAAAQIDBAUGBwgJCgsQAAIBAwMCBAMFBQQEAAABfQECAwAEEQUSITFBBhNRYQcicRQygZGhCCNCscEVUtHwJDNicoIJChYXGBkaJSYnKCkqNDU2Nzg5OkNERUZHSElKU1RVVldYWVpjZGVmZ2hpanN0dXZ3eHl6g4SFhoeIiYqSk5SVlpeYmZqio6Slpqeoqaqys7S1tre4ubrCw8TFxsfIycrS09TV1tfY2drh4uPk5ebn6Onq8fLz9PX29/j5+gEAAwEBAQEBAQEBAQAAAAAAAAECAwQFBgcICQoLEQACAQIEBAMEBwUEBAABAncAAQIDEQQFITEGEkFRB2FxEyIygQgUQpGhscEJIzNS8BVictEKFiQ04SXxFxgZGiYnKCkqNTY3ODk6Q0RFRkdISUpTVFVWV1hZWmNkZWZnaGlqc3R1dnd4eXqCg4SFhoeIiYqSk5SVlpeYmZqio6Slpqeoqaqys7S1tre4ubrCw8TFxsfIycrS09TV1tfY2dri4+Tl5ufo6ery8/T19vf4+fr/2gAMAwEAAhEDEQA/AP1ToAKACgAoAKACgAoAKACgAoAKACgAoAKACgAoAKACgAoAKACgAoAKACgAoAKACgAoAKACgAoAKACgAoAKACgAoAKACgAoAKACgAoAKACgAoAKACgAoAKACgAoAKACgAoAKACgAoAKACgAoAKACgAoAKACgAoAKACgAoAKACgAoAKACgAoAKACgAoAKACgAoAKACgAoAKACgAoAKACgAoAKACgAoAKACgAoAKACgAoAKACgAoAKACgAoAKACgAoAKACgAoAKACgAoAKACgAoAKACgAoAKACgAoAKACgAoAKACgAoAKACgAoAKACgAoAKACgAoAKACgAoAKACgAoAKACgAoAKACgAoAKACgAoAKACgAoAKACgAoAKACgAoAKACgAoAKACgAoAKACgAoAKACgAoAKACgAoAKACgAoAKACgAoAKACgAoAKACgAoAKACgAoAKACgAoAKACgAoAKACgAoAKACgAoAKACgAoAKACgAoAKACgAoAKACgAoAKACgAoAKACgAoAKACgAoAKACgAoAKACgAoAKACgAoAKACgAoAKACgAoAKACgAoAKACgAoAKACgAoAKACgAoAKACgAoAKACgAoAKACgAoAKACgAoAKACgAoAKACgAoAKACgAoAKACgAoAKACgAoAKACgAoAKACgAoAKACgAoAKACgAoAKACgAoAKACgAoAKACgAoAKACgAoAKACgAoAKACgAoAKACgAoAKACgAoAKACgAoAKACgAoAKACgAoAKACgAoAKACgAoAKACgAoAKACgAoAKACgAoAKACgAoAKACgAoAKACgAoAKACgAoAKACgAoAKACgAoAKACgAoAKACgAoAKACgAoAKACgAoAKACgAoAKACgAoAKACgAoAKACgAoAKACgAoAKACgAoAKACgAoAKACgAoAKACgAoAKACgAoAKACgAoAKACgD//Z","timing":1321,"timestamp":8.650054514898001E12},{"data":"/9j/4AAQSkZJRgABAQAAAQABAAD/2wCEAAMCAgMCAgMDAwMEAwMEBQgFBQQEBQoHBwYIDAoMDAsKCwsNDhIQDQ4RDgsLEBYQERMUFRUVDA8XGBYUGBIUFRQBAwQEBQQFCQUFCRQNCw0UFBQUFBQUFBQUFBQUFBQUFBQUFBQUFBQUFBQUFBQUFBQUFBQUFBQUFBQUFBQUFBQUFP/AABEIANUAeAMBEQACEQEDEQH/xAGiAAABBQEBAQEBAQAAAAAAAAAAAQIDBAUGBwgJCgsQAAIBAwMCBAMFBQQEAAABfQECAwAEEQUSITFBBhNRYQcicRQygZGhCCNCscEVUtHwJDNicoIJChYXGBkaJSYnKCkqNDU2Nzg5OkNERUZHSElKU1RVVldYWVpjZGVmZ2hpanN0dXZ3eHl6g4SFhoeIiYqSk5SVlpeYmZqio6Slpqeoqaqys7S1tre4ubrCw8TFxsfIycrS09TV1tfY2drh4uPk5ebn6Onq8fLz9PX29/j5+gEAAwEBAQEBAQEBAQAAAAAAAAECAwQFBgcICQoLEQACAQIEBAMEBwUEBAABAncAAQIDEQQFITEGEkFRB2FxEyIygQgUQpGhscEJIzNS8BVictEKFiQ04SXxFxgZGiYnKCkqNTY3ODk6Q0RFRkdISUpTVFVWV1hZWmNkZWZnaGlqc3R1dnd4eXqCg4SFhoeIiYqSk5SVlpeYmZqio6Slpqeoqaqys7S1tre4ubrCw8TFxsfIycrS09TV1tfY2dri4+Tl5ufo6ery8/T19vf4+fr/2gAMAwEAAhEDEQA/AP1ToAKACgAoAKACgAoAKACgAoAKACgAoAKACgAoAKACgAoAKACgAoAKACgAoAKACgAoAKACgAoAKACgAoAKACgAoAKACgAoAKACgAoAKACgAoAKACgAoAKACgAoAKACgAoAKACgAoAKACgAoAKACgAoAKACgAoAKACgAoAKACgAoAKACgAoAKACgAoAKACgAoAKACgAoAKACgAoAKACgAoAKACgAoAKACgAoAKACgAoAKACgAoAKACgAoAKACgAoAKACgAoAKACgAoAKACgAoAKACgAoAKACgAoAKACgAoAKACgAoAKACgAoAKACgAoAKACgAoAKACgAoAKACgAoAKACgAoAKACgAoAKACgAoAKACgAoAKACgAoAKACgAoAKACgAoAKACgAoAKACgAoAKACgAoAKACgAoAKACgAoAKACgAoAKACgAoAKACgAoAKACgAoAKACgAoAKACgAoAKACgAoAKACgAoAKACgAoAKACgAoAKACgAoAKACgAoAKACgAoAKACgAoAKACgAoAKACgAoAKACgAoAKACgAoAKACgAoAKACgAoAKACgAoAKACgAoAKACgAoAKACgAoAKACgAoAKACgAoAKACgAoAKACgAoAKACgAoAKACgAoAKACgAoAKACgAoAKACgAoAKACgAoAKACgAoAKACgAoAKACgAoAKACgAoAKACgAoAKACgAoAKACgAoAKACgAoAKACgAoAKACgAoAKACgAoAKACgAoAKACgAoAKACgAoAKACgAoAKACgAoAKACgAoAKACgAoAKACgAoAKACgAoAKACgAoAKACgAoAKACgAoAKACgAoAKACgAoAKACgAoAKACgAoAKACgAoAKACgAoAKACgAoAKACgAoAKACgAoAKACgAoAKACgAoAKACgAoAKACgAoAKACgAoAKACgAoAKACgAoAKACgAoAKACgD//Z","timing":1982,"timestamp":8.650055175497999E12},{"data":"/9j/4AAQSkZJRgABAQAAAQABAAD/2wCEAAMCAgMCAgMDAwMEAwMEBQgFBQQEBQoHBwYIDAoMDAsKCwsNDhIQDQ4RDgsLEBYQERMUFRUVDA8XGBYUGBIUFRQBAwQEBQQFCQUFCRQNCw0UFBQUFBQUFBQUFBQUFBQUFBQUFBQUFBQUFBQUFBQUFBQUFBQUFBQUFBQUFBQUFBQUFP/AABEIANUAeAMBEQACEQEDEQH/xAGiAAABBQEBAQEBAQAAAAAAAAAAAQIDBAUGBwgJCgsQAAIBAwMCBAMFBQQEAAABfQECAwAEEQUSITFBBhNRYQcicRQygZGhCCNCscEVUtHwJDNicoIJChYXGBkaJSYnKCkqNDU2Nzg5OkNERUZHSElKU1RVVldYWVpjZGVmZ2hpanN0dXZ3eHl6g4SFhoeIiYqSk5SVlpeYmZqio6Slpqeoqaqys7S1tre4ubrCw8TFxsfIycrS09TV1tfY2drh4uPk5ebn6Onq8fLz9PX29/j5+gEAAwEBAQEBAQEBAQAAAAAAAAECAwQFBgcICQoLEQACAQIEBAMEBwUEBAABAncAAQIDEQQFITEGEkFRB2FxEyIygQgUQpGhscEJIzNS8BVictEKFiQ04SXxFxgZGiYnKCkqNTY3ODk6Q0RFRkdISUpTVFVWV1hZWmNkZWZnaGlqc3R1dnd4eXqCg4SFhoeIiYqSk5SVlpeYmZqio6Slpqeoqaqys7S1tre4ubrCw8TFxsfIycrS09TV1tfY2dri4+Tl5ufo6ery8/T19vf4+fr/2gAMAwEAAhEDEQA/AP1ToAKACgAoAKACgAoAKACgAoAKACgAoAKACgAoAKACgAoAKACgAoAKACgAoAKACgAoAKACgAoAKACgAoAKACgAoAKACgAoAKACgAoAKACgAoAKACgAoAKACgAoAKACgAoAKACgAoAKACgAoAKACgAoAKACgAoAKACgAoAKACgAoAKACgAoAKACgAoAKACgAoAKACgAoAKACgAoAKACgAoAKACgAoAKACgAoAKACgAoAKACgAoAKACgAoAKACgAoAKACgAoAKACgAoAKACgAoAKACgAoAKACgAoAKACgAoAKACgAoAKACgAoAKACgAoAKACgAoAKACgAoAKACgAoAKACgAoAKACgAoAKACgAoAKACgAoAKACgAoAKACgAoAKACgAoAKACgAoAKACgAoAKACgAoAKACgAoAKACgAoAKACgAoAKACgAoAKACgAoAKACgAoAKACgAoAKACgAoAKACgAoAKACgAoAKACgAoAKACgAoAKACgAoAKACgAoAKACgAoAKACgAoAKACgAoAKACgAoAKACgAoAKACgAoAKACgAoAKACgAoAKACgAoAKACgAoAKACgAoAKACgAoAKACgAoAKACgAoAKACgAoAKACgAoAKACgAoAKACgAoAKACgAoAKACgAoAKACgAoAKACgAoAKACgAoAKACgAoAKACgAoAKACgAoAKACgAoAKACgAoAKACgAoAKACgAoAKACgAoAKACgAoAKACgAoAKACgAoAKACgAoAKACgAoAKACgAoAKACgAoAKACgAoAKACgAoAKACgAoAKACgAoAKACgAoAKACgAoAKACgAoAKACgAoAKACgAoAKACgAoAKACgAoAKACgAoAKACgAoAKACgAoAKACgAoAKACgAoAKACgAoAKACgAoAKACgAoAKACgAoAKACgAoAKACgAoAKACgAoAKACgAoAKACgD//Z","timing":2642,"timestamp":8650055836098},{"data":"/9j/4AAQSkZJRgABAQAAAQABAAD/2wCEAAMCAgMCAgMDAwMEAwMEBQgFBQQEBQoHBwYIDAoMDAsKCwsNDhIQDQ4RDgsLEBYQERMUFRUVDA8XGBYUGBIUFRQBAwQEBQQFCQUFCRQNCw0UFBQUFBQUFBQUFBQUFBQUFBQUFBQUFBQUFBQUFBQUFBQUFBQUFBQUFBQUFBQUFBQUFP/AABEIANUAeAMBEQACEQEDEQH/xAGiAAABBQEBAQEBAQAAAAAAAAAAAQIDBAUGBwgJCgsQAAIBAwMCBAMFBQQEAAABfQECAwAEEQUSITFBBhNRYQcicRQygZGhCCNCscEVUtHwJDNicoIJChYXGBkaJSYnKCkqNDU2Nzg5OkNERUZHSElKU1RVVldYWVpjZGVmZ2hpanN0dXZ3eHl6g4SFhoeIiYqSk5SVlpeYmZqio6Slpqeoqaqys7S1tre4ubrCw8TFxsfIycrS09TV1tfY2drh4uPk5ebn6Onq8fLz9PX29/j5+gEAAwEBAQEBAQEBAQAAAAAAAAECAwQFBgcICQoLEQACAQIEBAMEBwUEBAABAncAAQIDEQQFITEGEkFRB2FxEyIygQgUQpGhscEJIzNS8BVictEKFiQ04SXxFxgZGiYnKCkqNTY3ODk6Q0RFRkdISUpTVFVWV1hZWmNkZWZnaGlqc3R1dnd4eXqCg4SFhoeIiYqSk5SVlpeYmZqio6Slpqeoqaqys7S1tre4ubrCw8TFxsfIycrS09TV1tfY2dri4+Tl5ufo6ery8/T19vf4+fr/2gAMAwEAAhEDEQA/AP1ToAKACgAoAKACgAoAKACgAoAKACgAoAKACgAoAKACgAoAKACgAoAKACgAoAKACgAoAKACgAoAKACgAoAKACgAoAKACgAoAKACgAoAKACgAoAKACgAoAKACgAoAKACgAoAKACgAoAKACgAoAKACgAoAKACgAoAKACgAoAKACgAoAKACgAoAKACgAoAKACgAoAKACgAoAKACgAoAKACgAoAKACgAoAKACgAoAKACgAoAKACgAoAKACgAoAKACgAoAKACgAoAKACgAoAKACgAoAKACgAoAKACgAoAKACgAoAKACgAoAKACgAoAKACgAoAKACgAoAKACgAoAKACgAoAKACgAoAKACgAoAKACgAoAKACgAoAKACgAoAKACgAoAKACgAoAKACgAoAKACgAoAKACgAoAKACgAoAKACgAoAKACgAoAKACgAoAKACgAoAKACgAoAKACgAoAKACgAoAKACgAoAKACgAoAKACgAoAKACgAoAKACgAoAKACgAoAKACgAoAKACgAoAKACgAoAKACgAoAKACgAoAKACgAoAKACgAoAKACgAoAKACgAoAKACgAoAKACgAoAKACgAoAKACgAoAKACgAoAKACgAoAKACgAoAKACgAoAKACgAoAKACgAoAKACgAoAKACgAoAKACgAoAKACgAoAKACgAoAKACgAoAKACgAoAKACgAoAKACgAoAKACgAoAKACgAoAKACgAoAKACgAoAKACgAoAKACgAoAKACgAoAKACgAoAKACgAoAKACgAoAKACgAoAKACgAoAKACgAoAKACgAoAKACgAoAKACgAoAKACgAoAKACgAoAKACgAoAKACgAoAKACgAoAKACgAoAKACgAoAKACgAoAKACgAoAKACgAoAKACgAoAKACgAoAKACgAoAKACgAoAKACgAoAKACgAoAKACgAoAKACgAoAKACgD//Z","timing":3303,"timestamp":8650056496698},{"data":"/9j/4AAQSkZJRgABAQAAAQABAAD/2wCEAAMCAgMCAgMDAwMEAwMEBQgFBQQEBQoHBwYIDAoMDAsKCwsNDhIQDQ4RDgsLEBYQERMUFRUVDA8XGBYUGBIUFRQBAwQEBQQFCQUFCRQNCw0UFBQUFBQUFBQUFBQUFBQUFBQUFBQUFBQUFBQUFBQUFBQUFBQUFBQUFBQUFBQUFBQUFP/AABEIANUAeAMBEQACEQEDEQH/xAGiAAABBQEBAQEBAQAAAAAAAAAAAQIDBAUGBwgJCgsQAAIBAwMCBAMFBQQEAAABfQECAwAEEQUSITFBBhNRYQcicRQygZGhCCNCscEVUtHwJDNicoIJChYXGBkaJSYnKCkqNDU2Nzg5OkNERUZHSElKU1RVVldYWVpjZGVmZ2hpanN0dXZ3eHl6g4SFhoeIiYqSk5SVlpeYmZqio6Slpqeoqaqys7S1tre4ubrCw8TFxsfIycrS09TV1tfY2drh4uPk5ebn6Onq8fLz9PX29/j5+gEAAwEBAQEBAQEBAQAAAAAAAAECAwQFBgcICQoLEQACAQIEBAMEBwUEBAABAncAAQIDEQQFITEGEkFRB2FxEyIygQgUQpGhscEJIzNS8BVictEKFiQ04SXxFxgZGiYnKCkqNTY3ODk6Q0RFRkdISUpTVFVWV1hZWmNkZWZnaGlqc3R1dnd4eXqCg4SFhoeIiYqSk5SVlpeYmZqio6Slpqeoqaqys7S1tre4ubrCw8TFxsfIycrS09TV1tfY2dri4+Tl5ufo6ery8/T19vf4+fr/2gAMAwEAAhEDEQA/AP1ToAKACgAoAKACgAoAKACgAoAKACgAoAKACgAoAKACgAoAKACgAoAKACgAoAKACgAoAKACgAoAKACgAoAKACgAoAKACgAoAKACgAoAKACgAoAKACgAoAKACgAoAKACgAoAKACgAoAKACgAoAKACgAoAKACgAoAKACgAoAKACgAoAKACgAoAKACgAoAKACgAoAKACgAoAKACgAoAKACgAoAKACgAoAKACgAoAKACgAoAKACgAoAKACgAoAKACgAoAKACgAoAKACgAoAKACgAoAKACgAoAKACgAoAKACgAoAKACgAoAKACgAoAKACgAoAKACgAoAKACgAoAKACgAoAKACgAoAKACgAoAKACgAoAKACgAoAKACgAoAKACgAoAKACgAoAKACgAoAKACgAoAKACgAoAKACgAoAKACgAoAKACgAoAKACgAoAKACgAoAKACgAoAKACgAoAKACgAoAKACgAoAKACgAoAKACgAoAKACgAoAKACgAoAKACgAoAKACgAoAKACgAoAKACgAoAKACgAoAKACgAoAKACgAoAKACgAoAKACgAoAKACgAoAKACgAoAKACgAoAKACgAoAKACgAoAKACgAoAKACgAoAKACgAoAKACgAoAKACgAoAKACgAoAKACgAoAKACgAoAKACgAoAKACgAoAKACgAoAKACgAoAKACgAoAKACgAoAKACgAoAKACgAoAKACgAoAKACgAoAKACgAoAKACgAoAKACgAoAKACgAoAKACgAoAKACgAoAKACgAoAKACgAoAKACgAoAKACgAoAKACgAoAKACgAoAKACgAoAKACgAoAKACgAoAKACgAoAKACgAoAKACgAoAKACgAoAKACgAoAKACgAoAKACgAoAKACgAoAKACgAoAKACgAoAKACgAoAKACgAoAKACgAoAKACgAoAKACgAoAKACgAoAKACgD//Z","timing":3964,"timestamp":8650057157298},{"data":"/9j/4AAQSkZJRgABAQAAAQABAAD/2wCEAAMCAgMCAgMDAwMEAwMEBQgFBQQEBQoHBwYIDAoMDAsKCwsNDhIQDQ4RDgsLEBYQERMUFRUVDA8XGBYUGBIUFRQBAwQEBQQFCQUFCRQNCw0UFBQUFBQUFBQUFBQUFBQUFBQUFBQUFBQUFBQUFBQUFBQUFBQUFBQUFBQUFBQUFBQUFP/AABEIANUAeAMBEQACEQEDEQH/xAGiAAABBQEBAQEBAQAAAAAAAAAAAQIDBAUGBwgJCgsQAAIBAwMCBAMFBQQEAAABfQECAwAEEQUSITFBBhNRYQcicRQygZGhCCNCscEVUtHwJDNicoIJChYXGBkaJSYnKCkqNDU2Nzg5OkNERUZHSElKU1RVVldYWVpjZGVmZ2hpanN0dXZ3eHl6g4SFhoeIiYqSk5SVlpeYmZqio6Slpqeoqaqys7S1tre4ubrCw8TFxsfIycrS09TV1tfY2drh4uPk5ebn6Onq8fLz9PX29/j5+gEAAwEBAQEBAQEBAQAAAAAAAAECAwQFBgcICQoLEQACAQIEBAMEBwUEBAABAncAAQIDEQQFITEGEkFRB2FxEyIygQgUQpGhscEJIzNS8BVictEKFiQ04SXxFxgZGiYnKCkqNTY3ODk6Q0RFRkdISUpTVFVWV1hZWmNkZWZnaGlqc3R1dnd4eXqCg4SFhoeIiYqSk5SVlpeYmZqio6Slpqeoqaqys7S1tre4ubrCw8TFxsfIycrS09TV1tfY2dri4+Tl5ufo6ery8/T19vf4+fr/2gAMAwEAAhEDEQA/AP0bk8LeMEuh9l8ZJFaC8SXyp9KjlcWyxQKYA+4cs8cz+YwYjz8Y+RSQDrtMt57TTrWG5unvriOJEkuXRUaVgoBcqoABJycAYGeKALVABQAUAFABQAUAFABQAUAFABQAUAFABQAUAFABQAUAFABQAUAFABQAUAFABQAUAFABQAUAFABQAUAFABQAUAFABQAUAFABQAUAFABQAUAFABQAUAFABQAUAFABQAUAFABQAUAFACZ5xQAZGcd6AFoAKACgAoAKACgAoAKACgAoAKACgAoA8AbVfiFqEGl3Wja9oL2kFwbHVBNfwzbbgSxCKFJAD+9kHyOrcgynbuOwgA7zwHq+q2WrXll4h1fTrqG7mCaTIs8azzPGji4hMSjG6MxliQxOTICsYQAgHftOoYr1cLu2jrj6daAATI2MMDkkZBHUHH8xQAi3CMMgjGCScg4x1H1oAZp9/b6rYW97ZzR3NpcRrLDPC4dJEYZVlYEgggggg4INAFigAoAKACgAoAKACgAoAKAOF1j4PeEvFt/omq6npZvL/RpvtGmXM0syyWT/ALrJjywKZMEeQMA/N2dsgDdG+B3grw9pVrYadoUFrHaQS29rOjN9ptY5FdXWG4z5sWRI4Gxxt3HbigB+ifBfwj4c059O03TGtdMa8hvxYLdTm3ininSeIxRlysSrJGjbEAU4AIIoAst8JfC5Piwpp8kLeKgo1d4LyeJ7jClRhlcGP5SR8hXrQBj3v7O/w+1O4vJ73w5BdyXieXcCeWWRJB9qN2cozlcm4YyFsZJOCSOKAO60PRrTw5oun6Tp8XkWFhbx2tvFuLbI0UKq5YknAAGSSaAL1ABQAUAFABQAUAFABQAUAFABQAUAFABQAUAFABQAUAFABQAUAFABQAUAJuoFfWwbqAuAOaBi0AFABQAUAFABQAUAFABQAUAFABQByaS6/f6Wk1hPZf6RCjQTzRO/UZDsoZCQwK/LwRzyeldj+rNt6nn2xe2hXv8A/hODph+xHRV1EeWy/aVlMX3Y/MU7efvGXB9FTI5JEr6u90waxS2aNfTU8Qf27eG9fTv7H2D7MsMb/aC2TkuSduMbcYHr0xgxP2XKuS9zal7fm/ebG7WB1BQAUARiZec4XHXJppNkOaWjYvmqDjIz9aLMHOK6jftCEkBlJXBIz0H+Qfyos+qDnjrZiC6jP8QHtmnyvsQqsHrckVg6gggg9xSasap31Q6kMKACgAoA8ttfEXirw3YQWVxYJKIFENuLKwe4Msa+UiFmMyBGJlAwQANrMSEBau14eLfuzT+Vv8zzFi3b3qbXzv8AohsvxI15bS9mi02/ma0PMI8OTK8yllCmPdcBTkMGwSCAGyBg1Twm3vrXzGsZ/wBO39x0XhvVvEuvSasJVt9LWyvXtI/tWmyD7Qqqh81D5/KEsQD329jkDmqU+TlfNe6vp0v09TrpVOe6tazsbX2XX/8AoJ6b/wCC6T/4/WJuH2XX/wDoJ6b/AOC6T/4/QAfZdf8A+gnpv/guk/8Aj9AFQ+EoL+++26wUvbuPasfl+ZHCoDBlYRF2UOCPv9ccdK2hVnCPKmc86EJy5mMPw80JnspPs03m2f8AqZftMvmAbGQqW3bmUhjlWJBOGIyAar6xU7kfVqbdyS08CaPY209rBahLSaaO4aDcxVXRlZNoJ+VVKKQq4A7Dml7ed076r9RrDxSa6MSz+H2h6ejLb2rxhoEtm/fOxaNCxVSSckDew57YHQACvrFS/Nfrf8v8hfVafLym9a20dnbxwRLtijUIi+gAwBXO227s6klFJIlpDCgAoAKAPM/CfijTLvw1p3k+HJb1Ft1jeeJrMozL8j8mYc70IIPIIwQDTuKxb1Txfomj6ebzUPDcllatJFCJLp7KJGeWTZGoZpwuXchQM5JYAZJpDLNxr9hYxNJP4RuoYYwS8kos1RADzkmbA6Z/H3oA0YJre4hjlTwnOUkUOvy2vQ9P+WtAD/3P/QpT/wDfNr/8doAP3P8A0KU//fNr/wDHaAKP9la5dyXUmmzjw9aSW/lRWr28RkimyT5wKl0YEbV2kZ4JyOjaxnTS1WpjUhU5vdlobPh6x1eyN6dV1CO/864aWARxeX5EZxti77sYzu4znoKU3F25VYdNSSfO7mxiszQWgYUAFABQAUAFAHlFp+zT4R022uYrCbWLJrkYmki1KQlwZzPINrEqA7vLnao+WaRV2hsUAbCfA7wrH4Qm8MLb3C6JK0Tm2S4ZCrRtuRlkUh1ZWCsGDAhlBB9QDF0f9l34faBYvZ6fpc9pbM2Qkd3KNn7qSH5fm+U7JXG4YP3TnKqQAep2lstpbRQKSyxoEBbqQBigCagAoAKACgAoAKACgAoAKACgAoA4A/G3w0YfFjRTS3M3hm9isL+CFA0hlkKqixrnMjMzbFjHzuw2qrFk3AGndfEK3hj1VYdNv7y80ydreexhWMTFgYTlCzhGBjuIpAA+SG243gpQBZ1PxvbaJLdpf2V/AsLxokkVubhZQyFt48rcUQbWUtKEAKnnBBIBneHvizofivWb7TNLTUJ7mxnS3uGl0+eGNHaKOTG90A3ASoGT76kNuUbSaAJbn4o6Lptle3eoLe2FvZTtDcyPZySpbgCNvMleIOkaFJo5NzlQqFi23Y+0Ap3Hxj0Ox8R6zpN7Ff2R0y4W0a5e1MkU8zRW8gSMx7juxd26gOFLtIFTcQcAG34e8d6N4o1C9stPmuHuLOaaCTz7KeBHaKQxy+W8iKsoVxtLRlgMjnkZAOgoAKACgAoAKACgAoAKAK8thbTxSRSQRvHIwZ1ZQQxGME+p4H5UAO+xwbg3kpkcg7Rx824/qAfrQA06fatIZDbxNISGLlASSBgEnuQCRn3oAclnBHKJEhRHC7Qyrg444+nA/IUALHawxMGSJFIzghQMZOT+ZA/KgBPscGxl8lNrDDDb14xz+HFADxEinIUA8849eTQA+gAoAKACgAoAKACgAoAKACgAoAKACgAoAKACgAoAKACgAoAKACgAoAKACgAoAKACgAoAKACgAoAKACgAoAKACgAoAKACgAoAKACgAoAKACgAoAKACgAoAKACgAoAKACgAoAKACgAoAKACgAoAKACgAoAKACgAoAKACgAoAKACgAoAKACgAoAKACgAoAKACgAoAKACgAoAKACgAoAKACgAoAKACgAoAKACgAoAKACgAoAKACgAoAKACgAoAKACgAoAKACgAoAKACgAoAKACgAoAKACgAoAKACgAoAKACgAoAKACgAoAKACgAoAKACgAoAKACgAoAKACgAoAKACgAoAKACgAoAKACgAoAKACgAoAKACgAoAKACgAoAKACgAoAKACgAoAKACgAoAKACgAoAKACgAoAKACgAoAKACgAoAKACgAoAKACgAoA//9k=","timing":4624,"timestamp":8.650057817898001E12},{"data":"/9j/4AAQSkZJRgABAQAAAQABAAD/2wCEAAMCAgMCAgMDAwMEAwMEBQgFBQQEBQoHBwYIDAoMDAsKCwsNDhIQDQ4RDgsLEBYQERMUFRUVDA8XGBYUGBIUFRQBAwQEBQQFCQUFCRQNCw0UFBQUFBQUFBQUFBQUFBQUFBQUFBQUFBQUFBQUFBQUFBQUFBQUFBQUFBQUFBQUFBQUFP/AABEIANUAeAMBEQACEQEDEQH/xAGiAAABBQEBAQEBAQAAAAAAAAAAAQIDBAUGBwgJCgsQAAIBAwMCBAMFBQQEAAABfQECAwAEEQUSITFBBhNRYQcicRQygZGhCCNCscEVUtHwJDNicoIJChYXGBkaJSYnKCkqNDU2Nzg5OkNERUZHSElKU1RVVldYWVpjZGVmZ2hpanN0dXZ3eHl6g4SFhoeIiYqSk5SVlpeYmZqio6Slpqeoqaqys7S1tre4ubrCw8TFxsfIycrS09TV1tfY2drh4uPk5ebn6Onq8fLz9PX29/j5+gEAAwEBAQEBAQEBAQAAAAAAAAECAwQFBgcICQoLEQACAQIEBAMEBwUEBAABAncAAQIDEQQFITEGEkFRB2FxEyIygQgUQpGhscEJIzNS8BVictEKFiQ04SXxFxgZGiYnKCkqNTY3ODk6Q0RFRkdISUpTVFVWV1hZWmNkZWZnaGlqc3R1dnd4eXqCg4SFhoeIiYqSk5SVlpeYmZqio6Slpqeoqaqys7S1tre4ubrCw8TFxsfIycrS09TV1tfY2dri4+Tl5ufo6ery8/T19vf4+fr/2gAMAwEAAhEDEQA/AP0bk8LeMEuh9l8ZJFaC8SXyp9KjlcWyxQKYA+4cs8cz+YwYjz8Y+RSQDrtMt57TTrWG5unvriOJEkuXRUaVgoBcqoABJycAYGeKALVABQAUAFABQAUAFABQAUAFABQAUAFABQAUAFABQAUAFABQAUAFABQAUAFABQAUAFABQAUAFABQAUAFABQAUAFABQAUAFABQAUAFABQAUAFABQAUAFABQAUAFABQAUAFABQAUAFACZ5xQAZGcd6AFoAKACgAoAKACgAoAKACgAoAKACgAoA8AbVfiFqEGl3Wja9oL2kFwbHVBNfwzbbgSxCKFJAD+9kHyOrcgynbuOwgA7zwHq+q2WrXll4h1fTrqG7mCaTIs8azzPGji4hMSjG6MxliQxOTICsYQAgHftOoYr1cLu2jrj6daAATI2MMDkkZBHUHH8xQAi3CMMgjGCScg4x1H1oAZp9/b6rYW97ZzR3NpcRrLDPC4dJEYZVlYEgggggg4INAFigAoAKACgAoAKACgAoAKAOF1j4PeEvFt/omq6npZvL/RpvtGmXM0syyWT/ALrJjywKZMEeQMA/N2dsgDdG+B3grw9pVrYadoUFrHaQS29rOjN9ptY5FdXWG4z5sWRI4Gxxt3HbigB+ifBfwj4c059O03TGtdMa8hvxYLdTm3ininSeIxRlysSrJGjbEAU4AIIoAst8JfC5Piwpp8kLeKgo1d4LyeJ7jClRhlcGP5SR8hXrQBj3v7O/w+1O4vJ73w5BdyXieXcCeWWRJB9qN2cozlcm4YyFsZJOCSOKAO60PRrTw5oun6Tp8XkWFhbx2tvFuLbI0UKq5YknAAGSSaAL1ABQAUAFABQAUAFABQAUAFABQAUAFABQAUAFABQAUAFABQAUAFABQAUAJuoFfWwbqAuAOaBi0AFABQAUAFABQAUAFABQAUAFABQByaS6/f6Wk1hPZf6RCjQTzRO/UZDsoZCQwK/LwRzyeldj+rNt6nn2xe2hXv8A/hODph+xHRV1EeWy/aVlMX3Y/MU7efvGXB9FTI5JEr6u90waxS2aNfTU8Qf27eG9fTv7H2D7MsMb/aC2TkuSduMbcYHr0xgxP2XKuS9zal7fm/ebG7WB1BQAUARiZec4XHXJppNkOaWjYvmqDjIz9aLMHOK6jftCEkBlJXBIz0H+Qfyos+qDnjrZiC6jP8QHtmnyvsQqsHrckVg6gggg9xSasap31Q6kMKACgAoA8ttfEXirw3YQWVxYJKIFENuLKwe4Msa+UiFmMyBGJlAwQANrMSEBau14eLfuzT+Vv8zzFi3b3qbXzv8AohsvxI15bS9mi02/ma0PMI8OTK8yllCmPdcBTkMGwSCAGyBg1Twm3vrXzGsZ/wBO39x0XhvVvEuvSasJVt9LWyvXtI/tWmyD7Qqqh81D5/KEsQD329jkDmqU+TlfNe6vp0v09TrpVOe6tazsbX2XX/8AoJ6b/wCC6T/4/WJuH2XX/wDoJ6b/AOC6T/4/QAfZdf8A+gnpv/guk/8Aj9AFQ+EoL+++26wUvbuPasfl+ZHCoDBlYRF2UOCPv9ccdK2hVnCPKmc86EJy5mMPw80JnspPs03m2f8AqZftMvmAbGQqW3bmUhjlWJBOGIyAar6xU7kfVqbdyS08CaPY209rBahLSaaO4aDcxVXRlZNoJ+VVKKQq4A7Dml7ed076r9RrDxSa6MSz+H2h6ejLb2rxhoEtm/fOxaNCxVSSckDew57YHQACvrFS/Nfrf8v8hfVafLym9a20dnbxwRLtijUIi+gAwBXO227s6klFJIlpDCgAoAKAPM/CfijTLvw1p3k+HJb1Ft1jeeJrMozL8j8mYc70IIPIIwQDTuKxb1Txfomj6ebzUPDcllatJFCJLp7KJGeWTZGoZpwuXchQM5JYAZJpDLNxr9hYxNJP4RuoYYwS8kos1RADzkmbA6Z/H3oA0YJre4hjlTwnOUkUOvy2vQ9P+WtAD/3P/QpT/wDfNr/8doAP3P8A0KU//fNr/wDHaAKP9la5dyXUmmzjw9aSW/lRWr28RkimyT5wKl0YEbV2kZ4JyOjaxnTS1WpjUhU5vdlobPh6x1eyN6dV1CO/864aWARxeX5EZxti77sYzu4znoKU3F25VYdNSSfO7mxiszQWgYUAFABQAUAFAHlFp+zT4R022uYrCbWLJrkYmki1KQlwZzPINrEqA7vLnao+WaRV2hsUAbCfA7wrH4Qm8MLb3C6JK0Tm2S4ZCrRtuRlkUh1ZWCsGDAhlBB9QDF0f9l34faBYvZ6fpc9pbM2Qkd3KNn7qSH5fm+U7JXG4YP3TnKqQAep2lstpbRQKSyxoEBbqQBigCagAoAKACgAoAKACgAoAKACgAoA4A/G3w0YfFjRTS3M3hm9isL+CFA0hlkKqixrnMjMzbFjHzuw2qrFk3AGndfEK3hj1VYdNv7y80ydreexhWMTFgYTlCzhGBjuIpAA+SG243gpQBZ1PxvbaJLdpf2V/AsLxokkVubhZQyFt48rcUQbWUtKEAKnnBBIBneHvizofivWb7TNLTUJ7mxnS3uGl0+eGNHaKOTG90A3ASoGT76kNuUbSaAJbn4o6Lptle3eoLe2FvZTtDcyPZySpbgCNvMleIOkaFJo5NzlQqFi23Y+0Ap3Hxj0Ox8R6zpN7Ff2R0y4W0a5e1MkU8zRW8gSMx7juxd26gOFLtIFTcQcAG34e8d6N4o1C9stPmuHuLOaaCTz7KeBHaKQxy+W8iKsoVxtLRlgMjnkZAOgoAKACgAoAKACgAoAKAK8thbTxSRSQRvHIwZ1ZQQxGME+p4H5UAO+xwbg3kpkcg7Rx824/qAfrQA06fatIZDbxNISGLlASSBgEnuQCRn3oAclnBHKJEhRHC7Qyrg444+nA/IUALHawxMGSJFIzghQMZOT+ZA/KgBPscGxl8lNrDDDb14xz+HFADxEinIUA8849eTQA+gAoAKACgAoAKACgAoAKACgAoAKACgAoAKACgAoAKACgAoAKACgAoAKACgAoAKACgAoAKACgAoAKACgAoAKACgAoAKACgAoAKACgAoAKACgAoAKACgAoAKACgAoAKACgAoAKACgAoAKACgAoAKACgAoAKACgAoAKACgAoAKACgAoAKACgAoAKACgAoAKACgAoAKACgAoAKACgAoAKACgAoAKACgAoAKACgAoAKACgAoAKACgAoAKACgAoAKACgAoAKACgAoAKACgAoAKACgAoAKACgAoAKACgAoAKACgAoAKACgAoAKACgAoAKACgAoAKACgAoAKACgAoAKACgAoAKACgAoAKACgAoAKACgAoAKACgAoAKACgAoAKACgAoAKACgAoAKACgAoAKACgAoAKACgAoAKACgAoAKACgAoAKACgAoAKACgAoA//9k=","timing":5285,"timestamp":8.650058478497999E12},{"data":"/9j/4AAQSkZJRgABAQAAAQABAAD/2wCEAAMCAgMCAgMDAwMEAwMEBQgFBQQEBQoHBwYIDAoMDAsKCwsNDhIQDQ4RDgsLEBYQERMUFRUVDA8XGBYUGBIUFRQBAwQEBQQFCQUFCRQNCw0UFBQUFBQUFBQUFBQUFBQUFBQUFBQUFBQUFBQUFBQUFBQUFBQUFBQUFBQUFBQUFBQUFP/AABEIANUAeAMBEQACEQEDEQH/xAGiAAABBQEBAQEBAQAAAAAAAAAAAQIDBAUGBwgJCgsQAAIBAwMCBAMFBQQEAAABfQECAwAEEQUSITFBBhNRYQcicRQygZGhCCNCscEVUtHwJDNicoIJChYXGBkaJSYnKCkqNDU2Nzg5OkNERUZHSElKU1RVVldYWVpjZGVmZ2hpanN0dXZ3eHl6g4SFhoeIiYqSk5SVlpeYmZqio6Slpqeoqaqys7S1tre4ubrCw8TFxsfIycrS09TV1tfY2drh4uPk5ebn6Onq8fLz9PX29/j5+gEAAwEBAQEBAQEBAQAAAAAAAAECAwQFBgcICQoLEQACAQIEBAMEBwUEBAABAncAAQIDEQQFITEGEkFRB2FxEyIygQgUQpGhscEJIzNS8BVictEKFiQ04SXxFxgZGiYnKCkqNTY3ODk6Q0RFRkdISUpTVFVWV1hZWmNkZWZnaGlqc3R1dnd4eXqCg4SFhoeIiYqSk5SVlpeYmZqio6Slpqeoqaqys7S1tre4ubrCw8TFxsfIycrS09TV1tfY2dri4+Tl5ufo6ery8/T19vf4+fr/2gAMAwEAAhEDEQA/APh3wzoB168ZWcxwRAF2HXnoB78H8qANnXvA0dlYvc2csjmIFnWUg5XuRgDpQBxtABQAUAFABQAUAFABQAUAFAGhoWktrWpR2ytsXBZ3xnaB/kD8aAOp1TwFBFYSSWs8pmjUttkwQ2BnAwOKAOGoA6Hwfr8WiXcq3CnyJsbpF5KEZxx6c0AbviDxnYy6dNBaMbh5kMZ+UqFBGCeQKAOCOSaADFABigAxQAYoAMUAGKADFABigAxQBreGNXTRdVSaVS0LKUfHUA9x+VAHX6n4205bKYW7tPMylVQIwwSO5IH6UAecgYAoA3vsEH/PMUAH2CD/AJ5igA+wQf8APMUAH2CD/nmKAD7BB/zzFAB9gg/55igA+wQf88xQAfYIP+eYoAPsEH/PMUAH2CD/AJ5igA+wQf8APMUAH2CD/nmKAD7BB/zzFAB9gg/55igA+wQf88xQBYoAKACgAoAKACgAoAKACgAoAKACgAoAKACgAoAKACgAoAKACgAoAKACgAoAKACgAoAKACgAoAKACgAoAKACgAoAKACgAoAKACgAoAKACgAoAKACgAoAKACgAoAKACgAoAKACgAoAKACgAoAKACgAoAKACgAoAKACgAoAKACgAoAKACgAoAKACgAoAKACgAoAKACgAoAKACgAoAKACgAoAKACgAoAKACgAoAKACgAoAKACgAoAKACgAoAKACgAoAKACgAoAKACgAoAKACgAoAKACgBUKh13DK55A9KAOjNh4P7a7rZ/7gsP/AMl0AH2Dwh/0HNb/APBND/8AJdAB9g8If9BzW/8AwTQ//JdAB9g8If8AQc1v/wAE0P8A8l0AH2Dwh/0HNb/8E0P/AMl0AH2Dwh/0HNb/APBND/8AJdAB9g8If9BzW/8AwTQ//JdAB9g8If8AQc1v/wAE0P8A8l0AH2Dwh/0HNb/8E0P/AMl0AH2Dwh/0HNb/APBND/8AJdAB9g8If9BzW/8AwTQ//JdAB9g8If8AQc1v/wAE0P8A8l0AAsPB/fXNb/8ABND/APJdAGDerbrdyraSSS2wYiOSaMRu69iyhmCk9cBjj1NAENABQAUAFABQAUAFABQAUAFABQAUAFABQAUAFABQAUAFABQAUAFABQAUAFABQAUAFABQAUAIeQe1ACfN7UAGG9qADDe1ABhvagAw3tQAYb2oAMN7UAGG9qADDe1ABhvagAw3tQAYb2oAPm9qAFGcc9aAFoA3tM8PW1/YQzvJMjODkIwx1PtQBa/4RO0/57XH/fS//E0AH/CJ2n/Pa4/76X/4mgDI1rTI9MljSF3bepJMmCf0AoA1z4TtP+es4+jLj+VAB/widp/z2uP++l/+JoAP+ETtP+e1x/30v/xNAHP6narY38tujMyJjBY88gH+tAFegAoAKACgAoAKACgDd0nxFb2NhFBJDMXTOSgXHX60AW/+EttP+eFz+S/40AH/AAltp/zwufyX/GgDH1zVI9TljeFHQKpGJAOv4GgDYHi20xzBcZ74C/40AH/CW2n/ADwufyX/ABoAP+EttP8Anhc/kv8AjQBgandJfahLcRqyo+MB8Z6Af0oArUAFABQAUAFABQAUAFABmgAzQAUAFABmgAzQAUAFABQAUAFABQAUAFABQAUAFABQAUAFABQAUAFABQAUAFABQAUAFABQAUAFABQAUAFABQAUAFABQAUAFABQAUAFABQAUAFABQAUAFABQAUAFABQAUAFABQAUAFABQAUAFABQAUAFABQAUAFABQAUAFABQAUAFABQAUAFABQAUAFABQAUAFABQAUAFABQAUAFABQAUAFABQAUAFABQAUAFABQAUAFABQAUAFABQAUAFABQAUAFABQAUAFABQAUAFABQAUAZP9sv/AM8l/OgA/tl/+eS/nQAf2y//ADyX86AD+2X/AOeS/nQAf2y//PJfzoAP7Zf/AJ5L+dAB/bL/APPJfzoAP7Zf/nkv50AH9sv/AM8l/OgA/tl/+eS/nQAf2y//ADyX86AD+2X/AOeS/nQAf2y//PJfzoAP7Zf/AJ5L+dAB/bL/APPJfzoAz6ACgAoAKACgAoAKACgAoAKACgAoAKACgAoA/wD/2Q==","timing":5945,"timestamp":8650059139098},{"data":"/9j/4AAQSkZJRgABAQAAAQABAAD/2wCEAAMCAgMCAgMDAwMEAwMEBQgFBQQEBQoHBwYIDAoMDAsKCwsNDhIQDQ4RDgsLEBYQERMUFRUVDA8XGBYUGBIUFRQBAwQEBQQFCQUFCRQNCw0UFBQUFBQUFBQUFBQUFBQUFBQUFBQUFBQUFBQUFBQUFBQUFBQUFBQUFBQUFBQUFBQUFP/AABEIANUAeAMBEQACEQEDEQH/xAGiAAABBQEBAQEBAQAAAAAAAAAAAQIDBAUGBwgJCgsQAAIBAwMCBAMFBQQEAAABfQECAwAEEQUSITFBBhNRYQcicRQygZGhCCNCscEVUtHwJDNicoIJChYXGBkaJSYnKCkqNDU2Nzg5OkNERUZHSElKU1RVVldYWVpjZGVmZ2hpanN0dXZ3eHl6g4SFhoeIiYqSk5SVlpeYmZqio6Slpqeoqaqys7S1tre4ubrCw8TFxsfIycrS09TV1tfY2drh4uPk5ebn6Onq8fLz9PX29/j5+gEAAwEBAQEBAQEBAQAAAAAAAAECAwQFBgcICQoLEQACAQIEBAMEBwUEBAABAncAAQIDEQQFITEGEkFRB2FxEyIygQgUQpGhscEJIzNS8BVictEKFiQ04SXxFxgZGiYnKCkqNTY3ODk6Q0RFRkdISUpTVFVWV1hZWmNkZWZnaGlqc3R1dnd4eXqCg4SFhoeIiYqSk5SVlpeYmZqio6Slpqeoqaqys7S1tre4ubrCw8TFxsfIycrS09TV1tfY2dri4+Tl5ufo6ery8/T19vf4+fr/2gAMAwEAAhEDEQA/APgL9KAL2qaDqeiLE1/p1zZpI5jDTRkDdgnGemcAn8KAKNABQB0Wm/DzxFrPh2PW9P0m4v8AT5Ls2KNagSuZgYQV8tSXAzcQKGK7S0qKCWOKAJYvhh4sn0e41WPQL19Pt7Sa+lnEfypDFOlvKx7/ACSyIrDqu9SRg5oArSeAPE0M1rG2gah5l3dy2FtEsDGWW5iVDNCIwN29PNjyMZG6gCa1+G3iq+0zT9QtfDup3dpqBuPsr29q0hmEG3zmCqCdq7wC2MZDDOVbABn3/hbWNLsftl3pd5b2vmPC07wkIkisUaNz/C4YYKnB6eooAuz/AA68V215NaTeGNZiuoXijlgfT5Q8bSttiVlK5BcghQfvEYGaAII/BeuM92j6VdW72v2gSi5j8na0ADTp8+PnQMpZRyMjI5FAGLQAUAFABQAY9qAOq8VfFDxZ4206Kw13X9Q1SzilEyQXVw8iK4DAEBiccO350Acrg0AGDQB2+g/FnVvD3glvCsFlYTaVNePcXYmSQveRO1q72shDjETPZW7ZQLICnDgHFAHQW37Sfiyy0DUdHt4rGO21Bt93IwmkmmZLtry3YyPKx3QzvI6kcvvIlMoAAAOWuPiTf3njCPXrmw0+5iitWsYNIlRzZQWxthbCJF37xiMLiTf5hZd5csSxAOt+I/7TPi34nnVX1O3021m1OSWW6lsI5Y2cubcADMh2hI7S3iXbj5Y8tudmdgClrn7QXibxB4X1jQbm300WWqtdNcOkLiTM95a3bkEuRkSWcYGQflZ85JDAA6zxP+194g1vx/ceJ7Hw3oembdW/tSwtnjkme1H9pHUWieXepmDz7WfcMDB8oQh2UgHAt8ZvEMvhqx0OUW0lpZ6fLpkbFXUm3cSbVYBgrMjXF0yuV3A3EgJK7VUA4PHtQAYNABg0AGKAN46bATnyxQAn9mwf881oAP7Ng/55rQAf2bB/zzWgA/s2D/nmtAB/ZsH/ADzWgA/s2D/nmtAB/ZsH/PNaAD+zYP8AnmtAB/ZsH/PNaAD+zYP+ea0AH9mwf881oAP7Ng/55rQAf2bB/wA81oABptvn/VigC3QAUAFABQAUAFABQAUAFABQAUAFABQAUAFABQAUAFABQAUAFABQAUAFABQAUAFABQAUAFABQAUAFABQAUAFABQAUAFABQAUAFABQAUAFABQAUAFABQAUAFABQAUAFABQAUAFABQAUAFABQAUAFABQAUAFABQAUAFABQAUAFABQAUAFABQAUAFABQAUAFABQAUAFABQAUAFABQAUAFABQAUAFABQAUAFABQAUAFABQAUAFABQAUAFABQAUAFABQAUAFABQAUAFABQAUAFABQAUAFABQAUAFAHW6N8L9b8Q6XDeaatveNKkbpapMBMwaS4T5VONxBtpCQpJwQcYDFQCppvgHWNYeySyhjuJbyc20EYlCs8oUMV+bG35WQ5OANwyRzgAYngq9+0xRzz2lpC00kMlzNNiOEoQHLkAkAZzwDnHGTgEAwCMGgAoAKACgDU8K+Hrjxb4m0nQ7R4orrUruKzieYkIryOFUsQCcZIzgE47GgDuvif8DLr4c6BBrcOrwaxpT6hNpUkiqsciXMTOG+VXcFG8tipyGxjcq5FAHmNABQAUAFABQAUATwtahcyxTSOepWYKPy2n+dAD/Msf8An3uP/Ahf/iKADzLH/n3uP/Ahf/iKADzLH/n3uP8AwIX/AOIoAPMsf+fe4/8AAhf/AIigA8yx/wCfe4/8CF/+IoAPMsf+fe4/8CF/+IoAmtL+3sLuG5tkvLe4gdZYpoboI6OpyrKwTIIIBBFAGn4i8a3XilIV1BppFhLvHFGYoYhI2N8hSOJVLsQu5iNzYGScUAc5QAUAFABQAUAFABQAUAFABQAUAFABQAenvxQAgORxQAtABQAUAFABQAUAdhCvg+78LW0LyyWuuJbXEsk4Emxpcv5MR4cNnEZ4WNVG/LsWAQAs6rpHgRrCVtO128+2h5GhUxGSJkDvsVsqpy0YjIZSRuZgwTAJALkdr8PNOs724D3es3cUcEkVkbmRFmY3Q82NX+zIUIgQ/M4x+9OASnIB51QAUAFABQBseDNJtdf8YaHpd7ObWyvr6C2nnVgDHG8iqzZPHAJPPFAHr/7Unwx8JfD+Xw5ceFndBem6intWuIphGsbr5bAx9ismAWyzBAW+ctkA8IoAKACgAoAKACgBSzMqjJAHpQAmG9W/M0AGG9W/M0AByO7fmaADk92/M0AGG9W/M0AGG9W/M0AHI7t+ZoAQ5P8AE3fv7UALQAUAFABQAUAFAFDVbqS2EflttyTnigDW8OeC/FXi5NLbSLQ3f9o3j2FuPNiTzJlMClBuYYJa6gAJwCXGCcHABpN8KPHiWqzyaUyJ5d/MxM8R2pZLuuSQGJGza4PrgYyeKAOPsb+ea6jR3ypzkYHoaAJtUupbeSMRvtBBzwKAN9PAHi19B0fVzbxxWGsru06aa5hjFwfPe3wNzDpLGynOAuULEB1JAMzWND13QnmS8UQywxJM6M8ZOxmwCMMc9VOByM84oAoadezT3G133Lg9qANSgAoAKACgAoAKACgClqVm92E2Y+XPU0APs73XtP06TT7XVbq30+R2le0iuXWF3MbRsxQHBJjd0JI5ViOhIoAfJqfiGZUWTWL2QJG0KbrqQ7EaIQsq88AxKsZA/gAXpxQBRs9OlguUdiu0Z6H2NAE2pWUl06FCvygg5NAF7T9f8U6RYTWNj4g1Kysprc2kttbX0scckBZ2MTKCAULSSHaeMuxx8xyAQapqPiDXM/2lq13qJIYZu7l5eDI0jD5ieC7s59WYnqc0AVbCwltp97lcYI4NAGlQAUAFABQAUAFABQAUAFABQAUAFABQAUAFABQAUAFABQAUAFABQAUAFABQAUAFABQAUAFABQAUAFABQAUAFABQAUAFABQAUAFABQAUAFABQAUAFABQAUAFABQAUAFABQAUAFABQAUAFABQAUAFABQAUAFABQAUAFABQAUAFABQAUAFABQAUAFABQAUAFABQAUAFABQAUAFABQAUAFABQAUAFABQAUAFABQAUAFABQAUAFABQAUAFABQAUAFABQBFDaa3cXNvbxaLeS3FyI2ghjt3Z5Q5AQqoGWDEgDHXNAFjU9E8SaLIkeo+HtQsJHhFwsd1aSRsYi/liQBgDtL/ID03AjrxQBWlttZhurm1k0e7S6tTKJ4DA4kiMYcy7lxkbBHJuz02NnGDQA6Wx12GJpX0O9WJYUuGkNtJtETSCNZM4xtLsEDdCxA6mgCiNQuiHP2U/IcNwfl4J5/AE/QZoAWe+u7YZltGjGSMspAyCQf1Vh9QfSgCH+2n/55r+dAB/bT/8APNfzoAP7af8A55r+dAB/bT/881/OgA/tp/8Anmv50AH9tP8A881/OgA/tp/+ea/nQAf20/8AzzX86AD+2n/55r+dAF+/+Imv6lq0d9e3cV9e26RwJcXNpDI4WMoyHJT7w2Iu7qUXYSU+WgB2r+Pdc1e2s9PvrxLm1stscKG3iXaBLcTAAqoOPMup2I6HeBjCoFAIbTxrrGnzWuoW935UpEsUSiJNsSyIUcBdu0ArxhQAO3ODQBpW3xS8WDUpb9dalN49pLpyyyRI/k28iMjRxKVxCu2RwBGF2hjt25oAp6L8UPEWm395c298DcXlvBaXLXMMc4mhtzFJDGyupBANvEMEEEAhgQSCAUb/AMQ6neacdOuLrzbMXb3Rj2KMzFVVnzjPIA4zjj1NAGXQAUAFABQAUAFABQAUAFAH/9k=","timing":6606,"timestamp":8650059799698}]}},"score":100,"weight":0,"id":"screenshot-thumbnails"},{"result":{"displayValue":"2,800 ms","score":true,"helpText":"Consider reducing the time spent parsing, compiling and executing JS.You may find delivering smaller JS payloads helps with this.","rawValue":2799.5130100250244,"extendedInfo":{"value":{"Update Layer Tree":108.97500228881836,"Layout":432.32500076293945,"Recalculate Style":503.69400215148926,"Evaluate Script":1296.8040027618408,"Animation Frame Fired":8.261001586914062,"Minor GC":82.69900131225586,"Run Microtasks":63.02199935913086,"Parse HTML":62.446001052856445,"Paint":41.383995056152344,"Compile Script":44.90999984741211,"Composite Layers":77.99400329589844,"Parse Stylesheet":76.9990005493164}},"name":"mainthread-work-breakdown","description":"Main thread work breakdown","scoringMode":"binary","informative":true,"details":{"itemHeaders":[{"itemType":"text","text":"Category","type":"text"},{"itemType":"text","text":"Work","type":"text"},{"itemType":"text","text":"Time spent","type":"text"}],"header":"View Details","type":"table","items":[[{"text":"Script Evaluation","type":"text"},{"text":"Evaluate Script","type":"text"},{"text":"1,297 ms","type":"text"}],[{"text":"Script Evaluation","type":"text"},{"text":"Run Microtasks","type":"text"},{"text":"63 ms","type":"text"}],[{"text":"Script Evaluation","type":"text"},{"text":"Animation Frame Fired","type":"text"},{"text":"8 ms","type":"text"}],[{"text":"Style & Layout","type":"text"},{"text":"Recalculate Style","type":"text"},{"text":"504 ms","type":"text"}],[{"text":"Style & Layout","type":"text"},{"text":"Layout","type":"text"},{"text":"432 ms","type":"text"}],[{"text":"Compositing","type":"text"},{"text":"Update Layer Tree","type":"text"},{"text":"109 ms","type":"text"}],[{"text":"Compositing","type":"text"},{"text":"Composite Layers","type":"text"},{"text":"78 ms","type":"text"}],[{"text":"Parsing HTML & CSS","type":"text"},{"text":"Parse Stylesheet","type":"text"},{"text":"77 ms","type":"text"}],[{"text":"Parsing HTML & CSS","type":"text"},{"text":"Parse HTML","type":"text"},{"text":"62 ms","type":"text"}],[{"text":"Garbage collection","type":"text"},{"text":"Minor GC","type":"text"},{"text":"83 ms","type":"text"}],[{"text":"Script Parsing & Compile","type":"text"},{"text":"Compile Script","type":"text"},{"text":"45 ms","type":"text"}],[{"text":"Paint","type":"text"},{"text":"Paint","type":"text"},{"text":"41 ms","type":"text"}]]}},"score":100,"weight":0,"id":"mainthread-work-breakdown","group":"perf-info"},{"result":{"displayValue":"","score":false,"helpText":"Leverage the font-display CSS feature to ensure text is user-visible while webfonts are loading. [Learn more](https://developers.google.com/web/updates/2016/02/font-display).","rawValue":false,"name":"font-display","description":"Avoid invisible text while webfonts are loading","scoringMode":"binary","details":{"itemHeaders":[{"itemType":"url","text":"Font URL","type":"text"},{"itemType":"text","text":"Font download time","type":"text"}],"header":"View Details","type":"table","items":[[{"text":"https://fonts.gstatic.com/s/roboto/v18/KFOmCnqEu92Fr1Mu4mxK.woff2","type":"url"},{"text":"884 ms","type":"text"}],[{"text":"https://fonts.gstatic.com/s/materialicons/v37/flUhRq6tzZclQEJ-Vdg-IuiaDsNc.woff2","type":"url"},{"text":"1,066 ms","type":"text"}],[{"text":"https://fonts.gstatic.com/s/roboto/v18/KFOlCnqEu92Fr1MmEU9fBBc4.woff2","type":"url"},{"text":"875 ms","type":"text"}]]}},"score":0,"weight":0,"id":"font-display","group":"perf-info"}]},{"score":30,"name":"Progressive Web App","weight":1,"description":"These checks validate the aspects of a Progressive Web App, as specified by the baseline [PWA Checklist](https://developers.google.com/web/progressive-web-apps/checklist).","id":"pwa","audits":[{"result":{"displayValue":"","score":false,"helpText":"The service worker is the technology that enables your app to use many Progressive Web App features, such as offline, add to homescreen, and push notifications. [Learn more](https://developers.google.com/web/tools/lighthouse/audits/registered-service-worker).","rawValue":false,"name":"service-worker","description":"Does not register a service worker","scoringMode":"binary"},"score":0,"weight":1,"id":"service-worker"},{"result":{"displayValue":"","score":false,"helpText":"If you're building a Progressive Web App, consider using a service worker so that your app can work offline. [Learn more](https://developers.google.com/web/tools/lighthouse/audits/http-200-when-offline).","rawValue":false,"name":"works-offline","description":"Does not respond with a 200 when offline","scoringMode":"binary"},"score":0,"weight":1,"id":"works-offline"},{"result":{"displayValue":"","score":false,"debugString":"The page body should render some content if its scripts are not available.","helpText":"Your app should display some content when JavaScript is disabled, even if it's just a warning to the user that JavaScript is required to use the app. [Learn more](https://developers.google.com/web/tools/lighthouse/audits/no-js).","rawValue":false,"name":"without-javascript","description":"Does not provide fallback content when JavaScript is not available","scoringMode":"binary"},"score":0,"weight":1,"id":"without-javascript"},{"result":{"displayValue":"","score":false,"helpText":"If you've already set up HTTPS, make sure that you redirect all HTTP traffic to HTTPS. [Learn more](https://developers.google.com/web/tools/lighthouse/audits/http-redirects-to-https).","rawValue":false,"name":"redirects-http","description":"Does not redirect HTTP traffic to HTTPS","scoringMode":"binary"},"score":0,"weight":1,"id":"redirects-http"},{"result":{"displayValue":"","score":true,"helpText":"A fast page load over a 3G network ensures a good mobile user experience. [Learn more](https://developers.google.com/web/tools/lighthouse/audits/fast-3g).","rawValue":true,"extendedInfo":{"value":{"isFast":true,"timeToFirstInteractive":6460.149,"firstRequestLatencies":[{"latency":"566.29","url":"http://web/"},{"latency":"579.72","url":"https://cdnjs.cloudflare.com/ajax/libs/Chart.js/2.7.1/Chart.min.js"},{"latency":"571.48","url":"https://unpkg.com/vue-chartjs/dist/vue-chartjs.min.js"},{"latency":"578.93","url":"https://fonts.gstatic.com/s/roboto/v18/KFOmCnqEu92Fr1Mu4mxK.woff2"}],"areLatenciesAll3G":true}},"name":"load-fast-enough-for-pwa","description":"Page load is fast enough on 3G","scoringMode":"binary"},"score":100,"weight":1,"id":"load-fast-enough-for-pwa"},{"result":{"displayValue":"","score":false,"debugString":"Failures: No manifest was fetched, Site does not register a service worker, Service worker does not successfully serve the manifest's start_url, No usable web app manifest found on page.","helpText":"Browsers can proactively prompt users to add your app to their homescreen, which can lead to higher engagement. [Learn more](https://developers.google.com/web/tools/lighthouse/audits/install-prompt).","rawValue":false,"extendedInfo":{"value":{"failures":["No manifest was fetched","Site does not register a service worker","Service worker does not successfully serve the manifest's start_url","No usable web app manifest found on page"],"warnings":["No usable web app manifest found on page"],"manifestValues":{"parseFailureReason":"No manifest was fetched","allChecks":[],"isParseFailure":true}}},"name":"webapp-install-banner","description":"User will not be prompted to Install the Web App","scoringMode":"binary"},"score":0,"weight":1,"id":"webapp-install-banner"},{"result":{"displayValue":"","score":false,"debugString":"Failures: No manifest was fetched.","helpText":"A themed splash screen ensures a high-quality experience when users launch your app from their homescreens. [Learn more](https://developers.google.com/web/tools/lighthouse/audits/custom-splash-screen).","rawValue":false,"extendedInfo":{"value":{"failures":["No manifest was fetched"],"manifestValues":{"parseFailureReason":"No manifest was fetched","allChecks":[],"isParseFailure":true}}},"name":"splash-screen","description":"Is not configured for a custom splash screen","scoringMode":"binary"},"score":0,"weight":1,"id":"splash-screen"},{"result":{"displayValue":"","score":false,"debugString":"Failures: No manifest was fetched, No `<meta name=\"theme-color\">` tag found.","helpText":"The browser address bar can be themed to match your site. [Learn more](https://developers.google.com/web/tools/lighthouse/audits/address-bar).","rawValue":false,"extendedInfo":{"value":{"failures":["No manifest was fetched","No `<meta name=\"theme-color\">` tag found"],"themeColor":null,"manifestValues":{"parseFailureReason":"No manifest was fetched","allChecks":[],"isParseFailure":true}}},"name":"themed-omnibox","description":"Address bar does not match brand colors","scoringMode":"binary"},"score":0,"weight":1,"id":"themed-omnibox"},{"result":{"displayValue":"","score":true,"debugString":"","helpText":"Add a viewport meta tag to optimize your app for mobile screens. [Learn more](https://developers.google.com/web/tools/lighthouse/audits/has-viewport-meta-tag).","rawValue":true,"name":"viewport","description":"Has a `<meta name=\"viewport\">` tag with `width` or `initial-scale`","scoringMode":"binary"},"score":100,"weight":1,"id":"viewport"},{"result":{"displayValue":"","score":true,"debugString":"","helpText":"If the width of your app's content doesn't match the width of the viewport, your app might not be optimized for mobile screens. [Learn more](https://developers.google.com/web/tools/lighthouse/audits/content-sized-correctly-for-viewport).","rawValue":true,"name":"content-width","description":"Content is sized correctly for the viewport","scoringMode":"binary"},"score":100,"weight":1,"id":"content-width"},{"result":{"displayValue":"","score":false,"helpText":"To reach the most number of users, sites should work across every major browser. [Learn more](https://developers.google.com/web/progressive-web-apps/checklist#site-works-cross-browser).","rawValue":false,"name":"pwa-cross-browser","description":"Site works cross-browser","scoringMode":"binary","informative":true,"manual":true},"score":0,"weight":0,"id":"pwa-cross-browser","group":"manual-pwa-checks"},{"result":{"displayValue":"","score":false,"helpText":"Transitions should feel snappy as you tap around, even on a slow network, a key to perceived performance. [Learn more](https://developers.google.com/web/progressive-web-apps/checklist#page-transitions-dont-feel-like-they-block-on-the-network).","rawValue":false,"name":"pwa-page-transitions","description":"Page transitions don't feel like they block on the network","scoringMode":"binary","informative":true,"manual":true},"score":0,"weight":0,"id":"pwa-page-transitions","group":"manual-pwa-checks"},{"result":{"displayValue":"","score":false,"helpText":"Ensure individual pages are deep linkable via the URLs and that URLs are unique for the purpose of shareability on social media. [Learn more](https://developers.google.com/web/progressive-web-apps/checklist#each-page-has-a-url).","rawValue":false,"name":"pwa-each-page-has-url","description":"Each page has a URL","scoringMode":"binary","informative":true,"manual":true},"score":0,"weight":0,"id":"pwa-each-page-has-url","group":"manual-pwa-checks"}]},{"score":76.71232876712328,"name":"Accessibility","description":"These checks highlight opportunities to [improve the accessibility of your web app](https://developers.google.com/web/fundamentals/accessibility). Only a subset of accessibility issues can be automatically detected so manual testing is also encouraged.","id":"accessibility","audits":[{"result":{"displayValue":"","score":false,"helpText":"Access keys let users quickly focus a part of the page. For proper navigation, each access key must be unique. [Learn more](https://dequeuniversity.com/rules/axe/2.2/accesskeys?application=lighthouse).","rawValue":false,"name":"accesskeys","description":"`[accesskey]` values are not unique","scoringMode":"binary","informative":true,"notApplicable":true},"score":100,"weight":0,"id":"accesskeys","group":"a11y-correct-attributes"},{"result":{"displayValue":"","score":true,"helpText":"Each ARIA `role` supports a specific subset of `aria-*` attributes. Mismatching these invalidates the `aria-*` attributes. [Learn more](https://dequeuniversity.com/rules/axe/2.2/aria-allowed-attr?application=lighthouse).","rawValue":true,"extendedInfo":{},"name":"aria-allowed-attr","description":"`[aria-*]` attributes match their roles","scoringMode":"binary","details":{"header":{"text":"View failing elements","type":"text"},"type":"list","items":[]}},"score":100,"weight":3,"id":"aria-allowed-attr","group":"a11y-aria"},{"result":{"displayValue":"","score":false,"helpText":"Some ARIA roles have required attributes that describe the state of the element to screen readers. [Learn more](https://dequeuniversity.com/rules/axe/2.2/aria-required-attr?application=lighthouse).","rawValue":false,"name":"aria-required-attr","description":"`[role]`s do not have all required `[aria-*]` attributes","scoringMode":"binary","informative":true,"notApplicable":true},"score":100,"weight":0,"id":"aria-required-attr","group":"a11y-aria"},{"result":{"displayValue":"","score":false,"helpText":"Some ARIA parent roles must contain specific child roles to perform their intended accessibility functions. [Learn more](https://dequeuniversity.com/rules/axe/2.2/aria-required-children?application=lighthouse).","rawValue":false,"name":"aria-required-children","description":"Elements with `[role]` that require specific children `[role]`s, are missing.","scoringMode":"binary","informative":true,"notApplicable":true},"score":100,"weight":0,"id":"aria-required-children","group":"a11y-aria"},{"result":{"displayValue":"","score":false,"helpText":"Some ARIA child roles must be contained by specific parent roles to properly perform their intended accessibility functions. [Learn more](https://dequeuniversity.com/rules/axe/2.2/aria-required-parent?application=lighthouse).","rawValue":false,"name":"aria-required-parent","description":"`[role]`s are not contained by their required parent element","scoringMode":"binary","informative":true,"notApplicable":true},"score":100,"weight":0,"id":"aria-required-parent","group":"a11y-aria"},{"result":{"displayValue":"","score":false,"helpText":"ARIA roles must have valid values in order to perform their intended accessibility functions. [Learn more](https://dequeuniversity.com/rules/axe/2.2/aria-roles?application=lighthouse).","rawValue":false,"name":"aria-roles","description":"`[role]` values are not valid","scoringMode":"binary","informative":true,"notApplicable":true},"score":100,"weight":0,"id":"aria-roles","group":"a11y-aria"},{"result":{"displayValue":"","score":true,"helpText":"Assistive technologies, like screen readers, can't interpret ARIA attributes with invalid values. [Learn more](https://dequeuniversity.com/rules/axe/2.2/aria-valid-attr-value?application=lighthouse).","rawValue":true,"extendedInfo":{},"name":"aria-valid-attr-value","description":"`[aria-*]` attributes have valid values","scoringMode":"binary","details":{"header":{"text":"View failing elements","type":"text"},"type":"list","items":[]}},"score":100,"weight":2,"id":"aria-valid-attr-value","group":"a11y-aria"},{"result":{"displayValue":"","score":true,"helpText":"Assistive technologies, like screen readers, can't interpret ARIA attributes with invalid names. [Learn more](https://dequeuniversity.com/rules/axe/2.2/aria-valid-attr?application=lighthouse).","rawValue":true,"extendedInfo":{},"name":"aria-valid-attr","description":"`[aria-*]` attributes are valid and not misspelled","scoringMode":"binary","details":{"header":{"text":"View failing elements","type":"text"},"type":"list","items":[]}},"score":100,"weight":5,"id":"aria-valid-attr","group":"a11y-aria"},{"result":{"displayValue":"","score":false,"helpText":"Captions make audio elements usable for deaf or hearing-impaired users, providing critical information such as who is talking, what they're saying, and other non-speech information. [Learn more](https://dequeuniversity.com/rules/axe/2.2/audio-caption?application=lighthouse).","rawValue":false,"name":"audio-caption","description":"`<audio>` elements are missing a `<track>` element with `[kind=\"captions\"]`.","scoringMode":"binary","informative":true,"notApplicable":true},"score":100,"weight":0,"id":"audio-caption","group":"a11y-correct-attributes"},{"result":{"displayValue":"","score":false,"helpText":"When a button doesn't have an accessible name, screen readers announce it as \"button\", making it unusable for users who rely on screen readers. [Learn more](https://dequeuniversity.com/rules/axe/2.2/button-name?application=lighthouse).","rawValue":false,"extendedInfo":{"value":{"help":"Buttons must have discernible text","nodes":[{"failureSummary":"Fix all of the following:\n  Element is in tab order and does not have accessible text\n\nFix any of the following:\n  Element has a value attribute and the value attribute is empty\n  Element has no value attribute or the value attribute is empty\n  Element does not have inner text that is visible to screen readers\n  aria-label attribute does not exist or is empty\n  aria-labelledby attribute does not exist, references elements that do not exist or references elements that are empty or not visible\n  Element's default semantics were not overridden with role=\"presentation\"\n  Element's default semantics were not overridden with role=\"none\"","snippet":"<button type=\"button\" class=\"toolbar__side-icon btn btn--icon\">","path":"1,HTML,2,BODY,0,MAIN,0,DIV,1,DIV,2,NAV,0,DIV,0,BUTTON","impact":"critical","html":"<button type=\"button\" class=\"toolbar__side-icon btn btn--icon\"><div class=\"btn__content\"><i aria-hidden=\"true\" class=\"icon material-icons\">menu<\/i><\/div><\/button>","target":[".toolbar__side-icon"]},{"failureSummary":"Fix all of the following:\n  Element is in tab order and does not have accessible text\n\nFix any of the following:\n  Element has a value attribute and the value attribute is empty\n  Element has no value attribute or the value attribute is empty\n  Element does not have inner text that is visible to screen readers\n  aria-label attribute does not exist or is empty\n  aria-labelledby attribute does not exist, references elements that do not exist or references elements that are empty or not visible\n  Element's default semantics were not overridden with role=\"presentation\"\n  Element's default semantics were not overridden with role=\"none\"","snippet":"<button type=\"button\" class=\"btn btn--icon\">","path":"1,HTML,2,BODY,0,MAIN,0,DIV,1,DIV,2,NAV,0,DIV,4,SPAN,0,SPAN,0,BUTTON","impact":"critical","html":"<button type=\"button\" class=\"btn btn--icon\"><div class=\"btn__content\"><i aria-hidden=\"true\" class=\"icon fa fa-sign-out\"><\/i><\/div><\/button>","target":["span > .btn--icon"]}],"impact":"critical","description":"Ensures buttons have discernible text","helpUrl":"https://dequeuniversity.com/rules/axe/3.0/button-name?application=axeAPI","id":"button-name","tags":["cat.name-role-value","wcag2a","wcag412","section508","section508.22.a"]}},"name":"button-name","description":"Buttons do not have an accessible name","scoringMode":"binary","details":{"header":{"text":"View failing elements","type":"text"},"type":"list","items":[{"snippet":"<button type=\"button\" class=\"toolbar__side-icon btn btn--icon\">","path":"1,HTML,2,BODY,0,MAIN,0,DIV,1,DIV,2,NAV,0,DIV,0,BUTTON","selector":".toolbar__side-icon","type":"node"},{"snippet":"<button type=\"button\" class=\"btn btn--icon\">","path":"1,HTML,2,BODY,0,MAIN,0,DIV,1,DIV,2,NAV,0,DIV,4,SPAN,0,SPAN,0,BUTTON","selector":"span > .btn--icon","type":"node"}]}},"score":0,"weight":10,"id":"button-name","group":"a11y-element-names"},{"result":{"displayValue":"","score":true,"helpText":"Adding ways to bypass repetitive content lets keyboard users navigate the page more efficiently. [Learn more](https://dequeuniversity.com/rules/axe/2.2/bypass?application=lighthouse).","rawValue":true,"extendedInfo":{},"name":"bypass","description":"The page contains a heading, skip link, or landmark region","scoringMode":"binary","details":{"header":{"text":"View failing elements","type":"text"},"type":"list","items":[]}},"score":100,"weight":10,"id":"bypass","group":"a11y-describe-contents"},{"result":{"displayValue":"","score":true,"helpText":"Low-contrast text is difficult or impossible for many users to read. [Learn more](https://dequeuniversity.com/rules/axe/2.2/color-contrast?application=lighthouse).","rawValue":true,"extendedInfo":{},"name":"color-contrast","description":"Background and foreground colors have a sufficient contrast ratio","scoringMode":"binary","details":{"header":{"text":"View failing elements","type":"text"},"type":"list","items":[]}},"score":100,"weight":6,"id":"color-contrast","group":"a11y-color-contrast"},{"result":{"displayValue":"","score":false,"helpText":"When definition lists are not properly marked up, screen readers may produce confusing or inaccurate output. [Learn more](https://dequeuniversity.com/rules/axe/2.2/definition-list?application=lighthouse).","rawValue":false,"name":"definition-list","description":"`<dl>`'s do not contain only properly-ordered `<dt>` and `<dd>` groups, `<script>` or `<template>` elements.","scoringMode":"binary","informative":true,"notApplicable":true},"score":100,"weight":0,"id":"definition-list","group":"a11y-well-structured"},{"result":{"displayValue":"","score":false,"helpText":"Definition list items (`<dt>` and `<dd>`) must be wrapped in a parent `<dl>` element to ensure that screen readers can properly announce them. [Learn more](https://dequeuniversity.com/rules/axe/2.2/dlitem?application=lighthouse).","rawValue":false,"name":"dlitem","description":"Definition list items are not wrapped in `<dl>` elements","scoringMode":"binary","informative":true,"notApplicable":true},"score":100,"weight":0,"id":"dlitem","group":"a11y-well-structured"},{"result":{"displayValue":"","score":true,"helpText":"The title gives screen reader users an overview of the page, and search engine users rely on it heavily to determine if a page is relevant to their search. [Learn more](https://developers.google.com/web/tools/lighthouse/audits/title).","rawValue":true,"extendedInfo":{},"name":"document-title","description":"Document has a `<title>` element","scoringMode":"binary","details":{"header":{"text":"View failing elements","type":"text"},"type":"list","items":[]}},"score":100,"weight":2,"id":"document-title","group":"a11y-describe-contents"},{"result":{"displayValue":"","score":true,"helpText":"The value of an id attribute must be unique to prevent other instances from being overlooked by assistive technologies. [Learn more](https://dequeuniversity.com/rules/axe/2.2/duplicate-id?application=lighthouse).","rawValue":true,"extendedInfo":{},"name":"duplicate-id","description":"`[id]` attributes on the page are unique","scoringMode":"binary","details":{"header":{"text":"View failing elements","type":"text"},"type":"list","items":[]}},"score":100,"weight":5,"id":"duplicate-id","group":"a11y-well-structured"},{"result":{"displayValue":"","score":false,"helpText":"Screen reader users rely on frame titles to describe the contents of frames. [Learn more](https://dequeuniversity.com/rules/axe/2.2/frame-title?application=lighthouse).","rawValue":false,"name":"frame-title","description":"`<frame>` or `<iframe>` elements do not have a title","scoringMode":"binary","informative":true,"notApplicable":true},"score":100,"weight":0,"id":"frame-title","group":"a11y-describe-contents"},{"result":{"displayValue":"","score":false,"helpText":"If a page doesn't specify a lang attribute, a screen reader assumes that the page is in the default language that the user chose when setting up the screen reader. If the page isn't actually in the default language, then the screen reader might not announce the page's text correctly. [Learn more](https://dequeuniversity.com/rules/axe/2.2/html-lang?application=lighthouse).","rawValue":false,"extendedInfo":{"value":{"help":"<html> element must have a lang attribute","nodes":[{"failureSummary":"Fix any of the following:\n  The <html> element does not have a lang attribute","snippet":"<html>","path":"1,HTML","impact":"serious","html":"<html>","target":["html"]}],"impact":"serious","description":"Ensures every HTML document has a lang attribute","helpUrl":"https://dequeuniversity.com/rules/axe/3.0/html-has-lang?application=axeAPI","id":"html-has-lang","tags":["cat.language","wcag2a","wcag311"]}},"name":"html-has-lang","description":"`<html>` element does not have a `[lang]` attribute","scoringMode":"binary","details":{"header":{"text":"View failing elements","type":"text"},"type":"list","items":[{"snippet":"<html>","path":"1,HTML","selector":"html","type":"node"}]}},"score":0,"weight":4,"id":"html-has-lang","group":"a11y-language"},{"result":{"displayValue":"","score":false,"helpText":"Specifying a valid [BCP 47 language](https://www.w3.org/International/questions/qa-choosing-language-tags#question) helps screen readers announce text properly. [Learn more](https://dequeuniversity.com/rules/axe/2.2/valid-lang?application=lighthouse).","rawValue":false,"name":"html-lang-valid","description":"`<html>` element does not have a valid value for its `[lang]` attribute.","scoringMode":"binary","informative":true,"notApplicable":true},"score":100,"weight":0,"id":"html-lang-valid","group":"a11y-language"},{"result":{"displayValue":"","score":false,"helpText":"Informative elements should aim for short, descriptive alternate text. Decorative elements can be ignored with an empty alt attribute.[Learn more](https://dequeuniversity.com/rules/axe/2.2/image-alt?application=lighthouse).","rawValue":false,"name":"image-alt","description":"Image elements do not have `[alt]` attributes","scoringMode":"binary","informative":true,"notApplicable":true},"score":100,"weight":0,"id":"image-alt","group":"a11y-correct-attributes"},{"result":{"displayValue":"","score":false,"helpText":"When an image is being used as an `<input>` button, providing alternative text can help screen reader users understand the purpose of the button. [Learn more](https://dequeuniversity.com/rules/axe/2.2/input-image-alt?application=lighthouse).","rawValue":false,"name":"input-image-alt","description":"`<input type=\"image\">` elements do not have `[alt]` text","scoringMode":"binary","informative":true,"notApplicable":true},"score":100,"weight":0,"id":"input-image-alt","group":"a11y-correct-attributes"},{"result":{"displayValue":"","score":true,"helpText":"Labels ensure that form controls are announced properly by assistive technologies, like screen readers. [Learn more](https://dequeuniversity.com/rules/axe/2.2/label?application=lighthouse).","rawValue":true,"extendedInfo":{},"name":"label","description":"Form elements have associated labels","scoringMode":"binary","details":{"header":{"text":"View failing elements","type":"text"},"type":"list","items":[]}},"score":100,"weight":10,"id":"label","group":"a11y-describe-contents"},{"result":{"displayValue":"","score":false,"helpText":"A table being used for layout purposes should not include data elements, such as the th or caption elements or the summary attribute, because this can create a confusing experience for screen reader users. [Learn more](https://dequeuniversity.com/rules/axe/2.2/layout-table?application=lighthouse).","rawValue":false,"name":"layout-table","description":"Presentational `<table>` elements do not avoid using `<th>`, `<caption>` or the `[summary]` attribute.","scoringMode":"binary","informative":true,"notApplicable":true},"score":100,"weight":0,"id":"layout-table","group":"a11y-describe-contents"},{"result":{"displayValue":"","score":true,"helpText":"Link text (and alternate text for images, when used as links) that is discernible, unique, and focusable improves the navigation experience for screen reader users. [Learn more](https://dequeuniversity.com/rules/axe/2.2/link-name?application=lighthouse).","rawValue":true,"extendedInfo":{},"name":"link-name","description":"Links have a discernible name","scoringMode":"binary","details":{"header":{"text":"View failing elements","type":"text"},"type":"list","items":[]}},"score":100,"weight":9,"id":"link-name","group":"a11y-element-names"},{"result":{"displayValue":"","score":false,"helpText":"Screen readers have a specific way of announcing lists. Ensuring proper list structure aids screen reader output. [Learn more](https://dequeuniversity.com/rules/axe/2.2/list?application=lighthouse).","rawValue":false,"name":"list","description":"Lists do not contain only `<li>` elements and script supporting elements (`<script>` and `<template>`).","scoringMode":"binary","informative":true,"notApplicable":true},"score":100,"weight":0,"id":"list","group":"a11y-well-structured"},{"result":{"displayValue":"","score":false,"helpText":"Screen readers require list items (`<li>`) to be contained within a parent `<ul>` or `<ol>` to be announced properly. [Learn more](https://dequeuniversity.com/rules/axe/2.2/listitem?application=lighthouse).","rawValue":false,"name":"listitem","description":"List items (`<li>`) are not contained within `<ul>` or `<ol>` parent elements.","scoringMode":"binary","informative":true,"notApplicable":true},"score":100,"weight":0,"id":"listitem","group":"a11y-well-structured"},{"result":{"displayValue":"","score":false,"helpText":"Users do not expect a page to refresh automatically, and doing so will move focus back to the top of the page. This may create a frustrating or confusing experience. [Learn more](https://dequeuniversity.com/rules/axe/2.2/meta-refresh?application=lighthouse).","rawValue":false,"name":"meta-refresh","description":"The document uses `<meta http-equiv=\"refresh\">`","scoringMode":"binary","informative":true,"notApplicable":true},"score":100,"weight":0,"id":"meta-refresh","group":"a11y-meta"},{"result":{"displayValue":"","score":false,"helpText":"Disabling zooming is problematic for users with low vision who rely on screen magnification to properly see the contents of a web page. [Learn more](https://dequeuniversity.com/rules/axe/2.2/meta-viewport?application=lighthouse).","rawValue":false,"extendedInfo":{"value":{"help":"Zooming and scaling must not be disabled","nodes":[{"failureSummary":"Fix any of the following:\n  <meta> tag disables zooming on mobile devices","snippet":"<meta name=\"viewport\" content=\"width=device-width,initial-scale=1,maximum-scale=1,minimum-scale=1,user-scalable=no\">","path":"1,HTML,1,HEAD,1,META","impact":"critical","html":"<meta name=\"viewport\" content=\"width=device-width,initial-scale=1,maximum-scale=1,minimum-scale=1,user-scalable=no\">","target":["meta[name=\"viewport\"]"]}],"impact":"critical","description":"Ensures <meta name=\"viewport\"> does not disable text scaling and zooming","helpUrl":"https://dequeuniversity.com/rules/axe/3.0/meta-viewport?application=axeAPI","id":"meta-viewport","tags":["cat.sensory-and-visual-cues","wcag2aa","wcag144"]}},"name":"meta-viewport","description":"`[user-scalable=\"no\"]` is used in the `<meta name=\"viewport\">` element or the `[maximum-scale]` attribute is less than 5.","scoringMode":"binary","details":{"header":{"text":"View failing elements","type":"text"},"type":"list","items":[{"snippet":"<meta name=\"viewport\" content=\"width=device-width,initial-scale=1,maximum-scale=1,minimum-scale=1,user-scalable=no\">","path":"1,HTML,1,HEAD,1,META","selector":"meta[name=\"viewport\"]","type":"node"}]}},"score":0,"weight":3,"id":"meta-viewport","group":"a11y-meta"},{"result":{"displayValue":"","score":false,"helpText":"Screen readers cannot translate non-text content. Adding alt text to `<object>` elements helps screen readers convey meaning to users. [Learn more](https://dequeuniversity.com/rules/axe/2.2/object-alt?application=lighthouse).","rawValue":false,"name":"object-alt","description":"`<object>` elements do not have `[alt]` text","scoringMode":"binary","informative":true,"notApplicable":true},"score":100,"weight":0,"id":"object-alt","group":"a11y-describe-contents"},{"result":{"displayValue":"","score":true,"helpText":"A value greater than 0 implies an explicit navigation ordering. Although technically valid, this often creates frustrating experiences for users who rely on assistive technologies. [Learn more](https://dequeuniversity.com/rules/axe/2.2/tabindex?application=lighthouse).","rawValue":true,"extendedInfo":{},"name":"tabindex","description":"No element has a `[tabindex]` value greater than 0","scoringMode":"binary","details":{"header":{"text":"View failing elements","type":"text"},"type":"list","items":[]}},"score":100,"weight":4,"id":"tabindex","group":"a11y-correct-attributes"},{"result":{"displayValue":"","score":false,"helpText":"Screen readers have features to make navigating tables easier. Ensuring `<td>` cells using the `[headers]` attribute only refer to other cells in the same table may improve the experience for screen reader users. [Learn more](https://dequeuniversity.com/rules/axe/2.2/td-headers-attr?application=lighthouse).","rawValue":false,"name":"td-headers-attr","description":"Cells in a `<table>` element that use the `[headers]` attribute refers to other cells of that same table.","scoringMode":"binary","informative":true,"notApplicable":true},"score":100,"weight":0,"id":"td-headers-attr","group":"a11y-correct-attributes"},{"result":{"displayValue":"","score":false,"helpText":"Screen readers have features to make navigating tables easier. Ensuring table headers always refer to some set of cells may improve the experience for screen reader users. [Learn more](https://dequeuniversity.com/rules/axe/2.2/th-has-data-cells?application=lighthouse).","rawValue":false,"name":"th-has-data-cells","description":"`<th>` elements and elements with `[role=\"columnheader\"/\"rowheader\"]` do not have data cells they describe.","scoringMode":"binary","informative":true,"notApplicable":true},"score":100,"weight":0,"id":"th-has-data-cells","group":"a11y-correct-attributes"},{"result":{"displayValue":"","score":false,"helpText":"Specifying a valid [BCP 47 language](https://www.w3.org/International/questions/qa-choosing-language-tags#question) on elements helps ensure that text is pronounced correctly by a screen reader. [Learn more](https://dequeuniversity.com/rules/axe/2.2/valid-lang?application=lighthouse).","rawValue":false,"name":"valid-lang","description":"`[lang]` attributes do not have a valid value","scoringMode":"binary","informative":true,"notApplicable":true},"score":100,"weight":0,"id":"valid-lang","group":"a11y-language"},{"result":{"displayValue":"","score":false,"helpText":"When a video provides a caption it is easier for deaf and hearing impaired users to access its information. [Learn more](https://dequeuniversity.com/rules/axe/2.2/video-caption?application=lighthouse).","rawValue":false,"name":"video-caption","description":"`<video>` elements do not contain a `<track>` element with `[kind=\"captions\"]`.","scoringMode":"binary","informative":true,"notApplicable":true},"score":100,"weight":0,"id":"video-caption","group":"a11y-describe-contents"},{"result":{"displayValue":"","score":false,"helpText":"Audio descriptions provide relevant information for videos that dialogue cannot, such as facial expressions and scenes. [Learn more](https://dequeuniversity.com/rules/axe/2.2/video-description?application=lighthouse).","rawValue":false,"name":"video-description","description":"`<video>` elements do not contain a `<track>` element with `[kind=\"description\"]`.","scoringMode":"binary","informative":true,"notApplicable":true},"score":100,"weight":0,"id":"video-description","group":"a11y-describe-contents"},{"result":{"displayValue":"","score":false,"helpText":"Tabbing through the page follows the visual layout. Users cannot focus elements that are offscreen. [Learn more](https://developers.google.com/web/fundamentals/accessibility/how-to-review#start_with_the_keyboard).","rawValue":false,"name":"logical-tab-order","description":"The page has a logical tab order","scoringMode":"binary","informative":true,"manual":true},"score":0,"weight":0,"id":"logical-tab-order","group":"manual-a11y-checks"},{"result":{"displayValue":"","score":false,"helpText":"Custom interactive controls are keyboard focusable and display a focus indicator. [Learn more](https://developers.google.com/web/fundamentals/accessibility/how-to-review#start_with_the_keyboard).","rawValue":false,"name":"focusable-controls","description":"Interactive controls are keyboard focusable","scoringMode":"binary","informative":true,"manual":true},"score":0,"weight":0,"id":"focusable-controls","group":"manual-a11y-checks"},{"result":{"displayValue":"","score":false,"helpText":"If new content, such as a dialog, is added to the page, the user's focus is directed to it. [Learn more](https://developers.google.com/web/fundamentals/accessibility/how-to-review#start_with_the_keyboard).","rawValue":false,"name":"managed-focus","description":"The user's focus is directed to new content added to the page","scoringMode":"binary","informative":true,"manual":true},"score":0,"weight":0,"id":"managed-focus","group":"manual-a11y-checks"},{"result":{"displayValue":"","score":false,"helpText":"A user can tab into and out of any control or region without accidentally trapping their focus. [Learn more](https://developers.google.com/web/fundamentals/accessibility/how-to-review#start_with_the_keyboard).","rawValue":false,"name":"focus-traps","description":"User focus is not accidentally trapped in a region","scoringMode":"binary","informative":true,"manual":true},"score":0,"weight":0,"id":"focus-traps","group":"manual-a11y-checks"},{"result":{"displayValue":"","score":false,"helpText":"Custom interactive controls have associated labels, provided by aria-label or aria-labelledby. [Learn more](https://developers.google.com/web/fundamentals/accessibility/how-to-review#try_it_with_a_screen_reader).","rawValue":false,"name":"custom-controls-labels","description":"Custom controls have associated labels","scoringMode":"binary","informative":true,"manual":true},"score":0,"weight":0,"id":"custom-controls-labels","group":"manual-a11y-checks"},{"result":{"displayValue":"","score":false,"helpText":"Custom interactive controls have appropriate ARIA roles. [Learn more](https://developers.google.com/web/fundamentals/accessibility/how-to-review#try_it_with_a_screen_reader).","rawValue":false,"name":"custom-controls-roles","description":"Custom controls have ARIA roles","scoringMode":"binary","informative":true,"manual":true},"score":0,"weight":0,"id":"custom-controls-roles","group":"manual-a11y-checks"},{"result":{"displayValue":"","score":false,"helpText":"DOM order matches the visual order, improving navigation for assistive technology. [Learn more](https://developers.google.com/web/fundamentals/accessibility/how-to-review#try_it_with_a_screen_reader).","rawValue":false,"name":"visual-order-follows-dom","description":"Visual order on the page follows DOM order","scoringMode":"binary","informative":true,"manual":true},"score":0,"weight":0,"id":"visual-order-follows-dom","group":"manual-a11y-checks"},{"result":{"displayValue":"","score":false,"helpText":"Offscreen content is hidden with display: none or aria-hidden=true. [Learn more](https://developers.google.com/web/fundamentals/accessibility/how-to-review#try_it_with_a_screen_reader).","rawValue":false,"name":"offscreen-content-hidden","description":"Offscreen content is hidden from assistive technology","scoringMode":"binary","informative":true,"manual":true},"score":0,"weight":0,"id":"offscreen-content-hidden","group":"manual-a11y-checks"},{"result":{"displayValue":"","score":false,"helpText":"Headings are used to create an outline for the page and heading levels are not skipped. [Learn more](https://developers.google.com/web/fundamentals/accessibility/how-to-review#take_advantage_of_headings_and_landmarks).","rawValue":false,"name":"heading-levels","description":"Headings don't skip levels","scoringMode":"binary","informative":true,"manual":true},"score":0,"weight":0,"id":"heading-levels","group":"manual-a11y-checks"},{"result":{"displayValue":"","score":false,"helpText":"Landmark elements (<main>, <nav>, etc.) are used to improve the keyboard navigation of the page for assistive technology. [Learn more](https://developers.google.com/web/fundamentals/accessibility/how-to-review#take_advantage_of_headings_and_landmarks).","rawValue":false,"name":"use-landmarks","description":"HTML5 landmark elements are used to improve navigation","scoringMode":"binary","informative":true,"manual":true},"score":0,"weight":0,"id":"use-landmarks","group":"manual-a11y-checks"}]},{"score":86.66666666666667,"name":"Best Practices","description":"We've compiled some recommendations for modernizing your web app and avoiding performance pitfalls.","id":"best-practices","audits":[{"result":{"displayValue":"","score":true,"debugString":"","helpText":"Application Cache is deprecated. [Learn more](https://developers.google.com/web/tools/lighthouse/audits/appcache).","rawValue":true,"name":"appcache-manifest","description":"Avoids Application Cache","scoringMode":"binary"},"score":100,"weight":1,"id":"appcache-manifest"},{"result":{"displayValue":"","score":true,"debugString":"","helpText":"Web SQL is deprecated. Consider using IndexedDB instead. [Learn more](https://developers.google.com/web/tools/lighthouse/audits/web-sql).","rawValue":true,"name":"no-websql","description":"Avoids WebSQL DB","scoringMode":"binary"},"score":100,"weight":1,"id":"no-websql"},{"result":{"displayValue":"5 requests were not handled over HTTP/2","score":false,"helpText":"HTTP/2 offers many benefits over HTTP/1.1, including binary headers, multiplexing, and server push. [Learn more](https://developers.google.com/web/tools/lighthouse/audits/http2).","rawValue":false,"extendedInfo":{"value":{"results":[{"protocol":"http/1.1","url":"http://web/"},{"protocol":"http/1.1","url":"http://web/static/js/manifest.9f020e973ae4037504f6.js"},{"protocol":"http/1.1","url":"http://web/static/js/vendor.d1efda22f11e965a5228.js"},{"protocol":"http/1.1","url":"http://web/static/js/app.310cd52123c59f9f64a5.js"},{"protocol":"http/1.1","url":"http://web/static/css/app.a1bcfeb0daa2a3f727390086fd42ee9d.css"}]}},"name":"uses-http2","description":"Does not use HTTP/2 for all of its resources","scoringMode":"binary","details":{"itemHeaders":[{"itemType":"url","text":"URL","type":"text"},{"itemType":"text","text":"Protocol","type":"text"}],"header":"View Details","type":"table","items":[[{"text":"http://web/","type":"url"},{"text":"http/1.1","type":"text"}],[{"text":"http://web/static/js/manifest.9f020e973ae4037504f6.js","type":"url"},{"text":"http/1.1","type":"text"}],[{"text":"http://web/static/js/vendor.d1efda22f11e965a5228.js","type":"url"},{"text":"http/1.1","type":"text"}],[{"text":"http://web/static/js/app.310cd52123c59f9f64a5.js","type":"url"},{"text":"http/1.1","type":"text"}],[{"text":"http://web/static/css/app.a1bcfeb0daa2a3f727390086fd42ee9d.css","type":"url"},{"text":"http/1.1","type":"text"}]]}},"score":0,"weight":1,"id":"uses-http2"},{"result":{"displayValue":"","score":true,"helpText":"Consider marking your touch and wheel event listeners as `passive` to improve your page's scroll performance. [Learn more](https://developers.google.com/web/tools/lighthouse/audits/passive-event-listeners).","rawValue":true,"extendedInfo":{"value":[]},"name":"uses-passive-event-listeners","description":"Uses passive listeners to improve scrolling performance","scoringMode":"binary","details":{"itemHeaders":[{"itemType":"url","text":"URL","type":"text"},{"itemType":"text","text":"Location","type":"text"}],"header":"View Details","type":"table","items":[]}},"score":100,"weight":1,"id":"uses-passive-event-listeners"},{"result":{"displayValue":"","score":true,"helpText":"Mutation Events are deprecated and harm performance. Consider using Mutation Observers instead. [Learn more](https://developers.google.com/web/tools/lighthouse/audits/mutation-events).","rawValue":true,"extendedInfo":{"value":{"results":[]}},"name":"no-mutation-events","description":"Avoids Mutation Events in its own scripts","scoringMode":"binary","details":{"itemHeaders":[{"itemType":"url","text":"URL","type":"text"},{"itemType":"code","text":"Event","type":"text"},{"itemType":"text","text":"Line","type":"text"},{"itemType":"text","text":"Col","type":"text"},{"itemType":"code","text":"Snippet","type":"text"}],"header":"View Details","type":"table","items":[]}},"score":100,"weight":1,"id":"no-mutation-events"},{"result":{"displayValue":"","score":true,"helpText":"For users on slow connections, external scripts dynamically injected via `document.write()` can delay page load by tens of seconds. [Learn more](https://developers.google.com/web/tools/lighthouse/audits/document-write).","rawValue":true,"extendedInfo":{"value":[]},"name":"no-document-write","description":"Avoids `document.write()`","scoringMode":"binary","details":{"itemHeaders":[{"itemType":"url","text":"URL","type":"text"},{"itemType":"text","text":"Location","type":"text"}],"header":"View Details","type":"table","items":[]}},"score":100,"weight":1,"id":"no-document-write"},{"result":{"displayValue":"","score":true,"helpText":"Open new tabs using `rel=\"noopener\"` to improve performance and prevent security vulnerabilities. [Learn more](https://developers.google.com/web/tools/lighthouse/audits/noopener).","rawValue":true,"extendedInfo":{"value":[]},"name":"external-anchors-use-rel-noopener","description":"Opens external anchors using `rel=\"noopener\"`","scoringMode":"binary","details":{"itemHeaders":[{"itemType":"url","text":"URL","type":"text"},{"itemType":"text","text":"Target","type":"text"},{"itemType":"text","text":"Rel","type":"text"}],"header":"View Details","type":"table","items":[]}},"score":100,"weight":1,"id":"external-anchors-use-rel-noopener"},{"result":{"displayValue":"","score":true,"helpText":"Users are mistrustful of or confused by sites that request their location without context. Consider tying the request to user gestures instead. [Learn more](https://developers.google.com/web/tools/lighthouse/audits/geolocation-on-load).","rawValue":true,"extendedInfo":{"value":[]},"name":"geolocation-on-start","description":"Avoids requesting the geolocation permission on page load","scoringMode":"binary","details":{"itemHeaders":[{"itemType":"url","text":"URL","type":"text"},{"itemType":"text","text":"Location","type":"text"}],"header":"View Details","type":"table","items":[]}},"score":100,"weight":1,"id":"geolocation-on-start"},{"result":{"displayValue":"","score":true,"helpText":"Some third-party scripts may contain known security vulnerabilities  that are easily identified and exploited by attackers.","rawValue":true,"name":"no-vulnerable-libraries","description":"Avoids front-end JavaScript libraries with known security vulnerabilities","scoringMode":"binary"},"score":100,"weight":1,"id":"no-vulnerable-libraries"},{"result":{"displayValue":"","score":true,"helpText":"Users are mistrustful of or confused by sites that request to send notifications without context. Consider tying the request to user gestures instead. [Learn more](https://developers.google.com/web/tools/lighthouse/audits/notifications-on-load).","rawValue":true,"extendedInfo":{"value":[]},"name":"notification-on-start","description":"Avoids requesting the notification permission on page load","scoringMode":"binary","details":{"itemHeaders":[{"itemType":"url","text":"URL","type":"text"},{"itemType":"text","text":"Location","type":"text"}],"header":"View Details","type":"table","items":[]}},"score":100,"weight":1,"id":"notification-on-start"},{"result":{"displayValue":"","score":true,"helpText":"Deprecated APIs will eventually be removed from the browser. [Learn more](https://www.chromestatus.com/features#deprecated).","rawValue":true,"extendedInfo":{"value":[]},"name":"deprecations","description":"Avoids deprecated APIs","scoringMode":"binary","details":{"itemHeaders":[{"itemType":"code","text":"Deprecation / Warning","type":"text"},{"itemType":"url","text":"URL","type":"text"},{"itemType":"text","text":"Line","type":"text"}],"header":"View Details","type":"table","items":[]}},"score":100,"weight":1,"id":"deprecations"},{"result":{"displayValue":"","score":false,"helpText":"Make your app's `short_name` fewer than 12 characters to ensure that it's not truncated on homescreens. [Learn more](https://developers.google.com/web/tools/lighthouse/audits/manifest-short_name-is-not-truncated).","rawValue":false,"name":"manifest-short-name-length","description":"Manifest's `short_name` will be truncated when displayed on homescreen","scoringMode":"binary"},"score":0,"weight":1,"id":"manifest-short-name-length"},{"result":{"displayValue":"","score":true,"helpText":"Preventing password pasting undermines good security policy. [Learn more](https://www.ncsc.gov.uk/blog-post/let-them-paste-passwords)","rawValue":true,"extendedInfo":{"value":[]},"name":"password-inputs-can-be-pasted-into","description":"Allows users to paste into password fields","scoringMode":"binary","details":{"header":{"text":"Password inputs that prevent pasting into","type":"text"},"type":"list","items":[]}},"score":100,"weight":1,"id":"password-inputs-can-be-pasted-into"},{"result":{"displayValue":"","score":true,"helpText":"Errors logged to the console indicate unresolved problems. They can come from network request failures and other browser concerns.","rawValue":0,"name":"errors-in-console","description":"No browser errors logged to the console","scoringMode":"binary","details":{"itemHeaders":[{"itemType":"url","text":"URL","type":"text"},{"itemType":"code","text":"Description","type":"text"}],"header":"View Details","type":"table","items":[]}},"score":100,"weight":1,"id":"errors-in-console"},{"result":{"displayValue":"","score":true,"helpText":"Image display dimensions should match natural aspect ratio.","rawValue":true,"name":"image-aspect-ratio","description":"Displays images with correct aspect ratio","scoringMode":"binary","details":{"itemHeaders":[{"itemType":"thumbnail","text":"","type":"text"},{"itemType":"url","text":"URL","type":"text"},{"itemType":"text","text":"Aspect Ratio (Displayed)","type":"text"},{"itemType":"text","text":"Aspect Ratio (Actual)","type":"text"}],"header":"View Details","type":"table","items":[]}},"score":100,"weight":1,"id":"image-aspect-ratio"}]},{"score":50,"name":"SEO","description":"These checks ensure that your page is optimized for search engine results ranking. There are additional factors Lighthouse does not check that may affect your search ranking. [Learn more](https://support.google.com/webmasters/answer/35769).","id":"seo","audits":[{"result":{"displayValue":"","score":true,"debugString":"","helpText":"Add a viewport meta tag to optimize your app for mobile screens. [Learn more](https://developers.google.com/web/tools/lighthouse/audits/has-viewport-meta-tag).","rawValue":true,"name":"viewport","description":"Has a `<meta name=\"viewport\">` tag with `width` or `initial-scale`","scoringMode":"binary"},"score":100,"weight":1,"id":"viewport","group":"seo-mobile"},{"result":{"displayValue":"","score":true,"helpText":"The title gives screen reader users an overview of the page, and search engine users rely on it heavily to determine if a page is relevant to their search. [Learn more](https://developers.google.com/web/tools/lighthouse/audits/title).","rawValue":true,"extendedInfo":{},"name":"document-title","description":"Document has a `<title>` element","scoringMode":"binary","details":{"header":{"text":"View failing elements","type":"text"},"type":"list","items":[]}},"score":100,"weight":1,"id":"document-title","group":"seo-content"},{"result":{"displayValue":"","score":false,"helpText":"Meta descriptions may be included in search results to concisely summarize page content. [Learn more](https://developers.google.com/web/tools/lighthouse/audits/description).","rawValue":false,"name":"meta-description","description":"Document does not have a meta description","scoringMode":"binary"},"score":0,"weight":1,"id":"meta-description","group":"seo-content"},{"result":{"displayValue":"","score":null,"debugString":"Audit error: Unable to identify the main resource","helpText":"Pages with unsuccessful HTTP status codes may not be indexed properly. [Learn more](https://developers.google.com/web/tools/lighthouse/audits/successful-http-code).","rawValue":null,"name":"http-status-code","description":"Page has unsuccessful HTTP status code","scoringMode":"binary","error":true},"score":0,"weight":1,"id":"http-status-code","group":"seo-crawl"},{"result":{"displayValue":"","score":true,"helpText":"Descriptive link text helps search engines understand your content. [Learn more](https://developers.google.com/web/tools/lighthouse/audits/descriptive-link-text).","rawValue":true,"name":"link-text","description":"Links have descriptive text","scoringMode":"binary","details":{"itemHeaders":[{"itemType":"url","text":"Link destination","type":"text"},{"itemType":"text","text":"Link Text","type":"text"}],"header":"View Details","type":"table","items":[]}},"score":100,"weight":1,"id":"link-text","group":"seo-content"},{"result":{"displayValue":"","score":null,"debugString":"Audit error: Unable to identify the main resource","helpText":"Search engines are unable to include your pages in search results if they don't have permission to crawl them. [Learn more](https://developers.google.com/web/tools/lighthouse/audits/indexing).","rawValue":null,"name":"is-crawlable","description":"Page is blocked from indexing","scoringMode":"binary","error":true},"score":0,"weight":1,"id":"is-crawlable","group":"seo-crawl"},{"result":{"displayValue":"","score":null,"debugString":"Audit error: Unable to identify the main resource","helpText":"hreflang allows crawlers to discover alternate translations of the page content. [Learn more](https://support.google.com/webmasters/answer/189077).","rawValue":null,"name":"hreflang","description":"Document doesn't have a valid `hreflang`","scoringMode":"binary","error":true},"score":0,"weight":1,"id":"hreflang","group":"seo-content"},{"result":{"displayValue":"","score":null,"debugString":"Audit error: Unable to identify the main resource","helpText":"Canonical links suggest which URL to show in search results. [Learn more](https://developers.google.com/web/tools/lighthouse/audits/canonical).","rawValue":null,"name":"canonical","description":"Document does not have a valid `rel=canonical`","scoringMode":"binary","error":true},"score":0,"weight":1,"id":"canonical","group":"seo-content"},{"result":{"displayValue":"","score":true,"debugString":null,"helpText":"Font sizes less than 12px are too small to be legible and require mobile visitors to \u201cpinch to zoom\u201d in order to read. Strive to have >60% of page text ≥12px. [Learn more](https://developers.google.com/web/tools/lighthouse/audits/font-sizes).","rawValue":true,"name":"font-size","description":"Document uses legible font sizes","scoringMode":"binary","details":{"itemHeaders":[{"itemType":"url","text":"Source","type":"text"},{"itemType":"code","text":"Selector","type":"text"},{"itemType":"text","text":"% of Page Text","type":"text"},{"itemType":"text","text":"Font Size","type":"text"}],"header":"View Details","type":"table","items":[[{"text":"Legible text","type":"url"},{"text":null,"type":"code"},{"text":"100.00%","type":"text"},{"text":"≥ 12px","type":"text"}]]}},"score":100,"weight":1,"id":"font-size","group":"seo-mobile"},{"result":{"displayValue":"","score":true,"helpText":"Most mobile devices do not support plugins, and many desktop browsers restrict them.","rawValue":true,"name":"plugins","description":"Document avoids plugins","scoringMode":"binary","details":{"itemHeaders":[{"itemType":"code","text":"Element source","type":"text"}],"header":"View Details","type":"table","items":[]}},"score":100,"weight":1,"id":"plugins","group":"seo-content"},{"result":{"displayValue":"","score":false,"helpText":"Take the [Mobile-Friendly Test](https://search.google.com/test/mobile-friendly) to check for audits not covered by Lighthouse, like sizing tap targets appropriately. [Learn more](https://developers.google.com/search/mobile-sites/).","rawValue":false,"name":"mobile-friendly","description":"Page is mobile friendly","scoringMode":"binary","informative":true,"manual":true},"score":0,"weight":0,"id":"mobile-friendly","group":"manual-seo-checks"},{"result":{"displayValue":"","score":false,"helpText":"Run the [Structured Data Testing Tool](https://search.google.com/structured-data/testing-tool/) and the [Structured Data Linter](http://linter.structured-data.org/) to validate structured data. [Learn more](https://developers.google.com/search/docs/guides/mark-up-content).","rawValue":false,"name":"structured-data","description":"Structured data is valid","scoringMode":"binary","informative":true,"manual":true},"score":0,"weight":0,"id":"structured-data","group":"manual-seo-checks"}]}],"timing":{"total":19151},"reportGroups":{"a11y-color-contrast":{"description":"These are opportunities to improve the legibility of your content.","title":"Color Contrast Is Satisfactory"},"perf-metric":{"description":"These metrics encapsulate your web app's performance across a number of dimensions.","title":"Metrics"},"a11y-aria":{"description":"These are opportunities to improve the usage of ARIA in your application which may enhance the experience for users of assistive technology, like a screen reader.","title":"ARIA Attributes Follow Best Practices"},"a11y-element-names":{"description":"These are opportunities to improve the semantics of the controls in your application. This may enhance the experience for users of assistive technology, like a screen reader.","title":"Elements Have Discernible Names"},"a11y-well-structured":{"description":"These are opportunities to make sure your HTML is appropriately structured.","title":"Elements Are Well Structured"},"seo-content":{"description":"Format your HTML in a way that enables crawlers to better understand your app\u2019s content.","title":"Content Best Practices"},"a11y-correct-attributes":{"description":"These are opportunities to improve the configuration of your HTML elements.","title":"Elements Use Attributes Correctly"},"perf-hint":{"description":"These are opportunities to speed up your application by optimizing the following resources.","title":"Opportunities"},"seo-crawl":{"description":"To appear in search results, crawlers need access to your app.","title":"Crawling and Indexing"},"a11y-describe-contents":{"description":"These are opportunities to make your content easier to understand for a user of assistive technology, like a screen reader.","title":"Elements Describe Contents Well"},"a11y-language":{"description":"These are opportunities to improve the interpretation of your content by users in different locales.","title":"Page Specifies Valid Language"},"manual-a11y-checks":{"description":"These items address areas which an automated testing tool cannot cover. Learn more in our guide on [conducting an accessibility review](https://developers.google.com/web/fundamentals/accessibility/how-to-review).","title":"Additional items to manually check"},"seo-mobile":{"description":"Make sure your pages are mobile friendly so users don\u2019t have to pinch or zoom in order to read the content pages. [Learn more](https://developers.google.com/search/mobile-sites/).","title":"Mobile Friendly"},"perf-info":{"description":"More information about the performance of your application.","title":"Diagnostics"},"manual-pwa-checks":{"description":"These checks are required by the baseline [PWA Checklist](https://developers.google.com/web/progressive-web-apps/checklist) but are not automatically checked by Lighthouse. They do not affect your score but it's important that you verify them manually.","title":"Additional items to manually check"},"a11y-meta":{"description":"These are opportunities to improve the user experience of your site.","title":"Meta Tags Used Properly"},"manual-seo-checks":{"description":"Run these additional validators on your site to check additional SEO best practices.","title":"Additional items to manually check"}},"runWarnings":[],"userAgent":"Mozilla/5.0 (X11; Linux x86_64) AppleWebKit/537.36 (KHTML, like Gecko) HeadlessChrome/69.0.3458.0 Safari/537.36","runtimeConfig":{"blockedUrlPatterns":[],"environment":[{"name":"Device Emulation","description":"Nexus 5X","enabled":true},{"name":"Network Throttling","description":"562.5ms RTT, 1.4Mbps down, 0.7Mbps up","enabled":true},{"name":"CPU Throttling","description":"4x slowdown","enabled":true}],"extraHeaders":{}},"lighthouseVersion":"2.9.4","audits":{"plugins":{"displayValue":"","score":true,"helpText":"Most mobile devices do not support plugins, and many desktop browsers restrict them.","rawValue":true,"name":"plugins","description":"Document avoids plugins","scoringMode":"binary","details":{"itemHeaders":[{"itemType":"code","text":"Element source","type":"text"}],"header":"View Details","type":"table","items":[]}},"aria-required-parent":{"displayValue":"","score":false,"helpText":"Some ARIA child roles must be contained by specific parent roles to properly perform their intended accessibility functions. [Learn more](https://dequeuniversity.com/rules/axe/2.2/aria-required-parent?application=lighthouse).","rawValue":false,"name":"aria-required-parent","description":"`[role]`s are not contained by their required parent element","scoringMode":"binary","informative":true,"notApplicable":true},"custom-controls-labels":{"displayValue":"","score":false,"helpText":"Custom interactive controls have associated labels, provided by aria-label or aria-labelledby. [Learn more](https://developers.google.com/web/fundamentals/accessibility/how-to-review#try_it_with_a_screen_reader).","rawValue":false,"name":"custom-controls-labels","description":"Custom controls have associated labels","scoringMode":"binary","informative":true,"manual":true},"link-name":{"displayValue":"","score":true,"helpText":"Link text (and alternate text for images, when used as links) that is discernible, unique, and focusable improves the navigation experience for screen reader users. [Learn more](https://dequeuniversity.com/rules/axe/2.2/link-name?application=lighthouse).","rawValue":true,"extendedInfo":{},"name":"link-name","description":"Links have a discernible name","scoringMode":"binary","details":{"header":{"text":"View failing elements","type":"text"},"type":"list","items":[]}},"offscreen-images":{"displayValue":"","score":100,"helpText":"Consider lazy-loading offscreen and hidden images to improve page load speed and time to interactive. [Learn more](https://developers.google.com/web/tools/lighthouse/audits/offscreen-images).","rawValue":0,"extendedInfo":{"value":{"wastedKb":0,"wastedMs":0,"results":[]}},"name":"offscreen-images","description":"Offscreen images","scoringMode":"binary","informative":true,"details":{"itemHeaders":[{"itemType":"thumbnail","text":"","type":"text"},{"itemType":"url","text":"URL","type":"text"},{"itemType":"text","text":"Original","type":"text"},{"itemType":"text","text":"Potential Savings","type":"text"}],"header":"View Details","type":"table","items":[]}},"first-interactive":{"displayValue":"6,460 ms","score":71,"helpText":"First Interactive marks the time at which the page is minimally interactive. [Learn more](https://developers.google.com/web/tools/lighthouse/audits/first-interactive).","rawValue":6460.149,"extendedInfo":{"value":{"timeInMs":6460.149,"timestamp":8650059653847}},"name":"first-interactive","description":"First Interactive (beta)","scoringMode":"numeric"},"button-name":{"displayValue":"","score":false,"helpText":"When a button doesn't have an accessible name, screen readers announce it as \"button\", making it unusable for users who rely on screen readers. [Learn more](https://dequeuniversity.com/rules/axe/2.2/button-name?application=lighthouse).","rawValue":false,"extendedInfo":{"value":{"help":"Buttons must have discernible text","nodes":[{"failureSummary":"Fix all of the following:\n  Element is in tab order and does not have accessible text\n\nFix any of the following:\n  Element has a value attribute and the value attribute is empty\n  Element has no value attribute or the value attribute is empty\n  Element does not have inner text that is visible to screen readers\n  aria-label attribute does not exist or is empty\n  aria-labelledby attribute does not exist, references elements that do not exist or references elements that are empty or not visible\n  Element's default semantics were not overridden with role=\"presentation\"\n  Element's default semantics were not overridden with role=\"none\"","snippet":"<button type=\"button\" class=\"toolbar__side-icon btn btn--icon\">","path":"1,HTML,2,BODY,0,MAIN,0,DIV,1,DIV,2,NAV,0,DIV,0,BUTTON","impact":"critical","html":"<button type=\"button\" class=\"toolbar__side-icon btn btn--icon\"><div class=\"btn__content\"><i aria-hidden=\"true\" class=\"icon material-icons\">menu<\/i><\/div><\/button>","target":[".toolbar__side-icon"]},{"failureSummary":"Fix all of the following:\n  Element is in tab order and does not have accessible text\n\nFix any of the following:\n  Element has a value attribute and the value attribute is empty\n  Element has no value attribute or the value attribute is empty\n  Element does not have inner text that is visible to screen readers\n  aria-label attribute does not exist or is empty\n  aria-labelledby attribute does not exist, references elements that do not exist or references elements that are empty or not visible\n  Element's default semantics were not overridden with role=\"presentation\"\n  Element's default semantics were not overridden with role=\"none\"","snippet":"<button type=\"button\" class=\"btn btn--icon\">","path":"1,HTML,2,BODY,0,MAIN,0,DIV,1,DIV,2,NAV,0,DIV,4,SPAN,0,SPAN,0,BUTTON","impact":"critical","html":"<button type=\"button\" class=\"btn btn--icon\"><div class=\"btn__content\"><i aria-hidden=\"true\" class=\"icon fa fa-sign-out\"><\/i><\/div><\/button>","target":["span > .btn--icon"]}],"impact":"critical","description":"Ensures buttons have discernible text","helpUrl":"https://dequeuniversity.com/rules/axe/3.0/button-name?application=axeAPI","id":"button-name","tags":["cat.name-role-value","wcag2a","wcag412","section508","section508.22.a"]}},"name":"button-name","description":"Buttons do not have an accessible name","scoringMode":"binary","details":{"header":{"text":"View failing elements","type":"text"},"type":"list","items":[{"snippet":"<button type=\"button\" class=\"toolbar__side-icon btn btn--icon\">","path":"1,HTML,2,BODY,0,MAIN,0,DIV,1,DIV,2,NAV,0,DIV,0,BUTTON","selector":".toolbar__side-icon","type":"node"},{"snippet":"<button type=\"button\" class=\"btn btn--icon\">","path":"1,HTML,2,BODY,0,MAIN,0,DIV,1,DIV,2,NAV,0,DIV,4,SPAN,0,SPAN,0,BUTTON","selector":"span > .btn--icon","type":"node"}]}},"unminified-css":{"displayValue":"","score":100,"helpText":"Minifying CSS files can reduce network payload sizes. [Learn more](https://developers.google.com/speed/docs/insights/MinifyResources).","rawValue":0,"extendedInfo":{"value":{"wastedKb":0,"wastedMs":0,"results":[]}},"name":"unminified-css","description":"Minify CSS","scoringMode":"binary","informative":true,"details":{"itemHeaders":[{"itemType":"url","text":"URL","type":"text"},{"itemType":"text","text":"Original","type":"text"},{"itemType":"text","text":"Potential Savings","type":"text"}],"header":"View Details","type":"table","items":[]}},"input-image-alt":{"displayValue":"","score":false,"helpText":"When an image is being used as an `<input>` button, providing alternative text can help screen reader users understand the purpose of the button. [Learn more](https://dequeuniversity.com/rules/axe/2.2/input-image-alt?application=lighthouse).","rawValue":false,"name":"input-image-alt","description":"`<input type=\"image\">` elements do not have `[alt]` text","scoringMode":"binary","informative":true,"notApplicable":true},"uses-http2":{"displayValue":"5 requests were not handled over HTTP/2","score":false,"helpText":"HTTP/2 offers many benefits over HTTP/1.1, including binary headers, multiplexing, and server push. [Learn more](https://developers.google.com/web/tools/lighthouse/audits/http2).","rawValue":false,"extendedInfo":{"value":{"results":[{"protocol":"http/1.1","url":"http://web/"},{"protocol":"http/1.1","url":"http://web/static/js/manifest.9f020e973ae4037504f6.js"},{"protocol":"http/1.1","url":"http://web/static/js/vendor.d1efda22f11e965a5228.js"},{"protocol":"http/1.1","url":"http://web/static/js/app.310cd52123c59f9f64a5.js"},{"protocol":"http/1.1","url":"http://web/static/css/app.a1bcfeb0daa2a3f727390086fd42ee9d.css"}]}},"name":"uses-http2","description":"Does not use HTTP/2 for all of its resources","scoringMode":"binary","details":{"itemHeaders":[{"itemType":"url","text":"URL","type":"text"},{"itemType":"text","text":"Protocol","type":"text"}],"header":"View Details","type":"table","items":[[{"text":"http://web/","type":"url"},{"text":"http/1.1","type":"text"}],[{"text":"http://web/static/js/manifest.9f020e973ae4037504f6.js","type":"url"},{"text":"http/1.1","type":"text"}],[{"text":"http://web/static/js/vendor.d1efda22f11e965a5228.js","type":"url"},{"text":"http/1.1","type":"text"}],[{"text":"http://web/static/js/app.310cd52123c59f9f64a5.js","type":"url"},{"text":"http/1.1","type":"text"}],[{"text":"http://web/static/css/app.a1bcfeb0daa2a3f727390086fd42ee9d.css","type":"url"},{"text":"http/1.1","type":"text"}]]}},"th-has-data-cells":{"displayValue":"","score":false,"helpText":"Screen readers have features to make navigating tables easier. Ensuring table headers always refer to some set of cells may improve the experience for screen reader users. [Learn more](https://dequeuniversity.com/rules/axe/2.2/th-has-data-cells?application=lighthouse).","rawValue":false,"name":"th-has-data-cells","description":"`<th>` elements and elements with `[role=\"columnheader\"/\"rowheader\"]` do not have data cells they describe.","scoringMode":"binary","informative":true,"notApplicable":true},"tabindex":{"displayValue":"","score":true,"helpText":"A value greater than 0 implies an explicit navigation ordering. Although technically valid, this often creates frustrating experiences for users who rely on assistive technologies. [Learn more](https://dequeuniversity.com/rules/axe/2.2/tabindex?application=lighthouse).","rawValue":true,"extendedInfo":{},"name":"tabindex","description":"No element has a `[tabindex]` value greater than 0","scoringMode":"binary","details":{"header":{"text":"View failing elements","type":"text"},"type":"list","items":[]}},"uses-long-cache-ttl":{"displayValue":"0 assets found","score":100,"helpText":"A long cache lifetime can speed up repeat visits to your page. [Learn more](https://developers.google.com/web/fundamentals/performance/optimizing-content-efficiency/http-caching#cache-control).","rawValue":0,"extendedInfo":{"value":{"queryStringCount":0,"results":[]}},"name":"uses-long-cache-ttl","description":"Uses efficient cache policy on static assets","scoringMode":"numeric","details":{"itemHeaders":[{"itemType":"url","text":"URL","type":"text"},{"itemType":"text","text":"Cache TTL","type":"text"},{"itemType":"text","text":"Size (KB)","type":"text"}],"header":"View Details","type":"table","items":[]}},"without-javascript":{"displayValue":"","score":false,"debugString":"The page body should render some content if its scripts are not available.","helpText":"Your app should display some content when JavaScript is disabled, even if it's just a warning to the user that JavaScript is required to use the app. [Learn more](https://developers.google.com/web/tools/lighthouse/audits/no-js).","rawValue":false,"name":"without-javascript","description":"Does not provide fallback content when JavaScript is not available","scoringMode":"binary"},"uses-responsive-images":{"displayValue":"","score":100,"helpText":"Serve images that are appropriately-sized to save cellular data and improve load time. [Learn more](https://developers.google.com/web/tools/lighthouse/audits/oversized-images).","rawValue":0,"extendedInfo":{"value":{"wastedKb":0,"wastedMs":0,"results":[]}},"name":"uses-responsive-images","description":"Properly size images","scoringMode":"binary","informative":true,"details":{"itemHeaders":[{"itemType":"thumbnail","text":"","type":"text"},{"itemType":"url","text":"URL","type":"text"},{"itemType":"text","text":"Original","type":"text"},{"itemType":"text","text":"Potential Savings","type":"text"}],"header":"View Details","type":"table","items":[]}},"frame-title":{"displayValue":"","score":false,"helpText":"Screen reader users rely on frame titles to describe the contents of frames. [Learn more](https://dequeuniversity.com/rules/axe/2.2/frame-title?application=lighthouse).","rawValue":false,"name":"frame-title","description":"`<frame>` or `<iframe>` elements do not have a title","scoringMode":"binary","informative":true,"notApplicable":true},"link-blocking-first-paint":{"displayValue":"","score":100,"helpText":"External stylesheets are blocking the first paint of your page. Consider delivering critical CSS via `<style>` tags and deferring non-critical styles. [Learn more](https://developers.google.com/web/tools/lighthouse/audits/blocking-resources).","rawValue":0,"extendedInfo":{"value":{"wastedMs":"0 ms","results":[]}},"name":"link-blocking-first-paint","description":"Reduce render-blocking stylesheets","scoringMode":"binary","informative":true,"details":{"itemHeaders":[{"itemType":"url","text":"URL","type":"text"},{"itemType":"text","text":"Size (KB)","type":"text"},{"itemType":"text","text":"Delayed Paint By (ms)","type":"text"}],"header":"View Details","type":"table","items":[]}},"mobile-friendly":{"displayValue":"","score":false,"helpText":"Take the [Mobile-Friendly Test](https://search.google.com/test/mobile-friendly) to check for audits not covered by Lighthouse, like sizing tap targets appropriately. [Learn more](https://developers.google.com/search/mobile-sites/).","rawValue":false,"name":"mobile-friendly","description":"Page is mobile friendly","scoringMode":"binary","informative":true,"manual":true},"script-blocking-first-paint":{"displayValue":"","score":100,"helpText":"Script elements are blocking the first paint of your page. Consider inlining critical scripts and deferring non-critical ones. [Learn more](https://developers.google.com/web/tools/lighthouse/audits/blocking-resources).","rawValue":0,"extendedInfo":{"value":{"wastedMs":"0 ms","results":[]}},"name":"script-blocking-first-paint","description":"Reduce render-blocking scripts","scoringMode":"binary","informative":true,"details":{"itemHeaders":[{"itemType":"url","text":"URL","type":"text"},{"itemType":"text","text":"Size (KB)","type":"text"},{"itemType":"text","text":"Delayed Paint By (ms)","type":"text"}],"header":"View Details","type":"table","items":[]}},"managed-focus":{"displayValue":"","score":false,"helpText":"If new content, such as a dialog, is added to the page, the user's focus is directed to it. [Learn more](https://developers.google.com/web/fundamentals/accessibility/how-to-review#start_with_the_keyboard).","rawValue":false,"name":"managed-focus","description":"The user's focus is directed to new content added to the page","scoringMode":"binary","informative":true,"manual":true},"pwa-cross-browser":{"displayValue":"","score":false,"helpText":"To reach the most number of users, sites should work across every major browser. [Learn more](https://developers.google.com/web/progressive-web-apps/checklist#site-works-cross-browser).","rawValue":false,"name":"pwa-cross-browser","description":"Site works cross-browser","scoringMode":"binary","informative":true,"manual":true},"time-to-first-byte":{"displayValue":"","score":null,"debugString":"Audit error: Cannot read property '_timing' of undefined","helpText":"Time To First Byte identifies the time at which your server sends a response. [Learn more](https://developers.google.com/web/tools/chrome-devtools/network-performance/issues).","rawValue":null,"name":"time-to-first-byte","description":"Keep server response times low (TTFB)","scoringMode":"binary","informative":true,"error":true},"video-description":{"displayValue":"","score":false,"helpText":"Audio descriptions provide relevant information for videos that dialogue cannot, such as facial expressions and scenes. [Learn more](https://dequeuniversity.com/rules/axe/2.2/video-description?application=lighthouse).","rawValue":false,"name":"video-description","description":"`<video>` elements do not contain a `<track>` element with `[kind=\"description\"]`.","scoringMode":"binary","informative":true,"notApplicable":true},"document-title":{"displayValue":"","score":true,"helpText":"The title gives screen reader users an overview of the page, and search engine users rely on it heavily to determine if a page is relevant to their search. [Learn more](https://developers.google.com/web/tools/lighthouse/audits/title).","rawValue":true,"extendedInfo":{},"name":"document-title","description":"Document has a `<title>` element","scoringMode":"binary","details":{"header":{"text":"View failing elements","type":"text"},"type":"list","items":[]}},"external-anchors-use-rel-noopener":{"displayValue":"","score":true,"helpText":"Open new tabs using `rel=\"noopener\"` to improve performance and prevent security vulnerabilities. [Learn more](https://developers.google.com/web/tools/lighthouse/audits/noopener).","rawValue":true,"extendedInfo":{"value":[]},"name":"external-anchors-use-rel-noopener","description":"Opens external anchors using `rel=\"noopener\"`","scoringMode":"binary","details":{"itemHeaders":[{"itemType":"url","text":"URL","type":"text"},{"itemType":"text","text":"Target","type":"text"},{"itemType":"text","text":"Rel","type":"text"}],"header":"View Details","type":"table","items":[]}},"total-byte-weight":{"displayValue":"Total size was 400 KB","score":100,"helpText":"Large network payloads cost users real money and are highly correlated with long load times. [Learn more](https://developers.google.com/web/tools/lighthouse/audits/network-payloads).","rawValue":409855,"extendedInfo":{"value":{"totalCompletedRequests":11,"results":[{"totalKb":"227 KB","totalMs":"1,240 ms","totalBytes":232785,"url":"http://web/static/js/vendor.d1efda22f11e965a5228.js"},{"totalKb":"48 KB","totalMs":"260 ms","totalBytes":49163,"url":"https://fonts.gstatic.com/s/materialicons/v37/flUhRq6tzZclQEJ-Vdg-IuiaDsNc.woff2"},{"totalKb":"46 KB","totalMs":"250 ms","totalBytes":47366,"url":"https://cdnjs.cloudflare.com/ajax/libs/Chart.js/2.7.1/Chart.min.js"},{"totalKb":"32 KB","totalMs":"170 ms","totalBytes":32261,"url":"http://web/static/css/app.a1bcfeb0daa2a3f727390086fd42ee9d.css"},{"totalKb":"15 KB","totalMs":"80 ms","totalBytes":15817,"url":"https://fonts.gstatic.com/s/roboto/v18/KFOlCnqEu92Fr1MmEU9fBBc4.woff2"},{"totalKb":"15 KB","totalMs":"80 ms","totalBytes":15461,"url":"https://fonts.gstatic.com/s/roboto/v18/KFOmCnqEu92Fr1Mu4mxK.woff2"},{"totalKb":"12 KB","totalMs":"70 ms","totalBytes":12691,"url":"http://web/static/js/app.310cd52123c59f9f64a5.js"},{"totalKb":"1 KB","totalMs":"10 ms","totalBytes":1524,"url":"https://unpkg.com/vue-chartjs@3.3.2/dist/vue-chartjs.min.js"},{"totalKb":"1 KB","totalMs":"10 ms","totalBytes":1211,"url":"http://web/"},{"totalKb":"1 KB","totalMs":"10 ms","totalBytes":1171,"url":"http://web/static/js/manifest.9f020e973ae4037504f6.js"}]}},"name":"total-byte-weight","description":"Avoids enormous network payloads","scoringMode":"numeric","details":{"itemHeaders":[{"itemType":"url","text":"URL","type":"text"},{"itemType":"text","text":"Total Size","type":"text"},{"itemType":"text","text":"Transfer Time","type":"text"}],"header":"View Details","type":"table","items":[[{"text":"http://web/static/js/vendor.d1efda22f11e965a5228.js","type":"url"},{"text":"227 KB","type":"text"},{"text":"1,240 ms","type":"text"}],[{"text":"https://fonts.gstatic.com/s/materialicons/v37/flUhRq6tzZclQEJ-Vdg-IuiaDsNc.woff2","type":"url"},{"text":"48 KB","type":"text"},{"text":"260 ms","type":"text"}],[{"text":"https://cdnjs.cloudflare.com/ajax/libs/Chart.js/2.7.1/Chart.min.js","type":"url"},{"text":"46 KB","type":"text"},{"text":"250 ms","type":"text"}],[{"text":"http://web/static/css/app.a1bcfeb0daa2a3f727390086fd42ee9d.css","type":"url"},{"text":"32 KB","type":"text"},{"text":"170 ms","type":"text"}],[{"text":"https://fonts.gstatic.com/s/roboto/v18/KFOlCnqEu92Fr1MmEU9fBBc4.woff2","type":"url"},{"text":"15 KB","type":"text"},{"text":"80 ms","type":"text"}],[{"text":"https://fonts.gstatic.com/s/roboto/v18/KFOmCnqEu92Fr1Mu4mxK.woff2","type":"url"},{"text":"15 KB","type":"text"},{"text":"80 ms","type":"text"}],[{"text":"http://web/static/js/app.310cd52123c59f9f64a5.js","type":"url"},{"text":"12 KB","type":"text"},{"text":"70 ms","type":"text"}],[{"text":"https://unpkg.com/vue-chartjs@3.3.2/dist/vue-chartjs.min.js","type":"url"},{"text":"1 KB","type":"text"},{"text":"10 ms","type":"text"}],[{"text":"http://web/","type":"url"},{"text":"1 KB","type":"text"},{"text":"10 ms","type":"text"}],[{"text":"http://web/static/js/manifest.9f020e973ae4037504f6.js","type":"url"},{"text":"1 KB","type":"text"},{"text":"10 ms","type":"text"}]]}},"logical-tab-order":{"displayValue":"","score":false,"helpText":"Tabbing through the page follows the visual layout. Users cannot focus elements that are offscreen. [Learn more](https://developers.google.com/web/fundamentals/accessibility/how-to-review#start_with_the_keyboard).","rawValue":false,"name":"logical-tab-order","description":"The page has a logical tab order","scoringMode":"binary","informative":true,"manual":true},"meta-refresh":{"displayValue":"","score":false,"helpText":"Users do not expect a page to refresh automatically, and doing so will move focus back to the top of the page. This may create a frustrating or confusing experience. [Learn more](https://dequeuniversity.com/rules/axe/2.2/meta-refresh?application=lighthouse).","rawValue":false,"name":"meta-refresh","description":"The document uses `<meta http-equiv=\"refresh\">`","scoringMode":"binary","informative":true,"notApplicable":true},"deprecations":{"displayValue":"","score":true,"helpText":"Deprecated APIs will eventually be removed from the browser. [Learn more](https://www.chromestatus.com/features#deprecated).","rawValue":true,"extendedInfo":{"value":[]},"name":"deprecations","description":"Avoids deprecated APIs","scoringMode":"binary","details":{"itemHeaders":[{"itemType":"code","text":"Deprecation / Warning","type":"text"},{"itemType":"url","text":"URL","type":"text"},{"itemType":"text","text":"Line","type":"text"}],"header":"View Details","type":"table","items":[]}},"network-requests":{"displayValue":"11","score":100,"helpText":"Lists the network requests that were made during page load.","rawValue":11,"extendedInfo":{"value":[{"transferSize":1211,"startTime":0,"endTime":638.9249991625547,"mimeType":"text/html","url":"http://web/","statusCode":200,"resourceType":"document"},{"transferSize":1171,"startTime":755.621999502182,"endTime":1328.4680005162954,"mimeType":"application/javascript","url":"http://web/static/js/manifest.9f020e973ae4037504f6.js","statusCode":200,"resourceType":"script"},{"transferSize":232785,"startTime":755.7720001786947,"endTime":2917.8979992866516,"mimeType":"application/javascript","url":"http://web/static/js/vendor.d1efda22f11e965a5228.js","statusCode":200,"resourceType":"script"},{"transferSize":12691,"startTime":755.9009995311499,"endTime":1470.6410001963377,"mimeType":"application/javascript","url":"http://web/static/js/app.310cd52123c59f9f64a5.js","statusCode":200,"resourceType":"script"},{"transferSize":47366,"startTime":790.370000526309,"endTime":2162.829000502825,"mimeType":"application/javascript","url":"https://cdnjs.cloudflare.com/ajax/libs/Chart.js/2.7.1/Chart.min.js","statusCode":200,"resourceType":"script"},{"transferSize":405,"startTime":790.8159997314215,"endTime":1663.72200101614,"mimeType":"text/plain","url":"https://unpkg.com/vue-chartjs/dist/vue-chartjs.min.js","statusCode":302},{"transferSize":1524,"startTime":1664.8290008306503,"endTime":2258.2770008593798,"mimeType":"application/javascript","url":"https://unpkg.com/vue-chartjs@3.3.2/dist/vue-chartjs.min.js","statusCode":200,"resourceType":"script"},{"transferSize":32261,"startTime":4527.456000447273,"endTime":5278.87500077486,"mimeType":"text/css","url":"http://web/static/css/app.a1bcfeb0daa2a3f727390086fd42ee9d.css","statusCode":200,"resourceType":"stylesheet"},{"transferSize":15461,"startTime":5458.613000810146,"endTime":6342.342000454664,"mimeType":"font/woff2","url":"https://fonts.gstatic.com/s/roboto/v18/KFOmCnqEu92Fr1Mu4mxK.woff2","statusCode":200,"resourceType":"font"},{"transferSize":49163,"startTime":5458.761001005769,"endTime":6524.431999772787,"mimeType":"font/woff2","url":"https://fonts.gstatic.com/s/materialicons/v37/flUhRq6tzZclQEJ-Vdg-IuiaDsNc.woff2","statusCode":200,"resourceType":"font"},{"transferSize":15817,"startTime":5458.878999575973,"endTime":6334.002999588847,"mimeType":"font/woff2","url":"https://fonts.gstatic.com/s/roboto/v18/KFOlCnqEu92Fr1MmEU9fBBc4.woff2","statusCode":200,"resourceType":"font"}]},"name":"network-requests","description":"Network Requests","scoringMode":"binary","informative":true,"details":{"itemHeaders":[{"itemType":"url","text":"URL","type":"text"},{"itemType":"ms","text":"Start Time","type":"text"},{"itemType":"ms","text":"End Time","type":"text"},{"itemType":"bytes","text":"Transfer Size","type":"text"},{"itemType":"text","text":"Status Code","type":"text"},{"itemType":"text","text":"MIME Type","type":"text"},{"itemType":"text","text":"Resource Type","type":"text"}],"header":"View Details","type":"table","items":[[{"text":"http://web/","type":"url"},{"text":0,"type":"ms"},{"text":638.9249991625547,"type":"ms"},{"text":1211,"type":"bytes"},{"text":200,"type":"text"},{"text":"text/html","type":"text"},{"text":"document","type":"text"}],[{"text":"http://web/static/js/manifest.9f020e973ae4037504f6.js","type":"url"},{"text":755.621999502182,"type":"ms"},{"text":1328.4680005162954,"type":"ms"},{"text":1171,"type":"bytes"},{"text":200,"type":"text"},{"text":"application/javascript","type":"text"},{"text":"script","type":"text"}],[{"text":"http://web/static/js/vendor.d1efda22f11e965a5228.js","type":"url"},{"text":755.7720001786947,"type":"ms"},{"text":2917.8979992866516,"type":"ms"},{"text":232785,"type":"bytes"},{"text":200,"type":"text"},{"text":"application/javascript","type":"text"},{"text":"script","type":"text"}],[{"text":"http://web/static/js/app.310cd52123c59f9f64a5.js","type":"url"},{"text":755.9009995311499,"type":"ms"},{"text":1470.6410001963377,"type":"ms"},{"text":12691,"type":"bytes"},{"text":200,"type":"text"},{"text":"application/javascript","type":"text"},{"text":"script","type":"text"}],[{"text":"https://cdnjs.cloudflare.com/ajax/libs/Chart.js/2.7.1/Chart.min.js","type":"url"},{"text":790.370000526309,"type":"ms"},{"text":2162.829000502825,"type":"ms"},{"text":47366,"type":"bytes"},{"text":200,"type":"text"},{"text":"application/javascript","type":"text"},{"text":"script","type":"text"}],[{"text":"https://unpkg.com/vue-chartjs/dist/vue-chartjs.min.js","type":"url"},{"text":790.8159997314215,"type":"ms"},{"text":1663.72200101614,"type":"ms"},{"text":405,"type":"bytes"},{"text":302,"type":"text"},{"text":"text/plain","type":"text"},{"type":"text"}],[{"text":"https://unpkg.com/vue-chartjs@3.3.2/dist/vue-chartjs.min.js","type":"url"},{"text":1664.8290008306503,"type":"ms"},{"text":2258.2770008593798,"type":"ms"},{"text":1524,"type":"bytes"},{"text":200,"type":"text"},{"text":"application/javascript","type":"text"},{"text":"script","type":"text"}],[{"text":"http://web/static/css/app.a1bcfeb0daa2a3f727390086fd42ee9d.css","type":"url"},{"text":4527.456000447273,"type":"ms"},{"text":5278.87500077486,"type":"ms"},{"text":32261,"type":"bytes"},{"text":200,"type":"text"},{"text":"text/css","type":"text"},{"text":"stylesheet","type":"text"}],[{"text":"https://fonts.gstatic.com/s/roboto/v18/KFOmCnqEu92Fr1Mu4mxK.woff2","type":"url"},{"text":5458.613000810146,"type":"ms"},{"text":6342.342000454664,"type":"ms"},{"text":15461,"type":"bytes"},{"text":200,"type":"text"},{"text":"font/woff2","type":"text"},{"text":"font","type":"text"}],[{"text":"https://fonts.gstatic.com/s/materialicons/v37/flUhRq6tzZclQEJ-Vdg-IuiaDsNc.woff2","type":"url"},{"text":5458.761001005769,"type":"ms"},{"text":6524.431999772787,"type":"ms"},{"text":49163,"type":"bytes"},{"text":200,"type":"text"},{"text":"font/woff2","type":"text"},{"text":"font","type":"text"}],[{"text":"https://fonts.gstatic.com/s/roboto/v18/KFOlCnqEu92Fr1MmEU9fBBc4.woff2","type":"url"},{"text":5458.878999575973,"type":"ms"},{"text":6334.002999588847,"type":"ms"},{"text":15817,"type":"bytes"},{"text":200,"type":"text"},{"text":"font/woff2","type":"text"},{"text":"font","type":"text"}]]}},"link-text":{"displayValue":"","score":true,"helpText":"Descriptive link text helps search engines understand your content. [Learn more](https://developers.google.com/web/tools/lighthouse/audits/descriptive-link-text).","rawValue":true,"name":"link-text","description":"Links have descriptive text","scoringMode":"binary","details":{"itemHeaders":[{"itemType":"url","text":"Link destination","type":"text"},{"itemType":"text","text":"Link Text","type":"text"}],"header":"View Details","type":"table","items":[]}},"uses-rel-preload":{"displayValue":"","score":null,"debugString":"Audit error: Unable to identify the main resource","helpText":"Consider using <link rel=preload> to prioritize fetching late-discovered resources sooner [Learn more](https://developers.google.com/web/updates/2016/03/link-rel-preload).","rawValue":null,"name":"uses-rel-preload","description":"Preload key requests","scoringMode":"numeric","informative":true,"error":true},"dlitem":{"displayValue":"","score":false,"helpText":"Definition list items (`<dt>` and `<dd>`) must be wrapped in a parent `<dl>` element to ensure that screen readers can properly announce them. [Learn more](https://dequeuniversity.com/rules/axe/2.2/dlitem?application=lighthouse).","rawValue":false,"name":"dlitem","description":"Definition list items are not wrapped in `<dl>` elements","scoringMode":"binary","informative":true,"notApplicable":true},"uses-optimized-images":{"displayValue":"","score":100,"helpText":"Optimized images load faster and consume less cellular data. [Learn more](https://developers.google.com/web/tools/lighthouse/audits/optimize-images).","rawValue":0,"extendedInfo":{"value":{"wastedKb":0,"wastedMs":0,"results":[]}},"name":"uses-optimized-images","description":"Optimize images","scoringMode":"binary","informative":true,"details":{"itemHeaders":[{"itemType":"thumbnail","text":"","type":"text"},{"itemType":"url","text":"URL","type":"text"},{"itemType":"text","text":"Original","type":"text"},{"itemType":"text","text":"Potential Savings","type":"text"}],"header":"View Details","type":"table","items":[]}},"errors-in-console":{"displayValue":"","score":true,"helpText":"Errors logged to the console indicate unresolved problems. They can come from network request failures and other browser concerns.","rawValue":0,"name":"errors-in-console","description":"No browser errors logged to the console","scoringMode":"binary","details":{"itemHeaders":[{"itemType":"url","text":"URL","type":"text"},{"itemType":"code","text":"Description","type":"text"}],"header":"View Details","type":"table","items":[]}},"video-caption":{"displayValue":"","score":false,"helpText":"When a video provides a caption it is easier for deaf and hearing impaired users to access its information. [Learn more](https://dequeuniversity.com/rules/axe/2.2/video-caption?application=lighthouse).","rawValue":false,"name":"video-caption","description":"`<video>` elements do not contain a `<track>` element with `[kind=\"captions\"]`.","scoringMode":"binary","informative":true,"notApplicable":true},"td-headers-attr":{"displayValue":"","score":false,"helpText":"Screen readers have features to make navigating tables easier. Ensuring `<td>` cells using the `[headers]` attribute only refer to other cells in the same table may improve the experience for screen reader users. [Learn more](https://dequeuniversity.com/rules/axe/2.2/td-headers-attr?application=lighthouse).","rawValue":false,"name":"td-headers-attr","description":"Cells in a `<table>` element that use the `[headers]` attribute refers to other cells of that same table.","scoringMode":"binary","informative":true,"notApplicable":true},"offscreen-content-hidden":{"displayValue":"","score":false,"helpText":"Offscreen content is hidden with display: none or aria-hidden=true. [Learn more](https://developers.google.com/web/fundamentals/accessibility/how-to-review#try_it_with_a_screen_reader).","rawValue":false,"name":"offscreen-content-hidden","description":"Offscreen content is hidden from assistive technology","scoringMode":"binary","informative":true,"manual":true},"no-document-write":{"displayValue":"","score":true,"helpText":"For users on slow connections, external scripts dynamically injected via `document.write()` can delay page load by tens of seconds. [Learn more](https://developers.google.com/web/tools/lighthouse/audits/document-write).","rawValue":true,"extendedInfo":{"value":[]},"name":"no-document-write","description":"Avoids `document.write()`","scoringMode":"binary","details":{"itemHeaders":[{"itemType":"url","text":"URL","type":"text"},{"itemType":"text","text":"Location","type":"text"}],"header":"View Details","type":"table","items":[]}},"aria-valid-attr-value":{"displayValue":"","score":true,"helpText":"Assistive technologies, like screen readers, can't interpret ARIA attributes with invalid values. [Learn more](https://dequeuniversity.com/rules/axe/2.2/aria-valid-attr-value?application=lighthouse).","rawValue":true,"extendedInfo":{},"name":"aria-valid-attr-value","description":"`[aria-*]` attributes have valid values","scoringMode":"binary","details":{"header":{"text":"View failing elements","type":"text"},"type":"list","items":[]}},"pwa-each-page-has-url":{"displayValue":"","score":false,"helpText":"Ensure individual pages are deep linkable via the URLs and that URLs are unique for the purpose of shareability on social media. [Learn more](https://developers.google.com/web/progressive-web-apps/checklist#each-page-has-a-url).","rawValue":false,"name":"pwa-each-page-has-url","description":"Each page has a URL","scoringMode":"binary","informative":true,"manual":true},"custom-controls-roles":{"displayValue":"","score":false,"helpText":"Custom interactive controls have appropriate ARIA roles. [Learn more](https://developers.google.com/web/fundamentals/accessibility/how-to-review#try_it_with_a_screen_reader).","rawValue":false,"name":"custom-controls-roles","description":"Custom controls have ARIA roles","scoringMode":"binary","informative":true,"manual":true},"meta-description":{"displayValue":"","score":false,"helpText":"Meta descriptions may be included in search results to concisely summarize page content. [Learn more](https://developers.google.com/web/tools/lighthouse/audits/description).","rawValue":false,"name":"meta-description","description":"Document does not have a meta description","scoringMode":"binary"},"duplicate-id":{"displayValue":"","score":true,"helpText":"The value of an id attribute must be unique to prevent other instances from being overlooked by assistive technologies. [Learn more](https://dequeuniversity.com/rules/axe/2.2/duplicate-id?application=lighthouse).","rawValue":true,"extendedInfo":{},"name":"duplicate-id","description":"`[id]` attributes on the page are unique","scoringMode":"binary","details":{"header":{"text":"View failing elements","type":"text"},"type":"list","items":[]}},"focusable-controls":{"displayValue":"","score":false,"helpText":"Custom interactive controls are keyboard focusable and display a focus indicator. [Learn more](https://developers.google.com/web/fundamentals/accessibility/how-to-review#start_with_the_keyboard).","rawValue":false,"name":"focusable-controls","description":"Interactive controls are keyboard focusable","scoringMode":"binary","informative":true,"manual":true},"heading-levels":{"displayValue":"","score":false,"helpText":"Headings are used to create an outline for the page and heading levels are not skipped. [Learn more](https://developers.google.com/web/fundamentals/accessibility/how-to-review#take_advantage_of_headings_and_landmarks).","rawValue":false,"name":"heading-levels","description":"Headings don't skip levels","scoringMode":"binary","informative":true,"manual":true},"uses-request-compression":{"displayValue":"","score":100,"helpText":"Text-based responses should be served with compression (gzip, deflate or brotli) to minimize total network bytes. [Learn more](https://developers.google.com/web/fundamentals/performance/optimizing-content-efficiency/optimize-encoding-and-transfer).","rawValue":0,"extendedInfo":{"value":{"wastedKb":0,"wastedMs":0,"results":[]}},"name":"uses-request-compression","description":"Enable text compression","scoringMode":"binary","informative":true,"details":{"itemHeaders":[{"itemType":"url","text":"Uncompressed resource URL","type":"text"},{"itemType":"text","text":"Original","type":"text"},{"itemType":"text","text":"GZIP Savings","type":"text"}],"header":"View Details","type":"table","items":[]}},"appcache-manifest":{"displayValue":"","score":true,"debugString":"","helpText":"Application Cache is deprecated. [Learn more](https://developers.google.com/web/tools/lighthouse/audits/appcache).","rawValue":true,"name":"appcache-manifest","description":"Avoids Application Cache","scoringMode":"binary"},"themed-omnibox":{"displayValue":"","score":false,"debugString":"Failures: No manifest was fetched, No `<meta name=\"theme-color\">` tag found.","helpText":"The browser address bar can be themed to match your site. [Learn more](https://developers.google.com/web/tools/lighthouse/audits/address-bar).","rawValue":false,"extendedInfo":{"value":{"failures":["No manifest was fetched","No `<meta name=\"theme-color\">` tag found"],"themeColor":null,"manifestValues":{"parseFailureReason":"No manifest was fetched","allChecks":[],"isParseFailure":true}}},"name":"themed-omnibox","description":"Address bar does not match brand colors","scoringMode":"binary"},"color-contrast":{"displayValue":"","score":true,"helpText":"Low-contrast text is difficult or impossible for many users to read. [Learn more](https://dequeuniversity.com/rules/axe/2.2/color-contrast?application=lighthouse).","rawValue":true,"extendedInfo":{},"name":"color-contrast","description":"Background and foreground colors have a sufficient contrast ratio","scoringMode":"binary","details":{"header":{"text":"View failing elements","type":"text"},"type":"list","items":[]}},"listitem":{"displayValue":"","score":false,"helpText":"Screen readers require list items (`<li>`) to be contained within a parent `<ul>` or `<ol>` to be announced properly. [Learn more](https://dequeuniversity.com/rules/axe/2.2/listitem?application=lighthouse).","rawValue":false,"name":"listitem","description":"List items (`<li>`) are not contained within `<ul>` or `<ol>` parent elements.","scoringMode":"binary","informative":true,"notApplicable":true},"no-mutation-events":{"displayValue":"","score":true,"helpText":"Mutation Events are deprecated and harm performance. Consider using Mutation Observers instead. [Learn more](https://developers.google.com/web/tools/lighthouse/audits/mutation-events).","rawValue":true,"extendedInfo":{"value":{"results":[]}},"name":"no-mutation-events","description":"Avoids Mutation Events in its own scripts","scoringMode":"binary","details":{"itemHeaders":[{"itemType":"url","text":"URL","type":"text"},{"itemType":"code","text":"Event","type":"text"},{"itemType":"text","text":"Line","type":"text"},{"itemType":"text","text":"Col","type":"text"},{"itemType":"code","text":"Snippet","type":"text"}],"header":"View Details","type":"table","items":[]}},"audio-caption":{"displayValue":"","score":false,"helpText":"Captions make audio elements usable for deaf or hearing-impaired users, providing critical information such as who is talking, what they're saying, and other non-speech information. [Learn more](https://dequeuniversity.com/rules/axe/2.2/audio-caption?application=lighthouse).","rawValue":false,"name":"audio-caption","description":"`<audio>` elements are missing a `<track>` element with `[kind=\"captions\"]`.","scoringMode":"binary","informative":true,"notApplicable":true},"first-meaningful-paint":{"displayValue":"4,520 ms","score":40,"helpText":"First meaningful paint measures when the primary content of a page is visible. [Learn more](https://developers.google.com/web/tools/lighthouse/audits/first-meaningful-paint).","rawValue":4521.8,"extendedInfo":{"value":{"timestamps":{"fCP":8650057715484,"endOfTrace":8650064967436,"fMP":8650057715493,"onLoad":8650058566647,"navStart":8650053193698},"fmpFellBack":false,"timings":{"fCP":4521.786,"endOfTrace":11773.738,"fMP":4521.795,"onLoad":5372.949,"navStart":0}}},"name":"first-meaningful-paint","description":"First meaningful paint","scoringMode":"numeric"},"focus-traps":{"displayValue":"","score":false,"helpText":"A user can tab into and out of any control or region without accidentally trapping their focus. [Learn more](https://developers.google.com/web/fundamentals/accessibility/how-to-review#start_with_the_keyboard).","rawValue":false,"name":"focus-traps","description":"User focus is not accidentally trapped in a region","scoringMode":"binary","informative":true,"manual":true},"aria-allowed-attr":{"displayValue":"","score":true,"helpText":"Each ARIA `role` supports a specific subset of `aria-*` attributes. Mismatching these invalidates the `aria-*` attributes. [Learn more](https://dequeuniversity.com/rules/axe/2.2/aria-allowed-attr?application=lighthouse).","rawValue":true,"extendedInfo":{},"name":"aria-allowed-attr","description":"`[aria-*]` attributes match their roles","scoringMode":"binary","details":{"header":{"text":"View failing elements","type":"text"},"type":"list","items":[]}},"geolocation-on-start":{"displayValue":"","score":true,"helpText":"Users are mistrustful of or confused by sites that request their location without context. Consider tying the request to user gestures instead. [Learn more](https://developers.google.com/web/tools/lighthouse/audits/geolocation-on-load).","rawValue":true,"extendedInfo":{"value":[]},"name":"geolocation-on-start","description":"Avoids requesting the geolocation permission on page load","scoringMode":"binary","details":{"itemHeaders":[{"itemType":"url","text":"URL","type":"text"},{"itemType":"text","text":"Location","type":"text"}],"header":"View Details","type":"table","items":[]}},"image-aspect-ratio":{"displayValue":"","score":true,"helpText":"Image display dimensions should match natural aspect ratio.","rawValue":true,"name":"image-aspect-ratio","description":"Displays images with correct aspect ratio","scoringMode":"binary","details":{"itemHeaders":[{"itemType":"thumbnail","text":"","type":"text"},{"itemType":"url","text":"URL","type":"text"},{"itemType":"text","text":"Aspect Ratio (Displayed)","type":"text"},{"itemType":"text","text":"Aspect Ratio (Actual)","type":"text"}],"header":"View Details","type":"table","items":[]}},"valid-lang":{"displayValue":"","score":false,"helpText":"Specifying a valid [BCP 47 language](https://www.w3.org/International/questions/qa-choosing-language-tags#question) on elements helps ensure that text is pronounced correctly by a screen reader. [Learn more](https://dequeuniversity.com/rules/axe/2.2/valid-lang?application=lighthouse).","rawValue":false,"name":"valid-lang","description":"`[lang]` attributes do not have a valid value","scoringMode":"binary","informative":true,"notApplicable":true},"html-has-lang":{"displayValue":"","score":false,"helpText":"If a page doesn't specify a lang attribute, a screen reader assumes that the page is in the default language that the user chose when setting up the screen reader. If the page isn't actually in the default language, then the screen reader might not announce the page's text correctly. [Learn more](https://dequeuniversity.com/rules/axe/2.2/html-lang?application=lighthouse).","rawValue":false,"extendedInfo":{"value":{"help":"<html> element must have a lang attribute","nodes":[{"failureSummary":"Fix any of the following:\n  The <html> element does not have a lang attribute","snippet":"<html>","path":"1,HTML","impact":"serious","html":"<html>","target":["html"]}],"impact":"serious","description":"Ensures every HTML document has a lang attribute","helpUrl":"https://dequeuniversity.com/rules/axe/3.0/html-has-lang?application=axeAPI","id":"html-has-lang","tags":["cat.language","wcag2a","wcag311"]}},"name":"html-has-lang","description":"`<html>` element does not have a `[lang]` attribute","scoringMode":"binary","details":{"header":{"text":"View failing elements","type":"text"},"type":"list","items":[{"snippet":"<html>","path":"1,HTML","selector":"html","type":"node"}]}},"unminified-javascript":{"displayValue":"","score":100,"helpText":"Minifying JavaScript files can reduce payload sizes and script parse time. [Learn more](https://developers.google.com/speed/docs/insights/MinifyResources).","rawValue":0,"extendedInfo":{"value":{"wastedKb":0,"wastedMs":0,"results":[]}},"name":"unminified-javascript","description":"Minify JavaScript","scoringMode":"binary","informative":true,"details":{"itemHeaders":[{"itemType":"url","text":"URL","type":"text"},{"itemType":"text","text":"Original","type":"text"},{"itemType":"text","text":"Potential Savings","type":"text"}],"header":"View Details","type":"table","items":[]}},"object-alt":{"displayValue":"","score":false,"helpText":"Screen readers cannot translate non-text content. Adding alt text to `<object>` elements helps screen readers convey meaning to users. [Learn more](https://dequeuniversity.com/rules/axe/2.2/object-alt?application=lighthouse).","rawValue":false,"name":"object-alt","description":"`<object>` elements do not have `[alt]` text","scoringMode":"binary","informative":true,"notApplicable":true},"accesskeys":{"displayValue":"","score":false,"helpText":"Access keys let users quickly focus a part of the page. For proper navigation, each access key must be unique. [Learn more](https://dequeuniversity.com/rules/axe/2.2/accesskeys?application=lighthouse).","rawValue":false,"name":"accesskeys","description":"`[accesskey]` values are not unique","scoringMode":"binary","informative":true,"notApplicable":true},"image-alt":{"displayValue":"","score":false,"helpText":"Informative elements should aim for short, descriptive alternate text. Decorative elements can be ignored with an empty alt attribute.[Learn more](https://dequeuniversity.com/rules/axe/2.2/image-alt?application=lighthouse).","rawValue":false,"name":"image-alt","description":"Image elements do not have `[alt]` attributes","scoringMode":"binary","informative":true,"notApplicable":true},"notification-on-start":{"displayValue":"","score":true,"helpText":"Users are mistrustful of or confused by sites that request to send notifications without context. Consider tying the request to user gestures instead. [Learn more](https://developers.google.com/web/tools/lighthouse/audits/notifications-on-load).","rawValue":true,"extendedInfo":{"value":[]},"name":"notification-on-start","description":"Avoids requesting the notification permission on page load","scoringMode":"binary","details":{"itemHeaders":[{"itemType":"url","text":"URL","type":"text"},{"itemType":"text","text":"Location","type":"text"}],"header":"View Details","type":"table","items":[]}},"unused-css-rules":{"displayValue":"Potential savings of 35 KB (~190 ms)","score":90,"helpText":"Remove unused rules from stylesheets to reduce unnecessary bytes consumed by network activity. [Learn more](https://developers.google.com/speed/docs/insights/OptimizeCSSDelivery)","rawValue":190,"extendedInfo":{"value":{"wastedKb":35,"wastedMs":190,"results":[{"wastedKb":"29 KB","totalKb":"32 KB","wastedMs":"160 ms","totalMs":"170 ms","potentialSavings":"29 KB (93%)","totalBytes":32261,"wastedPercent":92.80281987684556,"wastedBytes":29939,"url":"http://web/static/css/app.a1bcfeb0daa2a3f727390086fd42ee9d.css"},{"wastedKb":"5 KB","totalKb":"6 KB","wastedMs":"30 ms","totalMs":"30 ms","potentialSavings":"5 KB (98%)","totalBytes":5722,"wastedPercent":98.2698357217756,"wastedBytes":5623,"url":{"text":"a { color: #1976d2; } ...","type":"code"}}]}},"name":"unused-css-rules","description":"Unused CSS rules","scoringMode":"binary","informative":true,"details":{"itemHeaders":[{"itemType":"url","text":"URL","type":"text"},{"itemType":"text","text":"Original","type":"text"},{"itemType":"text","text":"Potential Savings","type":"text"}],"header":"View Details","type":"table","items":[[{"text":"http://web/static/css/app.a1bcfeb0daa2a3f727390086fd42ee9d.css","type":"url"},{"text":"32 KB","type":"text"},{"text":"29 KB (93%)","type":"text"}],[{"text":"a { color: #1976d2; } ...","type":"code"},{"text":"6 KB","type":"text"},{"text":"5 KB (98%)","type":"text"}]]}},"structured-data":{"displayValue":"","score":false,"helpText":"Run the [Structured Data Testing Tool](https://search.google.com/structured-data/testing-tool/) and the [Structured Data Linter](http://linter.structured-data.org/) to validate structured data. [Learn more](https://developers.google.com/search/docs/guides/mark-up-content).","rawValue":false,"name":"structured-data","description":"Structured data is valid","scoringMode":"binary","informative":true,"manual":true},"content-width":{"displayValue":"","score":true,"debugString":"","helpText":"If the width of your app's content doesn't match the width of the viewport, your app might not be optimized for mobile screens. [Learn more](https://developers.google.com/web/tools/lighthouse/audits/content-sized-correctly-for-viewport).","rawValue":true,"name":"content-width","description":"Content is sized correctly for the viewport","scoringMode":"binary"},"mainthread-work-breakdown":{"displayValue":"2,800 ms","score":true,"helpText":"Consider reducing the time spent parsing, compiling and executing JS.You may find delivering smaller JS payloads helps with this.","rawValue":2799.5130100250244,"extendedInfo":{"value":{"Update Layer Tree":108.97500228881836,"Layout":432.32500076293945,"Recalculate Style":503.69400215148926,"Evaluate Script":1296.8040027618408,"Animation Frame Fired":8.261001586914062,"Minor GC":82.69900131225586,"Run Microtasks":63.02199935913086,"Parse HTML":62.446001052856445,"Paint":41.383995056152344,"Compile Script":44.90999984741211,"Composite Layers":77.99400329589844,"Parse Stylesheet":76.9990005493164}},"name":"mainthread-work-breakdown","description":"Main thread work breakdown","scoringMode":"binary","informative":true,"details":{"itemHeaders":[{"itemType":"text","text":"Category","type":"text"},{"itemType":"text","text":"Work","type":"text"},{"itemType":"text","text":"Time spent","type":"text"}],"header":"View Details","type":"table","items":[[{"text":"Script Evaluation","type":"text"},{"text":"Evaluate Script","type":"text"},{"text":"1,297 ms","type":"text"}],[{"text":"Script Evaluation","type":"text"},{"text":"Run Microtasks","type":"text"},{"text":"63 ms","type":"text"}],[{"text":"Script Evaluation","type":"text"},{"text":"Animation Frame Fired","type":"text"},{"text":"8 ms","type":"text"}],[{"text":"Style & Layout","type":"text"},{"text":"Recalculate Style","type":"text"},{"text":"504 ms","type":"text"}],[{"text":"Style & Layout","type":"text"},{"text":"Layout","type":"text"},{"text":"432 ms","type":"text"}],[{"text":"Compositing","type":"text"},{"text":"Update Layer Tree","type":"text"},{"text":"109 ms","type":"text"}],[{"text":"Compositing","type":"text"},{"text":"Composite Layers","type":"text"},{"text":"78 ms","type":"text"}],[{"text":"Parsing HTML & CSS","type":"text"},{"text":"Parse Stylesheet","type":"text"},{"text":"77 ms","type":"text"}],[{"text":"Parsing HTML & CSS","type":"text"},{"text":"Parse HTML","type":"text"},{"text":"62 ms","type":"text"}],[{"text":"Garbage collection","type":"text"},{"text":"Minor GC","type":"text"},{"text":"83 ms","type":"text"}],[{"text":"Script Parsing & Compile","type":"text"},{"text":"Compile Script","type":"text"},{"text":"45 ms","type":"text"}],[{"text":"Paint","type":"text"},{"text":"Paint","type":"text"},{"text":"41 ms","type":"text"}]]}},"canonical":{"displayValue":"","score":null,"debugString":"Audit error: Unable to identify the main resource","helpText":"Canonical links suggest which URL to show in search results. [Learn more](https://developers.google.com/web/tools/lighthouse/audits/canonical).","rawValue":null,"name":"canonical","description":"Document does not have a valid `rel=canonical`","scoringMode":"binary","error":true},"bootup-time":{"displayValue":"1,570 ms","score":true,"helpText":"Consider reducing the time spent parsing, compiling, and executing JS. You may find delivering smaller JS payloads helps with this. [Learn more](https://developers.google.com/web/lighthouse/audits/bootup).","rawValue":1573.503999710083,"extendedInfo":{"value":{"http://web/static/js/app.310cd52123c59f9f64a5.js":{"Script Evaluation":1173.697998046875,"Script Parsing & Compile":22.533000946044922},"http://web/static/js/vendor.d1efda22f11e965a5228.js":{"Style & Layout":178.41699981689453,"Script Parsing & Compile":14.004999160766602,"Script Evaluation":9.45100212097168},"https://unpkg.com/vue-chartjs@3.3.2/dist/vue-chartjs.min.js":{"Script Evaluation":6.445001602172852,"Script Parsing & Compile":4.004999160766602},"https://cdnjs.cloudflare.com/ajax/libs/Chart.js/2.7.1/Chart.min.js":{"Style & Layout":0.8509998321533203,"Script Evaluation":90.19700050354004,"Script Parsing & Compile":0.5679988861083984},"http://web/static/js/manifest.9f020e973ae4037504f6.js":{"Script Parsing & Compile":2.184000015258789,"Script Evaluation":1.4300003051757812},"http://web/":{"Style & Layout":0.0989990234375,"Script Evaluation":7.028999328613281,"Script Parsing & Compile":0.14599990844726562},"http://web/#/":{"Parsing HTML & CSS":62.446001052856445}}},"name":"bootup-time","description":"JavaScript boot-up time","scoringMode":"binary","details":{"itemHeaders":[{"itemType":"url","text":"URL","type":"text"},{"itemType":"text","text":"Script Evaluation","type":"text"},{"itemType":"text","text":"Script Parsing & Compile","type":"text"}],"header":"View Details","type":"table","items":[[{"text":"http://web/static/js/app.310cd52123c59f9f64a5.js","type":"url"},{"text":"1,174 ms","type":"text"},{"text":"23 ms","type":"text"}],[{"text":"https://cdnjs.cloudflare.com/ajax/libs/Chart.js/2.7.1/Chart.min.js","type":"url"},{"text":"90 ms","type":"text"},{"text":"1 ms","type":"text"}],[{"text":"http://web/static/js/vendor.d1efda22f11e965a5228.js","type":"url"},{"text":"9 ms","type":"text"},{"text":"14 ms","type":"text"}],[{"text":"https://unpkg.com/vue-chartjs@3.3.2/dist/vue-chartjs.min.js","type":"url"},{"text":"6 ms","type":"text"},{"text":"4 ms","type":"text"}]]}},"list":{"displayValue":"","score":false,"helpText":"Screen readers have a specific way of announcing lists. Ensuring proper list structure aids screen reader output. [Learn more](https://dequeuniversity.com/rules/axe/2.2/list?application=lighthouse).","rawValue":false,"name":"list","description":"Lists do not contain only `<li>` elements and script supporting elements (`<script>` and `<template>`).","scoringMode":"binary","informative":true,"notApplicable":true},"hreflang":{"displayValue":"","score":null,"debugString":"Audit error: Unable to identify the main resource","helpText":"hreflang allows crawlers to discover alternate translations of the page content. [Learn more](https://support.google.com/webmasters/answer/189077).","rawValue":null,"name":"hreflang","description":"Document doesn't have a valid `hreflang`","scoringMode":"binary","error":true},"is-crawlable":{"displayValue":"","score":null,"debugString":"Audit error: Unable to identify the main resource","helpText":"Search engines are unable to include your pages in search results if they don't have permission to crawl them. [Learn more](https://developers.google.com/web/tools/lighthouse/audits/indexing).","rawValue":null,"name":"is-crawlable","description":"Page is blocked from indexing","scoringMode":"binary","error":true},"service-worker":{"displayValue":"","score":false,"helpText":"The service worker is the technology that enables your app to use many Progressive Web App features, such as offline, add to homescreen, and push notifications. [Learn more](https://developers.google.com/web/tools/lighthouse/audits/registered-service-worker).","rawValue":false,"name":"service-worker","description":"Does not register a service worker","scoringMode":"binary"},"use-landmarks":{"displayValue":"","score":false,"helpText":"Landmark elements (<main>, <nav>, etc.) are used to improve the keyboard navigation of the page for assistive technology. [Learn more](https://developers.google.com/web/fundamentals/accessibility/how-to-review#take_advantage_of_headings_and_landmarks).","rawValue":false,"name":"use-landmarks","description":"HTML5 landmark elements are used to improve navigation","scoringMode":"binary","informative":true,"manual":true},"critical-request-chains":{"displayValue":"","score":null,"debugString":"Audit error: Unable to identify the main resource","helpText":"The Critical Request Chains below show you what resources are issued with a high priority. Consider reducing the length of chains, reducing the download size of resources, or deferring the download of unnecessary resources to improve page load. [Learn more](https://developers.google.com/web/tools/lighthouse/audits/critical-request-chains).","rawValue":null,"name":"critical-request-chains","description":"Critical Request Chains","scoringMode":"binary","informative":true,"error":true},"consistently-interactive":{"displayValue":"6,460 ms","score":71,"helpText":"Consistently Interactive marks the time at which the page is fully interactive. [Learn more](https://developers.google.com/web/tools/lighthouse/audits/consistently-interactive).","rawValue":6460.149,"extendedInfo":{"value":{"timeInMs":6460.149,"cpuQuietPeriod":{"start":8.650059653847E9,"end":8.650064967436E9},"networkQuietPeriods":[{"start":8.650059532223999E9,"end":8.650064967436E9}],"networkQuietPeriod":{"start":8.650059532223999E9,"end":8.650064967436E9},"cpuQuietPeriods":[{"start":8.650059653847E9,"end":8.650064967436E9}],"timestamp":8650059653847}},"name":"consistently-interactive","description":"Consistently Interactive (beta)","scoringMode":"numeric"},"pwa-page-transitions":{"displayValue":"","score":false,"helpText":"Transitions should feel snappy as you tap around, even on a slow network, a key to perceived performance. [Learn more](https://developers.google.com/web/progressive-web-apps/checklist#page-transitions-dont-feel-like-they-block-on-the-network).","rawValue":false,"name":"pwa-page-transitions","description":"Page transitions don't feel like they block on the network","scoringMode":"binary","informative":true,"manual":true},"user-timings":{"displayValue":"0","score":true,"helpText":"Consider instrumenting your app with the User Timing API to create custom, real-world measurements of key user experiences. [Learn more](https://developers.google.com/web/tools/lighthouse/audits/user-timing).","rawValue":true,"extendedInfo":{"value":[]},"name":"user-timings","description":"User Timing marks and measures","scoringMode":"binary","informative":true,"details":{"itemHeaders":[{"itemType":"text","text":"Name","type":"text"},{"itemType":"text","text":"Type","type":"text"},{"itemType":"text","text":"Time","type":"text"}],"header":"View Details","type":"table","items":[]}},"manifest-short-name-length":{"displayValue":"","score":false,"helpText":"Make your app's `short_name` fewer than 12 characters to ensure that it's not truncated on homescreens. [Learn more](https://developers.google.com/web/tools/lighthouse/audits/manifest-short_name-is-not-truncated).","rawValue":false,"name":"manifest-short-name-length","description":"Manifest's `short_name` will be truncated when displayed on homescreen","scoringMode":"binary"},"no-vulnerable-libraries":{"displayValue":"","score":true,"helpText":"Some third-party scripts may contain known security vulnerabilities  that are easily identified and exploited by attackers.","rawValue":true,"name":"no-vulnerable-libraries","description":"Avoids front-end JavaScript libraries with known security vulnerabilities","scoringMode":"binary"},"font-size":{"displayValue":"","score":true,"debugString":null,"helpText":"Font sizes less than 12px are too small to be legible and require mobile visitors to \u201cpinch to zoom\u201d in order to read. Strive to have >60% of page text ≥12px. [Learn more](https://developers.google.com/web/tools/lighthouse/audits/font-sizes).","rawValue":true,"name":"font-size","description":"Document uses legible font sizes","scoringMode":"binary","details":{"itemHeaders":[{"itemType":"url","text":"Source","type":"text"},{"itemType":"code","text":"Selector","type":"text"},{"itemType":"text","text":"% of Page Text","type":"text"},{"itemType":"text","text":"Font Size","type":"text"}],"header":"View Details","type":"table","items":[[{"text":"Legible text","type":"url"},{"text":null,"type":"code"},{"text":"100.00%","type":"text"},{"text":"≥ 12px","type":"text"}]]}},"aria-valid-attr":{"displayValue":"","score":true,"helpText":"Assistive technologies, like screen readers, can't interpret ARIA attributes with invalid names. [Learn more](https://dequeuniversity.com/rules/axe/2.2/aria-valid-attr?application=lighthouse).","rawValue":true,"extendedInfo":{},"name":"aria-valid-attr","description":"`[aria-*]` attributes are valid and not misspelled","scoringMode":"binary","details":{"header":{"text":"View failing elements","type":"text"},"type":"list","items":[]}},"aria-required-attr":{"displayValue":"","score":false,"helpText":"Some ARIA roles have required attributes that describe the state of the element to screen readers. [Learn more](https://dequeuniversity.com/rules/axe/2.2/aria-required-attr?application=lighthouse).","rawValue":false,"name":"aria-required-attr","description":"`[role]`s do not have all required `[aria-*]` attributes","scoringMode":"binary","informative":true,"notApplicable":true},"aria-roles":{"displayValue":"","score":false,"helpText":"ARIA roles must have valid values in order to perform their intended accessibility functions. [Learn more](https://dequeuniversity.com/rules/axe/2.2/aria-roles?application=lighthouse).","rawValue":false,"name":"aria-roles","description":"`[role]` values are not valid","scoringMode":"binary","informative":true,"notApplicable":true},"redirects-http":{"displayValue":"","score":false,"helpText":"If you've already set up HTTPS, make sure that you redirect all HTTP traffic to HTTPS. [Learn more](https://developers.google.com/web/tools/lighthouse/audits/http-redirects-to-https).","rawValue":false,"name":"redirects-http","description":"Does not redirect HTTP traffic to HTTPS","scoringMode":"binary"},"aria-required-children":{"displayValue":"","score":false,"helpText":"Some ARIA parent roles must contain specific child roles to perform their intended accessibility functions. [Learn more](https://dequeuniversity.com/rules/axe/2.2/aria-required-children?application=lighthouse).","rawValue":false,"name":"aria-required-children","description":"Elements with `[role]` that require specific children `[role]`s, are missing.","scoringMode":"binary","informative":true,"notApplicable":true},"dom-size":{"displayValue":"94 nodes","score":100,"helpText":"Browser engineers recommend pages contain fewer than ~1,500 DOM nodes. The sweet spot is a tree depth < 32 elements and fewer than 60 children/parent element. A large DOM can increase memory usage, cause longer [style calculations](https://developers.google.com/web/fundamentals/performance/rendering/reduce-the-scope-and-complexity-of-style-calculations), and produce costly [layout reflows](https://developers.google.com/speed/articles/reflow). [Learn more](https://developers.google.com/web/fundamentals/performance/rendering/).","rawValue":94,"extendedInfo":{"value":[{"title":"Total DOM Nodes","value":"94","target":"< 1,500 nodes"},{"snippet":"html >\n  body >\n    main >\n      div#inspire.application.theme--dark >\n        div.application--wrap >\n          aside.navigation-drawer.navigation-drawer--clipped.navigation-drawer--close.navigation-drawer--fixed.navigation-drawer--is-mobile >\n            div.list >\n              div >\n                div.list__tile >\n                  div.input-group.input-group--dirty.input-group--selection-controls.switch.accent--text >\n                    div.input-group__input >\n                      div.input-group--selection-controls__container >\n                        div.input-group--selection-controls__toggle.input-group--selection-controls__toggle--active","title":"DOM Depth","value":"13","target":"< 32"},{"snippet":"Element with most children:\nhead","title":"Maximum Children","value":"8","target":"< 60 nodes"}]},"name":"dom-size","description":"Avoids an excessive DOM size","scoringMode":"numeric","details":{"header":{"text":"View details","type":"text"},"type":"cards","items":[{"title":"Total DOM Nodes","value":"94","target":"< 1,500 nodes"},{"snippet":"html >\n  body >\n    main >\n      div#inspire.application.theme--dark >\n        div.application--wrap >\n          aside.navigation-drawer.navigation-drawer--clipped.navigation-drawer--close.navigation-drawer--fixed.navigation-drawer--is-mobile >\n            div.list >\n              div >\n                div.list__tile >\n                  div.input-group.input-group--dirty.input-group--selection-controls.switch.accent--text >\n                    div.input-group__input >\n                      div.input-group--selection-controls__container >\n                        div.input-group--selection-controls__toggle.input-group--selection-controls__toggle--active","title":"DOM Depth","value":"13","target":"< 32"},{"snippet":"Element with most children:\nhead","title":"Maximum Children","value":"8","target":"< 60 nodes"}]}},"no-websql":{"displayValue":"","score":true,"debugString":"","helpText":"Web SQL is deprecated. Consider using IndexedDB instead. [Learn more](https://developers.google.com/web/tools/lighthouse/audits/web-sql).","rawValue":true,"name":"no-websql","description":"Avoids WebSQL DB","scoringMode":"binary"},"webapp-install-banner":{"displayValue":"","score":false,"debugString":"Failures: No manifest was fetched, Site does not register a service worker, Service worker does not successfully serve the manifest's start_url, No usable web app manifest found on page.","helpText":"Browsers can proactively prompt users to add your app to their homescreen, which can lead to higher engagement. [Learn more](https://developers.google.com/web/tools/lighthouse/audits/install-prompt).","rawValue":false,"extendedInfo":{"value":{"failures":["No manifest was fetched","Site does not register a service worker","Service worker does not successfully serve the manifest's start_url","No usable web app manifest found on page"],"warnings":["No usable web app manifest found on page"],"manifestValues":{"parseFailureReason":"No manifest was fetched","allChecks":[],"isParseFailure":true}}},"name":"webapp-install-banner","description":"User will not be prompted to Install the Web App","scoringMode":"binary"},"uses-passive-event-listeners":{"displayValue":"","score":true,"helpText":"Consider marking your touch and wheel event listeners as `passive` to improve your page's scroll performance. [Learn more](https://developers.google.com/web/tools/lighthouse/audits/passive-event-listeners).","rawValue":true,"extendedInfo":{"value":[]},"name":"uses-passive-event-listeners","description":"Uses passive listeners to improve scrolling performance","scoringMode":"binary","details":{"itemHeaders":[{"itemType":"url","text":"URL","type":"text"},{"itemType":"text","text":"Location","type":"text"}],"header":"View Details","type":"table","items":[]}},"screenshot-thumbnails":{"displayValue":"true","score":100,"helpText":"This is what the load of your site looked like.","rawValue":true,"name":"screenshot-thumbnails","description":"Screenshot Thumbnails","scoringMode":"binary","informative":true,"details":{"scale":6606,"type":"filmstrip","items":[{"data":"/9j/4AAQSkZJRgABAQAAAQABAAD/2wCEAAMCAgMCAgMDAwMEAwMEBQgFBQQEBQoHBwYIDAoMDAsKCwsNDhIQDQ4RDgsLEBYQERMUFRUVDA8XGBYUGBIUFRQBAwQEBQQFCQUFCRQNCw0UFBQUFBQUFBQUFBQUFBQUFBQUFBQUFBQUFBQUFBQUFBQUFBQUFBQUFBQUFBQUFBQUFP/AABEIANUAeAMBEQACEQEDEQH/xAGiAAABBQEBAQEBAQAAAAAAAAAAAQIDBAUGBwgJCgsQAAIBAwMCBAMFBQQEAAABfQECAwAEEQUSITFBBhNRYQcicRQygZGhCCNCscEVUtHwJDNicoIJChYXGBkaJSYnKCkqNDU2Nzg5OkNERUZHSElKU1RVVldYWVpjZGVmZ2hpanN0dXZ3eHl6g4SFhoeIiYqSk5SVlpeYmZqio6Slpqeoqaqys7S1tre4ubrCw8TFxsfIycrS09TV1tfY2drh4uPk5ebn6Onq8fLz9PX29/j5+gEAAwEBAQEBAQEBAQAAAAAAAAECAwQFBgcICQoLEQACAQIEBAMEBwUEBAABAncAAQIDEQQFITEGEkFRB2FxEyIygQgUQpGhscEJIzNS8BVictEKFiQ04SXxFxgZGiYnKCkqNTY3ODk6Q0RFRkdISUpTVFVWV1hZWmNkZWZnaGlqc3R1dnd4eXqCg4SFhoeIiYqSk5SVlpeYmZqio6Slpqeoqaqys7S1tre4ubrCw8TFxsfIycrS09TV1tfY2dri4+Tl5ufo6ery8/T19vf4+fr/2gAMAwEAAhEDEQA/AP1ToAKACgAoAKACgAoAKACgAoAKACgAoAKACgAoAKACgAoAKACgAoAKACgAoAKACgAoAKACgAoAKACgAoAKACgAoAKACgAoAKACgAoAKACgAoAKACgAoAKACgAoAKACgAoAKACgAoAKACgAoAKACgAoAKACgAoAKACgAoAKACgAoAKACgAoAKACgAoAKACgAoAKACgAoAKACgAoAKACgAoAKACgAoAKACgAoAKACgAoAKACgAoAKACgAoAKACgAoAKACgAoAKACgAoAKACgAoAKACgAoAKACgAoAKACgAoAKACgAoAKACgAoAKACgAoAKACgAoAKACgAoAKACgAoAKACgAoAKACgAoAKACgAoAKACgAoAKACgAoAKACgAoAKACgAoAKACgAoAKACgAoAKACgAoAKACgAoAKACgAoAKACgAoAKACgAoAKACgAoAKACgAoAKACgAoAKACgAoAKACgAoAKACgAoAKACgAoAKACgAoAKACgAoAKACgAoAKACgAoAKACgAoAKACgAoAKACgAoAKACgAoAKACgAoAKACgAoAKACgAoAKACgAoAKACgAoAKACgAoAKACgAoAKACgAoAKACgAoAKACgAoAKACgAoAKACgAoAKACgAoAKACgAoAKACgAoAKACgAoAKACgAoAKACgAoAKACgAoAKACgAoAKACgAoAKACgAoAKACgAoAKACgAoAKACgAoAKACgAoAKACgAoAKACgAoAKACgAoAKACgAoAKACgAoAKACgAoAKACgAoAKACgAoAKACgAoAKACgAoAKACgAoAKACgAoAKACgAoAKACgAoAKACgAoAKACgAoAKACgAoAKACgAoAKACgAoAKACgAoAKACgAoAKACgAoAKACgAoAKACgAoAKACgAoAKACgAoAKACgAoAKACgAoAKACgAoAKACgAoAKACgAoAKACgD//Z","timing":661,"timestamp":8650053854298},{"data":"/9j/4AAQSkZJRgABAQAAAQABAAD/2wCEAAMCAgMCAgMDAwMEAwMEBQgFBQQEBQoHBwYIDAoMDAsKCwsNDhIQDQ4RDgsLEBYQERMUFRUVDA8XGBYUGBIUFRQBAwQEBQQFCQUFCRQNCw0UFBQUFBQUFBQUFBQUFBQUFBQUFBQUFBQUFBQUFBQUFBQUFBQUFBQUFBQUFBQUFBQUFP/AABEIANUAeAMBEQACEQEDEQH/xAGiAAABBQEBAQEBAQAAAAAAAAAAAQIDBAUGBwgJCgsQAAIBAwMCBAMFBQQEAAABfQECAwAEEQUSITFBBhNRYQcicRQygZGhCCNCscEVUtHwJDNicoIJChYXGBkaJSYnKCkqNDU2Nzg5OkNERUZHSElKU1RVVldYWVpjZGVmZ2hpanN0dXZ3eHl6g4SFhoeIiYqSk5SVlpeYmZqio6Slpqeoqaqys7S1tre4ubrCw8TFxsfIycrS09TV1tfY2drh4uPk5ebn6Onq8fLz9PX29/j5+gEAAwEBAQEBAQEBAQAAAAAAAAECAwQFBgcICQoLEQACAQIEBAMEBwUEBAABAncAAQIDEQQFITEGEkFRB2FxEyIygQgUQpGhscEJIzNS8BVictEKFiQ04SXxFxgZGiYnKCkqNTY3ODk6Q0RFRkdISUpTVFVWV1hZWmNkZWZnaGlqc3R1dnd4eXqCg4SFhoeIiYqSk5SVlpeYmZqio6Slpqeoqaqys7S1tre4ubrCw8TFxsfIycrS09TV1tfY2dri4+Tl5ufo6ery8/T19vf4+fr/2gAMAwEAAhEDEQA/AP1ToAKACgAoAKACgAoAKACgAoAKACgAoAKACgAoAKACgAoAKACgAoAKACgAoAKACgAoAKACgAoAKACgAoAKACgAoAKACgAoAKACgAoAKACgAoAKACgAoAKACgAoAKACgAoAKACgAoAKACgAoAKACgAoAKACgAoAKACgAoAKACgAoAKACgAoAKACgAoAKACgAoAKACgAoAKACgAoAKACgAoAKACgAoAKACgAoAKACgAoAKACgAoAKACgAoAKACgAoAKACgAoAKACgAoAKACgAoAKACgAoAKACgAoAKACgAoAKACgAoAKACgAoAKACgAoAKACgAoAKACgAoAKACgAoAKACgAoAKACgAoAKACgAoAKACgAoAKACgAoAKACgAoAKACgAoAKACgAoAKACgAoAKACgAoAKACgAoAKACgAoAKACgAoAKACgAoAKACgAoAKACgAoAKACgAoAKACgAoAKACgAoAKACgAoAKACgAoAKACgAoAKACgAoAKACgAoAKACgAoAKACgAoAKACgAoAKACgAoAKACgAoAKACgAoAKACgAoAKACgAoAKACgAoAKACgAoAKACgAoAKACgAoAKACgAoAKACgAoAKACgAoAKACgAoAKACgAoAKACgAoAKACgAoAKACgAoAKACgAoAKACgAoAKACgAoAKACgAoAKACgAoAKACgAoAKACgAoAKACgAoAKACgAoAKACgAoAKACgAoAKACgAoAKACgAoAKACgAoAKACgAoAKACgAoAKACgAoAKACgAoAKACgAoAKACgAoAKACgAoAKACgAoAKACgAoAKACgAoAKACgAoAKACgAoAKACgAoAKACgAoAKACgAoAKACgAoAKACgAoAKACgAoAKACgAoAKACgAoAKACgAoAKACgAoAKACgAoAKACgAoAKACgAoAKACgAoAKACgAoAKACgAoAKACgD//Z","timing":1321,"timestamp":8.650054514898001E12},{"data":"/9j/4AAQSkZJRgABAQAAAQABAAD/2wCEAAMCAgMCAgMDAwMEAwMEBQgFBQQEBQoHBwYIDAoMDAsKCwsNDhIQDQ4RDgsLEBYQERMUFRUVDA8XGBYUGBIUFRQBAwQEBQQFCQUFCRQNCw0UFBQUFBQUFBQUFBQUFBQUFBQUFBQUFBQUFBQUFBQUFBQUFBQUFBQUFBQUFBQUFBQUFP/AABEIANUAeAMBEQACEQEDEQH/xAGiAAABBQEBAQEBAQAAAAAAAAAAAQIDBAUGBwgJCgsQAAIBAwMCBAMFBQQEAAABfQECAwAEEQUSITFBBhNRYQcicRQygZGhCCNCscEVUtHwJDNicoIJChYXGBkaJSYnKCkqNDU2Nzg5OkNERUZHSElKU1RVVldYWVpjZGVmZ2hpanN0dXZ3eHl6g4SFhoeIiYqSk5SVlpeYmZqio6Slpqeoqaqys7S1tre4ubrCw8TFxsfIycrS09TV1tfY2drh4uPk5ebn6Onq8fLz9PX29/j5+gEAAwEBAQEBAQEBAQAAAAAAAAECAwQFBgcICQoLEQACAQIEBAMEBwUEBAABAncAAQIDEQQFITEGEkFRB2FxEyIygQgUQpGhscEJIzNS8BVictEKFiQ04SXxFxgZGiYnKCkqNTY3ODk6Q0RFRkdISUpTVFVWV1hZWmNkZWZnaGlqc3R1dnd4eXqCg4SFhoeIiYqSk5SVlpeYmZqio6Slpqeoqaqys7S1tre4ubrCw8TFxsfIycrS09TV1tfY2dri4+Tl5ufo6ery8/T19vf4+fr/2gAMAwEAAhEDEQA/AP1ToAKACgAoAKACgAoAKACgAoAKACgAoAKACgAoAKACgAoAKACgAoAKACgAoAKACgAoAKACgAoAKACgAoAKACgAoAKACgAoAKACgAoAKACgAoAKACgAoAKACgAoAKACgAoAKACgAoAKACgAoAKACgAoAKACgAoAKACgAoAKACgAoAKACgAoAKACgAoAKACgAoAKACgAoAKACgAoAKACgAoAKACgAoAKACgAoAKACgAoAKACgAoAKACgAoAKACgAoAKACgAoAKACgAoAKACgAoAKACgAoAKACgAoAKACgAoAKACgAoAKACgAoAKACgAoAKACgAoAKACgAoAKACgAoAKACgAoAKACgAoAKACgAoAKACgAoAKACgAoAKACgAoAKACgAoAKACgAoAKACgAoAKACgAoAKACgAoAKACgAoAKACgAoAKACgAoAKACgAoAKACgAoAKACgAoAKACgAoAKACgAoAKACgAoAKACgAoAKACgAoAKACgAoAKACgAoAKACgAoAKACgAoAKACgAoAKACgAoAKACgAoAKACgAoAKACgAoAKACgAoAKACgAoAKACgAoAKACgAoAKACgAoAKACgAoAKACgAoAKACgAoAKACgAoAKACgAoAKACgAoAKACgAoAKACgAoAKACgAoAKACgAoAKACgAoAKACgAoAKACgAoAKACgAoAKACgAoAKACgAoAKACgAoAKACgAoAKACgAoAKACgAoAKACgAoAKACgAoAKACgAoAKACgAoAKACgAoAKACgAoAKACgAoAKACgAoAKACgAoAKACgAoAKACgAoAKACgAoAKACgAoAKACgAoAKACgAoAKACgAoAKACgAoAKACgAoAKACgAoAKACgAoAKACgAoAKACgAoAKACgAoAKACgAoAKACgAoAKACgAoAKACgAoAKACgAoAKACgAoAKACgAoAKACgD//Z","timing":1982,"timestamp":8.650055175497999E12},{"data":"/9j/4AAQSkZJRgABAQAAAQABAAD/2wCEAAMCAgMCAgMDAwMEAwMEBQgFBQQEBQoHBwYIDAoMDAsKCwsNDhIQDQ4RDgsLEBYQERMUFRUVDA8XGBYUGBIUFRQBAwQEBQQFCQUFCRQNCw0UFBQUFBQUFBQUFBQUFBQUFBQUFBQUFBQUFBQUFBQUFBQUFBQUFBQUFBQUFBQUFBQUFP/AABEIANUAeAMBEQACEQEDEQH/xAGiAAABBQEBAQEBAQAAAAAAAAAAAQIDBAUGBwgJCgsQAAIBAwMCBAMFBQQEAAABfQECAwAEEQUSITFBBhNRYQcicRQygZGhCCNCscEVUtHwJDNicoIJChYXGBkaJSYnKCkqNDU2Nzg5OkNERUZHSElKU1RVVldYWVpjZGVmZ2hpanN0dXZ3eHl6g4SFhoeIiYqSk5SVlpeYmZqio6Slpqeoqaqys7S1tre4ubrCw8TFxsfIycrS09TV1tfY2drh4uPk5ebn6Onq8fLz9PX29/j5+gEAAwEBAQEBAQEBAQAAAAAAAAECAwQFBgcICQoLEQACAQIEBAMEBwUEBAABAncAAQIDEQQFITEGEkFRB2FxEyIygQgUQpGhscEJIzNS8BVictEKFiQ04SXxFxgZGiYnKCkqNTY3ODk6Q0RFRkdISUpTVFVWV1hZWmNkZWZnaGlqc3R1dnd4eXqCg4SFhoeIiYqSk5SVlpeYmZqio6Slpqeoqaqys7S1tre4ubrCw8TFxsfIycrS09TV1tfY2dri4+Tl5ufo6ery8/T19vf4+fr/2gAMAwEAAhEDEQA/AP1ToAKACgAoAKACgAoAKACgAoAKACgAoAKACgAoAKACgAoAKACgAoAKACgAoAKACgAoAKACgAoAKACgAoAKACgAoAKACgAoAKACgAoAKACgAoAKACgAoAKACgAoAKACgAoAKACgAoAKACgAoAKACgAoAKACgAoAKACgAoAKACgAoAKACgAoAKACgAoAKACgAoAKACgAoAKACgAoAKACgAoAKACgAoAKACgAoAKACgAoAKACgAoAKACgAoAKACgAoAKACgAoAKACgAoAKACgAoAKACgAoAKACgAoAKACgAoAKACgAoAKACgAoAKACgAoAKACgAoAKACgAoAKACgAoAKACgAoAKACgAoAKACgAoAKACgAoAKACgAoAKACgAoAKACgAoAKACgAoAKACgAoAKACgAoAKACgAoAKACgAoAKACgAoAKACgAoAKACgAoAKACgAoAKACgAoAKACgAoAKACgAoAKACgAoAKACgAoAKACgAoAKACgAoAKACgAoAKACgAoAKACgAoAKACgAoAKACgAoAKACgAoAKACgAoAKACgAoAKACgAoAKACgAoAKACgAoAKACgAoAKACgAoAKACgAoAKACgAoAKACgAoAKACgAoAKACgAoAKACgAoAKACgAoAKACgAoAKACgAoAKACgAoAKACgAoAKACgAoAKACgAoAKACgAoAKACgAoAKACgAoAKACgAoAKACgAoAKACgAoAKACgAoAKACgAoAKACgAoAKACgAoAKACgAoAKACgAoAKACgAoAKACgAoAKACgAoAKACgAoAKACgAoAKACgAoAKACgAoAKACgAoAKACgAoAKACgAoAKACgAoAKACgAoAKACgAoAKACgAoAKACgAoAKACgAoAKACgAoAKACgAoAKACgAoAKACgAoAKACgAoAKACgAoAKACgAoAKACgAoAKACgAoAKACgD//Z","timing":2642,"timestamp":8650055836098},{"data":"/9j/4AAQSkZJRgABAQAAAQABAAD/2wCEAAMCAgMCAgMDAwMEAwMEBQgFBQQEBQoHBwYIDAoMDAsKCwsNDhIQDQ4RDgsLEBYQERMUFRUVDA8XGBYUGBIUFRQBAwQEBQQFCQUFCRQNCw0UFBQUFBQUFBQUFBQUFBQUFBQUFBQUFBQUFBQUFBQUFBQUFBQUFBQUFBQUFBQUFBQUFP/AABEIANUAeAMBEQACEQEDEQH/xAGiAAABBQEBAQEBAQAAAAAAAAAAAQIDBAUGBwgJCgsQAAIBAwMCBAMFBQQEAAABfQECAwAEEQUSITFBBhNRYQcicRQygZGhCCNCscEVUtHwJDNicoIJChYXGBkaJSYnKCkqNDU2Nzg5OkNERUZHSElKU1RVVldYWVpjZGVmZ2hpanN0dXZ3eHl6g4SFhoeIiYqSk5SVlpeYmZqio6Slpqeoqaqys7S1tre4ubrCw8TFxsfIycrS09TV1tfY2drh4uPk5ebn6Onq8fLz9PX29/j5+gEAAwEBAQEBAQEBAQAAAAAAAAECAwQFBgcICQoLEQACAQIEBAMEBwUEBAABAncAAQIDEQQFITEGEkFRB2FxEyIygQgUQpGhscEJIzNS8BVictEKFiQ04SXxFxgZGiYnKCkqNTY3ODk6Q0RFRkdISUpTVFVWV1hZWmNkZWZnaGlqc3R1dnd4eXqCg4SFhoeIiYqSk5SVlpeYmZqio6Slpqeoqaqys7S1tre4ubrCw8TFxsfIycrS09TV1tfY2dri4+Tl5ufo6ery8/T19vf4+fr/2gAMAwEAAhEDEQA/AP1ToAKACgAoAKACgAoAKACgAoAKACgAoAKACgAoAKACgAoAKACgAoAKACgAoAKACgAoAKACgAoAKACgAoAKACgAoAKACgAoAKACgAoAKACgAoAKACgAoAKACgAoAKACgAoAKACgAoAKACgAoAKACgAoAKACgAoAKACgAoAKACgAoAKACgAoAKACgAoAKACgAoAKACgAoAKACgAoAKACgAoAKACgAoAKACgAoAKACgAoAKACgAoAKACgAoAKACgAoAKACgAoAKACgAoAKACgAoAKACgAoAKACgAoAKACgAoAKACgAoAKACgAoAKACgAoAKACgAoAKACgAoAKACgAoAKACgAoAKACgAoAKACgAoAKACgAoAKACgAoAKACgAoAKACgAoAKACgAoAKACgAoAKACgAoAKACgAoAKACgAoAKACgAoAKACgAoAKACgAoAKACgAoAKACgAoAKACgAoAKACgAoAKACgAoAKACgAoAKACgAoAKACgAoAKACgAoAKACgAoAKACgAoAKACgAoAKACgAoAKACgAoAKACgAoAKACgAoAKACgAoAKACgAoAKACgAoAKACgAoAKACgAoAKACgAoAKACgAoAKACgAoAKACgAoAKACgAoAKACgAoAKACgAoAKACgAoAKACgAoAKACgAoAKACgAoAKACgAoAKACgAoAKACgAoAKACgAoAKACgAoAKACgAoAKACgAoAKACgAoAKACgAoAKACgAoAKACgAoAKACgAoAKACgAoAKACgAoAKACgAoAKACgAoAKACgAoAKACgAoAKACgAoAKACgAoAKACgAoAKACgAoAKACgAoAKACgAoAKACgAoAKACgAoAKACgAoAKACgAoAKACgAoAKACgAoAKACgAoAKACgAoAKACgAoAKACgAoAKACgAoAKACgAoAKACgAoAKACgAoAKACgAoAKACgD//Z","timing":3303,"timestamp":8650056496698},{"data":"/9j/4AAQSkZJRgABAQAAAQABAAD/2wCEAAMCAgMCAgMDAwMEAwMEBQgFBQQEBQoHBwYIDAoMDAsKCwsNDhIQDQ4RDgsLEBYQERMUFRUVDA8XGBYUGBIUFRQBAwQEBQQFCQUFCRQNCw0UFBQUFBQUFBQUFBQUFBQUFBQUFBQUFBQUFBQUFBQUFBQUFBQUFBQUFBQUFBQUFBQUFP/AABEIANUAeAMBEQACEQEDEQH/xAGiAAABBQEBAQEBAQAAAAAAAAAAAQIDBAUGBwgJCgsQAAIBAwMCBAMFBQQEAAABfQECAwAEEQUSITFBBhNRYQcicRQygZGhCCNCscEVUtHwJDNicoIJChYXGBkaJSYnKCkqNDU2Nzg5OkNERUZHSElKU1RVVldYWVpjZGVmZ2hpanN0dXZ3eHl6g4SFhoeIiYqSk5SVlpeYmZqio6Slpqeoqaqys7S1tre4ubrCw8TFxsfIycrS09TV1tfY2drh4uPk5ebn6Onq8fLz9PX29/j5+gEAAwEBAQEBAQEBAQAAAAAAAAECAwQFBgcICQoLEQACAQIEBAMEBwUEBAABAncAAQIDEQQFITEGEkFRB2FxEyIygQgUQpGhscEJIzNS8BVictEKFiQ04SXxFxgZGiYnKCkqNTY3ODk6Q0RFRkdISUpTVFVWV1hZWmNkZWZnaGlqc3R1dnd4eXqCg4SFhoeIiYqSk5SVlpeYmZqio6Slpqeoqaqys7S1tre4ubrCw8TFxsfIycrS09TV1tfY2dri4+Tl5ufo6ery8/T19vf4+fr/2gAMAwEAAhEDEQA/AP1ToAKACgAoAKACgAoAKACgAoAKACgAoAKACgAoAKACgAoAKACgAoAKACgAoAKACgAoAKACgAoAKACgAoAKACgAoAKACgAoAKACgAoAKACgAoAKACgAoAKACgAoAKACgAoAKACgAoAKACgAoAKACgAoAKACgAoAKACgAoAKACgAoAKACgAoAKACgAoAKACgAoAKACgAoAKACgAoAKACgAoAKACgAoAKACgAoAKACgAoAKACgAoAKACgAoAKACgAoAKACgAoAKACgAoAKACgAoAKACgAoAKACgAoAKACgAoAKACgAoAKACgAoAKACgAoAKACgAoAKACgAoAKACgAoAKACgAoAKACgAoAKACgAoAKACgAoAKACgAoAKACgAoAKACgAoAKACgAoAKACgAoAKACgAoAKACgAoAKACgAoAKACgAoAKACgAoAKACgAoAKACgAoAKACgAoAKACgAoAKACgAoAKACgAoAKACgAoAKACgAoAKACgAoAKACgAoAKACgAoAKACgAoAKACgAoAKACgAoAKACgAoAKACgAoAKACgAoAKACgAoAKACgAoAKACgAoAKACgAoAKACgAoAKACgAoAKACgAoAKACgAoAKACgAoAKACgAoAKACgAoAKACgAoAKACgAoAKACgAoAKACgAoAKACgAoAKACgAoAKACgAoAKACgAoAKACgAoAKACgAoAKACgAoAKACgAoAKACgAoAKACgAoAKACgAoAKACgAoAKACgAoAKACgAoAKACgAoAKACgAoAKACgAoAKACgAoAKACgAoAKACgAoAKACgAoAKACgAoAKACgAoAKACgAoAKACgAoAKACgAoAKACgAoAKACgAoAKACgAoAKACgAoAKACgAoAKACgAoAKACgAoAKACgAoAKACgAoAKACgAoAKACgAoAKACgAoAKACgAoAKACgAoAKACgD//Z","timing":3964,"timestamp":8650057157298},{"data":"/9j/4AAQSkZJRgABAQAAAQABAAD/2wCEAAMCAgMCAgMDAwMEAwMEBQgFBQQEBQoHBwYIDAoMDAsKCwsNDhIQDQ4RDgsLEBYQERMUFRUVDA8XGBYUGBIUFRQBAwQEBQQFCQUFCRQNCw0UFBQUFBQUFBQUFBQUFBQUFBQUFBQUFBQUFBQUFBQUFBQUFBQUFBQUFBQUFBQUFBQUFP/AABEIANUAeAMBEQACEQEDEQH/xAGiAAABBQEBAQEBAQAAAAAAAAAAAQIDBAUGBwgJCgsQAAIBAwMCBAMFBQQEAAABfQECAwAEEQUSITFBBhNRYQcicRQygZGhCCNCscEVUtHwJDNicoIJChYXGBkaJSYnKCkqNDU2Nzg5OkNERUZHSElKU1RVVldYWVpjZGVmZ2hpanN0dXZ3eHl6g4SFhoeIiYqSk5SVlpeYmZqio6Slpqeoqaqys7S1tre4ubrCw8TFxsfIycrS09TV1tfY2drh4uPk5ebn6Onq8fLz9PX29/j5+gEAAwEBAQEBAQEBAQAAAAAAAAECAwQFBgcICQoLEQACAQIEBAMEBwUEBAABAncAAQIDEQQFITEGEkFRB2FxEyIygQgUQpGhscEJIzNS8BVictEKFiQ04SXxFxgZGiYnKCkqNTY3ODk6Q0RFRkdISUpTVFVWV1hZWmNkZWZnaGlqc3R1dnd4eXqCg4SFhoeIiYqSk5SVlpeYmZqio6Slpqeoqaqys7S1tre4ubrCw8TFxsfIycrS09TV1tfY2dri4+Tl5ufo6ery8/T19vf4+fr/2gAMAwEAAhEDEQA/AP0bk8LeMEuh9l8ZJFaC8SXyp9KjlcWyxQKYA+4cs8cz+YwYjz8Y+RSQDrtMt57TTrWG5unvriOJEkuXRUaVgoBcqoABJycAYGeKALVABQAUAFABQAUAFABQAUAFABQAUAFABQAUAFABQAUAFABQAUAFABQAUAFABQAUAFABQAUAFABQAUAFABQAUAFABQAUAFABQAUAFABQAUAFABQAUAFABQAUAFABQAUAFABQAUAFACZ5xQAZGcd6AFoAKACgAoAKACgAoAKACgAoAKACgAoA8AbVfiFqEGl3Wja9oL2kFwbHVBNfwzbbgSxCKFJAD+9kHyOrcgynbuOwgA7zwHq+q2WrXll4h1fTrqG7mCaTIs8azzPGji4hMSjG6MxliQxOTICsYQAgHftOoYr1cLu2jrj6daAATI2MMDkkZBHUHH8xQAi3CMMgjGCScg4x1H1oAZp9/b6rYW97ZzR3NpcRrLDPC4dJEYZVlYEgggggg4INAFigAoAKACgAoAKACgAoAKAOF1j4PeEvFt/omq6npZvL/RpvtGmXM0syyWT/ALrJjywKZMEeQMA/N2dsgDdG+B3grw9pVrYadoUFrHaQS29rOjN9ptY5FdXWG4z5sWRI4Gxxt3HbigB+ifBfwj4c059O03TGtdMa8hvxYLdTm3ininSeIxRlysSrJGjbEAU4AIIoAst8JfC5Piwpp8kLeKgo1d4LyeJ7jClRhlcGP5SR8hXrQBj3v7O/w+1O4vJ73w5BdyXieXcCeWWRJB9qN2cozlcm4YyFsZJOCSOKAO60PRrTw5oun6Tp8XkWFhbx2tvFuLbI0UKq5YknAAGSSaAL1ABQAUAFABQAUAFABQAUAFABQAUAFABQAUAFABQAUAFABQAUAFABQAUAJuoFfWwbqAuAOaBi0AFABQAUAFABQAUAFABQAUAFABQByaS6/f6Wk1hPZf6RCjQTzRO/UZDsoZCQwK/LwRzyeldj+rNt6nn2xe2hXv8A/hODph+xHRV1EeWy/aVlMX3Y/MU7efvGXB9FTI5JEr6u90waxS2aNfTU8Qf27eG9fTv7H2D7MsMb/aC2TkuSduMbcYHr0xgxP2XKuS9zal7fm/ebG7WB1BQAUARiZec4XHXJppNkOaWjYvmqDjIz9aLMHOK6jftCEkBlJXBIz0H+Qfyos+qDnjrZiC6jP8QHtmnyvsQqsHrckVg6gggg9xSasap31Q6kMKACgAoA8ttfEXirw3YQWVxYJKIFENuLKwe4Msa+UiFmMyBGJlAwQANrMSEBau14eLfuzT+Vv8zzFi3b3qbXzv8AohsvxI15bS9mi02/ma0PMI8OTK8yllCmPdcBTkMGwSCAGyBg1Twm3vrXzGsZ/wBO39x0XhvVvEuvSasJVt9LWyvXtI/tWmyD7Qqqh81D5/KEsQD329jkDmqU+TlfNe6vp0v09TrpVOe6tazsbX2XX/8AoJ6b/wCC6T/4/WJuH2XX/wDoJ6b/AOC6T/4/QAfZdf8A+gnpv/guk/8Aj9AFQ+EoL+++26wUvbuPasfl+ZHCoDBlYRF2UOCPv9ccdK2hVnCPKmc86EJy5mMPw80JnspPs03m2f8AqZftMvmAbGQqW3bmUhjlWJBOGIyAar6xU7kfVqbdyS08CaPY209rBahLSaaO4aDcxVXRlZNoJ+VVKKQq4A7Dml7ed076r9RrDxSa6MSz+H2h6ejLb2rxhoEtm/fOxaNCxVSSckDew57YHQACvrFS/Nfrf8v8hfVafLym9a20dnbxwRLtijUIi+gAwBXO227s6klFJIlpDCgAoAKAPM/CfijTLvw1p3k+HJb1Ft1jeeJrMozL8j8mYc70IIPIIwQDTuKxb1Txfomj6ebzUPDcllatJFCJLp7KJGeWTZGoZpwuXchQM5JYAZJpDLNxr9hYxNJP4RuoYYwS8kos1RADzkmbA6Z/H3oA0YJre4hjlTwnOUkUOvy2vQ9P+WtAD/3P/QpT/wDfNr/8doAP3P8A0KU//fNr/wDHaAKP9la5dyXUmmzjw9aSW/lRWr28RkimyT5wKl0YEbV2kZ4JyOjaxnTS1WpjUhU5vdlobPh6x1eyN6dV1CO/864aWARxeX5EZxti77sYzu4znoKU3F25VYdNSSfO7mxiszQWgYUAFABQAUAFAHlFp+zT4R022uYrCbWLJrkYmki1KQlwZzPINrEqA7vLnao+WaRV2hsUAbCfA7wrH4Qm8MLb3C6JK0Tm2S4ZCrRtuRlkUh1ZWCsGDAhlBB9QDF0f9l34faBYvZ6fpc9pbM2Qkd3KNn7qSH5fm+U7JXG4YP3TnKqQAep2lstpbRQKSyxoEBbqQBigCagAoAKACgAoAKACgAoAKACgAoA4A/G3w0YfFjRTS3M3hm9isL+CFA0hlkKqixrnMjMzbFjHzuw2qrFk3AGndfEK3hj1VYdNv7y80ydreexhWMTFgYTlCzhGBjuIpAA+SG243gpQBZ1PxvbaJLdpf2V/AsLxokkVubhZQyFt48rcUQbWUtKEAKnnBBIBneHvizofivWb7TNLTUJ7mxnS3uGl0+eGNHaKOTG90A3ASoGT76kNuUbSaAJbn4o6Lptle3eoLe2FvZTtDcyPZySpbgCNvMleIOkaFJo5NzlQqFi23Y+0Ap3Hxj0Ox8R6zpN7Ff2R0y4W0a5e1MkU8zRW8gSMx7juxd26gOFLtIFTcQcAG34e8d6N4o1C9stPmuHuLOaaCTz7KeBHaKQxy+W8iKsoVxtLRlgMjnkZAOgoAKACgAoAKACgAoAKAK8thbTxSRSQRvHIwZ1ZQQxGME+p4H5UAO+xwbg3kpkcg7Rx824/qAfrQA06fatIZDbxNISGLlASSBgEnuQCRn3oAclnBHKJEhRHC7Qyrg444+nA/IUALHawxMGSJFIzghQMZOT+ZA/KgBPscGxl8lNrDDDb14xz+HFADxEinIUA8849eTQA+gAoAKACgAoAKACgAoAKACgAoAKACgAoAKACgAoAKACgAoAKACgAoAKACgAoAKACgAoAKACgAoAKACgAoAKACgAoAKACgAoAKACgAoAKACgAoAKACgAoAKACgAoAKACgAoAKACgAoAKACgAoAKACgAoAKACgAoAKACgAoAKACgAoAKACgAoAKACgAoAKACgAoAKACgAoAKACgAoAKACgAoAKACgAoAKACgAoAKACgAoAKACgAoAKACgAoAKACgAoAKACgAoAKACgAoAKACgAoAKACgAoAKACgAoAKACgAoAKACgAoAKACgAoAKACgAoAKACgAoAKACgAoAKACgAoAKACgAoAKACgAoAKACgAoAKACgAoAKACgAoAKACgAoAKACgAoAKACgAoAKACgAoAKACgAoAKACgAoAKACgAoAKACgAoAKACgAoA//9k=","timing":4624,"timestamp":8.650057817898001E12},{"data":"/9j/4AAQSkZJRgABAQAAAQABAAD/2wCEAAMCAgMCAgMDAwMEAwMEBQgFBQQEBQoHBwYIDAoMDAsKCwsNDhIQDQ4RDgsLEBYQERMUFRUVDA8XGBYUGBIUFRQBAwQEBQQFCQUFCRQNCw0UFBQUFBQUFBQUFBQUFBQUFBQUFBQUFBQUFBQUFBQUFBQUFBQUFBQUFBQUFBQUFBQUFP/AABEIANUAeAMBEQACEQEDEQH/xAGiAAABBQEBAQEBAQAAAAAAAAAAAQIDBAUGBwgJCgsQAAIBAwMCBAMFBQQEAAABfQECAwAEEQUSITFBBhNRYQcicRQygZGhCCNCscEVUtHwJDNicoIJChYXGBkaJSYnKCkqNDU2Nzg5OkNERUZHSElKU1RVVldYWVpjZGVmZ2hpanN0dXZ3eHl6g4SFhoeIiYqSk5SVlpeYmZqio6Slpqeoqaqys7S1tre4ubrCw8TFxsfIycrS09TV1tfY2drh4uPk5ebn6Onq8fLz9PX29/j5+gEAAwEBAQEBAQEBAQAAAAAAAAECAwQFBgcICQoLEQACAQIEBAMEBwUEBAABAncAAQIDEQQFITEGEkFRB2FxEyIygQgUQpGhscEJIzNS8BVictEKFiQ04SXxFxgZGiYnKCkqNTY3ODk6Q0RFRkdISUpTVFVWV1hZWmNkZWZnaGlqc3R1dnd4eXqCg4SFhoeIiYqSk5SVlpeYmZqio6Slpqeoqaqys7S1tre4ubrCw8TFxsfIycrS09TV1tfY2dri4+Tl5ufo6ery8/T19vf4+fr/2gAMAwEAAhEDEQA/AP0bk8LeMEuh9l8ZJFaC8SXyp9KjlcWyxQKYA+4cs8cz+YwYjz8Y+RSQDrtMt57TTrWG5unvriOJEkuXRUaVgoBcqoABJycAYGeKALVABQAUAFABQAUAFABQAUAFABQAUAFABQAUAFABQAUAFABQAUAFABQAUAFABQAUAFABQAUAFABQAUAFABQAUAFABQAUAFABQAUAFABQAUAFABQAUAFABQAUAFABQAUAFABQAUAFACZ5xQAZGcd6AFoAKACgAoAKACgAoAKACgAoAKACgAoA8AbVfiFqEGl3Wja9oL2kFwbHVBNfwzbbgSxCKFJAD+9kHyOrcgynbuOwgA7zwHq+q2WrXll4h1fTrqG7mCaTIs8azzPGji4hMSjG6MxliQxOTICsYQAgHftOoYr1cLu2jrj6daAATI2MMDkkZBHUHH8xQAi3CMMgjGCScg4x1H1oAZp9/b6rYW97ZzR3NpcRrLDPC4dJEYZVlYEgggggg4INAFigAoAKACgAoAKACgAoAKAOF1j4PeEvFt/omq6npZvL/RpvtGmXM0syyWT/ALrJjywKZMEeQMA/N2dsgDdG+B3grw9pVrYadoUFrHaQS29rOjN9ptY5FdXWG4z5sWRI4Gxxt3HbigB+ifBfwj4c059O03TGtdMa8hvxYLdTm3ininSeIxRlysSrJGjbEAU4AIIoAst8JfC5Piwpp8kLeKgo1d4LyeJ7jClRhlcGP5SR8hXrQBj3v7O/w+1O4vJ73w5BdyXieXcCeWWRJB9qN2cozlcm4YyFsZJOCSOKAO60PRrTw5oun6Tp8XkWFhbx2tvFuLbI0UKq5YknAAGSSaAL1ABQAUAFABQAUAFABQAUAFABQAUAFABQAUAFABQAUAFABQAUAFABQAUAJuoFfWwbqAuAOaBi0AFABQAUAFABQAUAFABQAUAFABQByaS6/f6Wk1hPZf6RCjQTzRO/UZDsoZCQwK/LwRzyeldj+rNt6nn2xe2hXv8A/hODph+xHRV1EeWy/aVlMX3Y/MU7efvGXB9FTI5JEr6u90waxS2aNfTU8Qf27eG9fTv7H2D7MsMb/aC2TkuSduMbcYHr0xgxP2XKuS9zal7fm/ebG7WB1BQAUARiZec4XHXJppNkOaWjYvmqDjIz9aLMHOK6jftCEkBlJXBIz0H+Qfyos+qDnjrZiC6jP8QHtmnyvsQqsHrckVg6gggg9xSasap31Q6kMKACgAoA8ttfEXirw3YQWVxYJKIFENuLKwe4Msa+UiFmMyBGJlAwQANrMSEBau14eLfuzT+Vv8zzFi3b3qbXzv8AohsvxI15bS9mi02/ma0PMI8OTK8yllCmPdcBTkMGwSCAGyBg1Twm3vrXzGsZ/wBO39x0XhvVvEuvSasJVt9LWyvXtI/tWmyD7Qqqh81D5/KEsQD329jkDmqU+TlfNe6vp0v09TrpVOe6tazsbX2XX/8AoJ6b/wCC6T/4/WJuH2XX/wDoJ6b/AOC6T/4/QAfZdf8A+gnpv/guk/8Aj9AFQ+EoL+++26wUvbuPasfl+ZHCoDBlYRF2UOCPv9ccdK2hVnCPKmc86EJy5mMPw80JnspPs03m2f8AqZftMvmAbGQqW3bmUhjlWJBOGIyAar6xU7kfVqbdyS08CaPY209rBahLSaaO4aDcxVXRlZNoJ+VVKKQq4A7Dml7ed076r9RrDxSa6MSz+H2h6ejLb2rxhoEtm/fOxaNCxVSSckDew57YHQACvrFS/Nfrf8v8hfVafLym9a20dnbxwRLtijUIi+gAwBXO227s6klFJIlpDCgAoAKAPM/CfijTLvw1p3k+HJb1Ft1jeeJrMozL8j8mYc70IIPIIwQDTuKxb1Txfomj6ebzUPDcllatJFCJLp7KJGeWTZGoZpwuXchQM5JYAZJpDLNxr9hYxNJP4RuoYYwS8kos1RADzkmbA6Z/H3oA0YJre4hjlTwnOUkUOvy2vQ9P+WtAD/3P/QpT/wDfNr/8doAP3P8A0KU//fNr/wDHaAKP9la5dyXUmmzjw9aSW/lRWr28RkimyT5wKl0YEbV2kZ4JyOjaxnTS1WpjUhU5vdlobPh6x1eyN6dV1CO/864aWARxeX5EZxti77sYzu4znoKU3F25VYdNSSfO7mxiszQWgYUAFABQAUAFAHlFp+zT4R022uYrCbWLJrkYmki1KQlwZzPINrEqA7vLnao+WaRV2hsUAbCfA7wrH4Qm8MLb3C6JK0Tm2S4ZCrRtuRlkUh1ZWCsGDAhlBB9QDF0f9l34faBYvZ6fpc9pbM2Qkd3KNn7qSH5fm+U7JXG4YP3TnKqQAep2lstpbRQKSyxoEBbqQBigCagAoAKACgAoAKACgAoAKACgAoA4A/G3w0YfFjRTS3M3hm9isL+CFA0hlkKqixrnMjMzbFjHzuw2qrFk3AGndfEK3hj1VYdNv7y80ydreexhWMTFgYTlCzhGBjuIpAA+SG243gpQBZ1PxvbaJLdpf2V/AsLxokkVubhZQyFt48rcUQbWUtKEAKnnBBIBneHvizofivWb7TNLTUJ7mxnS3uGl0+eGNHaKOTG90A3ASoGT76kNuUbSaAJbn4o6Lptle3eoLe2FvZTtDcyPZySpbgCNvMleIOkaFJo5NzlQqFi23Y+0Ap3Hxj0Ox8R6zpN7Ff2R0y4W0a5e1MkU8zRW8gSMx7juxd26gOFLtIFTcQcAG34e8d6N4o1C9stPmuHuLOaaCTz7KeBHaKQxy+W8iKsoVxtLRlgMjnkZAOgoAKACgAoAKACgAoAKAK8thbTxSRSQRvHIwZ1ZQQxGME+p4H5UAO+xwbg3kpkcg7Rx824/qAfrQA06fatIZDbxNISGLlASSBgEnuQCRn3oAclnBHKJEhRHC7Qyrg444+nA/IUALHawxMGSJFIzghQMZOT+ZA/KgBPscGxl8lNrDDDb14xz+HFADxEinIUA8849eTQA+gAoAKACgAoAKACgAoAKACgAoAKACgAoAKACgAoAKACgAoAKACgAoAKACgAoAKACgAoAKACgAoAKACgAoAKACgAoAKACgAoAKACgAoAKACgAoAKACgAoAKACgAoAKACgAoAKACgAoAKACgAoAKACgAoAKACgAoAKACgAoAKACgAoAKACgAoAKACgAoAKACgAoAKACgAoAKACgAoAKACgAoAKACgAoAKACgAoAKACgAoAKACgAoAKACgAoAKACgAoAKACgAoAKACgAoAKACgAoAKACgAoAKACgAoAKACgAoAKACgAoAKACgAoAKACgAoAKACgAoAKACgAoAKACgAoAKACgAoAKACgAoAKACgAoAKACgAoAKACgAoAKACgAoAKACgAoAKACgAoAKACgAoAKACgAoAKACgAoAKACgAoAKACgAoAKACgAoA//9k=","timing":5285,"timestamp":8.650058478497999E12},{"data":"/9j/4AAQSkZJRgABAQAAAQABAAD/2wCEAAMCAgMCAgMDAwMEAwMEBQgFBQQEBQoHBwYIDAoMDAsKCwsNDhIQDQ4RDgsLEBYQERMUFRUVDA8XGBYUGBIUFRQBAwQEBQQFCQUFCRQNCw0UFBQUFBQUFBQUFBQUFBQUFBQUFBQUFBQUFBQUFBQUFBQUFBQUFBQUFBQUFBQUFBQUFP/AABEIANUAeAMBEQACEQEDEQH/xAGiAAABBQEBAQEBAQAAAAAAAAAAAQIDBAUGBwgJCgsQAAIBAwMCBAMFBQQEAAABfQECAwAEEQUSITFBBhNRYQcicRQygZGhCCNCscEVUtHwJDNicoIJChYXGBkaJSYnKCkqNDU2Nzg5OkNERUZHSElKU1RVVldYWVpjZGVmZ2hpanN0dXZ3eHl6g4SFhoeIiYqSk5SVlpeYmZqio6Slpqeoqaqys7S1tre4ubrCw8TFxsfIycrS09TV1tfY2drh4uPk5ebn6Onq8fLz9PX29/j5+gEAAwEBAQEBAQEBAQAAAAAAAAECAwQFBgcICQoLEQACAQIEBAMEBwUEBAABAncAAQIDEQQFITEGEkFRB2FxEyIygQgUQpGhscEJIzNS8BVictEKFiQ04SXxFxgZGiYnKCkqNTY3ODk6Q0RFRkdISUpTVFVWV1hZWmNkZWZnaGlqc3R1dnd4eXqCg4SFhoeIiYqSk5SVlpeYmZqio6Slpqeoqaqys7S1tre4ubrCw8TFxsfIycrS09TV1tfY2dri4+Tl5ufo6ery8/T19vf4+fr/2gAMAwEAAhEDEQA/APh3wzoB168ZWcxwRAF2HXnoB78H8qANnXvA0dlYvc2csjmIFnWUg5XuRgDpQBxtABQAUAFABQAUAFABQAUAFAGhoWktrWpR2ytsXBZ3xnaB/kD8aAOp1TwFBFYSSWs8pmjUttkwQ2BnAwOKAOGoA6Hwfr8WiXcq3CnyJsbpF5KEZxx6c0AbviDxnYy6dNBaMbh5kMZ+UqFBGCeQKAOCOSaADFABigAxQAYoAMUAGKADFABigAxQBreGNXTRdVSaVS0LKUfHUA9x+VAHX6n4205bKYW7tPMylVQIwwSO5IH6UAecgYAoA3vsEH/PMUAH2CD/AJ5igA+wQf8APMUAH2CD/nmKAD7BB/zzFAB9gg/55igA+wQf88xQAfYIP+eYoAPsEH/PMUAH2CD/AJ5igA+wQf8APMUAH2CD/nmKAD7BB/zzFAB9gg/55igA+wQf88xQBYoAKACgAoAKACgAoAKACgAoAKACgAoAKACgAoAKACgAoAKACgAoAKACgAoAKACgAoAKACgAoAKACgAoAKACgAoAKACgAoAKACgAoAKACgAoAKACgAoAKACgAoAKACgAoAKACgAoAKACgAoAKACgAoAKACgAoAKACgAoAKACgAoAKACgAoAKACgAoAKACgAoAKACgAoAKACgAoAKACgAoAKACgAoAKACgAoAKACgAoAKACgAoAKACgAoAKACgAoAKACgAoAKACgAoAKACgAoAKACgBUKh13DK55A9KAOjNh4P7a7rZ/7gsP/AMl0AH2Dwh/0HNb/APBND/8AJdAB9g8If9BzW/8AwTQ//JdAB9g8If8AQc1v/wAE0P8A8l0AH2Dwh/0HNb/8E0P/AMl0AH2Dwh/0HNb/APBND/8AJdAB9g8If9BzW/8AwTQ//JdAB9g8If8AQc1v/wAE0P8A8l0AH2Dwh/0HNb/8E0P/AMl0AH2Dwh/0HNb/APBND/8AJdAB9g8If9BzW/8AwTQ//JdAB9g8If8AQc1v/wAE0P8A8l0AAsPB/fXNb/8ABND/APJdAGDerbrdyraSSS2wYiOSaMRu69iyhmCk9cBjj1NAENABQAUAFABQAUAFABQAUAFABQAUAFABQAUAFABQAUAFABQAUAFABQAUAFABQAUAFABQAUAIeQe1ACfN7UAGG9qADDe1ABhvagAw3tQAYb2oAMN7UAGG9qADDe1ABhvagAw3tQAYb2oAPm9qAFGcc9aAFoA3tM8PW1/YQzvJMjODkIwx1PtQBa/4RO0/57XH/fS//E0AH/CJ2n/Pa4/76X/4mgDI1rTI9MljSF3bepJMmCf0AoA1z4TtP+es4+jLj+VAB/widp/z2uP++l/+JoAP+ETtP+e1x/30v/xNAHP6narY38tujMyJjBY88gH+tAFegAoAKACgAoAKACgDd0nxFb2NhFBJDMXTOSgXHX60AW/+EttP+eFz+S/40AH/AAltp/zwufyX/GgDH1zVI9TljeFHQKpGJAOv4GgDYHi20xzBcZ74C/40AH/CW2n/ADwufyX/ABoAP+EttP8Anhc/kv8AjQBgandJfahLcRqyo+MB8Z6Af0oArUAFABQAUAFABQAUAFABmgAzQAUAFABmgAzQAUAFABQAUAFABQAUAFABQAUAFABQAUAFABQAUAFABQAUAFABQAUAFABQAUAFABQAUAFABQAUAFABQAUAFABQAUAFABQAUAFABQAUAFABQAUAFABQAUAFABQAUAFABQAUAFABQAUAFABQAUAFABQAUAFABQAUAFABQAUAFABQAUAFABQAUAFABQAUAFABQAUAFABQAUAFABQAUAFABQAUAFABQAUAFABQAUAFABQAUAFABQAUAFABQAUAFABQAUAFABQAUAZP9sv/AM8l/OgA/tl/+eS/nQAf2y//ADyX86AD+2X/AOeS/nQAf2y//PJfzoAP7Zf/AJ5L+dAB/bL/APPJfzoAP7Zf/nkv50AH9sv/AM8l/OgA/tl/+eS/nQAf2y//ADyX86AD+2X/AOeS/nQAf2y//PJfzoAP7Zf/AJ5L+dAB/bL/APPJfzoAz6ACgAoAKACgAoAKACgAoAKACgAoAKACgAoA/wD/2Q==","timing":5945,"timestamp":8650059139098},{"data":"/9j/4AAQSkZJRgABAQAAAQABAAD/2wCEAAMCAgMCAgMDAwMEAwMEBQgFBQQEBQoHBwYIDAoMDAsKCwsNDhIQDQ4RDgsLEBYQERMUFRUVDA8XGBYUGBIUFRQBAwQEBQQFCQUFCRQNCw0UFBQUFBQUFBQUFBQUFBQUFBQUFBQUFBQUFBQUFBQUFBQUFBQUFBQUFBQUFBQUFBQUFP/AABEIANUAeAMBEQACEQEDEQH/xAGiAAABBQEBAQEBAQAAAAAAAAAAAQIDBAUGBwgJCgsQAAIBAwMCBAMFBQQEAAABfQECAwAEEQUSITFBBhNRYQcicRQygZGhCCNCscEVUtHwJDNicoIJChYXGBkaJSYnKCkqNDU2Nzg5OkNERUZHSElKU1RVVldYWVpjZGVmZ2hpanN0dXZ3eHl6g4SFhoeIiYqSk5SVlpeYmZqio6Slpqeoqaqys7S1tre4ubrCw8TFxsfIycrS09TV1tfY2drh4uPk5ebn6Onq8fLz9PX29/j5+gEAAwEBAQEBAQEBAQAAAAAAAAECAwQFBgcICQoLEQACAQIEBAMEBwUEBAABAncAAQIDEQQFITEGEkFRB2FxEyIygQgUQpGhscEJIzNS8BVictEKFiQ04SXxFxgZGiYnKCkqNTY3ODk6Q0RFRkdISUpTVFVWV1hZWmNkZWZnaGlqc3R1dnd4eXqCg4SFhoeIiYqSk5SVlpeYmZqio6Slpqeoqaqys7S1tre4ubrCw8TFxsfIycrS09TV1tfY2dri4+Tl5ufo6ery8/T19vf4+fr/2gAMAwEAAhEDEQA/APgL9KAL2qaDqeiLE1/p1zZpI5jDTRkDdgnGemcAn8KAKNABQB0Wm/DzxFrPh2PW9P0m4v8AT5Ls2KNagSuZgYQV8tSXAzcQKGK7S0qKCWOKAJYvhh4sn0e41WPQL19Pt7Sa+lnEfypDFOlvKx7/ACSyIrDqu9SRg5oArSeAPE0M1rG2gah5l3dy2FtEsDGWW5iVDNCIwN29PNjyMZG6gCa1+G3iq+0zT9QtfDup3dpqBuPsr29q0hmEG3zmCqCdq7wC2MZDDOVbABn3/hbWNLsftl3pd5b2vmPC07wkIkisUaNz/C4YYKnB6eooAuz/AA68V215NaTeGNZiuoXijlgfT5Q8bSttiVlK5BcghQfvEYGaAII/BeuM92j6VdW72v2gSi5j8na0ADTp8+PnQMpZRyMjI5FAGLQAUAFABQAY9qAOq8VfFDxZ4206Kw13X9Q1SzilEyQXVw8iK4DAEBiccO350Acrg0AGDQB2+g/FnVvD3glvCsFlYTaVNePcXYmSQveRO1q72shDjETPZW7ZQLICnDgHFAHQW37Sfiyy0DUdHt4rGO21Bt93IwmkmmZLtry3YyPKx3QzvI6kcvvIlMoAAAOWuPiTf3njCPXrmw0+5iitWsYNIlRzZQWxthbCJF37xiMLiTf5hZd5csSxAOt+I/7TPi34nnVX1O3021m1OSWW6lsI5Y2cubcADMh2hI7S3iXbj5Y8tudmdgClrn7QXibxB4X1jQbm300WWqtdNcOkLiTM95a3bkEuRkSWcYGQflZ85JDAA6zxP+194g1vx/ceJ7Hw3oembdW/tSwtnjkme1H9pHUWieXepmDz7WfcMDB8oQh2UgHAt8ZvEMvhqx0OUW0lpZ6fLpkbFXUm3cSbVYBgrMjXF0yuV3A3EgJK7VUA4PHtQAYNABg0AGKAN46bATnyxQAn9mwf881oAP7Ng/55rQAf2bB/zzWgA/s2D/nmtAB/ZsH/ADzWgA/s2D/nmtAB/ZsH/PNaAD+zYP8AnmtAB/ZsH/PNaAD+zYP+ea0AH9mwf881oAP7Ng/55rQAf2bB/wA81oABptvn/VigC3QAUAFABQAUAFABQAUAFABQAUAFABQAUAFABQAUAFABQAUAFABQAUAFABQAUAFABQAUAFABQAUAFABQAUAFABQAUAFABQAUAFABQAUAFABQAUAFABQAUAFABQAUAFABQAUAFABQAUAFABQAUAFABQAUAFABQAUAFABQAUAFABQAUAFABQAUAFABQAUAFABQAUAFABQAUAFABQAUAFABQAUAFABQAUAFABQAUAFABQAUAFABQAUAFABQAUAFABQAUAFABQAUAFABQAUAFABQAUAFABQAUAFAHW6N8L9b8Q6XDeaatveNKkbpapMBMwaS4T5VONxBtpCQpJwQcYDFQCppvgHWNYeySyhjuJbyc20EYlCs8oUMV+bG35WQ5OANwyRzgAYngq9+0xRzz2lpC00kMlzNNiOEoQHLkAkAZzwDnHGTgEAwCMGgAoAKACgDU8K+Hrjxb4m0nQ7R4orrUruKzieYkIryOFUsQCcZIzgE47GgDuvif8DLr4c6BBrcOrwaxpT6hNpUkiqsciXMTOG+VXcFG8tipyGxjcq5FAHmNABQAUAFABQAUATwtahcyxTSOepWYKPy2n+dAD/Msf8An3uP/Ahf/iKADzLH/n3uP/Ahf/iKADzLH/n3uP8AwIX/AOIoAPMsf+fe4/8AAhf/AIigA8yx/wCfe4/8CF/+IoAPMsf+fe4/8CF/+IoAmtL+3sLuG5tkvLe4gdZYpoboI6OpyrKwTIIIBBFAGn4i8a3XilIV1BppFhLvHFGYoYhI2N8hSOJVLsQu5iNzYGScUAc5QAUAFABQAUAFABQAUAFABQAUAFABQAenvxQAgORxQAtABQAUAFABQAUAdhCvg+78LW0LyyWuuJbXEsk4Emxpcv5MR4cNnEZ4WNVG/LsWAQAs6rpHgRrCVtO128+2h5GhUxGSJkDvsVsqpy0YjIZSRuZgwTAJALkdr8PNOs724D3es3cUcEkVkbmRFmY3Q82NX+zIUIgQ/M4x+9OASnIB51QAUAFABQBseDNJtdf8YaHpd7ObWyvr6C2nnVgDHG8iqzZPHAJPPFAHr/7Unwx8JfD+Xw5ceFndBem6intWuIphGsbr5bAx9ismAWyzBAW+ctkA8IoAKACgAoAKACgBSzMqjJAHpQAmG9W/M0AGG9W/M0AByO7fmaADk92/M0AGG9W/M0AGG9W/M0AHI7t+ZoAQ5P8AE3fv7UALQAUAFABQAUAFAFDVbqS2EflttyTnigDW8OeC/FXi5NLbSLQ3f9o3j2FuPNiTzJlMClBuYYJa6gAJwCXGCcHABpN8KPHiWqzyaUyJ5d/MxM8R2pZLuuSQGJGza4PrgYyeKAOPsb+ea6jR3ypzkYHoaAJtUupbeSMRvtBBzwKAN9PAHi19B0fVzbxxWGsru06aa5hjFwfPe3wNzDpLGynOAuULEB1JAMzWND13QnmS8UQywxJM6M8ZOxmwCMMc9VOByM84oAoadezT3G133Lg9qANSgAoAKACgAoAKACgClqVm92E2Y+XPU0APs73XtP06TT7XVbq30+R2le0iuXWF3MbRsxQHBJjd0JI5ViOhIoAfJqfiGZUWTWL2QJG0KbrqQ7EaIQsq88AxKsZA/gAXpxQBRs9OlguUdiu0Z6H2NAE2pWUl06FCvygg5NAF7T9f8U6RYTWNj4g1Kysprc2kttbX0scckBZ2MTKCAULSSHaeMuxx8xyAQapqPiDXM/2lq13qJIYZu7l5eDI0jD5ieC7s59WYnqc0AVbCwltp97lcYI4NAGlQAUAFABQAUAFABQAUAFABQAUAFABQAUAFABQAUAFABQAUAFABQAUAFABQAUAFABQAUAFABQAUAFABQAUAFABQAUAFABQAUAFABQAUAFABQAUAFABQAUAFABQAUAFABQAUAFABQAUAFABQAUAFABQAUAFABQAUAFABQAUAFABQAUAFABQAUAFABQAUAFABQAUAFABQAUAFABQAUAFABQAUAFABQAUAFABQAUAFABQAUAFABQAUAFABQAUAFABQBFDaa3cXNvbxaLeS3FyI2ghjt3Z5Q5AQqoGWDEgDHXNAFjU9E8SaLIkeo+HtQsJHhFwsd1aSRsYi/liQBgDtL/ID03AjrxQBWlttZhurm1k0e7S6tTKJ4DA4kiMYcy7lxkbBHJuz02NnGDQA6Wx12GJpX0O9WJYUuGkNtJtETSCNZM4xtLsEDdCxA6mgCiNQuiHP2U/IcNwfl4J5/AE/QZoAWe+u7YZltGjGSMspAyCQf1Vh9QfSgCH+2n/55r+dAB/bT/8APNfzoAP7af8A55r+dAB/bT/881/OgA/tp/8Anmv50AH9tP8A881/OgA/tp/+ea/nQAf20/8AzzX86AD+2n/55r+dAF+/+Imv6lq0d9e3cV9e26RwJcXNpDI4WMoyHJT7w2Iu7qUXYSU+WgB2r+Pdc1e2s9PvrxLm1stscKG3iXaBLcTAAqoOPMup2I6HeBjCoFAIbTxrrGnzWuoW935UpEsUSiJNsSyIUcBdu0ArxhQAO3ODQBpW3xS8WDUpb9dalN49pLpyyyRI/k28iMjRxKVxCu2RwBGF2hjt25oAp6L8UPEWm395c298DcXlvBaXLXMMc4mhtzFJDGyupBANvEMEEEAhgQSCAUb/AMQ6neacdOuLrzbMXb3Rj2KMzFVVnzjPIA4zjj1NAGXQAUAFABQAUAFABQAUAFAH/9k=","timing":6606,"timestamp":8650059799698}]}},"meta-viewport":{"displayValue":"","score":false,"helpText":"Disabling zooming is problematic for users with low vision who rely on screen magnification to properly see the contents of a web page. [Learn more](https://dequeuniversity.com/rules/axe/2.2/meta-viewport?application=lighthouse).","rawValue":false,"extendedInfo":{"value":{"help":"Zooming and scaling must not be disabled","nodes":[{"failureSummary":"Fix any of the following:\n  <meta> tag disables zooming on mobile devices","snippet":"<meta name=\"viewport\" content=\"width=device-width,initial-scale=1,maximum-scale=1,minimum-scale=1,user-scalable=no\">","path":"1,HTML,1,HEAD,1,META","impact":"critical","html":"<meta name=\"viewport\" content=\"width=device-width,initial-scale=1,maximum-scale=1,minimum-scale=1,user-scalable=no\">","target":["meta[name=\"viewport\"]"]}],"impact":"critical","description":"Ensures <meta name=\"viewport\"> does not disable text scaling and zooming","helpUrl":"https://dequeuniversity.com/rules/axe/3.0/meta-viewport?application=axeAPI","id":"meta-viewport","tags":["cat.sensory-and-visual-cues","wcag2aa","wcag144"]}},"name":"meta-viewport","description":"`[user-scalable=\"no\"]` is used in the `<meta name=\"viewport\">` element or the `[maximum-scale]` attribute is less than 5.","scoringMode":"binary","details":{"header":{"text":"View failing elements","type":"text"},"type":"list","items":[{"snippet":"<meta name=\"viewport\" content=\"width=device-width,initial-scale=1,maximum-scale=1,minimum-scale=1,user-scalable=no\">","path":"1,HTML,1,HEAD,1,META","selector":"meta[name=\"viewport\"]","type":"node"}]}},"visual-order-follows-dom":{"displayValue":"","score":false,"helpText":"DOM order matches the visual order, improving navigation for assistive technology. [Learn more](https://developers.google.com/web/fundamentals/accessibility/how-to-review#try_it_with_a_screen_reader).","rawValue":false,"name":"visual-order-follows-dom","description":"Visual order on the page follows DOM order","scoringMode":"binary","informative":true,"manual":true},"works-offline":{"displayValue":"","score":false,"helpText":"If you're building a Progressive Web App, consider using a service worker so that your app can work offline. [Learn more](https://developers.google.com/web/tools/lighthouse/audits/http-200-when-offline).","rawValue":false,"name":"works-offline","description":"Does not respond with a 200 when offline","scoringMode":"binary"},"definition-list":{"displayValue":"","score":false,"helpText":"When definition lists are not properly marked up, screen readers may produce confusing or inaccurate output. [Learn more](https://dequeuniversity.com/rules/axe/2.2/definition-list?application=lighthouse).","rawValue":false,"name":"definition-list","description":"`<dl>`'s do not contain only properly-ordered `<dt>` and `<dd>` groups, `<script>` or `<template>` elements.","scoringMode":"binary","informative":true,"notApplicable":true},"password-inputs-can-be-pasted-into":{"displayValue":"","score":true,"helpText":"Preventing password pasting undermines good security policy. [Learn more](https://www.ncsc.gov.uk/blog-post/let-them-paste-passwords)","rawValue":true,"extendedInfo":{"value":[]},"name":"password-inputs-can-be-pasted-into","description":"Allows users to paste into password fields","scoringMode":"binary","details":{"header":{"text":"Password inputs that prevent pasting into","type":"text"},"type":"list","items":[]}},"html-lang-valid":{"displayValue":"","score":false,"helpText":"Specifying a valid [BCP 47 language](https://www.w3.org/International/questions/qa-choosing-language-tags#question) helps screen readers announce text properly. [Learn more](https://dequeuniversity.com/rules/axe/2.2/valid-lang?application=lighthouse).","rawValue":false,"name":"html-lang-valid","description":"`<html>` element does not have a valid value for its `[lang]` attribute.","scoringMode":"binary","informative":true,"notApplicable":true},"splash-screen":{"displayValue":"","score":false,"debugString":"Failures: No manifest was fetched.","helpText":"A themed splash screen ensures a high-quality experience when users launch your app from their homescreens. [Learn more](https://developers.google.com/web/tools/lighthouse/audits/custom-splash-screen).","rawValue":false,"extendedInfo":{"value":{"failures":["No manifest was fetched"],"manifestValues":{"parseFailureReason":"No manifest was fetched","allChecks":[],"isParseFailure":true}}},"name":"splash-screen","description":"Is not configured for a custom splash screen","scoringMode":"binary"},"label":{"displayValue":"","score":true,"helpText":"Labels ensure that form controls are announced properly by assistive technologies, like screen readers. [Learn more](https://dequeuniversity.com/rules/axe/2.2/label?application=lighthouse).","rawValue":true,"extendedInfo":{},"name":"label","description":"Form elements have associated labels","scoringMode":"binary","details":{"header":{"text":"View failing elements","type":"text"},"type":"list","items":[]}},"uses-webp-images":{"displayValue":"","score":100,"helpText":"Image formats like JPEG 2000, JPEG XR, and WebP often provide better compression than PNG or JPEG, which means faster downloads and less data consumption. [Learn more](https://developers.google.com/web/tools/lighthouse/audits/webp).","rawValue":0,"extendedInfo":{"value":{"wastedKb":0,"wastedMs":0,"results":[]}},"name":"uses-webp-images","description":"Serve images in next-gen formats","scoringMode":"binary","informative":true,"details":{"itemHeaders":[{"itemType":"thumbnail","text":"","type":"text"},{"itemType":"url","text":"URL","type":"text"},{"itemType":"text","text":"Original","type":"text"},{"itemType":"text","text":"Potential Savings","type":"text"}],"header":"View Details","type":"table","items":[]}},"speed-index-metric":{"displayValue":"5,723","score":48,"helpText":"Speed Index shows how quickly the contents of a page are visibly populated. [Learn more](https://developers.google.com/web/tools/lighthouse/audits/speed-index).","rawValue":5723,"extendedInfo":{"value":{"frames":[{"progress":0,"timestamp":8.650053193698E9},{"progress":0,"timestamp":8.650053950668E9},{"progress":0,"timestamp":8.650057717184E9},{"progress":78.47020210836772,"timestamp":8.650058783808E9},{"progress":79.55400014666994,"timestamp":8.650058883804E9},{"progress":84.25733274045653,"timestamp":8.65005906713E9},{"progress":90.99914379891193,"timestamp":8.650059217124E9},{"progress":92.49290629372531,"timestamp":8.65005965044E9},{"progress":100.00000000000001,"timestamp":8.650059800434E9}],"timestamps":{"firstVisualChange":8650058783698,"perceptualSpeedIndex":8.650058916695168E12,"visuallyComplete":8650059799698,"visuallyReady":8.650059217124001E12},"timings":{"firstVisualChange":5590,"perceptualSpeedIndex":5722.997167414955,"visuallyComplete":6606,"visuallyReady":6023.426000595093}}},"name":"speed-index-metric","description":"Perceptual Speed Index","scoringMode":"numeric"},"bypass":{"displayValue":"","score":true,"helpText":"Adding ways to bypass repetitive content lets keyboard users navigate the page more efficiently. [Learn more](https://dequeuniversity.com/rules/axe/2.2/bypass?application=lighthouse).","rawValue":true,"extendedInfo":{},"name":"bypass","description":"The page contains a heading, skip link, or landmark region","scoringMode":"binary","details":{"header":{"text":"View failing elements","type":"text"},"type":"list","items":[]}},"http-status-code":{"displayValue":"","score":null,"debugString":"Audit error: Unable to identify the main resource","helpText":"Pages with unsuccessful HTTP status codes may not be indexed properly. [Learn more](https://developers.google.com/web/tools/lighthouse/audits/successful-http-code).","rawValue":null,"name":"http-status-code","description":"Page has unsuccessful HTTP status code","scoringMode":"binary","error":true},"viewport":{"displayValue":"","score":true,"debugString":"","helpText":"Add a viewport meta tag to optimize your app for mobile screens. [Learn more](https://developers.google.com/web/tools/lighthouse/audits/has-viewport-meta-tag).","rawValue":true,"name":"viewport","description":"Has a `<meta name=\"viewport\">` tag with `width` or `initial-scale`","scoringMode":"binary"},"estimated-input-latency":{"displayValue":"50 ms","score":95,"helpText":"The score above is an estimate of how long your app takes to respond to user input, in milliseconds. There is a 90% probability that a user encounters this amount of latency, or less. 10% of the time a user can expect additional latency. If your latency is higher than 50 ms, users may perceive your app as laggy. [Learn more](https://developers.google.com/web/tools/lighthouse/audits/estimated-input-latency).","rawValue":49.8,"extendedInfo":{"value":[{"percentile":0.5,"time":16},{"percentile":0.75,"time":16},{"percentile":0.9,"time":49.84405833333335},{"percentile":0.99,"time":161.88252333333307},{"percentile":1,"time":209.04299999999876}]},"name":"estimated-input-latency","description":"Estimated Input Latency","scoringMode":"numeric"},"redirects":{"displayValue":"","score":null,"debugString":"Audit error: Unable to identify the main resource","helpText":"Redirects introduce additional delays before the page can be loaded. [Learn more](https://developers.google.com/speed/docs/insights/AvoidRedirects).","rawValue":null,"name":"redirects","description":"Has multiple page redirects","scoringMode":"binary","error":true},"load-fast-enough-for-pwa":{"displayValue":"","score":true,"helpText":"A fast page load over a 3G network ensures a good mobile user experience. [Learn more](https://developers.google.com/web/tools/lighthouse/audits/fast-3g).","rawValue":true,"extendedInfo":{"value":{"isFast":true,"timeToFirstInteractive":6460.149,"firstRequestLatencies":[{"latency":"566.29","url":"http://web/"},{"latency":"579.72","url":"https://cdnjs.cloudflare.com/ajax/libs/Chart.js/2.7.1/Chart.min.js"},{"latency":"571.48","url":"https://unpkg.com/vue-chartjs/dist/vue-chartjs.min.js"},{"latency":"578.93","url":"https://fonts.gstatic.com/s/roboto/v18/KFOmCnqEu92Fr1Mu4mxK.woff2"}],"areLatenciesAll3G":true}},"name":"load-fast-enough-for-pwa","description":"Page load is fast enough on 3G","scoringMode":"binary"},"font-display":{"displayValue":"","score":false,"helpText":"Leverage the font-display CSS feature to ensure text is user-visible while webfonts are loading. [Learn more](https://developers.google.com/web/updates/2016/02/font-display).","rawValue":false,"name":"font-display","description":"Avoid invisible text while webfonts are loading","scoringMode":"binary","details":{"itemHeaders":[{"itemType":"url","text":"Font URL","type":"text"},{"itemType":"text","text":"Font download time","type":"text"}],"header":"View Details","type":"table","items":[[{"text":"https://fonts.gstatic.com/s/roboto/v18/KFOmCnqEu92Fr1Mu4mxK.woff2","type":"url"},{"text":"884 ms","type":"text"}],[{"text":"https://fonts.gstatic.com/s/materialicons/v37/flUhRq6tzZclQEJ-Vdg-IuiaDsNc.woff2","type":"url"},{"text":"1,066 ms","type":"text"}],[{"text":"https://fonts.gstatic.com/s/roboto/v18/KFOlCnqEu92Fr1MmEU9fBBc4.woff2","type":"url"},{"text":"875 ms","type":"text"}]]}},"layout-table":{"displayValue":"","score":false,"helpText":"A table being used for layout purposes should not include data elements, such as the th or caption elements or the summary attribute, because this can create a confusing experience for screen reader users. [Learn more](https://dequeuniversity.com/rules/axe/2.2/layout-table?application=lighthouse).","rawValue":false,"name":"layout-table","description":"Presentational `<table>` elements do not avoid using `<th>`, `<caption>` or the `[summary]` attribute.","scoringMode":"binary","informative":true,"notApplicable":true}},"url":"http://web/#/"}
61.94117647058823
The variable of type Double with the value 61.94117647058823 is not LOWER_THAN 61.94117647058823
]]></system-out>
    </rerunFailure>
    <rerunFailure message="expected:&lt;true&gt; but was:&lt;false&gt;" type="java.lang.AssertionError"><![CDATA[java.lang.AssertionError: expected:<true> but was:<false>
	at org.junit.Assert.fail(Assert.java:88)
	at org.junit.Assert.failNotEquals(Assert.java:834)
	at org.junit.Assert.assertEquals(Assert.java:118)
	at org.junit.Assert.assertEquals(Assert.java:144)
	at io.jenkins.plugins.sample.LighthousePluginTest.Test_PositiveEquals(LighthousePluginTest.java:25)
	at sun.reflect.NativeMethodAccessorImpl.invoke0(Native Method)
	at sun.reflect.NativeMethodAccessorImpl.invoke(NativeMethodAccessorImpl.java:62)
	at sun.reflect.DelegatingMethodAccessorImpl.invoke(DelegatingMethodAccessorImpl.java:43)
	at java.lang.reflect.Method.invoke(Method.java:498)
	at org.junit.runners.model.FrameworkMethod$1.runReflectiveCall(FrameworkMethod.java:50)
	at org.junit.internal.runners.model.ReflectiveCallable.run(ReflectiveCallable.java:12)
	at org.junit.runners.model.FrameworkMethod.invokeExplosively(FrameworkMethod.java:47)
	at org.junit.internal.runners.statements.InvokeMethod.evaluate(InvokeMethod.java:17)
	at org.junit.runners.ParentRunner.runLeaf(ParentRunner.java:325)
	at org.junit.runners.BlockJUnit4ClassRunner.runChild(BlockJUnit4ClassRunner.java:78)
	at org.junit.runners.BlockJUnit4ClassRunner.runChild(BlockJUnit4ClassRunner.java:57)
	at org.junit.runners.ParentRunner$3.run(ParentRunner.java:290)
	at org.junit.runners.ParentRunner$1.schedule(ParentRunner.java:71)
	at org.junit.runners.ParentRunner.runChildren(ParentRunner.java:288)
	at org.junit.runners.ParentRunner.access$000(ParentRunner.java:58)
	at org.junit.runners.ParentRunner$2.evaluate(ParentRunner.java:268)
	at org.junit.runners.ParentRunner.run(ParentRunner.java:363)
	at org.apache.maven.surefire.junit4.JUnit4Provider.executeFailedMethod(JUnit4Provider.java:379)
	at org.apache.maven.surefire.junit4.JUnit4Provider.executeWithRerun(JUnit4Provider.java:290)
	at org.apache.maven.surefire.junit4.JUnit4Provider.executeTestSet(JUnit4Provider.java:236)
	at org.apache.maven.surefire.junit4.JUnit4Provider.invoke(JUnit4Provider.java:159)
	at org.apache.maven.surefire.booter.ForkedBooter.invokeProviderInSameClassLoader(ForkedBooter.java:386)
	at org.apache.maven.surefire.booter.ForkedBooter.runSuitesInProcess(ForkedBooter.java:323)
	at org.apache.maven.surefire.booter.ForkedBooter.main(ForkedBooter.java:143)
]]>
      <system-out><![CDATA[{"initialUrl":"http://web:80/#/","generatedTime":"2018-06-24T16:18:28.384Z","score":30,"reportCategories":[{"score":61.94117647058823,"name":"Performance","description":"These encapsulate your web app's current performance and opportunities to improve it.","id":"performance","audits":[{"result":{"displayValue":"4,520 ms","score":40,"helpText":"First meaningful paint measures when the primary content of a page is visible. [Learn more](https://developers.google.com/web/tools/lighthouse/audits/first-meaningful-paint).","rawValue":4521.8,"extendedInfo":{"value":{"timestamps":{"fCP":8650057715484,"endOfTrace":8650064967436,"fMP":8650057715493,"onLoad":8650058566647,"navStart":8650053193698},"fmpFellBack":false,"timings":{"fCP":4521.786,"endOfTrace":11773.738,"fMP":4521.795,"onLoad":5372.949,"navStart":0}}},"name":"first-meaningful-paint","description":"First meaningful paint","scoringMode":"numeric"},"score":40,"weight":5,"id":"first-meaningful-paint","group":"perf-metric"},{"result":{"displayValue":"6,460 ms","score":71,"helpText":"First Interactive marks the time at which the page is minimally interactive. [Learn more](https://developers.google.com/web/tools/lighthouse/audits/first-interactive).","rawValue":6460.149,"extendedInfo":{"value":{"timeInMs":6460.149,"timestamp":8650059653847}},"name":"first-interactive","description":"First Interactive (beta)","scoringMode":"numeric"},"score":71,"weight":5,"id":"first-interactive","group":"perf-metric"},{"result":{"displayValue":"6,460 ms","score":71,"helpText":"Consistently Interactive marks the time at which the page is fully interactive. [Learn more](https://developers.google.com/web/tools/lighthouse/audits/consistently-interactive).","rawValue":6460.149,"extendedInfo":{"value":{"timeInMs":6460.149,"cpuQuietPeriod":{"start":8.650059653847E9,"end":8.650064967436E9},"networkQuietPeriods":[{"start":8.650059532223999E9,"end":8.650064967436E9}],"networkQuietPeriod":{"start":8.650059532223999E9,"end":8.650064967436E9},"cpuQuietPeriods":[{"start":8.650059653847E9,"end":8.650064967436E9}],"timestamp":8650059653847}},"name":"consistently-interactive","description":"Consistently Interactive (beta)","scoringMode":"numeric"},"score":71,"weight":5,"id":"consistently-interactive","group":"perf-metric"},{"result":{"displayValue":"5,723","score":48,"helpText":"Speed Index shows how quickly the contents of a page are visibly populated. [Learn more](https://developers.google.com/web/tools/lighthouse/audits/speed-index).","rawValue":5723,"extendedInfo":{"value":{"frames":[{"progress":0,"timestamp":8.650053193698E9},{"progress":0,"timestamp":8.650053950668E9},{"progress":0,"timestamp":8.650057717184E9},{"progress":78.47020210836772,"timestamp":8.650058783808E9},{"progress":79.55400014666994,"timestamp":8.650058883804E9},{"progress":84.25733274045653,"timestamp":8.65005906713E9},{"progress":90.99914379891193,"timestamp":8.650059217124E9},{"progress":92.49290629372531,"timestamp":8.65005965044E9},{"progress":100.00000000000001,"timestamp":8.650059800434E9}],"timestamps":{"firstVisualChange":8650058783698,"perceptualSpeedIndex":8.650058916695168E12,"visuallyComplete":8650059799698,"visuallyReady":8.650059217124001E12},"timings":{"firstVisualChange":5590,"perceptualSpeedIndex":5722.997167414955,"visuallyComplete":6606,"visuallyReady":6023.426000595093}}},"name":"speed-index-metric","description":"Perceptual Speed Index","scoringMode":"numeric"},"score":48,"weight":1,"id":"speed-index-metric","group":"perf-metric"},{"result":{"displayValue":"50 ms","score":95,"helpText":"The score above is an estimate of how long your app takes to respond to user input, in milliseconds. There is a 90% probability that a user encounters this amount of latency, or less. 10% of the time a user can expect additional latency. If your latency is higher than 50 ms, users may perceive your app as laggy. [Learn more](https://developers.google.com/web/tools/lighthouse/audits/estimated-input-latency).","rawValue":49.8,"extendedInfo":{"value":[{"percentile":0.5,"time":16},{"percentile":0.75,"time":16},{"percentile":0.9,"time":49.84405833333335},{"percentile":0.99,"time":161.88252333333307},{"percentile":1,"time":209.04299999999876}]},"name":"estimated-input-latency","description":"Estimated Input Latency","scoringMode":"numeric"},"score":95,"weight":1,"id":"estimated-input-latency","group":"perf-metric"},{"result":{"displayValue":"","score":100,"helpText":"External stylesheets are blocking the first paint of your page. Consider delivering critical CSS via `<style>` tags and deferring non-critical styles. [Learn more](https://developers.google.com/web/tools/lighthouse/audits/blocking-resources).","rawValue":0,"extendedInfo":{"value":{"wastedMs":"0 ms","results":[]}},"name":"link-blocking-first-paint","description":"Reduce render-blocking stylesheets","scoringMode":"binary","informative":true,"details":{"itemHeaders":[{"itemType":"url","text":"URL","type":"text"},{"itemType":"text","text":"Size (KB)","type":"text"},{"itemType":"text","text":"Delayed Paint By (ms)","type":"text"}],"header":"View Details","type":"table","items":[]}},"score":100,"weight":0,"id":"link-blocking-first-paint","group":"perf-hint"},{"result":{"displayValue":"","score":100,"helpText":"Script elements are blocking the first paint of your page. Consider inlining critical scripts and deferring non-critical ones. [Learn more](https://developers.google.com/web/tools/lighthouse/audits/blocking-resources).","rawValue":0,"extendedInfo":{"value":{"wastedMs":"0 ms","results":[]}},"name":"script-blocking-first-paint","description":"Reduce render-blocking scripts","scoringMode":"binary","informative":true,"details":{"itemHeaders":[{"itemType":"url","text":"URL","type":"text"},{"itemType":"text","text":"Size (KB)","type":"text"},{"itemType":"text","text":"Delayed Paint By (ms)","type":"text"}],"header":"View Details","type":"table","items":[]}},"score":100,"weight":0,"id":"script-blocking-first-paint","group":"perf-hint"},{"result":{"displayValue":"","score":100,"helpText":"Serve images that are appropriately-sized to save cellular data and improve load time. [Learn more](https://developers.google.com/web/tools/lighthouse/audits/oversized-images).","rawValue":0,"extendedInfo":{"value":{"wastedKb":0,"wastedMs":0,"results":[]}},"name":"uses-responsive-images","description":"Properly size images","scoringMode":"binary","informative":true,"details":{"itemHeaders":[{"itemType":"thumbnail","text":"","type":"text"},{"itemType":"url","text":"URL","type":"text"},{"itemType":"text","text":"Original","type":"text"},{"itemType":"text","text":"Potential Savings","type":"text"}],"header":"View Details","type":"table","items":[]}},"score":100,"weight":0,"id":"uses-responsive-images","group":"perf-hint"},{"result":{"displayValue":"","score":100,"helpText":"Consider lazy-loading offscreen and hidden images to improve page load speed and time to interactive. [Learn more](https://developers.google.com/web/tools/lighthouse/audits/offscreen-images).","rawValue":0,"extendedInfo":{"value":{"wastedKb":0,"wastedMs":0,"results":[]}},"name":"offscreen-images","description":"Offscreen images","scoringMode":"binary","informative":true,"details":{"itemHeaders":[{"itemType":"thumbnail","text":"","type":"text"},{"itemType":"url","text":"URL","type":"text"},{"itemType":"text","text":"Original","type":"text"},{"itemType":"text","text":"Potential Savings","type":"text"}],"header":"View Details","type":"table","items":[]}},"score":100,"weight":0,"id":"offscreen-images","group":"perf-hint"},{"result":{"displayValue":"","score":100,"helpText":"Minifying CSS files can reduce network payload sizes. [Learn more](https://developers.google.com/speed/docs/insights/MinifyResources).","rawValue":0,"extendedInfo":{"value":{"wastedKb":0,"wastedMs":0,"results":[]}},"name":"unminified-css","description":"Minify CSS","scoringMode":"binary","informative":true,"details":{"itemHeaders":[{"itemType":"url","text":"URL","type":"text"},{"itemType":"text","text":"Original","type":"text"},{"itemType":"text","text":"Potential Savings","type":"text"}],"header":"View Details","type":"table","items":[]}},"score":100,"weight":0,"id":"unminified-css","group":"perf-hint"},{"result":{"displayValue":"","score":100,"helpText":"Minifying JavaScript files can reduce payload sizes and script parse time. [Learn more](https://developers.google.com/speed/docs/insights/MinifyResources).","rawValue":0,"extendedInfo":{"value":{"wastedKb":0,"wastedMs":0,"results":[]}},"name":"unminified-javascript","description":"Minify JavaScript","scoringMode":"binary","informative":true,"details":{"itemHeaders":[{"itemType":"url","text":"URL","type":"text"},{"itemType":"text","text":"Original","type":"text"},{"itemType":"text","text":"Potential Savings","type":"text"}],"header":"View Details","type":"table","items":[]}},"score":100,"weight":0,"id":"unminified-javascript","group":"perf-hint"},{"result":{"displayValue":"Potential savings of 35 KB (~190 ms)","score":90,"helpText":"Remove unused rules from stylesheets to reduce unnecessary bytes consumed by network activity. [Learn more](https://developers.google.com/speed/docs/insights/OptimizeCSSDelivery)","rawValue":190,"extendedInfo":{"value":{"wastedKb":35,"wastedMs":190,"results":[{"wastedKb":"29 KB","totalKb":"32 KB","wastedMs":"160 ms","totalMs":"170 ms","potentialSavings":"29 KB (93%)","totalBytes":32261,"wastedPercent":92.80281987684556,"wastedBytes":29939,"url":"http://web/static/css/app.a1bcfeb0daa2a3f727390086fd42ee9d.css"},{"wastedKb":"5 KB","totalKb":"6 KB","wastedMs":"30 ms","totalMs":"30 ms","potentialSavings":"5 KB (98%)","totalBytes":5722,"wastedPercent":98.2698357217756,"wastedBytes":5623,"url":{"text":"a { color: #1976d2; } ...","type":"code"}}]}},"name":"unused-css-rules","description":"Unused CSS rules","scoringMode":"binary","informative":true,"details":{"itemHeaders":[{"itemType":"url","text":"URL","type":"text"},{"itemType":"text","text":"Original","type":"text"},{"itemType":"text","text":"Potential Savings","type":"text"}],"header":"View Details","type":"table","items":[[{"text":"http://web/static/css/app.a1bcfeb0daa2a3f727390086fd42ee9d.css","type":"url"},{"text":"32 KB","type":"text"},{"text":"29 KB (93%)","type":"text"}],[{"text":"a { color: #1976d2; } ...","type":"code"},{"text":"6 KB","type":"text"},{"text":"5 KB (98%)","type":"text"}]]}},"score":90,"weight":0,"id":"unused-css-rules","group":"perf-hint"},{"result":{"displayValue":"","score":100,"helpText":"Optimized images load faster and consume less cellular data. [Learn more](https://developers.google.com/web/tools/lighthouse/audits/optimize-images).","rawValue":0,"extendedInfo":{"value":{"wastedKb":0,"wastedMs":0,"results":[]}},"name":"uses-optimized-images","description":"Optimize images","scoringMode":"binary","informative":true,"details":{"itemHeaders":[{"itemType":"thumbnail","text":"","type":"text"},{"itemType":"url","text":"URL","type":"text"},{"itemType":"text","text":"Original","type":"text"},{"itemType":"text","text":"Potential Savings","type":"text"}],"header":"View Details","type":"table","items":[]}},"score":100,"weight":0,"id":"uses-optimized-images","group":"perf-hint"},{"result":{"displayValue":"","score":100,"helpText":"Image formats like JPEG 2000, JPEG XR, and WebP often provide better compression than PNG or JPEG, which means faster downloads and less data consumption. [Learn more](https://developers.google.com/web/tools/lighthouse/audits/webp).","rawValue":0,"extendedInfo":{"value":{"wastedKb":0,"wastedMs":0,"results":[]}},"name":"uses-webp-images","description":"Serve images in next-gen formats","scoringMode":"binary","informative":true,"details":{"itemHeaders":[{"itemType":"thumbnail","text":"","type":"text"},{"itemType":"url","text":"URL","type":"text"},{"itemType":"text","text":"Original","type":"text"},{"itemType":"text","text":"Potential Savings","type":"text"}],"header":"View Details","type":"table","items":[]}},"score":100,"weight":0,"id":"uses-webp-images","group":"perf-hint"},{"result":{"displayValue":"","score":100,"helpText":"Text-based responses should be served with compression (gzip, deflate or brotli) to minimize total network bytes. [Learn more](https://developers.google.com/web/fundamentals/performance/optimizing-content-efficiency/optimize-encoding-and-transfer).","rawValue":0,"extendedInfo":{"value":{"wastedKb":0,"wastedMs":0,"results":[]}},"name":"uses-request-compression","description":"Enable text compression","scoringMode":"binary","informative":true,"details":{"itemHeaders":[{"itemType":"url","text":"Uncompressed resource URL","type":"text"},{"itemType":"text","text":"Original","type":"text"},{"itemType":"text","text":"GZIP Savings","type":"text"}],"header":"View Details","type":"table","items":[]}},"score":100,"weight":0,"id":"uses-request-compression","group":"perf-hint"},{"result":{"displayValue":"","score":null,"debugString":"Audit error: Cannot read property '_timing' of undefined","helpText":"Time To First Byte identifies the time at which your server sends a response. [Learn more](https://developers.google.com/web/tools/chrome-devtools/network-performance/issues).","rawValue":null,"name":"time-to-first-byte","description":"Keep server response times low (TTFB)","scoringMode":"binary","informative":true,"error":true},"score":0,"weight":0,"id":"time-to-first-byte","group":"perf-hint"},{"result":{"displayValue":"","score":null,"debugString":"Audit error: Unable to identify the main resource","helpText":"Redirects introduce additional delays before the page can be loaded. [Learn more](https://developers.google.com/speed/docs/insights/AvoidRedirects).","rawValue":null,"name":"redirects","description":"Has multiple page redirects","scoringMode":"binary","error":true},"score":0,"weight":0,"id":"redirects","group":"perf-hint"},{"result":{"displayValue":"","score":null,"debugString":"Audit error: Unable to identify the main resource","helpText":"Consider using <link rel=preload> to prioritize fetching late-discovered resources sooner [Learn more](https://developers.google.com/web/updates/2016/03/link-rel-preload).","rawValue":null,"name":"uses-rel-preload","description":"Preload key requests","scoringMode":"numeric","informative":true,"error":true},"score":0,"weight":0,"id":"uses-rel-preload","group":"perf-hint"},{"result":{"displayValue":"Total size was 400 KB","score":100,"helpText":"Large network payloads cost users real money and are highly correlated with long load times. [Learn more](https://developers.google.com/web/tools/lighthouse/audits/network-payloads).","rawValue":409855,"extendedInfo":{"value":{"totalCompletedRequests":11,"results":[{"totalKb":"227 KB","totalMs":"1,240 ms","totalBytes":232785,"url":"http://web/static/js/vendor.d1efda22f11e965a5228.js"},{"totalKb":"48 KB","totalMs":"260 ms","totalBytes":49163,"url":"https://fonts.gstatic.com/s/materialicons/v37/flUhRq6tzZclQEJ-Vdg-IuiaDsNc.woff2"},{"totalKb":"46 KB","totalMs":"250 ms","totalBytes":47366,"url":"https://cdnjs.cloudflare.com/ajax/libs/Chart.js/2.7.1/Chart.min.js"},{"totalKb":"32 KB","totalMs":"170 ms","totalBytes":32261,"url":"http://web/static/css/app.a1bcfeb0daa2a3f727390086fd42ee9d.css"},{"totalKb":"15 KB","totalMs":"80 ms","totalBytes":15817,"url":"https://fonts.gstatic.com/s/roboto/v18/KFOlCnqEu92Fr1MmEU9fBBc4.woff2"},{"totalKb":"15 KB","totalMs":"80 ms","totalBytes":15461,"url":"https://fonts.gstatic.com/s/roboto/v18/KFOmCnqEu92Fr1Mu4mxK.woff2"},{"totalKb":"12 KB","totalMs":"70 ms","totalBytes":12691,"url":"http://web/static/js/app.310cd52123c59f9f64a5.js"},{"totalKb":"1 KB","totalMs":"10 ms","totalBytes":1524,"url":"https://unpkg.com/vue-chartjs@3.3.2/dist/vue-chartjs.min.js"},{"totalKb":"1 KB","totalMs":"10 ms","totalBytes":1211,"url":"http://web/"},{"totalKb":"1 KB","totalMs":"10 ms","totalBytes":1171,"url":"http://web/static/js/manifest.9f020e973ae4037504f6.js"}]}},"name":"total-byte-weight","description":"Avoids enormous network payloads","scoringMode":"numeric","details":{"itemHeaders":[{"itemType":"url","text":"URL","type":"text"},{"itemType":"text","text":"Total Size","type":"text"},{"itemType":"text","text":"Transfer Time","type":"text"}],"header":"View Details","type":"table","items":[[{"text":"http://web/static/js/vendor.d1efda22f11e965a5228.js","type":"url"},{"text":"227 KB","type":"text"},{"text":"1,240 ms","type":"text"}],[{"text":"https://fonts.gstatic.com/s/materialicons/v37/flUhRq6tzZclQEJ-Vdg-IuiaDsNc.woff2","type":"url"},{"text":"48 KB","type":"text"},{"text":"260 ms","type":"text"}],[{"text":"https://cdnjs.cloudflare.com/ajax/libs/Chart.js/2.7.1/Chart.min.js","type":"url"},{"text":"46 KB","type":"text"},{"text":"250 ms","type":"text"}],[{"text":"http://web/static/css/app.a1bcfeb0daa2a3f727390086fd42ee9d.css","type":"url"},{"text":"32 KB","type":"text"},{"text":"170 ms","type":"text"}],[{"text":"https://fonts.gstatic.com/s/roboto/v18/KFOlCnqEu92Fr1MmEU9fBBc4.woff2","type":"url"},{"text":"15 KB","type":"text"},{"text":"80 ms","type":"text"}],[{"text":"https://fonts.gstatic.com/s/roboto/v18/KFOmCnqEu92Fr1Mu4mxK.woff2","type":"url"},{"text":"15 KB","type":"text"},{"text":"80 ms","type":"text"}],[{"text":"http://web/static/js/app.310cd52123c59f9f64a5.js","type":"url"},{"text":"12 KB","type":"text"},{"text":"70 ms","type":"text"}],[{"text":"https://unpkg.com/vue-chartjs@3.3.2/dist/vue-chartjs.min.js","type":"url"},{"text":"1 KB","type":"text"},{"text":"10 ms","type":"text"}],[{"text":"http://web/","type":"url"},{"text":"1 KB","type":"text"},{"text":"10 ms","type":"text"}],[{"text":"http://web/static/js/manifest.9f020e973ae4037504f6.js","type":"url"},{"text":"1 KB","type":"text"},{"text":"10 ms","type":"text"}]]}},"score":100,"weight":0,"id":"total-byte-weight","group":"perf-info"},{"result":{"displayValue":"0 assets found","score":100,"helpText":"A long cache lifetime can speed up repeat visits to your page. [Learn more](https://developers.google.com/web/fundamentals/performance/optimizing-content-efficiency/http-caching#cache-control).","rawValue":0,"extendedInfo":{"value":{"queryStringCount":0,"results":[]}},"name":"uses-long-cache-ttl","description":"Uses efficient cache policy on static assets","scoringMode":"numeric","details":{"itemHeaders":[{"itemType":"url","text":"URL","type":"text"},{"itemType":"text","text":"Cache TTL","type":"text"},{"itemType":"text","text":"Size (KB)","type":"text"}],"header":"View Details","type":"table","items":[]}},"score":100,"weight":0,"id":"uses-long-cache-ttl","group":"perf-info"},{"result":{"displayValue":"94 nodes","score":100,"helpText":"Browser engineers recommend pages contain fewer than ~1,500 DOM nodes. The sweet spot is a tree depth < 32 elements and fewer than 60 children/parent element. A large DOM can increase memory usage, cause longer [style calculations](https://developers.google.com/web/fundamentals/performance/rendering/reduce-the-scope-and-complexity-of-style-calculations), and produce costly [layout reflows](https://developers.google.com/speed/articles/reflow). [Learn more](https://developers.google.com/web/fundamentals/performance/rendering/).","rawValue":94,"extendedInfo":{"value":[{"title":"Total DOM Nodes","value":"94","target":"< 1,500 nodes"},{"snippet":"html >\n  body >\n    main >\n      div#inspire.application.theme--dark >\n        div.application--wrap >\n          aside.navigation-drawer.navigation-drawer--clipped.navigation-drawer--close.navigation-drawer--fixed.navigation-drawer--is-mobile >\n            div.list >\n              div >\n                div.list__tile >\n                  div.input-group.input-group--dirty.input-group--selection-controls.switch.accent--text >\n                    div.input-group__input >\n                      div.input-group--selection-controls__container >\n                        div.input-group--selection-controls__toggle.input-group--selection-controls__toggle--active","title":"DOM Depth","value":"13","target":"< 32"},{"snippet":"Element with most children:\nhead","title":"Maximum Children","value":"8","target":"< 60 nodes"}]},"name":"dom-size","description":"Avoids an excessive DOM size","scoringMode":"numeric","details":{"header":{"text":"View details","type":"text"},"type":"cards","items":[{"title":"Total DOM Nodes","value":"94","target":"< 1,500 nodes"},{"snippet":"html >\n  body >\n    main >\n      div#inspire.application.theme--dark >\n        div.application--wrap >\n          aside.navigation-drawer.navigation-drawer--clipped.navigation-drawer--close.navigation-drawer--fixed.navigation-drawer--is-mobile >\n            div.list >\n              div >\n                div.list__tile >\n                  div.input-group.input-group--dirty.input-group--selection-controls.switch.accent--text >\n                    div.input-group__input >\n                      div.input-group--selection-controls__container >\n                        div.input-group--selection-controls__toggle.input-group--selection-controls__toggle--active","title":"DOM Depth","value":"13","target":"< 32"},{"snippet":"Element with most children:\nhead","title":"Maximum Children","value":"8","target":"< 60 nodes"}]}},"score":100,"weight":0,"id":"dom-size","group":"perf-info"},{"result":{"displayValue":"","score":null,"debugString":"Audit error: Unable to identify the main resource","helpText":"The Critical Request Chains below show you what resources are issued with a high priority. Consider reducing the length of chains, reducing the download size of resources, or deferring the download of unnecessary resources to improve page load. [Learn more](https://developers.google.com/web/tools/lighthouse/audits/critical-request-chains).","rawValue":null,"name":"critical-request-chains","description":"Critical Request Chains","scoringMode":"binary","informative":true,"error":true},"score":0,"weight":0,"id":"critical-request-chains","group":"perf-info"},{"result":{"displayValue":"11","score":100,"helpText":"Lists the network requests that were made during page load.","rawValue":11,"extendedInfo":{"value":[{"transferSize":1211,"startTime":0,"endTime":638.9249991625547,"mimeType":"text/html","url":"http://web/","statusCode":200,"resourceType":"document"},{"transferSize":1171,"startTime":755.621999502182,"endTime":1328.4680005162954,"mimeType":"application/javascript","url":"http://web/static/js/manifest.9f020e973ae4037504f6.js","statusCode":200,"resourceType":"script"},{"transferSize":232785,"startTime":755.7720001786947,"endTime":2917.8979992866516,"mimeType":"application/javascript","url":"http://web/static/js/vendor.d1efda22f11e965a5228.js","statusCode":200,"resourceType":"script"},{"transferSize":12691,"startTime":755.9009995311499,"endTime":1470.6410001963377,"mimeType":"application/javascript","url":"http://web/static/js/app.310cd52123c59f9f64a5.js","statusCode":200,"resourceType":"script"},{"transferSize":47366,"startTime":790.370000526309,"endTime":2162.829000502825,"mimeType":"application/javascript","url":"https://cdnjs.cloudflare.com/ajax/libs/Chart.js/2.7.1/Chart.min.js","statusCode":200,"resourceType":"script"},{"transferSize":405,"startTime":790.8159997314215,"endTime":1663.72200101614,"mimeType":"text/plain","url":"https://unpkg.com/vue-chartjs/dist/vue-chartjs.min.js","statusCode":302},{"transferSize":1524,"startTime":1664.8290008306503,"endTime":2258.2770008593798,"mimeType":"application/javascript","url":"https://unpkg.com/vue-chartjs@3.3.2/dist/vue-chartjs.min.js","statusCode":200,"resourceType":"script"},{"transferSize":32261,"startTime":4527.456000447273,"endTime":5278.87500077486,"mimeType":"text/css","url":"http://web/static/css/app.a1bcfeb0daa2a3f727390086fd42ee9d.css","statusCode":200,"resourceType":"stylesheet"},{"transferSize":15461,"startTime":5458.613000810146,"endTime":6342.342000454664,"mimeType":"font/woff2","url":"https://fonts.gstatic.com/s/roboto/v18/KFOmCnqEu92Fr1Mu4mxK.woff2","statusCode":200,"resourceType":"font"},{"transferSize":49163,"startTime":5458.761001005769,"endTime":6524.431999772787,"mimeType":"font/woff2","url":"https://fonts.gstatic.com/s/materialicons/v37/flUhRq6tzZclQEJ-Vdg-IuiaDsNc.woff2","statusCode":200,"resourceType":"font"},{"transferSize":15817,"startTime":5458.878999575973,"endTime":6334.002999588847,"mimeType":"font/woff2","url":"https://fonts.gstatic.com/s/roboto/v18/KFOlCnqEu92Fr1MmEU9fBBc4.woff2","statusCode":200,"resourceType":"font"}]},"name":"network-requests","description":"Network Requests","scoringMode":"binary","informative":true,"details":{"itemHeaders":[{"itemType":"url","text":"URL","type":"text"},{"itemType":"ms","text":"Start Time","type":"text"},{"itemType":"ms","text":"End Time","type":"text"},{"itemType":"bytes","text":"Transfer Size","type":"text"},{"itemType":"text","text":"Status Code","type":"text"},{"itemType":"text","text":"MIME Type","type":"text"},{"itemType":"text","text":"Resource Type","type":"text"}],"header":"View Details","type":"table","items":[[{"text":"http://web/","type":"url"},{"text":0,"type":"ms"},{"text":638.9249991625547,"type":"ms"},{"text":1211,"type":"bytes"},{"text":200,"type":"text"},{"text":"text/html","type":"text"},{"text":"document","type":"text"}],[{"text":"http://web/static/js/manifest.9f020e973ae4037504f6.js","type":"url"},{"text":755.621999502182,"type":"ms"},{"text":1328.4680005162954,"type":"ms"},{"text":1171,"type":"bytes"},{"text":200,"type":"text"},{"text":"application/javascript","type":"text"},{"text":"script","type":"text"}],[{"text":"http://web/static/js/vendor.d1efda22f11e965a5228.js","type":"url"},{"text":755.7720001786947,"type":"ms"},{"text":2917.8979992866516,"type":"ms"},{"text":232785,"type":"bytes"},{"text":200,"type":"text"},{"text":"application/javascript","type":"text"},{"text":"script","type":"text"}],[{"text":"http://web/static/js/app.310cd52123c59f9f64a5.js","type":"url"},{"text":755.9009995311499,"type":"ms"},{"text":1470.6410001963377,"type":"ms"},{"text":12691,"type":"bytes"},{"text":200,"type":"text"},{"text":"application/javascript","type":"text"},{"text":"script","type":"text"}],[{"text":"https://cdnjs.cloudflare.com/ajax/libs/Chart.js/2.7.1/Chart.min.js","type":"url"},{"text":790.370000526309,"type":"ms"},{"text":2162.829000502825,"type":"ms"},{"text":47366,"type":"bytes"},{"text":200,"type":"text"},{"text":"application/javascript","type":"text"},{"text":"script","type":"text"}],[{"text":"https://unpkg.com/vue-chartjs/dist/vue-chartjs.min.js","type":"url"},{"text":790.8159997314215,"type":"ms"},{"text":1663.72200101614,"type":"ms"},{"text":405,"type":"bytes"},{"text":302,"type":"text"},{"text":"text/plain","type":"text"},{"type":"text"}],[{"text":"https://unpkg.com/vue-chartjs@3.3.2/dist/vue-chartjs.min.js","type":"url"},{"text":1664.8290008306503,"type":"ms"},{"text":2258.2770008593798,"type":"ms"},{"text":1524,"type":"bytes"},{"text":200,"type":"text"},{"text":"application/javascript","type":"text"},{"text":"script","type":"text"}],[{"text":"http://web/static/css/app.a1bcfeb0daa2a3f727390086fd42ee9d.css","type":"url"},{"text":4527.456000447273,"type":"ms"},{"text":5278.87500077486,"type":"ms"},{"text":32261,"type":"bytes"},{"text":200,"type":"text"},{"text":"text/css","type":"text"},{"text":"stylesheet","type":"text"}],[{"text":"https://fonts.gstatic.com/s/roboto/v18/KFOmCnqEu92Fr1Mu4mxK.woff2","type":"url"},{"text":5458.613000810146,"type":"ms"},{"text":6342.342000454664,"type":"ms"},{"text":15461,"type":"bytes"},{"text":200,"type":"text"},{"text":"font/woff2","type":"text"},{"text":"font","type":"text"}],[{"text":"https://fonts.gstatic.com/s/materialicons/v37/flUhRq6tzZclQEJ-Vdg-IuiaDsNc.woff2","type":"url"},{"text":5458.761001005769,"type":"ms"},{"text":6524.431999772787,"type":"ms"},{"text":49163,"type":"bytes"},{"text":200,"type":"text"},{"text":"font/woff2","type":"text"},{"text":"font","type":"text"}],[{"text":"https://fonts.gstatic.com/s/roboto/v18/KFOlCnqEu92Fr1MmEU9fBBc4.woff2","type":"url"},{"text":5458.878999575973,"type":"ms"},{"text":6334.002999588847,"type":"ms"},{"text":15817,"type":"bytes"},{"text":200,"type":"text"},{"text":"font/woff2","type":"text"},{"text":"font","type":"text"}]]}},"score":100,"weight":0,"id":"network-requests"},{"result":{"displayValue":"0","score":true,"helpText":"Consider instrumenting your app with the User Timing API to create custom, real-world measurements of key user experiences. [Learn more](https://developers.google.com/web/tools/lighthouse/audits/user-timing).","rawValue":true,"extendedInfo":{"value":[]},"name":"user-timings","description":"User Timing marks and measures","scoringMode":"binary","informative":true,"details":{"itemHeaders":[{"itemType":"text","text":"Name","type":"text"},{"itemType":"text","text":"Type","type":"text"},{"itemType":"text","text":"Time","type":"text"}],"header":"View Details","type":"table","items":[]}},"score":100,"weight":0,"id":"user-timings","group":"perf-info"},{"result":{"displayValue":"1,570 ms","score":true,"helpText":"Consider reducing the time spent parsing, compiling, and executing JS. You may find delivering smaller JS payloads helps with this. [Learn more](https://developers.google.com/web/lighthouse/audits/bootup).","rawValue":1573.503999710083,"extendedInfo":{"value":{"http://web/static/js/app.310cd52123c59f9f64a5.js":{"Script Evaluation":1173.697998046875,"Script Parsing & Compile":22.533000946044922},"http://web/static/js/vendor.d1efda22f11e965a5228.js":{"Style & Layout":178.41699981689453,"Script Parsing & Compile":14.004999160766602,"Script Evaluation":9.45100212097168},"https://unpkg.com/vue-chartjs@3.3.2/dist/vue-chartjs.min.js":{"Script Evaluation":6.445001602172852,"Script Parsing & Compile":4.004999160766602},"https://cdnjs.cloudflare.com/ajax/libs/Chart.js/2.7.1/Chart.min.js":{"Style & Layout":0.8509998321533203,"Script Evaluation":90.19700050354004,"Script Parsing & Compile":0.5679988861083984},"http://web/static/js/manifest.9f020e973ae4037504f6.js":{"Script Parsing & Compile":2.184000015258789,"Script Evaluation":1.4300003051757812},"http://web/":{"Style & Layout":0.0989990234375,"Script Evaluation":7.028999328613281,"Script Parsing & Compile":0.14599990844726562},"http://web/#/":{"Parsing HTML & CSS":62.446001052856445}}},"name":"bootup-time","description":"JavaScript boot-up time","scoringMode":"binary","details":{"itemHeaders":[{"itemType":"url","text":"URL","type":"text"},{"itemType":"text","text":"Script Evaluation","type":"text"},{"itemType":"text","text":"Script Parsing & Compile","type":"text"}],"header":"View Details","type":"table","items":[[{"text":"http://web/static/js/app.310cd52123c59f9f64a5.js","type":"url"},{"text":"1,174 ms","type":"text"},{"text":"23 ms","type":"text"}],[{"text":"https://cdnjs.cloudflare.com/ajax/libs/Chart.js/2.7.1/Chart.min.js","type":"url"},{"text":"90 ms","type":"text"},{"text":"1 ms","type":"text"}],[{"text":"http://web/static/js/vendor.d1efda22f11e965a5228.js","type":"url"},{"text":"9 ms","type":"text"},{"text":"14 ms","type":"text"}],[{"text":"https://unpkg.com/vue-chartjs@3.3.2/dist/vue-chartjs.min.js","type":"url"},{"text":"6 ms","type":"text"},{"text":"4 ms","type":"text"}]]}},"score":100,"weight":0,"id":"bootup-time","group":"perf-info"},{"result":{"displayValue":"true","score":100,"helpText":"This is what the load of your site looked like.","rawValue":true,"name":"screenshot-thumbnails","description":"Screenshot Thumbnails","scoringMode":"binary","informative":true,"details":{"scale":6606,"type":"filmstrip","items":[{"data":"/9j/4AAQSkZJRgABAQAAAQABAAD/2wCEAAMCAgMCAgMDAwMEAwMEBQgFBQQEBQoHBwYIDAoMDAsKCwsNDhIQDQ4RDgsLEBYQERMUFRUVDA8XGBYUGBIUFRQBAwQEBQQFCQUFCRQNCw0UFBQUFBQUFBQUFBQUFBQUFBQUFBQUFBQUFBQUFBQUFBQUFBQUFBQUFBQUFBQUFBQUFP/AABEIANUAeAMBEQACEQEDEQH/xAGiAAABBQEBAQEBAQAAAAAAAAAAAQIDBAUGBwgJCgsQAAIBAwMCBAMFBQQEAAABfQECAwAEEQUSITFBBhNRYQcicRQygZGhCCNCscEVUtHwJDNicoIJChYXGBkaJSYnKCkqNDU2Nzg5OkNERUZHSElKU1RVVldYWVpjZGVmZ2hpanN0dXZ3eHl6g4SFhoeIiYqSk5SVlpeYmZqio6Slpqeoqaqys7S1tre4ubrCw8TFxsfIycrS09TV1tfY2drh4uPk5ebn6Onq8fLz9PX29/j5+gEAAwEBAQEBAQEBAQAAAAAAAAECAwQFBgcICQoLEQACAQIEBAMEBwUEBAABAncAAQIDEQQFITEGEkFRB2FxEyIygQgUQpGhscEJIzNS8BVictEKFiQ04SXxFxgZGiYnKCkqNTY3ODk6Q0RFRkdISUpTVFVWV1hZWmNkZWZnaGlqc3R1dnd4eXqCg4SFhoeIiYqSk5SVlpeYmZqio6Slpqeoqaqys7S1tre4ubrCw8TFxsfIycrS09TV1tfY2dri4+Tl5ufo6ery8/T19vf4+fr/2gAMAwEAAhEDEQA/AP1ToAKACgAoAKACgAoAKACgAoAKACgAoAKACgAoAKACgAoAKACgAoAKACgAoAKACgAoAKACgAoAKACgAoAKACgAoAKACgAoAKACgAoAKACgAoAKACgAoAKACgAoAKACgAoAKACgAoAKACgAoAKACgAoAKACgAoAKACgAoAKACgAoAKACgAoAKACgAoAKACgAoAKACgAoAKACgAoAKACgAoAKACgAoAKACgAoAKACgAoAKACgAoAKACgAoAKACgAoAKACgAoAKACgAoAKACgAoAKACgAoAKACgAoAKACgAoAKACgAoAKACgAoAKACgAoAKACgAoAKACgAoAKACgAoAKACgAoAKACgAoAKACgAoAKACgAoAKACgAoAKACgAoAKACgAoAKACgAoAKACgAoAKACgAoAKACgAoAKACgAoAKACgAoAKACgAoAKACgAoAKACgAoAKACgAoAKACgAoAKACgAoAKACgAoAKACgAoAKACgAoAKACgAoAKACgAoAKACgAoAKACgAoAKACgAoAKACgAoAKACgAoAKACgAoAKACgAoAKACgAoAKACgAoAKACgAoAKACgAoAKACgAoAKACgAoAKACgAoAKACgAoAKACgAoAKACgAoAKACgAoAKACgAoAKACgAoAKACgAoAKACgAoAKACgAoAKACgAoAKACgAoAKACgAoAKACgAoAKACgAoAKACgAoAKACgAoAKACgAoAKACgAoAKACgAoAKACgAoAKACgAoAKACgAoAKACgAoAKACgAoAKACgAoAKACgAoAKACgAoAKACgAoAKACgAoAKACgAoAKACgAoAKACgAoAKACgAoAKACgAoAKACgAoAKACgAoAKACgAoAKACgAoAKACgAoAKACgAoAKACgAoAKACgAoAKACgAoAKACgAoAKACgAoAKACgAoAKACgAoAKACgAoAKACgD//Z","timing":661,"timestamp":8650053854298},{"data":"/9j/4AAQSkZJRgABAQAAAQABAAD/2wCEAAMCAgMCAgMDAwMEAwMEBQgFBQQEBQoHBwYIDAoMDAsKCwsNDhIQDQ4RDgsLEBYQERMUFRUVDA8XGBYUGBIUFRQBAwQEBQQFCQUFCRQNCw0UFBQUFBQUFBQUFBQUFBQUFBQUFBQUFBQUFBQUFBQUFBQUFBQUFBQUFBQUFBQUFBQUFP/AABEIANUAeAMBEQACEQEDEQH/xAGiAAABBQEBAQEBAQAAAAAAAAAAAQIDBAUGBwgJCgsQAAIBAwMCBAMFBQQEAAABfQECAwAEEQUSITFBBhNRYQcicRQygZGhCCNCscEVUtHwJDNicoIJChYXGBkaJSYnKCkqNDU2Nzg5OkNERUZHSElKU1RVVldYWVpjZGVmZ2hpanN0dXZ3eHl6g4SFhoeIiYqSk5SVlpeYmZqio6Slpqeoqaqys7S1tre4ubrCw8TFxsfIycrS09TV1tfY2drh4uPk5ebn6Onq8fLz9PX29/j5+gEAAwEBAQEBAQEBAQAAAAAAAAECAwQFBgcICQoLEQACAQIEBAMEBwUEBAABAncAAQIDEQQFITEGEkFRB2FxEyIygQgUQpGhscEJIzNS8BVictEKFiQ04SXxFxgZGiYnKCkqNTY3ODk6Q0RFRkdISUpTVFVWV1hZWmNkZWZnaGlqc3R1dnd4eXqCg4SFhoeIiYqSk5SVlpeYmZqio6Slpqeoqaqys7S1tre4ubrCw8TFxsfIycrS09TV1tfY2dri4+Tl5ufo6ery8/T19vf4+fr/2gAMAwEAAhEDEQA/AP1ToAKACgAoAKACgAoAKACgAoAKACgAoAKACgAoAKACgAoAKACgAoAKACgAoAKACgAoAKACgAoAKACgAoAKACgAoAKACgAoAKACgAoAKACgAoAKACgAoAKACgAoAKACgAoAKACgAoAKACgAoAKACgAoAKACgAoAKACgAoAKACgAoAKACgAoAKACgAoAKACgAoAKACgAoAKACgAoAKACgAoAKACgAoAKACgAoAKACgAoAKACgAoAKACgAoAKACgAoAKACgAoAKACgAoAKACgAoAKACgAoAKACgAoAKACgAoAKACgAoAKACgAoAKACgAoAKACgAoAKACgAoAKACgAoAKACgAoAKACgAoAKACgAoAKACgAoAKACgAoAKACgAoAKACgAoAKACgAoAKACgAoAKACgAoAKACgAoAKACgAoAKACgAoAKACgAoAKACgAoAKACgAoAKACgAoAKACgAoAKACgAoAKACgAoAKACgAoAKACgAoAKACgAoAKACgAoAKACgAoAKACgAoAKACgAoAKACgAoAKACgAoAKACgAoAKACgAoAKACgAoAKACgAoAKACgAoAKACgAoAKACgAoAKACgAoAKACgAoAKACgAoAKACgAoAKACgAoAKACgAoAKACgAoAKACgAoAKACgAoAKACgAoAKACgAoAKACgAoAKACgAoAKACgAoAKACgAoAKACgAoAKACgAoAKACgAoAKACgAoAKACgAoAKACgAoAKACgAoAKACgAoAKACgAoAKACgAoAKACgAoAKACgAoAKACgAoAKACgAoAKACgAoAKACgAoAKACgAoAKACgAoAKACgAoAKACgAoAKACgAoAKACgAoAKACgAoAKACgAoAKACgAoAKACgAoAKACgAoAKACgAoAKACgAoAKACgAoAKACgAoAKACgAoAKACgAoAKACgAoAKACgAoAKACgD//Z","timing":1321,"timestamp":8.650054514898001E12},{"data":"/9j/4AAQSkZJRgABAQAAAQABAAD/2wCEAAMCAgMCAgMDAwMEAwMEBQgFBQQEBQoHBwYIDAoMDAsKCwsNDhIQDQ4RDgsLEBYQERMUFRUVDA8XGBYUGBIUFRQBAwQEBQQFCQUFCRQNCw0UFBQUFBQUFBQUFBQUFBQUFBQUFBQUFBQUFBQUFBQUFBQUFBQUFBQUFBQUFBQUFBQUFP/AABEIANUAeAMBEQACEQEDEQH/xAGiAAABBQEBAQEBAQAAAAAAAAAAAQIDBAUGBwgJCgsQAAIBAwMCBAMFBQQEAAABfQECAwAEEQUSITFBBhNRYQcicRQygZGhCCNCscEVUtHwJDNicoIJChYXGBkaJSYnKCkqNDU2Nzg5OkNERUZHSElKU1RVVldYWVpjZGVmZ2hpanN0dXZ3eHl6g4SFhoeIiYqSk5SVlpeYmZqio6Slpqeoqaqys7S1tre4ubrCw8TFxsfIycrS09TV1tfY2drh4uPk5ebn6Onq8fLz9PX29/j5+gEAAwEBAQEBAQEBAQAAAAAAAAECAwQFBgcICQoLEQACAQIEBAMEBwUEBAABAncAAQIDEQQFITEGEkFRB2FxEyIygQgUQpGhscEJIzNS8BVictEKFiQ04SXxFxgZGiYnKCkqNTY3ODk6Q0RFRkdISUpTVFVWV1hZWmNkZWZnaGlqc3R1dnd4eXqCg4SFhoeIiYqSk5SVlpeYmZqio6Slpqeoqaqys7S1tre4ubrCw8TFxsfIycrS09TV1tfY2dri4+Tl5ufo6ery8/T19vf4+fr/2gAMAwEAAhEDEQA/AP1ToAKACgAoAKACgAoAKACgAoAKACgAoAKACgAoAKACgAoAKACgAoAKACgAoAKACgAoAKACgAoAKACgAoAKACgAoAKACgAoAKACgAoAKACgAoAKACgAoAKACgAoAKACgAoAKACgAoAKACgAoAKACgAoAKACgAoAKACgAoAKACgAoAKACgAoAKACgAoAKACgAoAKACgAoAKACgAoAKACgAoAKACgAoAKACgAoAKACgAoAKACgAoAKACgAoAKACgAoAKACgAoAKACgAoAKACgAoAKACgAoAKACgAoAKACgAoAKACgAoAKACgAoAKACgAoAKACgAoAKACgAoAKACgAoAKACgAoAKACgAoAKACgAoAKACgAoAKACgAoAKACgAoAKACgAoAKACgAoAKACgAoAKACgAoAKACgAoAKACgAoAKACgAoAKACgAoAKACgAoAKACgAoAKACgAoAKACgAoAKACgAoAKACgAoAKACgAoAKACgAoAKACgAoAKACgAoAKACgAoAKACgAoAKACgAoAKACgAoAKACgAoAKACgAoAKACgAoAKACgAoAKACgAoAKACgAoAKACgAoAKACgAoAKACgAoAKACgAoAKACgAoAKACgAoAKACgAoAKACgAoAKACgAoAKACgAoAKACgAoAKACgAoAKACgAoAKACgAoAKACgAoAKACgAoAKACgAoAKACgAoAKACgAoAKACgAoAKACgAoAKACgAoAKACgAoAKACgAoAKACgAoAKACgAoAKACgAoAKACgAoAKACgAoAKACgAoAKACgAoAKACgAoAKACgAoAKACgAoAKACgAoAKACgAoAKACgAoAKACgAoAKACgAoAKACgAoAKACgAoAKACgAoAKACgAoAKACgAoAKACgAoAKACgAoAKACgAoAKACgAoAKACgAoAKACgAoAKACgAoAKACgAoAKACgD//Z","timing":1982,"timestamp":8.650055175497999E12},{"data":"/9j/4AAQSkZJRgABAQAAAQABAAD/2wCEAAMCAgMCAgMDAwMEAwMEBQgFBQQEBQoHBwYIDAoMDAsKCwsNDhIQDQ4RDgsLEBYQERMUFRUVDA8XGBYUGBIUFRQBAwQEBQQFCQUFCRQNCw0UFBQUFBQUFBQUFBQUFBQUFBQUFBQUFBQUFBQUFBQUFBQUFBQUFBQUFBQUFBQUFBQUFP/AABEIANUAeAMBEQACEQEDEQH/xAGiAAABBQEBAQEBAQAAAAAAAAAAAQIDBAUGBwgJCgsQAAIBAwMCBAMFBQQEAAABfQECAwAEEQUSITFBBhNRYQcicRQygZGhCCNCscEVUtHwJDNicoIJChYXGBkaJSYnKCkqNDU2Nzg5OkNERUZHSElKU1RVVldYWVpjZGVmZ2hpanN0dXZ3eHl6g4SFhoeIiYqSk5SVlpeYmZqio6Slpqeoqaqys7S1tre4ubrCw8TFxsfIycrS09TV1tfY2drh4uPk5ebn6Onq8fLz9PX29/j5+gEAAwEBAQEBAQEBAQAAAAAAAAECAwQFBgcICQoLEQACAQIEBAMEBwUEBAABAncAAQIDEQQFITEGEkFRB2FxEyIygQgUQpGhscEJIzNS8BVictEKFiQ04SXxFxgZGiYnKCkqNTY3ODk6Q0RFRkdISUpTVFVWV1hZWmNkZWZnaGlqc3R1dnd4eXqCg4SFhoeIiYqSk5SVlpeYmZqio6Slpqeoqaqys7S1tre4ubrCw8TFxsfIycrS09TV1tfY2dri4+Tl5ufo6ery8/T19vf4+fr/2gAMAwEAAhEDEQA/AP1ToAKACgAoAKACgAoAKACgAoAKACgAoAKACgAoAKACgAoAKACgAoAKACgAoAKACgAoAKACgAoAKACgAoAKACgAoAKACgAoAKACgAoAKACgAoAKACgAoAKACgAoAKACgAoAKACgAoAKACgAoAKACgAoAKACgAoAKACgAoAKACgAoAKACgAoAKACgAoAKACgAoAKACgAoAKACgAoAKACgAoAKACgAoAKACgAoAKACgAoAKACgAoAKACgAoAKACgAoAKACgAoAKACgAoAKACgAoAKACgAoAKACgAoAKACgAoAKACgAoAKACgAoAKACgAoAKACgAoAKACgAoAKACgAoAKACgAoAKACgAoAKACgAoAKACgAoAKACgAoAKACgAoAKACgAoAKACgAoAKACgAoAKACgAoAKACgAoAKACgAoAKACgAoAKACgAoAKACgAoAKACgAoAKACgAoAKACgAoAKACgAoAKACgAoAKACgAoAKACgAoAKACgAoAKACgAoAKACgAoAKACgAoAKACgAoAKACgAoAKACgAoAKACgAoAKACgAoAKACgAoAKACgAoAKACgAoAKACgAoAKACgAoAKACgAoAKACgAoAKACgAoAKACgAoAKACgAoAKACgAoAKACgAoAKACgAoAKACgAoAKACgAoAKACgAoAKACgAoAKACgAoAKACgAoAKACgAoAKACgAoAKACgAoAKACgAoAKACgAoAKACgAoAKACgAoAKACgAoAKACgAoAKACgAoAKACgAoAKACgAoAKACgAoAKACgAoAKACgAoAKACgAoAKACgAoAKACgAoAKACgAoAKACgAoAKACgAoAKACgAoAKACgAoAKACgAoAKACgAoAKACgAoAKACgAoAKACgAoAKACgAoAKACgAoAKACgAoAKACgAoAKACgAoAKACgAoAKACgAoAKACgAoAKACgD//Z","timing":2642,"timestamp":8650055836098},{"data":"/9j/4AAQSkZJRgABAQAAAQABAAD/2wCEAAMCAgMCAgMDAwMEAwMEBQgFBQQEBQoHBwYIDAoMDAsKCwsNDhIQDQ4RDgsLEBYQERMUFRUVDA8XGBYUGBIUFRQBAwQEBQQFCQUFCRQNCw0UFBQUFBQUFBQUFBQUFBQUFBQUFBQUFBQUFBQUFBQUFBQUFBQUFBQUFBQUFBQUFBQUFP/AABEIANUAeAMBEQACEQEDEQH/xAGiAAABBQEBAQEBAQAAAAAAAAAAAQIDBAUGBwgJCgsQAAIBAwMCBAMFBQQEAAABfQECAwAEEQUSITFBBhNRYQcicRQygZGhCCNCscEVUtHwJDNicoIJChYXGBkaJSYnKCkqNDU2Nzg5OkNERUZHSElKU1RVVldYWVpjZGVmZ2hpanN0dXZ3eHl6g4SFhoeIiYqSk5SVlpeYmZqio6Slpqeoqaqys7S1tre4ubrCw8TFxsfIycrS09TV1tfY2drh4uPk5ebn6Onq8fLz9PX29/j5+gEAAwEBAQEBAQEBAQAAAAAAAAECAwQFBgcICQoLEQACAQIEBAMEBwUEBAABAncAAQIDEQQFITEGEkFRB2FxEyIygQgUQpGhscEJIzNS8BVictEKFiQ04SXxFxgZGiYnKCkqNTY3ODk6Q0RFRkdISUpTVFVWV1hZWmNkZWZnaGlqc3R1dnd4eXqCg4SFhoeIiYqSk5SVlpeYmZqio6Slpqeoqaqys7S1tre4ubrCw8TFxsfIycrS09TV1tfY2dri4+Tl5ufo6ery8/T19vf4+fr/2gAMAwEAAhEDEQA/AP1ToAKACgAoAKACgAoAKACgAoAKACgAoAKACgAoAKACgAoAKACgAoAKACgAoAKACgAoAKACgAoAKACgAoAKACgAoAKACgAoAKACgAoAKACgAoAKACgAoAKACgAoAKACgAoAKACgAoAKACgAoAKACgAoAKACgAoAKACgAoAKACgAoAKACgAoAKACgAoAKACgAoAKACgAoAKACgAoAKACgAoAKACgAoAKACgAoAKACgAoAKACgAoAKACgAoAKACgAoAKACgAoAKACgAoAKACgAoAKACgAoAKACgAoAKACgAoAKACgAoAKACgAoAKACgAoAKACgAoAKACgAoAKACgAoAKACgAoAKACgAoAKACgAoAKACgAoAKACgAoAKACgAoAKACgAoAKACgAoAKACgAoAKACgAoAKACgAoAKACgAoAKACgAoAKACgAoAKACgAoAKACgAoAKACgAoAKACgAoAKACgAoAKACgAoAKACgAoAKACgAoAKACgAoAKACgAoAKACgAoAKACgAoAKACgAoAKACgAoAKACgAoAKACgAoAKACgAoAKACgAoAKACgAoAKACgAoAKACgAoAKACgAoAKACgAoAKACgAoAKACgAoAKACgAoAKACgAoAKACgAoAKACgAoAKACgAoAKACgAoAKACgAoAKACgAoAKACgAoAKACgAoAKACgAoAKACgAoAKACgAoAKACgAoAKACgAoAKACgAoAKACgAoAKACgAoAKACgAoAKACgAoAKACgAoAKACgAoAKACgAoAKACgAoAKACgAoAKACgAoAKACgAoAKACgAoAKACgAoAKACgAoAKACgAoAKACgAoAKACgAoAKACgAoAKACgAoAKACgAoAKACgAoAKACgAoAKACgAoAKACgAoAKACgAoAKACgAoAKACgAoAKACgAoAKACgAoAKACgAoAKACgAoAKACgD//Z","timing":3303,"timestamp":8650056496698},{"data":"/9j/4AAQSkZJRgABAQAAAQABAAD/2wCEAAMCAgMCAgMDAwMEAwMEBQgFBQQEBQoHBwYIDAoMDAsKCwsNDhIQDQ4RDgsLEBYQERMUFRUVDA8XGBYUGBIUFRQBAwQEBQQFCQUFCRQNCw0UFBQUFBQUFBQUFBQUFBQUFBQUFBQUFBQUFBQUFBQUFBQUFBQUFBQUFBQUFBQUFBQUFP/AABEIANUAeAMBEQACEQEDEQH/xAGiAAABBQEBAQEBAQAAAAAAAAAAAQIDBAUGBwgJCgsQAAIBAwMCBAMFBQQEAAABfQECAwAEEQUSITFBBhNRYQcicRQygZGhCCNCscEVUtHwJDNicoIJChYXGBkaJSYnKCkqNDU2Nzg5OkNERUZHSElKU1RVVldYWVpjZGVmZ2hpanN0dXZ3eHl6g4SFhoeIiYqSk5SVlpeYmZqio6Slpqeoqaqys7S1tre4ubrCw8TFxsfIycrS09TV1tfY2drh4uPk5ebn6Onq8fLz9PX29/j5+gEAAwEBAQEBAQEBAQAAAAAAAAECAwQFBgcICQoLEQACAQIEBAMEBwUEBAABAncAAQIDEQQFITEGEkFRB2FxEyIygQgUQpGhscEJIzNS8BVictEKFiQ04SXxFxgZGiYnKCkqNTY3ODk6Q0RFRkdISUpTVFVWV1hZWmNkZWZnaGlqc3R1dnd4eXqCg4SFhoeIiYqSk5SVlpeYmZqio6Slpqeoqaqys7S1tre4ubrCw8TFxsfIycrS09TV1tfY2dri4+Tl5ufo6ery8/T19vf4+fr/2gAMAwEAAhEDEQA/AP1ToAKACgAoAKACgAoAKACgAoAKACgAoAKACgAoAKACgAoAKACgAoAKACgAoAKACgAoAKACgAoAKACgAoAKACgAoAKACgAoAKACgAoAKACgAoAKACgAoAKACgAoAKACgAoAKACgAoAKACgAoAKACgAoAKACgAoAKACgAoAKACgAoAKACgAoAKACgAoAKACgAoAKACgAoAKACgAoAKACgAoAKACgAoAKACgAoAKACgAoAKACgAoAKACgAoAKACgAoAKACgAoAKACgAoAKACgAoAKACgAoAKACgAoAKACgAoAKACgAoAKACgAoAKACgAoAKACgAoAKACgAoAKACgAoAKACgAoAKACgAoAKACgAoAKACgAoAKACgAoAKACgAoAKACgAoAKACgAoAKACgAoAKACgAoAKACgAoAKACgAoAKACgAoAKACgAoAKACgAoAKACgAoAKACgAoAKACgAoAKACgAoAKACgAoAKACgAoAKACgAoAKACgAoAKACgAoAKACgAoAKACgAoAKACgAoAKACgAoAKACgAoAKACgAoAKACgAoAKACgAoAKACgAoAKACgAoAKACgAoAKACgAoAKACgAoAKACgAoAKACgAoAKACgAoAKACgAoAKACgAoAKACgAoAKACgAoAKACgAoAKACgAoAKACgAoAKACgAoAKACgAoAKACgAoAKACgAoAKACgAoAKACgAoAKACgAoAKACgAoAKACgAoAKACgAoAKACgAoAKACgAoAKACgAoAKACgAoAKACgAoAKACgAoAKACgAoAKACgAoAKACgAoAKACgAoAKACgAoAKACgAoAKACgAoAKACgAoAKACgAoAKACgAoAKACgAoAKACgAoAKACgAoAKACgAoAKACgAoAKACgAoAKACgAoAKACgAoAKACgAoAKACgAoAKACgAoAKACgAoAKACgAoAKACgD//Z","timing":3964,"timestamp":8650057157298},{"data":"/9j/4AAQSkZJRgABAQAAAQABAAD/2wCEAAMCAgMCAgMDAwMEAwMEBQgFBQQEBQoHBwYIDAoMDAsKCwsNDhIQDQ4RDgsLEBYQERMUFRUVDA8XGBYUGBIUFRQBAwQEBQQFCQUFCRQNCw0UFBQUFBQUFBQUFBQUFBQUFBQUFBQUFBQUFBQUFBQUFBQUFBQUFBQUFBQUFBQUFBQUFP/AABEIANUAeAMBEQACEQEDEQH/xAGiAAABBQEBAQEBAQAAAAAAAAAAAQIDBAUGBwgJCgsQAAIBAwMCBAMFBQQEAAABfQECAwAEEQUSITFBBhNRYQcicRQygZGhCCNCscEVUtHwJDNicoIJChYXGBkaJSYnKCkqNDU2Nzg5OkNERUZHSElKU1RVVldYWVpjZGVmZ2hpanN0dXZ3eHl6g4SFhoeIiYqSk5SVlpeYmZqio6Slpqeoqaqys7S1tre4ubrCw8TFxsfIycrS09TV1tfY2drh4uPk5ebn6Onq8fLz9PX29/j5+gEAAwEBAQEBAQEBAQAAAAAAAAECAwQFBgcICQoLEQACAQIEBAMEBwUEBAABAncAAQIDEQQFITEGEkFRB2FxEyIygQgUQpGhscEJIzNS8BVictEKFiQ04SXxFxgZGiYnKCkqNTY3ODk6Q0RFRkdISUpTVFVWV1hZWmNkZWZnaGlqc3R1dnd4eXqCg4SFhoeIiYqSk5SVlpeYmZqio6Slpqeoqaqys7S1tre4ubrCw8TFxsfIycrS09TV1tfY2dri4+Tl5ufo6ery8/T19vf4+fr/2gAMAwEAAhEDEQA/AP0bk8LeMEuh9l8ZJFaC8SXyp9KjlcWyxQKYA+4cs8cz+YwYjz8Y+RSQDrtMt57TTrWG5unvriOJEkuXRUaVgoBcqoABJycAYGeKALVABQAUAFABQAUAFABQAUAFABQAUAFABQAUAFABQAUAFABQAUAFABQAUAFABQAUAFABQAUAFABQAUAFABQAUAFABQAUAFABQAUAFABQAUAFABQAUAFABQAUAFABQAUAFABQAUAFACZ5xQAZGcd6AFoAKACgAoAKACgAoAKACgAoAKACgAoA8AbVfiFqEGl3Wja9oL2kFwbHVBNfwzbbgSxCKFJAD+9kHyOrcgynbuOwgA7zwHq+q2WrXll4h1fTrqG7mCaTIs8azzPGji4hMSjG6MxliQxOTICsYQAgHftOoYr1cLu2jrj6daAATI2MMDkkZBHUHH8xQAi3CMMgjGCScg4x1H1oAZp9/b6rYW97ZzR3NpcRrLDPC4dJEYZVlYEgggggg4INAFigAoAKACgAoAKACgAoAKAOF1j4PeEvFt/omq6npZvL/RpvtGmXM0syyWT/ALrJjywKZMEeQMA/N2dsgDdG+B3grw9pVrYadoUFrHaQS29rOjN9ptY5FdXWG4z5sWRI4Gxxt3HbigB+ifBfwj4c059O03TGtdMa8hvxYLdTm3ininSeIxRlysSrJGjbEAU4AIIoAst8JfC5Piwpp8kLeKgo1d4LyeJ7jClRhlcGP5SR8hXrQBj3v7O/w+1O4vJ73w5BdyXieXcCeWWRJB9qN2cozlcm4YyFsZJOCSOKAO60PRrTw5oun6Tp8XkWFhbx2tvFuLbI0UKq5YknAAGSSaAL1ABQAUAFABQAUAFABQAUAFABQAUAFABQAUAFABQAUAFABQAUAFABQAUAJuoFfWwbqAuAOaBi0AFABQAUAFABQAUAFABQAUAFABQByaS6/f6Wk1hPZf6RCjQTzRO/UZDsoZCQwK/LwRzyeldj+rNt6nn2xe2hXv8A/hODph+xHRV1EeWy/aVlMX3Y/MU7efvGXB9FTI5JEr6u90waxS2aNfTU8Qf27eG9fTv7H2D7MsMb/aC2TkuSduMbcYHr0xgxP2XKuS9zal7fm/ebG7WB1BQAUARiZec4XHXJppNkOaWjYvmqDjIz9aLMHOK6jftCEkBlJXBIz0H+Qfyos+qDnjrZiC6jP8QHtmnyvsQqsHrckVg6gggg9xSasap31Q6kMKACgAoA8ttfEXirw3YQWVxYJKIFENuLKwe4Msa+UiFmMyBGJlAwQANrMSEBau14eLfuzT+Vv8zzFi3b3qbXzv8AohsvxI15bS9mi02/ma0PMI8OTK8yllCmPdcBTkMGwSCAGyBg1Twm3vrXzGsZ/wBO39x0XhvVvEuvSasJVt9LWyvXtI/tWmyD7Qqqh81D5/KEsQD329jkDmqU+TlfNe6vp0v09TrpVOe6tazsbX2XX/8AoJ6b/wCC6T/4/WJuH2XX/wDoJ6b/AOC6T/4/QAfZdf8A+gnpv/guk/8Aj9AFQ+EoL+++26wUvbuPasfl+ZHCoDBlYRF2UOCPv9ccdK2hVnCPKmc86EJy5mMPw80JnspPs03m2f8AqZftMvmAbGQqW3bmUhjlWJBOGIyAar6xU7kfVqbdyS08CaPY209rBahLSaaO4aDcxVXRlZNoJ+VVKKQq4A7Dml7ed076r9RrDxSa6MSz+H2h6ejLb2rxhoEtm/fOxaNCxVSSckDew57YHQACvrFS/Nfrf8v8hfVafLym9a20dnbxwRLtijUIi+gAwBXO227s6klFJIlpDCgAoAKAPM/CfijTLvw1p3k+HJb1Ft1jeeJrMozL8j8mYc70IIPIIwQDTuKxb1Txfomj6ebzUPDcllatJFCJLp7KJGeWTZGoZpwuXchQM5JYAZJpDLNxr9hYxNJP4RuoYYwS8kos1RADzkmbA6Z/H3oA0YJre4hjlTwnOUkUOvy2vQ9P+WtAD/3P/QpT/wDfNr/8doAP3P8A0KU//fNr/wDHaAKP9la5dyXUmmzjw9aSW/lRWr28RkimyT5wKl0YEbV2kZ4JyOjaxnTS1WpjUhU5vdlobPh6x1eyN6dV1CO/864aWARxeX5EZxti77sYzu4znoKU3F25VYdNSSfO7mxiszQWgYUAFABQAUAFAHlFp+zT4R022uYrCbWLJrkYmki1KQlwZzPINrEqA7vLnao+WaRV2hsUAbCfA7wrH4Qm8MLb3C6JK0Tm2S4ZCrRtuRlkUh1ZWCsGDAhlBB9QDF0f9l34faBYvZ6fpc9pbM2Qkd3KNn7qSH5fm+U7JXG4YP3TnKqQAep2lstpbRQKSyxoEBbqQBigCagAoAKACgAoAKACgAoAKACgAoA4A/G3w0YfFjRTS3M3hm9isL+CFA0hlkKqixrnMjMzbFjHzuw2qrFk3AGndfEK3hj1VYdNv7y80ydreexhWMTFgYTlCzhGBjuIpAA+SG243gpQBZ1PxvbaJLdpf2V/AsLxokkVubhZQyFt48rcUQbWUtKEAKnnBBIBneHvizofivWb7TNLTUJ7mxnS3uGl0+eGNHaKOTG90A3ASoGT76kNuUbSaAJbn4o6Lptle3eoLe2FvZTtDcyPZySpbgCNvMleIOkaFJo5NzlQqFi23Y+0Ap3Hxj0Ox8R6zpN7Ff2R0y4W0a5e1MkU8zRW8gSMx7juxd26gOFLtIFTcQcAG34e8d6N4o1C9stPmuHuLOaaCTz7KeBHaKQxy+W8iKsoVxtLRlgMjnkZAOgoAKACgAoAKACgAoAKAK8thbTxSRSQRvHIwZ1ZQQxGME+p4H5UAO+xwbg3kpkcg7Rx824/qAfrQA06fatIZDbxNISGLlASSBgEnuQCRn3oAclnBHKJEhRHC7Qyrg444+nA/IUALHawxMGSJFIzghQMZOT+ZA/KgBPscGxl8lNrDDDb14xz+HFADxEinIUA8849eTQA+gAoAKACgAoAKACgAoAKACgAoAKACgAoAKACgAoAKACgAoAKACgAoAKACgAoAKACgAoAKACgAoAKACgAoAKACgAoAKACgAoAKACgAoAKACgAoAKACgAoAKACgAoAKACgAoAKACgAoAKACgAoAKACgAoAKACgAoAKACgAoAKACgAoAKACgAoAKACgAoAKACgAoAKACgAoAKACgAoAKACgAoAKACgAoAKACgAoAKACgAoAKACgAoAKACgAoAKACgAoAKACgAoAKACgAoAKACgAoAKACgAoAKACgAoAKACgAoAKACgAoAKACgAoAKACgAoAKACgAoAKACgAoAKACgAoAKACgAoAKACgAoAKACgAoAKACgAoAKACgAoAKACgAoAKACgAoAKACgAoAKACgAoAKACgAoAKACgAoAKACgAoAKACgAoAKACgAoA//9k=","timing":4624,"timestamp":8.650057817898001E12},{"data":"/9j/4AAQSkZJRgABAQAAAQABAAD/2wCEAAMCAgMCAgMDAwMEAwMEBQgFBQQEBQoHBwYIDAoMDAsKCwsNDhIQDQ4RDgsLEBYQERMUFRUVDA8XGBYUGBIUFRQBAwQEBQQFCQUFCRQNCw0UFBQUFBQUFBQUFBQUFBQUFBQUFBQUFBQUFBQUFBQUFBQUFBQUFBQUFBQUFBQUFBQUFP/AABEIANUAeAMBEQACEQEDEQH/xAGiAAABBQEBAQEBAQAAAAAAAAAAAQIDBAUGBwgJCgsQAAIBAwMCBAMFBQQEAAABfQECAwAEEQUSITFBBhNRYQcicRQygZGhCCNCscEVUtHwJDNicoIJChYXGBkaJSYnKCkqNDU2Nzg5OkNERUZHSElKU1RVVldYWVpjZGVmZ2hpanN0dXZ3eHl6g4SFhoeIiYqSk5SVlpeYmZqio6Slpqeoqaqys7S1tre4ubrCw8TFxsfIycrS09TV1tfY2drh4uPk5ebn6Onq8fLz9PX29/j5+gEAAwEBAQEBAQEBAQAAAAAAAAECAwQFBgcICQoLEQACAQIEBAMEBwUEBAABAncAAQIDEQQFITEGEkFRB2FxEyIygQgUQpGhscEJIzNS8BVictEKFiQ04SXxFxgZGiYnKCkqNTY3ODk6Q0RFRkdISUpTVFVWV1hZWmNkZWZnaGlqc3R1dnd4eXqCg4SFhoeIiYqSk5SVlpeYmZqio6Slpqeoqaqys7S1tre4ubrCw8TFxsfIycrS09TV1tfY2dri4+Tl5ufo6ery8/T19vf4+fr/2gAMAwEAAhEDEQA/AP0bk8LeMEuh9l8ZJFaC8SXyp9KjlcWyxQKYA+4cs8cz+YwYjz8Y+RSQDrtMt57TTrWG5unvriOJEkuXRUaVgoBcqoABJycAYGeKALVABQAUAFABQAUAFABQAUAFABQAUAFABQAUAFABQAUAFABQAUAFABQAUAFABQAUAFABQAUAFABQAUAFABQAUAFABQAUAFABQAUAFABQAUAFABQAUAFABQAUAFABQAUAFABQAUAFACZ5xQAZGcd6AFoAKACgAoAKACgAoAKACgAoAKACgAoA8AbVfiFqEGl3Wja9oL2kFwbHVBNfwzbbgSxCKFJAD+9kHyOrcgynbuOwgA7zwHq+q2WrXll4h1fTrqG7mCaTIs8azzPGji4hMSjG6MxliQxOTICsYQAgHftOoYr1cLu2jrj6daAATI2MMDkkZBHUHH8xQAi3CMMgjGCScg4x1H1oAZp9/b6rYW97ZzR3NpcRrLDPC4dJEYZVlYEgggggg4INAFigAoAKACgAoAKACgAoAKAOF1j4PeEvFt/omq6npZvL/RpvtGmXM0syyWT/ALrJjywKZMEeQMA/N2dsgDdG+B3grw9pVrYadoUFrHaQS29rOjN9ptY5FdXWG4z5sWRI4Gxxt3HbigB+ifBfwj4c059O03TGtdMa8hvxYLdTm3ininSeIxRlysSrJGjbEAU4AIIoAst8JfC5Piwpp8kLeKgo1d4LyeJ7jClRhlcGP5SR8hXrQBj3v7O/w+1O4vJ73w5BdyXieXcCeWWRJB9qN2cozlcm4YyFsZJOCSOKAO60PRrTw5oun6Tp8XkWFhbx2tvFuLbI0UKq5YknAAGSSaAL1ABQAUAFABQAUAFABQAUAFABQAUAFABQAUAFABQAUAFABQAUAFABQAUAJuoFfWwbqAuAOaBi0AFABQAUAFABQAUAFABQAUAFABQByaS6/f6Wk1hPZf6RCjQTzRO/UZDsoZCQwK/LwRzyeldj+rNt6nn2xe2hXv8A/hODph+xHRV1EeWy/aVlMX3Y/MU7efvGXB9FTI5JEr6u90waxS2aNfTU8Qf27eG9fTv7H2D7MsMb/aC2TkuSduMbcYHr0xgxP2XKuS9zal7fm/ebG7WB1BQAUARiZec4XHXJppNkOaWjYvmqDjIz9aLMHOK6jftCEkBlJXBIz0H+Qfyos+qDnjrZiC6jP8QHtmnyvsQqsHrckVg6gggg9xSasap31Q6kMKACgAoA8ttfEXirw3YQWVxYJKIFENuLKwe4Msa+UiFmMyBGJlAwQANrMSEBau14eLfuzT+Vv8zzFi3b3qbXzv8AohsvxI15bS9mi02/ma0PMI8OTK8yllCmPdcBTkMGwSCAGyBg1Twm3vrXzGsZ/wBO39x0XhvVvEuvSasJVt9LWyvXtI/tWmyD7Qqqh81D5/KEsQD329jkDmqU+TlfNe6vp0v09TrpVOe6tazsbX2XX/8AoJ6b/wCC6T/4/WJuH2XX/wDoJ6b/AOC6T/4/QAfZdf8A+gnpv/guk/8Aj9AFQ+EoL+++26wUvbuPasfl+ZHCoDBlYRF2UOCPv9ccdK2hVnCPKmc86EJy5mMPw80JnspPs03m2f8AqZftMvmAbGQqW3bmUhjlWJBOGIyAar6xU7kfVqbdyS08CaPY209rBahLSaaO4aDcxVXRlZNoJ+VVKKQq4A7Dml7ed076r9RrDxSa6MSz+H2h6ejLb2rxhoEtm/fOxaNCxVSSckDew57YHQACvrFS/Nfrf8v8hfVafLym9a20dnbxwRLtijUIi+gAwBXO227s6klFJIlpDCgAoAKAPM/CfijTLvw1p3k+HJb1Ft1jeeJrMozL8j8mYc70IIPIIwQDTuKxb1Txfomj6ebzUPDcllatJFCJLp7KJGeWTZGoZpwuXchQM5JYAZJpDLNxr9hYxNJP4RuoYYwS8kos1RADzkmbA6Z/H3oA0YJre4hjlTwnOUkUOvy2vQ9P+WtAD/3P/QpT/wDfNr/8doAP3P8A0KU//fNr/wDHaAKP9la5dyXUmmzjw9aSW/lRWr28RkimyT5wKl0YEbV2kZ4JyOjaxnTS1WpjUhU5vdlobPh6x1eyN6dV1CO/864aWARxeX5EZxti77sYzu4znoKU3F25VYdNSSfO7mxiszQWgYUAFABQAUAFAHlFp+zT4R022uYrCbWLJrkYmki1KQlwZzPINrEqA7vLnao+WaRV2hsUAbCfA7wrH4Qm8MLb3C6JK0Tm2S4ZCrRtuRlkUh1ZWCsGDAhlBB9QDF0f9l34faBYvZ6fpc9pbM2Qkd3KNn7qSH5fm+U7JXG4YP3TnKqQAep2lstpbRQKSyxoEBbqQBigCagAoAKACgAoAKACgAoAKACgAoA4A/G3w0YfFjRTS3M3hm9isL+CFA0hlkKqixrnMjMzbFjHzuw2qrFk3AGndfEK3hj1VYdNv7y80ydreexhWMTFgYTlCzhGBjuIpAA+SG243gpQBZ1PxvbaJLdpf2V/AsLxokkVubhZQyFt48rcUQbWUtKEAKnnBBIBneHvizofivWb7TNLTUJ7mxnS3uGl0+eGNHaKOTG90A3ASoGT76kNuUbSaAJbn4o6Lptle3eoLe2FvZTtDcyPZySpbgCNvMleIOkaFJo5NzlQqFi23Y+0Ap3Hxj0Ox8R6zpN7Ff2R0y4W0a5e1MkU8zRW8gSMx7juxd26gOFLtIFTcQcAG34e8d6N4o1C9stPmuHuLOaaCTz7KeBHaKQxy+W8iKsoVxtLRlgMjnkZAOgoAKACgAoAKACgAoAKAK8thbTxSRSQRvHIwZ1ZQQxGME+p4H5UAO+xwbg3kpkcg7Rx824/qAfrQA06fatIZDbxNISGLlASSBgEnuQCRn3oAclnBHKJEhRHC7Qyrg444+nA/IUALHawxMGSJFIzghQMZOT+ZA/KgBPscGxl8lNrDDDb14xz+HFADxEinIUA8849eTQA+gAoAKACgAoAKACgAoAKACgAoAKACgAoAKACgAoAKACgAoAKACgAoAKACgAoAKACgAoAKACgAoAKACgAoAKACgAoAKACgAoAKACgAoAKACgAoAKACgAoAKACgAoAKACgAoAKACgAoAKACgAoAKACgAoAKACgAoAKACgAoAKACgAoAKACgAoAKACgAoAKACgAoAKACgAoAKACgAoAKACgAoAKACgAoAKACgAoAKACgAoAKACgAoAKACgAoAKACgAoAKACgAoAKACgAoAKACgAoAKACgAoAKACgAoAKACgAoAKACgAoAKACgAoAKACgAoAKACgAoAKACgAoAKACgAoAKACgAoAKACgAoAKACgAoAKACgAoAKACgAoAKACgAoAKACgAoAKACgAoAKACgAoAKACgAoAKACgAoAKACgAoAKACgAoAKACgAoA//9k=","timing":5285,"timestamp":8.650058478497999E12},{"data":"/9j/4AAQSkZJRgABAQAAAQABAAD/2wCEAAMCAgMCAgMDAwMEAwMEBQgFBQQEBQoHBwYIDAoMDAsKCwsNDhIQDQ4RDgsLEBYQERMUFRUVDA8XGBYUGBIUFRQBAwQEBQQFCQUFCRQNCw0UFBQUFBQUFBQUFBQUFBQUFBQUFBQUFBQUFBQUFBQUFBQUFBQUFBQUFBQUFBQUFBQUFP/AABEIANUAeAMBEQACEQEDEQH/xAGiAAABBQEBAQEBAQAAAAAAAAAAAQIDBAUGBwgJCgsQAAIBAwMCBAMFBQQEAAABfQECAwAEEQUSITFBBhNRYQcicRQygZGhCCNCscEVUtHwJDNicoIJChYXGBkaJSYnKCkqNDU2Nzg5OkNERUZHSElKU1RVVldYWVpjZGVmZ2hpanN0dXZ3eHl6g4SFhoeIiYqSk5SVlpeYmZqio6Slpqeoqaqys7S1tre4ubrCw8TFxsfIycrS09TV1tfY2drh4uPk5ebn6Onq8fLz9PX29/j5+gEAAwEBAQEBAQEBAQAAAAAAAAECAwQFBgcICQoLEQACAQIEBAMEBwUEBAABAncAAQIDEQQFITEGEkFRB2FxEyIygQgUQpGhscEJIzNS8BVictEKFiQ04SXxFxgZGiYnKCkqNTY3ODk6Q0RFRkdISUpTVFVWV1hZWmNkZWZnaGlqc3R1dnd4eXqCg4SFhoeIiYqSk5SVlpeYmZqio6Slpqeoqaqys7S1tre4ubrCw8TFxsfIycrS09TV1tfY2dri4+Tl5ufo6ery8/T19vf4+fr/2gAMAwEAAhEDEQA/APh3wzoB168ZWcxwRAF2HXnoB78H8qANnXvA0dlYvc2csjmIFnWUg5XuRgDpQBxtABQAUAFABQAUAFABQAUAFAGhoWktrWpR2ytsXBZ3xnaB/kD8aAOp1TwFBFYSSWs8pmjUttkwQ2BnAwOKAOGoA6Hwfr8WiXcq3CnyJsbpF5KEZxx6c0AbviDxnYy6dNBaMbh5kMZ+UqFBGCeQKAOCOSaADFABigAxQAYoAMUAGKADFABigAxQBreGNXTRdVSaVS0LKUfHUA9x+VAHX6n4205bKYW7tPMylVQIwwSO5IH6UAecgYAoA3vsEH/PMUAH2CD/AJ5igA+wQf8APMUAH2CD/nmKAD7BB/zzFAB9gg/55igA+wQf88xQAfYIP+eYoAPsEH/PMUAH2CD/AJ5igA+wQf8APMUAH2CD/nmKAD7BB/zzFAB9gg/55igA+wQf88xQBYoAKACgAoAKACgAoAKACgAoAKACgAoAKACgAoAKACgAoAKACgAoAKACgAoAKACgAoAKACgAoAKACgAoAKACgAoAKACgAoAKACgAoAKACgAoAKACgAoAKACgAoAKACgAoAKACgAoAKACgAoAKACgAoAKACgAoAKACgAoAKACgAoAKACgAoAKACgAoAKACgAoAKACgAoAKACgAoAKACgAoAKACgAoAKACgAoAKACgAoAKACgAoAKACgAoAKACgAoAKACgAoAKACgAoAKACgAoAKACgBUKh13DK55A9KAOjNh4P7a7rZ/7gsP/AMl0AH2Dwh/0HNb/APBND/8AJdAB9g8If9BzW/8AwTQ//JdAB9g8If8AQc1v/wAE0P8A8l0AH2Dwh/0HNb/8E0P/AMl0AH2Dwh/0HNb/APBND/8AJdAB9g8If9BzW/8AwTQ//JdAB9g8If8AQc1v/wAE0P8A8l0AH2Dwh/0HNb/8E0P/AMl0AH2Dwh/0HNb/APBND/8AJdAB9g8If9BzW/8AwTQ//JdAB9g8If8AQc1v/wAE0P8A8l0AAsPB/fXNb/8ABND/APJdAGDerbrdyraSSS2wYiOSaMRu69iyhmCk9cBjj1NAENABQAUAFABQAUAFABQAUAFABQAUAFABQAUAFABQAUAFABQAUAFABQAUAFABQAUAFABQAUAIeQe1ACfN7UAGG9qADDe1ABhvagAw3tQAYb2oAMN7UAGG9qADDe1ABhvagAw3tQAYb2oAPm9qAFGcc9aAFoA3tM8PW1/YQzvJMjODkIwx1PtQBa/4RO0/57XH/fS//E0AH/CJ2n/Pa4/76X/4mgDI1rTI9MljSF3bepJMmCf0AoA1z4TtP+es4+jLj+VAB/widp/z2uP++l/+JoAP+ETtP+e1x/30v/xNAHP6narY38tujMyJjBY88gH+tAFegAoAKACgAoAKACgDd0nxFb2NhFBJDMXTOSgXHX60AW/+EttP+eFz+S/40AH/AAltp/zwufyX/GgDH1zVI9TljeFHQKpGJAOv4GgDYHi20xzBcZ74C/40AH/CW2n/ADwufyX/ABoAP+EttP8Anhc/kv8AjQBgandJfahLcRqyo+MB8Z6Af0oArUAFABQAUAFABQAUAFABmgAzQAUAFABmgAzQAUAFABQAUAFABQAUAFABQAUAFABQAUAFABQAUAFABQAUAFABQAUAFABQAUAFABQAUAFABQAUAFABQAUAFABQAUAFABQAUAFABQAUAFABQAUAFABQAUAFABQAUAFABQAUAFABQAUAFABQAUAFABQAUAFABQAUAFABQAUAFABQAUAFABQAUAFABQAUAFABQAUAFABQAUAFABQAUAFABQAUAFABQAUAFABQAUAFABQAUAFABQAUAFABQAUAFABQAUAFABQAUAZP9sv/AM8l/OgA/tl/+eS/nQAf2y//ADyX86AD+2X/AOeS/nQAf2y//PJfzoAP7Zf/AJ5L+dAB/bL/APPJfzoAP7Zf/nkv50AH9sv/AM8l/OgA/tl/+eS/nQAf2y//ADyX86AD+2X/AOeS/nQAf2y//PJfzoAP7Zf/AJ5L+dAB/bL/APPJfzoAz6ACgAoAKACgAoAKACgAoAKACgAoAKACgAoA/wD/2Q==","timing":5945,"timestamp":8650059139098},{"data":"/9j/4AAQSkZJRgABAQAAAQABAAD/2wCEAAMCAgMCAgMDAwMEAwMEBQgFBQQEBQoHBwYIDAoMDAsKCwsNDhIQDQ4RDgsLEBYQERMUFRUVDA8XGBYUGBIUFRQBAwQEBQQFCQUFCRQNCw0UFBQUFBQUFBQUFBQUFBQUFBQUFBQUFBQUFBQUFBQUFBQUFBQUFBQUFBQUFBQUFBQUFP/AABEIANUAeAMBEQACEQEDEQH/xAGiAAABBQEBAQEBAQAAAAAAAAAAAQIDBAUGBwgJCgsQAAIBAwMCBAMFBQQEAAABfQECAwAEEQUSITFBBhNRYQcicRQygZGhCCNCscEVUtHwJDNicoIJChYXGBkaJSYnKCkqNDU2Nzg5OkNERUZHSElKU1RVVldYWVpjZGVmZ2hpanN0dXZ3eHl6g4SFhoeIiYqSk5SVlpeYmZqio6Slpqeoqaqys7S1tre4ubrCw8TFxsfIycrS09TV1tfY2drh4uPk5ebn6Onq8fLz9PX29/j5+gEAAwEBAQEBAQEBAQAAAAAAAAECAwQFBgcICQoLEQACAQIEBAMEBwUEBAABAncAAQIDEQQFITEGEkFRB2FxEyIygQgUQpGhscEJIzNS8BVictEKFiQ04SXxFxgZGiYnKCkqNTY3ODk6Q0RFRkdISUpTVFVWV1hZWmNkZWZnaGlqc3R1dnd4eXqCg4SFhoeIiYqSk5SVlpeYmZqio6Slpqeoqaqys7S1tre4ubrCw8TFxsfIycrS09TV1tfY2dri4+Tl5ufo6ery8/T19vf4+fr/2gAMAwEAAhEDEQA/APgL9KAL2qaDqeiLE1/p1zZpI5jDTRkDdgnGemcAn8KAKNABQB0Wm/DzxFrPh2PW9P0m4v8AT5Ls2KNagSuZgYQV8tSXAzcQKGK7S0qKCWOKAJYvhh4sn0e41WPQL19Pt7Sa+lnEfypDFOlvKx7/ACSyIrDqu9SRg5oArSeAPE0M1rG2gah5l3dy2FtEsDGWW5iVDNCIwN29PNjyMZG6gCa1+G3iq+0zT9QtfDup3dpqBuPsr29q0hmEG3zmCqCdq7wC2MZDDOVbABn3/hbWNLsftl3pd5b2vmPC07wkIkisUaNz/C4YYKnB6eooAuz/AA68V215NaTeGNZiuoXijlgfT5Q8bSttiVlK5BcghQfvEYGaAII/BeuM92j6VdW72v2gSi5j8na0ADTp8+PnQMpZRyMjI5FAGLQAUAFABQAY9qAOq8VfFDxZ4206Kw13X9Q1SzilEyQXVw8iK4DAEBiccO350Acrg0AGDQB2+g/FnVvD3glvCsFlYTaVNePcXYmSQveRO1q72shDjETPZW7ZQLICnDgHFAHQW37Sfiyy0DUdHt4rGO21Bt93IwmkmmZLtry3YyPKx3QzvI6kcvvIlMoAAAOWuPiTf3njCPXrmw0+5iitWsYNIlRzZQWxthbCJF37xiMLiTf5hZd5csSxAOt+I/7TPi34nnVX1O3021m1OSWW6lsI5Y2cubcADMh2hI7S3iXbj5Y8tudmdgClrn7QXibxB4X1jQbm300WWqtdNcOkLiTM95a3bkEuRkSWcYGQflZ85JDAA6zxP+194g1vx/ceJ7Hw3oembdW/tSwtnjkme1H9pHUWieXepmDz7WfcMDB8oQh2UgHAt8ZvEMvhqx0OUW0lpZ6fLpkbFXUm3cSbVYBgrMjXF0yuV3A3EgJK7VUA4PHtQAYNABg0AGKAN46bATnyxQAn9mwf881oAP7Ng/55rQAf2bB/zzWgA/s2D/nmtAB/ZsH/ADzWgA/s2D/nmtAB/ZsH/PNaAD+zYP8AnmtAB/ZsH/PNaAD+zYP+ea0AH9mwf881oAP7Ng/55rQAf2bB/wA81oABptvn/VigC3QAUAFABQAUAFABQAUAFABQAUAFABQAUAFABQAUAFABQAUAFABQAUAFABQAUAFABQAUAFABQAUAFABQAUAFABQAUAFABQAUAFABQAUAFABQAUAFABQAUAFABQAUAFABQAUAFABQAUAFABQAUAFABQAUAFABQAUAFABQAUAFABQAUAFABQAUAFABQAUAFABQAUAFABQAUAFABQAUAFABQAUAFABQAUAFABQAUAFABQAUAFABQAUAFABQAUAFABQAUAFABQAUAFABQAUAFABQAUAFABQAUAFAHW6N8L9b8Q6XDeaatveNKkbpapMBMwaS4T5VONxBtpCQpJwQcYDFQCppvgHWNYeySyhjuJbyc20EYlCs8oUMV+bG35WQ5OANwyRzgAYngq9+0xRzz2lpC00kMlzNNiOEoQHLkAkAZzwDnHGTgEAwCMGgAoAKACgDU8K+Hrjxb4m0nQ7R4orrUruKzieYkIryOFUsQCcZIzgE47GgDuvif8DLr4c6BBrcOrwaxpT6hNpUkiqsciXMTOG+VXcFG8tipyGxjcq5FAHmNABQAUAFABQAUATwtahcyxTSOepWYKPy2n+dAD/Msf8An3uP/Ahf/iKADzLH/n3uP/Ahf/iKADzLH/n3uP8AwIX/AOIoAPMsf+fe4/8AAhf/AIigA8yx/wCfe4/8CF/+IoAPMsf+fe4/8CF/+IoAmtL+3sLuG5tkvLe4gdZYpoboI6OpyrKwTIIIBBFAGn4i8a3XilIV1BppFhLvHFGYoYhI2N8hSOJVLsQu5iNzYGScUAc5QAUAFABQAUAFABQAUAFABQAUAFABQAenvxQAgORxQAtABQAUAFABQAUAdhCvg+78LW0LyyWuuJbXEsk4Emxpcv5MR4cNnEZ4WNVG/LsWAQAs6rpHgRrCVtO128+2h5GhUxGSJkDvsVsqpy0YjIZSRuZgwTAJALkdr8PNOs724D3es3cUcEkVkbmRFmY3Q82NX+zIUIgQ/M4x+9OASnIB51QAUAFABQBseDNJtdf8YaHpd7ObWyvr6C2nnVgDHG8iqzZPHAJPPFAHr/7Unwx8JfD+Xw5ceFndBem6intWuIphGsbr5bAx9ismAWyzBAW+ctkA8IoAKACgAoAKACgBSzMqjJAHpQAmG9W/M0AGG9W/M0AByO7fmaADk92/M0AGG9W/M0AGG9W/M0AHI7t+ZoAQ5P8AE3fv7UALQAUAFABQAUAFAFDVbqS2EflttyTnigDW8OeC/FXi5NLbSLQ3f9o3j2FuPNiTzJlMClBuYYJa6gAJwCXGCcHABpN8KPHiWqzyaUyJ5d/MxM8R2pZLuuSQGJGza4PrgYyeKAOPsb+ea6jR3ypzkYHoaAJtUupbeSMRvtBBzwKAN9PAHi19B0fVzbxxWGsru06aa5hjFwfPe3wNzDpLGynOAuULEB1JAMzWND13QnmS8UQywxJM6M8ZOxmwCMMc9VOByM84oAoadezT3G133Lg9qANSgAoAKACgAoAKACgClqVm92E2Y+XPU0APs73XtP06TT7XVbq30+R2le0iuXWF3MbRsxQHBJjd0JI5ViOhIoAfJqfiGZUWTWL2QJG0KbrqQ7EaIQsq88AxKsZA/gAXpxQBRs9OlguUdiu0Z6H2NAE2pWUl06FCvygg5NAF7T9f8U6RYTWNj4g1Kysprc2kttbX0scckBZ2MTKCAULSSHaeMuxx8xyAQapqPiDXM/2lq13qJIYZu7l5eDI0jD5ieC7s59WYnqc0AVbCwltp97lcYI4NAGlQAUAFABQAUAFABQAUAFABQAUAFABQAUAFABQAUAFABQAUAFABQAUAFABQAUAFABQAUAFABQAUAFABQAUAFABQAUAFABQAUAFABQAUAFABQAUAFABQAUAFABQAUAFABQAUAFABQAUAFABQAUAFABQAUAFABQAUAFABQAUAFABQAUAFABQAUAFABQAUAFABQAUAFABQAUAFABQAUAFABQAUAFABQAUAFABQAUAFABQAUAFABQAUAFABQAUAFABQBFDaa3cXNvbxaLeS3FyI2ghjt3Z5Q5AQqoGWDEgDHXNAFjU9E8SaLIkeo+HtQsJHhFwsd1aSRsYi/liQBgDtL/ID03AjrxQBWlttZhurm1k0e7S6tTKJ4DA4kiMYcy7lxkbBHJuz02NnGDQA6Wx12GJpX0O9WJYUuGkNtJtETSCNZM4xtLsEDdCxA6mgCiNQuiHP2U/IcNwfl4J5/AE/QZoAWe+u7YZltGjGSMspAyCQf1Vh9QfSgCH+2n/55r+dAB/bT/8APNfzoAP7af8A55r+dAB/bT/881/OgA/tp/8Anmv50AH9tP8A881/OgA/tp/+ea/nQAf20/8AzzX86AD+2n/55r+dAF+/+Imv6lq0d9e3cV9e26RwJcXNpDI4WMoyHJT7w2Iu7qUXYSU+WgB2r+Pdc1e2s9PvrxLm1stscKG3iXaBLcTAAqoOPMup2I6HeBjCoFAIbTxrrGnzWuoW935UpEsUSiJNsSyIUcBdu0ArxhQAO3ODQBpW3xS8WDUpb9dalN49pLpyyyRI/k28iMjRxKVxCu2RwBGF2hjt25oAp6L8UPEWm395c298DcXlvBaXLXMMc4mhtzFJDGyupBANvEMEEEAhgQSCAUb/AMQ6neacdOuLrzbMXb3Rj2KMzFVVnzjPIA4zjj1NAGXQAUAFABQAUAFABQAUAFAH/9k=","timing":6606,"timestamp":8650059799698}]}},"score":100,"weight":0,"id":"screenshot-thumbnails"},{"result":{"displayValue":"2,800 ms","score":true,"helpText":"Consider reducing the time spent parsing, compiling and executing JS.You may find delivering smaller JS payloads helps with this.","rawValue":2799.5130100250244,"extendedInfo":{"value":{"Update Layer Tree":108.97500228881836,"Layout":432.32500076293945,"Recalculate Style":503.69400215148926,"Evaluate Script":1296.8040027618408,"Animation Frame Fired":8.261001586914062,"Minor GC":82.69900131225586,"Run Microtasks":63.02199935913086,"Parse HTML":62.446001052856445,"Paint":41.383995056152344,"Compile Script":44.90999984741211,"Composite Layers":77.99400329589844,"Parse Stylesheet":76.9990005493164}},"name":"mainthread-work-breakdown","description":"Main thread work breakdown","scoringMode":"binary","informative":true,"details":{"itemHeaders":[{"itemType":"text","text":"Category","type":"text"},{"itemType":"text","text":"Work","type":"text"},{"itemType":"text","text":"Time spent","type":"text"}],"header":"View Details","type":"table","items":[[{"text":"Script Evaluation","type":"text"},{"text":"Evaluate Script","type":"text"},{"text":"1,297 ms","type":"text"}],[{"text":"Script Evaluation","type":"text"},{"text":"Run Microtasks","type":"text"},{"text":"63 ms","type":"text"}],[{"text":"Script Evaluation","type":"text"},{"text":"Animation Frame Fired","type":"text"},{"text":"8 ms","type":"text"}],[{"text":"Style & Layout","type":"text"},{"text":"Recalculate Style","type":"text"},{"text":"504 ms","type":"text"}],[{"text":"Style & Layout","type":"text"},{"text":"Layout","type":"text"},{"text":"432 ms","type":"text"}],[{"text":"Compositing","type":"text"},{"text":"Update Layer Tree","type":"text"},{"text":"109 ms","type":"text"}],[{"text":"Compositing","type":"text"},{"text":"Composite Layers","type":"text"},{"text":"78 ms","type":"text"}],[{"text":"Parsing HTML & CSS","type":"text"},{"text":"Parse Stylesheet","type":"text"},{"text":"77 ms","type":"text"}],[{"text":"Parsing HTML & CSS","type":"text"},{"text":"Parse HTML","type":"text"},{"text":"62 ms","type":"text"}],[{"text":"Garbage collection","type":"text"},{"text":"Minor GC","type":"text"},{"text":"83 ms","type":"text"}],[{"text":"Script Parsing & Compile","type":"text"},{"text":"Compile Script","type":"text"},{"text":"45 ms","type":"text"}],[{"text":"Paint","type":"text"},{"text":"Paint","type":"text"},{"text":"41 ms","type":"text"}]]}},"score":100,"weight":0,"id":"mainthread-work-breakdown","group":"perf-info"},{"result":{"displayValue":"","score":false,"helpText":"Leverage the font-display CSS feature to ensure text is user-visible while webfonts are loading. [Learn more](https://developers.google.com/web/updates/2016/02/font-display).","rawValue":false,"name":"font-display","description":"Avoid invisible text while webfonts are loading","scoringMode":"binary","details":{"itemHeaders":[{"itemType":"url","text":"Font URL","type":"text"},{"itemType":"text","text":"Font download time","type":"text"}],"header":"View Details","type":"table","items":[[{"text":"https://fonts.gstatic.com/s/roboto/v18/KFOmCnqEu92Fr1Mu4mxK.woff2","type":"url"},{"text":"884 ms","type":"text"}],[{"text":"https://fonts.gstatic.com/s/materialicons/v37/flUhRq6tzZclQEJ-Vdg-IuiaDsNc.woff2","type":"url"},{"text":"1,066 ms","type":"text"}],[{"text":"https://fonts.gstatic.com/s/roboto/v18/KFOlCnqEu92Fr1MmEU9fBBc4.woff2","type":"url"},{"text":"875 ms","type":"text"}]]}},"score":0,"weight":0,"id":"font-display","group":"perf-info"}]},{"score":30,"name":"Progressive Web App","weight":1,"description":"These checks validate the aspects of a Progressive Web App, as specified by the baseline [PWA Checklist](https://developers.google.com/web/progressive-web-apps/checklist).","id":"pwa","audits":[{"result":{"displayValue":"","score":false,"helpText":"The service worker is the technology that enables your app to use many Progressive Web App features, such as offline, add to homescreen, and push notifications. [Learn more](https://developers.google.com/web/tools/lighthouse/audits/registered-service-worker).","rawValue":false,"name":"service-worker","description":"Does not register a service worker","scoringMode":"binary"},"score":0,"weight":1,"id":"service-worker"},{"result":{"displayValue":"","score":false,"helpText":"If you're building a Progressive Web App, consider using a service worker so that your app can work offline. [Learn more](https://developers.google.com/web/tools/lighthouse/audits/http-200-when-offline).","rawValue":false,"name":"works-offline","description":"Does not respond with a 200 when offline","scoringMode":"binary"},"score":0,"weight":1,"id":"works-offline"},{"result":{"displayValue":"","score":false,"debugString":"The page body should render some content if its scripts are not available.","helpText":"Your app should display some content when JavaScript is disabled, even if it's just a warning to the user that JavaScript is required to use the app. [Learn more](https://developers.google.com/web/tools/lighthouse/audits/no-js).","rawValue":false,"name":"without-javascript","description":"Does not provide fallback content when JavaScript is not available","scoringMode":"binary"},"score":0,"weight":1,"id":"without-javascript"},{"result":{"displayValue":"","score":false,"helpText":"If you've already set up HTTPS, make sure that you redirect all HTTP traffic to HTTPS. [Learn more](https://developers.google.com/web/tools/lighthouse/audits/http-redirects-to-https).","rawValue":false,"name":"redirects-http","description":"Does not redirect HTTP traffic to HTTPS","scoringMode":"binary"},"score":0,"weight":1,"id":"redirects-http"},{"result":{"displayValue":"","score":true,"helpText":"A fast page load over a 3G network ensures a good mobile user experience. [Learn more](https://developers.google.com/web/tools/lighthouse/audits/fast-3g).","rawValue":true,"extendedInfo":{"value":{"isFast":true,"timeToFirstInteractive":6460.149,"firstRequestLatencies":[{"latency":"566.29","url":"http://web/"},{"latency":"579.72","url":"https://cdnjs.cloudflare.com/ajax/libs/Chart.js/2.7.1/Chart.min.js"},{"latency":"571.48","url":"https://unpkg.com/vue-chartjs/dist/vue-chartjs.min.js"},{"latency":"578.93","url":"https://fonts.gstatic.com/s/roboto/v18/KFOmCnqEu92Fr1Mu4mxK.woff2"}],"areLatenciesAll3G":true}},"name":"load-fast-enough-for-pwa","description":"Page load is fast enough on 3G","scoringMode":"binary"},"score":100,"weight":1,"id":"load-fast-enough-for-pwa"},{"result":{"displayValue":"","score":false,"debugString":"Failures: No manifest was fetched, Site does not register a service worker, Service worker does not successfully serve the manifest's start_url, No usable web app manifest found on page.","helpText":"Browsers can proactively prompt users to add your app to their homescreen, which can lead to higher engagement. [Learn more](https://developers.google.com/web/tools/lighthouse/audits/install-prompt).","rawValue":false,"extendedInfo":{"value":{"failures":["No manifest was fetched","Site does not register a service worker","Service worker does not successfully serve the manifest's start_url","No usable web app manifest found on page"],"warnings":["No usable web app manifest found on page"],"manifestValues":{"parseFailureReason":"No manifest was fetched","allChecks":[],"isParseFailure":true}}},"name":"webapp-install-banner","description":"User will not be prompted to Install the Web App","scoringMode":"binary"},"score":0,"weight":1,"id":"webapp-install-banner"},{"result":{"displayValue":"","score":false,"debugString":"Failures: No manifest was fetched.","helpText":"A themed splash screen ensures a high-quality experience when users launch your app from their homescreens. [Learn more](https://developers.google.com/web/tools/lighthouse/audits/custom-splash-screen).","rawValue":false,"extendedInfo":{"value":{"failures":["No manifest was fetched"],"manifestValues":{"parseFailureReason":"No manifest was fetched","allChecks":[],"isParseFailure":true}}},"name":"splash-screen","description":"Is not configured for a custom splash screen","scoringMode":"binary"},"score":0,"weight":1,"id":"splash-screen"},{"result":{"displayValue":"","score":false,"debugString":"Failures: No manifest was fetched, No `<meta name=\"theme-color\">` tag found.","helpText":"The browser address bar can be themed to match your site. [Learn more](https://developers.google.com/web/tools/lighthouse/audits/address-bar).","rawValue":false,"extendedInfo":{"value":{"failures":["No manifest was fetched","No `<meta name=\"theme-color\">` tag found"],"themeColor":null,"manifestValues":{"parseFailureReason":"No manifest was fetched","allChecks":[],"isParseFailure":true}}},"name":"themed-omnibox","description":"Address bar does not match brand colors","scoringMode":"binary"},"score":0,"weight":1,"id":"themed-omnibox"},{"result":{"displayValue":"","score":true,"debugString":"","helpText":"Add a viewport meta tag to optimize your app for mobile screens. [Learn more](https://developers.google.com/web/tools/lighthouse/audits/has-viewport-meta-tag).","rawValue":true,"name":"viewport","description":"Has a `<meta name=\"viewport\">` tag with `width` or `initial-scale`","scoringMode":"binary"},"score":100,"weight":1,"id":"viewport"},{"result":{"displayValue":"","score":true,"debugString":"","helpText":"If the width of your app's content doesn't match the width of the viewport, your app might not be optimized for mobile screens. [Learn more](https://developers.google.com/web/tools/lighthouse/audits/content-sized-correctly-for-viewport).","rawValue":true,"name":"content-width","description":"Content is sized correctly for the viewport","scoringMode":"binary"},"score":100,"weight":1,"id":"content-width"},{"result":{"displayValue":"","score":false,"helpText":"To reach the most number of users, sites should work across every major browser. [Learn more](https://developers.google.com/web/progressive-web-apps/checklist#site-works-cross-browser).","rawValue":false,"name":"pwa-cross-browser","description":"Site works cross-browser","scoringMode":"binary","informative":true,"manual":true},"score":0,"weight":0,"id":"pwa-cross-browser","group":"manual-pwa-checks"},{"result":{"displayValue":"","score":false,"helpText":"Transitions should feel snappy as you tap around, even on a slow network, a key to perceived performance. [Learn more](https://developers.google.com/web/progressive-web-apps/checklist#page-transitions-dont-feel-like-they-block-on-the-network).","rawValue":false,"name":"pwa-page-transitions","description":"Page transitions don't feel like they block on the network","scoringMode":"binary","informative":true,"manual":true},"score":0,"weight":0,"id":"pwa-page-transitions","group":"manual-pwa-checks"},{"result":{"displayValue":"","score":false,"helpText":"Ensure individual pages are deep linkable via the URLs and that URLs are unique for the purpose of shareability on social media. [Learn more](https://developers.google.com/web/progressive-web-apps/checklist#each-page-has-a-url).","rawValue":false,"name":"pwa-each-page-has-url","description":"Each page has a URL","scoringMode":"binary","informative":true,"manual":true},"score":0,"weight":0,"id":"pwa-each-page-has-url","group":"manual-pwa-checks"}]},{"score":76.71232876712328,"name":"Accessibility","description":"These checks highlight opportunities to [improve the accessibility of your web app](https://developers.google.com/web/fundamentals/accessibility). Only a subset of accessibility issues can be automatically detected so manual testing is also encouraged.","id":"accessibility","audits":[{"result":{"displayValue":"","score":false,"helpText":"Access keys let users quickly focus a part of the page. For proper navigation, each access key must be unique. [Learn more](https://dequeuniversity.com/rules/axe/2.2/accesskeys?application=lighthouse).","rawValue":false,"name":"accesskeys","description":"`[accesskey]` values are not unique","scoringMode":"binary","informative":true,"notApplicable":true},"score":100,"weight":0,"id":"accesskeys","group":"a11y-correct-attributes"},{"result":{"displayValue":"","score":true,"helpText":"Each ARIA `role` supports a specific subset of `aria-*` attributes. Mismatching these invalidates the `aria-*` attributes. [Learn more](https://dequeuniversity.com/rules/axe/2.2/aria-allowed-attr?application=lighthouse).","rawValue":true,"extendedInfo":{},"name":"aria-allowed-attr","description":"`[aria-*]` attributes match their roles","scoringMode":"binary","details":{"header":{"text":"View failing elements","type":"text"},"type":"list","items":[]}},"score":100,"weight":3,"id":"aria-allowed-attr","group":"a11y-aria"},{"result":{"displayValue":"","score":false,"helpText":"Some ARIA roles have required attributes that describe the state of the element to screen readers. [Learn more](https://dequeuniversity.com/rules/axe/2.2/aria-required-attr?application=lighthouse).","rawValue":false,"name":"aria-required-attr","description":"`[role]`s do not have all required `[aria-*]` attributes","scoringMode":"binary","informative":true,"notApplicable":true},"score":100,"weight":0,"id":"aria-required-attr","group":"a11y-aria"},{"result":{"displayValue":"","score":false,"helpText":"Some ARIA parent roles must contain specific child roles to perform their intended accessibility functions. [Learn more](https://dequeuniversity.com/rules/axe/2.2/aria-required-children?application=lighthouse).","rawValue":false,"name":"aria-required-children","description":"Elements with `[role]` that require specific children `[role]`s, are missing.","scoringMode":"binary","informative":true,"notApplicable":true},"score":100,"weight":0,"id":"aria-required-children","group":"a11y-aria"},{"result":{"displayValue":"","score":false,"helpText":"Some ARIA child roles must be contained by specific parent roles to properly perform their intended accessibility functions. [Learn more](https://dequeuniversity.com/rules/axe/2.2/aria-required-parent?application=lighthouse).","rawValue":false,"name":"aria-required-parent","description":"`[role]`s are not contained by their required parent element","scoringMode":"binary","informative":true,"notApplicable":true},"score":100,"weight":0,"id":"aria-required-parent","group":"a11y-aria"},{"result":{"displayValue":"","score":false,"helpText":"ARIA roles must have valid values in order to perform their intended accessibility functions. [Learn more](https://dequeuniversity.com/rules/axe/2.2/aria-roles?application=lighthouse).","rawValue":false,"name":"aria-roles","description":"`[role]` values are not valid","scoringMode":"binary","informative":true,"notApplicable":true},"score":100,"weight":0,"id":"aria-roles","group":"a11y-aria"},{"result":{"displayValue":"","score":true,"helpText":"Assistive technologies, like screen readers, can't interpret ARIA attributes with invalid values. [Learn more](https://dequeuniversity.com/rules/axe/2.2/aria-valid-attr-value?application=lighthouse).","rawValue":true,"extendedInfo":{},"name":"aria-valid-attr-value","description":"`[aria-*]` attributes have valid values","scoringMode":"binary","details":{"header":{"text":"View failing elements","type":"text"},"type":"list","items":[]}},"score":100,"weight":2,"id":"aria-valid-attr-value","group":"a11y-aria"},{"result":{"displayValue":"","score":true,"helpText":"Assistive technologies, like screen readers, can't interpret ARIA attributes with invalid names. [Learn more](https://dequeuniversity.com/rules/axe/2.2/aria-valid-attr?application=lighthouse).","rawValue":true,"extendedInfo":{},"name":"aria-valid-attr","description":"`[aria-*]` attributes are valid and not misspelled","scoringMode":"binary","details":{"header":{"text":"View failing elements","type":"text"},"type":"list","items":[]}},"score":100,"weight":5,"id":"aria-valid-attr","group":"a11y-aria"},{"result":{"displayValue":"","score":false,"helpText":"Captions make audio elements usable for deaf or hearing-impaired users, providing critical information such as who is talking, what they're saying, and other non-speech information. [Learn more](https://dequeuniversity.com/rules/axe/2.2/audio-caption?application=lighthouse).","rawValue":false,"name":"audio-caption","description":"`<audio>` elements are missing a `<track>` element with `[kind=\"captions\"]`.","scoringMode":"binary","informative":true,"notApplicable":true},"score":100,"weight":0,"id":"audio-caption","group":"a11y-correct-attributes"},{"result":{"displayValue":"","score":false,"helpText":"When a button doesn't have an accessible name, screen readers announce it as \"button\", making it unusable for users who rely on screen readers. [Learn more](https://dequeuniversity.com/rules/axe/2.2/button-name?application=lighthouse).","rawValue":false,"extendedInfo":{"value":{"help":"Buttons must have discernible text","nodes":[{"failureSummary":"Fix all of the following:\n  Element is in tab order and does not have accessible text\n\nFix any of the following:\n  Element has a value attribute and the value attribute is empty\n  Element has no value attribute or the value attribute is empty\n  Element does not have inner text that is visible to screen readers\n  aria-label attribute does not exist or is empty\n  aria-labelledby attribute does not exist, references elements that do not exist or references elements that are empty or not visible\n  Element's default semantics were not overridden with role=\"presentation\"\n  Element's default semantics were not overridden with role=\"none\"","snippet":"<button type=\"button\" class=\"toolbar__side-icon btn btn--icon\">","path":"1,HTML,2,BODY,0,MAIN,0,DIV,1,DIV,2,NAV,0,DIV,0,BUTTON","impact":"critical","html":"<button type=\"button\" class=\"toolbar__side-icon btn btn--icon\"><div class=\"btn__content\"><i aria-hidden=\"true\" class=\"icon material-icons\">menu<\/i><\/div><\/button>","target":[".toolbar__side-icon"]},{"failureSummary":"Fix all of the following:\n  Element is in tab order and does not have accessible text\n\nFix any of the following:\n  Element has a value attribute and the value attribute is empty\n  Element has no value attribute or the value attribute is empty\n  Element does not have inner text that is visible to screen readers\n  aria-label attribute does not exist or is empty\n  aria-labelledby attribute does not exist, references elements that do not exist or references elements that are empty or not visible\n  Element's default semantics were not overridden with role=\"presentation\"\n  Element's default semantics were not overridden with role=\"none\"","snippet":"<button type=\"button\" class=\"btn btn--icon\">","path":"1,HTML,2,BODY,0,MAIN,0,DIV,1,DIV,2,NAV,0,DIV,4,SPAN,0,SPAN,0,BUTTON","impact":"critical","html":"<button type=\"button\" class=\"btn btn--icon\"><div class=\"btn__content\"><i aria-hidden=\"true\" class=\"icon fa fa-sign-out\"><\/i><\/div><\/button>","target":["span > .btn--icon"]}],"impact":"critical","description":"Ensures buttons have discernible text","helpUrl":"https://dequeuniversity.com/rules/axe/3.0/button-name?application=axeAPI","id":"button-name","tags":["cat.name-role-value","wcag2a","wcag412","section508","section508.22.a"]}},"name":"button-name","description":"Buttons do not have an accessible name","scoringMode":"binary","details":{"header":{"text":"View failing elements","type":"text"},"type":"list","items":[{"snippet":"<button type=\"button\" class=\"toolbar__side-icon btn btn--icon\">","path":"1,HTML,2,BODY,0,MAIN,0,DIV,1,DIV,2,NAV,0,DIV,0,BUTTON","selector":".toolbar__side-icon","type":"node"},{"snippet":"<button type=\"button\" class=\"btn btn--icon\">","path":"1,HTML,2,BODY,0,MAIN,0,DIV,1,DIV,2,NAV,0,DIV,4,SPAN,0,SPAN,0,BUTTON","selector":"span > .btn--icon","type":"node"}]}},"score":0,"weight":10,"id":"button-name","group":"a11y-element-names"},{"result":{"displayValue":"","score":true,"helpText":"Adding ways to bypass repetitive content lets keyboard users navigate the page more efficiently. [Learn more](https://dequeuniversity.com/rules/axe/2.2/bypass?application=lighthouse).","rawValue":true,"extendedInfo":{},"name":"bypass","description":"The page contains a heading, skip link, or landmark region","scoringMode":"binary","details":{"header":{"text":"View failing elements","type":"text"},"type":"list","items":[]}},"score":100,"weight":10,"id":"bypass","group":"a11y-describe-contents"},{"result":{"displayValue":"","score":true,"helpText":"Low-contrast text is difficult or impossible for many users to read. [Learn more](https://dequeuniversity.com/rules/axe/2.2/color-contrast?application=lighthouse).","rawValue":true,"extendedInfo":{},"name":"color-contrast","description":"Background and foreground colors have a sufficient contrast ratio","scoringMode":"binary","details":{"header":{"text":"View failing elements","type":"text"},"type":"list","items":[]}},"score":100,"weight":6,"id":"color-contrast","group":"a11y-color-contrast"},{"result":{"displayValue":"","score":false,"helpText":"When definition lists are not properly marked up, screen readers may produce confusing or inaccurate output. [Learn more](https://dequeuniversity.com/rules/axe/2.2/definition-list?application=lighthouse).","rawValue":false,"name":"definition-list","description":"`<dl>`'s do not contain only properly-ordered `<dt>` and `<dd>` groups, `<script>` or `<template>` elements.","scoringMode":"binary","informative":true,"notApplicable":true},"score":100,"weight":0,"id":"definition-list","group":"a11y-well-structured"},{"result":{"displayValue":"","score":false,"helpText":"Definition list items (`<dt>` and `<dd>`) must be wrapped in a parent `<dl>` element to ensure that screen readers can properly announce them. [Learn more](https://dequeuniversity.com/rules/axe/2.2/dlitem?application=lighthouse).","rawValue":false,"name":"dlitem","description":"Definition list items are not wrapped in `<dl>` elements","scoringMode":"binary","informative":true,"notApplicable":true},"score":100,"weight":0,"id":"dlitem","group":"a11y-well-structured"},{"result":{"displayValue":"","score":true,"helpText":"The title gives screen reader users an overview of the page, and search engine users rely on it heavily to determine if a page is relevant to their search. [Learn more](https://developers.google.com/web/tools/lighthouse/audits/title).","rawValue":true,"extendedInfo":{},"name":"document-title","description":"Document has a `<title>` element","scoringMode":"binary","details":{"header":{"text":"View failing elements","type":"text"},"type":"list","items":[]}},"score":100,"weight":2,"id":"document-title","group":"a11y-describe-contents"},{"result":{"displayValue":"","score":true,"helpText":"The value of an id attribute must be unique to prevent other instances from being overlooked by assistive technologies. [Learn more](https://dequeuniversity.com/rules/axe/2.2/duplicate-id?application=lighthouse).","rawValue":true,"extendedInfo":{},"name":"duplicate-id","description":"`[id]` attributes on the page are unique","scoringMode":"binary","details":{"header":{"text":"View failing elements","type":"text"},"type":"list","items":[]}},"score":100,"weight":5,"id":"duplicate-id","group":"a11y-well-structured"},{"result":{"displayValue":"","score":false,"helpText":"Screen reader users rely on frame titles to describe the contents of frames. [Learn more](https://dequeuniversity.com/rules/axe/2.2/frame-title?application=lighthouse).","rawValue":false,"name":"frame-title","description":"`<frame>` or `<iframe>` elements do not have a title","scoringMode":"binary","informative":true,"notApplicable":true},"score":100,"weight":0,"id":"frame-title","group":"a11y-describe-contents"},{"result":{"displayValue":"","score":false,"helpText":"If a page doesn't specify a lang attribute, a screen reader assumes that the page is in the default language that the user chose when setting up the screen reader. If the page isn't actually in the default language, then the screen reader might not announce the page's text correctly. [Learn more](https://dequeuniversity.com/rules/axe/2.2/html-lang?application=lighthouse).","rawValue":false,"extendedInfo":{"value":{"help":"<html> element must have a lang attribute","nodes":[{"failureSummary":"Fix any of the following:\n  The <html> element does not have a lang attribute","snippet":"<html>","path":"1,HTML","impact":"serious","html":"<html>","target":["html"]}],"impact":"serious","description":"Ensures every HTML document has a lang attribute","helpUrl":"https://dequeuniversity.com/rules/axe/3.0/html-has-lang?application=axeAPI","id":"html-has-lang","tags":["cat.language","wcag2a","wcag311"]}},"name":"html-has-lang","description":"`<html>` element does not have a `[lang]` attribute","scoringMode":"binary","details":{"header":{"text":"View failing elements","type":"text"},"type":"list","items":[{"snippet":"<html>","path":"1,HTML","selector":"html","type":"node"}]}},"score":0,"weight":4,"id":"html-has-lang","group":"a11y-language"},{"result":{"displayValue":"","score":false,"helpText":"Specifying a valid [BCP 47 language](https://www.w3.org/International/questions/qa-choosing-language-tags#question) helps screen readers announce text properly. [Learn more](https://dequeuniversity.com/rules/axe/2.2/valid-lang?application=lighthouse).","rawValue":false,"name":"html-lang-valid","description":"`<html>` element does not have a valid value for its `[lang]` attribute.","scoringMode":"binary","informative":true,"notApplicable":true},"score":100,"weight":0,"id":"html-lang-valid","group":"a11y-language"},{"result":{"displayValue":"","score":false,"helpText":"Informative elements should aim for short, descriptive alternate text. Decorative elements can be ignored with an empty alt attribute.[Learn more](https://dequeuniversity.com/rules/axe/2.2/image-alt?application=lighthouse).","rawValue":false,"name":"image-alt","description":"Image elements do not have `[alt]` attributes","scoringMode":"binary","informative":true,"notApplicable":true},"score":100,"weight":0,"id":"image-alt","group":"a11y-correct-attributes"},{"result":{"displayValue":"","score":false,"helpText":"When an image is being used as an `<input>` button, providing alternative text can help screen reader users understand the purpose of the button. [Learn more](https://dequeuniversity.com/rules/axe/2.2/input-image-alt?application=lighthouse).","rawValue":false,"name":"input-image-alt","description":"`<input type=\"image\">` elements do not have `[alt]` text","scoringMode":"binary","informative":true,"notApplicable":true},"score":100,"weight":0,"id":"input-image-alt","group":"a11y-correct-attributes"},{"result":{"displayValue":"","score":true,"helpText":"Labels ensure that form controls are announced properly by assistive technologies, like screen readers. [Learn more](https://dequeuniversity.com/rules/axe/2.2/label?application=lighthouse).","rawValue":true,"extendedInfo":{},"name":"label","description":"Form elements have associated labels","scoringMode":"binary","details":{"header":{"text":"View failing elements","type":"text"},"type":"list","items":[]}},"score":100,"weight":10,"id":"label","group":"a11y-describe-contents"},{"result":{"displayValue":"","score":false,"helpText":"A table being used for layout purposes should not include data elements, such as the th or caption elements or the summary attribute, because this can create a confusing experience for screen reader users. [Learn more](https://dequeuniversity.com/rules/axe/2.2/layout-table?application=lighthouse).","rawValue":false,"name":"layout-table","description":"Presentational `<table>` elements do not avoid using `<th>`, `<caption>` or the `[summary]` attribute.","scoringMode":"binary","informative":true,"notApplicable":true},"score":100,"weight":0,"id":"layout-table","group":"a11y-describe-contents"},{"result":{"displayValue":"","score":true,"helpText":"Link text (and alternate text for images, when used as links) that is discernible, unique, and focusable improves the navigation experience for screen reader users. [Learn more](https://dequeuniversity.com/rules/axe/2.2/link-name?application=lighthouse).","rawValue":true,"extendedInfo":{},"name":"link-name","description":"Links have a discernible name","scoringMode":"binary","details":{"header":{"text":"View failing elements","type":"text"},"type":"list","items":[]}},"score":100,"weight":9,"id":"link-name","group":"a11y-element-names"},{"result":{"displayValue":"","score":false,"helpText":"Screen readers have a specific way of announcing lists. Ensuring proper list structure aids screen reader output. [Learn more](https://dequeuniversity.com/rules/axe/2.2/list?application=lighthouse).","rawValue":false,"name":"list","description":"Lists do not contain only `<li>` elements and script supporting elements (`<script>` and `<template>`).","scoringMode":"binary","informative":true,"notApplicable":true},"score":100,"weight":0,"id":"list","group":"a11y-well-structured"},{"result":{"displayValue":"","score":false,"helpText":"Screen readers require list items (`<li>`) to be contained within a parent `<ul>` or `<ol>` to be announced properly. [Learn more](https://dequeuniversity.com/rules/axe/2.2/listitem?application=lighthouse).","rawValue":false,"name":"listitem","description":"List items (`<li>`) are not contained within `<ul>` or `<ol>` parent elements.","scoringMode":"binary","informative":true,"notApplicable":true},"score":100,"weight":0,"id":"listitem","group":"a11y-well-structured"},{"result":{"displayValue":"","score":false,"helpText":"Users do not expect a page to refresh automatically, and doing so will move focus back to the top of the page. This may create a frustrating or confusing experience. [Learn more](https://dequeuniversity.com/rules/axe/2.2/meta-refresh?application=lighthouse).","rawValue":false,"name":"meta-refresh","description":"The document uses `<meta http-equiv=\"refresh\">`","scoringMode":"binary","informative":true,"notApplicable":true},"score":100,"weight":0,"id":"meta-refresh","group":"a11y-meta"},{"result":{"displayValue":"","score":false,"helpText":"Disabling zooming is problematic for users with low vision who rely on screen magnification to properly see the contents of a web page. [Learn more](https://dequeuniversity.com/rules/axe/2.2/meta-viewport?application=lighthouse).","rawValue":false,"extendedInfo":{"value":{"help":"Zooming and scaling must not be disabled","nodes":[{"failureSummary":"Fix any of the following:\n  <meta> tag disables zooming on mobile devices","snippet":"<meta name=\"viewport\" content=\"width=device-width,initial-scale=1,maximum-scale=1,minimum-scale=1,user-scalable=no\">","path":"1,HTML,1,HEAD,1,META","impact":"critical","html":"<meta name=\"viewport\" content=\"width=device-width,initial-scale=1,maximum-scale=1,minimum-scale=1,user-scalable=no\">","target":["meta[name=\"viewport\"]"]}],"impact":"critical","description":"Ensures <meta name=\"viewport\"> does not disable text scaling and zooming","helpUrl":"https://dequeuniversity.com/rules/axe/3.0/meta-viewport?application=axeAPI","id":"meta-viewport","tags":["cat.sensory-and-visual-cues","wcag2aa","wcag144"]}},"name":"meta-viewport","description":"`[user-scalable=\"no\"]` is used in the `<meta name=\"viewport\">` element or the `[maximum-scale]` attribute is less than 5.","scoringMode":"binary","details":{"header":{"text":"View failing elements","type":"text"},"type":"list","items":[{"snippet":"<meta name=\"viewport\" content=\"width=device-width,initial-scale=1,maximum-scale=1,minimum-scale=1,user-scalable=no\">","path":"1,HTML,1,HEAD,1,META","selector":"meta[name=\"viewport\"]","type":"node"}]}},"score":0,"weight":3,"id":"meta-viewport","group":"a11y-meta"},{"result":{"displayValue":"","score":false,"helpText":"Screen readers cannot translate non-text content. Adding alt text to `<object>` elements helps screen readers convey meaning to users. [Learn more](https://dequeuniversity.com/rules/axe/2.2/object-alt?application=lighthouse).","rawValue":false,"name":"object-alt","description":"`<object>` elements do not have `[alt]` text","scoringMode":"binary","informative":true,"notApplicable":true},"score":100,"weight":0,"id":"object-alt","group":"a11y-describe-contents"},{"result":{"displayValue":"","score":true,"helpText":"A value greater than 0 implies an explicit navigation ordering. Although technically valid, this often creates frustrating experiences for users who rely on assistive technologies. [Learn more](https://dequeuniversity.com/rules/axe/2.2/tabindex?application=lighthouse).","rawValue":true,"extendedInfo":{},"name":"tabindex","description":"No element has a `[tabindex]` value greater than 0","scoringMode":"binary","details":{"header":{"text":"View failing elements","type":"text"},"type":"list","items":[]}},"score":100,"weight":4,"id":"tabindex","group":"a11y-correct-attributes"},{"result":{"displayValue":"","score":false,"helpText":"Screen readers have features to make navigating tables easier. Ensuring `<td>` cells using the `[headers]` attribute only refer to other cells in the same table may improve the experience for screen reader users. [Learn more](https://dequeuniversity.com/rules/axe/2.2/td-headers-attr?application=lighthouse).","rawValue":false,"name":"td-headers-attr","description":"Cells in a `<table>` element that use the `[headers]` attribute refers to other cells of that same table.","scoringMode":"binary","informative":true,"notApplicable":true},"score":100,"weight":0,"id":"td-headers-attr","group":"a11y-correct-attributes"},{"result":{"displayValue":"","score":false,"helpText":"Screen readers have features to make navigating tables easier. Ensuring table headers always refer to some set of cells may improve the experience for screen reader users. [Learn more](https://dequeuniversity.com/rules/axe/2.2/th-has-data-cells?application=lighthouse).","rawValue":false,"name":"th-has-data-cells","description":"`<th>` elements and elements with `[role=\"columnheader\"/\"rowheader\"]` do not have data cells they describe.","scoringMode":"binary","informative":true,"notApplicable":true},"score":100,"weight":0,"id":"th-has-data-cells","group":"a11y-correct-attributes"},{"result":{"displayValue":"","score":false,"helpText":"Specifying a valid [BCP 47 language](https://www.w3.org/International/questions/qa-choosing-language-tags#question) on elements helps ensure that text is pronounced correctly by a screen reader. [Learn more](https://dequeuniversity.com/rules/axe/2.2/valid-lang?application=lighthouse).","rawValue":false,"name":"valid-lang","description":"`[lang]` attributes do not have a valid value","scoringMode":"binary","informative":true,"notApplicable":true},"score":100,"weight":0,"id":"valid-lang","group":"a11y-language"},{"result":{"displayValue":"","score":false,"helpText":"When a video provides a caption it is easier for deaf and hearing impaired users to access its information. [Learn more](https://dequeuniversity.com/rules/axe/2.2/video-caption?application=lighthouse).","rawValue":false,"name":"video-caption","description":"`<video>` elements do not contain a `<track>` element with `[kind=\"captions\"]`.","scoringMode":"binary","informative":true,"notApplicable":true},"score":100,"weight":0,"id":"video-caption","group":"a11y-describe-contents"},{"result":{"displayValue":"","score":false,"helpText":"Audio descriptions provide relevant information for videos that dialogue cannot, such as facial expressions and scenes. [Learn more](https://dequeuniversity.com/rules/axe/2.2/video-description?application=lighthouse).","rawValue":false,"name":"video-description","description":"`<video>` elements do not contain a `<track>` element with `[kind=\"description\"]`.","scoringMode":"binary","informative":true,"notApplicable":true},"score":100,"weight":0,"id":"video-description","group":"a11y-describe-contents"},{"result":{"displayValue":"","score":false,"helpText":"Tabbing through the page follows the visual layout. Users cannot focus elements that are offscreen. [Learn more](https://developers.google.com/web/fundamentals/accessibility/how-to-review#start_with_the_keyboard).","rawValue":false,"name":"logical-tab-order","description":"The page has a logical tab order","scoringMode":"binary","informative":true,"manual":true},"score":0,"weight":0,"id":"logical-tab-order","group":"manual-a11y-checks"},{"result":{"displayValue":"","score":false,"helpText":"Custom interactive controls are keyboard focusable and display a focus indicator. [Learn more](https://developers.google.com/web/fundamentals/accessibility/how-to-review#start_with_the_keyboard).","rawValue":false,"name":"focusable-controls","description":"Interactive controls are keyboard focusable","scoringMode":"binary","informative":true,"manual":true},"score":0,"weight":0,"id":"focusable-controls","group":"manual-a11y-checks"},{"result":{"displayValue":"","score":false,"helpText":"If new content, such as a dialog, is added to the page, the user's focus is directed to it. [Learn more](https://developers.google.com/web/fundamentals/accessibility/how-to-review#start_with_the_keyboard).","rawValue":false,"name":"managed-focus","description":"The user's focus is directed to new content added to the page","scoringMode":"binary","informative":true,"manual":true},"score":0,"weight":0,"id":"managed-focus","group":"manual-a11y-checks"},{"result":{"displayValue":"","score":false,"helpText":"A user can tab into and out of any control or region without accidentally trapping their focus. [Learn more](https://developers.google.com/web/fundamentals/accessibility/how-to-review#start_with_the_keyboard).","rawValue":false,"name":"focus-traps","description":"User focus is not accidentally trapped in a region","scoringMode":"binary","informative":true,"manual":true},"score":0,"weight":0,"id":"focus-traps","group":"manual-a11y-checks"},{"result":{"displayValue":"","score":false,"helpText":"Custom interactive controls have associated labels, provided by aria-label or aria-labelledby. [Learn more](https://developers.google.com/web/fundamentals/accessibility/how-to-review#try_it_with_a_screen_reader).","rawValue":false,"name":"custom-controls-labels","description":"Custom controls have associated labels","scoringMode":"binary","informative":true,"manual":true},"score":0,"weight":0,"id":"custom-controls-labels","group":"manual-a11y-checks"},{"result":{"displayValue":"","score":false,"helpText":"Custom interactive controls have appropriate ARIA roles. [Learn more](https://developers.google.com/web/fundamentals/accessibility/how-to-review#try_it_with_a_screen_reader).","rawValue":false,"name":"custom-controls-roles","description":"Custom controls have ARIA roles","scoringMode":"binary","informative":true,"manual":true},"score":0,"weight":0,"id":"custom-controls-roles","group":"manual-a11y-checks"},{"result":{"displayValue":"","score":false,"helpText":"DOM order matches the visual order, improving navigation for assistive technology. [Learn more](https://developers.google.com/web/fundamentals/accessibility/how-to-review#try_it_with_a_screen_reader).","rawValue":false,"name":"visual-order-follows-dom","description":"Visual order on the page follows DOM order","scoringMode":"binary","informative":true,"manual":true},"score":0,"weight":0,"id":"visual-order-follows-dom","group":"manual-a11y-checks"},{"result":{"displayValue":"","score":false,"helpText":"Offscreen content is hidden with display: none or aria-hidden=true. [Learn more](https://developers.google.com/web/fundamentals/accessibility/how-to-review#try_it_with_a_screen_reader).","rawValue":false,"name":"offscreen-content-hidden","description":"Offscreen content is hidden from assistive technology","scoringMode":"binary","informative":true,"manual":true},"score":0,"weight":0,"id":"offscreen-content-hidden","group":"manual-a11y-checks"},{"result":{"displayValue":"","score":false,"helpText":"Headings are used to create an outline for the page and heading levels are not skipped. [Learn more](https://developers.google.com/web/fundamentals/accessibility/how-to-review#take_advantage_of_headings_and_landmarks).","rawValue":false,"name":"heading-levels","description":"Headings don't skip levels","scoringMode":"binary","informative":true,"manual":true},"score":0,"weight":0,"id":"heading-levels","group":"manual-a11y-checks"},{"result":{"displayValue":"","score":false,"helpText":"Landmark elements (<main>, <nav>, etc.) are used to improve the keyboard navigation of the page for assistive technology. [Learn more](https://developers.google.com/web/fundamentals/accessibility/how-to-review#take_advantage_of_headings_and_landmarks).","rawValue":false,"name":"use-landmarks","description":"HTML5 landmark elements are used to improve navigation","scoringMode":"binary","informative":true,"manual":true},"score":0,"weight":0,"id":"use-landmarks","group":"manual-a11y-checks"}]},{"score":86.66666666666667,"name":"Best Practices","description":"We've compiled some recommendations for modernizing your web app and avoiding performance pitfalls.","id":"best-practices","audits":[{"result":{"displayValue":"","score":true,"debugString":"","helpText":"Application Cache is deprecated. [Learn more](https://developers.google.com/web/tools/lighthouse/audits/appcache).","rawValue":true,"name":"appcache-manifest","description":"Avoids Application Cache","scoringMode":"binary"},"score":100,"weight":1,"id":"appcache-manifest"},{"result":{"displayValue":"","score":true,"debugString":"","helpText":"Web SQL is deprecated. Consider using IndexedDB instead. [Learn more](https://developers.google.com/web/tools/lighthouse/audits/web-sql).","rawValue":true,"name":"no-websql","description":"Avoids WebSQL DB","scoringMode":"binary"},"score":100,"weight":1,"id":"no-websql"},{"result":{"displayValue":"5 requests were not handled over HTTP/2","score":false,"helpText":"HTTP/2 offers many benefits over HTTP/1.1, including binary headers, multiplexing, and server push. [Learn more](https://developers.google.com/web/tools/lighthouse/audits/http2).","rawValue":false,"extendedInfo":{"value":{"results":[{"protocol":"http/1.1","url":"http://web/"},{"protocol":"http/1.1","url":"http://web/static/js/manifest.9f020e973ae4037504f6.js"},{"protocol":"http/1.1","url":"http://web/static/js/vendor.d1efda22f11e965a5228.js"},{"protocol":"http/1.1","url":"http://web/static/js/app.310cd52123c59f9f64a5.js"},{"protocol":"http/1.1","url":"http://web/static/css/app.a1bcfeb0daa2a3f727390086fd42ee9d.css"}]}},"name":"uses-http2","description":"Does not use HTTP/2 for all of its resources","scoringMode":"binary","details":{"itemHeaders":[{"itemType":"url","text":"URL","type":"text"},{"itemType":"text","text":"Protocol","type":"text"}],"header":"View Details","type":"table","items":[[{"text":"http://web/","type":"url"},{"text":"http/1.1","type":"text"}],[{"text":"http://web/static/js/manifest.9f020e973ae4037504f6.js","type":"url"},{"text":"http/1.1","type":"text"}],[{"text":"http://web/static/js/vendor.d1efda22f11e965a5228.js","type":"url"},{"text":"http/1.1","type":"text"}],[{"text":"http://web/static/js/app.310cd52123c59f9f64a5.js","type":"url"},{"text":"http/1.1","type":"text"}],[{"text":"http://web/static/css/app.a1bcfeb0daa2a3f727390086fd42ee9d.css","type":"url"},{"text":"http/1.1","type":"text"}]]}},"score":0,"weight":1,"id":"uses-http2"},{"result":{"displayValue":"","score":true,"helpText":"Consider marking your touch and wheel event listeners as `passive` to improve your page's scroll performance. [Learn more](https://developers.google.com/web/tools/lighthouse/audits/passive-event-listeners).","rawValue":true,"extendedInfo":{"value":[]},"name":"uses-passive-event-listeners","description":"Uses passive listeners to improve scrolling performance","scoringMode":"binary","details":{"itemHeaders":[{"itemType":"url","text":"URL","type":"text"},{"itemType":"text","text":"Location","type":"text"}],"header":"View Details","type":"table","items":[]}},"score":100,"weight":1,"id":"uses-passive-event-listeners"},{"result":{"displayValue":"","score":true,"helpText":"Mutation Events are deprecated and harm performance. Consider using Mutation Observers instead. [Learn more](https://developers.google.com/web/tools/lighthouse/audits/mutation-events).","rawValue":true,"extendedInfo":{"value":{"results":[]}},"name":"no-mutation-events","description":"Avoids Mutation Events in its own scripts","scoringMode":"binary","details":{"itemHeaders":[{"itemType":"url","text":"URL","type":"text"},{"itemType":"code","text":"Event","type":"text"},{"itemType":"text","text":"Line","type":"text"},{"itemType":"text","text":"Col","type":"text"},{"itemType":"code","text":"Snippet","type":"text"}],"header":"View Details","type":"table","items":[]}},"score":100,"weight":1,"id":"no-mutation-events"},{"result":{"displayValue":"","score":true,"helpText":"For users on slow connections, external scripts dynamically injected via `document.write()` can delay page load by tens of seconds. [Learn more](https://developers.google.com/web/tools/lighthouse/audits/document-write).","rawValue":true,"extendedInfo":{"value":[]},"name":"no-document-write","description":"Avoids `document.write()`","scoringMode":"binary","details":{"itemHeaders":[{"itemType":"url","text":"URL","type":"text"},{"itemType":"text","text":"Location","type":"text"}],"header":"View Details","type":"table","items":[]}},"score":100,"weight":1,"id":"no-document-write"},{"result":{"displayValue":"","score":true,"helpText":"Open new tabs using `rel=\"noopener\"` to improve performance and prevent security vulnerabilities. [Learn more](https://developers.google.com/web/tools/lighthouse/audits/noopener).","rawValue":true,"extendedInfo":{"value":[]},"name":"external-anchors-use-rel-noopener","description":"Opens external anchors using `rel=\"noopener\"`","scoringMode":"binary","details":{"itemHeaders":[{"itemType":"url","text":"URL","type":"text"},{"itemType":"text","text":"Target","type":"text"},{"itemType":"text","text":"Rel","type":"text"}],"header":"View Details","type":"table","items":[]}},"score":100,"weight":1,"id":"external-anchors-use-rel-noopener"},{"result":{"displayValue":"","score":true,"helpText":"Users are mistrustful of or confused by sites that request their location without context. Consider tying the request to user gestures instead. [Learn more](https://developers.google.com/web/tools/lighthouse/audits/geolocation-on-load).","rawValue":true,"extendedInfo":{"value":[]},"name":"geolocation-on-start","description":"Avoids requesting the geolocation permission on page load","scoringMode":"binary","details":{"itemHeaders":[{"itemType":"url","text":"URL","type":"text"},{"itemType":"text","text":"Location","type":"text"}],"header":"View Details","type":"table","items":[]}},"score":100,"weight":1,"id":"geolocation-on-start"},{"result":{"displayValue":"","score":true,"helpText":"Some third-party scripts may contain known security vulnerabilities  that are easily identified and exploited by attackers.","rawValue":true,"name":"no-vulnerable-libraries","description":"Avoids front-end JavaScript libraries with known security vulnerabilities","scoringMode":"binary"},"score":100,"weight":1,"id":"no-vulnerable-libraries"},{"result":{"displayValue":"","score":true,"helpText":"Users are mistrustful of or confused by sites that request to send notifications without context. Consider tying the request to user gestures instead. [Learn more](https://developers.google.com/web/tools/lighthouse/audits/notifications-on-load).","rawValue":true,"extendedInfo":{"value":[]},"name":"notification-on-start","description":"Avoids requesting the notification permission on page load","scoringMode":"binary","details":{"itemHeaders":[{"itemType":"url","text":"URL","type":"text"},{"itemType":"text","text":"Location","type":"text"}],"header":"View Details","type":"table","items":[]}},"score":100,"weight":1,"id":"notification-on-start"},{"result":{"displayValue":"","score":true,"helpText":"Deprecated APIs will eventually be removed from the browser. [Learn more](https://www.chromestatus.com/features#deprecated).","rawValue":true,"extendedInfo":{"value":[]},"name":"deprecations","description":"Avoids deprecated APIs","scoringMode":"binary","details":{"itemHeaders":[{"itemType":"code","text":"Deprecation / Warning","type":"text"},{"itemType":"url","text":"URL","type":"text"},{"itemType":"text","text":"Line","type":"text"}],"header":"View Details","type":"table","items":[]}},"score":100,"weight":1,"id":"deprecations"},{"result":{"displayValue":"","score":false,"helpText":"Make your app's `short_name` fewer than 12 characters to ensure that it's not truncated on homescreens. [Learn more](https://developers.google.com/web/tools/lighthouse/audits/manifest-short_name-is-not-truncated).","rawValue":false,"name":"manifest-short-name-length","description":"Manifest's `short_name` will be truncated when displayed on homescreen","scoringMode":"binary"},"score":0,"weight":1,"id":"manifest-short-name-length"},{"result":{"displayValue":"","score":true,"helpText":"Preventing password pasting undermines good security policy. [Learn more](https://www.ncsc.gov.uk/blog-post/let-them-paste-passwords)","rawValue":true,"extendedInfo":{"value":[]},"name":"password-inputs-can-be-pasted-into","description":"Allows users to paste into password fields","scoringMode":"binary","details":{"header":{"text":"Password inputs that prevent pasting into","type":"text"},"type":"list","items":[]}},"score":100,"weight":1,"id":"password-inputs-can-be-pasted-into"},{"result":{"displayValue":"","score":true,"helpText":"Errors logged to the console indicate unresolved problems. They can come from network request failures and other browser concerns.","rawValue":0,"name":"errors-in-console","description":"No browser errors logged to the console","scoringMode":"binary","details":{"itemHeaders":[{"itemType":"url","text":"URL","type":"text"},{"itemType":"code","text":"Description","type":"text"}],"header":"View Details","type":"table","items":[]}},"score":100,"weight":1,"id":"errors-in-console"},{"result":{"displayValue":"","score":true,"helpText":"Image display dimensions should match natural aspect ratio.","rawValue":true,"name":"image-aspect-ratio","description":"Displays images with correct aspect ratio","scoringMode":"binary","details":{"itemHeaders":[{"itemType":"thumbnail","text":"","type":"text"},{"itemType":"url","text":"URL","type":"text"},{"itemType":"text","text":"Aspect Ratio (Displayed)","type":"text"},{"itemType":"text","text":"Aspect Ratio (Actual)","type":"text"}],"header":"View Details","type":"table","items":[]}},"score":100,"weight":1,"id":"image-aspect-ratio"}]},{"score":50,"name":"SEO","description":"These checks ensure that your page is optimized for search engine results ranking. There are additional factors Lighthouse does not check that may affect your search ranking. [Learn more](https://support.google.com/webmasters/answer/35769).","id":"seo","audits":[{"result":{"displayValue":"","score":true,"debugString":"","helpText":"Add a viewport meta tag to optimize your app for mobile screens. [Learn more](https://developers.google.com/web/tools/lighthouse/audits/has-viewport-meta-tag).","rawValue":true,"name":"viewport","description":"Has a `<meta name=\"viewport\">` tag with `width` or `initial-scale`","scoringMode":"binary"},"score":100,"weight":1,"id":"viewport","group":"seo-mobile"},{"result":{"displayValue":"","score":true,"helpText":"The title gives screen reader users an overview of the page, and search engine users rely on it heavily to determine if a page is relevant to their search. [Learn more](https://developers.google.com/web/tools/lighthouse/audits/title).","rawValue":true,"extendedInfo":{},"name":"document-title","description":"Document has a `<title>` element","scoringMode":"binary","details":{"header":{"text":"View failing elements","type":"text"},"type":"list","items":[]}},"score":100,"weight":1,"id":"document-title","group":"seo-content"},{"result":{"displayValue":"","score":false,"helpText":"Meta descriptions may be included in search results to concisely summarize page content. [Learn more](https://developers.google.com/web/tools/lighthouse/audits/description).","rawValue":false,"name":"meta-description","description":"Document does not have a meta description","scoringMode":"binary"},"score":0,"weight":1,"id":"meta-description","group":"seo-content"},{"result":{"displayValue":"","score":null,"debugString":"Audit error: Unable to identify the main resource","helpText":"Pages with unsuccessful HTTP status codes may not be indexed properly. [Learn more](https://developers.google.com/web/tools/lighthouse/audits/successful-http-code).","rawValue":null,"name":"http-status-code","description":"Page has unsuccessful HTTP status code","scoringMode":"binary","error":true},"score":0,"weight":1,"id":"http-status-code","group":"seo-crawl"},{"result":{"displayValue":"","score":true,"helpText":"Descriptive link text helps search engines understand your content. [Learn more](https://developers.google.com/web/tools/lighthouse/audits/descriptive-link-text).","rawValue":true,"name":"link-text","description":"Links have descriptive text","scoringMode":"binary","details":{"itemHeaders":[{"itemType":"url","text":"Link destination","type":"text"},{"itemType":"text","text":"Link Text","type":"text"}],"header":"View Details","type":"table","items":[]}},"score":100,"weight":1,"id":"link-text","group":"seo-content"},{"result":{"displayValue":"","score":null,"debugString":"Audit error: Unable to identify the main resource","helpText":"Search engines are unable to include your pages in search results if they don't have permission to crawl them. [Learn more](https://developers.google.com/web/tools/lighthouse/audits/indexing).","rawValue":null,"name":"is-crawlable","description":"Page is blocked from indexing","scoringMode":"binary","error":true},"score":0,"weight":1,"id":"is-crawlable","group":"seo-crawl"},{"result":{"displayValue":"","score":null,"debugString":"Audit error: Unable to identify the main resource","helpText":"hreflang allows crawlers to discover alternate translations of the page content. [Learn more](https://support.google.com/webmasters/answer/189077).","rawValue":null,"name":"hreflang","description":"Document doesn't have a valid `hreflang`","scoringMode":"binary","error":true},"score":0,"weight":1,"id":"hreflang","group":"seo-content"},{"result":{"displayValue":"","score":null,"debugString":"Audit error: Unable to identify the main resource","helpText":"Canonical links suggest which URL to show in search results. [Learn more](https://developers.google.com/web/tools/lighthouse/audits/canonical).","rawValue":null,"name":"canonical","description":"Document does not have a valid `rel=canonical`","scoringMode":"binary","error":true},"score":0,"weight":1,"id":"canonical","group":"seo-content"},{"result":{"displayValue":"","score":true,"debugString":null,"helpText":"Font sizes less than 12px are too small to be legible and require mobile visitors to \u201cpinch to zoom\u201d in order to read. Strive to have >60% of page text ≥12px. [Learn more](https://developers.google.com/web/tools/lighthouse/audits/font-sizes).","rawValue":true,"name":"font-size","description":"Document uses legible font sizes","scoringMode":"binary","details":{"itemHeaders":[{"itemType":"url","text":"Source","type":"text"},{"itemType":"code","text":"Selector","type":"text"},{"itemType":"text","text":"% of Page Text","type":"text"},{"itemType":"text","text":"Font Size","type":"text"}],"header":"View Details","type":"table","items":[[{"text":"Legible text","type":"url"},{"text":null,"type":"code"},{"text":"100.00%","type":"text"},{"text":"≥ 12px","type":"text"}]]}},"score":100,"weight":1,"id":"font-size","group":"seo-mobile"},{"result":{"displayValue":"","score":true,"helpText":"Most mobile devices do not support plugins, and many desktop browsers restrict them.","rawValue":true,"name":"plugins","description":"Document avoids plugins","scoringMode":"binary","details":{"itemHeaders":[{"itemType":"code","text":"Element source","type":"text"}],"header":"View Details","type":"table","items":[]}},"score":100,"weight":1,"id":"plugins","group":"seo-content"},{"result":{"displayValue":"","score":false,"helpText":"Take the [Mobile-Friendly Test](https://search.google.com/test/mobile-friendly) to check for audits not covered by Lighthouse, like sizing tap targets appropriately. [Learn more](https://developers.google.com/search/mobile-sites/).","rawValue":false,"name":"mobile-friendly","description":"Page is mobile friendly","scoringMode":"binary","informative":true,"manual":true},"score":0,"weight":0,"id":"mobile-friendly","group":"manual-seo-checks"},{"result":{"displayValue":"","score":false,"helpText":"Run the [Structured Data Testing Tool](https://search.google.com/structured-data/testing-tool/) and the [Structured Data Linter](http://linter.structured-data.org/) to validate structured data. [Learn more](https://developers.google.com/search/docs/guides/mark-up-content).","rawValue":false,"name":"structured-data","description":"Structured data is valid","scoringMode":"binary","informative":true,"manual":true},"score":0,"weight":0,"id":"structured-data","group":"manual-seo-checks"}]}],"timing":{"total":19151},"reportGroups":{"a11y-color-contrast":{"description":"These are opportunities to improve the legibility of your content.","title":"Color Contrast Is Satisfactory"},"perf-metric":{"description":"These metrics encapsulate your web app's performance across a number of dimensions.","title":"Metrics"},"a11y-aria":{"description":"These are opportunities to improve the usage of ARIA in your application which may enhance the experience for users of assistive technology, like a screen reader.","title":"ARIA Attributes Follow Best Practices"},"a11y-element-names":{"description":"These are opportunities to improve the semantics of the controls in your application. This may enhance the experience for users of assistive technology, like a screen reader.","title":"Elements Have Discernible Names"},"a11y-well-structured":{"description":"These are opportunities to make sure your HTML is appropriately structured.","title":"Elements Are Well Structured"},"seo-content":{"description":"Format your HTML in a way that enables crawlers to better understand your app\u2019s content.","title":"Content Best Practices"},"a11y-correct-attributes":{"description":"These are opportunities to improve the configuration of your HTML elements.","title":"Elements Use Attributes Correctly"},"perf-hint":{"description":"These are opportunities to speed up your application by optimizing the following resources.","title":"Opportunities"},"seo-crawl":{"description":"To appear in search results, crawlers need access to your app.","title":"Crawling and Indexing"},"a11y-describe-contents":{"description":"These are opportunities to make your content easier to understand for a user of assistive technology, like a screen reader.","title":"Elements Describe Contents Well"},"a11y-language":{"description":"These are opportunities to improve the interpretation of your content by users in different locales.","title":"Page Specifies Valid Language"},"manual-a11y-checks":{"description":"These items address areas which an automated testing tool cannot cover. Learn more in our guide on [conducting an accessibility review](https://developers.google.com/web/fundamentals/accessibility/how-to-review).","title":"Additional items to manually check"},"seo-mobile":{"description":"Make sure your pages are mobile friendly so users don\u2019t have to pinch or zoom in order to read the content pages. [Learn more](https://developers.google.com/search/mobile-sites/).","title":"Mobile Friendly"},"perf-info":{"description":"More information about the performance of your application.","title":"Diagnostics"},"manual-pwa-checks":{"description":"These checks are required by the baseline [PWA Checklist](https://developers.google.com/web/progressive-web-apps/checklist) but are not automatically checked by Lighthouse. They do not affect your score but it's important that you verify them manually.","title":"Additional items to manually check"},"a11y-meta":{"description":"These are opportunities to improve the user experience of your site.","title":"Meta Tags Used Properly"},"manual-seo-checks":{"description":"Run these additional validators on your site to check additional SEO best practices.","title":"Additional items to manually check"}},"runWarnings":[],"userAgent":"Mozilla/5.0 (X11; Linux x86_64) AppleWebKit/537.36 (KHTML, like Gecko) HeadlessChrome/69.0.3458.0 Safari/537.36","runtimeConfig":{"blockedUrlPatterns":[],"environment":[{"name":"Device Emulation","description":"Nexus 5X","enabled":true},{"name":"Network Throttling","description":"562.5ms RTT, 1.4Mbps down, 0.7Mbps up","enabled":true},{"name":"CPU Throttling","description":"4x slowdown","enabled":true}],"extraHeaders":{}},"lighthouseVersion":"2.9.4","audits":{"plugins":{"displayValue":"","score":true,"helpText":"Most mobile devices do not support plugins, and many desktop browsers restrict them.","rawValue":true,"name":"plugins","description":"Document avoids plugins","scoringMode":"binary","details":{"itemHeaders":[{"itemType":"code","text":"Element source","type":"text"}],"header":"View Details","type":"table","items":[]}},"aria-required-parent":{"displayValue":"","score":false,"helpText":"Some ARIA child roles must be contained by specific parent roles to properly perform their intended accessibility functions. [Learn more](https://dequeuniversity.com/rules/axe/2.2/aria-required-parent?application=lighthouse).","rawValue":false,"name":"aria-required-parent","description":"`[role]`s are not contained by their required parent element","scoringMode":"binary","informative":true,"notApplicable":true},"custom-controls-labels":{"displayValue":"","score":false,"helpText":"Custom interactive controls have associated labels, provided by aria-label or aria-labelledby. [Learn more](https://developers.google.com/web/fundamentals/accessibility/how-to-review#try_it_with_a_screen_reader).","rawValue":false,"name":"custom-controls-labels","description":"Custom controls have associated labels","scoringMode":"binary","informative":true,"manual":true},"link-name":{"displayValue":"","score":true,"helpText":"Link text (and alternate text for images, when used as links) that is discernible, unique, and focusable improves the navigation experience for screen reader users. [Learn more](https://dequeuniversity.com/rules/axe/2.2/link-name?application=lighthouse).","rawValue":true,"extendedInfo":{},"name":"link-name","description":"Links have a discernible name","scoringMode":"binary","details":{"header":{"text":"View failing elements","type":"text"},"type":"list","items":[]}},"offscreen-images":{"displayValue":"","score":100,"helpText":"Consider lazy-loading offscreen and hidden images to improve page load speed and time to interactive. [Learn more](https://developers.google.com/web/tools/lighthouse/audits/offscreen-images).","rawValue":0,"extendedInfo":{"value":{"wastedKb":0,"wastedMs":0,"results":[]}},"name":"offscreen-images","description":"Offscreen images","scoringMode":"binary","informative":true,"details":{"itemHeaders":[{"itemType":"thumbnail","text":"","type":"text"},{"itemType":"url","text":"URL","type":"text"},{"itemType":"text","text":"Original","type":"text"},{"itemType":"text","text":"Potential Savings","type":"text"}],"header":"View Details","type":"table","items":[]}},"first-interactive":{"displayValue":"6,460 ms","score":71,"helpText":"First Interactive marks the time at which the page is minimally interactive. [Learn more](https://developers.google.com/web/tools/lighthouse/audits/first-interactive).","rawValue":6460.149,"extendedInfo":{"value":{"timeInMs":6460.149,"timestamp":8650059653847}},"name":"first-interactive","description":"First Interactive (beta)","scoringMode":"numeric"},"button-name":{"displayValue":"","score":false,"helpText":"When a button doesn't have an accessible name, screen readers announce it as \"button\", making it unusable for users who rely on screen readers. [Learn more](https://dequeuniversity.com/rules/axe/2.2/button-name?application=lighthouse).","rawValue":false,"extendedInfo":{"value":{"help":"Buttons must have discernible text","nodes":[{"failureSummary":"Fix all of the following:\n  Element is in tab order and does not have accessible text\n\nFix any of the following:\n  Element has a value attribute and the value attribute is empty\n  Element has no value attribute or the value attribute is empty\n  Element does not have inner text that is visible to screen readers\n  aria-label attribute does not exist or is empty\n  aria-labelledby attribute does not exist, references elements that do not exist or references elements that are empty or not visible\n  Element's default semantics were not overridden with role=\"presentation\"\n  Element's default semantics were not overridden with role=\"none\"","snippet":"<button type=\"button\" class=\"toolbar__side-icon btn btn--icon\">","path":"1,HTML,2,BODY,0,MAIN,0,DIV,1,DIV,2,NAV,0,DIV,0,BUTTON","impact":"critical","html":"<button type=\"button\" class=\"toolbar__side-icon btn btn--icon\"><div class=\"btn__content\"><i aria-hidden=\"true\" class=\"icon material-icons\">menu<\/i><\/div><\/button>","target":[".toolbar__side-icon"]},{"failureSummary":"Fix all of the following:\n  Element is in tab order and does not have accessible text\n\nFix any of the following:\n  Element has a value attribute and the value attribute is empty\n  Element has no value attribute or the value attribute is empty\n  Element does not have inner text that is visible to screen readers\n  aria-label attribute does not exist or is empty\n  aria-labelledby attribute does not exist, references elements that do not exist or references elements that are empty or not visible\n  Element's default semantics were not overridden with role=\"presentation\"\n  Element's default semantics were not overridden with role=\"none\"","snippet":"<button type=\"button\" class=\"btn btn--icon\">","path":"1,HTML,2,BODY,0,MAIN,0,DIV,1,DIV,2,NAV,0,DIV,4,SPAN,0,SPAN,0,BUTTON","impact":"critical","html":"<button type=\"button\" class=\"btn btn--icon\"><div class=\"btn__content\"><i aria-hidden=\"true\" class=\"icon fa fa-sign-out\"><\/i><\/div><\/button>","target":["span > .btn--icon"]}],"impact":"critical","description":"Ensures buttons have discernible text","helpUrl":"https://dequeuniversity.com/rules/axe/3.0/button-name?application=axeAPI","id":"button-name","tags":["cat.name-role-value","wcag2a","wcag412","section508","section508.22.a"]}},"name":"button-name","description":"Buttons do not have an accessible name","scoringMode":"binary","details":{"header":{"text":"View failing elements","type":"text"},"type":"list","items":[{"snippet":"<button type=\"button\" class=\"toolbar__side-icon btn btn--icon\">","path":"1,HTML,2,BODY,0,MAIN,0,DIV,1,DIV,2,NAV,0,DIV,0,BUTTON","selector":".toolbar__side-icon","type":"node"},{"snippet":"<button type=\"button\" class=\"btn btn--icon\">","path":"1,HTML,2,BODY,0,MAIN,0,DIV,1,DIV,2,NAV,0,DIV,4,SPAN,0,SPAN,0,BUTTON","selector":"span > .btn--icon","type":"node"}]}},"unminified-css":{"displayValue":"","score":100,"helpText":"Minifying CSS files can reduce network payload sizes. [Learn more](https://developers.google.com/speed/docs/insights/MinifyResources).","rawValue":0,"extendedInfo":{"value":{"wastedKb":0,"wastedMs":0,"results":[]}},"name":"unminified-css","description":"Minify CSS","scoringMode":"binary","informative":true,"details":{"itemHeaders":[{"itemType":"url","text":"URL","type":"text"},{"itemType":"text","text":"Original","type":"text"},{"itemType":"text","text":"Potential Savings","type":"text"}],"header":"View Details","type":"table","items":[]}},"input-image-alt":{"displayValue":"","score":false,"helpText":"When an image is being used as an `<input>` button, providing alternative text can help screen reader users understand the purpose of the button. [Learn more](https://dequeuniversity.com/rules/axe/2.2/input-image-alt?application=lighthouse).","rawValue":false,"name":"input-image-alt","description":"`<input type=\"image\">` elements do not have `[alt]` text","scoringMode":"binary","informative":true,"notApplicable":true},"uses-http2":{"displayValue":"5 requests were not handled over HTTP/2","score":false,"helpText":"HTTP/2 offers many benefits over HTTP/1.1, including binary headers, multiplexing, and server push. [Learn more](https://developers.google.com/web/tools/lighthouse/audits/http2).","rawValue":false,"extendedInfo":{"value":{"results":[{"protocol":"http/1.1","url":"http://web/"},{"protocol":"http/1.1","url":"http://web/static/js/manifest.9f020e973ae4037504f6.js"},{"protocol":"http/1.1","url":"http://web/static/js/vendor.d1efda22f11e965a5228.js"},{"protocol":"http/1.1","url":"http://web/static/js/app.310cd52123c59f9f64a5.js"},{"protocol":"http/1.1","url":"http://web/static/css/app.a1bcfeb0daa2a3f727390086fd42ee9d.css"}]}},"name":"uses-http2","description":"Does not use HTTP/2 for all of its resources","scoringMode":"binary","details":{"itemHeaders":[{"itemType":"url","text":"URL","type":"text"},{"itemType":"text","text":"Protocol","type":"text"}],"header":"View Details","type":"table","items":[[{"text":"http://web/","type":"url"},{"text":"http/1.1","type":"text"}],[{"text":"http://web/static/js/manifest.9f020e973ae4037504f6.js","type":"url"},{"text":"http/1.1","type":"text"}],[{"text":"http://web/static/js/vendor.d1efda22f11e965a5228.js","type":"url"},{"text":"http/1.1","type":"text"}],[{"text":"http://web/static/js/app.310cd52123c59f9f64a5.js","type":"url"},{"text":"http/1.1","type":"text"}],[{"text":"http://web/static/css/app.a1bcfeb0daa2a3f727390086fd42ee9d.css","type":"url"},{"text":"http/1.1","type":"text"}]]}},"th-has-data-cells":{"displayValue":"","score":false,"helpText":"Screen readers have features to make navigating tables easier. Ensuring table headers always refer to some set of cells may improve the experience for screen reader users. [Learn more](https://dequeuniversity.com/rules/axe/2.2/th-has-data-cells?application=lighthouse).","rawValue":false,"name":"th-has-data-cells","description":"`<th>` elements and elements with `[role=\"columnheader\"/\"rowheader\"]` do not have data cells they describe.","scoringMode":"binary","informative":true,"notApplicable":true},"tabindex":{"displayValue":"","score":true,"helpText":"A value greater than 0 implies an explicit navigation ordering. Although technically valid, this often creates frustrating experiences for users who rely on assistive technologies. [Learn more](https://dequeuniversity.com/rules/axe/2.2/tabindex?application=lighthouse).","rawValue":true,"extendedInfo":{},"name":"tabindex","description":"No element has a `[tabindex]` value greater than 0","scoringMode":"binary","details":{"header":{"text":"View failing elements","type":"text"},"type":"list","items":[]}},"uses-long-cache-ttl":{"displayValue":"0 assets found","score":100,"helpText":"A long cache lifetime can speed up repeat visits to your page. [Learn more](https://developers.google.com/web/fundamentals/performance/optimizing-content-efficiency/http-caching#cache-control).","rawValue":0,"extendedInfo":{"value":{"queryStringCount":0,"results":[]}},"name":"uses-long-cache-ttl","description":"Uses efficient cache policy on static assets","scoringMode":"numeric","details":{"itemHeaders":[{"itemType":"url","text":"URL","type":"text"},{"itemType":"text","text":"Cache TTL","type":"text"},{"itemType":"text","text":"Size (KB)","type":"text"}],"header":"View Details","type":"table","items":[]}},"without-javascript":{"displayValue":"","score":false,"debugString":"The page body should render some content if its scripts are not available.","helpText":"Your app should display some content when JavaScript is disabled, even if it's just a warning to the user that JavaScript is required to use the app. [Learn more](https://developers.google.com/web/tools/lighthouse/audits/no-js).","rawValue":false,"name":"without-javascript","description":"Does not provide fallback content when JavaScript is not available","scoringMode":"binary"},"uses-responsive-images":{"displayValue":"","score":100,"helpText":"Serve images that are appropriately-sized to save cellular data and improve load time. [Learn more](https://developers.google.com/web/tools/lighthouse/audits/oversized-images).","rawValue":0,"extendedInfo":{"value":{"wastedKb":0,"wastedMs":0,"results":[]}},"name":"uses-responsive-images","description":"Properly size images","scoringMode":"binary","informative":true,"details":{"itemHeaders":[{"itemType":"thumbnail","text":"","type":"text"},{"itemType":"url","text":"URL","type":"text"},{"itemType":"text","text":"Original","type":"text"},{"itemType":"text","text":"Potential Savings","type":"text"}],"header":"View Details","type":"table","items":[]}},"frame-title":{"displayValue":"","score":false,"helpText":"Screen reader users rely on frame titles to describe the contents of frames. [Learn more](https://dequeuniversity.com/rules/axe/2.2/frame-title?application=lighthouse).","rawValue":false,"name":"frame-title","description":"`<frame>` or `<iframe>` elements do not have a title","scoringMode":"binary","informative":true,"notApplicable":true},"link-blocking-first-paint":{"displayValue":"","score":100,"helpText":"External stylesheets are blocking the first paint of your page. Consider delivering critical CSS via `<style>` tags and deferring non-critical styles. [Learn more](https://developers.google.com/web/tools/lighthouse/audits/blocking-resources).","rawValue":0,"extendedInfo":{"value":{"wastedMs":"0 ms","results":[]}},"name":"link-blocking-first-paint","description":"Reduce render-blocking stylesheets","scoringMode":"binary","informative":true,"details":{"itemHeaders":[{"itemType":"url","text":"URL","type":"text"},{"itemType":"text","text":"Size (KB)","type":"text"},{"itemType":"text","text":"Delayed Paint By (ms)","type":"text"}],"header":"View Details","type":"table","items":[]}},"mobile-friendly":{"displayValue":"","score":false,"helpText":"Take the [Mobile-Friendly Test](https://search.google.com/test/mobile-friendly) to check for audits not covered by Lighthouse, like sizing tap targets appropriately. [Learn more](https://developers.google.com/search/mobile-sites/).","rawValue":false,"name":"mobile-friendly","description":"Page is mobile friendly","scoringMode":"binary","informative":true,"manual":true},"script-blocking-first-paint":{"displayValue":"","score":100,"helpText":"Script elements are blocking the first paint of your page. Consider inlining critical scripts and deferring non-critical ones. [Learn more](https://developers.google.com/web/tools/lighthouse/audits/blocking-resources).","rawValue":0,"extendedInfo":{"value":{"wastedMs":"0 ms","results":[]}},"name":"script-blocking-first-paint","description":"Reduce render-blocking scripts","scoringMode":"binary","informative":true,"details":{"itemHeaders":[{"itemType":"url","text":"URL","type":"text"},{"itemType":"text","text":"Size (KB)","type":"text"},{"itemType":"text","text":"Delayed Paint By (ms)","type":"text"}],"header":"View Details","type":"table","items":[]}},"managed-focus":{"displayValue":"","score":false,"helpText":"If new content, such as a dialog, is added to the page, the user's focus is directed to it. [Learn more](https://developers.google.com/web/fundamentals/accessibility/how-to-review#start_with_the_keyboard).","rawValue":false,"name":"managed-focus","description":"The user's focus is directed to new content added to the page","scoringMode":"binary","informative":true,"manual":true},"pwa-cross-browser":{"displayValue":"","score":false,"helpText":"To reach the most number of users, sites should work across every major browser. [Learn more](https://developers.google.com/web/progressive-web-apps/checklist#site-works-cross-browser).","rawValue":false,"name":"pwa-cross-browser","description":"Site works cross-browser","scoringMode":"binary","informative":true,"manual":true},"time-to-first-byte":{"displayValue":"","score":null,"debugString":"Audit error: Cannot read property '_timing' of undefined","helpText":"Time To First Byte identifies the time at which your server sends a response. [Learn more](https://developers.google.com/web/tools/chrome-devtools/network-performance/issues).","rawValue":null,"name":"time-to-first-byte","description":"Keep server response times low (TTFB)","scoringMode":"binary","informative":true,"error":true},"video-description":{"displayValue":"","score":false,"helpText":"Audio descriptions provide relevant information for videos that dialogue cannot, such as facial expressions and scenes. [Learn more](https://dequeuniversity.com/rules/axe/2.2/video-description?application=lighthouse).","rawValue":false,"name":"video-description","description":"`<video>` elements do not contain a `<track>` element with `[kind=\"description\"]`.","scoringMode":"binary","informative":true,"notApplicable":true},"document-title":{"displayValue":"","score":true,"helpText":"The title gives screen reader users an overview of the page, and search engine users rely on it heavily to determine if a page is relevant to their search. [Learn more](https://developers.google.com/web/tools/lighthouse/audits/title).","rawValue":true,"extendedInfo":{},"name":"document-title","description":"Document has a `<title>` element","scoringMode":"binary","details":{"header":{"text":"View failing elements","type":"text"},"type":"list","items":[]}},"external-anchors-use-rel-noopener":{"displayValue":"","score":true,"helpText":"Open new tabs using `rel=\"noopener\"` to improve performance and prevent security vulnerabilities. [Learn more](https://developers.google.com/web/tools/lighthouse/audits/noopener).","rawValue":true,"extendedInfo":{"value":[]},"name":"external-anchors-use-rel-noopener","description":"Opens external anchors using `rel=\"noopener\"`","scoringMode":"binary","details":{"itemHeaders":[{"itemType":"url","text":"URL","type":"text"},{"itemType":"text","text":"Target","type":"text"},{"itemType":"text","text":"Rel","type":"text"}],"header":"View Details","type":"table","items":[]}},"total-byte-weight":{"displayValue":"Total size was 400 KB","score":100,"helpText":"Large network payloads cost users real money and are highly correlated with long load times. [Learn more](https://developers.google.com/web/tools/lighthouse/audits/network-payloads).","rawValue":409855,"extendedInfo":{"value":{"totalCompletedRequests":11,"results":[{"totalKb":"227 KB","totalMs":"1,240 ms","totalBytes":232785,"url":"http://web/static/js/vendor.d1efda22f11e965a5228.js"},{"totalKb":"48 KB","totalMs":"260 ms","totalBytes":49163,"url":"https://fonts.gstatic.com/s/materialicons/v37/flUhRq6tzZclQEJ-Vdg-IuiaDsNc.woff2"},{"totalKb":"46 KB","totalMs":"250 ms","totalBytes":47366,"url":"https://cdnjs.cloudflare.com/ajax/libs/Chart.js/2.7.1/Chart.min.js"},{"totalKb":"32 KB","totalMs":"170 ms","totalBytes":32261,"url":"http://web/static/css/app.a1bcfeb0daa2a3f727390086fd42ee9d.css"},{"totalKb":"15 KB","totalMs":"80 ms","totalBytes":15817,"url":"https://fonts.gstatic.com/s/roboto/v18/KFOlCnqEu92Fr1MmEU9fBBc4.woff2"},{"totalKb":"15 KB","totalMs":"80 ms","totalBytes":15461,"url":"https://fonts.gstatic.com/s/roboto/v18/KFOmCnqEu92Fr1Mu4mxK.woff2"},{"totalKb":"12 KB","totalMs":"70 ms","totalBytes":12691,"url":"http://web/static/js/app.310cd52123c59f9f64a5.js"},{"totalKb":"1 KB","totalMs":"10 ms","totalBytes":1524,"url":"https://unpkg.com/vue-chartjs@3.3.2/dist/vue-chartjs.min.js"},{"totalKb":"1 KB","totalMs":"10 ms","totalBytes":1211,"url":"http://web/"},{"totalKb":"1 KB","totalMs":"10 ms","totalBytes":1171,"url":"http://web/static/js/manifest.9f020e973ae4037504f6.js"}]}},"name":"total-byte-weight","description":"Avoids enormous network payloads","scoringMode":"numeric","details":{"itemHeaders":[{"itemType":"url","text":"URL","type":"text"},{"itemType":"text","text":"Total Size","type":"text"},{"itemType":"text","text":"Transfer Time","type":"text"}],"header":"View Details","type":"table","items":[[{"text":"http://web/static/js/vendor.d1efda22f11e965a5228.js","type":"url"},{"text":"227 KB","type":"text"},{"text":"1,240 ms","type":"text"}],[{"text":"https://fonts.gstatic.com/s/materialicons/v37/flUhRq6tzZclQEJ-Vdg-IuiaDsNc.woff2","type":"url"},{"text":"48 KB","type":"text"},{"text":"260 ms","type":"text"}],[{"text":"https://cdnjs.cloudflare.com/ajax/libs/Chart.js/2.7.1/Chart.min.js","type":"url"},{"text":"46 KB","type":"text"},{"text":"250 ms","type":"text"}],[{"text":"http://web/static/css/app.a1bcfeb0daa2a3f727390086fd42ee9d.css","type":"url"},{"text":"32 KB","type":"text"},{"text":"170 ms","type":"text"}],[{"text":"https://fonts.gstatic.com/s/roboto/v18/KFOlCnqEu92Fr1MmEU9fBBc4.woff2","type":"url"},{"text":"15 KB","type":"text"},{"text":"80 ms","type":"text"}],[{"text":"https://fonts.gstatic.com/s/roboto/v18/KFOmCnqEu92Fr1Mu4mxK.woff2","type":"url"},{"text":"15 KB","type":"text"},{"text":"80 ms","type":"text"}],[{"text":"http://web/static/js/app.310cd52123c59f9f64a5.js","type":"url"},{"text":"12 KB","type":"text"},{"text":"70 ms","type":"text"}],[{"text":"https://unpkg.com/vue-chartjs@3.3.2/dist/vue-chartjs.min.js","type":"url"},{"text":"1 KB","type":"text"},{"text":"10 ms","type":"text"}],[{"text":"http://web/","type":"url"},{"text":"1 KB","type":"text"},{"text":"10 ms","type":"text"}],[{"text":"http://web/static/js/manifest.9f020e973ae4037504f6.js","type":"url"},{"text":"1 KB","type":"text"},{"text":"10 ms","type":"text"}]]}},"logical-tab-order":{"displayValue":"","score":false,"helpText":"Tabbing through the page follows the visual layout. Users cannot focus elements that are offscreen. [Learn more](https://developers.google.com/web/fundamentals/accessibility/how-to-review#start_with_the_keyboard).","rawValue":false,"name":"logical-tab-order","description":"The page has a logical tab order","scoringMode":"binary","informative":true,"manual":true},"meta-refresh":{"displayValue":"","score":false,"helpText":"Users do not expect a page to refresh automatically, and doing so will move focus back to the top of the page. This may create a frustrating or confusing experience. [Learn more](https://dequeuniversity.com/rules/axe/2.2/meta-refresh?application=lighthouse).","rawValue":false,"name":"meta-refresh","description":"The document uses `<meta http-equiv=\"refresh\">`","scoringMode":"binary","informative":true,"notApplicable":true},"deprecations":{"displayValue":"","score":true,"helpText":"Deprecated APIs will eventually be removed from the browser. [Learn more](https://www.chromestatus.com/features#deprecated).","rawValue":true,"extendedInfo":{"value":[]},"name":"deprecations","description":"Avoids deprecated APIs","scoringMode":"binary","details":{"itemHeaders":[{"itemType":"code","text":"Deprecation / Warning","type":"text"},{"itemType":"url","text":"URL","type":"text"},{"itemType":"text","text":"Line","type":"text"}],"header":"View Details","type":"table","items":[]}},"network-requests":{"displayValue":"11","score":100,"helpText":"Lists the network requests that were made during page load.","rawValue":11,"extendedInfo":{"value":[{"transferSize":1211,"startTime":0,"endTime":638.9249991625547,"mimeType":"text/html","url":"http://web/","statusCode":200,"resourceType":"document"},{"transferSize":1171,"startTime":755.621999502182,"endTime":1328.4680005162954,"mimeType":"application/javascript","url":"http://web/static/js/manifest.9f020e973ae4037504f6.js","statusCode":200,"resourceType":"script"},{"transferSize":232785,"startTime":755.7720001786947,"endTime":2917.8979992866516,"mimeType":"application/javascript","url":"http://web/static/js/vendor.d1efda22f11e965a5228.js","statusCode":200,"resourceType":"script"},{"transferSize":12691,"startTime":755.9009995311499,"endTime":1470.6410001963377,"mimeType":"application/javascript","url":"http://web/static/js/app.310cd52123c59f9f64a5.js","statusCode":200,"resourceType":"script"},{"transferSize":47366,"startTime":790.370000526309,"endTime":2162.829000502825,"mimeType":"application/javascript","url":"https://cdnjs.cloudflare.com/ajax/libs/Chart.js/2.7.1/Chart.min.js","statusCode":200,"resourceType":"script"},{"transferSize":405,"startTime":790.8159997314215,"endTime":1663.72200101614,"mimeType":"text/plain","url":"https://unpkg.com/vue-chartjs/dist/vue-chartjs.min.js","statusCode":302},{"transferSize":1524,"startTime":1664.8290008306503,"endTime":2258.2770008593798,"mimeType":"application/javascript","url":"https://unpkg.com/vue-chartjs@3.3.2/dist/vue-chartjs.min.js","statusCode":200,"resourceType":"script"},{"transferSize":32261,"startTime":4527.456000447273,"endTime":5278.87500077486,"mimeType":"text/css","url":"http://web/static/css/app.a1bcfeb0daa2a3f727390086fd42ee9d.css","statusCode":200,"resourceType":"stylesheet"},{"transferSize":15461,"startTime":5458.613000810146,"endTime":6342.342000454664,"mimeType":"font/woff2","url":"https://fonts.gstatic.com/s/roboto/v18/KFOmCnqEu92Fr1Mu4mxK.woff2","statusCode":200,"resourceType":"font"},{"transferSize":49163,"startTime":5458.761001005769,"endTime":6524.431999772787,"mimeType":"font/woff2","url":"https://fonts.gstatic.com/s/materialicons/v37/flUhRq6tzZclQEJ-Vdg-IuiaDsNc.woff2","statusCode":200,"resourceType":"font"},{"transferSize":15817,"startTime":5458.878999575973,"endTime":6334.002999588847,"mimeType":"font/woff2","url":"https://fonts.gstatic.com/s/roboto/v18/KFOlCnqEu92Fr1MmEU9fBBc4.woff2","statusCode":200,"resourceType":"font"}]},"name":"network-requests","description":"Network Requests","scoringMode":"binary","informative":true,"details":{"itemHeaders":[{"itemType":"url","text":"URL","type":"text"},{"itemType":"ms","text":"Start Time","type":"text"},{"itemType":"ms","text":"End Time","type":"text"},{"itemType":"bytes","text":"Transfer Size","type":"text"},{"itemType":"text","text":"Status Code","type":"text"},{"itemType":"text","text":"MIME Type","type":"text"},{"itemType":"text","text":"Resource Type","type":"text"}],"header":"View Details","type":"table","items":[[{"text":"http://web/","type":"url"},{"text":0,"type":"ms"},{"text":638.9249991625547,"type":"ms"},{"text":1211,"type":"bytes"},{"text":200,"type":"text"},{"text":"text/html","type":"text"},{"text":"document","type":"text"}],[{"text":"http://web/static/js/manifest.9f020e973ae4037504f6.js","type":"url"},{"text":755.621999502182,"type":"ms"},{"text":1328.4680005162954,"type":"ms"},{"text":1171,"type":"bytes"},{"text":200,"type":"text"},{"text":"application/javascript","type":"text"},{"text":"script","type":"text"}],[{"text":"http://web/static/js/vendor.d1efda22f11e965a5228.js","type":"url"},{"text":755.7720001786947,"type":"ms"},{"text":2917.8979992866516,"type":"ms"},{"text":232785,"type":"bytes"},{"text":200,"type":"text"},{"text":"application/javascript","type":"text"},{"text":"script","type":"text"}],[{"text":"http://web/static/js/app.310cd52123c59f9f64a5.js","type":"url"},{"text":755.9009995311499,"type":"ms"},{"text":1470.6410001963377,"type":"ms"},{"text":12691,"type":"bytes"},{"text":200,"type":"text"},{"text":"application/javascript","type":"text"},{"text":"script","type":"text"}],[{"text":"https://cdnjs.cloudflare.com/ajax/libs/Chart.js/2.7.1/Chart.min.js","type":"url"},{"text":790.370000526309,"type":"ms"},{"text":2162.829000502825,"type":"ms"},{"text":47366,"type":"bytes"},{"text":200,"type":"text"},{"text":"application/javascript","type":"text"},{"text":"script","type":"text"}],[{"text":"https://unpkg.com/vue-chartjs/dist/vue-chartjs.min.js","type":"url"},{"text":790.8159997314215,"type":"ms"},{"text":1663.72200101614,"type":"ms"},{"text":405,"type":"bytes"},{"text":302,"type":"text"},{"text":"text/plain","type":"text"},{"type":"text"}],[{"text":"https://unpkg.com/vue-chartjs@3.3.2/dist/vue-chartjs.min.js","type":"url"},{"text":1664.8290008306503,"type":"ms"},{"text":2258.2770008593798,"type":"ms"},{"text":1524,"type":"bytes"},{"text":200,"type":"text"},{"text":"application/javascript","type":"text"},{"text":"script","type":"text"}],[{"text":"http://web/static/css/app.a1bcfeb0daa2a3f727390086fd42ee9d.css","type":"url"},{"text":4527.456000447273,"type":"ms"},{"text":5278.87500077486,"type":"ms"},{"text":32261,"type":"bytes"},{"text":200,"type":"text"},{"text":"text/css","type":"text"},{"text":"stylesheet","type":"text"}],[{"text":"https://fonts.gstatic.com/s/roboto/v18/KFOmCnqEu92Fr1Mu4mxK.woff2","type":"url"},{"text":5458.613000810146,"type":"ms"},{"text":6342.342000454664,"type":"ms"},{"text":15461,"type":"bytes"},{"text":200,"type":"text"},{"text":"font/woff2","type":"text"},{"text":"font","type":"text"}],[{"text":"https://fonts.gstatic.com/s/materialicons/v37/flUhRq6tzZclQEJ-Vdg-IuiaDsNc.woff2","type":"url"},{"text":5458.761001005769,"type":"ms"},{"text":6524.431999772787,"type":"ms"},{"text":49163,"type":"bytes"},{"text":200,"type":"text"},{"text":"font/woff2","type":"text"},{"text":"font","type":"text"}],[{"text":"https://fonts.gstatic.com/s/roboto/v18/KFOlCnqEu92Fr1MmEU9fBBc4.woff2","type":"url"},{"text":5458.878999575973,"type":"ms"},{"text":6334.002999588847,"type":"ms"},{"text":15817,"type":"bytes"},{"text":200,"type":"text"},{"text":"font/woff2","type":"text"},{"text":"font","type":"text"}]]}},"link-text":{"displayValue":"","score":true,"helpText":"Descriptive link text helps search engines understand your content. [Learn more](https://developers.google.com/web/tools/lighthouse/audits/descriptive-link-text).","rawValue":true,"name":"link-text","description":"Links have descriptive text","scoringMode":"binary","details":{"itemHeaders":[{"itemType":"url","text":"Link destination","type":"text"},{"itemType":"text","text":"Link Text","type":"text"}],"header":"View Details","type":"table","items":[]}},"uses-rel-preload":{"displayValue":"","score":null,"debugString":"Audit error: Unable to identify the main resource","helpText":"Consider using <link rel=preload> to prioritize fetching late-discovered resources sooner [Learn more](https://developers.google.com/web/updates/2016/03/link-rel-preload).","rawValue":null,"name":"uses-rel-preload","description":"Preload key requests","scoringMode":"numeric","informative":true,"error":true},"dlitem":{"displayValue":"","score":false,"helpText":"Definition list items (`<dt>` and `<dd>`) must be wrapped in a parent `<dl>` element to ensure that screen readers can properly announce them. [Learn more](https://dequeuniversity.com/rules/axe/2.2/dlitem?application=lighthouse).","rawValue":false,"name":"dlitem","description":"Definition list items are not wrapped in `<dl>` elements","scoringMode":"binary","informative":true,"notApplicable":true},"uses-optimized-images":{"displayValue":"","score":100,"helpText":"Optimized images load faster and consume less cellular data. [Learn more](https://developers.google.com/web/tools/lighthouse/audits/optimize-images).","rawValue":0,"extendedInfo":{"value":{"wastedKb":0,"wastedMs":0,"results":[]}},"name":"uses-optimized-images","description":"Optimize images","scoringMode":"binary","informative":true,"details":{"itemHeaders":[{"itemType":"thumbnail","text":"","type":"text"},{"itemType":"url","text":"URL","type":"text"},{"itemType":"text","text":"Original","type":"text"},{"itemType":"text","text":"Potential Savings","type":"text"}],"header":"View Details","type":"table","items":[]}},"errors-in-console":{"displayValue":"","score":true,"helpText":"Errors logged to the console indicate unresolved problems. They can come from network request failures and other browser concerns.","rawValue":0,"name":"errors-in-console","description":"No browser errors logged to the console","scoringMode":"binary","details":{"itemHeaders":[{"itemType":"url","text":"URL","type":"text"},{"itemType":"code","text":"Description","type":"text"}],"header":"View Details","type":"table","items":[]}},"video-caption":{"displayValue":"","score":false,"helpText":"When a video provides a caption it is easier for deaf and hearing impaired users to access its information. [Learn more](https://dequeuniversity.com/rules/axe/2.2/video-caption?application=lighthouse).","rawValue":false,"name":"video-caption","description":"`<video>` elements do not contain a `<track>` element with `[kind=\"captions\"]`.","scoringMode":"binary","informative":true,"notApplicable":true},"td-headers-attr":{"displayValue":"","score":false,"helpText":"Screen readers have features to make navigating tables easier. Ensuring `<td>` cells using the `[headers]` attribute only refer to other cells in the same table may improve the experience for screen reader users. [Learn more](https://dequeuniversity.com/rules/axe/2.2/td-headers-attr?application=lighthouse).","rawValue":false,"name":"td-headers-attr","description":"Cells in a `<table>` element that use the `[headers]` attribute refers to other cells of that same table.","scoringMode":"binary","informative":true,"notApplicable":true},"offscreen-content-hidden":{"displayValue":"","score":false,"helpText":"Offscreen content is hidden with display: none or aria-hidden=true. [Learn more](https://developers.google.com/web/fundamentals/accessibility/how-to-review#try_it_with_a_screen_reader).","rawValue":false,"name":"offscreen-content-hidden","description":"Offscreen content is hidden from assistive technology","scoringMode":"binary","informative":true,"manual":true},"no-document-write":{"displayValue":"","score":true,"helpText":"For users on slow connections, external scripts dynamically injected via `document.write()` can delay page load by tens of seconds. [Learn more](https://developers.google.com/web/tools/lighthouse/audits/document-write).","rawValue":true,"extendedInfo":{"value":[]},"name":"no-document-write","description":"Avoids `document.write()`","scoringMode":"binary","details":{"itemHeaders":[{"itemType":"url","text":"URL","type":"text"},{"itemType":"text","text":"Location","type":"text"}],"header":"View Details","type":"table","items":[]}},"aria-valid-attr-value":{"displayValue":"","score":true,"helpText":"Assistive technologies, like screen readers, can't interpret ARIA attributes with invalid values. [Learn more](https://dequeuniversity.com/rules/axe/2.2/aria-valid-attr-value?application=lighthouse).","rawValue":true,"extendedInfo":{},"name":"aria-valid-attr-value","description":"`[aria-*]` attributes have valid values","scoringMode":"binary","details":{"header":{"text":"View failing elements","type":"text"},"type":"list","items":[]}},"pwa-each-page-has-url":{"displayValue":"","score":false,"helpText":"Ensure individual pages are deep linkable via the URLs and that URLs are unique for the purpose of shareability on social media. [Learn more](https://developers.google.com/web/progressive-web-apps/checklist#each-page-has-a-url).","rawValue":false,"name":"pwa-each-page-has-url","description":"Each page has a URL","scoringMode":"binary","informative":true,"manual":true},"custom-controls-roles":{"displayValue":"","score":false,"helpText":"Custom interactive controls have appropriate ARIA roles. [Learn more](https://developers.google.com/web/fundamentals/accessibility/how-to-review#try_it_with_a_screen_reader).","rawValue":false,"name":"custom-controls-roles","description":"Custom controls have ARIA roles","scoringMode":"binary","informative":true,"manual":true},"meta-description":{"displayValue":"","score":false,"helpText":"Meta descriptions may be included in search results to concisely summarize page content. [Learn more](https://developers.google.com/web/tools/lighthouse/audits/description).","rawValue":false,"name":"meta-description","description":"Document does not have a meta description","scoringMode":"binary"},"duplicate-id":{"displayValue":"","score":true,"helpText":"The value of an id attribute must be unique to prevent other instances from being overlooked by assistive technologies. [Learn more](https://dequeuniversity.com/rules/axe/2.2/duplicate-id?application=lighthouse).","rawValue":true,"extendedInfo":{},"name":"duplicate-id","description":"`[id]` attributes on the page are unique","scoringMode":"binary","details":{"header":{"text":"View failing elements","type":"text"},"type":"list","items":[]}},"focusable-controls":{"displayValue":"","score":false,"helpText":"Custom interactive controls are keyboard focusable and display a focus indicator. [Learn more](https://developers.google.com/web/fundamentals/accessibility/how-to-review#start_with_the_keyboard).","rawValue":false,"name":"focusable-controls","description":"Interactive controls are keyboard focusable","scoringMode":"binary","informative":true,"manual":true},"heading-levels":{"displayValue":"","score":false,"helpText":"Headings are used to create an outline for the page and heading levels are not skipped. [Learn more](https://developers.google.com/web/fundamentals/accessibility/how-to-review#take_advantage_of_headings_and_landmarks).","rawValue":false,"name":"heading-levels","description":"Headings don't skip levels","scoringMode":"binary","informative":true,"manual":true},"uses-request-compression":{"displayValue":"","score":100,"helpText":"Text-based responses should be served with compression (gzip, deflate or brotli) to minimize total network bytes. [Learn more](https://developers.google.com/web/fundamentals/performance/optimizing-content-efficiency/optimize-encoding-and-transfer).","rawValue":0,"extendedInfo":{"value":{"wastedKb":0,"wastedMs":0,"results":[]}},"name":"uses-request-compression","description":"Enable text compression","scoringMode":"binary","informative":true,"details":{"itemHeaders":[{"itemType":"url","text":"Uncompressed resource URL","type":"text"},{"itemType":"text","text":"Original","type":"text"},{"itemType":"text","text":"GZIP Savings","type":"text"}],"header":"View Details","type":"table","items":[]}},"appcache-manifest":{"displayValue":"","score":true,"debugString":"","helpText":"Application Cache is deprecated. [Learn more](https://developers.google.com/web/tools/lighthouse/audits/appcache).","rawValue":true,"name":"appcache-manifest","description":"Avoids Application Cache","scoringMode":"binary"},"themed-omnibox":{"displayValue":"","score":false,"debugString":"Failures: No manifest was fetched, No `<meta name=\"theme-color\">` tag found.","helpText":"The browser address bar can be themed to match your site. [Learn more](https://developers.google.com/web/tools/lighthouse/audits/address-bar).","rawValue":false,"extendedInfo":{"value":{"failures":["No manifest was fetched","No `<meta name=\"theme-color\">` tag found"],"themeColor":null,"manifestValues":{"parseFailureReason":"No manifest was fetched","allChecks":[],"isParseFailure":true}}},"name":"themed-omnibox","description":"Address bar does not match brand colors","scoringMode":"binary"},"color-contrast":{"displayValue":"","score":true,"helpText":"Low-contrast text is difficult or impossible for many users to read. [Learn more](https://dequeuniversity.com/rules/axe/2.2/color-contrast?application=lighthouse).","rawValue":true,"extendedInfo":{},"name":"color-contrast","description":"Background and foreground colors have a sufficient contrast ratio","scoringMode":"binary","details":{"header":{"text":"View failing elements","type":"text"},"type":"list","items":[]}},"listitem":{"displayValue":"","score":false,"helpText":"Screen readers require list items (`<li>`) to be contained within a parent `<ul>` or `<ol>` to be announced properly. [Learn more](https://dequeuniversity.com/rules/axe/2.2/listitem?application=lighthouse).","rawValue":false,"name":"listitem","description":"List items (`<li>`) are not contained within `<ul>` or `<ol>` parent elements.","scoringMode":"binary","informative":true,"notApplicable":true},"no-mutation-events":{"displayValue":"","score":true,"helpText":"Mutation Events are deprecated and harm performance. Consider using Mutation Observers instead. [Learn more](https://developers.google.com/web/tools/lighthouse/audits/mutation-events).","rawValue":true,"extendedInfo":{"value":{"results":[]}},"name":"no-mutation-events","description":"Avoids Mutation Events in its own scripts","scoringMode":"binary","details":{"itemHeaders":[{"itemType":"url","text":"URL","type":"text"},{"itemType":"code","text":"Event","type":"text"},{"itemType":"text","text":"Line","type":"text"},{"itemType":"text","text":"Col","type":"text"},{"itemType":"code","text":"Snippet","type":"text"}],"header":"View Details","type":"table","items":[]}},"audio-caption":{"displayValue":"","score":false,"helpText":"Captions make audio elements usable for deaf or hearing-impaired users, providing critical information such as who is talking, what they're saying, and other non-speech information. [Learn more](https://dequeuniversity.com/rules/axe/2.2/audio-caption?application=lighthouse).","rawValue":false,"name":"audio-caption","description":"`<audio>` elements are missing a `<track>` element with `[kind=\"captions\"]`.","scoringMode":"binary","informative":true,"notApplicable":true},"first-meaningful-paint":{"displayValue":"4,520 ms","score":40,"helpText":"First meaningful paint measures when the primary content of a page is visible. [Learn more](https://developers.google.com/web/tools/lighthouse/audits/first-meaningful-paint).","rawValue":4521.8,"extendedInfo":{"value":{"timestamps":{"fCP":8650057715484,"endOfTrace":8650064967436,"fMP":8650057715493,"onLoad":8650058566647,"navStart":8650053193698},"fmpFellBack":false,"timings":{"fCP":4521.786,"endOfTrace":11773.738,"fMP":4521.795,"onLoad":5372.949,"navStart":0}}},"name":"first-meaningful-paint","description":"First meaningful paint","scoringMode":"numeric"},"focus-traps":{"displayValue":"","score":false,"helpText":"A user can tab into and out of any control or region without accidentally trapping their focus. [Learn more](https://developers.google.com/web/fundamentals/accessibility/how-to-review#start_with_the_keyboard).","rawValue":false,"name":"focus-traps","description":"User focus is not accidentally trapped in a region","scoringMode":"binary","informative":true,"manual":true},"aria-allowed-attr":{"displayValue":"","score":true,"helpText":"Each ARIA `role` supports a specific subset of `aria-*` attributes. Mismatching these invalidates the `aria-*` attributes. [Learn more](https://dequeuniversity.com/rules/axe/2.2/aria-allowed-attr?application=lighthouse).","rawValue":true,"extendedInfo":{},"name":"aria-allowed-attr","description":"`[aria-*]` attributes match their roles","scoringMode":"binary","details":{"header":{"text":"View failing elements","type":"text"},"type":"list","items":[]}},"geolocation-on-start":{"displayValue":"","score":true,"helpText":"Users are mistrustful of or confused by sites that request their location without context. Consider tying the request to user gestures instead. [Learn more](https://developers.google.com/web/tools/lighthouse/audits/geolocation-on-load).","rawValue":true,"extendedInfo":{"value":[]},"name":"geolocation-on-start","description":"Avoids requesting the geolocation permission on page load","scoringMode":"binary","details":{"itemHeaders":[{"itemType":"url","text":"URL","type":"text"},{"itemType":"text","text":"Location","type":"text"}],"header":"View Details","type":"table","items":[]}},"image-aspect-ratio":{"displayValue":"","score":true,"helpText":"Image display dimensions should match natural aspect ratio.","rawValue":true,"name":"image-aspect-ratio","description":"Displays images with correct aspect ratio","scoringMode":"binary","details":{"itemHeaders":[{"itemType":"thumbnail","text":"","type":"text"},{"itemType":"url","text":"URL","type":"text"},{"itemType":"text","text":"Aspect Ratio (Displayed)","type":"text"},{"itemType":"text","text":"Aspect Ratio (Actual)","type":"text"}],"header":"View Details","type":"table","items":[]}},"valid-lang":{"displayValue":"","score":false,"helpText":"Specifying a valid [BCP 47 language](https://www.w3.org/International/questions/qa-choosing-language-tags#question) on elements helps ensure that text is pronounced correctly by a screen reader. [Learn more](https://dequeuniversity.com/rules/axe/2.2/valid-lang?application=lighthouse).","rawValue":false,"name":"valid-lang","description":"`[lang]` attributes do not have a valid value","scoringMode":"binary","informative":true,"notApplicable":true},"html-has-lang":{"displayValue":"","score":false,"helpText":"If a page doesn't specify a lang attribute, a screen reader assumes that the page is in the default language that the user chose when setting up the screen reader. If the page isn't actually in the default language, then the screen reader might not announce the page's text correctly. [Learn more](https://dequeuniversity.com/rules/axe/2.2/html-lang?application=lighthouse).","rawValue":false,"extendedInfo":{"value":{"help":"<html> element must have a lang attribute","nodes":[{"failureSummary":"Fix any of the following:\n  The <html> element does not have a lang attribute","snippet":"<html>","path":"1,HTML","impact":"serious","html":"<html>","target":["html"]}],"impact":"serious","description":"Ensures every HTML document has a lang attribute","helpUrl":"https://dequeuniversity.com/rules/axe/3.0/html-has-lang?application=axeAPI","id":"html-has-lang","tags":["cat.language","wcag2a","wcag311"]}},"name":"html-has-lang","description":"`<html>` element does not have a `[lang]` attribute","scoringMode":"binary","details":{"header":{"text":"View failing elements","type":"text"},"type":"list","items":[{"snippet":"<html>","path":"1,HTML","selector":"html","type":"node"}]}},"unminified-javascript":{"displayValue":"","score":100,"helpText":"Minifying JavaScript files can reduce payload sizes and script parse time. [Learn more](https://developers.google.com/speed/docs/insights/MinifyResources).","rawValue":0,"extendedInfo":{"value":{"wastedKb":0,"wastedMs":0,"results":[]}},"name":"unminified-javascript","description":"Minify JavaScript","scoringMode":"binary","informative":true,"details":{"itemHeaders":[{"itemType":"url","text":"URL","type":"text"},{"itemType":"text","text":"Original","type":"text"},{"itemType":"text","text":"Potential Savings","type":"text"}],"header":"View Details","type":"table","items":[]}},"object-alt":{"displayValue":"","score":false,"helpText":"Screen readers cannot translate non-text content. Adding alt text to `<object>` elements helps screen readers convey meaning to users. [Learn more](https://dequeuniversity.com/rules/axe/2.2/object-alt?application=lighthouse).","rawValue":false,"name":"object-alt","description":"`<object>` elements do not have `[alt]` text","scoringMode":"binary","informative":true,"notApplicable":true},"accesskeys":{"displayValue":"","score":false,"helpText":"Access keys let users quickly focus a part of the page. For proper navigation, each access key must be unique. [Learn more](https://dequeuniversity.com/rules/axe/2.2/accesskeys?application=lighthouse).","rawValue":false,"name":"accesskeys","description":"`[accesskey]` values are not unique","scoringMode":"binary","informative":true,"notApplicable":true},"image-alt":{"displayValue":"","score":false,"helpText":"Informative elements should aim for short, descriptive alternate text. Decorative elements can be ignored with an empty alt attribute.[Learn more](https://dequeuniversity.com/rules/axe/2.2/image-alt?application=lighthouse).","rawValue":false,"name":"image-alt","description":"Image elements do not have `[alt]` attributes","scoringMode":"binary","informative":true,"notApplicable":true},"notification-on-start":{"displayValue":"","score":true,"helpText":"Users are mistrustful of or confused by sites that request to send notifications without context. Consider tying the request to user gestures instead. [Learn more](https://developers.google.com/web/tools/lighthouse/audits/notifications-on-load).","rawValue":true,"extendedInfo":{"value":[]},"name":"notification-on-start","description":"Avoids requesting the notification permission on page load","scoringMode":"binary","details":{"itemHeaders":[{"itemType":"url","text":"URL","type":"text"},{"itemType":"text","text":"Location","type":"text"}],"header":"View Details","type":"table","items":[]}},"unused-css-rules":{"displayValue":"Potential savings of 35 KB (~190 ms)","score":90,"helpText":"Remove unused rules from stylesheets to reduce unnecessary bytes consumed by network activity. [Learn more](https://developers.google.com/speed/docs/insights/OptimizeCSSDelivery)","rawValue":190,"extendedInfo":{"value":{"wastedKb":35,"wastedMs":190,"results":[{"wastedKb":"29 KB","totalKb":"32 KB","wastedMs":"160 ms","totalMs":"170 ms","potentialSavings":"29 KB (93%)","totalBytes":32261,"wastedPercent":92.80281987684556,"wastedBytes":29939,"url":"http://web/static/css/app.a1bcfeb0daa2a3f727390086fd42ee9d.css"},{"wastedKb":"5 KB","totalKb":"6 KB","wastedMs":"30 ms","totalMs":"30 ms","potentialSavings":"5 KB (98%)","totalBytes":5722,"wastedPercent":98.2698357217756,"wastedBytes":5623,"url":{"text":"a { color: #1976d2; } ...","type":"code"}}]}},"name":"unused-css-rules","description":"Unused CSS rules","scoringMode":"binary","informative":true,"details":{"itemHeaders":[{"itemType":"url","text":"URL","type":"text"},{"itemType":"text","text":"Original","type":"text"},{"itemType":"text","text":"Potential Savings","type":"text"}],"header":"View Details","type":"table","items":[[{"text":"http://web/static/css/app.a1bcfeb0daa2a3f727390086fd42ee9d.css","type":"url"},{"text":"32 KB","type":"text"},{"text":"29 KB (93%)","type":"text"}],[{"text":"a { color: #1976d2; } ...","type":"code"},{"text":"6 KB","type":"text"},{"text":"5 KB (98%)","type":"text"}]]}},"structured-data":{"displayValue":"","score":false,"helpText":"Run the [Structured Data Testing Tool](https://search.google.com/structured-data/testing-tool/) and the [Structured Data Linter](http://linter.structured-data.org/) to validate structured data. [Learn more](https://developers.google.com/search/docs/guides/mark-up-content).","rawValue":false,"name":"structured-data","description":"Structured data is valid","scoringMode":"binary","informative":true,"manual":true},"content-width":{"displayValue":"","score":true,"debugString":"","helpText":"If the width of your app's content doesn't match the width of the viewport, your app might not be optimized for mobile screens. [Learn more](https://developers.google.com/web/tools/lighthouse/audits/content-sized-correctly-for-viewport).","rawValue":true,"name":"content-width","description":"Content is sized correctly for the viewport","scoringMode":"binary"},"mainthread-work-breakdown":{"displayValue":"2,800 ms","score":true,"helpText":"Consider reducing the time spent parsing, compiling and executing JS.You may find delivering smaller JS payloads helps with this.","rawValue":2799.5130100250244,"extendedInfo":{"value":{"Update Layer Tree":108.97500228881836,"Layout":432.32500076293945,"Recalculate Style":503.69400215148926,"Evaluate Script":1296.8040027618408,"Animation Frame Fired":8.261001586914062,"Minor GC":82.69900131225586,"Run Microtasks":63.02199935913086,"Parse HTML":62.446001052856445,"Paint":41.383995056152344,"Compile Script":44.90999984741211,"Composite Layers":77.99400329589844,"Parse Stylesheet":76.9990005493164}},"name":"mainthread-work-breakdown","description":"Main thread work breakdown","scoringMode":"binary","informative":true,"details":{"itemHeaders":[{"itemType":"text","text":"Category","type":"text"},{"itemType":"text","text":"Work","type":"text"},{"itemType":"text","text":"Time spent","type":"text"}],"header":"View Details","type":"table","items":[[{"text":"Script Evaluation","type":"text"},{"text":"Evaluate Script","type":"text"},{"text":"1,297 ms","type":"text"}],[{"text":"Script Evaluation","type":"text"},{"text":"Run Microtasks","type":"text"},{"text":"63 ms","type":"text"}],[{"text":"Script Evaluation","type":"text"},{"text":"Animation Frame Fired","type":"text"},{"text":"8 ms","type":"text"}],[{"text":"Style & Layout","type":"text"},{"text":"Recalculate Style","type":"text"},{"text":"504 ms","type":"text"}],[{"text":"Style & Layout","type":"text"},{"text":"Layout","type":"text"},{"text":"432 ms","type":"text"}],[{"text":"Compositing","type":"text"},{"text":"Update Layer Tree","type":"text"},{"text":"109 ms","type":"text"}],[{"text":"Compositing","type":"text"},{"text":"Composite Layers","type":"text"},{"text":"78 ms","type":"text"}],[{"text":"Parsing HTML & CSS","type":"text"},{"text":"Parse Stylesheet","type":"text"},{"text":"77 ms","type":"text"}],[{"text":"Parsing HTML & CSS","type":"text"},{"text":"Parse HTML","type":"text"},{"text":"62 ms","type":"text"}],[{"text":"Garbage collection","type":"text"},{"text":"Minor GC","type":"text"},{"text":"83 ms","type":"text"}],[{"text":"Script Parsing & Compile","type":"text"},{"text":"Compile Script","type":"text"},{"text":"45 ms","type":"text"}],[{"text":"Paint","type":"text"},{"text":"Paint","type":"text"},{"text":"41 ms","type":"text"}]]}},"canonical":{"displayValue":"","score":null,"debugString":"Audit error: Unable to identify the main resource","helpText":"Canonical links suggest which URL to show in search results. [Learn more](https://developers.google.com/web/tools/lighthouse/audits/canonical).","rawValue":null,"name":"canonical","description":"Document does not have a valid `rel=canonical`","scoringMode":"binary","error":true},"bootup-time":{"displayValue":"1,570 ms","score":true,"helpText":"Consider reducing the time spent parsing, compiling, and executing JS. You may find delivering smaller JS payloads helps with this. [Learn more](https://developers.google.com/web/lighthouse/audits/bootup).","rawValue":1573.503999710083,"extendedInfo":{"value":{"http://web/static/js/app.310cd52123c59f9f64a5.js":{"Script Evaluation":1173.697998046875,"Script Parsing & Compile":22.533000946044922},"http://web/static/js/vendor.d1efda22f11e965a5228.js":{"Style & Layout":178.41699981689453,"Script Parsing & Compile":14.004999160766602,"Script Evaluation":9.45100212097168},"https://unpkg.com/vue-chartjs@3.3.2/dist/vue-chartjs.min.js":{"Script Evaluation":6.445001602172852,"Script Parsing & Compile":4.004999160766602},"https://cdnjs.cloudflare.com/ajax/libs/Chart.js/2.7.1/Chart.min.js":{"Style & Layout":0.8509998321533203,"Script Evaluation":90.19700050354004,"Script Parsing & Compile":0.5679988861083984},"http://web/static/js/manifest.9f020e973ae4037504f6.js":{"Script Parsing & Compile":2.184000015258789,"Script Evaluation":1.4300003051757812},"http://web/":{"Style & Layout":0.0989990234375,"Script Evaluation":7.028999328613281,"Script Parsing & Compile":0.14599990844726562},"http://web/#/":{"Parsing HTML & CSS":62.446001052856445}}},"name":"bootup-time","description":"JavaScript boot-up time","scoringMode":"binary","details":{"itemHeaders":[{"itemType":"url","text":"URL","type":"text"},{"itemType":"text","text":"Script Evaluation","type":"text"},{"itemType":"text","text":"Script Parsing & Compile","type":"text"}],"header":"View Details","type":"table","items":[[{"text":"http://web/static/js/app.310cd52123c59f9f64a5.js","type":"url"},{"text":"1,174 ms","type":"text"},{"text":"23 ms","type":"text"}],[{"text":"https://cdnjs.cloudflare.com/ajax/libs/Chart.js/2.7.1/Chart.min.js","type":"url"},{"text":"90 ms","type":"text"},{"text":"1 ms","type":"text"}],[{"text":"http://web/static/js/vendor.d1efda22f11e965a5228.js","type":"url"},{"text":"9 ms","type":"text"},{"text":"14 ms","type":"text"}],[{"text":"https://unpkg.com/vue-chartjs@3.3.2/dist/vue-chartjs.min.js","type":"url"},{"text":"6 ms","type":"text"},{"text":"4 ms","type":"text"}]]}},"list":{"displayValue":"","score":false,"helpText":"Screen readers have a specific way of announcing lists. Ensuring proper list structure aids screen reader output. [Learn more](https://dequeuniversity.com/rules/axe/2.2/list?application=lighthouse).","rawValue":false,"name":"list","description":"Lists do not contain only `<li>` elements and script supporting elements (`<script>` and `<template>`).","scoringMode":"binary","informative":true,"notApplicable":true},"hreflang":{"displayValue":"","score":null,"debugString":"Audit error: Unable to identify the main resource","helpText":"hreflang allows crawlers to discover alternate translations of the page content. [Learn more](https://support.google.com/webmasters/answer/189077).","rawValue":null,"name":"hreflang","description":"Document doesn't have a valid `hreflang`","scoringMode":"binary","error":true},"is-crawlable":{"displayValue":"","score":null,"debugString":"Audit error: Unable to identify the main resource","helpText":"Search engines are unable to include your pages in search results if they don't have permission to crawl them. [Learn more](https://developers.google.com/web/tools/lighthouse/audits/indexing).","rawValue":null,"name":"is-crawlable","description":"Page is blocked from indexing","scoringMode":"binary","error":true},"service-worker":{"displayValue":"","score":false,"helpText":"The service worker is the technology that enables your app to use many Progressive Web App features, such as offline, add to homescreen, and push notifications. [Learn more](https://developers.google.com/web/tools/lighthouse/audits/registered-service-worker).","rawValue":false,"name":"service-worker","description":"Does not register a service worker","scoringMode":"binary"},"use-landmarks":{"displayValue":"","score":false,"helpText":"Landmark elements (<main>, <nav>, etc.) are used to improve the keyboard navigation of the page for assistive technology. [Learn more](https://developers.google.com/web/fundamentals/accessibility/how-to-review#take_advantage_of_headings_and_landmarks).","rawValue":false,"name":"use-landmarks","description":"HTML5 landmark elements are used to improve navigation","scoringMode":"binary","informative":true,"manual":true},"critical-request-chains":{"displayValue":"","score":null,"debugString":"Audit error: Unable to identify the main resource","helpText":"The Critical Request Chains below show you what resources are issued with a high priority. Consider reducing the length of chains, reducing the download size of resources, or deferring the download of unnecessary resources to improve page load. [Learn more](https://developers.google.com/web/tools/lighthouse/audits/critical-request-chains).","rawValue":null,"name":"critical-request-chains","description":"Critical Request Chains","scoringMode":"binary","informative":true,"error":true},"consistently-interactive":{"displayValue":"6,460 ms","score":71,"helpText":"Consistently Interactive marks the time at which the page is fully interactive. [Learn more](https://developers.google.com/web/tools/lighthouse/audits/consistently-interactive).","rawValue":6460.149,"extendedInfo":{"value":{"timeInMs":6460.149,"cpuQuietPeriod":{"start":8.650059653847E9,"end":8.650064967436E9},"networkQuietPeriods":[{"start":8.650059532223999E9,"end":8.650064967436E9}],"networkQuietPeriod":{"start":8.650059532223999E9,"end":8.650064967436E9},"cpuQuietPeriods":[{"start":8.650059653847E9,"end":8.650064967436E9}],"timestamp":8650059653847}},"name":"consistently-interactive","description":"Consistently Interactive (beta)","scoringMode":"numeric"},"pwa-page-transitions":{"displayValue":"","score":false,"helpText":"Transitions should feel snappy as you tap around, even on a slow network, a key to perceived performance. [Learn more](https://developers.google.com/web/progressive-web-apps/checklist#page-transitions-dont-feel-like-they-block-on-the-network).","rawValue":false,"name":"pwa-page-transitions","description":"Page transitions don't feel like they block on the network","scoringMode":"binary","informative":true,"manual":true},"user-timings":{"displayValue":"0","score":true,"helpText":"Consider instrumenting your app with the User Timing API to create custom, real-world measurements of key user experiences. [Learn more](https://developers.google.com/web/tools/lighthouse/audits/user-timing).","rawValue":true,"extendedInfo":{"value":[]},"name":"user-timings","description":"User Timing marks and measures","scoringMode":"binary","informative":true,"details":{"itemHeaders":[{"itemType":"text","text":"Name","type":"text"},{"itemType":"text","text":"Type","type":"text"},{"itemType":"text","text":"Time","type":"text"}],"header":"View Details","type":"table","items":[]}},"manifest-short-name-length":{"displayValue":"","score":false,"helpText":"Make your app's `short_name` fewer than 12 characters to ensure that it's not truncated on homescreens. [Learn more](https://developers.google.com/web/tools/lighthouse/audits/manifest-short_name-is-not-truncated).","rawValue":false,"name":"manifest-short-name-length","description":"Manifest's `short_name` will be truncated when displayed on homescreen","scoringMode":"binary"},"no-vulnerable-libraries":{"displayValue":"","score":true,"helpText":"Some third-party scripts may contain known security vulnerabilities  that are easily identified and exploited by attackers.","rawValue":true,"name":"no-vulnerable-libraries","description":"Avoids front-end JavaScript libraries with known security vulnerabilities","scoringMode":"binary"},"font-size":{"displayValue":"","score":true,"debugString":null,"helpText":"Font sizes less than 12px are too small to be legible and require mobile visitors to \u201cpinch to zoom\u201d in order to read. Strive to have >60% of page text ≥12px. [Learn more](https://developers.google.com/web/tools/lighthouse/audits/font-sizes).","rawValue":true,"name":"font-size","description":"Document uses legible font sizes","scoringMode":"binary","details":{"itemHeaders":[{"itemType":"url","text":"Source","type":"text"},{"itemType":"code","text":"Selector","type":"text"},{"itemType":"text","text":"% of Page Text","type":"text"},{"itemType":"text","text":"Font Size","type":"text"}],"header":"View Details","type":"table","items":[[{"text":"Legible text","type":"url"},{"text":null,"type":"code"},{"text":"100.00%","type":"text"},{"text":"≥ 12px","type":"text"}]]}},"aria-valid-attr":{"displayValue":"","score":true,"helpText":"Assistive technologies, like screen readers, can't interpret ARIA attributes with invalid names. [Learn more](https://dequeuniversity.com/rules/axe/2.2/aria-valid-attr?application=lighthouse).","rawValue":true,"extendedInfo":{},"name":"aria-valid-attr","description":"`[aria-*]` attributes are valid and not misspelled","scoringMode":"binary","details":{"header":{"text":"View failing elements","type":"text"},"type":"list","items":[]}},"aria-required-attr":{"displayValue":"","score":false,"helpText":"Some ARIA roles have required attributes that describe the state of the element to screen readers. [Learn more](https://dequeuniversity.com/rules/axe/2.2/aria-required-attr?application=lighthouse).","rawValue":false,"name":"aria-required-attr","description":"`[role]`s do not have all required `[aria-*]` attributes","scoringMode":"binary","informative":true,"notApplicable":true},"aria-roles":{"displayValue":"","score":false,"helpText":"ARIA roles must have valid values in order to perform their intended accessibility functions. [Learn more](https://dequeuniversity.com/rules/axe/2.2/aria-roles?application=lighthouse).","rawValue":false,"name":"aria-roles","description":"`[role]` values are not valid","scoringMode":"binary","informative":true,"notApplicable":true},"redirects-http":{"displayValue":"","score":false,"helpText":"If you've already set up HTTPS, make sure that you redirect all HTTP traffic to HTTPS. [Learn more](https://developers.google.com/web/tools/lighthouse/audits/http-redirects-to-https).","rawValue":false,"name":"redirects-http","description":"Does not redirect HTTP traffic to HTTPS","scoringMode":"binary"},"aria-required-children":{"displayValue":"","score":false,"helpText":"Some ARIA parent roles must contain specific child roles to perform their intended accessibility functions. [Learn more](https://dequeuniversity.com/rules/axe/2.2/aria-required-children?application=lighthouse).","rawValue":false,"name":"aria-required-children","description":"Elements with `[role]` that require specific children `[role]`s, are missing.","scoringMode":"binary","informative":true,"notApplicable":true},"dom-size":{"displayValue":"94 nodes","score":100,"helpText":"Browser engineers recommend pages contain fewer than ~1,500 DOM nodes. The sweet spot is a tree depth < 32 elements and fewer than 60 children/parent element. A large DOM can increase memory usage, cause longer [style calculations](https://developers.google.com/web/fundamentals/performance/rendering/reduce-the-scope-and-complexity-of-style-calculations), and produce costly [layout reflows](https://developers.google.com/speed/articles/reflow). [Learn more](https://developers.google.com/web/fundamentals/performance/rendering/).","rawValue":94,"extendedInfo":{"value":[{"title":"Total DOM Nodes","value":"94","target":"< 1,500 nodes"},{"snippet":"html >\n  body >\n    main >\n      div#inspire.application.theme--dark >\n        div.application--wrap >\n          aside.navigation-drawer.navigation-drawer--clipped.navigation-drawer--close.navigation-drawer--fixed.navigation-drawer--is-mobile >\n            div.list >\n              div >\n                div.list__tile >\n                  div.input-group.input-group--dirty.input-group--selection-controls.switch.accent--text >\n                    div.input-group__input >\n                      div.input-group--selection-controls__container >\n                        div.input-group--selection-controls__toggle.input-group--selection-controls__toggle--active","title":"DOM Depth","value":"13","target":"< 32"},{"snippet":"Element with most children:\nhead","title":"Maximum Children","value":"8","target":"< 60 nodes"}]},"name":"dom-size","description":"Avoids an excessive DOM size","scoringMode":"numeric","details":{"header":{"text":"View details","type":"text"},"type":"cards","items":[{"title":"Total DOM Nodes","value":"94","target":"< 1,500 nodes"},{"snippet":"html >\n  body >\n    main >\n      div#inspire.application.theme--dark >\n        div.application--wrap >\n          aside.navigation-drawer.navigation-drawer--clipped.navigation-drawer--close.navigation-drawer--fixed.navigation-drawer--is-mobile >\n            div.list >\n              div >\n                div.list__tile >\n                  div.input-group.input-group--dirty.input-group--selection-controls.switch.accent--text >\n                    div.input-group__input >\n                      div.input-group--selection-controls__container >\n                        div.input-group--selection-controls__toggle.input-group--selection-controls__toggle--active","title":"DOM Depth","value":"13","target":"< 32"},{"snippet":"Element with most children:\nhead","title":"Maximum Children","value":"8","target":"< 60 nodes"}]}},"no-websql":{"displayValue":"","score":true,"debugString":"","helpText":"Web SQL is deprecated. Consider using IndexedDB instead. [Learn more](https://developers.google.com/web/tools/lighthouse/audits/web-sql).","rawValue":true,"name":"no-websql","description":"Avoids WebSQL DB","scoringMode":"binary"},"webapp-install-banner":{"displayValue":"","score":false,"debugString":"Failures: No manifest was fetched, Site does not register a service worker, Service worker does not successfully serve the manifest's start_url, No usable web app manifest found on page.","helpText":"Browsers can proactively prompt users to add your app to their homescreen, which can lead to higher engagement. [Learn more](https://developers.google.com/web/tools/lighthouse/audits/install-prompt).","rawValue":false,"extendedInfo":{"value":{"failures":["No manifest was fetched","Site does not register a service worker","Service worker does not successfully serve the manifest's start_url","No usable web app manifest found on page"],"warnings":["No usable web app manifest found on page"],"manifestValues":{"parseFailureReason":"No manifest was fetched","allChecks":[],"isParseFailure":true}}},"name":"webapp-install-banner","description":"User will not be prompted to Install the Web App","scoringMode":"binary"},"uses-passive-event-listeners":{"displayValue":"","score":true,"helpText":"Consider marking your touch and wheel event listeners as `passive` to improve your page's scroll performance. [Learn more](https://developers.google.com/web/tools/lighthouse/audits/passive-event-listeners).","rawValue":true,"extendedInfo":{"value":[]},"name":"uses-passive-event-listeners","description":"Uses passive listeners to improve scrolling performance","scoringMode":"binary","details":{"itemHeaders":[{"itemType":"url","text":"URL","type":"text"},{"itemType":"text","text":"Location","type":"text"}],"header":"View Details","type":"table","items":[]}},"screenshot-thumbnails":{"displayValue":"true","score":100,"helpText":"This is what the load of your site looked like.","rawValue":true,"name":"screenshot-thumbnails","description":"Screenshot Thumbnails","scoringMode":"binary","informative":true,"details":{"scale":6606,"type":"filmstrip","items":[{"data":"/9j/4AAQSkZJRgABAQAAAQABAAD/2wCEAAMCAgMCAgMDAwMEAwMEBQgFBQQEBQoHBwYIDAoMDAsKCwsNDhIQDQ4RDgsLEBYQERMUFRUVDA8XGBYUGBIUFRQBAwQEBQQFCQUFCRQNCw0UFBQUFBQUFBQUFBQUFBQUFBQUFBQUFBQUFBQUFBQUFBQUFBQUFBQUFBQUFBQUFBQUFP/AABEIANUAeAMBEQACEQEDEQH/xAGiAAABBQEBAQEBAQAAAAAAAAAAAQIDBAUGBwgJCgsQAAIBAwMCBAMFBQQEAAABfQECAwAEEQUSITFBBhNRYQcicRQygZGhCCNCscEVUtHwJDNicoIJChYXGBkaJSYnKCkqNDU2Nzg5OkNERUZHSElKU1RVVldYWVpjZGVmZ2hpanN0dXZ3eHl6g4SFhoeIiYqSk5SVlpeYmZqio6Slpqeoqaqys7S1tre4ubrCw8TFxsfIycrS09TV1tfY2drh4uPk5ebn6Onq8fLz9PX29/j5+gEAAwEBAQEBAQEBAQAAAAAAAAECAwQFBgcICQoLEQACAQIEBAMEBwUEBAABAncAAQIDEQQFITEGEkFRB2FxEyIygQgUQpGhscEJIzNS8BVictEKFiQ04SXxFxgZGiYnKCkqNTY3ODk6Q0RFRkdISUpTVFVWV1hZWmNkZWZnaGlqc3R1dnd4eXqCg4SFhoeIiYqSk5SVlpeYmZqio6Slpqeoqaqys7S1tre4ubrCw8TFxsfIycrS09TV1tfY2dri4+Tl5ufo6ery8/T19vf4+fr/2gAMAwEAAhEDEQA/AP1ToAKACgAoAKACgAoAKACgAoAKACgAoAKACgAoAKACgAoAKACgAoAKACgAoAKACgAoAKACgAoAKACgAoAKACgAoAKACgAoAKACgAoAKACgAoAKACgAoAKACgAoAKACgAoAKACgAoAKACgAoAKACgAoAKACgAoAKACgAoAKACgAoAKACgAoAKACgAoAKACgAoAKACgAoAKACgAoAKACgAoAKACgAoAKACgAoAKACgAoAKACgAoAKACgAoAKACgAoAKACgAoAKACgAoAKACgAoAKACgAoAKACgAoAKACgAoAKACgAoAKACgAoAKACgAoAKACgAoAKACgAoAKACgAoAKACgAoAKACgAoAKACgAoAKACgAoAKACgAoAKACgAoAKACgAoAKACgAoAKACgAoAKACgAoAKACgAoAKACgAoAKACgAoAKACgAoAKACgAoAKACgAoAKACgAoAKACgAoAKACgAoAKACgAoAKACgAoAKACgAoAKACgAoAKACgAoAKACgAoAKACgAoAKACgAoAKACgAoAKACgAoAKACgAoAKACgAoAKACgAoAKACgAoAKACgAoAKACgAoAKACgAoAKACgAoAKACgAoAKACgAoAKACgAoAKACgAoAKACgAoAKACgAoAKACgAoAKACgAoAKACgAoAKACgAoAKACgAoAKACgAoAKACgAoAKACgAoAKACgAoAKACgAoAKACgAoAKACgAoAKACgAoAKACgAoAKACgAoAKACgAoAKACgAoAKACgAoAKACgAoAKACgAoAKACgAoAKACgAoAKACgAoAKACgAoAKACgAoAKACgAoAKACgAoAKACgAoAKACgAoAKACgAoAKACgAoAKACgAoAKACgAoAKACgAoAKACgAoAKACgAoAKACgAoAKACgAoAKACgAoAKACgAoAKACgAoAKACgAoAKACgAoAKACgD//Z","timing":661,"timestamp":8650053854298},{"data":"/9j/4AAQSkZJRgABAQAAAQABAAD/2wCEAAMCAgMCAgMDAwMEAwMEBQgFBQQEBQoHBwYIDAoMDAsKCwsNDhIQDQ4RDgsLEBYQERMUFRUVDA8XGBYUGBIUFRQBAwQEBQQFCQUFCRQNCw0UFBQUFBQUFBQUFBQUFBQUFBQUFBQUFBQUFBQUFBQUFBQUFBQUFBQUFBQUFBQUFBQUFP/AABEIANUAeAMBEQACEQEDEQH/xAGiAAABBQEBAQEBAQAAAAAAAAAAAQIDBAUGBwgJCgsQAAIBAwMCBAMFBQQEAAABfQECAwAEEQUSITFBBhNRYQcicRQygZGhCCNCscEVUtHwJDNicoIJChYXGBkaJSYnKCkqNDU2Nzg5OkNERUZHSElKU1RVVldYWVpjZGVmZ2hpanN0dXZ3eHl6g4SFhoeIiYqSk5SVlpeYmZqio6Slpqeoqaqys7S1tre4ubrCw8TFxsfIycrS09TV1tfY2drh4uPk5ebn6Onq8fLz9PX29/j5+gEAAwEBAQEBAQEBAQAAAAAAAAECAwQFBgcICQoLEQACAQIEBAMEBwUEBAABAncAAQIDEQQFITEGEkFRB2FxEyIygQgUQpGhscEJIzNS8BVictEKFiQ04SXxFxgZGiYnKCkqNTY3ODk6Q0RFRkdISUpTVFVWV1hZWmNkZWZnaGlqc3R1dnd4eXqCg4SFhoeIiYqSk5SVlpeYmZqio6Slpqeoqaqys7S1tre4ubrCw8TFxsfIycrS09TV1tfY2dri4+Tl5ufo6ery8/T19vf4+fr/2gAMAwEAAhEDEQA/AP1ToAKACgAoAKACgAoAKACgAoAKACgAoAKACgAoAKACgAoAKACgAoAKACgAoAKACgAoAKACgAoAKACgAoAKACgAoAKACgAoAKACgAoAKACgAoAKACgAoAKACgAoAKACgAoAKACgAoAKACgAoAKACgAoAKACgAoAKACgAoAKACgAoAKACgAoAKACgAoAKACgAoAKACgAoAKACgAoAKACgAoAKACgAoAKACgAoAKACgAoAKACgAoAKACgAoAKACgAoAKACgAoAKACgAoAKACgAoAKACgAoAKACgAoAKACgAoAKACgAoAKACgAoAKACgAoAKACgAoAKACgAoAKACgAoAKACgAoAKACgAoAKACgAoAKACgAoAKACgAoAKACgAoAKACgAoAKACgAoAKACgAoAKACgAoAKACgAoAKACgAoAKACgAoAKACgAoAKACgAoAKACgAoAKACgAoAKACgAoAKACgAoAKACgAoAKACgAoAKACgAoAKACgAoAKACgAoAKACgAoAKACgAoAKACgAoAKACgAoAKACgAoAKACgAoAKACgAoAKACgAoAKACgAoAKACgAoAKACgAoAKACgAoAKACgAoAKACgAoAKACgAoAKACgAoAKACgAoAKACgAoAKACgAoAKACgAoAKACgAoAKACgAoAKACgAoAKACgAoAKACgAoAKACgAoAKACgAoAKACgAoAKACgAoAKACgAoAKACgAoAKACgAoAKACgAoAKACgAoAKACgAoAKACgAoAKACgAoAKACgAoAKACgAoAKACgAoAKACgAoAKACgAoAKACgAoAKACgAoAKACgAoAKACgAoAKACgAoAKACgAoAKACgAoAKACgAoAKACgAoAKACgAoAKACgAoAKACgAoAKACgAoAKACgAoAKACgAoAKACgAoAKACgAoAKACgAoAKACgAoAKACgAoAKACgD//Z","timing":1321,"timestamp":8.650054514898001E12},{"data":"/9j/4AAQSkZJRgABAQAAAQABAAD/2wCEAAMCAgMCAgMDAwMEAwMEBQgFBQQEBQoHBwYIDAoMDAsKCwsNDhIQDQ4RDgsLEBYQERMUFRUVDA8XGBYUGBIUFRQBAwQEBQQFCQUFCRQNCw0UFBQUFBQUFBQUFBQUFBQUFBQUFBQUFBQUFBQUFBQUFBQUFBQUFBQUFBQUFBQUFBQUFP/AABEIANUAeAMBEQACEQEDEQH/xAGiAAABBQEBAQEBAQAAAAAAAAAAAQIDBAUGBwgJCgsQAAIBAwMCBAMFBQQEAAABfQECAwAEEQUSITFBBhNRYQcicRQygZGhCCNCscEVUtHwJDNicoIJChYXGBkaJSYnKCkqNDU2Nzg5OkNERUZHSElKU1RVVldYWVpjZGVmZ2hpanN0dXZ3eHl6g4SFhoeIiYqSk5SVlpeYmZqio6Slpqeoqaqys7S1tre4ubrCw8TFxsfIycrS09TV1tfY2drh4uPk5ebn6Onq8fLz9PX29/j5+gEAAwEBAQEBAQEBAQAAAAAAAAECAwQFBgcICQoLEQACAQIEBAMEBwUEBAABAncAAQIDEQQFITEGEkFRB2FxEyIygQgUQpGhscEJIzNS8BVictEKFiQ04SXxFxgZGiYnKCkqNTY3ODk6Q0RFRkdISUpTVFVWV1hZWmNkZWZnaGlqc3R1dnd4eXqCg4SFhoeIiYqSk5SVlpeYmZqio6Slpqeoqaqys7S1tre4ubrCw8TFxsfIycrS09TV1tfY2dri4+Tl5ufo6ery8/T19vf4+fr/2gAMAwEAAhEDEQA/AP1ToAKACgAoAKACgAoAKACgAoAKACgAoAKACgAoAKACgAoAKACgAoAKACgAoAKACgAoAKACgAoAKACgAoAKACgAoAKACgAoAKACgAoAKACgAoAKACgAoAKACgAoAKACgAoAKACgAoAKACgAoAKACgAoAKACgAoAKACgAoAKACgAoAKACgAoAKACgAoAKACgAoAKACgAoAKACgAoAKACgAoAKACgAoAKACgAoAKACgAoAKACgAoAKACgAoAKACgAoAKACgAoAKACgAoAKACgAoAKACgAoAKACgAoAKACgAoAKACgAoAKACgAoAKACgAoAKACgAoAKACgAoAKACgAoAKACgAoAKACgAoAKACgAoAKACgAoAKACgAoAKACgAoAKACgAoAKACgAoAKACgAoAKACgAoAKACgAoAKACgAoAKACgAoAKACgAoAKACgAoAKACgAoAKACgAoAKACgAoAKACgAoAKACgAoAKACgAoAKACgAoAKACgAoAKACgAoAKACgAoAKACgAoAKACgAoAKACgAoAKACgAoAKACgAoAKACgAoAKACgAoAKACgAoAKACgAoAKACgAoAKACgAoAKACgAoAKACgAoAKACgAoAKACgAoAKACgAoAKACgAoAKACgAoAKACgAoAKACgAoAKACgAoAKACgAoAKACgAoAKACgAoAKACgAoAKACgAoAKACgAoAKACgAoAKACgAoAKACgAoAKACgAoAKACgAoAKACgAoAKACgAoAKACgAoAKACgAoAKACgAoAKACgAoAKACgAoAKACgAoAKACgAoAKACgAoAKACgAoAKACgAoAKACgAoAKACgAoAKACgAoAKACgAoAKACgAoAKACgAoAKACgAoAKACgAoAKACgAoAKACgAoAKACgAoAKACgAoAKACgAoAKACgAoAKACgAoAKACgAoAKACgAoAKACgD//Z","timing":1982,"timestamp":8.650055175497999E12},{"data":"/9j/4AAQSkZJRgABAQAAAQABAAD/2wCEAAMCAgMCAgMDAwMEAwMEBQgFBQQEBQoHBwYIDAoMDAsKCwsNDhIQDQ4RDgsLEBYQERMUFRUVDA8XGBYUGBIUFRQBAwQEBQQFCQUFCRQNCw0UFBQUFBQUFBQUFBQUFBQUFBQUFBQUFBQUFBQUFBQUFBQUFBQUFBQUFBQUFBQUFBQUFP/AABEIANUAeAMBEQACEQEDEQH/xAGiAAABBQEBAQEBAQAAAAAAAAAAAQIDBAUGBwgJCgsQAAIBAwMCBAMFBQQEAAABfQECAwAEEQUSITFBBhNRYQcicRQygZGhCCNCscEVUtHwJDNicoIJChYXGBkaJSYnKCkqNDU2Nzg5OkNERUZHSElKU1RVVldYWVpjZGVmZ2hpanN0dXZ3eHl6g4SFhoeIiYqSk5SVlpeYmZqio6Slpqeoqaqys7S1tre4ubrCw8TFxsfIycrS09TV1tfY2drh4uPk5ebn6Onq8fLz9PX29/j5+gEAAwEBAQEBAQEBAQAAAAAAAAECAwQFBgcICQoLEQACAQIEBAMEBwUEBAABAncAAQIDEQQFITEGEkFRB2FxEyIygQgUQpGhscEJIzNS8BVictEKFiQ04SXxFxgZGiYnKCkqNTY3ODk6Q0RFRkdISUpTVFVWV1hZWmNkZWZnaGlqc3R1dnd4eXqCg4SFhoeIiYqSk5SVlpeYmZqio6Slpqeoqaqys7S1tre4ubrCw8TFxsfIycrS09TV1tfY2dri4+Tl5ufo6ery8/T19vf4+fr/2gAMAwEAAhEDEQA/AP1ToAKACgAoAKACgAoAKACgAoAKACgAoAKACgAoAKACgAoAKACgAoAKACgAoAKACgAoAKACgAoAKACgAoAKACgAoAKACgAoAKACgAoAKACgAoAKACgAoAKACgAoAKACgAoAKACgAoAKACgAoAKACgAoAKACgAoAKACgAoAKACgAoAKACgAoAKACgAoAKACgAoAKACgAoAKACgAoAKACgAoAKACgAoAKACgAoAKACgAoAKACgAoAKACgAoAKACgAoAKACgAoAKACgAoAKACgAoAKACgAoAKACgAoAKACgAoAKACgAoAKACgAoAKACgAoAKACgAoAKACgAoAKACgAoAKACgAoAKACgAoAKACgAoAKACgAoAKACgAoAKACgAoAKACgAoAKACgAoAKACgAoAKACgAoAKACgAoAKACgAoAKACgAoAKACgAoAKACgAoAKACgAoAKACgAoAKACgAoAKACgAoAKACgAoAKACgAoAKACgAoAKACgAoAKACgAoAKACgAoAKACgAoAKACgAoAKACgAoAKACgAoAKACgAoAKACgAoAKACgAoAKACgAoAKACgAoAKACgAoAKACgAoAKACgAoAKACgAoAKACgAoAKACgAoAKACgAoAKACgAoAKACgAoAKACgAoAKACgAoAKACgAoAKACgAoAKACgAoAKACgAoAKACgAoAKACgAoAKACgAoAKACgAoAKACgAoAKACgAoAKACgAoAKACgAoAKACgAoAKACgAoAKACgAoAKACgAoAKACgAoAKACgAoAKACgAoAKACgAoAKACgAoAKACgAoAKACgAoAKACgAoAKACgAoAKACgAoAKACgAoAKACgAoAKACgAoAKACgAoAKACgAoAKACgAoAKACgAoAKACgAoAKACgAoAKACgAoAKACgAoAKACgAoAKACgAoAKACgAoAKACgAoAKACgD//Z","timing":2642,"timestamp":8650055836098},{"data":"/9j/4AAQSkZJRgABAQAAAQABAAD/2wCEAAMCAgMCAgMDAwMEAwMEBQgFBQQEBQoHBwYIDAoMDAsKCwsNDhIQDQ4RDgsLEBYQERMUFRUVDA8XGBYUGBIUFRQBAwQEBQQFCQUFCRQNCw0UFBQUFBQUFBQUFBQUFBQUFBQUFBQUFBQUFBQUFBQUFBQUFBQUFBQUFBQUFBQUFBQUFP/AABEIANUAeAMBEQACEQEDEQH/xAGiAAABBQEBAQEBAQAAAAAAAAAAAQIDBAUGBwgJCgsQAAIBAwMCBAMFBQQEAAABfQECAwAEEQUSITFBBhNRYQcicRQygZGhCCNCscEVUtHwJDNicoIJChYXGBkaJSYnKCkqNDU2Nzg5OkNERUZHSElKU1RVVldYWVpjZGVmZ2hpanN0dXZ3eHl6g4SFhoeIiYqSk5SVlpeYmZqio6Slpqeoqaqys7S1tre4ubrCw8TFxsfIycrS09TV1tfY2drh4uPk5ebn6Onq8fLz9PX29/j5+gEAAwEBAQEBAQEBAQAAAAAAAAECAwQFBgcICQoLEQACAQIEBAMEBwUEBAABAncAAQIDEQQFITEGEkFRB2FxEyIygQgUQpGhscEJIzNS8BVictEKFiQ04SXxFxgZGiYnKCkqNTY3ODk6Q0RFRkdISUpTVFVWV1hZWmNkZWZnaGlqc3R1dnd4eXqCg4SFhoeIiYqSk5SVlpeYmZqio6Slpqeoqaqys7S1tre4ubrCw8TFxsfIycrS09TV1tfY2dri4+Tl5ufo6ery8/T19vf4+fr/2gAMAwEAAhEDEQA/AP1ToAKACgAoAKACgAoAKACgAoAKACgAoAKACgAoAKACgAoAKACgAoAKACgAoAKACgAoAKACgAoAKACgAoAKACgAoAKACgAoAKACgAoAKACgAoAKACgAoAKACgAoAKACgAoAKACgAoAKACgAoAKACgAoAKACgAoAKACgAoAKACgAoAKACgAoAKACgAoAKACgAoAKACgAoAKACgAoAKACgAoAKACgAoAKACgAoAKACgAoAKACgAoAKACgAoAKACgAoAKACgAoAKACgAoAKACgAoAKACgAoAKACgAoAKACgAoAKACgAoAKACgAoAKACgAoAKACgAoAKACgAoAKACgAoAKACgAoAKACgAoAKACgAoAKACgAoAKACgAoAKACgAoAKACgAoAKACgAoAKACgAoAKACgAoAKACgAoAKACgAoAKACgAoAKACgAoAKACgAoAKACgAoAKACgAoAKACgAoAKACgAoAKACgAoAKACgAoAKACgAoAKACgAoAKACgAoAKACgAoAKACgAoAKACgAoAKACgAoAKACgAoAKACgAoAKACgAoAKACgAoAKACgAoAKACgAoAKACgAoAKACgAoAKACgAoAKACgAoAKACgAoAKACgAoAKACgAoAKACgAoAKACgAoAKACgAoAKACgAoAKACgAoAKACgAoAKACgAoAKACgAoAKACgAoAKACgAoAKACgAoAKACgAoAKACgAoAKACgAoAKACgAoAKACgAoAKACgAoAKACgAoAKACgAoAKACgAoAKACgAoAKACgAoAKACgAoAKACgAoAKACgAoAKACgAoAKACgAoAKACgAoAKACgAoAKACgAoAKACgAoAKACgAoAKACgAoAKACgAoAKACgAoAKACgAoAKACgAoAKACgAoAKACgAoAKACgAoAKACgAoAKACgAoAKACgAoAKACgAoAKACgAoAKACgD//Z","timing":3303,"timestamp":8650056496698},{"data":"/9j/4AAQSkZJRgABAQAAAQABAAD/2wCEAAMCAgMCAgMDAwMEAwMEBQgFBQQEBQoHBwYIDAoMDAsKCwsNDhIQDQ4RDgsLEBYQERMUFRUVDA8XGBYUGBIUFRQBAwQEBQQFCQUFCRQNCw0UFBQUFBQUFBQUFBQUFBQUFBQUFBQUFBQUFBQUFBQUFBQUFBQUFBQUFBQUFBQUFBQUFP/AABEIANUAeAMBEQACEQEDEQH/xAGiAAABBQEBAQEBAQAAAAAAAAAAAQIDBAUGBwgJCgsQAAIBAwMCBAMFBQQEAAABfQECAwAEEQUSITFBBhNRYQcicRQygZGhCCNCscEVUtHwJDNicoIJChYXGBkaJSYnKCkqNDU2Nzg5OkNERUZHSElKU1RVVldYWVpjZGVmZ2hpanN0dXZ3eHl6g4SFhoeIiYqSk5SVlpeYmZqio6Slpqeoqaqys7S1tre4ubrCw8TFxsfIycrS09TV1tfY2drh4uPk5ebn6Onq8fLz9PX29/j5+gEAAwEBAQEBAQEBAQAAAAAAAAECAwQFBgcICQoLEQACAQIEBAMEBwUEBAABAncAAQIDEQQFITEGEkFRB2FxEyIygQgUQpGhscEJIzNS8BVictEKFiQ04SXxFxgZGiYnKCkqNTY3ODk6Q0RFRkdISUpTVFVWV1hZWmNkZWZnaGlqc3R1dnd4eXqCg4SFhoeIiYqSk5SVlpeYmZqio6Slpqeoqaqys7S1tre4ubrCw8TFxsfIycrS09TV1tfY2dri4+Tl5ufo6ery8/T19vf4+fr/2gAMAwEAAhEDEQA/AP1ToAKACgAoAKACgAoAKACgAoAKACgAoAKACgAoAKACgAoAKACgAoAKACgAoAKACgAoAKACgAoAKACgAoAKACgAoAKACgAoAKACgAoAKACgAoAKACgAoAKACgAoAKACgAoAKACgAoAKACgAoAKACgAoAKACgAoAKACgAoAKACgAoAKACgAoAKACgAoAKACgAoAKACgAoAKACgAoAKACgAoAKACgAoAKACgAoAKACgAoAKACgAoAKACgAoAKACgAoAKACgAoAKACgAoAKACgAoAKACgAoAKACgAoAKACgAoAKACgAoAKACgAoAKACgAoAKACgAoAKACgAoAKACgAoAKACgAoAKACgAoAKACgAoAKACgAoAKACgAoAKACgAoAKACgAoAKACgAoAKACgAoAKACgAoAKACgAoAKACgAoAKACgAoAKACgAoAKACgAoAKACgAoAKACgAoAKACgAoAKACgAoAKACgAoAKACgAoAKACgAoAKACgAoAKACgAoAKACgAoAKACgAoAKACgAoAKACgAoAKACgAoAKACgAoAKACgAoAKACgAoAKACgAoAKACgAoAKACgAoAKACgAoAKACgAoAKACgAoAKACgAoAKACgAoAKACgAoAKACgAoAKACgAoAKACgAoAKACgAoAKACgAoAKACgAoAKACgAoAKACgAoAKACgAoAKACgAoAKACgAoAKACgAoAKACgAoAKACgAoAKACgAoAKACgAoAKACgAoAKACgAoAKACgAoAKACgAoAKACgAoAKACgAoAKACgAoAKACgAoAKACgAoAKACgAoAKACgAoAKACgAoAKACgAoAKACgAoAKACgAoAKACgAoAKACgAoAKACgAoAKACgAoAKACgAoAKACgAoAKACgAoAKACgAoAKACgAoAKACgAoAKACgAoAKACgAoAKACgAoAKACgAoAKACgD//Z","timing":3964,"timestamp":8650057157298},{"data":"/9j/4AAQSkZJRgABAQAAAQABAAD/2wCEAAMCAgMCAgMDAwMEAwMEBQgFBQQEBQoHBwYIDAoMDAsKCwsNDhIQDQ4RDgsLEBYQERMUFRUVDA8XGBYUGBIUFRQBAwQEBQQFCQUFCRQNCw0UFBQUFBQUFBQUFBQUFBQUFBQUFBQUFBQUFBQUFBQUFBQUFBQUFBQUFBQUFBQUFBQUFP/AABEIANUAeAMBEQACEQEDEQH/xAGiAAABBQEBAQEBAQAAAAAAAAAAAQIDBAUGBwgJCgsQAAIBAwMCBAMFBQQEAAABfQECAwAEEQUSITFBBhNRYQcicRQygZGhCCNCscEVUtHwJDNicoIJChYXGBkaJSYnKCkqNDU2Nzg5OkNERUZHSElKU1RVVldYWVpjZGVmZ2hpanN0dXZ3eHl6g4SFhoeIiYqSk5SVlpeYmZqio6Slpqeoqaqys7S1tre4ubrCw8TFxsfIycrS09TV1tfY2drh4uPk5ebn6Onq8fLz9PX29/j5+gEAAwEBAQEBAQEBAQAAAAAAAAECAwQFBgcICQoLEQACAQIEBAMEBwUEBAABAncAAQIDEQQFITEGEkFRB2FxEyIygQgUQpGhscEJIzNS8BVictEKFiQ04SXxFxgZGiYnKCkqNTY3ODk6Q0RFRkdISUpTVFVWV1hZWmNkZWZnaGlqc3R1dnd4eXqCg4SFhoeIiYqSk5SVlpeYmZqio6Slpqeoqaqys7S1tre4ubrCw8TFxsfIycrS09TV1tfY2dri4+Tl5ufo6ery8/T19vf4+fr/2gAMAwEAAhEDEQA/AP0bk8LeMEuh9l8ZJFaC8SXyp9KjlcWyxQKYA+4cs8cz+YwYjz8Y+RSQDrtMt57TTrWG5unvriOJEkuXRUaVgoBcqoABJycAYGeKALVABQAUAFABQAUAFABQAUAFABQAUAFABQAUAFABQAUAFABQAUAFABQAUAFABQAUAFABQAUAFABQAUAFABQAUAFABQAUAFABQAUAFABQAUAFABQAUAFABQAUAFABQAUAFABQAUAFACZ5xQAZGcd6AFoAKACgAoAKACgAoAKACgAoAKACgAoA8AbVfiFqEGl3Wja9oL2kFwbHVBNfwzbbgSxCKFJAD+9kHyOrcgynbuOwgA7zwHq+q2WrXll4h1fTrqG7mCaTIs8azzPGji4hMSjG6MxliQxOTICsYQAgHftOoYr1cLu2jrj6daAATI2MMDkkZBHUHH8xQAi3CMMgjGCScg4x1H1oAZp9/b6rYW97ZzR3NpcRrLDPC4dJEYZVlYEgggggg4INAFigAoAKACgAoAKACgAoAKAOF1j4PeEvFt/omq6npZvL/RpvtGmXM0syyWT/ALrJjywKZMEeQMA/N2dsgDdG+B3grw9pVrYadoUFrHaQS29rOjN9ptY5FdXWG4z5sWRI4Gxxt3HbigB+ifBfwj4c059O03TGtdMa8hvxYLdTm3ininSeIxRlysSrJGjbEAU4AIIoAst8JfC5Piwpp8kLeKgo1d4LyeJ7jClRhlcGP5SR8hXrQBj3v7O/w+1O4vJ73w5BdyXieXcCeWWRJB9qN2cozlcm4YyFsZJOCSOKAO60PRrTw5oun6Tp8XkWFhbx2tvFuLbI0UKq5YknAAGSSaAL1ABQAUAFABQAUAFABQAUAFABQAUAFABQAUAFABQAUAFABQAUAFABQAUAJuoFfWwbqAuAOaBi0AFABQAUAFABQAUAFABQAUAFABQByaS6/f6Wk1hPZf6RCjQTzRO/UZDsoZCQwK/LwRzyeldj+rNt6nn2xe2hXv8A/hODph+xHRV1EeWy/aVlMX3Y/MU7efvGXB9FTI5JEr6u90waxS2aNfTU8Qf27eG9fTv7H2D7MsMb/aC2TkuSduMbcYHr0xgxP2XKuS9zal7fm/ebG7WB1BQAUARiZec4XHXJppNkOaWjYvmqDjIz9aLMHOK6jftCEkBlJXBIz0H+Qfyos+qDnjrZiC6jP8QHtmnyvsQqsHrckVg6gggg9xSasap31Q6kMKACgAoA8ttfEXirw3YQWVxYJKIFENuLKwe4Msa+UiFmMyBGJlAwQANrMSEBau14eLfuzT+Vv8zzFi3b3qbXzv8AohsvxI15bS9mi02/ma0PMI8OTK8yllCmPdcBTkMGwSCAGyBg1Twm3vrXzGsZ/wBO39x0XhvVvEuvSasJVt9LWyvXtI/tWmyD7Qqqh81D5/KEsQD329jkDmqU+TlfNe6vp0v09TrpVOe6tazsbX2XX/8AoJ6b/wCC6T/4/WJuH2XX/wDoJ6b/AOC6T/4/QAfZdf8A+gnpv/guk/8Aj9AFQ+EoL+++26wUvbuPasfl+ZHCoDBlYRF2UOCPv9ccdK2hVnCPKmc86EJy5mMPw80JnspPs03m2f8AqZftMvmAbGQqW3bmUhjlWJBOGIyAar6xU7kfVqbdyS08CaPY209rBahLSaaO4aDcxVXRlZNoJ+VVKKQq4A7Dml7ed076r9RrDxSa6MSz+H2h6ejLb2rxhoEtm/fOxaNCxVSSckDew57YHQACvrFS/Nfrf8v8hfVafLym9a20dnbxwRLtijUIi+gAwBXO227s6klFJIlpDCgAoAKAPM/CfijTLvw1p3k+HJb1Ft1jeeJrMozL8j8mYc70IIPIIwQDTuKxb1Txfomj6ebzUPDcllatJFCJLp7KJGeWTZGoZpwuXchQM5JYAZJpDLNxr9hYxNJP4RuoYYwS8kos1RADzkmbA6Z/H3oA0YJre4hjlTwnOUkUOvy2vQ9P+WtAD/3P/QpT/wDfNr/8doAP3P8A0KU//fNr/wDHaAKP9la5dyXUmmzjw9aSW/lRWr28RkimyT5wKl0YEbV2kZ4JyOjaxnTS1WpjUhU5vdlobPh6x1eyN6dV1CO/864aWARxeX5EZxti77sYzu4znoKU3F25VYdNSSfO7mxiszQWgYUAFABQAUAFAHlFp+zT4R022uYrCbWLJrkYmki1KQlwZzPINrEqA7vLnao+WaRV2hsUAbCfA7wrH4Qm8MLb3C6JK0Tm2S4ZCrRtuRlkUh1ZWCsGDAhlBB9QDF0f9l34faBYvZ6fpc9pbM2Qkd3KNn7qSH5fm+U7JXG4YP3TnKqQAep2lstpbRQKSyxoEBbqQBigCagAoAKACgAoAKACgAoAKACgAoA4A/G3w0YfFjRTS3M3hm9isL+CFA0hlkKqixrnMjMzbFjHzuw2qrFk3AGndfEK3hj1VYdNv7y80ydreexhWMTFgYTlCzhGBjuIpAA+SG243gpQBZ1PxvbaJLdpf2V/AsLxokkVubhZQyFt48rcUQbWUtKEAKnnBBIBneHvizofivWb7TNLTUJ7mxnS3uGl0+eGNHaKOTG90A3ASoGT76kNuUbSaAJbn4o6Lptle3eoLe2FvZTtDcyPZySpbgCNvMleIOkaFJo5NzlQqFi23Y+0Ap3Hxj0Ox8R6zpN7Ff2R0y4W0a5e1MkU8zRW8gSMx7juxd26gOFLtIFTcQcAG34e8d6N4o1C9stPmuHuLOaaCTz7KeBHaKQxy+W8iKsoVxtLRlgMjnkZAOgoAKACgAoAKACgAoAKAK8thbTxSRSQRvHIwZ1ZQQxGME+p4H5UAO+xwbg3kpkcg7Rx824/qAfrQA06fatIZDbxNISGLlASSBgEnuQCRn3oAclnBHKJEhRHC7Qyrg444+nA/IUALHawxMGSJFIzghQMZOT+ZA/KgBPscGxl8lNrDDDb14xz+HFADxEinIUA8849eTQA+gAoAKACgAoAKACgAoAKACgAoAKACgAoAKACgAoAKACgAoAKACgAoAKACgAoAKACgAoAKACgAoAKACgAoAKACgAoAKACgAoAKACgAoAKACgAoAKACgAoAKACgAoAKACgAoAKACgAoAKACgAoAKACgAoAKACgAoAKACgAoAKACgAoAKACgAoAKACgAoAKACgAoAKACgAoAKACgAoAKACgAoAKACgAoAKACgAoAKACgAoAKACgAoAKACgAoAKACgAoAKACgAoAKACgAoAKACgAoAKACgAoAKACgAoAKACgAoAKACgAoAKACgAoAKACgAoAKACgAoAKACgAoAKACgAoAKACgAoAKACgAoAKACgAoAKACgAoAKACgAoAKACgAoAKACgAoAKACgAoAKACgAoAKACgAoAKACgAoAKACgAoAKACgAoAKACgAoA//9k=","timing":4624,"timestamp":8.650057817898001E12},{"data":"/9j/4AAQSkZJRgABAQAAAQABAAD/2wCEAAMCAgMCAgMDAwMEAwMEBQgFBQQEBQoHBwYIDAoMDAsKCwsNDhIQDQ4RDgsLEBYQERMUFRUVDA8XGBYUGBIUFRQBAwQEBQQFCQUFCRQNCw0UFBQUFBQUFBQUFBQUFBQUFBQUFBQUFBQUFBQUFBQUFBQUFBQUFBQUFBQUFBQUFBQUFP/AABEIANUAeAMBEQACEQEDEQH/xAGiAAABBQEBAQEBAQAAAAAAAAAAAQIDBAUGBwgJCgsQAAIBAwMCBAMFBQQEAAABfQECAwAEEQUSITFBBhNRYQcicRQygZGhCCNCscEVUtHwJDNicoIJChYXGBkaJSYnKCkqNDU2Nzg5OkNERUZHSElKU1RVVldYWVpjZGVmZ2hpanN0dXZ3eHl6g4SFhoeIiYqSk5SVlpeYmZqio6Slpqeoqaqys7S1tre4ubrCw8TFxsfIycrS09TV1tfY2drh4uPk5ebn6Onq8fLz9PX29/j5+gEAAwEBAQEBAQEBAQAAAAAAAAECAwQFBgcICQoLEQACAQIEBAMEBwUEBAABAncAAQIDEQQFITEGEkFRB2FxEyIygQgUQpGhscEJIzNS8BVictEKFiQ04SXxFxgZGiYnKCkqNTY3ODk6Q0RFRkdISUpTVFVWV1hZWmNkZWZnaGlqc3R1dnd4eXqCg4SFhoeIiYqSk5SVlpeYmZqio6Slpqeoqaqys7S1tre4ubrCw8TFxsfIycrS09TV1tfY2dri4+Tl5ufo6ery8/T19vf4+fr/2gAMAwEAAhEDEQA/AP0bk8LeMEuh9l8ZJFaC8SXyp9KjlcWyxQKYA+4cs8cz+YwYjz8Y+RSQDrtMt57TTrWG5unvriOJEkuXRUaVgoBcqoABJycAYGeKALVABQAUAFABQAUAFABQAUAFABQAUAFABQAUAFABQAUAFABQAUAFABQAUAFABQAUAFABQAUAFABQAUAFABQAUAFABQAUAFABQAUAFABQAUAFABQAUAFABQAUAFABQAUAFABQAUAFACZ5xQAZGcd6AFoAKACgAoAKACgAoAKACgAoAKACgAoA8AbVfiFqEGl3Wja9oL2kFwbHVBNfwzbbgSxCKFJAD+9kHyOrcgynbuOwgA7zwHq+q2WrXll4h1fTrqG7mCaTIs8azzPGji4hMSjG6MxliQxOTICsYQAgHftOoYr1cLu2jrj6daAATI2MMDkkZBHUHH8xQAi3CMMgjGCScg4x1H1oAZp9/b6rYW97ZzR3NpcRrLDPC4dJEYZVlYEgggggg4INAFigAoAKACgAoAKACgAoAKAOF1j4PeEvFt/omq6npZvL/RpvtGmXM0syyWT/ALrJjywKZMEeQMA/N2dsgDdG+B3grw9pVrYadoUFrHaQS29rOjN9ptY5FdXWG4z5sWRI4Gxxt3HbigB+ifBfwj4c059O03TGtdMa8hvxYLdTm3ininSeIxRlysSrJGjbEAU4AIIoAst8JfC5Piwpp8kLeKgo1d4LyeJ7jClRhlcGP5SR8hXrQBj3v7O/w+1O4vJ73w5BdyXieXcCeWWRJB9qN2cozlcm4YyFsZJOCSOKAO60PRrTw5oun6Tp8XkWFhbx2tvFuLbI0UKq5YknAAGSSaAL1ABQAUAFABQAUAFABQAUAFABQAUAFABQAUAFABQAUAFABQAUAFABQAUAJuoFfWwbqAuAOaBi0AFABQAUAFABQAUAFABQAUAFABQByaS6/f6Wk1hPZf6RCjQTzRO/UZDsoZCQwK/LwRzyeldj+rNt6nn2xe2hXv8A/hODph+xHRV1EeWy/aVlMX3Y/MU7efvGXB9FTI5JEr6u90waxS2aNfTU8Qf27eG9fTv7H2D7MsMb/aC2TkuSduMbcYHr0xgxP2XKuS9zal7fm/ebG7WB1BQAUARiZec4XHXJppNkOaWjYvmqDjIz9aLMHOK6jftCEkBlJXBIz0H+Qfyos+qDnjrZiC6jP8QHtmnyvsQqsHrckVg6gggg9xSasap31Q6kMKACgAoA8ttfEXirw3YQWVxYJKIFENuLKwe4Msa+UiFmMyBGJlAwQANrMSEBau14eLfuzT+Vv8zzFi3b3qbXzv8AohsvxI15bS9mi02/ma0PMI8OTK8yllCmPdcBTkMGwSCAGyBg1Twm3vrXzGsZ/wBO39x0XhvVvEuvSasJVt9LWyvXtI/tWmyD7Qqqh81D5/KEsQD329jkDmqU+TlfNe6vp0v09TrpVOe6tazsbX2XX/8AoJ6b/wCC6T/4/WJuH2XX/wDoJ6b/AOC6T/4/QAfZdf8A+gnpv/guk/8Aj9AFQ+EoL+++26wUvbuPasfl+ZHCoDBlYRF2UOCPv9ccdK2hVnCPKmc86EJy5mMPw80JnspPs03m2f8AqZftMvmAbGQqW3bmUhjlWJBOGIyAar6xU7kfVqbdyS08CaPY209rBahLSaaO4aDcxVXRlZNoJ+VVKKQq4A7Dml7ed076r9RrDxSa6MSz+H2h6ejLb2rxhoEtm/fOxaNCxVSSckDew57YHQACvrFS/Nfrf8v8hfVafLym9a20dnbxwRLtijUIi+gAwBXO227s6klFJIlpDCgAoAKAPM/CfijTLvw1p3k+HJb1Ft1jeeJrMozL8j8mYc70IIPIIwQDTuKxb1Txfomj6ebzUPDcllatJFCJLp7KJGeWTZGoZpwuXchQM5JYAZJpDLNxr9hYxNJP4RuoYYwS8kos1RADzkmbA6Z/H3oA0YJre4hjlTwnOUkUOvy2vQ9P+WtAD/3P/QpT/wDfNr/8doAP3P8A0KU//fNr/wDHaAKP9la5dyXUmmzjw9aSW/lRWr28RkimyT5wKl0YEbV2kZ4JyOjaxnTS1WpjUhU5vdlobPh6x1eyN6dV1CO/864aWARxeX5EZxti77sYzu4znoKU3F25VYdNSSfO7mxiszQWgYUAFABQAUAFAHlFp+zT4R022uYrCbWLJrkYmki1KQlwZzPINrEqA7vLnao+WaRV2hsUAbCfA7wrH4Qm8MLb3C6JK0Tm2S4ZCrRtuRlkUh1ZWCsGDAhlBB9QDF0f9l34faBYvZ6fpc9pbM2Qkd3KNn7qSH5fm+U7JXG4YP3TnKqQAep2lstpbRQKSyxoEBbqQBigCagAoAKACgAoAKACgAoAKACgAoA4A/G3w0YfFjRTS3M3hm9isL+CFA0hlkKqixrnMjMzbFjHzuw2qrFk3AGndfEK3hj1VYdNv7y80ydreexhWMTFgYTlCzhGBjuIpAA+SG243gpQBZ1PxvbaJLdpf2V/AsLxokkVubhZQyFt48rcUQbWUtKEAKnnBBIBneHvizofivWb7TNLTUJ7mxnS3uGl0+eGNHaKOTG90A3ASoGT76kNuUbSaAJbn4o6Lptle3eoLe2FvZTtDcyPZySpbgCNvMleIOkaFJo5NzlQqFi23Y+0Ap3Hxj0Ox8R6zpN7Ff2R0y4W0a5e1MkU8zRW8gSMx7juxd26gOFLtIFTcQcAG34e8d6N4o1C9stPmuHuLOaaCTz7KeBHaKQxy+W8iKsoVxtLRlgMjnkZAOgoAKACgAoAKACgAoAKAK8thbTxSRSQRvHIwZ1ZQQxGME+p4H5UAO+xwbg3kpkcg7Rx824/qAfrQA06fatIZDbxNISGLlASSBgEnuQCRn3oAclnBHKJEhRHC7Qyrg444+nA/IUALHawxMGSJFIzghQMZOT+ZA/KgBPscGxl8lNrDDDb14xz+HFADxEinIUA8849eTQA+gAoAKACgAoAKACgAoAKACgAoAKACgAoAKACgAoAKACgAoAKACgAoAKACgAoAKACgAoAKACgAoAKACgAoAKACgAoAKACgAoAKACgAoAKACgAoAKACgAoAKACgAoAKACgAoAKACgAoAKACgAoAKACgAoAKACgAoAKACgAoAKACgAoAKACgAoAKACgAoAKACgAoAKACgAoAKACgAoAKACgAoAKACgAoAKACgAoAKACgAoAKACgAoAKACgAoAKACgAoAKACgAoAKACgAoAKACgAoAKACgAoAKACgAoAKACgAoAKACgAoAKACgAoAKACgAoAKACgAoAKACgAoAKACgAoAKACgAoAKACgAoAKACgAoAKACgAoAKACgAoAKACgAoAKACgAoAKACgAoAKACgAoAKACgAoAKACgAoAKACgAoAKACgAoAKACgAoA//9k=","timing":5285,"timestamp":8.650058478497999E12},{"data":"/9j/4AAQSkZJRgABAQAAAQABAAD/2wCEAAMCAgMCAgMDAwMEAwMEBQgFBQQEBQoHBwYIDAoMDAsKCwsNDhIQDQ4RDgsLEBYQERMUFRUVDA8XGBYUGBIUFRQBAwQEBQQFCQUFCRQNCw0UFBQUFBQUFBQUFBQUFBQUFBQUFBQUFBQUFBQUFBQUFBQUFBQUFBQUFBQUFBQUFBQUFP/AABEIANUAeAMBEQACEQEDEQH/xAGiAAABBQEBAQEBAQAAAAAAAAAAAQIDBAUGBwgJCgsQAAIBAwMCBAMFBQQEAAABfQECAwAEEQUSITFBBhNRYQcicRQygZGhCCNCscEVUtHwJDNicoIJChYXGBkaJSYnKCkqNDU2Nzg5OkNERUZHSElKU1RVVldYWVpjZGVmZ2hpanN0dXZ3eHl6g4SFhoeIiYqSk5SVlpeYmZqio6Slpqeoqaqys7S1tre4ubrCw8TFxsfIycrS09TV1tfY2drh4uPk5ebn6Onq8fLz9PX29/j5+gEAAwEBAQEBAQEBAQAAAAAAAAECAwQFBgcICQoLEQACAQIEBAMEBwUEBAABAncAAQIDEQQFITEGEkFRB2FxEyIygQgUQpGhscEJIzNS8BVictEKFiQ04SXxFxgZGiYnKCkqNTY3ODk6Q0RFRkdISUpTVFVWV1hZWmNkZWZnaGlqc3R1dnd4eXqCg4SFhoeIiYqSk5SVlpeYmZqio6Slpqeoqaqys7S1tre4ubrCw8TFxsfIycrS09TV1tfY2dri4+Tl5ufo6ery8/T19vf4+fr/2gAMAwEAAhEDEQA/APh3wzoB168ZWcxwRAF2HXnoB78H8qANnXvA0dlYvc2csjmIFnWUg5XuRgDpQBxtABQAUAFABQAUAFABQAUAFAGhoWktrWpR2ytsXBZ3xnaB/kD8aAOp1TwFBFYSSWs8pmjUttkwQ2BnAwOKAOGoA6Hwfr8WiXcq3CnyJsbpF5KEZxx6c0AbviDxnYy6dNBaMbh5kMZ+UqFBGCeQKAOCOSaADFABigAxQAYoAMUAGKADFABigAxQBreGNXTRdVSaVS0LKUfHUA9x+VAHX6n4205bKYW7tPMylVQIwwSO5IH6UAecgYAoA3vsEH/PMUAH2CD/AJ5igA+wQf8APMUAH2CD/nmKAD7BB/zzFAB9gg/55igA+wQf88xQAfYIP+eYoAPsEH/PMUAH2CD/AJ5igA+wQf8APMUAH2CD/nmKAD7BB/zzFAB9gg/55igA+wQf88xQBYoAKACgAoAKACgAoAKACgAoAKACgAoAKACgAoAKACgAoAKACgAoAKACgAoAKACgAoAKACgAoAKACgAoAKACgAoAKACgAoAKACgAoAKACgAoAKACgAoAKACgAoAKACgAoAKACgAoAKACgAoAKACgAoAKACgAoAKACgAoAKACgAoAKACgAoAKACgAoAKACgAoAKACgAoAKACgAoAKACgAoAKACgAoAKACgAoAKACgAoAKACgAoAKACgAoAKACgAoAKACgAoAKACgAoAKACgAoAKACgBUKh13DK55A9KAOjNh4P7a7rZ/7gsP/AMl0AH2Dwh/0HNb/APBND/8AJdAB9g8If9BzW/8AwTQ//JdAB9g8If8AQc1v/wAE0P8A8l0AH2Dwh/0HNb/8E0P/AMl0AH2Dwh/0HNb/APBND/8AJdAB9g8If9BzW/8AwTQ//JdAB9g8If8AQc1v/wAE0P8A8l0AH2Dwh/0HNb/8E0P/AMl0AH2Dwh/0HNb/APBND/8AJdAB9g8If9BzW/8AwTQ//JdAB9g8If8AQc1v/wAE0P8A8l0AAsPB/fXNb/8ABND/APJdAGDerbrdyraSSS2wYiOSaMRu69iyhmCk9cBjj1NAENABQAUAFABQAUAFABQAUAFABQAUAFABQAUAFABQAUAFABQAUAFABQAUAFABQAUAFABQAUAIeQe1ACfN7UAGG9qADDe1ABhvagAw3tQAYb2oAMN7UAGG9qADDe1ABhvagAw3tQAYb2oAPm9qAFGcc9aAFoA3tM8PW1/YQzvJMjODkIwx1PtQBa/4RO0/57XH/fS//E0AH/CJ2n/Pa4/76X/4mgDI1rTI9MljSF3bepJMmCf0AoA1z4TtP+es4+jLj+VAB/widp/z2uP++l/+JoAP+ETtP+e1x/30v/xNAHP6narY38tujMyJjBY88gH+tAFegAoAKACgAoAKACgDd0nxFb2NhFBJDMXTOSgXHX60AW/+EttP+eFz+S/40AH/AAltp/zwufyX/GgDH1zVI9TljeFHQKpGJAOv4GgDYHi20xzBcZ74C/40AH/CW2n/ADwufyX/ABoAP+EttP8Anhc/kv8AjQBgandJfahLcRqyo+MB8Z6Af0oArUAFABQAUAFABQAUAFABmgAzQAUAFABmgAzQAUAFABQAUAFABQAUAFABQAUAFABQAUAFABQAUAFABQAUAFABQAUAFABQAUAFABQAUAFABQAUAFABQAUAFABQAUAFABQAUAFABQAUAFABQAUAFABQAUAFABQAUAFABQAUAFABQAUAFABQAUAFABQAUAFABQAUAFABQAUAFABQAUAFABQAUAFABQAUAFABQAUAFABQAUAFABQAUAFABQAUAFABQAUAFABQAUAFABQAUAFABQAUAFABQAUAFABQAUAFABQAUAZP9sv/AM8l/OgA/tl/+eS/nQAf2y//ADyX86AD+2X/AOeS/nQAf2y//PJfzoAP7Zf/AJ5L+dAB/bL/APPJfzoAP7Zf/nkv50AH9sv/AM8l/OgA/tl/+eS/nQAf2y//ADyX86AD+2X/AOeS/nQAf2y//PJfzoAP7Zf/AJ5L+dAB/bL/APPJfzoAz6ACgAoAKACgAoAKACgAoAKACgAoAKACgAoA/wD/2Q==","timing":5945,"timestamp":8650059139098},{"data":"/9j/4AAQSkZJRgABAQAAAQABAAD/2wCEAAMCAgMCAgMDAwMEAwMEBQgFBQQEBQoHBwYIDAoMDAsKCwsNDhIQDQ4RDgsLEBYQERMUFRUVDA8XGBYUGBIUFRQBAwQEBQQFCQUFCRQNCw0UFBQUFBQUFBQUFBQUFBQUFBQUFBQUFBQUFBQUFBQUFBQUFBQUFBQUFBQUFBQUFBQUFP/AABEIANUAeAMBEQACEQEDEQH/xAGiAAABBQEBAQEBAQAAAAAAAAAAAQIDBAUGBwgJCgsQAAIBAwMCBAMFBQQEAAABfQECAwAEEQUSITFBBhNRYQcicRQygZGhCCNCscEVUtHwJDNicoIJChYXGBkaJSYnKCkqNDU2Nzg5OkNERUZHSElKU1RVVldYWVpjZGVmZ2hpanN0dXZ3eHl6g4SFhoeIiYqSk5SVlpeYmZqio6Slpqeoqaqys7S1tre4ubrCw8TFxsfIycrS09TV1tfY2drh4uPk5ebn6Onq8fLz9PX29/j5+gEAAwEBAQEBAQEBAQAAAAAAAAECAwQFBgcICQoLEQACAQIEBAMEBwUEBAABAncAAQIDEQQFITEGEkFRB2FxEyIygQgUQpGhscEJIzNS8BVictEKFiQ04SXxFxgZGiYnKCkqNTY3ODk6Q0RFRkdISUpTVFVWV1hZWmNkZWZnaGlqc3R1dnd4eXqCg4SFhoeIiYqSk5SVlpeYmZqio6Slpqeoqaqys7S1tre4ubrCw8TFxsfIycrS09TV1tfY2dri4+Tl5ufo6ery8/T19vf4+fr/2gAMAwEAAhEDEQA/APgL9KAL2qaDqeiLE1/p1zZpI5jDTRkDdgnGemcAn8KAKNABQB0Wm/DzxFrPh2PW9P0m4v8AT5Ls2KNagSuZgYQV8tSXAzcQKGK7S0qKCWOKAJYvhh4sn0e41WPQL19Pt7Sa+lnEfypDFOlvKx7/ACSyIrDqu9SRg5oArSeAPE0M1rG2gah5l3dy2FtEsDGWW5iVDNCIwN29PNjyMZG6gCa1+G3iq+0zT9QtfDup3dpqBuPsr29q0hmEG3zmCqCdq7wC2MZDDOVbABn3/hbWNLsftl3pd5b2vmPC07wkIkisUaNz/C4YYKnB6eooAuz/AA68V215NaTeGNZiuoXijlgfT5Q8bSttiVlK5BcghQfvEYGaAII/BeuM92j6VdW72v2gSi5j8na0ADTp8+PnQMpZRyMjI5FAGLQAUAFABQAY9qAOq8VfFDxZ4206Kw13X9Q1SzilEyQXVw8iK4DAEBiccO350Acrg0AGDQB2+g/FnVvD3glvCsFlYTaVNePcXYmSQveRO1q72shDjETPZW7ZQLICnDgHFAHQW37Sfiyy0DUdHt4rGO21Bt93IwmkmmZLtry3YyPKx3QzvI6kcvvIlMoAAAOWuPiTf3njCPXrmw0+5iitWsYNIlRzZQWxthbCJF37xiMLiTf5hZd5csSxAOt+I/7TPi34nnVX1O3021m1OSWW6lsI5Y2cubcADMh2hI7S3iXbj5Y8tudmdgClrn7QXibxB4X1jQbm300WWqtdNcOkLiTM95a3bkEuRkSWcYGQflZ85JDAA6zxP+194g1vx/ceJ7Hw3oembdW/tSwtnjkme1H9pHUWieXepmDz7WfcMDB8oQh2UgHAt8ZvEMvhqx0OUW0lpZ6fLpkbFXUm3cSbVYBgrMjXF0yuV3A3EgJK7VUA4PHtQAYNABg0AGKAN46bATnyxQAn9mwf881oAP7Ng/55rQAf2bB/zzWgA/s2D/nmtAB/ZsH/ADzWgA/s2D/nmtAB/ZsH/PNaAD+zYP8AnmtAB/ZsH/PNaAD+zYP+ea0AH9mwf881oAP7Ng/55rQAf2bB/wA81oABptvn/VigC3QAUAFABQAUAFABQAUAFABQAUAFABQAUAFABQAUAFABQAUAFABQAUAFABQAUAFABQAUAFABQAUAFABQAUAFABQAUAFABQAUAFABQAUAFABQAUAFABQAUAFABQAUAFABQAUAFABQAUAFABQAUAFABQAUAFABQAUAFABQAUAFABQAUAFABQAUAFABQAUAFABQAUAFABQAUAFABQAUAFABQAUAFABQAUAFABQAUAFABQAUAFABQAUAFABQAUAFABQAUAFABQAUAFABQAUAFABQAUAFABQAUAFAHW6N8L9b8Q6XDeaatveNKkbpapMBMwaS4T5VONxBtpCQpJwQcYDFQCppvgHWNYeySyhjuJbyc20EYlCs8oUMV+bG35WQ5OANwyRzgAYngq9+0xRzz2lpC00kMlzNNiOEoQHLkAkAZzwDnHGTgEAwCMGgAoAKACgDU8K+Hrjxb4m0nQ7R4orrUruKzieYkIryOFUsQCcZIzgE47GgDuvif8DLr4c6BBrcOrwaxpT6hNpUkiqsciXMTOG+VXcFG8tipyGxjcq5FAHmNABQAUAFABQAUATwtahcyxTSOepWYKPy2n+dAD/Msf8An3uP/Ahf/iKADzLH/n3uP/Ahf/iKADzLH/n3uP8AwIX/AOIoAPMsf+fe4/8AAhf/AIigA8yx/wCfe4/8CF/+IoAPMsf+fe4/8CF/+IoAmtL+3sLuG5tkvLe4gdZYpoboI6OpyrKwTIIIBBFAGn4i8a3XilIV1BppFhLvHFGYoYhI2N8hSOJVLsQu5iNzYGScUAc5QAUAFABQAUAFABQAUAFABQAUAFABQAenvxQAgORxQAtABQAUAFABQAUAdhCvg+78LW0LyyWuuJbXEsk4Emxpcv5MR4cNnEZ4WNVG/LsWAQAs6rpHgRrCVtO128+2h5GhUxGSJkDvsVsqpy0YjIZSRuZgwTAJALkdr8PNOs724D3es3cUcEkVkbmRFmY3Q82NX+zIUIgQ/M4x+9OASnIB51QAUAFABQBseDNJtdf8YaHpd7ObWyvr6C2nnVgDHG8iqzZPHAJPPFAHr/7Unwx8JfD+Xw5ceFndBem6intWuIphGsbr5bAx9ismAWyzBAW+ctkA8IoAKACgAoAKACgBSzMqjJAHpQAmG9W/M0AGG9W/M0AByO7fmaADk92/M0AGG9W/M0AGG9W/M0AHI7t+ZoAQ5P8AE3fv7UALQAUAFABQAUAFAFDVbqS2EflttyTnigDW8OeC/FXi5NLbSLQ3f9o3j2FuPNiTzJlMClBuYYJa6gAJwCXGCcHABpN8KPHiWqzyaUyJ5d/MxM8R2pZLuuSQGJGza4PrgYyeKAOPsb+ea6jR3ypzkYHoaAJtUupbeSMRvtBBzwKAN9PAHi19B0fVzbxxWGsru06aa5hjFwfPe3wNzDpLGynOAuULEB1JAMzWND13QnmS8UQywxJM6M8ZOxmwCMMc9VOByM84oAoadezT3G133Lg9qANSgAoAKACgAoAKACgClqVm92E2Y+XPU0APs73XtP06TT7XVbq30+R2le0iuXWF3MbRsxQHBJjd0JI5ViOhIoAfJqfiGZUWTWL2QJG0KbrqQ7EaIQsq88AxKsZA/gAXpxQBRs9OlguUdiu0Z6H2NAE2pWUl06FCvygg5NAF7T9f8U6RYTWNj4g1Kysprc2kttbX0scckBZ2MTKCAULSSHaeMuxx8xyAQapqPiDXM/2lq13qJIYZu7l5eDI0jD5ieC7s59WYnqc0AVbCwltp97lcYI4NAGlQAUAFABQAUAFABQAUAFABQAUAFABQAUAFABQAUAFABQAUAFABQAUAFABQAUAFABQAUAFABQAUAFABQAUAFABQAUAFABQAUAFABQAUAFABQAUAFABQAUAFABQAUAFABQAUAFABQAUAFABQAUAFABQAUAFABQAUAFABQAUAFABQAUAFABQAUAFABQAUAFABQAUAFABQAUAFABQAUAFABQAUAFABQAUAFABQAUAFABQAUAFABQAUAFABQAUAFABQBFDaa3cXNvbxaLeS3FyI2ghjt3Z5Q5AQqoGWDEgDHXNAFjU9E8SaLIkeo+HtQsJHhFwsd1aSRsYi/liQBgDtL/ID03AjrxQBWlttZhurm1k0e7S6tTKJ4DA4kiMYcy7lxkbBHJuz02NnGDQA6Wx12GJpX0O9WJYUuGkNtJtETSCNZM4xtLsEDdCxA6mgCiNQuiHP2U/IcNwfl4J5/AE/QZoAWe+u7YZltGjGSMspAyCQf1Vh9QfSgCH+2n/55r+dAB/bT/8APNfzoAP7af8A55r+dAB/bT/881/OgA/tp/8Anmv50AH9tP8A881/OgA/tp/+ea/nQAf20/8AzzX86AD+2n/55r+dAF+/+Imv6lq0d9e3cV9e26RwJcXNpDI4WMoyHJT7w2Iu7qUXYSU+WgB2r+Pdc1e2s9PvrxLm1stscKG3iXaBLcTAAqoOPMup2I6HeBjCoFAIbTxrrGnzWuoW935UpEsUSiJNsSyIUcBdu0ArxhQAO3ODQBpW3xS8WDUpb9dalN49pLpyyyRI/k28iMjRxKVxCu2RwBGF2hjt25oAp6L8UPEWm395c298DcXlvBaXLXMMc4mhtzFJDGyupBANvEMEEEAhgQSCAUb/AMQ6neacdOuLrzbMXb3Rj2KMzFVVnzjPIA4zjj1NAGXQAUAFABQAUAFABQAUAFAH/9k=","timing":6606,"timestamp":8650059799698}]}},"meta-viewport":{"displayValue":"","score":false,"helpText":"Disabling zooming is problematic for users with low vision who rely on screen magnification to properly see the contents of a web page. [Learn more](https://dequeuniversity.com/rules/axe/2.2/meta-viewport?application=lighthouse).","rawValue":false,"extendedInfo":{"value":{"help":"Zooming and scaling must not be disabled","nodes":[{"failureSummary":"Fix any of the following:\n  <meta> tag disables zooming on mobile devices","snippet":"<meta name=\"viewport\" content=\"width=device-width,initial-scale=1,maximum-scale=1,minimum-scale=1,user-scalable=no\">","path":"1,HTML,1,HEAD,1,META","impact":"critical","html":"<meta name=\"viewport\" content=\"width=device-width,initial-scale=1,maximum-scale=1,minimum-scale=1,user-scalable=no\">","target":["meta[name=\"viewport\"]"]}],"impact":"critical","description":"Ensures <meta name=\"viewport\"> does not disable text scaling and zooming","helpUrl":"https://dequeuniversity.com/rules/axe/3.0/meta-viewport?application=axeAPI","id":"meta-viewport","tags":["cat.sensory-and-visual-cues","wcag2aa","wcag144"]}},"name":"meta-viewport","description":"`[user-scalable=\"no\"]` is used in the `<meta name=\"viewport\">` element or the `[maximum-scale]` attribute is less than 5.","scoringMode":"binary","details":{"header":{"text":"View failing elements","type":"text"},"type":"list","items":[{"snippet":"<meta name=\"viewport\" content=\"width=device-width,initial-scale=1,maximum-scale=1,minimum-scale=1,user-scalable=no\">","path":"1,HTML,1,HEAD,1,META","selector":"meta[name=\"viewport\"]","type":"node"}]}},"visual-order-follows-dom":{"displayValue":"","score":false,"helpText":"DOM order matches the visual order, improving navigation for assistive technology. [Learn more](https://developers.google.com/web/fundamentals/accessibility/how-to-review#try_it_with_a_screen_reader).","rawValue":false,"name":"visual-order-follows-dom","description":"Visual order on the page follows DOM order","scoringMode":"binary","informative":true,"manual":true},"works-offline":{"displayValue":"","score":false,"helpText":"If you're building a Progressive Web App, consider using a service worker so that your app can work offline. [Learn more](https://developers.google.com/web/tools/lighthouse/audits/http-200-when-offline).","rawValue":false,"name":"works-offline","description":"Does not respond with a 200 when offline","scoringMode":"binary"},"definition-list":{"displayValue":"","score":false,"helpText":"When definition lists are not properly marked up, screen readers may produce confusing or inaccurate output. [Learn more](https://dequeuniversity.com/rules/axe/2.2/definition-list?application=lighthouse).","rawValue":false,"name":"definition-list","description":"`<dl>`'s do not contain only properly-ordered `<dt>` and `<dd>` groups, `<script>` or `<template>` elements.","scoringMode":"binary","informative":true,"notApplicable":true},"password-inputs-can-be-pasted-into":{"displayValue":"","score":true,"helpText":"Preventing password pasting undermines good security policy. [Learn more](https://www.ncsc.gov.uk/blog-post/let-them-paste-passwords)","rawValue":true,"extendedInfo":{"value":[]},"name":"password-inputs-can-be-pasted-into","description":"Allows users to paste into password fields","scoringMode":"binary","details":{"header":{"text":"Password inputs that prevent pasting into","type":"text"},"type":"list","items":[]}},"html-lang-valid":{"displayValue":"","score":false,"helpText":"Specifying a valid [BCP 47 language](https://www.w3.org/International/questions/qa-choosing-language-tags#question) helps screen readers announce text properly. [Learn more](https://dequeuniversity.com/rules/axe/2.2/valid-lang?application=lighthouse).","rawValue":false,"name":"html-lang-valid","description":"`<html>` element does not have a valid value for its `[lang]` attribute.","scoringMode":"binary","informative":true,"notApplicable":true},"splash-screen":{"displayValue":"","score":false,"debugString":"Failures: No manifest was fetched.","helpText":"A themed splash screen ensures a high-quality experience when users launch your app from their homescreens. [Learn more](https://developers.google.com/web/tools/lighthouse/audits/custom-splash-screen).","rawValue":false,"extendedInfo":{"value":{"failures":["No manifest was fetched"],"manifestValues":{"parseFailureReason":"No manifest was fetched","allChecks":[],"isParseFailure":true}}},"name":"splash-screen","description":"Is not configured for a custom splash screen","scoringMode":"binary"},"label":{"displayValue":"","score":true,"helpText":"Labels ensure that form controls are announced properly by assistive technologies, like screen readers. [Learn more](https://dequeuniversity.com/rules/axe/2.2/label?application=lighthouse).","rawValue":true,"extendedInfo":{},"name":"label","description":"Form elements have associated labels","scoringMode":"binary","details":{"header":{"text":"View failing elements","type":"text"},"type":"list","items":[]}},"uses-webp-images":{"displayValue":"","score":100,"helpText":"Image formats like JPEG 2000, JPEG XR, and WebP often provide better compression than PNG or JPEG, which means faster downloads and less data consumption. [Learn more](https://developers.google.com/web/tools/lighthouse/audits/webp).","rawValue":0,"extendedInfo":{"value":{"wastedKb":0,"wastedMs":0,"results":[]}},"name":"uses-webp-images","description":"Serve images in next-gen formats","scoringMode":"binary","informative":true,"details":{"itemHeaders":[{"itemType":"thumbnail","text":"","type":"text"},{"itemType":"url","text":"URL","type":"text"},{"itemType":"text","text":"Original","type":"text"},{"itemType":"text","text":"Potential Savings","type":"text"}],"header":"View Details","type":"table","items":[]}},"speed-index-metric":{"displayValue":"5,723","score":48,"helpText":"Speed Index shows how quickly the contents of a page are visibly populated. [Learn more](https://developers.google.com/web/tools/lighthouse/audits/speed-index).","rawValue":5723,"extendedInfo":{"value":{"frames":[{"progress":0,"timestamp":8.650053193698E9},{"progress":0,"timestamp":8.650053950668E9},{"progress":0,"timestamp":8.650057717184E9},{"progress":78.47020210836772,"timestamp":8.650058783808E9},{"progress":79.55400014666994,"timestamp":8.650058883804E9},{"progress":84.25733274045653,"timestamp":8.65005906713E9},{"progress":90.99914379891193,"timestamp":8.650059217124E9},{"progress":92.49290629372531,"timestamp":8.65005965044E9},{"progress":100.00000000000001,"timestamp":8.650059800434E9}],"timestamps":{"firstVisualChange":8650058783698,"perceptualSpeedIndex":8.650058916695168E12,"visuallyComplete":8650059799698,"visuallyReady":8.650059217124001E12},"timings":{"firstVisualChange":5590,"perceptualSpeedIndex":5722.997167414955,"visuallyComplete":6606,"visuallyReady":6023.426000595093}}},"name":"speed-index-metric","description":"Perceptual Speed Index","scoringMode":"numeric"},"bypass":{"displayValue":"","score":true,"helpText":"Adding ways to bypass repetitive content lets keyboard users navigate the page more efficiently. [Learn more](https://dequeuniversity.com/rules/axe/2.2/bypass?application=lighthouse).","rawValue":true,"extendedInfo":{},"name":"bypass","description":"The page contains a heading, skip link, or landmark region","scoringMode":"binary","details":{"header":{"text":"View failing elements","type":"text"},"type":"list","items":[]}},"http-status-code":{"displayValue":"","score":null,"debugString":"Audit error: Unable to identify the main resource","helpText":"Pages with unsuccessful HTTP status codes may not be indexed properly. [Learn more](https://developers.google.com/web/tools/lighthouse/audits/successful-http-code).","rawValue":null,"name":"http-status-code","description":"Page has unsuccessful HTTP status code","scoringMode":"binary","error":true},"viewport":{"displayValue":"","score":true,"debugString":"","helpText":"Add a viewport meta tag to optimize your app for mobile screens. [Learn more](https://developers.google.com/web/tools/lighthouse/audits/has-viewport-meta-tag).","rawValue":true,"name":"viewport","description":"Has a `<meta name=\"viewport\">` tag with `width` or `initial-scale`","scoringMode":"binary"},"estimated-input-latency":{"displayValue":"50 ms","score":95,"helpText":"The score above is an estimate of how long your app takes to respond to user input, in milliseconds. There is a 90% probability that a user encounters this amount of latency, or less. 10% of the time a user can expect additional latency. If your latency is higher than 50 ms, users may perceive your app as laggy. [Learn more](https://developers.google.com/web/tools/lighthouse/audits/estimated-input-latency).","rawValue":49.8,"extendedInfo":{"value":[{"percentile":0.5,"time":16},{"percentile":0.75,"time":16},{"percentile":0.9,"time":49.84405833333335},{"percentile":0.99,"time":161.88252333333307},{"percentile":1,"time":209.04299999999876}]},"name":"estimated-input-latency","description":"Estimated Input Latency","scoringMode":"numeric"},"redirects":{"displayValue":"","score":null,"debugString":"Audit error: Unable to identify the main resource","helpText":"Redirects introduce additional delays before the page can be loaded. [Learn more](https://developers.google.com/speed/docs/insights/AvoidRedirects).","rawValue":null,"name":"redirects","description":"Has multiple page redirects","scoringMode":"binary","error":true},"load-fast-enough-for-pwa":{"displayValue":"","score":true,"helpText":"A fast page load over a 3G network ensures a good mobile user experience. [Learn more](https://developers.google.com/web/tools/lighthouse/audits/fast-3g).","rawValue":true,"extendedInfo":{"value":{"isFast":true,"timeToFirstInteractive":6460.149,"firstRequestLatencies":[{"latency":"566.29","url":"http://web/"},{"latency":"579.72","url":"https://cdnjs.cloudflare.com/ajax/libs/Chart.js/2.7.1/Chart.min.js"},{"latency":"571.48","url":"https://unpkg.com/vue-chartjs/dist/vue-chartjs.min.js"},{"latency":"578.93","url":"https://fonts.gstatic.com/s/roboto/v18/KFOmCnqEu92Fr1Mu4mxK.woff2"}],"areLatenciesAll3G":true}},"name":"load-fast-enough-for-pwa","description":"Page load is fast enough on 3G","scoringMode":"binary"},"font-display":{"displayValue":"","score":false,"helpText":"Leverage the font-display CSS feature to ensure text is user-visible while webfonts are loading. [Learn more](https://developers.google.com/web/updates/2016/02/font-display).","rawValue":false,"name":"font-display","description":"Avoid invisible text while webfonts are loading","scoringMode":"binary","details":{"itemHeaders":[{"itemType":"url","text":"Font URL","type":"text"},{"itemType":"text","text":"Font download time","type":"text"}],"header":"View Details","type":"table","items":[[{"text":"https://fonts.gstatic.com/s/roboto/v18/KFOmCnqEu92Fr1Mu4mxK.woff2","type":"url"},{"text":"884 ms","type":"text"}],[{"text":"https://fonts.gstatic.com/s/materialicons/v37/flUhRq6tzZclQEJ-Vdg-IuiaDsNc.woff2","type":"url"},{"text":"1,066 ms","type":"text"}],[{"text":"https://fonts.gstatic.com/s/roboto/v18/KFOlCnqEu92Fr1MmEU9fBBc4.woff2","type":"url"},{"text":"875 ms","type":"text"}]]}},"layout-table":{"displayValue":"","score":false,"helpText":"A table being used for layout purposes should not include data elements, such as the th or caption elements or the summary attribute, because this can create a confusing experience for screen reader users. [Learn more](https://dequeuniversity.com/rules/axe/2.2/layout-table?application=lighthouse).","rawValue":false,"name":"layout-table","description":"Presentational `<table>` elements do not avoid using `<th>`, `<caption>` or the `[summary]` attribute.","scoringMode":"binary","informative":true,"notApplicable":true}},"url":"http://web/#/"}
61.94117647058823
The variable of type Double with the value 61.94117647058823 is not LOWER_THAN 61.94117647058823
]]></system-out>
    </rerunFailure>
    <rerunFailure message="expected:&lt;true&gt; but was:&lt;false&gt;" type="java.lang.AssertionError"><![CDATA[java.lang.AssertionError: expected:<true> but was:<false>
	at org.junit.Assert.fail(Assert.java:88)
	at org.junit.Assert.failNotEquals(Assert.java:834)
	at org.junit.Assert.assertEquals(Assert.java:118)
	at org.junit.Assert.assertEquals(Assert.java:144)
	at io.jenkins.plugins.sample.LighthousePluginTest.Test_PositiveEquals(LighthousePluginTest.java:25)
	at sun.reflect.NativeMethodAccessorImpl.invoke0(Native Method)
	at sun.reflect.NativeMethodAccessorImpl.invoke(NativeMethodAccessorImpl.java:62)
	at sun.reflect.DelegatingMethodAccessorImpl.invoke(DelegatingMethodAccessorImpl.java:43)
	at java.lang.reflect.Method.invoke(Method.java:498)
	at org.junit.runners.model.FrameworkMethod$1.runReflectiveCall(FrameworkMethod.java:50)
	at org.junit.internal.runners.model.ReflectiveCallable.run(ReflectiveCallable.java:12)
	at org.junit.runners.model.FrameworkMethod.invokeExplosively(FrameworkMethod.java:47)
	at org.junit.internal.runners.statements.InvokeMethod.evaluate(InvokeMethod.java:17)
	at org.junit.runners.ParentRunner.runLeaf(ParentRunner.java:325)
	at org.junit.runners.BlockJUnit4ClassRunner.runChild(BlockJUnit4ClassRunner.java:78)
	at org.junit.runners.BlockJUnit4ClassRunner.runChild(BlockJUnit4ClassRunner.java:57)
	at org.junit.runners.ParentRunner$3.run(ParentRunner.java:290)
	at org.junit.runners.ParentRunner$1.schedule(ParentRunner.java:71)
	at org.junit.runners.ParentRunner.runChildren(ParentRunner.java:288)
	at org.junit.runners.ParentRunner.access$000(ParentRunner.java:58)
	at org.junit.runners.ParentRunner$2.evaluate(ParentRunner.java:268)
	at org.junit.runners.ParentRunner.run(ParentRunner.java:363)
	at org.apache.maven.surefire.junit4.JUnit4Provider.executeFailedMethod(JUnit4Provider.java:379)
	at org.apache.maven.surefire.junit4.JUnit4Provider.executeWithRerun(JUnit4Provider.java:290)
	at org.apache.maven.surefire.junit4.JUnit4Provider.executeTestSet(JUnit4Provider.java:236)
	at org.apache.maven.surefire.junit4.JUnit4Provider.invoke(JUnit4Provider.java:159)
	at org.apache.maven.surefire.booter.ForkedBooter.invokeProviderInSameClassLoader(ForkedBooter.java:386)
	at org.apache.maven.surefire.booter.ForkedBooter.runSuitesInProcess(ForkedBooter.java:323)
	at org.apache.maven.surefire.booter.ForkedBooter.main(ForkedBooter.java:143)
]]>
      <system-out><![CDATA[{"initialUrl":"http://web:80/#/","generatedTime":"2018-06-24T16:18:28.384Z","score":30,"reportCategories":[{"score":61.94117647058823,"name":"Performance","description":"These encapsulate your web app's current performance and opportunities to improve it.","id":"performance","audits":[{"result":{"displayValue":"4,520 ms","score":40,"helpText":"First meaningful paint measures when the primary content of a page is visible. [Learn more](https://developers.google.com/web/tools/lighthouse/audits/first-meaningful-paint).","rawValue":4521.8,"extendedInfo":{"value":{"timestamps":{"fCP":8650057715484,"endOfTrace":8650064967436,"fMP":8650057715493,"onLoad":8650058566647,"navStart":8650053193698},"fmpFellBack":false,"timings":{"fCP":4521.786,"endOfTrace":11773.738,"fMP":4521.795,"onLoad":5372.949,"navStart":0}}},"name":"first-meaningful-paint","description":"First meaningful paint","scoringMode":"numeric"},"score":40,"weight":5,"id":"first-meaningful-paint","group":"perf-metric"},{"result":{"displayValue":"6,460 ms","score":71,"helpText":"First Interactive marks the time at which the page is minimally interactive. [Learn more](https://developers.google.com/web/tools/lighthouse/audits/first-interactive).","rawValue":6460.149,"extendedInfo":{"value":{"timeInMs":6460.149,"timestamp":8650059653847}},"name":"first-interactive","description":"First Interactive (beta)","scoringMode":"numeric"},"score":71,"weight":5,"id":"first-interactive","group":"perf-metric"},{"result":{"displayValue":"6,460 ms","score":71,"helpText":"Consistently Interactive marks the time at which the page is fully interactive. [Learn more](https://developers.google.com/web/tools/lighthouse/audits/consistently-interactive).","rawValue":6460.149,"extendedInfo":{"value":{"timeInMs":6460.149,"cpuQuietPeriod":{"start":8.650059653847E9,"end":8.650064967436E9},"networkQuietPeriods":[{"start":8.650059532223999E9,"end":8.650064967436E9}],"networkQuietPeriod":{"start":8.650059532223999E9,"end":8.650064967436E9},"cpuQuietPeriods":[{"start":8.650059653847E9,"end":8.650064967436E9}],"timestamp":8650059653847}},"name":"consistently-interactive","description":"Consistently Interactive (beta)","scoringMode":"numeric"},"score":71,"weight":5,"id":"consistently-interactive","group":"perf-metric"},{"result":{"displayValue":"5,723","score":48,"helpText":"Speed Index shows how quickly the contents of a page are visibly populated. [Learn more](https://developers.google.com/web/tools/lighthouse/audits/speed-index).","rawValue":5723,"extendedInfo":{"value":{"frames":[{"progress":0,"timestamp":8.650053193698E9},{"progress":0,"timestamp":8.650053950668E9},{"progress":0,"timestamp":8.650057717184E9},{"progress":78.47020210836772,"timestamp":8.650058783808E9},{"progress":79.55400014666994,"timestamp":8.650058883804E9},{"progress":84.25733274045653,"timestamp":8.65005906713E9},{"progress":90.99914379891193,"timestamp":8.650059217124E9},{"progress":92.49290629372531,"timestamp":8.65005965044E9},{"progress":100.00000000000001,"timestamp":8.650059800434E9}],"timestamps":{"firstVisualChange":8650058783698,"perceptualSpeedIndex":8.650058916695168E12,"visuallyComplete":8650059799698,"visuallyReady":8.650059217124001E12},"timings":{"firstVisualChange":5590,"perceptualSpeedIndex":5722.997167414955,"visuallyComplete":6606,"visuallyReady":6023.426000595093}}},"name":"speed-index-metric","description":"Perceptual Speed Index","scoringMode":"numeric"},"score":48,"weight":1,"id":"speed-index-metric","group":"perf-metric"},{"result":{"displayValue":"50 ms","score":95,"helpText":"The score above is an estimate of how long your app takes to respond to user input, in milliseconds. There is a 90% probability that a user encounters this amount of latency, or less. 10% of the time a user can expect additional latency. If your latency is higher than 50 ms, users may perceive your app as laggy. [Learn more](https://developers.google.com/web/tools/lighthouse/audits/estimated-input-latency).","rawValue":49.8,"extendedInfo":{"value":[{"percentile":0.5,"time":16},{"percentile":0.75,"time":16},{"percentile":0.9,"time":49.84405833333335},{"percentile":0.99,"time":161.88252333333307},{"percentile":1,"time":209.04299999999876}]},"name":"estimated-input-latency","description":"Estimated Input Latency","scoringMode":"numeric"},"score":95,"weight":1,"id":"estimated-input-latency","group":"perf-metric"},{"result":{"displayValue":"","score":100,"helpText":"External stylesheets are blocking the first paint of your page. Consider delivering critical CSS via `<style>` tags and deferring non-critical styles. [Learn more](https://developers.google.com/web/tools/lighthouse/audits/blocking-resources).","rawValue":0,"extendedInfo":{"value":{"wastedMs":"0 ms","results":[]}},"name":"link-blocking-first-paint","description":"Reduce render-blocking stylesheets","scoringMode":"binary","informative":true,"details":{"itemHeaders":[{"itemType":"url","text":"URL","type":"text"},{"itemType":"text","text":"Size (KB)","type":"text"},{"itemType":"text","text":"Delayed Paint By (ms)","type":"text"}],"header":"View Details","type":"table","items":[]}},"score":100,"weight":0,"id":"link-blocking-first-paint","group":"perf-hint"},{"result":{"displayValue":"","score":100,"helpText":"Script elements are blocking the first paint of your page. Consider inlining critical scripts and deferring non-critical ones. [Learn more](https://developers.google.com/web/tools/lighthouse/audits/blocking-resources).","rawValue":0,"extendedInfo":{"value":{"wastedMs":"0 ms","results":[]}},"name":"script-blocking-first-paint","description":"Reduce render-blocking scripts","scoringMode":"binary","informative":true,"details":{"itemHeaders":[{"itemType":"url","text":"URL","type":"text"},{"itemType":"text","text":"Size (KB)","type":"text"},{"itemType":"text","text":"Delayed Paint By (ms)","type":"text"}],"header":"View Details","type":"table","items":[]}},"score":100,"weight":0,"id":"script-blocking-first-paint","group":"perf-hint"},{"result":{"displayValue":"","score":100,"helpText":"Serve images that are appropriately-sized to save cellular data and improve load time. [Learn more](https://developers.google.com/web/tools/lighthouse/audits/oversized-images).","rawValue":0,"extendedInfo":{"value":{"wastedKb":0,"wastedMs":0,"results":[]}},"name":"uses-responsive-images","description":"Properly size images","scoringMode":"binary","informative":true,"details":{"itemHeaders":[{"itemType":"thumbnail","text":"","type":"text"},{"itemType":"url","text":"URL","type":"text"},{"itemType":"text","text":"Original","type":"text"},{"itemType":"text","text":"Potential Savings","type":"text"}],"header":"View Details","type":"table","items":[]}},"score":100,"weight":0,"id":"uses-responsive-images","group":"perf-hint"},{"result":{"displayValue":"","score":100,"helpText":"Consider lazy-loading offscreen and hidden images to improve page load speed and time to interactive. [Learn more](https://developers.google.com/web/tools/lighthouse/audits/offscreen-images).","rawValue":0,"extendedInfo":{"value":{"wastedKb":0,"wastedMs":0,"results":[]}},"name":"offscreen-images","description":"Offscreen images","scoringMode":"binary","informative":true,"details":{"itemHeaders":[{"itemType":"thumbnail","text":"","type":"text"},{"itemType":"url","text":"URL","type":"text"},{"itemType":"text","text":"Original","type":"text"},{"itemType":"text","text":"Potential Savings","type":"text"}],"header":"View Details","type":"table","items":[]}},"score":100,"weight":0,"id":"offscreen-images","group":"perf-hint"},{"result":{"displayValue":"","score":100,"helpText":"Minifying CSS files can reduce network payload sizes. [Learn more](https://developers.google.com/speed/docs/insights/MinifyResources).","rawValue":0,"extendedInfo":{"value":{"wastedKb":0,"wastedMs":0,"results":[]}},"name":"unminified-css","description":"Minify CSS","scoringMode":"binary","informative":true,"details":{"itemHeaders":[{"itemType":"url","text":"URL","type":"text"},{"itemType":"text","text":"Original","type":"text"},{"itemType":"text","text":"Potential Savings","type":"text"}],"header":"View Details","type":"table","items":[]}},"score":100,"weight":0,"id":"unminified-css","group":"perf-hint"},{"result":{"displayValue":"","score":100,"helpText":"Minifying JavaScript files can reduce payload sizes and script parse time. [Learn more](https://developers.google.com/speed/docs/insights/MinifyResources).","rawValue":0,"extendedInfo":{"value":{"wastedKb":0,"wastedMs":0,"results":[]}},"name":"unminified-javascript","description":"Minify JavaScript","scoringMode":"binary","informative":true,"details":{"itemHeaders":[{"itemType":"url","text":"URL","type":"text"},{"itemType":"text","text":"Original","type":"text"},{"itemType":"text","text":"Potential Savings","type":"text"}],"header":"View Details","type":"table","items":[]}},"score":100,"weight":0,"id":"unminified-javascript","group":"perf-hint"},{"result":{"displayValue":"Potential savings of 35 KB (~190 ms)","score":90,"helpText":"Remove unused rules from stylesheets to reduce unnecessary bytes consumed by network activity. [Learn more](https://developers.google.com/speed/docs/insights/OptimizeCSSDelivery)","rawValue":190,"extendedInfo":{"value":{"wastedKb":35,"wastedMs":190,"results":[{"wastedKb":"29 KB","totalKb":"32 KB","wastedMs":"160 ms","totalMs":"170 ms","potentialSavings":"29 KB (93%)","totalBytes":32261,"wastedPercent":92.80281987684556,"wastedBytes":29939,"url":"http://web/static/css/app.a1bcfeb0daa2a3f727390086fd42ee9d.css"},{"wastedKb":"5 KB","totalKb":"6 KB","wastedMs":"30 ms","totalMs":"30 ms","potentialSavings":"5 KB (98%)","totalBytes":5722,"wastedPercent":98.2698357217756,"wastedBytes":5623,"url":{"text":"a { color: #1976d2; } ...","type":"code"}}]}},"name":"unused-css-rules","description":"Unused CSS rules","scoringMode":"binary","informative":true,"details":{"itemHeaders":[{"itemType":"url","text":"URL","type":"text"},{"itemType":"text","text":"Original","type":"text"},{"itemType":"text","text":"Potential Savings","type":"text"}],"header":"View Details","type":"table","items":[[{"text":"http://web/static/css/app.a1bcfeb0daa2a3f727390086fd42ee9d.css","type":"url"},{"text":"32 KB","type":"text"},{"text":"29 KB (93%)","type":"text"}],[{"text":"a { color: #1976d2; } ...","type":"code"},{"text":"6 KB","type":"text"},{"text":"5 KB (98%)","type":"text"}]]}},"score":90,"weight":0,"id":"unused-css-rules","group":"perf-hint"},{"result":{"displayValue":"","score":100,"helpText":"Optimized images load faster and consume less cellular data. [Learn more](https://developers.google.com/web/tools/lighthouse/audits/optimize-images).","rawValue":0,"extendedInfo":{"value":{"wastedKb":0,"wastedMs":0,"results":[]}},"name":"uses-optimized-images","description":"Optimize images","scoringMode":"binary","informative":true,"details":{"itemHeaders":[{"itemType":"thumbnail","text":"","type":"text"},{"itemType":"url","text":"URL","type":"text"},{"itemType":"text","text":"Original","type":"text"},{"itemType":"text","text":"Potential Savings","type":"text"}],"header":"View Details","type":"table","items":[]}},"score":100,"weight":0,"id":"uses-optimized-images","group":"perf-hint"},{"result":{"displayValue":"","score":100,"helpText":"Image formats like JPEG 2000, JPEG XR, and WebP often provide better compression than PNG or JPEG, which means faster downloads and less data consumption. [Learn more](https://developers.google.com/web/tools/lighthouse/audits/webp).","rawValue":0,"extendedInfo":{"value":{"wastedKb":0,"wastedMs":0,"results":[]}},"name":"uses-webp-images","description":"Serve images in next-gen formats","scoringMode":"binary","informative":true,"details":{"itemHeaders":[{"itemType":"thumbnail","text":"","type":"text"},{"itemType":"url","text":"URL","type":"text"},{"itemType":"text","text":"Original","type":"text"},{"itemType":"text","text":"Potential Savings","type":"text"}],"header":"View Details","type":"table","items":[]}},"score":100,"weight":0,"id":"uses-webp-images","group":"perf-hint"},{"result":{"displayValue":"","score":100,"helpText":"Text-based responses should be served with compression (gzip, deflate or brotli) to minimize total network bytes. [Learn more](https://developers.google.com/web/fundamentals/performance/optimizing-content-efficiency/optimize-encoding-and-transfer).","rawValue":0,"extendedInfo":{"value":{"wastedKb":0,"wastedMs":0,"results":[]}},"name":"uses-request-compression","description":"Enable text compression","scoringMode":"binary","informative":true,"details":{"itemHeaders":[{"itemType":"url","text":"Uncompressed resource URL","type":"text"},{"itemType":"text","text":"Original","type":"text"},{"itemType":"text","text":"GZIP Savings","type":"text"}],"header":"View Details","type":"table","items":[]}},"score":100,"weight":0,"id":"uses-request-compression","group":"perf-hint"},{"result":{"displayValue":"","score":null,"debugString":"Audit error: Cannot read property '_timing' of undefined","helpText":"Time To First Byte identifies the time at which your server sends a response. [Learn more](https://developers.google.com/web/tools/chrome-devtools/network-performance/issues).","rawValue":null,"name":"time-to-first-byte","description":"Keep server response times low (TTFB)","scoringMode":"binary","informative":true,"error":true},"score":0,"weight":0,"id":"time-to-first-byte","group":"perf-hint"},{"result":{"displayValue":"","score":null,"debugString":"Audit error: Unable to identify the main resource","helpText":"Redirects introduce additional delays before the page can be loaded. [Learn more](https://developers.google.com/speed/docs/insights/AvoidRedirects).","rawValue":null,"name":"redirects","description":"Has multiple page redirects","scoringMode":"binary","error":true},"score":0,"weight":0,"id":"redirects","group":"perf-hint"},{"result":{"displayValue":"","score":null,"debugString":"Audit error: Unable to identify the main resource","helpText":"Consider using <link rel=preload> to prioritize fetching late-discovered resources sooner [Learn more](https://developers.google.com/web/updates/2016/03/link-rel-preload).","rawValue":null,"name":"uses-rel-preload","description":"Preload key requests","scoringMode":"numeric","informative":true,"error":true},"score":0,"weight":0,"id":"uses-rel-preload","group":"perf-hint"},{"result":{"displayValue":"Total size was 400 KB","score":100,"helpText":"Large network payloads cost users real money and are highly correlated with long load times. [Learn more](https://developers.google.com/web/tools/lighthouse/audits/network-payloads).","rawValue":409855,"extendedInfo":{"value":{"totalCompletedRequests":11,"results":[{"totalKb":"227 KB","totalMs":"1,240 ms","totalBytes":232785,"url":"http://web/static/js/vendor.d1efda22f11e965a5228.js"},{"totalKb":"48 KB","totalMs":"260 ms","totalBytes":49163,"url":"https://fonts.gstatic.com/s/materialicons/v37/flUhRq6tzZclQEJ-Vdg-IuiaDsNc.woff2"},{"totalKb":"46 KB","totalMs":"250 ms","totalBytes":47366,"url":"https://cdnjs.cloudflare.com/ajax/libs/Chart.js/2.7.1/Chart.min.js"},{"totalKb":"32 KB","totalMs":"170 ms","totalBytes":32261,"url":"http://web/static/css/app.a1bcfeb0daa2a3f727390086fd42ee9d.css"},{"totalKb":"15 KB","totalMs":"80 ms","totalBytes":15817,"url":"https://fonts.gstatic.com/s/roboto/v18/KFOlCnqEu92Fr1MmEU9fBBc4.woff2"},{"totalKb":"15 KB","totalMs":"80 ms","totalBytes":15461,"url":"https://fonts.gstatic.com/s/roboto/v18/KFOmCnqEu92Fr1Mu4mxK.woff2"},{"totalKb":"12 KB","totalMs":"70 ms","totalBytes":12691,"url":"http://web/static/js/app.310cd52123c59f9f64a5.js"},{"totalKb":"1 KB","totalMs":"10 ms","totalBytes":1524,"url":"https://unpkg.com/vue-chartjs@3.3.2/dist/vue-chartjs.min.js"},{"totalKb":"1 KB","totalMs":"10 ms","totalBytes":1211,"url":"http://web/"},{"totalKb":"1 KB","totalMs":"10 ms","totalBytes":1171,"url":"http://web/static/js/manifest.9f020e973ae4037504f6.js"}]}},"name":"total-byte-weight","description":"Avoids enormous network payloads","scoringMode":"numeric","details":{"itemHeaders":[{"itemType":"url","text":"URL","type":"text"},{"itemType":"text","text":"Total Size","type":"text"},{"itemType":"text","text":"Transfer Time","type":"text"}],"header":"View Details","type":"table","items":[[{"text":"http://web/static/js/vendor.d1efda22f11e965a5228.js","type":"url"},{"text":"227 KB","type":"text"},{"text":"1,240 ms","type":"text"}],[{"text":"https://fonts.gstatic.com/s/materialicons/v37/flUhRq6tzZclQEJ-Vdg-IuiaDsNc.woff2","type":"url"},{"text":"48 KB","type":"text"},{"text":"260 ms","type":"text"}],[{"text":"https://cdnjs.cloudflare.com/ajax/libs/Chart.js/2.7.1/Chart.min.js","type":"url"},{"text":"46 KB","type":"text"},{"text":"250 ms","type":"text"}],[{"text":"http://web/static/css/app.a1bcfeb0daa2a3f727390086fd42ee9d.css","type":"url"},{"text":"32 KB","type":"text"},{"text":"170 ms","type":"text"}],[{"text":"https://fonts.gstatic.com/s/roboto/v18/KFOlCnqEu92Fr1MmEU9fBBc4.woff2","type":"url"},{"text":"15 KB","type":"text"},{"text":"80 ms","type":"text"}],[{"text":"https://fonts.gstatic.com/s/roboto/v18/KFOmCnqEu92Fr1Mu4mxK.woff2","type":"url"},{"text":"15 KB","type":"text"},{"text":"80 ms","type":"text"}],[{"text":"http://web/static/js/app.310cd52123c59f9f64a5.js","type":"url"},{"text":"12 KB","type":"text"},{"text":"70 ms","type":"text"}],[{"text":"https://unpkg.com/vue-chartjs@3.3.2/dist/vue-chartjs.min.js","type":"url"},{"text":"1 KB","type":"text"},{"text":"10 ms","type":"text"}],[{"text":"http://web/","type":"url"},{"text":"1 KB","type":"text"},{"text":"10 ms","type":"text"}],[{"text":"http://web/static/js/manifest.9f020e973ae4037504f6.js","type":"url"},{"text":"1 KB","type":"text"},{"text":"10 ms","type":"text"}]]}},"score":100,"weight":0,"id":"total-byte-weight","group":"perf-info"},{"result":{"displayValue":"0 assets found","score":100,"helpText":"A long cache lifetime can speed up repeat visits to your page. [Learn more](https://developers.google.com/web/fundamentals/performance/optimizing-content-efficiency/http-caching#cache-control).","rawValue":0,"extendedInfo":{"value":{"queryStringCount":0,"results":[]}},"name":"uses-long-cache-ttl","description":"Uses efficient cache policy on static assets","scoringMode":"numeric","details":{"itemHeaders":[{"itemType":"url","text":"URL","type":"text"},{"itemType":"text","text":"Cache TTL","type":"text"},{"itemType":"text","text":"Size (KB)","type":"text"}],"header":"View Details","type":"table","items":[]}},"score":100,"weight":0,"id":"uses-long-cache-ttl","group":"perf-info"},{"result":{"displayValue":"94 nodes","score":100,"helpText":"Browser engineers recommend pages contain fewer than ~1,500 DOM nodes. The sweet spot is a tree depth < 32 elements and fewer than 60 children/parent element. A large DOM can increase memory usage, cause longer [style calculations](https://developers.google.com/web/fundamentals/performance/rendering/reduce-the-scope-and-complexity-of-style-calculations), and produce costly [layout reflows](https://developers.google.com/speed/articles/reflow). [Learn more](https://developers.google.com/web/fundamentals/performance/rendering/).","rawValue":94,"extendedInfo":{"value":[{"title":"Total DOM Nodes","value":"94","target":"< 1,500 nodes"},{"snippet":"html >\n  body >\n    main >\n      div#inspire.application.theme--dark >\n        div.application--wrap >\n          aside.navigation-drawer.navigation-drawer--clipped.navigation-drawer--close.navigation-drawer--fixed.navigation-drawer--is-mobile >\n            div.list >\n              div >\n                div.list__tile >\n                  div.input-group.input-group--dirty.input-group--selection-controls.switch.accent--text >\n                    div.input-group__input >\n                      div.input-group--selection-controls__container >\n                        div.input-group--selection-controls__toggle.input-group--selection-controls__toggle--active","title":"DOM Depth","value":"13","target":"< 32"},{"snippet":"Element with most children:\nhead","title":"Maximum Children","value":"8","target":"< 60 nodes"}]},"name":"dom-size","description":"Avoids an excessive DOM size","scoringMode":"numeric","details":{"header":{"text":"View details","type":"text"},"type":"cards","items":[{"title":"Total DOM Nodes","value":"94","target":"< 1,500 nodes"},{"snippet":"html >\n  body >\n    main >\n      div#inspire.application.theme--dark >\n        div.application--wrap >\n          aside.navigation-drawer.navigation-drawer--clipped.navigation-drawer--close.navigation-drawer--fixed.navigation-drawer--is-mobile >\n            div.list >\n              div >\n                div.list__tile >\n                  div.input-group.input-group--dirty.input-group--selection-controls.switch.accent--text >\n                    div.input-group__input >\n                      div.input-group--selection-controls__container >\n                        div.input-group--selection-controls__toggle.input-group--selection-controls__toggle--active","title":"DOM Depth","value":"13","target":"< 32"},{"snippet":"Element with most children:\nhead","title":"Maximum Children","value":"8","target":"< 60 nodes"}]}},"score":100,"weight":0,"id":"dom-size","group":"perf-info"},{"result":{"displayValue":"","score":null,"debugString":"Audit error: Unable to identify the main resource","helpText":"The Critical Request Chains below show you what resources are issued with a high priority. Consider reducing the length of chains, reducing the download size of resources, or deferring the download of unnecessary resources to improve page load. [Learn more](https://developers.google.com/web/tools/lighthouse/audits/critical-request-chains).","rawValue":null,"name":"critical-request-chains","description":"Critical Request Chains","scoringMode":"binary","informative":true,"error":true},"score":0,"weight":0,"id":"critical-request-chains","group":"perf-info"},{"result":{"displayValue":"11","score":100,"helpText":"Lists the network requests that were made during page load.","rawValue":11,"extendedInfo":{"value":[{"transferSize":1211,"startTime":0,"endTime":638.9249991625547,"mimeType":"text/html","url":"http://web/","statusCode":200,"resourceType":"document"},{"transferSize":1171,"startTime":755.621999502182,"endTime":1328.4680005162954,"mimeType":"application/javascript","url":"http://web/static/js/manifest.9f020e973ae4037504f6.js","statusCode":200,"resourceType":"script"},{"transferSize":232785,"startTime":755.7720001786947,"endTime":2917.8979992866516,"mimeType":"application/javascript","url":"http://web/static/js/vendor.d1efda22f11e965a5228.js","statusCode":200,"resourceType":"script"},{"transferSize":12691,"startTime":755.9009995311499,"endTime":1470.6410001963377,"mimeType":"application/javascript","url":"http://web/static/js/app.310cd52123c59f9f64a5.js","statusCode":200,"resourceType":"script"},{"transferSize":47366,"startTime":790.370000526309,"endTime":2162.829000502825,"mimeType":"application/javascript","url":"https://cdnjs.cloudflare.com/ajax/libs/Chart.js/2.7.1/Chart.min.js","statusCode":200,"resourceType":"script"},{"transferSize":405,"startTime":790.8159997314215,"endTime":1663.72200101614,"mimeType":"text/plain","url":"https://unpkg.com/vue-chartjs/dist/vue-chartjs.min.js","statusCode":302},{"transferSize":1524,"startTime":1664.8290008306503,"endTime":2258.2770008593798,"mimeType":"application/javascript","url":"https://unpkg.com/vue-chartjs@3.3.2/dist/vue-chartjs.min.js","statusCode":200,"resourceType":"script"},{"transferSize":32261,"startTime":4527.456000447273,"endTime":5278.87500077486,"mimeType":"text/css","url":"http://web/static/css/app.a1bcfeb0daa2a3f727390086fd42ee9d.css","statusCode":200,"resourceType":"stylesheet"},{"transferSize":15461,"startTime":5458.613000810146,"endTime":6342.342000454664,"mimeType":"font/woff2","url":"https://fonts.gstatic.com/s/roboto/v18/KFOmCnqEu92Fr1Mu4mxK.woff2","statusCode":200,"resourceType":"font"},{"transferSize":49163,"startTime":5458.761001005769,"endTime":6524.431999772787,"mimeType":"font/woff2","url":"https://fonts.gstatic.com/s/materialicons/v37/flUhRq6tzZclQEJ-Vdg-IuiaDsNc.woff2","statusCode":200,"resourceType":"font"},{"transferSize":15817,"startTime":5458.878999575973,"endTime":6334.002999588847,"mimeType":"font/woff2","url":"https://fonts.gstatic.com/s/roboto/v18/KFOlCnqEu92Fr1MmEU9fBBc4.woff2","statusCode":200,"resourceType":"font"}]},"name":"network-requests","description":"Network Requests","scoringMode":"binary","informative":true,"details":{"itemHeaders":[{"itemType":"url","text":"URL","type":"text"},{"itemType":"ms","text":"Start Time","type":"text"},{"itemType":"ms","text":"End Time","type":"text"},{"itemType":"bytes","text":"Transfer Size","type":"text"},{"itemType":"text","text":"Status Code","type":"text"},{"itemType":"text","text":"MIME Type","type":"text"},{"itemType":"text","text":"Resource Type","type":"text"}],"header":"View Details","type":"table","items":[[{"text":"http://web/","type":"url"},{"text":0,"type":"ms"},{"text":638.9249991625547,"type":"ms"},{"text":1211,"type":"bytes"},{"text":200,"type":"text"},{"text":"text/html","type":"text"},{"text":"document","type":"text"}],[{"text":"http://web/static/js/manifest.9f020e973ae4037504f6.js","type":"url"},{"text":755.621999502182,"type":"ms"},{"text":1328.4680005162954,"type":"ms"},{"text":1171,"type":"bytes"},{"text":200,"type":"text"},{"text":"application/javascript","type":"text"},{"text":"script","type":"text"}],[{"text":"http://web/static/js/vendor.d1efda22f11e965a5228.js","type":"url"},{"text":755.7720001786947,"type":"ms"},{"text":2917.8979992866516,"type":"ms"},{"text":232785,"type":"bytes"},{"text":200,"type":"text"},{"text":"application/javascript","type":"text"},{"text":"script","type":"text"}],[{"text":"http://web/static/js/app.310cd52123c59f9f64a5.js","type":"url"},{"text":755.9009995311499,"type":"ms"},{"text":1470.6410001963377,"type":"ms"},{"text":12691,"type":"bytes"},{"text":200,"type":"text"},{"text":"application/javascript","type":"text"},{"text":"script","type":"text"}],[{"text":"https://cdnjs.cloudflare.com/ajax/libs/Chart.js/2.7.1/Chart.min.js","type":"url"},{"text":790.370000526309,"type":"ms"},{"text":2162.829000502825,"type":"ms"},{"text":47366,"type":"bytes"},{"text":200,"type":"text"},{"text":"application/javascript","type":"text"},{"text":"script","type":"text"}],[{"text":"https://unpkg.com/vue-chartjs/dist/vue-chartjs.min.js","type":"url"},{"text":790.8159997314215,"type":"ms"},{"text":1663.72200101614,"type":"ms"},{"text":405,"type":"bytes"},{"text":302,"type":"text"},{"text":"text/plain","type":"text"},{"type":"text"}],[{"text":"https://unpkg.com/vue-chartjs@3.3.2/dist/vue-chartjs.min.js","type":"url"},{"text":1664.8290008306503,"type":"ms"},{"text":2258.2770008593798,"type":"ms"},{"text":1524,"type":"bytes"},{"text":200,"type":"text"},{"text":"application/javascript","type":"text"},{"text":"script","type":"text"}],[{"text":"http://web/static/css/app.a1bcfeb0daa2a3f727390086fd42ee9d.css","type":"url"},{"text":4527.456000447273,"type":"ms"},{"text":5278.87500077486,"type":"ms"},{"text":32261,"type":"bytes"},{"text":200,"type":"text"},{"text":"text/css","type":"text"},{"text":"stylesheet","type":"text"}],[{"text":"https://fonts.gstatic.com/s/roboto/v18/KFOmCnqEu92Fr1Mu4mxK.woff2","type":"url"},{"text":5458.613000810146,"type":"ms"},{"text":6342.342000454664,"type":"ms"},{"text":15461,"type":"bytes"},{"text":200,"type":"text"},{"text":"font/woff2","type":"text"},{"text":"font","type":"text"}],[{"text":"https://fonts.gstatic.com/s/materialicons/v37/flUhRq6tzZclQEJ-Vdg-IuiaDsNc.woff2","type":"url"},{"text":5458.761001005769,"type":"ms"},{"text":6524.431999772787,"type":"ms"},{"text":49163,"type":"bytes"},{"text":200,"type":"text"},{"text":"font/woff2","type":"text"},{"text":"font","type":"text"}],[{"text":"https://fonts.gstatic.com/s/roboto/v18/KFOlCnqEu92Fr1MmEU9fBBc4.woff2","type":"url"},{"text":5458.878999575973,"type":"ms"},{"text":6334.002999588847,"type":"ms"},{"text":15817,"type":"bytes"},{"text":200,"type":"text"},{"text":"font/woff2","type":"text"},{"text":"font","type":"text"}]]}},"score":100,"weight":0,"id":"network-requests"},{"result":{"displayValue":"0","score":true,"helpText":"Consider instrumenting your app with the User Timing API to create custom, real-world measurements of key user experiences. [Learn more](https://developers.google.com/web/tools/lighthouse/audits/user-timing).","rawValue":true,"extendedInfo":{"value":[]},"name":"user-timings","description":"User Timing marks and measures","scoringMode":"binary","informative":true,"details":{"itemHeaders":[{"itemType":"text","text":"Name","type":"text"},{"itemType":"text","text":"Type","type":"text"},{"itemType":"text","text":"Time","type":"text"}],"header":"View Details","type":"table","items":[]}},"score":100,"weight":0,"id":"user-timings","group":"perf-info"},{"result":{"displayValue":"1,570 ms","score":true,"helpText":"Consider reducing the time spent parsing, compiling, and executing JS. You may find delivering smaller JS payloads helps with this. [Learn more](https://developers.google.com/web/lighthouse/audits/bootup).","rawValue":1573.503999710083,"extendedInfo":{"value":{"http://web/static/js/app.310cd52123c59f9f64a5.js":{"Script Evaluation":1173.697998046875,"Script Parsing & Compile":22.533000946044922},"http://web/static/js/vendor.d1efda22f11e965a5228.js":{"Style & Layout":178.41699981689453,"Script Parsing & Compile":14.004999160766602,"Script Evaluation":9.45100212097168},"https://unpkg.com/vue-chartjs@3.3.2/dist/vue-chartjs.min.js":{"Script Evaluation":6.445001602172852,"Script Parsing & Compile":4.004999160766602},"https://cdnjs.cloudflare.com/ajax/libs/Chart.js/2.7.1/Chart.min.js":{"Style & Layout":0.8509998321533203,"Script Evaluation":90.19700050354004,"Script Parsing & Compile":0.5679988861083984},"http://web/static/js/manifest.9f020e973ae4037504f6.js":{"Script Parsing & Compile":2.184000015258789,"Script Evaluation":1.4300003051757812},"http://web/":{"Style & Layout":0.0989990234375,"Script Evaluation":7.028999328613281,"Script Parsing & Compile":0.14599990844726562},"http://web/#/":{"Parsing HTML & CSS":62.446001052856445}}},"name":"bootup-time","description":"JavaScript boot-up time","scoringMode":"binary","details":{"itemHeaders":[{"itemType":"url","text":"URL","type":"text"},{"itemType":"text","text":"Script Evaluation","type":"text"},{"itemType":"text","text":"Script Parsing & Compile","type":"text"}],"header":"View Details","type":"table","items":[[{"text":"http://web/static/js/app.310cd52123c59f9f64a5.js","type":"url"},{"text":"1,174 ms","type":"text"},{"text":"23 ms","type":"text"}],[{"text":"https://cdnjs.cloudflare.com/ajax/libs/Chart.js/2.7.1/Chart.min.js","type":"url"},{"text":"90 ms","type":"text"},{"text":"1 ms","type":"text"}],[{"text":"http://web/static/js/vendor.d1efda22f11e965a5228.js","type":"url"},{"text":"9 ms","type":"text"},{"text":"14 ms","type":"text"}],[{"text":"https://unpkg.com/vue-chartjs@3.3.2/dist/vue-chartjs.min.js","type":"url"},{"text":"6 ms","type":"text"},{"text":"4 ms","type":"text"}]]}},"score":100,"weight":0,"id":"bootup-time","group":"perf-info"},{"result":{"displayValue":"true","score":100,"helpText":"This is what the load of your site looked like.","rawValue":true,"name":"screenshot-thumbnails","description":"Screenshot Thumbnails","scoringMode":"binary","informative":true,"details":{"scale":6606,"type":"filmstrip","items":[{"data":"/9j/4AAQSkZJRgABAQAAAQABAAD/2wCEAAMCAgMCAgMDAwMEAwMEBQgFBQQEBQoHBwYIDAoMDAsKCwsNDhIQDQ4RDgsLEBYQERMUFRUVDA8XGBYUGBIUFRQBAwQEBQQFCQUFCRQNCw0UFBQUFBQUFBQUFBQUFBQUFBQUFBQUFBQUFBQUFBQUFBQUFBQUFBQUFBQUFBQUFBQUFP/AABEIANUAeAMBEQACEQEDEQH/xAGiAAABBQEBAQEBAQAAAAAAAAAAAQIDBAUGBwgJCgsQAAIBAwMCBAMFBQQEAAABfQECAwAEEQUSITFBBhNRYQcicRQygZGhCCNCscEVUtHwJDNicoIJChYXGBkaJSYnKCkqNDU2Nzg5OkNERUZHSElKU1RVVldYWVpjZGVmZ2hpanN0dXZ3eHl6g4SFhoeIiYqSk5SVlpeYmZqio6Slpqeoqaqys7S1tre4ubrCw8TFxsfIycrS09TV1tfY2drh4uPk5ebn6Onq8fLz9PX29/j5+gEAAwEBAQEBAQEBAQAAAAAAAAECAwQFBgcICQoLEQACAQIEBAMEBwUEBAABAncAAQIDEQQFITEGEkFRB2FxEyIygQgUQpGhscEJIzNS8BVictEKFiQ04SXxFxgZGiYnKCkqNTY3ODk6Q0RFRkdISUpTVFVWV1hZWmNkZWZnaGlqc3R1dnd4eXqCg4SFhoeIiYqSk5SVlpeYmZqio6Slpqeoqaqys7S1tre4ubrCw8TFxsfIycrS09TV1tfY2dri4+Tl5ufo6ery8/T19vf4+fr/2gAMAwEAAhEDEQA/AP1ToAKACgAoAKACgAoAKACgAoAKACgAoAKACgAoAKACgAoAKACgAoAKACgAoAKACgAoAKACgAoAKACgAoAKACgAoAKACgAoAKACgAoAKACgAoAKACgAoAKACgAoAKACgAoAKACgAoAKACgAoAKACgAoAKACgAoAKACgAoAKACgAoAKACgAoAKACgAoAKACgAoAKACgAoAKACgAoAKACgAoAKACgAoAKACgAoAKACgAoAKACgAoAKACgAoAKACgAoAKACgAoAKACgAoAKACgAoAKACgAoAKACgAoAKACgAoAKACgAoAKACgAoAKACgAoAKACgAoAKACgAoAKACgAoAKACgAoAKACgAoAKACgAoAKACgAoAKACgAoAKACgAoAKACgAoAKACgAoAKACgAoAKACgAoAKACgAoAKACgAoAKACgAoAKACgAoAKACgAoAKACgAoAKACgAoAKACgAoAKACgAoAKACgAoAKACgAoAKACgAoAKACgAoAKACgAoAKACgAoAKACgAoAKACgAoAKACgAoAKACgAoAKACgAoAKACgAoAKACgAoAKACgAoAKACgAoAKACgAoAKACgAoAKACgAoAKACgAoAKACgAoAKACgAoAKACgAoAKACgAoAKACgAoAKACgAoAKACgAoAKACgAoAKACgAoAKACgAoAKACgAoAKACgAoAKACgAoAKACgAoAKACgAoAKACgAoAKACgAoAKACgAoAKACgAoAKACgAoAKACgAoAKACgAoAKACgAoAKACgAoAKACgAoAKACgAoAKACgAoAKACgAoAKACgAoAKACgAoAKACgAoAKACgAoAKACgAoAKACgAoAKACgAoAKACgAoAKACgAoAKACgAoAKACgAoAKACgAoAKACgAoAKACgAoAKACgAoAKACgAoAKACgAoAKACgAoAKACgAoAKACgAoAKACgD//Z","timing":661,"timestamp":8650053854298},{"data":"/9j/4AAQSkZJRgABAQAAAQABAAD/2wCEAAMCAgMCAgMDAwMEAwMEBQgFBQQEBQoHBwYIDAoMDAsKCwsNDhIQDQ4RDgsLEBYQERMUFRUVDA8XGBYUGBIUFRQBAwQEBQQFCQUFCRQNCw0UFBQUFBQUFBQUFBQUFBQUFBQUFBQUFBQUFBQUFBQUFBQUFBQUFBQUFBQUFBQUFBQUFP/AABEIANUAeAMBEQACEQEDEQH/xAGiAAABBQEBAQEBAQAAAAAAAAAAAQIDBAUGBwgJCgsQAAIBAwMCBAMFBQQEAAABfQECAwAEEQUSITFBBhNRYQcicRQygZGhCCNCscEVUtHwJDNicoIJChYXGBkaJSYnKCkqNDU2Nzg5OkNERUZHSElKU1RVVldYWVpjZGVmZ2hpanN0dXZ3eHl6g4SFhoeIiYqSk5SVlpeYmZqio6Slpqeoqaqys7S1tre4ubrCw8TFxsfIycrS09TV1tfY2drh4uPk5ebn6Onq8fLz9PX29/j5+gEAAwEBAQEBAQEBAQAAAAAAAAECAwQFBgcICQoLEQACAQIEBAMEBwUEBAABAncAAQIDEQQFITEGEkFRB2FxEyIygQgUQpGhscEJIzNS8BVictEKFiQ04SXxFxgZGiYnKCkqNTY3ODk6Q0RFRkdISUpTVFVWV1hZWmNkZWZnaGlqc3R1dnd4eXqCg4SFhoeIiYqSk5SVlpeYmZqio6Slpqeoqaqys7S1tre4ubrCw8TFxsfIycrS09TV1tfY2dri4+Tl5ufo6ery8/T19vf4+fr/2gAMAwEAAhEDEQA/AP1ToAKACgAoAKACgAoAKACgAoAKACgAoAKACgAoAKACgAoAKACgAoAKACgAoAKACgAoAKACgAoAKACgAoAKACgAoAKACgAoAKACgAoAKACgAoAKACgAoAKACgAoAKACgAoAKACgAoAKACgAoAKACgAoAKACgAoAKACgAoAKACgAoAKACgAoAKACgAoAKACgAoAKACgAoAKACgAoAKACgAoAKACgAoAKACgAoAKACgAoAKACgAoAKACgAoAKACgAoAKACgAoAKACgAoAKACgAoAKACgAoAKACgAoAKACgAoAKACgAoAKACgAoAKACgAoAKACgAoAKACgAoAKACgAoAKACgAoAKACgAoAKACgAoAKACgAoAKACgAoAKACgAoAKACgAoAKACgAoAKACgAoAKACgAoAKACgAoAKACgAoAKACgAoAKACgAoAKACgAoAKACgAoAKACgAoAKACgAoAKACgAoAKACgAoAKACgAoAKACgAoAKACgAoAKACgAoAKACgAoAKACgAoAKACgAoAKACgAoAKACgAoAKACgAoAKACgAoAKACgAoAKACgAoAKACgAoAKACgAoAKACgAoAKACgAoAKACgAoAKACgAoAKACgAoAKACgAoAKACgAoAKACgAoAKACgAoAKACgAoAKACgAoAKACgAoAKACgAoAKACgAoAKACgAoAKACgAoAKACgAoAKACgAoAKACgAoAKACgAoAKACgAoAKACgAoAKACgAoAKACgAoAKACgAoAKACgAoAKACgAoAKACgAoAKACgAoAKACgAoAKACgAoAKACgAoAKACgAoAKACgAoAKACgAoAKACgAoAKACgAoAKACgAoAKACgAoAKACgAoAKACgAoAKACgAoAKACgAoAKACgAoAKACgAoAKACgAoAKACgAoAKACgAoAKACgAoAKACgAoAKACgAoAKACgD//Z","timing":1321,"timestamp":8.650054514898001E12},{"data":"/9j/4AAQSkZJRgABAQAAAQABAAD/2wCEAAMCAgMCAgMDAwMEAwMEBQgFBQQEBQoHBwYIDAoMDAsKCwsNDhIQDQ4RDgsLEBYQERMUFRUVDA8XGBYUGBIUFRQBAwQEBQQFCQUFCRQNCw0UFBQUFBQUFBQUFBQUFBQUFBQUFBQUFBQUFBQUFBQUFBQUFBQUFBQUFBQUFBQUFBQUFP/AABEIANUAeAMBEQACEQEDEQH/xAGiAAABBQEBAQEBAQAAAAAAAAAAAQIDBAUGBwgJCgsQAAIBAwMCBAMFBQQEAAABfQECAwAEEQUSITFBBhNRYQcicRQygZGhCCNCscEVUtHwJDNicoIJChYXGBkaJSYnKCkqNDU2Nzg5OkNERUZHSElKU1RVVldYWVpjZGVmZ2hpanN0dXZ3eHl6g4SFhoeIiYqSk5SVlpeYmZqio6Slpqeoqaqys7S1tre4ubrCw8TFxsfIycrS09TV1tfY2drh4uPk5ebn6Onq8fLz9PX29/j5+gEAAwEBAQEBAQEBAQAAAAAAAAECAwQFBgcICQoLEQACAQIEBAMEBwUEBAABAncAAQIDEQQFITEGEkFRB2FxEyIygQgUQpGhscEJIzNS8BVictEKFiQ04SXxFxgZGiYnKCkqNTY3ODk6Q0RFRkdISUpTVFVWV1hZWmNkZWZnaGlqc3R1dnd4eXqCg4SFhoeIiYqSk5SVlpeYmZqio6Slpqeoqaqys7S1tre4ubrCw8TFxsfIycrS09TV1tfY2dri4+Tl5ufo6ery8/T19vf4+fr/2gAMAwEAAhEDEQA/AP1ToAKACgAoAKACgAoAKACgAoAKACgAoAKACgAoAKACgAoAKACgAoAKACgAoAKACgAoAKACgAoAKACgAoAKACgAoAKACgAoAKACgAoAKACgAoAKACgAoAKACgAoAKACgAoAKACgAoAKACgAoAKACgAoAKACgAoAKACgAoAKACgAoAKACgAoAKACgAoAKACgAoAKACgAoAKACgAoAKACgAoAKACgAoAKACgAoAKACgAoAKACgAoAKACgAoAKACgAoAKACgAoAKACgAoAKACgAoAKACgAoAKACgAoAKACgAoAKACgAoAKACgAoAKACgAoAKACgAoAKACgAoAKACgAoAKACgAoAKACgAoAKACgAoAKACgAoAKACgAoAKACgAoAKACgAoAKACgAoAKACgAoAKACgAoAKACgAoAKACgAoAKACgAoAKACgAoAKACgAoAKACgAoAKACgAoAKACgAoAKACgAoAKACgAoAKACgAoAKACgAoAKACgAoAKACgAoAKACgAoAKACgAoAKACgAoAKACgAoAKACgAoAKACgAoAKACgAoAKACgAoAKACgAoAKACgAoAKACgAoAKACgAoAKACgAoAKACgAoAKACgAoAKACgAoAKACgAoAKACgAoAKACgAoAKACgAoAKACgAoAKACgAoAKACgAoAKACgAoAKACgAoAKACgAoAKACgAoAKACgAoAKACgAoAKACgAoAKACgAoAKACgAoAKACgAoAKACgAoAKACgAoAKACgAoAKACgAoAKACgAoAKACgAoAKACgAoAKACgAoAKACgAoAKACgAoAKACgAoAKACgAoAKACgAoAKACgAoAKACgAoAKACgAoAKACgAoAKACgAoAKACgAoAKACgAoAKACgAoAKACgAoAKACgAoAKACgAoAKACgAoAKACgAoAKACgAoAKACgAoAKACgAoAKACgD//Z","timing":1982,"timestamp":8.650055175497999E12},{"data":"/9j/4AAQSkZJRgABAQAAAQABAAD/2wCEAAMCAgMCAgMDAwMEAwMEBQgFBQQEBQoHBwYIDAoMDAsKCwsNDhIQDQ4RDgsLEBYQERMUFRUVDA8XGBYUGBIUFRQBAwQEBQQFCQUFCRQNCw0UFBQUFBQUFBQUFBQUFBQUFBQUFBQUFBQUFBQUFBQUFBQUFBQUFBQUFBQUFBQUFBQUFP/AABEIANUAeAMBEQACEQEDEQH/xAGiAAABBQEBAQEBAQAAAAAAAAAAAQIDBAUGBwgJCgsQAAIBAwMCBAMFBQQEAAABfQECAwAEEQUSITFBBhNRYQcicRQygZGhCCNCscEVUtHwJDNicoIJChYXGBkaJSYnKCkqNDU2Nzg5OkNERUZHSElKU1RVVldYWVpjZGVmZ2hpanN0dXZ3eHl6g4SFhoeIiYqSk5SVlpeYmZqio6Slpqeoqaqys7S1tre4ubrCw8TFxsfIycrS09TV1tfY2drh4uPk5ebn6Onq8fLz9PX29/j5+gEAAwEBAQEBAQEBAQAAAAAAAAECAwQFBgcICQoLEQACAQIEBAMEBwUEBAABAncAAQIDEQQFITEGEkFRB2FxEyIygQgUQpGhscEJIzNS8BVictEKFiQ04SXxFxgZGiYnKCkqNTY3ODk6Q0RFRkdISUpTVFVWV1hZWmNkZWZnaGlqc3R1dnd4eXqCg4SFhoeIiYqSk5SVlpeYmZqio6Slpqeoqaqys7S1tre4ubrCw8TFxsfIycrS09TV1tfY2dri4+Tl5ufo6ery8/T19vf4+fr/2gAMAwEAAhEDEQA/AP1ToAKACgAoAKACgAoAKACgAoAKACgAoAKACgAoAKACgAoAKACgAoAKACgAoAKACgAoAKACgAoAKACgAoAKACgAoAKACgAoAKACgAoAKACgAoAKACgAoAKACgAoAKACgAoAKACgAoAKACgAoAKACgAoAKACgAoAKACgAoAKACgAoAKACgAoAKACgAoAKACgAoAKACgAoAKACgAoAKACgAoAKACgAoAKACgAoAKACgAoAKACgAoAKACgAoAKACgAoAKACgAoAKACgAoAKACgAoAKACgAoAKACgAoAKACgAoAKACgAoAKACgAoAKACgAoAKACgAoAKACgAoAKACgAoAKACgAoAKACgAoAKACgAoAKACgAoAKACgAoAKACgAoAKACgAoAKACgAoAKACgAoAKACgAoAKACgAoAKACgAoAKACgAoAKACgAoAKACgAoAKACgAoAKACgAoAKACgAoAKACgAoAKACgAoAKACgAoAKACgAoAKACgAoAKACgAoAKACgAoAKACgAoAKACgAoAKACgAoAKACgAoAKACgAoAKACgAoAKACgAoAKACgAoAKACgAoAKACgAoAKACgAoAKACgAoAKACgAoAKACgAoAKACgAoAKACgAoAKACgAoAKACgAoAKACgAoAKACgAoAKACgAoAKACgAoAKACgAoAKACgAoAKACgAoAKACgAoAKACgAoAKACgAoAKACgAoAKACgAoAKACgAoAKACgAoAKACgAoAKACgAoAKACgAoAKACgAoAKACgAoAKACgAoAKACgAoAKACgAoAKACgAoAKACgAoAKACgAoAKACgAoAKACgAoAKACgAoAKACgAoAKACgAoAKACgAoAKACgAoAKACgAoAKACgAoAKACgAoAKACgAoAKACgAoAKACgAoAKACgAoAKACgAoAKACgAoAKACgAoAKACgAoAKACgD//Z","timing":2642,"timestamp":8650055836098},{"data":"/9j/4AAQSkZJRgABAQAAAQABAAD/2wCEAAMCAgMCAgMDAwMEAwMEBQgFBQQEBQoHBwYIDAoMDAsKCwsNDhIQDQ4RDgsLEBYQERMUFRUVDA8XGBYUGBIUFRQBAwQEBQQFCQUFCRQNCw0UFBQUFBQUFBQUFBQUFBQUFBQUFBQUFBQUFBQUFBQUFBQUFBQUFBQUFBQUFBQUFBQUFP/AABEIANUAeAMBEQACEQEDEQH/xAGiAAABBQEBAQEBAQAAAAAAAAAAAQIDBAUGBwgJCgsQAAIBAwMCBAMFBQQEAAABfQECAwAEEQUSITFBBhNRYQcicRQygZGhCCNCscEVUtHwJDNicoIJChYXGBkaJSYnKCkqNDU2Nzg5OkNERUZHSElKU1RVVldYWVpjZGVmZ2hpanN0dXZ3eHl6g4SFhoeIiYqSk5SVlpeYmZqio6Slpqeoqaqys7S1tre4ubrCw8TFxsfIycrS09TV1tfY2drh4uPk5ebn6Onq8fLz9PX29/j5+gEAAwEBAQEBAQEBAQAAAAAAAAECAwQFBgcICQoLEQACAQIEBAMEBwUEBAABAncAAQIDEQQFITEGEkFRB2FxEyIygQgUQpGhscEJIzNS8BVictEKFiQ04SXxFxgZGiYnKCkqNTY3ODk6Q0RFRkdISUpTVFVWV1hZWmNkZWZnaGlqc3R1dnd4eXqCg4SFhoeIiYqSk5SVlpeYmZqio6Slpqeoqaqys7S1tre4ubrCw8TFxsfIycrS09TV1tfY2dri4+Tl5ufo6ery8/T19vf4+fr/2gAMAwEAAhEDEQA/AP1ToAKACgAoAKACgAoAKACgAoAKACgAoAKACgAoAKACgAoAKACgAoAKACgAoAKACgAoAKACgAoAKACgAoAKACgAoAKACgAoAKACgAoAKACgAoAKACgAoAKACgAoAKACgAoAKACgAoAKACgAoAKACgAoAKACgAoAKACgAoAKACgAoAKACgAoAKACgAoAKACgAoAKACgAoAKACgAoAKACgAoAKACgAoAKACgAoAKACgAoAKACgAoAKACgAoAKACgAoAKACgAoAKACgAoAKACgAoAKACgAoAKACgAoAKACgAoAKACgAoAKACgAoAKACgAoAKACgAoAKACgAoAKACgAoAKACgAoAKACgAoAKACgAoAKACgAoAKACgAoAKACgAoAKACgAoAKACgAoAKACgAoAKACgAoAKACgAoAKACgAoAKACgAoAKACgAoAKACgAoAKACgAoAKACgAoAKACgAoAKACgAoAKACgAoAKACgAoAKACgAoAKACgAoAKACgAoAKACgAoAKACgAoAKACgAoAKACgAoAKACgAoAKACgAoAKACgAoAKACgAoAKACgAoAKACgAoAKACgAoAKACgAoAKACgAoAKACgAoAKACgAoAKACgAoAKACgAoAKACgAoAKACgAoAKACgAoAKACgAoAKACgAoAKACgAoAKACgAoAKACgAoAKACgAoAKACgAoAKACgAoAKACgAoAKACgAoAKACgAoAKACgAoAKACgAoAKACgAoAKACgAoAKACgAoAKACgAoAKACgAoAKACgAoAKACgAoAKACgAoAKACgAoAKACgAoAKACgAoAKACgAoAKACgAoAKACgAoAKACgAoAKACgAoAKACgAoAKACgAoAKACgAoAKACgAoAKACgAoAKACgAoAKACgAoAKACgAoAKACgAoAKACgAoAKACgAoAKACgAoAKACgAoAKACgD//Z","timing":3303,"timestamp":8650056496698},{"data":"/9j/4AAQSkZJRgABAQAAAQABAAD/2wCEAAMCAgMCAgMDAwMEAwMEBQgFBQQEBQoHBwYIDAoMDAsKCwsNDhIQDQ4RDgsLEBYQERMUFRUVDA8XGBYUGBIUFRQBAwQEBQQFCQUFCRQNCw0UFBQUFBQUFBQUFBQUFBQUFBQUFBQUFBQUFBQUFBQUFBQUFBQUFBQUFBQUFBQUFBQUFP/AABEIANUAeAMBEQACEQEDEQH/xAGiAAABBQEBAQEBAQAAAAAAAAAAAQIDBAUGBwgJCgsQAAIBAwMCBAMFBQQEAAABfQECAwAEEQUSITFBBhNRYQcicRQygZGhCCNCscEVUtHwJDNicoIJChYXGBkaJSYnKCkqNDU2Nzg5OkNERUZHSElKU1RVVldYWVpjZGVmZ2hpanN0dXZ3eHl6g4SFhoeIiYqSk5SVlpeYmZqio6Slpqeoqaqys7S1tre4ubrCw8TFxsfIycrS09TV1tfY2drh4uPk5ebn6Onq8fLz9PX29/j5+gEAAwEBAQEBAQEBAQAAAAAAAAECAwQFBgcICQoLEQACAQIEBAMEBwUEBAABAncAAQIDEQQFITEGEkFRB2FxEyIygQgUQpGhscEJIzNS8BVictEKFiQ04SXxFxgZGiYnKCkqNTY3ODk6Q0RFRkdISUpTVFVWV1hZWmNkZWZnaGlqc3R1dnd4eXqCg4SFhoeIiYqSk5SVlpeYmZqio6Slpqeoqaqys7S1tre4ubrCw8TFxsfIycrS09TV1tfY2dri4+Tl5ufo6ery8/T19vf4+fr/2gAMAwEAAhEDEQA/AP1ToAKACgAoAKACgAoAKACgAoAKACgAoAKACgAoAKACgAoAKACgAoAKACgAoAKACgAoAKACgAoAKACgAoAKACgAoAKACgAoAKACgAoAKACgAoAKACgAoAKACgAoAKACgAoAKACgAoAKACgAoAKACgAoAKACgAoAKACgAoAKACgAoAKACgAoAKACgAoAKACgAoAKACgAoAKACgAoAKACgAoAKACgAoAKACgAoAKACgAoAKACgAoAKACgAoAKACgAoAKACgAoAKACgAoAKACgAoAKACgAoAKACgAoAKACgAoAKACgAoAKACgAoAKACgAoAKACgAoAKACgAoAKACgAoAKACgAoAKACgAoAKACgAoAKACgAoAKACgAoAKACgAoAKACgAoAKACgAoAKACgAoAKACgAoAKACgAoAKACgAoAKACgAoAKACgAoAKACgAoAKACgAoAKACgAoAKACgAoAKACgAoAKACgAoAKACgAoAKACgAoAKACgAoAKACgAoAKACgAoAKACgAoAKACgAoAKACgAoAKACgAoAKACgAoAKACgAoAKACgAoAKACgAoAKACgAoAKACgAoAKACgAoAKACgAoAKACgAoAKACgAoAKACgAoAKACgAoAKACgAoAKACgAoAKACgAoAKACgAoAKACgAoAKACgAoAKACgAoAKACgAoAKACgAoAKACgAoAKACgAoAKACgAoAKACgAoAKACgAoAKACgAoAKACgAoAKACgAoAKACgAoAKACgAoAKACgAoAKACgAoAKACgAoAKACgAoAKACgAoAKACgAoAKACgAoAKACgAoAKACgAoAKACgAoAKACgAoAKACgAoAKACgAoAKACgAoAKACgAoAKACgAoAKACgAoAKACgAoAKACgAoAKACgAoAKACgAoAKACgAoAKACgAoAKACgAoAKACgAoAKACgAoAKACgD//Z","timing":3964,"timestamp":8650057157298},{"data":"/9j/4AAQSkZJRgABAQAAAQABAAD/2wCEAAMCAgMCAgMDAwMEAwMEBQgFBQQEBQoHBwYIDAoMDAsKCwsNDhIQDQ4RDgsLEBYQERMUFRUVDA8XGBYUGBIUFRQBAwQEBQQFCQUFCRQNCw0UFBQUFBQUFBQUFBQUFBQUFBQUFBQUFBQUFBQUFBQUFBQUFBQUFBQUFBQUFBQUFBQUFP/AABEIANUAeAMBEQACEQEDEQH/xAGiAAABBQEBAQEBAQAAAAAAAAAAAQIDBAUGBwgJCgsQAAIBAwMCBAMFBQQEAAABfQECAwAEEQUSITFBBhNRYQcicRQygZGhCCNCscEVUtHwJDNicoIJChYXGBkaJSYnKCkqNDU2Nzg5OkNERUZHSElKU1RVVldYWVpjZGVmZ2hpanN0dXZ3eHl6g4SFhoeIiYqSk5SVlpeYmZqio6Slpqeoqaqys7S1tre4ubrCw8TFxsfIycrS09TV1tfY2drh4uPk5ebn6Onq8fLz9PX29/j5+gEAAwEBAQEBAQEBAQAAAAAAAAECAwQFBgcICQoLEQACAQIEBAMEBwUEBAABAncAAQIDEQQFITEGEkFRB2FxEyIygQgUQpGhscEJIzNS8BVictEKFiQ04SXxFxgZGiYnKCkqNTY3ODk6Q0RFRkdISUpTVFVWV1hZWmNkZWZnaGlqc3R1dnd4eXqCg4SFhoeIiYqSk5SVlpeYmZqio6Slpqeoqaqys7S1tre4ubrCw8TFxsfIycrS09TV1tfY2dri4+Tl5ufo6ery8/T19vf4+fr/2gAMAwEAAhEDEQA/AP0bk8LeMEuh9l8ZJFaC8SXyp9KjlcWyxQKYA+4cs8cz+YwYjz8Y+RSQDrtMt57TTrWG5unvriOJEkuXRUaVgoBcqoABJycAYGeKALVABQAUAFABQAUAFABQAUAFABQAUAFABQAUAFABQAUAFABQAUAFABQAUAFABQAUAFABQAUAFABQAUAFABQAUAFABQAUAFABQAUAFABQAUAFABQAUAFABQAUAFABQAUAFABQAUAFACZ5xQAZGcd6AFoAKACgAoAKACgAoAKACgAoAKACgAoA8AbVfiFqEGl3Wja9oL2kFwbHVBNfwzbbgSxCKFJAD+9kHyOrcgynbuOwgA7zwHq+q2WrXll4h1fTrqG7mCaTIs8azzPGji4hMSjG6MxliQxOTICsYQAgHftOoYr1cLu2jrj6daAATI2MMDkkZBHUHH8xQAi3CMMgjGCScg4x1H1oAZp9/b6rYW97ZzR3NpcRrLDPC4dJEYZVlYEgggggg4INAFigAoAKACgAoAKACgAoAKAOF1j4PeEvFt/omq6npZvL/RpvtGmXM0syyWT/ALrJjywKZMEeQMA/N2dsgDdG+B3grw9pVrYadoUFrHaQS29rOjN9ptY5FdXWG4z5sWRI4Gxxt3HbigB+ifBfwj4c059O03TGtdMa8hvxYLdTm3ininSeIxRlysSrJGjbEAU4AIIoAst8JfC5Piwpp8kLeKgo1d4LyeJ7jClRhlcGP5SR8hXrQBj3v7O/w+1O4vJ73w5BdyXieXcCeWWRJB9qN2cozlcm4YyFsZJOCSOKAO60PRrTw5oun6Tp8XkWFhbx2tvFuLbI0UKq5YknAAGSSaAL1ABQAUAFABQAUAFABQAUAFABQAUAFABQAUAFABQAUAFABQAUAFABQAUAJuoFfWwbqAuAOaBi0AFABQAUAFABQAUAFABQAUAFABQByaS6/f6Wk1hPZf6RCjQTzRO/UZDsoZCQwK/LwRzyeldj+rNt6nn2xe2hXv8A/hODph+xHRV1EeWy/aVlMX3Y/MU7efvGXB9FTI5JEr6u90waxS2aNfTU8Qf27eG9fTv7H2D7MsMb/aC2TkuSduMbcYHr0xgxP2XKuS9zal7fm/ebG7WB1BQAUARiZec4XHXJppNkOaWjYvmqDjIz9aLMHOK6jftCEkBlJXBIz0H+Qfyos+qDnjrZiC6jP8QHtmnyvsQqsHrckVg6gggg9xSasap31Q6kMKACgAoA8ttfEXirw3YQWVxYJKIFENuLKwe4Msa+UiFmMyBGJlAwQANrMSEBau14eLfuzT+Vv8zzFi3b3qbXzv8AohsvxI15bS9mi02/ma0PMI8OTK8yllCmPdcBTkMGwSCAGyBg1Twm3vrXzGsZ/wBO39x0XhvVvEuvSasJVt9LWyvXtI/tWmyD7Qqqh81D5/KEsQD329jkDmqU+TlfNe6vp0v09TrpVOe6tazsbX2XX/8AoJ6b/wCC6T/4/WJuH2XX/wDoJ6b/AOC6T/4/QAfZdf8A+gnpv/guk/8Aj9AFQ+EoL+++26wUvbuPasfl+ZHCoDBlYRF2UOCPv9ccdK2hVnCPKmc86EJy5mMPw80JnspPs03m2f8AqZftMvmAbGQqW3bmUhjlWJBOGIyAar6xU7kfVqbdyS08CaPY209rBahLSaaO4aDcxVXRlZNoJ+VVKKQq4A7Dml7ed076r9RrDxSa6MSz+H2h6ejLb2rxhoEtm/fOxaNCxVSSckDew57YHQACvrFS/Nfrf8v8hfVafLym9a20dnbxwRLtijUIi+gAwBXO227s6klFJIlpDCgAoAKAPM/CfijTLvw1p3k+HJb1Ft1jeeJrMozL8j8mYc70IIPIIwQDTuKxb1Txfomj6ebzUPDcllatJFCJLp7KJGeWTZGoZpwuXchQM5JYAZJpDLNxr9hYxNJP4RuoYYwS8kos1RADzkmbA6Z/H3oA0YJre4hjlTwnOUkUOvy2vQ9P+WtAD/3P/QpT/wDfNr/8doAP3P8A0KU//fNr/wDHaAKP9la5dyXUmmzjw9aSW/lRWr28RkimyT5wKl0YEbV2kZ4JyOjaxnTS1WpjUhU5vdlobPh6x1eyN6dV1CO/864aWARxeX5EZxti77sYzu4znoKU3F25VYdNSSfO7mxiszQWgYUAFABQAUAFAHlFp+zT4R022uYrCbWLJrkYmki1KQlwZzPINrEqA7vLnao+WaRV2hsUAbCfA7wrH4Qm8MLb3C6JK0Tm2S4ZCrRtuRlkUh1ZWCsGDAhlBB9QDF0f9l34faBYvZ6fpc9pbM2Qkd3KNn7qSH5fm+U7JXG4YP3TnKqQAep2lstpbRQKSyxoEBbqQBigCagAoAKACgAoAKACgAoAKACgAoA4A/G3w0YfFjRTS3M3hm9isL+CFA0hlkKqixrnMjMzbFjHzuw2qrFk3AGndfEK3hj1VYdNv7y80ydreexhWMTFgYTlCzhGBjuIpAA+SG243gpQBZ1PxvbaJLdpf2V/AsLxokkVubhZQyFt48rcUQbWUtKEAKnnBBIBneHvizofivWb7TNLTUJ7mxnS3uGl0+eGNHaKOTG90A3ASoGT76kNuUbSaAJbn4o6Lptle3eoLe2FvZTtDcyPZySpbgCNvMleIOkaFJo5NzlQqFi23Y+0Ap3Hxj0Ox8R6zpN7Ff2R0y4W0a5e1MkU8zRW8gSMx7juxd26gOFLtIFTcQcAG34e8d6N4o1C9stPmuHuLOaaCTz7KeBHaKQxy+W8iKsoVxtLRlgMjnkZAOgoAKACgAoAKACgAoAKAK8thbTxSRSQRvHIwZ1ZQQxGME+p4H5UAO+xwbg3kpkcg7Rx824/qAfrQA06fatIZDbxNISGLlASSBgEnuQCRn3oAclnBHKJEhRHC7Qyrg444+nA/IUALHawxMGSJFIzghQMZOT+ZA/KgBPscGxl8lNrDDDb14xz+HFADxEinIUA8849eTQA+gAoAKACgAoAKACgAoAKACgAoAKACgAoAKACgAoAKACgAoAKACgAoAKACgAoAKACgAoAKACgAoAKACgAoAKACgAoAKACgAoAKACgAoAKACgAoAKACgAoAKACgAoAKACgAoAKACgAoAKACgAoAKACgAoAKACgAoAKACgAoAKACgAoAKACgAoAKACgAoAKACgAoAKACgAoAKACgAoAKACgAoAKACgAoAKACgAoAKACgAoAKACgAoAKACgAoAKACgAoAKACgAoAKACgAoAKACgAoAKACgAoAKACgAoAKACgAoAKACgAoAKACgAoAKACgAoAKACgAoAKACgAoAKACgAoAKACgAoAKACgAoAKACgAoAKACgAoAKACgAoAKACgAoAKACgAoAKACgAoAKACgAoAKACgAoAKACgAoAKACgAoAKACgAoAKACgAoA//9k=","timing":4624,"timestamp":8.650057817898001E12},{"data":"/9j/4AAQSkZJRgABAQAAAQABAAD/2wCEAAMCAgMCAgMDAwMEAwMEBQgFBQQEBQoHBwYIDAoMDAsKCwsNDhIQDQ4RDgsLEBYQERMUFRUVDA8XGBYUGBIUFRQBAwQEBQQFCQUFCRQNCw0UFBQUFBQUFBQUFBQUFBQUFBQUFBQUFBQUFBQUFBQUFBQUFBQUFBQUFBQUFBQUFBQUFP/AABEIANUAeAMBEQACEQEDEQH/xAGiAAABBQEBAQEBAQAAAAAAAAAAAQIDBAUGBwgJCgsQAAIBAwMCBAMFBQQEAAABfQECAwAEEQUSITFBBhNRYQcicRQygZGhCCNCscEVUtHwJDNicoIJChYXGBkaJSYnKCkqNDU2Nzg5OkNERUZHSElKU1RVVldYWVpjZGVmZ2hpanN0dXZ3eHl6g4SFhoeIiYqSk5SVlpeYmZqio6Slpqeoqaqys7S1tre4ubrCw8TFxsfIycrS09TV1tfY2drh4uPk5ebn6Onq8fLz9PX29/j5+gEAAwEBAQEBAQEBAQAAAAAAAAECAwQFBgcICQoLEQACAQIEBAMEBwUEBAABAncAAQIDEQQFITEGEkFRB2FxEyIygQgUQpGhscEJIzNS8BVictEKFiQ04SXxFxgZGiYnKCkqNTY3ODk6Q0RFRkdISUpTVFVWV1hZWmNkZWZnaGlqc3R1dnd4eXqCg4SFhoeIiYqSk5SVlpeYmZqio6Slpqeoqaqys7S1tre4ubrCw8TFxsfIycrS09TV1tfY2dri4+Tl5ufo6ery8/T19vf4+fr/2gAMAwEAAhEDEQA/AP0bk8LeMEuh9l8ZJFaC8SXyp9KjlcWyxQKYA+4cs8cz+YwYjz8Y+RSQDrtMt57TTrWG5unvriOJEkuXRUaVgoBcqoABJycAYGeKALVABQAUAFABQAUAFABQAUAFABQAUAFABQAUAFABQAUAFABQAUAFABQAUAFABQAUAFABQAUAFABQAUAFABQAUAFABQAUAFABQAUAFABQAUAFABQAUAFABQAUAFABQAUAFABQAUAFACZ5xQAZGcd6AFoAKACgAoAKACgAoAKACgAoAKACgAoA8AbVfiFqEGl3Wja9oL2kFwbHVBNfwzbbgSxCKFJAD+9kHyOrcgynbuOwgA7zwHq+q2WrXll4h1fTrqG7mCaTIs8azzPGji4hMSjG6MxliQxOTICsYQAgHftOoYr1cLu2jrj6daAATI2MMDkkZBHUHH8xQAi3CMMgjGCScg4x1H1oAZp9/b6rYW97ZzR3NpcRrLDPC4dJEYZVlYEgggggg4INAFigAoAKACgAoAKACgAoAKAOF1j4PeEvFt/omq6npZvL/RpvtGmXM0syyWT/ALrJjywKZMEeQMA/N2dsgDdG+B3grw9pVrYadoUFrHaQS29rOjN9ptY5FdXWG4z5sWRI4Gxxt3HbigB+ifBfwj4c059O03TGtdMa8hvxYLdTm3ininSeIxRlysSrJGjbEAU4AIIoAst8JfC5Piwpp8kLeKgo1d4LyeJ7jClRhlcGP5SR8hXrQBj3v7O/w+1O4vJ73w5BdyXieXcCeWWRJB9qN2cozlcm4YyFsZJOCSOKAO60PRrTw5oun6Tp8XkWFhbx2tvFuLbI0UKq5YknAAGSSaAL1ABQAUAFABQAUAFABQAUAFABQAUAFABQAUAFABQAUAFABQAUAFABQAUAJuoFfWwbqAuAOaBi0AFABQAUAFABQAUAFABQAUAFABQByaS6/f6Wk1hPZf6RCjQTzRO/UZDsoZCQwK/LwRzyeldj+rNt6nn2xe2hXv8A/hODph+xHRV1EeWy/aVlMX3Y/MU7efvGXB9FTI5JEr6u90waxS2aNfTU8Qf27eG9fTv7H2D7MsMb/aC2TkuSduMbcYHr0xgxP2XKuS9zal7fm/ebG7WB1BQAUARiZec4XHXJppNkOaWjYvmqDjIz9aLMHOK6jftCEkBlJXBIz0H+Qfyos+qDnjrZiC6jP8QHtmnyvsQqsHrckVg6gggg9xSasap31Q6kMKACgAoA8ttfEXirw3YQWVxYJKIFENuLKwe4Msa+UiFmMyBGJlAwQANrMSEBau14eLfuzT+Vv8zzFi3b3qbXzv8AohsvxI15bS9mi02/ma0PMI8OTK8yllCmPdcBTkMGwSCAGyBg1Twm3vrXzGsZ/wBO39x0XhvVvEuvSasJVt9LWyvXtI/tWmyD7Qqqh81D5/KEsQD329jkDmqU+TlfNe6vp0v09TrpVOe6tazsbX2XX/8AoJ6b/wCC6T/4/WJuH2XX/wDoJ6b/AOC6T/4/QAfZdf8A+gnpv/guk/8Aj9AFQ+EoL+++26wUvbuPasfl+ZHCoDBlYRF2UOCPv9ccdK2hVnCPKmc86EJy5mMPw80JnspPs03m2f8AqZftMvmAbGQqW3bmUhjlWJBOGIyAar6xU7kfVqbdyS08CaPY209rBahLSaaO4aDcxVXRlZNoJ+VVKKQq4A7Dml7ed076r9RrDxSa6MSz+H2h6ejLb2rxhoEtm/fOxaNCxVSSckDew57YHQACvrFS/Nfrf8v8hfVafLym9a20dnbxwRLtijUIi+gAwBXO227s6klFJIlpDCgAoAKAPM/CfijTLvw1p3k+HJb1Ft1jeeJrMozL8j8mYc70IIPIIwQDTuKxb1Txfomj6ebzUPDcllatJFCJLp7KJGeWTZGoZpwuXchQM5JYAZJpDLNxr9hYxNJP4RuoYYwS8kos1RADzkmbA6Z/H3oA0YJre4hjlTwnOUkUOvy2vQ9P+WtAD/3P/QpT/wDfNr/8doAP3P8A0KU//fNr/wDHaAKP9la5dyXUmmzjw9aSW/lRWr28RkimyT5wKl0YEbV2kZ4JyOjaxnTS1WpjUhU5vdlobPh6x1eyN6dV1CO/864aWARxeX5EZxti77sYzu4znoKU3F25VYdNSSfO7mxiszQWgYUAFABQAUAFAHlFp+zT4R022uYrCbWLJrkYmki1KQlwZzPINrEqA7vLnao+WaRV2hsUAbCfA7wrH4Qm8MLb3C6JK0Tm2S4ZCrRtuRlkUh1ZWCsGDAhlBB9QDF0f9l34faBYvZ6fpc9pbM2Qkd3KNn7qSH5fm+U7JXG4YP3TnKqQAep2lstpbRQKSyxoEBbqQBigCagAoAKACgAoAKACgAoAKACgAoA4A/G3w0YfFjRTS3M3hm9isL+CFA0hlkKqixrnMjMzbFjHzuw2qrFk3AGndfEK3hj1VYdNv7y80ydreexhWMTFgYTlCzhGBjuIpAA+SG243gpQBZ1PxvbaJLdpf2V/AsLxokkVubhZQyFt48rcUQbWUtKEAKnnBBIBneHvizofivWb7TNLTUJ7mxnS3uGl0+eGNHaKOTG90A3ASoGT76kNuUbSaAJbn4o6Lptle3eoLe2FvZTtDcyPZySpbgCNvMleIOkaFJo5NzlQqFi23Y+0Ap3Hxj0Ox8R6zpN7Ff2R0y4W0a5e1MkU8zRW8gSMx7juxd26gOFLtIFTcQcAG34e8d6N4o1C9stPmuHuLOaaCTz7KeBHaKQxy+W8iKsoVxtLRlgMjnkZAOgoAKACgAoAKACgAoAKAK8thbTxSRSQRvHIwZ1ZQQxGME+p4H5UAO+xwbg3kpkcg7Rx824/qAfrQA06fatIZDbxNISGLlASSBgEnuQCRn3oAclnBHKJEhRHC7Qyrg444+nA/IUALHawxMGSJFIzghQMZOT+ZA/KgBPscGxl8lNrDDDb14xz+HFADxEinIUA8849eTQA+gAoAKACgAoAKACgAoAKACgAoAKACgAoAKACgAoAKACgAoAKACgAoAKACgAoAKACgAoAKACgAoAKACgAoAKACgAoAKACgAoAKACgAoAKACgAoAKACgAoAKACgAoAKACgAoAKACgAoAKACgAoAKACgAoAKACgAoAKACgAoAKACgAoAKACgAoAKACgAoAKACgAoAKACgAoAKACgAoAKACgAoAKACgAoAKACgAoAKACgAoAKACgAoAKACgAoAKACgAoAKACgAoAKACgAoAKACgAoAKACgAoAKACgAoAKACgAoAKACgAoAKACgAoAKACgAoAKACgAoAKACgAoAKACgAoAKACgAoAKACgAoAKACgAoAKACgAoAKACgAoAKACgAoAKACgAoAKACgAoAKACgAoAKACgAoAKACgAoAKACgAoAKACgAoAKACgAoA//9k=","timing":5285,"timestamp":8.650058478497999E12},{"data":"/9j/4AAQSkZJRgABAQAAAQABAAD/2wCEAAMCAgMCAgMDAwMEAwMEBQgFBQQEBQoHBwYIDAoMDAsKCwsNDhIQDQ4RDgsLEBYQERMUFRUVDA8XGBYUGBIUFRQBAwQEBQQFCQUFCRQNCw0UFBQUFBQUFBQUFBQUFBQUFBQUFBQUFBQUFBQUFBQUFBQUFBQUFBQUFBQUFBQUFBQUFP/AABEIANUAeAMBEQACEQEDEQH/xAGiAAABBQEBAQEBAQAAAAAAAAAAAQIDBAUGBwgJCgsQAAIBAwMCBAMFBQQEAAABfQECAwAEEQUSITFBBhNRYQcicRQygZGhCCNCscEVUtHwJDNicoIJChYXGBkaJSYnKCkqNDU2Nzg5OkNERUZHSElKU1RVVldYWVpjZGVmZ2hpanN0dXZ3eHl6g4SFhoeIiYqSk5SVlpeYmZqio6Slpqeoqaqys7S1tre4ubrCw8TFxsfIycrS09TV1tfY2drh4uPk5ebn6Onq8fLz9PX29/j5+gEAAwEBAQEBAQEBAQAAAAAAAAECAwQFBgcICQoLEQACAQIEBAMEBwUEBAABAncAAQIDEQQFITEGEkFRB2FxEyIygQgUQpGhscEJIzNS8BVictEKFiQ04SXxFxgZGiYnKCkqNTY3ODk6Q0RFRkdISUpTVFVWV1hZWmNkZWZnaGlqc3R1dnd4eXqCg4SFhoeIiYqSk5SVlpeYmZqio6Slpqeoqaqys7S1tre4ubrCw8TFxsfIycrS09TV1tfY2dri4+Tl5ufo6ery8/T19vf4+fr/2gAMAwEAAhEDEQA/APh3wzoB168ZWcxwRAF2HXnoB78H8qANnXvA0dlYvc2csjmIFnWUg5XuRgDpQBxtABQAUAFABQAUAFABQAUAFAGhoWktrWpR2ytsXBZ3xnaB/kD8aAOp1TwFBFYSSWs8pmjUttkwQ2BnAwOKAOGoA6Hwfr8WiXcq3CnyJsbpF5KEZxx6c0AbviDxnYy6dNBaMbh5kMZ+UqFBGCeQKAOCOSaADFABigAxQAYoAMUAGKADFABigAxQBreGNXTRdVSaVS0LKUfHUA9x+VAHX6n4205bKYW7tPMylVQIwwSO5IH6UAecgYAoA3vsEH/PMUAH2CD/AJ5igA+wQf8APMUAH2CD/nmKAD7BB/zzFAB9gg/55igA+wQf88xQAfYIP+eYoAPsEH/PMUAH2CD/AJ5igA+wQf8APMUAH2CD/nmKAD7BB/zzFAB9gg/55igA+wQf88xQBYoAKACgAoAKACgAoAKACgAoAKACgAoAKACgAoAKACgAoAKACgAoAKACgAoAKACgAoAKACgAoAKACgAoAKACgAoAKACgAoAKACgAoAKACgAoAKACgAoAKACgAoAKACgAoAKACgAoAKACgAoAKACgAoAKACgAoAKACgAoAKACgAoAKACgAoAKACgAoAKACgAoAKACgAoAKACgAoAKACgAoAKACgAoAKACgAoAKACgAoAKACgAoAKACgAoAKACgAoAKACgAoAKACgAoAKACgAoAKACgBUKh13DK55A9KAOjNh4P7a7rZ/7gsP/AMl0AH2Dwh/0HNb/APBND/8AJdAB9g8If9BzW/8AwTQ//JdAB9g8If8AQc1v/wAE0P8A8l0AH2Dwh/0HNb/8E0P/AMl0AH2Dwh/0HNb/APBND/8AJdAB9g8If9BzW/8AwTQ//JdAB9g8If8AQc1v/wAE0P8A8l0AH2Dwh/0HNb/8E0P/AMl0AH2Dwh/0HNb/APBND/8AJdAB9g8If9BzW/8AwTQ//JdAB9g8If8AQc1v/wAE0P8A8l0AAsPB/fXNb/8ABND/APJdAGDerbrdyraSSS2wYiOSaMRu69iyhmCk9cBjj1NAENABQAUAFABQAUAFABQAUAFABQAUAFABQAUAFABQAUAFABQAUAFABQAUAFABQAUAFABQAUAIeQe1ACfN7UAGG9qADDe1ABhvagAw3tQAYb2oAMN7UAGG9qADDe1ABhvagAw3tQAYb2oAPm9qAFGcc9aAFoA3tM8PW1/YQzvJMjODkIwx1PtQBa/4RO0/57XH/fS//E0AH/CJ2n/Pa4/76X/4mgDI1rTI9MljSF3bepJMmCf0AoA1z4TtP+es4+jLj+VAB/widp/z2uP++l/+JoAP+ETtP+e1x/30v/xNAHP6narY38tujMyJjBY88gH+tAFegAoAKACgAoAKACgDd0nxFb2NhFBJDMXTOSgXHX60AW/+EttP+eFz+S/40AH/AAltp/zwufyX/GgDH1zVI9TljeFHQKpGJAOv4GgDYHi20xzBcZ74C/40AH/CW2n/ADwufyX/ABoAP+EttP8Anhc/kv8AjQBgandJfahLcRqyo+MB8Z6Af0oArUAFABQAUAFABQAUAFABmgAzQAUAFABmgAzQAUAFABQAUAFABQAUAFABQAUAFABQAUAFABQAUAFABQAUAFABQAUAFABQAUAFABQAUAFABQAUAFABQAUAFABQAUAFABQAUAFABQAUAFABQAUAFABQAUAFABQAUAFABQAUAFABQAUAFABQAUAFABQAUAFABQAUAFABQAUAFABQAUAFABQAUAFABQAUAFABQAUAFABQAUAFABQAUAFABQAUAFABQAUAFABQAUAFABQAUAFABQAUAFABQAUAFABQAUAFABQAUAZP9sv/AM8l/OgA/tl/+eS/nQAf2y//ADyX86AD+2X/AOeS/nQAf2y//PJfzoAP7Zf/AJ5L+dAB/bL/APPJfzoAP7Zf/nkv50AH9sv/AM8l/OgA/tl/+eS/nQAf2y//ADyX86AD+2X/AOeS/nQAf2y//PJfzoAP7Zf/AJ5L+dAB/bL/APPJfzoAz6ACgAoAKACgAoAKACgAoAKACgAoAKACgAoA/wD/2Q==","timing":5945,"timestamp":8650059139098},{"data":"/9j/4AAQSkZJRgABAQAAAQABAAD/2wCEAAMCAgMCAgMDAwMEAwMEBQgFBQQEBQoHBwYIDAoMDAsKCwsNDhIQDQ4RDgsLEBYQERMUFRUVDA8XGBYUGBIUFRQBAwQEBQQFCQUFCRQNCw0UFBQUFBQUFBQUFBQUFBQUFBQUFBQUFBQUFBQUFBQUFBQUFBQUFBQUFBQUFBQUFBQUFP/AABEIANUAeAMBEQACEQEDEQH/xAGiAAABBQEBAQEBAQAAAAAAAAAAAQIDBAUGBwgJCgsQAAIBAwMCBAMFBQQEAAABfQECAwAEEQUSITFBBhNRYQcicRQygZGhCCNCscEVUtHwJDNicoIJChYXGBkaJSYnKCkqNDU2Nzg5OkNERUZHSElKU1RVVldYWVpjZGVmZ2hpanN0dXZ3eHl6g4SFhoeIiYqSk5SVlpeYmZqio6Slpqeoqaqys7S1tre4ubrCw8TFxsfIycrS09TV1tfY2drh4uPk5ebn6Onq8fLz9PX29/j5+gEAAwEBAQEBAQEBAQAAAAAAAAECAwQFBgcICQoLEQACAQIEBAMEBwUEBAABAncAAQIDEQQFITEGEkFRB2FxEyIygQgUQpGhscEJIzNS8BVictEKFiQ04SXxFxgZGiYnKCkqNTY3ODk6Q0RFRkdISUpTVFVWV1hZWmNkZWZnaGlqc3R1dnd4eXqCg4SFhoeIiYqSk5SVlpeYmZqio6Slpqeoqaqys7S1tre4ubrCw8TFxsfIycrS09TV1tfY2dri4+Tl5ufo6ery8/T19vf4+fr/2gAMAwEAAhEDEQA/APgL9KAL2qaDqeiLE1/p1zZpI5jDTRkDdgnGemcAn8KAKNABQB0Wm/DzxFrPh2PW9P0m4v8AT5Ls2KNagSuZgYQV8tSXAzcQKGK7S0qKCWOKAJYvhh4sn0e41WPQL19Pt7Sa+lnEfypDFOlvKx7/ACSyIrDqu9SRg5oArSeAPE0M1rG2gah5l3dy2FtEsDGWW5iVDNCIwN29PNjyMZG6gCa1+G3iq+0zT9QtfDup3dpqBuPsr29q0hmEG3zmCqCdq7wC2MZDDOVbABn3/hbWNLsftl3pd5b2vmPC07wkIkisUaNz/C4YYKnB6eooAuz/AA68V215NaTeGNZiuoXijlgfT5Q8bSttiVlK5BcghQfvEYGaAII/BeuM92j6VdW72v2gSi5j8na0ADTp8+PnQMpZRyMjI5FAGLQAUAFABQAY9qAOq8VfFDxZ4206Kw13X9Q1SzilEyQXVw8iK4DAEBiccO350Acrg0AGDQB2+g/FnVvD3glvCsFlYTaVNePcXYmSQveRO1q72shDjETPZW7ZQLICnDgHFAHQW37Sfiyy0DUdHt4rGO21Bt93IwmkmmZLtry3YyPKx3QzvI6kcvvIlMoAAAOWuPiTf3njCPXrmw0+5iitWsYNIlRzZQWxthbCJF37xiMLiTf5hZd5csSxAOt+I/7TPi34nnVX1O3021m1OSWW6lsI5Y2cubcADMh2hI7S3iXbj5Y8tudmdgClrn7QXibxB4X1jQbm300WWqtdNcOkLiTM95a3bkEuRkSWcYGQflZ85JDAA6zxP+194g1vx/ceJ7Hw3oembdW/tSwtnjkme1H9pHUWieXepmDz7WfcMDB8oQh2UgHAt8ZvEMvhqx0OUW0lpZ6fLpkbFXUm3cSbVYBgrMjXF0yuV3A3EgJK7VUA4PHtQAYNABg0AGKAN46bATnyxQAn9mwf881oAP7Ng/55rQAf2bB/zzWgA/s2D/nmtAB/ZsH/ADzWgA/s2D/nmtAB/ZsH/PNaAD+zYP8AnmtAB/ZsH/PNaAD+zYP+ea0AH9mwf881oAP7Ng/55rQAf2bB/wA81oABptvn/VigC3QAUAFABQAUAFABQAUAFABQAUAFABQAUAFABQAUAFABQAUAFABQAUAFABQAUAFABQAUAFABQAUAFABQAUAFABQAUAFABQAUAFABQAUAFABQAUAFABQAUAFABQAUAFABQAUAFABQAUAFABQAUAFABQAUAFABQAUAFABQAUAFABQAUAFABQAUAFABQAUAFABQAUAFABQAUAFABQAUAFABQAUAFABQAUAFABQAUAFABQAUAFABQAUAFABQAUAFABQAUAFABQAUAFABQAUAFABQAUAFABQAUAFAHW6N8L9b8Q6XDeaatveNKkbpapMBMwaS4T5VONxBtpCQpJwQcYDFQCppvgHWNYeySyhjuJbyc20EYlCs8oUMV+bG35WQ5OANwyRzgAYngq9+0xRzz2lpC00kMlzNNiOEoQHLkAkAZzwDnHGTgEAwCMGgAoAKACgDU8K+Hrjxb4m0nQ7R4orrUruKzieYkIryOFUsQCcZIzgE47GgDuvif8DLr4c6BBrcOrwaxpT6hNpUkiqsciXMTOG+VXcFG8tipyGxjcq5FAHmNABQAUAFABQAUATwtahcyxTSOepWYKPy2n+dAD/Msf8An3uP/Ahf/iKADzLH/n3uP/Ahf/iKADzLH/n3uP8AwIX/AOIoAPMsf+fe4/8AAhf/AIigA8yx/wCfe4/8CF/+IoAPMsf+fe4/8CF/+IoAmtL+3sLuG5tkvLe4gdZYpoboI6OpyrKwTIIIBBFAGn4i8a3XilIV1BppFhLvHFGYoYhI2N8hSOJVLsQu5iNzYGScUAc5QAUAFABQAUAFABQAUAFABQAUAFABQAenvxQAgORxQAtABQAUAFABQAUAdhCvg+78LW0LyyWuuJbXEsk4Emxpcv5MR4cNnEZ4WNVG/LsWAQAs6rpHgRrCVtO128+2h5GhUxGSJkDvsVsqpy0YjIZSRuZgwTAJALkdr8PNOs724D3es3cUcEkVkbmRFmY3Q82NX+zIUIgQ/M4x+9OASnIB51QAUAFABQBseDNJtdf8YaHpd7ObWyvr6C2nnVgDHG8iqzZPHAJPPFAHr/7Unwx8JfD+Xw5ceFndBem6intWuIphGsbr5bAx9ismAWyzBAW+ctkA8IoAKACgAoAKACgBSzMqjJAHpQAmG9W/M0AGG9W/M0AByO7fmaADk92/M0AGG9W/M0AGG9W/M0AHI7t+ZoAQ5P8AE3fv7UALQAUAFABQAUAFAFDVbqS2EflttyTnigDW8OeC/FXi5NLbSLQ3f9o3j2FuPNiTzJlMClBuYYJa6gAJwCXGCcHABpN8KPHiWqzyaUyJ5d/MxM8R2pZLuuSQGJGza4PrgYyeKAOPsb+ea6jR3ypzkYHoaAJtUupbeSMRvtBBzwKAN9PAHi19B0fVzbxxWGsru06aa5hjFwfPe3wNzDpLGynOAuULEB1JAMzWND13QnmS8UQywxJM6M8ZOxmwCMMc9VOByM84oAoadezT3G133Lg9qANSgAoAKACgAoAKACgClqVm92E2Y+XPU0APs73XtP06TT7XVbq30+R2le0iuXWF3MbRsxQHBJjd0JI5ViOhIoAfJqfiGZUWTWL2QJG0KbrqQ7EaIQsq88AxKsZA/gAXpxQBRs9OlguUdiu0Z6H2NAE2pWUl06FCvygg5NAF7T9f8U6RYTWNj4g1Kysprc2kttbX0scckBZ2MTKCAULSSHaeMuxx8xyAQapqPiDXM/2lq13qJIYZu7l5eDI0jD5ieC7s59WYnqc0AVbCwltp97lcYI4NAGlQAUAFABQAUAFABQAUAFABQAUAFABQAUAFABQAUAFABQAUAFABQAUAFABQAUAFABQAUAFABQAUAFABQAUAFABQAUAFABQAUAFABQAUAFABQAUAFABQAUAFABQAUAFABQAUAFABQAUAFABQAUAFABQAUAFABQAUAFABQAUAFABQAUAFABQAUAFABQAUAFABQAUAFABQAUAFABQAUAFABQAUAFABQAUAFABQAUAFABQAUAFABQAUAFABQAUAFABQBFDaa3cXNvbxaLeS3FyI2ghjt3Z5Q5AQqoGWDEgDHXNAFjU9E8SaLIkeo+HtQsJHhFwsd1aSRsYi/liQBgDtL/ID03AjrxQBWlttZhurm1k0e7S6tTKJ4DA4kiMYcy7lxkbBHJuz02NnGDQA6Wx12GJpX0O9WJYUuGkNtJtETSCNZM4xtLsEDdCxA6mgCiNQuiHP2U/IcNwfl4J5/AE/QZoAWe+u7YZltGjGSMspAyCQf1Vh9QfSgCH+2n/55r+dAB/bT/8APNfzoAP7af8A55r+dAB/bT/881/OgA/tp/8Anmv50AH9tP8A881/OgA/tp/+ea/nQAf20/8AzzX86AD+2n/55r+dAF+/+Imv6lq0d9e3cV9e26RwJcXNpDI4WMoyHJT7w2Iu7qUXYSU+WgB2r+Pdc1e2s9PvrxLm1stscKG3iXaBLcTAAqoOPMup2I6HeBjCoFAIbTxrrGnzWuoW935UpEsUSiJNsSyIUcBdu0ArxhQAO3ODQBpW3xS8WDUpb9dalN49pLpyyyRI/k28iMjRxKVxCu2RwBGF2hjt25oAp6L8UPEWm395c298DcXlvBaXLXMMc4mhtzFJDGyupBANvEMEEEAhgQSCAUb/AMQ6neacdOuLrzbMXb3Rj2KMzFVVnzjPIA4zjj1NAGXQAUAFABQAUAFABQAUAFAH/9k=","timing":6606,"timestamp":8650059799698}]}},"score":100,"weight":0,"id":"screenshot-thumbnails"},{"result":{"displayValue":"2,800 ms","score":true,"helpText":"Consider reducing the time spent parsing, compiling and executing JS.You may find delivering smaller JS payloads helps with this.","rawValue":2799.5130100250244,"extendedInfo":{"value":{"Update Layer Tree":108.97500228881836,"Layout":432.32500076293945,"Recalculate Style":503.69400215148926,"Evaluate Script":1296.8040027618408,"Animation Frame Fired":8.261001586914062,"Minor GC":82.69900131225586,"Run Microtasks":63.02199935913086,"Parse HTML":62.446001052856445,"Paint":41.383995056152344,"Compile Script":44.90999984741211,"Composite Layers":77.99400329589844,"Parse Stylesheet":76.9990005493164}},"name":"mainthread-work-breakdown","description":"Main thread work breakdown","scoringMode":"binary","informative":true,"details":{"itemHeaders":[{"itemType":"text","text":"Category","type":"text"},{"itemType":"text","text":"Work","type":"text"},{"itemType":"text","text":"Time spent","type":"text"}],"header":"View Details","type":"table","items":[[{"text":"Script Evaluation","type":"text"},{"text":"Evaluate Script","type":"text"},{"text":"1,297 ms","type":"text"}],[{"text":"Script Evaluation","type":"text"},{"text":"Run Microtasks","type":"text"},{"text":"63 ms","type":"text"}],[{"text":"Script Evaluation","type":"text"},{"text":"Animation Frame Fired","type":"text"},{"text":"8 ms","type":"text"}],[{"text":"Style & Layout","type":"text"},{"text":"Recalculate Style","type":"text"},{"text":"504 ms","type":"text"}],[{"text":"Style & Layout","type":"text"},{"text":"Layout","type":"text"},{"text":"432 ms","type":"text"}],[{"text":"Compositing","type":"text"},{"text":"Update Layer Tree","type":"text"},{"text":"109 ms","type":"text"}],[{"text":"Compositing","type":"text"},{"text":"Composite Layers","type":"text"},{"text":"78 ms","type":"text"}],[{"text":"Parsing HTML & CSS","type":"text"},{"text":"Parse Stylesheet","type":"text"},{"text":"77 ms","type":"text"}],[{"text":"Parsing HTML & CSS","type":"text"},{"text":"Parse HTML","type":"text"},{"text":"62 ms","type":"text"}],[{"text":"Garbage collection","type":"text"},{"text":"Minor GC","type":"text"},{"text":"83 ms","type":"text"}],[{"text":"Script Parsing & Compile","type":"text"},{"text":"Compile Script","type":"text"},{"text":"45 ms","type":"text"}],[{"text":"Paint","type":"text"},{"text":"Paint","type":"text"},{"text":"41 ms","type":"text"}]]}},"score":100,"weight":0,"id":"mainthread-work-breakdown","group":"perf-info"},{"result":{"displayValue":"","score":false,"helpText":"Leverage the font-display CSS feature to ensure text is user-visible while webfonts are loading. [Learn more](https://developers.google.com/web/updates/2016/02/font-display).","rawValue":false,"name":"font-display","description":"Avoid invisible text while webfonts are loading","scoringMode":"binary","details":{"itemHeaders":[{"itemType":"url","text":"Font URL","type":"text"},{"itemType":"text","text":"Font download time","type":"text"}],"header":"View Details","type":"table","items":[[{"text":"https://fonts.gstatic.com/s/roboto/v18/KFOmCnqEu92Fr1Mu4mxK.woff2","type":"url"},{"text":"884 ms","type":"text"}],[{"text":"https://fonts.gstatic.com/s/materialicons/v37/flUhRq6tzZclQEJ-Vdg-IuiaDsNc.woff2","type":"url"},{"text":"1,066 ms","type":"text"}],[{"text":"https://fonts.gstatic.com/s/roboto/v18/KFOlCnqEu92Fr1MmEU9fBBc4.woff2","type":"url"},{"text":"875 ms","type":"text"}]]}},"score":0,"weight":0,"id":"font-display","group":"perf-info"}]},{"score":30,"name":"Progressive Web App","weight":1,"description":"These checks validate the aspects of a Progressive Web App, as specified by the baseline [PWA Checklist](https://developers.google.com/web/progressive-web-apps/checklist).","id":"pwa","audits":[{"result":{"displayValue":"","score":false,"helpText":"The service worker is the technology that enables your app to use many Progressive Web App features, such as offline, add to homescreen, and push notifications. [Learn more](https://developers.google.com/web/tools/lighthouse/audits/registered-service-worker).","rawValue":false,"name":"service-worker","description":"Does not register a service worker","scoringMode":"binary"},"score":0,"weight":1,"id":"service-worker"},{"result":{"displayValue":"","score":false,"helpText":"If you're building a Progressive Web App, consider using a service worker so that your app can work offline. [Learn more](https://developers.google.com/web/tools/lighthouse/audits/http-200-when-offline).","rawValue":false,"name":"works-offline","description":"Does not respond with a 200 when offline","scoringMode":"binary"},"score":0,"weight":1,"id":"works-offline"},{"result":{"displayValue":"","score":false,"debugString":"The page body should render some content if its scripts are not available.","helpText":"Your app should display some content when JavaScript is disabled, even if it's just a warning to the user that JavaScript is required to use the app. [Learn more](https://developers.google.com/web/tools/lighthouse/audits/no-js).","rawValue":false,"name":"without-javascript","description":"Does not provide fallback content when JavaScript is not available","scoringMode":"binary"},"score":0,"weight":1,"id":"without-javascript"},{"result":{"displayValue":"","score":false,"helpText":"If you've already set up HTTPS, make sure that you redirect all HTTP traffic to HTTPS. [Learn more](https://developers.google.com/web/tools/lighthouse/audits/http-redirects-to-https).","rawValue":false,"name":"redirects-http","description":"Does not redirect HTTP traffic to HTTPS","scoringMode":"binary"},"score":0,"weight":1,"id":"redirects-http"},{"result":{"displayValue":"","score":true,"helpText":"A fast page load over a 3G network ensures a good mobile user experience. [Learn more](https://developers.google.com/web/tools/lighthouse/audits/fast-3g).","rawValue":true,"extendedInfo":{"value":{"isFast":true,"timeToFirstInteractive":6460.149,"firstRequestLatencies":[{"latency":"566.29","url":"http://web/"},{"latency":"579.72","url":"https://cdnjs.cloudflare.com/ajax/libs/Chart.js/2.7.1/Chart.min.js"},{"latency":"571.48","url":"https://unpkg.com/vue-chartjs/dist/vue-chartjs.min.js"},{"latency":"578.93","url":"https://fonts.gstatic.com/s/roboto/v18/KFOmCnqEu92Fr1Mu4mxK.woff2"}],"areLatenciesAll3G":true}},"name":"load-fast-enough-for-pwa","description":"Page load is fast enough on 3G","scoringMode":"binary"},"score":100,"weight":1,"id":"load-fast-enough-for-pwa"},{"result":{"displayValue":"","score":false,"debugString":"Failures: No manifest was fetched, Site does not register a service worker, Service worker does not successfully serve the manifest's start_url, No usable web app manifest found on page.","helpText":"Browsers can proactively prompt users to add your app to their homescreen, which can lead to higher engagement. [Learn more](https://developers.google.com/web/tools/lighthouse/audits/install-prompt).","rawValue":false,"extendedInfo":{"value":{"failures":["No manifest was fetched","Site does not register a service worker","Service worker does not successfully serve the manifest's start_url","No usable web app manifest found on page"],"warnings":["No usable web app manifest found on page"],"manifestValues":{"parseFailureReason":"No manifest was fetched","allChecks":[],"isParseFailure":true}}},"name":"webapp-install-banner","description":"User will not be prompted to Install the Web App","scoringMode":"binary"},"score":0,"weight":1,"id":"webapp-install-banner"},{"result":{"displayValue":"","score":false,"debugString":"Failures: No manifest was fetched.","helpText":"A themed splash screen ensures a high-quality experience when users launch your app from their homescreens. [Learn more](https://developers.google.com/web/tools/lighthouse/audits/custom-splash-screen).","rawValue":false,"extendedInfo":{"value":{"failures":["No manifest was fetched"],"manifestValues":{"parseFailureReason":"No manifest was fetched","allChecks":[],"isParseFailure":true}}},"name":"splash-screen","description":"Is not configured for a custom splash screen","scoringMode":"binary"},"score":0,"weight":1,"id":"splash-screen"},{"result":{"displayValue":"","score":false,"debugString":"Failures: No manifest was fetched, No `<meta name=\"theme-color\">` tag found.","helpText":"The browser address bar can be themed to match your site. [Learn more](https://developers.google.com/web/tools/lighthouse/audits/address-bar).","rawValue":false,"extendedInfo":{"value":{"failures":["No manifest was fetched","No `<meta name=\"theme-color\">` tag found"],"themeColor":null,"manifestValues":{"parseFailureReason":"No manifest was fetched","allChecks":[],"isParseFailure":true}}},"name":"themed-omnibox","description":"Address bar does not match brand colors","scoringMode":"binary"},"score":0,"weight":1,"id":"themed-omnibox"},{"result":{"displayValue":"","score":true,"debugString":"","helpText":"Add a viewport meta tag to optimize your app for mobile screens. [Learn more](https://developers.google.com/web/tools/lighthouse/audits/has-viewport-meta-tag).","rawValue":true,"name":"viewport","description":"Has a `<meta name=\"viewport\">` tag with `width` or `initial-scale`","scoringMode":"binary"},"score":100,"weight":1,"id":"viewport"},{"result":{"displayValue":"","score":true,"debugString":"","helpText":"If the width of your app's content doesn't match the width of the viewport, your app might not be optimized for mobile screens. [Learn more](https://developers.google.com/web/tools/lighthouse/audits/content-sized-correctly-for-viewport).","rawValue":true,"name":"content-width","description":"Content is sized correctly for the viewport","scoringMode":"binary"},"score":100,"weight":1,"id":"content-width"},{"result":{"displayValue":"","score":false,"helpText":"To reach the most number of users, sites should work across every major browser. [Learn more](https://developers.google.com/web/progressive-web-apps/checklist#site-works-cross-browser).","rawValue":false,"name":"pwa-cross-browser","description":"Site works cross-browser","scoringMode":"binary","informative":true,"manual":true},"score":0,"weight":0,"id":"pwa-cross-browser","group":"manual-pwa-checks"},{"result":{"displayValue":"","score":false,"helpText":"Transitions should feel snappy as you tap around, even on a slow network, a key to perceived performance. [Learn more](https://developers.google.com/web/progressive-web-apps/checklist#page-transitions-dont-feel-like-they-block-on-the-network).","rawValue":false,"name":"pwa-page-transitions","description":"Page transitions don't feel like they block on the network","scoringMode":"binary","informative":true,"manual":true},"score":0,"weight":0,"id":"pwa-page-transitions","group":"manual-pwa-checks"},{"result":{"displayValue":"","score":false,"helpText":"Ensure individual pages are deep linkable via the URLs and that URLs are unique for the purpose of shareability on social media. [Learn more](https://developers.google.com/web/progressive-web-apps/checklist#each-page-has-a-url).","rawValue":false,"name":"pwa-each-page-has-url","description":"Each page has a URL","scoringMode":"binary","informative":true,"manual":true},"score":0,"weight":0,"id":"pwa-each-page-has-url","group":"manual-pwa-checks"}]},{"score":76.71232876712328,"name":"Accessibility","description":"These checks highlight opportunities to [improve the accessibility of your web app](https://developers.google.com/web/fundamentals/accessibility). Only a subset of accessibility issues can be automatically detected so manual testing is also encouraged.","id":"accessibility","audits":[{"result":{"displayValue":"","score":false,"helpText":"Access keys let users quickly focus a part of the page. For proper navigation, each access key must be unique. [Learn more](https://dequeuniversity.com/rules/axe/2.2/accesskeys?application=lighthouse).","rawValue":false,"name":"accesskeys","description":"`[accesskey]` values are not unique","scoringMode":"binary","informative":true,"notApplicable":true},"score":100,"weight":0,"id":"accesskeys","group":"a11y-correct-attributes"},{"result":{"displayValue":"","score":true,"helpText":"Each ARIA `role` supports a specific subset of `aria-*` attributes. Mismatching these invalidates the `aria-*` attributes. [Learn more](https://dequeuniversity.com/rules/axe/2.2/aria-allowed-attr?application=lighthouse).","rawValue":true,"extendedInfo":{},"name":"aria-allowed-attr","description":"`[aria-*]` attributes match their roles","scoringMode":"binary","details":{"header":{"text":"View failing elements","type":"text"},"type":"list","items":[]}},"score":100,"weight":3,"id":"aria-allowed-attr","group":"a11y-aria"},{"result":{"displayValue":"","score":false,"helpText":"Some ARIA roles have required attributes that describe the state of the element to screen readers. [Learn more](https://dequeuniversity.com/rules/axe/2.2/aria-required-attr?application=lighthouse).","rawValue":false,"name":"aria-required-attr","description":"`[role]`s do not have all required `[aria-*]` attributes","scoringMode":"binary","informative":true,"notApplicable":true},"score":100,"weight":0,"id":"aria-required-attr","group":"a11y-aria"},{"result":{"displayValue":"","score":false,"helpText":"Some ARIA parent roles must contain specific child roles to perform their intended accessibility functions. [Learn more](https://dequeuniversity.com/rules/axe/2.2/aria-required-children?application=lighthouse).","rawValue":false,"name":"aria-required-children","description":"Elements with `[role]` that require specific children `[role]`s, are missing.","scoringMode":"binary","informative":true,"notApplicable":true},"score":100,"weight":0,"id":"aria-required-children","group":"a11y-aria"},{"result":{"displayValue":"","score":false,"helpText":"Some ARIA child roles must be contained by specific parent roles to properly perform their intended accessibility functions. [Learn more](https://dequeuniversity.com/rules/axe/2.2/aria-required-parent?application=lighthouse).","rawValue":false,"name":"aria-required-parent","description":"`[role]`s are not contained by their required parent element","scoringMode":"binary","informative":true,"notApplicable":true},"score":100,"weight":0,"id":"aria-required-parent","group":"a11y-aria"},{"result":{"displayValue":"","score":false,"helpText":"ARIA roles must have valid values in order to perform their intended accessibility functions. [Learn more](https://dequeuniversity.com/rules/axe/2.2/aria-roles?application=lighthouse).","rawValue":false,"name":"aria-roles","description":"`[role]` values are not valid","scoringMode":"binary","informative":true,"notApplicable":true},"score":100,"weight":0,"id":"aria-roles","group":"a11y-aria"},{"result":{"displayValue":"","score":true,"helpText":"Assistive technologies, like screen readers, can't interpret ARIA attributes with invalid values. [Learn more](https://dequeuniversity.com/rules/axe/2.2/aria-valid-attr-value?application=lighthouse).","rawValue":true,"extendedInfo":{},"name":"aria-valid-attr-value","description":"`[aria-*]` attributes have valid values","scoringMode":"binary","details":{"header":{"text":"View failing elements","type":"text"},"type":"list","items":[]}},"score":100,"weight":2,"id":"aria-valid-attr-value","group":"a11y-aria"},{"result":{"displayValue":"","score":true,"helpText":"Assistive technologies, like screen readers, can't interpret ARIA attributes with invalid names. [Learn more](https://dequeuniversity.com/rules/axe/2.2/aria-valid-attr?application=lighthouse).","rawValue":true,"extendedInfo":{},"name":"aria-valid-attr","description":"`[aria-*]` attributes are valid and not misspelled","scoringMode":"binary","details":{"header":{"text":"View failing elements","type":"text"},"type":"list","items":[]}},"score":100,"weight":5,"id":"aria-valid-attr","group":"a11y-aria"},{"result":{"displayValue":"","score":false,"helpText":"Captions make audio elements usable for deaf or hearing-impaired users, providing critical information such as who is talking, what they're saying, and other non-speech information. [Learn more](https://dequeuniversity.com/rules/axe/2.2/audio-caption?application=lighthouse).","rawValue":false,"name":"audio-caption","description":"`<audio>` elements are missing a `<track>` element with `[kind=\"captions\"]`.","scoringMode":"binary","informative":true,"notApplicable":true},"score":100,"weight":0,"id":"audio-caption","group":"a11y-correct-attributes"},{"result":{"displayValue":"","score":false,"helpText":"When a button doesn't have an accessible name, screen readers announce it as \"button\", making it unusable for users who rely on screen readers. [Learn more](https://dequeuniversity.com/rules/axe/2.2/button-name?application=lighthouse).","rawValue":false,"extendedInfo":{"value":{"help":"Buttons must have discernible text","nodes":[{"failureSummary":"Fix all of the following:\n  Element is in tab order and does not have accessible text\n\nFix any of the following:\n  Element has a value attribute and the value attribute is empty\n  Element has no value attribute or the value attribute is empty\n  Element does not have inner text that is visible to screen readers\n  aria-label attribute does not exist or is empty\n  aria-labelledby attribute does not exist, references elements that do not exist or references elements that are empty or not visible\n  Element's default semantics were not overridden with role=\"presentation\"\n  Element's default semantics were not overridden with role=\"none\"","snippet":"<button type=\"button\" class=\"toolbar__side-icon btn btn--icon\">","path":"1,HTML,2,BODY,0,MAIN,0,DIV,1,DIV,2,NAV,0,DIV,0,BUTTON","impact":"critical","html":"<button type=\"button\" class=\"toolbar__side-icon btn btn--icon\"><div class=\"btn__content\"><i aria-hidden=\"true\" class=\"icon material-icons\">menu<\/i><\/div><\/button>","target":[".toolbar__side-icon"]},{"failureSummary":"Fix all of the following:\n  Element is in tab order and does not have accessible text\n\nFix any of the following:\n  Element has a value attribute and the value attribute is empty\n  Element has no value attribute or the value attribute is empty\n  Element does not have inner text that is visible to screen readers\n  aria-label attribute does not exist or is empty\n  aria-labelledby attribute does not exist, references elements that do not exist or references elements that are empty or not visible\n  Element's default semantics were not overridden with role=\"presentation\"\n  Element's default semantics were not overridden with role=\"none\"","snippet":"<button type=\"button\" class=\"btn btn--icon\">","path":"1,HTML,2,BODY,0,MAIN,0,DIV,1,DIV,2,NAV,0,DIV,4,SPAN,0,SPAN,0,BUTTON","impact":"critical","html":"<button type=\"button\" class=\"btn btn--icon\"><div class=\"btn__content\"><i aria-hidden=\"true\" class=\"icon fa fa-sign-out\"><\/i><\/div><\/button>","target":["span > .btn--icon"]}],"impact":"critical","description":"Ensures buttons have discernible text","helpUrl":"https://dequeuniversity.com/rules/axe/3.0/button-name?application=axeAPI","id":"button-name","tags":["cat.name-role-value","wcag2a","wcag412","section508","section508.22.a"]}},"name":"button-name","description":"Buttons do not have an accessible name","scoringMode":"binary","details":{"header":{"text":"View failing elements","type":"text"},"type":"list","items":[{"snippet":"<button type=\"button\" class=\"toolbar__side-icon btn btn--icon\">","path":"1,HTML,2,BODY,0,MAIN,0,DIV,1,DIV,2,NAV,0,DIV,0,BUTTON","selector":".toolbar__side-icon","type":"node"},{"snippet":"<button type=\"button\" class=\"btn btn--icon\">","path":"1,HTML,2,BODY,0,MAIN,0,DIV,1,DIV,2,NAV,0,DIV,4,SPAN,0,SPAN,0,BUTTON","selector":"span > .btn--icon","type":"node"}]}},"score":0,"weight":10,"id":"button-name","group":"a11y-element-names"},{"result":{"displayValue":"","score":true,"helpText":"Adding ways to bypass repetitive content lets keyboard users navigate the page more efficiently. [Learn more](https://dequeuniversity.com/rules/axe/2.2/bypass?application=lighthouse).","rawValue":true,"extendedInfo":{},"name":"bypass","description":"The page contains a heading, skip link, or landmark region","scoringMode":"binary","details":{"header":{"text":"View failing elements","type":"text"},"type":"list","items":[]}},"score":100,"weight":10,"id":"bypass","group":"a11y-describe-contents"},{"result":{"displayValue":"","score":true,"helpText":"Low-contrast text is difficult or impossible for many users to read. [Learn more](https://dequeuniversity.com/rules/axe/2.2/color-contrast?application=lighthouse).","rawValue":true,"extendedInfo":{},"name":"color-contrast","description":"Background and foreground colors have a sufficient contrast ratio","scoringMode":"binary","details":{"header":{"text":"View failing elements","type":"text"},"type":"list","items":[]}},"score":100,"weight":6,"id":"color-contrast","group":"a11y-color-contrast"},{"result":{"displayValue":"","score":false,"helpText":"When definition lists are not properly marked up, screen readers may produce confusing or inaccurate output. [Learn more](https://dequeuniversity.com/rules/axe/2.2/definition-list?application=lighthouse).","rawValue":false,"name":"definition-list","description":"`<dl>`'s do not contain only properly-ordered `<dt>` and `<dd>` groups, `<script>` or `<template>` elements.","scoringMode":"binary","informative":true,"notApplicable":true},"score":100,"weight":0,"id":"definition-list","group":"a11y-well-structured"},{"result":{"displayValue":"","score":false,"helpText":"Definition list items (`<dt>` and `<dd>`) must be wrapped in a parent `<dl>` element to ensure that screen readers can properly announce them. [Learn more](https://dequeuniversity.com/rules/axe/2.2/dlitem?application=lighthouse).","rawValue":false,"name":"dlitem","description":"Definition list items are not wrapped in `<dl>` elements","scoringMode":"binary","informative":true,"notApplicable":true},"score":100,"weight":0,"id":"dlitem","group":"a11y-well-structured"},{"result":{"displayValue":"","score":true,"helpText":"The title gives screen reader users an overview of the page, and search engine users rely on it heavily to determine if a page is relevant to their search. [Learn more](https://developers.google.com/web/tools/lighthouse/audits/title).","rawValue":true,"extendedInfo":{},"name":"document-title","description":"Document has a `<title>` element","scoringMode":"binary","details":{"header":{"text":"View failing elements","type":"text"},"type":"list","items":[]}},"score":100,"weight":2,"id":"document-title","group":"a11y-describe-contents"},{"result":{"displayValue":"","score":true,"helpText":"The value of an id attribute must be unique to prevent other instances from being overlooked by assistive technologies. [Learn more](https://dequeuniversity.com/rules/axe/2.2/duplicate-id?application=lighthouse).","rawValue":true,"extendedInfo":{},"name":"duplicate-id","description":"`[id]` attributes on the page are unique","scoringMode":"binary","details":{"header":{"text":"View failing elements","type":"text"},"type":"list","items":[]}},"score":100,"weight":5,"id":"duplicate-id","group":"a11y-well-structured"},{"result":{"displayValue":"","score":false,"helpText":"Screen reader users rely on frame titles to describe the contents of frames. [Learn more](https://dequeuniversity.com/rules/axe/2.2/frame-title?application=lighthouse).","rawValue":false,"name":"frame-title","description":"`<frame>` or `<iframe>` elements do not have a title","scoringMode":"binary","informative":true,"notApplicable":true},"score":100,"weight":0,"id":"frame-title","group":"a11y-describe-contents"},{"result":{"displayValue":"","score":false,"helpText":"If a page doesn't specify a lang attribute, a screen reader assumes that the page is in the default language that the user chose when setting up the screen reader. If the page isn't actually in the default language, then the screen reader might not announce the page's text correctly. [Learn more](https://dequeuniversity.com/rules/axe/2.2/html-lang?application=lighthouse).","rawValue":false,"extendedInfo":{"value":{"help":"<html> element must have a lang attribute","nodes":[{"failureSummary":"Fix any of the following:\n  The <html> element does not have a lang attribute","snippet":"<html>","path":"1,HTML","impact":"serious","html":"<html>","target":["html"]}],"impact":"serious","description":"Ensures every HTML document has a lang attribute","helpUrl":"https://dequeuniversity.com/rules/axe/3.0/html-has-lang?application=axeAPI","id":"html-has-lang","tags":["cat.language","wcag2a","wcag311"]}},"name":"html-has-lang","description":"`<html>` element does not have a `[lang]` attribute","scoringMode":"binary","details":{"header":{"text":"View failing elements","type":"text"},"type":"list","items":[{"snippet":"<html>","path":"1,HTML","selector":"html","type":"node"}]}},"score":0,"weight":4,"id":"html-has-lang","group":"a11y-language"},{"result":{"displayValue":"","score":false,"helpText":"Specifying a valid [BCP 47 language](https://www.w3.org/International/questions/qa-choosing-language-tags#question) helps screen readers announce text properly. [Learn more](https://dequeuniversity.com/rules/axe/2.2/valid-lang?application=lighthouse).","rawValue":false,"name":"html-lang-valid","description":"`<html>` element does not have a valid value for its `[lang]` attribute.","scoringMode":"binary","informative":true,"notApplicable":true},"score":100,"weight":0,"id":"html-lang-valid","group":"a11y-language"},{"result":{"displayValue":"","score":false,"helpText":"Informative elements should aim for short, descriptive alternate text. Decorative elements can be ignored with an empty alt attribute.[Learn more](https://dequeuniversity.com/rules/axe/2.2/image-alt?application=lighthouse).","rawValue":false,"name":"image-alt","description":"Image elements do not have `[alt]` attributes","scoringMode":"binary","informative":true,"notApplicable":true},"score":100,"weight":0,"id":"image-alt","group":"a11y-correct-attributes"},{"result":{"displayValue":"","score":false,"helpText":"When an image is being used as an `<input>` button, providing alternative text can help screen reader users understand the purpose of the button. [Learn more](https://dequeuniversity.com/rules/axe/2.2/input-image-alt?application=lighthouse).","rawValue":false,"name":"input-image-alt","description":"`<input type=\"image\">` elements do not have `[alt]` text","scoringMode":"binary","informative":true,"notApplicable":true},"score":100,"weight":0,"id":"input-image-alt","group":"a11y-correct-attributes"},{"result":{"displayValue":"","score":true,"helpText":"Labels ensure that form controls are announced properly by assistive technologies, like screen readers. [Learn more](https://dequeuniversity.com/rules/axe/2.2/label?application=lighthouse).","rawValue":true,"extendedInfo":{},"name":"label","description":"Form elements have associated labels","scoringMode":"binary","details":{"header":{"text":"View failing elements","type":"text"},"type":"list","items":[]}},"score":100,"weight":10,"id":"label","group":"a11y-describe-contents"},{"result":{"displayValue":"","score":false,"helpText":"A table being used for layout purposes should not include data elements, such as the th or caption elements or the summary attribute, because this can create a confusing experience for screen reader users. [Learn more](https://dequeuniversity.com/rules/axe/2.2/layout-table?application=lighthouse).","rawValue":false,"name":"layout-table","description":"Presentational `<table>` elements do not avoid using `<th>`, `<caption>` or the `[summary]` attribute.","scoringMode":"binary","informative":true,"notApplicable":true},"score":100,"weight":0,"id":"layout-table","group":"a11y-describe-contents"},{"result":{"displayValue":"","score":true,"helpText":"Link text (and alternate text for images, when used as links) that is discernible, unique, and focusable improves the navigation experience for screen reader users. [Learn more](https://dequeuniversity.com/rules/axe/2.2/link-name?application=lighthouse).","rawValue":true,"extendedInfo":{},"name":"link-name","description":"Links have a discernible name","scoringMode":"binary","details":{"header":{"text":"View failing elements","type":"text"},"type":"list","items":[]}},"score":100,"weight":9,"id":"link-name","group":"a11y-element-names"},{"result":{"displayValue":"","score":false,"helpText":"Screen readers have a specific way of announcing lists. Ensuring proper list structure aids screen reader output. [Learn more](https://dequeuniversity.com/rules/axe/2.2/list?application=lighthouse).","rawValue":false,"name":"list","description":"Lists do not contain only `<li>` elements and script supporting elements (`<script>` and `<template>`).","scoringMode":"binary","informative":true,"notApplicable":true},"score":100,"weight":0,"id":"list","group":"a11y-well-structured"},{"result":{"displayValue":"","score":false,"helpText":"Screen readers require list items (`<li>`) to be contained within a parent `<ul>` or `<ol>` to be announced properly. [Learn more](https://dequeuniversity.com/rules/axe/2.2/listitem?application=lighthouse).","rawValue":false,"name":"listitem","description":"List items (`<li>`) are not contained within `<ul>` or `<ol>` parent elements.","scoringMode":"binary","informative":true,"notApplicable":true},"score":100,"weight":0,"id":"listitem","group":"a11y-well-structured"},{"result":{"displayValue":"","score":false,"helpText":"Users do not expect a page to refresh automatically, and doing so will move focus back to the top of the page. This may create a frustrating or confusing experience. [Learn more](https://dequeuniversity.com/rules/axe/2.2/meta-refresh?application=lighthouse).","rawValue":false,"name":"meta-refresh","description":"The document uses `<meta http-equiv=\"refresh\">`","scoringMode":"binary","informative":true,"notApplicable":true},"score":100,"weight":0,"id":"meta-refresh","group":"a11y-meta"},{"result":{"displayValue":"","score":false,"helpText":"Disabling zooming is problematic for users with low vision who rely on screen magnification to properly see the contents of a web page. [Learn more](https://dequeuniversity.com/rules/axe/2.2/meta-viewport?application=lighthouse).","rawValue":false,"extendedInfo":{"value":{"help":"Zooming and scaling must not be disabled","nodes":[{"failureSummary":"Fix any of the following:\n  <meta> tag disables zooming on mobile devices","snippet":"<meta name=\"viewport\" content=\"width=device-width,initial-scale=1,maximum-scale=1,minimum-scale=1,user-scalable=no\">","path":"1,HTML,1,HEAD,1,META","impact":"critical","html":"<meta name=\"viewport\" content=\"width=device-width,initial-scale=1,maximum-scale=1,minimum-scale=1,user-scalable=no\">","target":["meta[name=\"viewport\"]"]}],"impact":"critical","description":"Ensures <meta name=\"viewport\"> does not disable text scaling and zooming","helpUrl":"https://dequeuniversity.com/rules/axe/3.0/meta-viewport?application=axeAPI","id":"meta-viewport","tags":["cat.sensory-and-visual-cues","wcag2aa","wcag144"]}},"name":"meta-viewport","description":"`[user-scalable=\"no\"]` is used in the `<meta name=\"viewport\">` element or the `[maximum-scale]` attribute is less than 5.","scoringMode":"binary","details":{"header":{"text":"View failing elements","type":"text"},"type":"list","items":[{"snippet":"<meta name=\"viewport\" content=\"width=device-width,initial-scale=1,maximum-scale=1,minimum-scale=1,user-scalable=no\">","path":"1,HTML,1,HEAD,1,META","selector":"meta[name=\"viewport\"]","type":"node"}]}},"score":0,"weight":3,"id":"meta-viewport","group":"a11y-meta"},{"result":{"displayValue":"","score":false,"helpText":"Screen readers cannot translate non-text content. Adding alt text to `<object>` elements helps screen readers convey meaning to users. [Learn more](https://dequeuniversity.com/rules/axe/2.2/object-alt?application=lighthouse).","rawValue":false,"name":"object-alt","description":"`<object>` elements do not have `[alt]` text","scoringMode":"binary","informative":true,"notApplicable":true},"score":100,"weight":0,"id":"object-alt","group":"a11y-describe-contents"},{"result":{"displayValue":"","score":true,"helpText":"A value greater than 0 implies an explicit navigation ordering. Although technically valid, this often creates frustrating experiences for users who rely on assistive technologies. [Learn more](https://dequeuniversity.com/rules/axe/2.2/tabindex?application=lighthouse).","rawValue":true,"extendedInfo":{},"name":"tabindex","description":"No element has a `[tabindex]` value greater than 0","scoringMode":"binary","details":{"header":{"text":"View failing elements","type":"text"},"type":"list","items":[]}},"score":100,"weight":4,"id":"tabindex","group":"a11y-correct-attributes"},{"result":{"displayValue":"","score":false,"helpText":"Screen readers have features to make navigating tables easier. Ensuring `<td>` cells using the `[headers]` attribute only refer to other cells in the same table may improve the experience for screen reader users. [Learn more](https://dequeuniversity.com/rules/axe/2.2/td-headers-attr?application=lighthouse).","rawValue":false,"name":"td-headers-attr","description":"Cells in a `<table>` element that use the `[headers]` attribute refers to other cells of that same table.","scoringMode":"binary","informative":true,"notApplicable":true},"score":100,"weight":0,"id":"td-headers-attr","group":"a11y-correct-attributes"},{"result":{"displayValue":"","score":false,"helpText":"Screen readers have features to make navigating tables easier. Ensuring table headers always refer to some set of cells may improve the experience for screen reader users. [Learn more](https://dequeuniversity.com/rules/axe/2.2/th-has-data-cells?application=lighthouse).","rawValue":false,"name":"th-has-data-cells","description":"`<th>` elements and elements with `[role=\"columnheader\"/\"rowheader\"]` do not have data cells they describe.","scoringMode":"binary","informative":true,"notApplicable":true},"score":100,"weight":0,"id":"th-has-data-cells","group":"a11y-correct-attributes"},{"result":{"displayValue":"","score":false,"helpText":"Specifying a valid [BCP 47 language](https://www.w3.org/International/questions/qa-choosing-language-tags#question) on elements helps ensure that text is pronounced correctly by a screen reader. [Learn more](https://dequeuniversity.com/rules/axe/2.2/valid-lang?application=lighthouse).","rawValue":false,"name":"valid-lang","description":"`[lang]` attributes do not have a valid value","scoringMode":"binary","informative":true,"notApplicable":true},"score":100,"weight":0,"id":"valid-lang","group":"a11y-language"},{"result":{"displayValue":"","score":false,"helpText":"When a video provides a caption it is easier for deaf and hearing impaired users to access its information. [Learn more](https://dequeuniversity.com/rules/axe/2.2/video-caption?application=lighthouse).","rawValue":false,"name":"video-caption","description":"`<video>` elements do not contain a `<track>` element with `[kind=\"captions\"]`.","scoringMode":"binary","informative":true,"notApplicable":true},"score":100,"weight":0,"id":"video-caption","group":"a11y-describe-contents"},{"result":{"displayValue":"","score":false,"helpText":"Audio descriptions provide relevant information for videos that dialogue cannot, such as facial expressions and scenes. [Learn more](https://dequeuniversity.com/rules/axe/2.2/video-description?application=lighthouse).","rawValue":false,"name":"video-description","description":"`<video>` elements do not contain a `<track>` element with `[kind=\"description\"]`.","scoringMode":"binary","informative":true,"notApplicable":true},"score":100,"weight":0,"id":"video-description","group":"a11y-describe-contents"},{"result":{"displayValue":"","score":false,"helpText":"Tabbing through the page follows the visual layout. Users cannot focus elements that are offscreen. [Learn more](https://developers.google.com/web/fundamentals/accessibility/how-to-review#start_with_the_keyboard).","rawValue":false,"name":"logical-tab-order","description":"The page has a logical tab order","scoringMode":"binary","informative":true,"manual":true},"score":0,"weight":0,"id":"logical-tab-order","group":"manual-a11y-checks"},{"result":{"displayValue":"","score":false,"helpText":"Custom interactive controls are keyboard focusable and display a focus indicator. [Learn more](https://developers.google.com/web/fundamentals/accessibility/how-to-review#start_with_the_keyboard).","rawValue":false,"name":"focusable-controls","description":"Interactive controls are keyboard focusable","scoringMode":"binary","informative":true,"manual":true},"score":0,"weight":0,"id":"focusable-controls","group":"manual-a11y-checks"},{"result":{"displayValue":"","score":false,"helpText":"If new content, such as a dialog, is added to the page, the user's focus is directed to it. [Learn more](https://developers.google.com/web/fundamentals/accessibility/how-to-review#start_with_the_keyboard).","rawValue":false,"name":"managed-focus","description":"The user's focus is directed to new content added to the page","scoringMode":"binary","informative":true,"manual":true},"score":0,"weight":0,"id":"managed-focus","group":"manual-a11y-checks"},{"result":{"displayValue":"","score":false,"helpText":"A user can tab into and out of any control or region without accidentally trapping their focus. [Learn more](https://developers.google.com/web/fundamentals/accessibility/how-to-review#start_with_the_keyboard).","rawValue":false,"name":"focus-traps","description":"User focus is not accidentally trapped in a region","scoringMode":"binary","informative":true,"manual":true},"score":0,"weight":0,"id":"focus-traps","group":"manual-a11y-checks"},{"result":{"displayValue":"","score":false,"helpText":"Custom interactive controls have associated labels, provided by aria-label or aria-labelledby. [Learn more](https://developers.google.com/web/fundamentals/accessibility/how-to-review#try_it_with_a_screen_reader).","rawValue":false,"name":"custom-controls-labels","description":"Custom controls have associated labels","scoringMode":"binary","informative":true,"manual":true},"score":0,"weight":0,"id":"custom-controls-labels","group":"manual-a11y-checks"},{"result":{"displayValue":"","score":false,"helpText":"Custom interactive controls have appropriate ARIA roles. [Learn more](https://developers.google.com/web/fundamentals/accessibility/how-to-review#try_it_with_a_screen_reader).","rawValue":false,"name":"custom-controls-roles","description":"Custom controls have ARIA roles","scoringMode":"binary","informative":true,"manual":true},"score":0,"weight":0,"id":"custom-controls-roles","group":"manual-a11y-checks"},{"result":{"displayValue":"","score":false,"helpText":"DOM order matches the visual order, improving navigation for assistive technology. [Learn more](https://developers.google.com/web/fundamentals/accessibility/how-to-review#try_it_with_a_screen_reader).","rawValue":false,"name":"visual-order-follows-dom","description":"Visual order on the page follows DOM order","scoringMode":"binary","informative":true,"manual":true},"score":0,"weight":0,"id":"visual-order-follows-dom","group":"manual-a11y-checks"},{"result":{"displayValue":"","score":false,"helpText":"Offscreen content is hidden with display: none or aria-hidden=true. [Learn more](https://developers.google.com/web/fundamentals/accessibility/how-to-review#try_it_with_a_screen_reader).","rawValue":false,"name":"offscreen-content-hidden","description":"Offscreen content is hidden from assistive technology","scoringMode":"binary","informative":true,"manual":true},"score":0,"weight":0,"id":"offscreen-content-hidden","group":"manual-a11y-checks"},{"result":{"displayValue":"","score":false,"helpText":"Headings are used to create an outline for the page and heading levels are not skipped. [Learn more](https://developers.google.com/web/fundamentals/accessibility/how-to-review#take_advantage_of_headings_and_landmarks).","rawValue":false,"name":"heading-levels","description":"Headings don't skip levels","scoringMode":"binary","informative":true,"manual":true},"score":0,"weight":0,"id":"heading-levels","group":"manual-a11y-checks"},{"result":{"displayValue":"","score":false,"helpText":"Landmark elements (<main>, <nav>, etc.) are used to improve the keyboard navigation of the page for assistive technology. [Learn more](https://developers.google.com/web/fundamentals/accessibility/how-to-review#take_advantage_of_headings_and_landmarks).","rawValue":false,"name":"use-landmarks","description":"HTML5 landmark elements are used to improve navigation","scoringMode":"binary","informative":true,"manual":true},"score":0,"weight":0,"id":"use-landmarks","group":"manual-a11y-checks"}]},{"score":86.66666666666667,"name":"Best Practices","description":"We've compiled some recommendations for modernizing your web app and avoiding performance pitfalls.","id":"best-practices","audits":[{"result":{"displayValue":"","score":true,"debugString":"","helpText":"Application Cache is deprecated. [Learn more](https://developers.google.com/web/tools/lighthouse/audits/appcache).","rawValue":true,"name":"appcache-manifest","description":"Avoids Application Cache","scoringMode":"binary"},"score":100,"weight":1,"id":"appcache-manifest"},{"result":{"displayValue":"","score":true,"debugString":"","helpText":"Web SQL is deprecated. Consider using IndexedDB instead. [Learn more](https://developers.google.com/web/tools/lighthouse/audits/web-sql).","rawValue":true,"name":"no-websql","description":"Avoids WebSQL DB","scoringMode":"binary"},"score":100,"weight":1,"id":"no-websql"},{"result":{"displayValue":"5 requests were not handled over HTTP/2","score":false,"helpText":"HTTP/2 offers many benefits over HTTP/1.1, including binary headers, multiplexing, and server push. [Learn more](https://developers.google.com/web/tools/lighthouse/audits/http2).","rawValue":false,"extendedInfo":{"value":{"results":[{"protocol":"http/1.1","url":"http://web/"},{"protocol":"http/1.1","url":"http://web/static/js/manifest.9f020e973ae4037504f6.js"},{"protocol":"http/1.1","url":"http://web/static/js/vendor.d1efda22f11e965a5228.js"},{"protocol":"http/1.1","url":"http://web/static/js/app.310cd52123c59f9f64a5.js"},{"protocol":"http/1.1","url":"http://web/static/css/app.a1bcfeb0daa2a3f727390086fd42ee9d.css"}]}},"name":"uses-http2","description":"Does not use HTTP/2 for all of its resources","scoringMode":"binary","details":{"itemHeaders":[{"itemType":"url","text":"URL","type":"text"},{"itemType":"text","text":"Protocol","type":"text"}],"header":"View Details","type":"table","items":[[{"text":"http://web/","type":"url"},{"text":"http/1.1","type":"text"}],[{"text":"http://web/static/js/manifest.9f020e973ae4037504f6.js","type":"url"},{"text":"http/1.1","type":"text"}],[{"text":"http://web/static/js/vendor.d1efda22f11e965a5228.js","type":"url"},{"text":"http/1.1","type":"text"}],[{"text":"http://web/static/js/app.310cd52123c59f9f64a5.js","type":"url"},{"text":"http/1.1","type":"text"}],[{"text":"http://web/static/css/app.a1bcfeb0daa2a3f727390086fd42ee9d.css","type":"url"},{"text":"http/1.1","type":"text"}]]}},"score":0,"weight":1,"id":"uses-http2"},{"result":{"displayValue":"","score":true,"helpText":"Consider marking your touch and wheel event listeners as `passive` to improve your page's scroll performance. [Learn more](https://developers.google.com/web/tools/lighthouse/audits/passive-event-listeners).","rawValue":true,"extendedInfo":{"value":[]},"name":"uses-passive-event-listeners","description":"Uses passive listeners to improve scrolling performance","scoringMode":"binary","details":{"itemHeaders":[{"itemType":"url","text":"URL","type":"text"},{"itemType":"text","text":"Location","type":"text"}],"header":"View Details","type":"table","items":[]}},"score":100,"weight":1,"id":"uses-passive-event-listeners"},{"result":{"displayValue":"","score":true,"helpText":"Mutation Events are deprecated and harm performance. Consider using Mutation Observers instead. [Learn more](https://developers.google.com/web/tools/lighthouse/audits/mutation-events).","rawValue":true,"extendedInfo":{"value":{"results":[]}},"name":"no-mutation-events","description":"Avoids Mutation Events in its own scripts","scoringMode":"binary","details":{"itemHeaders":[{"itemType":"url","text":"URL","type":"text"},{"itemType":"code","text":"Event","type":"text"},{"itemType":"text","text":"Line","type":"text"},{"itemType":"text","text":"Col","type":"text"},{"itemType":"code","text":"Snippet","type":"text"}],"header":"View Details","type":"table","items":[]}},"score":100,"weight":1,"id":"no-mutation-events"},{"result":{"displayValue":"","score":true,"helpText":"For users on slow connections, external scripts dynamically injected via `document.write()` can delay page load by tens of seconds. [Learn more](https://developers.google.com/web/tools/lighthouse/audits/document-write).","rawValue":true,"extendedInfo":{"value":[]},"name":"no-document-write","description":"Avoids `document.write()`","scoringMode":"binary","details":{"itemHeaders":[{"itemType":"url","text":"URL","type":"text"},{"itemType":"text","text":"Location","type":"text"}],"header":"View Details","type":"table","items":[]}},"score":100,"weight":1,"id":"no-document-write"},{"result":{"displayValue":"","score":true,"helpText":"Open new tabs using `rel=\"noopener\"` to improve performance and prevent security vulnerabilities. [Learn more](https://developers.google.com/web/tools/lighthouse/audits/noopener).","rawValue":true,"extendedInfo":{"value":[]},"name":"external-anchors-use-rel-noopener","description":"Opens external anchors using `rel=\"noopener\"`","scoringMode":"binary","details":{"itemHeaders":[{"itemType":"url","text":"URL","type":"text"},{"itemType":"text","text":"Target","type":"text"},{"itemType":"text","text":"Rel","type":"text"}],"header":"View Details","type":"table","items":[]}},"score":100,"weight":1,"id":"external-anchors-use-rel-noopener"},{"result":{"displayValue":"","score":true,"helpText":"Users are mistrustful of or confused by sites that request their location without context. Consider tying the request to user gestures instead. [Learn more](https://developers.google.com/web/tools/lighthouse/audits/geolocation-on-load).","rawValue":true,"extendedInfo":{"value":[]},"name":"geolocation-on-start","description":"Avoids requesting the geolocation permission on page load","scoringMode":"binary","details":{"itemHeaders":[{"itemType":"url","text":"URL","type":"text"},{"itemType":"text","text":"Location","type":"text"}],"header":"View Details","type":"table","items":[]}},"score":100,"weight":1,"id":"geolocation-on-start"},{"result":{"displayValue":"","score":true,"helpText":"Some third-party scripts may contain known security vulnerabilities  that are easily identified and exploited by attackers.","rawValue":true,"name":"no-vulnerable-libraries","description":"Avoids front-end JavaScript libraries with known security vulnerabilities","scoringMode":"binary"},"score":100,"weight":1,"id":"no-vulnerable-libraries"},{"result":{"displayValue":"","score":true,"helpText":"Users are mistrustful of or confused by sites that request to send notifications without context. Consider tying the request to user gestures instead. [Learn more](https://developers.google.com/web/tools/lighthouse/audits/notifications-on-load).","rawValue":true,"extendedInfo":{"value":[]},"name":"notification-on-start","description":"Avoids requesting the notification permission on page load","scoringMode":"binary","details":{"itemHeaders":[{"itemType":"url","text":"URL","type":"text"},{"itemType":"text","text":"Location","type":"text"}],"header":"View Details","type":"table","items":[]}},"score":100,"weight":1,"id":"notification-on-start"},{"result":{"displayValue":"","score":true,"helpText":"Deprecated APIs will eventually be removed from the browser. [Learn more](https://www.chromestatus.com/features#deprecated).","rawValue":true,"extendedInfo":{"value":[]},"name":"deprecations","description":"Avoids deprecated APIs","scoringMode":"binary","details":{"itemHeaders":[{"itemType":"code","text":"Deprecation / Warning","type":"text"},{"itemType":"url","text":"URL","type":"text"},{"itemType":"text","text":"Line","type":"text"}],"header":"View Details","type":"table","items":[]}},"score":100,"weight":1,"id":"deprecations"},{"result":{"displayValue":"","score":false,"helpText":"Make your app's `short_name` fewer than 12 characters to ensure that it's not truncated on homescreens. [Learn more](https://developers.google.com/web/tools/lighthouse/audits/manifest-short_name-is-not-truncated).","rawValue":false,"name":"manifest-short-name-length","description":"Manifest's `short_name` will be truncated when displayed on homescreen","scoringMode":"binary"},"score":0,"weight":1,"id":"manifest-short-name-length"},{"result":{"displayValue":"","score":true,"helpText":"Preventing password pasting undermines good security policy. [Learn more](https://www.ncsc.gov.uk/blog-post/let-them-paste-passwords)","rawValue":true,"extendedInfo":{"value":[]},"name":"password-inputs-can-be-pasted-into","description":"Allows users to paste into password fields","scoringMode":"binary","details":{"header":{"text":"Password inputs that prevent pasting into","type":"text"},"type":"list","items":[]}},"score":100,"weight":1,"id":"password-inputs-can-be-pasted-into"},{"result":{"displayValue":"","score":true,"helpText":"Errors logged to the console indicate unresolved problems. They can come from network request failures and other browser concerns.","rawValue":0,"name":"errors-in-console","description":"No browser errors logged to the console","scoringMode":"binary","details":{"itemHeaders":[{"itemType":"url","text":"URL","type":"text"},{"itemType":"code","text":"Description","type":"text"}],"header":"View Details","type":"table","items":[]}},"score":100,"weight":1,"id":"errors-in-console"},{"result":{"displayValue":"","score":true,"helpText":"Image display dimensions should match natural aspect ratio.","rawValue":true,"name":"image-aspect-ratio","description":"Displays images with correct aspect ratio","scoringMode":"binary","details":{"itemHeaders":[{"itemType":"thumbnail","text":"","type":"text"},{"itemType":"url","text":"URL","type":"text"},{"itemType":"text","text":"Aspect Ratio (Displayed)","type":"text"},{"itemType":"text","text":"Aspect Ratio (Actual)","type":"text"}],"header":"View Details","type":"table","items":[]}},"score":100,"weight":1,"id":"image-aspect-ratio"}]},{"score":50,"name":"SEO","description":"These checks ensure that your page is optimized for search engine results ranking. There are additional factors Lighthouse does not check that may affect your search ranking. [Learn more](https://support.google.com/webmasters/answer/35769).","id":"seo","audits":[{"result":{"displayValue":"","score":true,"debugString":"","helpText":"Add a viewport meta tag to optimize your app for mobile screens. [Learn more](https://developers.google.com/web/tools/lighthouse/audits/has-viewport-meta-tag).","rawValue":true,"name":"viewport","description":"Has a `<meta name=\"viewport\">` tag with `width` or `initial-scale`","scoringMode":"binary"},"score":100,"weight":1,"id":"viewport","group":"seo-mobile"},{"result":{"displayValue":"","score":true,"helpText":"The title gives screen reader users an overview of the page, and search engine users rely on it heavily to determine if a page is relevant to their search. [Learn more](https://developers.google.com/web/tools/lighthouse/audits/title).","rawValue":true,"extendedInfo":{},"name":"document-title","description":"Document has a `<title>` element","scoringMode":"binary","details":{"header":{"text":"View failing elements","type":"text"},"type":"list","items":[]}},"score":100,"weight":1,"id":"document-title","group":"seo-content"},{"result":{"displayValue":"","score":false,"helpText":"Meta descriptions may be included in search results to concisely summarize page content. [Learn more](https://developers.google.com/web/tools/lighthouse/audits/description).","rawValue":false,"name":"meta-description","description":"Document does not have a meta description","scoringMode":"binary"},"score":0,"weight":1,"id":"meta-description","group":"seo-content"},{"result":{"displayValue":"","score":null,"debugString":"Audit error: Unable to identify the main resource","helpText":"Pages with unsuccessful HTTP status codes may not be indexed properly. [Learn more](https://developers.google.com/web/tools/lighthouse/audits/successful-http-code).","rawValue":null,"name":"http-status-code","description":"Page has unsuccessful HTTP status code","scoringMode":"binary","error":true},"score":0,"weight":1,"id":"http-status-code","group":"seo-crawl"},{"result":{"displayValue":"","score":true,"helpText":"Descriptive link text helps search engines understand your content. [Learn more](https://developers.google.com/web/tools/lighthouse/audits/descriptive-link-text).","rawValue":true,"name":"link-text","description":"Links have descriptive text","scoringMode":"binary","details":{"itemHeaders":[{"itemType":"url","text":"Link destination","type":"text"},{"itemType":"text","text":"Link Text","type":"text"}],"header":"View Details","type":"table","items":[]}},"score":100,"weight":1,"id":"link-text","group":"seo-content"},{"result":{"displayValue":"","score":null,"debugString":"Audit error: Unable to identify the main resource","helpText":"Search engines are unable to include your pages in search results if they don't have permission to crawl them. [Learn more](https://developers.google.com/web/tools/lighthouse/audits/indexing).","rawValue":null,"name":"is-crawlable","description":"Page is blocked from indexing","scoringMode":"binary","error":true},"score":0,"weight":1,"id":"is-crawlable","group":"seo-crawl"},{"result":{"displayValue":"","score":null,"debugString":"Audit error: Unable to identify the main resource","helpText":"hreflang allows crawlers to discover alternate translations of the page content. [Learn more](https://support.google.com/webmasters/answer/189077).","rawValue":null,"name":"hreflang","description":"Document doesn't have a valid `hreflang`","scoringMode":"binary","error":true},"score":0,"weight":1,"id":"hreflang","group":"seo-content"},{"result":{"displayValue":"","score":null,"debugString":"Audit error: Unable to identify the main resource","helpText":"Canonical links suggest which URL to show in search results. [Learn more](https://developers.google.com/web/tools/lighthouse/audits/canonical).","rawValue":null,"name":"canonical","description":"Document does not have a valid `rel=canonical`","scoringMode":"binary","error":true},"score":0,"weight":1,"id":"canonical","group":"seo-content"},{"result":{"displayValue":"","score":true,"debugString":null,"helpText":"Font sizes less than 12px are too small to be legible and require mobile visitors to \u201cpinch to zoom\u201d in order to read. Strive to have >60% of page text ≥12px. [Learn more](https://developers.google.com/web/tools/lighthouse/audits/font-sizes).","rawValue":true,"name":"font-size","description":"Document uses legible font sizes","scoringMode":"binary","details":{"itemHeaders":[{"itemType":"url","text":"Source","type":"text"},{"itemType":"code","text":"Selector","type":"text"},{"itemType":"text","text":"% of Page Text","type":"text"},{"itemType":"text","text":"Font Size","type":"text"}],"header":"View Details","type":"table","items":[[{"text":"Legible text","type":"url"},{"text":null,"type":"code"},{"text":"100.00%","type":"text"},{"text":"≥ 12px","type":"text"}]]}},"score":100,"weight":1,"id":"font-size","group":"seo-mobile"},{"result":{"displayValue":"","score":true,"helpText":"Most mobile devices do not support plugins, and many desktop browsers restrict them.","rawValue":true,"name":"plugins","description":"Document avoids plugins","scoringMode":"binary","details":{"itemHeaders":[{"itemType":"code","text":"Element source","type":"text"}],"header":"View Details","type":"table","items":[]}},"score":100,"weight":1,"id":"plugins","group":"seo-content"},{"result":{"displayValue":"","score":false,"helpText":"Take the [Mobile-Friendly Test](https://search.google.com/test/mobile-friendly) to check for audits not covered by Lighthouse, like sizing tap targets appropriately. [Learn more](https://developers.google.com/search/mobile-sites/).","rawValue":false,"name":"mobile-friendly","description":"Page is mobile friendly","scoringMode":"binary","informative":true,"manual":true},"score":0,"weight":0,"id":"mobile-friendly","group":"manual-seo-checks"},{"result":{"displayValue":"","score":false,"helpText":"Run the [Structured Data Testing Tool](https://search.google.com/structured-data/testing-tool/) and the [Structured Data Linter](http://linter.structured-data.org/) to validate structured data. [Learn more](https://developers.google.com/search/docs/guides/mark-up-content).","rawValue":false,"name":"structured-data","description":"Structured data is valid","scoringMode":"binary","informative":true,"manual":true},"score":0,"weight":0,"id":"structured-data","group":"manual-seo-checks"}]}],"timing":{"total":19151},"reportGroups":{"a11y-color-contrast":{"description":"These are opportunities to improve the legibility of your content.","title":"Color Contrast Is Satisfactory"},"perf-metric":{"description":"These metrics encapsulate your web app's performance across a number of dimensions.","title":"Metrics"},"a11y-aria":{"description":"These are opportunities to improve the usage of ARIA in your application which may enhance the experience for users of assistive technology, like a screen reader.","title":"ARIA Attributes Follow Best Practices"},"a11y-element-names":{"description":"These are opportunities to improve the semantics of the controls in your application. This may enhance the experience for users of assistive technology, like a screen reader.","title":"Elements Have Discernible Names"},"a11y-well-structured":{"description":"These are opportunities to make sure your HTML is appropriately structured.","title":"Elements Are Well Structured"},"seo-content":{"description":"Format your HTML in a way that enables crawlers to better understand your app\u2019s content.","title":"Content Best Practices"},"a11y-correct-attributes":{"description":"These are opportunities to improve the configuration of your HTML elements.","title":"Elements Use Attributes Correctly"},"perf-hint":{"description":"These are opportunities to speed up your application by optimizing the following resources.","title":"Opportunities"},"seo-crawl":{"description":"To appear in search results, crawlers need access to your app.","title":"Crawling and Indexing"},"a11y-describe-contents":{"description":"These are opportunities to make your content easier to understand for a user of assistive technology, like a screen reader.","title":"Elements Describe Contents Well"},"a11y-language":{"description":"These are opportunities to improve the interpretation of your content by users in different locales.","title":"Page Specifies Valid Language"},"manual-a11y-checks":{"description":"These items address areas which an automated testing tool cannot cover. Learn more in our guide on [conducting an accessibility review](https://developers.google.com/web/fundamentals/accessibility/how-to-review).","title":"Additional items to manually check"},"seo-mobile":{"description":"Make sure your pages are mobile friendly so users don\u2019t have to pinch or zoom in order to read the content pages. [Learn more](https://developers.google.com/search/mobile-sites/).","title":"Mobile Friendly"},"perf-info":{"description":"More information about the performance of your application.","title":"Diagnostics"},"manual-pwa-checks":{"description":"These checks are required by the baseline [PWA Checklist](https://developers.google.com/web/progressive-web-apps/checklist) but are not automatically checked by Lighthouse. They do not affect your score but it's important that you verify them manually.","title":"Additional items to manually check"},"a11y-meta":{"description":"These are opportunities to improve the user experience of your site.","title":"Meta Tags Used Properly"},"manual-seo-checks":{"description":"Run these additional validators on your site to check additional SEO best practices.","title":"Additional items to manually check"}},"runWarnings":[],"userAgent":"Mozilla/5.0 (X11; Linux x86_64) AppleWebKit/537.36 (KHTML, like Gecko) HeadlessChrome/69.0.3458.0 Safari/537.36","runtimeConfig":{"blockedUrlPatterns":[],"environment":[{"name":"Device Emulation","description":"Nexus 5X","enabled":true},{"name":"Network Throttling","description":"562.5ms RTT, 1.4Mbps down, 0.7Mbps up","enabled":true},{"name":"CPU Throttling","description":"4x slowdown","enabled":true}],"extraHeaders":{}},"lighthouseVersion":"2.9.4","audits":{"plugins":{"displayValue":"","score":true,"helpText":"Most mobile devices do not support plugins, and many desktop browsers restrict them.","rawValue":true,"name":"plugins","description":"Document avoids plugins","scoringMode":"binary","details":{"itemHeaders":[{"itemType":"code","text":"Element source","type":"text"}],"header":"View Details","type":"table","items":[]}},"aria-required-parent":{"displayValue":"","score":false,"helpText":"Some ARIA child roles must be contained by specific parent roles to properly perform their intended accessibility functions. [Learn more](https://dequeuniversity.com/rules/axe/2.2/aria-required-parent?application=lighthouse).","rawValue":false,"name":"aria-required-parent","description":"`[role]`s are not contained by their required parent element","scoringMode":"binary","informative":true,"notApplicable":true},"custom-controls-labels":{"displayValue":"","score":false,"helpText":"Custom interactive controls have associated labels, provided by aria-label or aria-labelledby. [Learn more](https://developers.google.com/web/fundamentals/accessibility/how-to-review#try_it_with_a_screen_reader).","rawValue":false,"name":"custom-controls-labels","description":"Custom controls have associated labels","scoringMode":"binary","informative":true,"manual":true},"link-name":{"displayValue":"","score":true,"helpText":"Link text (and alternate text for images, when used as links) that is discernible, unique, and focusable improves the navigation experience for screen reader users. [Learn more](https://dequeuniversity.com/rules/axe/2.2/link-name?application=lighthouse).","rawValue":true,"extendedInfo":{},"name":"link-name","description":"Links have a discernible name","scoringMode":"binary","details":{"header":{"text":"View failing elements","type":"text"},"type":"list","items":[]}},"offscreen-images":{"displayValue":"","score":100,"helpText":"Consider lazy-loading offscreen and hidden images to improve page load speed and time to interactive. [Learn more](https://developers.google.com/web/tools/lighthouse/audits/offscreen-images).","rawValue":0,"extendedInfo":{"value":{"wastedKb":0,"wastedMs":0,"results":[]}},"name":"offscreen-images","description":"Offscreen images","scoringMode":"binary","informative":true,"details":{"itemHeaders":[{"itemType":"thumbnail","text":"","type":"text"},{"itemType":"url","text":"URL","type":"text"},{"itemType":"text","text":"Original","type":"text"},{"itemType":"text","text":"Potential Savings","type":"text"}],"header":"View Details","type":"table","items":[]}},"first-interactive":{"displayValue":"6,460 ms","score":71,"helpText":"First Interactive marks the time at which the page is minimally interactive. [Learn more](https://developers.google.com/web/tools/lighthouse/audits/first-interactive).","rawValue":6460.149,"extendedInfo":{"value":{"timeInMs":6460.149,"timestamp":8650059653847}},"name":"first-interactive","description":"First Interactive (beta)","scoringMode":"numeric"},"button-name":{"displayValue":"","score":false,"helpText":"When a button doesn't have an accessible name, screen readers announce it as \"button\", making it unusable for users who rely on screen readers. [Learn more](https://dequeuniversity.com/rules/axe/2.2/button-name?application=lighthouse).","rawValue":false,"extendedInfo":{"value":{"help":"Buttons must have discernible text","nodes":[{"failureSummary":"Fix all of the following:\n  Element is in tab order and does not have accessible text\n\nFix any of the following:\n  Element has a value attribute and the value attribute is empty\n  Element has no value attribute or the value attribute is empty\n  Element does not have inner text that is visible to screen readers\n  aria-label attribute does not exist or is empty\n  aria-labelledby attribute does not exist, references elements that do not exist or references elements that are empty or not visible\n  Element's default semantics were not overridden with role=\"presentation\"\n  Element's default semantics were not overridden with role=\"none\"","snippet":"<button type=\"button\" class=\"toolbar__side-icon btn btn--icon\">","path":"1,HTML,2,BODY,0,MAIN,0,DIV,1,DIV,2,NAV,0,DIV,0,BUTTON","impact":"critical","html":"<button type=\"button\" class=\"toolbar__side-icon btn btn--icon\"><div class=\"btn__content\"><i aria-hidden=\"true\" class=\"icon material-icons\">menu<\/i><\/div><\/button>","target":[".toolbar__side-icon"]},{"failureSummary":"Fix all of the following:\n  Element is in tab order and does not have accessible text\n\nFix any of the following:\n  Element has a value attribute and the value attribute is empty\n  Element has no value attribute or the value attribute is empty\n  Element does not have inner text that is visible to screen readers\n  aria-label attribute does not exist or is empty\n  aria-labelledby attribute does not exist, references elements that do not exist or references elements that are empty or not visible\n  Element's default semantics were not overridden with role=\"presentation\"\n  Element's default semantics were not overridden with role=\"none\"","snippet":"<button type=\"button\" class=\"btn btn--icon\">","path":"1,HTML,2,BODY,0,MAIN,0,DIV,1,DIV,2,NAV,0,DIV,4,SPAN,0,SPAN,0,BUTTON","impact":"critical","html":"<button type=\"button\" class=\"btn btn--icon\"><div class=\"btn__content\"><i aria-hidden=\"true\" class=\"icon fa fa-sign-out\"><\/i><\/div><\/button>","target":["span > .btn--icon"]}],"impact":"critical","description":"Ensures buttons have discernible text","helpUrl":"https://dequeuniversity.com/rules/axe/3.0/button-name?application=axeAPI","id":"button-name","tags":["cat.name-role-value","wcag2a","wcag412","section508","section508.22.a"]}},"name":"button-name","description":"Buttons do not have an accessible name","scoringMode":"binary","details":{"header":{"text":"View failing elements","type":"text"},"type":"list","items":[{"snippet":"<button type=\"button\" class=\"toolbar__side-icon btn btn--icon\">","path":"1,HTML,2,BODY,0,MAIN,0,DIV,1,DIV,2,NAV,0,DIV,0,BUTTON","selector":".toolbar__side-icon","type":"node"},{"snippet":"<button type=\"button\" class=\"btn btn--icon\">","path":"1,HTML,2,BODY,0,MAIN,0,DIV,1,DIV,2,NAV,0,DIV,4,SPAN,0,SPAN,0,BUTTON","selector":"span > .btn--icon","type":"node"}]}},"unminified-css":{"displayValue":"","score":100,"helpText":"Minifying CSS files can reduce network payload sizes. [Learn more](https://developers.google.com/speed/docs/insights/MinifyResources).","rawValue":0,"extendedInfo":{"value":{"wastedKb":0,"wastedMs":0,"results":[]}},"name":"unminified-css","description":"Minify CSS","scoringMode":"binary","informative":true,"details":{"itemHeaders":[{"itemType":"url","text":"URL","type":"text"},{"itemType":"text","text":"Original","type":"text"},{"itemType":"text","text":"Potential Savings","type":"text"}],"header":"View Details","type":"table","items":[]}},"input-image-alt":{"displayValue":"","score":false,"helpText":"When an image is being used as an `<input>` button, providing alternative text can help screen reader users understand the purpose of the button. [Learn more](https://dequeuniversity.com/rules/axe/2.2/input-image-alt?application=lighthouse).","rawValue":false,"name":"input-image-alt","description":"`<input type=\"image\">` elements do not have `[alt]` text","scoringMode":"binary","informative":true,"notApplicable":true},"uses-http2":{"displayValue":"5 requests were not handled over HTTP/2","score":false,"helpText":"HTTP/2 offers many benefits over HTTP/1.1, including binary headers, multiplexing, and server push. [Learn more](https://developers.google.com/web/tools/lighthouse/audits/http2).","rawValue":false,"extendedInfo":{"value":{"results":[{"protocol":"http/1.1","url":"http://web/"},{"protocol":"http/1.1","url":"http://web/static/js/manifest.9f020e973ae4037504f6.js"},{"protocol":"http/1.1","url":"http://web/static/js/vendor.d1efda22f11e965a5228.js"},{"protocol":"http/1.1","url":"http://web/static/js/app.310cd52123c59f9f64a5.js"},{"protocol":"http/1.1","url":"http://web/static/css/app.a1bcfeb0daa2a3f727390086fd42ee9d.css"}]}},"name":"uses-http2","description":"Does not use HTTP/2 for all of its resources","scoringMode":"binary","details":{"itemHeaders":[{"itemType":"url","text":"URL","type":"text"},{"itemType":"text","text":"Protocol","type":"text"}],"header":"View Details","type":"table","items":[[{"text":"http://web/","type":"url"},{"text":"http/1.1","type":"text"}],[{"text":"http://web/static/js/manifest.9f020e973ae4037504f6.js","type":"url"},{"text":"http/1.1","type":"text"}],[{"text":"http://web/static/js/vendor.d1efda22f11e965a5228.js","type":"url"},{"text":"http/1.1","type":"text"}],[{"text":"http://web/static/js/app.310cd52123c59f9f64a5.js","type":"url"},{"text":"http/1.1","type":"text"}],[{"text":"http://web/static/css/app.a1bcfeb0daa2a3f727390086fd42ee9d.css","type":"url"},{"text":"http/1.1","type":"text"}]]}},"th-has-data-cells":{"displayValue":"","score":false,"helpText":"Screen readers have features to make navigating tables easier. Ensuring table headers always refer to some set of cells may improve the experience for screen reader users. [Learn more](https://dequeuniversity.com/rules/axe/2.2/th-has-data-cells?application=lighthouse).","rawValue":false,"name":"th-has-data-cells","description":"`<th>` elements and elements with `[role=\"columnheader\"/\"rowheader\"]` do not have data cells they describe.","scoringMode":"binary","informative":true,"notApplicable":true},"tabindex":{"displayValue":"","score":true,"helpText":"A value greater than 0 implies an explicit navigation ordering. Although technically valid, this often creates frustrating experiences for users who rely on assistive technologies. [Learn more](https://dequeuniversity.com/rules/axe/2.2/tabindex?application=lighthouse).","rawValue":true,"extendedInfo":{},"name":"tabindex","description":"No element has a `[tabindex]` value greater than 0","scoringMode":"binary","details":{"header":{"text":"View failing elements","type":"text"},"type":"list","items":[]}},"uses-long-cache-ttl":{"displayValue":"0 assets found","score":100,"helpText":"A long cache lifetime can speed up repeat visits to your page. [Learn more](https://developers.google.com/web/fundamentals/performance/optimizing-content-efficiency/http-caching#cache-control).","rawValue":0,"extendedInfo":{"value":{"queryStringCount":0,"results":[]}},"name":"uses-long-cache-ttl","description":"Uses efficient cache policy on static assets","scoringMode":"numeric","details":{"itemHeaders":[{"itemType":"url","text":"URL","type":"text"},{"itemType":"text","text":"Cache TTL","type":"text"},{"itemType":"text","text":"Size (KB)","type":"text"}],"header":"View Details","type":"table","items":[]}},"without-javascript":{"displayValue":"","score":false,"debugString":"The page body should render some content if its scripts are not available.","helpText":"Your app should display some content when JavaScript is disabled, even if it's just a warning to the user that JavaScript is required to use the app. [Learn more](https://developers.google.com/web/tools/lighthouse/audits/no-js).","rawValue":false,"name":"without-javascript","description":"Does not provide fallback content when JavaScript is not available","scoringMode":"binary"},"uses-responsive-images":{"displayValue":"","score":100,"helpText":"Serve images that are appropriately-sized to save cellular data and improve load time. [Learn more](https://developers.google.com/web/tools/lighthouse/audits/oversized-images).","rawValue":0,"extendedInfo":{"value":{"wastedKb":0,"wastedMs":0,"results":[]}},"name":"uses-responsive-images","description":"Properly size images","scoringMode":"binary","informative":true,"details":{"itemHeaders":[{"itemType":"thumbnail","text":"","type":"text"},{"itemType":"url","text":"URL","type":"text"},{"itemType":"text","text":"Original","type":"text"},{"itemType":"text","text":"Potential Savings","type":"text"}],"header":"View Details","type":"table","items":[]}},"frame-title":{"displayValue":"","score":false,"helpText":"Screen reader users rely on frame titles to describe the contents of frames. [Learn more](https://dequeuniversity.com/rules/axe/2.2/frame-title?application=lighthouse).","rawValue":false,"name":"frame-title","description":"`<frame>` or `<iframe>` elements do not have a title","scoringMode":"binary","informative":true,"notApplicable":true},"link-blocking-first-paint":{"displayValue":"","score":100,"helpText":"External stylesheets are blocking the first paint of your page. Consider delivering critical CSS via `<style>` tags and deferring non-critical styles. [Learn more](https://developers.google.com/web/tools/lighthouse/audits/blocking-resources).","rawValue":0,"extendedInfo":{"value":{"wastedMs":"0 ms","results":[]}},"name":"link-blocking-first-paint","description":"Reduce render-blocking stylesheets","scoringMode":"binary","informative":true,"details":{"itemHeaders":[{"itemType":"url","text":"URL","type":"text"},{"itemType":"text","text":"Size (KB)","type":"text"},{"itemType":"text","text":"Delayed Paint By (ms)","type":"text"}],"header":"View Details","type":"table","items":[]}},"mobile-friendly":{"displayValue":"","score":false,"helpText":"Take the [Mobile-Friendly Test](https://search.google.com/test/mobile-friendly) to check for audits not covered by Lighthouse, like sizing tap targets appropriately. [Learn more](https://developers.google.com/search/mobile-sites/).","rawValue":false,"name":"mobile-friendly","description":"Page is mobile friendly","scoringMode":"binary","informative":true,"manual":true},"script-blocking-first-paint":{"displayValue":"","score":100,"helpText":"Script elements are blocking the first paint of your page. Consider inlining critical scripts and deferring non-critical ones. [Learn more](https://developers.google.com/web/tools/lighthouse/audits/blocking-resources).","rawValue":0,"extendedInfo":{"value":{"wastedMs":"0 ms","results":[]}},"name":"script-blocking-first-paint","description":"Reduce render-blocking scripts","scoringMode":"binary","informative":true,"details":{"itemHeaders":[{"itemType":"url","text":"URL","type":"text"},{"itemType":"text","text":"Size (KB)","type":"text"},{"itemType":"text","text":"Delayed Paint By (ms)","type":"text"}],"header":"View Details","type":"table","items":[]}},"managed-focus":{"displayValue":"","score":false,"helpText":"If new content, such as a dialog, is added to the page, the user's focus is directed to it. [Learn more](https://developers.google.com/web/fundamentals/accessibility/how-to-review#start_with_the_keyboard).","rawValue":false,"name":"managed-focus","description":"The user's focus is directed to new content added to the page","scoringMode":"binary","informative":true,"manual":true},"pwa-cross-browser":{"displayValue":"","score":false,"helpText":"To reach the most number of users, sites should work across every major browser. [Learn more](https://developers.google.com/web/progressive-web-apps/checklist#site-works-cross-browser).","rawValue":false,"name":"pwa-cross-browser","description":"Site works cross-browser","scoringMode":"binary","informative":true,"manual":true},"time-to-first-byte":{"displayValue":"","score":null,"debugString":"Audit error: Cannot read property '_timing' of undefined","helpText":"Time To First Byte identifies the time at which your server sends a response. [Learn more](https://developers.google.com/web/tools/chrome-devtools/network-performance/issues).","rawValue":null,"name":"time-to-first-byte","description":"Keep server response times low (TTFB)","scoringMode":"binary","informative":true,"error":true},"video-description":{"displayValue":"","score":false,"helpText":"Audio descriptions provide relevant information for videos that dialogue cannot, such as facial expressions and scenes. [Learn more](https://dequeuniversity.com/rules/axe/2.2/video-description?application=lighthouse).","rawValue":false,"name":"video-description","description":"`<video>` elements do not contain a `<track>` element with `[kind=\"description\"]`.","scoringMode":"binary","informative":true,"notApplicable":true},"document-title":{"displayValue":"","score":true,"helpText":"The title gives screen reader users an overview of the page, and search engine users rely on it heavily to determine if a page is relevant to their search. [Learn more](https://developers.google.com/web/tools/lighthouse/audits/title).","rawValue":true,"extendedInfo":{},"name":"document-title","description":"Document has a `<title>` element","scoringMode":"binary","details":{"header":{"text":"View failing elements","type":"text"},"type":"list","items":[]}},"external-anchors-use-rel-noopener":{"displayValue":"","score":true,"helpText":"Open new tabs using `rel=\"noopener\"` to improve performance and prevent security vulnerabilities. [Learn more](https://developers.google.com/web/tools/lighthouse/audits/noopener).","rawValue":true,"extendedInfo":{"value":[]},"name":"external-anchors-use-rel-noopener","description":"Opens external anchors using `rel=\"noopener\"`","scoringMode":"binary","details":{"itemHeaders":[{"itemType":"url","text":"URL","type":"text"},{"itemType":"text","text":"Target","type":"text"},{"itemType":"text","text":"Rel","type":"text"}],"header":"View Details","type":"table","items":[]}},"total-byte-weight":{"displayValue":"Total size was 400 KB","score":100,"helpText":"Large network payloads cost users real money and are highly correlated with long load times. [Learn more](https://developers.google.com/web/tools/lighthouse/audits/network-payloads).","rawValue":409855,"extendedInfo":{"value":{"totalCompletedRequests":11,"results":[{"totalKb":"227 KB","totalMs":"1,240 ms","totalBytes":232785,"url":"http://web/static/js/vendor.d1efda22f11e965a5228.js"},{"totalKb":"48 KB","totalMs":"260 ms","totalBytes":49163,"url":"https://fonts.gstatic.com/s/materialicons/v37/flUhRq6tzZclQEJ-Vdg-IuiaDsNc.woff2"},{"totalKb":"46 KB","totalMs":"250 ms","totalBytes":47366,"url":"https://cdnjs.cloudflare.com/ajax/libs/Chart.js/2.7.1/Chart.min.js"},{"totalKb":"32 KB","totalMs":"170 ms","totalBytes":32261,"url":"http://web/static/css/app.a1bcfeb0daa2a3f727390086fd42ee9d.css"},{"totalKb":"15 KB","totalMs":"80 ms","totalBytes":15817,"url":"https://fonts.gstatic.com/s/roboto/v18/KFOlCnqEu92Fr1MmEU9fBBc4.woff2"},{"totalKb":"15 KB","totalMs":"80 ms","totalBytes":15461,"url":"https://fonts.gstatic.com/s/roboto/v18/KFOmCnqEu92Fr1Mu4mxK.woff2"},{"totalKb":"12 KB","totalMs":"70 ms","totalBytes":12691,"url":"http://web/static/js/app.310cd52123c59f9f64a5.js"},{"totalKb":"1 KB","totalMs":"10 ms","totalBytes":1524,"url":"https://unpkg.com/vue-chartjs@3.3.2/dist/vue-chartjs.min.js"},{"totalKb":"1 KB","totalMs":"10 ms","totalBytes":1211,"url":"http://web/"},{"totalKb":"1 KB","totalMs":"10 ms","totalBytes":1171,"url":"http://web/static/js/manifest.9f020e973ae4037504f6.js"}]}},"name":"total-byte-weight","description":"Avoids enormous network payloads","scoringMode":"numeric","details":{"itemHeaders":[{"itemType":"url","text":"URL","type":"text"},{"itemType":"text","text":"Total Size","type":"text"},{"itemType":"text","text":"Transfer Time","type":"text"}],"header":"View Details","type":"table","items":[[{"text":"http://web/static/js/vendor.d1efda22f11e965a5228.js","type":"url"},{"text":"227 KB","type":"text"},{"text":"1,240 ms","type":"text"}],[{"text":"https://fonts.gstatic.com/s/materialicons/v37/flUhRq6tzZclQEJ-Vdg-IuiaDsNc.woff2","type":"url"},{"text":"48 KB","type":"text"},{"text":"260 ms","type":"text"}],[{"text":"https://cdnjs.cloudflare.com/ajax/libs/Chart.js/2.7.1/Chart.min.js","type":"url"},{"text":"46 KB","type":"text"},{"text":"250 ms","type":"text"}],[{"text":"http://web/static/css/app.a1bcfeb0daa2a3f727390086fd42ee9d.css","type":"url"},{"text":"32 KB","type":"text"},{"text":"170 ms","type":"text"}],[{"text":"https://fonts.gstatic.com/s/roboto/v18/KFOlCnqEu92Fr1MmEU9fBBc4.woff2","type":"url"},{"text":"15 KB","type":"text"},{"text":"80 ms","type":"text"}],[{"text":"https://fonts.gstatic.com/s/roboto/v18/KFOmCnqEu92Fr1Mu4mxK.woff2","type":"url"},{"text":"15 KB","type":"text"},{"text":"80 ms","type":"text"}],[{"text":"http://web/static/js/app.310cd52123c59f9f64a5.js","type":"url"},{"text":"12 KB","type":"text"},{"text":"70 ms","type":"text"}],[{"text":"https://unpkg.com/vue-chartjs@3.3.2/dist/vue-chartjs.min.js","type":"url"},{"text":"1 KB","type":"text"},{"text":"10 ms","type":"text"}],[{"text":"http://web/","type":"url"},{"text":"1 KB","type":"text"},{"text":"10 ms","type":"text"}],[{"text":"http://web/static/js/manifest.9f020e973ae4037504f6.js","type":"url"},{"text":"1 KB","type":"text"},{"text":"10 ms","type":"text"}]]}},"logical-tab-order":{"displayValue":"","score":false,"helpText":"Tabbing through the page follows the visual layout. Users cannot focus elements that are offscreen. [Learn more](https://developers.google.com/web/fundamentals/accessibility/how-to-review#start_with_the_keyboard).","rawValue":false,"name":"logical-tab-order","description":"The page has a logical tab order","scoringMode":"binary","informative":true,"manual":true},"meta-refresh":{"displayValue":"","score":false,"helpText":"Users do not expect a page to refresh automatically, and doing so will move focus back to the top of the page. This may create a frustrating or confusing experience. [Learn more](https://dequeuniversity.com/rules/axe/2.2/meta-refresh?application=lighthouse).","rawValue":false,"name":"meta-refresh","description":"The document uses `<meta http-equiv=\"refresh\">`","scoringMode":"binary","informative":true,"notApplicable":true},"deprecations":{"displayValue":"","score":true,"helpText":"Deprecated APIs will eventually be removed from the browser. [Learn more](https://www.chromestatus.com/features#deprecated).","rawValue":true,"extendedInfo":{"value":[]},"name":"deprecations","description":"Avoids deprecated APIs","scoringMode":"binary","details":{"itemHeaders":[{"itemType":"code","text":"Deprecation / Warning","type":"text"},{"itemType":"url","text":"URL","type":"text"},{"itemType":"text","text":"Line","type":"text"}],"header":"View Details","type":"table","items":[]}},"network-requests":{"displayValue":"11","score":100,"helpText":"Lists the network requests that were made during page load.","rawValue":11,"extendedInfo":{"value":[{"transferSize":1211,"startTime":0,"endTime":638.9249991625547,"mimeType":"text/html","url":"http://web/","statusCode":200,"resourceType":"document"},{"transferSize":1171,"startTime":755.621999502182,"endTime":1328.4680005162954,"mimeType":"application/javascript","url":"http://web/static/js/manifest.9f020e973ae4037504f6.js","statusCode":200,"resourceType":"script"},{"transferSize":232785,"startTime":755.7720001786947,"endTime":2917.8979992866516,"mimeType":"application/javascript","url":"http://web/static/js/vendor.d1efda22f11e965a5228.js","statusCode":200,"resourceType":"script"},{"transferSize":12691,"startTime":755.9009995311499,"endTime":1470.6410001963377,"mimeType":"application/javascript","url":"http://web/static/js/app.310cd52123c59f9f64a5.js","statusCode":200,"resourceType":"script"},{"transferSize":47366,"startTime":790.370000526309,"endTime":2162.829000502825,"mimeType":"application/javascript","url":"https://cdnjs.cloudflare.com/ajax/libs/Chart.js/2.7.1/Chart.min.js","statusCode":200,"resourceType":"script"},{"transferSize":405,"startTime":790.8159997314215,"endTime":1663.72200101614,"mimeType":"text/plain","url":"https://unpkg.com/vue-chartjs/dist/vue-chartjs.min.js","statusCode":302},{"transferSize":1524,"startTime":1664.8290008306503,"endTime":2258.2770008593798,"mimeType":"application/javascript","url":"https://unpkg.com/vue-chartjs@3.3.2/dist/vue-chartjs.min.js","statusCode":200,"resourceType":"script"},{"transferSize":32261,"startTime":4527.456000447273,"endTime":5278.87500077486,"mimeType":"text/css","url":"http://web/static/css/app.a1bcfeb0daa2a3f727390086fd42ee9d.css","statusCode":200,"resourceType":"stylesheet"},{"transferSize":15461,"startTime":5458.613000810146,"endTime":6342.342000454664,"mimeType":"font/woff2","url":"https://fonts.gstatic.com/s/roboto/v18/KFOmCnqEu92Fr1Mu4mxK.woff2","statusCode":200,"resourceType":"font"},{"transferSize":49163,"startTime":5458.761001005769,"endTime":6524.431999772787,"mimeType":"font/woff2","url":"https://fonts.gstatic.com/s/materialicons/v37/flUhRq6tzZclQEJ-Vdg-IuiaDsNc.woff2","statusCode":200,"resourceType":"font"},{"transferSize":15817,"startTime":5458.878999575973,"endTime":6334.002999588847,"mimeType":"font/woff2","url":"https://fonts.gstatic.com/s/roboto/v18/KFOlCnqEu92Fr1MmEU9fBBc4.woff2","statusCode":200,"resourceType":"font"}]},"name":"network-requests","description":"Network Requests","scoringMode":"binary","informative":true,"details":{"itemHeaders":[{"itemType":"url","text":"URL","type":"text"},{"itemType":"ms","text":"Start Time","type":"text"},{"itemType":"ms","text":"End Time","type":"text"},{"itemType":"bytes","text":"Transfer Size","type":"text"},{"itemType":"text","text":"Status Code","type":"text"},{"itemType":"text","text":"MIME Type","type":"text"},{"itemType":"text","text":"Resource Type","type":"text"}],"header":"View Details","type":"table","items":[[{"text":"http://web/","type":"url"},{"text":0,"type":"ms"},{"text":638.9249991625547,"type":"ms"},{"text":1211,"type":"bytes"},{"text":200,"type":"text"},{"text":"text/html","type":"text"},{"text":"document","type":"text"}],[{"text":"http://web/static/js/manifest.9f020e973ae4037504f6.js","type":"url"},{"text":755.621999502182,"type":"ms"},{"text":1328.4680005162954,"type":"ms"},{"text":1171,"type":"bytes"},{"text":200,"type":"text"},{"text":"application/javascript","type":"text"},{"text":"script","type":"text"}],[{"text":"http://web/static/js/vendor.d1efda22f11e965a5228.js","type":"url"},{"text":755.7720001786947,"type":"ms"},{"text":2917.8979992866516,"type":"ms"},{"text":232785,"type":"bytes"},{"text":200,"type":"text"},{"text":"application/javascript","type":"text"},{"text":"script","type":"text"}],[{"text":"http://web/static/js/app.310cd52123c59f9f64a5.js","type":"url"},{"text":755.9009995311499,"type":"ms"},{"text":1470.6410001963377,"type":"ms"},{"text":12691,"type":"bytes"},{"text":200,"type":"text"},{"text":"application/javascript","type":"text"},{"text":"script","type":"text"}],[{"text":"https://cdnjs.cloudflare.com/ajax/libs/Chart.js/2.7.1/Chart.min.js","type":"url"},{"text":790.370000526309,"type":"ms"},{"text":2162.829000502825,"type":"ms"},{"text":47366,"type":"bytes"},{"text":200,"type":"text"},{"text":"application/javascript","type":"text"},{"text":"script","type":"text"}],[{"text":"https://unpkg.com/vue-chartjs/dist/vue-chartjs.min.js","type":"url"},{"text":790.8159997314215,"type":"ms"},{"text":1663.72200101614,"type":"ms"},{"text":405,"type":"bytes"},{"text":302,"type":"text"},{"text":"text/plain","type":"text"},{"type":"text"}],[{"text":"https://unpkg.com/vue-chartjs@3.3.2/dist/vue-chartjs.min.js","type":"url"},{"text":1664.8290008306503,"type":"ms"},{"text":2258.2770008593798,"type":"ms"},{"text":1524,"type":"bytes"},{"text":200,"type":"text"},{"text":"application/javascript","type":"text"},{"text":"script","type":"text"}],[{"text":"http://web/static/css/app.a1bcfeb0daa2a3f727390086fd42ee9d.css","type":"url"},{"text":4527.456000447273,"type":"ms"},{"text":5278.87500077486,"type":"ms"},{"text":32261,"type":"bytes"},{"text":200,"type":"text"},{"text":"text/css","type":"text"},{"text":"stylesheet","type":"text"}],[{"text":"https://fonts.gstatic.com/s/roboto/v18/KFOmCnqEu92Fr1Mu4mxK.woff2","type":"url"},{"text":5458.613000810146,"type":"ms"},{"text":6342.342000454664,"type":"ms"},{"text":15461,"type":"bytes"},{"text":200,"type":"text"},{"text":"font/woff2","type":"text"},{"text":"font","type":"text"}],[{"text":"https://fonts.gstatic.com/s/materialicons/v37/flUhRq6tzZclQEJ-Vdg-IuiaDsNc.woff2","type":"url"},{"text":5458.761001005769,"type":"ms"},{"text":6524.431999772787,"type":"ms"},{"text":49163,"type":"bytes"},{"text":200,"type":"text"},{"text":"font/woff2","type":"text"},{"text":"font","type":"text"}],[{"text":"https://fonts.gstatic.com/s/roboto/v18/KFOlCnqEu92Fr1MmEU9fBBc4.woff2","type":"url"},{"text":5458.878999575973,"type":"ms"},{"text":6334.002999588847,"type":"ms"},{"text":15817,"type":"bytes"},{"text":200,"type":"text"},{"text":"font/woff2","type":"text"},{"text":"font","type":"text"}]]}},"link-text":{"displayValue":"","score":true,"helpText":"Descriptive link text helps search engines understand your content. [Learn more](https://developers.google.com/web/tools/lighthouse/audits/descriptive-link-text).","rawValue":true,"name":"link-text","description":"Links have descriptive text","scoringMode":"binary","details":{"itemHeaders":[{"itemType":"url","text":"Link destination","type":"text"},{"itemType":"text","text":"Link Text","type":"text"}],"header":"View Details","type":"table","items":[]}},"uses-rel-preload":{"displayValue":"","score":null,"debugString":"Audit error: Unable to identify the main resource","helpText":"Consider using <link rel=preload> to prioritize fetching late-discovered resources sooner [Learn more](https://developers.google.com/web/updates/2016/03/link-rel-preload).","rawValue":null,"name":"uses-rel-preload","description":"Preload key requests","scoringMode":"numeric","informative":true,"error":true},"dlitem":{"displayValue":"","score":false,"helpText":"Definition list items (`<dt>` and `<dd>`) must be wrapped in a parent `<dl>` element to ensure that screen readers can properly announce them. [Learn more](https://dequeuniversity.com/rules/axe/2.2/dlitem?application=lighthouse).","rawValue":false,"name":"dlitem","description":"Definition list items are not wrapped in `<dl>` elements","scoringMode":"binary","informative":true,"notApplicable":true},"uses-optimized-images":{"displayValue":"","score":100,"helpText":"Optimized images load faster and consume less cellular data. [Learn more](https://developers.google.com/web/tools/lighthouse/audits/optimize-images).","rawValue":0,"extendedInfo":{"value":{"wastedKb":0,"wastedMs":0,"results":[]}},"name":"uses-optimized-images","description":"Optimize images","scoringMode":"binary","informative":true,"details":{"itemHeaders":[{"itemType":"thumbnail","text":"","type":"text"},{"itemType":"url","text":"URL","type":"text"},{"itemType":"text","text":"Original","type":"text"},{"itemType":"text","text":"Potential Savings","type":"text"}],"header":"View Details","type":"table","items":[]}},"errors-in-console":{"displayValue":"","score":true,"helpText":"Errors logged to the console indicate unresolved problems. They can come from network request failures and other browser concerns.","rawValue":0,"name":"errors-in-console","description":"No browser errors logged to the console","scoringMode":"binary","details":{"itemHeaders":[{"itemType":"url","text":"URL","type":"text"},{"itemType":"code","text":"Description","type":"text"}],"header":"View Details","type":"table","items":[]}},"video-caption":{"displayValue":"","score":false,"helpText":"When a video provides a caption it is easier for deaf and hearing impaired users to access its information. [Learn more](https://dequeuniversity.com/rules/axe/2.2/video-caption?application=lighthouse).","rawValue":false,"name":"video-caption","description":"`<video>` elements do not contain a `<track>` element with `[kind=\"captions\"]`.","scoringMode":"binary","informative":true,"notApplicable":true},"td-headers-attr":{"displayValue":"","score":false,"helpText":"Screen readers have features to make navigating tables easier. Ensuring `<td>` cells using the `[headers]` attribute only refer to other cells in the same table may improve the experience for screen reader users. [Learn more](https://dequeuniversity.com/rules/axe/2.2/td-headers-attr?application=lighthouse).","rawValue":false,"name":"td-headers-attr","description":"Cells in a `<table>` element that use the `[headers]` attribute refers to other cells of that same table.","scoringMode":"binary","informative":true,"notApplicable":true},"offscreen-content-hidden":{"displayValue":"","score":false,"helpText":"Offscreen content is hidden with display: none or aria-hidden=true. [Learn more](https://developers.google.com/web/fundamentals/accessibility/how-to-review#try_it_with_a_screen_reader).","rawValue":false,"name":"offscreen-content-hidden","description":"Offscreen content is hidden from assistive technology","scoringMode":"binary","informative":true,"manual":true},"no-document-write":{"displayValue":"","score":true,"helpText":"For users on slow connections, external scripts dynamically injected via `document.write()` can delay page load by tens of seconds. [Learn more](https://developers.google.com/web/tools/lighthouse/audits/document-write).","rawValue":true,"extendedInfo":{"value":[]},"name":"no-document-write","description":"Avoids `document.write()`","scoringMode":"binary","details":{"itemHeaders":[{"itemType":"url","text":"URL","type":"text"},{"itemType":"text","text":"Location","type":"text"}],"header":"View Details","type":"table","items":[]}},"aria-valid-attr-value":{"displayValue":"","score":true,"helpText":"Assistive technologies, like screen readers, can't interpret ARIA attributes with invalid values. [Learn more](https://dequeuniversity.com/rules/axe/2.2/aria-valid-attr-value?application=lighthouse).","rawValue":true,"extendedInfo":{},"name":"aria-valid-attr-value","description":"`[aria-*]` attributes have valid values","scoringMode":"binary","details":{"header":{"text":"View failing elements","type":"text"},"type":"list","items":[]}},"pwa-each-page-has-url":{"displayValue":"","score":false,"helpText":"Ensure individual pages are deep linkable via the URLs and that URLs are unique for the purpose of shareability on social media. [Learn more](https://developers.google.com/web/progressive-web-apps/checklist#each-page-has-a-url).","rawValue":false,"name":"pwa-each-page-has-url","description":"Each page has a URL","scoringMode":"binary","informative":true,"manual":true},"custom-controls-roles":{"displayValue":"","score":false,"helpText":"Custom interactive controls have appropriate ARIA roles. [Learn more](https://developers.google.com/web/fundamentals/accessibility/how-to-review#try_it_with_a_screen_reader).","rawValue":false,"name":"custom-controls-roles","description":"Custom controls have ARIA roles","scoringMode":"binary","informative":true,"manual":true},"meta-description":{"displayValue":"","score":false,"helpText":"Meta descriptions may be included in search results to concisely summarize page content. [Learn more](https://developers.google.com/web/tools/lighthouse/audits/description).","rawValue":false,"name":"meta-description","description":"Document does not have a meta description","scoringMode":"binary"},"duplicate-id":{"displayValue":"","score":true,"helpText":"The value of an id attribute must be unique to prevent other instances from being overlooked by assistive technologies. [Learn more](https://dequeuniversity.com/rules/axe/2.2/duplicate-id?application=lighthouse).","rawValue":true,"extendedInfo":{},"name":"duplicate-id","description":"`[id]` attributes on the page are unique","scoringMode":"binary","details":{"header":{"text":"View failing elements","type":"text"},"type":"list","items":[]}},"focusable-controls":{"displayValue":"","score":false,"helpText":"Custom interactive controls are keyboard focusable and display a focus indicator. [Learn more](https://developers.google.com/web/fundamentals/accessibility/how-to-review#start_with_the_keyboard).","rawValue":false,"name":"focusable-controls","description":"Interactive controls are keyboard focusable","scoringMode":"binary","informative":true,"manual":true},"heading-levels":{"displayValue":"","score":false,"helpText":"Headings are used to create an outline for the page and heading levels are not skipped. [Learn more](https://developers.google.com/web/fundamentals/accessibility/how-to-review#take_advantage_of_headings_and_landmarks).","rawValue":false,"name":"heading-levels","description":"Headings don't skip levels","scoringMode":"binary","informative":true,"manual":true},"uses-request-compression":{"displayValue":"","score":100,"helpText":"Text-based responses should be served with compression (gzip, deflate or brotli) to minimize total network bytes. [Learn more](https://developers.google.com/web/fundamentals/performance/optimizing-content-efficiency/optimize-encoding-and-transfer).","rawValue":0,"extendedInfo":{"value":{"wastedKb":0,"wastedMs":0,"results":[]}},"name":"uses-request-compression","description":"Enable text compression","scoringMode":"binary","informative":true,"details":{"itemHeaders":[{"itemType":"url","text":"Uncompressed resource URL","type":"text"},{"itemType":"text","text":"Original","type":"text"},{"itemType":"text","text":"GZIP Savings","type":"text"}],"header":"View Details","type":"table","items":[]}},"appcache-manifest":{"displayValue":"","score":true,"debugString":"","helpText":"Application Cache is deprecated. [Learn more](https://developers.google.com/web/tools/lighthouse/audits/appcache).","rawValue":true,"name":"appcache-manifest","description":"Avoids Application Cache","scoringMode":"binary"},"themed-omnibox":{"displayValue":"","score":false,"debugString":"Failures: No manifest was fetched, No `<meta name=\"theme-color\">` tag found.","helpText":"The browser address bar can be themed to match your site. [Learn more](https://developers.google.com/web/tools/lighthouse/audits/address-bar).","rawValue":false,"extendedInfo":{"value":{"failures":["No manifest was fetched","No `<meta name=\"theme-color\">` tag found"],"themeColor":null,"manifestValues":{"parseFailureReason":"No manifest was fetched","allChecks":[],"isParseFailure":true}}},"name":"themed-omnibox","description":"Address bar does not match brand colors","scoringMode":"binary"},"color-contrast":{"displayValue":"","score":true,"helpText":"Low-contrast text is difficult or impossible for many users to read. [Learn more](https://dequeuniversity.com/rules/axe/2.2/color-contrast?application=lighthouse).","rawValue":true,"extendedInfo":{},"name":"color-contrast","description":"Background and foreground colors have a sufficient contrast ratio","scoringMode":"binary","details":{"header":{"text":"View failing elements","type":"text"},"type":"list","items":[]}},"listitem":{"displayValue":"","score":false,"helpText":"Screen readers require list items (`<li>`) to be contained within a parent `<ul>` or `<ol>` to be announced properly. [Learn more](https://dequeuniversity.com/rules/axe/2.2/listitem?application=lighthouse).","rawValue":false,"name":"listitem","description":"List items (`<li>`) are not contained within `<ul>` or `<ol>` parent elements.","scoringMode":"binary","informative":true,"notApplicable":true},"no-mutation-events":{"displayValue":"","score":true,"helpText":"Mutation Events are deprecated and harm performance. Consider using Mutation Observers instead. [Learn more](https://developers.google.com/web/tools/lighthouse/audits/mutation-events).","rawValue":true,"extendedInfo":{"value":{"results":[]}},"name":"no-mutation-events","description":"Avoids Mutation Events in its own scripts","scoringMode":"binary","details":{"itemHeaders":[{"itemType":"url","text":"URL","type":"text"},{"itemType":"code","text":"Event","type":"text"},{"itemType":"text","text":"Line","type":"text"},{"itemType":"text","text":"Col","type":"text"},{"itemType":"code","text":"Snippet","type":"text"}],"header":"View Details","type":"table","items":[]}},"audio-caption":{"displayValue":"","score":false,"helpText":"Captions make audio elements usable for deaf or hearing-impaired users, providing critical information such as who is talking, what they're saying, and other non-speech information. [Learn more](https://dequeuniversity.com/rules/axe/2.2/audio-caption?application=lighthouse).","rawValue":false,"name":"audio-caption","description":"`<audio>` elements are missing a `<track>` element with `[kind=\"captions\"]`.","scoringMode":"binary","informative":true,"notApplicable":true},"first-meaningful-paint":{"displayValue":"4,520 ms","score":40,"helpText":"First meaningful paint measures when the primary content of a page is visible. [Learn more](https://developers.google.com/web/tools/lighthouse/audits/first-meaningful-paint).","rawValue":4521.8,"extendedInfo":{"value":{"timestamps":{"fCP":8650057715484,"endOfTrace":8650064967436,"fMP":8650057715493,"onLoad":8650058566647,"navStart":8650053193698},"fmpFellBack":false,"timings":{"fCP":4521.786,"endOfTrace":11773.738,"fMP":4521.795,"onLoad":5372.949,"navStart":0}}},"name":"first-meaningful-paint","description":"First meaningful paint","scoringMode":"numeric"},"focus-traps":{"displayValue":"","score":false,"helpText":"A user can tab into and out of any control or region without accidentally trapping their focus. [Learn more](https://developers.google.com/web/fundamentals/accessibility/how-to-review#start_with_the_keyboard).","rawValue":false,"name":"focus-traps","description":"User focus is not accidentally trapped in a region","scoringMode":"binary","informative":true,"manual":true},"aria-allowed-attr":{"displayValue":"","score":true,"helpText":"Each ARIA `role` supports a specific subset of `aria-*` attributes. Mismatching these invalidates the `aria-*` attributes. [Learn more](https://dequeuniversity.com/rules/axe/2.2/aria-allowed-attr?application=lighthouse).","rawValue":true,"extendedInfo":{},"name":"aria-allowed-attr","description":"`[aria-*]` attributes match their roles","scoringMode":"binary","details":{"header":{"text":"View failing elements","type":"text"},"type":"list","items":[]}},"geolocation-on-start":{"displayValue":"","score":true,"helpText":"Users are mistrustful of or confused by sites that request their location without context. Consider tying the request to user gestures instead. [Learn more](https://developers.google.com/web/tools/lighthouse/audits/geolocation-on-load).","rawValue":true,"extendedInfo":{"value":[]},"name":"geolocation-on-start","description":"Avoids requesting the geolocation permission on page load","scoringMode":"binary","details":{"itemHeaders":[{"itemType":"url","text":"URL","type":"text"},{"itemType":"text","text":"Location","type":"text"}],"header":"View Details","type":"table","items":[]}},"image-aspect-ratio":{"displayValue":"","score":true,"helpText":"Image display dimensions should match natural aspect ratio.","rawValue":true,"name":"image-aspect-ratio","description":"Displays images with correct aspect ratio","scoringMode":"binary","details":{"itemHeaders":[{"itemType":"thumbnail","text":"","type":"text"},{"itemType":"url","text":"URL","type":"text"},{"itemType":"text","text":"Aspect Ratio (Displayed)","type":"text"},{"itemType":"text","text":"Aspect Ratio (Actual)","type":"text"}],"header":"View Details","type":"table","items":[]}},"valid-lang":{"displayValue":"","score":false,"helpText":"Specifying a valid [BCP 47 language](https://www.w3.org/International/questions/qa-choosing-language-tags#question) on elements helps ensure that text is pronounced correctly by a screen reader. [Learn more](https://dequeuniversity.com/rules/axe/2.2/valid-lang?application=lighthouse).","rawValue":false,"name":"valid-lang","description":"`[lang]` attributes do not have a valid value","scoringMode":"binary","informative":true,"notApplicable":true},"html-has-lang":{"displayValue":"","score":false,"helpText":"If a page doesn't specify a lang attribute, a screen reader assumes that the page is in the default language that the user chose when setting up the screen reader. If the page isn't actually in the default language, then the screen reader might not announce the page's text correctly. [Learn more](https://dequeuniversity.com/rules/axe/2.2/html-lang?application=lighthouse).","rawValue":false,"extendedInfo":{"value":{"help":"<html> element must have a lang attribute","nodes":[{"failureSummary":"Fix any of the following:\n  The <html> element does not have a lang attribute","snippet":"<html>","path":"1,HTML","impact":"serious","html":"<html>","target":["html"]}],"impact":"serious","description":"Ensures every HTML document has a lang attribute","helpUrl":"https://dequeuniversity.com/rules/axe/3.0/html-has-lang?application=axeAPI","id":"html-has-lang","tags":["cat.language","wcag2a","wcag311"]}},"name":"html-has-lang","description":"`<html>` element does not have a `[lang]` attribute","scoringMode":"binary","details":{"header":{"text":"View failing elements","type":"text"},"type":"list","items":[{"snippet":"<html>","path":"1,HTML","selector":"html","type":"node"}]}},"unminified-javascript":{"displayValue":"","score":100,"helpText":"Minifying JavaScript files can reduce payload sizes and script parse time. [Learn more](https://developers.google.com/speed/docs/insights/MinifyResources).","rawValue":0,"extendedInfo":{"value":{"wastedKb":0,"wastedMs":0,"results":[]}},"name":"unminified-javascript","description":"Minify JavaScript","scoringMode":"binary","informative":true,"details":{"itemHeaders":[{"itemType":"url","text":"URL","type":"text"},{"itemType":"text","text":"Original","type":"text"},{"itemType":"text","text":"Potential Savings","type":"text"}],"header":"View Details","type":"table","items":[]}},"object-alt":{"displayValue":"","score":false,"helpText":"Screen readers cannot translate non-text content. Adding alt text to `<object>` elements helps screen readers convey meaning to users. [Learn more](https://dequeuniversity.com/rules/axe/2.2/object-alt?application=lighthouse).","rawValue":false,"name":"object-alt","description":"`<object>` elements do not have `[alt]` text","scoringMode":"binary","informative":true,"notApplicable":true},"accesskeys":{"displayValue":"","score":false,"helpText":"Access keys let users quickly focus a part of the page. For proper navigation, each access key must be unique. [Learn more](https://dequeuniversity.com/rules/axe/2.2/accesskeys?application=lighthouse).","rawValue":false,"name":"accesskeys","description":"`[accesskey]` values are not unique","scoringMode":"binary","informative":true,"notApplicable":true},"image-alt":{"displayValue":"","score":false,"helpText":"Informative elements should aim for short, descriptive alternate text. Decorative elements can be ignored with an empty alt attribute.[Learn more](https://dequeuniversity.com/rules/axe/2.2/image-alt?application=lighthouse).","rawValue":false,"name":"image-alt","description":"Image elements do not have `[alt]` attributes","scoringMode":"binary","informative":true,"notApplicable":true},"notification-on-start":{"displayValue":"","score":true,"helpText":"Users are mistrustful of or confused by sites that request to send notifications without context. Consider tying the request to user gestures instead. [Learn more](https://developers.google.com/web/tools/lighthouse/audits/notifications-on-load).","rawValue":true,"extendedInfo":{"value":[]},"name":"notification-on-start","description":"Avoids requesting the notification permission on page load","scoringMode":"binary","details":{"itemHeaders":[{"itemType":"url","text":"URL","type":"text"},{"itemType":"text","text":"Location","type":"text"}],"header":"View Details","type":"table","items":[]}},"unused-css-rules":{"displayValue":"Potential savings of 35 KB (~190 ms)","score":90,"helpText":"Remove unused rules from stylesheets to reduce unnecessary bytes consumed by network activity. [Learn more](https://developers.google.com/speed/docs/insights/OptimizeCSSDelivery)","rawValue":190,"extendedInfo":{"value":{"wastedKb":35,"wastedMs":190,"results":[{"wastedKb":"29 KB","totalKb":"32 KB","wastedMs":"160 ms","totalMs":"170 ms","potentialSavings":"29 KB (93%)","totalBytes":32261,"wastedPercent":92.80281987684556,"wastedBytes":29939,"url":"http://web/static/css/app.a1bcfeb0daa2a3f727390086fd42ee9d.css"},{"wastedKb":"5 KB","totalKb":"6 KB","wastedMs":"30 ms","totalMs":"30 ms","potentialSavings":"5 KB (98%)","totalBytes":5722,"wastedPercent":98.2698357217756,"wastedBytes":5623,"url":{"text":"a { color: #1976d2; } ...","type":"code"}}]}},"name":"unused-css-rules","description":"Unused CSS rules","scoringMode":"binary","informative":true,"details":{"itemHeaders":[{"itemType":"url","text":"URL","type":"text"},{"itemType":"text","text":"Original","type":"text"},{"itemType":"text","text":"Potential Savings","type":"text"}],"header":"View Details","type":"table","items":[[{"text":"http://web/static/css/app.a1bcfeb0daa2a3f727390086fd42ee9d.css","type":"url"},{"text":"32 KB","type":"text"},{"text":"29 KB (93%)","type":"text"}],[{"text":"a { color: #1976d2; } ...","type":"code"},{"text":"6 KB","type":"text"},{"text":"5 KB (98%)","type":"text"}]]}},"structured-data":{"displayValue":"","score":false,"helpText":"Run the [Structured Data Testing Tool](https://search.google.com/structured-data/testing-tool/) and the [Structured Data Linter](http://linter.structured-data.org/) to validate structured data. [Learn more](https://developers.google.com/search/docs/guides/mark-up-content).","rawValue":false,"name":"structured-data","description":"Structured data is valid","scoringMode":"binary","informative":true,"manual":true},"content-width":{"displayValue":"","score":true,"debugString":"","helpText":"If the width of your app's content doesn't match the width of the viewport, your app might not be optimized for mobile screens. [Learn more](https://developers.google.com/web/tools/lighthouse/audits/content-sized-correctly-for-viewport).","rawValue":true,"name":"content-width","description":"Content is sized correctly for the viewport","scoringMode":"binary"},"mainthread-work-breakdown":{"displayValue":"2,800 ms","score":true,"helpText":"Consider reducing the time spent parsing, compiling and executing JS.You may find delivering smaller JS payloads helps with this.","rawValue":2799.5130100250244,"extendedInfo":{"value":{"Update Layer Tree":108.97500228881836,"Layout":432.32500076293945,"Recalculate Style":503.69400215148926,"Evaluate Script":1296.8040027618408,"Animation Frame Fired":8.261001586914062,"Minor GC":82.69900131225586,"Run Microtasks":63.02199935913086,"Parse HTML":62.446001052856445,"Paint":41.383995056152344,"Compile Script":44.90999984741211,"Composite Layers":77.99400329589844,"Parse Stylesheet":76.9990005493164}},"name":"mainthread-work-breakdown","description":"Main thread work breakdown","scoringMode":"binary","informative":true,"details":{"itemHeaders":[{"itemType":"text","text":"Category","type":"text"},{"itemType":"text","text":"Work","type":"text"},{"itemType":"text","text":"Time spent","type":"text"}],"header":"View Details","type":"table","items":[[{"text":"Script Evaluation","type":"text"},{"text":"Evaluate Script","type":"text"},{"text":"1,297 ms","type":"text"}],[{"text":"Script Evaluation","type":"text"},{"text":"Run Microtasks","type":"text"},{"text":"63 ms","type":"text"}],[{"text":"Script Evaluation","type":"text"},{"text":"Animation Frame Fired","type":"text"},{"text":"8 ms","type":"text"}],[{"text":"Style & Layout","type":"text"},{"text":"Recalculate Style","type":"text"},{"text":"504 ms","type":"text"}],[{"text":"Style & Layout","type":"text"},{"text":"Layout","type":"text"},{"text":"432 ms","type":"text"}],[{"text":"Compositing","type":"text"},{"text":"Update Layer Tree","type":"text"},{"text":"109 ms","type":"text"}],[{"text":"Compositing","type":"text"},{"text":"Composite Layers","type":"text"},{"text":"78 ms","type":"text"}],[{"text":"Parsing HTML & CSS","type":"text"},{"text":"Parse Stylesheet","type":"text"},{"text":"77 ms","type":"text"}],[{"text":"Parsing HTML & CSS","type":"text"},{"text":"Parse HTML","type":"text"},{"text":"62 ms","type":"text"}],[{"text":"Garbage collection","type":"text"},{"text":"Minor GC","type":"text"},{"text":"83 ms","type":"text"}],[{"text":"Script Parsing & Compile","type":"text"},{"text":"Compile Script","type":"text"},{"text":"45 ms","type":"text"}],[{"text":"Paint","type":"text"},{"text":"Paint","type":"text"},{"text":"41 ms","type":"text"}]]}},"canonical":{"displayValue":"","score":null,"debugString":"Audit error: Unable to identify the main resource","helpText":"Canonical links suggest which URL to show in search results. [Learn more](https://developers.google.com/web/tools/lighthouse/audits/canonical).","rawValue":null,"name":"canonical","description":"Document does not have a valid `rel=canonical`","scoringMode":"binary","error":true},"bootup-time":{"displayValue":"1,570 ms","score":true,"helpText":"Consider reducing the time spent parsing, compiling, and executing JS. You may find delivering smaller JS payloads helps with this. [Learn more](https://developers.google.com/web/lighthouse/audits/bootup).","rawValue":1573.503999710083,"extendedInfo":{"value":{"http://web/static/js/app.310cd52123c59f9f64a5.js":{"Script Evaluation":1173.697998046875,"Script Parsing & Compile":22.533000946044922},"http://web/static/js/vendor.d1efda22f11e965a5228.js":{"Style & Layout":178.41699981689453,"Script Parsing & Compile":14.004999160766602,"Script Evaluation":9.45100212097168},"https://unpkg.com/vue-chartjs@3.3.2/dist/vue-chartjs.min.js":{"Script Evaluation":6.445001602172852,"Script Parsing & Compile":4.004999160766602},"https://cdnjs.cloudflare.com/ajax/libs/Chart.js/2.7.1/Chart.min.js":{"Style & Layout":0.8509998321533203,"Script Evaluation":90.19700050354004,"Script Parsing & Compile":0.5679988861083984},"http://web/static/js/manifest.9f020e973ae4037504f6.js":{"Script Parsing & Compile":2.184000015258789,"Script Evaluation":1.4300003051757812},"http://web/":{"Style & Layout":0.0989990234375,"Script Evaluation":7.028999328613281,"Script Parsing & Compile":0.14599990844726562},"http://web/#/":{"Parsing HTML & CSS":62.446001052856445}}},"name":"bootup-time","description":"JavaScript boot-up time","scoringMode":"binary","details":{"itemHeaders":[{"itemType":"url","text":"URL","type":"text"},{"itemType":"text","text":"Script Evaluation","type":"text"},{"itemType":"text","text":"Script Parsing & Compile","type":"text"}],"header":"View Details","type":"table","items":[[{"text":"http://web/static/js/app.310cd52123c59f9f64a5.js","type":"url"},{"text":"1,174 ms","type":"text"},{"text":"23 ms","type":"text"}],[{"text":"https://cdnjs.cloudflare.com/ajax/libs/Chart.js/2.7.1/Chart.min.js","type":"url"},{"text":"90 ms","type":"text"},{"text":"1 ms","type":"text"}],[{"text":"http://web/static/js/vendor.d1efda22f11e965a5228.js","type":"url"},{"text":"9 ms","type":"text"},{"text":"14 ms","type":"text"}],[{"text":"https://unpkg.com/vue-chartjs@3.3.2/dist/vue-chartjs.min.js","type":"url"},{"text":"6 ms","type":"text"},{"text":"4 ms","type":"text"}]]}},"list":{"displayValue":"","score":false,"helpText":"Screen readers have a specific way of announcing lists. Ensuring proper list structure aids screen reader output. [Learn more](https://dequeuniversity.com/rules/axe/2.2/list?application=lighthouse).","rawValue":false,"name":"list","description":"Lists do not contain only `<li>` elements and script supporting elements (`<script>` and `<template>`).","scoringMode":"binary","informative":true,"notApplicable":true},"hreflang":{"displayValue":"","score":null,"debugString":"Audit error: Unable to identify the main resource","helpText":"hreflang allows crawlers to discover alternate translations of the page content. [Learn more](https://support.google.com/webmasters/answer/189077).","rawValue":null,"name":"hreflang","description":"Document doesn't have a valid `hreflang`","scoringMode":"binary","error":true},"is-crawlable":{"displayValue":"","score":null,"debugString":"Audit error: Unable to identify the main resource","helpText":"Search engines are unable to include your pages in search results if they don't have permission to crawl them. [Learn more](https://developers.google.com/web/tools/lighthouse/audits/indexing).","rawValue":null,"name":"is-crawlable","description":"Page is blocked from indexing","scoringMode":"binary","error":true},"service-worker":{"displayValue":"","score":false,"helpText":"The service worker is the technology that enables your app to use many Progressive Web App features, such as offline, add to homescreen, and push notifications. [Learn more](https://developers.google.com/web/tools/lighthouse/audits/registered-service-worker).","rawValue":false,"name":"service-worker","description":"Does not register a service worker","scoringMode":"binary"},"use-landmarks":{"displayValue":"","score":false,"helpText":"Landmark elements (<main>, <nav>, etc.) are used to improve the keyboard navigation of the page for assistive technology. [Learn more](https://developers.google.com/web/fundamentals/accessibility/how-to-review#take_advantage_of_headings_and_landmarks).","rawValue":false,"name":"use-landmarks","description":"HTML5 landmark elements are used to improve navigation","scoringMode":"binary","informative":true,"manual":true},"critical-request-chains":{"displayValue":"","score":null,"debugString":"Audit error: Unable to identify the main resource","helpText":"The Critical Request Chains below show you what resources are issued with a high priority. Consider reducing the length of chains, reducing the download size of resources, or deferring the download of unnecessary resources to improve page load. [Learn more](https://developers.google.com/web/tools/lighthouse/audits/critical-request-chains).","rawValue":null,"name":"critical-request-chains","description":"Critical Request Chains","scoringMode":"binary","informative":true,"error":true},"consistently-interactive":{"displayValue":"6,460 ms","score":71,"helpText":"Consistently Interactive marks the time at which the page is fully interactive. [Learn more](https://developers.google.com/web/tools/lighthouse/audits/consistently-interactive).","rawValue":6460.149,"extendedInfo":{"value":{"timeInMs":6460.149,"cpuQuietPeriod":{"start":8.650059653847E9,"end":8.650064967436E9},"networkQuietPeriods":[{"start":8.650059532223999E9,"end":8.650064967436E9}],"networkQuietPeriod":{"start":8.650059532223999E9,"end":8.650064967436E9},"cpuQuietPeriods":[{"start":8.650059653847E9,"end":8.650064967436E9}],"timestamp":8650059653847}},"name":"consistently-interactive","description":"Consistently Interactive (beta)","scoringMode":"numeric"},"pwa-page-transitions":{"displayValue":"","score":false,"helpText":"Transitions should feel snappy as you tap around, even on a slow network, a key to perceived performance. [Learn more](https://developers.google.com/web/progressive-web-apps/checklist#page-transitions-dont-feel-like-they-block-on-the-network).","rawValue":false,"name":"pwa-page-transitions","description":"Page transitions don't feel like they block on the network","scoringMode":"binary","informative":true,"manual":true},"user-timings":{"displayValue":"0","score":true,"helpText":"Consider instrumenting your app with the User Timing API to create custom, real-world measurements of key user experiences. [Learn more](https://developers.google.com/web/tools/lighthouse/audits/user-timing).","rawValue":true,"extendedInfo":{"value":[]},"name":"user-timings","description":"User Timing marks and measures","scoringMode":"binary","informative":true,"details":{"itemHeaders":[{"itemType":"text","text":"Name","type":"text"},{"itemType":"text","text":"Type","type":"text"},{"itemType":"text","text":"Time","type":"text"}],"header":"View Details","type":"table","items":[]}},"manifest-short-name-length":{"displayValue":"","score":false,"helpText":"Make your app's `short_name` fewer than 12 characters to ensure that it's not truncated on homescreens. [Learn more](https://developers.google.com/web/tools/lighthouse/audits/manifest-short_name-is-not-truncated).","rawValue":false,"name":"manifest-short-name-length","description":"Manifest's `short_name` will be truncated when displayed on homescreen","scoringMode":"binary"},"no-vulnerable-libraries":{"displayValue":"","score":true,"helpText":"Some third-party scripts may contain known security vulnerabilities  that are easily identified and exploited by attackers.","rawValue":true,"name":"no-vulnerable-libraries","description":"Avoids front-end JavaScript libraries with known security vulnerabilities","scoringMode":"binary"},"font-size":{"displayValue":"","score":true,"debugString":null,"helpText":"Font sizes less than 12px are too small to be legible and require mobile visitors to \u201cpinch to zoom\u201d in order to read. Strive to have >60% of page text ≥12px. [Learn more](https://developers.google.com/web/tools/lighthouse/audits/font-sizes).","rawValue":true,"name":"font-size","description":"Document uses legible font sizes","scoringMode":"binary","details":{"itemHeaders":[{"itemType":"url","text":"Source","type":"text"},{"itemType":"code","text":"Selector","type":"text"},{"itemType":"text","text":"% of Page Text","type":"text"},{"itemType":"text","text":"Font Size","type":"text"}],"header":"View Details","type":"table","items":[[{"text":"Legible text","type":"url"},{"text":null,"type":"code"},{"text":"100.00%","type":"text"},{"text":"≥ 12px","type":"text"}]]}},"aria-valid-attr":{"displayValue":"","score":true,"helpText":"Assistive technologies, like screen readers, can't interpret ARIA attributes with invalid names. [Learn more](https://dequeuniversity.com/rules/axe/2.2/aria-valid-attr?application=lighthouse).","rawValue":true,"extendedInfo":{},"name":"aria-valid-attr","description":"`[aria-*]` attributes are valid and not misspelled","scoringMode":"binary","details":{"header":{"text":"View failing elements","type":"text"},"type":"list","items":[]}},"aria-required-attr":{"displayValue":"","score":false,"helpText":"Some ARIA roles have required attributes that describe the state of the element to screen readers. [Learn more](https://dequeuniversity.com/rules/axe/2.2/aria-required-attr?application=lighthouse).","rawValue":false,"name":"aria-required-attr","description":"`[role]`s do not have all required `[aria-*]` attributes","scoringMode":"binary","informative":true,"notApplicable":true},"aria-roles":{"displayValue":"","score":false,"helpText":"ARIA roles must have valid values in order to perform their intended accessibility functions. [Learn more](https://dequeuniversity.com/rules/axe/2.2/aria-roles?application=lighthouse).","rawValue":false,"name":"aria-roles","description":"`[role]` values are not valid","scoringMode":"binary","informative":true,"notApplicable":true},"redirects-http":{"displayValue":"","score":false,"helpText":"If you've already set up HTTPS, make sure that you redirect all HTTP traffic to HTTPS. [Learn more](https://developers.google.com/web/tools/lighthouse/audits/http-redirects-to-https).","rawValue":false,"name":"redirects-http","description":"Does not redirect HTTP traffic to HTTPS","scoringMode":"binary"},"aria-required-children":{"displayValue":"","score":false,"helpText":"Some ARIA parent roles must contain specific child roles to perform their intended accessibility functions. [Learn more](https://dequeuniversity.com/rules/axe/2.2/aria-required-children?application=lighthouse).","rawValue":false,"name":"aria-required-children","description":"Elements with `[role]` that require specific children `[role]`s, are missing.","scoringMode":"binary","informative":true,"notApplicable":true},"dom-size":{"displayValue":"94 nodes","score":100,"helpText":"Browser engineers recommend pages contain fewer than ~1,500 DOM nodes. The sweet spot is a tree depth < 32 elements and fewer than 60 children/parent element. A large DOM can increase memory usage, cause longer [style calculations](https://developers.google.com/web/fundamentals/performance/rendering/reduce-the-scope-and-complexity-of-style-calculations), and produce costly [layout reflows](https://developers.google.com/speed/articles/reflow). [Learn more](https://developers.google.com/web/fundamentals/performance/rendering/).","rawValue":94,"extendedInfo":{"value":[{"title":"Total DOM Nodes","value":"94","target":"< 1,500 nodes"},{"snippet":"html >\n  body >\n    main >\n      div#inspire.application.theme--dark >\n        div.application--wrap >\n          aside.navigation-drawer.navigation-drawer--clipped.navigation-drawer--close.navigation-drawer--fixed.navigation-drawer--is-mobile >\n            div.list >\n              div >\n                div.list__tile >\n                  div.input-group.input-group--dirty.input-group--selection-controls.switch.accent--text >\n                    div.input-group__input >\n                      div.input-group--selection-controls__container >\n                        div.input-group--selection-controls__toggle.input-group--selection-controls__toggle--active","title":"DOM Depth","value":"13","target":"< 32"},{"snippet":"Element with most children:\nhead","title":"Maximum Children","value":"8","target":"< 60 nodes"}]},"name":"dom-size","description":"Avoids an excessive DOM size","scoringMode":"numeric","details":{"header":{"text":"View details","type":"text"},"type":"cards","items":[{"title":"Total DOM Nodes","value":"94","target":"< 1,500 nodes"},{"snippet":"html >\n  body >\n    main >\n      div#inspire.application.theme--dark >\n        div.application--wrap >\n          aside.navigation-drawer.navigation-drawer--clipped.navigation-drawer--close.navigation-drawer--fixed.navigation-drawer--is-mobile >\n            div.list >\n              div >\n                div.list__tile >\n                  div.input-group.input-group--dirty.input-group--selection-controls.switch.accent--text >\n                    div.input-group__input >\n                      div.input-group--selection-controls__container >\n                        div.input-group--selection-controls__toggle.input-group--selection-controls__toggle--active","title":"DOM Depth","value":"13","target":"< 32"},{"snippet":"Element with most children:\nhead","title":"Maximum Children","value":"8","target":"< 60 nodes"}]}},"no-websql":{"displayValue":"","score":true,"debugString":"","helpText":"Web SQL is deprecated. Consider using IndexedDB instead. [Learn more](https://developers.google.com/web/tools/lighthouse/audits/web-sql).","rawValue":true,"name":"no-websql","description":"Avoids WebSQL DB","scoringMode":"binary"},"webapp-install-banner":{"displayValue":"","score":false,"debugString":"Failures: No manifest was fetched, Site does not register a service worker, Service worker does not successfully serve the manifest's start_url, No usable web app manifest found on page.","helpText":"Browsers can proactively prompt users to add your app to their homescreen, which can lead to higher engagement. [Learn more](https://developers.google.com/web/tools/lighthouse/audits/install-prompt).","rawValue":false,"extendedInfo":{"value":{"failures":["No manifest was fetched","Site does not register a service worker","Service worker does not successfully serve the manifest's start_url","No usable web app manifest found on page"],"warnings":["No usable web app manifest found on page"],"manifestValues":{"parseFailureReason":"No manifest was fetched","allChecks":[],"isParseFailure":true}}},"name":"webapp-install-banner","description":"User will not be prompted to Install the Web App","scoringMode":"binary"},"uses-passive-event-listeners":{"displayValue":"","score":true,"helpText":"Consider marking your touch and wheel event listeners as `passive` to improve your page's scroll performance. [Learn more](https://developers.google.com/web/tools/lighthouse/audits/passive-event-listeners).","rawValue":true,"extendedInfo":{"value":[]},"name":"uses-passive-event-listeners","description":"Uses passive listeners to improve scrolling performance","scoringMode":"binary","details":{"itemHeaders":[{"itemType":"url","text":"URL","type":"text"},{"itemType":"text","text":"Location","type":"text"}],"header":"View Details","type":"table","items":[]}},"screenshot-thumbnails":{"displayValue":"true","score":100,"helpText":"This is what the load of your site looked like.","rawValue":true,"name":"screenshot-thumbnails","description":"Screenshot Thumbnails","scoringMode":"binary","informative":true,"details":{"scale":6606,"type":"filmstrip","items":[{"data":"/9j/4AAQSkZJRgABAQAAAQABAAD/2wCEAAMCAgMCAgMDAwMEAwMEBQgFBQQEBQoHBwYIDAoMDAsKCwsNDhIQDQ4RDgsLEBYQERMUFRUVDA8XGBYUGBIUFRQBAwQEBQQFCQUFCRQNCw0UFBQUFBQUFBQUFBQUFBQUFBQUFBQUFBQUFBQUFBQUFBQUFBQUFBQUFBQUFBQUFBQUFP/AABEIANUAeAMBEQACEQEDEQH/xAGiAAABBQEBAQEBAQAAAAAAAAAAAQIDBAUGBwgJCgsQAAIBAwMCBAMFBQQEAAABfQECAwAEEQUSITFBBhNRYQcicRQygZGhCCNCscEVUtHwJDNicoIJChYXGBkaJSYnKCkqNDU2Nzg5OkNERUZHSElKU1RVVldYWVpjZGVmZ2hpanN0dXZ3eHl6g4SFhoeIiYqSk5SVlpeYmZqio6Slpqeoqaqys7S1tre4ubrCw8TFxsfIycrS09TV1tfY2drh4uPk5ebn6Onq8fLz9PX29/j5+gEAAwEBAQEBAQEBAQAAAAAAAAECAwQFBgcICQoLEQACAQIEBAMEBwUEBAABAncAAQIDEQQFITEGEkFRB2FxEyIygQgUQpGhscEJIzNS8BVictEKFiQ04SXxFxgZGiYnKCkqNTY3ODk6Q0RFRkdISUpTVFVWV1hZWmNkZWZnaGlqc3R1dnd4eXqCg4SFhoeIiYqSk5SVlpeYmZqio6Slpqeoqaqys7S1tre4ubrCw8TFxsfIycrS09TV1tfY2dri4+Tl5ufo6ery8/T19vf4+fr/2gAMAwEAAhEDEQA/AP1ToAKACgAoAKACgAoAKACgAoAKACgAoAKACgAoAKACgAoAKACgAoAKACgAoAKACgAoAKACgAoAKACgAoAKACgAoAKACgAoAKACgAoAKACgAoAKACgAoAKACgAoAKACgAoAKACgAoAKACgAoAKACgAoAKACgAoAKACgAoAKACgAoAKACgAoAKACgAoAKACgAoAKACgAoAKACgAoAKACgAoAKACgAoAKACgAoAKACgAoAKACgAoAKACgAoAKACgAoAKACgAoAKACgAoAKACgAoAKACgAoAKACgAoAKACgAoAKACgAoAKACgAoAKACgAoAKACgAoAKACgAoAKACgAoAKACgAoAKACgAoAKACgAoAKACgAoAKACgAoAKACgAoAKACgAoAKACgAoAKACgAoAKACgAoAKACgAoAKACgAoAKACgAoAKACgAoAKACgAoAKACgAoAKACgAoAKACgAoAKACgAoAKACgAoAKACgAoAKACgAoAKACgAoAKACgAoAKACgAoAKACgAoAKACgAoAKACgAoAKACgAoAKACgAoAKACgAoAKACgAoAKACgAoAKACgAoAKACgAoAKACgAoAKACgAoAKACgAoAKACgAoAKACgAoAKACgAoAKACgAoAKACgAoAKACgAoAKACgAoAKACgAoAKACgAoAKACgAoAKACgAoAKACgAoAKACgAoAKACgAoAKACgAoAKACgAoAKACgAoAKACgAoAKACgAoAKACgAoAKACgAoAKACgAoAKACgAoAKACgAoAKACgAoAKACgAoAKACgAoAKACgAoAKACgAoAKACgAoAKACgAoAKACgAoAKACgAoAKACgAoAKACgAoAKACgAoAKACgAoAKACgAoAKACgAoAKACgAoAKACgAoAKACgAoAKACgAoAKACgAoAKACgAoAKACgAoAKACgAoAKACgAoAKACgD//Z","timing":661,"timestamp":8650053854298},{"data":"/9j/4AAQSkZJRgABAQAAAQABAAD/2wCEAAMCAgMCAgMDAwMEAwMEBQgFBQQEBQoHBwYIDAoMDAsKCwsNDhIQDQ4RDgsLEBYQERMUFRUVDA8XGBYUGBIUFRQBAwQEBQQFCQUFCRQNCw0UFBQUFBQUFBQUFBQUFBQUFBQUFBQUFBQUFBQUFBQUFBQUFBQUFBQUFBQUFBQUFBQUFP/AABEIANUAeAMBEQACEQEDEQH/xAGiAAABBQEBAQEBAQAAAAAAAAAAAQIDBAUGBwgJCgsQAAIBAwMCBAMFBQQEAAABfQECAwAEEQUSITFBBhNRYQcicRQygZGhCCNCscEVUtHwJDNicoIJChYXGBkaJSYnKCkqNDU2Nzg5OkNERUZHSElKU1RVVldYWVpjZGVmZ2hpanN0dXZ3eHl6g4SFhoeIiYqSk5SVlpeYmZqio6Slpqeoqaqys7S1tre4ubrCw8TFxsfIycrS09TV1tfY2drh4uPk5ebn6Onq8fLz9PX29/j5+gEAAwEBAQEBAQEBAQAAAAAAAAECAwQFBgcICQoLEQACAQIEBAMEBwUEBAABAncAAQIDEQQFITEGEkFRB2FxEyIygQgUQpGhscEJIzNS8BVictEKFiQ04SXxFxgZGiYnKCkqNTY3ODk6Q0RFRkdISUpTVFVWV1hZWmNkZWZnaGlqc3R1dnd4eXqCg4SFhoeIiYqSk5SVlpeYmZqio6Slpqeoqaqys7S1tre4ubrCw8TFxsfIycrS09TV1tfY2dri4+Tl5ufo6ery8/T19vf4+fr/2gAMAwEAAhEDEQA/AP1ToAKACgAoAKACgAoAKACgAoAKACgAoAKACgAoAKACgAoAKACgAoAKACgAoAKACgAoAKACgAoAKACgAoAKACgAoAKACgAoAKACgAoAKACgAoAKACgAoAKACgAoAKACgAoAKACgAoAKACgAoAKACgAoAKACgAoAKACgAoAKACgAoAKACgAoAKACgAoAKACgAoAKACgAoAKACgAoAKACgAoAKACgAoAKACgAoAKACgAoAKACgAoAKACgAoAKACgAoAKACgAoAKACgAoAKACgAoAKACgAoAKACgAoAKACgAoAKACgAoAKACgAoAKACgAoAKACgAoAKACgAoAKACgAoAKACgAoAKACgAoAKACgAoAKACgAoAKACgAoAKACgAoAKACgAoAKACgAoAKACgAoAKACgAoAKACgAoAKACgAoAKACgAoAKACgAoAKACgAoAKACgAoAKACgAoAKACgAoAKACgAoAKACgAoAKACgAoAKACgAoAKACgAoAKACgAoAKACgAoAKACgAoAKACgAoAKACgAoAKACgAoAKACgAoAKACgAoAKACgAoAKACgAoAKACgAoAKACgAoAKACgAoAKACgAoAKACgAoAKACgAoAKACgAoAKACgAoAKACgAoAKACgAoAKACgAoAKACgAoAKACgAoAKACgAoAKACgAoAKACgAoAKACgAoAKACgAoAKACgAoAKACgAoAKACgAoAKACgAoAKACgAoAKACgAoAKACgAoAKACgAoAKACgAoAKACgAoAKACgAoAKACgAoAKACgAoAKACgAoAKACgAoAKACgAoAKACgAoAKACgAoAKACgAoAKACgAoAKACgAoAKACgAoAKACgAoAKACgAoAKACgAoAKACgAoAKACgAoAKACgAoAKACgAoAKACgAoAKACgAoAKACgAoAKACgAoAKACgAoAKACgAoAKACgD//Z","timing":1321,"timestamp":8.650054514898001E12},{"data":"/9j/4AAQSkZJRgABAQAAAQABAAD/2wCEAAMCAgMCAgMDAwMEAwMEBQgFBQQEBQoHBwYIDAoMDAsKCwsNDhIQDQ4RDgsLEBYQERMUFRUVDA8XGBYUGBIUFRQBAwQEBQQFCQUFCRQNCw0UFBQUFBQUFBQUFBQUFBQUFBQUFBQUFBQUFBQUFBQUFBQUFBQUFBQUFBQUFBQUFBQUFP/AABEIANUAeAMBEQACEQEDEQH/xAGiAAABBQEBAQEBAQAAAAAAAAAAAQIDBAUGBwgJCgsQAAIBAwMCBAMFBQQEAAABfQECAwAEEQUSITFBBhNRYQcicRQygZGhCCNCscEVUtHwJDNicoIJChYXGBkaJSYnKCkqNDU2Nzg5OkNERUZHSElKU1RVVldYWVpjZGVmZ2hpanN0dXZ3eHl6g4SFhoeIiYqSk5SVlpeYmZqio6Slpqeoqaqys7S1tre4ubrCw8TFxsfIycrS09TV1tfY2drh4uPk5ebn6Onq8fLz9PX29/j5+gEAAwEBAQEBAQEBAQAAAAAAAAECAwQFBgcICQoLEQACAQIEBAMEBwUEBAABAncAAQIDEQQFITEGEkFRB2FxEyIygQgUQpGhscEJIzNS8BVictEKFiQ04SXxFxgZGiYnKCkqNTY3ODk6Q0RFRkdISUpTVFVWV1hZWmNkZWZnaGlqc3R1dnd4eXqCg4SFhoeIiYqSk5SVlpeYmZqio6Slpqeoqaqys7S1tre4ubrCw8TFxsfIycrS09TV1tfY2dri4+Tl5ufo6ery8/T19vf4+fr/2gAMAwEAAhEDEQA/AP1ToAKACgAoAKACgAoAKACgAoAKACgAoAKACgAoAKACgAoAKACgAoAKACgAoAKACgAoAKACgAoAKACgAoAKACgAoAKACgAoAKACgAoAKACgAoAKACgAoAKACgAoAKACgAoAKACgAoAKACgAoAKACgAoAKACgAoAKACgAoAKACgAoAKACgAoAKACgAoAKACgAoAKACgAoAKACgAoAKACgAoAKACgAoAKACgAoAKACgAoAKACgAoAKACgAoAKACgAoAKACgAoAKACgAoAKACgAoAKACgAoAKACgAoAKACgAoAKACgAoAKACgAoAKACgAoAKACgAoAKACgAoAKACgAoAKACgAoAKACgAoAKACgAoAKACgAoAKACgAoAKACgAoAKACgAoAKACgAoAKACgAoAKACgAoAKACgAoAKACgAoAKACgAoAKACgAoAKACgAoAKACgAoAKACgAoAKACgAoAKACgAoAKACgAoAKACgAoAKACgAoAKACgAoAKACgAoAKACgAoAKACgAoAKACgAoAKACgAoAKACgAoAKACgAoAKACgAoAKACgAoAKACgAoAKACgAoAKACgAoAKACgAoAKACgAoAKACgAoAKACgAoAKACgAoAKACgAoAKACgAoAKACgAoAKACgAoAKACgAoAKACgAoAKACgAoAKACgAoAKACgAoAKACgAoAKACgAoAKACgAoAKACgAoAKACgAoAKACgAoAKACgAoAKACgAoAKACgAoAKACgAoAKACgAoAKACgAoAKACgAoAKACgAoAKACgAoAKACgAoAKACgAoAKACgAoAKACgAoAKACgAoAKACgAoAKACgAoAKACgAoAKACgAoAKACgAoAKACgAoAKACgAoAKACgAoAKACgAoAKACgAoAKACgAoAKACgAoAKACgAoAKACgAoAKACgAoAKACgAoAKACgAoAKACgD//Z","timing":1982,"timestamp":8.650055175497999E12},{"data":"/9j/4AAQSkZJRgABAQAAAQABAAD/2wCEAAMCAgMCAgMDAwMEAwMEBQgFBQQEBQoHBwYIDAoMDAsKCwsNDhIQDQ4RDgsLEBYQERMUFRUVDA8XGBYUGBIUFRQBAwQEBQQFCQUFCRQNCw0UFBQUFBQUFBQUFBQUFBQUFBQUFBQUFBQUFBQUFBQUFBQUFBQUFBQUFBQUFBQUFBQUFP/AABEIANUAeAMBEQACEQEDEQH/xAGiAAABBQEBAQEBAQAAAAAAAAAAAQIDBAUGBwgJCgsQAAIBAwMCBAMFBQQEAAABfQECAwAEEQUSITFBBhNRYQcicRQygZGhCCNCscEVUtHwJDNicoIJChYXGBkaJSYnKCkqNDU2Nzg5OkNERUZHSElKU1RVVldYWVpjZGVmZ2hpanN0dXZ3eHl6g4SFhoeIiYqSk5SVlpeYmZqio6Slpqeoqaqys7S1tre4ubrCw8TFxsfIycrS09TV1tfY2drh4uPk5ebn6Onq8fLz9PX29/j5+gEAAwEBAQEBAQEBAQAAAAAAAAECAwQFBgcICQoLEQACAQIEBAMEBwUEBAABAncAAQIDEQQFITEGEkFRB2FxEyIygQgUQpGhscEJIzNS8BVictEKFiQ04SXxFxgZGiYnKCkqNTY3ODk6Q0RFRkdISUpTVFVWV1hZWmNkZWZnaGlqc3R1dnd4eXqCg4SFhoeIiYqSk5SVlpeYmZqio6Slpqeoqaqys7S1tre4ubrCw8TFxsfIycrS09TV1tfY2dri4+Tl5ufo6ery8/T19vf4+fr/2gAMAwEAAhEDEQA/AP1ToAKACgAoAKACgAoAKACgAoAKACgAoAKACgAoAKACgAoAKACgAoAKACgAoAKACgAoAKACgAoAKACgAoAKACgAoAKACgAoAKACgAoAKACgAoAKACgAoAKACgAoAKACgAoAKACgAoAKACgAoAKACgAoAKACgAoAKACgAoAKACgAoAKACgAoAKACgAoAKACgAoAKACgAoAKACgAoAKACgAoAKACgAoAKACgAoAKACgAoAKACgAoAKACgAoAKACgAoAKACgAoAKACgAoAKACgAoAKACgAoAKACgAoAKACgAoAKACgAoAKACgAoAKACgAoAKACgAoAKACgAoAKACgAoAKACgAoAKACgAoAKACgAoAKACgAoAKACgAoAKACgAoAKACgAoAKACgAoAKACgAoAKACgAoAKACgAoAKACgAoAKACgAoAKACgAoAKACgAoAKACgAoAKACgAoAKACgAoAKACgAoAKACgAoAKACgAoAKACgAoAKACgAoAKACgAoAKACgAoAKACgAoAKACgAoAKACgAoAKACgAoAKACgAoAKACgAoAKACgAoAKACgAoAKACgAoAKACgAoAKACgAoAKACgAoAKACgAoAKACgAoAKACgAoAKACgAoAKACgAoAKACgAoAKACgAoAKACgAoAKACgAoAKACgAoAKACgAoAKACgAoAKACgAoAKACgAoAKACgAoAKACgAoAKACgAoAKACgAoAKACgAoAKACgAoAKACgAoAKACgAoAKACgAoAKACgAoAKACgAoAKACgAoAKACgAoAKACgAoAKACgAoAKACgAoAKACgAoAKACgAoAKACgAoAKACgAoAKACgAoAKACgAoAKACgAoAKACgAoAKACgAoAKACgAoAKACgAoAKACgAoAKACgAoAKACgAoAKACgAoAKACgAoAKACgAoAKACgAoAKACgAoAKACgD//Z","timing":2642,"timestamp":8650055836098},{"data":"/9j/4AAQSkZJRgABAQAAAQABAAD/2wCEAAMCAgMCAgMDAwMEAwMEBQgFBQQEBQoHBwYIDAoMDAsKCwsNDhIQDQ4RDgsLEBYQERMUFRUVDA8XGBYUGBIUFRQBAwQEBQQFCQUFCRQNCw0UFBQUFBQUFBQUFBQUFBQUFBQUFBQUFBQUFBQUFBQUFBQUFBQUFBQUFBQUFBQUFBQUFP/AABEIANUAeAMBEQACEQEDEQH/xAGiAAABBQEBAQEBAQAAAAAAAAAAAQIDBAUGBwgJCgsQAAIBAwMCBAMFBQQEAAABfQECAwAEEQUSITFBBhNRYQcicRQygZGhCCNCscEVUtHwJDNicoIJChYXGBkaJSYnKCkqNDU2Nzg5OkNERUZHSElKU1RVVldYWVpjZGVmZ2hpanN0dXZ3eHl6g4SFhoeIiYqSk5SVlpeYmZqio6Slpqeoqaqys7S1tre4ubrCw8TFxsfIycrS09TV1tfY2drh4uPk5ebn6Onq8fLz9PX29/j5+gEAAwEBAQEBAQEBAQAAAAAAAAECAwQFBgcICQoLEQACAQIEBAMEBwUEBAABAncAAQIDEQQFITEGEkFRB2FxEyIygQgUQpGhscEJIzNS8BVictEKFiQ04SXxFxgZGiYnKCkqNTY3ODk6Q0RFRkdISUpTVFVWV1hZWmNkZWZnaGlqc3R1dnd4eXqCg4SFhoeIiYqSk5SVlpeYmZqio6Slpqeoqaqys7S1tre4ubrCw8TFxsfIycrS09TV1tfY2dri4+Tl5ufo6ery8/T19vf4+fr/2gAMAwEAAhEDEQA/AP1ToAKACgAoAKACgAoAKACgAoAKACgAoAKACgAoAKACgAoAKACgAoAKACgAoAKACgAoAKACgAoAKACgAoAKACgAoAKACgAoAKACgAoAKACgAoAKACgAoAKACgAoAKACgAoAKACgAoAKACgAoAKACgAoAKACgAoAKACgAoAKACgAoAKACgAoAKACgAoAKACgAoAKACgAoAKACgAoAKACgAoAKACgAoAKACgAoAKACgAoAKACgAoAKACgAoAKACgAoAKACgAoAKACgAoAKACgAoAKACgAoAKACgAoAKACgAoAKACgAoAKACgAoAKACgAoAKACgAoAKACgAoAKACgAoAKACgAoAKACgAoAKACgAoAKACgAoAKACgAoAKACgAoAKACgAoAKACgAoAKACgAoAKACgAoAKACgAoAKACgAoAKACgAoAKACgAoAKACgAoAKACgAoAKACgAoAKACgAoAKACgAoAKACgAoAKACgAoAKACgAoAKACgAoAKACgAoAKACgAoAKACgAoAKACgAoAKACgAoAKACgAoAKACgAoAKACgAoAKACgAoAKACgAoAKACgAoAKACgAoAKACgAoAKACgAoAKACgAoAKACgAoAKACgAoAKACgAoAKACgAoAKACgAoAKACgAoAKACgAoAKACgAoAKACgAoAKACgAoAKACgAoAKACgAoAKACgAoAKACgAoAKACgAoAKACgAoAKACgAoAKACgAoAKACgAoAKACgAoAKACgAoAKACgAoAKACgAoAKACgAoAKACgAoAKACgAoAKACgAoAKACgAoAKACgAoAKACgAoAKACgAoAKACgAoAKACgAoAKACgAoAKACgAoAKACgAoAKACgAoAKACgAoAKACgAoAKACgAoAKACgAoAKACgAoAKACgAoAKACgAoAKACgAoAKACgAoAKACgAoAKACgAoAKACgD//Z","timing":3303,"timestamp":8650056496698},{"data":"/9j/4AAQSkZJRgABAQAAAQABAAD/2wCEAAMCAgMCAgMDAwMEAwMEBQgFBQQEBQoHBwYIDAoMDAsKCwsNDhIQDQ4RDgsLEBYQERMUFRUVDA8XGBYUGBIUFRQBAwQEBQQFCQUFCRQNCw0UFBQUFBQUFBQUFBQUFBQUFBQUFBQUFBQUFBQUFBQUFBQUFBQUFBQUFBQUFBQUFBQUFP/AABEIANUAeAMBEQACEQEDEQH/xAGiAAABBQEBAQEBAQAAAAAAAAAAAQIDBAUGBwgJCgsQAAIBAwMCBAMFBQQEAAABfQECAwAEEQUSITFBBhNRYQcicRQygZGhCCNCscEVUtHwJDNicoIJChYXGBkaJSYnKCkqNDU2Nzg5OkNERUZHSElKU1RVVldYWVpjZGVmZ2hpanN0dXZ3eHl6g4SFhoeIiYqSk5SVlpeYmZqio6Slpqeoqaqys7S1tre4ubrCw8TFxsfIycrS09TV1tfY2drh4uPk5ebn6Onq8fLz9PX29/j5+gEAAwEBAQEBAQEBAQAAAAAAAAECAwQFBgcICQoLEQACAQIEBAMEBwUEBAABAncAAQIDEQQFITEGEkFRB2FxEyIygQgUQpGhscEJIzNS8BVictEKFiQ04SXxFxgZGiYnKCkqNTY3ODk6Q0RFRkdISUpTVFVWV1hZWmNkZWZnaGlqc3R1dnd4eXqCg4SFhoeIiYqSk5SVlpeYmZqio6Slpqeoqaqys7S1tre4ubrCw8TFxsfIycrS09TV1tfY2dri4+Tl5ufo6ery8/T19vf4+fr/2gAMAwEAAhEDEQA/AP1ToAKACgAoAKACgAoAKACgAoAKACgAoAKACgAoAKACgAoAKACgAoAKACgAoAKACgAoAKACgAoAKACgAoAKACgAoAKACgAoAKACgAoAKACgAoAKACgAoAKACgAoAKACgAoAKACgAoAKACgAoAKACgAoAKACgAoAKACgAoAKACgAoAKACgAoAKACgAoAKACgAoAKACgAoAKACgAoAKACgAoAKACgAoAKACgAoAKACgAoAKACgAoAKACgAoAKACgAoAKACgAoAKACgAoAKACgAoAKACgAoAKACgAoAKACgAoAKACgAoAKACgAoAKACgAoAKACgAoAKACgAoAKACgAoAKACgAoAKACgAoAKACgAoAKACgAoAKACgAoAKACgAoAKACgAoAKACgAoAKACgAoAKACgAoAKACgAoAKACgAoAKACgAoAKACgAoAKACgAoAKACgAoAKACgAoAKACgAoAKACgAoAKACgAoAKACgAoAKACgAoAKACgAoAKACgAoAKACgAoAKACgAoAKACgAoAKACgAoAKACgAoAKACgAoAKACgAoAKACgAoAKACgAoAKACgAoAKACgAoAKACgAoAKACgAoAKACgAoAKACgAoAKACgAoAKACgAoAKACgAoAKACgAoAKACgAoAKACgAoAKACgAoAKACgAoAKACgAoAKACgAoAKACgAoAKACgAoAKACgAoAKACgAoAKACgAoAKACgAoAKACgAoAKACgAoAKACgAoAKACgAoAKACgAoAKACgAoAKACgAoAKACgAoAKACgAoAKACgAoAKACgAoAKACgAoAKACgAoAKACgAoAKACgAoAKACgAoAKACgAoAKACgAoAKACgAoAKACgAoAKACgAoAKACgAoAKACgAoAKACgAoAKACgAoAKACgAoAKACgAoAKACgAoAKACgAoAKACgAoAKACgAoAKACgD//Z","timing":3964,"timestamp":8650057157298},{"data":"/9j/4AAQSkZJRgABAQAAAQABAAD/2wCEAAMCAgMCAgMDAwMEAwMEBQgFBQQEBQoHBwYIDAoMDAsKCwsNDhIQDQ4RDgsLEBYQERMUFRUVDA8XGBYUGBIUFRQBAwQEBQQFCQUFCRQNCw0UFBQUFBQUFBQUFBQUFBQUFBQUFBQUFBQUFBQUFBQUFBQUFBQUFBQUFBQUFBQUFBQUFP/AABEIANUAeAMBEQACEQEDEQH/xAGiAAABBQEBAQEBAQAAAAAAAAAAAQIDBAUGBwgJCgsQAAIBAwMCBAMFBQQEAAABfQECAwAEEQUSITFBBhNRYQcicRQygZGhCCNCscEVUtHwJDNicoIJChYXGBkaJSYnKCkqNDU2Nzg5OkNERUZHSElKU1RVVldYWVpjZGVmZ2hpanN0dXZ3eHl6g4SFhoeIiYqSk5SVlpeYmZqio6Slpqeoqaqys7S1tre4ubrCw8TFxsfIycrS09TV1tfY2drh4uPk5ebn6Onq8fLz9PX29/j5+gEAAwEBAQEBAQEBAQAAAAAAAAECAwQFBgcICQoLEQACAQIEBAMEBwUEBAABAncAAQIDEQQFITEGEkFRB2FxEyIygQgUQpGhscEJIzNS8BVictEKFiQ04SXxFxgZGiYnKCkqNTY3ODk6Q0RFRkdISUpTVFVWV1hZWmNkZWZnaGlqc3R1dnd4eXqCg4SFhoeIiYqSk5SVlpeYmZqio6Slpqeoqaqys7S1tre4ubrCw8TFxsfIycrS09TV1tfY2dri4+Tl5ufo6ery8/T19vf4+fr/2gAMAwEAAhEDEQA/AP0bk8LeMEuh9l8ZJFaC8SXyp9KjlcWyxQKYA+4cs8cz+YwYjz8Y+RSQDrtMt57TTrWG5unvriOJEkuXRUaVgoBcqoABJycAYGeKALVABQAUAFABQAUAFABQAUAFABQAUAFABQAUAFABQAUAFABQAUAFABQAUAFABQAUAFABQAUAFABQAUAFABQAUAFABQAUAFABQAUAFABQAUAFABQAUAFABQAUAFABQAUAFABQAUAFACZ5xQAZGcd6AFoAKACgAoAKACgAoAKACgAoAKACgAoA8AbVfiFqEGl3Wja9oL2kFwbHVBNfwzbbgSxCKFJAD+9kHyOrcgynbuOwgA7zwHq+q2WrXll4h1fTrqG7mCaTIs8azzPGji4hMSjG6MxliQxOTICsYQAgHftOoYr1cLu2jrj6daAATI2MMDkkZBHUHH8xQAi3CMMgjGCScg4x1H1oAZp9/b6rYW97ZzR3NpcRrLDPC4dJEYZVlYEgggggg4INAFigAoAKACgAoAKACgAoAKAOF1j4PeEvFt/omq6npZvL/RpvtGmXM0syyWT/ALrJjywKZMEeQMA/N2dsgDdG+B3grw9pVrYadoUFrHaQS29rOjN9ptY5FdXWG4z5sWRI4Gxxt3HbigB+ifBfwj4c059O03TGtdMa8hvxYLdTm3ininSeIxRlysSrJGjbEAU4AIIoAst8JfC5Piwpp8kLeKgo1d4LyeJ7jClRhlcGP5SR8hXrQBj3v7O/w+1O4vJ73w5BdyXieXcCeWWRJB9qN2cozlcm4YyFsZJOCSOKAO60PRrTw5oun6Tp8XkWFhbx2tvFuLbI0UKq5YknAAGSSaAL1ABQAUAFABQAUAFABQAUAFABQAUAFABQAUAFABQAUAFABQAUAFABQAUAJuoFfWwbqAuAOaBi0AFABQAUAFABQAUAFABQAUAFABQByaS6/f6Wk1hPZf6RCjQTzRO/UZDsoZCQwK/LwRzyeldj+rNt6nn2xe2hXv8A/hODph+xHRV1EeWy/aVlMX3Y/MU7efvGXB9FTI5JEr6u90waxS2aNfTU8Qf27eG9fTv7H2D7MsMb/aC2TkuSduMbcYHr0xgxP2XKuS9zal7fm/ebG7WB1BQAUARiZec4XHXJppNkOaWjYvmqDjIz9aLMHOK6jftCEkBlJXBIz0H+Qfyos+qDnjrZiC6jP8QHtmnyvsQqsHrckVg6gggg9xSasap31Q6kMKACgAoA8ttfEXirw3YQWVxYJKIFENuLKwe4Msa+UiFmMyBGJlAwQANrMSEBau14eLfuzT+Vv8zzFi3b3qbXzv8AohsvxI15bS9mi02/ma0PMI8OTK8yllCmPdcBTkMGwSCAGyBg1Twm3vrXzGsZ/wBO39x0XhvVvEuvSasJVt9LWyvXtI/tWmyD7Qqqh81D5/KEsQD329jkDmqU+TlfNe6vp0v09TrpVOe6tazsbX2XX/8AoJ6b/wCC6T/4/WJuH2XX/wDoJ6b/AOC6T/4/QAfZdf8A+gnpv/guk/8Aj9AFQ+EoL+++26wUvbuPasfl+ZHCoDBlYRF2UOCPv9ccdK2hVnCPKmc86EJy5mMPw80JnspPs03m2f8AqZftMvmAbGQqW3bmUhjlWJBOGIyAar6xU7kfVqbdyS08CaPY209rBahLSaaO4aDcxVXRlZNoJ+VVKKQq4A7Dml7ed076r9RrDxSa6MSz+H2h6ejLb2rxhoEtm/fOxaNCxVSSckDew57YHQACvrFS/Nfrf8v8hfVafLym9a20dnbxwRLtijUIi+gAwBXO227s6klFJIlpDCgAoAKAPM/CfijTLvw1p3k+HJb1Ft1jeeJrMozL8j8mYc70IIPIIwQDTuKxb1Txfomj6ebzUPDcllatJFCJLp7KJGeWTZGoZpwuXchQM5JYAZJpDLNxr9hYxNJP4RuoYYwS8kos1RADzkmbA6Z/H3oA0YJre4hjlTwnOUkUOvy2vQ9P+WtAD/3P/QpT/wDfNr/8doAP3P8A0KU//fNr/wDHaAKP9la5dyXUmmzjw9aSW/lRWr28RkimyT5wKl0YEbV2kZ4JyOjaxnTS1WpjUhU5vdlobPh6x1eyN6dV1CO/864aWARxeX5EZxti77sYzu4znoKU3F25VYdNSSfO7mxiszQWgYUAFABQAUAFAHlFp+zT4R022uYrCbWLJrkYmki1KQlwZzPINrEqA7vLnao+WaRV2hsUAbCfA7wrH4Qm8MLb3C6JK0Tm2S4ZCrRtuRlkUh1ZWCsGDAhlBB9QDF0f9l34faBYvZ6fpc9pbM2Qkd3KNn7qSH5fm+U7JXG4YP3TnKqQAep2lstpbRQKSyxoEBbqQBigCagAoAKACgAoAKACgAoAKACgAoA4A/G3w0YfFjRTS3M3hm9isL+CFA0hlkKqixrnMjMzbFjHzuw2qrFk3AGndfEK3hj1VYdNv7y80ydreexhWMTFgYTlCzhGBjuIpAA+SG243gpQBZ1PxvbaJLdpf2V/AsLxokkVubhZQyFt48rcUQbWUtKEAKnnBBIBneHvizofivWb7TNLTUJ7mxnS3uGl0+eGNHaKOTG90A3ASoGT76kNuUbSaAJbn4o6Lptle3eoLe2FvZTtDcyPZySpbgCNvMleIOkaFJo5NzlQqFi23Y+0Ap3Hxj0Ox8R6zpN7Ff2R0y4W0a5e1MkU8zRW8gSMx7juxd26gOFLtIFTcQcAG34e8d6N4o1C9stPmuHuLOaaCTz7KeBHaKQxy+W8iKsoVxtLRlgMjnkZAOgoAKACgAoAKACgAoAKAK8thbTxSRSQRvHIwZ1ZQQxGME+p4H5UAO+xwbg3kpkcg7Rx824/qAfrQA06fatIZDbxNISGLlASSBgEnuQCRn3oAclnBHKJEhRHC7Qyrg444+nA/IUALHawxMGSJFIzghQMZOT+ZA/KgBPscGxl8lNrDDDb14xz+HFADxEinIUA8849eTQA+gAoAKACgAoAKACgAoAKACgAoAKACgAoAKACgAoAKACgAoAKACgAoAKACgAoAKACgAoAKACgAoAKACgAoAKACgAoAKACgAoAKACgAoAKACgAoAKACgAoAKACgAoAKACgAoAKACgAoAKACgAoAKACgAoAKACgAoAKACgAoAKACgAoAKACgAoAKACgAoAKACgAoAKACgAoAKACgAoAKACgAoAKACgAoAKACgAoAKACgAoAKACgAoAKACgAoAKACgAoAKACgAoAKACgAoAKACgAoAKACgAoAKACgAoAKACgAoAKACgAoAKACgAoAKACgAoAKACgAoAKACgAoAKACgAoAKACgAoAKACgAoAKACgAoAKACgAoAKACgAoAKACgAoAKACgAoAKACgAoAKACgAoAKACgAoAKACgAoAKACgAoAKACgAoAKACgAoA//9k=","timing":4624,"timestamp":8.650057817898001E12},{"data":"/9j/4AAQSkZJRgABAQAAAQABAAD/2wCEAAMCAgMCAgMDAwMEAwMEBQgFBQQEBQoHBwYIDAoMDAsKCwsNDhIQDQ4RDgsLEBYQERMUFRUVDA8XGBYUGBIUFRQBAwQEBQQFCQUFCRQNCw0UFBQUFBQUFBQUFBQUFBQUFBQUFBQUFBQUFBQUFBQUFBQUFBQUFBQUFBQUFBQUFBQUFP/AABEIANUAeAMBEQACEQEDEQH/xAGiAAABBQEBAQEBAQAAAAAAAAAAAQIDBAUGBwgJCgsQAAIBAwMCBAMFBQQEAAABfQECAwAEEQUSITFBBhNRYQcicRQygZGhCCNCscEVUtHwJDNicoIJChYXGBkaJSYnKCkqNDU2Nzg5OkNERUZHSElKU1RVVldYWVpjZGVmZ2hpanN0dXZ3eHl6g4SFhoeIiYqSk5SVlpeYmZqio6Slpqeoqaqys7S1tre4ubrCw8TFxsfIycrS09TV1tfY2drh4uPk5ebn6Onq8fLz9PX29/j5+gEAAwEBAQEBAQEBAQAAAAAAAAECAwQFBgcICQoLEQACAQIEBAMEBwUEBAABAncAAQIDEQQFITEGEkFRB2FxEyIygQgUQpGhscEJIzNS8BVictEKFiQ04SXxFxgZGiYnKCkqNTY3ODk6Q0RFRkdISUpTVFVWV1hZWmNkZWZnaGlqc3R1dnd4eXqCg4SFhoeIiYqSk5SVlpeYmZqio6Slpqeoqaqys7S1tre4ubrCw8TFxsfIycrS09TV1tfY2dri4+Tl5ufo6ery8/T19vf4+fr/2gAMAwEAAhEDEQA/AP0bk8LeMEuh9l8ZJFaC8SXyp9KjlcWyxQKYA+4cs8cz+YwYjz8Y+RSQDrtMt57TTrWG5unvriOJEkuXRUaVgoBcqoABJycAYGeKALVABQAUAFABQAUAFABQAUAFABQAUAFABQAUAFABQAUAFABQAUAFABQAUAFABQAUAFABQAUAFABQAUAFABQAUAFABQAUAFABQAUAFABQAUAFABQAUAFABQAUAFABQAUAFABQAUAFACZ5xQAZGcd6AFoAKACgAoAKACgAoAKACgAoAKACgAoA8AbVfiFqEGl3Wja9oL2kFwbHVBNfwzbbgSxCKFJAD+9kHyOrcgynbuOwgA7zwHq+q2WrXll4h1fTrqG7mCaTIs8azzPGji4hMSjG6MxliQxOTICsYQAgHftOoYr1cLu2jrj6daAATI2MMDkkZBHUHH8xQAi3CMMgjGCScg4x1H1oAZp9/b6rYW97ZzR3NpcRrLDPC4dJEYZVlYEgggggg4INAFigAoAKACgAoAKACgAoAKAOF1j4PeEvFt/omq6npZvL/RpvtGmXM0syyWT/ALrJjywKZMEeQMA/N2dsgDdG+B3grw9pVrYadoUFrHaQS29rOjN9ptY5FdXWG4z5sWRI4Gxxt3HbigB+ifBfwj4c059O03TGtdMa8hvxYLdTm3ininSeIxRlysSrJGjbEAU4AIIoAst8JfC5Piwpp8kLeKgo1d4LyeJ7jClRhlcGP5SR8hXrQBj3v7O/w+1O4vJ73w5BdyXieXcCeWWRJB9qN2cozlcm4YyFsZJOCSOKAO60PRrTw5oun6Tp8XkWFhbx2tvFuLbI0UKq5YknAAGSSaAL1ABQAUAFABQAUAFABQAUAFABQAUAFABQAUAFABQAUAFABQAUAFABQAUAJuoFfWwbqAuAOaBi0AFABQAUAFABQAUAFABQAUAFABQByaS6/f6Wk1hPZf6RCjQTzRO/UZDsoZCQwK/LwRzyeldj+rNt6nn2xe2hXv8A/hODph+xHRV1EeWy/aVlMX3Y/MU7efvGXB9FTI5JEr6u90waxS2aNfTU8Qf27eG9fTv7H2D7MsMb/aC2TkuSduMbcYHr0xgxP2XKuS9zal7fm/ebG7WB1BQAUARiZec4XHXJppNkOaWjYvmqDjIz9aLMHOK6jftCEkBlJXBIz0H+Qfyos+qDnjrZiC6jP8QHtmnyvsQqsHrckVg6gggg9xSasap31Q6kMKACgAoA8ttfEXirw3YQWVxYJKIFENuLKwe4Msa+UiFmMyBGJlAwQANrMSEBau14eLfuzT+Vv8zzFi3b3qbXzv8AohsvxI15bS9mi02/ma0PMI8OTK8yllCmPdcBTkMGwSCAGyBg1Twm3vrXzGsZ/wBO39x0XhvVvEuvSasJVt9LWyvXtI/tWmyD7Qqqh81D5/KEsQD329jkDmqU+TlfNe6vp0v09TrpVOe6tazsbX2XX/8AoJ6b/wCC6T/4/WJuH2XX/wDoJ6b/AOC6T/4/QAfZdf8A+gnpv/guk/8Aj9AFQ+EoL+++26wUvbuPasfl+ZHCoDBlYRF2UOCPv9ccdK2hVnCPKmc86EJy5mMPw80JnspPs03m2f8AqZftMvmAbGQqW3bmUhjlWJBOGIyAar6xU7kfVqbdyS08CaPY209rBahLSaaO4aDcxVXRlZNoJ+VVKKQq4A7Dml7ed076r9RrDxSa6MSz+H2h6ejLb2rxhoEtm/fOxaNCxVSSckDew57YHQACvrFS/Nfrf8v8hfVafLym9a20dnbxwRLtijUIi+gAwBXO227s6klFJIlpDCgAoAKAPM/CfijTLvw1p3k+HJb1Ft1jeeJrMozL8j8mYc70IIPIIwQDTuKxb1Txfomj6ebzUPDcllatJFCJLp7KJGeWTZGoZpwuXchQM5JYAZJpDLNxr9hYxNJP4RuoYYwS8kos1RADzkmbA6Z/H3oA0YJre4hjlTwnOUkUOvy2vQ9P+WtAD/3P/QpT/wDfNr/8doAP3P8A0KU//fNr/wDHaAKP9la5dyXUmmzjw9aSW/lRWr28RkimyT5wKl0YEbV2kZ4JyOjaxnTS1WpjUhU5vdlobPh6x1eyN6dV1CO/864aWARxeX5EZxti77sYzu4znoKU3F25VYdNSSfO7mxiszQWgYUAFABQAUAFAHlFp+zT4R022uYrCbWLJrkYmki1KQlwZzPINrEqA7vLnao+WaRV2hsUAbCfA7wrH4Qm8MLb3C6JK0Tm2S4ZCrRtuRlkUh1ZWCsGDAhlBB9QDF0f9l34faBYvZ6fpc9pbM2Qkd3KNn7qSH5fm+U7JXG4YP3TnKqQAep2lstpbRQKSyxoEBbqQBigCagAoAKACgAoAKACgAoAKACgAoA4A/G3w0YfFjRTS3M3hm9isL+CFA0hlkKqixrnMjMzbFjHzuw2qrFk3AGndfEK3hj1VYdNv7y80ydreexhWMTFgYTlCzhGBjuIpAA+SG243gpQBZ1PxvbaJLdpf2V/AsLxokkVubhZQyFt48rcUQbWUtKEAKnnBBIBneHvizofivWb7TNLTUJ7mxnS3uGl0+eGNHaKOTG90A3ASoGT76kNuUbSaAJbn4o6Lptle3eoLe2FvZTtDcyPZySpbgCNvMleIOkaFJo5NzlQqFi23Y+0Ap3Hxj0Ox8R6zpN7Ff2R0y4W0a5e1MkU8zRW8gSMx7juxd26gOFLtIFTcQcAG34e8d6N4o1C9stPmuHuLOaaCTz7KeBHaKQxy+W8iKsoVxtLRlgMjnkZAOgoAKACgAoAKACgAoAKAK8thbTxSRSQRvHIwZ1ZQQxGME+p4H5UAO+xwbg3kpkcg7Rx824/qAfrQA06fatIZDbxNISGLlASSBgEnuQCRn3oAclnBHKJEhRHC7Qyrg444+nA/IUALHawxMGSJFIzghQMZOT+ZA/KgBPscGxl8lNrDDDb14xz+HFADxEinIUA8849eTQA+gAoAKACgAoAKACgAoAKACgAoAKACgAoAKACgAoAKACgAoAKACgAoAKACgAoAKACgAoAKACgAoAKACgAoAKACgAoAKACgAoAKACgAoAKACgAoAKACgAoAKACgAoAKACgAoAKACgAoAKACgAoAKACgAoAKACgAoAKACgAoAKACgAoAKACgAoAKACgAoAKACgAoAKACgAoAKACgAoAKACgAoAKACgAoAKACgAoAKACgAoAKACgAoAKACgAoAKACgAoAKACgAoAKACgAoAKACgAoAKACgAoAKACgAoAKACgAoAKACgAoAKACgAoAKACgAoAKACgAoAKACgAoAKACgAoAKACgAoAKACgAoAKACgAoAKACgAoAKACgAoAKACgAoAKACgAoAKACgAoAKACgAoAKACgAoAKACgAoAKACgAoAKACgAoAKACgAoA//9k=","timing":5285,"timestamp":8.650058478497999E12},{"data":"/9j/4AAQSkZJRgABAQAAAQABAAD/2wCEAAMCAgMCAgMDAwMEAwMEBQgFBQQEBQoHBwYIDAoMDAsKCwsNDhIQDQ4RDgsLEBYQERMUFRUVDA8XGBYUGBIUFRQBAwQEBQQFCQUFCRQNCw0UFBQUFBQUFBQUFBQUFBQUFBQUFBQUFBQUFBQUFBQUFBQUFBQUFBQUFBQUFBQUFBQUFP/AABEIANUAeAMBEQACEQEDEQH/xAGiAAABBQEBAQEBAQAAAAAAAAAAAQIDBAUGBwgJCgsQAAIBAwMCBAMFBQQEAAABfQECAwAEEQUSITFBBhNRYQcicRQygZGhCCNCscEVUtHwJDNicoIJChYXGBkaJSYnKCkqNDU2Nzg5OkNERUZHSElKU1RVVldYWVpjZGVmZ2hpanN0dXZ3eHl6g4SFhoeIiYqSk5SVlpeYmZqio6Slpqeoqaqys7S1tre4ubrCw8TFxsfIycrS09TV1tfY2drh4uPk5ebn6Onq8fLz9PX29/j5+gEAAwEBAQEBAQEBAQAAAAAAAAECAwQFBgcICQoLEQACAQIEBAMEBwUEBAABAncAAQIDEQQFITEGEkFRB2FxEyIygQgUQpGhscEJIzNS8BVictEKFiQ04SXxFxgZGiYnKCkqNTY3ODk6Q0RFRkdISUpTVFVWV1hZWmNkZWZnaGlqc3R1dnd4eXqCg4SFhoeIiYqSk5SVlpeYmZqio6Slpqeoqaqys7S1tre4ubrCw8TFxsfIycrS09TV1tfY2dri4+Tl5ufo6ery8/T19vf4+fr/2gAMAwEAAhEDEQA/APh3wzoB168ZWcxwRAF2HXnoB78H8qANnXvA0dlYvc2csjmIFnWUg5XuRgDpQBxtABQAUAFABQAUAFABQAUAFAGhoWktrWpR2ytsXBZ3xnaB/kD8aAOp1TwFBFYSSWs8pmjUttkwQ2BnAwOKAOGoA6Hwfr8WiXcq3CnyJsbpF5KEZxx6c0AbviDxnYy6dNBaMbh5kMZ+UqFBGCeQKAOCOSaADFABigAxQAYoAMUAGKADFABigAxQBreGNXTRdVSaVS0LKUfHUA9x+VAHX6n4205bKYW7tPMylVQIwwSO5IH6UAecgYAoA3vsEH/PMUAH2CD/AJ5igA+wQf8APMUAH2CD/nmKAD7BB/zzFAB9gg/55igA+wQf88xQAfYIP+eYoAPsEH/PMUAH2CD/AJ5igA+wQf8APMUAH2CD/nmKAD7BB/zzFAB9gg/55igA+wQf88xQBYoAKACgAoAKACgAoAKACgAoAKACgAoAKACgAoAKACgAoAKACgAoAKACgAoAKACgAoAKACgAoAKACgAoAKACgAoAKACgAoAKACgAoAKACgAoAKACgAoAKACgAoAKACgAoAKACgAoAKACgAoAKACgAoAKACgAoAKACgAoAKACgAoAKACgAoAKACgAoAKACgAoAKACgAoAKACgAoAKACgAoAKACgAoAKACgAoAKACgAoAKACgAoAKACgAoAKACgAoAKACgAoAKACgAoAKACgAoAKACgBUKh13DK55A9KAOjNh4P7a7rZ/7gsP/AMl0AH2Dwh/0HNb/APBND/8AJdAB9g8If9BzW/8AwTQ//JdAB9g8If8AQc1v/wAE0P8A8l0AH2Dwh/0HNb/8E0P/AMl0AH2Dwh/0HNb/APBND/8AJdAB9g8If9BzW/8AwTQ//JdAB9g8If8AQc1v/wAE0P8A8l0AH2Dwh/0HNb/8E0P/AMl0AH2Dwh/0HNb/APBND/8AJdAB9g8If9BzW/8AwTQ//JdAB9g8If8AQc1v/wAE0P8A8l0AAsPB/fXNb/8ABND/APJdAGDerbrdyraSSS2wYiOSaMRu69iyhmCk9cBjj1NAENABQAUAFABQAUAFABQAUAFABQAUAFABQAUAFABQAUAFABQAUAFABQAUAFABQAUAFABQAUAIeQe1ACfN7UAGG9qADDe1ABhvagAw3tQAYb2oAMN7UAGG9qADDe1ABhvagAw3tQAYb2oAPm9qAFGcc9aAFoA3tM8PW1/YQzvJMjODkIwx1PtQBa/4RO0/57XH/fS//E0AH/CJ2n/Pa4/76X/4mgDI1rTI9MljSF3bepJMmCf0AoA1z4TtP+es4+jLj+VAB/widp/z2uP++l/+JoAP+ETtP+e1x/30v/xNAHP6narY38tujMyJjBY88gH+tAFegAoAKACgAoAKACgDd0nxFb2NhFBJDMXTOSgXHX60AW/+EttP+eFz+S/40AH/AAltp/zwufyX/GgDH1zVI9TljeFHQKpGJAOv4GgDYHi20xzBcZ74C/40AH/CW2n/ADwufyX/ABoAP+EttP8Anhc/kv8AjQBgandJfahLcRqyo+MB8Z6Af0oArUAFABQAUAFABQAUAFABmgAzQAUAFABmgAzQAUAFABQAUAFABQAUAFABQAUAFABQAUAFABQAUAFABQAUAFABQAUAFABQAUAFABQAUAFABQAUAFABQAUAFABQAUAFABQAUAFABQAUAFABQAUAFABQAUAFABQAUAFABQAUAFABQAUAFABQAUAFABQAUAFABQAUAFABQAUAFABQAUAFABQAUAFABQAUAFABQAUAFABQAUAFABQAUAFABQAUAFABQAUAFABQAUAFABQAUAFABQAUAFABQAUAFABQAUAFABQAUAZP9sv/AM8l/OgA/tl/+eS/nQAf2y//ADyX86AD+2X/AOeS/nQAf2y//PJfzoAP7Zf/AJ5L+dAB/bL/APPJfzoAP7Zf/nkv50AH9sv/AM8l/OgA/tl/+eS/nQAf2y//ADyX86AD+2X/AOeS/nQAf2y//PJfzoAP7Zf/AJ5L+dAB/bL/APPJfzoAz6ACgAoAKACgAoAKACgAoAKACgAoAKACgAoA/wD/2Q==","timing":5945,"timestamp":8650059139098},{"data":"/9j/4AAQSkZJRgABAQAAAQABAAD/2wCEAAMCAgMCAgMDAwMEAwMEBQgFBQQEBQoHBwYIDAoMDAsKCwsNDhIQDQ4RDgsLEBYQERMUFRUVDA8XGBYUGBIUFRQBAwQEBQQFCQUFCRQNCw0UFBQUFBQUFBQUFBQUFBQUFBQUFBQUFBQUFBQUFBQUFBQUFBQUFBQUFBQUFBQUFBQUFP/AABEIANUAeAMBEQACEQEDEQH/xAGiAAABBQEBAQEBAQAAAAAAAAAAAQIDBAUGBwgJCgsQAAIBAwMCBAMFBQQEAAABfQECAwAEEQUSITFBBhNRYQcicRQygZGhCCNCscEVUtHwJDNicoIJChYXGBkaJSYnKCkqNDU2Nzg5OkNERUZHSElKU1RVVldYWVpjZGVmZ2hpanN0dXZ3eHl6g4SFhoeIiYqSk5SVlpeYmZqio6Slpqeoqaqys7S1tre4ubrCw8TFxsfIycrS09TV1tfY2drh4uPk5ebn6Onq8fLz9PX29/j5+gEAAwEBAQEBAQEBAQAAAAAAAAECAwQFBgcICQoLEQACAQIEBAMEBwUEBAABAncAAQIDEQQFITEGEkFRB2FxEyIygQgUQpGhscEJIzNS8BVictEKFiQ04SXxFxgZGiYnKCkqNTY3ODk6Q0RFRkdISUpTVFVWV1hZWmNkZWZnaGlqc3R1dnd4eXqCg4SFhoeIiYqSk5SVlpeYmZqio6Slpqeoqaqys7S1tre4ubrCw8TFxsfIycrS09TV1tfY2dri4+Tl5ufo6ery8/T19vf4+fr/2gAMAwEAAhEDEQA/APgL9KAL2qaDqeiLE1/p1zZpI5jDTRkDdgnGemcAn8KAKNABQB0Wm/DzxFrPh2PW9P0m4v8AT5Ls2KNagSuZgYQV8tSXAzcQKGK7S0qKCWOKAJYvhh4sn0e41WPQL19Pt7Sa+lnEfypDFOlvKx7/ACSyIrDqu9SRg5oArSeAPE0M1rG2gah5l3dy2FtEsDGWW5iVDNCIwN29PNjyMZG6gCa1+G3iq+0zT9QtfDup3dpqBuPsr29q0hmEG3zmCqCdq7wC2MZDDOVbABn3/hbWNLsftl3pd5b2vmPC07wkIkisUaNz/C4YYKnB6eooAuz/AA68V215NaTeGNZiuoXijlgfT5Q8bSttiVlK5BcghQfvEYGaAII/BeuM92j6VdW72v2gSi5j8na0ADTp8+PnQMpZRyMjI5FAGLQAUAFABQAY9qAOq8VfFDxZ4206Kw13X9Q1SzilEyQXVw8iK4DAEBiccO350Acrg0AGDQB2+g/FnVvD3glvCsFlYTaVNePcXYmSQveRO1q72shDjETPZW7ZQLICnDgHFAHQW37Sfiyy0DUdHt4rGO21Bt93IwmkmmZLtry3YyPKx3QzvI6kcvvIlMoAAAOWuPiTf3njCPXrmw0+5iitWsYNIlRzZQWxthbCJF37xiMLiTf5hZd5csSxAOt+I/7TPi34nnVX1O3021m1OSWW6lsI5Y2cubcADMh2hI7S3iXbj5Y8tudmdgClrn7QXibxB4X1jQbm300WWqtdNcOkLiTM95a3bkEuRkSWcYGQflZ85JDAA6zxP+194g1vx/ceJ7Hw3oembdW/tSwtnjkme1H9pHUWieXepmDz7WfcMDB8oQh2UgHAt8ZvEMvhqx0OUW0lpZ6fLpkbFXUm3cSbVYBgrMjXF0yuV3A3EgJK7VUA4PHtQAYNABg0AGKAN46bATnyxQAn9mwf881oAP7Ng/55rQAf2bB/zzWgA/s2D/nmtAB/ZsH/ADzWgA/s2D/nmtAB/ZsH/PNaAD+zYP8AnmtAB/ZsH/PNaAD+zYP+ea0AH9mwf881oAP7Ng/55rQAf2bB/wA81oABptvn/VigC3QAUAFABQAUAFABQAUAFABQAUAFABQAUAFABQAUAFABQAUAFABQAUAFABQAUAFABQAUAFABQAUAFABQAUAFABQAUAFABQAUAFABQAUAFABQAUAFABQAUAFABQAUAFABQAUAFABQAUAFABQAUAFABQAUAFABQAUAFABQAUAFABQAUAFABQAUAFABQAUAFABQAUAFABQAUAFABQAUAFABQAUAFABQAUAFABQAUAFABQAUAFABQAUAFABQAUAFABQAUAFABQAUAFABQAUAFABQAUAFABQAUAFAHW6N8L9b8Q6XDeaatveNKkbpapMBMwaS4T5VONxBtpCQpJwQcYDFQCppvgHWNYeySyhjuJbyc20EYlCs8oUMV+bG35WQ5OANwyRzgAYngq9+0xRzz2lpC00kMlzNNiOEoQHLkAkAZzwDnHGTgEAwCMGgAoAKACgDU8K+Hrjxb4m0nQ7R4orrUruKzieYkIryOFUsQCcZIzgE47GgDuvif8DLr4c6BBrcOrwaxpT6hNpUkiqsciXMTOG+VXcFG8tipyGxjcq5FAHmNABQAUAFABQAUATwtahcyxTSOepWYKPy2n+dAD/Msf8An3uP/Ahf/iKADzLH/n3uP/Ahf/iKADzLH/n3uP8AwIX/AOIoAPMsf+fe4/8AAhf/AIigA8yx/wCfe4/8CF/+IoAPMsf+fe4/8CF/+IoAmtL+3sLuG5tkvLe4gdZYpoboI6OpyrKwTIIIBBFAGn4i8a3XilIV1BppFhLvHFGYoYhI2N8hSOJVLsQu5iNzYGScUAc5QAUAFABQAUAFABQAUAFABQAUAFABQAenvxQAgORxQAtABQAUAFABQAUAdhCvg+78LW0LyyWuuJbXEsk4Emxpcv5MR4cNnEZ4WNVG/LsWAQAs6rpHgRrCVtO128+2h5GhUxGSJkDvsVsqpy0YjIZSRuZgwTAJALkdr8PNOs724D3es3cUcEkVkbmRFmY3Q82NX+zIUIgQ/M4x+9OASnIB51QAUAFABQBseDNJtdf8YaHpd7ObWyvr6C2nnVgDHG8iqzZPHAJPPFAHr/7Unwx8JfD+Xw5ceFndBem6intWuIphGsbr5bAx9ismAWyzBAW+ctkA8IoAKACgAoAKACgBSzMqjJAHpQAmG9W/M0AGG9W/M0AByO7fmaADk92/M0AGG9W/M0AGG9W/M0AHI7t+ZoAQ5P8AE3fv7UALQAUAFABQAUAFAFDVbqS2EflttyTnigDW8OeC/FXi5NLbSLQ3f9o3j2FuPNiTzJlMClBuYYJa6gAJwCXGCcHABpN8KPHiWqzyaUyJ5d/MxM8R2pZLuuSQGJGza4PrgYyeKAOPsb+ea6jR3ypzkYHoaAJtUupbeSMRvtBBzwKAN9PAHi19B0fVzbxxWGsru06aa5hjFwfPe3wNzDpLGynOAuULEB1JAMzWND13QnmS8UQywxJM6M8ZOxmwCMMc9VOByM84oAoadezT3G133Lg9qANSgAoAKACgAoAKACgClqVm92E2Y+XPU0APs73XtP06TT7XVbq30+R2le0iuXWF3MbRsxQHBJjd0JI5ViOhIoAfJqfiGZUWTWL2QJG0KbrqQ7EaIQsq88AxKsZA/gAXpxQBRs9OlguUdiu0Z6H2NAE2pWUl06FCvygg5NAF7T9f8U6RYTWNj4g1Kysprc2kttbX0scckBZ2MTKCAULSSHaeMuxx8xyAQapqPiDXM/2lq13qJIYZu7l5eDI0jD5ieC7s59WYnqc0AVbCwltp97lcYI4NAGlQAUAFABQAUAFABQAUAFABQAUAFABQAUAFABQAUAFABQAUAFABQAUAFABQAUAFABQAUAFABQAUAFABQAUAFABQAUAFABQAUAFABQAUAFABQAUAFABQAUAFABQAUAFABQAUAFABQAUAFABQAUAFABQAUAFABQAUAFABQAUAFABQAUAFABQAUAFABQAUAFABQAUAFABQAUAFABQAUAFABQAUAFABQAUAFABQAUAFABQAUAFABQAUAFABQAUAFABQBFDaa3cXNvbxaLeS3FyI2ghjt3Z5Q5AQqoGWDEgDHXNAFjU9E8SaLIkeo+HtQsJHhFwsd1aSRsYi/liQBgDtL/ID03AjrxQBWlttZhurm1k0e7S6tTKJ4DA4kiMYcy7lxkbBHJuz02NnGDQA6Wx12GJpX0O9WJYUuGkNtJtETSCNZM4xtLsEDdCxA6mgCiNQuiHP2U/IcNwfl4J5/AE/QZoAWe+u7YZltGjGSMspAyCQf1Vh9QfSgCH+2n/55r+dAB/bT/8APNfzoAP7af8A55r+dAB/bT/881/OgA/tp/8Anmv50AH9tP8A881/OgA/tp/+ea/nQAf20/8AzzX86AD+2n/55r+dAF+/+Imv6lq0d9e3cV9e26RwJcXNpDI4WMoyHJT7w2Iu7qUXYSU+WgB2r+Pdc1e2s9PvrxLm1stscKG3iXaBLcTAAqoOPMup2I6HeBjCoFAIbTxrrGnzWuoW935UpEsUSiJNsSyIUcBdu0ArxhQAO3ODQBpW3xS8WDUpb9dalN49pLpyyyRI/k28iMjRxKVxCu2RwBGF2hjt25oAp6L8UPEWm395c298DcXlvBaXLXMMc4mhtzFJDGyupBANvEMEEEAhgQSCAUb/AMQ6neacdOuLrzbMXb3Rj2KMzFVVnzjPIA4zjj1NAGXQAUAFABQAUAFABQAUAFAH/9k=","timing":6606,"timestamp":8650059799698}]}},"meta-viewport":{"displayValue":"","score":false,"helpText":"Disabling zooming is problematic for users with low vision who rely on screen magnification to properly see the contents of a web page. [Learn more](https://dequeuniversity.com/rules/axe/2.2/meta-viewport?application=lighthouse).","rawValue":false,"extendedInfo":{"value":{"help":"Zooming and scaling must not be disabled","nodes":[{"failureSummary":"Fix any of the following:\n  <meta> tag disables zooming on mobile devices","snippet":"<meta name=\"viewport\" content=\"width=device-width,initial-scale=1,maximum-scale=1,minimum-scale=1,user-scalable=no\">","path":"1,HTML,1,HEAD,1,META","impact":"critical","html":"<meta name=\"viewport\" content=\"width=device-width,initial-scale=1,maximum-scale=1,minimum-scale=1,user-scalable=no\">","target":["meta[name=\"viewport\"]"]}],"impact":"critical","description":"Ensures <meta name=\"viewport\"> does not disable text scaling and zooming","helpUrl":"https://dequeuniversity.com/rules/axe/3.0/meta-viewport?application=axeAPI","id":"meta-viewport","tags":["cat.sensory-and-visual-cues","wcag2aa","wcag144"]}},"name":"meta-viewport","description":"`[user-scalable=\"no\"]` is used in the `<meta name=\"viewport\">` element or the `[maximum-scale]` attribute is less than 5.","scoringMode":"binary","details":{"header":{"text":"View failing elements","type":"text"},"type":"list","items":[{"snippet":"<meta name=\"viewport\" content=\"width=device-width,initial-scale=1,maximum-scale=1,minimum-scale=1,user-scalable=no\">","path":"1,HTML,1,HEAD,1,META","selector":"meta[name=\"viewport\"]","type":"node"}]}},"visual-order-follows-dom":{"displayValue":"","score":false,"helpText":"DOM order matches the visual order, improving navigation for assistive technology. [Learn more](https://developers.google.com/web/fundamentals/accessibility/how-to-review#try_it_with_a_screen_reader).","rawValue":false,"name":"visual-order-follows-dom","description":"Visual order on the page follows DOM order","scoringMode":"binary","informative":true,"manual":true},"works-offline":{"displayValue":"","score":false,"helpText":"If you're building a Progressive Web App, consider using a service worker so that your app can work offline. [Learn more](https://developers.google.com/web/tools/lighthouse/audits/http-200-when-offline).","rawValue":false,"name":"works-offline","description":"Does not respond with a 200 when offline","scoringMode":"binary"},"definition-list":{"displayValue":"","score":false,"helpText":"When definition lists are not properly marked up, screen readers may produce confusing or inaccurate output. [Learn more](https://dequeuniversity.com/rules/axe/2.2/definition-list?application=lighthouse).","rawValue":false,"name":"definition-list","description":"`<dl>`'s do not contain only properly-ordered `<dt>` and `<dd>` groups, `<script>` or `<template>` elements.","scoringMode":"binary","informative":true,"notApplicable":true},"password-inputs-can-be-pasted-into":{"displayValue":"","score":true,"helpText":"Preventing password pasting undermines good security policy. [Learn more](https://www.ncsc.gov.uk/blog-post/let-them-paste-passwords)","rawValue":true,"extendedInfo":{"value":[]},"name":"password-inputs-can-be-pasted-into","description":"Allows users to paste into password fields","scoringMode":"binary","details":{"header":{"text":"Password inputs that prevent pasting into","type":"text"},"type":"list","items":[]}},"html-lang-valid":{"displayValue":"","score":false,"helpText":"Specifying a valid [BCP 47 language](https://www.w3.org/International/questions/qa-choosing-language-tags#question) helps screen readers announce text properly. [Learn more](https://dequeuniversity.com/rules/axe/2.2/valid-lang?application=lighthouse).","rawValue":false,"name":"html-lang-valid","description":"`<html>` element does not have a valid value for its `[lang]` attribute.","scoringMode":"binary","informative":true,"notApplicable":true},"splash-screen":{"displayValue":"","score":false,"debugString":"Failures: No manifest was fetched.","helpText":"A themed splash screen ensures a high-quality experience when users launch your app from their homescreens. [Learn more](https://developers.google.com/web/tools/lighthouse/audits/custom-splash-screen).","rawValue":false,"extendedInfo":{"value":{"failures":["No manifest was fetched"],"manifestValues":{"parseFailureReason":"No manifest was fetched","allChecks":[],"isParseFailure":true}}},"name":"splash-screen","description":"Is not configured for a custom splash screen","scoringMode":"binary"},"label":{"displayValue":"","score":true,"helpText":"Labels ensure that form controls are announced properly by assistive technologies, like screen readers. [Learn more](https://dequeuniversity.com/rules/axe/2.2/label?application=lighthouse).","rawValue":true,"extendedInfo":{},"name":"label","description":"Form elements have associated labels","scoringMode":"binary","details":{"header":{"text":"View failing elements","type":"text"},"type":"list","items":[]}},"uses-webp-images":{"displayValue":"","score":100,"helpText":"Image formats like JPEG 2000, JPEG XR, and WebP often provide better compression than PNG or JPEG, which means faster downloads and less data consumption. [Learn more](https://developers.google.com/web/tools/lighthouse/audits/webp).","rawValue":0,"extendedInfo":{"value":{"wastedKb":0,"wastedMs":0,"results":[]}},"name":"uses-webp-images","description":"Serve images in next-gen formats","scoringMode":"binary","informative":true,"details":{"itemHeaders":[{"itemType":"thumbnail","text":"","type":"text"},{"itemType":"url","text":"URL","type":"text"},{"itemType":"text","text":"Original","type":"text"},{"itemType":"text","text":"Potential Savings","type":"text"}],"header":"View Details","type":"table","items":[]}},"speed-index-metric":{"displayValue":"5,723","score":48,"helpText":"Speed Index shows how quickly the contents of a page are visibly populated. [Learn more](https://developers.google.com/web/tools/lighthouse/audits/speed-index).","rawValue":5723,"extendedInfo":{"value":{"frames":[{"progress":0,"timestamp":8.650053193698E9},{"progress":0,"timestamp":8.650053950668E9},{"progress":0,"timestamp":8.650057717184E9},{"progress":78.47020210836772,"timestamp":8.650058783808E9},{"progress":79.55400014666994,"timestamp":8.650058883804E9},{"progress":84.25733274045653,"timestamp":8.65005906713E9},{"progress":90.99914379891193,"timestamp":8.650059217124E9},{"progress":92.49290629372531,"timestamp":8.65005965044E9},{"progress":100.00000000000001,"timestamp":8.650059800434E9}],"timestamps":{"firstVisualChange":8650058783698,"perceptualSpeedIndex":8.650058916695168E12,"visuallyComplete":8650059799698,"visuallyReady":8.650059217124001E12},"timings":{"firstVisualChange":5590,"perceptualSpeedIndex":5722.997167414955,"visuallyComplete":6606,"visuallyReady":6023.426000595093}}},"name":"speed-index-metric","description":"Perceptual Speed Index","scoringMode":"numeric"},"bypass":{"displayValue":"","score":true,"helpText":"Adding ways to bypass repetitive content lets keyboard users navigate the page more efficiently. [Learn more](https://dequeuniversity.com/rules/axe/2.2/bypass?application=lighthouse).","rawValue":true,"extendedInfo":{},"name":"bypass","description":"The page contains a heading, skip link, or landmark region","scoringMode":"binary","details":{"header":{"text":"View failing elements","type":"text"},"type":"list","items":[]}},"http-status-code":{"displayValue":"","score":null,"debugString":"Audit error: Unable to identify the main resource","helpText":"Pages with unsuccessful HTTP status codes may not be indexed properly. [Learn more](https://developers.google.com/web/tools/lighthouse/audits/successful-http-code).","rawValue":null,"name":"http-status-code","description":"Page has unsuccessful HTTP status code","scoringMode":"binary","error":true},"viewport":{"displayValue":"","score":true,"debugString":"","helpText":"Add a viewport meta tag to optimize your app for mobile screens. [Learn more](https://developers.google.com/web/tools/lighthouse/audits/has-viewport-meta-tag).","rawValue":true,"name":"viewport","description":"Has a `<meta name=\"viewport\">` tag with `width` or `initial-scale`","scoringMode":"binary"},"estimated-input-latency":{"displayValue":"50 ms","score":95,"helpText":"The score above is an estimate of how long your app takes to respond to user input, in milliseconds. There is a 90% probability that a user encounters this amount of latency, or less. 10% of the time a user can expect additional latency. If your latency is higher than 50 ms, users may perceive your app as laggy. [Learn more](https://developers.google.com/web/tools/lighthouse/audits/estimated-input-latency).","rawValue":49.8,"extendedInfo":{"value":[{"percentile":0.5,"time":16},{"percentile":0.75,"time":16},{"percentile":0.9,"time":49.84405833333335},{"percentile":0.99,"time":161.88252333333307},{"percentile":1,"time":209.04299999999876}]},"name":"estimated-input-latency","description":"Estimated Input Latency","scoringMode":"numeric"},"redirects":{"displayValue":"","score":null,"debugString":"Audit error: Unable to identify the main resource","helpText":"Redirects introduce additional delays before the page can be loaded. [Learn more](https://developers.google.com/speed/docs/insights/AvoidRedirects).","rawValue":null,"name":"redirects","description":"Has multiple page redirects","scoringMode":"binary","error":true},"load-fast-enough-for-pwa":{"displayValue":"","score":true,"helpText":"A fast page load over a 3G network ensures a good mobile user experience. [Learn more](https://developers.google.com/web/tools/lighthouse/audits/fast-3g).","rawValue":true,"extendedInfo":{"value":{"isFast":true,"timeToFirstInteractive":6460.149,"firstRequestLatencies":[{"latency":"566.29","url":"http://web/"},{"latency":"579.72","url":"https://cdnjs.cloudflare.com/ajax/libs/Chart.js/2.7.1/Chart.min.js"},{"latency":"571.48","url":"https://unpkg.com/vue-chartjs/dist/vue-chartjs.min.js"},{"latency":"578.93","url":"https://fonts.gstatic.com/s/roboto/v18/KFOmCnqEu92Fr1Mu4mxK.woff2"}],"areLatenciesAll3G":true}},"name":"load-fast-enough-for-pwa","description":"Page load is fast enough on 3G","scoringMode":"binary"},"font-display":{"displayValue":"","score":false,"helpText":"Leverage the font-display CSS feature to ensure text is user-visible while webfonts are loading. [Learn more](https://developers.google.com/web/updates/2016/02/font-display).","rawValue":false,"name":"font-display","description":"Avoid invisible text while webfonts are loading","scoringMode":"binary","details":{"itemHeaders":[{"itemType":"url","text":"Font URL","type":"text"},{"itemType":"text","text":"Font download time","type":"text"}],"header":"View Details","type":"table","items":[[{"text":"https://fonts.gstatic.com/s/roboto/v18/KFOmCnqEu92Fr1Mu4mxK.woff2","type":"url"},{"text":"884 ms","type":"text"}],[{"text":"https://fonts.gstatic.com/s/materialicons/v37/flUhRq6tzZclQEJ-Vdg-IuiaDsNc.woff2","type":"url"},{"text":"1,066 ms","type":"text"}],[{"text":"https://fonts.gstatic.com/s/roboto/v18/KFOlCnqEu92Fr1MmEU9fBBc4.woff2","type":"url"},{"text":"875 ms","type":"text"}]]}},"layout-table":{"displayValue":"","score":false,"helpText":"A table being used for layout purposes should not include data elements, such as the th or caption elements or the summary attribute, because this can create a confusing experience for screen reader users. [Learn more](https://dequeuniversity.com/rules/axe/2.2/layout-table?application=lighthouse).","rawValue":false,"name":"layout-table","description":"Presentational `<table>` elements do not avoid using `<th>`, `<caption>` or the `[summary]` attribute.","scoringMode":"binary","informative":true,"notApplicable":true}},"url":"http://web/#/"}
61.94117647058823
The variable of type Double with the value 61.94117647058823 is not LOWER_THAN 61.94117647058823
]]></system-out>
    </rerunFailure>
  </testcase>
  <testcase name="Test_PositiveGreaterThan" classname="io.jenkins.plugins.sample.LighthousePluginTest" time="0.031">
    <failure message="expected:&lt;true&gt; but was:&lt;false&gt;" type="java.lang.AssertionError"><![CDATA[java.lang.AssertionError: expected:<true> but was:<false>
	at org.junit.Assert.fail(Assert.java:88)
	at org.junit.Assert.failNotEquals(Assert.java:834)
	at org.junit.Assert.assertEquals(Assert.java:118)
	at org.junit.Assert.assertEquals(Assert.java:144)
	at io.jenkins.plugins.sample.LighthousePluginTest.Test_PositiveGreaterThan(LighthousePluginTest.java:80)
	at sun.reflect.NativeMethodAccessorImpl.invoke0(Native Method)
	at sun.reflect.NativeMethodAccessorImpl.invoke(NativeMethodAccessorImpl.java:62)
	at sun.reflect.DelegatingMethodAccessorImpl.invoke(DelegatingMethodAccessorImpl.java:43)
	at java.lang.reflect.Method.invoke(Method.java:498)
	at org.junit.runners.model.FrameworkMethod$1.runReflectiveCall(FrameworkMethod.java:50)
	at org.junit.internal.runners.model.ReflectiveCallable.run(ReflectiveCallable.java:12)
	at org.junit.runners.model.FrameworkMethod.invokeExplosively(FrameworkMethod.java:47)
	at org.junit.internal.runners.statements.InvokeMethod.evaluate(InvokeMethod.java:17)
	at org.junit.runners.ParentRunner.runLeaf(ParentRunner.java:325)
	at org.junit.runners.BlockJUnit4ClassRunner.runChild(BlockJUnit4ClassRunner.java:78)
	at org.junit.runners.BlockJUnit4ClassRunner.runChild(BlockJUnit4ClassRunner.java:57)
	at org.junit.runners.ParentRunner$3.run(ParentRunner.java:290)
	at org.junit.runners.ParentRunner$1.schedule(ParentRunner.java:71)
	at org.junit.runners.ParentRunner.runChildren(ParentRunner.java:288)
	at org.junit.runners.ParentRunner.access$000(ParentRunner.java:58)
	at org.junit.runners.ParentRunner$2.evaluate(ParentRunner.java:268)
	at org.junit.runners.ParentRunner.run(ParentRunner.java:363)
	at org.apache.maven.surefire.junit4.JUnit4Provider.execute(JUnit4Provider.java:365)
	at org.apache.maven.surefire.junit4.JUnit4Provider.executeWithRerun(JUnit4Provider.java:272)
	at org.apache.maven.surefire.junit4.JUnit4Provider.executeTestSet(JUnit4Provider.java:236)
	at org.apache.maven.surefire.junit4.JUnit4Provider.invoke(JUnit4Provider.java:159)
	at org.apache.maven.surefire.booter.ForkedBooter.invokeProviderInSameClassLoader(ForkedBooter.java:386)
	at org.apache.maven.surefire.booter.ForkedBooter.runSuitesInProcess(ForkedBooter.java:323)
	at org.apache.maven.surefire.booter.ForkedBooter.main(ForkedBooter.java:143)
]]></failure>
    <system-out><![CDATA[{"initialUrl":"http://web:80/#/","generatedTime":"2018-06-24T16:18:28.384Z","score":30,"reportCategories":[{"score":61.94117647058823,"name":"Performance","description":"These encapsulate your web app's current performance and opportunities to improve it.","id":"performance","audits":[{"result":{"displayValue":"4,520 ms","score":40,"helpText":"First meaningful paint measures when the primary content of a page is visible. [Learn more](https://developers.google.com/web/tools/lighthouse/audits/first-meaningful-paint).","rawValue":4521.8,"extendedInfo":{"value":{"timestamps":{"fCP":8650057715484,"endOfTrace":8650064967436,"fMP":8650057715493,"onLoad":8650058566647,"navStart":8650053193698},"fmpFellBack":false,"timings":{"fCP":4521.786,"endOfTrace":11773.738,"fMP":4521.795,"onLoad":5372.949,"navStart":0}}},"name":"first-meaningful-paint","description":"First meaningful paint","scoringMode":"numeric"},"score":40,"weight":5,"id":"first-meaningful-paint","group":"perf-metric"},{"result":{"displayValue":"6,460 ms","score":71,"helpText":"First Interactive marks the time at which the page is minimally interactive. [Learn more](https://developers.google.com/web/tools/lighthouse/audits/first-interactive).","rawValue":6460.149,"extendedInfo":{"value":{"timeInMs":6460.149,"timestamp":8650059653847}},"name":"first-interactive","description":"First Interactive (beta)","scoringMode":"numeric"},"score":71,"weight":5,"id":"first-interactive","group":"perf-metric"},{"result":{"displayValue":"6,460 ms","score":71,"helpText":"Consistently Interactive marks the time at which the page is fully interactive. [Learn more](https://developers.google.com/web/tools/lighthouse/audits/consistently-interactive).","rawValue":6460.149,"extendedInfo":{"value":{"timeInMs":6460.149,"cpuQuietPeriod":{"start":8.650059653847E9,"end":8.650064967436E9},"networkQuietPeriods":[{"start":8.650059532223999E9,"end":8.650064967436E9}],"networkQuietPeriod":{"start":8.650059532223999E9,"end":8.650064967436E9},"cpuQuietPeriods":[{"start":8.650059653847E9,"end":8.650064967436E9}],"timestamp":8650059653847}},"name":"consistently-interactive","description":"Consistently Interactive (beta)","scoringMode":"numeric"},"score":71,"weight":5,"id":"consistently-interactive","group":"perf-metric"},{"result":{"displayValue":"5,723","score":48,"helpText":"Speed Index shows how quickly the contents of a page are visibly populated. [Learn more](https://developers.google.com/web/tools/lighthouse/audits/speed-index).","rawValue":5723,"extendedInfo":{"value":{"frames":[{"progress":0,"timestamp":8.650053193698E9},{"progress":0,"timestamp":8.650053950668E9},{"progress":0,"timestamp":8.650057717184E9},{"progress":78.47020210836772,"timestamp":8.650058783808E9},{"progress":79.55400014666994,"timestamp":8.650058883804E9},{"progress":84.25733274045653,"timestamp":8.65005906713E9},{"progress":90.99914379891193,"timestamp":8.650059217124E9},{"progress":92.49290629372531,"timestamp":8.65005965044E9},{"progress":100.00000000000001,"timestamp":8.650059800434E9}],"timestamps":{"firstVisualChange":8650058783698,"perceptualSpeedIndex":8.650058916695168E12,"visuallyComplete":8650059799698,"visuallyReady":8.650059217124001E12},"timings":{"firstVisualChange":5590,"perceptualSpeedIndex":5722.997167414955,"visuallyComplete":6606,"visuallyReady":6023.426000595093}}},"name":"speed-index-metric","description":"Perceptual Speed Index","scoringMode":"numeric"},"score":48,"weight":1,"id":"speed-index-metric","group":"perf-metric"},{"result":{"displayValue":"50 ms","score":95,"helpText":"The score above is an estimate of how long your app takes to respond to user input, in milliseconds. There is a 90% probability that a user encounters this amount of latency, or less. 10% of the time a user can expect additional latency. If your latency is higher than 50 ms, users may perceive your app as laggy. [Learn more](https://developers.google.com/web/tools/lighthouse/audits/estimated-input-latency).","rawValue":49.8,"extendedInfo":{"value":[{"percentile":0.5,"time":16},{"percentile":0.75,"time":16},{"percentile":0.9,"time":49.84405833333335},{"percentile":0.99,"time":161.88252333333307},{"percentile":1,"time":209.04299999999876}]},"name":"estimated-input-latency","description":"Estimated Input Latency","scoringMode":"numeric"},"score":95,"weight":1,"id":"estimated-input-latency","group":"perf-metric"},{"result":{"displayValue":"","score":100,"helpText":"External stylesheets are blocking the first paint of your page. Consider delivering critical CSS via `<style>` tags and deferring non-critical styles. [Learn more](https://developers.google.com/web/tools/lighthouse/audits/blocking-resources).","rawValue":0,"extendedInfo":{"value":{"wastedMs":"0 ms","results":[]}},"name":"link-blocking-first-paint","description":"Reduce render-blocking stylesheets","scoringMode":"binary","informative":true,"details":{"itemHeaders":[{"itemType":"url","text":"URL","type":"text"},{"itemType":"text","text":"Size (KB)","type":"text"},{"itemType":"text","text":"Delayed Paint By (ms)","type":"text"}],"header":"View Details","type":"table","items":[]}},"score":100,"weight":0,"id":"link-blocking-first-paint","group":"perf-hint"},{"result":{"displayValue":"","score":100,"helpText":"Script elements are blocking the first paint of your page. Consider inlining critical scripts and deferring non-critical ones. [Learn more](https://developers.google.com/web/tools/lighthouse/audits/blocking-resources).","rawValue":0,"extendedInfo":{"value":{"wastedMs":"0 ms","results":[]}},"name":"script-blocking-first-paint","description":"Reduce render-blocking scripts","scoringMode":"binary","informative":true,"details":{"itemHeaders":[{"itemType":"url","text":"URL","type":"text"},{"itemType":"text","text":"Size (KB)","type":"text"},{"itemType":"text","text":"Delayed Paint By (ms)","type":"text"}],"header":"View Details","type":"table","items":[]}},"score":100,"weight":0,"id":"script-blocking-first-paint","group":"perf-hint"},{"result":{"displayValue":"","score":100,"helpText":"Serve images that are appropriately-sized to save cellular data and improve load time. [Learn more](https://developers.google.com/web/tools/lighthouse/audits/oversized-images).","rawValue":0,"extendedInfo":{"value":{"wastedKb":0,"wastedMs":0,"results":[]}},"name":"uses-responsive-images","description":"Properly size images","scoringMode":"binary","informative":true,"details":{"itemHeaders":[{"itemType":"thumbnail","text":"","type":"text"},{"itemType":"url","text":"URL","type":"text"},{"itemType":"text","text":"Original","type":"text"},{"itemType":"text","text":"Potential Savings","type":"text"}],"header":"View Details","type":"table","items":[]}},"score":100,"weight":0,"id":"uses-responsive-images","group":"perf-hint"},{"result":{"displayValue":"","score":100,"helpText":"Consider lazy-loading offscreen and hidden images to improve page load speed and time to interactive. [Learn more](https://developers.google.com/web/tools/lighthouse/audits/offscreen-images).","rawValue":0,"extendedInfo":{"value":{"wastedKb":0,"wastedMs":0,"results":[]}},"name":"offscreen-images","description":"Offscreen images","scoringMode":"binary","informative":true,"details":{"itemHeaders":[{"itemType":"thumbnail","text":"","type":"text"},{"itemType":"url","text":"URL","type":"text"},{"itemType":"text","text":"Original","type":"text"},{"itemType":"text","text":"Potential Savings","type":"text"}],"header":"View Details","type":"table","items":[]}},"score":100,"weight":0,"id":"offscreen-images","group":"perf-hint"},{"result":{"displayValue":"","score":100,"helpText":"Minifying CSS files can reduce network payload sizes. [Learn more](https://developers.google.com/speed/docs/insights/MinifyResources).","rawValue":0,"extendedInfo":{"value":{"wastedKb":0,"wastedMs":0,"results":[]}},"name":"unminified-css","description":"Minify CSS","scoringMode":"binary","informative":true,"details":{"itemHeaders":[{"itemType":"url","text":"URL","type":"text"},{"itemType":"text","text":"Original","type":"text"},{"itemType":"text","text":"Potential Savings","type":"text"}],"header":"View Details","type":"table","items":[]}},"score":100,"weight":0,"id":"unminified-css","group":"perf-hint"},{"result":{"displayValue":"","score":100,"helpText":"Minifying JavaScript files can reduce payload sizes and script parse time. [Learn more](https://developers.google.com/speed/docs/insights/MinifyResources).","rawValue":0,"extendedInfo":{"value":{"wastedKb":0,"wastedMs":0,"results":[]}},"name":"unminified-javascript","description":"Minify JavaScript","scoringMode":"binary","informative":true,"details":{"itemHeaders":[{"itemType":"url","text":"URL","type":"text"},{"itemType":"text","text":"Original","type":"text"},{"itemType":"text","text":"Potential Savings","type":"text"}],"header":"View Details","type":"table","items":[]}},"score":100,"weight":0,"id":"unminified-javascript","group":"perf-hint"},{"result":{"displayValue":"Potential savings of 35 KB (~190 ms)","score":90,"helpText":"Remove unused rules from stylesheets to reduce unnecessary bytes consumed by network activity. [Learn more](https://developers.google.com/speed/docs/insights/OptimizeCSSDelivery)","rawValue":190,"extendedInfo":{"value":{"wastedKb":35,"wastedMs":190,"results":[{"wastedKb":"29 KB","totalKb":"32 KB","wastedMs":"160 ms","totalMs":"170 ms","potentialSavings":"29 KB (93%)","totalBytes":32261,"wastedPercent":92.80281987684556,"wastedBytes":29939,"url":"http://web/static/css/app.a1bcfeb0daa2a3f727390086fd42ee9d.css"},{"wastedKb":"5 KB","totalKb":"6 KB","wastedMs":"30 ms","totalMs":"30 ms","potentialSavings":"5 KB (98%)","totalBytes":5722,"wastedPercent":98.2698357217756,"wastedBytes":5623,"url":{"text":"a { color: #1976d2; } ...","type":"code"}}]}},"name":"unused-css-rules","description":"Unused CSS rules","scoringMode":"binary","informative":true,"details":{"itemHeaders":[{"itemType":"url","text":"URL","type":"text"},{"itemType":"text","text":"Original","type":"text"},{"itemType":"text","text":"Potential Savings","type":"text"}],"header":"View Details","type":"table","items":[[{"text":"http://web/static/css/app.a1bcfeb0daa2a3f727390086fd42ee9d.css","type":"url"},{"text":"32 KB","type":"text"},{"text":"29 KB (93%)","type":"text"}],[{"text":"a { color: #1976d2; } ...","type":"code"},{"text":"6 KB","type":"text"},{"text":"5 KB (98%)","type":"text"}]]}},"score":90,"weight":0,"id":"unused-css-rules","group":"perf-hint"},{"result":{"displayValue":"","score":100,"helpText":"Optimized images load faster and consume less cellular data. [Learn more](https://developers.google.com/web/tools/lighthouse/audits/optimize-images).","rawValue":0,"extendedInfo":{"value":{"wastedKb":0,"wastedMs":0,"results":[]}},"name":"uses-optimized-images","description":"Optimize images","scoringMode":"binary","informative":true,"details":{"itemHeaders":[{"itemType":"thumbnail","text":"","type":"text"},{"itemType":"url","text":"URL","type":"text"},{"itemType":"text","text":"Original","type":"text"},{"itemType":"text","text":"Potential Savings","type":"text"}],"header":"View Details","type":"table","items":[]}},"score":100,"weight":0,"id":"uses-optimized-images","group":"perf-hint"},{"result":{"displayValue":"","score":100,"helpText":"Image formats like JPEG 2000, JPEG XR, and WebP often provide better compression than PNG or JPEG, which means faster downloads and less data consumption. [Learn more](https://developers.google.com/web/tools/lighthouse/audits/webp).","rawValue":0,"extendedInfo":{"value":{"wastedKb":0,"wastedMs":0,"results":[]}},"name":"uses-webp-images","description":"Serve images in next-gen formats","scoringMode":"binary","informative":true,"details":{"itemHeaders":[{"itemType":"thumbnail","text":"","type":"text"},{"itemType":"url","text":"URL","type":"text"},{"itemType":"text","text":"Original","type":"text"},{"itemType":"text","text":"Potential Savings","type":"text"}],"header":"View Details","type":"table","items":[]}},"score":100,"weight":0,"id":"uses-webp-images","group":"perf-hint"},{"result":{"displayValue":"","score":100,"helpText":"Text-based responses should be served with compression (gzip, deflate or brotli) to minimize total network bytes. [Learn more](https://developers.google.com/web/fundamentals/performance/optimizing-content-efficiency/optimize-encoding-and-transfer).","rawValue":0,"extendedInfo":{"value":{"wastedKb":0,"wastedMs":0,"results":[]}},"name":"uses-request-compression","description":"Enable text compression","scoringMode":"binary","informative":true,"details":{"itemHeaders":[{"itemType":"url","text":"Uncompressed resource URL","type":"text"},{"itemType":"text","text":"Original","type":"text"},{"itemType":"text","text":"GZIP Savings","type":"text"}],"header":"View Details","type":"table","items":[]}},"score":100,"weight":0,"id":"uses-request-compression","group":"perf-hint"},{"result":{"displayValue":"","score":null,"debugString":"Audit error: Cannot read property '_timing' of undefined","helpText":"Time To First Byte identifies the time at which your server sends a response. [Learn more](https://developers.google.com/web/tools/chrome-devtools/network-performance/issues).","rawValue":null,"name":"time-to-first-byte","description":"Keep server response times low (TTFB)","scoringMode":"binary","informative":true,"error":true},"score":0,"weight":0,"id":"time-to-first-byte","group":"perf-hint"},{"result":{"displayValue":"","score":null,"debugString":"Audit error: Unable to identify the main resource","helpText":"Redirects introduce additional delays before the page can be loaded. [Learn more](https://developers.google.com/speed/docs/insights/AvoidRedirects).","rawValue":null,"name":"redirects","description":"Has multiple page redirects","scoringMode":"binary","error":true},"score":0,"weight":0,"id":"redirects","group":"perf-hint"},{"result":{"displayValue":"","score":null,"debugString":"Audit error: Unable to identify the main resource","helpText":"Consider using <link rel=preload> to prioritize fetching late-discovered resources sooner [Learn more](https://developers.google.com/web/updates/2016/03/link-rel-preload).","rawValue":null,"name":"uses-rel-preload","description":"Preload key requests","scoringMode":"numeric","informative":true,"error":true},"score":0,"weight":0,"id":"uses-rel-preload","group":"perf-hint"},{"result":{"displayValue":"Total size was 400 KB","score":100,"helpText":"Large network payloads cost users real money and are highly correlated with long load times. [Learn more](https://developers.google.com/web/tools/lighthouse/audits/network-payloads).","rawValue":409855,"extendedInfo":{"value":{"totalCompletedRequests":11,"results":[{"totalKb":"227 KB","totalMs":"1,240 ms","totalBytes":232785,"url":"http://web/static/js/vendor.d1efda22f11e965a5228.js"},{"totalKb":"48 KB","totalMs":"260 ms","totalBytes":49163,"url":"https://fonts.gstatic.com/s/materialicons/v37/flUhRq6tzZclQEJ-Vdg-IuiaDsNc.woff2"},{"totalKb":"46 KB","totalMs":"250 ms","totalBytes":47366,"url":"https://cdnjs.cloudflare.com/ajax/libs/Chart.js/2.7.1/Chart.min.js"},{"totalKb":"32 KB","totalMs":"170 ms","totalBytes":32261,"url":"http://web/static/css/app.a1bcfeb0daa2a3f727390086fd42ee9d.css"},{"totalKb":"15 KB","totalMs":"80 ms","totalBytes":15817,"url":"https://fonts.gstatic.com/s/roboto/v18/KFOlCnqEu92Fr1MmEU9fBBc4.woff2"},{"totalKb":"15 KB","totalMs":"80 ms","totalBytes":15461,"url":"https://fonts.gstatic.com/s/roboto/v18/KFOmCnqEu92Fr1Mu4mxK.woff2"},{"totalKb":"12 KB","totalMs":"70 ms","totalBytes":12691,"url":"http://web/static/js/app.310cd52123c59f9f64a5.js"},{"totalKb":"1 KB","totalMs":"10 ms","totalBytes":1524,"url":"https://unpkg.com/vue-chartjs@3.3.2/dist/vue-chartjs.min.js"},{"totalKb":"1 KB","totalMs":"10 ms","totalBytes":1211,"url":"http://web/"},{"totalKb":"1 KB","totalMs":"10 ms","totalBytes":1171,"url":"http://web/static/js/manifest.9f020e973ae4037504f6.js"}]}},"name":"total-byte-weight","description":"Avoids enormous network payloads","scoringMode":"numeric","details":{"itemHeaders":[{"itemType":"url","text":"URL","type":"text"},{"itemType":"text","text":"Total Size","type":"text"},{"itemType":"text","text":"Transfer Time","type":"text"}],"header":"View Details","type":"table","items":[[{"text":"http://web/static/js/vendor.d1efda22f11e965a5228.js","type":"url"},{"text":"227 KB","type":"text"},{"text":"1,240 ms","type":"text"}],[{"text":"https://fonts.gstatic.com/s/materialicons/v37/flUhRq6tzZclQEJ-Vdg-IuiaDsNc.woff2","type":"url"},{"text":"48 KB","type":"text"},{"text":"260 ms","type":"text"}],[{"text":"https://cdnjs.cloudflare.com/ajax/libs/Chart.js/2.7.1/Chart.min.js","type":"url"},{"text":"46 KB","type":"text"},{"text":"250 ms","type":"text"}],[{"text":"http://web/static/css/app.a1bcfeb0daa2a3f727390086fd42ee9d.css","type":"url"},{"text":"32 KB","type":"text"},{"text":"170 ms","type":"text"}],[{"text":"https://fonts.gstatic.com/s/roboto/v18/KFOlCnqEu92Fr1MmEU9fBBc4.woff2","type":"url"},{"text":"15 KB","type":"text"},{"text":"80 ms","type":"text"}],[{"text":"https://fonts.gstatic.com/s/roboto/v18/KFOmCnqEu92Fr1Mu4mxK.woff2","type":"url"},{"text":"15 KB","type":"text"},{"text":"80 ms","type":"text"}],[{"text":"http://web/static/js/app.310cd52123c59f9f64a5.js","type":"url"},{"text":"12 KB","type":"text"},{"text":"70 ms","type":"text"}],[{"text":"https://unpkg.com/vue-chartjs@3.3.2/dist/vue-chartjs.min.js","type":"url"},{"text":"1 KB","type":"text"},{"text":"10 ms","type":"text"}],[{"text":"http://web/","type":"url"},{"text":"1 KB","type":"text"},{"text":"10 ms","type":"text"}],[{"text":"http://web/static/js/manifest.9f020e973ae4037504f6.js","type":"url"},{"text":"1 KB","type":"text"},{"text":"10 ms","type":"text"}]]}},"score":100,"weight":0,"id":"total-byte-weight","group":"perf-info"},{"result":{"displayValue":"0 assets found","score":100,"helpText":"A long cache lifetime can speed up repeat visits to your page. [Learn more](https://developers.google.com/web/fundamentals/performance/optimizing-content-efficiency/http-caching#cache-control).","rawValue":0,"extendedInfo":{"value":{"queryStringCount":0,"results":[]}},"name":"uses-long-cache-ttl","description":"Uses efficient cache policy on static assets","scoringMode":"numeric","details":{"itemHeaders":[{"itemType":"url","text":"URL","type":"text"},{"itemType":"text","text":"Cache TTL","type":"text"},{"itemType":"text","text":"Size (KB)","type":"text"}],"header":"View Details","type":"table","items":[]}},"score":100,"weight":0,"id":"uses-long-cache-ttl","group":"perf-info"},{"result":{"displayValue":"94 nodes","score":100,"helpText":"Browser engineers recommend pages contain fewer than ~1,500 DOM nodes. The sweet spot is a tree depth < 32 elements and fewer than 60 children/parent element. A large DOM can increase memory usage, cause longer [style calculations](https://developers.google.com/web/fundamentals/performance/rendering/reduce-the-scope-and-complexity-of-style-calculations), and produce costly [layout reflows](https://developers.google.com/speed/articles/reflow). [Learn more](https://developers.google.com/web/fundamentals/performance/rendering/).","rawValue":94,"extendedInfo":{"value":[{"title":"Total DOM Nodes","value":"94","target":"< 1,500 nodes"},{"snippet":"html >\n  body >\n    main >\n      div#inspire.application.theme--dark >\n        div.application--wrap >\n          aside.navigation-drawer.navigation-drawer--clipped.navigation-drawer--close.navigation-drawer--fixed.navigation-drawer--is-mobile >\n            div.list >\n              div >\n                div.list__tile >\n                  div.input-group.input-group--dirty.input-group--selection-controls.switch.accent--text >\n                    div.input-group__input >\n                      div.input-group--selection-controls__container >\n                        div.input-group--selection-controls__toggle.input-group--selection-controls__toggle--active","title":"DOM Depth","value":"13","target":"< 32"},{"snippet":"Element with most children:\nhead","title":"Maximum Children","value":"8","target":"< 60 nodes"}]},"name":"dom-size","description":"Avoids an excessive DOM size","scoringMode":"numeric","details":{"header":{"text":"View details","type":"text"},"type":"cards","items":[{"title":"Total DOM Nodes","value":"94","target":"< 1,500 nodes"},{"snippet":"html >\n  body >\n    main >\n      div#inspire.application.theme--dark >\n        div.application--wrap >\n          aside.navigation-drawer.navigation-drawer--clipped.navigation-drawer--close.navigation-drawer--fixed.navigation-drawer--is-mobile >\n            div.list >\n              div >\n                div.list__tile >\n                  div.input-group.input-group--dirty.input-group--selection-controls.switch.accent--text >\n                    div.input-group__input >\n                      div.input-group--selection-controls__container >\n                        div.input-group--selection-controls__toggle.input-group--selection-controls__toggle--active","title":"DOM Depth","value":"13","target":"< 32"},{"snippet":"Element with most children:\nhead","title":"Maximum Children","value":"8","target":"< 60 nodes"}]}},"score":100,"weight":0,"id":"dom-size","group":"perf-info"},{"result":{"displayValue":"","score":null,"debugString":"Audit error: Unable to identify the main resource","helpText":"The Critical Request Chains below show you what resources are issued with a high priority. Consider reducing the length of chains, reducing the download size of resources, or deferring the download of unnecessary resources to improve page load. [Learn more](https://developers.google.com/web/tools/lighthouse/audits/critical-request-chains).","rawValue":null,"name":"critical-request-chains","description":"Critical Request Chains","scoringMode":"binary","informative":true,"error":true},"score":0,"weight":0,"id":"critical-request-chains","group":"perf-info"},{"result":{"displayValue":"11","score":100,"helpText":"Lists the network requests that were made during page load.","rawValue":11,"extendedInfo":{"value":[{"transferSize":1211,"startTime":0,"endTime":638.9249991625547,"mimeType":"text/html","url":"http://web/","statusCode":200,"resourceType":"document"},{"transferSize":1171,"startTime":755.621999502182,"endTime":1328.4680005162954,"mimeType":"application/javascript","url":"http://web/static/js/manifest.9f020e973ae4037504f6.js","statusCode":200,"resourceType":"script"},{"transferSize":232785,"startTime":755.7720001786947,"endTime":2917.8979992866516,"mimeType":"application/javascript","url":"http://web/static/js/vendor.d1efda22f11e965a5228.js","statusCode":200,"resourceType":"script"},{"transferSize":12691,"startTime":755.9009995311499,"endTime":1470.6410001963377,"mimeType":"application/javascript","url":"http://web/static/js/app.310cd52123c59f9f64a5.js","statusCode":200,"resourceType":"script"},{"transferSize":47366,"startTime":790.370000526309,"endTime":2162.829000502825,"mimeType":"application/javascript","url":"https://cdnjs.cloudflare.com/ajax/libs/Chart.js/2.7.1/Chart.min.js","statusCode":200,"resourceType":"script"},{"transferSize":405,"startTime":790.8159997314215,"endTime":1663.72200101614,"mimeType":"text/plain","url":"https://unpkg.com/vue-chartjs/dist/vue-chartjs.min.js","statusCode":302},{"transferSize":1524,"startTime":1664.8290008306503,"endTime":2258.2770008593798,"mimeType":"application/javascript","url":"https://unpkg.com/vue-chartjs@3.3.2/dist/vue-chartjs.min.js","statusCode":200,"resourceType":"script"},{"transferSize":32261,"startTime":4527.456000447273,"endTime":5278.87500077486,"mimeType":"text/css","url":"http://web/static/css/app.a1bcfeb0daa2a3f727390086fd42ee9d.css","statusCode":200,"resourceType":"stylesheet"},{"transferSize":15461,"startTime":5458.613000810146,"endTime":6342.342000454664,"mimeType":"font/woff2","url":"https://fonts.gstatic.com/s/roboto/v18/KFOmCnqEu92Fr1Mu4mxK.woff2","statusCode":200,"resourceType":"font"},{"transferSize":49163,"startTime":5458.761001005769,"endTime":6524.431999772787,"mimeType":"font/woff2","url":"https://fonts.gstatic.com/s/materialicons/v37/flUhRq6tzZclQEJ-Vdg-IuiaDsNc.woff2","statusCode":200,"resourceType":"font"},{"transferSize":15817,"startTime":5458.878999575973,"endTime":6334.002999588847,"mimeType":"font/woff2","url":"https://fonts.gstatic.com/s/roboto/v18/KFOlCnqEu92Fr1MmEU9fBBc4.woff2","statusCode":200,"resourceType":"font"}]},"name":"network-requests","description":"Network Requests","scoringMode":"binary","informative":true,"details":{"itemHeaders":[{"itemType":"url","text":"URL","type":"text"},{"itemType":"ms","text":"Start Time","type":"text"},{"itemType":"ms","text":"End Time","type":"text"},{"itemType":"bytes","text":"Transfer Size","type":"text"},{"itemType":"text","text":"Status Code","type":"text"},{"itemType":"text","text":"MIME Type","type":"text"},{"itemType":"text","text":"Resource Type","type":"text"}],"header":"View Details","type":"table","items":[[{"text":"http://web/","type":"url"},{"text":0,"type":"ms"},{"text":638.9249991625547,"type":"ms"},{"text":1211,"type":"bytes"},{"text":200,"type":"text"},{"text":"text/html","type":"text"},{"text":"document","type":"text"}],[{"text":"http://web/static/js/manifest.9f020e973ae4037504f6.js","type":"url"},{"text":755.621999502182,"type":"ms"},{"text":1328.4680005162954,"type":"ms"},{"text":1171,"type":"bytes"},{"text":200,"type":"text"},{"text":"application/javascript","type":"text"},{"text":"script","type":"text"}],[{"text":"http://web/static/js/vendor.d1efda22f11e965a5228.js","type":"url"},{"text":755.7720001786947,"type":"ms"},{"text":2917.8979992866516,"type":"ms"},{"text":232785,"type":"bytes"},{"text":200,"type":"text"},{"text":"application/javascript","type":"text"},{"text":"script","type":"text"}],[{"text":"http://web/static/js/app.310cd52123c59f9f64a5.js","type":"url"},{"text":755.9009995311499,"type":"ms"},{"text":1470.6410001963377,"type":"ms"},{"text":12691,"type":"bytes"},{"text":200,"type":"text"},{"text":"application/javascript","type":"text"},{"text":"script","type":"text"}],[{"text":"https://cdnjs.cloudflare.com/ajax/libs/Chart.js/2.7.1/Chart.min.js","type":"url"},{"text":790.370000526309,"type":"ms"},{"text":2162.829000502825,"type":"ms"},{"text":47366,"type":"bytes"},{"text":200,"type":"text"},{"text":"application/javascript","type":"text"},{"text":"script","type":"text"}],[{"text":"https://unpkg.com/vue-chartjs/dist/vue-chartjs.min.js","type":"url"},{"text":790.8159997314215,"type":"ms"},{"text":1663.72200101614,"type":"ms"},{"text":405,"type":"bytes"},{"text":302,"type":"text"},{"text":"text/plain","type":"text"},{"type":"text"}],[{"text":"https://unpkg.com/vue-chartjs@3.3.2/dist/vue-chartjs.min.js","type":"url"},{"text":1664.8290008306503,"type":"ms"},{"text":2258.2770008593798,"type":"ms"},{"text":1524,"type":"bytes"},{"text":200,"type":"text"},{"text":"application/javascript","type":"text"},{"text":"script","type":"text"}],[{"text":"http://web/static/css/app.a1bcfeb0daa2a3f727390086fd42ee9d.css","type":"url"},{"text":4527.456000447273,"type":"ms"},{"text":5278.87500077486,"type":"ms"},{"text":32261,"type":"bytes"},{"text":200,"type":"text"},{"text":"text/css","type":"text"},{"text":"stylesheet","type":"text"}],[{"text":"https://fonts.gstatic.com/s/roboto/v18/KFOmCnqEu92Fr1Mu4mxK.woff2","type":"url"},{"text":5458.613000810146,"type":"ms"},{"text":6342.342000454664,"type":"ms"},{"text":15461,"type":"bytes"},{"text":200,"type":"text"},{"text":"font/woff2","type":"text"},{"text":"font","type":"text"}],[{"text":"https://fonts.gstatic.com/s/materialicons/v37/flUhRq6tzZclQEJ-Vdg-IuiaDsNc.woff2","type":"url"},{"text":5458.761001005769,"type":"ms"},{"text":6524.431999772787,"type":"ms"},{"text":49163,"type":"bytes"},{"text":200,"type":"text"},{"text":"font/woff2","type":"text"},{"text":"font","type":"text"}],[{"text":"https://fonts.gstatic.com/s/roboto/v18/KFOlCnqEu92Fr1MmEU9fBBc4.woff2","type":"url"},{"text":5458.878999575973,"type":"ms"},{"text":6334.002999588847,"type":"ms"},{"text":15817,"type":"bytes"},{"text":200,"type":"text"},{"text":"font/woff2","type":"text"},{"text":"font","type":"text"}]]}},"score":100,"weight":0,"id":"network-requests"},{"result":{"displayValue":"0","score":true,"helpText":"Consider instrumenting your app with the User Timing API to create custom, real-world measurements of key user experiences. [Learn more](https://developers.google.com/web/tools/lighthouse/audits/user-timing).","rawValue":true,"extendedInfo":{"value":[]},"name":"user-timings","description":"User Timing marks and measures","scoringMode":"binary","informative":true,"details":{"itemHeaders":[{"itemType":"text","text":"Name","type":"text"},{"itemType":"text","text":"Type","type":"text"},{"itemType":"text","text":"Time","type":"text"}],"header":"View Details","type":"table","items":[]}},"score":100,"weight":0,"id":"user-timings","group":"perf-info"},{"result":{"displayValue":"1,570 ms","score":true,"helpText":"Consider reducing the time spent parsing, compiling, and executing JS. You may find delivering smaller JS payloads helps with this. [Learn more](https://developers.google.com/web/lighthouse/audits/bootup).","rawValue":1573.503999710083,"extendedInfo":{"value":{"http://web/static/js/app.310cd52123c59f9f64a5.js":{"Script Evaluation":1173.697998046875,"Script Parsing & Compile":22.533000946044922},"http://web/static/js/vendor.d1efda22f11e965a5228.js":{"Style & Layout":178.41699981689453,"Script Parsing & Compile":14.004999160766602,"Script Evaluation":9.45100212097168},"https://unpkg.com/vue-chartjs@3.3.2/dist/vue-chartjs.min.js":{"Script Evaluation":6.445001602172852,"Script Parsing & Compile":4.004999160766602},"https://cdnjs.cloudflare.com/ajax/libs/Chart.js/2.7.1/Chart.min.js":{"Style & Layout":0.8509998321533203,"Script Evaluation":90.19700050354004,"Script Parsing & Compile":0.5679988861083984},"http://web/static/js/manifest.9f020e973ae4037504f6.js":{"Script Parsing & Compile":2.184000015258789,"Script Evaluation":1.4300003051757812},"http://web/":{"Style & Layout":0.0989990234375,"Script Evaluation":7.028999328613281,"Script Parsing & Compile":0.14599990844726562},"http://web/#/":{"Parsing HTML & CSS":62.446001052856445}}},"name":"bootup-time","description":"JavaScript boot-up time","scoringMode":"binary","details":{"itemHeaders":[{"itemType":"url","text":"URL","type":"text"},{"itemType":"text","text":"Script Evaluation","type":"text"},{"itemType":"text","text":"Script Parsing & Compile","type":"text"}],"header":"View Details","type":"table","items":[[{"text":"http://web/static/js/app.310cd52123c59f9f64a5.js","type":"url"},{"text":"1,174 ms","type":"text"},{"text":"23 ms","type":"text"}],[{"text":"https://cdnjs.cloudflare.com/ajax/libs/Chart.js/2.7.1/Chart.min.js","type":"url"},{"text":"90 ms","type":"text"},{"text":"1 ms","type":"text"}],[{"text":"http://web/static/js/vendor.d1efda22f11e965a5228.js","type":"url"},{"text":"9 ms","type":"text"},{"text":"14 ms","type":"text"}],[{"text":"https://unpkg.com/vue-chartjs@3.3.2/dist/vue-chartjs.min.js","type":"url"},{"text":"6 ms","type":"text"},{"text":"4 ms","type":"text"}]]}},"score":100,"weight":0,"id":"bootup-time","group":"perf-info"},{"result":{"displayValue":"true","score":100,"helpText":"This is what the load of your site looked like.","rawValue":true,"name":"screenshot-thumbnails","description":"Screenshot Thumbnails","scoringMode":"binary","informative":true,"details":{"scale":6606,"type":"filmstrip","items":[{"data":"/9j/4AAQSkZJRgABAQAAAQABAAD/2wCEAAMCAgMCAgMDAwMEAwMEBQgFBQQEBQoHBwYIDAoMDAsKCwsNDhIQDQ4RDgsLEBYQERMUFRUVDA8XGBYUGBIUFRQBAwQEBQQFCQUFCRQNCw0UFBQUFBQUFBQUFBQUFBQUFBQUFBQUFBQUFBQUFBQUFBQUFBQUFBQUFBQUFBQUFBQUFP/AABEIANUAeAMBEQACEQEDEQH/xAGiAAABBQEBAQEBAQAAAAAAAAAAAQIDBAUGBwgJCgsQAAIBAwMCBAMFBQQEAAABfQECAwAEEQUSITFBBhNRYQcicRQygZGhCCNCscEVUtHwJDNicoIJChYXGBkaJSYnKCkqNDU2Nzg5OkNERUZHSElKU1RVVldYWVpjZGVmZ2hpanN0dXZ3eHl6g4SFhoeIiYqSk5SVlpeYmZqio6Slpqeoqaqys7S1tre4ubrCw8TFxsfIycrS09TV1tfY2drh4uPk5ebn6Onq8fLz9PX29/j5+gEAAwEBAQEBAQEBAQAAAAAAAAECAwQFBgcICQoLEQACAQIEBAMEBwUEBAABAncAAQIDEQQFITEGEkFRB2FxEyIygQgUQpGhscEJIzNS8BVictEKFiQ04SXxFxgZGiYnKCkqNTY3ODk6Q0RFRkdISUpTVFVWV1hZWmNkZWZnaGlqc3R1dnd4eXqCg4SFhoeIiYqSk5SVlpeYmZqio6Slpqeoqaqys7S1tre4ubrCw8TFxsfIycrS09TV1tfY2dri4+Tl5ufo6ery8/T19vf4+fr/2gAMAwEAAhEDEQA/AP1ToAKACgAoAKACgAoAKACgAoAKACgAoAKACgAoAKACgAoAKACgAoAKACgAoAKACgAoAKACgAoAKACgAoAKACgAoAKACgAoAKACgAoAKACgAoAKACgAoAKACgAoAKACgAoAKACgAoAKACgAoAKACgAoAKACgAoAKACgAoAKACgAoAKACgAoAKACgAoAKACgAoAKACgAoAKACgAoAKACgAoAKACgAoAKACgAoAKACgAoAKACgAoAKACgAoAKACgAoAKACgAoAKACgAoAKACgAoAKACgAoAKACgAoAKACgAoAKACgAoAKACgAoAKACgAoAKACgAoAKACgAoAKACgAoAKACgAoAKACgAoAKACgAoAKACgAoAKACgAoAKACgAoAKACgAoAKACgAoAKACgAoAKACgAoAKACgAoAKACgAoAKACgAoAKACgAoAKACgAoAKACgAoAKACgAoAKACgAoAKACgAoAKACgAoAKACgAoAKACgAoAKACgAoAKACgAoAKACgAoAKACgAoAKACgAoAKACgAoAKACgAoAKACgAoAKACgAoAKACgAoAKACgAoAKACgAoAKACgAoAKACgAoAKACgAoAKACgAoAKACgAoAKACgAoAKACgAoAKACgAoAKACgAoAKACgAoAKACgAoAKACgAoAKACgAoAKACgAoAKACgAoAKACgAoAKACgAoAKACgAoAKACgAoAKACgAoAKACgAoAKACgAoAKACgAoAKACgAoAKACgAoAKACgAoAKACgAoAKACgAoAKACgAoAKACgAoAKACgAoAKACgAoAKACgAoAKACgAoAKACgAoAKACgAoAKACgAoAKACgAoAKACgAoAKACgAoAKACgAoAKACgAoAKACgAoAKACgAoAKACgAoAKACgAoAKACgAoAKACgAoAKACgAoAKACgAoAKACgAoAKACgAoAKACgD//Z","timing":661,"timestamp":8650053854298},{"data":"/9j/4AAQSkZJRgABAQAAAQABAAD/2wCEAAMCAgMCAgMDAwMEAwMEBQgFBQQEBQoHBwYIDAoMDAsKCwsNDhIQDQ4RDgsLEBYQERMUFRUVDA8XGBYUGBIUFRQBAwQEBQQFCQUFCRQNCw0UFBQUFBQUFBQUFBQUFBQUFBQUFBQUFBQUFBQUFBQUFBQUFBQUFBQUFBQUFBQUFBQUFP/AABEIANUAeAMBEQACEQEDEQH/xAGiAAABBQEBAQEBAQAAAAAAAAAAAQIDBAUGBwgJCgsQAAIBAwMCBAMFBQQEAAABfQECAwAEEQUSITFBBhNRYQcicRQygZGhCCNCscEVUtHwJDNicoIJChYXGBkaJSYnKCkqNDU2Nzg5OkNERUZHSElKU1RVVldYWVpjZGVmZ2hpanN0dXZ3eHl6g4SFhoeIiYqSk5SVlpeYmZqio6Slpqeoqaqys7S1tre4ubrCw8TFxsfIycrS09TV1tfY2drh4uPk5ebn6Onq8fLz9PX29/j5+gEAAwEBAQEBAQEBAQAAAAAAAAECAwQFBgcICQoLEQACAQIEBAMEBwUEBAABAncAAQIDEQQFITEGEkFRB2FxEyIygQgUQpGhscEJIzNS8BVictEKFiQ04SXxFxgZGiYnKCkqNTY3ODk6Q0RFRkdISUpTVFVWV1hZWmNkZWZnaGlqc3R1dnd4eXqCg4SFhoeIiYqSk5SVlpeYmZqio6Slpqeoqaqys7S1tre4ubrCw8TFxsfIycrS09TV1tfY2dri4+Tl5ufo6ery8/T19vf4+fr/2gAMAwEAAhEDEQA/AP1ToAKACgAoAKACgAoAKACgAoAKACgAoAKACgAoAKACgAoAKACgAoAKACgAoAKACgAoAKACgAoAKACgAoAKACgAoAKACgAoAKACgAoAKACgAoAKACgAoAKACgAoAKACgAoAKACgAoAKACgAoAKACgAoAKACgAoAKACgAoAKACgAoAKACgAoAKACgAoAKACgAoAKACgAoAKACgAoAKACgAoAKACgAoAKACgAoAKACgAoAKACgAoAKACgAoAKACgAoAKACgAoAKACgAoAKACgAoAKACgAoAKACgAoAKACgAoAKACgAoAKACgAoAKACgAoAKACgAoAKACgAoAKACgAoAKACgAoAKACgAoAKACgAoAKACgAoAKACgAoAKACgAoAKACgAoAKACgAoAKACgAoAKACgAoAKACgAoAKACgAoAKACgAoAKACgAoAKACgAoAKACgAoAKACgAoAKACgAoAKACgAoAKACgAoAKACgAoAKACgAoAKACgAoAKACgAoAKACgAoAKACgAoAKACgAoAKACgAoAKACgAoAKACgAoAKACgAoAKACgAoAKACgAoAKACgAoAKACgAoAKACgAoAKACgAoAKACgAoAKACgAoAKACgAoAKACgAoAKACgAoAKACgAoAKACgAoAKACgAoAKACgAoAKACgAoAKACgAoAKACgAoAKACgAoAKACgAoAKACgAoAKACgAoAKACgAoAKACgAoAKACgAoAKACgAoAKACgAoAKACgAoAKACgAoAKACgAoAKACgAoAKACgAoAKACgAoAKACgAoAKACgAoAKACgAoAKACgAoAKACgAoAKACgAoAKACgAoAKACgAoAKACgAoAKACgAoAKACgAoAKACgAoAKACgAoAKACgAoAKACgAoAKACgAoAKACgAoAKACgAoAKACgAoAKACgAoAKACgAoAKACgAoAKACgD//Z","timing":1321,"timestamp":8.650054514898001E12},{"data":"/9j/4AAQSkZJRgABAQAAAQABAAD/2wCEAAMCAgMCAgMDAwMEAwMEBQgFBQQEBQoHBwYIDAoMDAsKCwsNDhIQDQ4RDgsLEBYQERMUFRUVDA8XGBYUGBIUFRQBAwQEBQQFCQUFCRQNCw0UFBQUFBQUFBQUFBQUFBQUFBQUFBQUFBQUFBQUFBQUFBQUFBQUFBQUFBQUFBQUFBQUFP/AABEIANUAeAMBEQACEQEDEQH/xAGiAAABBQEBAQEBAQAAAAAAAAAAAQIDBAUGBwgJCgsQAAIBAwMCBAMFBQQEAAABfQECAwAEEQUSITFBBhNRYQcicRQygZGhCCNCscEVUtHwJDNicoIJChYXGBkaJSYnKCkqNDU2Nzg5OkNERUZHSElKU1RVVldYWVpjZGVmZ2hpanN0dXZ3eHl6g4SFhoeIiYqSk5SVlpeYmZqio6Slpqeoqaqys7S1tre4ubrCw8TFxsfIycrS09TV1tfY2drh4uPk5ebn6Onq8fLz9PX29/j5+gEAAwEBAQEBAQEBAQAAAAAAAAECAwQFBgcICQoLEQACAQIEBAMEBwUEBAABAncAAQIDEQQFITEGEkFRB2FxEyIygQgUQpGhscEJIzNS8BVictEKFiQ04SXxFxgZGiYnKCkqNTY3ODk6Q0RFRkdISUpTVFVWV1hZWmNkZWZnaGlqc3R1dnd4eXqCg4SFhoeIiYqSk5SVlpeYmZqio6Slpqeoqaqys7S1tre4ubrCw8TFxsfIycrS09TV1tfY2dri4+Tl5ufo6ery8/T19vf4+fr/2gAMAwEAAhEDEQA/AP1ToAKACgAoAKACgAoAKACgAoAKACgAoAKACgAoAKACgAoAKACgAoAKACgAoAKACgAoAKACgAoAKACgAoAKACgAoAKACgAoAKACgAoAKACgAoAKACgAoAKACgAoAKACgAoAKACgAoAKACgAoAKACgAoAKACgAoAKACgAoAKACgAoAKACgAoAKACgAoAKACgAoAKACgAoAKACgAoAKACgAoAKACgAoAKACgAoAKACgAoAKACgAoAKACgAoAKACgAoAKACgAoAKACgAoAKACgAoAKACgAoAKACgAoAKACgAoAKACgAoAKACgAoAKACgAoAKACgAoAKACgAoAKACgAoAKACgAoAKACgAoAKACgAoAKACgAoAKACgAoAKACgAoAKACgAoAKACgAoAKACgAoAKACgAoAKACgAoAKACgAoAKACgAoAKACgAoAKACgAoAKACgAoAKACgAoAKACgAoAKACgAoAKACgAoAKACgAoAKACgAoAKACgAoAKACgAoAKACgAoAKACgAoAKACgAoAKACgAoAKACgAoAKACgAoAKACgAoAKACgAoAKACgAoAKACgAoAKACgAoAKACgAoAKACgAoAKACgAoAKACgAoAKACgAoAKACgAoAKACgAoAKACgAoAKACgAoAKACgAoAKACgAoAKACgAoAKACgAoAKACgAoAKACgAoAKACgAoAKACgAoAKACgAoAKACgAoAKACgAoAKACgAoAKACgAoAKACgAoAKACgAoAKACgAoAKACgAoAKACgAoAKACgAoAKACgAoAKACgAoAKACgAoAKACgAoAKACgAoAKACgAoAKACgAoAKACgAoAKACgAoAKACgAoAKACgAoAKACgAoAKACgAoAKACgAoAKACgAoAKACgAoAKACgAoAKACgAoAKACgAoAKACgAoAKACgAoAKACgAoAKACgAoAKACgD//Z","timing":1982,"timestamp":8.650055175497999E12},{"data":"/9j/4AAQSkZJRgABAQAAAQABAAD/2wCEAAMCAgMCAgMDAwMEAwMEBQgFBQQEBQoHBwYIDAoMDAsKCwsNDhIQDQ4RDgsLEBYQERMUFRUVDA8XGBYUGBIUFRQBAwQEBQQFCQUFCRQNCw0UFBQUFBQUFBQUFBQUFBQUFBQUFBQUFBQUFBQUFBQUFBQUFBQUFBQUFBQUFBQUFBQUFP/AABEIANUAeAMBEQACEQEDEQH/xAGiAAABBQEBAQEBAQAAAAAAAAAAAQIDBAUGBwgJCgsQAAIBAwMCBAMFBQQEAAABfQECAwAEEQUSITFBBhNRYQcicRQygZGhCCNCscEVUtHwJDNicoIJChYXGBkaJSYnKCkqNDU2Nzg5OkNERUZHSElKU1RVVldYWVpjZGVmZ2hpanN0dXZ3eHl6g4SFhoeIiYqSk5SVlpeYmZqio6Slpqeoqaqys7S1tre4ubrCw8TFxsfIycrS09TV1tfY2drh4uPk5ebn6Onq8fLz9PX29/j5+gEAAwEBAQEBAQEBAQAAAAAAAAECAwQFBgcICQoLEQACAQIEBAMEBwUEBAABAncAAQIDEQQFITEGEkFRB2FxEyIygQgUQpGhscEJIzNS8BVictEKFiQ04SXxFxgZGiYnKCkqNTY3ODk6Q0RFRkdISUpTVFVWV1hZWmNkZWZnaGlqc3R1dnd4eXqCg4SFhoeIiYqSk5SVlpeYmZqio6Slpqeoqaqys7S1tre4ubrCw8TFxsfIycrS09TV1tfY2dri4+Tl5ufo6ery8/T19vf4+fr/2gAMAwEAAhEDEQA/AP1ToAKACgAoAKACgAoAKACgAoAKACgAoAKACgAoAKACgAoAKACgAoAKACgAoAKACgAoAKACgAoAKACgAoAKACgAoAKACgAoAKACgAoAKACgAoAKACgAoAKACgAoAKACgAoAKACgAoAKACgAoAKACgAoAKACgAoAKACgAoAKACgAoAKACgAoAKACgAoAKACgAoAKACgAoAKACgAoAKACgAoAKACgAoAKACgAoAKACgAoAKACgAoAKACgAoAKACgAoAKACgAoAKACgAoAKACgAoAKACgAoAKACgAoAKACgAoAKACgAoAKACgAoAKACgAoAKACgAoAKACgAoAKACgAoAKACgAoAKACgAoAKACgAoAKACgAoAKACgAoAKACgAoAKACgAoAKACgAoAKACgAoAKACgAoAKACgAoAKACgAoAKACgAoAKACgAoAKACgAoAKACgAoAKACgAoAKACgAoAKACgAoAKACgAoAKACgAoAKACgAoAKACgAoAKACgAoAKACgAoAKACgAoAKACgAoAKACgAoAKACgAoAKACgAoAKACgAoAKACgAoAKACgAoAKACgAoAKACgAoAKACgAoAKACgAoAKACgAoAKACgAoAKACgAoAKACgAoAKACgAoAKACgAoAKACgAoAKACgAoAKACgAoAKACgAoAKACgAoAKACgAoAKACgAoAKACgAoAKACgAoAKACgAoAKACgAoAKACgAoAKACgAoAKACgAoAKACgAoAKACgAoAKACgAoAKACgAoAKACgAoAKACgAoAKACgAoAKACgAoAKACgAoAKACgAoAKACgAoAKACgAoAKACgAoAKACgAoAKACgAoAKACgAoAKACgAoAKACgAoAKACgAoAKACgAoAKACgAoAKACgAoAKACgAoAKACgAoAKACgAoAKACgAoAKACgAoAKACgAoAKACgAoAKACgD//Z","timing":2642,"timestamp":8650055836098},{"data":"/9j/4AAQSkZJRgABAQAAAQABAAD/2wCEAAMCAgMCAgMDAwMEAwMEBQgFBQQEBQoHBwYIDAoMDAsKCwsNDhIQDQ4RDgsLEBYQERMUFRUVDA8XGBYUGBIUFRQBAwQEBQQFCQUFCRQNCw0UFBQUFBQUFBQUFBQUFBQUFBQUFBQUFBQUFBQUFBQUFBQUFBQUFBQUFBQUFBQUFBQUFP/AABEIANUAeAMBEQACEQEDEQH/xAGiAAABBQEBAQEBAQAAAAAAAAAAAQIDBAUGBwgJCgsQAAIBAwMCBAMFBQQEAAABfQECAwAEEQUSITFBBhNRYQcicRQygZGhCCNCscEVUtHwJDNicoIJChYXGBkaJSYnKCkqNDU2Nzg5OkNERUZHSElKU1RVVldYWVpjZGVmZ2hpanN0dXZ3eHl6g4SFhoeIiYqSk5SVlpeYmZqio6Slpqeoqaqys7S1tre4ubrCw8TFxsfIycrS09TV1tfY2drh4uPk5ebn6Onq8fLz9PX29/j5+gEAAwEBAQEBAQEBAQAAAAAAAAECAwQFBgcICQoLEQACAQIEBAMEBwUEBAABAncAAQIDEQQFITEGEkFRB2FxEyIygQgUQpGhscEJIzNS8BVictEKFiQ04SXxFxgZGiYnKCkqNTY3ODk6Q0RFRkdISUpTVFVWV1hZWmNkZWZnaGlqc3R1dnd4eXqCg4SFhoeIiYqSk5SVlpeYmZqio6Slpqeoqaqys7S1tre4ubrCw8TFxsfIycrS09TV1tfY2dri4+Tl5ufo6ery8/T19vf4+fr/2gAMAwEAAhEDEQA/AP1ToAKACgAoAKACgAoAKACgAoAKACgAoAKACgAoAKACgAoAKACgAoAKACgAoAKACgAoAKACgAoAKACgAoAKACgAoAKACgAoAKACgAoAKACgAoAKACgAoAKACgAoAKACgAoAKACgAoAKACgAoAKACgAoAKACgAoAKACgAoAKACgAoAKACgAoAKACgAoAKACgAoAKACgAoAKACgAoAKACgAoAKACgAoAKACgAoAKACgAoAKACgAoAKACgAoAKACgAoAKACgAoAKACgAoAKACgAoAKACgAoAKACgAoAKACgAoAKACgAoAKACgAoAKACgAoAKACgAoAKACgAoAKACgAoAKACgAoAKACgAoAKACgAoAKACgAoAKACgAoAKACgAoAKACgAoAKACgAoAKACgAoAKACgAoAKACgAoAKACgAoAKACgAoAKACgAoAKACgAoAKACgAoAKACgAoAKACgAoAKACgAoAKACgAoAKACgAoAKACgAoAKACgAoAKACgAoAKACgAoAKACgAoAKACgAoAKACgAoAKACgAoAKACgAoAKACgAoAKACgAoAKACgAoAKACgAoAKACgAoAKACgAoAKACgAoAKACgAoAKACgAoAKACgAoAKACgAoAKACgAoAKACgAoAKACgAoAKACgAoAKACgAoAKACgAoAKACgAoAKACgAoAKACgAoAKACgAoAKACgAoAKACgAoAKACgAoAKACgAoAKACgAoAKACgAoAKACgAoAKACgAoAKACgAoAKACgAoAKACgAoAKACgAoAKACgAoAKACgAoAKACgAoAKACgAoAKACgAoAKACgAoAKACgAoAKACgAoAKACgAoAKACgAoAKACgAoAKACgAoAKACgAoAKACgAoAKACgAoAKACgAoAKACgAoAKACgAoAKACgAoAKACgAoAKACgAoAKACgAoAKACgAoAKACgD//Z","timing":3303,"timestamp":8650056496698},{"data":"/9j/4AAQSkZJRgABAQAAAQABAAD/2wCEAAMCAgMCAgMDAwMEAwMEBQgFBQQEBQoHBwYIDAoMDAsKCwsNDhIQDQ4RDgsLEBYQERMUFRUVDA8XGBYUGBIUFRQBAwQEBQQFCQUFCRQNCw0UFBQUFBQUFBQUFBQUFBQUFBQUFBQUFBQUFBQUFBQUFBQUFBQUFBQUFBQUFBQUFBQUFP/AABEIANUAeAMBEQACEQEDEQH/xAGiAAABBQEBAQEBAQAAAAAAAAAAAQIDBAUGBwgJCgsQAAIBAwMCBAMFBQQEAAABfQECAwAEEQUSITFBBhNRYQcicRQygZGhCCNCscEVUtHwJDNicoIJChYXGBkaJSYnKCkqNDU2Nzg5OkNERUZHSElKU1RVVldYWVpjZGVmZ2hpanN0dXZ3eHl6g4SFhoeIiYqSk5SVlpeYmZqio6Slpqeoqaqys7S1tre4ubrCw8TFxsfIycrS09TV1tfY2drh4uPk5ebn6Onq8fLz9PX29/j5+gEAAwEBAQEBAQEBAQAAAAAAAAECAwQFBgcICQoLEQACAQIEBAMEBwUEBAABAncAAQIDEQQFITEGEkFRB2FxEyIygQgUQpGhscEJIzNS8BVictEKFiQ04SXxFxgZGiYnKCkqNTY3ODk6Q0RFRkdISUpTVFVWV1hZWmNkZWZnaGlqc3R1dnd4eXqCg4SFhoeIiYqSk5SVlpeYmZqio6Slpqeoqaqys7S1tre4ubrCw8TFxsfIycrS09TV1tfY2dri4+Tl5ufo6ery8/T19vf4+fr/2gAMAwEAAhEDEQA/AP1ToAKACgAoAKACgAoAKACgAoAKACgAoAKACgAoAKACgAoAKACgAoAKACgAoAKACgAoAKACgAoAKACgAoAKACgAoAKACgAoAKACgAoAKACgAoAKACgAoAKACgAoAKACgAoAKACgAoAKACgAoAKACgAoAKACgAoAKACgAoAKACgAoAKACgAoAKACgAoAKACgAoAKACgAoAKACgAoAKACgAoAKACgAoAKACgAoAKACgAoAKACgAoAKACgAoAKACgAoAKACgAoAKACgAoAKACgAoAKACgAoAKACgAoAKACgAoAKACgAoAKACgAoAKACgAoAKACgAoAKACgAoAKACgAoAKACgAoAKACgAoAKACgAoAKACgAoAKACgAoAKACgAoAKACgAoAKACgAoAKACgAoAKACgAoAKACgAoAKACgAoAKACgAoAKACgAoAKACgAoAKACgAoAKACgAoAKACgAoAKACgAoAKACgAoAKACgAoAKACgAoAKACgAoAKACgAoAKACgAoAKACgAoAKACgAoAKACgAoAKACgAoAKACgAoAKACgAoAKACgAoAKACgAoAKACgAoAKACgAoAKACgAoAKACgAoAKACgAoAKACgAoAKACgAoAKACgAoAKACgAoAKACgAoAKACgAoAKACgAoAKACgAoAKACgAoAKACgAoAKACgAoAKACgAoAKACgAoAKACgAoAKACgAoAKACgAoAKACgAoAKACgAoAKACgAoAKACgAoAKACgAoAKACgAoAKACgAoAKACgAoAKACgAoAKACgAoAKACgAoAKACgAoAKACgAoAKACgAoAKACgAoAKACgAoAKACgAoAKACgAoAKACgAoAKACgAoAKACgAoAKACgAoAKACgAoAKACgAoAKACgAoAKACgAoAKACgAoAKACgAoAKACgAoAKACgAoAKACgAoAKACgAoAKACgD//Z","timing":3964,"timestamp":8650057157298},{"data":"/9j/4AAQSkZJRgABAQAAAQABAAD/2wCEAAMCAgMCAgMDAwMEAwMEBQgFBQQEBQoHBwYIDAoMDAsKCwsNDhIQDQ4RDgsLEBYQERMUFRUVDA8XGBYUGBIUFRQBAwQEBQQFCQUFCRQNCw0UFBQUFBQUFBQUFBQUFBQUFBQUFBQUFBQUFBQUFBQUFBQUFBQUFBQUFBQUFBQUFBQUFP/AABEIANUAeAMBEQACEQEDEQH/xAGiAAABBQEBAQEBAQAAAAAAAAAAAQIDBAUGBwgJCgsQAAIBAwMCBAMFBQQEAAABfQECAwAEEQUSITFBBhNRYQcicRQygZGhCCNCscEVUtHwJDNicoIJChYXGBkaJSYnKCkqNDU2Nzg5OkNERUZHSElKU1RVVldYWVpjZGVmZ2hpanN0dXZ3eHl6g4SFhoeIiYqSk5SVlpeYmZqio6Slpqeoqaqys7S1tre4ubrCw8TFxsfIycrS09TV1tfY2drh4uPk5ebn6Onq8fLz9PX29/j5+gEAAwEBAQEBAQEBAQAAAAAAAAECAwQFBgcICQoLEQACAQIEBAMEBwUEBAABAncAAQIDEQQFITEGEkFRB2FxEyIygQgUQpGhscEJIzNS8BVictEKFiQ04SXxFxgZGiYnKCkqNTY3ODk6Q0RFRkdISUpTVFVWV1hZWmNkZWZnaGlqc3R1dnd4eXqCg4SFhoeIiYqSk5SVlpeYmZqio6Slpqeoqaqys7S1tre4ubrCw8TFxsfIycrS09TV1tfY2dri4+Tl5ufo6ery8/T19vf4+fr/2gAMAwEAAhEDEQA/AP0bk8LeMEuh9l8ZJFaC8SXyp9KjlcWyxQKYA+4cs8cz+YwYjz8Y+RSQDrtMt57TTrWG5unvriOJEkuXRUaVgoBcqoABJycAYGeKALVABQAUAFABQAUAFABQAUAFABQAUAFABQAUAFABQAUAFABQAUAFABQAUAFABQAUAFABQAUAFABQAUAFABQAUAFABQAUAFABQAUAFABQAUAFABQAUAFABQAUAFABQAUAFABQAUAFACZ5xQAZGcd6AFoAKACgAoAKACgAoAKACgAoAKACgAoA8AbVfiFqEGl3Wja9oL2kFwbHVBNfwzbbgSxCKFJAD+9kHyOrcgynbuOwgA7zwHq+q2WrXll4h1fTrqG7mCaTIs8azzPGji4hMSjG6MxliQxOTICsYQAgHftOoYr1cLu2jrj6daAATI2MMDkkZBHUHH8xQAi3CMMgjGCScg4x1H1oAZp9/b6rYW97ZzR3NpcRrLDPC4dJEYZVlYEgggggg4INAFigAoAKACgAoAKACgAoAKAOF1j4PeEvFt/omq6npZvL/RpvtGmXM0syyWT/ALrJjywKZMEeQMA/N2dsgDdG+B3grw9pVrYadoUFrHaQS29rOjN9ptY5FdXWG4z5sWRI4Gxxt3HbigB+ifBfwj4c059O03TGtdMa8hvxYLdTm3ininSeIxRlysSrJGjbEAU4AIIoAst8JfC5Piwpp8kLeKgo1d4LyeJ7jClRhlcGP5SR8hXrQBj3v7O/w+1O4vJ73w5BdyXieXcCeWWRJB9qN2cozlcm4YyFsZJOCSOKAO60PRrTw5oun6Tp8XkWFhbx2tvFuLbI0UKq5YknAAGSSaAL1ABQAUAFABQAUAFABQAUAFABQAUAFABQAUAFABQAUAFABQAUAFABQAUAJuoFfWwbqAuAOaBi0AFABQAUAFABQAUAFABQAUAFABQByaS6/f6Wk1hPZf6RCjQTzRO/UZDsoZCQwK/LwRzyeldj+rNt6nn2xe2hXv8A/hODph+xHRV1EeWy/aVlMX3Y/MU7efvGXB9FTI5JEr6u90waxS2aNfTU8Qf27eG9fTv7H2D7MsMb/aC2TkuSduMbcYHr0xgxP2XKuS9zal7fm/ebG7WB1BQAUARiZec4XHXJppNkOaWjYvmqDjIz9aLMHOK6jftCEkBlJXBIz0H+Qfyos+qDnjrZiC6jP8QHtmnyvsQqsHrckVg6gggg9xSasap31Q6kMKACgAoA8ttfEXirw3YQWVxYJKIFENuLKwe4Msa+UiFmMyBGJlAwQANrMSEBau14eLfuzT+Vv8zzFi3b3qbXzv8AohsvxI15bS9mi02/ma0PMI8OTK8yllCmPdcBTkMGwSCAGyBg1Twm3vrXzGsZ/wBO39x0XhvVvEuvSasJVt9LWyvXtI/tWmyD7Qqqh81D5/KEsQD329jkDmqU+TlfNe6vp0v09TrpVOe6tazsbX2XX/8AoJ6b/wCC6T/4/WJuH2XX/wDoJ6b/AOC6T/4/QAfZdf8A+gnpv/guk/8Aj9AFQ+EoL+++26wUvbuPasfl+ZHCoDBlYRF2UOCPv9ccdK2hVnCPKmc86EJy5mMPw80JnspPs03m2f8AqZftMvmAbGQqW3bmUhjlWJBOGIyAar6xU7kfVqbdyS08CaPY209rBahLSaaO4aDcxVXRlZNoJ+VVKKQq4A7Dml7ed076r9RrDxSa6MSz+H2h6ejLb2rxhoEtm/fOxaNCxVSSckDew57YHQACvrFS/Nfrf8v8hfVafLym9a20dnbxwRLtijUIi+gAwBXO227s6klFJIlpDCgAoAKAPM/CfijTLvw1p3k+HJb1Ft1jeeJrMozL8j8mYc70IIPIIwQDTuKxb1Txfomj6ebzUPDcllatJFCJLp7KJGeWTZGoZpwuXchQM5JYAZJpDLNxr9hYxNJP4RuoYYwS8kos1RADzkmbA6Z/H3oA0YJre4hjlTwnOUkUOvy2vQ9P+WtAD/3P/QpT/wDfNr/8doAP3P8A0KU//fNr/wDHaAKP9la5dyXUmmzjw9aSW/lRWr28RkimyT5wKl0YEbV2kZ4JyOjaxnTS1WpjUhU5vdlobPh6x1eyN6dV1CO/864aWARxeX5EZxti77sYzu4znoKU3F25VYdNSSfO7mxiszQWgYUAFABQAUAFAHlFp+zT4R022uYrCbWLJrkYmki1KQlwZzPINrEqA7vLnao+WaRV2hsUAbCfA7wrH4Qm8MLb3C6JK0Tm2S4ZCrRtuRlkUh1ZWCsGDAhlBB9QDF0f9l34faBYvZ6fpc9pbM2Qkd3KNn7qSH5fm+U7JXG4YP3TnKqQAep2lstpbRQKSyxoEBbqQBigCagAoAKACgAoAKACgAoAKACgAoA4A/G3w0YfFjRTS3M3hm9isL+CFA0hlkKqixrnMjMzbFjHzuw2qrFk3AGndfEK3hj1VYdNv7y80ydreexhWMTFgYTlCzhGBjuIpAA+SG243gpQBZ1PxvbaJLdpf2V/AsLxokkVubhZQyFt48rcUQbWUtKEAKnnBBIBneHvizofivWb7TNLTUJ7mxnS3uGl0+eGNHaKOTG90A3ASoGT76kNuUbSaAJbn4o6Lptle3eoLe2FvZTtDcyPZySpbgCNvMleIOkaFJo5NzlQqFi23Y+0Ap3Hxj0Ox8R6zpN7Ff2R0y4W0a5e1MkU8zRW8gSMx7juxd26gOFLtIFTcQcAG34e8d6N4o1C9stPmuHuLOaaCTz7KeBHaKQxy+W8iKsoVxtLRlgMjnkZAOgoAKACgAoAKACgAoAKAK8thbTxSRSQRvHIwZ1ZQQxGME+p4H5UAO+xwbg3kpkcg7Rx824/qAfrQA06fatIZDbxNISGLlASSBgEnuQCRn3oAclnBHKJEhRHC7Qyrg444+nA/IUALHawxMGSJFIzghQMZOT+ZA/KgBPscGxl8lNrDDDb14xz+HFADxEinIUA8849eTQA+gAoAKACgAoAKACgAoAKACgAoAKACgAoAKACgAoAKACgAoAKACgAoAKACgAoAKACgAoAKACgAoAKACgAoAKACgAoAKACgAoAKACgAoAKACgAoAKACgAoAKACgAoAKACgAoAKACgAoAKACgAoAKACgAoAKACgAoAKACgAoAKACgAoAKACgAoAKACgAoAKACgAoAKACgAoAKACgAoAKACgAoAKACgAoAKACgAoAKACgAoAKACgAoAKACgAoAKACgAoAKACgAoAKACgAoAKACgAoAKACgAoAKACgAoAKACgAoAKACgAoAKACgAoAKACgAoAKACgAoAKACgAoAKACgAoAKACgAoAKACgAoAKACgAoAKACgAoAKACgAoAKACgAoAKACgAoAKACgAoAKACgAoAKACgAoAKACgAoAKACgAoAKACgAoAKACgAoA//9k=","timing":4624,"timestamp":8.650057817898001E12},{"data":"/9j/4AAQSkZJRgABAQAAAQABAAD/2wCEAAMCAgMCAgMDAwMEAwMEBQgFBQQEBQoHBwYIDAoMDAsKCwsNDhIQDQ4RDgsLEBYQERMUFRUVDA8XGBYUGBIUFRQBAwQEBQQFCQUFCRQNCw0UFBQUFBQUFBQUFBQUFBQUFBQUFBQUFBQUFBQUFBQUFBQUFBQUFBQUFBQUFBQUFBQUFP/AABEIANUAeAMBEQACEQEDEQH/xAGiAAABBQEBAQEBAQAAAAAAAAAAAQIDBAUGBwgJCgsQAAIBAwMCBAMFBQQEAAABfQECAwAEEQUSITFBBhNRYQcicRQygZGhCCNCscEVUtHwJDNicoIJChYXGBkaJSYnKCkqNDU2Nzg5OkNERUZHSElKU1RVVldYWVpjZGVmZ2hpanN0dXZ3eHl6g4SFhoeIiYqSk5SVlpeYmZqio6Slpqeoqaqys7S1tre4ubrCw8TFxsfIycrS09TV1tfY2drh4uPk5ebn6Onq8fLz9PX29/j5+gEAAwEBAQEBAQEBAQAAAAAAAAECAwQFBgcICQoLEQACAQIEBAMEBwUEBAABAncAAQIDEQQFITEGEkFRB2FxEyIygQgUQpGhscEJIzNS8BVictEKFiQ04SXxFxgZGiYnKCkqNTY3ODk6Q0RFRkdISUpTVFVWV1hZWmNkZWZnaGlqc3R1dnd4eXqCg4SFhoeIiYqSk5SVlpeYmZqio6Slpqeoqaqys7S1tre4ubrCw8TFxsfIycrS09TV1tfY2dri4+Tl5ufo6ery8/T19vf4+fr/2gAMAwEAAhEDEQA/AP0bk8LeMEuh9l8ZJFaC8SXyp9KjlcWyxQKYA+4cs8cz+YwYjz8Y+RSQDrtMt57TTrWG5unvriOJEkuXRUaVgoBcqoABJycAYGeKALVABQAUAFABQAUAFABQAUAFABQAUAFABQAUAFABQAUAFABQAUAFABQAUAFABQAUAFABQAUAFABQAUAFABQAUAFABQAUAFABQAUAFABQAUAFABQAUAFABQAUAFABQAUAFABQAUAFACZ5xQAZGcd6AFoAKACgAoAKACgAoAKACgAoAKACgAoA8AbVfiFqEGl3Wja9oL2kFwbHVBNfwzbbgSxCKFJAD+9kHyOrcgynbuOwgA7zwHq+q2WrXll4h1fTrqG7mCaTIs8azzPGji4hMSjG6MxliQxOTICsYQAgHftOoYr1cLu2jrj6daAATI2MMDkkZBHUHH8xQAi3CMMgjGCScg4x1H1oAZp9/b6rYW97ZzR3NpcRrLDPC4dJEYZVlYEgggggg4INAFigAoAKACgAoAKACgAoAKAOF1j4PeEvFt/omq6npZvL/RpvtGmXM0syyWT/ALrJjywKZMEeQMA/N2dsgDdG+B3grw9pVrYadoUFrHaQS29rOjN9ptY5FdXWG4z5sWRI4Gxxt3HbigB+ifBfwj4c059O03TGtdMa8hvxYLdTm3ininSeIxRlysSrJGjbEAU4AIIoAst8JfC5Piwpp8kLeKgo1d4LyeJ7jClRhlcGP5SR8hXrQBj3v7O/w+1O4vJ73w5BdyXieXcCeWWRJB9qN2cozlcm4YyFsZJOCSOKAO60PRrTw5oun6Tp8XkWFhbx2tvFuLbI0UKq5YknAAGSSaAL1ABQAUAFABQAUAFABQAUAFABQAUAFABQAUAFABQAUAFABQAUAFABQAUAJuoFfWwbqAuAOaBi0AFABQAUAFABQAUAFABQAUAFABQByaS6/f6Wk1hPZf6RCjQTzRO/UZDsoZCQwK/LwRzyeldj+rNt6nn2xe2hXv8A/hODph+xHRV1EeWy/aVlMX3Y/MU7efvGXB9FTI5JEr6u90waxS2aNfTU8Qf27eG9fTv7H2D7MsMb/aC2TkuSduMbcYHr0xgxP2XKuS9zal7fm/ebG7WB1BQAUARiZec4XHXJppNkOaWjYvmqDjIz9aLMHOK6jftCEkBlJXBIz0H+Qfyos+qDnjrZiC6jP8QHtmnyvsQqsHrckVg6gggg9xSasap31Q6kMKACgAoA8ttfEXirw3YQWVxYJKIFENuLKwe4Msa+UiFmMyBGJlAwQANrMSEBau14eLfuzT+Vv8zzFi3b3qbXzv8AohsvxI15bS9mi02/ma0PMI8OTK8yllCmPdcBTkMGwSCAGyBg1Twm3vrXzGsZ/wBO39x0XhvVvEuvSasJVt9LWyvXtI/tWmyD7Qqqh81D5/KEsQD329jkDmqU+TlfNe6vp0v09TrpVOe6tazsbX2XX/8AoJ6b/wCC6T/4/WJuH2XX/wDoJ6b/AOC6T/4/QAfZdf8A+gnpv/guk/8Aj9AFQ+EoL+++26wUvbuPasfl+ZHCoDBlYRF2UOCPv9ccdK2hVnCPKmc86EJy5mMPw80JnspPs03m2f8AqZftMvmAbGQqW3bmUhjlWJBOGIyAar6xU7kfVqbdyS08CaPY209rBahLSaaO4aDcxVXRlZNoJ+VVKKQq4A7Dml7ed076r9RrDxSa6MSz+H2h6ejLb2rxhoEtm/fOxaNCxVSSckDew57YHQACvrFS/Nfrf8v8hfVafLym9a20dnbxwRLtijUIi+gAwBXO227s6klFJIlpDCgAoAKAPM/CfijTLvw1p3k+HJb1Ft1jeeJrMozL8j8mYc70IIPIIwQDTuKxb1Txfomj6ebzUPDcllatJFCJLp7KJGeWTZGoZpwuXchQM5JYAZJpDLNxr9hYxNJP4RuoYYwS8kos1RADzkmbA6Z/H3oA0YJre4hjlTwnOUkUOvy2vQ9P+WtAD/3P/QpT/wDfNr/8doAP3P8A0KU//fNr/wDHaAKP9la5dyXUmmzjw9aSW/lRWr28RkimyT5wKl0YEbV2kZ4JyOjaxnTS1WpjUhU5vdlobPh6x1eyN6dV1CO/864aWARxeX5EZxti77sYzu4znoKU3F25VYdNSSfO7mxiszQWgYUAFABQAUAFAHlFp+zT4R022uYrCbWLJrkYmki1KQlwZzPINrEqA7vLnao+WaRV2hsUAbCfA7wrH4Qm8MLb3C6JK0Tm2S4ZCrRtuRlkUh1ZWCsGDAhlBB9QDF0f9l34faBYvZ6fpc9pbM2Qkd3KNn7qSH5fm+U7JXG4YP3TnKqQAep2lstpbRQKSyxoEBbqQBigCagAoAKACgAoAKACgAoAKACgAoA4A/G3w0YfFjRTS3M3hm9isL+CFA0hlkKqixrnMjMzbFjHzuw2qrFk3AGndfEK3hj1VYdNv7y80ydreexhWMTFgYTlCzhGBjuIpAA+SG243gpQBZ1PxvbaJLdpf2V/AsLxokkVubhZQyFt48rcUQbWUtKEAKnnBBIBneHvizofivWb7TNLTUJ7mxnS3uGl0+eGNHaKOTG90A3ASoGT76kNuUbSaAJbn4o6Lptle3eoLe2FvZTtDcyPZySpbgCNvMleIOkaFJo5NzlQqFi23Y+0Ap3Hxj0Ox8R6zpN7Ff2R0y4W0a5e1MkU8zRW8gSMx7juxd26gOFLtIFTcQcAG34e8d6N4o1C9stPmuHuLOaaCTz7KeBHaKQxy+W8iKsoVxtLRlgMjnkZAOgoAKACgAoAKACgAoAKAK8thbTxSRSQRvHIwZ1ZQQxGME+p4H5UAO+xwbg3kpkcg7Rx824/qAfrQA06fatIZDbxNISGLlASSBgEnuQCRn3oAclnBHKJEhRHC7Qyrg444+nA/IUALHawxMGSJFIzghQMZOT+ZA/KgBPscGxl8lNrDDDb14xz+HFADxEinIUA8849eTQA+gAoAKACgAoAKACgAoAKACgAoAKACgAoAKACgAoAKACgAoAKACgAoAKACgAoAKACgAoAKACgAoAKACgAoAKACgAoAKACgAoAKACgAoAKACgAoAKACgAoAKACgAoAKACgAoAKACgAoAKACgAoAKACgAoAKACgAoAKACgAoAKACgAoAKACgAoAKACgAoAKACgAoAKACgAoAKACgAoAKACgAoAKACgAoAKACgAoAKACgAoAKACgAoAKACgAoAKACgAoAKACgAoAKACgAoAKACgAoAKACgAoAKACgAoAKACgAoAKACgAoAKACgAoAKACgAoAKACgAoAKACgAoAKACgAoAKACgAoAKACgAoAKACgAoAKACgAoAKACgAoAKACgAoAKACgAoAKACgAoAKACgAoAKACgAoAKACgAoAKACgAoAKACgAoAKACgAoA//9k=","timing":5285,"timestamp":8.650058478497999E12},{"data":"/9j/4AAQSkZJRgABAQAAAQABAAD/2wCEAAMCAgMCAgMDAwMEAwMEBQgFBQQEBQoHBwYIDAoMDAsKCwsNDhIQDQ4RDgsLEBYQERMUFRUVDA8XGBYUGBIUFRQBAwQEBQQFCQUFCRQNCw0UFBQUFBQUFBQUFBQUFBQUFBQUFBQUFBQUFBQUFBQUFBQUFBQUFBQUFBQUFBQUFBQUFP/AABEIANUAeAMBEQACEQEDEQH/xAGiAAABBQEBAQEBAQAAAAAAAAAAAQIDBAUGBwgJCgsQAAIBAwMCBAMFBQQEAAABfQECAwAEEQUSITFBBhNRYQcicRQygZGhCCNCscEVUtHwJDNicoIJChYXGBkaJSYnKCkqNDU2Nzg5OkNERUZHSElKU1RVVldYWVpjZGVmZ2hpanN0dXZ3eHl6g4SFhoeIiYqSk5SVlpeYmZqio6Slpqeoqaqys7S1tre4ubrCw8TFxsfIycrS09TV1tfY2drh4uPk5ebn6Onq8fLz9PX29/j5+gEAAwEBAQEBAQEBAQAAAAAAAAECAwQFBgcICQoLEQACAQIEBAMEBwUEBAABAncAAQIDEQQFITEGEkFRB2FxEyIygQgUQpGhscEJIzNS8BVictEKFiQ04SXxFxgZGiYnKCkqNTY3ODk6Q0RFRkdISUpTVFVWV1hZWmNkZWZnaGlqc3R1dnd4eXqCg4SFhoeIiYqSk5SVlpeYmZqio6Slpqeoqaqys7S1tre4ubrCw8TFxsfIycrS09TV1tfY2dri4+Tl5ufo6ery8/T19vf4+fr/2gAMAwEAAhEDEQA/APh3wzoB168ZWcxwRAF2HXnoB78H8qANnXvA0dlYvc2csjmIFnWUg5XuRgDpQBxtABQAUAFABQAUAFABQAUAFAGhoWktrWpR2ytsXBZ3xnaB/kD8aAOp1TwFBFYSSWs8pmjUttkwQ2BnAwOKAOGoA6Hwfr8WiXcq3CnyJsbpF5KEZxx6c0AbviDxnYy6dNBaMbh5kMZ+UqFBGCeQKAOCOSaADFABigAxQAYoAMUAGKADFABigAxQBreGNXTRdVSaVS0LKUfHUA9x+VAHX6n4205bKYW7tPMylVQIwwSO5IH6UAecgYAoA3vsEH/PMUAH2CD/AJ5igA+wQf8APMUAH2CD/nmKAD7BB/zzFAB9gg/55igA+wQf88xQAfYIP+eYoAPsEH/PMUAH2CD/AJ5igA+wQf8APMUAH2CD/nmKAD7BB/zzFAB9gg/55igA+wQf88xQBYoAKACgAoAKACgAoAKACgAoAKACgAoAKACgAoAKACgAoAKACgAoAKACgAoAKACgAoAKACgAoAKACgAoAKACgAoAKACgAoAKACgAoAKACgAoAKACgAoAKACgAoAKACgAoAKACgAoAKACgAoAKACgAoAKACgAoAKACgAoAKACgAoAKACgAoAKACgAoAKACgAoAKACgAoAKACgAoAKACgAoAKACgAoAKACgAoAKACgAoAKACgAoAKACgAoAKACgAoAKACgAoAKACgAoAKACgAoAKACgBUKh13DK55A9KAOjNh4P7a7rZ/7gsP/AMl0AH2Dwh/0HNb/APBND/8AJdAB9g8If9BzW/8AwTQ//JdAB9g8If8AQc1v/wAE0P8A8l0AH2Dwh/0HNb/8E0P/AMl0AH2Dwh/0HNb/APBND/8AJdAB9g8If9BzW/8AwTQ//JdAB9g8If8AQc1v/wAE0P8A8l0AH2Dwh/0HNb/8E0P/AMl0AH2Dwh/0HNb/APBND/8AJdAB9g8If9BzW/8AwTQ//JdAB9g8If8AQc1v/wAE0P8A8l0AAsPB/fXNb/8ABND/APJdAGDerbrdyraSSS2wYiOSaMRu69iyhmCk9cBjj1NAENABQAUAFABQAUAFABQAUAFABQAUAFABQAUAFABQAUAFABQAUAFABQAUAFABQAUAFABQAUAIeQe1ACfN7UAGG9qADDe1ABhvagAw3tQAYb2oAMN7UAGG9qADDe1ABhvagAw3tQAYb2oAPm9qAFGcc9aAFoA3tM8PW1/YQzvJMjODkIwx1PtQBa/4RO0/57XH/fS//E0AH/CJ2n/Pa4/76X/4mgDI1rTI9MljSF3bepJMmCf0AoA1z4TtP+es4+jLj+VAB/widp/z2uP++l/+JoAP+ETtP+e1x/30v/xNAHP6narY38tujMyJjBY88gH+tAFegAoAKACgAoAKACgDd0nxFb2NhFBJDMXTOSgXHX60AW/+EttP+eFz+S/40AH/AAltp/zwufyX/GgDH1zVI9TljeFHQKpGJAOv4GgDYHi20xzBcZ74C/40AH/CW2n/ADwufyX/ABoAP+EttP8Anhc/kv8AjQBgandJfahLcRqyo+MB8Z6Af0oArUAFABQAUAFABQAUAFABmgAzQAUAFABmgAzQAUAFABQAUAFABQAUAFABQAUAFABQAUAFABQAUAFABQAUAFABQAUAFABQAUAFABQAUAFABQAUAFABQAUAFABQAUAFABQAUAFABQAUAFABQAUAFABQAUAFABQAUAFABQAUAFABQAUAFABQAUAFABQAUAFABQAUAFABQAUAFABQAUAFABQAUAFABQAUAFABQAUAFABQAUAFABQAUAFABQAUAFABQAUAFABQAUAFABQAUAFABQAUAFABQAUAFABQAUAFABQAUAZP9sv/AM8l/OgA/tl/+eS/nQAf2y//ADyX86AD+2X/AOeS/nQAf2y//PJfzoAP7Zf/AJ5L+dAB/bL/APPJfzoAP7Zf/nkv50AH9sv/AM8l/OgA/tl/+eS/nQAf2y//ADyX86AD+2X/AOeS/nQAf2y//PJfzoAP7Zf/AJ5L+dAB/bL/APPJfzoAz6ACgAoAKACgAoAKACgAoAKACgAoAKACgAoA/wD/2Q==","timing":5945,"timestamp":8650059139098},{"data":"/9j/4AAQSkZJRgABAQAAAQABAAD/2wCEAAMCAgMCAgMDAwMEAwMEBQgFBQQEBQoHBwYIDAoMDAsKCwsNDhIQDQ4RDgsLEBYQERMUFRUVDA8XGBYUGBIUFRQBAwQEBQQFCQUFCRQNCw0UFBQUFBQUFBQUFBQUFBQUFBQUFBQUFBQUFBQUFBQUFBQUFBQUFBQUFBQUFBQUFBQUFP/AABEIANUAeAMBEQACEQEDEQH/xAGiAAABBQEBAQEBAQAAAAAAAAAAAQIDBAUGBwgJCgsQAAIBAwMCBAMFBQQEAAABfQECAwAEEQUSITFBBhNRYQcicRQygZGhCCNCscEVUtHwJDNicoIJChYXGBkaJSYnKCkqNDU2Nzg5OkNERUZHSElKU1RVVldYWVpjZGVmZ2hpanN0dXZ3eHl6g4SFhoeIiYqSk5SVlpeYmZqio6Slpqeoqaqys7S1tre4ubrCw8TFxsfIycrS09TV1tfY2drh4uPk5ebn6Onq8fLz9PX29/j5+gEAAwEBAQEBAQEBAQAAAAAAAAECAwQFBgcICQoLEQACAQIEBAMEBwUEBAABAncAAQIDEQQFITEGEkFRB2FxEyIygQgUQpGhscEJIzNS8BVictEKFiQ04SXxFxgZGiYnKCkqNTY3ODk6Q0RFRkdISUpTVFVWV1hZWmNkZWZnaGlqc3R1dnd4eXqCg4SFhoeIiYqSk5SVlpeYmZqio6Slpqeoqaqys7S1tre4ubrCw8TFxsfIycrS09TV1tfY2dri4+Tl5ufo6ery8/T19vf4+fr/2gAMAwEAAhEDEQA/APgL9KAL2qaDqeiLE1/p1zZpI5jDTRkDdgnGemcAn8KAKNABQB0Wm/DzxFrPh2PW9P0m4v8AT5Ls2KNagSuZgYQV8tSXAzcQKGK7S0qKCWOKAJYvhh4sn0e41WPQL19Pt7Sa+lnEfypDFOlvKx7/ACSyIrDqu9SRg5oArSeAPE0M1rG2gah5l3dy2FtEsDGWW5iVDNCIwN29PNjyMZG6gCa1+G3iq+0zT9QtfDup3dpqBuPsr29q0hmEG3zmCqCdq7wC2MZDDOVbABn3/hbWNLsftl3pd5b2vmPC07wkIkisUaNz/C4YYKnB6eooAuz/AA68V215NaTeGNZiuoXijlgfT5Q8bSttiVlK5BcghQfvEYGaAII/BeuM92j6VdW72v2gSi5j8na0ADTp8+PnQMpZRyMjI5FAGLQAUAFABQAY9qAOq8VfFDxZ4206Kw13X9Q1SzilEyQXVw8iK4DAEBiccO350Acrg0AGDQB2+g/FnVvD3glvCsFlYTaVNePcXYmSQveRO1q72shDjETPZW7ZQLICnDgHFAHQW37Sfiyy0DUdHt4rGO21Bt93IwmkmmZLtry3YyPKx3QzvI6kcvvIlMoAAAOWuPiTf3njCPXrmw0+5iitWsYNIlRzZQWxthbCJF37xiMLiTf5hZd5csSxAOt+I/7TPi34nnVX1O3021m1OSWW6lsI5Y2cubcADMh2hI7S3iXbj5Y8tudmdgClrn7QXibxB4X1jQbm300WWqtdNcOkLiTM95a3bkEuRkSWcYGQflZ85JDAA6zxP+194g1vx/ceJ7Hw3oembdW/tSwtnjkme1H9pHUWieXepmDz7WfcMDB8oQh2UgHAt8ZvEMvhqx0OUW0lpZ6fLpkbFXUm3cSbVYBgrMjXF0yuV3A3EgJK7VUA4PHtQAYNABg0AGKAN46bATnyxQAn9mwf881oAP7Ng/55rQAf2bB/zzWgA/s2D/nmtAB/ZsH/ADzWgA/s2D/nmtAB/ZsH/PNaAD+zYP8AnmtAB/ZsH/PNaAD+zYP+ea0AH9mwf881oAP7Ng/55rQAf2bB/wA81oABptvn/VigC3QAUAFABQAUAFABQAUAFABQAUAFABQAUAFABQAUAFABQAUAFABQAUAFABQAUAFABQAUAFABQAUAFABQAUAFABQAUAFABQAUAFABQAUAFABQAUAFABQAUAFABQAUAFABQAUAFABQAUAFABQAUAFABQAUAFABQAUAFABQAUAFABQAUAFABQAUAFABQAUAFABQAUAFABQAUAFABQAUAFABQAUAFABQAUAFABQAUAFABQAUAFABQAUAFABQAUAFABQAUAFABQAUAFABQAUAFABQAUAFABQAUAFAHW6N8L9b8Q6XDeaatveNKkbpapMBMwaS4T5VONxBtpCQpJwQcYDFQCppvgHWNYeySyhjuJbyc20EYlCs8oUMV+bG35WQ5OANwyRzgAYngq9+0xRzz2lpC00kMlzNNiOEoQHLkAkAZzwDnHGTgEAwCMGgAoAKACgDU8K+Hrjxb4m0nQ7R4orrUruKzieYkIryOFUsQCcZIzgE47GgDuvif8DLr4c6BBrcOrwaxpT6hNpUkiqsciXMTOG+VXcFG8tipyGxjcq5FAHmNABQAUAFABQAUATwtahcyxTSOepWYKPy2n+dAD/Msf8An3uP/Ahf/iKADzLH/n3uP/Ahf/iKADzLH/n3uP8AwIX/AOIoAPMsf+fe4/8AAhf/AIigA8yx/wCfe4/8CF/+IoAPMsf+fe4/8CF/+IoAmtL+3sLuG5tkvLe4gdZYpoboI6OpyrKwTIIIBBFAGn4i8a3XilIV1BppFhLvHFGYoYhI2N8hSOJVLsQu5iNzYGScUAc5QAUAFABQAUAFABQAUAFABQAUAFABQAenvxQAgORxQAtABQAUAFABQAUAdhCvg+78LW0LyyWuuJbXEsk4Emxpcv5MR4cNnEZ4WNVG/LsWAQAs6rpHgRrCVtO128+2h5GhUxGSJkDvsVsqpy0YjIZSRuZgwTAJALkdr8PNOs724D3es3cUcEkVkbmRFmY3Q82NX+zIUIgQ/M4x+9OASnIB51QAUAFABQBseDNJtdf8YaHpd7ObWyvr6C2nnVgDHG8iqzZPHAJPPFAHr/7Unwx8JfD+Xw5ceFndBem6intWuIphGsbr5bAx9ismAWyzBAW+ctkA8IoAKACgAoAKACgBSzMqjJAHpQAmG9W/M0AGG9W/M0AByO7fmaADk92/M0AGG9W/M0AGG9W/M0AHI7t+ZoAQ5P8AE3fv7UALQAUAFABQAUAFAFDVbqS2EflttyTnigDW8OeC/FXi5NLbSLQ3f9o3j2FuPNiTzJlMClBuYYJa6gAJwCXGCcHABpN8KPHiWqzyaUyJ5d/MxM8R2pZLuuSQGJGza4PrgYyeKAOPsb+ea6jR3ypzkYHoaAJtUupbeSMRvtBBzwKAN9PAHi19B0fVzbxxWGsru06aa5hjFwfPe3wNzDpLGynOAuULEB1JAMzWND13QnmS8UQywxJM6M8ZOxmwCMMc9VOByM84oAoadezT3G133Lg9qANSgAoAKACgAoAKACgClqVm92E2Y+XPU0APs73XtP06TT7XVbq30+R2le0iuXWF3MbRsxQHBJjd0JI5ViOhIoAfJqfiGZUWTWL2QJG0KbrqQ7EaIQsq88AxKsZA/gAXpxQBRs9OlguUdiu0Z6H2NAE2pWUl06FCvygg5NAF7T9f8U6RYTWNj4g1Kysprc2kttbX0scckBZ2MTKCAULSSHaeMuxx8xyAQapqPiDXM/2lq13qJIYZu7l5eDI0jD5ieC7s59WYnqc0AVbCwltp97lcYI4NAGlQAUAFABQAUAFABQAUAFABQAUAFABQAUAFABQAUAFABQAUAFABQAUAFABQAUAFABQAUAFABQAUAFABQAUAFABQAUAFABQAUAFABQAUAFABQAUAFABQAUAFABQAUAFABQAUAFABQAUAFABQAUAFABQAUAFABQAUAFABQAUAFABQAUAFABQAUAFABQAUAFABQAUAFABQAUAFABQAUAFABQAUAFABQAUAFABQAUAFABQAUAFABQAUAFABQAUAFABQBFDaa3cXNvbxaLeS3FyI2ghjt3Z5Q5AQqoGWDEgDHXNAFjU9E8SaLIkeo+HtQsJHhFwsd1aSRsYi/liQBgDtL/ID03AjrxQBWlttZhurm1k0e7S6tTKJ4DA4kiMYcy7lxkbBHJuz02NnGDQA6Wx12GJpX0O9WJYUuGkNtJtETSCNZM4xtLsEDdCxA6mgCiNQuiHP2U/IcNwfl4J5/AE/QZoAWe+u7YZltGjGSMspAyCQf1Vh9QfSgCH+2n/55r+dAB/bT/8APNfzoAP7af8A55r+dAB/bT/881/OgA/tp/8Anmv50AH9tP8A881/OgA/tp/+ea/nQAf20/8AzzX86AD+2n/55r+dAF+/+Imv6lq0d9e3cV9e26RwJcXNpDI4WMoyHJT7w2Iu7qUXYSU+WgB2r+Pdc1e2s9PvrxLm1stscKG3iXaBLcTAAqoOPMup2I6HeBjCoFAIbTxrrGnzWuoW935UpEsUSiJNsSyIUcBdu0ArxhQAO3ODQBpW3xS8WDUpb9dalN49pLpyyyRI/k28iMjRxKVxCu2RwBGF2hjt25oAp6L8UPEWm395c298DcXlvBaXLXMMc4mhtzFJDGyupBANvEMEEEAhgQSCAUb/AMQ6neacdOuLrzbMXb3Rj2KMzFVVnzjPIA4zjj1NAGXQAUAFABQAUAFABQAUAFAH/9k=","timing":6606,"timestamp":8650059799698}]}},"score":100,"weight":0,"id":"screenshot-thumbnails"},{"result":{"displayValue":"2,800 ms","score":true,"helpText":"Consider reducing the time spent parsing, compiling and executing JS.You may find delivering smaller JS payloads helps with this.","rawValue":2799.5130100250244,"extendedInfo":{"value":{"Update Layer Tree":108.97500228881836,"Layout":432.32500076293945,"Recalculate Style":503.69400215148926,"Evaluate Script":1296.8040027618408,"Animation Frame Fired":8.261001586914062,"Minor GC":82.69900131225586,"Run Microtasks":63.02199935913086,"Parse HTML":62.446001052856445,"Paint":41.383995056152344,"Compile Script":44.90999984741211,"Composite Layers":77.99400329589844,"Parse Stylesheet":76.9990005493164}},"name":"mainthread-work-breakdown","description":"Main thread work breakdown","scoringMode":"binary","informative":true,"details":{"itemHeaders":[{"itemType":"text","text":"Category","type":"text"},{"itemType":"text","text":"Work","type":"text"},{"itemType":"text","text":"Time spent","type":"text"}],"header":"View Details","type":"table","items":[[{"text":"Script Evaluation","type":"text"},{"text":"Evaluate Script","type":"text"},{"text":"1,297 ms","type":"text"}],[{"text":"Script Evaluation","type":"text"},{"text":"Run Microtasks","type":"text"},{"text":"63 ms","type":"text"}],[{"text":"Script Evaluation","type":"text"},{"text":"Animation Frame Fired","type":"text"},{"text":"8 ms","type":"text"}],[{"text":"Style & Layout","type":"text"},{"text":"Recalculate Style","type":"text"},{"text":"504 ms","type":"text"}],[{"text":"Style & Layout","type":"text"},{"text":"Layout","type":"text"},{"text":"432 ms","type":"text"}],[{"text":"Compositing","type":"text"},{"text":"Update Layer Tree","type":"text"},{"text":"109 ms","type":"text"}],[{"text":"Compositing","type":"text"},{"text":"Composite Layers","type":"text"},{"text":"78 ms","type":"text"}],[{"text":"Parsing HTML & CSS","type":"text"},{"text":"Parse Stylesheet","type":"text"},{"text":"77 ms","type":"text"}],[{"text":"Parsing HTML & CSS","type":"text"},{"text":"Parse HTML","type":"text"},{"text":"62 ms","type":"text"}],[{"text":"Garbage collection","type":"text"},{"text":"Minor GC","type":"text"},{"text":"83 ms","type":"text"}],[{"text":"Script Parsing & Compile","type":"text"},{"text":"Compile Script","type":"text"},{"text":"45 ms","type":"text"}],[{"text":"Paint","type":"text"},{"text":"Paint","type":"text"},{"text":"41 ms","type":"text"}]]}},"score":100,"weight":0,"id":"mainthread-work-breakdown","group":"perf-info"},{"result":{"displayValue":"","score":false,"helpText":"Leverage the font-display CSS feature to ensure text is user-visible while webfonts are loading. [Learn more](https://developers.google.com/web/updates/2016/02/font-display).","rawValue":false,"name":"font-display","description":"Avoid invisible text while webfonts are loading","scoringMode":"binary","details":{"itemHeaders":[{"itemType":"url","text":"Font URL","type":"text"},{"itemType":"text","text":"Font download time","type":"text"}],"header":"View Details","type":"table","items":[[{"text":"https://fonts.gstatic.com/s/roboto/v18/KFOmCnqEu92Fr1Mu4mxK.woff2","type":"url"},{"text":"884 ms","type":"text"}],[{"text":"https://fonts.gstatic.com/s/materialicons/v37/flUhRq6tzZclQEJ-Vdg-IuiaDsNc.woff2","type":"url"},{"text":"1,066 ms","type":"text"}],[{"text":"https://fonts.gstatic.com/s/roboto/v18/KFOlCnqEu92Fr1MmEU9fBBc4.woff2","type":"url"},{"text":"875 ms","type":"text"}]]}},"score":0,"weight":0,"id":"font-display","group":"perf-info"}]},{"score":30,"name":"Progressive Web App","weight":1,"description":"These checks validate the aspects of a Progressive Web App, as specified by the baseline [PWA Checklist](https://developers.google.com/web/progressive-web-apps/checklist).","id":"pwa","audits":[{"result":{"displayValue":"","score":false,"helpText":"The service worker is the technology that enables your app to use many Progressive Web App features, such as offline, add to homescreen, and push notifications. [Learn more](https://developers.google.com/web/tools/lighthouse/audits/registered-service-worker).","rawValue":false,"name":"service-worker","description":"Does not register a service worker","scoringMode":"binary"},"score":0,"weight":1,"id":"service-worker"},{"result":{"displayValue":"","score":false,"helpText":"If you're building a Progressive Web App, consider using a service worker so that your app can work offline. [Learn more](https://developers.google.com/web/tools/lighthouse/audits/http-200-when-offline).","rawValue":false,"name":"works-offline","description":"Does not respond with a 200 when offline","scoringMode":"binary"},"score":0,"weight":1,"id":"works-offline"},{"result":{"displayValue":"","score":false,"debugString":"The page body should render some content if its scripts are not available.","helpText":"Your app should display some content when JavaScript is disabled, even if it's just a warning to the user that JavaScript is required to use the app. [Learn more](https://developers.google.com/web/tools/lighthouse/audits/no-js).","rawValue":false,"name":"without-javascript","description":"Does not provide fallback content when JavaScript is not available","scoringMode":"binary"},"score":0,"weight":1,"id":"without-javascript"},{"result":{"displayValue":"","score":false,"helpText":"If you've already set up HTTPS, make sure that you redirect all HTTP traffic to HTTPS. [Learn more](https://developers.google.com/web/tools/lighthouse/audits/http-redirects-to-https).","rawValue":false,"name":"redirects-http","description":"Does not redirect HTTP traffic to HTTPS","scoringMode":"binary"},"score":0,"weight":1,"id":"redirects-http"},{"result":{"displayValue":"","score":true,"helpText":"A fast page load over a 3G network ensures a good mobile user experience. [Learn more](https://developers.google.com/web/tools/lighthouse/audits/fast-3g).","rawValue":true,"extendedInfo":{"value":{"isFast":true,"timeToFirstInteractive":6460.149,"firstRequestLatencies":[{"latency":"566.29","url":"http://web/"},{"latency":"579.72","url":"https://cdnjs.cloudflare.com/ajax/libs/Chart.js/2.7.1/Chart.min.js"},{"latency":"571.48","url":"https://unpkg.com/vue-chartjs/dist/vue-chartjs.min.js"},{"latency":"578.93","url":"https://fonts.gstatic.com/s/roboto/v18/KFOmCnqEu92Fr1Mu4mxK.woff2"}],"areLatenciesAll3G":true}},"name":"load-fast-enough-for-pwa","description":"Page load is fast enough on 3G","scoringMode":"binary"},"score":100,"weight":1,"id":"load-fast-enough-for-pwa"},{"result":{"displayValue":"","score":false,"debugString":"Failures: No manifest was fetched, Site does not register a service worker, Service worker does not successfully serve the manifest's start_url, No usable web app manifest found on page.","helpText":"Browsers can proactively prompt users to add your app to their homescreen, which can lead to higher engagement. [Learn more](https://developers.google.com/web/tools/lighthouse/audits/install-prompt).","rawValue":false,"extendedInfo":{"value":{"failures":["No manifest was fetched","Site does not register a service worker","Service worker does not successfully serve the manifest's start_url","No usable web app manifest found on page"],"warnings":["No usable web app manifest found on page"],"manifestValues":{"parseFailureReason":"No manifest was fetched","allChecks":[],"isParseFailure":true}}},"name":"webapp-install-banner","description":"User will not be prompted to Install the Web App","scoringMode":"binary"},"score":0,"weight":1,"id":"webapp-install-banner"},{"result":{"displayValue":"","score":false,"debugString":"Failures: No manifest was fetched.","helpText":"A themed splash screen ensures a high-quality experience when users launch your app from their homescreens. [Learn more](https://developers.google.com/web/tools/lighthouse/audits/custom-splash-screen).","rawValue":false,"extendedInfo":{"value":{"failures":["No manifest was fetched"],"manifestValues":{"parseFailureReason":"No manifest was fetched","allChecks":[],"isParseFailure":true}}},"name":"splash-screen","description":"Is not configured for a custom splash screen","scoringMode":"binary"},"score":0,"weight":1,"id":"splash-screen"},{"result":{"displayValue":"","score":false,"debugString":"Failures: No manifest was fetched, No `<meta name=\"theme-color\">` tag found.","helpText":"The browser address bar can be themed to match your site. [Learn more](https://developers.google.com/web/tools/lighthouse/audits/address-bar).","rawValue":false,"extendedInfo":{"value":{"failures":["No manifest was fetched","No `<meta name=\"theme-color\">` tag found"],"themeColor":null,"manifestValues":{"parseFailureReason":"No manifest was fetched","allChecks":[],"isParseFailure":true}}},"name":"themed-omnibox","description":"Address bar does not match brand colors","scoringMode":"binary"},"score":0,"weight":1,"id":"themed-omnibox"},{"result":{"displayValue":"","score":true,"debugString":"","helpText":"Add a viewport meta tag to optimize your app for mobile screens. [Learn more](https://developers.google.com/web/tools/lighthouse/audits/has-viewport-meta-tag).","rawValue":true,"name":"viewport","description":"Has a `<meta name=\"viewport\">` tag with `width` or `initial-scale`","scoringMode":"binary"},"score":100,"weight":1,"id":"viewport"},{"result":{"displayValue":"","score":true,"debugString":"","helpText":"If the width of your app's content doesn't match the width of the viewport, your app might not be optimized for mobile screens. [Learn more](https://developers.google.com/web/tools/lighthouse/audits/content-sized-correctly-for-viewport).","rawValue":true,"name":"content-width","description":"Content is sized correctly for the viewport","scoringMode":"binary"},"score":100,"weight":1,"id":"content-width"},{"result":{"displayValue":"","score":false,"helpText":"To reach the most number of users, sites should work across every major browser. [Learn more](https://developers.google.com/web/progressive-web-apps/checklist#site-works-cross-browser).","rawValue":false,"name":"pwa-cross-browser","description":"Site works cross-browser","scoringMode":"binary","informative":true,"manual":true},"score":0,"weight":0,"id":"pwa-cross-browser","group":"manual-pwa-checks"},{"result":{"displayValue":"","score":false,"helpText":"Transitions should feel snappy as you tap around, even on a slow network, a key to perceived performance. [Learn more](https://developers.google.com/web/progressive-web-apps/checklist#page-transitions-dont-feel-like-they-block-on-the-network).","rawValue":false,"name":"pwa-page-transitions","description":"Page transitions don't feel like they block on the network","scoringMode":"binary","informative":true,"manual":true},"score":0,"weight":0,"id":"pwa-page-transitions","group":"manual-pwa-checks"},{"result":{"displayValue":"","score":false,"helpText":"Ensure individual pages are deep linkable via the URLs and that URLs are unique for the purpose of shareability on social media. [Learn more](https://developers.google.com/web/progressive-web-apps/checklist#each-page-has-a-url).","rawValue":false,"name":"pwa-each-page-has-url","description":"Each page has a URL","scoringMode":"binary","informative":true,"manual":true},"score":0,"weight":0,"id":"pwa-each-page-has-url","group":"manual-pwa-checks"}]},{"score":76.71232876712328,"name":"Accessibility","description":"These checks highlight opportunities to [improve the accessibility of your web app](https://developers.google.com/web/fundamentals/accessibility). Only a subset of accessibility issues can be automatically detected so manual testing is also encouraged.","id":"accessibility","audits":[{"result":{"displayValue":"","score":false,"helpText":"Access keys let users quickly focus a part of the page. For proper navigation, each access key must be unique. [Learn more](https://dequeuniversity.com/rules/axe/2.2/accesskeys?application=lighthouse).","rawValue":false,"name":"accesskeys","description":"`[accesskey]` values are not unique","scoringMode":"binary","informative":true,"notApplicable":true},"score":100,"weight":0,"id":"accesskeys","group":"a11y-correct-attributes"},{"result":{"displayValue":"","score":true,"helpText":"Each ARIA `role` supports a specific subset of `aria-*` attributes. Mismatching these invalidates the `aria-*` attributes. [Learn more](https://dequeuniversity.com/rules/axe/2.2/aria-allowed-attr?application=lighthouse).","rawValue":true,"extendedInfo":{},"name":"aria-allowed-attr","description":"`[aria-*]` attributes match their roles","scoringMode":"binary","details":{"header":{"text":"View failing elements","type":"text"},"type":"list","items":[]}},"score":100,"weight":3,"id":"aria-allowed-attr","group":"a11y-aria"},{"result":{"displayValue":"","score":false,"helpText":"Some ARIA roles have required attributes that describe the state of the element to screen readers. [Learn more](https://dequeuniversity.com/rules/axe/2.2/aria-required-attr?application=lighthouse).","rawValue":false,"name":"aria-required-attr","description":"`[role]`s do not have all required `[aria-*]` attributes","scoringMode":"binary","informative":true,"notApplicable":true},"score":100,"weight":0,"id":"aria-required-attr","group":"a11y-aria"},{"result":{"displayValue":"","score":false,"helpText":"Some ARIA parent roles must contain specific child roles to perform their intended accessibility functions. [Learn more](https://dequeuniversity.com/rules/axe/2.2/aria-required-children?application=lighthouse).","rawValue":false,"name":"aria-required-children","description":"Elements with `[role]` that require specific children `[role]`s, are missing.","scoringMode":"binary","informative":true,"notApplicable":true},"score":100,"weight":0,"id":"aria-required-children","group":"a11y-aria"},{"result":{"displayValue":"","score":false,"helpText":"Some ARIA child roles must be contained by specific parent roles to properly perform their intended accessibility functions. [Learn more](https://dequeuniversity.com/rules/axe/2.2/aria-required-parent?application=lighthouse).","rawValue":false,"name":"aria-required-parent","description":"`[role]`s are not contained by their required parent element","scoringMode":"binary","informative":true,"notApplicable":true},"score":100,"weight":0,"id":"aria-required-parent","group":"a11y-aria"},{"result":{"displayValue":"","score":false,"helpText":"ARIA roles must have valid values in order to perform their intended accessibility functions. [Learn more](https://dequeuniversity.com/rules/axe/2.2/aria-roles?application=lighthouse).","rawValue":false,"name":"aria-roles","description":"`[role]` values are not valid","scoringMode":"binary","informative":true,"notApplicable":true},"score":100,"weight":0,"id":"aria-roles","group":"a11y-aria"},{"result":{"displayValue":"","score":true,"helpText":"Assistive technologies, like screen readers, can't interpret ARIA attributes with invalid values. [Learn more](https://dequeuniversity.com/rules/axe/2.2/aria-valid-attr-value?application=lighthouse).","rawValue":true,"extendedInfo":{},"name":"aria-valid-attr-value","description":"`[aria-*]` attributes have valid values","scoringMode":"binary","details":{"header":{"text":"View failing elements","type":"text"},"type":"list","items":[]}},"score":100,"weight":2,"id":"aria-valid-attr-value","group":"a11y-aria"},{"result":{"displayValue":"","score":true,"helpText":"Assistive technologies, like screen readers, can't interpret ARIA attributes with invalid names. [Learn more](https://dequeuniversity.com/rules/axe/2.2/aria-valid-attr?application=lighthouse).","rawValue":true,"extendedInfo":{},"name":"aria-valid-attr","description":"`[aria-*]` attributes are valid and not misspelled","scoringMode":"binary","details":{"header":{"text":"View failing elements","type":"text"},"type":"list","items":[]}},"score":100,"weight":5,"id":"aria-valid-attr","group":"a11y-aria"},{"result":{"displayValue":"","score":false,"helpText":"Captions make audio elements usable for deaf or hearing-impaired users, providing critical information such as who is talking, what they're saying, and other non-speech information. [Learn more](https://dequeuniversity.com/rules/axe/2.2/audio-caption?application=lighthouse).","rawValue":false,"name":"audio-caption","description":"`<audio>` elements are missing a `<track>` element with `[kind=\"captions\"]`.","scoringMode":"binary","informative":true,"notApplicable":true},"score":100,"weight":0,"id":"audio-caption","group":"a11y-correct-attributes"},{"result":{"displayValue":"","score":false,"helpText":"When a button doesn't have an accessible name, screen readers announce it as \"button\", making it unusable for users who rely on screen readers. [Learn more](https://dequeuniversity.com/rules/axe/2.2/button-name?application=lighthouse).","rawValue":false,"extendedInfo":{"value":{"help":"Buttons must have discernible text","nodes":[{"failureSummary":"Fix all of the following:\n  Element is in tab order and does not have accessible text\n\nFix any of the following:\n  Element has a value attribute and the value attribute is empty\n  Element has no value attribute or the value attribute is empty\n  Element does not have inner text that is visible to screen readers\n  aria-label attribute does not exist or is empty\n  aria-labelledby attribute does not exist, references elements that do not exist or references elements that are empty or not visible\n  Element's default semantics were not overridden with role=\"presentation\"\n  Element's default semantics were not overridden with role=\"none\"","snippet":"<button type=\"button\" class=\"toolbar__side-icon btn btn--icon\">","path":"1,HTML,2,BODY,0,MAIN,0,DIV,1,DIV,2,NAV,0,DIV,0,BUTTON","impact":"critical","html":"<button type=\"button\" class=\"toolbar__side-icon btn btn--icon\"><div class=\"btn__content\"><i aria-hidden=\"true\" class=\"icon material-icons\">menu<\/i><\/div><\/button>","target":[".toolbar__side-icon"]},{"failureSummary":"Fix all of the following:\n  Element is in tab order and does not have accessible text\n\nFix any of the following:\n  Element has a value attribute and the value attribute is empty\n  Element has no value attribute or the value attribute is empty\n  Element does not have inner text that is visible to screen readers\n  aria-label attribute does not exist or is empty\n  aria-labelledby attribute does not exist, references elements that do not exist or references elements that are empty or not visible\n  Element's default semantics were not overridden with role=\"presentation\"\n  Element's default semantics were not overridden with role=\"none\"","snippet":"<button type=\"button\" class=\"btn btn--icon\">","path":"1,HTML,2,BODY,0,MAIN,0,DIV,1,DIV,2,NAV,0,DIV,4,SPAN,0,SPAN,0,BUTTON","impact":"critical","html":"<button type=\"button\" class=\"btn btn--icon\"><div class=\"btn__content\"><i aria-hidden=\"true\" class=\"icon fa fa-sign-out\"><\/i><\/div><\/button>","target":["span > .btn--icon"]}],"impact":"critical","description":"Ensures buttons have discernible text","helpUrl":"https://dequeuniversity.com/rules/axe/3.0/button-name?application=axeAPI","id":"button-name","tags":["cat.name-role-value","wcag2a","wcag412","section508","section508.22.a"]}},"name":"button-name","description":"Buttons do not have an accessible name","scoringMode":"binary","details":{"header":{"text":"View failing elements","type":"text"},"type":"list","items":[{"snippet":"<button type=\"button\" class=\"toolbar__side-icon btn btn--icon\">","path":"1,HTML,2,BODY,0,MAIN,0,DIV,1,DIV,2,NAV,0,DIV,0,BUTTON","selector":".toolbar__side-icon","type":"node"},{"snippet":"<button type=\"button\" class=\"btn btn--icon\">","path":"1,HTML,2,BODY,0,MAIN,0,DIV,1,DIV,2,NAV,0,DIV,4,SPAN,0,SPAN,0,BUTTON","selector":"span > .btn--icon","type":"node"}]}},"score":0,"weight":10,"id":"button-name","group":"a11y-element-names"},{"result":{"displayValue":"","score":true,"helpText":"Adding ways to bypass repetitive content lets keyboard users navigate the page more efficiently. [Learn more](https://dequeuniversity.com/rules/axe/2.2/bypass?application=lighthouse).","rawValue":true,"extendedInfo":{},"name":"bypass","description":"The page contains a heading, skip link, or landmark region","scoringMode":"binary","details":{"header":{"text":"View failing elements","type":"text"},"type":"list","items":[]}},"score":100,"weight":10,"id":"bypass","group":"a11y-describe-contents"},{"result":{"displayValue":"","score":true,"helpText":"Low-contrast text is difficult or impossible for many users to read. [Learn more](https://dequeuniversity.com/rules/axe/2.2/color-contrast?application=lighthouse).","rawValue":true,"extendedInfo":{},"name":"color-contrast","description":"Background and foreground colors have a sufficient contrast ratio","scoringMode":"binary","details":{"header":{"text":"View failing elements","type":"text"},"type":"list","items":[]}},"score":100,"weight":6,"id":"color-contrast","group":"a11y-color-contrast"},{"result":{"displayValue":"","score":false,"helpText":"When definition lists are not properly marked up, screen readers may produce confusing or inaccurate output. [Learn more](https://dequeuniversity.com/rules/axe/2.2/definition-list?application=lighthouse).","rawValue":false,"name":"definition-list","description":"`<dl>`'s do not contain only properly-ordered `<dt>` and `<dd>` groups, `<script>` or `<template>` elements.","scoringMode":"binary","informative":true,"notApplicable":true},"score":100,"weight":0,"id":"definition-list","group":"a11y-well-structured"},{"result":{"displayValue":"","score":false,"helpText":"Definition list items (`<dt>` and `<dd>`) must be wrapped in a parent `<dl>` element to ensure that screen readers can properly announce them. [Learn more](https://dequeuniversity.com/rules/axe/2.2/dlitem?application=lighthouse).","rawValue":false,"name":"dlitem","description":"Definition list items are not wrapped in `<dl>` elements","scoringMode":"binary","informative":true,"notApplicable":true},"score":100,"weight":0,"id":"dlitem","group":"a11y-well-structured"},{"result":{"displayValue":"","score":true,"helpText":"The title gives screen reader users an overview of the page, and search engine users rely on it heavily to determine if a page is relevant to their search. [Learn more](https://developers.google.com/web/tools/lighthouse/audits/title).","rawValue":true,"extendedInfo":{},"name":"document-title","description":"Document has a `<title>` element","scoringMode":"binary","details":{"header":{"text":"View failing elements","type":"text"},"type":"list","items":[]}},"score":100,"weight":2,"id":"document-title","group":"a11y-describe-contents"},{"result":{"displayValue":"","score":true,"helpText":"The value of an id attribute must be unique to prevent other instances from being overlooked by assistive technologies. [Learn more](https://dequeuniversity.com/rules/axe/2.2/duplicate-id?application=lighthouse).","rawValue":true,"extendedInfo":{},"name":"duplicate-id","description":"`[id]` attributes on the page are unique","scoringMode":"binary","details":{"header":{"text":"View failing elements","type":"text"},"type":"list","items":[]}},"score":100,"weight":5,"id":"duplicate-id","group":"a11y-well-structured"},{"result":{"displayValue":"","score":false,"helpText":"Screen reader users rely on frame titles to describe the contents of frames. [Learn more](https://dequeuniversity.com/rules/axe/2.2/frame-title?application=lighthouse).","rawValue":false,"name":"frame-title","description":"`<frame>` or `<iframe>` elements do not have a title","scoringMode":"binary","informative":true,"notApplicable":true},"score":100,"weight":0,"id":"frame-title","group":"a11y-describe-contents"},{"result":{"displayValue":"","score":false,"helpText":"If a page doesn't specify a lang attribute, a screen reader assumes that the page is in the default language that the user chose when setting up the screen reader. If the page isn't actually in the default language, then the screen reader might not announce the page's text correctly. [Learn more](https://dequeuniversity.com/rules/axe/2.2/html-lang?application=lighthouse).","rawValue":false,"extendedInfo":{"value":{"help":"<html> element must have a lang attribute","nodes":[{"failureSummary":"Fix any of the following:\n  The <html> element does not have a lang attribute","snippet":"<html>","path":"1,HTML","impact":"serious","html":"<html>","target":["html"]}],"impact":"serious","description":"Ensures every HTML document has a lang attribute","helpUrl":"https://dequeuniversity.com/rules/axe/3.0/html-has-lang?application=axeAPI","id":"html-has-lang","tags":["cat.language","wcag2a","wcag311"]}},"name":"html-has-lang","description":"`<html>` element does not have a `[lang]` attribute","scoringMode":"binary","details":{"header":{"text":"View failing elements","type":"text"},"type":"list","items":[{"snippet":"<html>","path":"1,HTML","selector":"html","type":"node"}]}},"score":0,"weight":4,"id":"html-has-lang","group":"a11y-language"},{"result":{"displayValue":"","score":false,"helpText":"Specifying a valid [BCP 47 language](https://www.w3.org/International/questions/qa-choosing-language-tags#question) helps screen readers announce text properly. [Learn more](https://dequeuniversity.com/rules/axe/2.2/valid-lang?application=lighthouse).","rawValue":false,"name":"html-lang-valid","description":"`<html>` element does not have a valid value for its `[lang]` attribute.","scoringMode":"binary","informative":true,"notApplicable":true},"score":100,"weight":0,"id":"html-lang-valid","group":"a11y-language"},{"result":{"displayValue":"","score":false,"helpText":"Informative elements should aim for short, descriptive alternate text. Decorative elements can be ignored with an empty alt attribute.[Learn more](https://dequeuniversity.com/rules/axe/2.2/image-alt?application=lighthouse).","rawValue":false,"name":"image-alt","description":"Image elements do not have `[alt]` attributes","scoringMode":"binary","informative":true,"notApplicable":true},"score":100,"weight":0,"id":"image-alt","group":"a11y-correct-attributes"},{"result":{"displayValue":"","score":false,"helpText":"When an image is being used as an `<input>` button, providing alternative text can help screen reader users understand the purpose of the button. [Learn more](https://dequeuniversity.com/rules/axe/2.2/input-image-alt?application=lighthouse).","rawValue":false,"name":"input-image-alt","description":"`<input type=\"image\">` elements do not have `[alt]` text","scoringMode":"binary","informative":true,"notApplicable":true},"score":100,"weight":0,"id":"input-image-alt","group":"a11y-correct-attributes"},{"result":{"displayValue":"","score":true,"helpText":"Labels ensure that form controls are announced properly by assistive technologies, like screen readers. [Learn more](https://dequeuniversity.com/rules/axe/2.2/label?application=lighthouse).","rawValue":true,"extendedInfo":{},"name":"label","description":"Form elements have associated labels","scoringMode":"binary","details":{"header":{"text":"View failing elements","type":"text"},"type":"list","items":[]}},"score":100,"weight":10,"id":"label","group":"a11y-describe-contents"},{"result":{"displayValue":"","score":false,"helpText":"A table being used for layout purposes should not include data elements, such as the th or caption elements or the summary attribute, because this can create a confusing experience for screen reader users. [Learn more](https://dequeuniversity.com/rules/axe/2.2/layout-table?application=lighthouse).","rawValue":false,"name":"layout-table","description":"Presentational `<table>` elements do not avoid using `<th>`, `<caption>` or the `[summary]` attribute.","scoringMode":"binary","informative":true,"notApplicable":true},"score":100,"weight":0,"id":"layout-table","group":"a11y-describe-contents"},{"result":{"displayValue":"","score":true,"helpText":"Link text (and alternate text for images, when used as links) that is discernible, unique, and focusable improves the navigation experience for screen reader users. [Learn more](https://dequeuniversity.com/rules/axe/2.2/link-name?application=lighthouse).","rawValue":true,"extendedInfo":{},"name":"link-name","description":"Links have a discernible name","scoringMode":"binary","details":{"header":{"text":"View failing elements","type":"text"},"type":"list","items":[]}},"score":100,"weight":9,"id":"link-name","group":"a11y-element-names"},{"result":{"displayValue":"","score":false,"helpText":"Screen readers have a specific way of announcing lists. Ensuring proper list structure aids screen reader output. [Learn more](https://dequeuniversity.com/rules/axe/2.2/list?application=lighthouse).","rawValue":false,"name":"list","description":"Lists do not contain only `<li>` elements and script supporting elements (`<script>` and `<template>`).","scoringMode":"binary","informative":true,"notApplicable":true},"score":100,"weight":0,"id":"list","group":"a11y-well-structured"},{"result":{"displayValue":"","score":false,"helpText":"Screen readers require list items (`<li>`) to be contained within a parent `<ul>` or `<ol>` to be announced properly. [Learn more](https://dequeuniversity.com/rules/axe/2.2/listitem?application=lighthouse).","rawValue":false,"name":"listitem","description":"List items (`<li>`) are not contained within `<ul>` or `<ol>` parent elements.","scoringMode":"binary","informative":true,"notApplicable":true},"score":100,"weight":0,"id":"listitem","group":"a11y-well-structured"},{"result":{"displayValue":"","score":false,"helpText":"Users do not expect a page to refresh automatically, and doing so will move focus back to the top of the page. This may create a frustrating or confusing experience. [Learn more](https://dequeuniversity.com/rules/axe/2.2/meta-refresh?application=lighthouse).","rawValue":false,"name":"meta-refresh","description":"The document uses `<meta http-equiv=\"refresh\">`","scoringMode":"binary","informative":true,"notApplicable":true},"score":100,"weight":0,"id":"meta-refresh","group":"a11y-meta"},{"result":{"displayValue":"","score":false,"helpText":"Disabling zooming is problematic for users with low vision who rely on screen magnification to properly see the contents of a web page. [Learn more](https://dequeuniversity.com/rules/axe/2.2/meta-viewport?application=lighthouse).","rawValue":false,"extendedInfo":{"value":{"help":"Zooming and scaling must not be disabled","nodes":[{"failureSummary":"Fix any of the following:\n  <meta> tag disables zooming on mobile devices","snippet":"<meta name=\"viewport\" content=\"width=device-width,initial-scale=1,maximum-scale=1,minimum-scale=1,user-scalable=no\">","path":"1,HTML,1,HEAD,1,META","impact":"critical","html":"<meta name=\"viewport\" content=\"width=device-width,initial-scale=1,maximum-scale=1,minimum-scale=1,user-scalable=no\">","target":["meta[name=\"viewport\"]"]}],"impact":"critical","description":"Ensures <meta name=\"viewport\"> does not disable text scaling and zooming","helpUrl":"https://dequeuniversity.com/rules/axe/3.0/meta-viewport?application=axeAPI","id":"meta-viewport","tags":["cat.sensory-and-visual-cues","wcag2aa","wcag144"]}},"name":"meta-viewport","description":"`[user-scalable=\"no\"]` is used in the `<meta name=\"viewport\">` element or the `[maximum-scale]` attribute is less than 5.","scoringMode":"binary","details":{"header":{"text":"View failing elements","type":"text"},"type":"list","items":[{"snippet":"<meta name=\"viewport\" content=\"width=device-width,initial-scale=1,maximum-scale=1,minimum-scale=1,user-scalable=no\">","path":"1,HTML,1,HEAD,1,META","selector":"meta[name=\"viewport\"]","type":"node"}]}},"score":0,"weight":3,"id":"meta-viewport","group":"a11y-meta"},{"result":{"displayValue":"","score":false,"helpText":"Screen readers cannot translate non-text content. Adding alt text to `<object>` elements helps screen readers convey meaning to users. [Learn more](https://dequeuniversity.com/rules/axe/2.2/object-alt?application=lighthouse).","rawValue":false,"name":"object-alt","description":"`<object>` elements do not have `[alt]` text","scoringMode":"binary","informative":true,"notApplicable":true},"score":100,"weight":0,"id":"object-alt","group":"a11y-describe-contents"},{"result":{"displayValue":"","score":true,"helpText":"A value greater than 0 implies an explicit navigation ordering. Although technically valid, this often creates frustrating experiences for users who rely on assistive technologies. [Learn more](https://dequeuniversity.com/rules/axe/2.2/tabindex?application=lighthouse).","rawValue":true,"extendedInfo":{},"name":"tabindex","description":"No element has a `[tabindex]` value greater than 0","scoringMode":"binary","details":{"header":{"text":"View failing elements","type":"text"},"type":"list","items":[]}},"score":100,"weight":4,"id":"tabindex","group":"a11y-correct-attributes"},{"result":{"displayValue":"","score":false,"helpText":"Screen readers have features to make navigating tables easier. Ensuring `<td>` cells using the `[headers]` attribute only refer to other cells in the same table may improve the experience for screen reader users. [Learn more](https://dequeuniversity.com/rules/axe/2.2/td-headers-attr?application=lighthouse).","rawValue":false,"name":"td-headers-attr","description":"Cells in a `<table>` element that use the `[headers]` attribute refers to other cells of that same table.","scoringMode":"binary","informative":true,"notApplicable":true},"score":100,"weight":0,"id":"td-headers-attr","group":"a11y-correct-attributes"},{"result":{"displayValue":"","score":false,"helpText":"Screen readers have features to make navigating tables easier. Ensuring table headers always refer to some set of cells may improve the experience for screen reader users. [Learn more](https://dequeuniversity.com/rules/axe/2.2/th-has-data-cells?application=lighthouse).","rawValue":false,"name":"th-has-data-cells","description":"`<th>` elements and elements with `[role=\"columnheader\"/\"rowheader\"]` do not have data cells they describe.","scoringMode":"binary","informative":true,"notApplicable":true},"score":100,"weight":0,"id":"th-has-data-cells","group":"a11y-correct-attributes"},{"result":{"displayValue":"","score":false,"helpText":"Specifying a valid [BCP 47 language](https://www.w3.org/International/questions/qa-choosing-language-tags#question) on elements helps ensure that text is pronounced correctly by a screen reader. [Learn more](https://dequeuniversity.com/rules/axe/2.2/valid-lang?application=lighthouse).","rawValue":false,"name":"valid-lang","description":"`[lang]` attributes do not have a valid value","scoringMode":"binary","informative":true,"notApplicable":true},"score":100,"weight":0,"id":"valid-lang","group":"a11y-language"},{"result":{"displayValue":"","score":false,"helpText":"When a video provides a caption it is easier for deaf and hearing impaired users to access its information. [Learn more](https://dequeuniversity.com/rules/axe/2.2/video-caption?application=lighthouse).","rawValue":false,"name":"video-caption","description":"`<video>` elements do not contain a `<track>` element with `[kind=\"captions\"]`.","scoringMode":"binary","informative":true,"notApplicable":true},"score":100,"weight":0,"id":"video-caption","group":"a11y-describe-contents"},{"result":{"displayValue":"","score":false,"helpText":"Audio descriptions provide relevant information for videos that dialogue cannot, such as facial expressions and scenes. [Learn more](https://dequeuniversity.com/rules/axe/2.2/video-description?application=lighthouse).","rawValue":false,"name":"video-description","description":"`<video>` elements do not contain a `<track>` element with `[kind=\"description\"]`.","scoringMode":"binary","informative":true,"notApplicable":true},"score":100,"weight":0,"id":"video-description","group":"a11y-describe-contents"},{"result":{"displayValue":"","score":false,"helpText":"Tabbing through the page follows the visual layout. Users cannot focus elements that are offscreen. [Learn more](https://developers.google.com/web/fundamentals/accessibility/how-to-review#start_with_the_keyboard).","rawValue":false,"name":"logical-tab-order","description":"The page has a logical tab order","scoringMode":"binary","informative":true,"manual":true},"score":0,"weight":0,"id":"logical-tab-order","group":"manual-a11y-checks"},{"result":{"displayValue":"","score":false,"helpText":"Custom interactive controls are keyboard focusable and display a focus indicator. [Learn more](https://developers.google.com/web/fundamentals/accessibility/how-to-review#start_with_the_keyboard).","rawValue":false,"name":"focusable-controls","description":"Interactive controls are keyboard focusable","scoringMode":"binary","informative":true,"manual":true},"score":0,"weight":0,"id":"focusable-controls","group":"manual-a11y-checks"},{"result":{"displayValue":"","score":false,"helpText":"If new content, such as a dialog, is added to the page, the user's focus is directed to it. [Learn more](https://developers.google.com/web/fundamentals/accessibility/how-to-review#start_with_the_keyboard).","rawValue":false,"name":"managed-focus","description":"The user's focus is directed to new content added to the page","scoringMode":"binary","informative":true,"manual":true},"score":0,"weight":0,"id":"managed-focus","group":"manual-a11y-checks"},{"result":{"displayValue":"","score":false,"helpText":"A user can tab into and out of any control or region without accidentally trapping their focus. [Learn more](https://developers.google.com/web/fundamentals/accessibility/how-to-review#start_with_the_keyboard).","rawValue":false,"name":"focus-traps","description":"User focus is not accidentally trapped in a region","scoringMode":"binary","informative":true,"manual":true},"score":0,"weight":0,"id":"focus-traps","group":"manual-a11y-checks"},{"result":{"displayValue":"","score":false,"helpText":"Custom interactive controls have associated labels, provided by aria-label or aria-labelledby. [Learn more](https://developers.google.com/web/fundamentals/accessibility/how-to-review#try_it_with_a_screen_reader).","rawValue":false,"name":"custom-controls-labels","description":"Custom controls have associated labels","scoringMode":"binary","informative":true,"manual":true},"score":0,"weight":0,"id":"custom-controls-labels","group":"manual-a11y-checks"},{"result":{"displayValue":"","score":false,"helpText":"Custom interactive controls have appropriate ARIA roles. [Learn more](https://developers.google.com/web/fundamentals/accessibility/how-to-review#try_it_with_a_screen_reader).","rawValue":false,"name":"custom-controls-roles","description":"Custom controls have ARIA roles","scoringMode":"binary","informative":true,"manual":true},"score":0,"weight":0,"id":"custom-controls-roles","group":"manual-a11y-checks"},{"result":{"displayValue":"","score":false,"helpText":"DOM order matches the visual order, improving navigation for assistive technology. [Learn more](https://developers.google.com/web/fundamentals/accessibility/how-to-review#try_it_with_a_screen_reader).","rawValue":false,"name":"visual-order-follows-dom","description":"Visual order on the page follows DOM order","scoringMode":"binary","informative":true,"manual":true},"score":0,"weight":0,"id":"visual-order-follows-dom","group":"manual-a11y-checks"},{"result":{"displayValue":"","score":false,"helpText":"Offscreen content is hidden with display: none or aria-hidden=true. [Learn more](https://developers.google.com/web/fundamentals/accessibility/how-to-review#try_it_with_a_screen_reader).","rawValue":false,"name":"offscreen-content-hidden","description":"Offscreen content is hidden from assistive technology","scoringMode":"binary","informative":true,"manual":true},"score":0,"weight":0,"id":"offscreen-content-hidden","group":"manual-a11y-checks"},{"result":{"displayValue":"","score":false,"helpText":"Headings are used to create an outline for the page and heading levels are not skipped. [Learn more](https://developers.google.com/web/fundamentals/accessibility/how-to-review#take_advantage_of_headings_and_landmarks).","rawValue":false,"name":"heading-levels","description":"Headings don't skip levels","scoringMode":"binary","informative":true,"manual":true},"score":0,"weight":0,"id":"heading-levels","group":"manual-a11y-checks"},{"result":{"displayValue":"","score":false,"helpText":"Landmark elements (<main>, <nav>, etc.) are used to improve the keyboard navigation of the page for assistive technology. [Learn more](https://developers.google.com/web/fundamentals/accessibility/how-to-review#take_advantage_of_headings_and_landmarks).","rawValue":false,"name":"use-landmarks","description":"HTML5 landmark elements are used to improve navigation","scoringMode":"binary","informative":true,"manual":true},"score":0,"weight":0,"id":"use-landmarks","group":"manual-a11y-checks"}]},{"score":86.66666666666667,"name":"Best Practices","description":"We've compiled some recommendations for modernizing your web app and avoiding performance pitfalls.","id":"best-practices","audits":[{"result":{"displayValue":"","score":true,"debugString":"","helpText":"Application Cache is deprecated. [Learn more](https://developers.google.com/web/tools/lighthouse/audits/appcache).","rawValue":true,"name":"appcache-manifest","description":"Avoids Application Cache","scoringMode":"binary"},"score":100,"weight":1,"id":"appcache-manifest"},{"result":{"displayValue":"","score":true,"debugString":"","helpText":"Web SQL is deprecated. Consider using IndexedDB instead. [Learn more](https://developers.google.com/web/tools/lighthouse/audits/web-sql).","rawValue":true,"name":"no-websql","description":"Avoids WebSQL DB","scoringMode":"binary"},"score":100,"weight":1,"id":"no-websql"},{"result":{"displayValue":"5 requests were not handled over HTTP/2","score":false,"helpText":"HTTP/2 offers many benefits over HTTP/1.1, including binary headers, multiplexing, and server push. [Learn more](https://developers.google.com/web/tools/lighthouse/audits/http2).","rawValue":false,"extendedInfo":{"value":{"results":[{"protocol":"http/1.1","url":"http://web/"},{"protocol":"http/1.1","url":"http://web/static/js/manifest.9f020e973ae4037504f6.js"},{"protocol":"http/1.1","url":"http://web/static/js/vendor.d1efda22f11e965a5228.js"},{"protocol":"http/1.1","url":"http://web/static/js/app.310cd52123c59f9f64a5.js"},{"protocol":"http/1.1","url":"http://web/static/css/app.a1bcfeb0daa2a3f727390086fd42ee9d.css"}]}},"name":"uses-http2","description":"Does not use HTTP/2 for all of its resources","scoringMode":"binary","details":{"itemHeaders":[{"itemType":"url","text":"URL","type":"text"},{"itemType":"text","text":"Protocol","type":"text"}],"header":"View Details","type":"table","items":[[{"text":"http://web/","type":"url"},{"text":"http/1.1","type":"text"}],[{"text":"http://web/static/js/manifest.9f020e973ae4037504f6.js","type":"url"},{"text":"http/1.1","type":"text"}],[{"text":"http://web/static/js/vendor.d1efda22f11e965a5228.js","type":"url"},{"text":"http/1.1","type":"text"}],[{"text":"http://web/static/js/app.310cd52123c59f9f64a5.js","type":"url"},{"text":"http/1.1","type":"text"}],[{"text":"http://web/static/css/app.a1bcfeb0daa2a3f727390086fd42ee9d.css","type":"url"},{"text":"http/1.1","type":"text"}]]}},"score":0,"weight":1,"id":"uses-http2"},{"result":{"displayValue":"","score":true,"helpText":"Consider marking your touch and wheel event listeners as `passive` to improve your page's scroll performance. [Learn more](https://developers.google.com/web/tools/lighthouse/audits/passive-event-listeners).","rawValue":true,"extendedInfo":{"value":[]},"name":"uses-passive-event-listeners","description":"Uses passive listeners to improve scrolling performance","scoringMode":"binary","details":{"itemHeaders":[{"itemType":"url","text":"URL","type":"text"},{"itemType":"text","text":"Location","type":"text"}],"header":"View Details","type":"table","items":[]}},"score":100,"weight":1,"id":"uses-passive-event-listeners"},{"result":{"displayValue":"","score":true,"helpText":"Mutation Events are deprecated and harm performance. Consider using Mutation Observers instead. [Learn more](https://developers.google.com/web/tools/lighthouse/audits/mutation-events).","rawValue":true,"extendedInfo":{"value":{"results":[]}},"name":"no-mutation-events","description":"Avoids Mutation Events in its own scripts","scoringMode":"binary","details":{"itemHeaders":[{"itemType":"url","text":"URL","type":"text"},{"itemType":"code","text":"Event","type":"text"},{"itemType":"text","text":"Line","type":"text"},{"itemType":"text","text":"Col","type":"text"},{"itemType":"code","text":"Snippet","type":"text"}],"header":"View Details","type":"table","items":[]}},"score":100,"weight":1,"id":"no-mutation-events"},{"result":{"displayValue":"","score":true,"helpText":"For users on slow connections, external scripts dynamically injected via `document.write()` can delay page load by tens of seconds. [Learn more](https://developers.google.com/web/tools/lighthouse/audits/document-write).","rawValue":true,"extendedInfo":{"value":[]},"name":"no-document-write","description":"Avoids `document.write()`","scoringMode":"binary","details":{"itemHeaders":[{"itemType":"url","text":"URL","type":"text"},{"itemType":"text","text":"Location","type":"text"}],"header":"View Details","type":"table","items":[]}},"score":100,"weight":1,"id":"no-document-write"},{"result":{"displayValue":"","score":true,"helpText":"Open new tabs using `rel=\"noopener\"` to improve performance and prevent security vulnerabilities. [Learn more](https://developers.google.com/web/tools/lighthouse/audits/noopener).","rawValue":true,"extendedInfo":{"value":[]},"name":"external-anchors-use-rel-noopener","description":"Opens external anchors using `rel=\"noopener\"`","scoringMode":"binary","details":{"itemHeaders":[{"itemType":"url","text":"URL","type":"text"},{"itemType":"text","text":"Target","type":"text"},{"itemType":"text","text":"Rel","type":"text"}],"header":"View Details","type":"table","items":[]}},"score":100,"weight":1,"id":"external-anchors-use-rel-noopener"},{"result":{"displayValue":"","score":true,"helpText":"Users are mistrustful of or confused by sites that request their location without context. Consider tying the request to user gestures instead. [Learn more](https://developers.google.com/web/tools/lighthouse/audits/geolocation-on-load).","rawValue":true,"extendedInfo":{"value":[]},"name":"geolocation-on-start","description":"Avoids requesting the geolocation permission on page load","scoringMode":"binary","details":{"itemHeaders":[{"itemType":"url","text":"URL","type":"text"},{"itemType":"text","text":"Location","type":"text"}],"header":"View Details","type":"table","items":[]}},"score":100,"weight":1,"id":"geolocation-on-start"},{"result":{"displayValue":"","score":true,"helpText":"Some third-party scripts may contain known security vulnerabilities  that are easily identified and exploited by attackers.","rawValue":true,"name":"no-vulnerable-libraries","description":"Avoids front-end JavaScript libraries with known security vulnerabilities","scoringMode":"binary"},"score":100,"weight":1,"id":"no-vulnerable-libraries"},{"result":{"displayValue":"","score":true,"helpText":"Users are mistrustful of or confused by sites that request to send notifications without context. Consider tying the request to user gestures instead. [Learn more](https://developers.google.com/web/tools/lighthouse/audits/notifications-on-load).","rawValue":true,"extendedInfo":{"value":[]},"name":"notification-on-start","description":"Avoids requesting the notification permission on page load","scoringMode":"binary","details":{"itemHeaders":[{"itemType":"url","text":"URL","type":"text"},{"itemType":"text","text":"Location","type":"text"}],"header":"View Details","type":"table","items":[]}},"score":100,"weight":1,"id":"notification-on-start"},{"result":{"displayValue":"","score":true,"helpText":"Deprecated APIs will eventually be removed from the browser. [Learn more](https://www.chromestatus.com/features#deprecated).","rawValue":true,"extendedInfo":{"value":[]},"name":"deprecations","description":"Avoids deprecated APIs","scoringMode":"binary","details":{"itemHeaders":[{"itemType":"code","text":"Deprecation / Warning","type":"text"},{"itemType":"url","text":"URL","type":"text"},{"itemType":"text","text":"Line","type":"text"}],"header":"View Details","type":"table","items":[]}},"score":100,"weight":1,"id":"deprecations"},{"result":{"displayValue":"","score":false,"helpText":"Make your app's `short_name` fewer than 12 characters to ensure that it's not truncated on homescreens. [Learn more](https://developers.google.com/web/tools/lighthouse/audits/manifest-short_name-is-not-truncated).","rawValue":false,"name":"manifest-short-name-length","description":"Manifest's `short_name` will be truncated when displayed on homescreen","scoringMode":"binary"},"score":0,"weight":1,"id":"manifest-short-name-length"},{"result":{"displayValue":"","score":true,"helpText":"Preventing password pasting undermines good security policy. [Learn more](https://www.ncsc.gov.uk/blog-post/let-them-paste-passwords)","rawValue":true,"extendedInfo":{"value":[]},"name":"password-inputs-can-be-pasted-into","description":"Allows users to paste into password fields","scoringMode":"binary","details":{"header":{"text":"Password inputs that prevent pasting into","type":"text"},"type":"list","items":[]}},"score":100,"weight":1,"id":"password-inputs-can-be-pasted-into"},{"result":{"displayValue":"","score":true,"helpText":"Errors logged to the console indicate unresolved problems. They can come from network request failures and other browser concerns.","rawValue":0,"name":"errors-in-console","description":"No browser errors logged to the console","scoringMode":"binary","details":{"itemHeaders":[{"itemType":"url","text":"URL","type":"text"},{"itemType":"code","text":"Description","type":"text"}],"header":"View Details","type":"table","items":[]}},"score":100,"weight":1,"id":"errors-in-console"},{"result":{"displayValue":"","score":true,"helpText":"Image display dimensions should match natural aspect ratio.","rawValue":true,"name":"image-aspect-ratio","description":"Displays images with correct aspect ratio","scoringMode":"binary","details":{"itemHeaders":[{"itemType":"thumbnail","text":"","type":"text"},{"itemType":"url","text":"URL","type":"text"},{"itemType":"text","text":"Aspect Ratio (Displayed)","type":"text"},{"itemType":"text","text":"Aspect Ratio (Actual)","type":"text"}],"header":"View Details","type":"table","items":[]}},"score":100,"weight":1,"id":"image-aspect-ratio"}]},{"score":50,"name":"SEO","description":"These checks ensure that your page is optimized for search engine results ranking. There are additional factors Lighthouse does not check that may affect your search ranking. [Learn more](https://support.google.com/webmasters/answer/35769).","id":"seo","audits":[{"result":{"displayValue":"","score":true,"debugString":"","helpText":"Add a viewport meta tag to optimize your app for mobile screens. [Learn more](https://developers.google.com/web/tools/lighthouse/audits/has-viewport-meta-tag).","rawValue":true,"name":"viewport","description":"Has a `<meta name=\"viewport\">` tag with `width` or `initial-scale`","scoringMode":"binary"},"score":100,"weight":1,"id":"viewport","group":"seo-mobile"},{"result":{"displayValue":"","score":true,"helpText":"The title gives screen reader users an overview of the page, and search engine users rely on it heavily to determine if a page is relevant to their search. [Learn more](https://developers.google.com/web/tools/lighthouse/audits/title).","rawValue":true,"extendedInfo":{},"name":"document-title","description":"Document has a `<title>` element","scoringMode":"binary","details":{"header":{"text":"View failing elements","type":"text"},"type":"list","items":[]}},"score":100,"weight":1,"id":"document-title","group":"seo-content"},{"result":{"displayValue":"","score":false,"helpText":"Meta descriptions may be included in search results to concisely summarize page content. [Learn more](https://developers.google.com/web/tools/lighthouse/audits/description).","rawValue":false,"name":"meta-description","description":"Document does not have a meta description","scoringMode":"binary"},"score":0,"weight":1,"id":"meta-description","group":"seo-content"},{"result":{"displayValue":"","score":null,"debugString":"Audit error: Unable to identify the main resource","helpText":"Pages with unsuccessful HTTP status codes may not be indexed properly. [Learn more](https://developers.google.com/web/tools/lighthouse/audits/successful-http-code).","rawValue":null,"name":"http-status-code","description":"Page has unsuccessful HTTP status code","scoringMode":"binary","error":true},"score":0,"weight":1,"id":"http-status-code","group":"seo-crawl"},{"result":{"displayValue":"","score":true,"helpText":"Descriptive link text helps search engines understand your content. [Learn more](https://developers.google.com/web/tools/lighthouse/audits/descriptive-link-text).","rawValue":true,"name":"link-text","description":"Links have descriptive text","scoringMode":"binary","details":{"itemHeaders":[{"itemType":"url","text":"Link destination","type":"text"},{"itemType":"text","text":"Link Text","type":"text"}],"header":"View Details","type":"table","items":[]}},"score":100,"weight":1,"id":"link-text","group":"seo-content"},{"result":{"displayValue":"","score":null,"debugString":"Audit error: Unable to identify the main resource","helpText":"Search engines are unable to include your pages in search results if they don't have permission to crawl them. [Learn more](https://developers.google.com/web/tools/lighthouse/audits/indexing).","rawValue":null,"name":"is-crawlable","description":"Page is blocked from indexing","scoringMode":"binary","error":true},"score":0,"weight":1,"id":"is-crawlable","group":"seo-crawl"},{"result":{"displayValue":"","score":null,"debugString":"Audit error: Unable to identify the main resource","helpText":"hreflang allows crawlers to discover alternate translations of the page content. [Learn more](https://support.google.com/webmasters/answer/189077).","rawValue":null,"name":"hreflang","description":"Document doesn't have a valid `hreflang`","scoringMode":"binary","error":true},"score":0,"weight":1,"id":"hreflang","group":"seo-content"},{"result":{"displayValue":"","score":null,"debugString":"Audit error: Unable to identify the main resource","helpText":"Canonical links suggest which URL to show in search results. [Learn more](https://developers.google.com/web/tools/lighthouse/audits/canonical).","rawValue":null,"name":"canonical","description":"Document does not have a valid `rel=canonical`","scoringMode":"binary","error":true},"score":0,"weight":1,"id":"canonical","group":"seo-content"},{"result":{"displayValue":"","score":true,"debugString":null,"helpText":"Font sizes less than 12px are too small to be legible and require mobile visitors to \u201cpinch to zoom\u201d in order to read. Strive to have >60% of page text ≥12px. [Learn more](https://developers.google.com/web/tools/lighthouse/audits/font-sizes).","rawValue":true,"name":"font-size","description":"Document uses legible font sizes","scoringMode":"binary","details":{"itemHeaders":[{"itemType":"url","text":"Source","type":"text"},{"itemType":"code","text":"Selector","type":"text"},{"itemType":"text","text":"% of Page Text","type":"text"},{"itemType":"text","text":"Font Size","type":"text"}],"header":"View Details","type":"table","items":[[{"text":"Legible text","type":"url"},{"text":null,"type":"code"},{"text":"100.00%","type":"text"},{"text":"≥ 12px","type":"text"}]]}},"score":100,"weight":1,"id":"font-size","group":"seo-mobile"},{"result":{"displayValue":"","score":true,"helpText":"Most mobile devices do not support plugins, and many desktop browsers restrict them.","rawValue":true,"name":"plugins","description":"Document avoids plugins","scoringMode":"binary","details":{"itemHeaders":[{"itemType":"code","text":"Element source","type":"text"}],"header":"View Details","type":"table","items":[]}},"score":100,"weight":1,"id":"plugins","group":"seo-content"},{"result":{"displayValue":"","score":false,"helpText":"Take the [Mobile-Friendly Test](https://search.google.com/test/mobile-friendly) to check for audits not covered by Lighthouse, like sizing tap targets appropriately. [Learn more](https://developers.google.com/search/mobile-sites/).","rawValue":false,"name":"mobile-friendly","description":"Page is mobile friendly","scoringMode":"binary","informative":true,"manual":true},"score":0,"weight":0,"id":"mobile-friendly","group":"manual-seo-checks"},{"result":{"displayValue":"","score":false,"helpText":"Run the [Structured Data Testing Tool](https://search.google.com/structured-data/testing-tool/) and the [Structured Data Linter](http://linter.structured-data.org/) to validate structured data. [Learn more](https://developers.google.com/search/docs/guides/mark-up-content).","rawValue":false,"name":"structured-data","description":"Structured data is valid","scoringMode":"binary","informative":true,"manual":true},"score":0,"weight":0,"id":"structured-data","group":"manual-seo-checks"}]}],"timing":{"total":19151},"reportGroups":{"a11y-color-contrast":{"description":"These are opportunities to improve the legibility of your content.","title":"Color Contrast Is Satisfactory"},"perf-metric":{"description":"These metrics encapsulate your web app's performance across a number of dimensions.","title":"Metrics"},"a11y-aria":{"description":"These are opportunities to improve the usage of ARIA in your application which may enhance the experience for users of assistive technology, like a screen reader.","title":"ARIA Attributes Follow Best Practices"},"a11y-element-names":{"description":"These are opportunities to improve the semantics of the controls in your application. This may enhance the experience for users of assistive technology, like a screen reader.","title":"Elements Have Discernible Names"},"a11y-well-structured":{"description":"These are opportunities to make sure your HTML is appropriately structured.","title":"Elements Are Well Structured"},"seo-content":{"description":"Format your HTML in a way that enables crawlers to better understand your app\u2019s content.","title":"Content Best Practices"},"a11y-correct-attributes":{"description":"These are opportunities to improve the configuration of your HTML elements.","title":"Elements Use Attributes Correctly"},"perf-hint":{"description":"These are opportunities to speed up your application by optimizing the following resources.","title":"Opportunities"},"seo-crawl":{"description":"To appear in search results, crawlers need access to your app.","title":"Crawling and Indexing"},"a11y-describe-contents":{"description":"These are opportunities to make your content easier to understand for a user of assistive technology, like a screen reader.","title":"Elements Describe Contents Well"},"a11y-language":{"description":"These are opportunities to improve the interpretation of your content by users in different locales.","title":"Page Specifies Valid Language"},"manual-a11y-checks":{"description":"These items address areas which an automated testing tool cannot cover. Learn more in our guide on [conducting an accessibility review](https://developers.google.com/web/fundamentals/accessibility/how-to-review).","title":"Additional items to manually check"},"seo-mobile":{"description":"Make sure your pages are mobile friendly so users don\u2019t have to pinch or zoom in order to read the content pages. [Learn more](https://developers.google.com/search/mobile-sites/).","title":"Mobile Friendly"},"perf-info":{"description":"More information about the performance of your application.","title":"Diagnostics"},"manual-pwa-checks":{"description":"These checks are required by the baseline [PWA Checklist](https://developers.google.com/web/progressive-web-apps/checklist) but are not automatically checked by Lighthouse. They do not affect your score but it's important that you verify them manually.","title":"Additional items to manually check"},"a11y-meta":{"description":"These are opportunities to improve the user experience of your site.","title":"Meta Tags Used Properly"},"manual-seo-checks":{"description":"Run these additional validators on your site to check additional SEO best practices.","title":"Additional items to manually check"}},"runWarnings":[],"userAgent":"Mozilla/5.0 (X11; Linux x86_64) AppleWebKit/537.36 (KHTML, like Gecko) HeadlessChrome/69.0.3458.0 Safari/537.36","runtimeConfig":{"blockedUrlPatterns":[],"environment":[{"name":"Device Emulation","description":"Nexus 5X","enabled":true},{"name":"Network Throttling","description":"562.5ms RTT, 1.4Mbps down, 0.7Mbps up","enabled":true},{"name":"CPU Throttling","description":"4x slowdown","enabled":true}],"extraHeaders":{}},"lighthouseVersion":"2.9.4","audits":{"plugins":{"displayValue":"","score":true,"helpText":"Most mobile devices do not support plugins, and many desktop browsers restrict them.","rawValue":true,"name":"plugins","description":"Document avoids plugins","scoringMode":"binary","details":{"itemHeaders":[{"itemType":"code","text":"Element source","type":"text"}],"header":"View Details","type":"table","items":[]}},"aria-required-parent":{"displayValue":"","score":false,"helpText":"Some ARIA child roles must be contained by specific parent roles to properly perform their intended accessibility functions. [Learn more](https://dequeuniversity.com/rules/axe/2.2/aria-required-parent?application=lighthouse).","rawValue":false,"name":"aria-required-parent","description":"`[role]`s are not contained by their required parent element","scoringMode":"binary","informative":true,"notApplicable":true},"custom-controls-labels":{"displayValue":"","score":false,"helpText":"Custom interactive controls have associated labels, provided by aria-label or aria-labelledby. [Learn more](https://developers.google.com/web/fundamentals/accessibility/how-to-review#try_it_with_a_screen_reader).","rawValue":false,"name":"custom-controls-labels","description":"Custom controls have associated labels","scoringMode":"binary","informative":true,"manual":true},"link-name":{"displayValue":"","score":true,"helpText":"Link text (and alternate text for images, when used as links) that is discernible, unique, and focusable improves the navigation experience for screen reader users. [Learn more](https://dequeuniversity.com/rules/axe/2.2/link-name?application=lighthouse).","rawValue":true,"extendedInfo":{},"name":"link-name","description":"Links have a discernible name","scoringMode":"binary","details":{"header":{"text":"View failing elements","type":"text"},"type":"list","items":[]}},"offscreen-images":{"displayValue":"","score":100,"helpText":"Consider lazy-loading offscreen and hidden images to improve page load speed and time to interactive. [Learn more](https://developers.google.com/web/tools/lighthouse/audits/offscreen-images).","rawValue":0,"extendedInfo":{"value":{"wastedKb":0,"wastedMs":0,"results":[]}},"name":"offscreen-images","description":"Offscreen images","scoringMode":"binary","informative":true,"details":{"itemHeaders":[{"itemType":"thumbnail","text":"","type":"text"},{"itemType":"url","text":"URL","type":"text"},{"itemType":"text","text":"Original","type":"text"},{"itemType":"text","text":"Potential Savings","type":"text"}],"header":"View Details","type":"table","items":[]}},"first-interactive":{"displayValue":"6,460 ms","score":71,"helpText":"First Interactive marks the time at which the page is minimally interactive. [Learn more](https://developers.google.com/web/tools/lighthouse/audits/first-interactive).","rawValue":6460.149,"extendedInfo":{"value":{"timeInMs":6460.149,"timestamp":8650059653847}},"name":"first-interactive","description":"First Interactive (beta)","scoringMode":"numeric"},"button-name":{"displayValue":"","score":false,"helpText":"When a button doesn't have an accessible name, screen readers announce it as \"button\", making it unusable for users who rely on screen readers. [Learn more](https://dequeuniversity.com/rules/axe/2.2/button-name?application=lighthouse).","rawValue":false,"extendedInfo":{"value":{"help":"Buttons must have discernible text","nodes":[{"failureSummary":"Fix all of the following:\n  Element is in tab order and does not have accessible text\n\nFix any of the following:\n  Element has a value attribute and the value attribute is empty\n  Element has no value attribute or the value attribute is empty\n  Element does not have inner text that is visible to screen readers\n  aria-label attribute does not exist or is empty\n  aria-labelledby attribute does not exist, references elements that do not exist or references elements that are empty or not visible\n  Element's default semantics were not overridden with role=\"presentation\"\n  Element's default semantics were not overridden with role=\"none\"","snippet":"<button type=\"button\" class=\"toolbar__side-icon btn btn--icon\">","path":"1,HTML,2,BODY,0,MAIN,0,DIV,1,DIV,2,NAV,0,DIV,0,BUTTON","impact":"critical","html":"<button type=\"button\" class=\"toolbar__side-icon btn btn--icon\"><div class=\"btn__content\"><i aria-hidden=\"true\" class=\"icon material-icons\">menu<\/i><\/div><\/button>","target":[".toolbar__side-icon"]},{"failureSummary":"Fix all of the following:\n  Element is in tab order and does not have accessible text\n\nFix any of the following:\n  Element has a value attribute and the value attribute is empty\n  Element has no value attribute or the value attribute is empty\n  Element does not have inner text that is visible to screen readers\n  aria-label attribute does not exist or is empty\n  aria-labelledby attribute does not exist, references elements that do not exist or references elements that are empty or not visible\n  Element's default semantics were not overridden with role=\"presentation\"\n  Element's default semantics were not overridden with role=\"none\"","snippet":"<button type=\"button\" class=\"btn btn--icon\">","path":"1,HTML,2,BODY,0,MAIN,0,DIV,1,DIV,2,NAV,0,DIV,4,SPAN,0,SPAN,0,BUTTON","impact":"critical","html":"<button type=\"button\" class=\"btn btn--icon\"><div class=\"btn__content\"><i aria-hidden=\"true\" class=\"icon fa fa-sign-out\"><\/i><\/div><\/button>","target":["span > .btn--icon"]}],"impact":"critical","description":"Ensures buttons have discernible text","helpUrl":"https://dequeuniversity.com/rules/axe/3.0/button-name?application=axeAPI","id":"button-name","tags":["cat.name-role-value","wcag2a","wcag412","section508","section508.22.a"]}},"name":"button-name","description":"Buttons do not have an accessible name","scoringMode":"binary","details":{"header":{"text":"View failing elements","type":"text"},"type":"list","items":[{"snippet":"<button type=\"button\" class=\"toolbar__side-icon btn btn--icon\">","path":"1,HTML,2,BODY,0,MAIN,0,DIV,1,DIV,2,NAV,0,DIV,0,BUTTON","selector":".toolbar__side-icon","type":"node"},{"snippet":"<button type=\"button\" class=\"btn btn--icon\">","path":"1,HTML,2,BODY,0,MAIN,0,DIV,1,DIV,2,NAV,0,DIV,4,SPAN,0,SPAN,0,BUTTON","selector":"span > .btn--icon","type":"node"}]}},"unminified-css":{"displayValue":"","score":100,"helpText":"Minifying CSS files can reduce network payload sizes. [Learn more](https://developers.google.com/speed/docs/insights/MinifyResources).","rawValue":0,"extendedInfo":{"value":{"wastedKb":0,"wastedMs":0,"results":[]}},"name":"unminified-css","description":"Minify CSS","scoringMode":"binary","informative":true,"details":{"itemHeaders":[{"itemType":"url","text":"URL","type":"text"},{"itemType":"text","text":"Original","type":"text"},{"itemType":"text","text":"Potential Savings","type":"text"}],"header":"View Details","type":"table","items":[]}},"input-image-alt":{"displayValue":"","score":false,"helpText":"When an image is being used as an `<input>` button, providing alternative text can help screen reader users understand the purpose of the button. [Learn more](https://dequeuniversity.com/rules/axe/2.2/input-image-alt?application=lighthouse).","rawValue":false,"name":"input-image-alt","description":"`<input type=\"image\">` elements do not have `[alt]` text","scoringMode":"binary","informative":true,"notApplicable":true},"uses-http2":{"displayValue":"5 requests were not handled over HTTP/2","score":false,"helpText":"HTTP/2 offers many benefits over HTTP/1.1, including binary headers, multiplexing, and server push. [Learn more](https://developers.google.com/web/tools/lighthouse/audits/http2).","rawValue":false,"extendedInfo":{"value":{"results":[{"protocol":"http/1.1","url":"http://web/"},{"protocol":"http/1.1","url":"http://web/static/js/manifest.9f020e973ae4037504f6.js"},{"protocol":"http/1.1","url":"http://web/static/js/vendor.d1efda22f11e965a5228.js"},{"protocol":"http/1.1","url":"http://web/static/js/app.310cd52123c59f9f64a5.js"},{"protocol":"http/1.1","url":"http://web/static/css/app.a1bcfeb0daa2a3f727390086fd42ee9d.css"}]}},"name":"uses-http2","description":"Does not use HTTP/2 for all of its resources","scoringMode":"binary","details":{"itemHeaders":[{"itemType":"url","text":"URL","type":"text"},{"itemType":"text","text":"Protocol","type":"text"}],"header":"View Details","type":"table","items":[[{"text":"http://web/","type":"url"},{"text":"http/1.1","type":"text"}],[{"text":"http://web/static/js/manifest.9f020e973ae4037504f6.js","type":"url"},{"text":"http/1.1","type":"text"}],[{"text":"http://web/static/js/vendor.d1efda22f11e965a5228.js","type":"url"},{"text":"http/1.1","type":"text"}],[{"text":"http://web/static/js/app.310cd52123c59f9f64a5.js","type":"url"},{"text":"http/1.1","type":"text"}],[{"text":"http://web/static/css/app.a1bcfeb0daa2a3f727390086fd42ee9d.css","type":"url"},{"text":"http/1.1","type":"text"}]]}},"th-has-data-cells":{"displayValue":"","score":false,"helpText":"Screen readers have features to make navigating tables easier. Ensuring table headers always refer to some set of cells may improve the experience for screen reader users. [Learn more](https://dequeuniversity.com/rules/axe/2.2/th-has-data-cells?application=lighthouse).","rawValue":false,"name":"th-has-data-cells","description":"`<th>` elements and elements with `[role=\"columnheader\"/\"rowheader\"]` do not have data cells they describe.","scoringMode":"binary","informative":true,"notApplicable":true},"tabindex":{"displayValue":"","score":true,"helpText":"A value greater than 0 implies an explicit navigation ordering. Although technically valid, this often creates frustrating experiences for users who rely on assistive technologies. [Learn more](https://dequeuniversity.com/rules/axe/2.2/tabindex?application=lighthouse).","rawValue":true,"extendedInfo":{},"name":"tabindex","description":"No element has a `[tabindex]` value greater than 0","scoringMode":"binary","details":{"header":{"text":"View failing elements","type":"text"},"type":"list","items":[]}},"uses-long-cache-ttl":{"displayValue":"0 assets found","score":100,"helpText":"A long cache lifetime can speed up repeat visits to your page. [Learn more](https://developers.google.com/web/fundamentals/performance/optimizing-content-efficiency/http-caching#cache-control).","rawValue":0,"extendedInfo":{"value":{"queryStringCount":0,"results":[]}},"name":"uses-long-cache-ttl","description":"Uses efficient cache policy on static assets","scoringMode":"numeric","details":{"itemHeaders":[{"itemType":"url","text":"URL","type":"text"},{"itemType":"text","text":"Cache TTL","type":"text"},{"itemType":"text","text":"Size (KB)","type":"text"}],"header":"View Details","type":"table","items":[]}},"without-javascript":{"displayValue":"","score":false,"debugString":"The page body should render some content if its scripts are not available.","helpText":"Your app should display some content when JavaScript is disabled, even if it's just a warning to the user that JavaScript is required to use the app. [Learn more](https://developers.google.com/web/tools/lighthouse/audits/no-js).","rawValue":false,"name":"without-javascript","description":"Does not provide fallback content when JavaScript is not available","scoringMode":"binary"},"uses-responsive-images":{"displayValue":"","score":100,"helpText":"Serve images that are appropriately-sized to save cellular data and improve load time. [Learn more](https://developers.google.com/web/tools/lighthouse/audits/oversized-images).","rawValue":0,"extendedInfo":{"value":{"wastedKb":0,"wastedMs":0,"results":[]}},"name":"uses-responsive-images","description":"Properly size images","scoringMode":"binary","informative":true,"details":{"itemHeaders":[{"itemType":"thumbnail","text":"","type":"text"},{"itemType":"url","text":"URL","type":"text"},{"itemType":"text","text":"Original","type":"text"},{"itemType":"text","text":"Potential Savings","type":"text"}],"header":"View Details","type":"table","items":[]}},"frame-title":{"displayValue":"","score":false,"helpText":"Screen reader users rely on frame titles to describe the contents of frames. [Learn more](https://dequeuniversity.com/rules/axe/2.2/frame-title?application=lighthouse).","rawValue":false,"name":"frame-title","description":"`<frame>` or `<iframe>` elements do not have a title","scoringMode":"binary","informative":true,"notApplicable":true},"link-blocking-first-paint":{"displayValue":"","score":100,"helpText":"External stylesheets are blocking the first paint of your page. Consider delivering critical CSS via `<style>` tags and deferring non-critical styles. [Learn more](https://developers.google.com/web/tools/lighthouse/audits/blocking-resources).","rawValue":0,"extendedInfo":{"value":{"wastedMs":"0 ms","results":[]}},"name":"link-blocking-first-paint","description":"Reduce render-blocking stylesheets","scoringMode":"binary","informative":true,"details":{"itemHeaders":[{"itemType":"url","text":"URL","type":"text"},{"itemType":"text","text":"Size (KB)","type":"text"},{"itemType":"text","text":"Delayed Paint By (ms)","type":"text"}],"header":"View Details","type":"table","items":[]}},"mobile-friendly":{"displayValue":"","score":false,"helpText":"Take the [Mobile-Friendly Test](https://search.google.com/test/mobile-friendly) to check for audits not covered by Lighthouse, like sizing tap targets appropriately. [Learn more](https://developers.google.com/search/mobile-sites/).","rawValue":false,"name":"mobile-friendly","description":"Page is mobile friendly","scoringMode":"binary","informative":true,"manual":true},"script-blocking-first-paint":{"displayValue":"","score":100,"helpText":"Script elements are blocking the first paint of your page. Consider inlining critical scripts and deferring non-critical ones. [Learn more](https://developers.google.com/web/tools/lighthouse/audits/blocking-resources).","rawValue":0,"extendedInfo":{"value":{"wastedMs":"0 ms","results":[]}},"name":"script-blocking-first-paint","description":"Reduce render-blocking scripts","scoringMode":"binary","informative":true,"details":{"itemHeaders":[{"itemType":"url","text":"URL","type":"text"},{"itemType":"text","text":"Size (KB)","type":"text"},{"itemType":"text","text":"Delayed Paint By (ms)","type":"text"}],"header":"View Details","type":"table","items":[]}},"managed-focus":{"displayValue":"","score":false,"helpText":"If new content, such as a dialog, is added to the page, the user's focus is directed to it. [Learn more](https://developers.google.com/web/fundamentals/accessibility/how-to-review#start_with_the_keyboard).","rawValue":false,"name":"managed-focus","description":"The user's focus is directed to new content added to the page","scoringMode":"binary","informative":true,"manual":true},"pwa-cross-browser":{"displayValue":"","score":false,"helpText":"To reach the most number of users, sites should work across every major browser. [Learn more](https://developers.google.com/web/progressive-web-apps/checklist#site-works-cross-browser).","rawValue":false,"name":"pwa-cross-browser","description":"Site works cross-browser","scoringMode":"binary","informative":true,"manual":true},"time-to-first-byte":{"displayValue":"","score":null,"debugString":"Audit error: Cannot read property '_timing' of undefined","helpText":"Time To First Byte identifies the time at which your server sends a response. [Learn more](https://developers.google.com/web/tools/chrome-devtools/network-performance/issues).","rawValue":null,"name":"time-to-first-byte","description":"Keep server response times low (TTFB)","scoringMode":"binary","informative":true,"error":true},"video-description":{"displayValue":"","score":false,"helpText":"Audio descriptions provide relevant information for videos that dialogue cannot, such as facial expressions and scenes. [Learn more](https://dequeuniversity.com/rules/axe/2.2/video-description?application=lighthouse).","rawValue":false,"name":"video-description","description":"`<video>` elements do not contain a `<track>` element with `[kind=\"description\"]`.","scoringMode":"binary","informative":true,"notApplicable":true},"document-title":{"displayValue":"","score":true,"helpText":"The title gives screen reader users an overview of the page, and search engine users rely on it heavily to determine if a page is relevant to their search. [Learn more](https://developers.google.com/web/tools/lighthouse/audits/title).","rawValue":true,"extendedInfo":{},"name":"document-title","description":"Document has a `<title>` element","scoringMode":"binary","details":{"header":{"text":"View failing elements","type":"text"},"type":"list","items":[]}},"external-anchors-use-rel-noopener":{"displayValue":"","score":true,"helpText":"Open new tabs using `rel=\"noopener\"` to improve performance and prevent security vulnerabilities. [Learn more](https://developers.google.com/web/tools/lighthouse/audits/noopener).","rawValue":true,"extendedInfo":{"value":[]},"name":"external-anchors-use-rel-noopener","description":"Opens external anchors using `rel=\"noopener\"`","scoringMode":"binary","details":{"itemHeaders":[{"itemType":"url","text":"URL","type":"text"},{"itemType":"text","text":"Target","type":"text"},{"itemType":"text","text":"Rel","type":"text"}],"header":"View Details","type":"table","items":[]}},"total-byte-weight":{"displayValue":"Total size was 400 KB","score":100,"helpText":"Large network payloads cost users real money and are highly correlated with long load times. [Learn more](https://developers.google.com/web/tools/lighthouse/audits/network-payloads).","rawValue":409855,"extendedInfo":{"value":{"totalCompletedRequests":11,"results":[{"totalKb":"227 KB","totalMs":"1,240 ms","totalBytes":232785,"url":"http://web/static/js/vendor.d1efda22f11e965a5228.js"},{"totalKb":"48 KB","totalMs":"260 ms","totalBytes":49163,"url":"https://fonts.gstatic.com/s/materialicons/v37/flUhRq6tzZclQEJ-Vdg-IuiaDsNc.woff2"},{"totalKb":"46 KB","totalMs":"250 ms","totalBytes":47366,"url":"https://cdnjs.cloudflare.com/ajax/libs/Chart.js/2.7.1/Chart.min.js"},{"totalKb":"32 KB","totalMs":"170 ms","totalBytes":32261,"url":"http://web/static/css/app.a1bcfeb0daa2a3f727390086fd42ee9d.css"},{"totalKb":"15 KB","totalMs":"80 ms","totalBytes":15817,"url":"https://fonts.gstatic.com/s/roboto/v18/KFOlCnqEu92Fr1MmEU9fBBc4.woff2"},{"totalKb":"15 KB","totalMs":"80 ms","totalBytes":15461,"url":"https://fonts.gstatic.com/s/roboto/v18/KFOmCnqEu92Fr1Mu4mxK.woff2"},{"totalKb":"12 KB","totalMs":"70 ms","totalBytes":12691,"url":"http://web/static/js/app.310cd52123c59f9f64a5.js"},{"totalKb":"1 KB","totalMs":"10 ms","totalBytes":1524,"url":"https://unpkg.com/vue-chartjs@3.3.2/dist/vue-chartjs.min.js"},{"totalKb":"1 KB","totalMs":"10 ms","totalBytes":1211,"url":"http://web/"},{"totalKb":"1 KB","totalMs":"10 ms","totalBytes":1171,"url":"http://web/static/js/manifest.9f020e973ae4037504f6.js"}]}},"name":"total-byte-weight","description":"Avoids enormous network payloads","scoringMode":"numeric","details":{"itemHeaders":[{"itemType":"url","text":"URL","type":"text"},{"itemType":"text","text":"Total Size","type":"text"},{"itemType":"text","text":"Transfer Time","type":"text"}],"header":"View Details","type":"table","items":[[{"text":"http://web/static/js/vendor.d1efda22f11e965a5228.js","type":"url"},{"text":"227 KB","type":"text"},{"text":"1,240 ms","type":"text"}],[{"text":"https://fonts.gstatic.com/s/materialicons/v37/flUhRq6tzZclQEJ-Vdg-IuiaDsNc.woff2","type":"url"},{"text":"48 KB","type":"text"},{"text":"260 ms","type":"text"}],[{"text":"https://cdnjs.cloudflare.com/ajax/libs/Chart.js/2.7.1/Chart.min.js","type":"url"},{"text":"46 KB","type":"text"},{"text":"250 ms","type":"text"}],[{"text":"http://web/static/css/app.a1bcfeb0daa2a3f727390086fd42ee9d.css","type":"url"},{"text":"32 KB","type":"text"},{"text":"170 ms","type":"text"}],[{"text":"https://fonts.gstatic.com/s/roboto/v18/KFOlCnqEu92Fr1MmEU9fBBc4.woff2","type":"url"},{"text":"15 KB","type":"text"},{"text":"80 ms","type":"text"}],[{"text":"https://fonts.gstatic.com/s/roboto/v18/KFOmCnqEu92Fr1Mu4mxK.woff2","type":"url"},{"text":"15 KB","type":"text"},{"text":"80 ms","type":"text"}],[{"text":"http://web/static/js/app.310cd52123c59f9f64a5.js","type":"url"},{"text":"12 KB","type":"text"},{"text":"70 ms","type":"text"}],[{"text":"https://unpkg.com/vue-chartjs@3.3.2/dist/vue-chartjs.min.js","type":"url"},{"text":"1 KB","type":"text"},{"text":"10 ms","type":"text"}],[{"text":"http://web/","type":"url"},{"text":"1 KB","type":"text"},{"text":"10 ms","type":"text"}],[{"text":"http://web/static/js/manifest.9f020e973ae4037504f6.js","type":"url"},{"text":"1 KB","type":"text"},{"text":"10 ms","type":"text"}]]}},"logical-tab-order":{"displayValue":"","score":false,"helpText":"Tabbing through the page follows the visual layout. Users cannot focus elements that are offscreen. [Learn more](https://developers.google.com/web/fundamentals/accessibility/how-to-review#start_with_the_keyboard).","rawValue":false,"name":"logical-tab-order","description":"The page has a logical tab order","scoringMode":"binary","informative":true,"manual":true},"meta-refresh":{"displayValue":"","score":false,"helpText":"Users do not expect a page to refresh automatically, and doing so will move focus back to the top of the page. This may create a frustrating or confusing experience. [Learn more](https://dequeuniversity.com/rules/axe/2.2/meta-refresh?application=lighthouse).","rawValue":false,"name":"meta-refresh","description":"The document uses `<meta http-equiv=\"refresh\">`","scoringMode":"binary","informative":true,"notApplicable":true},"deprecations":{"displayValue":"","score":true,"helpText":"Deprecated APIs will eventually be removed from the browser. [Learn more](https://www.chromestatus.com/features#deprecated).","rawValue":true,"extendedInfo":{"value":[]},"name":"deprecations","description":"Avoids deprecated APIs","scoringMode":"binary","details":{"itemHeaders":[{"itemType":"code","text":"Deprecation / Warning","type":"text"},{"itemType":"url","text":"URL","type":"text"},{"itemType":"text","text":"Line","type":"text"}],"header":"View Details","type":"table","items":[]}},"network-requests":{"displayValue":"11","score":100,"helpText":"Lists the network requests that were made during page load.","rawValue":11,"extendedInfo":{"value":[{"transferSize":1211,"startTime":0,"endTime":638.9249991625547,"mimeType":"text/html","url":"http://web/","statusCode":200,"resourceType":"document"},{"transferSize":1171,"startTime":755.621999502182,"endTime":1328.4680005162954,"mimeType":"application/javascript","url":"http://web/static/js/manifest.9f020e973ae4037504f6.js","statusCode":200,"resourceType":"script"},{"transferSize":232785,"startTime":755.7720001786947,"endTime":2917.8979992866516,"mimeType":"application/javascript","url":"http://web/static/js/vendor.d1efda22f11e965a5228.js","statusCode":200,"resourceType":"script"},{"transferSize":12691,"startTime":755.9009995311499,"endTime":1470.6410001963377,"mimeType":"application/javascript","url":"http://web/static/js/app.310cd52123c59f9f64a5.js","statusCode":200,"resourceType":"script"},{"transferSize":47366,"startTime":790.370000526309,"endTime":2162.829000502825,"mimeType":"application/javascript","url":"https://cdnjs.cloudflare.com/ajax/libs/Chart.js/2.7.1/Chart.min.js","statusCode":200,"resourceType":"script"},{"transferSize":405,"startTime":790.8159997314215,"endTime":1663.72200101614,"mimeType":"text/plain","url":"https://unpkg.com/vue-chartjs/dist/vue-chartjs.min.js","statusCode":302},{"transferSize":1524,"startTime":1664.8290008306503,"endTime":2258.2770008593798,"mimeType":"application/javascript","url":"https://unpkg.com/vue-chartjs@3.3.2/dist/vue-chartjs.min.js","statusCode":200,"resourceType":"script"},{"transferSize":32261,"startTime":4527.456000447273,"endTime":5278.87500077486,"mimeType":"text/css","url":"http://web/static/css/app.a1bcfeb0daa2a3f727390086fd42ee9d.css","statusCode":200,"resourceType":"stylesheet"},{"transferSize":15461,"startTime":5458.613000810146,"endTime":6342.342000454664,"mimeType":"font/woff2","url":"https://fonts.gstatic.com/s/roboto/v18/KFOmCnqEu92Fr1Mu4mxK.woff2","statusCode":200,"resourceType":"font"},{"transferSize":49163,"startTime":5458.761001005769,"endTime":6524.431999772787,"mimeType":"font/woff2","url":"https://fonts.gstatic.com/s/materialicons/v37/flUhRq6tzZclQEJ-Vdg-IuiaDsNc.woff2","statusCode":200,"resourceType":"font"},{"transferSize":15817,"startTime":5458.878999575973,"endTime":6334.002999588847,"mimeType":"font/woff2","url":"https://fonts.gstatic.com/s/roboto/v18/KFOlCnqEu92Fr1MmEU9fBBc4.woff2","statusCode":200,"resourceType":"font"}]},"name":"network-requests","description":"Network Requests","scoringMode":"binary","informative":true,"details":{"itemHeaders":[{"itemType":"url","text":"URL","type":"text"},{"itemType":"ms","text":"Start Time","type":"text"},{"itemType":"ms","text":"End Time","type":"text"},{"itemType":"bytes","text":"Transfer Size","type":"text"},{"itemType":"text","text":"Status Code","type":"text"},{"itemType":"text","text":"MIME Type","type":"text"},{"itemType":"text","text":"Resource Type","type":"text"}],"header":"View Details","type":"table","items":[[{"text":"http://web/","type":"url"},{"text":0,"type":"ms"},{"text":638.9249991625547,"type":"ms"},{"text":1211,"type":"bytes"},{"text":200,"type":"text"},{"text":"text/html","type":"text"},{"text":"document","type":"text"}],[{"text":"http://web/static/js/manifest.9f020e973ae4037504f6.js","type":"url"},{"text":755.621999502182,"type":"ms"},{"text":1328.4680005162954,"type":"ms"},{"text":1171,"type":"bytes"},{"text":200,"type":"text"},{"text":"application/javascript","type":"text"},{"text":"script","type":"text"}],[{"text":"http://web/static/js/vendor.d1efda22f11e965a5228.js","type":"url"},{"text":755.7720001786947,"type":"ms"},{"text":2917.8979992866516,"type":"ms"},{"text":232785,"type":"bytes"},{"text":200,"type":"text"},{"text":"application/javascript","type":"text"},{"text":"script","type":"text"}],[{"text":"http://web/static/js/app.310cd52123c59f9f64a5.js","type":"url"},{"text":755.9009995311499,"type":"ms"},{"text":1470.6410001963377,"type":"ms"},{"text":12691,"type":"bytes"},{"text":200,"type":"text"},{"text":"application/javascript","type":"text"},{"text":"script","type":"text"}],[{"text":"https://cdnjs.cloudflare.com/ajax/libs/Chart.js/2.7.1/Chart.min.js","type":"url"},{"text":790.370000526309,"type":"ms"},{"text":2162.829000502825,"type":"ms"},{"text":47366,"type":"bytes"},{"text":200,"type":"text"},{"text":"application/javascript","type":"text"},{"text":"script","type":"text"}],[{"text":"https://unpkg.com/vue-chartjs/dist/vue-chartjs.min.js","type":"url"},{"text":790.8159997314215,"type":"ms"},{"text":1663.72200101614,"type":"ms"},{"text":405,"type":"bytes"},{"text":302,"type":"text"},{"text":"text/plain","type":"text"},{"type":"text"}],[{"text":"https://unpkg.com/vue-chartjs@3.3.2/dist/vue-chartjs.min.js","type":"url"},{"text":1664.8290008306503,"type":"ms"},{"text":2258.2770008593798,"type":"ms"},{"text":1524,"type":"bytes"},{"text":200,"type":"text"},{"text":"application/javascript","type":"text"},{"text":"script","type":"text"}],[{"text":"http://web/static/css/app.a1bcfeb0daa2a3f727390086fd42ee9d.css","type":"url"},{"text":4527.456000447273,"type":"ms"},{"text":5278.87500077486,"type":"ms"},{"text":32261,"type":"bytes"},{"text":200,"type":"text"},{"text":"text/css","type":"text"},{"text":"stylesheet","type":"text"}],[{"text":"https://fonts.gstatic.com/s/roboto/v18/KFOmCnqEu92Fr1Mu4mxK.woff2","type":"url"},{"text":5458.613000810146,"type":"ms"},{"text":6342.342000454664,"type":"ms"},{"text":15461,"type":"bytes"},{"text":200,"type":"text"},{"text":"font/woff2","type":"text"},{"text":"font","type":"text"}],[{"text":"https://fonts.gstatic.com/s/materialicons/v37/flUhRq6tzZclQEJ-Vdg-IuiaDsNc.woff2","type":"url"},{"text":5458.761001005769,"type":"ms"},{"text":6524.431999772787,"type":"ms"},{"text":49163,"type":"bytes"},{"text":200,"type":"text"},{"text":"font/woff2","type":"text"},{"text":"font","type":"text"}],[{"text":"https://fonts.gstatic.com/s/roboto/v18/KFOlCnqEu92Fr1MmEU9fBBc4.woff2","type":"url"},{"text":5458.878999575973,"type":"ms"},{"text":6334.002999588847,"type":"ms"},{"text":15817,"type":"bytes"},{"text":200,"type":"text"},{"text":"font/woff2","type":"text"},{"text":"font","type":"text"}]]}},"link-text":{"displayValue":"","score":true,"helpText":"Descriptive link text helps search engines understand your content. [Learn more](https://developers.google.com/web/tools/lighthouse/audits/descriptive-link-text).","rawValue":true,"name":"link-text","description":"Links have descriptive text","scoringMode":"binary","details":{"itemHeaders":[{"itemType":"url","text":"Link destination","type":"text"},{"itemType":"text","text":"Link Text","type":"text"}],"header":"View Details","type":"table","items":[]}},"uses-rel-preload":{"displayValue":"","score":null,"debugString":"Audit error: Unable to identify the main resource","helpText":"Consider using <link rel=preload> to prioritize fetching late-discovered resources sooner [Learn more](https://developers.google.com/web/updates/2016/03/link-rel-preload).","rawValue":null,"name":"uses-rel-preload","description":"Preload key requests","scoringMode":"numeric","informative":true,"error":true},"dlitem":{"displayValue":"","score":false,"helpText":"Definition list items (`<dt>` and `<dd>`) must be wrapped in a parent `<dl>` element to ensure that screen readers can properly announce them. [Learn more](https://dequeuniversity.com/rules/axe/2.2/dlitem?application=lighthouse).","rawValue":false,"name":"dlitem","description":"Definition list items are not wrapped in `<dl>` elements","scoringMode":"binary","informative":true,"notApplicable":true},"uses-optimized-images":{"displayValue":"","score":100,"helpText":"Optimized images load faster and consume less cellular data. [Learn more](https://developers.google.com/web/tools/lighthouse/audits/optimize-images).","rawValue":0,"extendedInfo":{"value":{"wastedKb":0,"wastedMs":0,"results":[]}},"name":"uses-optimized-images","description":"Optimize images","scoringMode":"binary","informative":true,"details":{"itemHeaders":[{"itemType":"thumbnail","text":"","type":"text"},{"itemType":"url","text":"URL","type":"text"},{"itemType":"text","text":"Original","type":"text"},{"itemType":"text","text":"Potential Savings","type":"text"}],"header":"View Details","type":"table","items":[]}},"errors-in-console":{"displayValue":"","score":true,"helpText":"Errors logged to the console indicate unresolved problems. They can come from network request failures and other browser concerns.","rawValue":0,"name":"errors-in-console","description":"No browser errors logged to the console","scoringMode":"binary","details":{"itemHeaders":[{"itemType":"url","text":"URL","type":"text"},{"itemType":"code","text":"Description","type":"text"}],"header":"View Details","type":"table","items":[]}},"video-caption":{"displayValue":"","score":false,"helpText":"When a video provides a caption it is easier for deaf and hearing impaired users to access its information. [Learn more](https://dequeuniversity.com/rules/axe/2.2/video-caption?application=lighthouse).","rawValue":false,"name":"video-caption","description":"`<video>` elements do not contain a `<track>` element with `[kind=\"captions\"]`.","scoringMode":"binary","informative":true,"notApplicable":true},"td-headers-attr":{"displayValue":"","score":false,"helpText":"Screen readers have features to make navigating tables easier. Ensuring `<td>` cells using the `[headers]` attribute only refer to other cells in the same table may improve the experience for screen reader users. [Learn more](https://dequeuniversity.com/rules/axe/2.2/td-headers-attr?application=lighthouse).","rawValue":false,"name":"td-headers-attr","description":"Cells in a `<table>` element that use the `[headers]` attribute refers to other cells of that same table.","scoringMode":"binary","informative":true,"notApplicable":true},"offscreen-content-hidden":{"displayValue":"","score":false,"helpText":"Offscreen content is hidden with display: none or aria-hidden=true. [Learn more](https://developers.google.com/web/fundamentals/accessibility/how-to-review#try_it_with_a_screen_reader).","rawValue":false,"name":"offscreen-content-hidden","description":"Offscreen content is hidden from assistive technology","scoringMode":"binary","informative":true,"manual":true},"no-document-write":{"displayValue":"","score":true,"helpText":"For users on slow connections, external scripts dynamically injected via `document.write()` can delay page load by tens of seconds. [Learn more](https://developers.google.com/web/tools/lighthouse/audits/document-write).","rawValue":true,"extendedInfo":{"value":[]},"name":"no-document-write","description":"Avoids `document.write()`","scoringMode":"binary","details":{"itemHeaders":[{"itemType":"url","text":"URL","type":"text"},{"itemType":"text","text":"Location","type":"text"}],"header":"View Details","type":"table","items":[]}},"aria-valid-attr-value":{"displayValue":"","score":true,"helpText":"Assistive technologies, like screen readers, can't interpret ARIA attributes with invalid values. [Learn more](https://dequeuniversity.com/rules/axe/2.2/aria-valid-attr-value?application=lighthouse).","rawValue":true,"extendedInfo":{},"name":"aria-valid-attr-value","description":"`[aria-*]` attributes have valid values","scoringMode":"binary","details":{"header":{"text":"View failing elements","type":"text"},"type":"list","items":[]}},"pwa-each-page-has-url":{"displayValue":"","score":false,"helpText":"Ensure individual pages are deep linkable via the URLs and that URLs are unique for the purpose of shareability on social media. [Learn more](https://developers.google.com/web/progressive-web-apps/checklist#each-page-has-a-url).","rawValue":false,"name":"pwa-each-page-has-url","description":"Each page has a URL","scoringMode":"binary","informative":true,"manual":true},"custom-controls-roles":{"displayValue":"","score":false,"helpText":"Custom interactive controls have appropriate ARIA roles. [Learn more](https://developers.google.com/web/fundamentals/accessibility/how-to-review#try_it_with_a_screen_reader).","rawValue":false,"name":"custom-controls-roles","description":"Custom controls have ARIA roles","scoringMode":"binary","informative":true,"manual":true},"meta-description":{"displayValue":"","score":false,"helpText":"Meta descriptions may be included in search results to concisely summarize page content. [Learn more](https://developers.google.com/web/tools/lighthouse/audits/description).","rawValue":false,"name":"meta-description","description":"Document does not have a meta description","scoringMode":"binary"},"duplicate-id":{"displayValue":"","score":true,"helpText":"The value of an id attribute must be unique to prevent other instances from being overlooked by assistive technologies. [Learn more](https://dequeuniversity.com/rules/axe/2.2/duplicate-id?application=lighthouse).","rawValue":true,"extendedInfo":{},"name":"duplicate-id","description":"`[id]` attributes on the page are unique","scoringMode":"binary","details":{"header":{"text":"View failing elements","type":"text"},"type":"list","items":[]}},"focusable-controls":{"displayValue":"","score":false,"helpText":"Custom interactive controls are keyboard focusable and display a focus indicator. [Learn more](https://developers.google.com/web/fundamentals/accessibility/how-to-review#start_with_the_keyboard).","rawValue":false,"name":"focusable-controls","description":"Interactive controls are keyboard focusable","scoringMode":"binary","informative":true,"manual":true},"heading-levels":{"displayValue":"","score":false,"helpText":"Headings are used to create an outline for the page and heading levels are not skipped. [Learn more](https://developers.google.com/web/fundamentals/accessibility/how-to-review#take_advantage_of_headings_and_landmarks).","rawValue":false,"name":"heading-levels","description":"Headings don't skip levels","scoringMode":"binary","informative":true,"manual":true},"uses-request-compression":{"displayValue":"","score":100,"helpText":"Text-based responses should be served with compression (gzip, deflate or brotli) to minimize total network bytes. [Learn more](https://developers.google.com/web/fundamentals/performance/optimizing-content-efficiency/optimize-encoding-and-transfer).","rawValue":0,"extendedInfo":{"value":{"wastedKb":0,"wastedMs":0,"results":[]}},"name":"uses-request-compression","description":"Enable text compression","scoringMode":"binary","informative":true,"details":{"itemHeaders":[{"itemType":"url","text":"Uncompressed resource URL","type":"text"},{"itemType":"text","text":"Original","type":"text"},{"itemType":"text","text":"GZIP Savings","type":"text"}],"header":"View Details","type":"table","items":[]}},"appcache-manifest":{"displayValue":"","score":true,"debugString":"","helpText":"Application Cache is deprecated. [Learn more](https://developers.google.com/web/tools/lighthouse/audits/appcache).","rawValue":true,"name":"appcache-manifest","description":"Avoids Application Cache","scoringMode":"binary"},"themed-omnibox":{"displayValue":"","score":false,"debugString":"Failures: No manifest was fetched, No `<meta name=\"theme-color\">` tag found.","helpText":"The browser address bar can be themed to match your site. [Learn more](https://developers.google.com/web/tools/lighthouse/audits/address-bar).","rawValue":false,"extendedInfo":{"value":{"failures":["No manifest was fetched","No `<meta name=\"theme-color\">` tag found"],"themeColor":null,"manifestValues":{"parseFailureReason":"No manifest was fetched","allChecks":[],"isParseFailure":true}}},"name":"themed-omnibox","description":"Address bar does not match brand colors","scoringMode":"binary"},"color-contrast":{"displayValue":"","score":true,"helpText":"Low-contrast text is difficult or impossible for many users to read. [Learn more](https://dequeuniversity.com/rules/axe/2.2/color-contrast?application=lighthouse).","rawValue":true,"extendedInfo":{},"name":"color-contrast","description":"Background and foreground colors have a sufficient contrast ratio","scoringMode":"binary","details":{"header":{"text":"View failing elements","type":"text"},"type":"list","items":[]}},"listitem":{"displayValue":"","score":false,"helpText":"Screen readers require list items (`<li>`) to be contained within a parent `<ul>` or `<ol>` to be announced properly. [Learn more](https://dequeuniversity.com/rules/axe/2.2/listitem?application=lighthouse).","rawValue":false,"name":"listitem","description":"List items (`<li>`) are not contained within `<ul>` or `<ol>` parent elements.","scoringMode":"binary","informative":true,"notApplicable":true},"no-mutation-events":{"displayValue":"","score":true,"helpText":"Mutation Events are deprecated and harm performance. Consider using Mutation Observers instead. [Learn more](https://developers.google.com/web/tools/lighthouse/audits/mutation-events).","rawValue":true,"extendedInfo":{"value":{"results":[]}},"name":"no-mutation-events","description":"Avoids Mutation Events in its own scripts","scoringMode":"binary","details":{"itemHeaders":[{"itemType":"url","text":"URL","type":"text"},{"itemType":"code","text":"Event","type":"text"},{"itemType":"text","text":"Line","type":"text"},{"itemType":"text","text":"Col","type":"text"},{"itemType":"code","text":"Snippet","type":"text"}],"header":"View Details","type":"table","items":[]}},"audio-caption":{"displayValue":"","score":false,"helpText":"Captions make audio elements usable for deaf or hearing-impaired users, providing critical information such as who is talking, what they're saying, and other non-speech information. [Learn more](https://dequeuniversity.com/rules/axe/2.2/audio-caption?application=lighthouse).","rawValue":false,"name":"audio-caption","description":"`<audio>` elements are missing a `<track>` element with `[kind=\"captions\"]`.","scoringMode":"binary","informative":true,"notApplicable":true},"first-meaningful-paint":{"displayValue":"4,520 ms","score":40,"helpText":"First meaningful paint measures when the primary content of a page is visible. [Learn more](https://developers.google.com/web/tools/lighthouse/audits/first-meaningful-paint).","rawValue":4521.8,"extendedInfo":{"value":{"timestamps":{"fCP":8650057715484,"endOfTrace":8650064967436,"fMP":8650057715493,"onLoad":8650058566647,"navStart":8650053193698},"fmpFellBack":false,"timings":{"fCP":4521.786,"endOfTrace":11773.738,"fMP":4521.795,"onLoad":5372.949,"navStart":0}}},"name":"first-meaningful-paint","description":"First meaningful paint","scoringMode":"numeric"},"focus-traps":{"displayValue":"","score":false,"helpText":"A user can tab into and out of any control or region without accidentally trapping their focus. [Learn more](https://developers.google.com/web/fundamentals/accessibility/how-to-review#start_with_the_keyboard).","rawValue":false,"name":"focus-traps","description":"User focus is not accidentally trapped in a region","scoringMode":"binary","informative":true,"manual":true},"aria-allowed-attr":{"displayValue":"","score":true,"helpText":"Each ARIA `role` supports a specific subset of `aria-*` attributes. Mismatching these invalidates the `aria-*` attributes. [Learn more](https://dequeuniversity.com/rules/axe/2.2/aria-allowed-attr?application=lighthouse).","rawValue":true,"extendedInfo":{},"name":"aria-allowed-attr","description":"`[aria-*]` attributes match their roles","scoringMode":"binary","details":{"header":{"text":"View failing elements","type":"text"},"type":"list","items":[]}},"geolocation-on-start":{"displayValue":"","score":true,"helpText":"Users are mistrustful of or confused by sites that request their location without context. Consider tying the request to user gestures instead. [Learn more](https://developers.google.com/web/tools/lighthouse/audits/geolocation-on-load).","rawValue":true,"extendedInfo":{"value":[]},"name":"geolocation-on-start","description":"Avoids requesting the geolocation permission on page load","scoringMode":"binary","details":{"itemHeaders":[{"itemType":"url","text":"URL","type":"text"},{"itemType":"text","text":"Location","type":"text"}],"header":"View Details","type":"table","items":[]}},"image-aspect-ratio":{"displayValue":"","score":true,"helpText":"Image display dimensions should match natural aspect ratio.","rawValue":true,"name":"image-aspect-ratio","description":"Displays images with correct aspect ratio","scoringMode":"binary","details":{"itemHeaders":[{"itemType":"thumbnail","text":"","type":"text"},{"itemType":"url","text":"URL","type":"text"},{"itemType":"text","text":"Aspect Ratio (Displayed)","type":"text"},{"itemType":"text","text":"Aspect Ratio (Actual)","type":"text"}],"header":"View Details","type":"table","items":[]}},"valid-lang":{"displayValue":"","score":false,"helpText":"Specifying a valid [BCP 47 language](https://www.w3.org/International/questions/qa-choosing-language-tags#question) on elements helps ensure that text is pronounced correctly by a screen reader. [Learn more](https://dequeuniversity.com/rules/axe/2.2/valid-lang?application=lighthouse).","rawValue":false,"name":"valid-lang","description":"`[lang]` attributes do not have a valid value","scoringMode":"binary","informative":true,"notApplicable":true},"html-has-lang":{"displayValue":"","score":false,"helpText":"If a page doesn't specify a lang attribute, a screen reader assumes that the page is in the default language that the user chose when setting up the screen reader. If the page isn't actually in the default language, then the screen reader might not announce the page's text correctly. [Learn more](https://dequeuniversity.com/rules/axe/2.2/html-lang?application=lighthouse).","rawValue":false,"extendedInfo":{"value":{"help":"<html> element must have a lang attribute","nodes":[{"failureSummary":"Fix any of the following:\n  The <html> element does not have a lang attribute","snippet":"<html>","path":"1,HTML","impact":"serious","html":"<html>","target":["html"]}],"impact":"serious","description":"Ensures every HTML document has a lang attribute","helpUrl":"https://dequeuniversity.com/rules/axe/3.0/html-has-lang?application=axeAPI","id":"html-has-lang","tags":["cat.language","wcag2a","wcag311"]}},"name":"html-has-lang","description":"`<html>` element does not have a `[lang]` attribute","scoringMode":"binary","details":{"header":{"text":"View failing elements","type":"text"},"type":"list","items":[{"snippet":"<html>","path":"1,HTML","selector":"html","type":"node"}]}},"unminified-javascript":{"displayValue":"","score":100,"helpText":"Minifying JavaScript files can reduce payload sizes and script parse time. [Learn more](https://developers.google.com/speed/docs/insights/MinifyResources).","rawValue":0,"extendedInfo":{"value":{"wastedKb":0,"wastedMs":0,"results":[]}},"name":"unminified-javascript","description":"Minify JavaScript","scoringMode":"binary","informative":true,"details":{"itemHeaders":[{"itemType":"url","text":"URL","type":"text"},{"itemType":"text","text":"Original","type":"text"},{"itemType":"text","text":"Potential Savings","type":"text"}],"header":"View Details","type":"table","items":[]}},"object-alt":{"displayValue":"","score":false,"helpText":"Screen readers cannot translate non-text content. Adding alt text to `<object>` elements helps screen readers convey meaning to users. [Learn more](https://dequeuniversity.com/rules/axe/2.2/object-alt?application=lighthouse).","rawValue":false,"name":"object-alt","description":"`<object>` elements do not have `[alt]` text","scoringMode":"binary","informative":true,"notApplicable":true},"accesskeys":{"displayValue":"","score":false,"helpText":"Access keys let users quickly focus a part of the page. For proper navigation, each access key must be unique. [Learn more](https://dequeuniversity.com/rules/axe/2.2/accesskeys?application=lighthouse).","rawValue":false,"name":"accesskeys","description":"`[accesskey]` values are not unique","scoringMode":"binary","informative":true,"notApplicable":true},"image-alt":{"displayValue":"","score":false,"helpText":"Informative elements should aim for short, descriptive alternate text. Decorative elements can be ignored with an empty alt attribute.[Learn more](https://dequeuniversity.com/rules/axe/2.2/image-alt?application=lighthouse).","rawValue":false,"name":"image-alt","description":"Image elements do not have `[alt]` attributes","scoringMode":"binary","informative":true,"notApplicable":true},"notification-on-start":{"displayValue":"","score":true,"helpText":"Users are mistrustful of or confused by sites that request to send notifications without context. Consider tying the request to user gestures instead. [Learn more](https://developers.google.com/web/tools/lighthouse/audits/notifications-on-load).","rawValue":true,"extendedInfo":{"value":[]},"name":"notification-on-start","description":"Avoids requesting the notification permission on page load","scoringMode":"binary","details":{"itemHeaders":[{"itemType":"url","text":"URL","type":"text"},{"itemType":"text","text":"Location","type":"text"}],"header":"View Details","type":"table","items":[]}},"unused-css-rules":{"displayValue":"Potential savings of 35 KB (~190 ms)","score":90,"helpText":"Remove unused rules from stylesheets to reduce unnecessary bytes consumed by network activity. [Learn more](https://developers.google.com/speed/docs/insights/OptimizeCSSDelivery)","rawValue":190,"extendedInfo":{"value":{"wastedKb":35,"wastedMs":190,"results":[{"wastedKb":"29 KB","totalKb":"32 KB","wastedMs":"160 ms","totalMs":"170 ms","potentialSavings":"29 KB (93%)","totalBytes":32261,"wastedPercent":92.80281987684556,"wastedBytes":29939,"url":"http://web/static/css/app.a1bcfeb0daa2a3f727390086fd42ee9d.css"},{"wastedKb":"5 KB","totalKb":"6 KB","wastedMs":"30 ms","totalMs":"30 ms","potentialSavings":"5 KB (98%)","totalBytes":5722,"wastedPercent":98.2698357217756,"wastedBytes":5623,"url":{"text":"a { color: #1976d2; } ...","type":"code"}}]}},"name":"unused-css-rules","description":"Unused CSS rules","scoringMode":"binary","informative":true,"details":{"itemHeaders":[{"itemType":"url","text":"URL","type":"text"},{"itemType":"text","text":"Original","type":"text"},{"itemType":"text","text":"Potential Savings","type":"text"}],"header":"View Details","type":"table","items":[[{"text":"http://web/static/css/app.a1bcfeb0daa2a3f727390086fd42ee9d.css","type":"url"},{"text":"32 KB","type":"text"},{"text":"29 KB (93%)","type":"text"}],[{"text":"a { color: #1976d2; } ...","type":"code"},{"text":"6 KB","type":"text"},{"text":"5 KB (98%)","type":"text"}]]}},"structured-data":{"displayValue":"","score":false,"helpText":"Run the [Structured Data Testing Tool](https://search.google.com/structured-data/testing-tool/) and the [Structured Data Linter](http://linter.structured-data.org/) to validate structured data. [Learn more](https://developers.google.com/search/docs/guides/mark-up-content).","rawValue":false,"name":"structured-data","description":"Structured data is valid","scoringMode":"binary","informative":true,"manual":true},"content-width":{"displayValue":"","score":true,"debugString":"","helpText":"If the width of your app's content doesn't match the width of the viewport, your app might not be optimized for mobile screens. [Learn more](https://developers.google.com/web/tools/lighthouse/audits/content-sized-correctly-for-viewport).","rawValue":true,"name":"content-width","description":"Content is sized correctly for the viewport","scoringMode":"binary"},"mainthread-work-breakdown":{"displayValue":"2,800 ms","score":true,"helpText":"Consider reducing the time spent parsing, compiling and executing JS.You may find delivering smaller JS payloads helps with this.","rawValue":2799.5130100250244,"extendedInfo":{"value":{"Update Layer Tree":108.97500228881836,"Layout":432.32500076293945,"Recalculate Style":503.69400215148926,"Evaluate Script":1296.8040027618408,"Animation Frame Fired":8.261001586914062,"Minor GC":82.69900131225586,"Run Microtasks":63.02199935913086,"Parse HTML":62.446001052856445,"Paint":41.383995056152344,"Compile Script":44.90999984741211,"Composite Layers":77.99400329589844,"Parse Stylesheet":76.9990005493164}},"name":"mainthread-work-breakdown","description":"Main thread work breakdown","scoringMode":"binary","informative":true,"details":{"itemHeaders":[{"itemType":"text","text":"Category","type":"text"},{"itemType":"text","text":"Work","type":"text"},{"itemType":"text","text":"Time spent","type":"text"}],"header":"View Details","type":"table","items":[[{"text":"Script Evaluation","type":"text"},{"text":"Evaluate Script","type":"text"},{"text":"1,297 ms","type":"text"}],[{"text":"Script Evaluation","type":"text"},{"text":"Run Microtasks","type":"text"},{"text":"63 ms","type":"text"}],[{"text":"Script Evaluation","type":"text"},{"text":"Animation Frame Fired","type":"text"},{"text":"8 ms","type":"text"}],[{"text":"Style & Layout","type":"text"},{"text":"Recalculate Style","type":"text"},{"text":"504 ms","type":"text"}],[{"text":"Style & Layout","type":"text"},{"text":"Layout","type":"text"},{"text":"432 ms","type":"text"}],[{"text":"Compositing","type":"text"},{"text":"Update Layer Tree","type":"text"},{"text":"109 ms","type":"text"}],[{"text":"Compositing","type":"text"},{"text":"Composite Layers","type":"text"},{"text":"78 ms","type":"text"}],[{"text":"Parsing HTML & CSS","type":"text"},{"text":"Parse Stylesheet","type":"text"},{"text":"77 ms","type":"text"}],[{"text":"Parsing HTML & CSS","type":"text"},{"text":"Parse HTML","type":"text"},{"text":"62 ms","type":"text"}],[{"text":"Garbage collection","type":"text"},{"text":"Minor GC","type":"text"},{"text":"83 ms","type":"text"}],[{"text":"Script Parsing & Compile","type":"text"},{"text":"Compile Script","type":"text"},{"text":"45 ms","type":"text"}],[{"text":"Paint","type":"text"},{"text":"Paint","type":"text"},{"text":"41 ms","type":"text"}]]}},"canonical":{"displayValue":"","score":null,"debugString":"Audit error: Unable to identify the main resource","helpText":"Canonical links suggest which URL to show in search results. [Learn more](https://developers.google.com/web/tools/lighthouse/audits/canonical).","rawValue":null,"name":"canonical","description":"Document does not have a valid `rel=canonical`","scoringMode":"binary","error":true},"bootup-time":{"displayValue":"1,570 ms","score":true,"helpText":"Consider reducing the time spent parsing, compiling, and executing JS. You may find delivering smaller JS payloads helps with this. [Learn more](https://developers.google.com/web/lighthouse/audits/bootup).","rawValue":1573.503999710083,"extendedInfo":{"value":{"http://web/static/js/app.310cd52123c59f9f64a5.js":{"Script Evaluation":1173.697998046875,"Script Parsing & Compile":22.533000946044922},"http://web/static/js/vendor.d1efda22f11e965a5228.js":{"Style & Layout":178.41699981689453,"Script Parsing & Compile":14.004999160766602,"Script Evaluation":9.45100212097168},"https://unpkg.com/vue-chartjs@3.3.2/dist/vue-chartjs.min.js":{"Script Evaluation":6.445001602172852,"Script Parsing & Compile":4.004999160766602},"https://cdnjs.cloudflare.com/ajax/libs/Chart.js/2.7.1/Chart.min.js":{"Style & Layout":0.8509998321533203,"Script Evaluation":90.19700050354004,"Script Parsing & Compile":0.5679988861083984},"http://web/static/js/manifest.9f020e973ae4037504f6.js":{"Script Parsing & Compile":2.184000015258789,"Script Evaluation":1.4300003051757812},"http://web/":{"Style & Layout":0.0989990234375,"Script Evaluation":7.028999328613281,"Script Parsing & Compile":0.14599990844726562},"http://web/#/":{"Parsing HTML & CSS":62.446001052856445}}},"name":"bootup-time","description":"JavaScript boot-up time","scoringMode":"binary","details":{"itemHeaders":[{"itemType":"url","text":"URL","type":"text"},{"itemType":"text","text":"Script Evaluation","type":"text"},{"itemType":"text","text":"Script Parsing & Compile","type":"text"}],"header":"View Details","type":"table","items":[[{"text":"http://web/static/js/app.310cd52123c59f9f64a5.js","type":"url"},{"text":"1,174 ms","type":"text"},{"text":"23 ms","type":"text"}],[{"text":"https://cdnjs.cloudflare.com/ajax/libs/Chart.js/2.7.1/Chart.min.js","type":"url"},{"text":"90 ms","type":"text"},{"text":"1 ms","type":"text"}],[{"text":"http://web/static/js/vendor.d1efda22f11e965a5228.js","type":"url"},{"text":"9 ms","type":"text"},{"text":"14 ms","type":"text"}],[{"text":"https://unpkg.com/vue-chartjs@3.3.2/dist/vue-chartjs.min.js","type":"url"},{"text":"6 ms","type":"text"},{"text":"4 ms","type":"text"}]]}},"list":{"displayValue":"","score":false,"helpText":"Screen readers have a specific way of announcing lists. Ensuring proper list structure aids screen reader output. [Learn more](https://dequeuniversity.com/rules/axe/2.2/list?application=lighthouse).","rawValue":false,"name":"list","description":"Lists do not contain only `<li>` elements and script supporting elements (`<script>` and `<template>`).","scoringMode":"binary","informative":true,"notApplicable":true},"hreflang":{"displayValue":"","score":null,"debugString":"Audit error: Unable to identify the main resource","helpText":"hreflang allows crawlers to discover alternate translations of the page content. [Learn more](https://support.google.com/webmasters/answer/189077).","rawValue":null,"name":"hreflang","description":"Document doesn't have a valid `hreflang`","scoringMode":"binary","error":true},"is-crawlable":{"displayValue":"","score":null,"debugString":"Audit error: Unable to identify the main resource","helpText":"Search engines are unable to include your pages in search results if they don't have permission to crawl them. [Learn more](https://developers.google.com/web/tools/lighthouse/audits/indexing).","rawValue":null,"name":"is-crawlable","description":"Page is blocked from indexing","scoringMode":"binary","error":true},"service-worker":{"displayValue":"","score":false,"helpText":"The service worker is the technology that enables your app to use many Progressive Web App features, such as offline, add to homescreen, and push notifications. [Learn more](https://developers.google.com/web/tools/lighthouse/audits/registered-service-worker).","rawValue":false,"name":"service-worker","description":"Does not register a service worker","scoringMode":"binary"},"use-landmarks":{"displayValue":"","score":false,"helpText":"Landmark elements (<main>, <nav>, etc.) are used to improve the keyboard navigation of the page for assistive technology. [Learn more](https://developers.google.com/web/fundamentals/accessibility/how-to-review#take_advantage_of_headings_and_landmarks).","rawValue":false,"name":"use-landmarks","description":"HTML5 landmark elements are used to improve navigation","scoringMode":"binary","informative":true,"manual":true},"critical-request-chains":{"displayValue":"","score":null,"debugString":"Audit error: Unable to identify the main resource","helpText":"The Critical Request Chains below show you what resources are issued with a high priority. Consider reducing the length of chains, reducing the download size of resources, or deferring the download of unnecessary resources to improve page load. [Learn more](https://developers.google.com/web/tools/lighthouse/audits/critical-request-chains).","rawValue":null,"name":"critical-request-chains","description":"Critical Request Chains","scoringMode":"binary","informative":true,"error":true},"consistently-interactive":{"displayValue":"6,460 ms","score":71,"helpText":"Consistently Interactive marks the time at which the page is fully interactive. [Learn more](https://developers.google.com/web/tools/lighthouse/audits/consistently-interactive).","rawValue":6460.149,"extendedInfo":{"value":{"timeInMs":6460.149,"cpuQuietPeriod":{"start":8.650059653847E9,"end":8.650064967436E9},"networkQuietPeriods":[{"start":8.650059532223999E9,"end":8.650064967436E9}],"networkQuietPeriod":{"start":8.650059532223999E9,"end":8.650064967436E9},"cpuQuietPeriods":[{"start":8.650059653847E9,"end":8.650064967436E9}],"timestamp":8650059653847}},"name":"consistently-interactive","description":"Consistently Interactive (beta)","scoringMode":"numeric"},"pwa-page-transitions":{"displayValue":"","score":false,"helpText":"Transitions should feel snappy as you tap around, even on a slow network, a key to perceived performance. [Learn more](https://developers.google.com/web/progressive-web-apps/checklist#page-transitions-dont-feel-like-they-block-on-the-network).","rawValue":false,"name":"pwa-page-transitions","description":"Page transitions don't feel like they block on the network","scoringMode":"binary","informative":true,"manual":true},"user-timings":{"displayValue":"0","score":true,"helpText":"Consider instrumenting your app with the User Timing API to create custom, real-world measurements of key user experiences. [Learn more](https://developers.google.com/web/tools/lighthouse/audits/user-timing).","rawValue":true,"extendedInfo":{"value":[]},"name":"user-timings","description":"User Timing marks and measures","scoringMode":"binary","informative":true,"details":{"itemHeaders":[{"itemType":"text","text":"Name","type":"text"},{"itemType":"text","text":"Type","type":"text"},{"itemType":"text","text":"Time","type":"text"}],"header":"View Details","type":"table","items":[]}},"manifest-short-name-length":{"displayValue":"","score":false,"helpText":"Make your app's `short_name` fewer than 12 characters to ensure that it's not truncated on homescreens. [Learn more](https://developers.google.com/web/tools/lighthouse/audits/manifest-short_name-is-not-truncated).","rawValue":false,"name":"manifest-short-name-length","description":"Manifest's `short_name` will be truncated when displayed on homescreen","scoringMode":"binary"},"no-vulnerable-libraries":{"displayValue":"","score":true,"helpText":"Some third-party scripts may contain known security vulnerabilities  that are easily identified and exploited by attackers.","rawValue":true,"name":"no-vulnerable-libraries","description":"Avoids front-end JavaScript libraries with known security vulnerabilities","scoringMode":"binary"},"font-size":{"displayValue":"","score":true,"debugString":null,"helpText":"Font sizes less than 12px are too small to be legible and require mobile visitors to \u201cpinch to zoom\u201d in order to read. Strive to have >60% of page text ≥12px. [Learn more](https://developers.google.com/web/tools/lighthouse/audits/font-sizes).","rawValue":true,"name":"font-size","description":"Document uses legible font sizes","scoringMode":"binary","details":{"itemHeaders":[{"itemType":"url","text":"Source","type":"text"},{"itemType":"code","text":"Selector","type":"text"},{"itemType":"text","text":"% of Page Text","type":"text"},{"itemType":"text","text":"Font Size","type":"text"}],"header":"View Details","type":"table","items":[[{"text":"Legible text","type":"url"},{"text":null,"type":"code"},{"text":"100.00%","type":"text"},{"text":"≥ 12px","type":"text"}]]}},"aria-valid-attr":{"displayValue":"","score":true,"helpText":"Assistive technologies, like screen readers, can't interpret ARIA attributes with invalid names. [Learn more](https://dequeuniversity.com/rules/axe/2.2/aria-valid-attr?application=lighthouse).","rawValue":true,"extendedInfo":{},"name":"aria-valid-attr","description":"`[aria-*]` attributes are valid and not misspelled","scoringMode":"binary","details":{"header":{"text":"View failing elements","type":"text"},"type":"list","items":[]}},"aria-required-attr":{"displayValue":"","score":false,"helpText":"Some ARIA roles have required attributes that describe the state of the element to screen readers. [Learn more](https://dequeuniversity.com/rules/axe/2.2/aria-required-attr?application=lighthouse).","rawValue":false,"name":"aria-required-attr","description":"`[role]`s do not have all required `[aria-*]` attributes","scoringMode":"binary","informative":true,"notApplicable":true},"aria-roles":{"displayValue":"","score":false,"helpText":"ARIA roles must have valid values in order to perform their intended accessibility functions. [Learn more](https://dequeuniversity.com/rules/axe/2.2/aria-roles?application=lighthouse).","rawValue":false,"name":"aria-roles","description":"`[role]` values are not valid","scoringMode":"binary","informative":true,"notApplicable":true},"redirects-http":{"displayValue":"","score":false,"helpText":"If you've already set up HTTPS, make sure that you redirect all HTTP traffic to HTTPS. [Learn more](https://developers.google.com/web/tools/lighthouse/audits/http-redirects-to-https).","rawValue":false,"name":"redirects-http","description":"Does not redirect HTTP traffic to HTTPS","scoringMode":"binary"},"aria-required-children":{"displayValue":"","score":false,"helpText":"Some ARIA parent roles must contain specific child roles to perform their intended accessibility functions. [Learn more](https://dequeuniversity.com/rules/axe/2.2/aria-required-children?application=lighthouse).","rawValue":false,"name":"aria-required-children","description":"Elements with `[role]` that require specific children `[role]`s, are missing.","scoringMode":"binary","informative":true,"notApplicable":true},"dom-size":{"displayValue":"94 nodes","score":100,"helpText":"Browser engineers recommend pages contain fewer than ~1,500 DOM nodes. The sweet spot is a tree depth < 32 elements and fewer than 60 children/parent element. A large DOM can increase memory usage, cause longer [style calculations](https://developers.google.com/web/fundamentals/performance/rendering/reduce-the-scope-and-complexity-of-style-calculations), and produce costly [layout reflows](https://developers.google.com/speed/articles/reflow). [Learn more](https://developers.google.com/web/fundamentals/performance/rendering/).","rawValue":94,"extendedInfo":{"value":[{"title":"Total DOM Nodes","value":"94","target":"< 1,500 nodes"},{"snippet":"html >\n  body >\n    main >\n      div#inspire.application.theme--dark >\n        div.application--wrap >\n          aside.navigation-drawer.navigation-drawer--clipped.navigation-drawer--close.navigation-drawer--fixed.navigation-drawer--is-mobile >\n            div.list >\n              div >\n                div.list__tile >\n                  div.input-group.input-group--dirty.input-group--selection-controls.switch.accent--text >\n                    div.input-group__input >\n                      div.input-group--selection-controls__container >\n                        div.input-group--selection-controls__toggle.input-group--selection-controls__toggle--active","title":"DOM Depth","value":"13","target":"< 32"},{"snippet":"Element with most children:\nhead","title":"Maximum Children","value":"8","target":"< 60 nodes"}]},"name":"dom-size","description":"Avoids an excessive DOM size","scoringMode":"numeric","details":{"header":{"text":"View details","type":"text"},"type":"cards","items":[{"title":"Total DOM Nodes","value":"94","target":"< 1,500 nodes"},{"snippet":"html >\n  body >\n    main >\n      div#inspire.application.theme--dark >\n        div.application--wrap >\n          aside.navigation-drawer.navigation-drawer--clipped.navigation-drawer--close.navigation-drawer--fixed.navigation-drawer--is-mobile >\n            div.list >\n              div >\n                div.list__tile >\n                  div.input-group.input-group--dirty.input-group--selection-controls.switch.accent--text >\n                    div.input-group__input >\n                      div.input-group--selection-controls__container >\n                        div.input-group--selection-controls__toggle.input-group--selection-controls__toggle--active","title":"DOM Depth","value":"13","target":"< 32"},{"snippet":"Element with most children:\nhead","title":"Maximum Children","value":"8","target":"< 60 nodes"}]}},"no-websql":{"displayValue":"","score":true,"debugString":"","helpText":"Web SQL is deprecated. Consider using IndexedDB instead. [Learn more](https://developers.google.com/web/tools/lighthouse/audits/web-sql).","rawValue":true,"name":"no-websql","description":"Avoids WebSQL DB","scoringMode":"binary"},"webapp-install-banner":{"displayValue":"","score":false,"debugString":"Failures: No manifest was fetched, Site does not register a service worker, Service worker does not successfully serve the manifest's start_url, No usable web app manifest found on page.","helpText":"Browsers can proactively prompt users to add your app to their homescreen, which can lead to higher engagement. [Learn more](https://developers.google.com/web/tools/lighthouse/audits/install-prompt).","rawValue":false,"extendedInfo":{"value":{"failures":["No manifest was fetched","Site does not register a service worker","Service worker does not successfully serve the manifest's start_url","No usable web app manifest found on page"],"warnings":["No usable web app manifest found on page"],"manifestValues":{"parseFailureReason":"No manifest was fetched","allChecks":[],"isParseFailure":true}}},"name":"webapp-install-banner","description":"User will not be prompted to Install the Web App","scoringMode":"binary"},"uses-passive-event-listeners":{"displayValue":"","score":true,"helpText":"Consider marking your touch and wheel event listeners as `passive` to improve your page's scroll performance. [Learn more](https://developers.google.com/web/tools/lighthouse/audits/passive-event-listeners).","rawValue":true,"extendedInfo":{"value":[]},"name":"uses-passive-event-listeners","description":"Uses passive listeners to improve scrolling performance","scoringMode":"binary","details":{"itemHeaders":[{"itemType":"url","text":"URL","type":"text"},{"itemType":"text","text":"Location","type":"text"}],"header":"View Details","type":"table","items":[]}},"screenshot-thumbnails":{"displayValue":"true","score":100,"helpText":"This is what the load of your site looked like.","rawValue":true,"name":"screenshot-thumbnails","description":"Screenshot Thumbnails","scoringMode":"binary","informative":true,"details":{"scale":6606,"type":"filmstrip","items":[{"data":"/9j/4AAQSkZJRgABAQAAAQABAAD/2wCEAAMCAgMCAgMDAwMEAwMEBQgFBQQEBQoHBwYIDAoMDAsKCwsNDhIQDQ4RDgsLEBYQERMUFRUVDA8XGBYUGBIUFRQBAwQEBQQFCQUFCRQNCw0UFBQUFBQUFBQUFBQUFBQUFBQUFBQUFBQUFBQUFBQUFBQUFBQUFBQUFBQUFBQUFBQUFP/AABEIANUAeAMBEQACEQEDEQH/xAGiAAABBQEBAQEBAQAAAAAAAAAAAQIDBAUGBwgJCgsQAAIBAwMCBAMFBQQEAAABfQECAwAEEQUSITFBBhNRYQcicRQygZGhCCNCscEVUtHwJDNicoIJChYXGBkaJSYnKCkqNDU2Nzg5OkNERUZHSElKU1RVVldYWVpjZGVmZ2hpanN0dXZ3eHl6g4SFhoeIiYqSk5SVlpeYmZqio6Slpqeoqaqys7S1tre4ubrCw8TFxsfIycrS09TV1tfY2drh4uPk5ebn6Onq8fLz9PX29/j5+gEAAwEBAQEBAQEBAQAAAAAAAAECAwQFBgcICQoLEQACAQIEBAMEBwUEBAABAncAAQIDEQQFITEGEkFRB2FxEyIygQgUQpGhscEJIzNS8BVictEKFiQ04SXxFxgZGiYnKCkqNTY3ODk6Q0RFRkdISUpTVFVWV1hZWmNkZWZnaGlqc3R1dnd4eXqCg4SFhoeIiYqSk5SVlpeYmZqio6Slpqeoqaqys7S1tre4ubrCw8TFxsfIycrS09TV1tfY2dri4+Tl5ufo6ery8/T19vf4+fr/2gAMAwEAAhEDEQA/AP1ToAKACgAoAKACgAoAKACgAoAKACgAoAKACgAoAKACgAoAKACgAoAKACgAoAKACgAoAKACgAoAKACgAoAKACgAoAKACgAoAKACgAoAKACgAoAKACgAoAKACgAoAKACgAoAKACgAoAKACgAoAKACgAoAKACgAoAKACgAoAKACgAoAKACgAoAKACgAoAKACgAoAKACgAoAKACgAoAKACgAoAKACgAoAKACgAoAKACgAoAKACgAoAKACgAoAKACgAoAKACgAoAKACgAoAKACgAoAKACgAoAKACgAoAKACgAoAKACgAoAKACgAoAKACgAoAKACgAoAKACgAoAKACgAoAKACgAoAKACgAoAKACgAoAKACgAoAKACgAoAKACgAoAKACgAoAKACgAoAKACgAoAKACgAoAKACgAoAKACgAoAKACgAoAKACgAoAKACgAoAKACgAoAKACgAoAKACgAoAKACgAoAKACgAoAKACgAoAKACgAoAKACgAoAKACgAoAKACgAoAKACgAoAKACgAoAKACgAoAKACgAoAKACgAoAKACgAoAKACgAoAKACgAoAKACgAoAKACgAoAKACgAoAKACgAoAKACgAoAKACgAoAKACgAoAKACgAoAKACgAoAKACgAoAKACgAoAKACgAoAKACgAoAKACgAoAKACgAoAKACgAoAKACgAoAKACgAoAKACgAoAKACgAoAKACgAoAKACgAoAKACgAoAKACgAoAKACgAoAKACgAoAKACgAoAKACgAoAKACgAoAKACgAoAKACgAoAKACgAoAKACgAoAKACgAoAKACgAoAKACgAoAKACgAoAKACgAoAKACgAoAKACgAoAKACgAoAKACgAoAKACgAoAKACgAoAKACgAoAKACgAoAKACgAoAKACgAoAKACgAoAKACgAoAKACgAoAKACgAoAKACgAoAKACgD//Z","timing":661,"timestamp":8650053854298},{"data":"/9j/4AAQSkZJRgABAQAAAQABAAD/2wCEAAMCAgMCAgMDAwMEAwMEBQgFBQQEBQoHBwYIDAoMDAsKCwsNDhIQDQ4RDgsLEBYQERMUFRUVDA8XGBYUGBIUFRQBAwQEBQQFCQUFCRQNCw0UFBQUFBQUFBQUFBQUFBQUFBQUFBQUFBQUFBQUFBQUFBQUFBQUFBQUFBQUFBQUFBQUFP/AABEIANUAeAMBEQACEQEDEQH/xAGiAAABBQEBAQEBAQAAAAAAAAAAAQIDBAUGBwgJCgsQAAIBAwMCBAMFBQQEAAABfQECAwAEEQUSITFBBhNRYQcicRQygZGhCCNCscEVUtHwJDNicoIJChYXGBkaJSYnKCkqNDU2Nzg5OkNERUZHSElKU1RVVldYWVpjZGVmZ2hpanN0dXZ3eHl6g4SFhoeIiYqSk5SVlpeYmZqio6Slpqeoqaqys7S1tre4ubrCw8TFxsfIycrS09TV1tfY2drh4uPk5ebn6Onq8fLz9PX29/j5+gEAAwEBAQEBAQEBAQAAAAAAAAECAwQFBgcICQoLEQACAQIEBAMEBwUEBAABAncAAQIDEQQFITEGEkFRB2FxEyIygQgUQpGhscEJIzNS8BVictEKFiQ04SXxFxgZGiYnKCkqNTY3ODk6Q0RFRkdISUpTVFVWV1hZWmNkZWZnaGlqc3R1dnd4eXqCg4SFhoeIiYqSk5SVlpeYmZqio6Slpqeoqaqys7S1tre4ubrCw8TFxsfIycrS09TV1tfY2dri4+Tl5ufo6ery8/T19vf4+fr/2gAMAwEAAhEDEQA/AP1ToAKACgAoAKACgAoAKACgAoAKACgAoAKACgAoAKACgAoAKACgAoAKACgAoAKACgAoAKACgAoAKACgAoAKACgAoAKACgAoAKACgAoAKACgAoAKACgAoAKACgAoAKACgAoAKACgAoAKACgAoAKACgAoAKACgAoAKACgAoAKACgAoAKACgAoAKACgAoAKACgAoAKACgAoAKACgAoAKACgAoAKACgAoAKACgAoAKACgAoAKACgAoAKACgAoAKACgAoAKACgAoAKACgAoAKACgAoAKACgAoAKACgAoAKACgAoAKACgAoAKACgAoAKACgAoAKACgAoAKACgAoAKACgAoAKACgAoAKACgAoAKACgAoAKACgAoAKACgAoAKACgAoAKACgAoAKACgAoAKACgAoAKACgAoAKACgAoAKACgAoAKACgAoAKACgAoAKACgAoAKACgAoAKACgAoAKACgAoAKACgAoAKACgAoAKACgAoAKACgAoAKACgAoAKACgAoAKACgAoAKACgAoAKACgAoAKACgAoAKACgAoAKACgAoAKACgAoAKACgAoAKACgAoAKACgAoAKACgAoAKACgAoAKACgAoAKACgAoAKACgAoAKACgAoAKACgAoAKACgAoAKACgAoAKACgAoAKACgAoAKACgAoAKACgAoAKACgAoAKACgAoAKACgAoAKACgAoAKACgAoAKACgAoAKACgAoAKACgAoAKACgAoAKACgAoAKACgAoAKACgAoAKACgAoAKACgAoAKACgAoAKACgAoAKACgAoAKACgAoAKACgAoAKACgAoAKACgAoAKACgAoAKACgAoAKACgAoAKACgAoAKACgAoAKACgAoAKACgAoAKACgAoAKACgAoAKACgAoAKACgAoAKACgAoAKACgAoAKACgAoAKACgAoAKACgAoAKACgAoAKACgAoAKACgD//Z","timing":1321,"timestamp":8.650054514898001E12},{"data":"/9j/4AAQSkZJRgABAQAAAQABAAD/2wCEAAMCAgMCAgMDAwMEAwMEBQgFBQQEBQoHBwYIDAoMDAsKCwsNDhIQDQ4RDgsLEBYQERMUFRUVDA8XGBYUGBIUFRQBAwQEBQQFCQUFCRQNCw0UFBQUFBQUFBQUFBQUFBQUFBQUFBQUFBQUFBQUFBQUFBQUFBQUFBQUFBQUFBQUFBQUFP/AABEIANUAeAMBEQACEQEDEQH/xAGiAAABBQEBAQEBAQAAAAAAAAAAAQIDBAUGBwgJCgsQAAIBAwMCBAMFBQQEAAABfQECAwAEEQUSITFBBhNRYQcicRQygZGhCCNCscEVUtHwJDNicoIJChYXGBkaJSYnKCkqNDU2Nzg5OkNERUZHSElKU1RVVldYWVpjZGVmZ2hpanN0dXZ3eHl6g4SFhoeIiYqSk5SVlpeYmZqio6Slpqeoqaqys7S1tre4ubrCw8TFxsfIycrS09TV1tfY2drh4uPk5ebn6Onq8fLz9PX29/j5+gEAAwEBAQEBAQEBAQAAAAAAAAECAwQFBgcICQoLEQACAQIEBAMEBwUEBAABAncAAQIDEQQFITEGEkFRB2FxEyIygQgUQpGhscEJIzNS8BVictEKFiQ04SXxFxgZGiYnKCkqNTY3ODk6Q0RFRkdISUpTVFVWV1hZWmNkZWZnaGlqc3R1dnd4eXqCg4SFhoeIiYqSk5SVlpeYmZqio6Slpqeoqaqys7S1tre4ubrCw8TFxsfIycrS09TV1tfY2dri4+Tl5ufo6ery8/T19vf4+fr/2gAMAwEAAhEDEQA/AP1ToAKACgAoAKACgAoAKACgAoAKACgAoAKACgAoAKACgAoAKACgAoAKACgAoAKACgAoAKACgAoAKACgAoAKACgAoAKACgAoAKACgAoAKACgAoAKACgAoAKACgAoAKACgAoAKACgAoAKACgAoAKACgAoAKACgAoAKACgAoAKACgAoAKACgAoAKACgAoAKACgAoAKACgAoAKACgAoAKACgAoAKACgAoAKACgAoAKACgAoAKACgAoAKACgAoAKACgAoAKACgAoAKACgAoAKACgAoAKACgAoAKACgAoAKACgAoAKACgAoAKACgAoAKACgAoAKACgAoAKACgAoAKACgAoAKACgAoAKACgAoAKACgAoAKACgAoAKACgAoAKACgAoAKACgAoAKACgAoAKACgAoAKACgAoAKACgAoAKACgAoAKACgAoAKACgAoAKACgAoAKACgAoAKACgAoAKACgAoAKACgAoAKACgAoAKACgAoAKACgAoAKACgAoAKACgAoAKACgAoAKACgAoAKACgAoAKACgAoAKACgAoAKACgAoAKACgAoAKACgAoAKACgAoAKACgAoAKACgAoAKACgAoAKACgAoAKACgAoAKACgAoAKACgAoAKACgAoAKACgAoAKACgAoAKACgAoAKACgAoAKACgAoAKACgAoAKACgAoAKACgAoAKACgAoAKACgAoAKACgAoAKACgAoAKACgAoAKACgAoAKACgAoAKACgAoAKACgAoAKACgAoAKACgAoAKACgAoAKACgAoAKACgAoAKACgAoAKACgAoAKACgAoAKACgAoAKACgAoAKACgAoAKACgAoAKACgAoAKACgAoAKACgAoAKACgAoAKACgAoAKACgAoAKACgAoAKACgAoAKACgAoAKACgAoAKACgAoAKACgAoAKACgAoAKACgAoAKACgAoAKACgAoAKACgD//Z","timing":1982,"timestamp":8.650055175497999E12},{"data":"/9j/4AAQSkZJRgABAQAAAQABAAD/2wCEAAMCAgMCAgMDAwMEAwMEBQgFBQQEBQoHBwYIDAoMDAsKCwsNDhIQDQ4RDgsLEBYQERMUFRUVDA8XGBYUGBIUFRQBAwQEBQQFCQUFCRQNCw0UFBQUFBQUFBQUFBQUFBQUFBQUFBQUFBQUFBQUFBQUFBQUFBQUFBQUFBQUFBQUFBQUFP/AABEIANUAeAMBEQACEQEDEQH/xAGiAAABBQEBAQEBAQAAAAAAAAAAAQIDBAUGBwgJCgsQAAIBAwMCBAMFBQQEAAABfQECAwAEEQUSITFBBhNRYQcicRQygZGhCCNCscEVUtHwJDNicoIJChYXGBkaJSYnKCkqNDU2Nzg5OkNERUZHSElKU1RVVldYWVpjZGVmZ2hpanN0dXZ3eHl6g4SFhoeIiYqSk5SVlpeYmZqio6Slpqeoqaqys7S1tre4ubrCw8TFxsfIycrS09TV1tfY2drh4uPk5ebn6Onq8fLz9PX29/j5+gEAAwEBAQEBAQEBAQAAAAAAAAECAwQFBgcICQoLEQACAQIEBAMEBwUEBAABAncAAQIDEQQFITEGEkFRB2FxEyIygQgUQpGhscEJIzNS8BVictEKFiQ04SXxFxgZGiYnKCkqNTY3ODk6Q0RFRkdISUpTVFVWV1hZWmNkZWZnaGlqc3R1dnd4eXqCg4SFhoeIiYqSk5SVlpeYmZqio6Slpqeoqaqys7S1tre4ubrCw8TFxsfIycrS09TV1tfY2dri4+Tl5ufo6ery8/T19vf4+fr/2gAMAwEAAhEDEQA/AP1ToAKACgAoAKACgAoAKACgAoAKACgAoAKACgAoAKACgAoAKACgAoAKACgAoAKACgAoAKACgAoAKACgAoAKACgAoAKACgAoAKACgAoAKACgAoAKACgAoAKACgAoAKACgAoAKACgAoAKACgAoAKACgAoAKACgAoAKACgAoAKACgAoAKACgAoAKACgAoAKACgAoAKACgAoAKACgAoAKACgAoAKACgAoAKACgAoAKACgAoAKACgAoAKACgAoAKACgAoAKACgAoAKACgAoAKACgAoAKACgAoAKACgAoAKACgAoAKACgAoAKACgAoAKACgAoAKACgAoAKACgAoAKACgAoAKACgAoAKACgAoAKACgAoAKACgAoAKACgAoAKACgAoAKACgAoAKACgAoAKACgAoAKACgAoAKACgAoAKACgAoAKACgAoAKACgAoAKACgAoAKACgAoAKACgAoAKACgAoAKACgAoAKACgAoAKACgAoAKACgAoAKACgAoAKACgAoAKACgAoAKACgAoAKACgAoAKACgAoAKACgAoAKACgAoAKACgAoAKACgAoAKACgAoAKACgAoAKACgAoAKACgAoAKACgAoAKACgAoAKACgAoAKACgAoAKACgAoAKACgAoAKACgAoAKACgAoAKACgAoAKACgAoAKACgAoAKACgAoAKACgAoAKACgAoAKACgAoAKACgAoAKACgAoAKACgAoAKACgAoAKACgAoAKACgAoAKACgAoAKACgAoAKACgAoAKACgAoAKACgAoAKACgAoAKACgAoAKACgAoAKACgAoAKACgAoAKACgAoAKACgAoAKACgAoAKACgAoAKACgAoAKACgAoAKACgAoAKACgAoAKACgAoAKACgAoAKACgAoAKACgAoAKACgAoAKACgAoAKACgAoAKACgAoAKACgAoAKACgAoAKACgAoAKACgD//Z","timing":2642,"timestamp":8650055836098},{"data":"/9j/4AAQSkZJRgABAQAAAQABAAD/2wCEAAMCAgMCAgMDAwMEAwMEBQgFBQQEBQoHBwYIDAoMDAsKCwsNDhIQDQ4RDgsLEBYQERMUFRUVDA8XGBYUGBIUFRQBAwQEBQQFCQUFCRQNCw0UFBQUFBQUFBQUFBQUFBQUFBQUFBQUFBQUFBQUFBQUFBQUFBQUFBQUFBQUFBQUFBQUFP/AABEIANUAeAMBEQACEQEDEQH/xAGiAAABBQEBAQEBAQAAAAAAAAAAAQIDBAUGBwgJCgsQAAIBAwMCBAMFBQQEAAABfQECAwAEEQUSITFBBhNRYQcicRQygZGhCCNCscEVUtHwJDNicoIJChYXGBkaJSYnKCkqNDU2Nzg5OkNERUZHSElKU1RVVldYWVpjZGVmZ2hpanN0dXZ3eHl6g4SFhoeIiYqSk5SVlpeYmZqio6Slpqeoqaqys7S1tre4ubrCw8TFxsfIycrS09TV1tfY2drh4uPk5ebn6Onq8fLz9PX29/j5+gEAAwEBAQEBAQEBAQAAAAAAAAECAwQFBgcICQoLEQACAQIEBAMEBwUEBAABAncAAQIDEQQFITEGEkFRB2FxEyIygQgUQpGhscEJIzNS8BVictEKFiQ04SXxFxgZGiYnKCkqNTY3ODk6Q0RFRkdISUpTVFVWV1hZWmNkZWZnaGlqc3R1dnd4eXqCg4SFhoeIiYqSk5SVlpeYmZqio6Slpqeoqaqys7S1tre4ubrCw8TFxsfIycrS09TV1tfY2dri4+Tl5ufo6ery8/T19vf4+fr/2gAMAwEAAhEDEQA/AP1ToAKACgAoAKACgAoAKACgAoAKACgAoAKACgAoAKACgAoAKACgAoAKACgAoAKACgAoAKACgAoAKACgAoAKACgAoAKACgAoAKACgAoAKACgAoAKACgAoAKACgAoAKACgAoAKACgAoAKACgAoAKACgAoAKACgAoAKACgAoAKACgAoAKACgAoAKACgAoAKACgAoAKACgAoAKACgAoAKACgAoAKACgAoAKACgAoAKACgAoAKACgAoAKACgAoAKACgAoAKACgAoAKACgAoAKACgAoAKACgAoAKACgAoAKACgAoAKACgAoAKACgAoAKACgAoAKACgAoAKACgAoAKACgAoAKACgAoAKACgAoAKACgAoAKACgAoAKACgAoAKACgAoAKACgAoAKACgAoAKACgAoAKACgAoAKACgAoAKACgAoAKACgAoAKACgAoAKACgAoAKACgAoAKACgAoAKACgAoAKACgAoAKACgAoAKACgAoAKACgAoAKACgAoAKACgAoAKACgAoAKACgAoAKACgAoAKACgAoAKACgAoAKACgAoAKACgAoAKACgAoAKACgAoAKACgAoAKACgAoAKACgAoAKACgAoAKACgAoAKACgAoAKACgAoAKACgAoAKACgAoAKACgAoAKACgAoAKACgAoAKACgAoAKACgAoAKACgAoAKACgAoAKACgAoAKACgAoAKACgAoAKACgAoAKACgAoAKACgAoAKACgAoAKACgAoAKACgAoAKACgAoAKACgAoAKACgAoAKACgAoAKACgAoAKACgAoAKACgAoAKACgAoAKACgAoAKACgAoAKACgAoAKACgAoAKACgAoAKACgAoAKACgAoAKACgAoAKACgAoAKACgAoAKACgAoAKACgAoAKACgAoAKACgAoAKACgAoAKACgAoAKACgAoAKACgAoAKACgAoAKACgAoAKACgD//Z","timing":3303,"timestamp":8650056496698},{"data":"/9j/4AAQSkZJRgABAQAAAQABAAD/2wCEAAMCAgMCAgMDAwMEAwMEBQgFBQQEBQoHBwYIDAoMDAsKCwsNDhIQDQ4RDgsLEBYQERMUFRUVDA8XGBYUGBIUFRQBAwQEBQQFCQUFCRQNCw0UFBQUFBQUFBQUFBQUFBQUFBQUFBQUFBQUFBQUFBQUFBQUFBQUFBQUFBQUFBQUFBQUFP/AABEIANUAeAMBEQACEQEDEQH/xAGiAAABBQEBAQEBAQAAAAAAAAAAAQIDBAUGBwgJCgsQAAIBAwMCBAMFBQQEAAABfQECAwAEEQUSITFBBhNRYQcicRQygZGhCCNCscEVUtHwJDNicoIJChYXGBkaJSYnKCkqNDU2Nzg5OkNERUZHSElKU1RVVldYWVpjZGVmZ2hpanN0dXZ3eHl6g4SFhoeIiYqSk5SVlpeYmZqio6Slpqeoqaqys7S1tre4ubrCw8TFxsfIycrS09TV1tfY2drh4uPk5ebn6Onq8fLz9PX29/j5+gEAAwEBAQEBAQEBAQAAAAAAAAECAwQFBgcICQoLEQACAQIEBAMEBwUEBAABAncAAQIDEQQFITEGEkFRB2FxEyIygQgUQpGhscEJIzNS8BVictEKFiQ04SXxFxgZGiYnKCkqNTY3ODk6Q0RFRkdISUpTVFVWV1hZWmNkZWZnaGlqc3R1dnd4eXqCg4SFhoeIiYqSk5SVlpeYmZqio6Slpqeoqaqys7S1tre4ubrCw8TFxsfIycrS09TV1tfY2dri4+Tl5ufo6ery8/T19vf4+fr/2gAMAwEAAhEDEQA/AP1ToAKACgAoAKACgAoAKACgAoAKACgAoAKACgAoAKACgAoAKACgAoAKACgAoAKACgAoAKACgAoAKACgAoAKACgAoAKACgAoAKACgAoAKACgAoAKACgAoAKACgAoAKACgAoAKACgAoAKACgAoAKACgAoAKACgAoAKACgAoAKACgAoAKACgAoAKACgAoAKACgAoAKACgAoAKACgAoAKACgAoAKACgAoAKACgAoAKACgAoAKACgAoAKACgAoAKACgAoAKACgAoAKACgAoAKACgAoAKACgAoAKACgAoAKACgAoAKACgAoAKACgAoAKACgAoAKACgAoAKACgAoAKACgAoAKACgAoAKACgAoAKACgAoAKACgAoAKACgAoAKACgAoAKACgAoAKACgAoAKACgAoAKACgAoAKACgAoAKACgAoAKACgAoAKACgAoAKACgAoAKACgAoAKACgAoAKACgAoAKACgAoAKACgAoAKACgAoAKACgAoAKACgAoAKACgAoAKACgAoAKACgAoAKACgAoAKACgAoAKACgAoAKACgAoAKACgAoAKACgAoAKACgAoAKACgAoAKACgAoAKACgAoAKACgAoAKACgAoAKACgAoAKACgAoAKACgAoAKACgAoAKACgAoAKACgAoAKACgAoAKACgAoAKACgAoAKACgAoAKACgAoAKACgAoAKACgAoAKACgAoAKACgAoAKACgAoAKACgAoAKACgAoAKACgAoAKACgAoAKACgAoAKACgAoAKACgAoAKACgAoAKACgAoAKACgAoAKACgAoAKACgAoAKACgAoAKACgAoAKACgAoAKACgAoAKACgAoAKACgAoAKACgAoAKACgAoAKACgAoAKACgAoAKACgAoAKACgAoAKACgAoAKACgAoAKACgAoAKACgAoAKACgAoAKACgAoAKACgAoAKACgAoAKACgD//Z","timing":3964,"timestamp":8650057157298},{"data":"/9j/4AAQSkZJRgABAQAAAQABAAD/2wCEAAMCAgMCAgMDAwMEAwMEBQgFBQQEBQoHBwYIDAoMDAsKCwsNDhIQDQ4RDgsLEBYQERMUFRUVDA8XGBYUGBIUFRQBAwQEBQQFCQUFCRQNCw0UFBQUFBQUFBQUFBQUFBQUFBQUFBQUFBQUFBQUFBQUFBQUFBQUFBQUFBQUFBQUFBQUFP/AABEIANUAeAMBEQACEQEDEQH/xAGiAAABBQEBAQEBAQAAAAAAAAAAAQIDBAUGBwgJCgsQAAIBAwMCBAMFBQQEAAABfQECAwAEEQUSITFBBhNRYQcicRQygZGhCCNCscEVUtHwJDNicoIJChYXGBkaJSYnKCkqNDU2Nzg5OkNERUZHSElKU1RVVldYWVpjZGVmZ2hpanN0dXZ3eHl6g4SFhoeIiYqSk5SVlpeYmZqio6Slpqeoqaqys7S1tre4ubrCw8TFxsfIycrS09TV1tfY2drh4uPk5ebn6Onq8fLz9PX29/j5+gEAAwEBAQEBAQEBAQAAAAAAAAECAwQFBgcICQoLEQACAQIEBAMEBwUEBAABAncAAQIDEQQFITEGEkFRB2FxEyIygQgUQpGhscEJIzNS8BVictEKFiQ04SXxFxgZGiYnKCkqNTY3ODk6Q0RFRkdISUpTVFVWV1hZWmNkZWZnaGlqc3R1dnd4eXqCg4SFhoeIiYqSk5SVlpeYmZqio6Slpqeoqaqys7S1tre4ubrCw8TFxsfIycrS09TV1tfY2dri4+Tl5ufo6ery8/T19vf4+fr/2gAMAwEAAhEDEQA/AP0bk8LeMEuh9l8ZJFaC8SXyp9KjlcWyxQKYA+4cs8cz+YwYjz8Y+RSQDrtMt57TTrWG5unvriOJEkuXRUaVgoBcqoABJycAYGeKALVABQAUAFABQAUAFABQAUAFABQAUAFABQAUAFABQAUAFABQAUAFABQAUAFABQAUAFABQAUAFABQAUAFABQAUAFABQAUAFABQAUAFABQAUAFABQAUAFABQAUAFABQAUAFABQAUAFACZ5xQAZGcd6AFoAKACgAoAKACgAoAKACgAoAKACgAoA8AbVfiFqEGl3Wja9oL2kFwbHVBNfwzbbgSxCKFJAD+9kHyOrcgynbuOwgA7zwHq+q2WrXll4h1fTrqG7mCaTIs8azzPGji4hMSjG6MxliQxOTICsYQAgHftOoYr1cLu2jrj6daAATI2MMDkkZBHUHH8xQAi3CMMgjGCScg4x1H1oAZp9/b6rYW97ZzR3NpcRrLDPC4dJEYZVlYEgggggg4INAFigAoAKACgAoAKACgAoAKAOF1j4PeEvFt/omq6npZvL/RpvtGmXM0syyWT/ALrJjywKZMEeQMA/N2dsgDdG+B3grw9pVrYadoUFrHaQS29rOjN9ptY5FdXWG4z5sWRI4Gxxt3HbigB+ifBfwj4c059O03TGtdMa8hvxYLdTm3ininSeIxRlysSrJGjbEAU4AIIoAst8JfC5Piwpp8kLeKgo1d4LyeJ7jClRhlcGP5SR8hXrQBj3v7O/w+1O4vJ73w5BdyXieXcCeWWRJB9qN2cozlcm4YyFsZJOCSOKAO60PRrTw5oun6Tp8XkWFhbx2tvFuLbI0UKq5YknAAGSSaAL1ABQAUAFABQAUAFABQAUAFABQAUAFABQAUAFABQAUAFABQAUAFABQAUAJuoFfWwbqAuAOaBi0AFABQAUAFABQAUAFABQAUAFABQByaS6/f6Wk1hPZf6RCjQTzRO/UZDsoZCQwK/LwRzyeldj+rNt6nn2xe2hXv8A/hODph+xHRV1EeWy/aVlMX3Y/MU7efvGXB9FTI5JEr6u90waxS2aNfTU8Qf27eG9fTv7H2D7MsMb/aC2TkuSduMbcYHr0xgxP2XKuS9zal7fm/ebG7WB1BQAUARiZec4XHXJppNkOaWjYvmqDjIz9aLMHOK6jftCEkBlJXBIz0H+Qfyos+qDnjrZiC6jP8QHtmnyvsQqsHrckVg6gggg9xSasap31Q6kMKACgAoA8ttfEXirw3YQWVxYJKIFENuLKwe4Msa+UiFmMyBGJlAwQANrMSEBau14eLfuzT+Vv8zzFi3b3qbXzv8AohsvxI15bS9mi02/ma0PMI8OTK8yllCmPdcBTkMGwSCAGyBg1Twm3vrXzGsZ/wBO39x0XhvVvEuvSasJVt9LWyvXtI/tWmyD7Qqqh81D5/KEsQD329jkDmqU+TlfNe6vp0v09TrpVOe6tazsbX2XX/8AoJ6b/wCC6T/4/WJuH2XX/wDoJ6b/AOC6T/4/QAfZdf8A+gnpv/guk/8Aj9AFQ+EoL+++26wUvbuPasfl+ZHCoDBlYRF2UOCPv9ccdK2hVnCPKmc86EJy5mMPw80JnspPs03m2f8AqZftMvmAbGQqW3bmUhjlWJBOGIyAar6xU7kfVqbdyS08CaPY209rBahLSaaO4aDcxVXRlZNoJ+VVKKQq4A7Dml7ed076r9RrDxSa6MSz+H2h6ejLb2rxhoEtm/fOxaNCxVSSckDew57YHQACvrFS/Nfrf8v8hfVafLym9a20dnbxwRLtijUIi+gAwBXO227s6klFJIlpDCgAoAKAPM/CfijTLvw1p3k+HJb1Ft1jeeJrMozL8j8mYc70IIPIIwQDTuKxb1Txfomj6ebzUPDcllatJFCJLp7KJGeWTZGoZpwuXchQM5JYAZJpDLNxr9hYxNJP4RuoYYwS8kos1RADzkmbA6Z/H3oA0YJre4hjlTwnOUkUOvy2vQ9P+WtAD/3P/QpT/wDfNr/8doAP3P8A0KU//fNr/wDHaAKP9la5dyXUmmzjw9aSW/lRWr28RkimyT5wKl0YEbV2kZ4JyOjaxnTS1WpjUhU5vdlobPh6x1eyN6dV1CO/864aWARxeX5EZxti77sYzu4znoKU3F25VYdNSSfO7mxiszQWgYUAFABQAUAFAHlFp+zT4R022uYrCbWLJrkYmki1KQlwZzPINrEqA7vLnao+WaRV2hsUAbCfA7wrH4Qm8MLb3C6JK0Tm2S4ZCrRtuRlkUh1ZWCsGDAhlBB9QDF0f9l34faBYvZ6fpc9pbM2Qkd3KNn7qSH5fm+U7JXG4YP3TnKqQAep2lstpbRQKSyxoEBbqQBigCagAoAKACgAoAKACgAoAKACgAoA4A/G3w0YfFjRTS3M3hm9isL+CFA0hlkKqixrnMjMzbFjHzuw2qrFk3AGndfEK3hj1VYdNv7y80ydreexhWMTFgYTlCzhGBjuIpAA+SG243gpQBZ1PxvbaJLdpf2V/AsLxokkVubhZQyFt48rcUQbWUtKEAKnnBBIBneHvizofivWb7TNLTUJ7mxnS3uGl0+eGNHaKOTG90A3ASoGT76kNuUbSaAJbn4o6Lptle3eoLe2FvZTtDcyPZySpbgCNvMleIOkaFJo5NzlQqFi23Y+0Ap3Hxj0Ox8R6zpN7Ff2R0y4W0a5e1MkU8zRW8gSMx7juxd26gOFLtIFTcQcAG34e8d6N4o1C9stPmuHuLOaaCTz7KeBHaKQxy+W8iKsoVxtLRlgMjnkZAOgoAKACgAoAKACgAoAKAK8thbTxSRSQRvHIwZ1ZQQxGME+p4H5UAO+xwbg3kpkcg7Rx824/qAfrQA06fatIZDbxNISGLlASSBgEnuQCRn3oAclnBHKJEhRHC7Qyrg444+nA/IUALHawxMGSJFIzghQMZOT+ZA/KgBPscGxl8lNrDDDb14xz+HFADxEinIUA8849eTQA+gAoAKACgAoAKACgAoAKACgAoAKACgAoAKACgAoAKACgAoAKACgAoAKACgAoAKACgAoAKACgAoAKACgAoAKACgAoAKACgAoAKACgAoAKACgAoAKACgAoAKACgAoAKACgAoAKACgAoAKACgAoAKACgAoAKACgAoAKACgAoAKACgAoAKACgAoAKACgAoAKACgAoAKACgAoAKACgAoAKACgAoAKACgAoAKACgAoAKACgAoAKACgAoAKACgAoAKACgAoAKACgAoAKACgAoAKACgAoAKACgAoAKACgAoAKACgAoAKACgAoAKACgAoAKACgAoAKACgAoAKACgAoAKACgAoAKACgAoAKACgAoAKACgAoAKACgAoAKACgAoAKACgAoAKACgAoAKACgAoAKACgAoAKACgAoAKACgAoAKACgAoAKACgAoAKACgAoA//9k=","timing":4624,"timestamp":8.650057817898001E12},{"data":"/9j/4AAQSkZJRgABAQAAAQABAAD/2wCEAAMCAgMCAgMDAwMEAwMEBQgFBQQEBQoHBwYIDAoMDAsKCwsNDhIQDQ4RDgsLEBYQERMUFRUVDA8XGBYUGBIUFRQBAwQEBQQFCQUFCRQNCw0UFBQUFBQUFBQUFBQUFBQUFBQUFBQUFBQUFBQUFBQUFBQUFBQUFBQUFBQUFBQUFBQUFP/AABEIANUAeAMBEQACEQEDEQH/xAGiAAABBQEBAQEBAQAAAAAAAAAAAQIDBAUGBwgJCgsQAAIBAwMCBAMFBQQEAAABfQECAwAEEQUSITFBBhNRYQcicRQygZGhCCNCscEVUtHwJDNicoIJChYXGBkaJSYnKCkqNDU2Nzg5OkNERUZHSElKU1RVVldYWVpjZGVmZ2hpanN0dXZ3eHl6g4SFhoeIiYqSk5SVlpeYmZqio6Slpqeoqaqys7S1tre4ubrCw8TFxsfIycrS09TV1tfY2drh4uPk5ebn6Onq8fLz9PX29/j5+gEAAwEBAQEBAQEBAQAAAAAAAAECAwQFBgcICQoLEQACAQIEBAMEBwUEBAABAncAAQIDEQQFITEGEkFRB2FxEyIygQgUQpGhscEJIzNS8BVictEKFiQ04SXxFxgZGiYnKCkqNTY3ODk6Q0RFRkdISUpTVFVWV1hZWmNkZWZnaGlqc3R1dnd4eXqCg4SFhoeIiYqSk5SVlpeYmZqio6Slpqeoqaqys7S1tre4ubrCw8TFxsfIycrS09TV1tfY2dri4+Tl5ufo6ery8/T19vf4+fr/2gAMAwEAAhEDEQA/AP0bk8LeMEuh9l8ZJFaC8SXyp9KjlcWyxQKYA+4cs8cz+YwYjz8Y+RSQDrtMt57TTrWG5unvriOJEkuXRUaVgoBcqoABJycAYGeKALVABQAUAFABQAUAFABQAUAFABQAUAFABQAUAFABQAUAFABQAUAFABQAUAFABQAUAFABQAUAFABQAUAFABQAUAFABQAUAFABQAUAFABQAUAFABQAUAFABQAUAFABQAUAFABQAUAFACZ5xQAZGcd6AFoAKACgAoAKACgAoAKACgAoAKACgAoA8AbVfiFqEGl3Wja9oL2kFwbHVBNfwzbbgSxCKFJAD+9kHyOrcgynbuOwgA7zwHq+q2WrXll4h1fTrqG7mCaTIs8azzPGji4hMSjG6MxliQxOTICsYQAgHftOoYr1cLu2jrj6daAATI2MMDkkZBHUHH8xQAi3CMMgjGCScg4x1H1oAZp9/b6rYW97ZzR3NpcRrLDPC4dJEYZVlYEgggggg4INAFigAoAKACgAoAKACgAoAKAOF1j4PeEvFt/omq6npZvL/RpvtGmXM0syyWT/ALrJjywKZMEeQMA/N2dsgDdG+B3grw9pVrYadoUFrHaQS29rOjN9ptY5FdXWG4z5sWRI4Gxxt3HbigB+ifBfwj4c059O03TGtdMa8hvxYLdTm3ininSeIxRlysSrJGjbEAU4AIIoAst8JfC5Piwpp8kLeKgo1d4LyeJ7jClRhlcGP5SR8hXrQBj3v7O/w+1O4vJ73w5BdyXieXcCeWWRJB9qN2cozlcm4YyFsZJOCSOKAO60PRrTw5oun6Tp8XkWFhbx2tvFuLbI0UKq5YknAAGSSaAL1ABQAUAFABQAUAFABQAUAFABQAUAFABQAUAFABQAUAFABQAUAFABQAUAJuoFfWwbqAuAOaBi0AFABQAUAFABQAUAFABQAUAFABQByaS6/f6Wk1hPZf6RCjQTzRO/UZDsoZCQwK/LwRzyeldj+rNt6nn2xe2hXv8A/hODph+xHRV1EeWy/aVlMX3Y/MU7efvGXB9FTI5JEr6u90waxS2aNfTU8Qf27eG9fTv7H2D7MsMb/aC2TkuSduMbcYHr0xgxP2XKuS9zal7fm/ebG7WB1BQAUARiZec4XHXJppNkOaWjYvmqDjIz9aLMHOK6jftCEkBlJXBIz0H+Qfyos+qDnjrZiC6jP8QHtmnyvsQqsHrckVg6gggg9xSasap31Q6kMKACgAoA8ttfEXirw3YQWVxYJKIFENuLKwe4Msa+UiFmMyBGJlAwQANrMSEBau14eLfuzT+Vv8zzFi3b3qbXzv8AohsvxI15bS9mi02/ma0PMI8OTK8yllCmPdcBTkMGwSCAGyBg1Twm3vrXzGsZ/wBO39x0XhvVvEuvSasJVt9LWyvXtI/tWmyD7Qqqh81D5/KEsQD329jkDmqU+TlfNe6vp0v09TrpVOe6tazsbX2XX/8AoJ6b/wCC6T/4/WJuH2XX/wDoJ6b/AOC6T/4/QAfZdf8A+gnpv/guk/8Aj9AFQ+EoL+++26wUvbuPasfl+ZHCoDBlYRF2UOCPv9ccdK2hVnCPKmc86EJy5mMPw80JnspPs03m2f8AqZftMvmAbGQqW3bmUhjlWJBOGIyAar6xU7kfVqbdyS08CaPY209rBahLSaaO4aDcxVXRlZNoJ+VVKKQq4A7Dml7ed076r9RrDxSa6MSz+H2h6ejLb2rxhoEtm/fOxaNCxVSSckDew57YHQACvrFS/Nfrf8v8hfVafLym9a20dnbxwRLtijUIi+gAwBXO227s6klFJIlpDCgAoAKAPM/CfijTLvw1p3k+HJb1Ft1jeeJrMozL8j8mYc70IIPIIwQDTuKxb1Txfomj6ebzUPDcllatJFCJLp7KJGeWTZGoZpwuXchQM5JYAZJpDLNxr9hYxNJP4RuoYYwS8kos1RADzkmbA6Z/H3oA0YJre4hjlTwnOUkUOvy2vQ9P+WtAD/3P/QpT/wDfNr/8doAP3P8A0KU//fNr/wDHaAKP9la5dyXUmmzjw9aSW/lRWr28RkimyT5wKl0YEbV2kZ4JyOjaxnTS1WpjUhU5vdlobPh6x1eyN6dV1CO/864aWARxeX5EZxti77sYzu4znoKU3F25VYdNSSfO7mxiszQWgYUAFABQAUAFAHlFp+zT4R022uYrCbWLJrkYmki1KQlwZzPINrEqA7vLnao+WaRV2hsUAbCfA7wrH4Qm8MLb3C6JK0Tm2S4ZCrRtuRlkUh1ZWCsGDAhlBB9QDF0f9l34faBYvZ6fpc9pbM2Qkd3KNn7qSH5fm+U7JXG4YP3TnKqQAep2lstpbRQKSyxoEBbqQBigCagAoAKACgAoAKACgAoAKACgAoA4A/G3w0YfFjRTS3M3hm9isL+CFA0hlkKqixrnMjMzbFjHzuw2qrFk3AGndfEK3hj1VYdNv7y80ydreexhWMTFgYTlCzhGBjuIpAA+SG243gpQBZ1PxvbaJLdpf2V/AsLxokkVubhZQyFt48rcUQbWUtKEAKnnBBIBneHvizofivWb7TNLTUJ7mxnS3uGl0+eGNHaKOTG90A3ASoGT76kNuUbSaAJbn4o6Lptle3eoLe2FvZTtDcyPZySpbgCNvMleIOkaFJo5NzlQqFi23Y+0Ap3Hxj0Ox8R6zpN7Ff2R0y4W0a5e1MkU8zRW8gSMx7juxd26gOFLtIFTcQcAG34e8d6N4o1C9stPmuHuLOaaCTz7KeBHaKQxy+W8iKsoVxtLRlgMjnkZAOgoAKACgAoAKACgAoAKAK8thbTxSRSQRvHIwZ1ZQQxGME+p4H5UAO+xwbg3kpkcg7Rx824/qAfrQA06fatIZDbxNISGLlASSBgEnuQCRn3oAclnBHKJEhRHC7Qyrg444+nA/IUALHawxMGSJFIzghQMZOT+ZA/KgBPscGxl8lNrDDDb14xz+HFADxEinIUA8849eTQA+gAoAKACgAoAKACgAoAKACgAoAKACgAoAKACgAoAKACgAoAKACgAoAKACgAoAKACgAoAKACgAoAKACgAoAKACgAoAKACgAoAKACgAoAKACgAoAKACgAoAKACgAoAKACgAoAKACgAoAKACgAoAKACgAoAKACgAoAKACgAoAKACgAoAKACgAoAKACgAoAKACgAoAKACgAoAKACgAoAKACgAoAKACgAoAKACgAoAKACgAoAKACgAoAKACgAoAKACgAoAKACgAoAKACgAoAKACgAoAKACgAoAKACgAoAKACgAoAKACgAoAKACgAoAKACgAoAKACgAoAKACgAoAKACgAoAKACgAoAKACgAoAKACgAoAKACgAoAKACgAoAKACgAoAKACgAoAKACgAoAKACgAoAKACgAoAKACgAoAKACgAoAKACgAoAKACgAoA//9k=","timing":5285,"timestamp":8.650058478497999E12},{"data":"/9j/4AAQSkZJRgABAQAAAQABAAD/2wCEAAMCAgMCAgMDAwMEAwMEBQgFBQQEBQoHBwYIDAoMDAsKCwsNDhIQDQ4RDgsLEBYQERMUFRUVDA8XGBYUGBIUFRQBAwQEBQQFCQUFCRQNCw0UFBQUFBQUFBQUFBQUFBQUFBQUFBQUFBQUFBQUFBQUFBQUFBQUFBQUFBQUFBQUFBQUFP/AABEIANUAeAMBEQACEQEDEQH/xAGiAAABBQEBAQEBAQAAAAAAAAAAAQIDBAUGBwgJCgsQAAIBAwMCBAMFBQQEAAABfQECAwAEEQUSITFBBhNRYQcicRQygZGhCCNCscEVUtHwJDNicoIJChYXGBkaJSYnKCkqNDU2Nzg5OkNERUZHSElKU1RVVldYWVpjZGVmZ2hpanN0dXZ3eHl6g4SFhoeIiYqSk5SVlpeYmZqio6Slpqeoqaqys7S1tre4ubrCw8TFxsfIycrS09TV1tfY2drh4uPk5ebn6Onq8fLz9PX29/j5+gEAAwEBAQEBAQEBAQAAAAAAAAECAwQFBgcICQoLEQACAQIEBAMEBwUEBAABAncAAQIDEQQFITEGEkFRB2FxEyIygQgUQpGhscEJIzNS8BVictEKFiQ04SXxFxgZGiYnKCkqNTY3ODk6Q0RFRkdISUpTVFVWV1hZWmNkZWZnaGlqc3R1dnd4eXqCg4SFhoeIiYqSk5SVlpeYmZqio6Slpqeoqaqys7S1tre4ubrCw8TFxsfIycrS09TV1tfY2dri4+Tl5ufo6ery8/T19vf4+fr/2gAMAwEAAhEDEQA/APh3wzoB168ZWcxwRAF2HXnoB78H8qANnXvA0dlYvc2csjmIFnWUg5XuRgDpQBxtABQAUAFABQAUAFABQAUAFAGhoWktrWpR2ytsXBZ3xnaB/kD8aAOp1TwFBFYSSWs8pmjUttkwQ2BnAwOKAOGoA6Hwfr8WiXcq3CnyJsbpF5KEZxx6c0AbviDxnYy6dNBaMbh5kMZ+UqFBGCeQKAOCOSaADFABigAxQAYoAMUAGKADFABigAxQBreGNXTRdVSaVS0LKUfHUA9x+VAHX6n4205bKYW7tPMylVQIwwSO5IH6UAecgYAoA3vsEH/PMUAH2CD/AJ5igA+wQf8APMUAH2CD/nmKAD7BB/zzFAB9gg/55igA+wQf88xQAfYIP+eYoAPsEH/PMUAH2CD/AJ5igA+wQf8APMUAH2CD/nmKAD7BB/zzFAB9gg/55igA+wQf88xQBYoAKACgAoAKACgAoAKACgAoAKACgAoAKACgAoAKACgAoAKACgAoAKACgAoAKACgAoAKACgAoAKACgAoAKACgAoAKACgAoAKACgAoAKACgAoAKACgAoAKACgAoAKACgAoAKACgAoAKACgAoAKACgAoAKACgAoAKACgAoAKACgAoAKACgAoAKACgAoAKACgAoAKACgAoAKACgAoAKACgAoAKACgAoAKACgAoAKACgAoAKACgAoAKACgAoAKACgAoAKACgAoAKACgAoAKACgAoAKACgBUKh13DK55A9KAOjNh4P7a7rZ/7gsP/AMl0AH2Dwh/0HNb/APBND/8AJdAB9g8If9BzW/8AwTQ//JdAB9g8If8AQc1v/wAE0P8A8l0AH2Dwh/0HNb/8E0P/AMl0AH2Dwh/0HNb/APBND/8AJdAB9g8If9BzW/8AwTQ//JdAB9g8If8AQc1v/wAE0P8A8l0AH2Dwh/0HNb/8E0P/AMl0AH2Dwh/0HNb/APBND/8AJdAB9g8If9BzW/8AwTQ//JdAB9g8If8AQc1v/wAE0P8A8l0AAsPB/fXNb/8ABND/APJdAGDerbrdyraSSS2wYiOSaMRu69iyhmCk9cBjj1NAENABQAUAFABQAUAFABQAUAFABQAUAFABQAUAFABQAUAFABQAUAFABQAUAFABQAUAFABQAUAIeQe1ACfN7UAGG9qADDe1ABhvagAw3tQAYb2oAMN7UAGG9qADDe1ABhvagAw3tQAYb2oAPm9qAFGcc9aAFoA3tM8PW1/YQzvJMjODkIwx1PtQBa/4RO0/57XH/fS//E0AH/CJ2n/Pa4/76X/4mgDI1rTI9MljSF3bepJMmCf0AoA1z4TtP+es4+jLj+VAB/widp/z2uP++l/+JoAP+ETtP+e1x/30v/xNAHP6narY38tujMyJjBY88gH+tAFegAoAKACgAoAKACgDd0nxFb2NhFBJDMXTOSgXHX60AW/+EttP+eFz+S/40AH/AAltp/zwufyX/GgDH1zVI9TljeFHQKpGJAOv4GgDYHi20xzBcZ74C/40AH/CW2n/ADwufyX/ABoAP+EttP8Anhc/kv8AjQBgandJfahLcRqyo+MB8Z6Af0oArUAFABQAUAFABQAUAFABmgAzQAUAFABmgAzQAUAFABQAUAFABQAUAFABQAUAFABQAUAFABQAUAFABQAUAFABQAUAFABQAUAFABQAUAFABQAUAFABQAUAFABQAUAFABQAUAFABQAUAFABQAUAFABQAUAFABQAUAFABQAUAFABQAUAFABQAUAFABQAUAFABQAUAFABQAUAFABQAUAFABQAUAFABQAUAFABQAUAFABQAUAFABQAUAFABQAUAFABQAUAFABQAUAFABQAUAFABQAUAFABQAUAFABQAUAFABQAUAZP9sv/AM8l/OgA/tl/+eS/nQAf2y//ADyX86AD+2X/AOeS/nQAf2y//PJfzoAP7Zf/AJ5L+dAB/bL/APPJfzoAP7Zf/nkv50AH9sv/AM8l/OgA/tl/+eS/nQAf2y//ADyX86AD+2X/AOeS/nQAf2y//PJfzoAP7Zf/AJ5L+dAB/bL/APPJfzoAz6ACgAoAKACgAoAKACgAoAKACgAoAKACgAoA/wD/2Q==","timing":5945,"timestamp":8650059139098},{"data":"/9j/4AAQSkZJRgABAQAAAQABAAD/2wCEAAMCAgMCAgMDAwMEAwMEBQgFBQQEBQoHBwYIDAoMDAsKCwsNDhIQDQ4RDgsLEBYQERMUFRUVDA8XGBYUGBIUFRQBAwQEBQQFCQUFCRQNCw0UFBQUFBQUFBQUFBQUFBQUFBQUFBQUFBQUFBQUFBQUFBQUFBQUFBQUFBQUFBQUFBQUFP/AABEIANUAeAMBEQACEQEDEQH/xAGiAAABBQEBAQEBAQAAAAAAAAAAAQIDBAUGBwgJCgsQAAIBAwMCBAMFBQQEAAABfQECAwAEEQUSITFBBhNRYQcicRQygZGhCCNCscEVUtHwJDNicoIJChYXGBkaJSYnKCkqNDU2Nzg5OkNERUZHSElKU1RVVldYWVpjZGVmZ2hpanN0dXZ3eHl6g4SFhoeIiYqSk5SVlpeYmZqio6Slpqeoqaqys7S1tre4ubrCw8TFxsfIycrS09TV1tfY2drh4uPk5ebn6Onq8fLz9PX29/j5+gEAAwEBAQEBAQEBAQAAAAAAAAECAwQFBgcICQoLEQACAQIEBAMEBwUEBAABAncAAQIDEQQFITEGEkFRB2FxEyIygQgUQpGhscEJIzNS8BVictEKFiQ04SXxFxgZGiYnKCkqNTY3ODk6Q0RFRkdISUpTVFVWV1hZWmNkZWZnaGlqc3R1dnd4eXqCg4SFhoeIiYqSk5SVlpeYmZqio6Slpqeoqaqys7S1tre4ubrCw8TFxsfIycrS09TV1tfY2dri4+Tl5ufo6ery8/T19vf4+fr/2gAMAwEAAhEDEQA/APgL9KAL2qaDqeiLE1/p1zZpI5jDTRkDdgnGemcAn8KAKNABQB0Wm/DzxFrPh2PW9P0m4v8AT5Ls2KNagSuZgYQV8tSXAzcQKGK7S0qKCWOKAJYvhh4sn0e41WPQL19Pt7Sa+lnEfypDFOlvKx7/ACSyIrDqu9SRg5oArSeAPE0M1rG2gah5l3dy2FtEsDGWW5iVDNCIwN29PNjyMZG6gCa1+G3iq+0zT9QtfDup3dpqBuPsr29q0hmEG3zmCqCdq7wC2MZDDOVbABn3/hbWNLsftl3pd5b2vmPC07wkIkisUaNz/C4YYKnB6eooAuz/AA68V215NaTeGNZiuoXijlgfT5Q8bSttiVlK5BcghQfvEYGaAII/BeuM92j6VdW72v2gSi5j8na0ADTp8+PnQMpZRyMjI5FAGLQAUAFABQAY9qAOq8VfFDxZ4206Kw13X9Q1SzilEyQXVw8iK4DAEBiccO350Acrg0AGDQB2+g/FnVvD3glvCsFlYTaVNePcXYmSQveRO1q72shDjETPZW7ZQLICnDgHFAHQW37Sfiyy0DUdHt4rGO21Bt93IwmkmmZLtry3YyPKx3QzvI6kcvvIlMoAAAOWuPiTf3njCPXrmw0+5iitWsYNIlRzZQWxthbCJF37xiMLiTf5hZd5csSxAOt+I/7TPi34nnVX1O3021m1OSWW6lsI5Y2cubcADMh2hI7S3iXbj5Y8tudmdgClrn7QXibxB4X1jQbm300WWqtdNcOkLiTM95a3bkEuRkSWcYGQflZ85JDAA6zxP+194g1vx/ceJ7Hw3oembdW/tSwtnjkme1H9pHUWieXepmDz7WfcMDB8oQh2UgHAt8ZvEMvhqx0OUW0lpZ6fLpkbFXUm3cSbVYBgrMjXF0yuV3A3EgJK7VUA4PHtQAYNABg0AGKAN46bATnyxQAn9mwf881oAP7Ng/55rQAf2bB/zzWgA/s2D/nmtAB/ZsH/ADzWgA/s2D/nmtAB/ZsH/PNaAD+zYP8AnmtAB/ZsH/PNaAD+zYP+ea0AH9mwf881oAP7Ng/55rQAf2bB/wA81oABptvn/VigC3QAUAFABQAUAFABQAUAFABQAUAFABQAUAFABQAUAFABQAUAFABQAUAFABQAUAFABQAUAFABQAUAFABQAUAFABQAUAFABQAUAFABQAUAFABQAUAFABQAUAFABQAUAFABQAUAFABQAUAFABQAUAFABQAUAFABQAUAFABQAUAFABQAUAFABQAUAFABQAUAFABQAUAFABQAUAFABQAUAFABQAUAFABQAUAFABQAUAFABQAUAFABQAUAFABQAUAFABQAUAFABQAUAFABQAUAFABQAUAFABQAUAFAHW6N8L9b8Q6XDeaatveNKkbpapMBMwaS4T5VONxBtpCQpJwQcYDFQCppvgHWNYeySyhjuJbyc20EYlCs8oUMV+bG35WQ5OANwyRzgAYngq9+0xRzz2lpC00kMlzNNiOEoQHLkAkAZzwDnHGTgEAwCMGgAoAKACgDU8K+Hrjxb4m0nQ7R4orrUruKzieYkIryOFUsQCcZIzgE47GgDuvif8DLr4c6BBrcOrwaxpT6hNpUkiqsciXMTOG+VXcFG8tipyGxjcq5FAHmNABQAUAFABQAUATwtahcyxTSOepWYKPy2n+dAD/Msf8An3uP/Ahf/iKADzLH/n3uP/Ahf/iKADzLH/n3uP8AwIX/AOIoAPMsf+fe4/8AAhf/AIigA8yx/wCfe4/8CF/+IoAPMsf+fe4/8CF/+IoAmtL+3sLuG5tkvLe4gdZYpoboI6OpyrKwTIIIBBFAGn4i8a3XilIV1BppFhLvHFGYoYhI2N8hSOJVLsQu5iNzYGScUAc5QAUAFABQAUAFABQAUAFABQAUAFABQAenvxQAgORxQAtABQAUAFABQAUAdhCvg+78LW0LyyWuuJbXEsk4Emxpcv5MR4cNnEZ4WNVG/LsWAQAs6rpHgRrCVtO128+2h5GhUxGSJkDvsVsqpy0YjIZSRuZgwTAJALkdr8PNOs724D3es3cUcEkVkbmRFmY3Q82NX+zIUIgQ/M4x+9OASnIB51QAUAFABQBseDNJtdf8YaHpd7ObWyvr6C2nnVgDHG8iqzZPHAJPPFAHr/7Unwx8JfD+Xw5ceFndBem6intWuIphGsbr5bAx9ismAWyzBAW+ctkA8IoAKACgAoAKACgBSzMqjJAHpQAmG9W/M0AGG9W/M0AByO7fmaADk92/M0AGG9W/M0AGG9W/M0AHI7t+ZoAQ5P8AE3fv7UALQAUAFABQAUAFAFDVbqS2EflttyTnigDW8OeC/FXi5NLbSLQ3f9o3j2FuPNiTzJlMClBuYYJa6gAJwCXGCcHABpN8KPHiWqzyaUyJ5d/MxM8R2pZLuuSQGJGza4PrgYyeKAOPsb+ea6jR3ypzkYHoaAJtUupbeSMRvtBBzwKAN9PAHi19B0fVzbxxWGsru06aa5hjFwfPe3wNzDpLGynOAuULEB1JAMzWND13QnmS8UQywxJM6M8ZOxmwCMMc9VOByM84oAoadezT3G133Lg9qANSgAoAKACgAoAKACgClqVm92E2Y+XPU0APs73XtP06TT7XVbq30+R2le0iuXWF3MbRsxQHBJjd0JI5ViOhIoAfJqfiGZUWTWL2QJG0KbrqQ7EaIQsq88AxKsZA/gAXpxQBRs9OlguUdiu0Z6H2NAE2pWUl06FCvygg5NAF7T9f8U6RYTWNj4g1Kysprc2kttbX0scckBZ2MTKCAULSSHaeMuxx8xyAQapqPiDXM/2lq13qJIYZu7l5eDI0jD5ieC7s59WYnqc0AVbCwltp97lcYI4NAGlQAUAFABQAUAFABQAUAFABQAUAFABQAUAFABQAUAFABQAUAFABQAUAFABQAUAFABQAUAFABQAUAFABQAUAFABQAUAFABQAUAFABQAUAFABQAUAFABQAUAFABQAUAFABQAUAFABQAUAFABQAUAFABQAUAFABQAUAFABQAUAFABQAUAFABQAUAFABQAUAFABQAUAFABQAUAFABQAUAFABQAUAFABQAUAFABQAUAFABQAUAFABQAUAFABQAUAFABQBFDaa3cXNvbxaLeS3FyI2ghjt3Z5Q5AQqoGWDEgDHXNAFjU9E8SaLIkeo+HtQsJHhFwsd1aSRsYi/liQBgDtL/ID03AjrxQBWlttZhurm1k0e7S6tTKJ4DA4kiMYcy7lxkbBHJuz02NnGDQA6Wx12GJpX0O9WJYUuGkNtJtETSCNZM4xtLsEDdCxA6mgCiNQuiHP2U/IcNwfl4J5/AE/QZoAWe+u7YZltGjGSMspAyCQf1Vh9QfSgCH+2n/55r+dAB/bT/8APNfzoAP7af8A55r+dAB/bT/881/OgA/tp/8Anmv50AH9tP8A881/OgA/tp/+ea/nQAf20/8AzzX86AD+2n/55r+dAF+/+Imv6lq0d9e3cV9e26RwJcXNpDI4WMoyHJT7w2Iu7qUXYSU+WgB2r+Pdc1e2s9PvrxLm1stscKG3iXaBLcTAAqoOPMup2I6HeBjCoFAIbTxrrGnzWuoW935UpEsUSiJNsSyIUcBdu0ArxhQAO3ODQBpW3xS8WDUpb9dalN49pLpyyyRI/k28iMjRxKVxCu2RwBGF2hjt25oAp6L8UPEWm395c298DcXlvBaXLXMMc4mhtzFJDGyupBANvEMEEEAhgQSCAUb/AMQ6neacdOuLrzbMXb3Rj2KMzFVVnzjPIA4zjj1NAGXQAUAFABQAUAFABQAUAFAH/9k=","timing":6606,"timestamp":8650059799698}]}},"meta-viewport":{"displayValue":"","score":false,"helpText":"Disabling zooming is problematic for users with low vision who rely on screen magnification to properly see the contents of a web page. [Learn more](https://dequeuniversity.com/rules/axe/2.2/meta-viewport?application=lighthouse).","rawValue":false,"extendedInfo":{"value":{"help":"Zooming and scaling must not be disabled","nodes":[{"failureSummary":"Fix any of the following:\n  <meta> tag disables zooming on mobile devices","snippet":"<meta name=\"viewport\" content=\"width=device-width,initial-scale=1,maximum-scale=1,minimum-scale=1,user-scalable=no\">","path":"1,HTML,1,HEAD,1,META","impact":"critical","html":"<meta name=\"viewport\" content=\"width=device-width,initial-scale=1,maximum-scale=1,minimum-scale=1,user-scalable=no\">","target":["meta[name=\"viewport\"]"]}],"impact":"critical","description":"Ensures <meta name=\"viewport\"> does not disable text scaling and zooming","helpUrl":"https://dequeuniversity.com/rules/axe/3.0/meta-viewport?application=axeAPI","id":"meta-viewport","tags":["cat.sensory-and-visual-cues","wcag2aa","wcag144"]}},"name":"meta-viewport","description":"`[user-scalable=\"no\"]` is used in the `<meta name=\"viewport\">` element or the `[maximum-scale]` attribute is less than 5.","scoringMode":"binary","details":{"header":{"text":"View failing elements","type":"text"},"type":"list","items":[{"snippet":"<meta name=\"viewport\" content=\"width=device-width,initial-scale=1,maximum-scale=1,minimum-scale=1,user-scalable=no\">","path":"1,HTML,1,HEAD,1,META","selector":"meta[name=\"viewport\"]","type":"node"}]}},"visual-order-follows-dom":{"displayValue":"","score":false,"helpText":"DOM order matches the visual order, improving navigation for assistive technology. [Learn more](https://developers.google.com/web/fundamentals/accessibility/how-to-review#try_it_with_a_screen_reader).","rawValue":false,"name":"visual-order-follows-dom","description":"Visual order on the page follows DOM order","scoringMode":"binary","informative":true,"manual":true},"works-offline":{"displayValue":"","score":false,"helpText":"If you're building a Progressive Web App, consider using a service worker so that your app can work offline. [Learn more](https://developers.google.com/web/tools/lighthouse/audits/http-200-when-offline).","rawValue":false,"name":"works-offline","description":"Does not respond with a 200 when offline","scoringMode":"binary"},"definition-list":{"displayValue":"","score":false,"helpText":"When definition lists are not properly marked up, screen readers may produce confusing or inaccurate output. [Learn more](https://dequeuniversity.com/rules/axe/2.2/definition-list?application=lighthouse).","rawValue":false,"name":"definition-list","description":"`<dl>`'s do not contain only properly-ordered `<dt>` and `<dd>` groups, `<script>` or `<template>` elements.","scoringMode":"binary","informative":true,"notApplicable":true},"password-inputs-can-be-pasted-into":{"displayValue":"","score":true,"helpText":"Preventing password pasting undermines good security policy. [Learn more](https://www.ncsc.gov.uk/blog-post/let-them-paste-passwords)","rawValue":true,"extendedInfo":{"value":[]},"name":"password-inputs-can-be-pasted-into","description":"Allows users to paste into password fields","scoringMode":"binary","details":{"header":{"text":"Password inputs that prevent pasting into","type":"text"},"type":"list","items":[]}},"html-lang-valid":{"displayValue":"","score":false,"helpText":"Specifying a valid [BCP 47 language](https://www.w3.org/International/questions/qa-choosing-language-tags#question) helps screen readers announce text properly. [Learn more](https://dequeuniversity.com/rules/axe/2.2/valid-lang?application=lighthouse).","rawValue":false,"name":"html-lang-valid","description":"`<html>` element does not have a valid value for its `[lang]` attribute.","scoringMode":"binary","informative":true,"notApplicable":true},"splash-screen":{"displayValue":"","score":false,"debugString":"Failures: No manifest was fetched.","helpText":"A themed splash screen ensures a high-quality experience when users launch your app from their homescreens. [Learn more](https://developers.google.com/web/tools/lighthouse/audits/custom-splash-screen).","rawValue":false,"extendedInfo":{"value":{"failures":["No manifest was fetched"],"manifestValues":{"parseFailureReason":"No manifest was fetched","allChecks":[],"isParseFailure":true}}},"name":"splash-screen","description":"Is not configured for a custom splash screen","scoringMode":"binary"},"label":{"displayValue":"","score":true,"helpText":"Labels ensure that form controls are announced properly by assistive technologies, like screen readers. [Learn more](https://dequeuniversity.com/rules/axe/2.2/label?application=lighthouse).","rawValue":true,"extendedInfo":{},"name":"label","description":"Form elements have associated labels","scoringMode":"binary","details":{"header":{"text":"View failing elements","type":"text"},"type":"list","items":[]}},"uses-webp-images":{"displayValue":"","score":100,"helpText":"Image formats like JPEG 2000, JPEG XR, and WebP often provide better compression than PNG or JPEG, which means faster downloads and less data consumption. [Learn more](https://developers.google.com/web/tools/lighthouse/audits/webp).","rawValue":0,"extendedInfo":{"value":{"wastedKb":0,"wastedMs":0,"results":[]}},"name":"uses-webp-images","description":"Serve images in next-gen formats","scoringMode":"binary","informative":true,"details":{"itemHeaders":[{"itemType":"thumbnail","text":"","type":"text"},{"itemType":"url","text":"URL","type":"text"},{"itemType":"text","text":"Original","type":"text"},{"itemType":"text","text":"Potential Savings","type":"text"}],"header":"View Details","type":"table","items":[]}},"speed-index-metric":{"displayValue":"5,723","score":48,"helpText":"Speed Index shows how quickly the contents of a page are visibly populated. [Learn more](https://developers.google.com/web/tools/lighthouse/audits/speed-index).","rawValue":5723,"extendedInfo":{"value":{"frames":[{"progress":0,"timestamp":8.650053193698E9},{"progress":0,"timestamp":8.650053950668E9},{"progress":0,"timestamp":8.650057717184E9},{"progress":78.47020210836772,"timestamp":8.650058783808E9},{"progress":79.55400014666994,"timestamp":8.650058883804E9},{"progress":84.25733274045653,"timestamp":8.65005906713E9},{"progress":90.99914379891193,"timestamp":8.650059217124E9},{"progress":92.49290629372531,"timestamp":8.65005965044E9},{"progress":100.00000000000001,"timestamp":8.650059800434E9}],"timestamps":{"firstVisualChange":8650058783698,"perceptualSpeedIndex":8.650058916695168E12,"visuallyComplete":8650059799698,"visuallyReady":8.650059217124001E12},"timings":{"firstVisualChange":5590,"perceptualSpeedIndex":5722.997167414955,"visuallyComplete":6606,"visuallyReady":6023.426000595093}}},"name":"speed-index-metric","description":"Perceptual Speed Index","scoringMode":"numeric"},"bypass":{"displayValue":"","score":true,"helpText":"Adding ways to bypass repetitive content lets keyboard users navigate the page more efficiently. [Learn more](https://dequeuniversity.com/rules/axe/2.2/bypass?application=lighthouse).","rawValue":true,"extendedInfo":{},"name":"bypass","description":"The page contains a heading, skip link, or landmark region","scoringMode":"binary","details":{"header":{"text":"View failing elements","type":"text"},"type":"list","items":[]}},"http-status-code":{"displayValue":"","score":null,"debugString":"Audit error: Unable to identify the main resource","helpText":"Pages with unsuccessful HTTP status codes may not be indexed properly. [Learn more](https://developers.google.com/web/tools/lighthouse/audits/successful-http-code).","rawValue":null,"name":"http-status-code","description":"Page has unsuccessful HTTP status code","scoringMode":"binary","error":true},"viewport":{"displayValue":"","score":true,"debugString":"","helpText":"Add a viewport meta tag to optimize your app for mobile screens. [Learn more](https://developers.google.com/web/tools/lighthouse/audits/has-viewport-meta-tag).","rawValue":true,"name":"viewport","description":"Has a `<meta name=\"viewport\">` tag with `width` or `initial-scale`","scoringMode":"binary"},"estimated-input-latency":{"displayValue":"50 ms","score":95,"helpText":"The score above is an estimate of how long your app takes to respond to user input, in milliseconds. There is a 90% probability that a user encounters this amount of latency, or less. 10% of the time a user can expect additional latency. If your latency is higher than 50 ms, users may perceive your app as laggy. [Learn more](https://developers.google.com/web/tools/lighthouse/audits/estimated-input-latency).","rawValue":49.8,"extendedInfo":{"value":[{"percentile":0.5,"time":16},{"percentile":0.75,"time":16},{"percentile":0.9,"time":49.84405833333335},{"percentile":0.99,"time":161.88252333333307},{"percentile":1,"time":209.04299999999876}]},"name":"estimated-input-latency","description":"Estimated Input Latency","scoringMode":"numeric"},"redirects":{"displayValue":"","score":null,"debugString":"Audit error: Unable to identify the main resource","helpText":"Redirects introduce additional delays before the page can be loaded. [Learn more](https://developers.google.com/speed/docs/insights/AvoidRedirects).","rawValue":null,"name":"redirects","description":"Has multiple page redirects","scoringMode":"binary","error":true},"load-fast-enough-for-pwa":{"displayValue":"","score":true,"helpText":"A fast page load over a 3G network ensures a good mobile user experience. [Learn more](https://developers.google.com/web/tools/lighthouse/audits/fast-3g).","rawValue":true,"extendedInfo":{"value":{"isFast":true,"timeToFirstInteractive":6460.149,"firstRequestLatencies":[{"latency":"566.29","url":"http://web/"},{"latency":"579.72","url":"https://cdnjs.cloudflare.com/ajax/libs/Chart.js/2.7.1/Chart.min.js"},{"latency":"571.48","url":"https://unpkg.com/vue-chartjs/dist/vue-chartjs.min.js"},{"latency":"578.93","url":"https://fonts.gstatic.com/s/roboto/v18/KFOmCnqEu92Fr1Mu4mxK.woff2"}],"areLatenciesAll3G":true}},"name":"load-fast-enough-for-pwa","description":"Page load is fast enough on 3G","scoringMode":"binary"},"font-display":{"displayValue":"","score":false,"helpText":"Leverage the font-display CSS feature to ensure text is user-visible while webfonts are loading. [Learn more](https://developers.google.com/web/updates/2016/02/font-display).","rawValue":false,"name":"font-display","description":"Avoid invisible text while webfonts are loading","scoringMode":"binary","details":{"itemHeaders":[{"itemType":"url","text":"Font URL","type":"text"},{"itemType":"text","text":"Font download time","type":"text"}],"header":"View Details","type":"table","items":[[{"text":"https://fonts.gstatic.com/s/roboto/v18/KFOmCnqEu92Fr1Mu4mxK.woff2","type":"url"},{"text":"884 ms","type":"text"}],[{"text":"https://fonts.gstatic.com/s/materialicons/v37/flUhRq6tzZclQEJ-Vdg-IuiaDsNc.woff2","type":"url"},{"text":"1,066 ms","type":"text"}],[{"text":"https://fonts.gstatic.com/s/roboto/v18/KFOlCnqEu92Fr1MmEU9fBBc4.woff2","type":"url"},{"text":"875 ms","type":"text"}]]}},"layout-table":{"displayValue":"","score":false,"helpText":"A table being used for layout purposes should not include data elements, such as the th or caption elements or the summary attribute, because this can create a confusing experience for screen reader users. [Learn more](https://dequeuniversity.com/rules/axe/2.2/layout-table?application=lighthouse).","rawValue":false,"name":"layout-table","description":"Presentational `<table>` elements do not avoid using `<th>`, `<caption>` or the `[summary]` attribute.","scoringMode":"binary","informative":true,"notApplicable":true}},"url":"http://web/#/"}
61.94117647058823
The variable of type Double with the value 61.94117647058823 is not LOWER_THAN 5.94117647058823
]]></system-out>
    <rerunFailure message="expected:&lt;true&gt; but was:&lt;false&gt;" type="java.lang.AssertionError"><![CDATA[java.lang.AssertionError: expected:<true> but was:<false>
	at org.junit.Assert.fail(Assert.java:88)
	at org.junit.Assert.failNotEquals(Assert.java:834)
	at org.junit.Assert.assertEquals(Assert.java:118)
	at org.junit.Assert.assertEquals(Assert.java:144)
	at io.jenkins.plugins.sample.LighthousePluginTest.Test_PositiveGreaterThan(LighthousePluginTest.java:80)
	at sun.reflect.NativeMethodAccessorImpl.invoke0(Native Method)
	at sun.reflect.NativeMethodAccessorImpl.invoke(NativeMethodAccessorImpl.java:62)
	at sun.reflect.DelegatingMethodAccessorImpl.invoke(DelegatingMethodAccessorImpl.java:43)
	at java.lang.reflect.Method.invoke(Method.java:498)
	at org.junit.runners.model.FrameworkMethod$1.runReflectiveCall(FrameworkMethod.java:50)
	at org.junit.internal.runners.model.ReflectiveCallable.run(ReflectiveCallable.java:12)
	at org.junit.runners.model.FrameworkMethod.invokeExplosively(FrameworkMethod.java:47)
	at org.junit.internal.runners.statements.InvokeMethod.evaluate(InvokeMethod.java:17)
	at org.junit.runners.ParentRunner.runLeaf(ParentRunner.java:325)
	at org.junit.runners.BlockJUnit4ClassRunner.runChild(BlockJUnit4ClassRunner.java:78)
	at org.junit.runners.BlockJUnit4ClassRunner.runChild(BlockJUnit4ClassRunner.java:57)
	at org.junit.runners.ParentRunner$3.run(ParentRunner.java:290)
	at org.junit.runners.ParentRunner$1.schedule(ParentRunner.java:71)
	at org.junit.runners.ParentRunner.runChildren(ParentRunner.java:288)
	at org.junit.runners.ParentRunner.access$000(ParentRunner.java:58)
	at org.junit.runners.ParentRunner$2.evaluate(ParentRunner.java:268)
	at org.junit.runners.ParentRunner.run(ParentRunner.java:363)
	at org.apache.maven.surefire.junit4.JUnit4Provider.executeFailedMethod(JUnit4Provider.java:379)
	at org.apache.maven.surefire.junit4.JUnit4Provider.executeWithRerun(JUnit4Provider.java:290)
	at org.apache.maven.surefire.junit4.JUnit4Provider.executeTestSet(JUnit4Provider.java:236)
	at org.apache.maven.surefire.junit4.JUnit4Provider.invoke(JUnit4Provider.java:159)
	at org.apache.maven.surefire.booter.ForkedBooter.invokeProviderInSameClassLoader(ForkedBooter.java:386)
	at org.apache.maven.surefire.booter.ForkedBooter.runSuitesInProcess(ForkedBooter.java:323)
	at org.apache.maven.surefire.booter.ForkedBooter.main(ForkedBooter.java:143)
]]>
      <system-out><![CDATA[{"initialUrl":"http://web:80/#/","generatedTime":"2018-06-24T16:18:28.384Z","score":30,"reportCategories":[{"score":61.94117647058823,"name":"Performance","description":"These encapsulate your web app's current performance and opportunities to improve it.","id":"performance","audits":[{"result":{"displayValue":"4,520 ms","score":40,"helpText":"First meaningful paint measures when the primary content of a page is visible. [Learn more](https://developers.google.com/web/tools/lighthouse/audits/first-meaningful-paint).","rawValue":4521.8,"extendedInfo":{"value":{"timestamps":{"fCP":8650057715484,"endOfTrace":8650064967436,"fMP":8650057715493,"onLoad":8650058566647,"navStart":8650053193698},"fmpFellBack":false,"timings":{"fCP":4521.786,"endOfTrace":11773.738,"fMP":4521.795,"onLoad":5372.949,"navStart":0}}},"name":"first-meaningful-paint","description":"First meaningful paint","scoringMode":"numeric"},"score":40,"weight":5,"id":"first-meaningful-paint","group":"perf-metric"},{"result":{"displayValue":"6,460 ms","score":71,"helpText":"First Interactive marks the time at which the page is minimally interactive. [Learn more](https://developers.google.com/web/tools/lighthouse/audits/first-interactive).","rawValue":6460.149,"extendedInfo":{"value":{"timeInMs":6460.149,"timestamp":8650059653847}},"name":"first-interactive","description":"First Interactive (beta)","scoringMode":"numeric"},"score":71,"weight":5,"id":"first-interactive","group":"perf-metric"},{"result":{"displayValue":"6,460 ms","score":71,"helpText":"Consistently Interactive marks the time at which the page is fully interactive. [Learn more](https://developers.google.com/web/tools/lighthouse/audits/consistently-interactive).","rawValue":6460.149,"extendedInfo":{"value":{"timeInMs":6460.149,"cpuQuietPeriod":{"start":8.650059653847E9,"end":8.650064967436E9},"networkQuietPeriods":[{"start":8.650059532223999E9,"end":8.650064967436E9}],"networkQuietPeriod":{"start":8.650059532223999E9,"end":8.650064967436E9},"cpuQuietPeriods":[{"start":8.650059653847E9,"end":8.650064967436E9}],"timestamp":8650059653847}},"name":"consistently-interactive","description":"Consistently Interactive (beta)","scoringMode":"numeric"},"score":71,"weight":5,"id":"consistently-interactive","group":"perf-metric"},{"result":{"displayValue":"5,723","score":48,"helpText":"Speed Index shows how quickly the contents of a page are visibly populated. [Learn more](https://developers.google.com/web/tools/lighthouse/audits/speed-index).","rawValue":5723,"extendedInfo":{"value":{"frames":[{"progress":0,"timestamp":8.650053193698E9},{"progress":0,"timestamp":8.650053950668E9},{"progress":0,"timestamp":8.650057717184E9},{"progress":78.47020210836772,"timestamp":8.650058783808E9},{"progress":79.55400014666994,"timestamp":8.650058883804E9},{"progress":84.25733274045653,"timestamp":8.65005906713E9},{"progress":90.99914379891193,"timestamp":8.650059217124E9},{"progress":92.49290629372531,"timestamp":8.65005965044E9},{"progress":100.00000000000001,"timestamp":8.650059800434E9}],"timestamps":{"firstVisualChange":8650058783698,"perceptualSpeedIndex":8.650058916695168E12,"visuallyComplete":8650059799698,"visuallyReady":8.650059217124001E12},"timings":{"firstVisualChange":5590,"perceptualSpeedIndex":5722.997167414955,"visuallyComplete":6606,"visuallyReady":6023.426000595093}}},"name":"speed-index-metric","description":"Perceptual Speed Index","scoringMode":"numeric"},"score":48,"weight":1,"id":"speed-index-metric","group":"perf-metric"},{"result":{"displayValue":"50 ms","score":95,"helpText":"The score above is an estimate of how long your app takes to respond to user input, in milliseconds. There is a 90% probability that a user encounters this amount of latency, or less. 10% of the time a user can expect additional latency. If your latency is higher than 50 ms, users may perceive your app as laggy. [Learn more](https://developers.google.com/web/tools/lighthouse/audits/estimated-input-latency).","rawValue":49.8,"extendedInfo":{"value":[{"percentile":0.5,"time":16},{"percentile":0.75,"time":16},{"percentile":0.9,"time":49.84405833333335},{"percentile":0.99,"time":161.88252333333307},{"percentile":1,"time":209.04299999999876}]},"name":"estimated-input-latency","description":"Estimated Input Latency","scoringMode":"numeric"},"score":95,"weight":1,"id":"estimated-input-latency","group":"perf-metric"},{"result":{"displayValue":"","score":100,"helpText":"External stylesheets are blocking the first paint of your page. Consider delivering critical CSS via `<style>` tags and deferring non-critical styles. [Learn more](https://developers.google.com/web/tools/lighthouse/audits/blocking-resources).","rawValue":0,"extendedInfo":{"value":{"wastedMs":"0 ms","results":[]}},"name":"link-blocking-first-paint","description":"Reduce render-blocking stylesheets","scoringMode":"binary","informative":true,"details":{"itemHeaders":[{"itemType":"url","text":"URL","type":"text"},{"itemType":"text","text":"Size (KB)","type":"text"},{"itemType":"text","text":"Delayed Paint By (ms)","type":"text"}],"header":"View Details","type":"table","items":[]}},"score":100,"weight":0,"id":"link-blocking-first-paint","group":"perf-hint"},{"result":{"displayValue":"","score":100,"helpText":"Script elements are blocking the first paint of your page. Consider inlining critical scripts and deferring non-critical ones. [Learn more](https://developers.google.com/web/tools/lighthouse/audits/blocking-resources).","rawValue":0,"extendedInfo":{"value":{"wastedMs":"0 ms","results":[]}},"name":"script-blocking-first-paint","description":"Reduce render-blocking scripts","scoringMode":"binary","informative":true,"details":{"itemHeaders":[{"itemType":"url","text":"URL","type":"text"},{"itemType":"text","text":"Size (KB)","type":"text"},{"itemType":"text","text":"Delayed Paint By (ms)","type":"text"}],"header":"View Details","type":"table","items":[]}},"score":100,"weight":0,"id":"script-blocking-first-paint","group":"perf-hint"},{"result":{"displayValue":"","score":100,"helpText":"Serve images that are appropriately-sized to save cellular data and improve load time. [Learn more](https://developers.google.com/web/tools/lighthouse/audits/oversized-images).","rawValue":0,"extendedInfo":{"value":{"wastedKb":0,"wastedMs":0,"results":[]}},"name":"uses-responsive-images","description":"Properly size images","scoringMode":"binary","informative":true,"details":{"itemHeaders":[{"itemType":"thumbnail","text":"","type":"text"},{"itemType":"url","text":"URL","type":"text"},{"itemType":"text","text":"Original","type":"text"},{"itemType":"text","text":"Potential Savings","type":"text"}],"header":"View Details","type":"table","items":[]}},"score":100,"weight":0,"id":"uses-responsive-images","group":"perf-hint"},{"result":{"displayValue":"","score":100,"helpText":"Consider lazy-loading offscreen and hidden images to improve page load speed and time to interactive. [Learn more](https://developers.google.com/web/tools/lighthouse/audits/offscreen-images).","rawValue":0,"extendedInfo":{"value":{"wastedKb":0,"wastedMs":0,"results":[]}},"name":"offscreen-images","description":"Offscreen images","scoringMode":"binary","informative":true,"details":{"itemHeaders":[{"itemType":"thumbnail","text":"","type":"text"},{"itemType":"url","text":"URL","type":"text"},{"itemType":"text","text":"Original","type":"text"},{"itemType":"text","text":"Potential Savings","type":"text"}],"header":"View Details","type":"table","items":[]}},"score":100,"weight":0,"id":"offscreen-images","group":"perf-hint"},{"result":{"displayValue":"","score":100,"helpText":"Minifying CSS files can reduce network payload sizes. [Learn more](https://developers.google.com/speed/docs/insights/MinifyResources).","rawValue":0,"extendedInfo":{"value":{"wastedKb":0,"wastedMs":0,"results":[]}},"name":"unminified-css","description":"Minify CSS","scoringMode":"binary","informative":true,"details":{"itemHeaders":[{"itemType":"url","text":"URL","type":"text"},{"itemType":"text","text":"Original","type":"text"},{"itemType":"text","text":"Potential Savings","type":"text"}],"header":"View Details","type":"table","items":[]}},"score":100,"weight":0,"id":"unminified-css","group":"perf-hint"},{"result":{"displayValue":"","score":100,"helpText":"Minifying JavaScript files can reduce payload sizes and script parse time. [Learn more](https://developers.google.com/speed/docs/insights/MinifyResources).","rawValue":0,"extendedInfo":{"value":{"wastedKb":0,"wastedMs":0,"results":[]}},"name":"unminified-javascript","description":"Minify JavaScript","scoringMode":"binary","informative":true,"details":{"itemHeaders":[{"itemType":"url","text":"URL","type":"text"},{"itemType":"text","text":"Original","type":"text"},{"itemType":"text","text":"Potential Savings","type":"text"}],"header":"View Details","type":"table","items":[]}},"score":100,"weight":0,"id":"unminified-javascript","group":"perf-hint"},{"result":{"displayValue":"Potential savings of 35 KB (~190 ms)","score":90,"helpText":"Remove unused rules from stylesheets to reduce unnecessary bytes consumed by network activity. [Learn more](https://developers.google.com/speed/docs/insights/OptimizeCSSDelivery)","rawValue":190,"extendedInfo":{"value":{"wastedKb":35,"wastedMs":190,"results":[{"wastedKb":"29 KB","totalKb":"32 KB","wastedMs":"160 ms","totalMs":"170 ms","potentialSavings":"29 KB (93%)","totalBytes":32261,"wastedPercent":92.80281987684556,"wastedBytes":29939,"url":"http://web/static/css/app.a1bcfeb0daa2a3f727390086fd42ee9d.css"},{"wastedKb":"5 KB","totalKb":"6 KB","wastedMs":"30 ms","totalMs":"30 ms","potentialSavings":"5 KB (98%)","totalBytes":5722,"wastedPercent":98.2698357217756,"wastedBytes":5623,"url":{"text":"a { color: #1976d2; } ...","type":"code"}}]}},"name":"unused-css-rules","description":"Unused CSS rules","scoringMode":"binary","informative":true,"details":{"itemHeaders":[{"itemType":"url","text":"URL","type":"text"},{"itemType":"text","text":"Original","type":"text"},{"itemType":"text","text":"Potential Savings","type":"text"}],"header":"View Details","type":"table","items":[[{"text":"http://web/static/css/app.a1bcfeb0daa2a3f727390086fd42ee9d.css","type":"url"},{"text":"32 KB","type":"text"},{"text":"29 KB (93%)","type":"text"}],[{"text":"a { color: #1976d2; } ...","type":"code"},{"text":"6 KB","type":"text"},{"text":"5 KB (98%)","type":"text"}]]}},"score":90,"weight":0,"id":"unused-css-rules","group":"perf-hint"},{"result":{"displayValue":"","score":100,"helpText":"Optimized images load faster and consume less cellular data. [Learn more](https://developers.google.com/web/tools/lighthouse/audits/optimize-images).","rawValue":0,"extendedInfo":{"value":{"wastedKb":0,"wastedMs":0,"results":[]}},"name":"uses-optimized-images","description":"Optimize images","scoringMode":"binary","informative":true,"details":{"itemHeaders":[{"itemType":"thumbnail","text":"","type":"text"},{"itemType":"url","text":"URL","type":"text"},{"itemType":"text","text":"Original","type":"text"},{"itemType":"text","text":"Potential Savings","type":"text"}],"header":"View Details","type":"table","items":[]}},"score":100,"weight":0,"id":"uses-optimized-images","group":"perf-hint"},{"result":{"displayValue":"","score":100,"helpText":"Image formats like JPEG 2000, JPEG XR, and WebP often provide better compression than PNG or JPEG, which means faster downloads and less data consumption. [Learn more](https://developers.google.com/web/tools/lighthouse/audits/webp).","rawValue":0,"extendedInfo":{"value":{"wastedKb":0,"wastedMs":0,"results":[]}},"name":"uses-webp-images","description":"Serve images in next-gen formats","scoringMode":"binary","informative":true,"details":{"itemHeaders":[{"itemType":"thumbnail","text":"","type":"text"},{"itemType":"url","text":"URL","type":"text"},{"itemType":"text","text":"Original","type":"text"},{"itemType":"text","text":"Potential Savings","type":"text"}],"header":"View Details","type":"table","items":[]}},"score":100,"weight":0,"id":"uses-webp-images","group":"perf-hint"},{"result":{"displayValue":"","score":100,"helpText":"Text-based responses should be served with compression (gzip, deflate or brotli) to minimize total network bytes. [Learn more](https://developers.google.com/web/fundamentals/performance/optimizing-content-efficiency/optimize-encoding-and-transfer).","rawValue":0,"extendedInfo":{"value":{"wastedKb":0,"wastedMs":0,"results":[]}},"name":"uses-request-compression","description":"Enable text compression","scoringMode":"binary","informative":true,"details":{"itemHeaders":[{"itemType":"url","text":"Uncompressed resource URL","type":"text"},{"itemType":"text","text":"Original","type":"text"},{"itemType":"text","text":"GZIP Savings","type":"text"}],"header":"View Details","type":"table","items":[]}},"score":100,"weight":0,"id":"uses-request-compression","group":"perf-hint"},{"result":{"displayValue":"","score":null,"debugString":"Audit error: Cannot read property '_timing' of undefined","helpText":"Time To First Byte identifies the time at which your server sends a response. [Learn more](https://developers.google.com/web/tools/chrome-devtools/network-performance/issues).","rawValue":null,"name":"time-to-first-byte","description":"Keep server response times low (TTFB)","scoringMode":"binary","informative":true,"error":true},"score":0,"weight":0,"id":"time-to-first-byte","group":"perf-hint"},{"result":{"displayValue":"","score":null,"debugString":"Audit error: Unable to identify the main resource","helpText":"Redirects introduce additional delays before the page can be loaded. [Learn more](https://developers.google.com/speed/docs/insights/AvoidRedirects).","rawValue":null,"name":"redirects","description":"Has multiple page redirects","scoringMode":"binary","error":true},"score":0,"weight":0,"id":"redirects","group":"perf-hint"},{"result":{"displayValue":"","score":null,"debugString":"Audit error: Unable to identify the main resource","helpText":"Consider using <link rel=preload> to prioritize fetching late-discovered resources sooner [Learn more](https://developers.google.com/web/updates/2016/03/link-rel-preload).","rawValue":null,"name":"uses-rel-preload","description":"Preload key requests","scoringMode":"numeric","informative":true,"error":true},"score":0,"weight":0,"id":"uses-rel-preload","group":"perf-hint"},{"result":{"displayValue":"Total size was 400 KB","score":100,"helpText":"Large network payloads cost users real money and are highly correlated with long load times. [Learn more](https://developers.google.com/web/tools/lighthouse/audits/network-payloads).","rawValue":409855,"extendedInfo":{"value":{"totalCompletedRequests":11,"results":[{"totalKb":"227 KB","totalMs":"1,240 ms","totalBytes":232785,"url":"http://web/static/js/vendor.d1efda22f11e965a5228.js"},{"totalKb":"48 KB","totalMs":"260 ms","totalBytes":49163,"url":"https://fonts.gstatic.com/s/materialicons/v37/flUhRq6tzZclQEJ-Vdg-IuiaDsNc.woff2"},{"totalKb":"46 KB","totalMs":"250 ms","totalBytes":47366,"url":"https://cdnjs.cloudflare.com/ajax/libs/Chart.js/2.7.1/Chart.min.js"},{"totalKb":"32 KB","totalMs":"170 ms","totalBytes":32261,"url":"http://web/static/css/app.a1bcfeb0daa2a3f727390086fd42ee9d.css"},{"totalKb":"15 KB","totalMs":"80 ms","totalBytes":15817,"url":"https://fonts.gstatic.com/s/roboto/v18/KFOlCnqEu92Fr1MmEU9fBBc4.woff2"},{"totalKb":"15 KB","totalMs":"80 ms","totalBytes":15461,"url":"https://fonts.gstatic.com/s/roboto/v18/KFOmCnqEu92Fr1Mu4mxK.woff2"},{"totalKb":"12 KB","totalMs":"70 ms","totalBytes":12691,"url":"http://web/static/js/app.310cd52123c59f9f64a5.js"},{"totalKb":"1 KB","totalMs":"10 ms","totalBytes":1524,"url":"https://unpkg.com/vue-chartjs@3.3.2/dist/vue-chartjs.min.js"},{"totalKb":"1 KB","totalMs":"10 ms","totalBytes":1211,"url":"http://web/"},{"totalKb":"1 KB","totalMs":"10 ms","totalBytes":1171,"url":"http://web/static/js/manifest.9f020e973ae4037504f6.js"}]}},"name":"total-byte-weight","description":"Avoids enormous network payloads","scoringMode":"numeric","details":{"itemHeaders":[{"itemType":"url","text":"URL","type":"text"},{"itemType":"text","text":"Total Size","type":"text"},{"itemType":"text","text":"Transfer Time","type":"text"}],"header":"View Details","type":"table","items":[[{"text":"http://web/static/js/vendor.d1efda22f11e965a5228.js","type":"url"},{"text":"227 KB","type":"text"},{"text":"1,240 ms","type":"text"}],[{"text":"https://fonts.gstatic.com/s/materialicons/v37/flUhRq6tzZclQEJ-Vdg-IuiaDsNc.woff2","type":"url"},{"text":"48 KB","type":"text"},{"text":"260 ms","type":"text"}],[{"text":"https://cdnjs.cloudflare.com/ajax/libs/Chart.js/2.7.1/Chart.min.js","type":"url"},{"text":"46 KB","type":"text"},{"text":"250 ms","type":"text"}],[{"text":"http://web/static/css/app.a1bcfeb0daa2a3f727390086fd42ee9d.css","type":"url"},{"text":"32 KB","type":"text"},{"text":"170 ms","type":"text"}],[{"text":"https://fonts.gstatic.com/s/roboto/v18/KFOlCnqEu92Fr1MmEU9fBBc4.woff2","type":"url"},{"text":"15 KB","type":"text"},{"text":"80 ms","type":"text"}],[{"text":"https://fonts.gstatic.com/s/roboto/v18/KFOmCnqEu92Fr1Mu4mxK.woff2","type":"url"},{"text":"15 KB","type":"text"},{"text":"80 ms","type":"text"}],[{"text":"http://web/static/js/app.310cd52123c59f9f64a5.js","type":"url"},{"text":"12 KB","type":"text"},{"text":"70 ms","type":"text"}],[{"text":"https://unpkg.com/vue-chartjs@3.3.2/dist/vue-chartjs.min.js","type":"url"},{"text":"1 KB","type":"text"},{"text":"10 ms","type":"text"}],[{"text":"http://web/","type":"url"},{"text":"1 KB","type":"text"},{"text":"10 ms","type":"text"}],[{"text":"http://web/static/js/manifest.9f020e973ae4037504f6.js","type":"url"},{"text":"1 KB","type":"text"},{"text":"10 ms","type":"text"}]]}},"score":100,"weight":0,"id":"total-byte-weight","group":"perf-info"},{"result":{"displayValue":"0 assets found","score":100,"helpText":"A long cache lifetime can speed up repeat visits to your page. [Learn more](https://developers.google.com/web/fundamentals/performance/optimizing-content-efficiency/http-caching#cache-control).","rawValue":0,"extendedInfo":{"value":{"queryStringCount":0,"results":[]}},"name":"uses-long-cache-ttl","description":"Uses efficient cache policy on static assets","scoringMode":"numeric","details":{"itemHeaders":[{"itemType":"url","text":"URL","type":"text"},{"itemType":"text","text":"Cache TTL","type":"text"},{"itemType":"text","text":"Size (KB)","type":"text"}],"header":"View Details","type":"table","items":[]}},"score":100,"weight":0,"id":"uses-long-cache-ttl","group":"perf-info"},{"result":{"displayValue":"94 nodes","score":100,"helpText":"Browser engineers recommend pages contain fewer than ~1,500 DOM nodes. The sweet spot is a tree depth < 32 elements and fewer than 60 children/parent element. A large DOM can increase memory usage, cause longer [style calculations](https://developers.google.com/web/fundamentals/performance/rendering/reduce-the-scope-and-complexity-of-style-calculations), and produce costly [layout reflows](https://developers.google.com/speed/articles/reflow). [Learn more](https://developers.google.com/web/fundamentals/performance/rendering/).","rawValue":94,"extendedInfo":{"value":[{"title":"Total DOM Nodes","value":"94","target":"< 1,500 nodes"},{"snippet":"html >\n  body >\n    main >\n      div#inspire.application.theme--dark >\n        div.application--wrap >\n          aside.navigation-drawer.navigation-drawer--clipped.navigation-drawer--close.navigation-drawer--fixed.navigation-drawer--is-mobile >\n            div.list >\n              div >\n                div.list__tile >\n                  div.input-group.input-group--dirty.input-group--selection-controls.switch.accent--text >\n                    div.input-group__input >\n                      div.input-group--selection-controls__container >\n                        div.input-group--selection-controls__toggle.input-group--selection-controls__toggle--active","title":"DOM Depth","value":"13","target":"< 32"},{"snippet":"Element with most children:\nhead","title":"Maximum Children","value":"8","target":"< 60 nodes"}]},"name":"dom-size","description":"Avoids an excessive DOM size","scoringMode":"numeric","details":{"header":{"text":"View details","type":"text"},"type":"cards","items":[{"title":"Total DOM Nodes","value":"94","target":"< 1,500 nodes"},{"snippet":"html >\n  body >\n    main >\n      div#inspire.application.theme--dark >\n        div.application--wrap >\n          aside.navigation-drawer.navigation-drawer--clipped.navigation-drawer--close.navigation-drawer--fixed.navigation-drawer--is-mobile >\n            div.list >\n              div >\n                div.list__tile >\n                  div.input-group.input-group--dirty.input-group--selection-controls.switch.accent--text >\n                    div.input-group__input >\n                      div.input-group--selection-controls__container >\n                        div.input-group--selection-controls__toggle.input-group--selection-controls__toggle--active","title":"DOM Depth","value":"13","target":"< 32"},{"snippet":"Element with most children:\nhead","title":"Maximum Children","value":"8","target":"< 60 nodes"}]}},"score":100,"weight":0,"id":"dom-size","group":"perf-info"},{"result":{"displayValue":"","score":null,"debugString":"Audit error: Unable to identify the main resource","helpText":"The Critical Request Chains below show you what resources are issued with a high priority. Consider reducing the length of chains, reducing the download size of resources, or deferring the download of unnecessary resources to improve page load. [Learn more](https://developers.google.com/web/tools/lighthouse/audits/critical-request-chains).","rawValue":null,"name":"critical-request-chains","description":"Critical Request Chains","scoringMode":"binary","informative":true,"error":true},"score":0,"weight":0,"id":"critical-request-chains","group":"perf-info"},{"result":{"displayValue":"11","score":100,"helpText":"Lists the network requests that were made during page load.","rawValue":11,"extendedInfo":{"value":[{"transferSize":1211,"startTime":0,"endTime":638.9249991625547,"mimeType":"text/html","url":"http://web/","statusCode":200,"resourceType":"document"},{"transferSize":1171,"startTime":755.621999502182,"endTime":1328.4680005162954,"mimeType":"application/javascript","url":"http://web/static/js/manifest.9f020e973ae4037504f6.js","statusCode":200,"resourceType":"script"},{"transferSize":232785,"startTime":755.7720001786947,"endTime":2917.8979992866516,"mimeType":"application/javascript","url":"http://web/static/js/vendor.d1efda22f11e965a5228.js","statusCode":200,"resourceType":"script"},{"transferSize":12691,"startTime":755.9009995311499,"endTime":1470.6410001963377,"mimeType":"application/javascript","url":"http://web/static/js/app.310cd52123c59f9f64a5.js","statusCode":200,"resourceType":"script"},{"transferSize":47366,"startTime":790.370000526309,"endTime":2162.829000502825,"mimeType":"application/javascript","url":"https://cdnjs.cloudflare.com/ajax/libs/Chart.js/2.7.1/Chart.min.js","statusCode":200,"resourceType":"script"},{"transferSize":405,"startTime":790.8159997314215,"endTime":1663.72200101614,"mimeType":"text/plain","url":"https://unpkg.com/vue-chartjs/dist/vue-chartjs.min.js","statusCode":302},{"transferSize":1524,"startTime":1664.8290008306503,"endTime":2258.2770008593798,"mimeType":"application/javascript","url":"https://unpkg.com/vue-chartjs@3.3.2/dist/vue-chartjs.min.js","statusCode":200,"resourceType":"script"},{"transferSize":32261,"startTime":4527.456000447273,"endTime":5278.87500077486,"mimeType":"text/css","url":"http://web/static/css/app.a1bcfeb0daa2a3f727390086fd42ee9d.css","statusCode":200,"resourceType":"stylesheet"},{"transferSize":15461,"startTime":5458.613000810146,"endTime":6342.342000454664,"mimeType":"font/woff2","url":"https://fonts.gstatic.com/s/roboto/v18/KFOmCnqEu92Fr1Mu4mxK.woff2","statusCode":200,"resourceType":"font"},{"transferSize":49163,"startTime":5458.761001005769,"endTime":6524.431999772787,"mimeType":"font/woff2","url":"https://fonts.gstatic.com/s/materialicons/v37/flUhRq6tzZclQEJ-Vdg-IuiaDsNc.woff2","statusCode":200,"resourceType":"font"},{"transferSize":15817,"startTime":5458.878999575973,"endTime":6334.002999588847,"mimeType":"font/woff2","url":"https://fonts.gstatic.com/s/roboto/v18/KFOlCnqEu92Fr1MmEU9fBBc4.woff2","statusCode":200,"resourceType":"font"}]},"name":"network-requests","description":"Network Requests","scoringMode":"binary","informative":true,"details":{"itemHeaders":[{"itemType":"url","text":"URL","type":"text"},{"itemType":"ms","text":"Start Time","type":"text"},{"itemType":"ms","text":"End Time","type":"text"},{"itemType":"bytes","text":"Transfer Size","type":"text"},{"itemType":"text","text":"Status Code","type":"text"},{"itemType":"text","text":"MIME Type","type":"text"},{"itemType":"text","text":"Resource Type","type":"text"}],"header":"View Details","type":"table","items":[[{"text":"http://web/","type":"url"},{"text":0,"type":"ms"},{"text":638.9249991625547,"type":"ms"},{"text":1211,"type":"bytes"},{"text":200,"type":"text"},{"text":"text/html","type":"text"},{"text":"document","type":"text"}],[{"text":"http://web/static/js/manifest.9f020e973ae4037504f6.js","type":"url"},{"text":755.621999502182,"type":"ms"},{"text":1328.4680005162954,"type":"ms"},{"text":1171,"type":"bytes"},{"text":200,"type":"text"},{"text":"application/javascript","type":"text"},{"text":"script","type":"text"}],[{"text":"http://web/static/js/vendor.d1efda22f11e965a5228.js","type":"url"},{"text":755.7720001786947,"type":"ms"},{"text":2917.8979992866516,"type":"ms"},{"text":232785,"type":"bytes"},{"text":200,"type":"text"},{"text":"application/javascript","type":"text"},{"text":"script","type":"text"}],[{"text":"http://web/static/js/app.310cd52123c59f9f64a5.js","type":"url"},{"text":755.9009995311499,"type":"ms"},{"text":1470.6410001963377,"type":"ms"},{"text":12691,"type":"bytes"},{"text":200,"type":"text"},{"text":"application/javascript","type":"text"},{"text":"script","type":"text"}],[{"text":"https://cdnjs.cloudflare.com/ajax/libs/Chart.js/2.7.1/Chart.min.js","type":"url"},{"text":790.370000526309,"type":"ms"},{"text":2162.829000502825,"type":"ms"},{"text":47366,"type":"bytes"},{"text":200,"type":"text"},{"text":"application/javascript","type":"text"},{"text":"script","type":"text"}],[{"text":"https://unpkg.com/vue-chartjs/dist/vue-chartjs.min.js","type":"url"},{"text":790.8159997314215,"type":"ms"},{"text":1663.72200101614,"type":"ms"},{"text":405,"type":"bytes"},{"text":302,"type":"text"},{"text":"text/plain","type":"text"},{"type":"text"}],[{"text":"https://unpkg.com/vue-chartjs@3.3.2/dist/vue-chartjs.min.js","type":"url"},{"text":1664.8290008306503,"type":"ms"},{"text":2258.2770008593798,"type":"ms"},{"text":1524,"type":"bytes"},{"text":200,"type":"text"},{"text":"application/javascript","type":"text"},{"text":"script","type":"text"}],[{"text":"http://web/static/css/app.a1bcfeb0daa2a3f727390086fd42ee9d.css","type":"url"},{"text":4527.456000447273,"type":"ms"},{"text":5278.87500077486,"type":"ms"},{"text":32261,"type":"bytes"},{"text":200,"type":"text"},{"text":"text/css","type":"text"},{"text":"stylesheet","type":"text"}],[{"text":"https://fonts.gstatic.com/s/roboto/v18/KFOmCnqEu92Fr1Mu4mxK.woff2","type":"url"},{"text":5458.613000810146,"type":"ms"},{"text":6342.342000454664,"type":"ms"},{"text":15461,"type":"bytes"},{"text":200,"type":"text"},{"text":"font/woff2","type":"text"},{"text":"font","type":"text"}],[{"text":"https://fonts.gstatic.com/s/materialicons/v37/flUhRq6tzZclQEJ-Vdg-IuiaDsNc.woff2","type":"url"},{"text":5458.761001005769,"type":"ms"},{"text":6524.431999772787,"type":"ms"},{"text":49163,"type":"bytes"},{"text":200,"type":"text"},{"text":"font/woff2","type":"text"},{"text":"font","type":"text"}],[{"text":"https://fonts.gstatic.com/s/roboto/v18/KFOlCnqEu92Fr1MmEU9fBBc4.woff2","type":"url"},{"text":5458.878999575973,"type":"ms"},{"text":6334.002999588847,"type":"ms"},{"text":15817,"type":"bytes"},{"text":200,"type":"text"},{"text":"font/woff2","type":"text"},{"text":"font","type":"text"}]]}},"score":100,"weight":0,"id":"network-requests"},{"result":{"displayValue":"0","score":true,"helpText":"Consider instrumenting your app with the User Timing API to create custom, real-world measurements of key user experiences. [Learn more](https://developers.google.com/web/tools/lighthouse/audits/user-timing).","rawValue":true,"extendedInfo":{"value":[]},"name":"user-timings","description":"User Timing marks and measures","scoringMode":"binary","informative":true,"details":{"itemHeaders":[{"itemType":"text","text":"Name","type":"text"},{"itemType":"text","text":"Type","type":"text"},{"itemType":"text","text":"Time","type":"text"}],"header":"View Details","type":"table","items":[]}},"score":100,"weight":0,"id":"user-timings","group":"perf-info"},{"result":{"displayValue":"1,570 ms","score":true,"helpText":"Consider reducing the time spent parsing, compiling, and executing JS. You may find delivering smaller JS payloads helps with this. [Learn more](https://developers.google.com/web/lighthouse/audits/bootup).","rawValue":1573.503999710083,"extendedInfo":{"value":{"http://web/static/js/app.310cd52123c59f9f64a5.js":{"Script Evaluation":1173.697998046875,"Script Parsing & Compile":22.533000946044922},"http://web/static/js/vendor.d1efda22f11e965a5228.js":{"Style & Layout":178.41699981689453,"Script Parsing & Compile":14.004999160766602,"Script Evaluation":9.45100212097168},"https://unpkg.com/vue-chartjs@3.3.2/dist/vue-chartjs.min.js":{"Script Evaluation":6.445001602172852,"Script Parsing & Compile":4.004999160766602},"https://cdnjs.cloudflare.com/ajax/libs/Chart.js/2.7.1/Chart.min.js":{"Style & Layout":0.8509998321533203,"Script Evaluation":90.19700050354004,"Script Parsing & Compile":0.5679988861083984},"http://web/static/js/manifest.9f020e973ae4037504f6.js":{"Script Parsing & Compile":2.184000015258789,"Script Evaluation":1.4300003051757812},"http://web/":{"Style & Layout":0.0989990234375,"Script Evaluation":7.028999328613281,"Script Parsing & Compile":0.14599990844726562},"http://web/#/":{"Parsing HTML & CSS":62.446001052856445}}},"name":"bootup-time","description":"JavaScript boot-up time","scoringMode":"binary","details":{"itemHeaders":[{"itemType":"url","text":"URL","type":"text"},{"itemType":"text","text":"Script Evaluation","type":"text"},{"itemType":"text","text":"Script Parsing & Compile","type":"text"}],"header":"View Details","type":"table","items":[[{"text":"http://web/static/js/app.310cd52123c59f9f64a5.js","type":"url"},{"text":"1,174 ms","type":"text"},{"text":"23 ms","type":"text"}],[{"text":"https://cdnjs.cloudflare.com/ajax/libs/Chart.js/2.7.1/Chart.min.js","type":"url"},{"text":"90 ms","type":"text"},{"text":"1 ms","type":"text"}],[{"text":"http://web/static/js/vendor.d1efda22f11e965a5228.js","type":"url"},{"text":"9 ms","type":"text"},{"text":"14 ms","type":"text"}],[{"text":"https://unpkg.com/vue-chartjs@3.3.2/dist/vue-chartjs.min.js","type":"url"},{"text":"6 ms","type":"text"},{"text":"4 ms","type":"text"}]]}},"score":100,"weight":0,"id":"bootup-time","group":"perf-info"},{"result":{"displayValue":"true","score":100,"helpText":"This is what the load of your site looked like.","rawValue":true,"name":"screenshot-thumbnails","description":"Screenshot Thumbnails","scoringMode":"binary","informative":true,"details":{"scale":6606,"type":"filmstrip","items":[{"data":"/9j/4AAQSkZJRgABAQAAAQABAAD/2wCEAAMCAgMCAgMDAwMEAwMEBQgFBQQEBQoHBwYIDAoMDAsKCwsNDhIQDQ4RDgsLEBYQERMUFRUVDA8XGBYUGBIUFRQBAwQEBQQFCQUFCRQNCw0UFBQUFBQUFBQUFBQUFBQUFBQUFBQUFBQUFBQUFBQUFBQUFBQUFBQUFBQUFBQUFBQUFP/AABEIANUAeAMBEQACEQEDEQH/xAGiAAABBQEBAQEBAQAAAAAAAAAAAQIDBAUGBwgJCgsQAAIBAwMCBAMFBQQEAAABfQECAwAEEQUSITFBBhNRYQcicRQygZGhCCNCscEVUtHwJDNicoIJChYXGBkaJSYnKCkqNDU2Nzg5OkNERUZHSElKU1RVVldYWVpjZGVmZ2hpanN0dXZ3eHl6g4SFhoeIiYqSk5SVlpeYmZqio6Slpqeoqaqys7S1tre4ubrCw8TFxsfIycrS09TV1tfY2drh4uPk5ebn6Onq8fLz9PX29/j5+gEAAwEBAQEBAQEBAQAAAAAAAAECAwQFBgcICQoLEQACAQIEBAMEBwUEBAABAncAAQIDEQQFITEGEkFRB2FxEyIygQgUQpGhscEJIzNS8BVictEKFiQ04SXxFxgZGiYnKCkqNTY3ODk6Q0RFRkdISUpTVFVWV1hZWmNkZWZnaGlqc3R1dnd4eXqCg4SFhoeIiYqSk5SVlpeYmZqio6Slpqeoqaqys7S1tre4ubrCw8TFxsfIycrS09TV1tfY2dri4+Tl5ufo6ery8/T19vf4+fr/2gAMAwEAAhEDEQA/AP1ToAKACgAoAKACgAoAKACgAoAKACgAoAKACgAoAKACgAoAKACgAoAKACgAoAKACgAoAKACgAoAKACgAoAKACgAoAKACgAoAKACgAoAKACgAoAKACgAoAKACgAoAKACgAoAKACgAoAKACgAoAKACgAoAKACgAoAKACgAoAKACgAoAKACgAoAKACgAoAKACgAoAKACgAoAKACgAoAKACgAoAKACgAoAKACgAoAKACgAoAKACgAoAKACgAoAKACgAoAKACgAoAKACgAoAKACgAoAKACgAoAKACgAoAKACgAoAKACgAoAKACgAoAKACgAoAKACgAoAKACgAoAKACgAoAKACgAoAKACgAoAKACgAoAKACgAoAKACgAoAKACgAoAKACgAoAKACgAoAKACgAoAKACgAoAKACgAoAKACgAoAKACgAoAKACgAoAKACgAoAKACgAoAKACgAoAKACgAoAKACgAoAKACgAoAKACgAoAKACgAoAKACgAoAKACgAoAKACgAoAKACgAoAKACgAoAKACgAoAKACgAoAKACgAoAKACgAoAKACgAoAKACgAoAKACgAoAKACgAoAKACgAoAKACgAoAKACgAoAKACgAoAKACgAoAKACgAoAKACgAoAKACgAoAKACgAoAKACgAoAKACgAoAKACgAoAKACgAoAKACgAoAKACgAoAKACgAoAKACgAoAKACgAoAKACgAoAKACgAoAKACgAoAKACgAoAKACgAoAKACgAoAKACgAoAKACgAoAKACgAoAKACgAoAKACgAoAKACgAoAKACgAoAKACgAoAKACgAoAKACgAoAKACgAoAKACgAoAKACgAoAKACgAoAKACgAoAKACgAoAKACgAoAKACgAoAKACgAoAKACgAoAKACgAoAKACgAoAKACgAoAKACgAoAKACgAoAKACgAoAKACgAoAKACgD//Z","timing":661,"timestamp":8650053854298},{"data":"/9j/4AAQSkZJRgABAQAAAQABAAD/2wCEAAMCAgMCAgMDAwMEAwMEBQgFBQQEBQoHBwYIDAoMDAsKCwsNDhIQDQ4RDgsLEBYQERMUFRUVDA8XGBYUGBIUFRQBAwQEBQQFCQUFCRQNCw0UFBQUFBQUFBQUFBQUFBQUFBQUFBQUFBQUFBQUFBQUFBQUFBQUFBQUFBQUFBQUFBQUFP/AABEIANUAeAMBEQACEQEDEQH/xAGiAAABBQEBAQEBAQAAAAAAAAAAAQIDBAUGBwgJCgsQAAIBAwMCBAMFBQQEAAABfQECAwAEEQUSITFBBhNRYQcicRQygZGhCCNCscEVUtHwJDNicoIJChYXGBkaJSYnKCkqNDU2Nzg5OkNERUZHSElKU1RVVldYWVpjZGVmZ2hpanN0dXZ3eHl6g4SFhoeIiYqSk5SVlpeYmZqio6Slpqeoqaqys7S1tre4ubrCw8TFxsfIycrS09TV1tfY2drh4uPk5ebn6Onq8fLz9PX29/j5+gEAAwEBAQEBAQEBAQAAAAAAAAECAwQFBgcICQoLEQACAQIEBAMEBwUEBAABAncAAQIDEQQFITEGEkFRB2FxEyIygQgUQpGhscEJIzNS8BVictEKFiQ04SXxFxgZGiYnKCkqNTY3ODk6Q0RFRkdISUpTVFVWV1hZWmNkZWZnaGlqc3R1dnd4eXqCg4SFhoeIiYqSk5SVlpeYmZqio6Slpqeoqaqys7S1tre4ubrCw8TFxsfIycrS09TV1tfY2dri4+Tl5ufo6ery8/T19vf4+fr/2gAMAwEAAhEDEQA/AP1ToAKACgAoAKACgAoAKACgAoAKACgAoAKACgAoAKACgAoAKACgAoAKACgAoAKACgAoAKACgAoAKACgAoAKACgAoAKACgAoAKACgAoAKACgAoAKACgAoAKACgAoAKACgAoAKACgAoAKACgAoAKACgAoAKACgAoAKACgAoAKACgAoAKACgAoAKACgAoAKACgAoAKACgAoAKACgAoAKACgAoAKACgAoAKACgAoAKACgAoAKACgAoAKACgAoAKACgAoAKACgAoAKACgAoAKACgAoAKACgAoAKACgAoAKACgAoAKACgAoAKACgAoAKACgAoAKACgAoAKACgAoAKACgAoAKACgAoAKACgAoAKACgAoAKACgAoAKACgAoAKACgAoAKACgAoAKACgAoAKACgAoAKACgAoAKACgAoAKACgAoAKACgAoAKACgAoAKACgAoAKACgAoAKACgAoAKACgAoAKACgAoAKACgAoAKACgAoAKACgAoAKACgAoAKACgAoAKACgAoAKACgAoAKACgAoAKACgAoAKACgAoAKACgAoAKACgAoAKACgAoAKACgAoAKACgAoAKACgAoAKACgAoAKACgAoAKACgAoAKACgAoAKACgAoAKACgAoAKACgAoAKACgAoAKACgAoAKACgAoAKACgAoAKACgAoAKACgAoAKACgAoAKACgAoAKACgAoAKACgAoAKACgAoAKACgAoAKACgAoAKACgAoAKACgAoAKACgAoAKACgAoAKACgAoAKACgAoAKACgAoAKACgAoAKACgAoAKACgAoAKACgAoAKACgAoAKACgAoAKACgAoAKACgAoAKACgAoAKACgAoAKACgAoAKACgAoAKACgAoAKACgAoAKACgAoAKACgAoAKACgAoAKACgAoAKACgAoAKACgAoAKACgAoAKACgAoAKACgAoAKACgAoAKACgD//Z","timing":1321,"timestamp":8.650054514898001E12},{"data":"/9j/4AAQSkZJRgABAQAAAQABAAD/2wCEAAMCAgMCAgMDAwMEAwMEBQgFBQQEBQoHBwYIDAoMDAsKCwsNDhIQDQ4RDgsLEBYQERMUFRUVDA8XGBYUGBIUFRQBAwQEBQQFCQUFCRQNCw0UFBQUFBQUFBQUFBQUFBQUFBQUFBQUFBQUFBQUFBQUFBQUFBQUFBQUFBQUFBQUFBQUFP/AABEIANUAeAMBEQACEQEDEQH/xAGiAAABBQEBAQEBAQAAAAAAAAAAAQIDBAUGBwgJCgsQAAIBAwMCBAMFBQQEAAABfQECAwAEEQUSITFBBhNRYQcicRQygZGhCCNCscEVUtHwJDNicoIJChYXGBkaJSYnKCkqNDU2Nzg5OkNERUZHSElKU1RVVldYWVpjZGVmZ2hpanN0dXZ3eHl6g4SFhoeIiYqSk5SVlpeYmZqio6Slpqeoqaqys7S1tre4ubrCw8TFxsfIycrS09TV1tfY2drh4uPk5ebn6Onq8fLz9PX29/j5+gEAAwEBAQEBAQEBAQAAAAAAAAECAwQFBgcICQoLEQACAQIEBAMEBwUEBAABAncAAQIDEQQFITEGEkFRB2FxEyIygQgUQpGhscEJIzNS8BVictEKFiQ04SXxFxgZGiYnKCkqNTY3ODk6Q0RFRkdISUpTVFVWV1hZWmNkZWZnaGlqc3R1dnd4eXqCg4SFhoeIiYqSk5SVlpeYmZqio6Slpqeoqaqys7S1tre4ubrCw8TFxsfIycrS09TV1tfY2dri4+Tl5ufo6ery8/T19vf4+fr/2gAMAwEAAhEDEQA/AP1ToAKACgAoAKACgAoAKACgAoAKACgAoAKACgAoAKACgAoAKACgAoAKACgAoAKACgAoAKACgAoAKACgAoAKACgAoAKACgAoAKACgAoAKACgAoAKACgAoAKACgAoAKACgAoAKACgAoAKACgAoAKACgAoAKACgAoAKACgAoAKACgAoAKACgAoAKACgAoAKACgAoAKACgAoAKACgAoAKACgAoAKACgAoAKACgAoAKACgAoAKACgAoAKACgAoAKACgAoAKACgAoAKACgAoAKACgAoAKACgAoAKACgAoAKACgAoAKACgAoAKACgAoAKACgAoAKACgAoAKACgAoAKACgAoAKACgAoAKACgAoAKACgAoAKACgAoAKACgAoAKACgAoAKACgAoAKACgAoAKACgAoAKACgAoAKACgAoAKACgAoAKACgAoAKACgAoAKACgAoAKACgAoAKACgAoAKACgAoAKACgAoAKACgAoAKACgAoAKACgAoAKACgAoAKACgAoAKACgAoAKACgAoAKACgAoAKACgAoAKACgAoAKACgAoAKACgAoAKACgAoAKACgAoAKACgAoAKACgAoAKACgAoAKACgAoAKACgAoAKACgAoAKACgAoAKACgAoAKACgAoAKACgAoAKACgAoAKACgAoAKACgAoAKACgAoAKACgAoAKACgAoAKACgAoAKACgAoAKACgAoAKACgAoAKACgAoAKACgAoAKACgAoAKACgAoAKACgAoAKACgAoAKACgAoAKACgAoAKACgAoAKACgAoAKACgAoAKACgAoAKACgAoAKACgAoAKACgAoAKACgAoAKACgAoAKACgAoAKACgAoAKACgAoAKACgAoAKACgAoAKACgAoAKACgAoAKACgAoAKACgAoAKACgAoAKACgAoAKACgAoAKACgAoAKACgAoAKACgAoAKACgAoAKACgD//Z","timing":1982,"timestamp":8.650055175497999E12},{"data":"/9j/4AAQSkZJRgABAQAAAQABAAD/2wCEAAMCAgMCAgMDAwMEAwMEBQgFBQQEBQoHBwYIDAoMDAsKCwsNDhIQDQ4RDgsLEBYQERMUFRUVDA8XGBYUGBIUFRQBAwQEBQQFCQUFCRQNCw0UFBQUFBQUFBQUFBQUFBQUFBQUFBQUFBQUFBQUFBQUFBQUFBQUFBQUFBQUFBQUFBQUFP/AABEIANUAeAMBEQACEQEDEQH/xAGiAAABBQEBAQEBAQAAAAAAAAAAAQIDBAUGBwgJCgsQAAIBAwMCBAMFBQQEAAABfQECAwAEEQUSITFBBhNRYQcicRQygZGhCCNCscEVUtHwJDNicoIJChYXGBkaJSYnKCkqNDU2Nzg5OkNERUZHSElKU1RVVldYWVpjZGVmZ2hpanN0dXZ3eHl6g4SFhoeIiYqSk5SVlpeYmZqio6Slpqeoqaqys7S1tre4ubrCw8TFxsfIycrS09TV1tfY2drh4uPk5ebn6Onq8fLz9PX29/j5+gEAAwEBAQEBAQEBAQAAAAAAAAECAwQFBgcICQoLEQACAQIEBAMEBwUEBAABAncAAQIDEQQFITEGEkFRB2FxEyIygQgUQpGhscEJIzNS8BVictEKFiQ04SXxFxgZGiYnKCkqNTY3ODk6Q0RFRkdISUpTVFVWV1hZWmNkZWZnaGlqc3R1dnd4eXqCg4SFhoeIiYqSk5SVlpeYmZqio6Slpqeoqaqys7S1tre4ubrCw8TFxsfIycrS09TV1tfY2dri4+Tl5ufo6ery8/T19vf4+fr/2gAMAwEAAhEDEQA/AP1ToAKACgAoAKACgAoAKACgAoAKACgAoAKACgAoAKACgAoAKACgAoAKACgAoAKACgAoAKACgAoAKACgAoAKACgAoAKACgAoAKACgAoAKACgAoAKACgAoAKACgAoAKACgAoAKACgAoAKACgAoAKACgAoAKACgAoAKACgAoAKACgAoAKACgAoAKACgAoAKACgAoAKACgAoAKACgAoAKACgAoAKACgAoAKACgAoAKACgAoAKACgAoAKACgAoAKACgAoAKACgAoAKACgAoAKACgAoAKACgAoAKACgAoAKACgAoAKACgAoAKACgAoAKACgAoAKACgAoAKACgAoAKACgAoAKACgAoAKACgAoAKACgAoAKACgAoAKACgAoAKACgAoAKACgAoAKACgAoAKACgAoAKACgAoAKACgAoAKACgAoAKACgAoAKACgAoAKACgAoAKACgAoAKACgAoAKACgAoAKACgAoAKACgAoAKACgAoAKACgAoAKACgAoAKACgAoAKACgAoAKACgAoAKACgAoAKACgAoAKACgAoAKACgAoAKACgAoAKACgAoAKACgAoAKACgAoAKACgAoAKACgAoAKACgAoAKACgAoAKACgAoAKACgAoAKACgAoAKACgAoAKACgAoAKACgAoAKACgAoAKACgAoAKACgAoAKACgAoAKACgAoAKACgAoAKACgAoAKACgAoAKACgAoAKACgAoAKACgAoAKACgAoAKACgAoAKACgAoAKACgAoAKACgAoAKACgAoAKACgAoAKACgAoAKACgAoAKACgAoAKACgAoAKACgAoAKACgAoAKACgAoAKACgAoAKACgAoAKACgAoAKACgAoAKACgAoAKACgAoAKACgAoAKACgAoAKACgAoAKACgAoAKACgAoAKACgAoAKACgAoAKACgAoAKACgAoAKACgAoAKACgAoAKACgD//Z","timing":2642,"timestamp":8650055836098},{"data":"/9j/4AAQSkZJRgABAQAAAQABAAD/2wCEAAMCAgMCAgMDAwMEAwMEBQgFBQQEBQoHBwYIDAoMDAsKCwsNDhIQDQ4RDgsLEBYQERMUFRUVDA8XGBYUGBIUFRQBAwQEBQQFCQUFCRQNCw0UFBQUFBQUFBQUFBQUFBQUFBQUFBQUFBQUFBQUFBQUFBQUFBQUFBQUFBQUFBQUFBQUFP/AABEIANUAeAMBEQACEQEDEQH/xAGiAAABBQEBAQEBAQAAAAAAAAAAAQIDBAUGBwgJCgsQAAIBAwMCBAMFBQQEAAABfQECAwAEEQUSITFBBhNRYQcicRQygZGhCCNCscEVUtHwJDNicoIJChYXGBkaJSYnKCkqNDU2Nzg5OkNERUZHSElKU1RVVldYWVpjZGVmZ2hpanN0dXZ3eHl6g4SFhoeIiYqSk5SVlpeYmZqio6Slpqeoqaqys7S1tre4ubrCw8TFxsfIycrS09TV1tfY2drh4uPk5ebn6Onq8fLz9PX29/j5+gEAAwEBAQEBAQEBAQAAAAAAAAECAwQFBgcICQoLEQACAQIEBAMEBwUEBAABAncAAQIDEQQFITEGEkFRB2FxEyIygQgUQpGhscEJIzNS8BVictEKFiQ04SXxFxgZGiYnKCkqNTY3ODk6Q0RFRkdISUpTVFVWV1hZWmNkZWZnaGlqc3R1dnd4eXqCg4SFhoeIiYqSk5SVlpeYmZqio6Slpqeoqaqys7S1tre4ubrCw8TFxsfIycrS09TV1tfY2dri4+Tl5ufo6ery8/T19vf4+fr/2gAMAwEAAhEDEQA/AP1ToAKACgAoAKACgAoAKACgAoAKACgAoAKACgAoAKACgAoAKACgAoAKACgAoAKACgAoAKACgAoAKACgAoAKACgAoAKACgAoAKACgAoAKACgAoAKACgAoAKACgAoAKACgAoAKACgAoAKACgAoAKACgAoAKACgAoAKACgAoAKACgAoAKACgAoAKACgAoAKACgAoAKACgAoAKACgAoAKACgAoAKACgAoAKACgAoAKACgAoAKACgAoAKACgAoAKACgAoAKACgAoAKACgAoAKACgAoAKACgAoAKACgAoAKACgAoAKACgAoAKACgAoAKACgAoAKACgAoAKACgAoAKACgAoAKACgAoAKACgAoAKACgAoAKACgAoAKACgAoAKACgAoAKACgAoAKACgAoAKACgAoAKACgAoAKACgAoAKACgAoAKACgAoAKACgAoAKACgAoAKACgAoAKACgAoAKACgAoAKACgAoAKACgAoAKACgAoAKACgAoAKACgAoAKACgAoAKACgAoAKACgAoAKACgAoAKACgAoAKACgAoAKACgAoAKACgAoAKACgAoAKACgAoAKACgAoAKACgAoAKACgAoAKACgAoAKACgAoAKACgAoAKACgAoAKACgAoAKACgAoAKACgAoAKACgAoAKACgAoAKACgAoAKACgAoAKACgAoAKACgAoAKACgAoAKACgAoAKACgAoAKACgAoAKACgAoAKACgAoAKACgAoAKACgAoAKACgAoAKACgAoAKACgAoAKACgAoAKACgAoAKACgAoAKACgAoAKACgAoAKACgAoAKACgAoAKACgAoAKACgAoAKACgAoAKACgAoAKACgAoAKACgAoAKACgAoAKACgAoAKACgAoAKACgAoAKACgAoAKACgAoAKACgAoAKACgAoAKACgAoAKACgAoAKACgAoAKACgAoAKACgAoAKACgD//Z","timing":3303,"timestamp":8650056496698},{"data":"/9j/4AAQSkZJRgABAQAAAQABAAD/2wCEAAMCAgMCAgMDAwMEAwMEBQgFBQQEBQoHBwYIDAoMDAsKCwsNDhIQDQ4RDgsLEBYQERMUFRUVDA8XGBYUGBIUFRQBAwQEBQQFCQUFCRQNCw0UFBQUFBQUFBQUFBQUFBQUFBQUFBQUFBQUFBQUFBQUFBQUFBQUFBQUFBQUFBQUFBQUFP/AABEIANUAeAMBEQACEQEDEQH/xAGiAAABBQEBAQEBAQAAAAAAAAAAAQIDBAUGBwgJCgsQAAIBAwMCBAMFBQQEAAABfQECAwAEEQUSITFBBhNRYQcicRQygZGhCCNCscEVUtHwJDNicoIJChYXGBkaJSYnKCkqNDU2Nzg5OkNERUZHSElKU1RVVldYWVpjZGVmZ2hpanN0dXZ3eHl6g4SFhoeIiYqSk5SVlpeYmZqio6Slpqeoqaqys7S1tre4ubrCw8TFxsfIycrS09TV1tfY2drh4uPk5ebn6Onq8fLz9PX29/j5+gEAAwEBAQEBAQEBAQAAAAAAAAECAwQFBgcICQoLEQACAQIEBAMEBwUEBAABAncAAQIDEQQFITEGEkFRB2FxEyIygQgUQpGhscEJIzNS8BVictEKFiQ04SXxFxgZGiYnKCkqNTY3ODk6Q0RFRkdISUpTVFVWV1hZWmNkZWZnaGlqc3R1dnd4eXqCg4SFhoeIiYqSk5SVlpeYmZqio6Slpqeoqaqys7S1tre4ubrCw8TFxsfIycrS09TV1tfY2dri4+Tl5ufo6ery8/T19vf4+fr/2gAMAwEAAhEDEQA/AP1ToAKACgAoAKACgAoAKACgAoAKACgAoAKACgAoAKACgAoAKACgAoAKACgAoAKACgAoAKACgAoAKACgAoAKACgAoAKACgAoAKACgAoAKACgAoAKACgAoAKACgAoAKACgAoAKACgAoAKACgAoAKACgAoAKACgAoAKACgAoAKACgAoAKACgAoAKACgAoAKACgAoAKACgAoAKACgAoAKACgAoAKACgAoAKACgAoAKACgAoAKACgAoAKACgAoAKACgAoAKACgAoAKACgAoAKACgAoAKACgAoAKACgAoAKACgAoAKACgAoAKACgAoAKACgAoAKACgAoAKACgAoAKACgAoAKACgAoAKACgAoAKACgAoAKACgAoAKACgAoAKACgAoAKACgAoAKACgAoAKACgAoAKACgAoAKACgAoAKACgAoAKACgAoAKACgAoAKACgAoAKACgAoAKACgAoAKACgAoAKACgAoAKACgAoAKACgAoAKACgAoAKACgAoAKACgAoAKACgAoAKACgAoAKACgAoAKACgAoAKACgAoAKACgAoAKACgAoAKACgAoAKACgAoAKACgAoAKACgAoAKACgAoAKACgAoAKACgAoAKACgAoAKACgAoAKACgAoAKACgAoAKACgAoAKACgAoAKACgAoAKACgAoAKACgAoAKACgAoAKACgAoAKACgAoAKACgAoAKACgAoAKACgAoAKACgAoAKACgAoAKACgAoAKACgAoAKACgAoAKACgAoAKACgAoAKACgAoAKACgAoAKACgAoAKACgAoAKACgAoAKACgAoAKACgAoAKACgAoAKACgAoAKACgAoAKACgAoAKACgAoAKACgAoAKACgAoAKACgAoAKACgAoAKACgAoAKACgAoAKACgAoAKACgAoAKACgAoAKACgAoAKACgAoAKACgAoAKACgAoAKACgAoAKACgD//Z","timing":3964,"timestamp":8650057157298},{"data":"/9j/4AAQSkZJRgABAQAAAQABAAD/2wCEAAMCAgMCAgMDAwMEAwMEBQgFBQQEBQoHBwYIDAoMDAsKCwsNDhIQDQ4RDgsLEBYQERMUFRUVDA8XGBYUGBIUFRQBAwQEBQQFCQUFCRQNCw0UFBQUFBQUFBQUFBQUFBQUFBQUFBQUFBQUFBQUFBQUFBQUFBQUFBQUFBQUFBQUFBQUFP/AABEIANUAeAMBEQACEQEDEQH/xAGiAAABBQEBAQEBAQAAAAAAAAAAAQIDBAUGBwgJCgsQAAIBAwMCBAMFBQQEAAABfQECAwAEEQUSITFBBhNRYQcicRQygZGhCCNCscEVUtHwJDNicoIJChYXGBkaJSYnKCkqNDU2Nzg5OkNERUZHSElKU1RVVldYWVpjZGVmZ2hpanN0dXZ3eHl6g4SFhoeIiYqSk5SVlpeYmZqio6Slpqeoqaqys7S1tre4ubrCw8TFxsfIycrS09TV1tfY2drh4uPk5ebn6Onq8fLz9PX29/j5+gEAAwEBAQEBAQEBAQAAAAAAAAECAwQFBgcICQoLEQACAQIEBAMEBwUEBAABAncAAQIDEQQFITEGEkFRB2FxEyIygQgUQpGhscEJIzNS8BVictEKFiQ04SXxFxgZGiYnKCkqNTY3ODk6Q0RFRkdISUpTVFVWV1hZWmNkZWZnaGlqc3R1dnd4eXqCg4SFhoeIiYqSk5SVlpeYmZqio6Slpqeoqaqys7S1tre4ubrCw8TFxsfIycrS09TV1tfY2dri4+Tl5ufo6ery8/T19vf4+fr/2gAMAwEAAhEDEQA/AP0bk8LeMEuh9l8ZJFaC8SXyp9KjlcWyxQKYA+4cs8cz+YwYjz8Y+RSQDrtMt57TTrWG5unvriOJEkuXRUaVgoBcqoABJycAYGeKALVABQAUAFABQAUAFABQAUAFABQAUAFABQAUAFABQAUAFABQAUAFABQAUAFABQAUAFABQAUAFABQAUAFABQAUAFABQAUAFABQAUAFABQAUAFABQAUAFABQAUAFABQAUAFABQAUAFACZ5xQAZGcd6AFoAKACgAoAKACgAoAKACgAoAKACgAoA8AbVfiFqEGl3Wja9oL2kFwbHVBNfwzbbgSxCKFJAD+9kHyOrcgynbuOwgA7zwHq+q2WrXll4h1fTrqG7mCaTIs8azzPGji4hMSjG6MxliQxOTICsYQAgHftOoYr1cLu2jrj6daAATI2MMDkkZBHUHH8xQAi3CMMgjGCScg4x1H1oAZp9/b6rYW97ZzR3NpcRrLDPC4dJEYZVlYEgggggg4INAFigAoAKACgAoAKACgAoAKAOF1j4PeEvFt/omq6npZvL/RpvtGmXM0syyWT/ALrJjywKZMEeQMA/N2dsgDdG+B3grw9pVrYadoUFrHaQS29rOjN9ptY5FdXWG4z5sWRI4Gxxt3HbigB+ifBfwj4c059O03TGtdMa8hvxYLdTm3ininSeIxRlysSrJGjbEAU4AIIoAst8JfC5Piwpp8kLeKgo1d4LyeJ7jClRhlcGP5SR8hXrQBj3v7O/w+1O4vJ73w5BdyXieXcCeWWRJB9qN2cozlcm4YyFsZJOCSOKAO60PRrTw5oun6Tp8XkWFhbx2tvFuLbI0UKq5YknAAGSSaAL1ABQAUAFABQAUAFABQAUAFABQAUAFABQAUAFABQAUAFABQAUAFABQAUAJuoFfWwbqAuAOaBi0AFABQAUAFABQAUAFABQAUAFABQByaS6/f6Wk1hPZf6RCjQTzRO/UZDsoZCQwK/LwRzyeldj+rNt6nn2xe2hXv8A/hODph+xHRV1EeWy/aVlMX3Y/MU7efvGXB9FTI5JEr6u90waxS2aNfTU8Qf27eG9fTv7H2D7MsMb/aC2TkuSduMbcYHr0xgxP2XKuS9zal7fm/ebG7WB1BQAUARiZec4XHXJppNkOaWjYvmqDjIz9aLMHOK6jftCEkBlJXBIz0H+Qfyos+qDnjrZiC6jP8QHtmnyvsQqsHrckVg6gggg9xSasap31Q6kMKACgAoA8ttfEXirw3YQWVxYJKIFENuLKwe4Msa+UiFmMyBGJlAwQANrMSEBau14eLfuzT+Vv8zzFi3b3qbXzv8AohsvxI15bS9mi02/ma0PMI8OTK8yllCmPdcBTkMGwSCAGyBg1Twm3vrXzGsZ/wBO39x0XhvVvEuvSasJVt9LWyvXtI/tWmyD7Qqqh81D5/KEsQD329jkDmqU+TlfNe6vp0v09TrpVOe6tazsbX2XX/8AoJ6b/wCC6T/4/WJuH2XX/wDoJ6b/AOC6T/4/QAfZdf8A+gnpv/guk/8Aj9AFQ+EoL+++26wUvbuPasfl+ZHCoDBlYRF2UOCPv9ccdK2hVnCPKmc86EJy5mMPw80JnspPs03m2f8AqZftMvmAbGQqW3bmUhjlWJBOGIyAar6xU7kfVqbdyS08CaPY209rBahLSaaO4aDcxVXRlZNoJ+VVKKQq4A7Dml7ed076r9RrDxSa6MSz+H2h6ejLb2rxhoEtm/fOxaNCxVSSckDew57YHQACvrFS/Nfrf8v8hfVafLym9a20dnbxwRLtijUIi+gAwBXO227s6klFJIlpDCgAoAKAPM/CfijTLvw1p3k+HJb1Ft1jeeJrMozL8j8mYc70IIPIIwQDTuKxb1Txfomj6ebzUPDcllatJFCJLp7KJGeWTZGoZpwuXchQM5JYAZJpDLNxr9hYxNJP4RuoYYwS8kos1RADzkmbA6Z/H3oA0YJre4hjlTwnOUkUOvy2vQ9P+WtAD/3P/QpT/wDfNr/8doAP3P8A0KU//fNr/wDHaAKP9la5dyXUmmzjw9aSW/lRWr28RkimyT5wKl0YEbV2kZ4JyOjaxnTS1WpjUhU5vdlobPh6x1eyN6dV1CO/864aWARxeX5EZxti77sYzu4znoKU3F25VYdNSSfO7mxiszQWgYUAFABQAUAFAHlFp+zT4R022uYrCbWLJrkYmki1KQlwZzPINrEqA7vLnao+WaRV2hsUAbCfA7wrH4Qm8MLb3C6JK0Tm2S4ZCrRtuRlkUh1ZWCsGDAhlBB9QDF0f9l34faBYvZ6fpc9pbM2Qkd3KNn7qSH5fm+U7JXG4YP3TnKqQAep2lstpbRQKSyxoEBbqQBigCagAoAKACgAoAKACgAoAKACgAoA4A/G3w0YfFjRTS3M3hm9isL+CFA0hlkKqixrnMjMzbFjHzuw2qrFk3AGndfEK3hj1VYdNv7y80ydreexhWMTFgYTlCzhGBjuIpAA+SG243gpQBZ1PxvbaJLdpf2V/AsLxokkVubhZQyFt48rcUQbWUtKEAKnnBBIBneHvizofivWb7TNLTUJ7mxnS3uGl0+eGNHaKOTG90A3ASoGT76kNuUbSaAJbn4o6Lptle3eoLe2FvZTtDcyPZySpbgCNvMleIOkaFJo5NzlQqFi23Y+0Ap3Hxj0Ox8R6zpN7Ff2R0y4W0a5e1MkU8zRW8gSMx7juxd26gOFLtIFTcQcAG34e8d6N4o1C9stPmuHuLOaaCTz7KeBHaKQxy+W8iKsoVxtLRlgMjnkZAOgoAKACgAoAKACgAoAKAK8thbTxSRSQRvHIwZ1ZQQxGME+p4H5UAO+xwbg3kpkcg7Rx824/qAfrQA06fatIZDbxNISGLlASSBgEnuQCRn3oAclnBHKJEhRHC7Qyrg444+nA/IUALHawxMGSJFIzghQMZOT+ZA/KgBPscGxl8lNrDDDb14xz+HFADxEinIUA8849eTQA+gAoAKACgAoAKACgAoAKACgAoAKACgAoAKACgAoAKACgAoAKACgAoAKACgAoAKACgAoAKACgAoAKACgAoAKACgAoAKACgAoAKACgAoAKACgAoAKACgAoAKACgAoAKACgAoAKACgAoAKACgAoAKACgAoAKACgAoAKACgAoAKACgAoAKACgAoAKACgAoAKACgAoAKACgAoAKACgAoAKACgAoAKACgAoAKACgAoAKACgAoAKACgAoAKACgAoAKACgAoAKACgAoAKACgAoAKACgAoAKACgAoAKACgAoAKACgAoAKACgAoAKACgAoAKACgAoAKACgAoAKACgAoAKACgAoAKACgAoAKACgAoAKACgAoAKACgAoAKACgAoAKACgAoAKACgAoAKACgAoAKACgAoAKACgAoAKACgAoAKACgAoAKACgAoAKACgAoA//9k=","timing":4624,"timestamp":8.650057817898001E12},{"data":"/9j/4AAQSkZJRgABAQAAAQABAAD/2wCEAAMCAgMCAgMDAwMEAwMEBQgFBQQEBQoHBwYIDAoMDAsKCwsNDhIQDQ4RDgsLEBYQERMUFRUVDA8XGBYUGBIUFRQBAwQEBQQFCQUFCRQNCw0UFBQUFBQUFBQUFBQUFBQUFBQUFBQUFBQUFBQUFBQUFBQUFBQUFBQUFBQUFBQUFBQUFP/AABEIANUAeAMBEQACEQEDEQH/xAGiAAABBQEBAQEBAQAAAAAAAAAAAQIDBAUGBwgJCgsQAAIBAwMCBAMFBQQEAAABfQECAwAEEQUSITFBBhNRYQcicRQygZGhCCNCscEVUtHwJDNicoIJChYXGBkaJSYnKCkqNDU2Nzg5OkNERUZHSElKU1RVVldYWVpjZGVmZ2hpanN0dXZ3eHl6g4SFhoeIiYqSk5SVlpeYmZqio6Slpqeoqaqys7S1tre4ubrCw8TFxsfIycrS09TV1tfY2drh4uPk5ebn6Onq8fLz9PX29/j5+gEAAwEBAQEBAQEBAQAAAAAAAAECAwQFBgcICQoLEQACAQIEBAMEBwUEBAABAncAAQIDEQQFITEGEkFRB2FxEyIygQgUQpGhscEJIzNS8BVictEKFiQ04SXxFxgZGiYnKCkqNTY3ODk6Q0RFRkdISUpTVFVWV1hZWmNkZWZnaGlqc3R1dnd4eXqCg4SFhoeIiYqSk5SVlpeYmZqio6Slpqeoqaqys7S1tre4ubrCw8TFxsfIycrS09TV1tfY2dri4+Tl5ufo6ery8/T19vf4+fr/2gAMAwEAAhEDEQA/AP0bk8LeMEuh9l8ZJFaC8SXyp9KjlcWyxQKYA+4cs8cz+YwYjz8Y+RSQDrtMt57TTrWG5unvriOJEkuXRUaVgoBcqoABJycAYGeKALVABQAUAFABQAUAFABQAUAFABQAUAFABQAUAFABQAUAFABQAUAFABQAUAFABQAUAFABQAUAFABQAUAFABQAUAFABQAUAFABQAUAFABQAUAFABQAUAFABQAUAFABQAUAFABQAUAFACZ5xQAZGcd6AFoAKACgAoAKACgAoAKACgAoAKACgAoA8AbVfiFqEGl3Wja9oL2kFwbHVBNfwzbbgSxCKFJAD+9kHyOrcgynbuOwgA7zwHq+q2WrXll4h1fTrqG7mCaTIs8azzPGji4hMSjG6MxliQxOTICsYQAgHftOoYr1cLu2jrj6daAATI2MMDkkZBHUHH8xQAi3CMMgjGCScg4x1H1oAZp9/b6rYW97ZzR3NpcRrLDPC4dJEYZVlYEgggggg4INAFigAoAKACgAoAKACgAoAKAOF1j4PeEvFt/omq6npZvL/RpvtGmXM0syyWT/ALrJjywKZMEeQMA/N2dsgDdG+B3grw9pVrYadoUFrHaQS29rOjN9ptY5FdXWG4z5sWRI4Gxxt3HbigB+ifBfwj4c059O03TGtdMa8hvxYLdTm3ininSeIxRlysSrJGjbEAU4AIIoAst8JfC5Piwpp8kLeKgo1d4LyeJ7jClRhlcGP5SR8hXrQBj3v7O/w+1O4vJ73w5BdyXieXcCeWWRJB9qN2cozlcm4YyFsZJOCSOKAO60PRrTw5oun6Tp8XkWFhbx2tvFuLbI0UKq5YknAAGSSaAL1ABQAUAFABQAUAFABQAUAFABQAUAFABQAUAFABQAUAFABQAUAFABQAUAJuoFfWwbqAuAOaBi0AFABQAUAFABQAUAFABQAUAFABQByaS6/f6Wk1hPZf6RCjQTzRO/UZDsoZCQwK/LwRzyeldj+rNt6nn2xe2hXv8A/hODph+xHRV1EeWy/aVlMX3Y/MU7efvGXB9FTI5JEr6u90waxS2aNfTU8Qf27eG9fTv7H2D7MsMb/aC2TkuSduMbcYHr0xgxP2XKuS9zal7fm/ebG7WB1BQAUARiZec4XHXJppNkOaWjYvmqDjIz9aLMHOK6jftCEkBlJXBIz0H+Qfyos+qDnjrZiC6jP8QHtmnyvsQqsHrckVg6gggg9xSasap31Q6kMKACgAoA8ttfEXirw3YQWVxYJKIFENuLKwe4Msa+UiFmMyBGJlAwQANrMSEBau14eLfuzT+Vv8zzFi3b3qbXzv8AohsvxI15bS9mi02/ma0PMI8OTK8yllCmPdcBTkMGwSCAGyBg1Twm3vrXzGsZ/wBO39x0XhvVvEuvSasJVt9LWyvXtI/tWmyD7Qqqh81D5/KEsQD329jkDmqU+TlfNe6vp0v09TrpVOe6tazsbX2XX/8AoJ6b/wCC6T/4/WJuH2XX/wDoJ6b/AOC6T/4/QAfZdf8A+gnpv/guk/8Aj9AFQ+EoL+++26wUvbuPasfl+ZHCoDBlYRF2UOCPv9ccdK2hVnCPKmc86EJy5mMPw80JnspPs03m2f8AqZftMvmAbGQqW3bmUhjlWJBOGIyAar6xU7kfVqbdyS08CaPY209rBahLSaaO4aDcxVXRlZNoJ+VVKKQq4A7Dml7ed076r9RrDxSa6MSz+H2h6ejLb2rxhoEtm/fOxaNCxVSSckDew57YHQACvrFS/Nfrf8v8hfVafLym9a20dnbxwRLtijUIi+gAwBXO227s6klFJIlpDCgAoAKAPM/CfijTLvw1p3k+HJb1Ft1jeeJrMozL8j8mYc70IIPIIwQDTuKxb1Txfomj6ebzUPDcllatJFCJLp7KJGeWTZGoZpwuXchQM5JYAZJpDLNxr9hYxNJP4RuoYYwS8kos1RADzkmbA6Z/H3oA0YJre4hjlTwnOUkUOvy2vQ9P+WtAD/3P/QpT/wDfNr/8doAP3P8A0KU//fNr/wDHaAKP9la5dyXUmmzjw9aSW/lRWr28RkimyT5wKl0YEbV2kZ4JyOjaxnTS1WpjUhU5vdlobPh6x1eyN6dV1CO/864aWARxeX5EZxti77sYzu4znoKU3F25VYdNSSfO7mxiszQWgYUAFABQAUAFAHlFp+zT4R022uYrCbWLJrkYmki1KQlwZzPINrEqA7vLnao+WaRV2hsUAbCfA7wrH4Qm8MLb3C6JK0Tm2S4ZCrRtuRlkUh1ZWCsGDAhlBB9QDF0f9l34faBYvZ6fpc9pbM2Qkd3KNn7qSH5fm+U7JXG4YP3TnKqQAep2lstpbRQKSyxoEBbqQBigCagAoAKACgAoAKACgAoAKACgAoA4A/G3w0YfFjRTS3M3hm9isL+CFA0hlkKqixrnMjMzbFjHzuw2qrFk3AGndfEK3hj1VYdNv7y80ydreexhWMTFgYTlCzhGBjuIpAA+SG243gpQBZ1PxvbaJLdpf2V/AsLxokkVubhZQyFt48rcUQbWUtKEAKnnBBIBneHvizofivWb7TNLTUJ7mxnS3uGl0+eGNHaKOTG90A3ASoGT76kNuUbSaAJbn4o6Lptle3eoLe2FvZTtDcyPZySpbgCNvMleIOkaFJo5NzlQqFi23Y+0Ap3Hxj0Ox8R6zpN7Ff2R0y4W0a5e1MkU8zRW8gSMx7juxd26gOFLtIFTcQcAG34e8d6N4o1C9stPmuHuLOaaCTz7KeBHaKQxy+W8iKsoVxtLRlgMjnkZAOgoAKACgAoAKACgAoAKAK8thbTxSRSQRvHIwZ1ZQQxGME+p4H5UAO+xwbg3kpkcg7Rx824/qAfrQA06fatIZDbxNISGLlASSBgEnuQCRn3oAclnBHKJEhRHC7Qyrg444+nA/IUALHawxMGSJFIzghQMZOT+ZA/KgBPscGxl8lNrDDDb14xz+HFADxEinIUA8849eTQA+gAoAKACgAoAKACgAoAKACgAoAKACgAoAKACgAoAKACgAoAKACgAoAKACgAoAKACgAoAKACgAoAKACgAoAKACgAoAKACgAoAKACgAoAKACgAoAKACgAoAKACgAoAKACgAoAKACgAoAKACgAoAKACgAoAKACgAoAKACgAoAKACgAoAKACgAoAKACgAoAKACgAoAKACgAoAKACgAoAKACgAoAKACgAoAKACgAoAKACgAoAKACgAoAKACgAoAKACgAoAKACgAoAKACgAoAKACgAoAKACgAoAKACgAoAKACgAoAKACgAoAKACgAoAKACgAoAKACgAoAKACgAoAKACgAoAKACgAoAKACgAoAKACgAoAKACgAoAKACgAoAKACgAoAKACgAoAKACgAoAKACgAoAKACgAoAKACgAoAKACgAoAKACgAoAKACgAoA//9k=","timing":5285,"timestamp":8.650058478497999E12},{"data":"/9j/4AAQSkZJRgABAQAAAQABAAD/2wCEAAMCAgMCAgMDAwMEAwMEBQgFBQQEBQoHBwYIDAoMDAsKCwsNDhIQDQ4RDgsLEBYQERMUFRUVDA8XGBYUGBIUFRQBAwQEBQQFCQUFCRQNCw0UFBQUFBQUFBQUFBQUFBQUFBQUFBQUFBQUFBQUFBQUFBQUFBQUFBQUFBQUFBQUFBQUFP/AABEIANUAeAMBEQACEQEDEQH/xAGiAAABBQEBAQEBAQAAAAAAAAAAAQIDBAUGBwgJCgsQAAIBAwMCBAMFBQQEAAABfQECAwAEEQUSITFBBhNRYQcicRQygZGhCCNCscEVUtHwJDNicoIJChYXGBkaJSYnKCkqNDU2Nzg5OkNERUZHSElKU1RVVldYWVpjZGVmZ2hpanN0dXZ3eHl6g4SFhoeIiYqSk5SVlpeYmZqio6Slpqeoqaqys7S1tre4ubrCw8TFxsfIycrS09TV1tfY2drh4uPk5ebn6Onq8fLz9PX29/j5+gEAAwEBAQEBAQEBAQAAAAAAAAECAwQFBgcICQoLEQACAQIEBAMEBwUEBAABAncAAQIDEQQFITEGEkFRB2FxEyIygQgUQpGhscEJIzNS8BVictEKFiQ04SXxFxgZGiYnKCkqNTY3ODk6Q0RFRkdISUpTVFVWV1hZWmNkZWZnaGlqc3R1dnd4eXqCg4SFhoeIiYqSk5SVlpeYmZqio6Slpqeoqaqys7S1tre4ubrCw8TFxsfIycrS09TV1tfY2dri4+Tl5ufo6ery8/T19vf4+fr/2gAMAwEAAhEDEQA/APh3wzoB168ZWcxwRAF2HXnoB78H8qANnXvA0dlYvc2csjmIFnWUg5XuRgDpQBxtABQAUAFABQAUAFABQAUAFAGhoWktrWpR2ytsXBZ3xnaB/kD8aAOp1TwFBFYSSWs8pmjUttkwQ2BnAwOKAOGoA6Hwfr8WiXcq3CnyJsbpF5KEZxx6c0AbviDxnYy6dNBaMbh5kMZ+UqFBGCeQKAOCOSaADFABigAxQAYoAMUAGKADFABigAxQBreGNXTRdVSaVS0LKUfHUA9x+VAHX6n4205bKYW7tPMylVQIwwSO5IH6UAecgYAoA3vsEH/PMUAH2CD/AJ5igA+wQf8APMUAH2CD/nmKAD7BB/zzFAB9gg/55igA+wQf88xQAfYIP+eYoAPsEH/PMUAH2CD/AJ5igA+wQf8APMUAH2CD/nmKAD7BB/zzFAB9gg/55igA+wQf88xQBYoAKACgAoAKACgAoAKACgAoAKACgAoAKACgAoAKACgAoAKACgAoAKACgAoAKACgAoAKACgAoAKACgAoAKACgAoAKACgAoAKACgAoAKACgAoAKACgAoAKACgAoAKACgAoAKACgAoAKACgAoAKACgAoAKACgAoAKACgAoAKACgAoAKACgAoAKACgAoAKACgAoAKACgAoAKACgAoAKACgAoAKACgAoAKACgAoAKACgAoAKACgAoAKACgAoAKACgAoAKACgAoAKACgAoAKACgAoAKACgBUKh13DK55A9KAOjNh4P7a7rZ/7gsP/AMl0AH2Dwh/0HNb/APBND/8AJdAB9g8If9BzW/8AwTQ//JdAB9g8If8AQc1v/wAE0P8A8l0AH2Dwh/0HNb/8E0P/AMl0AH2Dwh/0HNb/APBND/8AJdAB9g8If9BzW/8AwTQ//JdAB9g8If8AQc1v/wAE0P8A8l0AH2Dwh/0HNb/8E0P/AMl0AH2Dwh/0HNb/APBND/8AJdAB9g8If9BzW/8AwTQ//JdAB9g8If8AQc1v/wAE0P8A8l0AAsPB/fXNb/8ABND/APJdAGDerbrdyraSSS2wYiOSaMRu69iyhmCk9cBjj1NAENABQAUAFABQAUAFABQAUAFABQAUAFABQAUAFABQAUAFABQAUAFABQAUAFABQAUAFABQAUAIeQe1ACfN7UAGG9qADDe1ABhvagAw3tQAYb2oAMN7UAGG9qADDe1ABhvagAw3tQAYb2oAPm9qAFGcc9aAFoA3tM8PW1/YQzvJMjODkIwx1PtQBa/4RO0/57XH/fS//E0AH/CJ2n/Pa4/76X/4mgDI1rTI9MljSF3bepJMmCf0AoA1z4TtP+es4+jLj+VAB/widp/z2uP++l/+JoAP+ETtP+e1x/30v/xNAHP6narY38tujMyJjBY88gH+tAFegAoAKACgAoAKACgDd0nxFb2NhFBJDMXTOSgXHX60AW/+EttP+eFz+S/40AH/AAltp/zwufyX/GgDH1zVI9TljeFHQKpGJAOv4GgDYHi20xzBcZ74C/40AH/CW2n/ADwufyX/ABoAP+EttP8Anhc/kv8AjQBgandJfahLcRqyo+MB8Z6Af0oArUAFABQAUAFABQAUAFABmgAzQAUAFABmgAzQAUAFABQAUAFABQAUAFABQAUAFABQAUAFABQAUAFABQAUAFABQAUAFABQAUAFABQAUAFABQAUAFABQAUAFABQAUAFABQAUAFABQAUAFABQAUAFABQAUAFABQAUAFABQAUAFABQAUAFABQAUAFABQAUAFABQAUAFABQAUAFABQAUAFABQAUAFABQAUAFABQAUAFABQAUAFABQAUAFABQAUAFABQAUAFABQAUAFABQAUAFABQAUAFABQAUAFABQAUAFABQAUAZP9sv/AM8l/OgA/tl/+eS/nQAf2y//ADyX86AD+2X/AOeS/nQAf2y//PJfzoAP7Zf/AJ5L+dAB/bL/APPJfzoAP7Zf/nkv50AH9sv/AM8l/OgA/tl/+eS/nQAf2y//ADyX86AD+2X/AOeS/nQAf2y//PJfzoAP7Zf/AJ5L+dAB/bL/APPJfzoAz6ACgAoAKACgAoAKACgAoAKACgAoAKACgAoA/wD/2Q==","timing":5945,"timestamp":8650059139098},{"data":"/9j/4AAQSkZJRgABAQAAAQABAAD/2wCEAAMCAgMCAgMDAwMEAwMEBQgFBQQEBQoHBwYIDAoMDAsKCwsNDhIQDQ4RDgsLEBYQERMUFRUVDA8XGBYUGBIUFRQBAwQEBQQFCQUFCRQNCw0UFBQUFBQUFBQUFBQUFBQUFBQUFBQUFBQUFBQUFBQUFBQUFBQUFBQUFBQUFBQUFBQUFP/AABEIANUAeAMBEQACEQEDEQH/xAGiAAABBQEBAQEBAQAAAAAAAAAAAQIDBAUGBwgJCgsQAAIBAwMCBAMFBQQEAAABfQECAwAEEQUSITFBBhNRYQcicRQygZGhCCNCscEVUtHwJDNicoIJChYXGBkaJSYnKCkqNDU2Nzg5OkNERUZHSElKU1RVVldYWVpjZGVmZ2hpanN0dXZ3eHl6g4SFhoeIiYqSk5SVlpeYmZqio6Slpqeoqaqys7S1tre4ubrCw8TFxsfIycrS09TV1tfY2drh4uPk5ebn6Onq8fLz9PX29/j5+gEAAwEBAQEBAQEBAQAAAAAAAAECAwQFBgcICQoLEQACAQIEBAMEBwUEBAABAncAAQIDEQQFITEGEkFRB2FxEyIygQgUQpGhscEJIzNS8BVictEKFiQ04SXxFxgZGiYnKCkqNTY3ODk6Q0RFRkdISUpTVFVWV1hZWmNkZWZnaGlqc3R1dnd4eXqCg4SFhoeIiYqSk5SVlpeYmZqio6Slpqeoqaqys7S1tre4ubrCw8TFxsfIycrS09TV1tfY2dri4+Tl5ufo6ery8/T19vf4+fr/2gAMAwEAAhEDEQA/APgL9KAL2qaDqeiLE1/p1zZpI5jDTRkDdgnGemcAn8KAKNABQB0Wm/DzxFrPh2PW9P0m4v8AT5Ls2KNagSuZgYQV8tSXAzcQKGK7S0qKCWOKAJYvhh4sn0e41WPQL19Pt7Sa+lnEfypDFOlvKx7/ACSyIrDqu9SRg5oArSeAPE0M1rG2gah5l3dy2FtEsDGWW5iVDNCIwN29PNjyMZG6gCa1+G3iq+0zT9QtfDup3dpqBuPsr29q0hmEG3zmCqCdq7wC2MZDDOVbABn3/hbWNLsftl3pd5b2vmPC07wkIkisUaNz/C4YYKnB6eooAuz/AA68V215NaTeGNZiuoXijlgfT5Q8bSttiVlK5BcghQfvEYGaAII/BeuM92j6VdW72v2gSi5j8na0ADTp8+PnQMpZRyMjI5FAGLQAUAFABQAY9qAOq8VfFDxZ4206Kw13X9Q1SzilEyQXVw8iK4DAEBiccO350Acrg0AGDQB2+g/FnVvD3glvCsFlYTaVNePcXYmSQveRO1q72shDjETPZW7ZQLICnDgHFAHQW37Sfiyy0DUdHt4rGO21Bt93IwmkmmZLtry3YyPKx3QzvI6kcvvIlMoAAAOWuPiTf3njCPXrmw0+5iitWsYNIlRzZQWxthbCJF37xiMLiTf5hZd5csSxAOt+I/7TPi34nnVX1O3021m1OSWW6lsI5Y2cubcADMh2hI7S3iXbj5Y8tudmdgClrn7QXibxB4X1jQbm300WWqtdNcOkLiTM95a3bkEuRkSWcYGQflZ85JDAA6zxP+194g1vx/ceJ7Hw3oembdW/tSwtnjkme1H9pHUWieXepmDz7WfcMDB8oQh2UgHAt8ZvEMvhqx0OUW0lpZ6fLpkbFXUm3cSbVYBgrMjXF0yuV3A3EgJK7VUA4PHtQAYNABg0AGKAN46bATnyxQAn9mwf881oAP7Ng/55rQAf2bB/zzWgA/s2D/nmtAB/ZsH/ADzWgA/s2D/nmtAB/ZsH/PNaAD+zYP8AnmtAB/ZsH/PNaAD+zYP+ea0AH9mwf881oAP7Ng/55rQAf2bB/wA81oABptvn/VigC3QAUAFABQAUAFABQAUAFABQAUAFABQAUAFABQAUAFABQAUAFABQAUAFABQAUAFABQAUAFABQAUAFABQAUAFABQAUAFABQAUAFABQAUAFABQAUAFABQAUAFABQAUAFABQAUAFABQAUAFABQAUAFABQAUAFABQAUAFABQAUAFABQAUAFABQAUAFABQAUAFABQAUAFABQAUAFABQAUAFABQAUAFABQAUAFABQAUAFABQAUAFABQAUAFABQAUAFABQAUAFABQAUAFABQAUAFABQAUAFABQAUAFAHW6N8L9b8Q6XDeaatveNKkbpapMBMwaS4T5VONxBtpCQpJwQcYDFQCppvgHWNYeySyhjuJbyc20EYlCs8oUMV+bG35WQ5OANwyRzgAYngq9+0xRzz2lpC00kMlzNNiOEoQHLkAkAZzwDnHGTgEAwCMGgAoAKACgDU8K+Hrjxb4m0nQ7R4orrUruKzieYkIryOFUsQCcZIzgE47GgDuvif8DLr4c6BBrcOrwaxpT6hNpUkiqsciXMTOG+VXcFG8tipyGxjcq5FAHmNABQAUAFABQAUATwtahcyxTSOepWYKPy2n+dAD/Msf8An3uP/Ahf/iKADzLH/n3uP/Ahf/iKADzLH/n3uP8AwIX/AOIoAPMsf+fe4/8AAhf/AIigA8yx/wCfe4/8CF/+IoAPMsf+fe4/8CF/+IoAmtL+3sLuG5tkvLe4gdZYpoboI6OpyrKwTIIIBBFAGn4i8a3XilIV1BppFhLvHFGYoYhI2N8hSOJVLsQu5iNzYGScUAc5QAUAFABQAUAFABQAUAFABQAUAFABQAenvxQAgORxQAtABQAUAFABQAUAdhCvg+78LW0LyyWuuJbXEsk4Emxpcv5MR4cNnEZ4WNVG/LsWAQAs6rpHgRrCVtO128+2h5GhUxGSJkDvsVsqpy0YjIZSRuZgwTAJALkdr8PNOs724D3es3cUcEkVkbmRFmY3Q82NX+zIUIgQ/M4x+9OASnIB51QAUAFABQBseDNJtdf8YaHpd7ObWyvr6C2nnVgDHG8iqzZPHAJPPFAHr/7Unwx8JfD+Xw5ceFndBem6intWuIphGsbr5bAx9ismAWyzBAW+ctkA8IoAKACgAoAKACgBSzMqjJAHpQAmG9W/M0AGG9W/M0AByO7fmaADk92/M0AGG9W/M0AGG9W/M0AHI7t+ZoAQ5P8AE3fv7UALQAUAFABQAUAFAFDVbqS2EflttyTnigDW8OeC/FXi5NLbSLQ3f9o3j2FuPNiTzJlMClBuYYJa6gAJwCXGCcHABpN8KPHiWqzyaUyJ5d/MxM8R2pZLuuSQGJGza4PrgYyeKAOPsb+ea6jR3ypzkYHoaAJtUupbeSMRvtBBzwKAN9PAHi19B0fVzbxxWGsru06aa5hjFwfPe3wNzDpLGynOAuULEB1JAMzWND13QnmS8UQywxJM6M8ZOxmwCMMc9VOByM84oAoadezT3G133Lg9qANSgAoAKACgAoAKACgClqVm92E2Y+XPU0APs73XtP06TT7XVbq30+R2le0iuXWF3MbRsxQHBJjd0JI5ViOhIoAfJqfiGZUWTWL2QJG0KbrqQ7EaIQsq88AxKsZA/gAXpxQBRs9OlguUdiu0Z6H2NAE2pWUl06FCvygg5NAF7T9f8U6RYTWNj4g1Kysprc2kttbX0scckBZ2MTKCAULSSHaeMuxx8xyAQapqPiDXM/2lq13qJIYZu7l5eDI0jD5ieC7s59WYnqc0AVbCwltp97lcYI4NAGlQAUAFABQAUAFABQAUAFABQAUAFABQAUAFABQAUAFABQAUAFABQAUAFABQAUAFABQAUAFABQAUAFABQAUAFABQAUAFABQAUAFABQAUAFABQAUAFABQAUAFABQAUAFABQAUAFABQAUAFABQAUAFABQAUAFABQAUAFABQAUAFABQAUAFABQAUAFABQAUAFABQAUAFABQAUAFABQAUAFABQAUAFABQAUAFABQAUAFABQAUAFABQAUAFABQAUAFABQBFDaa3cXNvbxaLeS3FyI2ghjt3Z5Q5AQqoGWDEgDHXNAFjU9E8SaLIkeo+HtQsJHhFwsd1aSRsYi/liQBgDtL/ID03AjrxQBWlttZhurm1k0e7S6tTKJ4DA4kiMYcy7lxkbBHJuz02NnGDQA6Wx12GJpX0O9WJYUuGkNtJtETSCNZM4xtLsEDdCxA6mgCiNQuiHP2U/IcNwfl4J5/AE/QZoAWe+u7YZltGjGSMspAyCQf1Vh9QfSgCH+2n/55r+dAB/bT/8APNfzoAP7af8A55r+dAB/bT/881/OgA/tp/8Anmv50AH9tP8A881/OgA/tp/+ea/nQAf20/8AzzX86AD+2n/55r+dAF+/+Imv6lq0d9e3cV9e26RwJcXNpDI4WMoyHJT7w2Iu7qUXYSU+WgB2r+Pdc1e2s9PvrxLm1stscKG3iXaBLcTAAqoOPMup2I6HeBjCoFAIbTxrrGnzWuoW935UpEsUSiJNsSyIUcBdu0ArxhQAO3ODQBpW3xS8WDUpb9dalN49pLpyyyRI/k28iMjRxKVxCu2RwBGF2hjt25oAp6L8UPEWm395c298DcXlvBaXLXMMc4mhtzFJDGyupBANvEMEEEAhgQSCAUb/AMQ6neacdOuLrzbMXb3Rj2KMzFVVnzjPIA4zjj1NAGXQAUAFABQAUAFABQAUAFAH/9k=","timing":6606,"timestamp":8650059799698}]}},"score":100,"weight":0,"id":"screenshot-thumbnails"},{"result":{"displayValue":"2,800 ms","score":true,"helpText":"Consider reducing the time spent parsing, compiling and executing JS.You may find delivering smaller JS payloads helps with this.","rawValue":2799.5130100250244,"extendedInfo":{"value":{"Update Layer Tree":108.97500228881836,"Layout":432.32500076293945,"Recalculate Style":503.69400215148926,"Evaluate Script":1296.8040027618408,"Animation Frame Fired":8.261001586914062,"Minor GC":82.69900131225586,"Run Microtasks":63.02199935913086,"Parse HTML":62.446001052856445,"Paint":41.383995056152344,"Compile Script":44.90999984741211,"Composite Layers":77.99400329589844,"Parse Stylesheet":76.9990005493164}},"name":"mainthread-work-breakdown","description":"Main thread work breakdown","scoringMode":"binary","informative":true,"details":{"itemHeaders":[{"itemType":"text","text":"Category","type":"text"},{"itemType":"text","text":"Work","type":"text"},{"itemType":"text","text":"Time spent","type":"text"}],"header":"View Details","type":"table","items":[[{"text":"Script Evaluation","type":"text"},{"text":"Evaluate Script","type":"text"},{"text":"1,297 ms","type":"text"}],[{"text":"Script Evaluation","type":"text"},{"text":"Run Microtasks","type":"text"},{"text":"63 ms","type":"text"}],[{"text":"Script Evaluation","type":"text"},{"text":"Animation Frame Fired","type":"text"},{"text":"8 ms","type":"text"}],[{"text":"Style & Layout","type":"text"},{"text":"Recalculate Style","type":"text"},{"text":"504 ms","type":"text"}],[{"text":"Style & Layout","type":"text"},{"text":"Layout","type":"text"},{"text":"432 ms","type":"text"}],[{"text":"Compositing","type":"text"},{"text":"Update Layer Tree","type":"text"},{"text":"109 ms","type":"text"}],[{"text":"Compositing","type":"text"},{"text":"Composite Layers","type":"text"},{"text":"78 ms","type":"text"}],[{"text":"Parsing HTML & CSS","type":"text"},{"text":"Parse Stylesheet","type":"text"},{"text":"77 ms","type":"text"}],[{"text":"Parsing HTML & CSS","type":"text"},{"text":"Parse HTML","type":"text"},{"text":"62 ms","type":"text"}],[{"text":"Garbage collection","type":"text"},{"text":"Minor GC","type":"text"},{"text":"83 ms","type":"text"}],[{"text":"Script Parsing & Compile","type":"text"},{"text":"Compile Script","type":"text"},{"text":"45 ms","type":"text"}],[{"text":"Paint","type":"text"},{"text":"Paint","type":"text"},{"text":"41 ms","type":"text"}]]}},"score":100,"weight":0,"id":"mainthread-work-breakdown","group":"perf-info"},{"result":{"displayValue":"","score":false,"helpText":"Leverage the font-display CSS feature to ensure text is user-visible while webfonts are loading. [Learn more](https://developers.google.com/web/updates/2016/02/font-display).","rawValue":false,"name":"font-display","description":"Avoid invisible text while webfonts are loading","scoringMode":"binary","details":{"itemHeaders":[{"itemType":"url","text":"Font URL","type":"text"},{"itemType":"text","text":"Font download time","type":"text"}],"header":"View Details","type":"table","items":[[{"text":"https://fonts.gstatic.com/s/roboto/v18/KFOmCnqEu92Fr1Mu4mxK.woff2","type":"url"},{"text":"884 ms","type":"text"}],[{"text":"https://fonts.gstatic.com/s/materialicons/v37/flUhRq6tzZclQEJ-Vdg-IuiaDsNc.woff2","type":"url"},{"text":"1,066 ms","type":"text"}],[{"text":"https://fonts.gstatic.com/s/roboto/v18/KFOlCnqEu92Fr1MmEU9fBBc4.woff2","type":"url"},{"text":"875 ms","type":"text"}]]}},"score":0,"weight":0,"id":"font-display","group":"perf-info"}]},{"score":30,"name":"Progressive Web App","weight":1,"description":"These checks validate the aspects of a Progressive Web App, as specified by the baseline [PWA Checklist](https://developers.google.com/web/progressive-web-apps/checklist).","id":"pwa","audits":[{"result":{"displayValue":"","score":false,"helpText":"The service worker is the technology that enables your app to use many Progressive Web App features, such as offline, add to homescreen, and push notifications. [Learn more](https://developers.google.com/web/tools/lighthouse/audits/registered-service-worker).","rawValue":false,"name":"service-worker","description":"Does not register a service worker","scoringMode":"binary"},"score":0,"weight":1,"id":"service-worker"},{"result":{"displayValue":"","score":false,"helpText":"If you're building a Progressive Web App, consider using a service worker so that your app can work offline. [Learn more](https://developers.google.com/web/tools/lighthouse/audits/http-200-when-offline).","rawValue":false,"name":"works-offline","description":"Does not respond with a 200 when offline","scoringMode":"binary"},"score":0,"weight":1,"id":"works-offline"},{"result":{"displayValue":"","score":false,"debugString":"The page body should render some content if its scripts are not available.","helpText":"Your app should display some content when JavaScript is disabled, even if it's just a warning to the user that JavaScript is required to use the app. [Learn more](https://developers.google.com/web/tools/lighthouse/audits/no-js).","rawValue":false,"name":"without-javascript","description":"Does not provide fallback content when JavaScript is not available","scoringMode":"binary"},"score":0,"weight":1,"id":"without-javascript"},{"result":{"displayValue":"","score":false,"helpText":"If you've already set up HTTPS, make sure that you redirect all HTTP traffic to HTTPS. [Learn more](https://developers.google.com/web/tools/lighthouse/audits/http-redirects-to-https).","rawValue":false,"name":"redirects-http","description":"Does not redirect HTTP traffic to HTTPS","scoringMode":"binary"},"score":0,"weight":1,"id":"redirects-http"},{"result":{"displayValue":"","score":true,"helpText":"A fast page load over a 3G network ensures a good mobile user experience. [Learn more](https://developers.google.com/web/tools/lighthouse/audits/fast-3g).","rawValue":true,"extendedInfo":{"value":{"isFast":true,"timeToFirstInteractive":6460.149,"firstRequestLatencies":[{"latency":"566.29","url":"http://web/"},{"latency":"579.72","url":"https://cdnjs.cloudflare.com/ajax/libs/Chart.js/2.7.1/Chart.min.js"},{"latency":"571.48","url":"https://unpkg.com/vue-chartjs/dist/vue-chartjs.min.js"},{"latency":"578.93","url":"https://fonts.gstatic.com/s/roboto/v18/KFOmCnqEu92Fr1Mu4mxK.woff2"}],"areLatenciesAll3G":true}},"name":"load-fast-enough-for-pwa","description":"Page load is fast enough on 3G","scoringMode":"binary"},"score":100,"weight":1,"id":"load-fast-enough-for-pwa"},{"result":{"displayValue":"","score":false,"debugString":"Failures: No manifest was fetched, Site does not register a service worker, Service worker does not successfully serve the manifest's start_url, No usable web app manifest found on page.","helpText":"Browsers can proactively prompt users to add your app to their homescreen, which can lead to higher engagement. [Learn more](https://developers.google.com/web/tools/lighthouse/audits/install-prompt).","rawValue":false,"extendedInfo":{"value":{"failures":["No manifest was fetched","Site does not register a service worker","Service worker does not successfully serve the manifest's start_url","No usable web app manifest found on page"],"warnings":["No usable web app manifest found on page"],"manifestValues":{"parseFailureReason":"No manifest was fetched","allChecks":[],"isParseFailure":true}}},"name":"webapp-install-banner","description":"User will not be prompted to Install the Web App","scoringMode":"binary"},"score":0,"weight":1,"id":"webapp-install-banner"},{"result":{"displayValue":"","score":false,"debugString":"Failures: No manifest was fetched.","helpText":"A themed splash screen ensures a high-quality experience when users launch your app from their homescreens. [Learn more](https://developers.google.com/web/tools/lighthouse/audits/custom-splash-screen).","rawValue":false,"extendedInfo":{"value":{"failures":["No manifest was fetched"],"manifestValues":{"parseFailureReason":"No manifest was fetched","allChecks":[],"isParseFailure":true}}},"name":"splash-screen","description":"Is not configured for a custom splash screen","scoringMode":"binary"},"score":0,"weight":1,"id":"splash-screen"},{"result":{"displayValue":"","score":false,"debugString":"Failures: No manifest was fetched, No `<meta name=\"theme-color\">` tag found.","helpText":"The browser address bar can be themed to match your site. [Learn more](https://developers.google.com/web/tools/lighthouse/audits/address-bar).","rawValue":false,"extendedInfo":{"value":{"failures":["No manifest was fetched","No `<meta name=\"theme-color\">` tag found"],"themeColor":null,"manifestValues":{"parseFailureReason":"No manifest was fetched","allChecks":[],"isParseFailure":true}}},"name":"themed-omnibox","description":"Address bar does not match brand colors","scoringMode":"binary"},"score":0,"weight":1,"id":"themed-omnibox"},{"result":{"displayValue":"","score":true,"debugString":"","helpText":"Add a viewport meta tag to optimize your app for mobile screens. [Learn more](https://developers.google.com/web/tools/lighthouse/audits/has-viewport-meta-tag).","rawValue":true,"name":"viewport","description":"Has a `<meta name=\"viewport\">` tag with `width` or `initial-scale`","scoringMode":"binary"},"score":100,"weight":1,"id":"viewport"},{"result":{"displayValue":"","score":true,"debugString":"","helpText":"If the width of your app's content doesn't match the width of the viewport, your app might not be optimized for mobile screens. [Learn more](https://developers.google.com/web/tools/lighthouse/audits/content-sized-correctly-for-viewport).","rawValue":true,"name":"content-width","description":"Content is sized correctly for the viewport","scoringMode":"binary"},"score":100,"weight":1,"id":"content-width"},{"result":{"displayValue":"","score":false,"helpText":"To reach the most number of users, sites should work across every major browser. [Learn more](https://developers.google.com/web/progressive-web-apps/checklist#site-works-cross-browser).","rawValue":false,"name":"pwa-cross-browser","description":"Site works cross-browser","scoringMode":"binary","informative":true,"manual":true},"score":0,"weight":0,"id":"pwa-cross-browser","group":"manual-pwa-checks"},{"result":{"displayValue":"","score":false,"helpText":"Transitions should feel snappy as you tap around, even on a slow network, a key to perceived performance. [Learn more](https://developers.google.com/web/progressive-web-apps/checklist#page-transitions-dont-feel-like-they-block-on-the-network).","rawValue":false,"name":"pwa-page-transitions","description":"Page transitions don't feel like they block on the network","scoringMode":"binary","informative":true,"manual":true},"score":0,"weight":0,"id":"pwa-page-transitions","group":"manual-pwa-checks"},{"result":{"displayValue":"","score":false,"helpText":"Ensure individual pages are deep linkable via the URLs and that URLs are unique for the purpose of shareability on social media. [Learn more](https://developers.google.com/web/progressive-web-apps/checklist#each-page-has-a-url).","rawValue":false,"name":"pwa-each-page-has-url","description":"Each page has a URL","scoringMode":"binary","informative":true,"manual":true},"score":0,"weight":0,"id":"pwa-each-page-has-url","group":"manual-pwa-checks"}]},{"score":76.71232876712328,"name":"Accessibility","description":"These checks highlight opportunities to [improve the accessibility of your web app](https://developers.google.com/web/fundamentals/accessibility). Only a subset of accessibility issues can be automatically detected so manual testing is also encouraged.","id":"accessibility","audits":[{"result":{"displayValue":"","score":false,"helpText":"Access keys let users quickly focus a part of the page. For proper navigation, each access key must be unique. [Learn more](https://dequeuniversity.com/rules/axe/2.2/accesskeys?application=lighthouse).","rawValue":false,"name":"accesskeys","description":"`[accesskey]` values are not unique","scoringMode":"binary","informative":true,"notApplicable":true},"score":100,"weight":0,"id":"accesskeys","group":"a11y-correct-attributes"},{"result":{"displayValue":"","score":true,"helpText":"Each ARIA `role` supports a specific subset of `aria-*` attributes. Mismatching these invalidates the `aria-*` attributes. [Learn more](https://dequeuniversity.com/rules/axe/2.2/aria-allowed-attr?application=lighthouse).","rawValue":true,"extendedInfo":{},"name":"aria-allowed-attr","description":"`[aria-*]` attributes match their roles","scoringMode":"binary","details":{"header":{"text":"View failing elements","type":"text"},"type":"list","items":[]}},"score":100,"weight":3,"id":"aria-allowed-attr","group":"a11y-aria"},{"result":{"displayValue":"","score":false,"helpText":"Some ARIA roles have required attributes that describe the state of the element to screen readers. [Learn more](https://dequeuniversity.com/rules/axe/2.2/aria-required-attr?application=lighthouse).","rawValue":false,"name":"aria-required-attr","description":"`[role]`s do not have all required `[aria-*]` attributes","scoringMode":"binary","informative":true,"notApplicable":true},"score":100,"weight":0,"id":"aria-required-attr","group":"a11y-aria"},{"result":{"displayValue":"","score":false,"helpText":"Some ARIA parent roles must contain specific child roles to perform their intended accessibility functions. [Learn more](https://dequeuniversity.com/rules/axe/2.2/aria-required-children?application=lighthouse).","rawValue":false,"name":"aria-required-children","description":"Elements with `[role]` that require specific children `[role]`s, are missing.","scoringMode":"binary","informative":true,"notApplicable":true},"score":100,"weight":0,"id":"aria-required-children","group":"a11y-aria"},{"result":{"displayValue":"","score":false,"helpText":"Some ARIA child roles must be contained by specific parent roles to properly perform their intended accessibility functions. [Learn more](https://dequeuniversity.com/rules/axe/2.2/aria-required-parent?application=lighthouse).","rawValue":false,"name":"aria-required-parent","description":"`[role]`s are not contained by their required parent element","scoringMode":"binary","informative":true,"notApplicable":true},"score":100,"weight":0,"id":"aria-required-parent","group":"a11y-aria"},{"result":{"displayValue":"","score":false,"helpText":"ARIA roles must have valid values in order to perform their intended accessibility functions. [Learn more](https://dequeuniversity.com/rules/axe/2.2/aria-roles?application=lighthouse).","rawValue":false,"name":"aria-roles","description":"`[role]` values are not valid","scoringMode":"binary","informative":true,"notApplicable":true},"score":100,"weight":0,"id":"aria-roles","group":"a11y-aria"},{"result":{"displayValue":"","score":true,"helpText":"Assistive technologies, like screen readers, can't interpret ARIA attributes with invalid values. [Learn more](https://dequeuniversity.com/rules/axe/2.2/aria-valid-attr-value?application=lighthouse).","rawValue":true,"extendedInfo":{},"name":"aria-valid-attr-value","description":"`[aria-*]` attributes have valid values","scoringMode":"binary","details":{"header":{"text":"View failing elements","type":"text"},"type":"list","items":[]}},"score":100,"weight":2,"id":"aria-valid-attr-value","group":"a11y-aria"},{"result":{"displayValue":"","score":true,"helpText":"Assistive technologies, like screen readers, can't interpret ARIA attributes with invalid names. [Learn more](https://dequeuniversity.com/rules/axe/2.2/aria-valid-attr?application=lighthouse).","rawValue":true,"extendedInfo":{},"name":"aria-valid-attr","description":"`[aria-*]` attributes are valid and not misspelled","scoringMode":"binary","details":{"header":{"text":"View failing elements","type":"text"},"type":"list","items":[]}},"score":100,"weight":5,"id":"aria-valid-attr","group":"a11y-aria"},{"result":{"displayValue":"","score":false,"helpText":"Captions make audio elements usable for deaf or hearing-impaired users, providing critical information such as who is talking, what they're saying, and other non-speech information. [Learn more](https://dequeuniversity.com/rules/axe/2.2/audio-caption?application=lighthouse).","rawValue":false,"name":"audio-caption","description":"`<audio>` elements are missing a `<track>` element with `[kind=\"captions\"]`.","scoringMode":"binary","informative":true,"notApplicable":true},"score":100,"weight":0,"id":"audio-caption","group":"a11y-correct-attributes"},{"result":{"displayValue":"","score":false,"helpText":"When a button doesn't have an accessible name, screen readers announce it as \"button\", making it unusable for users who rely on screen readers. [Learn more](https://dequeuniversity.com/rules/axe/2.2/button-name?application=lighthouse).","rawValue":false,"extendedInfo":{"value":{"help":"Buttons must have discernible text","nodes":[{"failureSummary":"Fix all of the following:\n  Element is in tab order and does not have accessible text\n\nFix any of the following:\n  Element has a value attribute and the value attribute is empty\n  Element has no value attribute or the value attribute is empty\n  Element does not have inner text that is visible to screen readers\n  aria-label attribute does not exist or is empty\n  aria-labelledby attribute does not exist, references elements that do not exist or references elements that are empty or not visible\n  Element's default semantics were not overridden with role=\"presentation\"\n  Element's default semantics were not overridden with role=\"none\"","snippet":"<button type=\"button\" class=\"toolbar__side-icon btn btn--icon\">","path":"1,HTML,2,BODY,0,MAIN,0,DIV,1,DIV,2,NAV,0,DIV,0,BUTTON","impact":"critical","html":"<button type=\"button\" class=\"toolbar__side-icon btn btn--icon\"><div class=\"btn__content\"><i aria-hidden=\"true\" class=\"icon material-icons\">menu<\/i><\/div><\/button>","target":[".toolbar__side-icon"]},{"failureSummary":"Fix all of the following:\n  Element is in tab order and does not have accessible text\n\nFix any of the following:\n  Element has a value attribute and the value attribute is empty\n  Element has no value attribute or the value attribute is empty\n  Element does not have inner text that is visible to screen readers\n  aria-label attribute does not exist or is empty\n  aria-labelledby attribute does not exist, references elements that do not exist or references elements that are empty or not visible\n  Element's default semantics were not overridden with role=\"presentation\"\n  Element's default semantics were not overridden with role=\"none\"","snippet":"<button type=\"button\" class=\"btn btn--icon\">","path":"1,HTML,2,BODY,0,MAIN,0,DIV,1,DIV,2,NAV,0,DIV,4,SPAN,0,SPAN,0,BUTTON","impact":"critical","html":"<button type=\"button\" class=\"btn btn--icon\"><div class=\"btn__content\"><i aria-hidden=\"true\" class=\"icon fa fa-sign-out\"><\/i><\/div><\/button>","target":["span > .btn--icon"]}],"impact":"critical","description":"Ensures buttons have discernible text","helpUrl":"https://dequeuniversity.com/rules/axe/3.0/button-name?application=axeAPI","id":"button-name","tags":["cat.name-role-value","wcag2a","wcag412","section508","section508.22.a"]}},"name":"button-name","description":"Buttons do not have an accessible name","scoringMode":"binary","details":{"header":{"text":"View failing elements","type":"text"},"type":"list","items":[{"snippet":"<button type=\"button\" class=\"toolbar__side-icon btn btn--icon\">","path":"1,HTML,2,BODY,0,MAIN,0,DIV,1,DIV,2,NAV,0,DIV,0,BUTTON","selector":".toolbar__side-icon","type":"node"},{"snippet":"<button type=\"button\" class=\"btn btn--icon\">","path":"1,HTML,2,BODY,0,MAIN,0,DIV,1,DIV,2,NAV,0,DIV,4,SPAN,0,SPAN,0,BUTTON","selector":"span > .btn--icon","type":"node"}]}},"score":0,"weight":10,"id":"button-name","group":"a11y-element-names"},{"result":{"displayValue":"","score":true,"helpText":"Adding ways to bypass repetitive content lets keyboard users navigate the page more efficiently. [Learn more](https://dequeuniversity.com/rules/axe/2.2/bypass?application=lighthouse).","rawValue":true,"extendedInfo":{},"name":"bypass","description":"The page contains a heading, skip link, or landmark region","scoringMode":"binary","details":{"header":{"text":"View failing elements","type":"text"},"type":"list","items":[]}},"score":100,"weight":10,"id":"bypass","group":"a11y-describe-contents"},{"result":{"displayValue":"","score":true,"helpText":"Low-contrast text is difficult or impossible for many users to read. [Learn more](https://dequeuniversity.com/rules/axe/2.2/color-contrast?application=lighthouse).","rawValue":true,"extendedInfo":{},"name":"color-contrast","description":"Background and foreground colors have a sufficient contrast ratio","scoringMode":"binary","details":{"header":{"text":"View failing elements","type":"text"},"type":"list","items":[]}},"score":100,"weight":6,"id":"color-contrast","group":"a11y-color-contrast"},{"result":{"displayValue":"","score":false,"helpText":"When definition lists are not properly marked up, screen readers may produce confusing or inaccurate output. [Learn more](https://dequeuniversity.com/rules/axe/2.2/definition-list?application=lighthouse).","rawValue":false,"name":"definition-list","description":"`<dl>`'s do not contain only properly-ordered `<dt>` and `<dd>` groups, `<script>` or `<template>` elements.","scoringMode":"binary","informative":true,"notApplicable":true},"score":100,"weight":0,"id":"definition-list","group":"a11y-well-structured"},{"result":{"displayValue":"","score":false,"helpText":"Definition list items (`<dt>` and `<dd>`) must be wrapped in a parent `<dl>` element to ensure that screen readers can properly announce them. [Learn more](https://dequeuniversity.com/rules/axe/2.2/dlitem?application=lighthouse).","rawValue":false,"name":"dlitem","description":"Definition list items are not wrapped in `<dl>` elements","scoringMode":"binary","informative":true,"notApplicable":true},"score":100,"weight":0,"id":"dlitem","group":"a11y-well-structured"},{"result":{"displayValue":"","score":true,"helpText":"The title gives screen reader users an overview of the page, and search engine users rely on it heavily to determine if a page is relevant to their search. [Learn more](https://developers.google.com/web/tools/lighthouse/audits/title).","rawValue":true,"extendedInfo":{},"name":"document-title","description":"Document has a `<title>` element","scoringMode":"binary","details":{"header":{"text":"View failing elements","type":"text"},"type":"list","items":[]}},"score":100,"weight":2,"id":"document-title","group":"a11y-describe-contents"},{"result":{"displayValue":"","score":true,"helpText":"The value of an id attribute must be unique to prevent other instances from being overlooked by assistive technologies. [Learn more](https://dequeuniversity.com/rules/axe/2.2/duplicate-id?application=lighthouse).","rawValue":true,"extendedInfo":{},"name":"duplicate-id","description":"`[id]` attributes on the page are unique","scoringMode":"binary","details":{"header":{"text":"View failing elements","type":"text"},"type":"list","items":[]}},"score":100,"weight":5,"id":"duplicate-id","group":"a11y-well-structured"},{"result":{"displayValue":"","score":false,"helpText":"Screen reader users rely on frame titles to describe the contents of frames. [Learn more](https://dequeuniversity.com/rules/axe/2.2/frame-title?application=lighthouse).","rawValue":false,"name":"frame-title","description":"`<frame>` or `<iframe>` elements do not have a title","scoringMode":"binary","informative":true,"notApplicable":true},"score":100,"weight":0,"id":"frame-title","group":"a11y-describe-contents"},{"result":{"displayValue":"","score":false,"helpText":"If a page doesn't specify a lang attribute, a screen reader assumes that the page is in the default language that the user chose when setting up the screen reader. If the page isn't actually in the default language, then the screen reader might not announce the page's text correctly. [Learn more](https://dequeuniversity.com/rules/axe/2.2/html-lang?application=lighthouse).","rawValue":false,"extendedInfo":{"value":{"help":"<html> element must have a lang attribute","nodes":[{"failureSummary":"Fix any of the following:\n  The <html> element does not have a lang attribute","snippet":"<html>","path":"1,HTML","impact":"serious","html":"<html>","target":["html"]}],"impact":"serious","description":"Ensures every HTML document has a lang attribute","helpUrl":"https://dequeuniversity.com/rules/axe/3.0/html-has-lang?application=axeAPI","id":"html-has-lang","tags":["cat.language","wcag2a","wcag311"]}},"name":"html-has-lang","description":"`<html>` element does not have a `[lang]` attribute","scoringMode":"binary","details":{"header":{"text":"View failing elements","type":"text"},"type":"list","items":[{"snippet":"<html>","path":"1,HTML","selector":"html","type":"node"}]}},"score":0,"weight":4,"id":"html-has-lang","group":"a11y-language"},{"result":{"displayValue":"","score":false,"helpText":"Specifying a valid [BCP 47 language](https://www.w3.org/International/questions/qa-choosing-language-tags#question) helps screen readers announce text properly. [Learn more](https://dequeuniversity.com/rules/axe/2.2/valid-lang?application=lighthouse).","rawValue":false,"name":"html-lang-valid","description":"`<html>` element does not have a valid value for its `[lang]` attribute.","scoringMode":"binary","informative":true,"notApplicable":true},"score":100,"weight":0,"id":"html-lang-valid","group":"a11y-language"},{"result":{"displayValue":"","score":false,"helpText":"Informative elements should aim for short, descriptive alternate text. Decorative elements can be ignored with an empty alt attribute.[Learn more](https://dequeuniversity.com/rules/axe/2.2/image-alt?application=lighthouse).","rawValue":false,"name":"image-alt","description":"Image elements do not have `[alt]` attributes","scoringMode":"binary","informative":true,"notApplicable":true},"score":100,"weight":0,"id":"image-alt","group":"a11y-correct-attributes"},{"result":{"displayValue":"","score":false,"helpText":"When an image is being used as an `<input>` button, providing alternative text can help screen reader users understand the purpose of the button. [Learn more](https://dequeuniversity.com/rules/axe/2.2/input-image-alt?application=lighthouse).","rawValue":false,"name":"input-image-alt","description":"`<input type=\"image\">` elements do not have `[alt]` text","scoringMode":"binary","informative":true,"notApplicable":true},"score":100,"weight":0,"id":"input-image-alt","group":"a11y-correct-attributes"},{"result":{"displayValue":"","score":true,"helpText":"Labels ensure that form controls are announced properly by assistive technologies, like screen readers. [Learn more](https://dequeuniversity.com/rules/axe/2.2/label?application=lighthouse).","rawValue":true,"extendedInfo":{},"name":"label","description":"Form elements have associated labels","scoringMode":"binary","details":{"header":{"text":"View failing elements","type":"text"},"type":"list","items":[]}},"score":100,"weight":10,"id":"label","group":"a11y-describe-contents"},{"result":{"displayValue":"","score":false,"helpText":"A table being used for layout purposes should not include data elements, such as the th or caption elements or the summary attribute, because this can create a confusing experience for screen reader users. [Learn more](https://dequeuniversity.com/rules/axe/2.2/layout-table?application=lighthouse).","rawValue":false,"name":"layout-table","description":"Presentational `<table>` elements do not avoid using `<th>`, `<caption>` or the `[summary]` attribute.","scoringMode":"binary","informative":true,"notApplicable":true},"score":100,"weight":0,"id":"layout-table","group":"a11y-describe-contents"},{"result":{"displayValue":"","score":true,"helpText":"Link text (and alternate text for images, when used as links) that is discernible, unique, and focusable improves the navigation experience for screen reader users. [Learn more](https://dequeuniversity.com/rules/axe/2.2/link-name?application=lighthouse).","rawValue":true,"extendedInfo":{},"name":"link-name","description":"Links have a discernible name","scoringMode":"binary","details":{"header":{"text":"View failing elements","type":"text"},"type":"list","items":[]}},"score":100,"weight":9,"id":"link-name","group":"a11y-element-names"},{"result":{"displayValue":"","score":false,"helpText":"Screen readers have a specific way of announcing lists. Ensuring proper list structure aids screen reader output. [Learn more](https://dequeuniversity.com/rules/axe/2.2/list?application=lighthouse).","rawValue":false,"name":"list","description":"Lists do not contain only `<li>` elements and script supporting elements (`<script>` and `<template>`).","scoringMode":"binary","informative":true,"notApplicable":true},"score":100,"weight":0,"id":"list","group":"a11y-well-structured"},{"result":{"displayValue":"","score":false,"helpText":"Screen readers require list items (`<li>`) to be contained within a parent `<ul>` or `<ol>` to be announced properly. [Learn more](https://dequeuniversity.com/rules/axe/2.2/listitem?application=lighthouse).","rawValue":false,"name":"listitem","description":"List items (`<li>`) are not contained within `<ul>` or `<ol>` parent elements.","scoringMode":"binary","informative":true,"notApplicable":true},"score":100,"weight":0,"id":"listitem","group":"a11y-well-structured"},{"result":{"displayValue":"","score":false,"helpText":"Users do not expect a page to refresh automatically, and doing so will move focus back to the top of the page. This may create a frustrating or confusing experience. [Learn more](https://dequeuniversity.com/rules/axe/2.2/meta-refresh?application=lighthouse).","rawValue":false,"name":"meta-refresh","description":"The document uses `<meta http-equiv=\"refresh\">`","scoringMode":"binary","informative":true,"notApplicable":true},"score":100,"weight":0,"id":"meta-refresh","group":"a11y-meta"},{"result":{"displayValue":"","score":false,"helpText":"Disabling zooming is problematic for users with low vision who rely on screen magnification to properly see the contents of a web page. [Learn more](https://dequeuniversity.com/rules/axe/2.2/meta-viewport?application=lighthouse).","rawValue":false,"extendedInfo":{"value":{"help":"Zooming and scaling must not be disabled","nodes":[{"failureSummary":"Fix any of the following:\n  <meta> tag disables zooming on mobile devices","snippet":"<meta name=\"viewport\" content=\"width=device-width,initial-scale=1,maximum-scale=1,minimum-scale=1,user-scalable=no\">","path":"1,HTML,1,HEAD,1,META","impact":"critical","html":"<meta name=\"viewport\" content=\"width=device-width,initial-scale=1,maximum-scale=1,minimum-scale=1,user-scalable=no\">","target":["meta[name=\"viewport\"]"]}],"impact":"critical","description":"Ensures <meta name=\"viewport\"> does not disable text scaling and zooming","helpUrl":"https://dequeuniversity.com/rules/axe/3.0/meta-viewport?application=axeAPI","id":"meta-viewport","tags":["cat.sensory-and-visual-cues","wcag2aa","wcag144"]}},"name":"meta-viewport","description":"`[user-scalable=\"no\"]` is used in the `<meta name=\"viewport\">` element or the `[maximum-scale]` attribute is less than 5.","scoringMode":"binary","details":{"header":{"text":"View failing elements","type":"text"},"type":"list","items":[{"snippet":"<meta name=\"viewport\" content=\"width=device-width,initial-scale=1,maximum-scale=1,minimum-scale=1,user-scalable=no\">","path":"1,HTML,1,HEAD,1,META","selector":"meta[name=\"viewport\"]","type":"node"}]}},"score":0,"weight":3,"id":"meta-viewport","group":"a11y-meta"},{"result":{"displayValue":"","score":false,"helpText":"Screen readers cannot translate non-text content. Adding alt text to `<object>` elements helps screen readers convey meaning to users. [Learn more](https://dequeuniversity.com/rules/axe/2.2/object-alt?application=lighthouse).","rawValue":false,"name":"object-alt","description":"`<object>` elements do not have `[alt]` text","scoringMode":"binary","informative":true,"notApplicable":true},"score":100,"weight":0,"id":"object-alt","group":"a11y-describe-contents"},{"result":{"displayValue":"","score":true,"helpText":"A value greater than 0 implies an explicit navigation ordering. Although technically valid, this often creates frustrating experiences for users who rely on assistive technologies. [Learn more](https://dequeuniversity.com/rules/axe/2.2/tabindex?application=lighthouse).","rawValue":true,"extendedInfo":{},"name":"tabindex","description":"No element has a `[tabindex]` value greater than 0","scoringMode":"binary","details":{"header":{"text":"View failing elements","type":"text"},"type":"list","items":[]}},"score":100,"weight":4,"id":"tabindex","group":"a11y-correct-attributes"},{"result":{"displayValue":"","score":false,"helpText":"Screen readers have features to make navigating tables easier. Ensuring `<td>` cells using the `[headers]` attribute only refer to other cells in the same table may improve the experience for screen reader users. [Learn more](https://dequeuniversity.com/rules/axe/2.2/td-headers-attr?application=lighthouse).","rawValue":false,"name":"td-headers-attr","description":"Cells in a `<table>` element that use the `[headers]` attribute refers to other cells of that same table.","scoringMode":"binary","informative":true,"notApplicable":true},"score":100,"weight":0,"id":"td-headers-attr","group":"a11y-correct-attributes"},{"result":{"displayValue":"","score":false,"helpText":"Screen readers have features to make navigating tables easier. Ensuring table headers always refer to some set of cells may improve the experience for screen reader users. [Learn more](https://dequeuniversity.com/rules/axe/2.2/th-has-data-cells?application=lighthouse).","rawValue":false,"name":"th-has-data-cells","description":"`<th>` elements and elements with `[role=\"columnheader\"/\"rowheader\"]` do not have data cells they describe.","scoringMode":"binary","informative":true,"notApplicable":true},"score":100,"weight":0,"id":"th-has-data-cells","group":"a11y-correct-attributes"},{"result":{"displayValue":"","score":false,"helpText":"Specifying a valid [BCP 47 language](https://www.w3.org/International/questions/qa-choosing-language-tags#question) on elements helps ensure that text is pronounced correctly by a screen reader. [Learn more](https://dequeuniversity.com/rules/axe/2.2/valid-lang?application=lighthouse).","rawValue":false,"name":"valid-lang","description":"`[lang]` attributes do not have a valid value","scoringMode":"binary","informative":true,"notApplicable":true},"score":100,"weight":0,"id":"valid-lang","group":"a11y-language"},{"result":{"displayValue":"","score":false,"helpText":"When a video provides a caption it is easier for deaf and hearing impaired users to access its information. [Learn more](https://dequeuniversity.com/rules/axe/2.2/video-caption?application=lighthouse).","rawValue":false,"name":"video-caption","description":"`<video>` elements do not contain a `<track>` element with `[kind=\"captions\"]`.","scoringMode":"binary","informative":true,"notApplicable":true},"score":100,"weight":0,"id":"video-caption","group":"a11y-describe-contents"},{"result":{"displayValue":"","score":false,"helpText":"Audio descriptions provide relevant information for videos that dialogue cannot, such as facial expressions and scenes. [Learn more](https://dequeuniversity.com/rules/axe/2.2/video-description?application=lighthouse).","rawValue":false,"name":"video-description","description":"`<video>` elements do not contain a `<track>` element with `[kind=\"description\"]`.","scoringMode":"binary","informative":true,"notApplicable":true},"score":100,"weight":0,"id":"video-description","group":"a11y-describe-contents"},{"result":{"displayValue":"","score":false,"helpText":"Tabbing through the page follows the visual layout. Users cannot focus elements that are offscreen. [Learn more](https://developers.google.com/web/fundamentals/accessibility/how-to-review#start_with_the_keyboard).","rawValue":false,"name":"logical-tab-order","description":"The page has a logical tab order","scoringMode":"binary","informative":true,"manual":true},"score":0,"weight":0,"id":"logical-tab-order","group":"manual-a11y-checks"},{"result":{"displayValue":"","score":false,"helpText":"Custom interactive controls are keyboard focusable and display a focus indicator. [Learn more](https://developers.google.com/web/fundamentals/accessibility/how-to-review#start_with_the_keyboard).","rawValue":false,"name":"focusable-controls","description":"Interactive controls are keyboard focusable","scoringMode":"binary","informative":true,"manual":true},"score":0,"weight":0,"id":"focusable-controls","group":"manual-a11y-checks"},{"result":{"displayValue":"","score":false,"helpText":"If new content, such as a dialog, is added to the page, the user's focus is directed to it. [Learn more](https://developers.google.com/web/fundamentals/accessibility/how-to-review#start_with_the_keyboard).","rawValue":false,"name":"managed-focus","description":"The user's focus is directed to new content added to the page","scoringMode":"binary","informative":true,"manual":true},"score":0,"weight":0,"id":"managed-focus","group":"manual-a11y-checks"},{"result":{"displayValue":"","score":false,"helpText":"A user can tab into and out of any control or region without accidentally trapping their focus. [Learn more](https://developers.google.com/web/fundamentals/accessibility/how-to-review#start_with_the_keyboard).","rawValue":false,"name":"focus-traps","description":"User focus is not accidentally trapped in a region","scoringMode":"binary","informative":true,"manual":true},"score":0,"weight":0,"id":"focus-traps","group":"manual-a11y-checks"},{"result":{"displayValue":"","score":false,"helpText":"Custom interactive controls have associated labels, provided by aria-label or aria-labelledby. [Learn more](https://developers.google.com/web/fundamentals/accessibility/how-to-review#try_it_with_a_screen_reader).","rawValue":false,"name":"custom-controls-labels","description":"Custom controls have associated labels","scoringMode":"binary","informative":true,"manual":true},"score":0,"weight":0,"id":"custom-controls-labels","group":"manual-a11y-checks"},{"result":{"displayValue":"","score":false,"helpText":"Custom interactive controls have appropriate ARIA roles. [Learn more](https://developers.google.com/web/fundamentals/accessibility/how-to-review#try_it_with_a_screen_reader).","rawValue":false,"name":"custom-controls-roles","description":"Custom controls have ARIA roles","scoringMode":"binary","informative":true,"manual":true},"score":0,"weight":0,"id":"custom-controls-roles","group":"manual-a11y-checks"},{"result":{"displayValue":"","score":false,"helpText":"DOM order matches the visual order, improving navigation for assistive technology. [Learn more](https://developers.google.com/web/fundamentals/accessibility/how-to-review#try_it_with_a_screen_reader).","rawValue":false,"name":"visual-order-follows-dom","description":"Visual order on the page follows DOM order","scoringMode":"binary","informative":true,"manual":true},"score":0,"weight":0,"id":"visual-order-follows-dom","group":"manual-a11y-checks"},{"result":{"displayValue":"","score":false,"helpText":"Offscreen content is hidden with display: none or aria-hidden=true. [Learn more](https://developers.google.com/web/fundamentals/accessibility/how-to-review#try_it_with_a_screen_reader).","rawValue":false,"name":"offscreen-content-hidden","description":"Offscreen content is hidden from assistive technology","scoringMode":"binary","informative":true,"manual":true},"score":0,"weight":0,"id":"offscreen-content-hidden","group":"manual-a11y-checks"},{"result":{"displayValue":"","score":false,"helpText":"Headings are used to create an outline for the page and heading levels are not skipped. [Learn more](https://developers.google.com/web/fundamentals/accessibility/how-to-review#take_advantage_of_headings_and_landmarks).","rawValue":false,"name":"heading-levels","description":"Headings don't skip levels","scoringMode":"binary","informative":true,"manual":true},"score":0,"weight":0,"id":"heading-levels","group":"manual-a11y-checks"},{"result":{"displayValue":"","score":false,"helpText":"Landmark elements (<main>, <nav>, etc.) are used to improve the keyboard navigation of the page for assistive technology. [Learn more](https://developers.google.com/web/fundamentals/accessibility/how-to-review#take_advantage_of_headings_and_landmarks).","rawValue":false,"name":"use-landmarks","description":"HTML5 landmark elements are used to improve navigation","scoringMode":"binary","informative":true,"manual":true},"score":0,"weight":0,"id":"use-landmarks","group":"manual-a11y-checks"}]},{"score":86.66666666666667,"name":"Best Practices","description":"We've compiled some recommendations for modernizing your web app and avoiding performance pitfalls.","id":"best-practices","audits":[{"result":{"displayValue":"","score":true,"debugString":"","helpText":"Application Cache is deprecated. [Learn more](https://developers.google.com/web/tools/lighthouse/audits/appcache).","rawValue":true,"name":"appcache-manifest","description":"Avoids Application Cache","scoringMode":"binary"},"score":100,"weight":1,"id":"appcache-manifest"},{"result":{"displayValue":"","score":true,"debugString":"","helpText":"Web SQL is deprecated. Consider using IndexedDB instead. [Learn more](https://developers.google.com/web/tools/lighthouse/audits/web-sql).","rawValue":true,"name":"no-websql","description":"Avoids WebSQL DB","scoringMode":"binary"},"score":100,"weight":1,"id":"no-websql"},{"result":{"displayValue":"5 requests were not handled over HTTP/2","score":false,"helpText":"HTTP/2 offers many benefits over HTTP/1.1, including binary headers, multiplexing, and server push. [Learn more](https://developers.google.com/web/tools/lighthouse/audits/http2).","rawValue":false,"extendedInfo":{"value":{"results":[{"protocol":"http/1.1","url":"http://web/"},{"protocol":"http/1.1","url":"http://web/static/js/manifest.9f020e973ae4037504f6.js"},{"protocol":"http/1.1","url":"http://web/static/js/vendor.d1efda22f11e965a5228.js"},{"protocol":"http/1.1","url":"http://web/static/js/app.310cd52123c59f9f64a5.js"},{"protocol":"http/1.1","url":"http://web/static/css/app.a1bcfeb0daa2a3f727390086fd42ee9d.css"}]}},"name":"uses-http2","description":"Does not use HTTP/2 for all of its resources","scoringMode":"binary","details":{"itemHeaders":[{"itemType":"url","text":"URL","type":"text"},{"itemType":"text","text":"Protocol","type":"text"}],"header":"View Details","type":"table","items":[[{"text":"http://web/","type":"url"},{"text":"http/1.1","type":"text"}],[{"text":"http://web/static/js/manifest.9f020e973ae4037504f6.js","type":"url"},{"text":"http/1.1","type":"text"}],[{"text":"http://web/static/js/vendor.d1efda22f11e965a5228.js","type":"url"},{"text":"http/1.1","type":"text"}],[{"text":"http://web/static/js/app.310cd52123c59f9f64a5.js","type":"url"},{"text":"http/1.1","type":"text"}],[{"text":"http://web/static/css/app.a1bcfeb0daa2a3f727390086fd42ee9d.css","type":"url"},{"text":"http/1.1","type":"text"}]]}},"score":0,"weight":1,"id":"uses-http2"},{"result":{"displayValue":"","score":true,"helpText":"Consider marking your touch and wheel event listeners as `passive` to improve your page's scroll performance. [Learn more](https://developers.google.com/web/tools/lighthouse/audits/passive-event-listeners).","rawValue":true,"extendedInfo":{"value":[]},"name":"uses-passive-event-listeners","description":"Uses passive listeners to improve scrolling performance","scoringMode":"binary","details":{"itemHeaders":[{"itemType":"url","text":"URL","type":"text"},{"itemType":"text","text":"Location","type":"text"}],"header":"View Details","type":"table","items":[]}},"score":100,"weight":1,"id":"uses-passive-event-listeners"},{"result":{"displayValue":"","score":true,"helpText":"Mutation Events are deprecated and harm performance. Consider using Mutation Observers instead. [Learn more](https://developers.google.com/web/tools/lighthouse/audits/mutation-events).","rawValue":true,"extendedInfo":{"value":{"results":[]}},"name":"no-mutation-events","description":"Avoids Mutation Events in its own scripts","scoringMode":"binary","details":{"itemHeaders":[{"itemType":"url","text":"URL","type":"text"},{"itemType":"code","text":"Event","type":"text"},{"itemType":"text","text":"Line","type":"text"},{"itemType":"text","text":"Col","type":"text"},{"itemType":"code","text":"Snippet","type":"text"}],"header":"View Details","type":"table","items":[]}},"score":100,"weight":1,"id":"no-mutation-events"},{"result":{"displayValue":"","score":true,"helpText":"For users on slow connections, external scripts dynamically injected via `document.write()` can delay page load by tens of seconds. [Learn more](https://developers.google.com/web/tools/lighthouse/audits/document-write).","rawValue":true,"extendedInfo":{"value":[]},"name":"no-document-write","description":"Avoids `document.write()`","scoringMode":"binary","details":{"itemHeaders":[{"itemType":"url","text":"URL","type":"text"},{"itemType":"text","text":"Location","type":"text"}],"header":"View Details","type":"table","items":[]}},"score":100,"weight":1,"id":"no-document-write"},{"result":{"displayValue":"","score":true,"helpText":"Open new tabs using `rel=\"noopener\"` to improve performance and prevent security vulnerabilities. [Learn more](https://developers.google.com/web/tools/lighthouse/audits/noopener).","rawValue":true,"extendedInfo":{"value":[]},"name":"external-anchors-use-rel-noopener","description":"Opens external anchors using `rel=\"noopener\"`","scoringMode":"binary","details":{"itemHeaders":[{"itemType":"url","text":"URL","type":"text"},{"itemType":"text","text":"Target","type":"text"},{"itemType":"text","text":"Rel","type":"text"}],"header":"View Details","type":"table","items":[]}},"score":100,"weight":1,"id":"external-anchors-use-rel-noopener"},{"result":{"displayValue":"","score":true,"helpText":"Users are mistrustful of or confused by sites that request their location without context. Consider tying the request to user gestures instead. [Learn more](https://developers.google.com/web/tools/lighthouse/audits/geolocation-on-load).","rawValue":true,"extendedInfo":{"value":[]},"name":"geolocation-on-start","description":"Avoids requesting the geolocation permission on page load","scoringMode":"binary","details":{"itemHeaders":[{"itemType":"url","text":"URL","type":"text"},{"itemType":"text","text":"Location","type":"text"}],"header":"View Details","type":"table","items":[]}},"score":100,"weight":1,"id":"geolocation-on-start"},{"result":{"displayValue":"","score":true,"helpText":"Some third-party scripts may contain known security vulnerabilities  that are easily identified and exploited by attackers.","rawValue":true,"name":"no-vulnerable-libraries","description":"Avoids front-end JavaScript libraries with known security vulnerabilities","scoringMode":"binary"},"score":100,"weight":1,"id":"no-vulnerable-libraries"},{"result":{"displayValue":"","score":true,"helpText":"Users are mistrustful of or confused by sites that request to send notifications without context. Consider tying the request to user gestures instead. [Learn more](https://developers.google.com/web/tools/lighthouse/audits/notifications-on-load).","rawValue":true,"extendedInfo":{"value":[]},"name":"notification-on-start","description":"Avoids requesting the notification permission on page load","scoringMode":"binary","details":{"itemHeaders":[{"itemType":"url","text":"URL","type":"text"},{"itemType":"text","text":"Location","type":"text"}],"header":"View Details","type":"table","items":[]}},"score":100,"weight":1,"id":"notification-on-start"},{"result":{"displayValue":"","score":true,"helpText":"Deprecated APIs will eventually be removed from the browser. [Learn more](https://www.chromestatus.com/features#deprecated).","rawValue":true,"extendedInfo":{"value":[]},"name":"deprecations","description":"Avoids deprecated APIs","scoringMode":"binary","details":{"itemHeaders":[{"itemType":"code","text":"Deprecation / Warning","type":"text"},{"itemType":"url","text":"URL","type":"text"},{"itemType":"text","text":"Line","type":"text"}],"header":"View Details","type":"table","items":[]}},"score":100,"weight":1,"id":"deprecations"},{"result":{"displayValue":"","score":false,"helpText":"Make your app's `short_name` fewer than 12 characters to ensure that it's not truncated on homescreens. [Learn more](https://developers.google.com/web/tools/lighthouse/audits/manifest-short_name-is-not-truncated).","rawValue":false,"name":"manifest-short-name-length","description":"Manifest's `short_name` will be truncated when displayed on homescreen","scoringMode":"binary"},"score":0,"weight":1,"id":"manifest-short-name-length"},{"result":{"displayValue":"","score":true,"helpText":"Preventing password pasting undermines good security policy. [Learn more](https://www.ncsc.gov.uk/blog-post/let-them-paste-passwords)","rawValue":true,"extendedInfo":{"value":[]},"name":"password-inputs-can-be-pasted-into","description":"Allows users to paste into password fields","scoringMode":"binary","details":{"header":{"text":"Password inputs that prevent pasting into","type":"text"},"type":"list","items":[]}},"score":100,"weight":1,"id":"password-inputs-can-be-pasted-into"},{"result":{"displayValue":"","score":true,"helpText":"Errors logged to the console indicate unresolved problems. They can come from network request failures and other browser concerns.","rawValue":0,"name":"errors-in-console","description":"No browser errors logged to the console","scoringMode":"binary","details":{"itemHeaders":[{"itemType":"url","text":"URL","type":"text"},{"itemType":"code","text":"Description","type":"text"}],"header":"View Details","type":"table","items":[]}},"score":100,"weight":1,"id":"errors-in-console"},{"result":{"displayValue":"","score":true,"helpText":"Image display dimensions should match natural aspect ratio.","rawValue":true,"name":"image-aspect-ratio","description":"Displays images with correct aspect ratio","scoringMode":"binary","details":{"itemHeaders":[{"itemType":"thumbnail","text":"","type":"text"},{"itemType":"url","text":"URL","type":"text"},{"itemType":"text","text":"Aspect Ratio (Displayed)","type":"text"},{"itemType":"text","text":"Aspect Ratio (Actual)","type":"text"}],"header":"View Details","type":"table","items":[]}},"score":100,"weight":1,"id":"image-aspect-ratio"}]},{"score":50,"name":"SEO","description":"These checks ensure that your page is optimized for search engine results ranking. There are additional factors Lighthouse does not check that may affect your search ranking. [Learn more](https://support.google.com/webmasters/answer/35769).","id":"seo","audits":[{"result":{"displayValue":"","score":true,"debugString":"","helpText":"Add a viewport meta tag to optimize your app for mobile screens. [Learn more](https://developers.google.com/web/tools/lighthouse/audits/has-viewport-meta-tag).","rawValue":true,"name":"viewport","description":"Has a `<meta name=\"viewport\">` tag with `width` or `initial-scale`","scoringMode":"binary"},"score":100,"weight":1,"id":"viewport","group":"seo-mobile"},{"result":{"displayValue":"","score":true,"helpText":"The title gives screen reader users an overview of the page, and search engine users rely on it heavily to determine if a page is relevant to their search. [Learn more](https://developers.google.com/web/tools/lighthouse/audits/title).","rawValue":true,"extendedInfo":{},"name":"document-title","description":"Document has a `<title>` element","scoringMode":"binary","details":{"header":{"text":"View failing elements","type":"text"},"type":"list","items":[]}},"score":100,"weight":1,"id":"document-title","group":"seo-content"},{"result":{"displayValue":"","score":false,"helpText":"Meta descriptions may be included in search results to concisely summarize page content. [Learn more](https://developers.google.com/web/tools/lighthouse/audits/description).","rawValue":false,"name":"meta-description","description":"Document does not have a meta description","scoringMode":"binary"},"score":0,"weight":1,"id":"meta-description","group":"seo-content"},{"result":{"displayValue":"","score":null,"debugString":"Audit error: Unable to identify the main resource","helpText":"Pages with unsuccessful HTTP status codes may not be indexed properly. [Learn more](https://developers.google.com/web/tools/lighthouse/audits/successful-http-code).","rawValue":null,"name":"http-status-code","description":"Page has unsuccessful HTTP status code","scoringMode":"binary","error":true},"score":0,"weight":1,"id":"http-status-code","group":"seo-crawl"},{"result":{"displayValue":"","score":true,"helpText":"Descriptive link text helps search engines understand your content. [Learn more](https://developers.google.com/web/tools/lighthouse/audits/descriptive-link-text).","rawValue":true,"name":"link-text","description":"Links have descriptive text","scoringMode":"binary","details":{"itemHeaders":[{"itemType":"url","text":"Link destination","type":"text"},{"itemType":"text","text":"Link Text","type":"text"}],"header":"View Details","type":"table","items":[]}},"score":100,"weight":1,"id":"link-text","group":"seo-content"},{"result":{"displayValue":"","score":null,"debugString":"Audit error: Unable to identify the main resource","helpText":"Search engines are unable to include your pages in search results if they don't have permission to crawl them. [Learn more](https://developers.google.com/web/tools/lighthouse/audits/indexing).","rawValue":null,"name":"is-crawlable","description":"Page is blocked from indexing","scoringMode":"binary","error":true},"score":0,"weight":1,"id":"is-crawlable","group":"seo-crawl"},{"result":{"displayValue":"","score":null,"debugString":"Audit error: Unable to identify the main resource","helpText":"hreflang allows crawlers to discover alternate translations of the page content. [Learn more](https://support.google.com/webmasters/answer/189077).","rawValue":null,"name":"hreflang","description":"Document doesn't have a valid `hreflang`","scoringMode":"binary","error":true},"score":0,"weight":1,"id":"hreflang","group":"seo-content"},{"result":{"displayValue":"","score":null,"debugString":"Audit error: Unable to identify the main resource","helpText":"Canonical links suggest which URL to show in search results. [Learn more](https://developers.google.com/web/tools/lighthouse/audits/canonical).","rawValue":null,"name":"canonical","description":"Document does not have a valid `rel=canonical`","scoringMode":"binary","error":true},"score":0,"weight":1,"id":"canonical","group":"seo-content"},{"result":{"displayValue":"","score":true,"debugString":null,"helpText":"Font sizes less than 12px are too small to be legible and require mobile visitors to \u201cpinch to zoom\u201d in order to read. Strive to have >60% of page text ≥12px. [Learn more](https://developers.google.com/web/tools/lighthouse/audits/font-sizes).","rawValue":true,"name":"font-size","description":"Document uses legible font sizes","scoringMode":"binary","details":{"itemHeaders":[{"itemType":"url","text":"Source","type":"text"},{"itemType":"code","text":"Selector","type":"text"},{"itemType":"text","text":"% of Page Text","type":"text"},{"itemType":"text","text":"Font Size","type":"text"}],"header":"View Details","type":"table","items":[[{"text":"Legible text","type":"url"},{"text":null,"type":"code"},{"text":"100.00%","type":"text"},{"text":"≥ 12px","type":"text"}]]}},"score":100,"weight":1,"id":"font-size","group":"seo-mobile"},{"result":{"displayValue":"","score":true,"helpText":"Most mobile devices do not support plugins, and many desktop browsers restrict them.","rawValue":true,"name":"plugins","description":"Document avoids plugins","scoringMode":"binary","details":{"itemHeaders":[{"itemType":"code","text":"Element source","type":"text"}],"header":"View Details","type":"table","items":[]}},"score":100,"weight":1,"id":"plugins","group":"seo-content"},{"result":{"displayValue":"","score":false,"helpText":"Take the [Mobile-Friendly Test](https://search.google.com/test/mobile-friendly) to check for audits not covered by Lighthouse, like sizing tap targets appropriately. [Learn more](https://developers.google.com/search/mobile-sites/).","rawValue":false,"name":"mobile-friendly","description":"Page is mobile friendly","scoringMode":"binary","informative":true,"manual":true},"score":0,"weight":0,"id":"mobile-friendly","group":"manual-seo-checks"},{"result":{"displayValue":"","score":false,"helpText":"Run the [Structured Data Testing Tool](https://search.google.com/structured-data/testing-tool/) and the [Structured Data Linter](http://linter.structured-data.org/) to validate structured data. [Learn more](https://developers.google.com/search/docs/guides/mark-up-content).","rawValue":false,"name":"structured-data","description":"Structured data is valid","scoringMode":"binary","informative":true,"manual":true},"score":0,"weight":0,"id":"structured-data","group":"manual-seo-checks"}]}],"timing":{"total":19151},"reportGroups":{"a11y-color-contrast":{"description":"These are opportunities to improve the legibility of your content.","title":"Color Contrast Is Satisfactory"},"perf-metric":{"description":"These metrics encapsulate your web app's performance across a number of dimensions.","title":"Metrics"},"a11y-aria":{"description":"These are opportunities to improve the usage of ARIA in your application which may enhance the experience for users of assistive technology, like a screen reader.","title":"ARIA Attributes Follow Best Practices"},"a11y-element-names":{"description":"These are opportunities to improve the semantics of the controls in your application. This may enhance the experience for users of assistive technology, like a screen reader.","title":"Elements Have Discernible Names"},"a11y-well-structured":{"description":"These are opportunities to make sure your HTML is appropriately structured.","title":"Elements Are Well Structured"},"seo-content":{"description":"Format your HTML in a way that enables crawlers to better understand your app\u2019s content.","title":"Content Best Practices"},"a11y-correct-attributes":{"description":"These are opportunities to improve the configuration of your HTML elements.","title":"Elements Use Attributes Correctly"},"perf-hint":{"description":"These are opportunities to speed up your application by optimizing the following resources.","title":"Opportunities"},"seo-crawl":{"description":"To appear in search results, crawlers need access to your app.","title":"Crawling and Indexing"},"a11y-describe-contents":{"description":"These are opportunities to make your content easier to understand for a user of assistive technology, like a screen reader.","title":"Elements Describe Contents Well"},"a11y-language":{"description":"These are opportunities to improve the interpretation of your content by users in different locales.","title":"Page Specifies Valid Language"},"manual-a11y-checks":{"description":"These items address areas which an automated testing tool cannot cover. Learn more in our guide on [conducting an accessibility review](https://developers.google.com/web/fundamentals/accessibility/how-to-review).","title":"Additional items to manually check"},"seo-mobile":{"description":"Make sure your pages are mobile friendly so users don\u2019t have to pinch or zoom in order to read the content pages. [Learn more](https://developers.google.com/search/mobile-sites/).","title":"Mobile Friendly"},"perf-info":{"description":"More information about the performance of your application.","title":"Diagnostics"},"manual-pwa-checks":{"description":"These checks are required by the baseline [PWA Checklist](https://developers.google.com/web/progressive-web-apps/checklist) but are not automatically checked by Lighthouse. They do not affect your score but it's important that you verify them manually.","title":"Additional items to manually check"},"a11y-meta":{"description":"These are opportunities to improve the user experience of your site.","title":"Meta Tags Used Properly"},"manual-seo-checks":{"description":"Run these additional validators on your site to check additional SEO best practices.","title":"Additional items to manually check"}},"runWarnings":[],"userAgent":"Mozilla/5.0 (X11; Linux x86_64) AppleWebKit/537.36 (KHTML, like Gecko) HeadlessChrome/69.0.3458.0 Safari/537.36","runtimeConfig":{"blockedUrlPatterns":[],"environment":[{"name":"Device Emulation","description":"Nexus 5X","enabled":true},{"name":"Network Throttling","description":"562.5ms RTT, 1.4Mbps down, 0.7Mbps up","enabled":true},{"name":"CPU Throttling","description":"4x slowdown","enabled":true}],"extraHeaders":{}},"lighthouseVersion":"2.9.4","audits":{"plugins":{"displayValue":"","score":true,"helpText":"Most mobile devices do not support plugins, and many desktop browsers restrict them.","rawValue":true,"name":"plugins","description":"Document avoids plugins","scoringMode":"binary","details":{"itemHeaders":[{"itemType":"code","text":"Element source","type":"text"}],"header":"View Details","type":"table","items":[]}},"aria-required-parent":{"displayValue":"","score":false,"helpText":"Some ARIA child roles must be contained by specific parent roles to properly perform their intended accessibility functions. [Learn more](https://dequeuniversity.com/rules/axe/2.2/aria-required-parent?application=lighthouse).","rawValue":false,"name":"aria-required-parent","description":"`[role]`s are not contained by their required parent element","scoringMode":"binary","informative":true,"notApplicable":true},"custom-controls-labels":{"displayValue":"","score":false,"helpText":"Custom interactive controls have associated labels, provided by aria-label or aria-labelledby. [Learn more](https://developers.google.com/web/fundamentals/accessibility/how-to-review#try_it_with_a_screen_reader).","rawValue":false,"name":"custom-controls-labels","description":"Custom controls have associated labels","scoringMode":"binary","informative":true,"manual":true},"link-name":{"displayValue":"","score":true,"helpText":"Link text (and alternate text for images, when used as links) that is discernible, unique, and focusable improves the navigation experience for screen reader users. [Learn more](https://dequeuniversity.com/rules/axe/2.2/link-name?application=lighthouse).","rawValue":true,"extendedInfo":{},"name":"link-name","description":"Links have a discernible name","scoringMode":"binary","details":{"header":{"text":"View failing elements","type":"text"},"type":"list","items":[]}},"offscreen-images":{"displayValue":"","score":100,"helpText":"Consider lazy-loading offscreen and hidden images to improve page load speed and time to interactive. [Learn more](https://developers.google.com/web/tools/lighthouse/audits/offscreen-images).","rawValue":0,"extendedInfo":{"value":{"wastedKb":0,"wastedMs":0,"results":[]}},"name":"offscreen-images","description":"Offscreen images","scoringMode":"binary","informative":true,"details":{"itemHeaders":[{"itemType":"thumbnail","text":"","type":"text"},{"itemType":"url","text":"URL","type":"text"},{"itemType":"text","text":"Original","type":"text"},{"itemType":"text","text":"Potential Savings","type":"text"}],"header":"View Details","type":"table","items":[]}},"first-interactive":{"displayValue":"6,460 ms","score":71,"helpText":"First Interactive marks the time at which the page is minimally interactive. [Learn more](https://developers.google.com/web/tools/lighthouse/audits/first-interactive).","rawValue":6460.149,"extendedInfo":{"value":{"timeInMs":6460.149,"timestamp":8650059653847}},"name":"first-interactive","description":"First Interactive (beta)","scoringMode":"numeric"},"button-name":{"displayValue":"","score":false,"helpText":"When a button doesn't have an accessible name, screen readers announce it as \"button\", making it unusable for users who rely on screen readers. [Learn more](https://dequeuniversity.com/rules/axe/2.2/button-name?application=lighthouse).","rawValue":false,"extendedInfo":{"value":{"help":"Buttons must have discernible text","nodes":[{"failureSummary":"Fix all of the following:\n  Element is in tab order and does not have accessible text\n\nFix any of the following:\n  Element has a value attribute and the value attribute is empty\n  Element has no value attribute or the value attribute is empty\n  Element does not have inner text that is visible to screen readers\n  aria-label attribute does not exist or is empty\n  aria-labelledby attribute does not exist, references elements that do not exist or references elements that are empty or not visible\n  Element's default semantics were not overridden with role=\"presentation\"\n  Element's default semantics were not overridden with role=\"none\"","snippet":"<button type=\"button\" class=\"toolbar__side-icon btn btn--icon\">","path":"1,HTML,2,BODY,0,MAIN,0,DIV,1,DIV,2,NAV,0,DIV,0,BUTTON","impact":"critical","html":"<button type=\"button\" class=\"toolbar__side-icon btn btn--icon\"><div class=\"btn__content\"><i aria-hidden=\"true\" class=\"icon material-icons\">menu<\/i><\/div><\/button>","target":[".toolbar__side-icon"]},{"failureSummary":"Fix all of the following:\n  Element is in tab order and does not have accessible text\n\nFix any of the following:\n  Element has a value attribute and the value attribute is empty\n  Element has no value attribute or the value attribute is empty\n  Element does not have inner text that is visible to screen readers\n  aria-label attribute does not exist or is empty\n  aria-labelledby attribute does not exist, references elements that do not exist or references elements that are empty or not visible\n  Element's default semantics were not overridden with role=\"presentation\"\n  Element's default semantics were not overridden with role=\"none\"","snippet":"<button type=\"button\" class=\"btn btn--icon\">","path":"1,HTML,2,BODY,0,MAIN,0,DIV,1,DIV,2,NAV,0,DIV,4,SPAN,0,SPAN,0,BUTTON","impact":"critical","html":"<button type=\"button\" class=\"btn btn--icon\"><div class=\"btn__content\"><i aria-hidden=\"true\" class=\"icon fa fa-sign-out\"><\/i><\/div><\/button>","target":["span > .btn--icon"]}],"impact":"critical","description":"Ensures buttons have discernible text","helpUrl":"https://dequeuniversity.com/rules/axe/3.0/button-name?application=axeAPI","id":"button-name","tags":["cat.name-role-value","wcag2a","wcag412","section508","section508.22.a"]}},"name":"button-name","description":"Buttons do not have an accessible name","scoringMode":"binary","details":{"header":{"text":"View failing elements","type":"text"},"type":"list","items":[{"snippet":"<button type=\"button\" class=\"toolbar__side-icon btn btn--icon\">","path":"1,HTML,2,BODY,0,MAIN,0,DIV,1,DIV,2,NAV,0,DIV,0,BUTTON","selector":".toolbar__side-icon","type":"node"},{"snippet":"<button type=\"button\" class=\"btn btn--icon\">","path":"1,HTML,2,BODY,0,MAIN,0,DIV,1,DIV,2,NAV,0,DIV,4,SPAN,0,SPAN,0,BUTTON","selector":"span > .btn--icon","type":"node"}]}},"unminified-css":{"displayValue":"","score":100,"helpText":"Minifying CSS files can reduce network payload sizes. [Learn more](https://developers.google.com/speed/docs/insights/MinifyResources).","rawValue":0,"extendedInfo":{"value":{"wastedKb":0,"wastedMs":0,"results":[]}},"name":"unminified-css","description":"Minify CSS","scoringMode":"binary","informative":true,"details":{"itemHeaders":[{"itemType":"url","text":"URL","type":"text"},{"itemType":"text","text":"Original","type":"text"},{"itemType":"text","text":"Potential Savings","type":"text"}],"header":"View Details","type":"table","items":[]}},"input-image-alt":{"displayValue":"","score":false,"helpText":"When an image is being used as an `<input>` button, providing alternative text can help screen reader users understand the purpose of the button. [Learn more](https://dequeuniversity.com/rules/axe/2.2/input-image-alt?application=lighthouse).","rawValue":false,"name":"input-image-alt","description":"`<input type=\"image\">` elements do not have `[alt]` text","scoringMode":"binary","informative":true,"notApplicable":true},"uses-http2":{"displayValue":"5 requests were not handled over HTTP/2","score":false,"helpText":"HTTP/2 offers many benefits over HTTP/1.1, including binary headers, multiplexing, and server push. [Learn more](https://developers.google.com/web/tools/lighthouse/audits/http2).","rawValue":false,"extendedInfo":{"value":{"results":[{"protocol":"http/1.1","url":"http://web/"},{"protocol":"http/1.1","url":"http://web/static/js/manifest.9f020e973ae4037504f6.js"},{"protocol":"http/1.1","url":"http://web/static/js/vendor.d1efda22f11e965a5228.js"},{"protocol":"http/1.1","url":"http://web/static/js/app.310cd52123c59f9f64a5.js"},{"protocol":"http/1.1","url":"http://web/static/css/app.a1bcfeb0daa2a3f727390086fd42ee9d.css"}]}},"name":"uses-http2","description":"Does not use HTTP/2 for all of its resources","scoringMode":"binary","details":{"itemHeaders":[{"itemType":"url","text":"URL","type":"text"},{"itemType":"text","text":"Protocol","type":"text"}],"header":"View Details","type":"table","items":[[{"text":"http://web/","type":"url"},{"text":"http/1.1","type":"text"}],[{"text":"http://web/static/js/manifest.9f020e973ae4037504f6.js","type":"url"},{"text":"http/1.1","type":"text"}],[{"text":"http://web/static/js/vendor.d1efda22f11e965a5228.js","type":"url"},{"text":"http/1.1","type":"text"}],[{"text":"http://web/static/js/app.310cd52123c59f9f64a5.js","type":"url"},{"text":"http/1.1","type":"text"}],[{"text":"http://web/static/css/app.a1bcfeb0daa2a3f727390086fd42ee9d.css","type":"url"},{"text":"http/1.1","type":"text"}]]}},"th-has-data-cells":{"displayValue":"","score":false,"helpText":"Screen readers have features to make navigating tables easier. Ensuring table headers always refer to some set of cells may improve the experience for screen reader users. [Learn more](https://dequeuniversity.com/rules/axe/2.2/th-has-data-cells?application=lighthouse).","rawValue":false,"name":"th-has-data-cells","description":"`<th>` elements and elements with `[role=\"columnheader\"/\"rowheader\"]` do not have data cells they describe.","scoringMode":"binary","informative":true,"notApplicable":true},"tabindex":{"displayValue":"","score":true,"helpText":"A value greater than 0 implies an explicit navigation ordering. Although technically valid, this often creates frustrating experiences for users who rely on assistive technologies. [Learn more](https://dequeuniversity.com/rules/axe/2.2/tabindex?application=lighthouse).","rawValue":true,"extendedInfo":{},"name":"tabindex","description":"No element has a `[tabindex]` value greater than 0","scoringMode":"binary","details":{"header":{"text":"View failing elements","type":"text"},"type":"list","items":[]}},"uses-long-cache-ttl":{"displayValue":"0 assets found","score":100,"helpText":"A long cache lifetime can speed up repeat visits to your page. [Learn more](https://developers.google.com/web/fundamentals/performance/optimizing-content-efficiency/http-caching#cache-control).","rawValue":0,"extendedInfo":{"value":{"queryStringCount":0,"results":[]}},"name":"uses-long-cache-ttl","description":"Uses efficient cache policy on static assets","scoringMode":"numeric","details":{"itemHeaders":[{"itemType":"url","text":"URL","type":"text"},{"itemType":"text","text":"Cache TTL","type":"text"},{"itemType":"text","text":"Size (KB)","type":"text"}],"header":"View Details","type":"table","items":[]}},"without-javascript":{"displayValue":"","score":false,"debugString":"The page body should render some content if its scripts are not available.","helpText":"Your app should display some content when JavaScript is disabled, even if it's just a warning to the user that JavaScript is required to use the app. [Learn more](https://developers.google.com/web/tools/lighthouse/audits/no-js).","rawValue":false,"name":"without-javascript","description":"Does not provide fallback content when JavaScript is not available","scoringMode":"binary"},"uses-responsive-images":{"displayValue":"","score":100,"helpText":"Serve images that are appropriately-sized to save cellular data and improve load time. [Learn more](https://developers.google.com/web/tools/lighthouse/audits/oversized-images).","rawValue":0,"extendedInfo":{"value":{"wastedKb":0,"wastedMs":0,"results":[]}},"name":"uses-responsive-images","description":"Properly size images","scoringMode":"binary","informative":true,"details":{"itemHeaders":[{"itemType":"thumbnail","text":"","type":"text"},{"itemType":"url","text":"URL","type":"text"},{"itemType":"text","text":"Original","type":"text"},{"itemType":"text","text":"Potential Savings","type":"text"}],"header":"View Details","type":"table","items":[]}},"frame-title":{"displayValue":"","score":false,"helpText":"Screen reader users rely on frame titles to describe the contents of frames. [Learn more](https://dequeuniversity.com/rules/axe/2.2/frame-title?application=lighthouse).","rawValue":false,"name":"frame-title","description":"`<frame>` or `<iframe>` elements do not have a title","scoringMode":"binary","informative":true,"notApplicable":true},"link-blocking-first-paint":{"displayValue":"","score":100,"helpText":"External stylesheets are blocking the first paint of your page. Consider delivering critical CSS via `<style>` tags and deferring non-critical styles. [Learn more](https://developers.google.com/web/tools/lighthouse/audits/blocking-resources).","rawValue":0,"extendedInfo":{"value":{"wastedMs":"0 ms","results":[]}},"name":"link-blocking-first-paint","description":"Reduce render-blocking stylesheets","scoringMode":"binary","informative":true,"details":{"itemHeaders":[{"itemType":"url","text":"URL","type":"text"},{"itemType":"text","text":"Size (KB)","type":"text"},{"itemType":"text","text":"Delayed Paint By (ms)","type":"text"}],"header":"View Details","type":"table","items":[]}},"mobile-friendly":{"displayValue":"","score":false,"helpText":"Take the [Mobile-Friendly Test](https://search.google.com/test/mobile-friendly) to check for audits not covered by Lighthouse, like sizing tap targets appropriately. [Learn more](https://developers.google.com/search/mobile-sites/).","rawValue":false,"name":"mobile-friendly","description":"Page is mobile friendly","scoringMode":"binary","informative":true,"manual":true},"script-blocking-first-paint":{"displayValue":"","score":100,"helpText":"Script elements are blocking the first paint of your page. Consider inlining critical scripts and deferring non-critical ones. [Learn more](https://developers.google.com/web/tools/lighthouse/audits/blocking-resources).","rawValue":0,"extendedInfo":{"value":{"wastedMs":"0 ms","results":[]}},"name":"script-blocking-first-paint","description":"Reduce render-blocking scripts","scoringMode":"binary","informative":true,"details":{"itemHeaders":[{"itemType":"url","text":"URL","type":"text"},{"itemType":"text","text":"Size (KB)","type":"text"},{"itemType":"text","text":"Delayed Paint By (ms)","type":"text"}],"header":"View Details","type":"table","items":[]}},"managed-focus":{"displayValue":"","score":false,"helpText":"If new content, such as a dialog, is added to the page, the user's focus is directed to it. [Learn more](https://developers.google.com/web/fundamentals/accessibility/how-to-review#start_with_the_keyboard).","rawValue":false,"name":"managed-focus","description":"The user's focus is directed to new content added to the page","scoringMode":"binary","informative":true,"manual":true},"pwa-cross-browser":{"displayValue":"","score":false,"helpText":"To reach the most number of users, sites should work across every major browser. [Learn more](https://developers.google.com/web/progressive-web-apps/checklist#site-works-cross-browser).","rawValue":false,"name":"pwa-cross-browser","description":"Site works cross-browser","scoringMode":"binary","informative":true,"manual":true},"time-to-first-byte":{"displayValue":"","score":null,"debugString":"Audit error: Cannot read property '_timing' of undefined","helpText":"Time To First Byte identifies the time at which your server sends a response. [Learn more](https://developers.google.com/web/tools/chrome-devtools/network-performance/issues).","rawValue":null,"name":"time-to-first-byte","description":"Keep server response times low (TTFB)","scoringMode":"binary","informative":true,"error":true},"video-description":{"displayValue":"","score":false,"helpText":"Audio descriptions provide relevant information for videos that dialogue cannot, such as facial expressions and scenes. [Learn more](https://dequeuniversity.com/rules/axe/2.2/video-description?application=lighthouse).","rawValue":false,"name":"video-description","description":"`<video>` elements do not contain a `<track>` element with `[kind=\"description\"]`.","scoringMode":"binary","informative":true,"notApplicable":true},"document-title":{"displayValue":"","score":true,"helpText":"The title gives screen reader users an overview of the page, and search engine users rely on it heavily to determine if a page is relevant to their search. [Learn more](https://developers.google.com/web/tools/lighthouse/audits/title).","rawValue":true,"extendedInfo":{},"name":"document-title","description":"Document has a `<title>` element","scoringMode":"binary","details":{"header":{"text":"View failing elements","type":"text"},"type":"list","items":[]}},"external-anchors-use-rel-noopener":{"displayValue":"","score":true,"helpText":"Open new tabs using `rel=\"noopener\"` to improve performance and prevent security vulnerabilities. [Learn more](https://developers.google.com/web/tools/lighthouse/audits/noopener).","rawValue":true,"extendedInfo":{"value":[]},"name":"external-anchors-use-rel-noopener","description":"Opens external anchors using `rel=\"noopener\"`","scoringMode":"binary","details":{"itemHeaders":[{"itemType":"url","text":"URL","type":"text"},{"itemType":"text","text":"Target","type":"text"},{"itemType":"text","text":"Rel","type":"text"}],"header":"View Details","type":"table","items":[]}},"total-byte-weight":{"displayValue":"Total size was 400 KB","score":100,"helpText":"Large network payloads cost users real money and are highly correlated with long load times. [Learn more](https://developers.google.com/web/tools/lighthouse/audits/network-payloads).","rawValue":409855,"extendedInfo":{"value":{"totalCompletedRequests":11,"results":[{"totalKb":"227 KB","totalMs":"1,240 ms","totalBytes":232785,"url":"http://web/static/js/vendor.d1efda22f11e965a5228.js"},{"totalKb":"48 KB","totalMs":"260 ms","totalBytes":49163,"url":"https://fonts.gstatic.com/s/materialicons/v37/flUhRq6tzZclQEJ-Vdg-IuiaDsNc.woff2"},{"totalKb":"46 KB","totalMs":"250 ms","totalBytes":47366,"url":"https://cdnjs.cloudflare.com/ajax/libs/Chart.js/2.7.1/Chart.min.js"},{"totalKb":"32 KB","totalMs":"170 ms","totalBytes":32261,"url":"http://web/static/css/app.a1bcfeb0daa2a3f727390086fd42ee9d.css"},{"totalKb":"15 KB","totalMs":"80 ms","totalBytes":15817,"url":"https://fonts.gstatic.com/s/roboto/v18/KFOlCnqEu92Fr1MmEU9fBBc4.woff2"},{"totalKb":"15 KB","totalMs":"80 ms","totalBytes":15461,"url":"https://fonts.gstatic.com/s/roboto/v18/KFOmCnqEu92Fr1Mu4mxK.woff2"},{"totalKb":"12 KB","totalMs":"70 ms","totalBytes":12691,"url":"http://web/static/js/app.310cd52123c59f9f64a5.js"},{"totalKb":"1 KB","totalMs":"10 ms","totalBytes":1524,"url":"https://unpkg.com/vue-chartjs@3.3.2/dist/vue-chartjs.min.js"},{"totalKb":"1 KB","totalMs":"10 ms","totalBytes":1211,"url":"http://web/"},{"totalKb":"1 KB","totalMs":"10 ms","totalBytes":1171,"url":"http://web/static/js/manifest.9f020e973ae4037504f6.js"}]}},"name":"total-byte-weight","description":"Avoids enormous network payloads","scoringMode":"numeric","details":{"itemHeaders":[{"itemType":"url","text":"URL","type":"text"},{"itemType":"text","text":"Total Size","type":"text"},{"itemType":"text","text":"Transfer Time","type":"text"}],"header":"View Details","type":"table","items":[[{"text":"http://web/static/js/vendor.d1efda22f11e965a5228.js","type":"url"},{"text":"227 KB","type":"text"},{"text":"1,240 ms","type":"text"}],[{"text":"https://fonts.gstatic.com/s/materialicons/v37/flUhRq6tzZclQEJ-Vdg-IuiaDsNc.woff2","type":"url"},{"text":"48 KB","type":"text"},{"text":"260 ms","type":"text"}],[{"text":"https://cdnjs.cloudflare.com/ajax/libs/Chart.js/2.7.1/Chart.min.js","type":"url"},{"text":"46 KB","type":"text"},{"text":"250 ms","type":"text"}],[{"text":"http://web/static/css/app.a1bcfeb0daa2a3f727390086fd42ee9d.css","type":"url"},{"text":"32 KB","type":"text"},{"text":"170 ms","type":"text"}],[{"text":"https://fonts.gstatic.com/s/roboto/v18/KFOlCnqEu92Fr1MmEU9fBBc4.woff2","type":"url"},{"text":"15 KB","type":"text"},{"text":"80 ms","type":"text"}],[{"text":"https://fonts.gstatic.com/s/roboto/v18/KFOmCnqEu92Fr1Mu4mxK.woff2","type":"url"},{"text":"15 KB","type":"text"},{"text":"80 ms","type":"text"}],[{"text":"http://web/static/js/app.310cd52123c59f9f64a5.js","type":"url"},{"text":"12 KB","type":"text"},{"text":"70 ms","type":"text"}],[{"text":"https://unpkg.com/vue-chartjs@3.3.2/dist/vue-chartjs.min.js","type":"url"},{"text":"1 KB","type":"text"},{"text":"10 ms","type":"text"}],[{"text":"http://web/","type":"url"},{"text":"1 KB","type":"text"},{"text":"10 ms","type":"text"}],[{"text":"http://web/static/js/manifest.9f020e973ae4037504f6.js","type":"url"},{"text":"1 KB","type":"text"},{"text":"10 ms","type":"text"}]]}},"logical-tab-order":{"displayValue":"","score":false,"helpText":"Tabbing through the page follows the visual layout. Users cannot focus elements that are offscreen. [Learn more](https://developers.google.com/web/fundamentals/accessibility/how-to-review#start_with_the_keyboard).","rawValue":false,"name":"logical-tab-order","description":"The page has a logical tab order","scoringMode":"binary","informative":true,"manual":true},"meta-refresh":{"displayValue":"","score":false,"helpText":"Users do not expect a page to refresh automatically, and doing so will move focus back to the top of the page. This may create a frustrating or confusing experience. [Learn more](https://dequeuniversity.com/rules/axe/2.2/meta-refresh?application=lighthouse).","rawValue":false,"name":"meta-refresh","description":"The document uses `<meta http-equiv=\"refresh\">`","scoringMode":"binary","informative":true,"notApplicable":true},"deprecations":{"displayValue":"","score":true,"helpText":"Deprecated APIs will eventually be removed from the browser. [Learn more](https://www.chromestatus.com/features#deprecated).","rawValue":true,"extendedInfo":{"value":[]},"name":"deprecations","description":"Avoids deprecated APIs","scoringMode":"binary","details":{"itemHeaders":[{"itemType":"code","text":"Deprecation / Warning","type":"text"},{"itemType":"url","text":"URL","type":"text"},{"itemType":"text","text":"Line","type":"text"}],"header":"View Details","type":"table","items":[]}},"network-requests":{"displayValue":"11","score":100,"helpText":"Lists the network requests that were made during page load.","rawValue":11,"extendedInfo":{"value":[{"transferSize":1211,"startTime":0,"endTime":638.9249991625547,"mimeType":"text/html","url":"http://web/","statusCode":200,"resourceType":"document"},{"transferSize":1171,"startTime":755.621999502182,"endTime":1328.4680005162954,"mimeType":"application/javascript","url":"http://web/static/js/manifest.9f020e973ae4037504f6.js","statusCode":200,"resourceType":"script"},{"transferSize":232785,"startTime":755.7720001786947,"endTime":2917.8979992866516,"mimeType":"application/javascript","url":"http://web/static/js/vendor.d1efda22f11e965a5228.js","statusCode":200,"resourceType":"script"},{"transferSize":12691,"startTime":755.9009995311499,"endTime":1470.6410001963377,"mimeType":"application/javascript","url":"http://web/static/js/app.310cd52123c59f9f64a5.js","statusCode":200,"resourceType":"script"},{"transferSize":47366,"startTime":790.370000526309,"endTime":2162.829000502825,"mimeType":"application/javascript","url":"https://cdnjs.cloudflare.com/ajax/libs/Chart.js/2.7.1/Chart.min.js","statusCode":200,"resourceType":"script"},{"transferSize":405,"startTime":790.8159997314215,"endTime":1663.72200101614,"mimeType":"text/plain","url":"https://unpkg.com/vue-chartjs/dist/vue-chartjs.min.js","statusCode":302},{"transferSize":1524,"startTime":1664.8290008306503,"endTime":2258.2770008593798,"mimeType":"application/javascript","url":"https://unpkg.com/vue-chartjs@3.3.2/dist/vue-chartjs.min.js","statusCode":200,"resourceType":"script"},{"transferSize":32261,"startTime":4527.456000447273,"endTime":5278.87500077486,"mimeType":"text/css","url":"http://web/static/css/app.a1bcfeb0daa2a3f727390086fd42ee9d.css","statusCode":200,"resourceType":"stylesheet"},{"transferSize":15461,"startTime":5458.613000810146,"endTime":6342.342000454664,"mimeType":"font/woff2","url":"https://fonts.gstatic.com/s/roboto/v18/KFOmCnqEu92Fr1Mu4mxK.woff2","statusCode":200,"resourceType":"font"},{"transferSize":49163,"startTime":5458.761001005769,"endTime":6524.431999772787,"mimeType":"font/woff2","url":"https://fonts.gstatic.com/s/materialicons/v37/flUhRq6tzZclQEJ-Vdg-IuiaDsNc.woff2","statusCode":200,"resourceType":"font"},{"transferSize":15817,"startTime":5458.878999575973,"endTime":6334.002999588847,"mimeType":"font/woff2","url":"https://fonts.gstatic.com/s/roboto/v18/KFOlCnqEu92Fr1MmEU9fBBc4.woff2","statusCode":200,"resourceType":"font"}]},"name":"network-requests","description":"Network Requests","scoringMode":"binary","informative":true,"details":{"itemHeaders":[{"itemType":"url","text":"URL","type":"text"},{"itemType":"ms","text":"Start Time","type":"text"},{"itemType":"ms","text":"End Time","type":"text"},{"itemType":"bytes","text":"Transfer Size","type":"text"},{"itemType":"text","text":"Status Code","type":"text"},{"itemType":"text","text":"MIME Type","type":"text"},{"itemType":"text","text":"Resource Type","type":"text"}],"header":"View Details","type":"table","items":[[{"text":"http://web/","type":"url"},{"text":0,"type":"ms"},{"text":638.9249991625547,"type":"ms"},{"text":1211,"type":"bytes"},{"text":200,"type":"text"},{"text":"text/html","type":"text"},{"text":"document","type":"text"}],[{"text":"http://web/static/js/manifest.9f020e973ae4037504f6.js","type":"url"},{"text":755.621999502182,"type":"ms"},{"text":1328.4680005162954,"type":"ms"},{"text":1171,"type":"bytes"},{"text":200,"type":"text"},{"text":"application/javascript","type":"text"},{"text":"script","type":"text"}],[{"text":"http://web/static/js/vendor.d1efda22f11e965a5228.js","type":"url"},{"text":755.7720001786947,"type":"ms"},{"text":2917.8979992866516,"type":"ms"},{"text":232785,"type":"bytes"},{"text":200,"type":"text"},{"text":"application/javascript","type":"text"},{"text":"script","type":"text"}],[{"text":"http://web/static/js/app.310cd52123c59f9f64a5.js","type":"url"},{"text":755.9009995311499,"type":"ms"},{"text":1470.6410001963377,"type":"ms"},{"text":12691,"type":"bytes"},{"text":200,"type":"text"},{"text":"application/javascript","type":"text"},{"text":"script","type":"text"}],[{"text":"https://cdnjs.cloudflare.com/ajax/libs/Chart.js/2.7.1/Chart.min.js","type":"url"},{"text":790.370000526309,"type":"ms"},{"text":2162.829000502825,"type":"ms"},{"text":47366,"type":"bytes"},{"text":200,"type":"text"},{"text":"application/javascript","type":"text"},{"text":"script","type":"text"}],[{"text":"https://unpkg.com/vue-chartjs/dist/vue-chartjs.min.js","type":"url"},{"text":790.8159997314215,"type":"ms"},{"text":1663.72200101614,"type":"ms"},{"text":405,"type":"bytes"},{"text":302,"type":"text"},{"text":"text/plain","type":"text"},{"type":"text"}],[{"text":"https://unpkg.com/vue-chartjs@3.3.2/dist/vue-chartjs.min.js","type":"url"},{"text":1664.8290008306503,"type":"ms"},{"text":2258.2770008593798,"type":"ms"},{"text":1524,"type":"bytes"},{"text":200,"type":"text"},{"text":"application/javascript","type":"text"},{"text":"script","type":"text"}],[{"text":"http://web/static/css/app.a1bcfeb0daa2a3f727390086fd42ee9d.css","type":"url"},{"text":4527.456000447273,"type":"ms"},{"text":5278.87500077486,"type":"ms"},{"text":32261,"type":"bytes"},{"text":200,"type":"text"},{"text":"text/css","type":"text"},{"text":"stylesheet","type":"text"}],[{"text":"https://fonts.gstatic.com/s/roboto/v18/KFOmCnqEu92Fr1Mu4mxK.woff2","type":"url"},{"text":5458.613000810146,"type":"ms"},{"text":6342.342000454664,"type":"ms"},{"text":15461,"type":"bytes"},{"text":200,"type":"text"},{"text":"font/woff2","type":"text"},{"text":"font","type":"text"}],[{"text":"https://fonts.gstatic.com/s/materialicons/v37/flUhRq6tzZclQEJ-Vdg-IuiaDsNc.woff2","type":"url"},{"text":5458.761001005769,"type":"ms"},{"text":6524.431999772787,"type":"ms"},{"text":49163,"type":"bytes"},{"text":200,"type":"text"},{"text":"font/woff2","type":"text"},{"text":"font","type":"text"}],[{"text":"https://fonts.gstatic.com/s/roboto/v18/KFOlCnqEu92Fr1MmEU9fBBc4.woff2","type":"url"},{"text":5458.878999575973,"type":"ms"},{"text":6334.002999588847,"type":"ms"},{"text":15817,"type":"bytes"},{"text":200,"type":"text"},{"text":"font/woff2","type":"text"},{"text":"font","type":"text"}]]}},"link-text":{"displayValue":"","score":true,"helpText":"Descriptive link text helps search engines understand your content. [Learn more](https://developers.google.com/web/tools/lighthouse/audits/descriptive-link-text).","rawValue":true,"name":"link-text","description":"Links have descriptive text","scoringMode":"binary","details":{"itemHeaders":[{"itemType":"url","text":"Link destination","type":"text"},{"itemType":"text","text":"Link Text","type":"text"}],"header":"View Details","type":"table","items":[]}},"uses-rel-preload":{"displayValue":"","score":null,"debugString":"Audit error: Unable to identify the main resource","helpText":"Consider using <link rel=preload> to prioritize fetching late-discovered resources sooner [Learn more](https://developers.google.com/web/updates/2016/03/link-rel-preload).","rawValue":null,"name":"uses-rel-preload","description":"Preload key requests","scoringMode":"numeric","informative":true,"error":true},"dlitem":{"displayValue":"","score":false,"helpText":"Definition list items (`<dt>` and `<dd>`) must be wrapped in a parent `<dl>` element to ensure that screen readers can properly announce them. [Learn more](https://dequeuniversity.com/rules/axe/2.2/dlitem?application=lighthouse).","rawValue":false,"name":"dlitem","description":"Definition list items are not wrapped in `<dl>` elements","scoringMode":"binary","informative":true,"notApplicable":true},"uses-optimized-images":{"displayValue":"","score":100,"helpText":"Optimized images load faster and consume less cellular data. [Learn more](https://developers.google.com/web/tools/lighthouse/audits/optimize-images).","rawValue":0,"extendedInfo":{"value":{"wastedKb":0,"wastedMs":0,"results":[]}},"name":"uses-optimized-images","description":"Optimize images","scoringMode":"binary","informative":true,"details":{"itemHeaders":[{"itemType":"thumbnail","text":"","type":"text"},{"itemType":"url","text":"URL","type":"text"},{"itemType":"text","text":"Original","type":"text"},{"itemType":"text","text":"Potential Savings","type":"text"}],"header":"View Details","type":"table","items":[]}},"errors-in-console":{"displayValue":"","score":true,"helpText":"Errors logged to the console indicate unresolved problems. They can come from network request failures and other browser concerns.","rawValue":0,"name":"errors-in-console","description":"No browser errors logged to the console","scoringMode":"binary","details":{"itemHeaders":[{"itemType":"url","text":"URL","type":"text"},{"itemType":"code","text":"Description","type":"text"}],"header":"View Details","type":"table","items":[]}},"video-caption":{"displayValue":"","score":false,"helpText":"When a video provides a caption it is easier for deaf and hearing impaired users to access its information. [Learn more](https://dequeuniversity.com/rules/axe/2.2/video-caption?application=lighthouse).","rawValue":false,"name":"video-caption","description":"`<video>` elements do not contain a `<track>` element with `[kind=\"captions\"]`.","scoringMode":"binary","informative":true,"notApplicable":true},"td-headers-attr":{"displayValue":"","score":false,"helpText":"Screen readers have features to make navigating tables easier. Ensuring `<td>` cells using the `[headers]` attribute only refer to other cells in the same table may improve the experience for screen reader users. [Learn more](https://dequeuniversity.com/rules/axe/2.2/td-headers-attr?application=lighthouse).","rawValue":false,"name":"td-headers-attr","description":"Cells in a `<table>` element that use the `[headers]` attribute refers to other cells of that same table.","scoringMode":"binary","informative":true,"notApplicable":true},"offscreen-content-hidden":{"displayValue":"","score":false,"helpText":"Offscreen content is hidden with display: none or aria-hidden=true. [Learn more](https://developers.google.com/web/fundamentals/accessibility/how-to-review#try_it_with_a_screen_reader).","rawValue":false,"name":"offscreen-content-hidden","description":"Offscreen content is hidden from assistive technology","scoringMode":"binary","informative":true,"manual":true},"no-document-write":{"displayValue":"","score":true,"helpText":"For users on slow connections, external scripts dynamically injected via `document.write()` can delay page load by tens of seconds. [Learn more](https://developers.google.com/web/tools/lighthouse/audits/document-write).","rawValue":true,"extendedInfo":{"value":[]},"name":"no-document-write","description":"Avoids `document.write()`","scoringMode":"binary","details":{"itemHeaders":[{"itemType":"url","text":"URL","type":"text"},{"itemType":"text","text":"Location","type":"text"}],"header":"View Details","type":"table","items":[]}},"aria-valid-attr-value":{"displayValue":"","score":true,"helpText":"Assistive technologies, like screen readers, can't interpret ARIA attributes with invalid values. [Learn more](https://dequeuniversity.com/rules/axe/2.2/aria-valid-attr-value?application=lighthouse).","rawValue":true,"extendedInfo":{},"name":"aria-valid-attr-value","description":"`[aria-*]` attributes have valid values","scoringMode":"binary","details":{"header":{"text":"View failing elements","type":"text"},"type":"list","items":[]}},"pwa-each-page-has-url":{"displayValue":"","score":false,"helpText":"Ensure individual pages are deep linkable via the URLs and that URLs are unique for the purpose of shareability on social media. [Learn more](https://developers.google.com/web/progressive-web-apps/checklist#each-page-has-a-url).","rawValue":false,"name":"pwa-each-page-has-url","description":"Each page has a URL","scoringMode":"binary","informative":true,"manual":true},"custom-controls-roles":{"displayValue":"","score":false,"helpText":"Custom interactive controls have appropriate ARIA roles. [Learn more](https://developers.google.com/web/fundamentals/accessibility/how-to-review#try_it_with_a_screen_reader).","rawValue":false,"name":"custom-controls-roles","description":"Custom controls have ARIA roles","scoringMode":"binary","informative":true,"manual":true},"meta-description":{"displayValue":"","score":false,"helpText":"Meta descriptions may be included in search results to concisely summarize page content. [Learn more](https://developers.google.com/web/tools/lighthouse/audits/description).","rawValue":false,"name":"meta-description","description":"Document does not have a meta description","scoringMode":"binary"},"duplicate-id":{"displayValue":"","score":true,"helpText":"The value of an id attribute must be unique to prevent other instances from being overlooked by assistive technologies. [Learn more](https://dequeuniversity.com/rules/axe/2.2/duplicate-id?application=lighthouse).","rawValue":true,"extendedInfo":{},"name":"duplicate-id","description":"`[id]` attributes on the page are unique","scoringMode":"binary","details":{"header":{"text":"View failing elements","type":"text"},"type":"list","items":[]}},"focusable-controls":{"displayValue":"","score":false,"helpText":"Custom interactive controls are keyboard focusable and display a focus indicator. [Learn more](https://developers.google.com/web/fundamentals/accessibility/how-to-review#start_with_the_keyboard).","rawValue":false,"name":"focusable-controls","description":"Interactive controls are keyboard focusable","scoringMode":"binary","informative":true,"manual":true},"heading-levels":{"displayValue":"","score":false,"helpText":"Headings are used to create an outline for the page and heading levels are not skipped. [Learn more](https://developers.google.com/web/fundamentals/accessibility/how-to-review#take_advantage_of_headings_and_landmarks).","rawValue":false,"name":"heading-levels","description":"Headings don't skip levels","scoringMode":"binary","informative":true,"manual":true},"uses-request-compression":{"displayValue":"","score":100,"helpText":"Text-based responses should be served with compression (gzip, deflate or brotli) to minimize total network bytes. [Learn more](https://developers.google.com/web/fundamentals/performance/optimizing-content-efficiency/optimize-encoding-and-transfer).","rawValue":0,"extendedInfo":{"value":{"wastedKb":0,"wastedMs":0,"results":[]}},"name":"uses-request-compression","description":"Enable text compression","scoringMode":"binary","informative":true,"details":{"itemHeaders":[{"itemType":"url","text":"Uncompressed resource URL","type":"text"},{"itemType":"text","text":"Original","type":"text"},{"itemType":"text","text":"GZIP Savings","type":"text"}],"header":"View Details","type":"table","items":[]}},"appcache-manifest":{"displayValue":"","score":true,"debugString":"","helpText":"Application Cache is deprecated. [Learn more](https://developers.google.com/web/tools/lighthouse/audits/appcache).","rawValue":true,"name":"appcache-manifest","description":"Avoids Application Cache","scoringMode":"binary"},"themed-omnibox":{"displayValue":"","score":false,"debugString":"Failures: No manifest was fetched, No `<meta name=\"theme-color\">` tag found.","helpText":"The browser address bar can be themed to match your site. [Learn more](https://developers.google.com/web/tools/lighthouse/audits/address-bar).","rawValue":false,"extendedInfo":{"value":{"failures":["No manifest was fetched","No `<meta name=\"theme-color\">` tag found"],"themeColor":null,"manifestValues":{"parseFailureReason":"No manifest was fetched","allChecks":[],"isParseFailure":true}}},"name":"themed-omnibox","description":"Address bar does not match brand colors","scoringMode":"binary"},"color-contrast":{"displayValue":"","score":true,"helpText":"Low-contrast text is difficult or impossible for many users to read. [Learn more](https://dequeuniversity.com/rules/axe/2.2/color-contrast?application=lighthouse).","rawValue":true,"extendedInfo":{},"name":"color-contrast","description":"Background and foreground colors have a sufficient contrast ratio","scoringMode":"binary","details":{"header":{"text":"View failing elements","type":"text"},"type":"list","items":[]}},"listitem":{"displayValue":"","score":false,"helpText":"Screen readers require list items (`<li>`) to be contained within a parent `<ul>` or `<ol>` to be announced properly. [Learn more](https://dequeuniversity.com/rules/axe/2.2/listitem?application=lighthouse).","rawValue":false,"name":"listitem","description":"List items (`<li>`) are not contained within `<ul>` or `<ol>` parent elements.","scoringMode":"binary","informative":true,"notApplicable":true},"no-mutation-events":{"displayValue":"","score":true,"helpText":"Mutation Events are deprecated and harm performance. Consider using Mutation Observers instead. [Learn more](https://developers.google.com/web/tools/lighthouse/audits/mutation-events).","rawValue":true,"extendedInfo":{"value":{"results":[]}},"name":"no-mutation-events","description":"Avoids Mutation Events in its own scripts","scoringMode":"binary","details":{"itemHeaders":[{"itemType":"url","text":"URL","type":"text"},{"itemType":"code","text":"Event","type":"text"},{"itemType":"text","text":"Line","type":"text"},{"itemType":"text","text":"Col","type":"text"},{"itemType":"code","text":"Snippet","type":"text"}],"header":"View Details","type":"table","items":[]}},"audio-caption":{"displayValue":"","score":false,"helpText":"Captions make audio elements usable for deaf or hearing-impaired users, providing critical information such as who is talking, what they're saying, and other non-speech information. [Learn more](https://dequeuniversity.com/rules/axe/2.2/audio-caption?application=lighthouse).","rawValue":false,"name":"audio-caption","description":"`<audio>` elements are missing a `<track>` element with `[kind=\"captions\"]`.","scoringMode":"binary","informative":true,"notApplicable":true},"first-meaningful-paint":{"displayValue":"4,520 ms","score":40,"helpText":"First meaningful paint measures when the primary content of a page is visible. [Learn more](https://developers.google.com/web/tools/lighthouse/audits/first-meaningful-paint).","rawValue":4521.8,"extendedInfo":{"value":{"timestamps":{"fCP":8650057715484,"endOfTrace":8650064967436,"fMP":8650057715493,"onLoad":8650058566647,"navStart":8650053193698},"fmpFellBack":false,"timings":{"fCP":4521.786,"endOfTrace":11773.738,"fMP":4521.795,"onLoad":5372.949,"navStart":0}}},"name":"first-meaningful-paint","description":"First meaningful paint","scoringMode":"numeric"},"focus-traps":{"displayValue":"","score":false,"helpText":"A user can tab into and out of any control or region without accidentally trapping their focus. [Learn more](https://developers.google.com/web/fundamentals/accessibility/how-to-review#start_with_the_keyboard).","rawValue":false,"name":"focus-traps","description":"User focus is not accidentally trapped in a region","scoringMode":"binary","informative":true,"manual":true},"aria-allowed-attr":{"displayValue":"","score":true,"helpText":"Each ARIA `role` supports a specific subset of `aria-*` attributes. Mismatching these invalidates the `aria-*` attributes. [Learn more](https://dequeuniversity.com/rules/axe/2.2/aria-allowed-attr?application=lighthouse).","rawValue":true,"extendedInfo":{},"name":"aria-allowed-attr","description":"`[aria-*]` attributes match their roles","scoringMode":"binary","details":{"header":{"text":"View failing elements","type":"text"},"type":"list","items":[]}},"geolocation-on-start":{"displayValue":"","score":true,"helpText":"Users are mistrustful of or confused by sites that request their location without context. Consider tying the request to user gestures instead. [Learn more](https://developers.google.com/web/tools/lighthouse/audits/geolocation-on-load).","rawValue":true,"extendedInfo":{"value":[]},"name":"geolocation-on-start","description":"Avoids requesting the geolocation permission on page load","scoringMode":"binary","details":{"itemHeaders":[{"itemType":"url","text":"URL","type":"text"},{"itemType":"text","text":"Location","type":"text"}],"header":"View Details","type":"table","items":[]}},"image-aspect-ratio":{"displayValue":"","score":true,"helpText":"Image display dimensions should match natural aspect ratio.","rawValue":true,"name":"image-aspect-ratio","description":"Displays images with correct aspect ratio","scoringMode":"binary","details":{"itemHeaders":[{"itemType":"thumbnail","text":"","type":"text"},{"itemType":"url","text":"URL","type":"text"},{"itemType":"text","text":"Aspect Ratio (Displayed)","type":"text"},{"itemType":"text","text":"Aspect Ratio (Actual)","type":"text"}],"header":"View Details","type":"table","items":[]}},"valid-lang":{"displayValue":"","score":false,"helpText":"Specifying a valid [BCP 47 language](https://www.w3.org/International/questions/qa-choosing-language-tags#question) on elements helps ensure that text is pronounced correctly by a screen reader. [Learn more](https://dequeuniversity.com/rules/axe/2.2/valid-lang?application=lighthouse).","rawValue":false,"name":"valid-lang","description":"`[lang]` attributes do not have a valid value","scoringMode":"binary","informative":true,"notApplicable":true},"html-has-lang":{"displayValue":"","score":false,"helpText":"If a page doesn't specify a lang attribute, a screen reader assumes that the page is in the default language that the user chose when setting up the screen reader. If the page isn't actually in the default language, then the screen reader might not announce the page's text correctly. [Learn more](https://dequeuniversity.com/rules/axe/2.2/html-lang?application=lighthouse).","rawValue":false,"extendedInfo":{"value":{"help":"<html> element must have a lang attribute","nodes":[{"failureSummary":"Fix any of the following:\n  The <html> element does not have a lang attribute","snippet":"<html>","path":"1,HTML","impact":"serious","html":"<html>","target":["html"]}],"impact":"serious","description":"Ensures every HTML document has a lang attribute","helpUrl":"https://dequeuniversity.com/rules/axe/3.0/html-has-lang?application=axeAPI","id":"html-has-lang","tags":["cat.language","wcag2a","wcag311"]}},"name":"html-has-lang","description":"`<html>` element does not have a `[lang]` attribute","scoringMode":"binary","details":{"header":{"text":"View failing elements","type":"text"},"type":"list","items":[{"snippet":"<html>","path":"1,HTML","selector":"html","type":"node"}]}},"unminified-javascript":{"displayValue":"","score":100,"helpText":"Minifying JavaScript files can reduce payload sizes and script parse time. [Learn more](https://developers.google.com/speed/docs/insights/MinifyResources).","rawValue":0,"extendedInfo":{"value":{"wastedKb":0,"wastedMs":0,"results":[]}},"name":"unminified-javascript","description":"Minify JavaScript","scoringMode":"binary","informative":true,"details":{"itemHeaders":[{"itemType":"url","text":"URL","type":"text"},{"itemType":"text","text":"Original","type":"text"},{"itemType":"text","text":"Potential Savings","type":"text"}],"header":"View Details","type":"table","items":[]}},"object-alt":{"displayValue":"","score":false,"helpText":"Screen readers cannot translate non-text content. Adding alt text to `<object>` elements helps screen readers convey meaning to users. [Learn more](https://dequeuniversity.com/rules/axe/2.2/object-alt?application=lighthouse).","rawValue":false,"name":"object-alt","description":"`<object>` elements do not have `[alt]` text","scoringMode":"binary","informative":true,"notApplicable":true},"accesskeys":{"displayValue":"","score":false,"helpText":"Access keys let users quickly focus a part of the page. For proper navigation, each access key must be unique. [Learn more](https://dequeuniversity.com/rules/axe/2.2/accesskeys?application=lighthouse).","rawValue":false,"name":"accesskeys","description":"`[accesskey]` values are not unique","scoringMode":"binary","informative":true,"notApplicable":true},"image-alt":{"displayValue":"","score":false,"helpText":"Informative elements should aim for short, descriptive alternate text. Decorative elements can be ignored with an empty alt attribute.[Learn more](https://dequeuniversity.com/rules/axe/2.2/image-alt?application=lighthouse).","rawValue":false,"name":"image-alt","description":"Image elements do not have `[alt]` attributes","scoringMode":"binary","informative":true,"notApplicable":true},"notification-on-start":{"displayValue":"","score":true,"helpText":"Users are mistrustful of or confused by sites that request to send notifications without context. Consider tying the request to user gestures instead. [Learn more](https://developers.google.com/web/tools/lighthouse/audits/notifications-on-load).","rawValue":true,"extendedInfo":{"value":[]},"name":"notification-on-start","description":"Avoids requesting the notification permission on page load","scoringMode":"binary","details":{"itemHeaders":[{"itemType":"url","text":"URL","type":"text"},{"itemType":"text","text":"Location","type":"text"}],"header":"View Details","type":"table","items":[]}},"unused-css-rules":{"displayValue":"Potential savings of 35 KB (~190 ms)","score":90,"helpText":"Remove unused rules from stylesheets to reduce unnecessary bytes consumed by network activity. [Learn more](https://developers.google.com/speed/docs/insights/OptimizeCSSDelivery)","rawValue":190,"extendedInfo":{"value":{"wastedKb":35,"wastedMs":190,"results":[{"wastedKb":"29 KB","totalKb":"32 KB","wastedMs":"160 ms","totalMs":"170 ms","potentialSavings":"29 KB (93%)","totalBytes":32261,"wastedPercent":92.80281987684556,"wastedBytes":29939,"url":"http://web/static/css/app.a1bcfeb0daa2a3f727390086fd42ee9d.css"},{"wastedKb":"5 KB","totalKb":"6 KB","wastedMs":"30 ms","totalMs":"30 ms","potentialSavings":"5 KB (98%)","totalBytes":5722,"wastedPercent":98.2698357217756,"wastedBytes":5623,"url":{"text":"a { color: #1976d2; } ...","type":"code"}}]}},"name":"unused-css-rules","description":"Unused CSS rules","scoringMode":"binary","informative":true,"details":{"itemHeaders":[{"itemType":"url","text":"URL","type":"text"},{"itemType":"text","text":"Original","type":"text"},{"itemType":"text","text":"Potential Savings","type":"text"}],"header":"View Details","type":"table","items":[[{"text":"http://web/static/css/app.a1bcfeb0daa2a3f727390086fd42ee9d.css","type":"url"},{"text":"32 KB","type":"text"},{"text":"29 KB (93%)","type":"text"}],[{"text":"a { color: #1976d2; } ...","type":"code"},{"text":"6 KB","type":"text"},{"text":"5 KB (98%)","type":"text"}]]}},"structured-data":{"displayValue":"","score":false,"helpText":"Run the [Structured Data Testing Tool](https://search.google.com/structured-data/testing-tool/) and the [Structured Data Linter](http://linter.structured-data.org/) to validate structured data. [Learn more](https://developers.google.com/search/docs/guides/mark-up-content).","rawValue":false,"name":"structured-data","description":"Structured data is valid","scoringMode":"binary","informative":true,"manual":true},"content-width":{"displayValue":"","score":true,"debugString":"","helpText":"If the width of your app's content doesn't match the width of the viewport, your app might not be optimized for mobile screens. [Learn more](https://developers.google.com/web/tools/lighthouse/audits/content-sized-correctly-for-viewport).","rawValue":true,"name":"content-width","description":"Content is sized correctly for the viewport","scoringMode":"binary"},"mainthread-work-breakdown":{"displayValue":"2,800 ms","score":true,"helpText":"Consider reducing the time spent parsing, compiling and executing JS.You may find delivering smaller JS payloads helps with this.","rawValue":2799.5130100250244,"extendedInfo":{"value":{"Update Layer Tree":108.97500228881836,"Layout":432.32500076293945,"Recalculate Style":503.69400215148926,"Evaluate Script":1296.8040027618408,"Animation Frame Fired":8.261001586914062,"Minor GC":82.69900131225586,"Run Microtasks":63.02199935913086,"Parse HTML":62.446001052856445,"Paint":41.383995056152344,"Compile Script":44.90999984741211,"Composite Layers":77.99400329589844,"Parse Stylesheet":76.9990005493164}},"name":"mainthread-work-breakdown","description":"Main thread work breakdown","scoringMode":"binary","informative":true,"details":{"itemHeaders":[{"itemType":"text","text":"Category","type":"text"},{"itemType":"text","text":"Work","type":"text"},{"itemType":"text","text":"Time spent","type":"text"}],"header":"View Details","type":"table","items":[[{"text":"Script Evaluation","type":"text"},{"text":"Evaluate Script","type":"text"},{"text":"1,297 ms","type":"text"}],[{"text":"Script Evaluation","type":"text"},{"text":"Run Microtasks","type":"text"},{"text":"63 ms","type":"text"}],[{"text":"Script Evaluation","type":"text"},{"text":"Animation Frame Fired","type":"text"},{"text":"8 ms","type":"text"}],[{"text":"Style & Layout","type":"text"},{"text":"Recalculate Style","type":"text"},{"text":"504 ms","type":"text"}],[{"text":"Style & Layout","type":"text"},{"text":"Layout","type":"text"},{"text":"432 ms","type":"text"}],[{"text":"Compositing","type":"text"},{"text":"Update Layer Tree","type":"text"},{"text":"109 ms","type":"text"}],[{"text":"Compositing","type":"text"},{"text":"Composite Layers","type":"text"},{"text":"78 ms","type":"text"}],[{"text":"Parsing HTML & CSS","type":"text"},{"text":"Parse Stylesheet","type":"text"},{"text":"77 ms","type":"text"}],[{"text":"Parsing HTML & CSS","type":"text"},{"text":"Parse HTML","type":"text"},{"text":"62 ms","type":"text"}],[{"text":"Garbage collection","type":"text"},{"text":"Minor GC","type":"text"},{"text":"83 ms","type":"text"}],[{"text":"Script Parsing & Compile","type":"text"},{"text":"Compile Script","type":"text"},{"text":"45 ms","type":"text"}],[{"text":"Paint","type":"text"},{"text":"Paint","type":"text"},{"text":"41 ms","type":"text"}]]}},"canonical":{"displayValue":"","score":null,"debugString":"Audit error: Unable to identify the main resource","helpText":"Canonical links suggest which URL to show in search results. [Learn more](https://developers.google.com/web/tools/lighthouse/audits/canonical).","rawValue":null,"name":"canonical","description":"Document does not have a valid `rel=canonical`","scoringMode":"binary","error":true},"bootup-time":{"displayValue":"1,570 ms","score":true,"helpText":"Consider reducing the time spent parsing, compiling, and executing JS. You may find delivering smaller JS payloads helps with this. [Learn more](https://developers.google.com/web/lighthouse/audits/bootup).","rawValue":1573.503999710083,"extendedInfo":{"value":{"http://web/static/js/app.310cd52123c59f9f64a5.js":{"Script Evaluation":1173.697998046875,"Script Parsing & Compile":22.533000946044922},"http://web/static/js/vendor.d1efda22f11e965a5228.js":{"Style & Layout":178.41699981689453,"Script Parsing & Compile":14.004999160766602,"Script Evaluation":9.45100212097168},"https://unpkg.com/vue-chartjs@3.3.2/dist/vue-chartjs.min.js":{"Script Evaluation":6.445001602172852,"Script Parsing & Compile":4.004999160766602},"https://cdnjs.cloudflare.com/ajax/libs/Chart.js/2.7.1/Chart.min.js":{"Style & Layout":0.8509998321533203,"Script Evaluation":90.19700050354004,"Script Parsing & Compile":0.5679988861083984},"http://web/static/js/manifest.9f020e973ae4037504f6.js":{"Script Parsing & Compile":2.184000015258789,"Script Evaluation":1.4300003051757812},"http://web/":{"Style & Layout":0.0989990234375,"Script Evaluation":7.028999328613281,"Script Parsing & Compile":0.14599990844726562},"http://web/#/":{"Parsing HTML & CSS":62.446001052856445}}},"name":"bootup-time","description":"JavaScript boot-up time","scoringMode":"binary","details":{"itemHeaders":[{"itemType":"url","text":"URL","type":"text"},{"itemType":"text","text":"Script Evaluation","type":"text"},{"itemType":"text","text":"Script Parsing & Compile","type":"text"}],"header":"View Details","type":"table","items":[[{"text":"http://web/static/js/app.310cd52123c59f9f64a5.js","type":"url"},{"text":"1,174 ms","type":"text"},{"text":"23 ms","type":"text"}],[{"text":"https://cdnjs.cloudflare.com/ajax/libs/Chart.js/2.7.1/Chart.min.js","type":"url"},{"text":"90 ms","type":"text"},{"text":"1 ms","type":"text"}],[{"text":"http://web/static/js/vendor.d1efda22f11e965a5228.js","type":"url"},{"text":"9 ms","type":"text"},{"text":"14 ms","type":"text"}],[{"text":"https://unpkg.com/vue-chartjs@3.3.2/dist/vue-chartjs.min.js","type":"url"},{"text":"6 ms","type":"text"},{"text":"4 ms","type":"text"}]]}},"list":{"displayValue":"","score":false,"helpText":"Screen readers have a specific way of announcing lists. Ensuring proper list structure aids screen reader output. [Learn more](https://dequeuniversity.com/rules/axe/2.2/list?application=lighthouse).","rawValue":false,"name":"list","description":"Lists do not contain only `<li>` elements and script supporting elements (`<script>` and `<template>`).","scoringMode":"binary","informative":true,"notApplicable":true},"hreflang":{"displayValue":"","score":null,"debugString":"Audit error: Unable to identify the main resource","helpText":"hreflang allows crawlers to discover alternate translations of the page content. [Learn more](https://support.google.com/webmasters/answer/189077).","rawValue":null,"name":"hreflang","description":"Document doesn't have a valid `hreflang`","scoringMode":"binary","error":true},"is-crawlable":{"displayValue":"","score":null,"debugString":"Audit error: Unable to identify the main resource","helpText":"Search engines are unable to include your pages in search results if they don't have permission to crawl them. [Learn more](https://developers.google.com/web/tools/lighthouse/audits/indexing).","rawValue":null,"name":"is-crawlable","description":"Page is blocked from indexing","scoringMode":"binary","error":true},"service-worker":{"displayValue":"","score":false,"helpText":"The service worker is the technology that enables your app to use many Progressive Web App features, such as offline, add to homescreen, and push notifications. [Learn more](https://developers.google.com/web/tools/lighthouse/audits/registered-service-worker).","rawValue":false,"name":"service-worker","description":"Does not register a service worker","scoringMode":"binary"},"use-landmarks":{"displayValue":"","score":false,"helpText":"Landmark elements (<main>, <nav>, etc.) are used to improve the keyboard navigation of the page for assistive technology. [Learn more](https://developers.google.com/web/fundamentals/accessibility/how-to-review#take_advantage_of_headings_and_landmarks).","rawValue":false,"name":"use-landmarks","description":"HTML5 landmark elements are used to improve navigation","scoringMode":"binary","informative":true,"manual":true},"critical-request-chains":{"displayValue":"","score":null,"debugString":"Audit error: Unable to identify the main resource","helpText":"The Critical Request Chains below show you what resources are issued with a high priority. Consider reducing the length of chains, reducing the download size of resources, or deferring the download of unnecessary resources to improve page load. [Learn more](https://developers.google.com/web/tools/lighthouse/audits/critical-request-chains).","rawValue":null,"name":"critical-request-chains","description":"Critical Request Chains","scoringMode":"binary","informative":true,"error":true},"consistently-interactive":{"displayValue":"6,460 ms","score":71,"helpText":"Consistently Interactive marks the time at which the page is fully interactive. [Learn more](https://developers.google.com/web/tools/lighthouse/audits/consistently-interactive).","rawValue":6460.149,"extendedInfo":{"value":{"timeInMs":6460.149,"cpuQuietPeriod":{"start":8.650059653847E9,"end":8.650064967436E9},"networkQuietPeriods":[{"start":8.650059532223999E9,"end":8.650064967436E9}],"networkQuietPeriod":{"start":8.650059532223999E9,"end":8.650064967436E9},"cpuQuietPeriods":[{"start":8.650059653847E9,"end":8.650064967436E9}],"timestamp":8650059653847}},"name":"consistently-interactive","description":"Consistently Interactive (beta)","scoringMode":"numeric"},"pwa-page-transitions":{"displayValue":"","score":false,"helpText":"Transitions should feel snappy as you tap around, even on a slow network, a key to perceived performance. [Learn more](https://developers.google.com/web/progressive-web-apps/checklist#page-transitions-dont-feel-like-they-block-on-the-network).","rawValue":false,"name":"pwa-page-transitions","description":"Page transitions don't feel like they block on the network","scoringMode":"binary","informative":true,"manual":true},"user-timings":{"displayValue":"0","score":true,"helpText":"Consider instrumenting your app with the User Timing API to create custom, real-world measurements of key user experiences. [Learn more](https://developers.google.com/web/tools/lighthouse/audits/user-timing).","rawValue":true,"extendedInfo":{"value":[]},"name":"user-timings","description":"User Timing marks and measures","scoringMode":"binary","informative":true,"details":{"itemHeaders":[{"itemType":"text","text":"Name","type":"text"},{"itemType":"text","text":"Type","type":"text"},{"itemType":"text","text":"Time","type":"text"}],"header":"View Details","type":"table","items":[]}},"manifest-short-name-length":{"displayValue":"","score":false,"helpText":"Make your app's `short_name` fewer than 12 characters to ensure that it's not truncated on homescreens. [Learn more](https://developers.google.com/web/tools/lighthouse/audits/manifest-short_name-is-not-truncated).","rawValue":false,"name":"manifest-short-name-length","description":"Manifest's `short_name` will be truncated when displayed on homescreen","scoringMode":"binary"},"no-vulnerable-libraries":{"displayValue":"","score":true,"helpText":"Some third-party scripts may contain known security vulnerabilities  that are easily identified and exploited by attackers.","rawValue":true,"name":"no-vulnerable-libraries","description":"Avoids front-end JavaScript libraries with known security vulnerabilities","scoringMode":"binary"},"font-size":{"displayValue":"","score":true,"debugString":null,"helpText":"Font sizes less than 12px are too small to be legible and require mobile visitors to \u201cpinch to zoom\u201d in order to read. Strive to have >60% of page text ≥12px. [Learn more](https://developers.google.com/web/tools/lighthouse/audits/font-sizes).","rawValue":true,"name":"font-size","description":"Document uses legible font sizes","scoringMode":"binary","details":{"itemHeaders":[{"itemType":"url","text":"Source","type":"text"},{"itemType":"code","text":"Selector","type":"text"},{"itemType":"text","text":"% of Page Text","type":"text"},{"itemType":"text","text":"Font Size","type":"text"}],"header":"View Details","type":"table","items":[[{"text":"Legible text","type":"url"},{"text":null,"type":"code"},{"text":"100.00%","type":"text"},{"text":"≥ 12px","type":"text"}]]}},"aria-valid-attr":{"displayValue":"","score":true,"helpText":"Assistive technologies, like screen readers, can't interpret ARIA attributes with invalid names. [Learn more](https://dequeuniversity.com/rules/axe/2.2/aria-valid-attr?application=lighthouse).","rawValue":true,"extendedInfo":{},"name":"aria-valid-attr","description":"`[aria-*]` attributes are valid and not misspelled","scoringMode":"binary","details":{"header":{"text":"View failing elements","type":"text"},"type":"list","items":[]}},"aria-required-attr":{"displayValue":"","score":false,"helpText":"Some ARIA roles have required attributes that describe the state of the element to screen readers. [Learn more](https://dequeuniversity.com/rules/axe/2.2/aria-required-attr?application=lighthouse).","rawValue":false,"name":"aria-required-attr","description":"`[role]`s do not have all required `[aria-*]` attributes","scoringMode":"binary","informative":true,"notApplicable":true},"aria-roles":{"displayValue":"","score":false,"helpText":"ARIA roles must have valid values in order to perform their intended accessibility functions. [Learn more](https://dequeuniversity.com/rules/axe/2.2/aria-roles?application=lighthouse).","rawValue":false,"name":"aria-roles","description":"`[role]` values are not valid","scoringMode":"binary","informative":true,"notApplicable":true},"redirects-http":{"displayValue":"","score":false,"helpText":"If you've already set up HTTPS, make sure that you redirect all HTTP traffic to HTTPS. [Learn more](https://developers.google.com/web/tools/lighthouse/audits/http-redirects-to-https).","rawValue":false,"name":"redirects-http","description":"Does not redirect HTTP traffic to HTTPS","scoringMode":"binary"},"aria-required-children":{"displayValue":"","score":false,"helpText":"Some ARIA parent roles must contain specific child roles to perform their intended accessibility functions. [Learn more](https://dequeuniversity.com/rules/axe/2.2/aria-required-children?application=lighthouse).","rawValue":false,"name":"aria-required-children","description":"Elements with `[role]` that require specific children `[role]`s, are missing.","scoringMode":"binary","informative":true,"notApplicable":true},"dom-size":{"displayValue":"94 nodes","score":100,"helpText":"Browser engineers recommend pages contain fewer than ~1,500 DOM nodes. The sweet spot is a tree depth < 32 elements and fewer than 60 children/parent element. A large DOM can increase memory usage, cause longer [style calculations](https://developers.google.com/web/fundamentals/performance/rendering/reduce-the-scope-and-complexity-of-style-calculations), and produce costly [layout reflows](https://developers.google.com/speed/articles/reflow). [Learn more](https://developers.google.com/web/fundamentals/performance/rendering/).","rawValue":94,"extendedInfo":{"value":[{"title":"Total DOM Nodes","value":"94","target":"< 1,500 nodes"},{"snippet":"html >\n  body >\n    main >\n      div#inspire.application.theme--dark >\n        div.application--wrap >\n          aside.navigation-drawer.navigation-drawer--clipped.navigation-drawer--close.navigation-drawer--fixed.navigation-drawer--is-mobile >\n            div.list >\n              div >\n                div.list__tile >\n                  div.input-group.input-group--dirty.input-group--selection-controls.switch.accent--text >\n                    div.input-group__input >\n                      div.input-group--selection-controls__container >\n                        div.input-group--selection-controls__toggle.input-group--selection-controls__toggle--active","title":"DOM Depth","value":"13","target":"< 32"},{"snippet":"Element with most children:\nhead","title":"Maximum Children","value":"8","target":"< 60 nodes"}]},"name":"dom-size","description":"Avoids an excessive DOM size","scoringMode":"numeric","details":{"header":{"text":"View details","type":"text"},"type":"cards","items":[{"title":"Total DOM Nodes","value":"94","target":"< 1,500 nodes"},{"snippet":"html >\n  body >\n    main >\n      div#inspire.application.theme--dark >\n        div.application--wrap >\n          aside.navigation-drawer.navigation-drawer--clipped.navigation-drawer--close.navigation-drawer--fixed.navigation-drawer--is-mobile >\n            div.list >\n              div >\n                div.list__tile >\n                  div.input-group.input-group--dirty.input-group--selection-controls.switch.accent--text >\n                    div.input-group__input >\n                      div.input-group--selection-controls__container >\n                        div.input-group--selection-controls__toggle.input-group--selection-controls__toggle--active","title":"DOM Depth","value":"13","target":"< 32"},{"snippet":"Element with most children:\nhead","title":"Maximum Children","value":"8","target":"< 60 nodes"}]}},"no-websql":{"displayValue":"","score":true,"debugString":"","helpText":"Web SQL is deprecated. Consider using IndexedDB instead. [Learn more](https://developers.google.com/web/tools/lighthouse/audits/web-sql).","rawValue":true,"name":"no-websql","description":"Avoids WebSQL DB","scoringMode":"binary"},"webapp-install-banner":{"displayValue":"","score":false,"debugString":"Failures: No manifest was fetched, Site does not register a service worker, Service worker does not successfully serve the manifest's start_url, No usable web app manifest found on page.","helpText":"Browsers can proactively prompt users to add your app to their homescreen, which can lead to higher engagement. [Learn more](https://developers.google.com/web/tools/lighthouse/audits/install-prompt).","rawValue":false,"extendedInfo":{"value":{"failures":["No manifest was fetched","Site does not register a service worker","Service worker does not successfully serve the manifest's start_url","No usable web app manifest found on page"],"warnings":["No usable web app manifest found on page"],"manifestValues":{"parseFailureReason":"No manifest was fetched","allChecks":[],"isParseFailure":true}}},"name":"webapp-install-banner","description":"User will not be prompted to Install the Web App","scoringMode":"binary"},"uses-passive-event-listeners":{"displayValue":"","score":true,"helpText":"Consider marking your touch and wheel event listeners as `passive` to improve your page's scroll performance. [Learn more](https://developers.google.com/web/tools/lighthouse/audits/passive-event-listeners).","rawValue":true,"extendedInfo":{"value":[]},"name":"uses-passive-event-listeners","description":"Uses passive listeners to improve scrolling performance","scoringMode":"binary","details":{"itemHeaders":[{"itemType":"url","text":"URL","type":"text"},{"itemType":"text","text":"Location","type":"text"}],"header":"View Details","type":"table","items":[]}},"screenshot-thumbnails":{"displayValue":"true","score":100,"helpText":"This is what the load of your site looked like.","rawValue":true,"name":"screenshot-thumbnails","description":"Screenshot Thumbnails","scoringMode":"binary","informative":true,"details":{"scale":6606,"type":"filmstrip","items":[{"data":"/9j/4AAQSkZJRgABAQAAAQABAAD/2wCEAAMCAgMCAgMDAwMEAwMEBQgFBQQEBQoHBwYIDAoMDAsKCwsNDhIQDQ4RDgsLEBYQERMUFRUVDA8XGBYUGBIUFRQBAwQEBQQFCQUFCRQNCw0UFBQUFBQUFBQUFBQUFBQUFBQUFBQUFBQUFBQUFBQUFBQUFBQUFBQUFBQUFBQUFBQUFP/AABEIANUAeAMBEQACEQEDEQH/xAGiAAABBQEBAQEBAQAAAAAAAAAAAQIDBAUGBwgJCgsQAAIBAwMCBAMFBQQEAAABfQECAwAEEQUSITFBBhNRYQcicRQygZGhCCNCscEVUtHwJDNicoIJChYXGBkaJSYnKCkqNDU2Nzg5OkNERUZHSElKU1RVVldYWVpjZGVmZ2hpanN0dXZ3eHl6g4SFhoeIiYqSk5SVlpeYmZqio6Slpqeoqaqys7S1tre4ubrCw8TFxsfIycrS09TV1tfY2drh4uPk5ebn6Onq8fLz9PX29/j5+gEAAwEBAQEBAQEBAQAAAAAAAAECAwQFBgcICQoLEQACAQIEBAMEBwUEBAABAncAAQIDEQQFITEGEkFRB2FxEyIygQgUQpGhscEJIzNS8BVictEKFiQ04SXxFxgZGiYnKCkqNTY3ODk6Q0RFRkdISUpTVFVWV1hZWmNkZWZnaGlqc3R1dnd4eXqCg4SFhoeIiYqSk5SVlpeYmZqio6Slpqeoqaqys7S1tre4ubrCw8TFxsfIycrS09TV1tfY2dri4+Tl5ufo6ery8/T19vf4+fr/2gAMAwEAAhEDEQA/AP1ToAKACgAoAKACgAoAKACgAoAKACgAoAKACgAoAKACgAoAKACgAoAKACgAoAKACgAoAKACgAoAKACgAoAKACgAoAKACgAoAKACgAoAKACgAoAKACgAoAKACgAoAKACgAoAKACgAoAKACgAoAKACgAoAKACgAoAKACgAoAKACgAoAKACgAoAKACgAoAKACgAoAKACgAoAKACgAoAKACgAoAKACgAoAKACgAoAKACgAoAKACgAoAKACgAoAKACgAoAKACgAoAKACgAoAKACgAoAKACgAoAKACgAoAKACgAoAKACgAoAKACgAoAKACgAoAKACgAoAKACgAoAKACgAoAKACgAoAKACgAoAKACgAoAKACgAoAKACgAoAKACgAoAKACgAoAKACgAoAKACgAoAKACgAoAKACgAoAKACgAoAKACgAoAKACgAoAKACgAoAKACgAoAKACgAoAKACgAoAKACgAoAKACgAoAKACgAoAKACgAoAKACgAoAKACgAoAKACgAoAKACgAoAKACgAoAKACgAoAKACgAoAKACgAoAKACgAoAKACgAoAKACgAoAKACgAoAKACgAoAKACgAoAKACgAoAKACgAoAKACgAoAKACgAoAKACgAoAKACgAoAKACgAoAKACgAoAKACgAoAKACgAoAKACgAoAKACgAoAKACgAoAKACgAoAKACgAoAKACgAoAKACgAoAKACgAoAKACgAoAKACgAoAKACgAoAKACgAoAKACgAoAKACgAoAKACgAoAKACgAoAKACgAoAKACgAoAKACgAoAKACgAoAKACgAoAKACgAoAKACgAoAKACgAoAKACgAoAKACgAoAKACgAoAKACgAoAKACgAoAKACgAoAKACgAoAKACgAoAKACgAoAKACgAoAKACgAoAKACgAoAKACgAoAKACgAoAKACgAoAKACgAoAKACgD//Z","timing":661,"timestamp":8650053854298},{"data":"/9j/4AAQSkZJRgABAQAAAQABAAD/2wCEAAMCAgMCAgMDAwMEAwMEBQgFBQQEBQoHBwYIDAoMDAsKCwsNDhIQDQ4RDgsLEBYQERMUFRUVDA8XGBYUGBIUFRQBAwQEBQQFCQUFCRQNCw0UFBQUFBQUFBQUFBQUFBQUFBQUFBQUFBQUFBQUFBQUFBQUFBQUFBQUFBQUFBQUFBQUFP/AABEIANUAeAMBEQACEQEDEQH/xAGiAAABBQEBAQEBAQAAAAAAAAAAAQIDBAUGBwgJCgsQAAIBAwMCBAMFBQQEAAABfQECAwAEEQUSITFBBhNRYQcicRQygZGhCCNCscEVUtHwJDNicoIJChYXGBkaJSYnKCkqNDU2Nzg5OkNERUZHSElKU1RVVldYWVpjZGVmZ2hpanN0dXZ3eHl6g4SFhoeIiYqSk5SVlpeYmZqio6Slpqeoqaqys7S1tre4ubrCw8TFxsfIycrS09TV1tfY2drh4uPk5ebn6Onq8fLz9PX29/j5+gEAAwEBAQEBAQEBAQAAAAAAAAECAwQFBgcICQoLEQACAQIEBAMEBwUEBAABAncAAQIDEQQFITEGEkFRB2FxEyIygQgUQpGhscEJIzNS8BVictEKFiQ04SXxFxgZGiYnKCkqNTY3ODk6Q0RFRkdISUpTVFVWV1hZWmNkZWZnaGlqc3R1dnd4eXqCg4SFhoeIiYqSk5SVlpeYmZqio6Slpqeoqaqys7S1tre4ubrCw8TFxsfIycrS09TV1tfY2dri4+Tl5ufo6ery8/T19vf4+fr/2gAMAwEAAhEDEQA/AP1ToAKACgAoAKACgAoAKACgAoAKACgAoAKACgAoAKACgAoAKACgAoAKACgAoAKACgAoAKACgAoAKACgAoAKACgAoAKACgAoAKACgAoAKACgAoAKACgAoAKACgAoAKACgAoAKACgAoAKACgAoAKACgAoAKACgAoAKACgAoAKACgAoAKACgAoAKACgAoAKACgAoAKACgAoAKACgAoAKACgAoAKACgAoAKACgAoAKACgAoAKACgAoAKACgAoAKACgAoAKACgAoAKACgAoAKACgAoAKACgAoAKACgAoAKACgAoAKACgAoAKACgAoAKACgAoAKACgAoAKACgAoAKACgAoAKACgAoAKACgAoAKACgAoAKACgAoAKACgAoAKACgAoAKACgAoAKACgAoAKACgAoAKACgAoAKACgAoAKACgAoAKACgAoAKACgAoAKACgAoAKACgAoAKACgAoAKACgAoAKACgAoAKACgAoAKACgAoAKACgAoAKACgAoAKACgAoAKACgAoAKACgAoAKACgAoAKACgAoAKACgAoAKACgAoAKACgAoAKACgAoAKACgAoAKACgAoAKACgAoAKACgAoAKACgAoAKACgAoAKACgAoAKACgAoAKACgAoAKACgAoAKACgAoAKACgAoAKACgAoAKACgAoAKACgAoAKACgAoAKACgAoAKACgAoAKACgAoAKACgAoAKACgAoAKACgAoAKACgAoAKACgAoAKACgAoAKACgAoAKACgAoAKACgAoAKACgAoAKACgAoAKACgAoAKACgAoAKACgAoAKACgAoAKACgAoAKACgAoAKACgAoAKACgAoAKACgAoAKACgAoAKACgAoAKACgAoAKACgAoAKACgAoAKACgAoAKACgAoAKACgAoAKACgAoAKACgAoAKACgAoAKACgAoAKACgAoAKACgAoAKACgAoAKACgD//Z","timing":1321,"timestamp":8.650054514898001E12},{"data":"/9j/4AAQSkZJRgABAQAAAQABAAD/2wCEAAMCAgMCAgMDAwMEAwMEBQgFBQQEBQoHBwYIDAoMDAsKCwsNDhIQDQ4RDgsLEBYQERMUFRUVDA8XGBYUGBIUFRQBAwQEBQQFCQUFCRQNCw0UFBQUFBQUFBQUFBQUFBQUFBQUFBQUFBQUFBQUFBQUFBQUFBQUFBQUFBQUFBQUFBQUFP/AABEIANUAeAMBEQACEQEDEQH/xAGiAAABBQEBAQEBAQAAAAAAAAAAAQIDBAUGBwgJCgsQAAIBAwMCBAMFBQQEAAABfQECAwAEEQUSITFBBhNRYQcicRQygZGhCCNCscEVUtHwJDNicoIJChYXGBkaJSYnKCkqNDU2Nzg5OkNERUZHSElKU1RVVldYWVpjZGVmZ2hpanN0dXZ3eHl6g4SFhoeIiYqSk5SVlpeYmZqio6Slpqeoqaqys7S1tre4ubrCw8TFxsfIycrS09TV1tfY2drh4uPk5ebn6Onq8fLz9PX29/j5+gEAAwEBAQEBAQEBAQAAAAAAAAECAwQFBgcICQoLEQACAQIEBAMEBwUEBAABAncAAQIDEQQFITEGEkFRB2FxEyIygQgUQpGhscEJIzNS8BVictEKFiQ04SXxFxgZGiYnKCkqNTY3ODk6Q0RFRkdISUpTVFVWV1hZWmNkZWZnaGlqc3R1dnd4eXqCg4SFhoeIiYqSk5SVlpeYmZqio6Slpqeoqaqys7S1tre4ubrCw8TFxsfIycrS09TV1tfY2dri4+Tl5ufo6ery8/T19vf4+fr/2gAMAwEAAhEDEQA/AP1ToAKACgAoAKACgAoAKACgAoAKACgAoAKACgAoAKACgAoAKACgAoAKACgAoAKACgAoAKACgAoAKACgAoAKACgAoAKACgAoAKACgAoAKACgAoAKACgAoAKACgAoAKACgAoAKACgAoAKACgAoAKACgAoAKACgAoAKACgAoAKACgAoAKACgAoAKACgAoAKACgAoAKACgAoAKACgAoAKACgAoAKACgAoAKACgAoAKACgAoAKACgAoAKACgAoAKACgAoAKACgAoAKACgAoAKACgAoAKACgAoAKACgAoAKACgAoAKACgAoAKACgAoAKACgAoAKACgAoAKACgAoAKACgAoAKACgAoAKACgAoAKACgAoAKACgAoAKACgAoAKACgAoAKACgAoAKACgAoAKACgAoAKACgAoAKACgAoAKACgAoAKACgAoAKACgAoAKACgAoAKACgAoAKACgAoAKACgAoAKACgAoAKACgAoAKACgAoAKACgAoAKACgAoAKACgAoAKACgAoAKACgAoAKACgAoAKACgAoAKACgAoAKACgAoAKACgAoAKACgAoAKACgAoAKACgAoAKACgAoAKACgAoAKACgAoAKACgAoAKACgAoAKACgAoAKACgAoAKACgAoAKACgAoAKACgAoAKACgAoAKACgAoAKACgAoAKACgAoAKACgAoAKACgAoAKACgAoAKACgAoAKACgAoAKACgAoAKACgAoAKACgAoAKACgAoAKACgAoAKACgAoAKACgAoAKACgAoAKACgAoAKACgAoAKACgAoAKACgAoAKACgAoAKACgAoAKACgAoAKACgAoAKACgAoAKACgAoAKACgAoAKACgAoAKACgAoAKACgAoAKACgAoAKACgAoAKACgAoAKACgAoAKACgAoAKACgAoAKACgAoAKACgAoAKACgAoAKACgAoAKACgAoAKACgD//Z","timing":1982,"timestamp":8.650055175497999E12},{"data":"/9j/4AAQSkZJRgABAQAAAQABAAD/2wCEAAMCAgMCAgMDAwMEAwMEBQgFBQQEBQoHBwYIDAoMDAsKCwsNDhIQDQ4RDgsLEBYQERMUFRUVDA8XGBYUGBIUFRQBAwQEBQQFCQUFCRQNCw0UFBQUFBQUFBQUFBQUFBQUFBQUFBQUFBQUFBQUFBQUFBQUFBQUFBQUFBQUFBQUFBQUFP/AABEIANUAeAMBEQACEQEDEQH/xAGiAAABBQEBAQEBAQAAAAAAAAAAAQIDBAUGBwgJCgsQAAIBAwMCBAMFBQQEAAABfQECAwAEEQUSITFBBhNRYQcicRQygZGhCCNCscEVUtHwJDNicoIJChYXGBkaJSYnKCkqNDU2Nzg5OkNERUZHSElKU1RVVldYWVpjZGVmZ2hpanN0dXZ3eHl6g4SFhoeIiYqSk5SVlpeYmZqio6Slpqeoqaqys7S1tre4ubrCw8TFxsfIycrS09TV1tfY2drh4uPk5ebn6Onq8fLz9PX29/j5+gEAAwEBAQEBAQEBAQAAAAAAAAECAwQFBgcICQoLEQACAQIEBAMEBwUEBAABAncAAQIDEQQFITEGEkFRB2FxEyIygQgUQpGhscEJIzNS8BVictEKFiQ04SXxFxgZGiYnKCkqNTY3ODk6Q0RFRkdISUpTVFVWV1hZWmNkZWZnaGlqc3R1dnd4eXqCg4SFhoeIiYqSk5SVlpeYmZqio6Slpqeoqaqys7S1tre4ubrCw8TFxsfIycrS09TV1tfY2dri4+Tl5ufo6ery8/T19vf4+fr/2gAMAwEAAhEDEQA/AP1ToAKACgAoAKACgAoAKACgAoAKACgAoAKACgAoAKACgAoAKACgAoAKACgAoAKACgAoAKACgAoAKACgAoAKACgAoAKACgAoAKACgAoAKACgAoAKACgAoAKACgAoAKACgAoAKACgAoAKACgAoAKACgAoAKACgAoAKACgAoAKACgAoAKACgAoAKACgAoAKACgAoAKACgAoAKACgAoAKACgAoAKACgAoAKACgAoAKACgAoAKACgAoAKACgAoAKACgAoAKACgAoAKACgAoAKACgAoAKACgAoAKACgAoAKACgAoAKACgAoAKACgAoAKACgAoAKACgAoAKACgAoAKACgAoAKACgAoAKACgAoAKACgAoAKACgAoAKACgAoAKACgAoAKACgAoAKACgAoAKACgAoAKACgAoAKACgAoAKACgAoAKACgAoAKACgAoAKACgAoAKACgAoAKACgAoAKACgAoAKACgAoAKACgAoAKACgAoAKACgAoAKACgAoAKACgAoAKACgAoAKACgAoAKACgAoAKACgAoAKACgAoAKACgAoAKACgAoAKACgAoAKACgAoAKACgAoAKACgAoAKACgAoAKACgAoAKACgAoAKACgAoAKACgAoAKACgAoAKACgAoAKACgAoAKACgAoAKACgAoAKACgAoAKACgAoAKACgAoAKACgAoAKACgAoAKACgAoAKACgAoAKACgAoAKACgAoAKACgAoAKACgAoAKACgAoAKACgAoAKACgAoAKACgAoAKACgAoAKACgAoAKACgAoAKACgAoAKACgAoAKACgAoAKACgAoAKACgAoAKACgAoAKACgAoAKACgAoAKACgAoAKACgAoAKACgAoAKACgAoAKACgAoAKACgAoAKACgAoAKACgAoAKACgAoAKACgAoAKACgAoAKACgAoAKACgAoAKACgAoAKACgAoAKACgD//Z","timing":2642,"timestamp":8650055836098},{"data":"/9j/4AAQSkZJRgABAQAAAQABAAD/2wCEAAMCAgMCAgMDAwMEAwMEBQgFBQQEBQoHBwYIDAoMDAsKCwsNDhIQDQ4RDgsLEBYQERMUFRUVDA8XGBYUGBIUFRQBAwQEBQQFCQUFCRQNCw0UFBQUFBQUFBQUFBQUFBQUFBQUFBQUFBQUFBQUFBQUFBQUFBQUFBQUFBQUFBQUFBQUFP/AABEIANUAeAMBEQACEQEDEQH/xAGiAAABBQEBAQEBAQAAAAAAAAAAAQIDBAUGBwgJCgsQAAIBAwMCBAMFBQQEAAABfQECAwAEEQUSITFBBhNRYQcicRQygZGhCCNCscEVUtHwJDNicoIJChYXGBkaJSYnKCkqNDU2Nzg5OkNERUZHSElKU1RVVldYWVpjZGVmZ2hpanN0dXZ3eHl6g4SFhoeIiYqSk5SVlpeYmZqio6Slpqeoqaqys7S1tre4ubrCw8TFxsfIycrS09TV1tfY2drh4uPk5ebn6Onq8fLz9PX29/j5+gEAAwEBAQEBAQEBAQAAAAAAAAECAwQFBgcICQoLEQACAQIEBAMEBwUEBAABAncAAQIDEQQFITEGEkFRB2FxEyIygQgUQpGhscEJIzNS8BVictEKFiQ04SXxFxgZGiYnKCkqNTY3ODk6Q0RFRkdISUpTVFVWV1hZWmNkZWZnaGlqc3R1dnd4eXqCg4SFhoeIiYqSk5SVlpeYmZqio6Slpqeoqaqys7S1tre4ubrCw8TFxsfIycrS09TV1tfY2dri4+Tl5ufo6ery8/T19vf4+fr/2gAMAwEAAhEDEQA/AP1ToAKACgAoAKACgAoAKACgAoAKACgAoAKACgAoAKACgAoAKACgAoAKACgAoAKACgAoAKACgAoAKACgAoAKACgAoAKACgAoAKACgAoAKACgAoAKACgAoAKACgAoAKACgAoAKACgAoAKACgAoAKACgAoAKACgAoAKACgAoAKACgAoAKACgAoAKACgAoAKACgAoAKACgAoAKACgAoAKACgAoAKACgAoAKACgAoAKACgAoAKACgAoAKACgAoAKACgAoAKACgAoAKACgAoAKACgAoAKACgAoAKACgAoAKACgAoAKACgAoAKACgAoAKACgAoAKACgAoAKACgAoAKACgAoAKACgAoAKACgAoAKACgAoAKACgAoAKACgAoAKACgAoAKACgAoAKACgAoAKACgAoAKACgAoAKACgAoAKACgAoAKACgAoAKACgAoAKACgAoAKACgAoAKACgAoAKACgAoAKACgAoAKACgAoAKACgAoAKACgAoAKACgAoAKACgAoAKACgAoAKACgAoAKACgAoAKACgAoAKACgAoAKACgAoAKACgAoAKACgAoAKACgAoAKACgAoAKACgAoAKACgAoAKACgAoAKACgAoAKACgAoAKACgAoAKACgAoAKACgAoAKACgAoAKACgAoAKACgAoAKACgAoAKACgAoAKACgAoAKACgAoAKACgAoAKACgAoAKACgAoAKACgAoAKACgAoAKACgAoAKACgAoAKACgAoAKACgAoAKACgAoAKACgAoAKACgAoAKACgAoAKACgAoAKACgAoAKACgAoAKACgAoAKACgAoAKACgAoAKACgAoAKACgAoAKACgAoAKACgAoAKACgAoAKACgAoAKACgAoAKACgAoAKACgAoAKACgAoAKACgAoAKACgAoAKACgAoAKACgAoAKACgAoAKACgAoAKACgAoAKACgAoAKACgD//Z","timing":3303,"timestamp":8650056496698},{"data":"/9j/4AAQSkZJRgABAQAAAQABAAD/2wCEAAMCAgMCAgMDAwMEAwMEBQgFBQQEBQoHBwYIDAoMDAsKCwsNDhIQDQ4RDgsLEBYQERMUFRUVDA8XGBYUGBIUFRQBAwQEBQQFCQUFCRQNCw0UFBQUFBQUFBQUFBQUFBQUFBQUFBQUFBQUFBQUFBQUFBQUFBQUFBQUFBQUFBQUFBQUFP/AABEIANUAeAMBEQACEQEDEQH/xAGiAAABBQEBAQEBAQAAAAAAAAAAAQIDBAUGBwgJCgsQAAIBAwMCBAMFBQQEAAABfQECAwAEEQUSITFBBhNRYQcicRQygZGhCCNCscEVUtHwJDNicoIJChYXGBkaJSYnKCkqNDU2Nzg5OkNERUZHSElKU1RVVldYWVpjZGVmZ2hpanN0dXZ3eHl6g4SFhoeIiYqSk5SVlpeYmZqio6Slpqeoqaqys7S1tre4ubrCw8TFxsfIycrS09TV1tfY2drh4uPk5ebn6Onq8fLz9PX29/j5+gEAAwEBAQEBAQEBAQAAAAAAAAECAwQFBgcICQoLEQACAQIEBAMEBwUEBAABAncAAQIDEQQFITEGEkFRB2FxEyIygQgUQpGhscEJIzNS8BVictEKFiQ04SXxFxgZGiYnKCkqNTY3ODk6Q0RFRkdISUpTVFVWV1hZWmNkZWZnaGlqc3R1dnd4eXqCg4SFhoeIiYqSk5SVlpeYmZqio6Slpqeoqaqys7S1tre4ubrCw8TFxsfIycrS09TV1tfY2dri4+Tl5ufo6ery8/T19vf4+fr/2gAMAwEAAhEDEQA/AP1ToAKACgAoAKACgAoAKACgAoAKACgAoAKACgAoAKACgAoAKACgAoAKACgAoAKACgAoAKACgAoAKACgAoAKACgAoAKACgAoAKACgAoAKACgAoAKACgAoAKACgAoAKACgAoAKACgAoAKACgAoAKACgAoAKACgAoAKACgAoAKACgAoAKACgAoAKACgAoAKACgAoAKACgAoAKACgAoAKACgAoAKACgAoAKACgAoAKACgAoAKACgAoAKACgAoAKACgAoAKACgAoAKACgAoAKACgAoAKACgAoAKACgAoAKACgAoAKACgAoAKACgAoAKACgAoAKACgAoAKACgAoAKACgAoAKACgAoAKACgAoAKACgAoAKACgAoAKACgAoAKACgAoAKACgAoAKACgAoAKACgAoAKACgAoAKACgAoAKACgAoAKACgAoAKACgAoAKACgAoAKACgAoAKACgAoAKACgAoAKACgAoAKACgAoAKACgAoAKACgAoAKACgAoAKACgAoAKACgAoAKACgAoAKACgAoAKACgAoAKACgAoAKACgAoAKACgAoAKACgAoAKACgAoAKACgAoAKACgAoAKACgAoAKACgAoAKACgAoAKACgAoAKACgAoAKACgAoAKACgAoAKACgAoAKACgAoAKACgAoAKACgAoAKACgAoAKACgAoAKACgAoAKACgAoAKACgAoAKACgAoAKACgAoAKACgAoAKACgAoAKACgAoAKACgAoAKACgAoAKACgAoAKACgAoAKACgAoAKACgAoAKACgAoAKACgAoAKACgAoAKACgAoAKACgAoAKACgAoAKACgAoAKACgAoAKACgAoAKACgAoAKACgAoAKACgAoAKACgAoAKACgAoAKACgAoAKACgAoAKACgAoAKACgAoAKACgAoAKACgAoAKACgAoAKACgAoAKACgAoAKACgAoAKACgD//Z","timing":3964,"timestamp":8650057157298},{"data":"/9j/4AAQSkZJRgABAQAAAQABAAD/2wCEAAMCAgMCAgMDAwMEAwMEBQgFBQQEBQoHBwYIDAoMDAsKCwsNDhIQDQ4RDgsLEBYQERMUFRUVDA8XGBYUGBIUFRQBAwQEBQQFCQUFCRQNCw0UFBQUFBQUFBQUFBQUFBQUFBQUFBQUFBQUFBQUFBQUFBQUFBQUFBQUFBQUFBQUFBQUFP/AABEIANUAeAMBEQACEQEDEQH/xAGiAAABBQEBAQEBAQAAAAAAAAAAAQIDBAUGBwgJCgsQAAIBAwMCBAMFBQQEAAABfQECAwAEEQUSITFBBhNRYQcicRQygZGhCCNCscEVUtHwJDNicoIJChYXGBkaJSYnKCkqNDU2Nzg5OkNERUZHSElKU1RVVldYWVpjZGVmZ2hpanN0dXZ3eHl6g4SFhoeIiYqSk5SVlpeYmZqio6Slpqeoqaqys7S1tre4ubrCw8TFxsfIycrS09TV1tfY2drh4uPk5ebn6Onq8fLz9PX29/j5+gEAAwEBAQEBAQEBAQAAAAAAAAECAwQFBgcICQoLEQACAQIEBAMEBwUEBAABAncAAQIDEQQFITEGEkFRB2FxEyIygQgUQpGhscEJIzNS8BVictEKFiQ04SXxFxgZGiYnKCkqNTY3ODk6Q0RFRkdISUpTVFVWV1hZWmNkZWZnaGlqc3R1dnd4eXqCg4SFhoeIiYqSk5SVlpeYmZqio6Slpqeoqaqys7S1tre4ubrCw8TFxsfIycrS09TV1tfY2dri4+Tl5ufo6ery8/T19vf4+fr/2gAMAwEAAhEDEQA/AP0bk8LeMEuh9l8ZJFaC8SXyp9KjlcWyxQKYA+4cs8cz+YwYjz8Y+RSQDrtMt57TTrWG5unvriOJEkuXRUaVgoBcqoABJycAYGeKALVABQAUAFABQAUAFABQAUAFABQAUAFABQAUAFABQAUAFABQAUAFABQAUAFABQAUAFABQAUAFABQAUAFABQAUAFABQAUAFABQAUAFABQAUAFABQAUAFABQAUAFABQAUAFABQAUAFACZ5xQAZGcd6AFoAKACgAoAKACgAoAKACgAoAKACgAoA8AbVfiFqEGl3Wja9oL2kFwbHVBNfwzbbgSxCKFJAD+9kHyOrcgynbuOwgA7zwHq+q2WrXll4h1fTrqG7mCaTIs8azzPGji4hMSjG6MxliQxOTICsYQAgHftOoYr1cLu2jrj6daAATI2MMDkkZBHUHH8xQAi3CMMgjGCScg4x1H1oAZp9/b6rYW97ZzR3NpcRrLDPC4dJEYZVlYEgggggg4INAFigAoAKACgAoAKACgAoAKAOF1j4PeEvFt/omq6npZvL/RpvtGmXM0syyWT/ALrJjywKZMEeQMA/N2dsgDdG+B3grw9pVrYadoUFrHaQS29rOjN9ptY5FdXWG4z5sWRI4Gxxt3HbigB+ifBfwj4c059O03TGtdMa8hvxYLdTm3ininSeIxRlysSrJGjbEAU4AIIoAst8JfC5Piwpp8kLeKgo1d4LyeJ7jClRhlcGP5SR8hXrQBj3v7O/w+1O4vJ73w5BdyXieXcCeWWRJB9qN2cozlcm4YyFsZJOCSOKAO60PRrTw5oun6Tp8XkWFhbx2tvFuLbI0UKq5YknAAGSSaAL1ABQAUAFABQAUAFABQAUAFABQAUAFABQAUAFABQAUAFABQAUAFABQAUAJuoFfWwbqAuAOaBi0AFABQAUAFABQAUAFABQAUAFABQByaS6/f6Wk1hPZf6RCjQTzRO/UZDsoZCQwK/LwRzyeldj+rNt6nn2xe2hXv8A/hODph+xHRV1EeWy/aVlMX3Y/MU7efvGXB9FTI5JEr6u90waxS2aNfTU8Qf27eG9fTv7H2D7MsMb/aC2TkuSduMbcYHr0xgxP2XKuS9zal7fm/ebG7WB1BQAUARiZec4XHXJppNkOaWjYvmqDjIz9aLMHOK6jftCEkBlJXBIz0H+Qfyos+qDnjrZiC6jP8QHtmnyvsQqsHrckVg6gggg9xSasap31Q6kMKACgAoA8ttfEXirw3YQWVxYJKIFENuLKwe4Msa+UiFmMyBGJlAwQANrMSEBau14eLfuzT+Vv8zzFi3b3qbXzv8AohsvxI15bS9mi02/ma0PMI8OTK8yllCmPdcBTkMGwSCAGyBg1Twm3vrXzGsZ/wBO39x0XhvVvEuvSasJVt9LWyvXtI/tWmyD7Qqqh81D5/KEsQD329jkDmqU+TlfNe6vp0v09TrpVOe6tazsbX2XX/8AoJ6b/wCC6T/4/WJuH2XX/wDoJ6b/AOC6T/4/QAfZdf8A+gnpv/guk/8Aj9AFQ+EoL+++26wUvbuPasfl+ZHCoDBlYRF2UOCPv9ccdK2hVnCPKmc86EJy5mMPw80JnspPs03m2f8AqZftMvmAbGQqW3bmUhjlWJBOGIyAar6xU7kfVqbdyS08CaPY209rBahLSaaO4aDcxVXRlZNoJ+VVKKQq4A7Dml7ed076r9RrDxSa6MSz+H2h6ejLb2rxhoEtm/fOxaNCxVSSckDew57YHQACvrFS/Nfrf8v8hfVafLym9a20dnbxwRLtijUIi+gAwBXO227s6klFJIlpDCgAoAKAPM/CfijTLvw1p3k+HJb1Ft1jeeJrMozL8j8mYc70IIPIIwQDTuKxb1Txfomj6ebzUPDcllatJFCJLp7KJGeWTZGoZpwuXchQM5JYAZJpDLNxr9hYxNJP4RuoYYwS8kos1RADzkmbA6Z/H3oA0YJre4hjlTwnOUkUOvy2vQ9P+WtAD/3P/QpT/wDfNr/8doAP3P8A0KU//fNr/wDHaAKP9la5dyXUmmzjw9aSW/lRWr28RkimyT5wKl0YEbV2kZ4JyOjaxnTS1WpjUhU5vdlobPh6x1eyN6dV1CO/864aWARxeX5EZxti77sYzu4znoKU3F25VYdNSSfO7mxiszQWgYUAFABQAUAFAHlFp+zT4R022uYrCbWLJrkYmki1KQlwZzPINrEqA7vLnao+WaRV2hsUAbCfA7wrH4Qm8MLb3C6JK0Tm2S4ZCrRtuRlkUh1ZWCsGDAhlBB9QDF0f9l34faBYvZ6fpc9pbM2Qkd3KNn7qSH5fm+U7JXG4YP3TnKqQAep2lstpbRQKSyxoEBbqQBigCagAoAKACgAoAKACgAoAKACgAoA4A/G3w0YfFjRTS3M3hm9isL+CFA0hlkKqixrnMjMzbFjHzuw2qrFk3AGndfEK3hj1VYdNv7y80ydreexhWMTFgYTlCzhGBjuIpAA+SG243gpQBZ1PxvbaJLdpf2V/AsLxokkVubhZQyFt48rcUQbWUtKEAKnnBBIBneHvizofivWb7TNLTUJ7mxnS3uGl0+eGNHaKOTG90A3ASoGT76kNuUbSaAJbn4o6Lptle3eoLe2FvZTtDcyPZySpbgCNvMleIOkaFJo5NzlQqFi23Y+0Ap3Hxj0Ox8R6zpN7Ff2R0y4W0a5e1MkU8zRW8gSMx7juxd26gOFLtIFTcQcAG34e8d6N4o1C9stPmuHuLOaaCTz7KeBHaKQxy+W8iKsoVxtLRlgMjnkZAOgoAKACgAoAKACgAoAKAK8thbTxSRSQRvHIwZ1ZQQxGME+p4H5UAO+xwbg3kpkcg7Rx824/qAfrQA06fatIZDbxNISGLlASSBgEnuQCRn3oAclnBHKJEhRHC7Qyrg444+nA/IUALHawxMGSJFIzghQMZOT+ZA/KgBPscGxl8lNrDDDb14xz+HFADxEinIUA8849eTQA+gAoAKACgAoAKACgAoAKACgAoAKACgAoAKACgAoAKACgAoAKACgAoAKACgAoAKACgAoAKACgAoAKACgAoAKACgAoAKACgAoAKACgAoAKACgAoAKACgAoAKACgAoAKACgAoAKACgAoAKACgAoAKACgAoAKACgAoAKACgAoAKACgAoAKACgAoAKACgAoAKACgAoAKACgAoAKACgAoAKACgAoAKACgAoAKACgAoAKACgAoAKACgAoAKACgAoAKACgAoAKACgAoAKACgAoAKACgAoAKACgAoAKACgAoAKACgAoAKACgAoAKACgAoAKACgAoAKACgAoAKACgAoAKACgAoAKACgAoAKACgAoAKACgAoAKACgAoAKACgAoAKACgAoAKACgAoAKACgAoAKACgAoAKACgAoAKACgAoAKACgAoAKACgAoAKACgAoA//9k=","timing":4624,"timestamp":8.650057817898001E12},{"data":"/9j/4AAQSkZJRgABAQAAAQABAAD/2wCEAAMCAgMCAgMDAwMEAwMEBQgFBQQEBQoHBwYIDAoMDAsKCwsNDhIQDQ4RDgsLEBYQERMUFRUVDA8XGBYUGBIUFRQBAwQEBQQFCQUFCRQNCw0UFBQUFBQUFBQUFBQUFBQUFBQUFBQUFBQUFBQUFBQUFBQUFBQUFBQUFBQUFBQUFBQUFP/AABEIANUAeAMBEQACEQEDEQH/xAGiAAABBQEBAQEBAQAAAAAAAAAAAQIDBAUGBwgJCgsQAAIBAwMCBAMFBQQEAAABfQECAwAEEQUSITFBBhNRYQcicRQygZGhCCNCscEVUtHwJDNicoIJChYXGBkaJSYnKCkqNDU2Nzg5OkNERUZHSElKU1RVVldYWVpjZGVmZ2hpanN0dXZ3eHl6g4SFhoeIiYqSk5SVlpeYmZqio6Slpqeoqaqys7S1tre4ubrCw8TFxsfIycrS09TV1tfY2drh4uPk5ebn6Onq8fLz9PX29/j5+gEAAwEBAQEBAQEBAQAAAAAAAAECAwQFBgcICQoLEQACAQIEBAMEBwUEBAABAncAAQIDEQQFITEGEkFRB2FxEyIygQgUQpGhscEJIzNS8BVictEKFiQ04SXxFxgZGiYnKCkqNTY3ODk6Q0RFRkdISUpTVFVWV1hZWmNkZWZnaGlqc3R1dnd4eXqCg4SFhoeIiYqSk5SVlpeYmZqio6Slpqeoqaqys7S1tre4ubrCw8TFxsfIycrS09TV1tfY2dri4+Tl5ufo6ery8/T19vf4+fr/2gAMAwEAAhEDEQA/AP0bk8LeMEuh9l8ZJFaC8SXyp9KjlcWyxQKYA+4cs8cz+YwYjz8Y+RSQDrtMt57TTrWG5unvriOJEkuXRUaVgoBcqoABJycAYGeKALVABQAUAFABQAUAFABQAUAFABQAUAFABQAUAFABQAUAFABQAUAFABQAUAFABQAUAFABQAUAFABQAUAFABQAUAFABQAUAFABQAUAFABQAUAFABQAUAFABQAUAFABQAUAFABQAUAFACZ5xQAZGcd6AFoAKACgAoAKACgAoAKACgAoAKACgAoA8AbVfiFqEGl3Wja9oL2kFwbHVBNfwzbbgSxCKFJAD+9kHyOrcgynbuOwgA7zwHq+q2WrXll4h1fTrqG7mCaTIs8azzPGji4hMSjG6MxliQxOTICsYQAgHftOoYr1cLu2jrj6daAATI2MMDkkZBHUHH8xQAi3CMMgjGCScg4x1H1oAZp9/b6rYW97ZzR3NpcRrLDPC4dJEYZVlYEgggggg4INAFigAoAKACgAoAKACgAoAKAOF1j4PeEvFt/omq6npZvL/RpvtGmXM0syyWT/ALrJjywKZMEeQMA/N2dsgDdG+B3grw9pVrYadoUFrHaQS29rOjN9ptY5FdXWG4z5sWRI4Gxxt3HbigB+ifBfwj4c059O03TGtdMa8hvxYLdTm3ininSeIxRlysSrJGjbEAU4AIIoAst8JfC5Piwpp8kLeKgo1d4LyeJ7jClRhlcGP5SR8hXrQBj3v7O/w+1O4vJ73w5BdyXieXcCeWWRJB9qN2cozlcm4YyFsZJOCSOKAO60PRrTw5oun6Tp8XkWFhbx2tvFuLbI0UKq5YknAAGSSaAL1ABQAUAFABQAUAFABQAUAFABQAUAFABQAUAFABQAUAFABQAUAFABQAUAJuoFfWwbqAuAOaBi0AFABQAUAFABQAUAFABQAUAFABQByaS6/f6Wk1hPZf6RCjQTzRO/UZDsoZCQwK/LwRzyeldj+rNt6nn2xe2hXv8A/hODph+xHRV1EeWy/aVlMX3Y/MU7efvGXB9FTI5JEr6u90waxS2aNfTU8Qf27eG9fTv7H2D7MsMb/aC2TkuSduMbcYHr0xgxP2XKuS9zal7fm/ebG7WB1BQAUARiZec4XHXJppNkOaWjYvmqDjIz9aLMHOK6jftCEkBlJXBIz0H+Qfyos+qDnjrZiC6jP8QHtmnyvsQqsHrckVg6gggg9xSasap31Q6kMKACgAoA8ttfEXirw3YQWVxYJKIFENuLKwe4Msa+UiFmMyBGJlAwQANrMSEBau14eLfuzT+Vv8zzFi3b3qbXzv8AohsvxI15bS9mi02/ma0PMI8OTK8yllCmPdcBTkMGwSCAGyBg1Twm3vrXzGsZ/wBO39x0XhvVvEuvSasJVt9LWyvXtI/tWmyD7Qqqh81D5/KEsQD329jkDmqU+TlfNe6vp0v09TrpVOe6tazsbX2XX/8AoJ6b/wCC6T/4/WJuH2XX/wDoJ6b/AOC6T/4/QAfZdf8A+gnpv/guk/8Aj9AFQ+EoL+++26wUvbuPasfl+ZHCoDBlYRF2UOCPv9ccdK2hVnCPKmc86EJy5mMPw80JnspPs03m2f8AqZftMvmAbGQqW3bmUhjlWJBOGIyAar6xU7kfVqbdyS08CaPY209rBahLSaaO4aDcxVXRlZNoJ+VVKKQq4A7Dml7ed076r9RrDxSa6MSz+H2h6ejLb2rxhoEtm/fOxaNCxVSSckDew57YHQACvrFS/Nfrf8v8hfVafLym9a20dnbxwRLtijUIi+gAwBXO227s6klFJIlpDCgAoAKAPM/CfijTLvw1p3k+HJb1Ft1jeeJrMozL8j8mYc70IIPIIwQDTuKxb1Txfomj6ebzUPDcllatJFCJLp7KJGeWTZGoZpwuXchQM5JYAZJpDLNxr9hYxNJP4RuoYYwS8kos1RADzkmbA6Z/H3oA0YJre4hjlTwnOUkUOvy2vQ9P+WtAD/3P/QpT/wDfNr/8doAP3P8A0KU//fNr/wDHaAKP9la5dyXUmmzjw9aSW/lRWr28RkimyT5wKl0YEbV2kZ4JyOjaxnTS1WpjUhU5vdlobPh6x1eyN6dV1CO/864aWARxeX5EZxti77sYzu4znoKU3F25VYdNSSfO7mxiszQWgYUAFABQAUAFAHlFp+zT4R022uYrCbWLJrkYmki1KQlwZzPINrEqA7vLnao+WaRV2hsUAbCfA7wrH4Qm8MLb3C6JK0Tm2S4ZCrRtuRlkUh1ZWCsGDAhlBB9QDF0f9l34faBYvZ6fpc9pbM2Qkd3KNn7qSH5fm+U7JXG4YP3TnKqQAep2lstpbRQKSyxoEBbqQBigCagAoAKACgAoAKACgAoAKACgAoA4A/G3w0YfFjRTS3M3hm9isL+CFA0hlkKqixrnMjMzbFjHzuw2qrFk3AGndfEK3hj1VYdNv7y80ydreexhWMTFgYTlCzhGBjuIpAA+SG243gpQBZ1PxvbaJLdpf2V/AsLxokkVubhZQyFt48rcUQbWUtKEAKnnBBIBneHvizofivWb7TNLTUJ7mxnS3uGl0+eGNHaKOTG90A3ASoGT76kNuUbSaAJbn4o6Lptle3eoLe2FvZTtDcyPZySpbgCNvMleIOkaFJo5NzlQqFi23Y+0Ap3Hxj0Ox8R6zpN7Ff2R0y4W0a5e1MkU8zRW8gSMx7juxd26gOFLtIFTcQcAG34e8d6N4o1C9stPmuHuLOaaCTz7KeBHaKQxy+W8iKsoVxtLRlgMjnkZAOgoAKACgAoAKACgAoAKAK8thbTxSRSQRvHIwZ1ZQQxGME+p4H5UAO+xwbg3kpkcg7Rx824/qAfrQA06fatIZDbxNISGLlASSBgEnuQCRn3oAclnBHKJEhRHC7Qyrg444+nA/IUALHawxMGSJFIzghQMZOT+ZA/KgBPscGxl8lNrDDDb14xz+HFADxEinIUA8849eTQA+gAoAKACgAoAKACgAoAKACgAoAKACgAoAKACgAoAKACgAoAKACgAoAKACgAoAKACgAoAKACgAoAKACgAoAKACgAoAKACgAoAKACgAoAKACgAoAKACgAoAKACgAoAKACgAoAKACgAoAKACgAoAKACgAoAKACgAoAKACgAoAKACgAoAKACgAoAKACgAoAKACgAoAKACgAoAKACgAoAKACgAoAKACgAoAKACgAoAKACgAoAKACgAoAKACgAoAKACgAoAKACgAoAKACgAoAKACgAoAKACgAoAKACgAoAKACgAoAKACgAoAKACgAoAKACgAoAKACgAoAKACgAoAKACgAoAKACgAoAKACgAoAKACgAoAKACgAoAKACgAoAKACgAoAKACgAoAKACgAoAKACgAoAKACgAoAKACgAoAKACgAoAKACgAoAKACgAoA//9k=","timing":5285,"timestamp":8.650058478497999E12},{"data":"/9j/4AAQSkZJRgABAQAAAQABAAD/2wCEAAMCAgMCAgMDAwMEAwMEBQgFBQQEBQoHBwYIDAoMDAsKCwsNDhIQDQ4RDgsLEBYQERMUFRUVDA8XGBYUGBIUFRQBAwQEBQQFCQUFCRQNCw0UFBQUFBQUFBQUFBQUFBQUFBQUFBQUFBQUFBQUFBQUFBQUFBQUFBQUFBQUFBQUFBQUFP/AABEIANUAeAMBEQACEQEDEQH/xAGiAAABBQEBAQEBAQAAAAAAAAAAAQIDBAUGBwgJCgsQAAIBAwMCBAMFBQQEAAABfQECAwAEEQUSITFBBhNRYQcicRQygZGhCCNCscEVUtHwJDNicoIJChYXGBkaJSYnKCkqNDU2Nzg5OkNERUZHSElKU1RVVldYWVpjZGVmZ2hpanN0dXZ3eHl6g4SFhoeIiYqSk5SVlpeYmZqio6Slpqeoqaqys7S1tre4ubrCw8TFxsfIycrS09TV1tfY2drh4uPk5ebn6Onq8fLz9PX29/j5+gEAAwEBAQEBAQEBAQAAAAAAAAECAwQFBgcICQoLEQACAQIEBAMEBwUEBAABAncAAQIDEQQFITEGEkFRB2FxEyIygQgUQpGhscEJIzNS8BVictEKFiQ04SXxFxgZGiYnKCkqNTY3ODk6Q0RFRkdISUpTVFVWV1hZWmNkZWZnaGlqc3R1dnd4eXqCg4SFhoeIiYqSk5SVlpeYmZqio6Slpqeoqaqys7S1tre4ubrCw8TFxsfIycrS09TV1tfY2dri4+Tl5ufo6ery8/T19vf4+fr/2gAMAwEAAhEDEQA/APh3wzoB168ZWcxwRAF2HXnoB78H8qANnXvA0dlYvc2csjmIFnWUg5XuRgDpQBxtABQAUAFABQAUAFABQAUAFAGhoWktrWpR2ytsXBZ3xnaB/kD8aAOp1TwFBFYSSWs8pmjUttkwQ2BnAwOKAOGoA6Hwfr8WiXcq3CnyJsbpF5KEZxx6c0AbviDxnYy6dNBaMbh5kMZ+UqFBGCeQKAOCOSaADFABigAxQAYoAMUAGKADFABigAxQBreGNXTRdVSaVS0LKUfHUA9x+VAHX6n4205bKYW7tPMylVQIwwSO5IH6UAecgYAoA3vsEH/PMUAH2CD/AJ5igA+wQf8APMUAH2CD/nmKAD7BB/zzFAB9gg/55igA+wQf88xQAfYIP+eYoAPsEH/PMUAH2CD/AJ5igA+wQf8APMUAH2CD/nmKAD7BB/zzFAB9gg/55igA+wQf88xQBYoAKACgAoAKACgAoAKACgAoAKACgAoAKACgAoAKACgAoAKACgAoAKACgAoAKACgAoAKACgAoAKACgAoAKACgAoAKACgAoAKACgAoAKACgAoAKACgAoAKACgAoAKACgAoAKACgAoAKACgAoAKACgAoAKACgAoAKACgAoAKACgAoAKACgAoAKACgAoAKACgAoAKACgAoAKACgAoAKACgAoAKACgAoAKACgAoAKACgAoAKACgAoAKACgAoAKACgAoAKACgAoAKACgAoAKACgAoAKACgBUKh13DK55A9KAOjNh4P7a7rZ/7gsP/AMl0AH2Dwh/0HNb/APBND/8AJdAB9g8If9BzW/8AwTQ//JdAB9g8If8AQc1v/wAE0P8A8l0AH2Dwh/0HNb/8E0P/AMl0AH2Dwh/0HNb/APBND/8AJdAB9g8If9BzW/8AwTQ//JdAB9g8If8AQc1v/wAE0P8A8l0AH2Dwh/0HNb/8E0P/AMl0AH2Dwh/0HNb/APBND/8AJdAB9g8If9BzW/8AwTQ//JdAB9g8If8AQc1v/wAE0P8A8l0AAsPB/fXNb/8ABND/APJdAGDerbrdyraSSS2wYiOSaMRu69iyhmCk9cBjj1NAENABQAUAFABQAUAFABQAUAFABQAUAFABQAUAFABQAUAFABQAUAFABQAUAFABQAUAFABQAUAIeQe1ACfN7UAGG9qADDe1ABhvagAw3tQAYb2oAMN7UAGG9qADDe1ABhvagAw3tQAYb2oAPm9qAFGcc9aAFoA3tM8PW1/YQzvJMjODkIwx1PtQBa/4RO0/57XH/fS//E0AH/CJ2n/Pa4/76X/4mgDI1rTI9MljSF3bepJMmCf0AoA1z4TtP+es4+jLj+VAB/widp/z2uP++l/+JoAP+ETtP+e1x/30v/xNAHP6narY38tujMyJjBY88gH+tAFegAoAKACgAoAKACgDd0nxFb2NhFBJDMXTOSgXHX60AW/+EttP+eFz+S/40AH/AAltp/zwufyX/GgDH1zVI9TljeFHQKpGJAOv4GgDYHi20xzBcZ74C/40AH/CW2n/ADwufyX/ABoAP+EttP8Anhc/kv8AjQBgandJfahLcRqyo+MB8Z6Af0oArUAFABQAUAFABQAUAFABmgAzQAUAFABmgAzQAUAFABQAUAFABQAUAFABQAUAFABQAUAFABQAUAFABQAUAFABQAUAFABQAUAFABQAUAFABQAUAFABQAUAFABQAUAFABQAUAFABQAUAFABQAUAFABQAUAFABQAUAFABQAUAFABQAUAFABQAUAFABQAUAFABQAUAFABQAUAFABQAUAFABQAUAFABQAUAFABQAUAFABQAUAFABQAUAFABQAUAFABQAUAFABQAUAFABQAUAFABQAUAFABQAUAFABQAUAFABQAUAZP9sv/AM8l/OgA/tl/+eS/nQAf2y//ADyX86AD+2X/AOeS/nQAf2y//PJfzoAP7Zf/AJ5L+dAB/bL/APPJfzoAP7Zf/nkv50AH9sv/AM8l/OgA/tl/+eS/nQAf2y//ADyX86AD+2X/AOeS/nQAf2y//PJfzoAP7Zf/AJ5L+dAB/bL/APPJfzoAz6ACgAoAKACgAoAKACgAoAKACgAoAKACgAoA/wD/2Q==","timing":5945,"timestamp":8650059139098},{"data":"/9j/4AAQSkZJRgABAQAAAQABAAD/2wCEAAMCAgMCAgMDAwMEAwMEBQgFBQQEBQoHBwYIDAoMDAsKCwsNDhIQDQ4RDgsLEBYQERMUFRUVDA8XGBYUGBIUFRQBAwQEBQQFCQUFCRQNCw0UFBQUFBQUFBQUFBQUFBQUFBQUFBQUFBQUFBQUFBQUFBQUFBQUFBQUFBQUFBQUFBQUFP/AABEIANUAeAMBEQACEQEDEQH/xAGiAAABBQEBAQEBAQAAAAAAAAAAAQIDBAUGBwgJCgsQAAIBAwMCBAMFBQQEAAABfQECAwAEEQUSITFBBhNRYQcicRQygZGhCCNCscEVUtHwJDNicoIJChYXGBkaJSYnKCkqNDU2Nzg5OkNERUZHSElKU1RVVldYWVpjZGVmZ2hpanN0dXZ3eHl6g4SFhoeIiYqSk5SVlpeYmZqio6Slpqeoqaqys7S1tre4ubrCw8TFxsfIycrS09TV1tfY2drh4uPk5ebn6Onq8fLz9PX29/j5+gEAAwEBAQEBAQEBAQAAAAAAAAECAwQFBgcICQoLEQACAQIEBAMEBwUEBAABAncAAQIDEQQFITEGEkFRB2FxEyIygQgUQpGhscEJIzNS8BVictEKFiQ04SXxFxgZGiYnKCkqNTY3ODk6Q0RFRkdISUpTVFVWV1hZWmNkZWZnaGlqc3R1dnd4eXqCg4SFhoeIiYqSk5SVlpeYmZqio6Slpqeoqaqys7S1tre4ubrCw8TFxsfIycrS09TV1tfY2dri4+Tl5ufo6ery8/T19vf4+fr/2gAMAwEAAhEDEQA/APgL9KAL2qaDqeiLE1/p1zZpI5jDTRkDdgnGemcAn8KAKNABQB0Wm/DzxFrPh2PW9P0m4v8AT5Ls2KNagSuZgYQV8tSXAzcQKGK7S0qKCWOKAJYvhh4sn0e41WPQL19Pt7Sa+lnEfypDFOlvKx7/ACSyIrDqu9SRg5oArSeAPE0M1rG2gah5l3dy2FtEsDGWW5iVDNCIwN29PNjyMZG6gCa1+G3iq+0zT9QtfDup3dpqBuPsr29q0hmEG3zmCqCdq7wC2MZDDOVbABn3/hbWNLsftl3pd5b2vmPC07wkIkisUaNz/C4YYKnB6eooAuz/AA68V215NaTeGNZiuoXijlgfT5Q8bSttiVlK5BcghQfvEYGaAII/BeuM92j6VdW72v2gSi5j8na0ADTp8+PnQMpZRyMjI5FAGLQAUAFABQAY9qAOq8VfFDxZ4206Kw13X9Q1SzilEyQXVw8iK4DAEBiccO350Acrg0AGDQB2+g/FnVvD3glvCsFlYTaVNePcXYmSQveRO1q72shDjETPZW7ZQLICnDgHFAHQW37Sfiyy0DUdHt4rGO21Bt93IwmkmmZLtry3YyPKx3QzvI6kcvvIlMoAAAOWuPiTf3njCPXrmw0+5iitWsYNIlRzZQWxthbCJF37xiMLiTf5hZd5csSxAOt+I/7TPi34nnVX1O3021m1OSWW6lsI5Y2cubcADMh2hI7S3iXbj5Y8tudmdgClrn7QXibxB4X1jQbm300WWqtdNcOkLiTM95a3bkEuRkSWcYGQflZ85JDAA6zxP+194g1vx/ceJ7Hw3oembdW/tSwtnjkme1H9pHUWieXepmDz7WfcMDB8oQh2UgHAt8ZvEMvhqx0OUW0lpZ6fLpkbFXUm3cSbVYBgrMjXF0yuV3A3EgJK7VUA4PHtQAYNABg0AGKAN46bATnyxQAn9mwf881oAP7Ng/55rQAf2bB/zzWgA/s2D/nmtAB/ZsH/ADzWgA/s2D/nmtAB/ZsH/PNaAD+zYP8AnmtAB/ZsH/PNaAD+zYP+ea0AH9mwf881oAP7Ng/55rQAf2bB/wA81oABptvn/VigC3QAUAFABQAUAFABQAUAFABQAUAFABQAUAFABQAUAFABQAUAFABQAUAFABQAUAFABQAUAFABQAUAFABQAUAFABQAUAFABQAUAFABQAUAFABQAUAFABQAUAFABQAUAFABQAUAFABQAUAFABQAUAFABQAUAFABQAUAFABQAUAFABQAUAFABQAUAFABQAUAFABQAUAFABQAUAFABQAUAFABQAUAFABQAUAFABQAUAFABQAUAFABQAUAFABQAUAFABQAUAFABQAUAFABQAUAFABQAUAFABQAUAFAHW6N8L9b8Q6XDeaatveNKkbpapMBMwaS4T5VONxBtpCQpJwQcYDFQCppvgHWNYeySyhjuJbyc20EYlCs8oUMV+bG35WQ5OANwyRzgAYngq9+0xRzz2lpC00kMlzNNiOEoQHLkAkAZzwDnHGTgEAwCMGgAoAKACgDU8K+Hrjxb4m0nQ7R4orrUruKzieYkIryOFUsQCcZIzgE47GgDuvif8DLr4c6BBrcOrwaxpT6hNpUkiqsciXMTOG+VXcFG8tipyGxjcq5FAHmNABQAUAFABQAUATwtahcyxTSOepWYKPy2n+dAD/Msf8An3uP/Ahf/iKADzLH/n3uP/Ahf/iKADzLH/n3uP8AwIX/AOIoAPMsf+fe4/8AAhf/AIigA8yx/wCfe4/8CF/+IoAPMsf+fe4/8CF/+IoAmtL+3sLuG5tkvLe4gdZYpoboI6OpyrKwTIIIBBFAGn4i8a3XilIV1BppFhLvHFGYoYhI2N8hSOJVLsQu5iNzYGScUAc5QAUAFABQAUAFABQAUAFABQAUAFABQAenvxQAgORxQAtABQAUAFABQAUAdhCvg+78LW0LyyWuuJbXEsk4Emxpcv5MR4cNnEZ4WNVG/LsWAQAs6rpHgRrCVtO128+2h5GhUxGSJkDvsVsqpy0YjIZSRuZgwTAJALkdr8PNOs724D3es3cUcEkVkbmRFmY3Q82NX+zIUIgQ/M4x+9OASnIB51QAUAFABQBseDNJtdf8YaHpd7ObWyvr6C2nnVgDHG8iqzZPHAJPPFAHr/7Unwx8JfD+Xw5ceFndBem6intWuIphGsbr5bAx9ismAWyzBAW+ctkA8IoAKACgAoAKACgBSzMqjJAHpQAmG9W/M0AGG9W/M0AByO7fmaADk92/M0AGG9W/M0AGG9W/M0AHI7t+ZoAQ5P8AE3fv7UALQAUAFABQAUAFAFDVbqS2EflttyTnigDW8OeC/FXi5NLbSLQ3f9o3j2FuPNiTzJlMClBuYYJa6gAJwCXGCcHABpN8KPHiWqzyaUyJ5d/MxM8R2pZLuuSQGJGza4PrgYyeKAOPsb+ea6jR3ypzkYHoaAJtUupbeSMRvtBBzwKAN9PAHi19B0fVzbxxWGsru06aa5hjFwfPe3wNzDpLGynOAuULEB1JAMzWND13QnmS8UQywxJM6M8ZOxmwCMMc9VOByM84oAoadezT3G133Lg9qANSgAoAKACgAoAKACgClqVm92E2Y+XPU0APs73XtP06TT7XVbq30+R2le0iuXWF3MbRsxQHBJjd0JI5ViOhIoAfJqfiGZUWTWL2QJG0KbrqQ7EaIQsq88AxKsZA/gAXpxQBRs9OlguUdiu0Z6H2NAE2pWUl06FCvygg5NAF7T9f8U6RYTWNj4g1Kysprc2kttbX0scckBZ2MTKCAULSSHaeMuxx8xyAQapqPiDXM/2lq13qJIYZu7l5eDI0jD5ieC7s59WYnqc0AVbCwltp97lcYI4NAGlQAUAFABQAUAFABQAUAFABQAUAFABQAUAFABQAUAFABQAUAFABQAUAFABQAUAFABQAUAFABQAUAFABQAUAFABQAUAFABQAUAFABQAUAFABQAUAFABQAUAFABQAUAFABQAUAFABQAUAFABQAUAFABQAUAFABQAUAFABQAUAFABQAUAFABQAUAFABQAUAFABQAUAFABQAUAFABQAUAFABQAUAFABQAUAFABQAUAFABQAUAFABQAUAFABQAUAFABQBFDaa3cXNvbxaLeS3FyI2ghjt3Z5Q5AQqoGWDEgDHXNAFjU9E8SaLIkeo+HtQsJHhFwsd1aSRsYi/liQBgDtL/ID03AjrxQBWlttZhurm1k0e7S6tTKJ4DA4kiMYcy7lxkbBHJuz02NnGDQA6Wx12GJpX0O9WJYUuGkNtJtETSCNZM4xtLsEDdCxA6mgCiNQuiHP2U/IcNwfl4J5/AE/QZoAWe+u7YZltGjGSMspAyCQf1Vh9QfSgCH+2n/55r+dAB/bT/8APNfzoAP7af8A55r+dAB/bT/881/OgA/tp/8Anmv50AH9tP8A881/OgA/tp/+ea/nQAf20/8AzzX86AD+2n/55r+dAF+/+Imv6lq0d9e3cV9e26RwJcXNpDI4WMoyHJT7w2Iu7qUXYSU+WgB2r+Pdc1e2s9PvrxLm1stscKG3iXaBLcTAAqoOPMup2I6HeBjCoFAIbTxrrGnzWuoW935UpEsUSiJNsSyIUcBdu0ArxhQAO3ODQBpW3xS8WDUpb9dalN49pLpyyyRI/k28iMjRxKVxCu2RwBGF2hjt25oAp6L8UPEWm395c298DcXlvBaXLXMMc4mhtzFJDGyupBANvEMEEEAhgQSCAUb/AMQ6neacdOuLrzbMXb3Rj2KMzFVVnzjPIA4zjj1NAGXQAUAFABQAUAFABQAUAFAH/9k=","timing":6606,"timestamp":8650059799698}]}},"meta-viewport":{"displayValue":"","score":false,"helpText":"Disabling zooming is problematic for users with low vision who rely on screen magnification to properly see the contents of a web page. [Learn more](https://dequeuniversity.com/rules/axe/2.2/meta-viewport?application=lighthouse).","rawValue":false,"extendedInfo":{"value":{"help":"Zooming and scaling must not be disabled","nodes":[{"failureSummary":"Fix any of the following:\n  <meta> tag disables zooming on mobile devices","snippet":"<meta name=\"viewport\" content=\"width=device-width,initial-scale=1,maximum-scale=1,minimum-scale=1,user-scalable=no\">","path":"1,HTML,1,HEAD,1,META","impact":"critical","html":"<meta name=\"viewport\" content=\"width=device-width,initial-scale=1,maximum-scale=1,minimum-scale=1,user-scalable=no\">","target":["meta[name=\"viewport\"]"]}],"impact":"critical","description":"Ensures <meta name=\"viewport\"> does not disable text scaling and zooming","helpUrl":"https://dequeuniversity.com/rules/axe/3.0/meta-viewport?application=axeAPI","id":"meta-viewport","tags":["cat.sensory-and-visual-cues","wcag2aa","wcag144"]}},"name":"meta-viewport","description":"`[user-scalable=\"no\"]` is used in the `<meta name=\"viewport\">` element or the `[maximum-scale]` attribute is less than 5.","scoringMode":"binary","details":{"header":{"text":"View failing elements","type":"text"},"type":"list","items":[{"snippet":"<meta name=\"viewport\" content=\"width=device-width,initial-scale=1,maximum-scale=1,minimum-scale=1,user-scalable=no\">","path":"1,HTML,1,HEAD,1,META","selector":"meta[name=\"viewport\"]","type":"node"}]}},"visual-order-follows-dom":{"displayValue":"","score":false,"helpText":"DOM order matches the visual order, improving navigation for assistive technology. [Learn more](https://developers.google.com/web/fundamentals/accessibility/how-to-review#try_it_with_a_screen_reader).","rawValue":false,"name":"visual-order-follows-dom","description":"Visual order on the page follows DOM order","scoringMode":"binary","informative":true,"manual":true},"works-offline":{"displayValue":"","score":false,"helpText":"If you're building a Progressive Web App, consider using a service worker so that your app can work offline. [Learn more](https://developers.google.com/web/tools/lighthouse/audits/http-200-when-offline).","rawValue":false,"name":"works-offline","description":"Does not respond with a 200 when offline","scoringMode":"binary"},"definition-list":{"displayValue":"","score":false,"helpText":"When definition lists are not properly marked up, screen readers may produce confusing or inaccurate output. [Learn more](https://dequeuniversity.com/rules/axe/2.2/definition-list?application=lighthouse).","rawValue":false,"name":"definition-list","description":"`<dl>`'s do not contain only properly-ordered `<dt>` and `<dd>` groups, `<script>` or `<template>` elements.","scoringMode":"binary","informative":true,"notApplicable":true},"password-inputs-can-be-pasted-into":{"displayValue":"","score":true,"helpText":"Preventing password pasting undermines good security policy. [Learn more](https://www.ncsc.gov.uk/blog-post/let-them-paste-passwords)","rawValue":true,"extendedInfo":{"value":[]},"name":"password-inputs-can-be-pasted-into","description":"Allows users to paste into password fields","scoringMode":"binary","details":{"header":{"text":"Password inputs that prevent pasting into","type":"text"},"type":"list","items":[]}},"html-lang-valid":{"displayValue":"","score":false,"helpText":"Specifying a valid [BCP 47 language](https://www.w3.org/International/questions/qa-choosing-language-tags#question) helps screen readers announce text properly. [Learn more](https://dequeuniversity.com/rules/axe/2.2/valid-lang?application=lighthouse).","rawValue":false,"name":"html-lang-valid","description":"`<html>` element does not have a valid value for its `[lang]` attribute.","scoringMode":"binary","informative":true,"notApplicable":true},"splash-screen":{"displayValue":"","score":false,"debugString":"Failures: No manifest was fetched.","helpText":"A themed splash screen ensures a high-quality experience when users launch your app from their homescreens. [Learn more](https://developers.google.com/web/tools/lighthouse/audits/custom-splash-screen).","rawValue":false,"extendedInfo":{"value":{"failures":["No manifest was fetched"],"manifestValues":{"parseFailureReason":"No manifest was fetched","allChecks":[],"isParseFailure":true}}},"name":"splash-screen","description":"Is not configured for a custom splash screen","scoringMode":"binary"},"label":{"displayValue":"","score":true,"helpText":"Labels ensure that form controls are announced properly by assistive technologies, like screen readers. [Learn more](https://dequeuniversity.com/rules/axe/2.2/label?application=lighthouse).","rawValue":true,"extendedInfo":{},"name":"label","description":"Form elements have associated labels","scoringMode":"binary","details":{"header":{"text":"View failing elements","type":"text"},"type":"list","items":[]}},"uses-webp-images":{"displayValue":"","score":100,"helpText":"Image formats like JPEG 2000, JPEG XR, and WebP often provide better compression than PNG or JPEG, which means faster downloads and less data consumption. [Learn more](https://developers.google.com/web/tools/lighthouse/audits/webp).","rawValue":0,"extendedInfo":{"value":{"wastedKb":0,"wastedMs":0,"results":[]}},"name":"uses-webp-images","description":"Serve images in next-gen formats","scoringMode":"binary","informative":true,"details":{"itemHeaders":[{"itemType":"thumbnail","text":"","type":"text"},{"itemType":"url","text":"URL","type":"text"},{"itemType":"text","text":"Original","type":"text"},{"itemType":"text","text":"Potential Savings","type":"text"}],"header":"View Details","type":"table","items":[]}},"speed-index-metric":{"displayValue":"5,723","score":48,"helpText":"Speed Index shows how quickly the contents of a page are visibly populated. [Learn more](https://developers.google.com/web/tools/lighthouse/audits/speed-index).","rawValue":5723,"extendedInfo":{"value":{"frames":[{"progress":0,"timestamp":8.650053193698E9},{"progress":0,"timestamp":8.650053950668E9},{"progress":0,"timestamp":8.650057717184E9},{"progress":78.47020210836772,"timestamp":8.650058783808E9},{"progress":79.55400014666994,"timestamp":8.650058883804E9},{"progress":84.25733274045653,"timestamp":8.65005906713E9},{"progress":90.99914379891193,"timestamp":8.650059217124E9},{"progress":92.49290629372531,"timestamp":8.65005965044E9},{"progress":100.00000000000001,"timestamp":8.650059800434E9}],"timestamps":{"firstVisualChange":8650058783698,"perceptualSpeedIndex":8.650058916695168E12,"visuallyComplete":8650059799698,"visuallyReady":8.650059217124001E12},"timings":{"firstVisualChange":5590,"perceptualSpeedIndex":5722.997167414955,"visuallyComplete":6606,"visuallyReady":6023.426000595093}}},"name":"speed-index-metric","description":"Perceptual Speed Index","scoringMode":"numeric"},"bypass":{"displayValue":"","score":true,"helpText":"Adding ways to bypass repetitive content lets keyboard users navigate the page more efficiently. [Learn more](https://dequeuniversity.com/rules/axe/2.2/bypass?application=lighthouse).","rawValue":true,"extendedInfo":{},"name":"bypass","description":"The page contains a heading, skip link, or landmark region","scoringMode":"binary","details":{"header":{"text":"View failing elements","type":"text"},"type":"list","items":[]}},"http-status-code":{"displayValue":"","score":null,"debugString":"Audit error: Unable to identify the main resource","helpText":"Pages with unsuccessful HTTP status codes may not be indexed properly. [Learn more](https://developers.google.com/web/tools/lighthouse/audits/successful-http-code).","rawValue":null,"name":"http-status-code","description":"Page has unsuccessful HTTP status code","scoringMode":"binary","error":true},"viewport":{"displayValue":"","score":true,"debugString":"","helpText":"Add a viewport meta tag to optimize your app for mobile screens. [Learn more](https://developers.google.com/web/tools/lighthouse/audits/has-viewport-meta-tag).","rawValue":true,"name":"viewport","description":"Has a `<meta name=\"viewport\">` tag with `width` or `initial-scale`","scoringMode":"binary"},"estimated-input-latency":{"displayValue":"50 ms","score":95,"helpText":"The score above is an estimate of how long your app takes to respond to user input, in milliseconds. There is a 90% probability that a user encounters this amount of latency, or less. 10% of the time a user can expect additional latency. If your latency is higher than 50 ms, users may perceive your app as laggy. [Learn more](https://developers.google.com/web/tools/lighthouse/audits/estimated-input-latency).","rawValue":49.8,"extendedInfo":{"value":[{"percentile":0.5,"time":16},{"percentile":0.75,"time":16},{"percentile":0.9,"time":49.84405833333335},{"percentile":0.99,"time":161.88252333333307},{"percentile":1,"time":209.04299999999876}]},"name":"estimated-input-latency","description":"Estimated Input Latency","scoringMode":"numeric"},"redirects":{"displayValue":"","score":null,"debugString":"Audit error: Unable to identify the main resource","helpText":"Redirects introduce additional delays before the page can be loaded. [Learn more](https://developers.google.com/speed/docs/insights/AvoidRedirects).","rawValue":null,"name":"redirects","description":"Has multiple page redirects","scoringMode":"binary","error":true},"load-fast-enough-for-pwa":{"displayValue":"","score":true,"helpText":"A fast page load over a 3G network ensures a good mobile user experience. [Learn more](https://developers.google.com/web/tools/lighthouse/audits/fast-3g).","rawValue":true,"extendedInfo":{"value":{"isFast":true,"timeToFirstInteractive":6460.149,"firstRequestLatencies":[{"latency":"566.29","url":"http://web/"},{"latency":"579.72","url":"https://cdnjs.cloudflare.com/ajax/libs/Chart.js/2.7.1/Chart.min.js"},{"latency":"571.48","url":"https://unpkg.com/vue-chartjs/dist/vue-chartjs.min.js"},{"latency":"578.93","url":"https://fonts.gstatic.com/s/roboto/v18/KFOmCnqEu92Fr1Mu4mxK.woff2"}],"areLatenciesAll3G":true}},"name":"load-fast-enough-for-pwa","description":"Page load is fast enough on 3G","scoringMode":"binary"},"font-display":{"displayValue":"","score":false,"helpText":"Leverage the font-display CSS feature to ensure text is user-visible while webfonts are loading. [Learn more](https://developers.google.com/web/updates/2016/02/font-display).","rawValue":false,"name":"font-display","description":"Avoid invisible text while webfonts are loading","scoringMode":"binary","details":{"itemHeaders":[{"itemType":"url","text":"Font URL","type":"text"},{"itemType":"text","text":"Font download time","type":"text"}],"header":"View Details","type":"table","items":[[{"text":"https://fonts.gstatic.com/s/roboto/v18/KFOmCnqEu92Fr1Mu4mxK.woff2","type":"url"},{"text":"884 ms","type":"text"}],[{"text":"https://fonts.gstatic.com/s/materialicons/v37/flUhRq6tzZclQEJ-Vdg-IuiaDsNc.woff2","type":"url"},{"text":"1,066 ms","type":"text"}],[{"text":"https://fonts.gstatic.com/s/roboto/v18/KFOlCnqEu92Fr1MmEU9fBBc4.woff2","type":"url"},{"text":"875 ms","type":"text"}]]}},"layout-table":{"displayValue":"","score":false,"helpText":"A table being used for layout purposes should not include data elements, such as the th or caption elements or the summary attribute, because this can create a confusing experience for screen reader users. [Learn more](https://dequeuniversity.com/rules/axe/2.2/layout-table?application=lighthouse).","rawValue":false,"name":"layout-table","description":"Presentational `<table>` elements do not avoid using `<th>`, `<caption>` or the `[summary]` attribute.","scoringMode":"binary","informative":true,"notApplicable":true}},"url":"http://web/#/"}
61.94117647058823
The variable of type Double with the value 61.94117647058823 is not LOWER_THAN 5.94117647058823
]]></system-out>
    </rerunFailure>
    <rerunFailure message="expected:&lt;true&gt; but was:&lt;false&gt;" type="java.lang.AssertionError"><![CDATA[java.lang.AssertionError: expected:<true> but was:<false>
	at org.junit.Assert.fail(Assert.java:88)
	at org.junit.Assert.failNotEquals(Assert.java:834)
	at org.junit.Assert.assertEquals(Assert.java:118)
	at org.junit.Assert.assertEquals(Assert.java:144)
	at io.jenkins.plugins.sample.LighthousePluginTest.Test_PositiveGreaterThan(LighthousePluginTest.java:80)
	at sun.reflect.NativeMethodAccessorImpl.invoke0(Native Method)
	at sun.reflect.NativeMethodAccessorImpl.invoke(NativeMethodAccessorImpl.java:62)
	at sun.reflect.DelegatingMethodAccessorImpl.invoke(DelegatingMethodAccessorImpl.java:43)
	at java.lang.reflect.Method.invoke(Method.java:498)
	at org.junit.runners.model.FrameworkMethod$1.runReflectiveCall(FrameworkMethod.java:50)
	at org.junit.internal.runners.model.ReflectiveCallable.run(ReflectiveCallable.java:12)
	at org.junit.runners.model.FrameworkMethod.invokeExplosively(FrameworkMethod.java:47)
	at org.junit.internal.runners.statements.InvokeMethod.evaluate(InvokeMethod.java:17)
	at org.junit.runners.ParentRunner.runLeaf(ParentRunner.java:325)
	at org.junit.runners.BlockJUnit4ClassRunner.runChild(BlockJUnit4ClassRunner.java:78)
	at org.junit.runners.BlockJUnit4ClassRunner.runChild(BlockJUnit4ClassRunner.java:57)
	at org.junit.runners.ParentRunner$3.run(ParentRunner.java:290)
	at org.junit.runners.ParentRunner$1.schedule(ParentRunner.java:71)
	at org.junit.runners.ParentRunner.runChildren(ParentRunner.java:288)
	at org.junit.runners.ParentRunner.access$000(ParentRunner.java:58)
	at org.junit.runners.ParentRunner$2.evaluate(ParentRunner.java:268)
	at org.junit.runners.ParentRunner.run(ParentRunner.java:363)
	at org.apache.maven.surefire.junit4.JUnit4Provider.executeFailedMethod(JUnit4Provider.java:379)
	at org.apache.maven.surefire.junit4.JUnit4Provider.executeWithRerun(JUnit4Provider.java:290)
	at org.apache.maven.surefire.junit4.JUnit4Provider.executeTestSet(JUnit4Provider.java:236)
	at org.apache.maven.surefire.junit4.JUnit4Provider.invoke(JUnit4Provider.java:159)
	at org.apache.maven.surefire.booter.ForkedBooter.invokeProviderInSameClassLoader(ForkedBooter.java:386)
	at org.apache.maven.surefire.booter.ForkedBooter.runSuitesInProcess(ForkedBooter.java:323)
	at org.apache.maven.surefire.booter.ForkedBooter.main(ForkedBooter.java:143)
]]>
      <system-out><![CDATA[{"initialUrl":"http://web:80/#/","generatedTime":"2018-06-24T16:18:28.384Z","score":30,"reportCategories":[{"score":61.94117647058823,"name":"Performance","description":"These encapsulate your web app's current performance and opportunities to improve it.","id":"performance","audits":[{"result":{"displayValue":"4,520 ms","score":40,"helpText":"First meaningful paint measures when the primary content of a page is visible. [Learn more](https://developers.google.com/web/tools/lighthouse/audits/first-meaningful-paint).","rawValue":4521.8,"extendedInfo":{"value":{"timestamps":{"fCP":8650057715484,"endOfTrace":8650064967436,"fMP":8650057715493,"onLoad":8650058566647,"navStart":8650053193698},"fmpFellBack":false,"timings":{"fCP":4521.786,"endOfTrace":11773.738,"fMP":4521.795,"onLoad":5372.949,"navStart":0}}},"name":"first-meaningful-paint","description":"First meaningful paint","scoringMode":"numeric"},"score":40,"weight":5,"id":"first-meaningful-paint","group":"perf-metric"},{"result":{"displayValue":"6,460 ms","score":71,"helpText":"First Interactive marks the time at which the page is minimally interactive. [Learn more](https://developers.google.com/web/tools/lighthouse/audits/first-interactive).","rawValue":6460.149,"extendedInfo":{"value":{"timeInMs":6460.149,"timestamp":8650059653847}},"name":"first-interactive","description":"First Interactive (beta)","scoringMode":"numeric"},"score":71,"weight":5,"id":"first-interactive","group":"perf-metric"},{"result":{"displayValue":"6,460 ms","score":71,"helpText":"Consistently Interactive marks the time at which the page is fully interactive. [Learn more](https://developers.google.com/web/tools/lighthouse/audits/consistently-interactive).","rawValue":6460.149,"extendedInfo":{"value":{"timeInMs":6460.149,"cpuQuietPeriod":{"start":8.650059653847E9,"end":8.650064967436E9},"networkQuietPeriods":[{"start":8.650059532223999E9,"end":8.650064967436E9}],"networkQuietPeriod":{"start":8.650059532223999E9,"end":8.650064967436E9},"cpuQuietPeriods":[{"start":8.650059653847E9,"end":8.650064967436E9}],"timestamp":8650059653847}},"name":"consistently-interactive","description":"Consistently Interactive (beta)","scoringMode":"numeric"},"score":71,"weight":5,"id":"consistently-interactive","group":"perf-metric"},{"result":{"displayValue":"5,723","score":48,"helpText":"Speed Index shows how quickly the contents of a page are visibly populated. [Learn more](https://developers.google.com/web/tools/lighthouse/audits/speed-index).","rawValue":5723,"extendedInfo":{"value":{"frames":[{"progress":0,"timestamp":8.650053193698E9},{"progress":0,"timestamp":8.650053950668E9},{"progress":0,"timestamp":8.650057717184E9},{"progress":78.47020210836772,"timestamp":8.650058783808E9},{"progress":79.55400014666994,"timestamp":8.650058883804E9},{"progress":84.25733274045653,"timestamp":8.65005906713E9},{"progress":90.99914379891193,"timestamp":8.650059217124E9},{"progress":92.49290629372531,"timestamp":8.65005965044E9},{"progress":100.00000000000001,"timestamp":8.650059800434E9}],"timestamps":{"firstVisualChange":8650058783698,"perceptualSpeedIndex":8.650058916695168E12,"visuallyComplete":8650059799698,"visuallyReady":8.650059217124001E12},"timings":{"firstVisualChange":5590,"perceptualSpeedIndex":5722.997167414955,"visuallyComplete":6606,"visuallyReady":6023.426000595093}}},"name":"speed-index-metric","description":"Perceptual Speed Index","scoringMode":"numeric"},"score":48,"weight":1,"id":"speed-index-metric","group":"perf-metric"},{"result":{"displayValue":"50 ms","score":95,"helpText":"The score above is an estimate of how long your app takes to respond to user input, in milliseconds. There is a 90% probability that a user encounters this amount of latency, or less. 10% of the time a user can expect additional latency. If your latency is higher than 50 ms, users may perceive your app as laggy. [Learn more](https://developers.google.com/web/tools/lighthouse/audits/estimated-input-latency).","rawValue":49.8,"extendedInfo":{"value":[{"percentile":0.5,"time":16},{"percentile":0.75,"time":16},{"percentile":0.9,"time":49.84405833333335},{"percentile":0.99,"time":161.88252333333307},{"percentile":1,"time":209.04299999999876}]},"name":"estimated-input-latency","description":"Estimated Input Latency","scoringMode":"numeric"},"score":95,"weight":1,"id":"estimated-input-latency","group":"perf-metric"},{"result":{"displayValue":"","score":100,"helpText":"External stylesheets are blocking the first paint of your page. Consider delivering critical CSS via `<style>` tags and deferring non-critical styles. [Learn more](https://developers.google.com/web/tools/lighthouse/audits/blocking-resources).","rawValue":0,"extendedInfo":{"value":{"wastedMs":"0 ms","results":[]}},"name":"link-blocking-first-paint","description":"Reduce render-blocking stylesheets","scoringMode":"binary","informative":true,"details":{"itemHeaders":[{"itemType":"url","text":"URL","type":"text"},{"itemType":"text","text":"Size (KB)","type":"text"},{"itemType":"text","text":"Delayed Paint By (ms)","type":"text"}],"header":"View Details","type":"table","items":[]}},"score":100,"weight":0,"id":"link-blocking-first-paint","group":"perf-hint"},{"result":{"displayValue":"","score":100,"helpText":"Script elements are blocking the first paint of your page. Consider inlining critical scripts and deferring non-critical ones. [Learn more](https://developers.google.com/web/tools/lighthouse/audits/blocking-resources).","rawValue":0,"extendedInfo":{"value":{"wastedMs":"0 ms","results":[]}},"name":"script-blocking-first-paint","description":"Reduce render-blocking scripts","scoringMode":"binary","informative":true,"details":{"itemHeaders":[{"itemType":"url","text":"URL","type":"text"},{"itemType":"text","text":"Size (KB)","type":"text"},{"itemType":"text","text":"Delayed Paint By (ms)","type":"text"}],"header":"View Details","type":"table","items":[]}},"score":100,"weight":0,"id":"script-blocking-first-paint","group":"perf-hint"},{"result":{"displayValue":"","score":100,"helpText":"Serve images that are appropriately-sized to save cellular data and improve load time. [Learn more](https://developers.google.com/web/tools/lighthouse/audits/oversized-images).","rawValue":0,"extendedInfo":{"value":{"wastedKb":0,"wastedMs":0,"results":[]}},"name":"uses-responsive-images","description":"Properly size images","scoringMode":"binary","informative":true,"details":{"itemHeaders":[{"itemType":"thumbnail","text":"","type":"text"},{"itemType":"url","text":"URL","type":"text"},{"itemType":"text","text":"Original","type":"text"},{"itemType":"text","text":"Potential Savings","type":"text"}],"header":"View Details","type":"table","items":[]}},"score":100,"weight":0,"id":"uses-responsive-images","group":"perf-hint"},{"result":{"displayValue":"","score":100,"helpText":"Consider lazy-loading offscreen and hidden images to improve page load speed and time to interactive. [Learn more](https://developers.google.com/web/tools/lighthouse/audits/offscreen-images).","rawValue":0,"extendedInfo":{"value":{"wastedKb":0,"wastedMs":0,"results":[]}},"name":"offscreen-images","description":"Offscreen images","scoringMode":"binary","informative":true,"details":{"itemHeaders":[{"itemType":"thumbnail","text":"","type":"text"},{"itemType":"url","text":"URL","type":"text"},{"itemType":"text","text":"Original","type":"text"},{"itemType":"text","text":"Potential Savings","type":"text"}],"header":"View Details","type":"table","items":[]}},"score":100,"weight":0,"id":"offscreen-images","group":"perf-hint"},{"result":{"displayValue":"","score":100,"helpText":"Minifying CSS files can reduce network payload sizes. [Learn more](https://developers.google.com/speed/docs/insights/MinifyResources).","rawValue":0,"extendedInfo":{"value":{"wastedKb":0,"wastedMs":0,"results":[]}},"name":"unminified-css","description":"Minify CSS","scoringMode":"binary","informative":true,"details":{"itemHeaders":[{"itemType":"url","text":"URL","type":"text"},{"itemType":"text","text":"Original","type":"text"},{"itemType":"text","text":"Potential Savings","type":"text"}],"header":"View Details","type":"table","items":[]}},"score":100,"weight":0,"id":"unminified-css","group":"perf-hint"},{"result":{"displayValue":"","score":100,"helpText":"Minifying JavaScript files can reduce payload sizes and script parse time. [Learn more](https://developers.google.com/speed/docs/insights/MinifyResources).","rawValue":0,"extendedInfo":{"value":{"wastedKb":0,"wastedMs":0,"results":[]}},"name":"unminified-javascript","description":"Minify JavaScript","scoringMode":"binary","informative":true,"details":{"itemHeaders":[{"itemType":"url","text":"URL","type":"text"},{"itemType":"text","text":"Original","type":"text"},{"itemType":"text","text":"Potential Savings","type":"text"}],"header":"View Details","type":"table","items":[]}},"score":100,"weight":0,"id":"unminified-javascript","group":"perf-hint"},{"result":{"displayValue":"Potential savings of 35 KB (~190 ms)","score":90,"helpText":"Remove unused rules from stylesheets to reduce unnecessary bytes consumed by network activity. [Learn more](https://developers.google.com/speed/docs/insights/OptimizeCSSDelivery)","rawValue":190,"extendedInfo":{"value":{"wastedKb":35,"wastedMs":190,"results":[{"wastedKb":"29 KB","totalKb":"32 KB","wastedMs":"160 ms","totalMs":"170 ms","potentialSavings":"29 KB (93%)","totalBytes":32261,"wastedPercent":92.80281987684556,"wastedBytes":29939,"url":"http://web/static/css/app.a1bcfeb0daa2a3f727390086fd42ee9d.css"},{"wastedKb":"5 KB","totalKb":"6 KB","wastedMs":"30 ms","totalMs":"30 ms","potentialSavings":"5 KB (98%)","totalBytes":5722,"wastedPercent":98.2698357217756,"wastedBytes":5623,"url":{"text":"a { color: #1976d2; } ...","type":"code"}}]}},"name":"unused-css-rules","description":"Unused CSS rules","scoringMode":"binary","informative":true,"details":{"itemHeaders":[{"itemType":"url","text":"URL","type":"text"},{"itemType":"text","text":"Original","type":"text"},{"itemType":"text","text":"Potential Savings","type":"text"}],"header":"View Details","type":"table","items":[[{"text":"http://web/static/css/app.a1bcfeb0daa2a3f727390086fd42ee9d.css","type":"url"},{"text":"32 KB","type":"text"},{"text":"29 KB (93%)","type":"text"}],[{"text":"a { color: #1976d2; } ...","type":"code"},{"text":"6 KB","type":"text"},{"text":"5 KB (98%)","type":"text"}]]}},"score":90,"weight":0,"id":"unused-css-rules","group":"perf-hint"},{"result":{"displayValue":"","score":100,"helpText":"Optimized images load faster and consume less cellular data. [Learn more](https://developers.google.com/web/tools/lighthouse/audits/optimize-images).","rawValue":0,"extendedInfo":{"value":{"wastedKb":0,"wastedMs":0,"results":[]}},"name":"uses-optimized-images","description":"Optimize images","scoringMode":"binary","informative":true,"details":{"itemHeaders":[{"itemType":"thumbnail","text":"","type":"text"},{"itemType":"url","text":"URL","type":"text"},{"itemType":"text","text":"Original","type":"text"},{"itemType":"text","text":"Potential Savings","type":"text"}],"header":"View Details","type":"table","items":[]}},"score":100,"weight":0,"id":"uses-optimized-images","group":"perf-hint"},{"result":{"displayValue":"","score":100,"helpText":"Image formats like JPEG 2000, JPEG XR, and WebP often provide better compression than PNG or JPEG, which means faster downloads and less data consumption. [Learn more](https://developers.google.com/web/tools/lighthouse/audits/webp).","rawValue":0,"extendedInfo":{"value":{"wastedKb":0,"wastedMs":0,"results":[]}},"name":"uses-webp-images","description":"Serve images in next-gen formats","scoringMode":"binary","informative":true,"details":{"itemHeaders":[{"itemType":"thumbnail","text":"","type":"text"},{"itemType":"url","text":"URL","type":"text"},{"itemType":"text","text":"Original","type":"text"},{"itemType":"text","text":"Potential Savings","type":"text"}],"header":"View Details","type":"table","items":[]}},"score":100,"weight":0,"id":"uses-webp-images","group":"perf-hint"},{"result":{"displayValue":"","score":100,"helpText":"Text-based responses should be served with compression (gzip, deflate or brotli) to minimize total network bytes. [Learn more](https://developers.google.com/web/fundamentals/performance/optimizing-content-efficiency/optimize-encoding-and-transfer).","rawValue":0,"extendedInfo":{"value":{"wastedKb":0,"wastedMs":0,"results":[]}},"name":"uses-request-compression","description":"Enable text compression","scoringMode":"binary","informative":true,"details":{"itemHeaders":[{"itemType":"url","text":"Uncompressed resource URL","type":"text"},{"itemType":"text","text":"Original","type":"text"},{"itemType":"text","text":"GZIP Savings","type":"text"}],"header":"View Details","type":"table","items":[]}},"score":100,"weight":0,"id":"uses-request-compression","group":"perf-hint"},{"result":{"displayValue":"","score":null,"debugString":"Audit error: Cannot read property '_timing' of undefined","helpText":"Time To First Byte identifies the time at which your server sends a response. [Learn more](https://developers.google.com/web/tools/chrome-devtools/network-performance/issues).","rawValue":null,"name":"time-to-first-byte","description":"Keep server response times low (TTFB)","scoringMode":"binary","informative":true,"error":true},"score":0,"weight":0,"id":"time-to-first-byte","group":"perf-hint"},{"result":{"displayValue":"","score":null,"debugString":"Audit error: Unable to identify the main resource","helpText":"Redirects introduce additional delays before the page can be loaded. [Learn more](https://developers.google.com/speed/docs/insights/AvoidRedirects).","rawValue":null,"name":"redirects","description":"Has multiple page redirects","scoringMode":"binary","error":true},"score":0,"weight":0,"id":"redirects","group":"perf-hint"},{"result":{"displayValue":"","score":null,"debugString":"Audit error: Unable to identify the main resource","helpText":"Consider using <link rel=preload> to prioritize fetching late-discovered resources sooner [Learn more](https://developers.google.com/web/updates/2016/03/link-rel-preload).","rawValue":null,"name":"uses-rel-preload","description":"Preload key requests","scoringMode":"numeric","informative":true,"error":true},"score":0,"weight":0,"id":"uses-rel-preload","group":"perf-hint"},{"result":{"displayValue":"Total size was 400 KB","score":100,"helpText":"Large network payloads cost users real money and are highly correlated with long load times. [Learn more](https://developers.google.com/web/tools/lighthouse/audits/network-payloads).","rawValue":409855,"extendedInfo":{"value":{"totalCompletedRequests":11,"results":[{"totalKb":"227 KB","totalMs":"1,240 ms","totalBytes":232785,"url":"http://web/static/js/vendor.d1efda22f11e965a5228.js"},{"totalKb":"48 KB","totalMs":"260 ms","totalBytes":49163,"url":"https://fonts.gstatic.com/s/materialicons/v37/flUhRq6tzZclQEJ-Vdg-IuiaDsNc.woff2"},{"totalKb":"46 KB","totalMs":"250 ms","totalBytes":47366,"url":"https://cdnjs.cloudflare.com/ajax/libs/Chart.js/2.7.1/Chart.min.js"},{"totalKb":"32 KB","totalMs":"170 ms","totalBytes":32261,"url":"http://web/static/css/app.a1bcfeb0daa2a3f727390086fd42ee9d.css"},{"totalKb":"15 KB","totalMs":"80 ms","totalBytes":15817,"url":"https://fonts.gstatic.com/s/roboto/v18/KFOlCnqEu92Fr1MmEU9fBBc4.woff2"},{"totalKb":"15 KB","totalMs":"80 ms","totalBytes":15461,"url":"https://fonts.gstatic.com/s/roboto/v18/KFOmCnqEu92Fr1Mu4mxK.woff2"},{"totalKb":"12 KB","totalMs":"70 ms","totalBytes":12691,"url":"http://web/static/js/app.310cd52123c59f9f64a5.js"},{"totalKb":"1 KB","totalMs":"10 ms","totalBytes":1524,"url":"https://unpkg.com/vue-chartjs@3.3.2/dist/vue-chartjs.min.js"},{"totalKb":"1 KB","totalMs":"10 ms","totalBytes":1211,"url":"http://web/"},{"totalKb":"1 KB","totalMs":"10 ms","totalBytes":1171,"url":"http://web/static/js/manifest.9f020e973ae4037504f6.js"}]}},"name":"total-byte-weight","description":"Avoids enormous network payloads","scoringMode":"numeric","details":{"itemHeaders":[{"itemType":"url","text":"URL","type":"text"},{"itemType":"text","text":"Total Size","type":"text"},{"itemType":"text","text":"Transfer Time","type":"text"}],"header":"View Details","type":"table","items":[[{"text":"http://web/static/js/vendor.d1efda22f11e965a5228.js","type":"url"},{"text":"227 KB","type":"text"},{"text":"1,240 ms","type":"text"}],[{"text":"https://fonts.gstatic.com/s/materialicons/v37/flUhRq6tzZclQEJ-Vdg-IuiaDsNc.woff2","type":"url"},{"text":"48 KB","type":"text"},{"text":"260 ms","type":"text"}],[{"text":"https://cdnjs.cloudflare.com/ajax/libs/Chart.js/2.7.1/Chart.min.js","type":"url"},{"text":"46 KB","type":"text"},{"text":"250 ms","type":"text"}],[{"text":"http://web/static/css/app.a1bcfeb0daa2a3f727390086fd42ee9d.css","type":"url"},{"text":"32 KB","type":"text"},{"text":"170 ms","type":"text"}],[{"text":"https://fonts.gstatic.com/s/roboto/v18/KFOlCnqEu92Fr1MmEU9fBBc4.woff2","type":"url"},{"text":"15 KB","type":"text"},{"text":"80 ms","type":"text"}],[{"text":"https://fonts.gstatic.com/s/roboto/v18/KFOmCnqEu92Fr1Mu4mxK.woff2","type":"url"},{"text":"15 KB","type":"text"},{"text":"80 ms","type":"text"}],[{"text":"http://web/static/js/app.310cd52123c59f9f64a5.js","type":"url"},{"text":"12 KB","type":"text"},{"text":"70 ms","type":"text"}],[{"text":"https://unpkg.com/vue-chartjs@3.3.2/dist/vue-chartjs.min.js","type":"url"},{"text":"1 KB","type":"text"},{"text":"10 ms","type":"text"}],[{"text":"http://web/","type":"url"},{"text":"1 KB","type":"text"},{"text":"10 ms","type":"text"}],[{"text":"http://web/static/js/manifest.9f020e973ae4037504f6.js","type":"url"},{"text":"1 KB","type":"text"},{"text":"10 ms","type":"text"}]]}},"score":100,"weight":0,"id":"total-byte-weight","group":"perf-info"},{"result":{"displayValue":"0 assets found","score":100,"helpText":"A long cache lifetime can speed up repeat visits to your page. [Learn more](https://developers.google.com/web/fundamentals/performance/optimizing-content-efficiency/http-caching#cache-control).","rawValue":0,"extendedInfo":{"value":{"queryStringCount":0,"results":[]}},"name":"uses-long-cache-ttl","description":"Uses efficient cache policy on static assets","scoringMode":"numeric","details":{"itemHeaders":[{"itemType":"url","text":"URL","type":"text"},{"itemType":"text","text":"Cache TTL","type":"text"},{"itemType":"text","text":"Size (KB)","type":"text"}],"header":"View Details","type":"table","items":[]}},"score":100,"weight":0,"id":"uses-long-cache-ttl","group":"perf-info"},{"result":{"displayValue":"94 nodes","score":100,"helpText":"Browser engineers recommend pages contain fewer than ~1,500 DOM nodes. The sweet spot is a tree depth < 32 elements and fewer than 60 children/parent element. A large DOM can increase memory usage, cause longer [style calculations](https://developers.google.com/web/fundamentals/performance/rendering/reduce-the-scope-and-complexity-of-style-calculations), and produce costly [layout reflows](https://developers.google.com/speed/articles/reflow). [Learn more](https://developers.google.com/web/fundamentals/performance/rendering/).","rawValue":94,"extendedInfo":{"value":[{"title":"Total DOM Nodes","value":"94","target":"< 1,500 nodes"},{"snippet":"html >\n  body >\n    main >\n      div#inspire.application.theme--dark >\n        div.application--wrap >\n          aside.navigation-drawer.navigation-drawer--clipped.navigation-drawer--close.navigation-drawer--fixed.navigation-drawer--is-mobile >\n            div.list >\n              div >\n                div.list__tile >\n                  div.input-group.input-group--dirty.input-group--selection-controls.switch.accent--text >\n                    div.input-group__input >\n                      div.input-group--selection-controls__container >\n                        div.input-group--selection-controls__toggle.input-group--selection-controls__toggle--active","title":"DOM Depth","value":"13","target":"< 32"},{"snippet":"Element with most children:\nhead","title":"Maximum Children","value":"8","target":"< 60 nodes"}]},"name":"dom-size","description":"Avoids an excessive DOM size","scoringMode":"numeric","details":{"header":{"text":"View details","type":"text"},"type":"cards","items":[{"title":"Total DOM Nodes","value":"94","target":"< 1,500 nodes"},{"snippet":"html >\n  body >\n    main >\n      div#inspire.application.theme--dark >\n        div.application--wrap >\n          aside.navigation-drawer.navigation-drawer--clipped.navigation-drawer--close.navigation-drawer--fixed.navigation-drawer--is-mobile >\n            div.list >\n              div >\n                div.list__tile >\n                  div.input-group.input-group--dirty.input-group--selection-controls.switch.accent--text >\n                    div.input-group__input >\n                      div.input-group--selection-controls__container >\n                        div.input-group--selection-controls__toggle.input-group--selection-controls__toggle--active","title":"DOM Depth","value":"13","target":"< 32"},{"snippet":"Element with most children:\nhead","title":"Maximum Children","value":"8","target":"< 60 nodes"}]}},"score":100,"weight":0,"id":"dom-size","group":"perf-info"},{"result":{"displayValue":"","score":null,"debugString":"Audit error: Unable to identify the main resource","helpText":"The Critical Request Chains below show you what resources are issued with a high priority. Consider reducing the length of chains, reducing the download size of resources, or deferring the download of unnecessary resources to improve page load. [Learn more](https://developers.google.com/web/tools/lighthouse/audits/critical-request-chains).","rawValue":null,"name":"critical-request-chains","description":"Critical Request Chains","scoringMode":"binary","informative":true,"error":true},"score":0,"weight":0,"id":"critical-request-chains","group":"perf-info"},{"result":{"displayValue":"11","score":100,"helpText":"Lists the network requests that were made during page load.","rawValue":11,"extendedInfo":{"value":[{"transferSize":1211,"startTime":0,"endTime":638.9249991625547,"mimeType":"text/html","url":"http://web/","statusCode":200,"resourceType":"document"},{"transferSize":1171,"startTime":755.621999502182,"endTime":1328.4680005162954,"mimeType":"application/javascript","url":"http://web/static/js/manifest.9f020e973ae4037504f6.js","statusCode":200,"resourceType":"script"},{"transferSize":232785,"startTime":755.7720001786947,"endTime":2917.8979992866516,"mimeType":"application/javascript","url":"http://web/static/js/vendor.d1efda22f11e965a5228.js","statusCode":200,"resourceType":"script"},{"transferSize":12691,"startTime":755.9009995311499,"endTime":1470.6410001963377,"mimeType":"application/javascript","url":"http://web/static/js/app.310cd52123c59f9f64a5.js","statusCode":200,"resourceType":"script"},{"transferSize":47366,"startTime":790.370000526309,"endTime":2162.829000502825,"mimeType":"application/javascript","url":"https://cdnjs.cloudflare.com/ajax/libs/Chart.js/2.7.1/Chart.min.js","statusCode":200,"resourceType":"script"},{"transferSize":405,"startTime":790.8159997314215,"endTime":1663.72200101614,"mimeType":"text/plain","url":"https://unpkg.com/vue-chartjs/dist/vue-chartjs.min.js","statusCode":302},{"transferSize":1524,"startTime":1664.8290008306503,"endTime":2258.2770008593798,"mimeType":"application/javascript","url":"https://unpkg.com/vue-chartjs@3.3.2/dist/vue-chartjs.min.js","statusCode":200,"resourceType":"script"},{"transferSize":32261,"startTime":4527.456000447273,"endTime":5278.87500077486,"mimeType":"text/css","url":"http://web/static/css/app.a1bcfeb0daa2a3f727390086fd42ee9d.css","statusCode":200,"resourceType":"stylesheet"},{"transferSize":15461,"startTime":5458.613000810146,"endTime":6342.342000454664,"mimeType":"font/woff2","url":"https://fonts.gstatic.com/s/roboto/v18/KFOmCnqEu92Fr1Mu4mxK.woff2","statusCode":200,"resourceType":"font"},{"transferSize":49163,"startTime":5458.761001005769,"endTime":6524.431999772787,"mimeType":"font/woff2","url":"https://fonts.gstatic.com/s/materialicons/v37/flUhRq6tzZclQEJ-Vdg-IuiaDsNc.woff2","statusCode":200,"resourceType":"font"},{"transferSize":15817,"startTime":5458.878999575973,"endTime":6334.002999588847,"mimeType":"font/woff2","url":"https://fonts.gstatic.com/s/roboto/v18/KFOlCnqEu92Fr1MmEU9fBBc4.woff2","statusCode":200,"resourceType":"font"}]},"name":"network-requests","description":"Network Requests","scoringMode":"binary","informative":true,"details":{"itemHeaders":[{"itemType":"url","text":"URL","type":"text"},{"itemType":"ms","text":"Start Time","type":"text"},{"itemType":"ms","text":"End Time","type":"text"},{"itemType":"bytes","text":"Transfer Size","type":"text"},{"itemType":"text","text":"Status Code","type":"text"},{"itemType":"text","text":"MIME Type","type":"text"},{"itemType":"text","text":"Resource Type","type":"text"}],"header":"View Details","type":"table","items":[[{"text":"http://web/","type":"url"},{"text":0,"type":"ms"},{"text":638.9249991625547,"type":"ms"},{"text":1211,"type":"bytes"},{"text":200,"type":"text"},{"text":"text/html","type":"text"},{"text":"document","type":"text"}],[{"text":"http://web/static/js/manifest.9f020e973ae4037504f6.js","type":"url"},{"text":755.621999502182,"type":"ms"},{"text":1328.4680005162954,"type":"ms"},{"text":1171,"type":"bytes"},{"text":200,"type":"text"},{"text":"application/javascript","type":"text"},{"text":"script","type":"text"}],[{"text":"http://web/static/js/vendor.d1efda22f11e965a5228.js","type":"url"},{"text":755.7720001786947,"type":"ms"},{"text":2917.8979992866516,"type":"ms"},{"text":232785,"type":"bytes"},{"text":200,"type":"text"},{"text":"application/javascript","type":"text"},{"text":"script","type":"text"}],[{"text":"http://web/static/js/app.310cd52123c59f9f64a5.js","type":"url"},{"text":755.9009995311499,"type":"ms"},{"text":1470.6410001963377,"type":"ms"},{"text":12691,"type":"bytes"},{"text":200,"type":"text"},{"text":"application/javascript","type":"text"},{"text":"script","type":"text"}],[{"text":"https://cdnjs.cloudflare.com/ajax/libs/Chart.js/2.7.1/Chart.min.js","type":"url"},{"text":790.370000526309,"type":"ms"},{"text":2162.829000502825,"type":"ms"},{"text":47366,"type":"bytes"},{"text":200,"type":"text"},{"text":"application/javascript","type":"text"},{"text":"script","type":"text"}],[{"text":"https://unpkg.com/vue-chartjs/dist/vue-chartjs.min.js","type":"url"},{"text":790.8159997314215,"type":"ms"},{"text":1663.72200101614,"type":"ms"},{"text":405,"type":"bytes"},{"text":302,"type":"text"},{"text":"text/plain","type":"text"},{"type":"text"}],[{"text":"https://unpkg.com/vue-chartjs@3.3.2/dist/vue-chartjs.min.js","type":"url"},{"text":1664.8290008306503,"type":"ms"},{"text":2258.2770008593798,"type":"ms"},{"text":1524,"type":"bytes"},{"text":200,"type":"text"},{"text":"application/javascript","type":"text"},{"text":"script","type":"text"}],[{"text":"http://web/static/css/app.a1bcfeb0daa2a3f727390086fd42ee9d.css","type":"url"},{"text":4527.456000447273,"type":"ms"},{"text":5278.87500077486,"type":"ms"},{"text":32261,"type":"bytes"},{"text":200,"type":"text"},{"text":"text/css","type":"text"},{"text":"stylesheet","type":"text"}],[{"text":"https://fonts.gstatic.com/s/roboto/v18/KFOmCnqEu92Fr1Mu4mxK.woff2","type":"url"},{"text":5458.613000810146,"type":"ms"},{"text":6342.342000454664,"type":"ms"},{"text":15461,"type":"bytes"},{"text":200,"type":"text"},{"text":"font/woff2","type":"text"},{"text":"font","type":"text"}],[{"text":"https://fonts.gstatic.com/s/materialicons/v37/flUhRq6tzZclQEJ-Vdg-IuiaDsNc.woff2","type":"url"},{"text":5458.761001005769,"type":"ms"},{"text":6524.431999772787,"type":"ms"},{"text":49163,"type":"bytes"},{"text":200,"type":"text"},{"text":"font/woff2","type":"text"},{"text":"font","type":"text"}],[{"text":"https://fonts.gstatic.com/s/roboto/v18/KFOlCnqEu92Fr1MmEU9fBBc4.woff2","type":"url"},{"text":5458.878999575973,"type":"ms"},{"text":6334.002999588847,"type":"ms"},{"text":15817,"type":"bytes"},{"text":200,"type":"text"},{"text":"font/woff2","type":"text"},{"text":"font","type":"text"}]]}},"score":100,"weight":0,"id":"network-requests"},{"result":{"displayValue":"0","score":true,"helpText":"Consider instrumenting your app with the User Timing API to create custom, real-world measurements of key user experiences. [Learn more](https://developers.google.com/web/tools/lighthouse/audits/user-timing).","rawValue":true,"extendedInfo":{"value":[]},"name":"user-timings","description":"User Timing marks and measures","scoringMode":"binary","informative":true,"details":{"itemHeaders":[{"itemType":"text","text":"Name","type":"text"},{"itemType":"text","text":"Type","type":"text"},{"itemType":"text","text":"Time","type":"text"}],"header":"View Details","type":"table","items":[]}},"score":100,"weight":0,"id":"user-timings","group":"perf-info"},{"result":{"displayValue":"1,570 ms","score":true,"helpText":"Consider reducing the time spent parsing, compiling, and executing JS. You may find delivering smaller JS payloads helps with this. [Learn more](https://developers.google.com/web/lighthouse/audits/bootup).","rawValue":1573.503999710083,"extendedInfo":{"value":{"http://web/static/js/app.310cd52123c59f9f64a5.js":{"Script Evaluation":1173.697998046875,"Script Parsing & Compile":22.533000946044922},"http://web/static/js/vendor.d1efda22f11e965a5228.js":{"Style & Layout":178.41699981689453,"Script Parsing & Compile":14.004999160766602,"Script Evaluation":9.45100212097168},"https://unpkg.com/vue-chartjs@3.3.2/dist/vue-chartjs.min.js":{"Script Evaluation":6.445001602172852,"Script Parsing & Compile":4.004999160766602},"https://cdnjs.cloudflare.com/ajax/libs/Chart.js/2.7.1/Chart.min.js":{"Style & Layout":0.8509998321533203,"Script Evaluation":90.19700050354004,"Script Parsing & Compile":0.5679988861083984},"http://web/static/js/manifest.9f020e973ae4037504f6.js":{"Script Parsing & Compile":2.184000015258789,"Script Evaluation":1.4300003051757812},"http://web/":{"Style & Layout":0.0989990234375,"Script Evaluation":7.028999328613281,"Script Parsing & Compile":0.14599990844726562},"http://web/#/":{"Parsing HTML & CSS":62.446001052856445}}},"name":"bootup-time","description":"JavaScript boot-up time","scoringMode":"binary","details":{"itemHeaders":[{"itemType":"url","text":"URL","type":"text"},{"itemType":"text","text":"Script Evaluation","type":"text"},{"itemType":"text","text":"Script Parsing & Compile","type":"text"}],"header":"View Details","type":"table","items":[[{"text":"http://web/static/js/app.310cd52123c59f9f64a5.js","type":"url"},{"text":"1,174 ms","type":"text"},{"text":"23 ms","type":"text"}],[{"text":"https://cdnjs.cloudflare.com/ajax/libs/Chart.js/2.7.1/Chart.min.js","type":"url"},{"text":"90 ms","type":"text"},{"text":"1 ms","type":"text"}],[{"text":"http://web/static/js/vendor.d1efda22f11e965a5228.js","type":"url"},{"text":"9 ms","type":"text"},{"text":"14 ms","type":"text"}],[{"text":"https://unpkg.com/vue-chartjs@3.3.2/dist/vue-chartjs.min.js","type":"url"},{"text":"6 ms","type":"text"},{"text":"4 ms","type":"text"}]]}},"score":100,"weight":0,"id":"bootup-time","group":"perf-info"},{"result":{"displayValue":"true","score":100,"helpText":"This is what the load of your site looked like.","rawValue":true,"name":"screenshot-thumbnails","description":"Screenshot Thumbnails","scoringMode":"binary","informative":true,"details":{"scale":6606,"type":"filmstrip","items":[{"data":"/9j/4AAQSkZJRgABAQAAAQABAAD/2wCEAAMCAgMCAgMDAwMEAwMEBQgFBQQEBQoHBwYIDAoMDAsKCwsNDhIQDQ4RDgsLEBYQERMUFRUVDA8XGBYUGBIUFRQBAwQEBQQFCQUFCRQNCw0UFBQUFBQUFBQUFBQUFBQUFBQUFBQUFBQUFBQUFBQUFBQUFBQUFBQUFBQUFBQUFBQUFP/AABEIANUAeAMBEQACEQEDEQH/xAGiAAABBQEBAQEBAQAAAAAAAAAAAQIDBAUGBwgJCgsQAAIBAwMCBAMFBQQEAAABfQECAwAEEQUSITFBBhNRYQcicRQygZGhCCNCscEVUtHwJDNicoIJChYXGBkaJSYnKCkqNDU2Nzg5OkNERUZHSElKU1RVVldYWVpjZGVmZ2hpanN0dXZ3eHl6g4SFhoeIiYqSk5SVlpeYmZqio6Slpqeoqaqys7S1tre4ubrCw8TFxsfIycrS09TV1tfY2drh4uPk5ebn6Onq8fLz9PX29/j5+gEAAwEBAQEBAQEBAQAAAAAAAAECAwQFBgcICQoLEQACAQIEBAMEBwUEBAABAncAAQIDEQQFITEGEkFRB2FxEyIygQgUQpGhscEJIzNS8BVictEKFiQ04SXxFxgZGiYnKCkqNTY3ODk6Q0RFRkdISUpTVFVWV1hZWmNkZWZnaGlqc3R1dnd4eXqCg4SFhoeIiYqSk5SVlpeYmZqio6Slpqeoqaqys7S1tre4ubrCw8TFxsfIycrS09TV1tfY2dri4+Tl5ufo6ery8/T19vf4+fr/2gAMAwEAAhEDEQA/AP1ToAKACgAoAKACgAoAKACgAoAKACgAoAKACgAoAKACgAoAKACgAoAKACgAoAKACgAoAKACgAoAKACgAoAKACgAoAKACgAoAKACgAoAKACgAoAKACgAoAKACgAoAKACgAoAKACgAoAKACgAoAKACgAoAKACgAoAKACgAoAKACgAoAKACgAoAKACgAoAKACgAoAKACgAoAKACgAoAKACgAoAKACgAoAKACgAoAKACgAoAKACgAoAKACgAoAKACgAoAKACgAoAKACgAoAKACgAoAKACgAoAKACgAoAKACgAoAKACgAoAKACgAoAKACgAoAKACgAoAKACgAoAKACgAoAKACgAoAKACgAoAKACgAoAKACgAoAKACgAoAKACgAoAKACgAoAKACgAoAKACgAoAKACgAoAKACgAoAKACgAoAKACgAoAKACgAoAKACgAoAKACgAoAKACgAoAKACgAoAKACgAoAKACgAoAKACgAoAKACgAoAKACgAoAKACgAoAKACgAoAKACgAoAKACgAoAKACgAoAKACgAoAKACgAoAKACgAoAKACgAoAKACgAoAKACgAoAKACgAoAKACgAoAKACgAoAKACgAoAKACgAoAKACgAoAKACgAoAKACgAoAKACgAoAKACgAoAKACgAoAKACgAoAKACgAoAKACgAoAKACgAoAKACgAoAKACgAoAKACgAoAKACgAoAKACgAoAKACgAoAKACgAoAKACgAoAKACgAoAKACgAoAKACgAoAKACgAoAKACgAoAKACgAoAKACgAoAKACgAoAKACgAoAKACgAoAKACgAoAKACgAoAKACgAoAKACgAoAKACgAoAKACgAoAKACgAoAKACgAoAKACgAoAKACgAoAKACgAoAKACgAoAKACgAoAKACgAoAKACgAoAKACgAoAKACgAoAKACgAoAKACgAoAKACgD//Z","timing":661,"timestamp":8650053854298},{"data":"/9j/4AAQSkZJRgABAQAAAQABAAD/2wCEAAMCAgMCAgMDAwMEAwMEBQgFBQQEBQoHBwYIDAoMDAsKCwsNDhIQDQ4RDgsLEBYQERMUFRUVDA8XGBYUGBIUFRQBAwQEBQQFCQUFCRQNCw0UFBQUFBQUFBQUFBQUFBQUFBQUFBQUFBQUFBQUFBQUFBQUFBQUFBQUFBQUFBQUFBQUFP/AABEIANUAeAMBEQACEQEDEQH/xAGiAAABBQEBAQEBAQAAAAAAAAAAAQIDBAUGBwgJCgsQAAIBAwMCBAMFBQQEAAABfQECAwAEEQUSITFBBhNRYQcicRQygZGhCCNCscEVUtHwJDNicoIJChYXGBkaJSYnKCkqNDU2Nzg5OkNERUZHSElKU1RVVldYWVpjZGVmZ2hpanN0dXZ3eHl6g4SFhoeIiYqSk5SVlpeYmZqio6Slpqeoqaqys7S1tre4ubrCw8TFxsfIycrS09TV1tfY2drh4uPk5ebn6Onq8fLz9PX29/j5+gEAAwEBAQEBAQEBAQAAAAAAAAECAwQFBgcICQoLEQACAQIEBAMEBwUEBAABAncAAQIDEQQFITEGEkFRB2FxEyIygQgUQpGhscEJIzNS8BVictEKFiQ04SXxFxgZGiYnKCkqNTY3ODk6Q0RFRkdISUpTVFVWV1hZWmNkZWZnaGlqc3R1dnd4eXqCg4SFhoeIiYqSk5SVlpeYmZqio6Slpqeoqaqys7S1tre4ubrCw8TFxsfIycrS09TV1tfY2dri4+Tl5ufo6ery8/T19vf4+fr/2gAMAwEAAhEDEQA/AP1ToAKACgAoAKACgAoAKACgAoAKACgAoAKACgAoAKACgAoAKACgAoAKACgAoAKACgAoAKACgAoAKACgAoAKACgAoAKACgAoAKACgAoAKACgAoAKACgAoAKACgAoAKACgAoAKACgAoAKACgAoAKACgAoAKACgAoAKACgAoAKACgAoAKACgAoAKACgAoAKACgAoAKACgAoAKACgAoAKACgAoAKACgAoAKACgAoAKACgAoAKACgAoAKACgAoAKACgAoAKACgAoAKACgAoAKACgAoAKACgAoAKACgAoAKACgAoAKACgAoAKACgAoAKACgAoAKACgAoAKACgAoAKACgAoAKACgAoAKACgAoAKACgAoAKACgAoAKACgAoAKACgAoAKACgAoAKACgAoAKACgAoAKACgAoAKACgAoAKACgAoAKACgAoAKACgAoAKACgAoAKACgAoAKACgAoAKACgAoAKACgAoAKACgAoAKACgAoAKACgAoAKACgAoAKACgAoAKACgAoAKACgAoAKACgAoAKACgAoAKACgAoAKACgAoAKACgAoAKACgAoAKACgAoAKACgAoAKACgAoAKACgAoAKACgAoAKACgAoAKACgAoAKACgAoAKACgAoAKACgAoAKACgAoAKACgAoAKACgAoAKACgAoAKACgAoAKACgAoAKACgAoAKACgAoAKACgAoAKACgAoAKACgAoAKACgAoAKACgAoAKACgAoAKACgAoAKACgAoAKACgAoAKACgAoAKACgAoAKACgAoAKACgAoAKACgAoAKACgAoAKACgAoAKACgAoAKACgAoAKACgAoAKACgAoAKACgAoAKACgAoAKACgAoAKACgAoAKACgAoAKACgAoAKACgAoAKACgAoAKACgAoAKACgAoAKACgAoAKACgAoAKACgAoAKACgAoAKACgAoAKACgAoAKACgD//Z","timing":1321,"timestamp":8.650054514898001E12},{"data":"/9j/4AAQSkZJRgABAQAAAQABAAD/2wCEAAMCAgMCAgMDAwMEAwMEBQgFBQQEBQoHBwYIDAoMDAsKCwsNDhIQDQ4RDgsLEBYQERMUFRUVDA8XGBYUGBIUFRQBAwQEBQQFCQUFCRQNCw0UFBQUFBQUFBQUFBQUFBQUFBQUFBQUFBQUFBQUFBQUFBQUFBQUFBQUFBQUFBQUFBQUFP/AABEIANUAeAMBEQACEQEDEQH/xAGiAAABBQEBAQEBAQAAAAAAAAAAAQIDBAUGBwgJCgsQAAIBAwMCBAMFBQQEAAABfQECAwAEEQUSITFBBhNRYQcicRQygZGhCCNCscEVUtHwJDNicoIJChYXGBkaJSYnKCkqNDU2Nzg5OkNERUZHSElKU1RVVldYWVpjZGVmZ2hpanN0dXZ3eHl6g4SFhoeIiYqSk5SVlpeYmZqio6Slpqeoqaqys7S1tre4ubrCw8TFxsfIycrS09TV1tfY2drh4uPk5ebn6Onq8fLz9PX29/j5+gEAAwEBAQEBAQEBAQAAAAAAAAECAwQFBgcICQoLEQACAQIEBAMEBwUEBAABAncAAQIDEQQFITEGEkFRB2FxEyIygQgUQpGhscEJIzNS8BVictEKFiQ04SXxFxgZGiYnKCkqNTY3ODk6Q0RFRkdISUpTVFVWV1hZWmNkZWZnaGlqc3R1dnd4eXqCg4SFhoeIiYqSk5SVlpeYmZqio6Slpqeoqaqys7S1tre4ubrCw8TFxsfIycrS09TV1tfY2dri4+Tl5ufo6ery8/T19vf4+fr/2gAMAwEAAhEDEQA/AP1ToAKACgAoAKACgAoAKACgAoAKACgAoAKACgAoAKACgAoAKACgAoAKACgAoAKACgAoAKACgAoAKACgAoAKACgAoAKACgAoAKACgAoAKACgAoAKACgAoAKACgAoAKACgAoAKACgAoAKACgAoAKACgAoAKACgAoAKACgAoAKACgAoAKACgAoAKACgAoAKACgAoAKACgAoAKACgAoAKACgAoAKACgAoAKACgAoAKACgAoAKACgAoAKACgAoAKACgAoAKACgAoAKACgAoAKACgAoAKACgAoAKACgAoAKACgAoAKACgAoAKACgAoAKACgAoAKACgAoAKACgAoAKACgAoAKACgAoAKACgAoAKACgAoAKACgAoAKACgAoAKACgAoAKACgAoAKACgAoAKACgAoAKACgAoAKACgAoAKACgAoAKACgAoAKACgAoAKACgAoAKACgAoAKACgAoAKACgAoAKACgAoAKACgAoAKACgAoAKACgAoAKACgAoAKACgAoAKACgAoAKACgAoAKACgAoAKACgAoAKACgAoAKACgAoAKACgAoAKACgAoAKACgAoAKACgAoAKACgAoAKACgAoAKACgAoAKACgAoAKACgAoAKACgAoAKACgAoAKACgAoAKACgAoAKACgAoAKACgAoAKACgAoAKACgAoAKACgAoAKACgAoAKACgAoAKACgAoAKACgAoAKACgAoAKACgAoAKACgAoAKACgAoAKACgAoAKACgAoAKACgAoAKACgAoAKACgAoAKACgAoAKACgAoAKACgAoAKACgAoAKACgAoAKACgAoAKACgAoAKACgAoAKACgAoAKACgAoAKACgAoAKACgAoAKACgAoAKACgAoAKACgAoAKACgAoAKACgAoAKACgAoAKACgAoAKACgAoAKACgAoAKACgAoAKACgAoAKACgAoAKACgAoAKACgD//Z","timing":1982,"timestamp":8.650055175497999E12},{"data":"/9j/4AAQSkZJRgABAQAAAQABAAD/2wCEAAMCAgMCAgMDAwMEAwMEBQgFBQQEBQoHBwYIDAoMDAsKCwsNDhIQDQ4RDgsLEBYQERMUFRUVDA8XGBYUGBIUFRQBAwQEBQQFCQUFCRQNCw0UFBQUFBQUFBQUFBQUFBQUFBQUFBQUFBQUFBQUFBQUFBQUFBQUFBQUFBQUFBQUFBQUFP/AABEIANUAeAMBEQACEQEDEQH/xAGiAAABBQEBAQEBAQAAAAAAAAAAAQIDBAUGBwgJCgsQAAIBAwMCBAMFBQQEAAABfQECAwAEEQUSITFBBhNRYQcicRQygZGhCCNCscEVUtHwJDNicoIJChYXGBkaJSYnKCkqNDU2Nzg5OkNERUZHSElKU1RVVldYWVpjZGVmZ2hpanN0dXZ3eHl6g4SFhoeIiYqSk5SVlpeYmZqio6Slpqeoqaqys7S1tre4ubrCw8TFxsfIycrS09TV1tfY2drh4uPk5ebn6Onq8fLz9PX29/j5+gEAAwEBAQEBAQEBAQAAAAAAAAECAwQFBgcICQoLEQACAQIEBAMEBwUEBAABAncAAQIDEQQFITEGEkFRB2FxEyIygQgUQpGhscEJIzNS8BVictEKFiQ04SXxFxgZGiYnKCkqNTY3ODk6Q0RFRkdISUpTVFVWV1hZWmNkZWZnaGlqc3R1dnd4eXqCg4SFhoeIiYqSk5SVlpeYmZqio6Slpqeoqaqys7S1tre4ubrCw8TFxsfIycrS09TV1tfY2dri4+Tl5ufo6ery8/T19vf4+fr/2gAMAwEAAhEDEQA/AP1ToAKACgAoAKACgAoAKACgAoAKACgAoAKACgAoAKACgAoAKACgAoAKACgAoAKACgAoAKACgAoAKACgAoAKACgAoAKACgAoAKACgAoAKACgAoAKACgAoAKACgAoAKACgAoAKACgAoAKACgAoAKACgAoAKACgAoAKACgAoAKACgAoAKACgAoAKACgAoAKACgAoAKACgAoAKACgAoAKACgAoAKACgAoAKACgAoAKACgAoAKACgAoAKACgAoAKACgAoAKACgAoAKACgAoAKACgAoAKACgAoAKACgAoAKACgAoAKACgAoAKACgAoAKACgAoAKACgAoAKACgAoAKACgAoAKACgAoAKACgAoAKACgAoAKACgAoAKACgAoAKACgAoAKACgAoAKACgAoAKACgAoAKACgAoAKACgAoAKACgAoAKACgAoAKACgAoAKACgAoAKACgAoAKACgAoAKACgAoAKACgAoAKACgAoAKACgAoAKACgAoAKACgAoAKACgAoAKACgAoAKACgAoAKACgAoAKACgAoAKACgAoAKACgAoAKACgAoAKACgAoAKACgAoAKACgAoAKACgAoAKACgAoAKACgAoAKACgAoAKACgAoAKACgAoAKACgAoAKACgAoAKACgAoAKACgAoAKACgAoAKACgAoAKACgAoAKACgAoAKACgAoAKACgAoAKACgAoAKACgAoAKACgAoAKACgAoAKACgAoAKACgAoAKACgAoAKACgAoAKACgAoAKACgAoAKACgAoAKACgAoAKACgAoAKACgAoAKACgAoAKACgAoAKACgAoAKACgAoAKACgAoAKACgAoAKACgAoAKACgAoAKACgAoAKACgAoAKACgAoAKACgAoAKACgAoAKACgAoAKACgAoAKACgAoAKACgAoAKACgAoAKACgAoAKACgAoAKACgAoAKACgAoAKACgD//Z","timing":2642,"timestamp":8650055836098},{"data":"/9j/4AAQSkZJRgABAQAAAQABAAD/2wCEAAMCAgMCAgMDAwMEAwMEBQgFBQQEBQoHBwYIDAoMDAsKCwsNDhIQDQ4RDgsLEBYQERMUFRUVDA8XGBYUGBIUFRQBAwQEBQQFCQUFCRQNCw0UFBQUFBQUFBQUFBQUFBQUFBQUFBQUFBQUFBQUFBQUFBQUFBQUFBQUFBQUFBQUFBQUFP/AABEIANUAeAMBEQACEQEDEQH/xAGiAAABBQEBAQEBAQAAAAAAAAAAAQIDBAUGBwgJCgsQAAIBAwMCBAMFBQQEAAABfQECAwAEEQUSITFBBhNRYQcicRQygZGhCCNCscEVUtHwJDNicoIJChYXGBkaJSYnKCkqNDU2Nzg5OkNERUZHSElKU1RVVldYWVpjZGVmZ2hpanN0dXZ3eHl6g4SFhoeIiYqSk5SVlpeYmZqio6Slpqeoqaqys7S1tre4ubrCw8TFxsfIycrS09TV1tfY2drh4uPk5ebn6Onq8fLz9PX29/j5+gEAAwEBAQEBAQEBAQAAAAAAAAECAwQFBgcICQoLEQACAQIEBAMEBwUEBAABAncAAQIDEQQFITEGEkFRB2FxEyIygQgUQpGhscEJIzNS8BVictEKFiQ04SXxFxgZGiYnKCkqNTY3ODk6Q0RFRkdISUpTVFVWV1hZWmNkZWZnaGlqc3R1dnd4eXqCg4SFhoeIiYqSk5SVlpeYmZqio6Slpqeoqaqys7S1tre4ubrCw8TFxsfIycrS09TV1tfY2dri4+Tl5ufo6ery8/T19vf4+fr/2gAMAwEAAhEDEQA/AP1ToAKACgAoAKACgAoAKACgAoAKACgAoAKACgAoAKACgAoAKACgAoAKACgAoAKACgAoAKACgAoAKACgAoAKACgAoAKACgAoAKACgAoAKACgAoAKACgAoAKACgAoAKACgAoAKACgAoAKACgAoAKACgAoAKACgAoAKACgAoAKACgAoAKACgAoAKACgAoAKACgAoAKACgAoAKACgAoAKACgAoAKACgAoAKACgAoAKACgAoAKACgAoAKACgAoAKACgAoAKACgAoAKACgAoAKACgAoAKACgAoAKACgAoAKACgAoAKACgAoAKACgAoAKACgAoAKACgAoAKACgAoAKACgAoAKACgAoAKACgAoAKACgAoAKACgAoAKACgAoAKACgAoAKACgAoAKACgAoAKACgAoAKACgAoAKACgAoAKACgAoAKACgAoAKACgAoAKACgAoAKACgAoAKACgAoAKACgAoAKACgAoAKACgAoAKACgAoAKACgAoAKACgAoAKACgAoAKACgAoAKACgAoAKACgAoAKACgAoAKACgAoAKACgAoAKACgAoAKACgAoAKACgAoAKACgAoAKACgAoAKACgAoAKACgAoAKACgAoAKACgAoAKACgAoAKACgAoAKACgAoAKACgAoAKACgAoAKACgAoAKACgAoAKACgAoAKACgAoAKACgAoAKACgAoAKACgAoAKACgAoAKACgAoAKACgAoAKACgAoAKACgAoAKACgAoAKACgAoAKACgAoAKACgAoAKACgAoAKACgAoAKACgAoAKACgAoAKACgAoAKACgAoAKACgAoAKACgAoAKACgAoAKACgAoAKACgAoAKACgAoAKACgAoAKACgAoAKACgAoAKACgAoAKACgAoAKACgAoAKACgAoAKACgAoAKACgAoAKACgAoAKACgAoAKACgAoAKACgAoAKACgAoAKACgD//Z","timing":3303,"timestamp":8650056496698},{"data":"/9j/4AAQSkZJRgABAQAAAQABAAD/2wCEAAMCAgMCAgMDAwMEAwMEBQgFBQQEBQoHBwYIDAoMDAsKCwsNDhIQDQ4RDgsLEBYQERMUFRUVDA8XGBYUGBIUFRQBAwQEBQQFCQUFCRQNCw0UFBQUFBQUFBQUFBQUFBQUFBQUFBQUFBQUFBQUFBQUFBQUFBQUFBQUFBQUFBQUFBQUFP/AABEIANUAeAMBEQACEQEDEQH/xAGiAAABBQEBAQEBAQAAAAAAAAAAAQIDBAUGBwgJCgsQAAIBAwMCBAMFBQQEAAABfQECAwAEEQUSITFBBhNRYQcicRQygZGhCCNCscEVUtHwJDNicoIJChYXGBkaJSYnKCkqNDU2Nzg5OkNERUZHSElKU1RVVldYWVpjZGVmZ2hpanN0dXZ3eHl6g4SFhoeIiYqSk5SVlpeYmZqio6Slpqeoqaqys7S1tre4ubrCw8TFxsfIycrS09TV1tfY2drh4uPk5ebn6Onq8fLz9PX29/j5+gEAAwEBAQEBAQEBAQAAAAAAAAECAwQFBgcICQoLEQACAQIEBAMEBwUEBAABAncAAQIDEQQFITEGEkFRB2FxEyIygQgUQpGhscEJIzNS8BVictEKFiQ04SXxFxgZGiYnKCkqNTY3ODk6Q0RFRkdISUpTVFVWV1hZWmNkZWZnaGlqc3R1dnd4eXqCg4SFhoeIiYqSk5SVlpeYmZqio6Slpqeoqaqys7S1tre4ubrCw8TFxsfIycrS09TV1tfY2dri4+Tl5ufo6ery8/T19vf4+fr/2gAMAwEAAhEDEQA/AP1ToAKACgAoAKACgAoAKACgAoAKACgAoAKACgAoAKACgAoAKACgAoAKACgAoAKACgAoAKACgAoAKACgAoAKACgAoAKACgAoAKACgAoAKACgAoAKACgAoAKACgAoAKACgAoAKACgAoAKACgAoAKACgAoAKACgAoAKACgAoAKACgAoAKACgAoAKACgAoAKACgAoAKACgAoAKACgAoAKACgAoAKACgAoAKACgAoAKACgAoAKACgAoAKACgAoAKACgAoAKACgAoAKACgAoAKACgAoAKACgAoAKACgAoAKACgAoAKACgAoAKACgAoAKACgAoAKACgAoAKACgAoAKACgAoAKACgAoAKACgAoAKACgAoAKACgAoAKACgAoAKACgAoAKACgAoAKACgAoAKACgAoAKACgAoAKACgAoAKACgAoAKACgAoAKACgAoAKACgAoAKACgAoAKACgAoAKACgAoAKACgAoAKACgAoAKACgAoAKACgAoAKACgAoAKACgAoAKACgAoAKACgAoAKACgAoAKACgAoAKACgAoAKACgAoAKACgAoAKACgAoAKACgAoAKACgAoAKACgAoAKACgAoAKACgAoAKACgAoAKACgAoAKACgAoAKACgAoAKACgAoAKACgAoAKACgAoAKACgAoAKACgAoAKACgAoAKACgAoAKACgAoAKACgAoAKACgAoAKACgAoAKACgAoAKACgAoAKACgAoAKACgAoAKACgAoAKACgAoAKACgAoAKACgAoAKACgAoAKACgAoAKACgAoAKACgAoAKACgAoAKACgAoAKACgAoAKACgAoAKACgAoAKACgAoAKACgAoAKACgAoAKACgAoAKACgAoAKACgAoAKACgAoAKACgAoAKACgAoAKACgAoAKACgAoAKACgAoAKACgAoAKACgAoAKACgAoAKACgAoAKACgAoAKACgD//Z","timing":3964,"timestamp":8650057157298},{"data":"/9j/4AAQSkZJRgABAQAAAQABAAD/2wCEAAMCAgMCAgMDAwMEAwMEBQgFBQQEBQoHBwYIDAoMDAsKCwsNDhIQDQ4RDgsLEBYQERMUFRUVDA8XGBYUGBIUFRQBAwQEBQQFCQUFCRQNCw0UFBQUFBQUFBQUFBQUFBQUFBQUFBQUFBQUFBQUFBQUFBQUFBQUFBQUFBQUFBQUFBQUFP/AABEIANUAeAMBEQACEQEDEQH/xAGiAAABBQEBAQEBAQAAAAAAAAAAAQIDBAUGBwgJCgsQAAIBAwMCBAMFBQQEAAABfQECAwAEEQUSITFBBhNRYQcicRQygZGhCCNCscEVUtHwJDNicoIJChYXGBkaJSYnKCkqNDU2Nzg5OkNERUZHSElKU1RVVldYWVpjZGVmZ2hpanN0dXZ3eHl6g4SFhoeIiYqSk5SVlpeYmZqio6Slpqeoqaqys7S1tre4ubrCw8TFxsfIycrS09TV1tfY2drh4uPk5ebn6Onq8fLz9PX29/j5+gEAAwEBAQEBAQEBAQAAAAAAAAECAwQFBgcICQoLEQACAQIEBAMEBwUEBAABAncAAQIDEQQFITEGEkFRB2FxEyIygQgUQpGhscEJIzNS8BVictEKFiQ04SXxFxgZGiYnKCkqNTY3ODk6Q0RFRkdISUpTVFVWV1hZWmNkZWZnaGlqc3R1dnd4eXqCg4SFhoeIiYqSk5SVlpeYmZqio6Slpqeoqaqys7S1tre4ubrCw8TFxsfIycrS09TV1tfY2dri4+Tl5ufo6ery8/T19vf4+fr/2gAMAwEAAhEDEQA/AP0bk8LeMEuh9l8ZJFaC8SXyp9KjlcWyxQKYA+4cs8cz+YwYjz8Y+RSQDrtMt57TTrWG5unvriOJEkuXRUaVgoBcqoABJycAYGeKALVABQAUAFABQAUAFABQAUAFABQAUAFABQAUAFABQAUAFABQAUAFABQAUAFABQAUAFABQAUAFABQAUAFABQAUAFABQAUAFABQAUAFABQAUAFABQAUAFABQAUAFABQAUAFABQAUAFACZ5xQAZGcd6AFoAKACgAoAKACgAoAKACgAoAKACgAoA8AbVfiFqEGl3Wja9oL2kFwbHVBNfwzbbgSxCKFJAD+9kHyOrcgynbuOwgA7zwHq+q2WrXll4h1fTrqG7mCaTIs8azzPGji4hMSjG6MxliQxOTICsYQAgHftOoYr1cLu2jrj6daAATI2MMDkkZBHUHH8xQAi3CMMgjGCScg4x1H1oAZp9/b6rYW97ZzR3NpcRrLDPC4dJEYZVlYEgggggg4INAFigAoAKACgAoAKACgAoAKAOF1j4PeEvFt/omq6npZvL/RpvtGmXM0syyWT/ALrJjywKZMEeQMA/N2dsgDdG+B3grw9pVrYadoUFrHaQS29rOjN9ptY5FdXWG4z5sWRI4Gxxt3HbigB+ifBfwj4c059O03TGtdMa8hvxYLdTm3ininSeIxRlysSrJGjbEAU4AIIoAst8JfC5Piwpp8kLeKgo1d4LyeJ7jClRhlcGP5SR8hXrQBj3v7O/w+1O4vJ73w5BdyXieXcCeWWRJB9qN2cozlcm4YyFsZJOCSOKAO60PRrTw5oun6Tp8XkWFhbx2tvFuLbI0UKq5YknAAGSSaAL1ABQAUAFABQAUAFABQAUAFABQAUAFABQAUAFABQAUAFABQAUAFABQAUAJuoFfWwbqAuAOaBi0AFABQAUAFABQAUAFABQAUAFABQByaS6/f6Wk1hPZf6RCjQTzRO/UZDsoZCQwK/LwRzyeldj+rNt6nn2xe2hXv8A/hODph+xHRV1EeWy/aVlMX3Y/MU7efvGXB9FTI5JEr6u90waxS2aNfTU8Qf27eG9fTv7H2D7MsMb/aC2TkuSduMbcYHr0xgxP2XKuS9zal7fm/ebG7WB1BQAUARiZec4XHXJppNkOaWjYvmqDjIz9aLMHOK6jftCEkBlJXBIz0H+Qfyos+qDnjrZiC6jP8QHtmnyvsQqsHrckVg6gggg9xSasap31Q6kMKACgAoA8ttfEXirw3YQWVxYJKIFENuLKwe4Msa+UiFmMyBGJlAwQANrMSEBau14eLfuzT+Vv8zzFi3b3qbXzv8AohsvxI15bS9mi02/ma0PMI8OTK8yllCmPdcBTkMGwSCAGyBg1Twm3vrXzGsZ/wBO39x0XhvVvEuvSasJVt9LWyvXtI/tWmyD7Qqqh81D5/KEsQD329jkDmqU+TlfNe6vp0v09TrpVOe6tazsbX2XX/8AoJ6b/wCC6T/4/WJuH2XX/wDoJ6b/AOC6T/4/QAfZdf8A+gnpv/guk/8Aj9AFQ+EoL+++26wUvbuPasfl+ZHCoDBlYRF2UOCPv9ccdK2hVnCPKmc86EJy5mMPw80JnspPs03m2f8AqZftMvmAbGQqW3bmUhjlWJBOGIyAar6xU7kfVqbdyS08CaPY209rBahLSaaO4aDcxVXRlZNoJ+VVKKQq4A7Dml7ed076r9RrDxSa6MSz+H2h6ejLb2rxhoEtm/fOxaNCxVSSckDew57YHQACvrFS/Nfrf8v8hfVafLym9a20dnbxwRLtijUIi+gAwBXO227s6klFJIlpDCgAoAKAPM/CfijTLvw1p3k+HJb1Ft1jeeJrMozL8j8mYc70IIPIIwQDTuKxb1Txfomj6ebzUPDcllatJFCJLp7KJGeWTZGoZpwuXchQM5JYAZJpDLNxr9hYxNJP4RuoYYwS8kos1RADzkmbA6Z/H3oA0YJre4hjlTwnOUkUOvy2vQ9P+WtAD/3P/QpT/wDfNr/8doAP3P8A0KU//fNr/wDHaAKP9la5dyXUmmzjw9aSW/lRWr28RkimyT5wKl0YEbV2kZ4JyOjaxnTS1WpjUhU5vdlobPh6x1eyN6dV1CO/864aWARxeX5EZxti77sYzu4znoKU3F25VYdNSSfO7mxiszQWgYUAFABQAUAFAHlFp+zT4R022uYrCbWLJrkYmki1KQlwZzPINrEqA7vLnao+WaRV2hsUAbCfA7wrH4Qm8MLb3C6JK0Tm2S4ZCrRtuRlkUh1ZWCsGDAhlBB9QDF0f9l34faBYvZ6fpc9pbM2Qkd3KNn7qSH5fm+U7JXG4YP3TnKqQAep2lstpbRQKSyxoEBbqQBigCagAoAKACgAoAKACgAoAKACgAoA4A/G3w0YfFjRTS3M3hm9isL+CFA0hlkKqixrnMjMzbFjHzuw2qrFk3AGndfEK3hj1VYdNv7y80ydreexhWMTFgYTlCzhGBjuIpAA+SG243gpQBZ1PxvbaJLdpf2V/AsLxokkVubhZQyFt48rcUQbWUtKEAKnnBBIBneHvizofivWb7TNLTUJ7mxnS3uGl0+eGNHaKOTG90A3ASoGT76kNuUbSaAJbn4o6Lptle3eoLe2FvZTtDcyPZySpbgCNvMleIOkaFJo5NzlQqFi23Y+0Ap3Hxj0Ox8R6zpN7Ff2R0y4W0a5e1MkU8zRW8gSMx7juxd26gOFLtIFTcQcAG34e8d6N4o1C9stPmuHuLOaaCTz7KeBHaKQxy+W8iKsoVxtLRlgMjnkZAOgoAKACgAoAKACgAoAKAK8thbTxSRSQRvHIwZ1ZQQxGME+p4H5UAO+xwbg3kpkcg7Rx824/qAfrQA06fatIZDbxNISGLlASSBgEnuQCRn3oAclnBHKJEhRHC7Qyrg444+nA/IUALHawxMGSJFIzghQMZOT+ZA/KgBPscGxl8lNrDDDb14xz+HFADxEinIUA8849eTQA+gAoAKACgAoAKACgAoAKACgAoAKACgAoAKACgAoAKACgAoAKACgAoAKACgAoAKACgAoAKACgAoAKACgAoAKACgAoAKACgAoAKACgAoAKACgAoAKACgAoAKACgAoAKACgAoAKACgAoAKACgAoAKACgAoAKACgAoAKACgAoAKACgAoAKACgAoAKACgAoAKACgAoAKACgAoAKACgAoAKACgAoAKACgAoAKACgAoAKACgAoAKACgAoAKACgAoAKACgAoAKACgAoAKACgAoAKACgAoAKACgAoAKACgAoAKACgAoAKACgAoAKACgAoAKACgAoAKACgAoAKACgAoAKACgAoAKACgAoAKACgAoAKACgAoAKACgAoAKACgAoAKACgAoAKACgAoAKACgAoAKACgAoAKACgAoAKACgAoAKACgAoAKACgAoAKACgAoA//9k=","timing":4624,"timestamp":8.650057817898001E12},{"data":"/9j/4AAQSkZJRgABAQAAAQABAAD/2wCEAAMCAgMCAgMDAwMEAwMEBQgFBQQEBQoHBwYIDAoMDAsKCwsNDhIQDQ4RDgsLEBYQERMUFRUVDA8XGBYUGBIUFRQBAwQEBQQFCQUFCRQNCw0UFBQUFBQUFBQUFBQUFBQUFBQUFBQUFBQUFBQUFBQUFBQUFBQUFBQUFBQUFBQUFBQUFP/AABEIANUAeAMBEQACEQEDEQH/xAGiAAABBQEBAQEBAQAAAAAAAAAAAQIDBAUGBwgJCgsQAAIBAwMCBAMFBQQEAAABfQECAwAEEQUSITFBBhNRYQcicRQygZGhCCNCscEVUtHwJDNicoIJChYXGBkaJSYnKCkqNDU2Nzg5OkNERUZHSElKU1RVVldYWVpjZGVmZ2hpanN0dXZ3eHl6g4SFhoeIiYqSk5SVlpeYmZqio6Slpqeoqaqys7S1tre4ubrCw8TFxsfIycrS09TV1tfY2drh4uPk5ebn6Onq8fLz9PX29/j5+gEAAwEBAQEBAQEBAQAAAAAAAAECAwQFBgcICQoLEQACAQIEBAMEBwUEBAABAncAAQIDEQQFITEGEkFRB2FxEyIygQgUQpGhscEJIzNS8BVictEKFiQ04SXxFxgZGiYnKCkqNTY3ODk6Q0RFRkdISUpTVFVWV1hZWmNkZWZnaGlqc3R1dnd4eXqCg4SFhoeIiYqSk5SVlpeYmZqio6Slpqeoqaqys7S1tre4ubrCw8TFxsfIycrS09TV1tfY2dri4+Tl5ufo6ery8/T19vf4+fr/2gAMAwEAAhEDEQA/AP0bk8LeMEuh9l8ZJFaC8SXyp9KjlcWyxQKYA+4cs8cz+YwYjz8Y+RSQDrtMt57TTrWG5unvriOJEkuXRUaVgoBcqoABJycAYGeKALVABQAUAFABQAUAFABQAUAFABQAUAFABQAUAFABQAUAFABQAUAFABQAUAFABQAUAFABQAUAFABQAUAFABQAUAFABQAUAFABQAUAFABQAUAFABQAUAFABQAUAFABQAUAFABQAUAFACZ5xQAZGcd6AFoAKACgAoAKACgAoAKACgAoAKACgAoA8AbVfiFqEGl3Wja9oL2kFwbHVBNfwzbbgSxCKFJAD+9kHyOrcgynbuOwgA7zwHq+q2WrXll4h1fTrqG7mCaTIs8azzPGji4hMSjG6MxliQxOTICsYQAgHftOoYr1cLu2jrj6daAATI2MMDkkZBHUHH8xQAi3CMMgjGCScg4x1H1oAZp9/b6rYW97ZzR3NpcRrLDPC4dJEYZVlYEgggggg4INAFigAoAKACgAoAKACgAoAKAOF1j4PeEvFt/omq6npZvL/RpvtGmXM0syyWT/ALrJjywKZMEeQMA/N2dsgDdG+B3grw9pVrYadoUFrHaQS29rOjN9ptY5FdXWG4z5sWRI4Gxxt3HbigB+ifBfwj4c059O03TGtdMa8hvxYLdTm3ininSeIxRlysSrJGjbEAU4AIIoAst8JfC5Piwpp8kLeKgo1d4LyeJ7jClRhlcGP5SR8hXrQBj3v7O/w+1O4vJ73w5BdyXieXcCeWWRJB9qN2cozlcm4YyFsZJOCSOKAO60PRrTw5oun6Tp8XkWFhbx2tvFuLbI0UKq5YknAAGSSaAL1ABQAUAFABQAUAFABQAUAFABQAUAFABQAUAFABQAUAFABQAUAFABQAUAJuoFfWwbqAuAOaBi0AFABQAUAFABQAUAFABQAUAFABQByaS6/f6Wk1hPZf6RCjQTzRO/UZDsoZCQwK/LwRzyeldj+rNt6nn2xe2hXv8A/hODph+xHRV1EeWy/aVlMX3Y/MU7efvGXB9FTI5JEr6u90waxS2aNfTU8Qf27eG9fTv7H2D7MsMb/aC2TkuSduMbcYHr0xgxP2XKuS9zal7fm/ebG7WB1BQAUARiZec4XHXJppNkOaWjYvmqDjIz9aLMHOK6jftCEkBlJXBIz0H+Qfyos+qDnjrZiC6jP8QHtmnyvsQqsHrckVg6gggg9xSasap31Q6kMKACgAoA8ttfEXirw3YQWVxYJKIFENuLKwe4Msa+UiFmMyBGJlAwQANrMSEBau14eLfuzT+Vv8zzFi3b3qbXzv8AohsvxI15bS9mi02/ma0PMI8OTK8yllCmPdcBTkMGwSCAGyBg1Twm3vrXzGsZ/wBO39x0XhvVvEuvSasJVt9LWyvXtI/tWmyD7Qqqh81D5/KEsQD329jkDmqU+TlfNe6vp0v09TrpVOe6tazsbX2XX/8AoJ6b/wCC6T/4/WJuH2XX/wDoJ6b/AOC6T/4/QAfZdf8A+gnpv/guk/8Aj9AFQ+EoL+++26wUvbuPasfl+ZHCoDBlYRF2UOCPv9ccdK2hVnCPKmc86EJy5mMPw80JnspPs03m2f8AqZftMvmAbGQqW3bmUhjlWJBOGIyAar6xU7kfVqbdyS08CaPY209rBahLSaaO4aDcxVXRlZNoJ+VVKKQq4A7Dml7ed076r9RrDxSa6MSz+H2h6ejLb2rxhoEtm/fOxaNCxVSSckDew57YHQACvrFS/Nfrf8v8hfVafLym9a20dnbxwRLtijUIi+gAwBXO227s6klFJIlpDCgAoAKAPM/CfijTLvw1p3k+HJb1Ft1jeeJrMozL8j8mYc70IIPIIwQDTuKxb1Txfomj6ebzUPDcllatJFCJLp7KJGeWTZGoZpwuXchQM5JYAZJpDLNxr9hYxNJP4RuoYYwS8kos1RADzkmbA6Z/H3oA0YJre4hjlTwnOUkUOvy2vQ9P+WtAD/3P/QpT/wDfNr/8doAP3P8A0KU//fNr/wDHaAKP9la5dyXUmmzjw9aSW/lRWr28RkimyT5wKl0YEbV2kZ4JyOjaxnTS1WpjUhU5vdlobPh6x1eyN6dV1CO/864aWARxeX5EZxti77sYzu4znoKU3F25VYdNSSfO7mxiszQWgYUAFABQAUAFAHlFp+zT4R022uYrCbWLJrkYmki1KQlwZzPINrEqA7vLnao+WaRV2hsUAbCfA7wrH4Qm8MLb3C6JK0Tm2S4ZCrRtuRlkUh1ZWCsGDAhlBB9QDF0f9l34faBYvZ6fpc9pbM2Qkd3KNn7qSH5fm+U7JXG4YP3TnKqQAep2lstpbRQKSyxoEBbqQBigCagAoAKACgAoAKACgAoAKACgAoA4A/G3w0YfFjRTS3M3hm9isL+CFA0hlkKqixrnMjMzbFjHzuw2qrFk3AGndfEK3hj1VYdNv7y80ydreexhWMTFgYTlCzhGBjuIpAA+SG243gpQBZ1PxvbaJLdpf2V/AsLxokkVubhZQyFt48rcUQbWUtKEAKnnBBIBneHvizofivWb7TNLTUJ7mxnS3uGl0+eGNHaKOTG90A3ASoGT76kNuUbSaAJbn4o6Lptle3eoLe2FvZTtDcyPZySpbgCNvMleIOkaFJo5NzlQqFi23Y+0Ap3Hxj0Ox8R6zpN7Ff2R0y4W0a5e1MkU8zRW8gSMx7juxd26gOFLtIFTcQcAG34e8d6N4o1C9stPmuHuLOaaCTz7KeBHaKQxy+W8iKsoVxtLRlgMjnkZAOgoAKACgAoAKACgAoAKAK8thbTxSRSQRvHIwZ1ZQQxGME+p4H5UAO+xwbg3kpkcg7Rx824/qAfrQA06fatIZDbxNISGLlASSBgEnuQCRn3oAclnBHKJEhRHC7Qyrg444+nA/IUALHawxMGSJFIzghQMZOT+ZA/KgBPscGxl8lNrDDDb14xz+HFADxEinIUA8849eTQA+gAoAKACgAoAKACgAoAKACgAoAKACgAoAKACgAoAKACgAoAKACgAoAKACgAoAKACgAoAKACgAoAKACgAoAKACgAoAKACgAoAKACgAoAKACgAoAKACgAoAKACgAoAKACgAoAKACgAoAKACgAoAKACgAoAKACgAoAKACgAoAKACgAoAKACgAoAKACgAoAKACgAoAKACgAoAKACgAoAKACgAoAKACgAoAKACgAoAKACgAoAKACgAoAKACgAoAKACgAoAKACgAoAKACgAoAKACgAoAKACgAoAKACgAoAKACgAoAKACgAoAKACgAoAKACgAoAKACgAoAKACgAoAKACgAoAKACgAoAKACgAoAKACgAoAKACgAoAKACgAoAKACgAoAKACgAoAKACgAoAKACgAoAKACgAoAKACgAoAKACgAoAKACgAoAKACgAoA//9k=","timing":5285,"timestamp":8.650058478497999E12},{"data":"/9j/4AAQSkZJRgABAQAAAQABAAD/2wCEAAMCAgMCAgMDAwMEAwMEBQgFBQQEBQoHBwYIDAoMDAsKCwsNDhIQDQ4RDgsLEBYQERMUFRUVDA8XGBYUGBIUFRQBAwQEBQQFCQUFCRQNCw0UFBQUFBQUFBQUFBQUFBQUFBQUFBQUFBQUFBQUFBQUFBQUFBQUFBQUFBQUFBQUFBQUFP/AABEIANUAeAMBEQACEQEDEQH/xAGiAAABBQEBAQEBAQAAAAAAAAAAAQIDBAUGBwgJCgsQAAIBAwMCBAMFBQQEAAABfQECAwAEEQUSITFBBhNRYQcicRQygZGhCCNCscEVUtHwJDNicoIJChYXGBkaJSYnKCkqNDU2Nzg5OkNERUZHSElKU1RVVldYWVpjZGVmZ2hpanN0dXZ3eHl6g4SFhoeIiYqSk5SVlpeYmZqio6Slpqeoqaqys7S1tre4ubrCw8TFxsfIycrS09TV1tfY2drh4uPk5ebn6Onq8fLz9PX29/j5+gEAAwEBAQEBAQEBAQAAAAAAAAECAwQFBgcICQoLEQACAQIEBAMEBwUEBAABAncAAQIDEQQFITEGEkFRB2FxEyIygQgUQpGhscEJIzNS8BVictEKFiQ04SXxFxgZGiYnKCkqNTY3ODk6Q0RFRkdISUpTVFVWV1hZWmNkZWZnaGlqc3R1dnd4eXqCg4SFhoeIiYqSk5SVlpeYmZqio6Slpqeoqaqys7S1tre4ubrCw8TFxsfIycrS09TV1tfY2dri4+Tl5ufo6ery8/T19vf4+fr/2gAMAwEAAhEDEQA/APh3wzoB168ZWcxwRAF2HXnoB78H8qANnXvA0dlYvc2csjmIFnWUg5XuRgDpQBxtABQAUAFABQAUAFABQAUAFAGhoWktrWpR2ytsXBZ3xnaB/kD8aAOp1TwFBFYSSWs8pmjUttkwQ2BnAwOKAOGoA6Hwfr8WiXcq3CnyJsbpF5KEZxx6c0AbviDxnYy6dNBaMbh5kMZ+UqFBGCeQKAOCOSaADFABigAxQAYoAMUAGKADFABigAxQBreGNXTRdVSaVS0LKUfHUA9x+VAHX6n4205bKYW7tPMylVQIwwSO5IH6UAecgYAoA3vsEH/PMUAH2CD/AJ5igA+wQf8APMUAH2CD/nmKAD7BB/zzFAB9gg/55igA+wQf88xQAfYIP+eYoAPsEH/PMUAH2CD/AJ5igA+wQf8APMUAH2CD/nmKAD7BB/zzFAB9gg/55igA+wQf88xQBYoAKACgAoAKACgAoAKACgAoAKACgAoAKACgAoAKACgAoAKACgAoAKACgAoAKACgAoAKACgAoAKACgAoAKACgAoAKACgAoAKACgAoAKACgAoAKACgAoAKACgAoAKACgAoAKACgAoAKACgAoAKACgAoAKACgAoAKACgAoAKACgAoAKACgAoAKACgAoAKACgAoAKACgAoAKACgAoAKACgAoAKACgAoAKACgAoAKACgAoAKACgAoAKACgAoAKACgAoAKACgAoAKACgAoAKACgAoAKACgBUKh13DK55A9KAOjNh4P7a7rZ/7gsP/AMl0AH2Dwh/0HNb/APBND/8AJdAB9g8If9BzW/8AwTQ//JdAB9g8If8AQc1v/wAE0P8A8l0AH2Dwh/0HNb/8E0P/AMl0AH2Dwh/0HNb/APBND/8AJdAB9g8If9BzW/8AwTQ//JdAB9g8If8AQc1v/wAE0P8A8l0AH2Dwh/0HNb/8E0P/AMl0AH2Dwh/0HNb/APBND/8AJdAB9g8If9BzW/8AwTQ//JdAB9g8If8AQc1v/wAE0P8A8l0AAsPB/fXNb/8ABND/APJdAGDerbrdyraSSS2wYiOSaMRu69iyhmCk9cBjj1NAENABQAUAFABQAUAFABQAUAFABQAUAFABQAUAFABQAUAFABQAUAFABQAUAFABQAUAFABQAUAIeQe1ACfN7UAGG9qADDe1ABhvagAw3tQAYb2oAMN7UAGG9qADDe1ABhvagAw3tQAYb2oAPm9qAFGcc9aAFoA3tM8PW1/YQzvJMjODkIwx1PtQBa/4RO0/57XH/fS//E0AH/CJ2n/Pa4/76X/4mgDI1rTI9MljSF3bepJMmCf0AoA1z4TtP+es4+jLj+VAB/widp/z2uP++l/+JoAP+ETtP+e1x/30v/xNAHP6narY38tujMyJjBY88gH+tAFegAoAKACgAoAKACgDd0nxFb2NhFBJDMXTOSgXHX60AW/+EttP+eFz+S/40AH/AAltp/zwufyX/GgDH1zVI9TljeFHQKpGJAOv4GgDYHi20xzBcZ74C/40AH/CW2n/ADwufyX/ABoAP+EttP8Anhc/kv8AjQBgandJfahLcRqyo+MB8Z6Af0oArUAFABQAUAFABQAUAFABmgAzQAUAFABmgAzQAUAFABQAUAFABQAUAFABQAUAFABQAUAFABQAUAFABQAUAFABQAUAFABQAUAFABQAUAFABQAUAFABQAUAFABQAUAFABQAUAFABQAUAFABQAUAFABQAUAFABQAUAFABQAUAFABQAUAFABQAUAFABQAUAFABQAUAFABQAUAFABQAUAFABQAUAFABQAUAFABQAUAFABQAUAFABQAUAFABQAUAFABQAUAFABQAUAFABQAUAFABQAUAFABQAUAFABQAUAFABQAUAZP9sv/AM8l/OgA/tl/+eS/nQAf2y//ADyX86AD+2X/AOeS/nQAf2y//PJfzoAP7Zf/AJ5L+dAB/bL/APPJfzoAP7Zf/nkv50AH9sv/AM8l/OgA/tl/+eS/nQAf2y//ADyX86AD+2X/AOeS/nQAf2y//PJfzoAP7Zf/AJ5L+dAB/bL/APPJfzoAz6ACgAoAKACgAoAKACgAoAKACgAoAKACgAoA/wD/2Q==","timing":5945,"timestamp":8650059139098},{"data":"/9j/4AAQSkZJRgABAQAAAQABAAD/2wCEAAMCAgMCAgMDAwMEAwMEBQgFBQQEBQoHBwYIDAoMDAsKCwsNDhIQDQ4RDgsLEBYQERMUFRUVDA8XGBYUGBIUFRQBAwQEBQQFCQUFCRQNCw0UFBQUFBQUFBQUFBQUFBQUFBQUFBQUFBQUFBQUFBQUFBQUFBQUFBQUFBQUFBQUFBQUFP/AABEIANUAeAMBEQACEQEDEQH/xAGiAAABBQEBAQEBAQAAAAAAAAAAAQIDBAUGBwgJCgsQAAIBAwMCBAMFBQQEAAABfQECAwAEEQUSITFBBhNRYQcicRQygZGhCCNCscEVUtHwJDNicoIJChYXGBkaJSYnKCkqNDU2Nzg5OkNERUZHSElKU1RVVldYWVpjZGVmZ2hpanN0dXZ3eHl6g4SFhoeIiYqSk5SVlpeYmZqio6Slpqeoqaqys7S1tre4ubrCw8TFxsfIycrS09TV1tfY2drh4uPk5ebn6Onq8fLz9PX29/j5+gEAAwEBAQEBAQEBAQAAAAAAAAECAwQFBgcICQoLEQACAQIEBAMEBwUEBAABAncAAQIDEQQFITEGEkFRB2FxEyIygQgUQpGhscEJIzNS8BVictEKFiQ04SXxFxgZGiYnKCkqNTY3ODk6Q0RFRkdISUpTVFVWV1hZWmNkZWZnaGlqc3R1dnd4eXqCg4SFhoeIiYqSk5SVlpeYmZqio6Slpqeoqaqys7S1tre4ubrCw8TFxsfIycrS09TV1tfY2dri4+Tl5ufo6ery8/T19vf4+fr/2gAMAwEAAhEDEQA/APgL9KAL2qaDqeiLE1/p1zZpI5jDTRkDdgnGemcAn8KAKNABQB0Wm/DzxFrPh2PW9P0m4v8AT5Ls2KNagSuZgYQV8tSXAzcQKGK7S0qKCWOKAJYvhh4sn0e41WPQL19Pt7Sa+lnEfypDFOlvKx7/ACSyIrDqu9SRg5oArSeAPE0M1rG2gah5l3dy2FtEsDGWW5iVDNCIwN29PNjyMZG6gCa1+G3iq+0zT9QtfDup3dpqBuPsr29q0hmEG3zmCqCdq7wC2MZDDOVbABn3/hbWNLsftl3pd5b2vmPC07wkIkisUaNz/C4YYKnB6eooAuz/AA68V215NaTeGNZiuoXijlgfT5Q8bSttiVlK5BcghQfvEYGaAII/BeuM92j6VdW72v2gSi5j8na0ADTp8+PnQMpZRyMjI5FAGLQAUAFABQAY9qAOq8VfFDxZ4206Kw13X9Q1SzilEyQXVw8iK4DAEBiccO350Acrg0AGDQB2+g/FnVvD3glvCsFlYTaVNePcXYmSQveRO1q72shDjETPZW7ZQLICnDgHFAHQW37Sfiyy0DUdHt4rGO21Bt93IwmkmmZLtry3YyPKx3QzvI6kcvvIlMoAAAOWuPiTf3njCPXrmw0+5iitWsYNIlRzZQWxthbCJF37xiMLiTf5hZd5csSxAOt+I/7TPi34nnVX1O3021m1OSWW6lsI5Y2cubcADMh2hI7S3iXbj5Y8tudmdgClrn7QXibxB4X1jQbm300WWqtdNcOkLiTM95a3bkEuRkSWcYGQflZ85JDAA6zxP+194g1vx/ceJ7Hw3oembdW/tSwtnjkme1H9pHUWieXepmDz7WfcMDB8oQh2UgHAt8ZvEMvhqx0OUW0lpZ6fLpkbFXUm3cSbVYBgrMjXF0yuV3A3EgJK7VUA4PHtQAYNABg0AGKAN46bATnyxQAn9mwf881oAP7Ng/55rQAf2bB/zzWgA/s2D/nmtAB/ZsH/ADzWgA/s2D/nmtAB/ZsH/PNaAD+zYP8AnmtAB/ZsH/PNaAD+zYP+ea0AH9mwf881oAP7Ng/55rQAf2bB/wA81oABptvn/VigC3QAUAFABQAUAFABQAUAFABQAUAFABQAUAFABQAUAFABQAUAFABQAUAFABQAUAFABQAUAFABQAUAFABQAUAFABQAUAFABQAUAFABQAUAFABQAUAFABQAUAFABQAUAFABQAUAFABQAUAFABQAUAFABQAUAFABQAUAFABQAUAFABQAUAFABQAUAFABQAUAFABQAUAFABQAUAFABQAUAFABQAUAFABQAUAFABQAUAFABQAUAFABQAUAFABQAUAFABQAUAFABQAUAFABQAUAFABQAUAFABQAUAFAHW6N8L9b8Q6XDeaatveNKkbpapMBMwaS4T5VONxBtpCQpJwQcYDFQCppvgHWNYeySyhjuJbyc20EYlCs8oUMV+bG35WQ5OANwyRzgAYngq9+0xRzz2lpC00kMlzNNiOEoQHLkAkAZzwDnHGTgEAwCMGgAoAKACgDU8K+Hrjxb4m0nQ7R4orrUruKzieYkIryOFUsQCcZIzgE47GgDuvif8DLr4c6BBrcOrwaxpT6hNpUkiqsciXMTOG+VXcFG8tipyGxjcq5FAHmNABQAUAFABQAUATwtahcyxTSOepWYKPy2n+dAD/Msf8An3uP/Ahf/iKADzLH/n3uP/Ahf/iKADzLH/n3uP8AwIX/AOIoAPMsf+fe4/8AAhf/AIigA8yx/wCfe4/8CF/+IoAPMsf+fe4/8CF/+IoAmtL+3sLuG5tkvLe4gdZYpoboI6OpyrKwTIIIBBFAGn4i8a3XilIV1BppFhLvHFGYoYhI2N8hSOJVLsQu5iNzYGScUAc5QAUAFABQAUAFABQAUAFABQAUAFABQAenvxQAgORxQAtABQAUAFABQAUAdhCvg+78LW0LyyWuuJbXEsk4Emxpcv5MR4cNnEZ4WNVG/LsWAQAs6rpHgRrCVtO128+2h5GhUxGSJkDvsVsqpy0YjIZSRuZgwTAJALkdr8PNOs724D3es3cUcEkVkbmRFmY3Q82NX+zIUIgQ/M4x+9OASnIB51QAUAFABQBseDNJtdf8YaHpd7ObWyvr6C2nnVgDHG8iqzZPHAJPPFAHr/7Unwx8JfD+Xw5ceFndBem6intWuIphGsbr5bAx9ismAWyzBAW+ctkA8IoAKACgAoAKACgBSzMqjJAHpQAmG9W/M0AGG9W/M0AByO7fmaADk92/M0AGG9W/M0AGG9W/M0AHI7t+ZoAQ5P8AE3fv7UALQAUAFABQAUAFAFDVbqS2EflttyTnigDW8OeC/FXi5NLbSLQ3f9o3j2FuPNiTzJlMClBuYYJa6gAJwCXGCcHABpN8KPHiWqzyaUyJ5d/MxM8R2pZLuuSQGJGza4PrgYyeKAOPsb+ea6jR3ypzkYHoaAJtUupbeSMRvtBBzwKAN9PAHi19B0fVzbxxWGsru06aa5hjFwfPe3wNzDpLGynOAuULEB1JAMzWND13QnmS8UQywxJM6M8ZOxmwCMMc9VOByM84oAoadezT3G133Lg9qANSgAoAKACgAoAKACgClqVm92E2Y+XPU0APs73XtP06TT7XVbq30+R2le0iuXWF3MbRsxQHBJjd0JI5ViOhIoAfJqfiGZUWTWL2QJG0KbrqQ7EaIQsq88AxKsZA/gAXpxQBRs9OlguUdiu0Z6H2NAE2pWUl06FCvygg5NAF7T9f8U6RYTWNj4g1Kysprc2kttbX0scckBZ2MTKCAULSSHaeMuxx8xyAQapqPiDXM/2lq13qJIYZu7l5eDI0jD5ieC7s59WYnqc0AVbCwltp97lcYI4NAGlQAUAFABQAUAFABQAUAFABQAUAFABQAUAFABQAUAFABQAUAFABQAUAFABQAUAFABQAUAFABQAUAFABQAUAFABQAUAFABQAUAFABQAUAFABQAUAFABQAUAFABQAUAFABQAUAFABQAUAFABQAUAFABQAUAFABQAUAFABQAUAFABQAUAFABQAUAFABQAUAFABQAUAFABQAUAFABQAUAFABQAUAFABQAUAFABQAUAFABQAUAFABQAUAFABQAUAFABQBFDaa3cXNvbxaLeS3FyI2ghjt3Z5Q5AQqoGWDEgDHXNAFjU9E8SaLIkeo+HtQsJHhFwsd1aSRsYi/liQBgDtL/ID03AjrxQBWlttZhurm1k0e7S6tTKJ4DA4kiMYcy7lxkbBHJuz02NnGDQA6Wx12GJpX0O9WJYUuGkNtJtETSCNZM4xtLsEDdCxA6mgCiNQuiHP2U/IcNwfl4J5/AE/QZoAWe+u7YZltGjGSMspAyCQf1Vh9QfSgCH+2n/55r+dAB/bT/8APNfzoAP7af8A55r+dAB/bT/881/OgA/tp/8Anmv50AH9tP8A881/OgA/tp/+ea/nQAf20/8AzzX86AD+2n/55r+dAF+/+Imv6lq0d9e3cV9e26RwJcXNpDI4WMoyHJT7w2Iu7qUXYSU+WgB2r+Pdc1e2s9PvrxLm1stscKG3iXaBLcTAAqoOPMup2I6HeBjCoFAIbTxrrGnzWuoW935UpEsUSiJNsSyIUcBdu0ArxhQAO3ODQBpW3xS8WDUpb9dalN49pLpyyyRI/k28iMjRxKVxCu2RwBGF2hjt25oAp6L8UPEWm395c298DcXlvBaXLXMMc4mhtzFJDGyupBANvEMEEEAhgQSCAUb/AMQ6neacdOuLrzbMXb3Rj2KMzFVVnzjPIA4zjj1NAGXQAUAFABQAUAFABQAUAFAH/9k=","timing":6606,"timestamp":8650059799698}]}},"score":100,"weight":0,"id":"screenshot-thumbnails"},{"result":{"displayValue":"2,800 ms","score":true,"helpText":"Consider reducing the time spent parsing, compiling and executing JS.You may find delivering smaller JS payloads helps with this.","rawValue":2799.5130100250244,"extendedInfo":{"value":{"Update Layer Tree":108.97500228881836,"Layout":432.32500076293945,"Recalculate Style":503.69400215148926,"Evaluate Script":1296.8040027618408,"Animation Frame Fired":8.261001586914062,"Minor GC":82.69900131225586,"Run Microtasks":63.02199935913086,"Parse HTML":62.446001052856445,"Paint":41.383995056152344,"Compile Script":44.90999984741211,"Composite Layers":77.99400329589844,"Parse Stylesheet":76.9990005493164}},"name":"mainthread-work-breakdown","description":"Main thread work breakdown","scoringMode":"binary","informative":true,"details":{"itemHeaders":[{"itemType":"text","text":"Category","type":"text"},{"itemType":"text","text":"Work","type":"text"},{"itemType":"text","text":"Time spent","type":"text"}],"header":"View Details","type":"table","items":[[{"text":"Script Evaluation","type":"text"},{"text":"Evaluate Script","type":"text"},{"text":"1,297 ms","type":"text"}],[{"text":"Script Evaluation","type":"text"},{"text":"Run Microtasks","type":"text"},{"text":"63 ms","type":"text"}],[{"text":"Script Evaluation","type":"text"},{"text":"Animation Frame Fired","type":"text"},{"text":"8 ms","type":"text"}],[{"text":"Style & Layout","type":"text"},{"text":"Recalculate Style","type":"text"},{"text":"504 ms","type":"text"}],[{"text":"Style & Layout","type":"text"},{"text":"Layout","type":"text"},{"text":"432 ms","type":"text"}],[{"text":"Compositing","type":"text"},{"text":"Update Layer Tree","type":"text"},{"text":"109 ms","type":"text"}],[{"text":"Compositing","type":"text"},{"text":"Composite Layers","type":"text"},{"text":"78 ms","type":"text"}],[{"text":"Parsing HTML & CSS","type":"text"},{"text":"Parse Stylesheet","type":"text"},{"text":"77 ms","type":"text"}],[{"text":"Parsing HTML & CSS","type":"text"},{"text":"Parse HTML","type":"text"},{"text":"62 ms","type":"text"}],[{"text":"Garbage collection","type":"text"},{"text":"Minor GC","type":"text"},{"text":"83 ms","type":"text"}],[{"text":"Script Parsing & Compile","type":"text"},{"text":"Compile Script","type":"text"},{"text":"45 ms","type":"text"}],[{"text":"Paint","type":"text"},{"text":"Paint","type":"text"},{"text":"41 ms","type":"text"}]]}},"score":100,"weight":0,"id":"mainthread-work-breakdown","group":"perf-info"},{"result":{"displayValue":"","score":false,"helpText":"Leverage the font-display CSS feature to ensure text is user-visible while webfonts are loading. [Learn more](https://developers.google.com/web/updates/2016/02/font-display).","rawValue":false,"name":"font-display","description":"Avoid invisible text while webfonts are loading","scoringMode":"binary","details":{"itemHeaders":[{"itemType":"url","text":"Font URL","type":"text"},{"itemType":"text","text":"Font download time","type":"text"}],"header":"View Details","type":"table","items":[[{"text":"https://fonts.gstatic.com/s/roboto/v18/KFOmCnqEu92Fr1Mu4mxK.woff2","type":"url"},{"text":"884 ms","type":"text"}],[{"text":"https://fonts.gstatic.com/s/materialicons/v37/flUhRq6tzZclQEJ-Vdg-IuiaDsNc.woff2","type":"url"},{"text":"1,066 ms","type":"text"}],[{"text":"https://fonts.gstatic.com/s/roboto/v18/KFOlCnqEu92Fr1MmEU9fBBc4.woff2","type":"url"},{"text":"875 ms","type":"text"}]]}},"score":0,"weight":0,"id":"font-display","group":"perf-info"}]},{"score":30,"name":"Progressive Web App","weight":1,"description":"These checks validate the aspects of a Progressive Web App, as specified by the baseline [PWA Checklist](https://developers.google.com/web/progressive-web-apps/checklist).","id":"pwa","audits":[{"result":{"displayValue":"","score":false,"helpText":"The service worker is the technology that enables your app to use many Progressive Web App features, such as offline, add to homescreen, and push notifications. [Learn more](https://developers.google.com/web/tools/lighthouse/audits/registered-service-worker).","rawValue":false,"name":"service-worker","description":"Does not register a service worker","scoringMode":"binary"},"score":0,"weight":1,"id":"service-worker"},{"result":{"displayValue":"","score":false,"helpText":"If you're building a Progressive Web App, consider using a service worker so that your app can work offline. [Learn more](https://developers.google.com/web/tools/lighthouse/audits/http-200-when-offline).","rawValue":false,"name":"works-offline","description":"Does not respond with a 200 when offline","scoringMode":"binary"},"score":0,"weight":1,"id":"works-offline"},{"result":{"displayValue":"","score":false,"debugString":"The page body should render some content if its scripts are not available.","helpText":"Your app should display some content when JavaScript is disabled, even if it's just a warning to the user that JavaScript is required to use the app. [Learn more](https://developers.google.com/web/tools/lighthouse/audits/no-js).","rawValue":false,"name":"without-javascript","description":"Does not provide fallback content when JavaScript is not available","scoringMode":"binary"},"score":0,"weight":1,"id":"without-javascript"},{"result":{"displayValue":"","score":false,"helpText":"If you've already set up HTTPS, make sure that you redirect all HTTP traffic to HTTPS. [Learn more](https://developers.google.com/web/tools/lighthouse/audits/http-redirects-to-https).","rawValue":false,"name":"redirects-http","description":"Does not redirect HTTP traffic to HTTPS","scoringMode":"binary"},"score":0,"weight":1,"id":"redirects-http"},{"result":{"displayValue":"","score":true,"helpText":"A fast page load over a 3G network ensures a good mobile user experience. [Learn more](https://developers.google.com/web/tools/lighthouse/audits/fast-3g).","rawValue":true,"extendedInfo":{"value":{"isFast":true,"timeToFirstInteractive":6460.149,"firstRequestLatencies":[{"latency":"566.29","url":"http://web/"},{"latency":"579.72","url":"https://cdnjs.cloudflare.com/ajax/libs/Chart.js/2.7.1/Chart.min.js"},{"latency":"571.48","url":"https://unpkg.com/vue-chartjs/dist/vue-chartjs.min.js"},{"latency":"578.93","url":"https://fonts.gstatic.com/s/roboto/v18/KFOmCnqEu92Fr1Mu4mxK.woff2"}],"areLatenciesAll3G":true}},"name":"load-fast-enough-for-pwa","description":"Page load is fast enough on 3G","scoringMode":"binary"},"score":100,"weight":1,"id":"load-fast-enough-for-pwa"},{"result":{"displayValue":"","score":false,"debugString":"Failures: No manifest was fetched, Site does not register a service worker, Service worker does not successfully serve the manifest's start_url, No usable web app manifest found on page.","helpText":"Browsers can proactively prompt users to add your app to their homescreen, which can lead to higher engagement. [Learn more](https://developers.google.com/web/tools/lighthouse/audits/install-prompt).","rawValue":false,"extendedInfo":{"value":{"failures":["No manifest was fetched","Site does not register a service worker","Service worker does not successfully serve the manifest's start_url","No usable web app manifest found on page"],"warnings":["No usable web app manifest found on page"],"manifestValues":{"parseFailureReason":"No manifest was fetched","allChecks":[],"isParseFailure":true}}},"name":"webapp-install-banner","description":"User will not be prompted to Install the Web App","scoringMode":"binary"},"score":0,"weight":1,"id":"webapp-install-banner"},{"result":{"displayValue":"","score":false,"debugString":"Failures: No manifest was fetched.","helpText":"A themed splash screen ensures a high-quality experience when users launch your app from their homescreens. [Learn more](https://developers.google.com/web/tools/lighthouse/audits/custom-splash-screen).","rawValue":false,"extendedInfo":{"value":{"failures":["No manifest was fetched"],"manifestValues":{"parseFailureReason":"No manifest was fetched","allChecks":[],"isParseFailure":true}}},"name":"splash-screen","description":"Is not configured for a custom splash screen","scoringMode":"binary"},"score":0,"weight":1,"id":"splash-screen"},{"result":{"displayValue":"","score":false,"debugString":"Failures: No manifest was fetched, No `<meta name=\"theme-color\">` tag found.","helpText":"The browser address bar can be themed to match your site. [Learn more](https://developers.google.com/web/tools/lighthouse/audits/address-bar).","rawValue":false,"extendedInfo":{"value":{"failures":["No manifest was fetched","No `<meta name=\"theme-color\">` tag found"],"themeColor":null,"manifestValues":{"parseFailureReason":"No manifest was fetched","allChecks":[],"isParseFailure":true}}},"name":"themed-omnibox","description":"Address bar does not match brand colors","scoringMode":"binary"},"score":0,"weight":1,"id":"themed-omnibox"},{"result":{"displayValue":"","score":true,"debugString":"","helpText":"Add a viewport meta tag to optimize your app for mobile screens. [Learn more](https://developers.google.com/web/tools/lighthouse/audits/has-viewport-meta-tag).","rawValue":true,"name":"viewport","description":"Has a `<meta name=\"viewport\">` tag with `width` or `initial-scale`","scoringMode":"binary"},"score":100,"weight":1,"id":"viewport"},{"result":{"displayValue":"","score":true,"debugString":"","helpText":"If the width of your app's content doesn't match the width of the viewport, your app might not be optimized for mobile screens. [Learn more](https://developers.google.com/web/tools/lighthouse/audits/content-sized-correctly-for-viewport).","rawValue":true,"name":"content-width","description":"Content is sized correctly for the viewport","scoringMode":"binary"},"score":100,"weight":1,"id":"content-width"},{"result":{"displayValue":"","score":false,"helpText":"To reach the most number of users, sites should work across every major browser. [Learn more](https://developers.google.com/web/progressive-web-apps/checklist#site-works-cross-browser).","rawValue":false,"name":"pwa-cross-browser","description":"Site works cross-browser","scoringMode":"binary","informative":true,"manual":true},"score":0,"weight":0,"id":"pwa-cross-browser","group":"manual-pwa-checks"},{"result":{"displayValue":"","score":false,"helpText":"Transitions should feel snappy as you tap around, even on a slow network, a key to perceived performance. [Learn more](https://developers.google.com/web/progressive-web-apps/checklist#page-transitions-dont-feel-like-they-block-on-the-network).","rawValue":false,"name":"pwa-page-transitions","description":"Page transitions don't feel like they block on the network","scoringMode":"binary","informative":true,"manual":true},"score":0,"weight":0,"id":"pwa-page-transitions","group":"manual-pwa-checks"},{"result":{"displayValue":"","score":false,"helpText":"Ensure individual pages are deep linkable via the URLs and that URLs are unique for the purpose of shareability on social media. [Learn more](https://developers.google.com/web/progressive-web-apps/checklist#each-page-has-a-url).","rawValue":false,"name":"pwa-each-page-has-url","description":"Each page has a URL","scoringMode":"binary","informative":true,"manual":true},"score":0,"weight":0,"id":"pwa-each-page-has-url","group":"manual-pwa-checks"}]},{"score":76.71232876712328,"name":"Accessibility","description":"These checks highlight opportunities to [improve the accessibility of your web app](https://developers.google.com/web/fundamentals/accessibility). Only a subset of accessibility issues can be automatically detected so manual testing is also encouraged.","id":"accessibility","audits":[{"result":{"displayValue":"","score":false,"helpText":"Access keys let users quickly focus a part of the page. For proper navigation, each access key must be unique. [Learn more](https://dequeuniversity.com/rules/axe/2.2/accesskeys?application=lighthouse).","rawValue":false,"name":"accesskeys","description":"`[accesskey]` values are not unique","scoringMode":"binary","informative":true,"notApplicable":true},"score":100,"weight":0,"id":"accesskeys","group":"a11y-correct-attributes"},{"result":{"displayValue":"","score":true,"helpText":"Each ARIA `role` supports a specific subset of `aria-*` attributes. Mismatching these invalidates the `aria-*` attributes. [Learn more](https://dequeuniversity.com/rules/axe/2.2/aria-allowed-attr?application=lighthouse).","rawValue":true,"extendedInfo":{},"name":"aria-allowed-attr","description":"`[aria-*]` attributes match their roles","scoringMode":"binary","details":{"header":{"text":"View failing elements","type":"text"},"type":"list","items":[]}},"score":100,"weight":3,"id":"aria-allowed-attr","group":"a11y-aria"},{"result":{"displayValue":"","score":false,"helpText":"Some ARIA roles have required attributes that describe the state of the element to screen readers. [Learn more](https://dequeuniversity.com/rules/axe/2.2/aria-required-attr?application=lighthouse).","rawValue":false,"name":"aria-required-attr","description":"`[role]`s do not have all required `[aria-*]` attributes","scoringMode":"binary","informative":true,"notApplicable":true},"score":100,"weight":0,"id":"aria-required-attr","group":"a11y-aria"},{"result":{"displayValue":"","score":false,"helpText":"Some ARIA parent roles must contain specific child roles to perform their intended accessibility functions. [Learn more](https://dequeuniversity.com/rules/axe/2.2/aria-required-children?application=lighthouse).","rawValue":false,"name":"aria-required-children","description":"Elements with `[role]` that require specific children `[role]`s, are missing.","scoringMode":"binary","informative":true,"notApplicable":true},"score":100,"weight":0,"id":"aria-required-children","group":"a11y-aria"},{"result":{"displayValue":"","score":false,"helpText":"Some ARIA child roles must be contained by specific parent roles to properly perform their intended accessibility functions. [Learn more](https://dequeuniversity.com/rules/axe/2.2/aria-required-parent?application=lighthouse).","rawValue":false,"name":"aria-required-parent","description":"`[role]`s are not contained by their required parent element","scoringMode":"binary","informative":true,"notApplicable":true},"score":100,"weight":0,"id":"aria-required-parent","group":"a11y-aria"},{"result":{"displayValue":"","score":false,"helpText":"ARIA roles must have valid values in order to perform their intended accessibility functions. [Learn more](https://dequeuniversity.com/rules/axe/2.2/aria-roles?application=lighthouse).","rawValue":false,"name":"aria-roles","description":"`[role]` values are not valid","scoringMode":"binary","informative":true,"notApplicable":true},"score":100,"weight":0,"id":"aria-roles","group":"a11y-aria"},{"result":{"displayValue":"","score":true,"helpText":"Assistive technologies, like screen readers, can't interpret ARIA attributes with invalid values. [Learn more](https://dequeuniversity.com/rules/axe/2.2/aria-valid-attr-value?application=lighthouse).","rawValue":true,"extendedInfo":{},"name":"aria-valid-attr-value","description":"`[aria-*]` attributes have valid values","scoringMode":"binary","details":{"header":{"text":"View failing elements","type":"text"},"type":"list","items":[]}},"score":100,"weight":2,"id":"aria-valid-attr-value","group":"a11y-aria"},{"result":{"displayValue":"","score":true,"helpText":"Assistive technologies, like screen readers, can't interpret ARIA attributes with invalid names. [Learn more](https://dequeuniversity.com/rules/axe/2.2/aria-valid-attr?application=lighthouse).","rawValue":true,"extendedInfo":{},"name":"aria-valid-attr","description":"`[aria-*]` attributes are valid and not misspelled","scoringMode":"binary","details":{"header":{"text":"View failing elements","type":"text"},"type":"list","items":[]}},"score":100,"weight":5,"id":"aria-valid-attr","group":"a11y-aria"},{"result":{"displayValue":"","score":false,"helpText":"Captions make audio elements usable for deaf or hearing-impaired users, providing critical information such as who is talking, what they're saying, and other non-speech information. [Learn more](https://dequeuniversity.com/rules/axe/2.2/audio-caption?application=lighthouse).","rawValue":false,"name":"audio-caption","description":"`<audio>` elements are missing a `<track>` element with `[kind=\"captions\"]`.","scoringMode":"binary","informative":true,"notApplicable":true},"score":100,"weight":0,"id":"audio-caption","group":"a11y-correct-attributes"},{"result":{"displayValue":"","score":false,"helpText":"When a button doesn't have an accessible name, screen readers announce it as \"button\", making it unusable for users who rely on screen readers. [Learn more](https://dequeuniversity.com/rules/axe/2.2/button-name?application=lighthouse).","rawValue":false,"extendedInfo":{"value":{"help":"Buttons must have discernible text","nodes":[{"failureSummary":"Fix all of the following:\n  Element is in tab order and does not have accessible text\n\nFix any of the following:\n  Element has a value attribute and the value attribute is empty\n  Element has no value attribute or the value attribute is empty\n  Element does not have inner text that is visible to screen readers\n  aria-label attribute does not exist or is empty\n  aria-labelledby attribute does not exist, references elements that do not exist or references elements that are empty or not visible\n  Element's default semantics were not overridden with role=\"presentation\"\n  Element's default semantics were not overridden with role=\"none\"","snippet":"<button type=\"button\" class=\"toolbar__side-icon btn btn--icon\">","path":"1,HTML,2,BODY,0,MAIN,0,DIV,1,DIV,2,NAV,0,DIV,0,BUTTON","impact":"critical","html":"<button type=\"button\" class=\"toolbar__side-icon btn btn--icon\"><div class=\"btn__content\"><i aria-hidden=\"true\" class=\"icon material-icons\">menu<\/i><\/div><\/button>","target":[".toolbar__side-icon"]},{"failureSummary":"Fix all of the following:\n  Element is in tab order and does not have accessible text\n\nFix any of the following:\n  Element has a value attribute and the value attribute is empty\n  Element has no value attribute or the value attribute is empty\n  Element does not have inner text that is visible to screen readers\n  aria-label attribute does not exist or is empty\n  aria-labelledby attribute does not exist, references elements that do not exist or references elements that are empty or not visible\n  Element's default semantics were not overridden with role=\"presentation\"\n  Element's default semantics were not overridden with role=\"none\"","snippet":"<button type=\"button\" class=\"btn btn--icon\">","path":"1,HTML,2,BODY,0,MAIN,0,DIV,1,DIV,2,NAV,0,DIV,4,SPAN,0,SPAN,0,BUTTON","impact":"critical","html":"<button type=\"button\" class=\"btn btn--icon\"><div class=\"btn__content\"><i aria-hidden=\"true\" class=\"icon fa fa-sign-out\"><\/i><\/div><\/button>","target":["span > .btn--icon"]}],"impact":"critical","description":"Ensures buttons have discernible text","helpUrl":"https://dequeuniversity.com/rules/axe/3.0/button-name?application=axeAPI","id":"button-name","tags":["cat.name-role-value","wcag2a","wcag412","section508","section508.22.a"]}},"name":"button-name","description":"Buttons do not have an accessible name","scoringMode":"binary","details":{"header":{"text":"View failing elements","type":"text"},"type":"list","items":[{"snippet":"<button type=\"button\" class=\"toolbar__side-icon btn btn--icon\">","path":"1,HTML,2,BODY,0,MAIN,0,DIV,1,DIV,2,NAV,0,DIV,0,BUTTON","selector":".toolbar__side-icon","type":"node"},{"snippet":"<button type=\"button\" class=\"btn btn--icon\">","path":"1,HTML,2,BODY,0,MAIN,0,DIV,1,DIV,2,NAV,0,DIV,4,SPAN,0,SPAN,0,BUTTON","selector":"span > .btn--icon","type":"node"}]}},"score":0,"weight":10,"id":"button-name","group":"a11y-element-names"},{"result":{"displayValue":"","score":true,"helpText":"Adding ways to bypass repetitive content lets keyboard users navigate the page more efficiently. [Learn more](https://dequeuniversity.com/rules/axe/2.2/bypass?application=lighthouse).","rawValue":true,"extendedInfo":{},"name":"bypass","description":"The page contains a heading, skip link, or landmark region","scoringMode":"binary","details":{"header":{"text":"View failing elements","type":"text"},"type":"list","items":[]}},"score":100,"weight":10,"id":"bypass","group":"a11y-describe-contents"},{"result":{"displayValue":"","score":true,"helpText":"Low-contrast text is difficult or impossible for many users to read. [Learn more](https://dequeuniversity.com/rules/axe/2.2/color-contrast?application=lighthouse).","rawValue":true,"extendedInfo":{},"name":"color-contrast","description":"Background and foreground colors have a sufficient contrast ratio","scoringMode":"binary","details":{"header":{"text":"View failing elements","type":"text"},"type":"list","items":[]}},"score":100,"weight":6,"id":"color-contrast","group":"a11y-color-contrast"},{"result":{"displayValue":"","score":false,"helpText":"When definition lists are not properly marked up, screen readers may produce confusing or inaccurate output. [Learn more](https://dequeuniversity.com/rules/axe/2.2/definition-list?application=lighthouse).","rawValue":false,"name":"definition-list","description":"`<dl>`'s do not contain only properly-ordered `<dt>` and `<dd>` groups, `<script>` or `<template>` elements.","scoringMode":"binary","informative":true,"notApplicable":true},"score":100,"weight":0,"id":"definition-list","group":"a11y-well-structured"},{"result":{"displayValue":"","score":false,"helpText":"Definition list items (`<dt>` and `<dd>`) must be wrapped in a parent `<dl>` element to ensure that screen readers can properly announce them. [Learn more](https://dequeuniversity.com/rules/axe/2.2/dlitem?application=lighthouse).","rawValue":false,"name":"dlitem","description":"Definition list items are not wrapped in `<dl>` elements","scoringMode":"binary","informative":true,"notApplicable":true},"score":100,"weight":0,"id":"dlitem","group":"a11y-well-structured"},{"result":{"displayValue":"","score":true,"helpText":"The title gives screen reader users an overview of the page, and search engine users rely on it heavily to determine if a page is relevant to their search. [Learn more](https://developers.google.com/web/tools/lighthouse/audits/title).","rawValue":true,"extendedInfo":{},"name":"document-title","description":"Document has a `<title>` element","scoringMode":"binary","details":{"header":{"text":"View failing elements","type":"text"},"type":"list","items":[]}},"score":100,"weight":2,"id":"document-title","group":"a11y-describe-contents"},{"result":{"displayValue":"","score":true,"helpText":"The value of an id attribute must be unique to prevent other instances from being overlooked by assistive technologies. [Learn more](https://dequeuniversity.com/rules/axe/2.2/duplicate-id?application=lighthouse).","rawValue":true,"extendedInfo":{},"name":"duplicate-id","description":"`[id]` attributes on the page are unique","scoringMode":"binary","details":{"header":{"text":"View failing elements","type":"text"},"type":"list","items":[]}},"score":100,"weight":5,"id":"duplicate-id","group":"a11y-well-structured"},{"result":{"displayValue":"","score":false,"helpText":"Screen reader users rely on frame titles to describe the contents of frames. [Learn more](https://dequeuniversity.com/rules/axe/2.2/frame-title?application=lighthouse).","rawValue":false,"name":"frame-title","description":"`<frame>` or `<iframe>` elements do not have a title","scoringMode":"binary","informative":true,"notApplicable":true},"score":100,"weight":0,"id":"frame-title","group":"a11y-describe-contents"},{"result":{"displayValue":"","score":false,"helpText":"If a page doesn't specify a lang attribute, a screen reader assumes that the page is in the default language that the user chose when setting up the screen reader. If the page isn't actually in the default language, then the screen reader might not announce the page's text correctly. [Learn more](https://dequeuniversity.com/rules/axe/2.2/html-lang?application=lighthouse).","rawValue":false,"extendedInfo":{"value":{"help":"<html> element must have a lang attribute","nodes":[{"failureSummary":"Fix any of the following:\n  The <html> element does not have a lang attribute","snippet":"<html>","path":"1,HTML","impact":"serious","html":"<html>","target":["html"]}],"impact":"serious","description":"Ensures every HTML document has a lang attribute","helpUrl":"https://dequeuniversity.com/rules/axe/3.0/html-has-lang?application=axeAPI","id":"html-has-lang","tags":["cat.language","wcag2a","wcag311"]}},"name":"html-has-lang","description":"`<html>` element does not have a `[lang]` attribute","scoringMode":"binary","details":{"header":{"text":"View failing elements","type":"text"},"type":"list","items":[{"snippet":"<html>","path":"1,HTML","selector":"html","type":"node"}]}},"score":0,"weight":4,"id":"html-has-lang","group":"a11y-language"},{"result":{"displayValue":"","score":false,"helpText":"Specifying a valid [BCP 47 language](https://www.w3.org/International/questions/qa-choosing-language-tags#question) helps screen readers announce text properly. [Learn more](https://dequeuniversity.com/rules/axe/2.2/valid-lang?application=lighthouse).","rawValue":false,"name":"html-lang-valid","description":"`<html>` element does not have a valid value for its `[lang]` attribute.","scoringMode":"binary","informative":true,"notApplicable":true},"score":100,"weight":0,"id":"html-lang-valid","group":"a11y-language"},{"result":{"displayValue":"","score":false,"helpText":"Informative elements should aim for short, descriptive alternate text. Decorative elements can be ignored with an empty alt attribute.[Learn more](https://dequeuniversity.com/rules/axe/2.2/image-alt?application=lighthouse).","rawValue":false,"name":"image-alt","description":"Image elements do not have `[alt]` attributes","scoringMode":"binary","informative":true,"notApplicable":true},"score":100,"weight":0,"id":"image-alt","group":"a11y-correct-attributes"},{"result":{"displayValue":"","score":false,"helpText":"When an image is being used as an `<input>` button, providing alternative text can help screen reader users understand the purpose of the button. [Learn more](https://dequeuniversity.com/rules/axe/2.2/input-image-alt?application=lighthouse).","rawValue":false,"name":"input-image-alt","description":"`<input type=\"image\">` elements do not have `[alt]` text","scoringMode":"binary","informative":true,"notApplicable":true},"score":100,"weight":0,"id":"input-image-alt","group":"a11y-correct-attributes"},{"result":{"displayValue":"","score":true,"helpText":"Labels ensure that form controls are announced properly by assistive technologies, like screen readers. [Learn more](https://dequeuniversity.com/rules/axe/2.2/label?application=lighthouse).","rawValue":true,"extendedInfo":{},"name":"label","description":"Form elements have associated labels","scoringMode":"binary","details":{"header":{"text":"View failing elements","type":"text"},"type":"list","items":[]}},"score":100,"weight":10,"id":"label","group":"a11y-describe-contents"},{"result":{"displayValue":"","score":false,"helpText":"A table being used for layout purposes should not include data elements, such as the th or caption elements or the summary attribute, because this can create a confusing experience for screen reader users. [Learn more](https://dequeuniversity.com/rules/axe/2.2/layout-table?application=lighthouse).","rawValue":false,"name":"layout-table","description":"Presentational `<table>` elements do not avoid using `<th>`, `<caption>` or the `[summary]` attribute.","scoringMode":"binary","informative":true,"notApplicable":true},"score":100,"weight":0,"id":"layout-table","group":"a11y-describe-contents"},{"result":{"displayValue":"","score":true,"helpText":"Link text (and alternate text for images, when used as links) that is discernible, unique, and focusable improves the navigation experience for screen reader users. [Learn more](https://dequeuniversity.com/rules/axe/2.2/link-name?application=lighthouse).","rawValue":true,"extendedInfo":{},"name":"link-name","description":"Links have a discernible name","scoringMode":"binary","details":{"header":{"text":"View failing elements","type":"text"},"type":"list","items":[]}},"score":100,"weight":9,"id":"link-name","group":"a11y-element-names"},{"result":{"displayValue":"","score":false,"helpText":"Screen readers have a specific way of announcing lists. Ensuring proper list structure aids screen reader output. [Learn more](https://dequeuniversity.com/rules/axe/2.2/list?application=lighthouse).","rawValue":false,"name":"list","description":"Lists do not contain only `<li>` elements and script supporting elements (`<script>` and `<template>`).","scoringMode":"binary","informative":true,"notApplicable":true},"score":100,"weight":0,"id":"list","group":"a11y-well-structured"},{"result":{"displayValue":"","score":false,"helpText":"Screen readers require list items (`<li>`) to be contained within a parent `<ul>` or `<ol>` to be announced properly. [Learn more](https://dequeuniversity.com/rules/axe/2.2/listitem?application=lighthouse).","rawValue":false,"name":"listitem","description":"List items (`<li>`) are not contained within `<ul>` or `<ol>` parent elements.","scoringMode":"binary","informative":true,"notApplicable":true},"score":100,"weight":0,"id":"listitem","group":"a11y-well-structured"},{"result":{"displayValue":"","score":false,"helpText":"Users do not expect a page to refresh automatically, and doing so will move focus back to the top of the page. This may create a frustrating or confusing experience. [Learn more](https://dequeuniversity.com/rules/axe/2.2/meta-refresh?application=lighthouse).","rawValue":false,"name":"meta-refresh","description":"The document uses `<meta http-equiv=\"refresh\">`","scoringMode":"binary","informative":true,"notApplicable":true},"score":100,"weight":0,"id":"meta-refresh","group":"a11y-meta"},{"result":{"displayValue":"","score":false,"helpText":"Disabling zooming is problematic for users with low vision who rely on screen magnification to properly see the contents of a web page. [Learn more](https://dequeuniversity.com/rules/axe/2.2/meta-viewport?application=lighthouse).","rawValue":false,"extendedInfo":{"value":{"help":"Zooming and scaling must not be disabled","nodes":[{"failureSummary":"Fix any of the following:\n  <meta> tag disables zooming on mobile devices","snippet":"<meta name=\"viewport\" content=\"width=device-width,initial-scale=1,maximum-scale=1,minimum-scale=1,user-scalable=no\">","path":"1,HTML,1,HEAD,1,META","impact":"critical","html":"<meta name=\"viewport\" content=\"width=device-width,initial-scale=1,maximum-scale=1,minimum-scale=1,user-scalable=no\">","target":["meta[name=\"viewport\"]"]}],"impact":"critical","description":"Ensures <meta name=\"viewport\"> does not disable text scaling and zooming","helpUrl":"https://dequeuniversity.com/rules/axe/3.0/meta-viewport?application=axeAPI","id":"meta-viewport","tags":["cat.sensory-and-visual-cues","wcag2aa","wcag144"]}},"name":"meta-viewport","description":"`[user-scalable=\"no\"]` is used in the `<meta name=\"viewport\">` element or the `[maximum-scale]` attribute is less than 5.","scoringMode":"binary","details":{"header":{"text":"View failing elements","type":"text"},"type":"list","items":[{"snippet":"<meta name=\"viewport\" content=\"width=device-width,initial-scale=1,maximum-scale=1,minimum-scale=1,user-scalable=no\">","path":"1,HTML,1,HEAD,1,META","selector":"meta[name=\"viewport\"]","type":"node"}]}},"score":0,"weight":3,"id":"meta-viewport","group":"a11y-meta"},{"result":{"displayValue":"","score":false,"helpText":"Screen readers cannot translate non-text content. Adding alt text to `<object>` elements helps screen readers convey meaning to users. [Learn more](https://dequeuniversity.com/rules/axe/2.2/object-alt?application=lighthouse).","rawValue":false,"name":"object-alt","description":"`<object>` elements do not have `[alt]` text","scoringMode":"binary","informative":true,"notApplicable":true},"score":100,"weight":0,"id":"object-alt","group":"a11y-describe-contents"},{"result":{"displayValue":"","score":true,"helpText":"A value greater than 0 implies an explicit navigation ordering. Although technically valid, this often creates frustrating experiences for users who rely on assistive technologies. [Learn more](https://dequeuniversity.com/rules/axe/2.2/tabindex?application=lighthouse).","rawValue":true,"extendedInfo":{},"name":"tabindex","description":"No element has a `[tabindex]` value greater than 0","scoringMode":"binary","details":{"header":{"text":"View failing elements","type":"text"},"type":"list","items":[]}},"score":100,"weight":4,"id":"tabindex","group":"a11y-correct-attributes"},{"result":{"displayValue":"","score":false,"helpText":"Screen readers have features to make navigating tables easier. Ensuring `<td>` cells using the `[headers]` attribute only refer to other cells in the same table may improve the experience for screen reader users. [Learn more](https://dequeuniversity.com/rules/axe/2.2/td-headers-attr?application=lighthouse).","rawValue":false,"name":"td-headers-attr","description":"Cells in a `<table>` element that use the `[headers]` attribute refers to other cells of that same table.","scoringMode":"binary","informative":true,"notApplicable":true},"score":100,"weight":0,"id":"td-headers-attr","group":"a11y-correct-attributes"},{"result":{"displayValue":"","score":false,"helpText":"Screen readers have features to make navigating tables easier. Ensuring table headers always refer to some set of cells may improve the experience for screen reader users. [Learn more](https://dequeuniversity.com/rules/axe/2.2/th-has-data-cells?application=lighthouse).","rawValue":false,"name":"th-has-data-cells","description":"`<th>` elements and elements with `[role=\"columnheader\"/\"rowheader\"]` do not have data cells they describe.","scoringMode":"binary","informative":true,"notApplicable":true},"score":100,"weight":0,"id":"th-has-data-cells","group":"a11y-correct-attributes"},{"result":{"displayValue":"","score":false,"helpText":"Specifying a valid [BCP 47 language](https://www.w3.org/International/questions/qa-choosing-language-tags#question) on elements helps ensure that text is pronounced correctly by a screen reader. [Learn more](https://dequeuniversity.com/rules/axe/2.2/valid-lang?application=lighthouse).","rawValue":false,"name":"valid-lang","description":"`[lang]` attributes do not have a valid value","scoringMode":"binary","informative":true,"notApplicable":true},"score":100,"weight":0,"id":"valid-lang","group":"a11y-language"},{"result":{"displayValue":"","score":false,"helpText":"When a video provides a caption it is easier for deaf and hearing impaired users to access its information. [Learn more](https://dequeuniversity.com/rules/axe/2.2/video-caption?application=lighthouse).","rawValue":false,"name":"video-caption","description":"`<video>` elements do not contain a `<track>` element with `[kind=\"captions\"]`.","scoringMode":"binary","informative":true,"notApplicable":true},"score":100,"weight":0,"id":"video-caption","group":"a11y-describe-contents"},{"result":{"displayValue":"","score":false,"helpText":"Audio descriptions provide relevant information for videos that dialogue cannot, such as facial expressions and scenes. [Learn more](https://dequeuniversity.com/rules/axe/2.2/video-description?application=lighthouse).","rawValue":false,"name":"video-description","description":"`<video>` elements do not contain a `<track>` element with `[kind=\"description\"]`.","scoringMode":"binary","informative":true,"notApplicable":true},"score":100,"weight":0,"id":"video-description","group":"a11y-describe-contents"},{"result":{"displayValue":"","score":false,"helpText":"Tabbing through the page follows the visual layout. Users cannot focus elements that are offscreen. [Learn more](https://developers.google.com/web/fundamentals/accessibility/how-to-review#start_with_the_keyboard).","rawValue":false,"name":"logical-tab-order","description":"The page has a logical tab order","scoringMode":"binary","informative":true,"manual":true},"score":0,"weight":0,"id":"logical-tab-order","group":"manual-a11y-checks"},{"result":{"displayValue":"","score":false,"helpText":"Custom interactive controls are keyboard focusable and display a focus indicator. [Learn more](https://developers.google.com/web/fundamentals/accessibility/how-to-review#start_with_the_keyboard).","rawValue":false,"name":"focusable-controls","description":"Interactive controls are keyboard focusable","scoringMode":"binary","informative":true,"manual":true},"score":0,"weight":0,"id":"focusable-controls","group":"manual-a11y-checks"},{"result":{"displayValue":"","score":false,"helpText":"If new content, such as a dialog, is added to the page, the user's focus is directed to it. [Learn more](https://developers.google.com/web/fundamentals/accessibility/how-to-review#start_with_the_keyboard).","rawValue":false,"name":"managed-focus","description":"The user's focus is directed to new content added to the page","scoringMode":"binary","informative":true,"manual":true},"score":0,"weight":0,"id":"managed-focus","group":"manual-a11y-checks"},{"result":{"displayValue":"","score":false,"helpText":"A user can tab into and out of any control or region without accidentally trapping their focus. [Learn more](https://developers.google.com/web/fundamentals/accessibility/how-to-review#start_with_the_keyboard).","rawValue":false,"name":"focus-traps","description":"User focus is not accidentally trapped in a region","scoringMode":"binary","informative":true,"manual":true},"score":0,"weight":0,"id":"focus-traps","group":"manual-a11y-checks"},{"result":{"displayValue":"","score":false,"helpText":"Custom interactive controls have associated labels, provided by aria-label or aria-labelledby. [Learn more](https://developers.google.com/web/fundamentals/accessibility/how-to-review#try_it_with_a_screen_reader).","rawValue":false,"name":"custom-controls-labels","description":"Custom controls have associated labels","scoringMode":"binary","informative":true,"manual":true},"score":0,"weight":0,"id":"custom-controls-labels","group":"manual-a11y-checks"},{"result":{"displayValue":"","score":false,"helpText":"Custom interactive controls have appropriate ARIA roles. [Learn more](https://developers.google.com/web/fundamentals/accessibility/how-to-review#try_it_with_a_screen_reader).","rawValue":false,"name":"custom-controls-roles","description":"Custom controls have ARIA roles","scoringMode":"binary","informative":true,"manual":true},"score":0,"weight":0,"id":"custom-controls-roles","group":"manual-a11y-checks"},{"result":{"displayValue":"","score":false,"helpText":"DOM order matches the visual order, improving navigation for assistive technology. [Learn more](https://developers.google.com/web/fundamentals/accessibility/how-to-review#try_it_with_a_screen_reader).","rawValue":false,"name":"visual-order-follows-dom","description":"Visual order on the page follows DOM order","scoringMode":"binary","informative":true,"manual":true},"score":0,"weight":0,"id":"visual-order-follows-dom","group":"manual-a11y-checks"},{"result":{"displayValue":"","score":false,"helpText":"Offscreen content is hidden with display: none or aria-hidden=true. [Learn more](https://developers.google.com/web/fundamentals/accessibility/how-to-review#try_it_with_a_screen_reader).","rawValue":false,"name":"offscreen-content-hidden","description":"Offscreen content is hidden from assistive technology","scoringMode":"binary","informative":true,"manual":true},"score":0,"weight":0,"id":"offscreen-content-hidden","group":"manual-a11y-checks"},{"result":{"displayValue":"","score":false,"helpText":"Headings are used to create an outline for the page and heading levels are not skipped. [Learn more](https://developers.google.com/web/fundamentals/accessibility/how-to-review#take_advantage_of_headings_and_landmarks).","rawValue":false,"name":"heading-levels","description":"Headings don't skip levels","scoringMode":"binary","informative":true,"manual":true},"score":0,"weight":0,"id":"heading-levels","group":"manual-a11y-checks"},{"result":{"displayValue":"","score":false,"helpText":"Landmark elements (<main>, <nav>, etc.) are used to improve the keyboard navigation of the page for assistive technology. [Learn more](https://developers.google.com/web/fundamentals/accessibility/how-to-review#take_advantage_of_headings_and_landmarks).","rawValue":false,"name":"use-landmarks","description":"HTML5 landmark elements are used to improve navigation","scoringMode":"binary","informative":true,"manual":true},"score":0,"weight":0,"id":"use-landmarks","group":"manual-a11y-checks"}]},{"score":86.66666666666667,"name":"Best Practices","description":"We've compiled some recommendations for modernizing your web app and avoiding performance pitfalls.","id":"best-practices","audits":[{"result":{"displayValue":"","score":true,"debugString":"","helpText":"Application Cache is deprecated. [Learn more](https://developers.google.com/web/tools/lighthouse/audits/appcache).","rawValue":true,"name":"appcache-manifest","description":"Avoids Application Cache","scoringMode":"binary"},"score":100,"weight":1,"id":"appcache-manifest"},{"result":{"displayValue":"","score":true,"debugString":"","helpText":"Web SQL is deprecated. Consider using IndexedDB instead. [Learn more](https://developers.google.com/web/tools/lighthouse/audits/web-sql).","rawValue":true,"name":"no-websql","description":"Avoids WebSQL DB","scoringMode":"binary"},"score":100,"weight":1,"id":"no-websql"},{"result":{"displayValue":"5 requests were not handled over HTTP/2","score":false,"helpText":"HTTP/2 offers many benefits over HTTP/1.1, including binary headers, multiplexing, and server push. [Learn more](https://developers.google.com/web/tools/lighthouse/audits/http2).","rawValue":false,"extendedInfo":{"value":{"results":[{"protocol":"http/1.1","url":"http://web/"},{"protocol":"http/1.1","url":"http://web/static/js/manifest.9f020e973ae4037504f6.js"},{"protocol":"http/1.1","url":"http://web/static/js/vendor.d1efda22f11e965a5228.js"},{"protocol":"http/1.1","url":"http://web/static/js/app.310cd52123c59f9f64a5.js"},{"protocol":"http/1.1","url":"http://web/static/css/app.a1bcfeb0daa2a3f727390086fd42ee9d.css"}]}},"name":"uses-http2","description":"Does not use HTTP/2 for all of its resources","scoringMode":"binary","details":{"itemHeaders":[{"itemType":"url","text":"URL","type":"text"},{"itemType":"text","text":"Protocol","type":"text"}],"header":"View Details","type":"table","items":[[{"text":"http://web/","type":"url"},{"text":"http/1.1","type":"text"}],[{"text":"http://web/static/js/manifest.9f020e973ae4037504f6.js","type":"url"},{"text":"http/1.1","type":"text"}],[{"text":"http://web/static/js/vendor.d1efda22f11e965a5228.js","type":"url"},{"text":"http/1.1","type":"text"}],[{"text":"http://web/static/js/app.310cd52123c59f9f64a5.js","type":"url"},{"text":"http/1.1","type":"text"}],[{"text":"http://web/static/css/app.a1bcfeb0daa2a3f727390086fd42ee9d.css","type":"url"},{"text":"http/1.1","type":"text"}]]}},"score":0,"weight":1,"id":"uses-http2"},{"result":{"displayValue":"","score":true,"helpText":"Consider marking your touch and wheel event listeners as `passive` to improve your page's scroll performance. [Learn more](https://developers.google.com/web/tools/lighthouse/audits/passive-event-listeners).","rawValue":true,"extendedInfo":{"value":[]},"name":"uses-passive-event-listeners","description":"Uses passive listeners to improve scrolling performance","scoringMode":"binary","details":{"itemHeaders":[{"itemType":"url","text":"URL","type":"text"},{"itemType":"text","text":"Location","type":"text"}],"header":"View Details","type":"table","items":[]}},"score":100,"weight":1,"id":"uses-passive-event-listeners"},{"result":{"displayValue":"","score":true,"helpText":"Mutation Events are deprecated and harm performance. Consider using Mutation Observers instead. [Learn more](https://developers.google.com/web/tools/lighthouse/audits/mutation-events).","rawValue":true,"extendedInfo":{"value":{"results":[]}},"name":"no-mutation-events","description":"Avoids Mutation Events in its own scripts","scoringMode":"binary","details":{"itemHeaders":[{"itemType":"url","text":"URL","type":"text"},{"itemType":"code","text":"Event","type":"text"},{"itemType":"text","text":"Line","type":"text"},{"itemType":"text","text":"Col","type":"text"},{"itemType":"code","text":"Snippet","type":"text"}],"header":"View Details","type":"table","items":[]}},"score":100,"weight":1,"id":"no-mutation-events"},{"result":{"displayValue":"","score":true,"helpText":"For users on slow connections, external scripts dynamically injected via `document.write()` can delay page load by tens of seconds. [Learn more](https://developers.google.com/web/tools/lighthouse/audits/document-write).","rawValue":true,"extendedInfo":{"value":[]},"name":"no-document-write","description":"Avoids `document.write()`","scoringMode":"binary","details":{"itemHeaders":[{"itemType":"url","text":"URL","type":"text"},{"itemType":"text","text":"Location","type":"text"}],"header":"View Details","type":"table","items":[]}},"score":100,"weight":1,"id":"no-document-write"},{"result":{"displayValue":"","score":true,"helpText":"Open new tabs using `rel=\"noopener\"` to improve performance and prevent security vulnerabilities. [Learn more](https://developers.google.com/web/tools/lighthouse/audits/noopener).","rawValue":true,"extendedInfo":{"value":[]},"name":"external-anchors-use-rel-noopener","description":"Opens external anchors using `rel=\"noopener\"`","scoringMode":"binary","details":{"itemHeaders":[{"itemType":"url","text":"URL","type":"text"},{"itemType":"text","text":"Target","type":"text"},{"itemType":"text","text":"Rel","type":"text"}],"header":"View Details","type":"table","items":[]}},"score":100,"weight":1,"id":"external-anchors-use-rel-noopener"},{"result":{"displayValue":"","score":true,"helpText":"Users are mistrustful of or confused by sites that request their location without context. Consider tying the request to user gestures instead. [Learn more](https://developers.google.com/web/tools/lighthouse/audits/geolocation-on-load).","rawValue":true,"extendedInfo":{"value":[]},"name":"geolocation-on-start","description":"Avoids requesting the geolocation permission on page load","scoringMode":"binary","details":{"itemHeaders":[{"itemType":"url","text":"URL","type":"text"},{"itemType":"text","text":"Location","type":"text"}],"header":"View Details","type":"table","items":[]}},"score":100,"weight":1,"id":"geolocation-on-start"},{"result":{"displayValue":"","score":true,"helpText":"Some third-party scripts may contain known security vulnerabilities  that are easily identified and exploited by attackers.","rawValue":true,"name":"no-vulnerable-libraries","description":"Avoids front-end JavaScript libraries with known security vulnerabilities","scoringMode":"binary"},"score":100,"weight":1,"id":"no-vulnerable-libraries"},{"result":{"displayValue":"","score":true,"helpText":"Users are mistrustful of or confused by sites that request to send notifications without context. Consider tying the request to user gestures instead. [Learn more](https://developers.google.com/web/tools/lighthouse/audits/notifications-on-load).","rawValue":true,"extendedInfo":{"value":[]},"name":"notification-on-start","description":"Avoids requesting the notification permission on page load","scoringMode":"binary","details":{"itemHeaders":[{"itemType":"url","text":"URL","type":"text"},{"itemType":"text","text":"Location","type":"text"}],"header":"View Details","type":"table","items":[]}},"score":100,"weight":1,"id":"notification-on-start"},{"result":{"displayValue":"","score":true,"helpText":"Deprecated APIs will eventually be removed from the browser. [Learn more](https://www.chromestatus.com/features#deprecated).","rawValue":true,"extendedInfo":{"value":[]},"name":"deprecations","description":"Avoids deprecated APIs","scoringMode":"binary","details":{"itemHeaders":[{"itemType":"code","text":"Deprecation / Warning","type":"text"},{"itemType":"url","text":"URL","type":"text"},{"itemType":"text","text":"Line","type":"text"}],"header":"View Details","type":"table","items":[]}},"score":100,"weight":1,"id":"deprecations"},{"result":{"displayValue":"","score":false,"helpText":"Make your app's `short_name` fewer than 12 characters to ensure that it's not truncated on homescreens. [Learn more](https://developers.google.com/web/tools/lighthouse/audits/manifest-short_name-is-not-truncated).","rawValue":false,"name":"manifest-short-name-length","description":"Manifest's `short_name` will be truncated when displayed on homescreen","scoringMode":"binary"},"score":0,"weight":1,"id":"manifest-short-name-length"},{"result":{"displayValue":"","score":true,"helpText":"Preventing password pasting undermines good security policy. [Learn more](https://www.ncsc.gov.uk/blog-post/let-them-paste-passwords)","rawValue":true,"extendedInfo":{"value":[]},"name":"password-inputs-can-be-pasted-into","description":"Allows users to paste into password fields","scoringMode":"binary","details":{"header":{"text":"Password inputs that prevent pasting into","type":"text"},"type":"list","items":[]}},"score":100,"weight":1,"id":"password-inputs-can-be-pasted-into"},{"result":{"displayValue":"","score":true,"helpText":"Errors logged to the console indicate unresolved problems. They can come from network request failures and other browser concerns.","rawValue":0,"name":"errors-in-console","description":"No browser errors logged to the console","scoringMode":"binary","details":{"itemHeaders":[{"itemType":"url","text":"URL","type":"text"},{"itemType":"code","text":"Description","type":"text"}],"header":"View Details","type":"table","items":[]}},"score":100,"weight":1,"id":"errors-in-console"},{"result":{"displayValue":"","score":true,"helpText":"Image display dimensions should match natural aspect ratio.","rawValue":true,"name":"image-aspect-ratio","description":"Displays images with correct aspect ratio","scoringMode":"binary","details":{"itemHeaders":[{"itemType":"thumbnail","text":"","type":"text"},{"itemType":"url","text":"URL","type":"text"},{"itemType":"text","text":"Aspect Ratio (Displayed)","type":"text"},{"itemType":"text","text":"Aspect Ratio (Actual)","type":"text"}],"header":"View Details","type":"table","items":[]}},"score":100,"weight":1,"id":"image-aspect-ratio"}]},{"score":50,"name":"SEO","description":"These checks ensure that your page is optimized for search engine results ranking. There are additional factors Lighthouse does not check that may affect your search ranking. [Learn more](https://support.google.com/webmasters/answer/35769).","id":"seo","audits":[{"result":{"displayValue":"","score":true,"debugString":"","helpText":"Add a viewport meta tag to optimize your app for mobile screens. [Learn more](https://developers.google.com/web/tools/lighthouse/audits/has-viewport-meta-tag).","rawValue":true,"name":"viewport","description":"Has a `<meta name=\"viewport\">` tag with `width` or `initial-scale`","scoringMode":"binary"},"score":100,"weight":1,"id":"viewport","group":"seo-mobile"},{"result":{"displayValue":"","score":true,"helpText":"The title gives screen reader users an overview of the page, and search engine users rely on it heavily to determine if a page is relevant to their search. [Learn more](https://developers.google.com/web/tools/lighthouse/audits/title).","rawValue":true,"extendedInfo":{},"name":"document-title","description":"Document has a `<title>` element","scoringMode":"binary","details":{"header":{"text":"View failing elements","type":"text"},"type":"list","items":[]}},"score":100,"weight":1,"id":"document-title","group":"seo-content"},{"result":{"displayValue":"","score":false,"helpText":"Meta descriptions may be included in search results to concisely summarize page content. [Learn more](https://developers.google.com/web/tools/lighthouse/audits/description).","rawValue":false,"name":"meta-description","description":"Document does not have a meta description","scoringMode":"binary"},"score":0,"weight":1,"id":"meta-description","group":"seo-content"},{"result":{"displayValue":"","score":null,"debugString":"Audit error: Unable to identify the main resource","helpText":"Pages with unsuccessful HTTP status codes may not be indexed properly. [Learn more](https://developers.google.com/web/tools/lighthouse/audits/successful-http-code).","rawValue":null,"name":"http-status-code","description":"Page has unsuccessful HTTP status code","scoringMode":"binary","error":true},"score":0,"weight":1,"id":"http-status-code","group":"seo-crawl"},{"result":{"displayValue":"","score":true,"helpText":"Descriptive link text helps search engines understand your content. [Learn more](https://developers.google.com/web/tools/lighthouse/audits/descriptive-link-text).","rawValue":true,"name":"link-text","description":"Links have descriptive text","scoringMode":"binary","details":{"itemHeaders":[{"itemType":"url","text":"Link destination","type":"text"},{"itemType":"text","text":"Link Text","type":"text"}],"header":"View Details","type":"table","items":[]}},"score":100,"weight":1,"id":"link-text","group":"seo-content"},{"result":{"displayValue":"","score":null,"debugString":"Audit error: Unable to identify the main resource","helpText":"Search engines are unable to include your pages in search results if they don't have permission to crawl them. [Learn more](https://developers.google.com/web/tools/lighthouse/audits/indexing).","rawValue":null,"name":"is-crawlable","description":"Page is blocked from indexing","scoringMode":"binary","error":true},"score":0,"weight":1,"id":"is-crawlable","group":"seo-crawl"},{"result":{"displayValue":"","score":null,"debugString":"Audit error: Unable to identify the main resource","helpText":"hreflang allows crawlers to discover alternate translations of the page content. [Learn more](https://support.google.com/webmasters/answer/189077).","rawValue":null,"name":"hreflang","description":"Document doesn't have a valid `hreflang`","scoringMode":"binary","error":true},"score":0,"weight":1,"id":"hreflang","group":"seo-content"},{"result":{"displayValue":"","score":null,"debugString":"Audit error: Unable to identify the main resource","helpText":"Canonical links suggest which URL to show in search results. [Learn more](https://developers.google.com/web/tools/lighthouse/audits/canonical).","rawValue":null,"name":"canonical","description":"Document does not have a valid `rel=canonical`","scoringMode":"binary","error":true},"score":0,"weight":1,"id":"canonical","group":"seo-content"},{"result":{"displayValue":"","score":true,"debugString":null,"helpText":"Font sizes less than 12px are too small to be legible and require mobile visitors to \u201cpinch to zoom\u201d in order to read. Strive to have >60% of page text ≥12px. [Learn more](https://developers.google.com/web/tools/lighthouse/audits/font-sizes).","rawValue":true,"name":"font-size","description":"Document uses legible font sizes","scoringMode":"binary","details":{"itemHeaders":[{"itemType":"url","text":"Source","type":"text"},{"itemType":"code","text":"Selector","type":"text"},{"itemType":"text","text":"% of Page Text","type":"text"},{"itemType":"text","text":"Font Size","type":"text"}],"header":"View Details","type":"table","items":[[{"text":"Legible text","type":"url"},{"text":null,"type":"code"},{"text":"100.00%","type":"text"},{"text":"≥ 12px","type":"text"}]]}},"score":100,"weight":1,"id":"font-size","group":"seo-mobile"},{"result":{"displayValue":"","score":true,"helpText":"Most mobile devices do not support plugins, and many desktop browsers restrict them.","rawValue":true,"name":"plugins","description":"Document avoids plugins","scoringMode":"binary","details":{"itemHeaders":[{"itemType":"code","text":"Element source","type":"text"}],"header":"View Details","type":"table","items":[]}},"score":100,"weight":1,"id":"plugins","group":"seo-content"},{"result":{"displayValue":"","score":false,"helpText":"Take the [Mobile-Friendly Test](https://search.google.com/test/mobile-friendly) to check for audits not covered by Lighthouse, like sizing tap targets appropriately. [Learn more](https://developers.google.com/search/mobile-sites/).","rawValue":false,"name":"mobile-friendly","description":"Page is mobile friendly","scoringMode":"binary","informative":true,"manual":true},"score":0,"weight":0,"id":"mobile-friendly","group":"manual-seo-checks"},{"result":{"displayValue":"","score":false,"helpText":"Run the [Structured Data Testing Tool](https://search.google.com/structured-data/testing-tool/) and the [Structured Data Linter](http://linter.structured-data.org/) to validate structured data. [Learn more](https://developers.google.com/search/docs/guides/mark-up-content).","rawValue":false,"name":"structured-data","description":"Structured data is valid","scoringMode":"binary","informative":true,"manual":true},"score":0,"weight":0,"id":"structured-data","group":"manual-seo-checks"}]}],"timing":{"total":19151},"reportGroups":{"a11y-color-contrast":{"description":"These are opportunities to improve the legibility of your content.","title":"Color Contrast Is Satisfactory"},"perf-metric":{"description":"These metrics encapsulate your web app's performance across a number of dimensions.","title":"Metrics"},"a11y-aria":{"description":"These are opportunities to improve the usage of ARIA in your application which may enhance the experience for users of assistive technology, like a screen reader.","title":"ARIA Attributes Follow Best Practices"},"a11y-element-names":{"description":"These are opportunities to improve the semantics of the controls in your application. This may enhance the experience for users of assistive technology, like a screen reader.","title":"Elements Have Discernible Names"},"a11y-well-structured":{"description":"These are opportunities to make sure your HTML is appropriately structured.","title":"Elements Are Well Structured"},"seo-content":{"description":"Format your HTML in a way that enables crawlers to better understand your app\u2019s content.","title":"Content Best Practices"},"a11y-correct-attributes":{"description":"These are opportunities to improve the configuration of your HTML elements.","title":"Elements Use Attributes Correctly"},"perf-hint":{"description":"These are opportunities to speed up your application by optimizing the following resources.","title":"Opportunities"},"seo-crawl":{"description":"To appear in search results, crawlers need access to your app.","title":"Crawling and Indexing"},"a11y-describe-contents":{"description":"These are opportunities to make your content easier to understand for a user of assistive technology, like a screen reader.","title":"Elements Describe Contents Well"},"a11y-language":{"description":"These are opportunities to improve the interpretation of your content by users in different locales.","title":"Page Specifies Valid Language"},"manual-a11y-checks":{"description":"These items address areas which an automated testing tool cannot cover. Learn more in our guide on [conducting an accessibility review](https://developers.google.com/web/fundamentals/accessibility/how-to-review).","title":"Additional items to manually check"},"seo-mobile":{"description":"Make sure your pages are mobile friendly so users don\u2019t have to pinch or zoom in order to read the content pages. [Learn more](https://developers.google.com/search/mobile-sites/).","title":"Mobile Friendly"},"perf-info":{"description":"More information about the performance of your application.","title":"Diagnostics"},"manual-pwa-checks":{"description":"These checks are required by the baseline [PWA Checklist](https://developers.google.com/web/progressive-web-apps/checklist) but are not automatically checked by Lighthouse. They do not affect your score but it's important that you verify them manually.","title":"Additional items to manually check"},"a11y-meta":{"description":"These are opportunities to improve the user experience of your site.","title":"Meta Tags Used Properly"},"manual-seo-checks":{"description":"Run these additional validators on your site to check additional SEO best practices.","title":"Additional items to manually check"}},"runWarnings":[],"userAgent":"Mozilla/5.0 (X11; Linux x86_64) AppleWebKit/537.36 (KHTML, like Gecko) HeadlessChrome/69.0.3458.0 Safari/537.36","runtimeConfig":{"blockedUrlPatterns":[],"environment":[{"name":"Device Emulation","description":"Nexus 5X","enabled":true},{"name":"Network Throttling","description":"562.5ms RTT, 1.4Mbps down, 0.7Mbps up","enabled":true},{"name":"CPU Throttling","description":"4x slowdown","enabled":true}],"extraHeaders":{}},"lighthouseVersion":"2.9.4","audits":{"plugins":{"displayValue":"","score":true,"helpText":"Most mobile devices do not support plugins, and many desktop browsers restrict them.","rawValue":true,"name":"plugins","description":"Document avoids plugins","scoringMode":"binary","details":{"itemHeaders":[{"itemType":"code","text":"Element source","type":"text"}],"header":"View Details","type":"table","items":[]}},"aria-required-parent":{"displayValue":"","score":false,"helpText":"Some ARIA child roles must be contained by specific parent roles to properly perform their intended accessibility functions. [Learn more](https://dequeuniversity.com/rules/axe/2.2/aria-required-parent?application=lighthouse).","rawValue":false,"name":"aria-required-parent","description":"`[role]`s are not contained by their required parent element","scoringMode":"binary","informative":true,"notApplicable":true},"custom-controls-labels":{"displayValue":"","score":false,"helpText":"Custom interactive controls have associated labels, provided by aria-label or aria-labelledby. [Learn more](https://developers.google.com/web/fundamentals/accessibility/how-to-review#try_it_with_a_screen_reader).","rawValue":false,"name":"custom-controls-labels","description":"Custom controls have associated labels","scoringMode":"binary","informative":true,"manual":true},"link-name":{"displayValue":"","score":true,"helpText":"Link text (and alternate text for images, when used as links) that is discernible, unique, and focusable improves the navigation experience for screen reader users. [Learn more](https://dequeuniversity.com/rules/axe/2.2/link-name?application=lighthouse).","rawValue":true,"extendedInfo":{},"name":"link-name","description":"Links have a discernible name","scoringMode":"binary","details":{"header":{"text":"View failing elements","type":"text"},"type":"list","items":[]}},"offscreen-images":{"displayValue":"","score":100,"helpText":"Consider lazy-loading offscreen and hidden images to improve page load speed and time to interactive. [Learn more](https://developers.google.com/web/tools/lighthouse/audits/offscreen-images).","rawValue":0,"extendedInfo":{"value":{"wastedKb":0,"wastedMs":0,"results":[]}},"name":"offscreen-images","description":"Offscreen images","scoringMode":"binary","informative":true,"details":{"itemHeaders":[{"itemType":"thumbnail","text":"","type":"text"},{"itemType":"url","text":"URL","type":"text"},{"itemType":"text","text":"Original","type":"text"},{"itemType":"text","text":"Potential Savings","type":"text"}],"header":"View Details","type":"table","items":[]}},"first-interactive":{"displayValue":"6,460 ms","score":71,"helpText":"First Interactive marks the time at which the page is minimally interactive. [Learn more](https://developers.google.com/web/tools/lighthouse/audits/first-interactive).","rawValue":6460.149,"extendedInfo":{"value":{"timeInMs":6460.149,"timestamp":8650059653847}},"name":"first-interactive","description":"First Interactive (beta)","scoringMode":"numeric"},"button-name":{"displayValue":"","score":false,"helpText":"When a button doesn't have an accessible name, screen readers announce it as \"button\", making it unusable for users who rely on screen readers. [Learn more](https://dequeuniversity.com/rules/axe/2.2/button-name?application=lighthouse).","rawValue":false,"extendedInfo":{"value":{"help":"Buttons must have discernible text","nodes":[{"failureSummary":"Fix all of the following:\n  Element is in tab order and does not have accessible text\n\nFix any of the following:\n  Element has a value attribute and the value attribute is empty\n  Element has no value attribute or the value attribute is empty\n  Element does not have inner text that is visible to screen readers\n  aria-label attribute does not exist or is empty\n  aria-labelledby attribute does not exist, references elements that do not exist or references elements that are empty or not visible\n  Element's default semantics were not overridden with role=\"presentation\"\n  Element's default semantics were not overridden with role=\"none\"","snippet":"<button type=\"button\" class=\"toolbar__side-icon btn btn--icon\">","path":"1,HTML,2,BODY,0,MAIN,0,DIV,1,DIV,2,NAV,0,DIV,0,BUTTON","impact":"critical","html":"<button type=\"button\" class=\"toolbar__side-icon btn btn--icon\"><div class=\"btn__content\"><i aria-hidden=\"true\" class=\"icon material-icons\">menu<\/i><\/div><\/button>","target":[".toolbar__side-icon"]},{"failureSummary":"Fix all of the following:\n  Element is in tab order and does not have accessible text\n\nFix any of the following:\n  Element has a value attribute and the value attribute is empty\n  Element has no value attribute or the value attribute is empty\n  Element does not have inner text that is visible to screen readers\n  aria-label attribute does not exist or is empty\n  aria-labelledby attribute does not exist, references elements that do not exist or references elements that are empty or not visible\n  Element's default semantics were not overridden with role=\"presentation\"\n  Element's default semantics were not overridden with role=\"none\"","snippet":"<button type=\"button\" class=\"btn btn--icon\">","path":"1,HTML,2,BODY,0,MAIN,0,DIV,1,DIV,2,NAV,0,DIV,4,SPAN,0,SPAN,0,BUTTON","impact":"critical","html":"<button type=\"button\" class=\"btn btn--icon\"><div class=\"btn__content\"><i aria-hidden=\"true\" class=\"icon fa fa-sign-out\"><\/i><\/div><\/button>","target":["span > .btn--icon"]}],"impact":"critical","description":"Ensures buttons have discernible text","helpUrl":"https://dequeuniversity.com/rules/axe/3.0/button-name?application=axeAPI","id":"button-name","tags":["cat.name-role-value","wcag2a","wcag412","section508","section508.22.a"]}},"name":"button-name","description":"Buttons do not have an accessible name","scoringMode":"binary","details":{"header":{"text":"View failing elements","type":"text"},"type":"list","items":[{"snippet":"<button type=\"button\" class=\"toolbar__side-icon btn btn--icon\">","path":"1,HTML,2,BODY,0,MAIN,0,DIV,1,DIV,2,NAV,0,DIV,0,BUTTON","selector":".toolbar__side-icon","type":"node"},{"snippet":"<button type=\"button\" class=\"btn btn--icon\">","path":"1,HTML,2,BODY,0,MAIN,0,DIV,1,DIV,2,NAV,0,DIV,4,SPAN,0,SPAN,0,BUTTON","selector":"span > .btn--icon","type":"node"}]}},"unminified-css":{"displayValue":"","score":100,"helpText":"Minifying CSS files can reduce network payload sizes. [Learn more](https://developers.google.com/speed/docs/insights/MinifyResources).","rawValue":0,"extendedInfo":{"value":{"wastedKb":0,"wastedMs":0,"results":[]}},"name":"unminified-css","description":"Minify CSS","scoringMode":"binary","informative":true,"details":{"itemHeaders":[{"itemType":"url","text":"URL","type":"text"},{"itemType":"text","text":"Original","type":"text"},{"itemType":"text","text":"Potential Savings","type":"text"}],"header":"View Details","type":"table","items":[]}},"input-image-alt":{"displayValue":"","score":false,"helpText":"When an image is being used as an `<input>` button, providing alternative text can help screen reader users understand the purpose of the button. [Learn more](https://dequeuniversity.com/rules/axe/2.2/input-image-alt?application=lighthouse).","rawValue":false,"name":"input-image-alt","description":"`<input type=\"image\">` elements do not have `[alt]` text","scoringMode":"binary","informative":true,"notApplicable":true},"uses-http2":{"displayValue":"5 requests were not handled over HTTP/2","score":false,"helpText":"HTTP/2 offers many benefits over HTTP/1.1, including binary headers, multiplexing, and server push. [Learn more](https://developers.google.com/web/tools/lighthouse/audits/http2).","rawValue":false,"extendedInfo":{"value":{"results":[{"protocol":"http/1.1","url":"http://web/"},{"protocol":"http/1.1","url":"http://web/static/js/manifest.9f020e973ae4037504f6.js"},{"protocol":"http/1.1","url":"http://web/static/js/vendor.d1efda22f11e965a5228.js"},{"protocol":"http/1.1","url":"http://web/static/js/app.310cd52123c59f9f64a5.js"},{"protocol":"http/1.1","url":"http://web/static/css/app.a1bcfeb0daa2a3f727390086fd42ee9d.css"}]}},"name":"uses-http2","description":"Does not use HTTP/2 for all of its resources","scoringMode":"binary","details":{"itemHeaders":[{"itemType":"url","text":"URL","type":"text"},{"itemType":"text","text":"Protocol","type":"text"}],"header":"View Details","type":"table","items":[[{"text":"http://web/","type":"url"},{"text":"http/1.1","type":"text"}],[{"text":"http://web/static/js/manifest.9f020e973ae4037504f6.js","type":"url"},{"text":"http/1.1","type":"text"}],[{"text":"http://web/static/js/vendor.d1efda22f11e965a5228.js","type":"url"},{"text":"http/1.1","type":"text"}],[{"text":"http://web/static/js/app.310cd52123c59f9f64a5.js","type":"url"},{"text":"http/1.1","type":"text"}],[{"text":"http://web/static/css/app.a1bcfeb0daa2a3f727390086fd42ee9d.css","type":"url"},{"text":"http/1.1","type":"text"}]]}},"th-has-data-cells":{"displayValue":"","score":false,"helpText":"Screen readers have features to make navigating tables easier. Ensuring table headers always refer to some set of cells may improve the experience for screen reader users. [Learn more](https://dequeuniversity.com/rules/axe/2.2/th-has-data-cells?application=lighthouse).","rawValue":false,"name":"th-has-data-cells","description":"`<th>` elements and elements with `[role=\"columnheader\"/\"rowheader\"]` do not have data cells they describe.","scoringMode":"binary","informative":true,"notApplicable":true},"tabindex":{"displayValue":"","score":true,"helpText":"A value greater than 0 implies an explicit navigation ordering. Although technically valid, this often creates frustrating experiences for users who rely on assistive technologies. [Learn more](https://dequeuniversity.com/rules/axe/2.2/tabindex?application=lighthouse).","rawValue":true,"extendedInfo":{},"name":"tabindex","description":"No element has a `[tabindex]` value greater than 0","scoringMode":"binary","details":{"header":{"text":"View failing elements","type":"text"},"type":"list","items":[]}},"uses-long-cache-ttl":{"displayValue":"0 assets found","score":100,"helpText":"A long cache lifetime can speed up repeat visits to your page. [Learn more](https://developers.google.com/web/fundamentals/performance/optimizing-content-efficiency/http-caching#cache-control).","rawValue":0,"extendedInfo":{"value":{"queryStringCount":0,"results":[]}},"name":"uses-long-cache-ttl","description":"Uses efficient cache policy on static assets","scoringMode":"numeric","details":{"itemHeaders":[{"itemType":"url","text":"URL","type":"text"},{"itemType":"text","text":"Cache TTL","type":"text"},{"itemType":"text","text":"Size (KB)","type":"text"}],"header":"View Details","type":"table","items":[]}},"without-javascript":{"displayValue":"","score":false,"debugString":"The page body should render some content if its scripts are not available.","helpText":"Your app should display some content when JavaScript is disabled, even if it's just a warning to the user that JavaScript is required to use the app. [Learn more](https://developers.google.com/web/tools/lighthouse/audits/no-js).","rawValue":false,"name":"without-javascript","description":"Does not provide fallback content when JavaScript is not available","scoringMode":"binary"},"uses-responsive-images":{"displayValue":"","score":100,"helpText":"Serve images that are appropriately-sized to save cellular data and improve load time. [Learn more](https://developers.google.com/web/tools/lighthouse/audits/oversized-images).","rawValue":0,"extendedInfo":{"value":{"wastedKb":0,"wastedMs":0,"results":[]}},"name":"uses-responsive-images","description":"Properly size images","scoringMode":"binary","informative":true,"details":{"itemHeaders":[{"itemType":"thumbnail","text":"","type":"text"},{"itemType":"url","text":"URL","type":"text"},{"itemType":"text","text":"Original","type":"text"},{"itemType":"text","text":"Potential Savings","type":"text"}],"header":"View Details","type":"table","items":[]}},"frame-title":{"displayValue":"","score":false,"helpText":"Screen reader users rely on frame titles to describe the contents of frames. [Learn more](https://dequeuniversity.com/rules/axe/2.2/frame-title?application=lighthouse).","rawValue":false,"name":"frame-title","description":"`<frame>` or `<iframe>` elements do not have a title","scoringMode":"binary","informative":true,"notApplicable":true},"link-blocking-first-paint":{"displayValue":"","score":100,"helpText":"External stylesheets are blocking the first paint of your page. Consider delivering critical CSS via `<style>` tags and deferring non-critical styles. [Learn more](https://developers.google.com/web/tools/lighthouse/audits/blocking-resources).","rawValue":0,"extendedInfo":{"value":{"wastedMs":"0 ms","results":[]}},"name":"link-blocking-first-paint","description":"Reduce render-blocking stylesheets","scoringMode":"binary","informative":true,"details":{"itemHeaders":[{"itemType":"url","text":"URL","type":"text"},{"itemType":"text","text":"Size (KB)","type":"text"},{"itemType":"text","text":"Delayed Paint By (ms)","type":"text"}],"header":"View Details","type":"table","items":[]}},"mobile-friendly":{"displayValue":"","score":false,"helpText":"Take the [Mobile-Friendly Test](https://search.google.com/test/mobile-friendly) to check for audits not covered by Lighthouse, like sizing tap targets appropriately. [Learn more](https://developers.google.com/search/mobile-sites/).","rawValue":false,"name":"mobile-friendly","description":"Page is mobile friendly","scoringMode":"binary","informative":true,"manual":true},"script-blocking-first-paint":{"displayValue":"","score":100,"helpText":"Script elements are blocking the first paint of your page. Consider inlining critical scripts and deferring non-critical ones. [Learn more](https://developers.google.com/web/tools/lighthouse/audits/blocking-resources).","rawValue":0,"extendedInfo":{"value":{"wastedMs":"0 ms","results":[]}},"name":"script-blocking-first-paint","description":"Reduce render-blocking scripts","scoringMode":"binary","informative":true,"details":{"itemHeaders":[{"itemType":"url","text":"URL","type":"text"},{"itemType":"text","text":"Size (KB)","type":"text"},{"itemType":"text","text":"Delayed Paint By (ms)","type":"text"}],"header":"View Details","type":"table","items":[]}},"managed-focus":{"displayValue":"","score":false,"helpText":"If new content, such as a dialog, is added to the page, the user's focus is directed to it. [Learn more](https://developers.google.com/web/fundamentals/accessibility/how-to-review#start_with_the_keyboard).","rawValue":false,"name":"managed-focus","description":"The user's focus is directed to new content added to the page","scoringMode":"binary","informative":true,"manual":true},"pwa-cross-browser":{"displayValue":"","score":false,"helpText":"To reach the most number of users, sites should work across every major browser. [Learn more](https://developers.google.com/web/progressive-web-apps/checklist#site-works-cross-browser).","rawValue":false,"name":"pwa-cross-browser","description":"Site works cross-browser","scoringMode":"binary","informative":true,"manual":true},"time-to-first-byte":{"displayValue":"","score":null,"debugString":"Audit error: Cannot read property '_timing' of undefined","helpText":"Time To First Byte identifies the time at which your server sends a response. [Learn more](https://developers.google.com/web/tools/chrome-devtools/network-performance/issues).","rawValue":null,"name":"time-to-first-byte","description":"Keep server response times low (TTFB)","scoringMode":"binary","informative":true,"error":true},"video-description":{"displayValue":"","score":false,"helpText":"Audio descriptions provide relevant information for videos that dialogue cannot, such as facial expressions and scenes. [Learn more](https://dequeuniversity.com/rules/axe/2.2/video-description?application=lighthouse).","rawValue":false,"name":"video-description","description":"`<video>` elements do not contain a `<track>` element with `[kind=\"description\"]`.","scoringMode":"binary","informative":true,"notApplicable":true},"document-title":{"displayValue":"","score":true,"helpText":"The title gives screen reader users an overview of the page, and search engine users rely on it heavily to determine if a page is relevant to their search. [Learn more](https://developers.google.com/web/tools/lighthouse/audits/title).","rawValue":true,"extendedInfo":{},"name":"document-title","description":"Document has a `<title>` element","scoringMode":"binary","details":{"header":{"text":"View failing elements","type":"text"},"type":"list","items":[]}},"external-anchors-use-rel-noopener":{"displayValue":"","score":true,"helpText":"Open new tabs using `rel=\"noopener\"` to improve performance and prevent security vulnerabilities. [Learn more](https://developers.google.com/web/tools/lighthouse/audits/noopener).","rawValue":true,"extendedInfo":{"value":[]},"name":"external-anchors-use-rel-noopener","description":"Opens external anchors using `rel=\"noopener\"`","scoringMode":"binary","details":{"itemHeaders":[{"itemType":"url","text":"URL","type":"text"},{"itemType":"text","text":"Target","type":"text"},{"itemType":"text","text":"Rel","type":"text"}],"header":"View Details","type":"table","items":[]}},"total-byte-weight":{"displayValue":"Total size was 400 KB","score":100,"helpText":"Large network payloads cost users real money and are highly correlated with long load times. [Learn more](https://developers.google.com/web/tools/lighthouse/audits/network-payloads).","rawValue":409855,"extendedInfo":{"value":{"totalCompletedRequests":11,"results":[{"totalKb":"227 KB","totalMs":"1,240 ms","totalBytes":232785,"url":"http://web/static/js/vendor.d1efda22f11e965a5228.js"},{"totalKb":"48 KB","totalMs":"260 ms","totalBytes":49163,"url":"https://fonts.gstatic.com/s/materialicons/v37/flUhRq6tzZclQEJ-Vdg-IuiaDsNc.woff2"},{"totalKb":"46 KB","totalMs":"250 ms","totalBytes":47366,"url":"https://cdnjs.cloudflare.com/ajax/libs/Chart.js/2.7.1/Chart.min.js"},{"totalKb":"32 KB","totalMs":"170 ms","totalBytes":32261,"url":"http://web/static/css/app.a1bcfeb0daa2a3f727390086fd42ee9d.css"},{"totalKb":"15 KB","totalMs":"80 ms","totalBytes":15817,"url":"https://fonts.gstatic.com/s/roboto/v18/KFOlCnqEu92Fr1MmEU9fBBc4.woff2"},{"totalKb":"15 KB","totalMs":"80 ms","totalBytes":15461,"url":"https://fonts.gstatic.com/s/roboto/v18/KFOmCnqEu92Fr1Mu4mxK.woff2"},{"totalKb":"12 KB","totalMs":"70 ms","totalBytes":12691,"url":"http://web/static/js/app.310cd52123c59f9f64a5.js"},{"totalKb":"1 KB","totalMs":"10 ms","totalBytes":1524,"url":"https://unpkg.com/vue-chartjs@3.3.2/dist/vue-chartjs.min.js"},{"totalKb":"1 KB","totalMs":"10 ms","totalBytes":1211,"url":"http://web/"},{"totalKb":"1 KB","totalMs":"10 ms","totalBytes":1171,"url":"http://web/static/js/manifest.9f020e973ae4037504f6.js"}]}},"name":"total-byte-weight","description":"Avoids enormous network payloads","scoringMode":"numeric","details":{"itemHeaders":[{"itemType":"url","text":"URL","type":"text"},{"itemType":"text","text":"Total Size","type":"text"},{"itemType":"text","text":"Transfer Time","type":"text"}],"header":"View Details","type":"table","items":[[{"text":"http://web/static/js/vendor.d1efda22f11e965a5228.js","type":"url"},{"text":"227 KB","type":"text"},{"text":"1,240 ms","type":"text"}],[{"text":"https://fonts.gstatic.com/s/materialicons/v37/flUhRq6tzZclQEJ-Vdg-IuiaDsNc.woff2","type":"url"},{"text":"48 KB","type":"text"},{"text":"260 ms","type":"text"}],[{"text":"https://cdnjs.cloudflare.com/ajax/libs/Chart.js/2.7.1/Chart.min.js","type":"url"},{"text":"46 KB","type":"text"},{"text":"250 ms","type":"text"}],[{"text":"http://web/static/css/app.a1bcfeb0daa2a3f727390086fd42ee9d.css","type":"url"},{"text":"32 KB","type":"text"},{"text":"170 ms","type":"text"}],[{"text":"https://fonts.gstatic.com/s/roboto/v18/KFOlCnqEu92Fr1MmEU9fBBc4.woff2","type":"url"},{"text":"15 KB","type":"text"},{"text":"80 ms","type":"text"}],[{"text":"https://fonts.gstatic.com/s/roboto/v18/KFOmCnqEu92Fr1Mu4mxK.woff2","type":"url"},{"text":"15 KB","type":"text"},{"text":"80 ms","type":"text"}],[{"text":"http://web/static/js/app.310cd52123c59f9f64a5.js","type":"url"},{"text":"12 KB","type":"text"},{"text":"70 ms","type":"text"}],[{"text":"https://unpkg.com/vue-chartjs@3.3.2/dist/vue-chartjs.min.js","type":"url"},{"text":"1 KB","type":"text"},{"text":"10 ms","type":"text"}],[{"text":"http://web/","type":"url"},{"text":"1 KB","type":"text"},{"text":"10 ms","type":"text"}],[{"text":"http://web/static/js/manifest.9f020e973ae4037504f6.js","type":"url"},{"text":"1 KB","type":"text"},{"text":"10 ms","type":"text"}]]}},"logical-tab-order":{"displayValue":"","score":false,"helpText":"Tabbing through the page follows the visual layout. Users cannot focus elements that are offscreen. [Learn more](https://developers.google.com/web/fundamentals/accessibility/how-to-review#start_with_the_keyboard).","rawValue":false,"name":"logical-tab-order","description":"The page has a logical tab order","scoringMode":"binary","informative":true,"manual":true},"meta-refresh":{"displayValue":"","score":false,"helpText":"Users do not expect a page to refresh automatically, and doing so will move focus back to the top of the page. This may create a frustrating or confusing experience. [Learn more](https://dequeuniversity.com/rules/axe/2.2/meta-refresh?application=lighthouse).","rawValue":false,"name":"meta-refresh","description":"The document uses `<meta http-equiv=\"refresh\">`","scoringMode":"binary","informative":true,"notApplicable":true},"deprecations":{"displayValue":"","score":true,"helpText":"Deprecated APIs will eventually be removed from the browser. [Learn more](https://www.chromestatus.com/features#deprecated).","rawValue":true,"extendedInfo":{"value":[]},"name":"deprecations","description":"Avoids deprecated APIs","scoringMode":"binary","details":{"itemHeaders":[{"itemType":"code","text":"Deprecation / Warning","type":"text"},{"itemType":"url","text":"URL","type":"text"},{"itemType":"text","text":"Line","type":"text"}],"header":"View Details","type":"table","items":[]}},"network-requests":{"displayValue":"11","score":100,"helpText":"Lists the network requests that were made during page load.","rawValue":11,"extendedInfo":{"value":[{"transferSize":1211,"startTime":0,"endTime":638.9249991625547,"mimeType":"text/html","url":"http://web/","statusCode":200,"resourceType":"document"},{"transferSize":1171,"startTime":755.621999502182,"endTime":1328.4680005162954,"mimeType":"application/javascript","url":"http://web/static/js/manifest.9f020e973ae4037504f6.js","statusCode":200,"resourceType":"script"},{"transferSize":232785,"startTime":755.7720001786947,"endTime":2917.8979992866516,"mimeType":"application/javascript","url":"http://web/static/js/vendor.d1efda22f11e965a5228.js","statusCode":200,"resourceType":"script"},{"transferSize":12691,"startTime":755.9009995311499,"endTime":1470.6410001963377,"mimeType":"application/javascript","url":"http://web/static/js/app.310cd52123c59f9f64a5.js","statusCode":200,"resourceType":"script"},{"transferSize":47366,"startTime":790.370000526309,"endTime":2162.829000502825,"mimeType":"application/javascript","url":"https://cdnjs.cloudflare.com/ajax/libs/Chart.js/2.7.1/Chart.min.js","statusCode":200,"resourceType":"script"},{"transferSize":405,"startTime":790.8159997314215,"endTime":1663.72200101614,"mimeType":"text/plain","url":"https://unpkg.com/vue-chartjs/dist/vue-chartjs.min.js","statusCode":302},{"transferSize":1524,"startTime":1664.8290008306503,"endTime":2258.2770008593798,"mimeType":"application/javascript","url":"https://unpkg.com/vue-chartjs@3.3.2/dist/vue-chartjs.min.js","statusCode":200,"resourceType":"script"},{"transferSize":32261,"startTime":4527.456000447273,"endTime":5278.87500077486,"mimeType":"text/css","url":"http://web/static/css/app.a1bcfeb0daa2a3f727390086fd42ee9d.css","statusCode":200,"resourceType":"stylesheet"},{"transferSize":15461,"startTime":5458.613000810146,"endTime":6342.342000454664,"mimeType":"font/woff2","url":"https://fonts.gstatic.com/s/roboto/v18/KFOmCnqEu92Fr1Mu4mxK.woff2","statusCode":200,"resourceType":"font"},{"transferSize":49163,"startTime":5458.761001005769,"endTime":6524.431999772787,"mimeType":"font/woff2","url":"https://fonts.gstatic.com/s/materialicons/v37/flUhRq6tzZclQEJ-Vdg-IuiaDsNc.woff2","statusCode":200,"resourceType":"font"},{"transferSize":15817,"startTime":5458.878999575973,"endTime":6334.002999588847,"mimeType":"font/woff2","url":"https://fonts.gstatic.com/s/roboto/v18/KFOlCnqEu92Fr1MmEU9fBBc4.woff2","statusCode":200,"resourceType":"font"}]},"name":"network-requests","description":"Network Requests","scoringMode":"binary","informative":true,"details":{"itemHeaders":[{"itemType":"url","text":"URL","type":"text"},{"itemType":"ms","text":"Start Time","type":"text"},{"itemType":"ms","text":"End Time","type":"text"},{"itemType":"bytes","text":"Transfer Size","type":"text"},{"itemType":"text","text":"Status Code","type":"text"},{"itemType":"text","text":"MIME Type","type":"text"},{"itemType":"text","text":"Resource Type","type":"text"}],"header":"View Details","type":"table","items":[[{"text":"http://web/","type":"url"},{"text":0,"type":"ms"},{"text":638.9249991625547,"type":"ms"},{"text":1211,"type":"bytes"},{"text":200,"type":"text"},{"text":"text/html","type":"text"},{"text":"document","type":"text"}],[{"text":"http://web/static/js/manifest.9f020e973ae4037504f6.js","type":"url"},{"text":755.621999502182,"type":"ms"},{"text":1328.4680005162954,"type":"ms"},{"text":1171,"type":"bytes"},{"text":200,"type":"text"},{"text":"application/javascript","type":"text"},{"text":"script","type":"text"}],[{"text":"http://web/static/js/vendor.d1efda22f11e965a5228.js","type":"url"},{"text":755.7720001786947,"type":"ms"},{"text":2917.8979992866516,"type":"ms"},{"text":232785,"type":"bytes"},{"text":200,"type":"text"},{"text":"application/javascript","type":"text"},{"text":"script","type":"text"}],[{"text":"http://web/static/js/app.310cd52123c59f9f64a5.js","type":"url"},{"text":755.9009995311499,"type":"ms"},{"text":1470.6410001963377,"type":"ms"},{"text":12691,"type":"bytes"},{"text":200,"type":"text"},{"text":"application/javascript","type":"text"},{"text":"script","type":"text"}],[{"text":"https://cdnjs.cloudflare.com/ajax/libs/Chart.js/2.7.1/Chart.min.js","type":"url"},{"text":790.370000526309,"type":"ms"},{"text":2162.829000502825,"type":"ms"},{"text":47366,"type":"bytes"},{"text":200,"type":"text"},{"text":"application/javascript","type":"text"},{"text":"script","type":"text"}],[{"text":"https://unpkg.com/vue-chartjs/dist/vue-chartjs.min.js","type":"url"},{"text":790.8159997314215,"type":"ms"},{"text":1663.72200101614,"type":"ms"},{"text":405,"type":"bytes"},{"text":302,"type":"text"},{"text":"text/plain","type":"text"},{"type":"text"}],[{"text":"https://unpkg.com/vue-chartjs@3.3.2/dist/vue-chartjs.min.js","type":"url"},{"text":1664.8290008306503,"type":"ms"},{"text":2258.2770008593798,"type":"ms"},{"text":1524,"type":"bytes"},{"text":200,"type":"text"},{"text":"application/javascript","type":"text"},{"text":"script","type":"text"}],[{"text":"http://web/static/css/app.a1bcfeb0daa2a3f727390086fd42ee9d.css","type":"url"},{"text":4527.456000447273,"type":"ms"},{"text":5278.87500077486,"type":"ms"},{"text":32261,"type":"bytes"},{"text":200,"type":"text"},{"text":"text/css","type":"text"},{"text":"stylesheet","type":"text"}],[{"text":"https://fonts.gstatic.com/s/roboto/v18/KFOmCnqEu92Fr1Mu4mxK.woff2","type":"url"},{"text":5458.613000810146,"type":"ms"},{"text":6342.342000454664,"type":"ms"},{"text":15461,"type":"bytes"},{"text":200,"type":"text"},{"text":"font/woff2","type":"text"},{"text":"font","type":"text"}],[{"text":"https://fonts.gstatic.com/s/materialicons/v37/flUhRq6tzZclQEJ-Vdg-IuiaDsNc.woff2","type":"url"},{"text":5458.761001005769,"type":"ms"},{"text":6524.431999772787,"type":"ms"},{"text":49163,"type":"bytes"},{"text":200,"type":"text"},{"text":"font/woff2","type":"text"},{"text":"font","type":"text"}],[{"text":"https://fonts.gstatic.com/s/roboto/v18/KFOlCnqEu92Fr1MmEU9fBBc4.woff2","type":"url"},{"text":5458.878999575973,"type":"ms"},{"text":6334.002999588847,"type":"ms"},{"text":15817,"type":"bytes"},{"text":200,"type":"text"},{"text":"font/woff2","type":"text"},{"text":"font","type":"text"}]]}},"link-text":{"displayValue":"","score":true,"helpText":"Descriptive link text helps search engines understand your content. [Learn more](https://developers.google.com/web/tools/lighthouse/audits/descriptive-link-text).","rawValue":true,"name":"link-text","description":"Links have descriptive text","scoringMode":"binary","details":{"itemHeaders":[{"itemType":"url","text":"Link destination","type":"text"},{"itemType":"text","text":"Link Text","type":"text"}],"header":"View Details","type":"table","items":[]}},"uses-rel-preload":{"displayValue":"","score":null,"debugString":"Audit error: Unable to identify the main resource","helpText":"Consider using <link rel=preload> to prioritize fetching late-discovered resources sooner [Learn more](https://developers.google.com/web/updates/2016/03/link-rel-preload).","rawValue":null,"name":"uses-rel-preload","description":"Preload key requests","scoringMode":"numeric","informative":true,"error":true},"dlitem":{"displayValue":"","score":false,"helpText":"Definition list items (`<dt>` and `<dd>`) must be wrapped in a parent `<dl>` element to ensure that screen readers can properly announce them. [Learn more](https://dequeuniversity.com/rules/axe/2.2/dlitem?application=lighthouse).","rawValue":false,"name":"dlitem","description":"Definition list items are not wrapped in `<dl>` elements","scoringMode":"binary","informative":true,"notApplicable":true},"uses-optimized-images":{"displayValue":"","score":100,"helpText":"Optimized images load faster and consume less cellular data. [Learn more](https://developers.google.com/web/tools/lighthouse/audits/optimize-images).","rawValue":0,"extendedInfo":{"value":{"wastedKb":0,"wastedMs":0,"results":[]}},"name":"uses-optimized-images","description":"Optimize images","scoringMode":"binary","informative":true,"details":{"itemHeaders":[{"itemType":"thumbnail","text":"","type":"text"},{"itemType":"url","text":"URL","type":"text"},{"itemType":"text","text":"Original","type":"text"},{"itemType":"text","text":"Potential Savings","type":"text"}],"header":"View Details","type":"table","items":[]}},"errors-in-console":{"displayValue":"","score":true,"helpText":"Errors logged to the console indicate unresolved problems. They can come from network request failures and other browser concerns.","rawValue":0,"name":"errors-in-console","description":"No browser errors logged to the console","scoringMode":"binary","details":{"itemHeaders":[{"itemType":"url","text":"URL","type":"text"},{"itemType":"code","text":"Description","type":"text"}],"header":"View Details","type":"table","items":[]}},"video-caption":{"displayValue":"","score":false,"helpText":"When a video provides a caption it is easier for deaf and hearing impaired users to access its information. [Learn more](https://dequeuniversity.com/rules/axe/2.2/video-caption?application=lighthouse).","rawValue":false,"name":"video-caption","description":"`<video>` elements do not contain a `<track>` element with `[kind=\"captions\"]`.","scoringMode":"binary","informative":true,"notApplicable":true},"td-headers-attr":{"displayValue":"","score":false,"helpText":"Screen readers have features to make navigating tables easier. Ensuring `<td>` cells using the `[headers]` attribute only refer to other cells in the same table may improve the experience for screen reader users. [Learn more](https://dequeuniversity.com/rules/axe/2.2/td-headers-attr?application=lighthouse).","rawValue":false,"name":"td-headers-attr","description":"Cells in a `<table>` element that use the `[headers]` attribute refers to other cells of that same table.","scoringMode":"binary","informative":true,"notApplicable":true},"offscreen-content-hidden":{"displayValue":"","score":false,"helpText":"Offscreen content is hidden with display: none or aria-hidden=true. [Learn more](https://developers.google.com/web/fundamentals/accessibility/how-to-review#try_it_with_a_screen_reader).","rawValue":false,"name":"offscreen-content-hidden","description":"Offscreen content is hidden from assistive technology","scoringMode":"binary","informative":true,"manual":true},"no-document-write":{"displayValue":"","score":true,"helpText":"For users on slow connections, external scripts dynamically injected via `document.write()` can delay page load by tens of seconds. [Learn more](https://developers.google.com/web/tools/lighthouse/audits/document-write).","rawValue":true,"extendedInfo":{"value":[]},"name":"no-document-write","description":"Avoids `document.write()`","scoringMode":"binary","details":{"itemHeaders":[{"itemType":"url","text":"URL","type":"text"},{"itemType":"text","text":"Location","type":"text"}],"header":"View Details","type":"table","items":[]}},"aria-valid-attr-value":{"displayValue":"","score":true,"helpText":"Assistive technologies, like screen readers, can't interpret ARIA attributes with invalid values. [Learn more](https://dequeuniversity.com/rules/axe/2.2/aria-valid-attr-value?application=lighthouse).","rawValue":true,"extendedInfo":{},"name":"aria-valid-attr-value","description":"`[aria-*]` attributes have valid values","scoringMode":"binary","details":{"header":{"text":"View failing elements","type":"text"},"type":"list","items":[]}},"pwa-each-page-has-url":{"displayValue":"","score":false,"helpText":"Ensure individual pages are deep linkable via the URLs and that URLs are unique for the purpose of shareability on social media. [Learn more](https://developers.google.com/web/progressive-web-apps/checklist#each-page-has-a-url).","rawValue":false,"name":"pwa-each-page-has-url","description":"Each page has a URL","scoringMode":"binary","informative":true,"manual":true},"custom-controls-roles":{"displayValue":"","score":false,"helpText":"Custom interactive controls have appropriate ARIA roles. [Learn more](https://developers.google.com/web/fundamentals/accessibility/how-to-review#try_it_with_a_screen_reader).","rawValue":false,"name":"custom-controls-roles","description":"Custom controls have ARIA roles","scoringMode":"binary","informative":true,"manual":true},"meta-description":{"displayValue":"","score":false,"helpText":"Meta descriptions may be included in search results to concisely summarize page content. [Learn more](https://developers.google.com/web/tools/lighthouse/audits/description).","rawValue":false,"name":"meta-description","description":"Document does not have a meta description","scoringMode":"binary"},"duplicate-id":{"displayValue":"","score":true,"helpText":"The value of an id attribute must be unique to prevent other instances from being overlooked by assistive technologies. [Learn more](https://dequeuniversity.com/rules/axe/2.2/duplicate-id?application=lighthouse).","rawValue":true,"extendedInfo":{},"name":"duplicate-id","description":"`[id]` attributes on the page are unique","scoringMode":"binary","details":{"header":{"text":"View failing elements","type":"text"},"type":"list","items":[]}},"focusable-controls":{"displayValue":"","score":false,"helpText":"Custom interactive controls are keyboard focusable and display a focus indicator. [Learn more](https://developers.google.com/web/fundamentals/accessibility/how-to-review#start_with_the_keyboard).","rawValue":false,"name":"focusable-controls","description":"Interactive controls are keyboard focusable","scoringMode":"binary","informative":true,"manual":true},"heading-levels":{"displayValue":"","score":false,"helpText":"Headings are used to create an outline for the page and heading levels are not skipped. [Learn more](https://developers.google.com/web/fundamentals/accessibility/how-to-review#take_advantage_of_headings_and_landmarks).","rawValue":false,"name":"heading-levels","description":"Headings don't skip levels","scoringMode":"binary","informative":true,"manual":true},"uses-request-compression":{"displayValue":"","score":100,"helpText":"Text-based responses should be served with compression (gzip, deflate or brotli) to minimize total network bytes. [Learn more](https://developers.google.com/web/fundamentals/performance/optimizing-content-efficiency/optimize-encoding-and-transfer).","rawValue":0,"extendedInfo":{"value":{"wastedKb":0,"wastedMs":0,"results":[]}},"name":"uses-request-compression","description":"Enable text compression","scoringMode":"binary","informative":true,"details":{"itemHeaders":[{"itemType":"url","text":"Uncompressed resource URL","type":"text"},{"itemType":"text","text":"Original","type":"text"},{"itemType":"text","text":"GZIP Savings","type":"text"}],"header":"View Details","type":"table","items":[]}},"appcache-manifest":{"displayValue":"","score":true,"debugString":"","helpText":"Application Cache is deprecated. [Learn more](https://developers.google.com/web/tools/lighthouse/audits/appcache).","rawValue":true,"name":"appcache-manifest","description":"Avoids Application Cache","scoringMode":"binary"},"themed-omnibox":{"displayValue":"","score":false,"debugString":"Failures: No manifest was fetched, No `<meta name=\"theme-color\">` tag found.","helpText":"The browser address bar can be themed to match your site. [Learn more](https://developers.google.com/web/tools/lighthouse/audits/address-bar).","rawValue":false,"extendedInfo":{"value":{"failures":["No manifest was fetched","No `<meta name=\"theme-color\">` tag found"],"themeColor":null,"manifestValues":{"parseFailureReason":"No manifest was fetched","allChecks":[],"isParseFailure":true}}},"name":"themed-omnibox","description":"Address bar does not match brand colors","scoringMode":"binary"},"color-contrast":{"displayValue":"","score":true,"helpText":"Low-contrast text is difficult or impossible for many users to read. [Learn more](https://dequeuniversity.com/rules/axe/2.2/color-contrast?application=lighthouse).","rawValue":true,"extendedInfo":{},"name":"color-contrast","description":"Background and foreground colors have a sufficient contrast ratio","scoringMode":"binary","details":{"header":{"text":"View failing elements","type":"text"},"type":"list","items":[]}},"listitem":{"displayValue":"","score":false,"helpText":"Screen readers require list items (`<li>`) to be contained within a parent `<ul>` or `<ol>` to be announced properly. [Learn more](https://dequeuniversity.com/rules/axe/2.2/listitem?application=lighthouse).","rawValue":false,"name":"listitem","description":"List items (`<li>`) are not contained within `<ul>` or `<ol>` parent elements.","scoringMode":"binary","informative":true,"notApplicable":true},"no-mutation-events":{"displayValue":"","score":true,"helpText":"Mutation Events are deprecated and harm performance. Consider using Mutation Observers instead. [Learn more](https://developers.google.com/web/tools/lighthouse/audits/mutation-events).","rawValue":true,"extendedInfo":{"value":{"results":[]}},"name":"no-mutation-events","description":"Avoids Mutation Events in its own scripts","scoringMode":"binary","details":{"itemHeaders":[{"itemType":"url","text":"URL","type":"text"},{"itemType":"code","text":"Event","type":"text"},{"itemType":"text","text":"Line","type":"text"},{"itemType":"text","text":"Col","type":"text"},{"itemType":"code","text":"Snippet","type":"text"}],"header":"View Details","type":"table","items":[]}},"audio-caption":{"displayValue":"","score":false,"helpText":"Captions make audio elements usable for deaf or hearing-impaired users, providing critical information such as who is talking, what they're saying, and other non-speech information. [Learn more](https://dequeuniversity.com/rules/axe/2.2/audio-caption?application=lighthouse).","rawValue":false,"name":"audio-caption","description":"`<audio>` elements are missing a `<track>` element with `[kind=\"captions\"]`.","scoringMode":"binary","informative":true,"notApplicable":true},"first-meaningful-paint":{"displayValue":"4,520 ms","score":40,"helpText":"First meaningful paint measures when the primary content of a page is visible. [Learn more](https://developers.google.com/web/tools/lighthouse/audits/first-meaningful-paint).","rawValue":4521.8,"extendedInfo":{"value":{"timestamps":{"fCP":8650057715484,"endOfTrace":8650064967436,"fMP":8650057715493,"onLoad":8650058566647,"navStart":8650053193698},"fmpFellBack":false,"timings":{"fCP":4521.786,"endOfTrace":11773.738,"fMP":4521.795,"onLoad":5372.949,"navStart":0}}},"name":"first-meaningful-paint","description":"First meaningful paint","scoringMode":"numeric"},"focus-traps":{"displayValue":"","score":false,"helpText":"A user can tab into and out of any control or region without accidentally trapping their focus. [Learn more](https://developers.google.com/web/fundamentals/accessibility/how-to-review#start_with_the_keyboard).","rawValue":false,"name":"focus-traps","description":"User focus is not accidentally trapped in a region","scoringMode":"binary","informative":true,"manual":true},"aria-allowed-attr":{"displayValue":"","score":true,"helpText":"Each ARIA `role` supports a specific subset of `aria-*` attributes. Mismatching these invalidates the `aria-*` attributes. [Learn more](https://dequeuniversity.com/rules/axe/2.2/aria-allowed-attr?application=lighthouse).","rawValue":true,"extendedInfo":{},"name":"aria-allowed-attr","description":"`[aria-*]` attributes match their roles","scoringMode":"binary","details":{"header":{"text":"View failing elements","type":"text"},"type":"list","items":[]}},"geolocation-on-start":{"displayValue":"","score":true,"helpText":"Users are mistrustful of or confused by sites that request their location without context. Consider tying the request to user gestures instead. [Learn more](https://developers.google.com/web/tools/lighthouse/audits/geolocation-on-load).","rawValue":true,"extendedInfo":{"value":[]},"name":"geolocation-on-start","description":"Avoids requesting the geolocation permission on page load","scoringMode":"binary","details":{"itemHeaders":[{"itemType":"url","text":"URL","type":"text"},{"itemType":"text","text":"Location","type":"text"}],"header":"View Details","type":"table","items":[]}},"image-aspect-ratio":{"displayValue":"","score":true,"helpText":"Image display dimensions should match natural aspect ratio.","rawValue":true,"name":"image-aspect-ratio","description":"Displays images with correct aspect ratio","scoringMode":"binary","details":{"itemHeaders":[{"itemType":"thumbnail","text":"","type":"text"},{"itemType":"url","text":"URL","type":"text"},{"itemType":"text","text":"Aspect Ratio (Displayed)","type":"text"},{"itemType":"text","text":"Aspect Ratio (Actual)","type":"text"}],"header":"View Details","type":"table","items":[]}},"valid-lang":{"displayValue":"","score":false,"helpText":"Specifying a valid [BCP 47 language](https://www.w3.org/International/questions/qa-choosing-language-tags#question) on elements helps ensure that text is pronounced correctly by a screen reader. [Learn more](https://dequeuniversity.com/rules/axe/2.2/valid-lang?application=lighthouse).","rawValue":false,"name":"valid-lang","description":"`[lang]` attributes do not have a valid value","scoringMode":"binary","informative":true,"notApplicable":true},"html-has-lang":{"displayValue":"","score":false,"helpText":"If a page doesn't specify a lang attribute, a screen reader assumes that the page is in the default language that the user chose when setting up the screen reader. If the page isn't actually in the default language, then the screen reader might not announce the page's text correctly. [Learn more](https://dequeuniversity.com/rules/axe/2.2/html-lang?application=lighthouse).","rawValue":false,"extendedInfo":{"value":{"help":"<html> element must have a lang attribute","nodes":[{"failureSummary":"Fix any of the following:\n  The <html> element does not have a lang attribute","snippet":"<html>","path":"1,HTML","impact":"serious","html":"<html>","target":["html"]}],"impact":"serious","description":"Ensures every HTML document has a lang attribute","helpUrl":"https://dequeuniversity.com/rules/axe/3.0/html-has-lang?application=axeAPI","id":"html-has-lang","tags":["cat.language","wcag2a","wcag311"]}},"name":"html-has-lang","description":"`<html>` element does not have a `[lang]` attribute","scoringMode":"binary","details":{"header":{"text":"View failing elements","type":"text"},"type":"list","items":[{"snippet":"<html>","path":"1,HTML","selector":"html","type":"node"}]}},"unminified-javascript":{"displayValue":"","score":100,"helpText":"Minifying JavaScript files can reduce payload sizes and script parse time. [Learn more](https://developers.google.com/speed/docs/insights/MinifyResources).","rawValue":0,"extendedInfo":{"value":{"wastedKb":0,"wastedMs":0,"results":[]}},"name":"unminified-javascript","description":"Minify JavaScript","scoringMode":"binary","informative":true,"details":{"itemHeaders":[{"itemType":"url","text":"URL","type":"text"},{"itemType":"text","text":"Original","type":"text"},{"itemType":"text","text":"Potential Savings","type":"text"}],"header":"View Details","type":"table","items":[]}},"object-alt":{"displayValue":"","score":false,"helpText":"Screen readers cannot translate non-text content. Adding alt text to `<object>` elements helps screen readers convey meaning to users. [Learn more](https://dequeuniversity.com/rules/axe/2.2/object-alt?application=lighthouse).","rawValue":false,"name":"object-alt","description":"`<object>` elements do not have `[alt]` text","scoringMode":"binary","informative":true,"notApplicable":true},"accesskeys":{"displayValue":"","score":false,"helpText":"Access keys let users quickly focus a part of the page. For proper navigation, each access key must be unique. [Learn more](https://dequeuniversity.com/rules/axe/2.2/accesskeys?application=lighthouse).","rawValue":false,"name":"accesskeys","description":"`[accesskey]` values are not unique","scoringMode":"binary","informative":true,"notApplicable":true},"image-alt":{"displayValue":"","score":false,"helpText":"Informative elements should aim for short, descriptive alternate text. Decorative elements can be ignored with an empty alt attribute.[Learn more](https://dequeuniversity.com/rules/axe/2.2/image-alt?application=lighthouse).","rawValue":false,"name":"image-alt","description":"Image elements do not have `[alt]` attributes","scoringMode":"binary","informative":true,"notApplicable":true},"notification-on-start":{"displayValue":"","score":true,"helpText":"Users are mistrustful of or confused by sites that request to send notifications without context. Consider tying the request to user gestures instead. [Learn more](https://developers.google.com/web/tools/lighthouse/audits/notifications-on-load).","rawValue":true,"extendedInfo":{"value":[]},"name":"notification-on-start","description":"Avoids requesting the notification permission on page load","scoringMode":"binary","details":{"itemHeaders":[{"itemType":"url","text":"URL","type":"text"},{"itemType":"text","text":"Location","type":"text"}],"header":"View Details","type":"table","items":[]}},"unused-css-rules":{"displayValue":"Potential savings of 35 KB (~190 ms)","score":90,"helpText":"Remove unused rules from stylesheets to reduce unnecessary bytes consumed by network activity. [Learn more](https://developers.google.com/speed/docs/insights/OptimizeCSSDelivery)","rawValue":190,"extendedInfo":{"value":{"wastedKb":35,"wastedMs":190,"results":[{"wastedKb":"29 KB","totalKb":"32 KB","wastedMs":"160 ms","totalMs":"170 ms","potentialSavings":"29 KB (93%)","totalBytes":32261,"wastedPercent":92.80281987684556,"wastedBytes":29939,"url":"http://web/static/css/app.a1bcfeb0daa2a3f727390086fd42ee9d.css"},{"wastedKb":"5 KB","totalKb":"6 KB","wastedMs":"30 ms","totalMs":"30 ms","potentialSavings":"5 KB (98%)","totalBytes":5722,"wastedPercent":98.2698357217756,"wastedBytes":5623,"url":{"text":"a { color: #1976d2; } ...","type":"code"}}]}},"name":"unused-css-rules","description":"Unused CSS rules","scoringMode":"binary","informative":true,"details":{"itemHeaders":[{"itemType":"url","text":"URL","type":"text"},{"itemType":"text","text":"Original","type":"text"},{"itemType":"text","text":"Potential Savings","type":"text"}],"header":"View Details","type":"table","items":[[{"text":"http://web/static/css/app.a1bcfeb0daa2a3f727390086fd42ee9d.css","type":"url"},{"text":"32 KB","type":"text"},{"text":"29 KB (93%)","type":"text"}],[{"text":"a { color: #1976d2; } ...","type":"code"},{"text":"6 KB","type":"text"},{"text":"5 KB (98%)","type":"text"}]]}},"structured-data":{"displayValue":"","score":false,"helpText":"Run the [Structured Data Testing Tool](https://search.google.com/structured-data/testing-tool/) and the [Structured Data Linter](http://linter.structured-data.org/) to validate structured data. [Learn more](https://developers.google.com/search/docs/guides/mark-up-content).","rawValue":false,"name":"structured-data","description":"Structured data is valid","scoringMode":"binary","informative":true,"manual":true},"content-width":{"displayValue":"","score":true,"debugString":"","helpText":"If the width of your app's content doesn't match the width of the viewport, your app might not be optimized for mobile screens. [Learn more](https://developers.google.com/web/tools/lighthouse/audits/content-sized-correctly-for-viewport).","rawValue":true,"name":"content-width","description":"Content is sized correctly for the viewport","scoringMode":"binary"},"mainthread-work-breakdown":{"displayValue":"2,800 ms","score":true,"helpText":"Consider reducing the time spent parsing, compiling and executing JS.You may find delivering smaller JS payloads helps with this.","rawValue":2799.5130100250244,"extendedInfo":{"value":{"Update Layer Tree":108.97500228881836,"Layout":432.32500076293945,"Recalculate Style":503.69400215148926,"Evaluate Script":1296.8040027618408,"Animation Frame Fired":8.261001586914062,"Minor GC":82.69900131225586,"Run Microtasks":63.02199935913086,"Parse HTML":62.446001052856445,"Paint":41.383995056152344,"Compile Script":44.90999984741211,"Composite Layers":77.99400329589844,"Parse Stylesheet":76.9990005493164}},"name":"mainthread-work-breakdown","description":"Main thread work breakdown","scoringMode":"binary","informative":true,"details":{"itemHeaders":[{"itemType":"text","text":"Category","type":"text"},{"itemType":"text","text":"Work","type":"text"},{"itemType":"text","text":"Time spent","type":"text"}],"header":"View Details","type":"table","items":[[{"text":"Script Evaluation","type":"text"},{"text":"Evaluate Script","type":"text"},{"text":"1,297 ms","type":"text"}],[{"text":"Script Evaluation","type":"text"},{"text":"Run Microtasks","type":"text"},{"text":"63 ms","type":"text"}],[{"text":"Script Evaluation","type":"text"},{"text":"Animation Frame Fired","type":"text"},{"text":"8 ms","type":"text"}],[{"text":"Style & Layout","type":"text"},{"text":"Recalculate Style","type":"text"},{"text":"504 ms","type":"text"}],[{"text":"Style & Layout","type":"text"},{"text":"Layout","type":"text"},{"text":"432 ms","type":"text"}],[{"text":"Compositing","type":"text"},{"text":"Update Layer Tree","type":"text"},{"text":"109 ms","type":"text"}],[{"text":"Compositing","type":"text"},{"text":"Composite Layers","type":"text"},{"text":"78 ms","type":"text"}],[{"text":"Parsing HTML & CSS","type":"text"},{"text":"Parse Stylesheet","type":"text"},{"text":"77 ms","type":"text"}],[{"text":"Parsing HTML & CSS","type":"text"},{"text":"Parse HTML","type":"text"},{"text":"62 ms","type":"text"}],[{"text":"Garbage collection","type":"text"},{"text":"Minor GC","type":"text"},{"text":"83 ms","type":"text"}],[{"text":"Script Parsing & Compile","type":"text"},{"text":"Compile Script","type":"text"},{"text":"45 ms","type":"text"}],[{"text":"Paint","type":"text"},{"text":"Paint","type":"text"},{"text":"41 ms","type":"text"}]]}},"canonical":{"displayValue":"","score":null,"debugString":"Audit error: Unable to identify the main resource","helpText":"Canonical links suggest which URL to show in search results. [Learn more](https://developers.google.com/web/tools/lighthouse/audits/canonical).","rawValue":null,"name":"canonical","description":"Document does not have a valid `rel=canonical`","scoringMode":"binary","error":true},"bootup-time":{"displayValue":"1,570 ms","score":true,"helpText":"Consider reducing the time spent parsing, compiling, and executing JS. You may find delivering smaller JS payloads helps with this. [Learn more](https://developers.google.com/web/lighthouse/audits/bootup).","rawValue":1573.503999710083,"extendedInfo":{"value":{"http://web/static/js/app.310cd52123c59f9f64a5.js":{"Script Evaluation":1173.697998046875,"Script Parsing & Compile":22.533000946044922},"http://web/static/js/vendor.d1efda22f11e965a5228.js":{"Style & Layout":178.41699981689453,"Script Parsing & Compile":14.004999160766602,"Script Evaluation":9.45100212097168},"https://unpkg.com/vue-chartjs@3.3.2/dist/vue-chartjs.min.js":{"Script Evaluation":6.445001602172852,"Script Parsing & Compile":4.004999160766602},"https://cdnjs.cloudflare.com/ajax/libs/Chart.js/2.7.1/Chart.min.js":{"Style & Layout":0.8509998321533203,"Script Evaluation":90.19700050354004,"Script Parsing & Compile":0.5679988861083984},"http://web/static/js/manifest.9f020e973ae4037504f6.js":{"Script Parsing & Compile":2.184000015258789,"Script Evaluation":1.4300003051757812},"http://web/":{"Style & Layout":0.0989990234375,"Script Evaluation":7.028999328613281,"Script Parsing & Compile":0.14599990844726562},"http://web/#/":{"Parsing HTML & CSS":62.446001052856445}}},"name":"bootup-time","description":"JavaScript boot-up time","scoringMode":"binary","details":{"itemHeaders":[{"itemType":"url","text":"URL","type":"text"},{"itemType":"text","text":"Script Evaluation","type":"text"},{"itemType":"text","text":"Script Parsing & Compile","type":"text"}],"header":"View Details","type":"table","items":[[{"text":"http://web/static/js/app.310cd52123c59f9f64a5.js","type":"url"},{"text":"1,174 ms","type":"text"},{"text":"23 ms","type":"text"}],[{"text":"https://cdnjs.cloudflare.com/ajax/libs/Chart.js/2.7.1/Chart.min.js","type":"url"},{"text":"90 ms","type":"text"},{"text":"1 ms","type":"text"}],[{"text":"http://web/static/js/vendor.d1efda22f11e965a5228.js","type":"url"},{"text":"9 ms","type":"text"},{"text":"14 ms","type":"text"}],[{"text":"https://unpkg.com/vue-chartjs@3.3.2/dist/vue-chartjs.min.js","type":"url"},{"text":"6 ms","type":"text"},{"text":"4 ms","type":"text"}]]}},"list":{"displayValue":"","score":false,"helpText":"Screen readers have a specific way of announcing lists. Ensuring proper list structure aids screen reader output. [Learn more](https://dequeuniversity.com/rules/axe/2.2/list?application=lighthouse).","rawValue":false,"name":"list","description":"Lists do not contain only `<li>` elements and script supporting elements (`<script>` and `<template>`).","scoringMode":"binary","informative":true,"notApplicable":true},"hreflang":{"displayValue":"","score":null,"debugString":"Audit error: Unable to identify the main resource","helpText":"hreflang allows crawlers to discover alternate translations of the page content. [Learn more](https://support.google.com/webmasters/answer/189077).","rawValue":null,"name":"hreflang","description":"Document doesn't have a valid `hreflang`","scoringMode":"binary","error":true},"is-crawlable":{"displayValue":"","score":null,"debugString":"Audit error: Unable to identify the main resource","helpText":"Search engines are unable to include your pages in search results if they don't have permission to crawl them. [Learn more](https://developers.google.com/web/tools/lighthouse/audits/indexing).","rawValue":null,"name":"is-crawlable","description":"Page is blocked from indexing","scoringMode":"binary","error":true},"service-worker":{"displayValue":"","score":false,"helpText":"The service worker is the technology that enables your app to use many Progressive Web App features, such as offline, add to homescreen, and push notifications. [Learn more](https://developers.google.com/web/tools/lighthouse/audits/registered-service-worker).","rawValue":false,"name":"service-worker","description":"Does not register a service worker","scoringMode":"binary"},"use-landmarks":{"displayValue":"","score":false,"helpText":"Landmark elements (<main>, <nav>, etc.) are used to improve the keyboard navigation of the page for assistive technology. [Learn more](https://developers.google.com/web/fundamentals/accessibility/how-to-review#take_advantage_of_headings_and_landmarks).","rawValue":false,"name":"use-landmarks","description":"HTML5 landmark elements are used to improve navigation","scoringMode":"binary","informative":true,"manual":true},"critical-request-chains":{"displayValue":"","score":null,"debugString":"Audit error: Unable to identify the main resource","helpText":"The Critical Request Chains below show you what resources are issued with a high priority. Consider reducing the length of chains, reducing the download size of resources, or deferring the download of unnecessary resources to improve page load. [Learn more](https://developers.google.com/web/tools/lighthouse/audits/critical-request-chains).","rawValue":null,"name":"critical-request-chains","description":"Critical Request Chains","scoringMode":"binary","informative":true,"error":true},"consistently-interactive":{"displayValue":"6,460 ms","score":71,"helpText":"Consistently Interactive marks the time at which the page is fully interactive. [Learn more](https://developers.google.com/web/tools/lighthouse/audits/consistently-interactive).","rawValue":6460.149,"extendedInfo":{"value":{"timeInMs":6460.149,"cpuQuietPeriod":{"start":8.650059653847E9,"end":8.650064967436E9},"networkQuietPeriods":[{"start":8.650059532223999E9,"end":8.650064967436E9}],"networkQuietPeriod":{"start":8.650059532223999E9,"end":8.650064967436E9},"cpuQuietPeriods":[{"start":8.650059653847E9,"end":8.650064967436E9}],"timestamp":8650059653847}},"name":"consistently-interactive","description":"Consistently Interactive (beta)","scoringMode":"numeric"},"pwa-page-transitions":{"displayValue":"","score":false,"helpText":"Transitions should feel snappy as you tap around, even on a slow network, a key to perceived performance. [Learn more](https://developers.google.com/web/progressive-web-apps/checklist#page-transitions-dont-feel-like-they-block-on-the-network).","rawValue":false,"name":"pwa-page-transitions","description":"Page transitions don't feel like they block on the network","scoringMode":"binary","informative":true,"manual":true},"user-timings":{"displayValue":"0","score":true,"helpText":"Consider instrumenting your app with the User Timing API to create custom, real-world measurements of key user experiences. [Learn more](https://developers.google.com/web/tools/lighthouse/audits/user-timing).","rawValue":true,"extendedInfo":{"value":[]},"name":"user-timings","description":"User Timing marks and measures","scoringMode":"binary","informative":true,"details":{"itemHeaders":[{"itemType":"text","text":"Name","type":"text"},{"itemType":"text","text":"Type","type":"text"},{"itemType":"text","text":"Time","type":"text"}],"header":"View Details","type":"table","items":[]}},"manifest-short-name-length":{"displayValue":"","score":false,"helpText":"Make your app's `short_name` fewer than 12 characters to ensure that it's not truncated on homescreens. [Learn more](https://developers.google.com/web/tools/lighthouse/audits/manifest-short_name-is-not-truncated).","rawValue":false,"name":"manifest-short-name-length","description":"Manifest's `short_name` will be truncated when displayed on homescreen","scoringMode":"binary"},"no-vulnerable-libraries":{"displayValue":"","score":true,"helpText":"Some third-party scripts may contain known security vulnerabilities  that are easily identified and exploited by attackers.","rawValue":true,"name":"no-vulnerable-libraries","description":"Avoids front-end JavaScript libraries with known security vulnerabilities","scoringMode":"binary"},"font-size":{"displayValue":"","score":true,"debugString":null,"helpText":"Font sizes less than 12px are too small to be legible and require mobile visitors to \u201cpinch to zoom\u201d in order to read. Strive to have >60% of page text ≥12px. [Learn more](https://developers.google.com/web/tools/lighthouse/audits/font-sizes).","rawValue":true,"name":"font-size","description":"Document uses legible font sizes","scoringMode":"binary","details":{"itemHeaders":[{"itemType":"url","text":"Source","type":"text"},{"itemType":"code","text":"Selector","type":"text"},{"itemType":"text","text":"% of Page Text","type":"text"},{"itemType":"text","text":"Font Size","type":"text"}],"header":"View Details","type":"table","items":[[{"text":"Legible text","type":"url"},{"text":null,"type":"code"},{"text":"100.00%","type":"text"},{"text":"≥ 12px","type":"text"}]]}},"aria-valid-attr":{"displayValue":"","score":true,"helpText":"Assistive technologies, like screen readers, can't interpret ARIA attributes with invalid names. [Learn more](https://dequeuniversity.com/rules/axe/2.2/aria-valid-attr?application=lighthouse).","rawValue":true,"extendedInfo":{},"name":"aria-valid-attr","description":"`[aria-*]` attributes are valid and not misspelled","scoringMode":"binary","details":{"header":{"text":"View failing elements","type":"text"},"type":"list","items":[]}},"aria-required-attr":{"displayValue":"","score":false,"helpText":"Some ARIA roles have required attributes that describe the state of the element to screen readers. [Learn more](https://dequeuniversity.com/rules/axe/2.2/aria-required-attr?application=lighthouse).","rawValue":false,"name":"aria-required-attr","description":"`[role]`s do not have all required `[aria-*]` attributes","scoringMode":"binary","informative":true,"notApplicable":true},"aria-roles":{"displayValue":"","score":false,"helpText":"ARIA roles must have valid values in order to perform their intended accessibility functions. [Learn more](https://dequeuniversity.com/rules/axe/2.2/aria-roles?application=lighthouse).","rawValue":false,"name":"aria-roles","description":"`[role]` values are not valid","scoringMode":"binary","informative":true,"notApplicable":true},"redirects-http":{"displayValue":"","score":false,"helpText":"If you've already set up HTTPS, make sure that you redirect all HTTP traffic to HTTPS. [Learn more](https://developers.google.com/web/tools/lighthouse/audits/http-redirects-to-https).","rawValue":false,"name":"redirects-http","description":"Does not redirect HTTP traffic to HTTPS","scoringMode":"binary"},"aria-required-children":{"displayValue":"","score":false,"helpText":"Some ARIA parent roles must contain specific child roles to perform their intended accessibility functions. [Learn more](https://dequeuniversity.com/rules/axe/2.2/aria-required-children?application=lighthouse).","rawValue":false,"name":"aria-required-children","description":"Elements with `[role]` that require specific children `[role]`s, are missing.","scoringMode":"binary","informative":true,"notApplicable":true},"dom-size":{"displayValue":"94 nodes","score":100,"helpText":"Browser engineers recommend pages contain fewer than ~1,500 DOM nodes. The sweet spot is a tree depth < 32 elements and fewer than 60 children/parent element. A large DOM can increase memory usage, cause longer [style calculations](https://developers.google.com/web/fundamentals/performance/rendering/reduce-the-scope-and-complexity-of-style-calculations), and produce costly [layout reflows](https://developers.google.com/speed/articles/reflow). [Learn more](https://developers.google.com/web/fundamentals/performance/rendering/).","rawValue":94,"extendedInfo":{"value":[{"title":"Total DOM Nodes","value":"94","target":"< 1,500 nodes"},{"snippet":"html >\n  body >\n    main >\n      div#inspire.application.theme--dark >\n        div.application--wrap >\n          aside.navigation-drawer.navigation-drawer--clipped.navigation-drawer--close.navigation-drawer--fixed.navigation-drawer--is-mobile >\n            div.list >\n              div >\n                div.list__tile >\n                  div.input-group.input-group--dirty.input-group--selection-controls.switch.accent--text >\n                    div.input-group__input >\n                      div.input-group--selection-controls__container >\n                        div.input-group--selection-controls__toggle.input-group--selection-controls__toggle--active","title":"DOM Depth","value":"13","target":"< 32"},{"snippet":"Element with most children:\nhead","title":"Maximum Children","value":"8","target":"< 60 nodes"}]},"name":"dom-size","description":"Avoids an excessive DOM size","scoringMode":"numeric","details":{"header":{"text":"View details","type":"text"},"type":"cards","items":[{"title":"Total DOM Nodes","value":"94","target":"< 1,500 nodes"},{"snippet":"html >\n  body >\n    main >\n      div#inspire.application.theme--dark >\n        div.application--wrap >\n          aside.navigation-drawer.navigation-drawer--clipped.navigation-drawer--close.navigation-drawer--fixed.navigation-drawer--is-mobile >\n            div.list >\n              div >\n                div.list__tile >\n                  div.input-group.input-group--dirty.input-group--selection-controls.switch.accent--text >\n                    div.input-group__input >\n                      div.input-group--selection-controls__container >\n                        div.input-group--selection-controls__toggle.input-group--selection-controls__toggle--active","title":"DOM Depth","value":"13","target":"< 32"},{"snippet":"Element with most children:\nhead","title":"Maximum Children","value":"8","target":"< 60 nodes"}]}},"no-websql":{"displayValue":"","score":true,"debugString":"","helpText":"Web SQL is deprecated. Consider using IndexedDB instead. [Learn more](https://developers.google.com/web/tools/lighthouse/audits/web-sql).","rawValue":true,"name":"no-websql","description":"Avoids WebSQL DB","scoringMode":"binary"},"webapp-install-banner":{"displayValue":"","score":false,"debugString":"Failures: No manifest was fetched, Site does not register a service worker, Service worker does not successfully serve the manifest's start_url, No usable web app manifest found on page.","helpText":"Browsers can proactively prompt users to add your app to their homescreen, which can lead to higher engagement. [Learn more](https://developers.google.com/web/tools/lighthouse/audits/install-prompt).","rawValue":false,"extendedInfo":{"value":{"failures":["No manifest was fetched","Site does not register a service worker","Service worker does not successfully serve the manifest's start_url","No usable web app manifest found on page"],"warnings":["No usable web app manifest found on page"],"manifestValues":{"parseFailureReason":"No manifest was fetched","allChecks":[],"isParseFailure":true}}},"name":"webapp-install-banner","description":"User will not be prompted to Install the Web App","scoringMode":"binary"},"uses-passive-event-listeners":{"displayValue":"","score":true,"helpText":"Consider marking your touch and wheel event listeners as `passive` to improve your page's scroll performance. [Learn more](https://developers.google.com/web/tools/lighthouse/audits/passive-event-listeners).","rawValue":true,"extendedInfo":{"value":[]},"name":"uses-passive-event-listeners","description":"Uses passive listeners to improve scrolling performance","scoringMode":"binary","details":{"itemHeaders":[{"itemType":"url","text":"URL","type":"text"},{"itemType":"text","text":"Location","type":"text"}],"header":"View Details","type":"table","items":[]}},"screenshot-thumbnails":{"displayValue":"true","score":100,"helpText":"This is what the load of your site looked like.","rawValue":true,"name":"screenshot-thumbnails","description":"Screenshot Thumbnails","scoringMode":"binary","informative":true,"details":{"scale":6606,"type":"filmstrip","items":[{"data":"/9j/4AAQSkZJRgABAQAAAQABAAD/2wCEAAMCAgMCAgMDAwMEAwMEBQgFBQQEBQoHBwYIDAoMDAsKCwsNDhIQDQ4RDgsLEBYQERMUFRUVDA8XGBYUGBIUFRQBAwQEBQQFCQUFCRQNCw0UFBQUFBQUFBQUFBQUFBQUFBQUFBQUFBQUFBQUFBQUFBQUFBQUFBQUFBQUFBQUFBQUFP/AABEIANUAeAMBEQACEQEDEQH/xAGiAAABBQEBAQEBAQAAAAAAAAAAAQIDBAUGBwgJCgsQAAIBAwMCBAMFBQQEAAABfQECAwAEEQUSITFBBhNRYQcicRQygZGhCCNCscEVUtHwJDNicoIJChYXGBkaJSYnKCkqNDU2Nzg5OkNERUZHSElKU1RVVldYWVpjZGVmZ2hpanN0dXZ3eHl6g4SFhoeIiYqSk5SVlpeYmZqio6Slpqeoqaqys7S1tre4ubrCw8TFxsfIycrS09TV1tfY2drh4uPk5ebn6Onq8fLz9PX29/j5+gEAAwEBAQEBAQEBAQAAAAAAAAECAwQFBgcICQoLEQACAQIEBAMEBwUEBAABAncAAQIDEQQFITEGEkFRB2FxEyIygQgUQpGhscEJIzNS8BVictEKFiQ04SXxFxgZGiYnKCkqNTY3ODk6Q0RFRkdISUpTVFVWV1hZWmNkZWZnaGlqc3R1dnd4eXqCg4SFhoeIiYqSk5SVlpeYmZqio6Slpqeoqaqys7S1tre4ubrCw8TFxsfIycrS09TV1tfY2dri4+Tl5ufo6ery8/T19vf4+fr/2gAMAwEAAhEDEQA/AP1ToAKACgAoAKACgAoAKACgAoAKACgAoAKACgAoAKACgAoAKACgAoAKACgAoAKACgAoAKACgAoAKACgAoAKACgAoAKACgAoAKACgAoAKACgAoAKACgAoAKACgAoAKACgAoAKACgAoAKACgAoAKACgAoAKACgAoAKACgAoAKACgAoAKACgAoAKACgAoAKACgAoAKACgAoAKACgAoAKACgAoAKACgAoAKACgAoAKACgAoAKACgAoAKACgAoAKACgAoAKACgAoAKACgAoAKACgAoAKACgAoAKACgAoAKACgAoAKACgAoAKACgAoAKACgAoAKACgAoAKACgAoAKACgAoAKACgAoAKACgAoAKACgAoAKACgAoAKACgAoAKACgAoAKACgAoAKACgAoAKACgAoAKACgAoAKACgAoAKACgAoAKACgAoAKACgAoAKACgAoAKACgAoAKACgAoAKACgAoAKACgAoAKACgAoAKACgAoAKACgAoAKACgAoAKACgAoAKACgAoAKACgAoAKACgAoAKACgAoAKACgAoAKACgAoAKACgAoAKACgAoAKACgAoAKACgAoAKACgAoAKACgAoAKACgAoAKACgAoAKACgAoAKACgAoAKACgAoAKACgAoAKACgAoAKACgAoAKACgAoAKACgAoAKACgAoAKACgAoAKACgAoAKACgAoAKACgAoAKACgAoAKACgAoAKACgAoAKACgAoAKACgAoAKACgAoAKACgAoAKACgAoAKACgAoAKACgAoAKACgAoAKACgAoAKACgAoAKACgAoAKACgAoAKACgAoAKACgAoAKACgAoAKACgAoAKACgAoAKACgAoAKACgAoAKACgAoAKACgAoAKACgAoAKACgAoAKACgAoAKACgAoAKACgAoAKACgAoAKACgAoAKACgAoAKACgAoAKACgAoAKACgAoAKACgD//Z","timing":661,"timestamp":8650053854298},{"data":"/9j/4AAQSkZJRgABAQAAAQABAAD/2wCEAAMCAgMCAgMDAwMEAwMEBQgFBQQEBQoHBwYIDAoMDAsKCwsNDhIQDQ4RDgsLEBYQERMUFRUVDA8XGBYUGBIUFRQBAwQEBQQFCQUFCRQNCw0UFBQUFBQUFBQUFBQUFBQUFBQUFBQUFBQUFBQUFBQUFBQUFBQUFBQUFBQUFBQUFBQUFP/AABEIANUAeAMBEQACEQEDEQH/xAGiAAABBQEBAQEBAQAAAAAAAAAAAQIDBAUGBwgJCgsQAAIBAwMCBAMFBQQEAAABfQECAwAEEQUSITFBBhNRYQcicRQygZGhCCNCscEVUtHwJDNicoIJChYXGBkaJSYnKCkqNDU2Nzg5OkNERUZHSElKU1RVVldYWVpjZGVmZ2hpanN0dXZ3eHl6g4SFhoeIiYqSk5SVlpeYmZqio6Slpqeoqaqys7S1tre4ubrCw8TFxsfIycrS09TV1tfY2drh4uPk5ebn6Onq8fLz9PX29/j5+gEAAwEBAQEBAQEBAQAAAAAAAAECAwQFBgcICQoLEQACAQIEBAMEBwUEBAABAncAAQIDEQQFITEGEkFRB2FxEyIygQgUQpGhscEJIzNS8BVictEKFiQ04SXxFxgZGiYnKCkqNTY3ODk6Q0RFRkdISUpTVFVWV1hZWmNkZWZnaGlqc3R1dnd4eXqCg4SFhoeIiYqSk5SVlpeYmZqio6Slpqeoqaqys7S1tre4ubrCw8TFxsfIycrS09TV1tfY2dri4+Tl5ufo6ery8/T19vf4+fr/2gAMAwEAAhEDEQA/AP1ToAKACgAoAKACgAoAKACgAoAKACgAoAKACgAoAKACgAoAKACgAoAKACgAoAKACgAoAKACgAoAKACgAoAKACgAoAKACgAoAKACgAoAKACgAoAKACgAoAKACgAoAKACgAoAKACgAoAKACgAoAKACgAoAKACgAoAKACgAoAKACgAoAKACgAoAKACgAoAKACgAoAKACgAoAKACgAoAKACgAoAKACgAoAKACgAoAKACgAoAKACgAoAKACgAoAKACgAoAKACgAoAKACgAoAKACgAoAKACgAoAKACgAoAKACgAoAKACgAoAKACgAoAKACgAoAKACgAoAKACgAoAKACgAoAKACgAoAKACgAoAKACgAoAKACgAoAKACgAoAKACgAoAKACgAoAKACgAoAKACgAoAKACgAoAKACgAoAKACgAoAKACgAoAKACgAoAKACgAoAKACgAoAKACgAoAKACgAoAKACgAoAKACgAoAKACgAoAKACgAoAKACgAoAKACgAoAKACgAoAKACgAoAKACgAoAKACgAoAKACgAoAKACgAoAKACgAoAKACgAoAKACgAoAKACgAoAKACgAoAKACgAoAKACgAoAKACgAoAKACgAoAKACgAoAKACgAoAKACgAoAKACgAoAKACgAoAKACgAoAKACgAoAKACgAoAKACgAoAKACgAoAKACgAoAKACgAoAKACgAoAKACgAoAKACgAoAKACgAoAKACgAoAKACgAoAKACgAoAKACgAoAKACgAoAKACgAoAKACgAoAKACgAoAKACgAoAKACgAoAKACgAoAKACgAoAKACgAoAKACgAoAKACgAoAKACgAoAKACgAoAKACgAoAKACgAoAKACgAoAKACgAoAKACgAoAKACgAoAKACgAoAKACgAoAKACgAoAKACgAoAKACgAoAKACgAoAKACgAoAKACgAoAKACgD//Z","timing":1321,"timestamp":8.650054514898001E12},{"data":"/9j/4AAQSkZJRgABAQAAAQABAAD/2wCEAAMCAgMCAgMDAwMEAwMEBQgFBQQEBQoHBwYIDAoMDAsKCwsNDhIQDQ4RDgsLEBYQERMUFRUVDA8XGBYUGBIUFRQBAwQEBQQFCQUFCRQNCw0UFBQUFBQUFBQUFBQUFBQUFBQUFBQUFBQUFBQUFBQUFBQUFBQUFBQUFBQUFBQUFBQUFP/AABEIANUAeAMBEQACEQEDEQH/xAGiAAABBQEBAQEBAQAAAAAAAAAAAQIDBAUGBwgJCgsQAAIBAwMCBAMFBQQEAAABfQECAwAEEQUSITFBBhNRYQcicRQygZGhCCNCscEVUtHwJDNicoIJChYXGBkaJSYnKCkqNDU2Nzg5OkNERUZHSElKU1RVVldYWVpjZGVmZ2hpanN0dXZ3eHl6g4SFhoeIiYqSk5SVlpeYmZqio6Slpqeoqaqys7S1tre4ubrCw8TFxsfIycrS09TV1tfY2drh4uPk5ebn6Onq8fLz9PX29/j5+gEAAwEBAQEBAQEBAQAAAAAAAAECAwQFBgcICQoLEQACAQIEBAMEBwUEBAABAncAAQIDEQQFITEGEkFRB2FxEyIygQgUQpGhscEJIzNS8BVictEKFiQ04SXxFxgZGiYnKCkqNTY3ODk6Q0RFRkdISUpTVFVWV1hZWmNkZWZnaGlqc3R1dnd4eXqCg4SFhoeIiYqSk5SVlpeYmZqio6Slpqeoqaqys7S1tre4ubrCw8TFxsfIycrS09TV1tfY2dri4+Tl5ufo6ery8/T19vf4+fr/2gAMAwEAAhEDEQA/AP1ToAKACgAoAKACgAoAKACgAoAKACgAoAKACgAoAKACgAoAKACgAoAKACgAoAKACgAoAKACgAoAKACgAoAKACgAoAKACgAoAKACgAoAKACgAoAKACgAoAKACgAoAKACgAoAKACgAoAKACgAoAKACgAoAKACgAoAKACgAoAKACgAoAKACgAoAKACgAoAKACgAoAKACgAoAKACgAoAKACgAoAKACgAoAKACgAoAKACgAoAKACgAoAKACgAoAKACgAoAKACgAoAKACgAoAKACgAoAKACgAoAKACgAoAKACgAoAKACgAoAKACgAoAKACgAoAKACgAoAKACgAoAKACgAoAKACgAoAKACgAoAKACgAoAKACgAoAKACgAoAKACgAoAKACgAoAKACgAoAKACgAoAKACgAoAKACgAoAKACgAoAKACgAoAKACgAoAKACgAoAKACgAoAKACgAoAKACgAoAKACgAoAKACgAoAKACgAoAKACgAoAKACgAoAKACgAoAKACgAoAKACgAoAKACgAoAKACgAoAKACgAoAKACgAoAKACgAoAKACgAoAKACgAoAKACgAoAKACgAoAKACgAoAKACgAoAKACgAoAKACgAoAKACgAoAKACgAoAKACgAoAKACgAoAKACgAoAKACgAoAKACgAoAKACgAoAKACgAoAKACgAoAKACgAoAKACgAoAKACgAoAKACgAoAKACgAoAKACgAoAKACgAoAKACgAoAKACgAoAKACgAoAKACgAoAKACgAoAKACgAoAKACgAoAKACgAoAKACgAoAKACgAoAKACgAoAKACgAoAKACgAoAKACgAoAKACgAoAKACgAoAKACgAoAKACgAoAKACgAoAKACgAoAKACgAoAKACgAoAKACgAoAKACgAoAKACgAoAKACgAoAKACgAoAKACgAoAKACgAoAKACgAoAKACgD//Z","timing":1982,"timestamp":8.650055175497999E12},{"data":"/9j/4AAQSkZJRgABAQAAAQABAAD/2wCEAAMCAgMCAgMDAwMEAwMEBQgFBQQEBQoHBwYIDAoMDAsKCwsNDhIQDQ4RDgsLEBYQERMUFRUVDA8XGBYUGBIUFRQBAwQEBQQFCQUFCRQNCw0UFBQUFBQUFBQUFBQUFBQUFBQUFBQUFBQUFBQUFBQUFBQUFBQUFBQUFBQUFBQUFBQUFP/AABEIANUAeAMBEQACEQEDEQH/xAGiAAABBQEBAQEBAQAAAAAAAAAAAQIDBAUGBwgJCgsQAAIBAwMCBAMFBQQEAAABfQECAwAEEQUSITFBBhNRYQcicRQygZGhCCNCscEVUtHwJDNicoIJChYXGBkaJSYnKCkqNDU2Nzg5OkNERUZHSElKU1RVVldYWVpjZGVmZ2hpanN0dXZ3eHl6g4SFhoeIiYqSk5SVlpeYmZqio6Slpqeoqaqys7S1tre4ubrCw8TFxsfIycrS09TV1tfY2drh4uPk5ebn6Onq8fLz9PX29/j5+gEAAwEBAQEBAQEBAQAAAAAAAAECAwQFBgcICQoLEQACAQIEBAMEBwUEBAABAncAAQIDEQQFITEGEkFRB2FxEyIygQgUQpGhscEJIzNS8BVictEKFiQ04SXxFxgZGiYnKCkqNTY3ODk6Q0RFRkdISUpTVFVWV1hZWmNkZWZnaGlqc3R1dnd4eXqCg4SFhoeIiYqSk5SVlpeYmZqio6Slpqeoqaqys7S1tre4ubrCw8TFxsfIycrS09TV1tfY2dri4+Tl5ufo6ery8/T19vf4+fr/2gAMAwEAAhEDEQA/AP1ToAKACgAoAKACgAoAKACgAoAKACgAoAKACgAoAKACgAoAKACgAoAKACgAoAKACgAoAKACgAoAKACgAoAKACgAoAKACgAoAKACgAoAKACgAoAKACgAoAKACgAoAKACgAoAKACgAoAKACgAoAKACgAoAKACgAoAKACgAoAKACgAoAKACgAoAKACgAoAKACgAoAKACgAoAKACgAoAKACgAoAKACgAoAKACgAoAKACgAoAKACgAoAKACgAoAKACgAoAKACgAoAKACgAoAKACgAoAKACgAoAKACgAoAKACgAoAKACgAoAKACgAoAKACgAoAKACgAoAKACgAoAKACgAoAKACgAoAKACgAoAKACgAoAKACgAoAKACgAoAKACgAoAKACgAoAKACgAoAKACgAoAKACgAoAKACgAoAKACgAoAKACgAoAKACgAoAKACgAoAKACgAoAKACgAoAKACgAoAKACgAoAKACgAoAKACgAoAKACgAoAKACgAoAKACgAoAKACgAoAKACgAoAKACgAoAKACgAoAKACgAoAKACgAoAKACgAoAKACgAoAKACgAoAKACgAoAKACgAoAKACgAoAKACgAoAKACgAoAKACgAoAKACgAoAKACgAoAKACgAoAKACgAoAKACgAoAKACgAoAKACgAoAKACgAoAKACgAoAKACgAoAKACgAoAKACgAoAKACgAoAKACgAoAKACgAoAKACgAoAKACgAoAKACgAoAKACgAoAKACgAoAKACgAoAKACgAoAKACgAoAKACgAoAKACgAoAKACgAoAKACgAoAKACgAoAKACgAoAKACgAoAKACgAoAKACgAoAKACgAoAKACgAoAKACgAoAKACgAoAKACgAoAKACgAoAKACgAoAKACgAoAKACgAoAKACgAoAKACgAoAKACgAoAKACgAoAKACgAoAKACgAoAKACgD//Z","timing":2642,"timestamp":8650055836098},{"data":"/9j/4AAQSkZJRgABAQAAAQABAAD/2wCEAAMCAgMCAgMDAwMEAwMEBQgFBQQEBQoHBwYIDAoMDAsKCwsNDhIQDQ4RDgsLEBYQERMUFRUVDA8XGBYUGBIUFRQBAwQEBQQFCQUFCRQNCw0UFBQUFBQUFBQUFBQUFBQUFBQUFBQUFBQUFBQUFBQUFBQUFBQUFBQUFBQUFBQUFBQUFP/AABEIANUAeAMBEQACEQEDEQH/xAGiAAABBQEBAQEBAQAAAAAAAAAAAQIDBAUGBwgJCgsQAAIBAwMCBAMFBQQEAAABfQECAwAEEQUSITFBBhNRYQcicRQygZGhCCNCscEVUtHwJDNicoIJChYXGBkaJSYnKCkqNDU2Nzg5OkNERUZHSElKU1RVVldYWVpjZGVmZ2hpanN0dXZ3eHl6g4SFhoeIiYqSk5SVlpeYmZqio6Slpqeoqaqys7S1tre4ubrCw8TFxsfIycrS09TV1tfY2drh4uPk5ebn6Onq8fLz9PX29/j5+gEAAwEBAQEBAQEBAQAAAAAAAAECAwQFBgcICQoLEQACAQIEBAMEBwUEBAABAncAAQIDEQQFITEGEkFRB2FxEyIygQgUQpGhscEJIzNS8BVictEKFiQ04SXxFxgZGiYnKCkqNTY3ODk6Q0RFRkdISUpTVFVWV1hZWmNkZWZnaGlqc3R1dnd4eXqCg4SFhoeIiYqSk5SVlpeYmZqio6Slpqeoqaqys7S1tre4ubrCw8TFxsfIycrS09TV1tfY2dri4+Tl5ufo6ery8/T19vf4+fr/2gAMAwEAAhEDEQA/AP1ToAKACgAoAKACgAoAKACgAoAKACgAoAKACgAoAKACgAoAKACgAoAKACgAoAKACgAoAKACgAoAKACgAoAKACgAoAKACgAoAKACgAoAKACgAoAKACgAoAKACgAoAKACgAoAKACgAoAKACgAoAKACgAoAKACgAoAKACgAoAKACgAoAKACgAoAKACgAoAKACgAoAKACgAoAKACgAoAKACgAoAKACgAoAKACgAoAKACgAoAKACgAoAKACgAoAKACgAoAKACgAoAKACgAoAKACgAoAKACgAoAKACgAoAKACgAoAKACgAoAKACgAoAKACgAoAKACgAoAKACgAoAKACgAoAKACgAoAKACgAoAKACgAoAKACgAoAKACgAoAKACgAoAKACgAoAKACgAoAKACgAoAKACgAoAKACgAoAKACgAoAKACgAoAKACgAoAKACgAoAKACgAoAKACgAoAKACgAoAKACgAoAKACgAoAKACgAoAKACgAoAKACgAoAKACgAoAKACgAoAKACgAoAKACgAoAKACgAoAKACgAoAKACgAoAKACgAoAKACgAoAKACgAoAKACgAoAKACgAoAKACgAoAKACgAoAKACgAoAKACgAoAKACgAoAKACgAoAKACgAoAKACgAoAKACgAoAKACgAoAKACgAoAKACgAoAKACgAoAKACgAoAKACgAoAKACgAoAKACgAoAKACgAoAKACgAoAKACgAoAKACgAoAKACgAoAKACgAoAKACgAoAKACgAoAKACgAoAKACgAoAKACgAoAKACgAoAKACgAoAKACgAoAKACgAoAKACgAoAKACgAoAKACgAoAKACgAoAKACgAoAKACgAoAKACgAoAKACgAoAKACgAoAKACgAoAKACgAoAKACgAoAKACgAoAKACgAoAKACgAoAKACgAoAKACgAoAKACgAoAKACgAoAKACgD//Z","timing":3303,"timestamp":8650056496698},{"data":"/9j/4AAQSkZJRgABAQAAAQABAAD/2wCEAAMCAgMCAgMDAwMEAwMEBQgFBQQEBQoHBwYIDAoMDAsKCwsNDhIQDQ4RDgsLEBYQERMUFRUVDA8XGBYUGBIUFRQBAwQEBQQFCQUFCRQNCw0UFBQUFBQUFBQUFBQUFBQUFBQUFBQUFBQUFBQUFBQUFBQUFBQUFBQUFBQUFBQUFBQUFP/AABEIANUAeAMBEQACEQEDEQH/xAGiAAABBQEBAQEBAQAAAAAAAAAAAQIDBAUGBwgJCgsQAAIBAwMCBAMFBQQEAAABfQECAwAEEQUSITFBBhNRYQcicRQygZGhCCNCscEVUtHwJDNicoIJChYXGBkaJSYnKCkqNDU2Nzg5OkNERUZHSElKU1RVVldYWVpjZGVmZ2hpanN0dXZ3eHl6g4SFhoeIiYqSk5SVlpeYmZqio6Slpqeoqaqys7S1tre4ubrCw8TFxsfIycrS09TV1tfY2drh4uPk5ebn6Onq8fLz9PX29/j5+gEAAwEBAQEBAQEBAQAAAAAAAAECAwQFBgcICQoLEQACAQIEBAMEBwUEBAABAncAAQIDEQQFITEGEkFRB2FxEyIygQgUQpGhscEJIzNS8BVictEKFiQ04SXxFxgZGiYnKCkqNTY3ODk6Q0RFRkdISUpTVFVWV1hZWmNkZWZnaGlqc3R1dnd4eXqCg4SFhoeIiYqSk5SVlpeYmZqio6Slpqeoqaqys7S1tre4ubrCw8TFxsfIycrS09TV1tfY2dri4+Tl5ufo6ery8/T19vf4+fr/2gAMAwEAAhEDEQA/AP1ToAKACgAoAKACgAoAKACgAoAKACgAoAKACgAoAKACgAoAKACgAoAKACgAoAKACgAoAKACgAoAKACgAoAKACgAoAKACgAoAKACgAoAKACgAoAKACgAoAKACgAoAKACgAoAKACgAoAKACgAoAKACgAoAKACgAoAKACgAoAKACgAoAKACgAoAKACgAoAKACgAoAKACgAoAKACgAoAKACgAoAKACgAoAKACgAoAKACgAoAKACgAoAKACgAoAKACgAoAKACgAoAKACgAoAKACgAoAKACgAoAKACgAoAKACgAoAKACgAoAKACgAoAKACgAoAKACgAoAKACgAoAKACgAoAKACgAoAKACgAoAKACgAoAKACgAoAKACgAoAKACgAoAKACgAoAKACgAoAKACgAoAKACgAoAKACgAoAKACgAoAKACgAoAKACgAoAKACgAoAKACgAoAKACgAoAKACgAoAKACgAoAKACgAoAKACgAoAKACgAoAKACgAoAKACgAoAKACgAoAKACgAoAKACgAoAKACgAoAKACgAoAKACgAoAKACgAoAKACgAoAKACgAoAKACgAoAKACgAoAKACgAoAKACgAoAKACgAoAKACgAoAKACgAoAKACgAoAKACgAoAKACgAoAKACgAoAKACgAoAKACgAoAKACgAoAKACgAoAKACgAoAKACgAoAKACgAoAKACgAoAKACgAoAKACgAoAKACgAoAKACgAoAKACgAoAKACgAoAKACgAoAKACgAoAKACgAoAKACgAoAKACgAoAKACgAoAKACgAoAKACgAoAKACgAoAKACgAoAKACgAoAKACgAoAKACgAoAKACgAoAKACgAoAKACgAoAKACgAoAKACgAoAKACgAoAKACgAoAKACgAoAKACgAoAKACgAoAKACgAoAKACgAoAKACgAoAKACgAoAKACgAoAKACgD//Z","timing":3964,"timestamp":8650057157298},{"data":"/9j/4AAQSkZJRgABAQAAAQABAAD/2wCEAAMCAgMCAgMDAwMEAwMEBQgFBQQEBQoHBwYIDAoMDAsKCwsNDhIQDQ4RDgsLEBYQERMUFRUVDA8XGBYUGBIUFRQBAwQEBQQFCQUFCRQNCw0UFBQUFBQUFBQUFBQUFBQUFBQUFBQUFBQUFBQUFBQUFBQUFBQUFBQUFBQUFBQUFBQUFP/AABEIANUAeAMBEQACEQEDEQH/xAGiAAABBQEBAQEBAQAAAAAAAAAAAQIDBAUGBwgJCgsQAAIBAwMCBAMFBQQEAAABfQECAwAEEQUSITFBBhNRYQcicRQygZGhCCNCscEVUtHwJDNicoIJChYXGBkaJSYnKCkqNDU2Nzg5OkNERUZHSElKU1RVVldYWVpjZGVmZ2hpanN0dXZ3eHl6g4SFhoeIiYqSk5SVlpeYmZqio6Slpqeoqaqys7S1tre4ubrCw8TFxsfIycrS09TV1tfY2drh4uPk5ebn6Onq8fLz9PX29/j5+gEAAwEBAQEBAQEBAQAAAAAAAAECAwQFBgcICQoLEQACAQIEBAMEBwUEBAABAncAAQIDEQQFITEGEkFRB2FxEyIygQgUQpGhscEJIzNS8BVictEKFiQ04SXxFxgZGiYnKCkqNTY3ODk6Q0RFRkdISUpTVFVWV1hZWmNkZWZnaGlqc3R1dnd4eXqCg4SFhoeIiYqSk5SVlpeYmZqio6Slpqeoqaqys7S1tre4ubrCw8TFxsfIycrS09TV1tfY2dri4+Tl5ufo6ery8/T19vf4+fr/2gAMAwEAAhEDEQA/AP0bk8LeMEuh9l8ZJFaC8SXyp9KjlcWyxQKYA+4cs8cz+YwYjz8Y+RSQDrtMt57TTrWG5unvriOJEkuXRUaVgoBcqoABJycAYGeKALVABQAUAFABQAUAFABQAUAFABQAUAFABQAUAFABQAUAFABQAUAFABQAUAFABQAUAFABQAUAFABQAUAFABQAUAFABQAUAFABQAUAFABQAUAFABQAUAFABQAUAFABQAUAFABQAUAFACZ5xQAZGcd6AFoAKACgAoAKACgAoAKACgAoAKACgAoA8AbVfiFqEGl3Wja9oL2kFwbHVBNfwzbbgSxCKFJAD+9kHyOrcgynbuOwgA7zwHq+q2WrXll4h1fTrqG7mCaTIs8azzPGji4hMSjG6MxliQxOTICsYQAgHftOoYr1cLu2jrj6daAATI2MMDkkZBHUHH8xQAi3CMMgjGCScg4x1H1oAZp9/b6rYW97ZzR3NpcRrLDPC4dJEYZVlYEgggggg4INAFigAoAKACgAoAKACgAoAKAOF1j4PeEvFt/omq6npZvL/RpvtGmXM0syyWT/ALrJjywKZMEeQMA/N2dsgDdG+B3grw9pVrYadoUFrHaQS29rOjN9ptY5FdXWG4z5sWRI4Gxxt3HbigB+ifBfwj4c059O03TGtdMa8hvxYLdTm3ininSeIxRlysSrJGjbEAU4AIIoAst8JfC5Piwpp8kLeKgo1d4LyeJ7jClRhlcGP5SR8hXrQBj3v7O/w+1O4vJ73w5BdyXieXcCeWWRJB9qN2cozlcm4YyFsZJOCSOKAO60PRrTw5oun6Tp8XkWFhbx2tvFuLbI0UKq5YknAAGSSaAL1ABQAUAFABQAUAFABQAUAFABQAUAFABQAUAFABQAUAFABQAUAFABQAUAJuoFfWwbqAuAOaBi0AFABQAUAFABQAUAFABQAUAFABQByaS6/f6Wk1hPZf6RCjQTzRO/UZDsoZCQwK/LwRzyeldj+rNt6nn2xe2hXv8A/hODph+xHRV1EeWy/aVlMX3Y/MU7efvGXB9FTI5JEr6u90waxS2aNfTU8Qf27eG9fTv7H2D7MsMb/aC2TkuSduMbcYHr0xgxP2XKuS9zal7fm/ebG7WB1BQAUARiZec4XHXJppNkOaWjYvmqDjIz9aLMHOK6jftCEkBlJXBIz0H+Qfyos+qDnjrZiC6jP8QHtmnyvsQqsHrckVg6gggg9xSasap31Q6kMKACgAoA8ttfEXirw3YQWVxYJKIFENuLKwe4Msa+UiFmMyBGJlAwQANrMSEBau14eLfuzT+Vv8zzFi3b3qbXzv8AohsvxI15bS9mi02/ma0PMI8OTK8yllCmPdcBTkMGwSCAGyBg1Twm3vrXzGsZ/wBO39x0XhvVvEuvSasJVt9LWyvXtI/tWmyD7Qqqh81D5/KEsQD329jkDmqU+TlfNe6vp0v09TrpVOe6tazsbX2XX/8AoJ6b/wCC6T/4/WJuH2XX/wDoJ6b/AOC6T/4/QAfZdf8A+gnpv/guk/8Aj9AFQ+EoL+++26wUvbuPasfl+ZHCoDBlYRF2UOCPv9ccdK2hVnCPKmc86EJy5mMPw80JnspPs03m2f8AqZftMvmAbGQqW3bmUhjlWJBOGIyAar6xU7kfVqbdyS08CaPY209rBahLSaaO4aDcxVXRlZNoJ+VVKKQq4A7Dml7ed076r9RrDxSa6MSz+H2h6ejLb2rxhoEtm/fOxaNCxVSSckDew57YHQACvrFS/Nfrf8v8hfVafLym9a20dnbxwRLtijUIi+gAwBXO227s6klFJIlpDCgAoAKAPM/CfijTLvw1p3k+HJb1Ft1jeeJrMozL8j8mYc70IIPIIwQDTuKxb1Txfomj6ebzUPDcllatJFCJLp7KJGeWTZGoZpwuXchQM5JYAZJpDLNxr9hYxNJP4RuoYYwS8kos1RADzkmbA6Z/H3oA0YJre4hjlTwnOUkUOvy2vQ9P+WtAD/3P/QpT/wDfNr/8doAP3P8A0KU//fNr/wDHaAKP9la5dyXUmmzjw9aSW/lRWr28RkimyT5wKl0YEbV2kZ4JyOjaxnTS1WpjUhU5vdlobPh6x1eyN6dV1CO/864aWARxeX5EZxti77sYzu4znoKU3F25VYdNSSfO7mxiszQWgYUAFABQAUAFAHlFp+zT4R022uYrCbWLJrkYmki1KQlwZzPINrEqA7vLnao+WaRV2hsUAbCfA7wrH4Qm8MLb3C6JK0Tm2S4ZCrRtuRlkUh1ZWCsGDAhlBB9QDF0f9l34faBYvZ6fpc9pbM2Qkd3KNn7qSH5fm+U7JXG4YP3TnKqQAep2lstpbRQKSyxoEBbqQBigCagAoAKACgAoAKACgAoAKACgAoA4A/G3w0YfFjRTS3M3hm9isL+CFA0hlkKqixrnMjMzbFjHzuw2qrFk3AGndfEK3hj1VYdNv7y80ydreexhWMTFgYTlCzhGBjuIpAA+SG243gpQBZ1PxvbaJLdpf2V/AsLxokkVubhZQyFt48rcUQbWUtKEAKnnBBIBneHvizofivWb7TNLTUJ7mxnS3uGl0+eGNHaKOTG90A3ASoGT76kNuUbSaAJbn4o6Lptle3eoLe2FvZTtDcyPZySpbgCNvMleIOkaFJo5NzlQqFi23Y+0Ap3Hxj0Ox8R6zpN7Ff2R0y4W0a5e1MkU8zRW8gSMx7juxd26gOFLtIFTcQcAG34e8d6N4o1C9stPmuHuLOaaCTz7KeBHaKQxy+W8iKsoVxtLRlgMjnkZAOgoAKACgAoAKACgAoAKAK8thbTxSRSQRvHIwZ1ZQQxGME+p4H5UAO+xwbg3kpkcg7Rx824/qAfrQA06fatIZDbxNISGLlASSBgEnuQCRn3oAclnBHKJEhRHC7Qyrg444+nA/IUALHawxMGSJFIzghQMZOT+ZA/KgBPscGxl8lNrDDDb14xz+HFADxEinIUA8849eTQA+gAoAKACgAoAKACgAoAKACgAoAKACgAoAKACgAoAKACgAoAKACgAoAKACgAoAKACgAoAKACgAoAKACgAoAKACgAoAKACgAoAKACgAoAKACgAoAKACgAoAKACgAoAKACgAoAKACgAoAKACgAoAKACgAoAKACgAoAKACgAoAKACgAoAKACgAoAKACgAoAKACgAoAKACgAoAKACgAoAKACgAoAKACgAoAKACgAoAKACgAoAKACgAoAKACgAoAKACgAoAKACgAoAKACgAoAKACgAoAKACgAoAKACgAoAKACgAoAKACgAoAKACgAoAKACgAoAKACgAoAKACgAoAKACgAoAKACgAoAKACgAoAKACgAoAKACgAoAKACgAoAKACgAoAKACgAoAKACgAoAKACgAoAKACgAoAKACgAoAKACgAoAKACgAoAKACgAoA//9k=","timing":4624,"timestamp":8.650057817898001E12},{"data":"/9j/4AAQSkZJRgABAQAAAQABAAD/2wCEAAMCAgMCAgMDAwMEAwMEBQgFBQQEBQoHBwYIDAoMDAsKCwsNDhIQDQ4RDgsLEBYQERMUFRUVDA8XGBYUGBIUFRQBAwQEBQQFCQUFCRQNCw0UFBQUFBQUFBQUFBQUFBQUFBQUFBQUFBQUFBQUFBQUFBQUFBQUFBQUFBQUFBQUFBQUFP/AABEIANUAeAMBEQACEQEDEQH/xAGiAAABBQEBAQEBAQAAAAAAAAAAAQIDBAUGBwgJCgsQAAIBAwMCBAMFBQQEAAABfQECAwAEEQUSITFBBhNRYQcicRQygZGhCCNCscEVUtHwJDNicoIJChYXGBkaJSYnKCkqNDU2Nzg5OkNERUZHSElKU1RVVldYWVpjZGVmZ2hpanN0dXZ3eHl6g4SFhoeIiYqSk5SVlpeYmZqio6Slpqeoqaqys7S1tre4ubrCw8TFxsfIycrS09TV1tfY2drh4uPk5ebn6Onq8fLz9PX29/j5+gEAAwEBAQEBAQEBAQAAAAAAAAECAwQFBgcICQoLEQACAQIEBAMEBwUEBAABAncAAQIDEQQFITEGEkFRB2FxEyIygQgUQpGhscEJIzNS8BVictEKFiQ04SXxFxgZGiYnKCkqNTY3ODk6Q0RFRkdISUpTVFVWV1hZWmNkZWZnaGlqc3R1dnd4eXqCg4SFhoeIiYqSk5SVlpeYmZqio6Slpqeoqaqys7S1tre4ubrCw8TFxsfIycrS09TV1tfY2dri4+Tl5ufo6ery8/T19vf4+fr/2gAMAwEAAhEDEQA/AP0bk8LeMEuh9l8ZJFaC8SXyp9KjlcWyxQKYA+4cs8cz+YwYjz8Y+RSQDrtMt57TTrWG5unvriOJEkuXRUaVgoBcqoABJycAYGeKALVABQAUAFABQAUAFABQAUAFABQAUAFABQAUAFABQAUAFABQAUAFABQAUAFABQAUAFABQAUAFABQAUAFABQAUAFABQAUAFABQAUAFABQAUAFABQAUAFABQAUAFABQAUAFABQAUAFACZ5xQAZGcd6AFoAKACgAoAKACgAoAKACgAoAKACgAoA8AbVfiFqEGl3Wja9oL2kFwbHVBNfwzbbgSxCKFJAD+9kHyOrcgynbuOwgA7zwHq+q2WrXll4h1fTrqG7mCaTIs8azzPGji4hMSjG6MxliQxOTICsYQAgHftOoYr1cLu2jrj6daAATI2MMDkkZBHUHH8xQAi3CMMgjGCScg4x1H1oAZp9/b6rYW97ZzR3NpcRrLDPC4dJEYZVlYEgggggg4INAFigAoAKACgAoAKACgAoAKAOF1j4PeEvFt/omq6npZvL/RpvtGmXM0syyWT/ALrJjywKZMEeQMA/N2dsgDdG+B3grw9pVrYadoUFrHaQS29rOjN9ptY5FdXWG4z5sWRI4Gxxt3HbigB+ifBfwj4c059O03TGtdMa8hvxYLdTm3ininSeIxRlysSrJGjbEAU4AIIoAst8JfC5Piwpp8kLeKgo1d4LyeJ7jClRhlcGP5SR8hXrQBj3v7O/w+1O4vJ73w5BdyXieXcCeWWRJB9qN2cozlcm4YyFsZJOCSOKAO60PRrTw5oun6Tp8XkWFhbx2tvFuLbI0UKq5YknAAGSSaAL1ABQAUAFABQAUAFABQAUAFABQAUAFABQAUAFABQAUAFABQAUAFABQAUAJuoFfWwbqAuAOaBi0AFABQAUAFABQAUAFABQAUAFABQByaS6/f6Wk1hPZf6RCjQTzRO/UZDsoZCQwK/LwRzyeldj+rNt6nn2xe2hXv8A/hODph+xHRV1EeWy/aVlMX3Y/MU7efvGXB9FTI5JEr6u90waxS2aNfTU8Qf27eG9fTv7H2D7MsMb/aC2TkuSduMbcYHr0xgxP2XKuS9zal7fm/ebG7WB1BQAUARiZec4XHXJppNkOaWjYvmqDjIz9aLMHOK6jftCEkBlJXBIz0H+Qfyos+qDnjrZiC6jP8QHtmnyvsQqsHrckVg6gggg9xSasap31Q6kMKACgAoA8ttfEXirw3YQWVxYJKIFENuLKwe4Msa+UiFmMyBGJlAwQANrMSEBau14eLfuzT+Vv8zzFi3b3qbXzv8AohsvxI15bS9mi02/ma0PMI8OTK8yllCmPdcBTkMGwSCAGyBg1Twm3vrXzGsZ/wBO39x0XhvVvEuvSasJVt9LWyvXtI/tWmyD7Qqqh81D5/KEsQD329jkDmqU+TlfNe6vp0v09TrpVOe6tazsbX2XX/8AoJ6b/wCC6T/4/WJuH2XX/wDoJ6b/AOC6T/4/QAfZdf8A+gnpv/guk/8Aj9AFQ+EoL+++26wUvbuPasfl+ZHCoDBlYRF2UOCPv9ccdK2hVnCPKmc86EJy5mMPw80JnspPs03m2f8AqZftMvmAbGQqW3bmUhjlWJBOGIyAar6xU7kfVqbdyS08CaPY209rBahLSaaO4aDcxVXRlZNoJ+VVKKQq4A7Dml7ed076r9RrDxSa6MSz+H2h6ejLb2rxhoEtm/fOxaNCxVSSckDew57YHQACvrFS/Nfrf8v8hfVafLym9a20dnbxwRLtijUIi+gAwBXO227s6klFJIlpDCgAoAKAPM/CfijTLvw1p3k+HJb1Ft1jeeJrMozL8j8mYc70IIPIIwQDTuKxb1Txfomj6ebzUPDcllatJFCJLp7KJGeWTZGoZpwuXchQM5JYAZJpDLNxr9hYxNJP4RuoYYwS8kos1RADzkmbA6Z/H3oA0YJre4hjlTwnOUkUOvy2vQ9P+WtAD/3P/QpT/wDfNr/8doAP3P8A0KU//fNr/wDHaAKP9la5dyXUmmzjw9aSW/lRWr28RkimyT5wKl0YEbV2kZ4JyOjaxnTS1WpjUhU5vdlobPh6x1eyN6dV1CO/864aWARxeX5EZxti77sYzu4znoKU3F25VYdNSSfO7mxiszQWgYUAFABQAUAFAHlFp+zT4R022uYrCbWLJrkYmki1KQlwZzPINrEqA7vLnao+WaRV2hsUAbCfA7wrH4Qm8MLb3C6JK0Tm2S4ZCrRtuRlkUh1ZWCsGDAhlBB9QDF0f9l34faBYvZ6fpc9pbM2Qkd3KNn7qSH5fm+U7JXG4YP3TnKqQAep2lstpbRQKSyxoEBbqQBigCagAoAKACgAoAKACgAoAKACgAoA4A/G3w0YfFjRTS3M3hm9isL+CFA0hlkKqixrnMjMzbFjHzuw2qrFk3AGndfEK3hj1VYdNv7y80ydreexhWMTFgYTlCzhGBjuIpAA+SG243gpQBZ1PxvbaJLdpf2V/AsLxokkVubhZQyFt48rcUQbWUtKEAKnnBBIBneHvizofivWb7TNLTUJ7mxnS3uGl0+eGNHaKOTG90A3ASoGT76kNuUbSaAJbn4o6Lptle3eoLe2FvZTtDcyPZySpbgCNvMleIOkaFJo5NzlQqFi23Y+0Ap3Hxj0Ox8R6zpN7Ff2R0y4W0a5e1MkU8zRW8gSMx7juxd26gOFLtIFTcQcAG34e8d6N4o1C9stPmuHuLOaaCTz7KeBHaKQxy+W8iKsoVxtLRlgMjnkZAOgoAKACgAoAKACgAoAKAK8thbTxSRSQRvHIwZ1ZQQxGME+p4H5UAO+xwbg3kpkcg7Rx824/qAfrQA06fatIZDbxNISGLlASSBgEnuQCRn3oAclnBHKJEhRHC7Qyrg444+nA/IUALHawxMGSJFIzghQMZOT+ZA/KgBPscGxl8lNrDDDb14xz+HFADxEinIUA8849eTQA+gAoAKACgAoAKACgAoAKACgAoAKACgAoAKACgAoAKACgAoAKACgAoAKACgAoAKACgAoAKACgAoAKACgAoAKACgAoAKACgAoAKACgAoAKACgAoAKACgAoAKACgAoAKACgAoAKACgAoAKACgAoAKACgAoAKACgAoAKACgAoAKACgAoAKACgAoAKACgAoAKACgAoAKACgAoAKACgAoAKACgAoAKACgAoAKACgAoAKACgAoAKACgAoAKACgAoAKACgAoAKACgAoAKACgAoAKACgAoAKACgAoAKACgAoAKACgAoAKACgAoAKACgAoAKACgAoAKACgAoAKACgAoAKACgAoAKACgAoAKACgAoAKACgAoAKACgAoAKACgAoAKACgAoAKACgAoAKACgAoAKACgAoAKACgAoAKACgAoAKACgAoAKACgAoAKACgAoA//9k=","timing":5285,"timestamp":8.650058478497999E12},{"data":"/9j/4AAQSkZJRgABAQAAAQABAAD/2wCEAAMCAgMCAgMDAwMEAwMEBQgFBQQEBQoHBwYIDAoMDAsKCwsNDhIQDQ4RDgsLEBYQERMUFRUVDA8XGBYUGBIUFRQBAwQEBQQFCQUFCRQNCw0UFBQUFBQUFBQUFBQUFBQUFBQUFBQUFBQUFBQUFBQUFBQUFBQUFBQUFBQUFBQUFBQUFP/AABEIANUAeAMBEQACEQEDEQH/xAGiAAABBQEBAQEBAQAAAAAAAAAAAQIDBAUGBwgJCgsQAAIBAwMCBAMFBQQEAAABfQECAwAEEQUSITFBBhNRYQcicRQygZGhCCNCscEVUtHwJDNicoIJChYXGBkaJSYnKCkqNDU2Nzg5OkNERUZHSElKU1RVVldYWVpjZGVmZ2hpanN0dXZ3eHl6g4SFhoeIiYqSk5SVlpeYmZqio6Slpqeoqaqys7S1tre4ubrCw8TFxsfIycrS09TV1tfY2drh4uPk5ebn6Onq8fLz9PX29/j5+gEAAwEBAQEBAQEBAQAAAAAAAAECAwQFBgcICQoLEQACAQIEBAMEBwUEBAABAncAAQIDEQQFITEGEkFRB2FxEyIygQgUQpGhscEJIzNS8BVictEKFiQ04SXxFxgZGiYnKCkqNTY3ODk6Q0RFRkdISUpTVFVWV1hZWmNkZWZnaGlqc3R1dnd4eXqCg4SFhoeIiYqSk5SVlpeYmZqio6Slpqeoqaqys7S1tre4ubrCw8TFxsfIycrS09TV1tfY2dri4+Tl5ufo6ery8/T19vf4+fr/2gAMAwEAAhEDEQA/APh3wzoB168ZWcxwRAF2HXnoB78H8qANnXvA0dlYvc2csjmIFnWUg5XuRgDpQBxtABQAUAFABQAUAFABQAUAFAGhoWktrWpR2ytsXBZ3xnaB/kD8aAOp1TwFBFYSSWs8pmjUttkwQ2BnAwOKAOGoA6Hwfr8WiXcq3CnyJsbpF5KEZxx6c0AbviDxnYy6dNBaMbh5kMZ+UqFBGCeQKAOCOSaADFABigAxQAYoAMUAGKADFABigAxQBreGNXTRdVSaVS0LKUfHUA9x+VAHX6n4205bKYW7tPMylVQIwwSO5IH6UAecgYAoA3vsEH/PMUAH2CD/AJ5igA+wQf8APMUAH2CD/nmKAD7BB/zzFAB9gg/55igA+wQf88xQAfYIP+eYoAPsEH/PMUAH2CD/AJ5igA+wQf8APMUAH2CD/nmKAD7BB/zzFAB9gg/55igA+wQf88xQBYoAKACgAoAKACgAoAKACgAoAKACgAoAKACgAoAKACgAoAKACgAoAKACgAoAKACgAoAKACgAoAKACgAoAKACgAoAKACgAoAKACgAoAKACgAoAKACgAoAKACgAoAKACgAoAKACgAoAKACgAoAKACgAoAKACgAoAKACgAoAKACgAoAKACgAoAKACgAoAKACgAoAKACgAoAKACgAoAKACgAoAKACgAoAKACgAoAKACgAoAKACgAoAKACgAoAKACgAoAKACgAoAKACgAoAKACgAoAKACgBUKh13DK55A9KAOjNh4P7a7rZ/7gsP/AMl0AH2Dwh/0HNb/APBND/8AJdAB9g8If9BzW/8AwTQ//JdAB9g8If8AQc1v/wAE0P8A8l0AH2Dwh/0HNb/8E0P/AMl0AH2Dwh/0HNb/APBND/8AJdAB9g8If9BzW/8AwTQ//JdAB9g8If8AQc1v/wAE0P8A8l0AH2Dwh/0HNb/8E0P/AMl0AH2Dwh/0HNb/APBND/8AJdAB9g8If9BzW/8AwTQ//JdAB9g8If8AQc1v/wAE0P8A8l0AAsPB/fXNb/8ABND/APJdAGDerbrdyraSSS2wYiOSaMRu69iyhmCk9cBjj1NAENABQAUAFABQAUAFABQAUAFABQAUAFABQAUAFABQAUAFABQAUAFABQAUAFABQAUAFABQAUAIeQe1ACfN7UAGG9qADDe1ABhvagAw3tQAYb2oAMN7UAGG9qADDe1ABhvagAw3tQAYb2oAPm9qAFGcc9aAFoA3tM8PW1/YQzvJMjODkIwx1PtQBa/4RO0/57XH/fS//E0AH/CJ2n/Pa4/76X/4mgDI1rTI9MljSF3bepJMmCf0AoA1z4TtP+es4+jLj+VAB/widp/z2uP++l/+JoAP+ETtP+e1x/30v/xNAHP6narY38tujMyJjBY88gH+tAFegAoAKACgAoAKACgDd0nxFb2NhFBJDMXTOSgXHX60AW/+EttP+eFz+S/40AH/AAltp/zwufyX/GgDH1zVI9TljeFHQKpGJAOv4GgDYHi20xzBcZ74C/40AH/CW2n/ADwufyX/ABoAP+EttP8Anhc/kv8AjQBgandJfahLcRqyo+MB8Z6Af0oArUAFABQAUAFABQAUAFABmgAzQAUAFABmgAzQAUAFABQAUAFABQAUAFABQAUAFABQAUAFABQAUAFABQAUAFABQAUAFABQAUAFABQAUAFABQAUAFABQAUAFABQAUAFABQAUAFABQAUAFABQAUAFABQAUAFABQAUAFABQAUAFABQAUAFABQAUAFABQAUAFABQAUAFABQAUAFABQAUAFABQAUAFABQAUAFABQAUAFABQAUAFABQAUAFABQAUAFABQAUAFABQAUAFABQAUAFABQAUAFABQAUAFABQAUAFABQAUAZP9sv/AM8l/OgA/tl/+eS/nQAf2y//ADyX86AD+2X/AOeS/nQAf2y//PJfzoAP7Zf/AJ5L+dAB/bL/APPJfzoAP7Zf/nkv50AH9sv/AM8l/OgA/tl/+eS/nQAf2y//ADyX86AD+2X/AOeS/nQAf2y//PJfzoAP7Zf/AJ5L+dAB/bL/APPJfzoAz6ACgAoAKACgAoAKACgAoAKACgAoAKACgAoA/wD/2Q==","timing":5945,"timestamp":8650059139098},{"data":"/9j/4AAQSkZJRgABAQAAAQABAAD/2wCEAAMCAgMCAgMDAwMEAwMEBQgFBQQEBQoHBwYIDAoMDAsKCwsNDhIQDQ4RDgsLEBYQERMUFRUVDA8XGBYUGBIUFRQBAwQEBQQFCQUFCRQNCw0UFBQUFBQUFBQUFBQUFBQUFBQUFBQUFBQUFBQUFBQUFBQUFBQUFBQUFBQUFBQUFBQUFP/AABEIANUAeAMBEQACEQEDEQH/xAGiAAABBQEBAQEBAQAAAAAAAAAAAQIDBAUGBwgJCgsQAAIBAwMCBAMFBQQEAAABfQECAwAEEQUSITFBBhNRYQcicRQygZGhCCNCscEVUtHwJDNicoIJChYXGBkaJSYnKCkqNDU2Nzg5OkNERUZHSElKU1RVVldYWVpjZGVmZ2hpanN0dXZ3eHl6g4SFhoeIiYqSk5SVlpeYmZqio6Slpqeoqaqys7S1tre4ubrCw8TFxsfIycrS09TV1tfY2drh4uPk5ebn6Onq8fLz9PX29/j5+gEAAwEBAQEBAQEBAQAAAAAAAAECAwQFBgcICQoLEQACAQIEBAMEBwUEBAABAncAAQIDEQQFITEGEkFRB2FxEyIygQgUQpGhscEJIzNS8BVictEKFiQ04SXxFxgZGiYnKCkqNTY3ODk6Q0RFRkdISUpTVFVWV1hZWmNkZWZnaGlqc3R1dnd4eXqCg4SFhoeIiYqSk5SVlpeYmZqio6Slpqeoqaqys7S1tre4ubrCw8TFxsfIycrS09TV1tfY2dri4+Tl5ufo6ery8/T19vf4+fr/2gAMAwEAAhEDEQA/APgL9KAL2qaDqeiLE1/p1zZpI5jDTRkDdgnGemcAn8KAKNABQB0Wm/DzxFrPh2PW9P0m4v8AT5Ls2KNagSuZgYQV8tSXAzcQKGK7S0qKCWOKAJYvhh4sn0e41WPQL19Pt7Sa+lnEfypDFOlvKx7/ACSyIrDqu9SRg5oArSeAPE0M1rG2gah5l3dy2FtEsDGWW5iVDNCIwN29PNjyMZG6gCa1+G3iq+0zT9QtfDup3dpqBuPsr29q0hmEG3zmCqCdq7wC2MZDDOVbABn3/hbWNLsftl3pd5b2vmPC07wkIkisUaNz/C4YYKnB6eooAuz/AA68V215NaTeGNZiuoXijlgfT5Q8bSttiVlK5BcghQfvEYGaAII/BeuM92j6VdW72v2gSi5j8na0ADTp8+PnQMpZRyMjI5FAGLQAUAFABQAY9qAOq8VfFDxZ4206Kw13X9Q1SzilEyQXVw8iK4DAEBiccO350Acrg0AGDQB2+g/FnVvD3glvCsFlYTaVNePcXYmSQveRO1q72shDjETPZW7ZQLICnDgHFAHQW37Sfiyy0DUdHt4rGO21Bt93IwmkmmZLtry3YyPKx3QzvI6kcvvIlMoAAAOWuPiTf3njCPXrmw0+5iitWsYNIlRzZQWxthbCJF37xiMLiTf5hZd5csSxAOt+I/7TPi34nnVX1O3021m1OSWW6lsI5Y2cubcADMh2hI7S3iXbj5Y8tudmdgClrn7QXibxB4X1jQbm300WWqtdNcOkLiTM95a3bkEuRkSWcYGQflZ85JDAA6zxP+194g1vx/ceJ7Hw3oembdW/tSwtnjkme1H9pHUWieXepmDz7WfcMDB8oQh2UgHAt8ZvEMvhqx0OUW0lpZ6fLpkbFXUm3cSbVYBgrMjXF0yuV3A3EgJK7VUA4PHtQAYNABg0AGKAN46bATnyxQAn9mwf881oAP7Ng/55rQAf2bB/zzWgA/s2D/nmtAB/ZsH/ADzWgA/s2D/nmtAB/ZsH/PNaAD+zYP8AnmtAB/ZsH/PNaAD+zYP+ea0AH9mwf881oAP7Ng/55rQAf2bB/wA81oABptvn/VigC3QAUAFABQAUAFABQAUAFABQAUAFABQAUAFABQAUAFABQAUAFABQAUAFABQAUAFABQAUAFABQAUAFABQAUAFABQAUAFABQAUAFABQAUAFABQAUAFABQAUAFABQAUAFABQAUAFABQAUAFABQAUAFABQAUAFABQAUAFABQAUAFABQAUAFABQAUAFABQAUAFABQAUAFABQAUAFABQAUAFABQAUAFABQAUAFABQAUAFABQAUAFABQAUAFABQAUAFABQAUAFABQAUAFABQAUAFABQAUAFABQAUAFAHW6N8L9b8Q6XDeaatveNKkbpapMBMwaS4T5VONxBtpCQpJwQcYDFQCppvgHWNYeySyhjuJbyc20EYlCs8oUMV+bG35WQ5OANwyRzgAYngq9+0xRzz2lpC00kMlzNNiOEoQHLkAkAZzwDnHGTgEAwCMGgAoAKACgDU8K+Hrjxb4m0nQ7R4orrUruKzieYkIryOFUsQCcZIzgE47GgDuvif8DLr4c6BBrcOrwaxpT6hNpUkiqsciXMTOG+VXcFG8tipyGxjcq5FAHmNABQAUAFABQAUATwtahcyxTSOepWYKPy2n+dAD/Msf8An3uP/Ahf/iKADzLH/n3uP/Ahf/iKADzLH/n3uP8AwIX/AOIoAPMsf+fe4/8AAhf/AIigA8yx/wCfe4/8CF/+IoAPMsf+fe4/8CF/+IoAmtL+3sLuG5tkvLe4gdZYpoboI6OpyrKwTIIIBBFAGn4i8a3XilIV1BppFhLvHFGYoYhI2N8hSOJVLsQu5iNzYGScUAc5QAUAFABQAUAFABQAUAFABQAUAFABQAenvxQAgORxQAtABQAUAFABQAUAdhCvg+78LW0LyyWuuJbXEsk4Emxpcv5MR4cNnEZ4WNVG/LsWAQAs6rpHgRrCVtO128+2h5GhUxGSJkDvsVsqpy0YjIZSRuZgwTAJALkdr8PNOs724D3es3cUcEkVkbmRFmY3Q82NX+zIUIgQ/M4x+9OASnIB51QAUAFABQBseDNJtdf8YaHpd7ObWyvr6C2nnVgDHG8iqzZPHAJPPFAHr/7Unwx8JfD+Xw5ceFndBem6intWuIphGsbr5bAx9ismAWyzBAW+ctkA8IoAKACgAoAKACgBSzMqjJAHpQAmG9W/M0AGG9W/M0AByO7fmaADk92/M0AGG9W/M0AGG9W/M0AHI7t+ZoAQ5P8AE3fv7UALQAUAFABQAUAFAFDVbqS2EflttyTnigDW8OeC/FXi5NLbSLQ3f9o3j2FuPNiTzJlMClBuYYJa6gAJwCXGCcHABpN8KPHiWqzyaUyJ5d/MxM8R2pZLuuSQGJGza4PrgYyeKAOPsb+ea6jR3ypzkYHoaAJtUupbeSMRvtBBzwKAN9PAHi19B0fVzbxxWGsru06aa5hjFwfPe3wNzDpLGynOAuULEB1JAMzWND13QnmS8UQywxJM6M8ZOxmwCMMc9VOByM84oAoadezT3G133Lg9qANSgAoAKACgAoAKACgClqVm92E2Y+XPU0APs73XtP06TT7XVbq30+R2le0iuXWF3MbRsxQHBJjd0JI5ViOhIoAfJqfiGZUWTWL2QJG0KbrqQ7EaIQsq88AxKsZA/gAXpxQBRs9OlguUdiu0Z6H2NAE2pWUl06FCvygg5NAF7T9f8U6RYTWNj4g1Kysprc2kttbX0scckBZ2MTKCAULSSHaeMuxx8xyAQapqPiDXM/2lq13qJIYZu7l5eDI0jD5ieC7s59WYnqc0AVbCwltp97lcYI4NAGlQAUAFABQAUAFABQAUAFABQAUAFABQAUAFABQAUAFABQAUAFABQAUAFABQAUAFABQAUAFABQAUAFABQAUAFABQAUAFABQAUAFABQAUAFABQAUAFABQAUAFABQAUAFABQAUAFABQAUAFABQAUAFABQAUAFABQAUAFABQAUAFABQAUAFABQAUAFABQAUAFABQAUAFABQAUAFABQAUAFABQAUAFABQAUAFABQAUAFABQAUAFABQAUAFABQAUAFABQBFDaa3cXNvbxaLeS3FyI2ghjt3Z5Q5AQqoGWDEgDHXNAFjU9E8SaLIkeo+HtQsJHhFwsd1aSRsYi/liQBgDtL/ID03AjrxQBWlttZhurm1k0e7S6tTKJ4DA4kiMYcy7lxkbBHJuz02NnGDQA6Wx12GJpX0O9WJYUuGkNtJtETSCNZM4xtLsEDdCxA6mgCiNQuiHP2U/IcNwfl4J5/AE/QZoAWe+u7YZltGjGSMspAyCQf1Vh9QfSgCH+2n/55r+dAB/bT/8APNfzoAP7af8A55r+dAB/bT/881/OgA/tp/8Anmv50AH9tP8A881/OgA/tp/+ea/nQAf20/8AzzX86AD+2n/55r+dAF+/+Imv6lq0d9e3cV9e26RwJcXNpDI4WMoyHJT7w2Iu7qUXYSU+WgB2r+Pdc1e2s9PvrxLm1stscKG3iXaBLcTAAqoOPMup2I6HeBjCoFAIbTxrrGnzWuoW935UpEsUSiJNsSyIUcBdu0ArxhQAO3ODQBpW3xS8WDUpb9dalN49pLpyyyRI/k28iMjRxKVxCu2RwBGF2hjt25oAp6L8UPEWm395c298DcXlvBaXLXMMc4mhtzFJDGyupBANvEMEEEAhgQSCAUb/AMQ6neacdOuLrzbMXb3Rj2KMzFVVnzjPIA4zjj1NAGXQAUAFABQAUAFABQAUAFAH/9k=","timing":6606,"timestamp":8650059799698}]}},"meta-viewport":{"displayValue":"","score":false,"helpText":"Disabling zooming is problematic for users with low vision who rely on screen magnification to properly see the contents of a web page. [Learn more](https://dequeuniversity.com/rules/axe/2.2/meta-viewport?application=lighthouse).","rawValue":false,"extendedInfo":{"value":{"help":"Zooming and scaling must not be disabled","nodes":[{"failureSummary":"Fix any of the following:\n  <meta> tag disables zooming on mobile devices","snippet":"<meta name=\"viewport\" content=\"width=device-width,initial-scale=1,maximum-scale=1,minimum-scale=1,user-scalable=no\">","path":"1,HTML,1,HEAD,1,META","impact":"critical","html":"<meta name=\"viewport\" content=\"width=device-width,initial-scale=1,maximum-scale=1,minimum-scale=1,user-scalable=no\">","target":["meta[name=\"viewport\"]"]}],"impact":"critical","description":"Ensures <meta name=\"viewport\"> does not disable text scaling and zooming","helpUrl":"https://dequeuniversity.com/rules/axe/3.0/meta-viewport?application=axeAPI","id":"meta-viewport","tags":["cat.sensory-and-visual-cues","wcag2aa","wcag144"]}},"name":"meta-viewport","description":"`[user-scalable=\"no\"]` is used in the `<meta name=\"viewport\">` element or the `[maximum-scale]` attribute is less than 5.","scoringMode":"binary","details":{"header":{"text":"View failing elements","type":"text"},"type":"list","items":[{"snippet":"<meta name=\"viewport\" content=\"width=device-width,initial-scale=1,maximum-scale=1,minimum-scale=1,user-scalable=no\">","path":"1,HTML,1,HEAD,1,META","selector":"meta[name=\"viewport\"]","type":"node"}]}},"visual-order-follows-dom":{"displayValue":"","score":false,"helpText":"DOM order matches the visual order, improving navigation for assistive technology. [Learn more](https://developers.google.com/web/fundamentals/accessibility/how-to-review#try_it_with_a_screen_reader).","rawValue":false,"name":"visual-order-follows-dom","description":"Visual order on the page follows DOM order","scoringMode":"binary","informative":true,"manual":true},"works-offline":{"displayValue":"","score":false,"helpText":"If you're building a Progressive Web App, consider using a service worker so that your app can work offline. [Learn more](https://developers.google.com/web/tools/lighthouse/audits/http-200-when-offline).","rawValue":false,"name":"works-offline","description":"Does not respond with a 200 when offline","scoringMode":"binary"},"definition-list":{"displayValue":"","score":false,"helpText":"When definition lists are not properly marked up, screen readers may produce confusing or inaccurate output. [Learn more](https://dequeuniversity.com/rules/axe/2.2/definition-list?application=lighthouse).","rawValue":false,"name":"definition-list","description":"`<dl>`'s do not contain only properly-ordered `<dt>` and `<dd>` groups, `<script>` or `<template>` elements.","scoringMode":"binary","informative":true,"notApplicable":true},"password-inputs-can-be-pasted-into":{"displayValue":"","score":true,"helpText":"Preventing password pasting undermines good security policy. [Learn more](https://www.ncsc.gov.uk/blog-post/let-them-paste-passwords)","rawValue":true,"extendedInfo":{"value":[]},"name":"password-inputs-can-be-pasted-into","description":"Allows users to paste into password fields","scoringMode":"binary","details":{"header":{"text":"Password inputs that prevent pasting into","type":"text"},"type":"list","items":[]}},"html-lang-valid":{"displayValue":"","score":false,"helpText":"Specifying a valid [BCP 47 language](https://www.w3.org/International/questions/qa-choosing-language-tags#question) helps screen readers announce text properly. [Learn more](https://dequeuniversity.com/rules/axe/2.2/valid-lang?application=lighthouse).","rawValue":false,"name":"html-lang-valid","description":"`<html>` element does not have a valid value for its `[lang]` attribute.","scoringMode":"binary","informative":true,"notApplicable":true},"splash-screen":{"displayValue":"","score":false,"debugString":"Failures: No manifest was fetched.","helpText":"A themed splash screen ensures a high-quality experience when users launch your app from their homescreens. [Learn more](https://developers.google.com/web/tools/lighthouse/audits/custom-splash-screen).","rawValue":false,"extendedInfo":{"value":{"failures":["No manifest was fetched"],"manifestValues":{"parseFailureReason":"No manifest was fetched","allChecks":[],"isParseFailure":true}}},"name":"splash-screen","description":"Is not configured for a custom splash screen","scoringMode":"binary"},"label":{"displayValue":"","score":true,"helpText":"Labels ensure that form controls are announced properly by assistive technologies, like screen readers. [Learn more](https://dequeuniversity.com/rules/axe/2.2/label?application=lighthouse).","rawValue":true,"extendedInfo":{},"name":"label","description":"Form elements have associated labels","scoringMode":"binary","details":{"header":{"text":"View failing elements","type":"text"},"type":"list","items":[]}},"uses-webp-images":{"displayValue":"","score":100,"helpText":"Image formats like JPEG 2000, JPEG XR, and WebP often provide better compression than PNG or JPEG, which means faster downloads and less data consumption. [Learn more](https://developers.google.com/web/tools/lighthouse/audits/webp).","rawValue":0,"extendedInfo":{"value":{"wastedKb":0,"wastedMs":0,"results":[]}},"name":"uses-webp-images","description":"Serve images in next-gen formats","scoringMode":"binary","informative":true,"details":{"itemHeaders":[{"itemType":"thumbnail","text":"","type":"text"},{"itemType":"url","text":"URL","type":"text"},{"itemType":"text","text":"Original","type":"text"},{"itemType":"text","text":"Potential Savings","type":"text"}],"header":"View Details","type":"table","items":[]}},"speed-index-metric":{"displayValue":"5,723","score":48,"helpText":"Speed Index shows how quickly the contents of a page are visibly populated. [Learn more](https://developers.google.com/web/tools/lighthouse/audits/speed-index).","rawValue":5723,"extendedInfo":{"value":{"frames":[{"progress":0,"timestamp":8.650053193698E9},{"progress":0,"timestamp":8.650053950668E9},{"progress":0,"timestamp":8.650057717184E9},{"progress":78.47020210836772,"timestamp":8.650058783808E9},{"progress":79.55400014666994,"timestamp":8.650058883804E9},{"progress":84.25733274045653,"timestamp":8.65005906713E9},{"progress":90.99914379891193,"timestamp":8.650059217124E9},{"progress":92.49290629372531,"timestamp":8.65005965044E9},{"progress":100.00000000000001,"timestamp":8.650059800434E9}],"timestamps":{"firstVisualChange":8650058783698,"perceptualSpeedIndex":8.650058916695168E12,"visuallyComplete":8650059799698,"visuallyReady":8.650059217124001E12},"timings":{"firstVisualChange":5590,"perceptualSpeedIndex":5722.997167414955,"visuallyComplete":6606,"visuallyReady":6023.426000595093}}},"name":"speed-index-metric","description":"Perceptual Speed Index","scoringMode":"numeric"},"bypass":{"displayValue":"","score":true,"helpText":"Adding ways to bypass repetitive content lets keyboard users navigate the page more efficiently. [Learn more](https://dequeuniversity.com/rules/axe/2.2/bypass?application=lighthouse).","rawValue":true,"extendedInfo":{},"name":"bypass","description":"The page contains a heading, skip link, or landmark region","scoringMode":"binary","details":{"header":{"text":"View failing elements","type":"text"},"type":"list","items":[]}},"http-status-code":{"displayValue":"","score":null,"debugString":"Audit error: Unable to identify the main resource","helpText":"Pages with unsuccessful HTTP status codes may not be indexed properly. [Learn more](https://developers.google.com/web/tools/lighthouse/audits/successful-http-code).","rawValue":null,"name":"http-status-code","description":"Page has unsuccessful HTTP status code","scoringMode":"binary","error":true},"viewport":{"displayValue":"","score":true,"debugString":"","helpText":"Add a viewport meta tag to optimize your app for mobile screens. [Learn more](https://developers.google.com/web/tools/lighthouse/audits/has-viewport-meta-tag).","rawValue":true,"name":"viewport","description":"Has a `<meta name=\"viewport\">` tag with `width` or `initial-scale`","scoringMode":"binary"},"estimated-input-latency":{"displayValue":"50 ms","score":95,"helpText":"The score above is an estimate of how long your app takes to respond to user input, in milliseconds. There is a 90% probability that a user encounters this amount of latency, or less. 10% of the time a user can expect additional latency. If your latency is higher than 50 ms, users may perceive your app as laggy. [Learn more](https://developers.google.com/web/tools/lighthouse/audits/estimated-input-latency).","rawValue":49.8,"extendedInfo":{"value":[{"percentile":0.5,"time":16},{"percentile":0.75,"time":16},{"percentile":0.9,"time":49.84405833333335},{"percentile":0.99,"time":161.88252333333307},{"percentile":1,"time":209.04299999999876}]},"name":"estimated-input-latency","description":"Estimated Input Latency","scoringMode":"numeric"},"redirects":{"displayValue":"","score":null,"debugString":"Audit error: Unable to identify the main resource","helpText":"Redirects introduce additional delays before the page can be loaded. [Learn more](https://developers.google.com/speed/docs/insights/AvoidRedirects).","rawValue":null,"name":"redirects","description":"Has multiple page redirects","scoringMode":"binary","error":true},"load-fast-enough-for-pwa":{"displayValue":"","score":true,"helpText":"A fast page load over a 3G network ensures a good mobile user experience. [Learn more](https://developers.google.com/web/tools/lighthouse/audits/fast-3g).","rawValue":true,"extendedInfo":{"value":{"isFast":true,"timeToFirstInteractive":6460.149,"firstRequestLatencies":[{"latency":"566.29","url":"http://web/"},{"latency":"579.72","url":"https://cdnjs.cloudflare.com/ajax/libs/Chart.js/2.7.1/Chart.min.js"},{"latency":"571.48","url":"https://unpkg.com/vue-chartjs/dist/vue-chartjs.min.js"},{"latency":"578.93","url":"https://fonts.gstatic.com/s/roboto/v18/KFOmCnqEu92Fr1Mu4mxK.woff2"}],"areLatenciesAll3G":true}},"name":"load-fast-enough-for-pwa","description":"Page load is fast enough on 3G","scoringMode":"binary"},"font-display":{"displayValue":"","score":false,"helpText":"Leverage the font-display CSS feature to ensure text is user-visible while webfonts are loading. [Learn more](https://developers.google.com/web/updates/2016/02/font-display).","rawValue":false,"name":"font-display","description":"Avoid invisible text while webfonts are loading","scoringMode":"binary","details":{"itemHeaders":[{"itemType":"url","text":"Font URL","type":"text"},{"itemType":"text","text":"Font download time","type":"text"}],"header":"View Details","type":"table","items":[[{"text":"https://fonts.gstatic.com/s/roboto/v18/KFOmCnqEu92Fr1Mu4mxK.woff2","type":"url"},{"text":"884 ms","type":"text"}],[{"text":"https://fonts.gstatic.com/s/materialicons/v37/flUhRq6tzZclQEJ-Vdg-IuiaDsNc.woff2","type":"url"},{"text":"1,066 ms","type":"text"}],[{"text":"https://fonts.gstatic.com/s/roboto/v18/KFOlCnqEu92Fr1MmEU9fBBc4.woff2","type":"url"},{"text":"875 ms","type":"text"}]]}},"layout-table":{"displayValue":"","score":false,"helpText":"A table being used for layout purposes should not include data elements, such as the th or caption elements or the summary attribute, because this can create a confusing experience for screen reader users. [Learn more](https://dequeuniversity.com/rules/axe/2.2/layout-table?application=lighthouse).","rawValue":false,"name":"layout-table","description":"Presentational `<table>` elements do not avoid using `<th>`, `<caption>` or the `[summary]` attribute.","scoringMode":"binary","informative":true,"notApplicable":true}},"url":"http://web/#/"}
61.94117647058823
The variable of type Double with the value 61.94117647058823 is not LOWER_THAN 5.94117647058823
]]></system-out>
    </rerunFailure>
    <rerunFailure message="expected:&lt;true&gt; but was:&lt;false&gt;" type="java.lang.AssertionError"><![CDATA[java.lang.AssertionError: expected:<true> but was:<false>
	at org.junit.Assert.fail(Assert.java:88)
	at org.junit.Assert.failNotEquals(Assert.java:834)
	at org.junit.Assert.assertEquals(Assert.java:118)
	at org.junit.Assert.assertEquals(Assert.java:144)
	at io.jenkins.plugins.sample.LighthousePluginTest.Test_PositiveGreaterThan(LighthousePluginTest.java:80)
	at sun.reflect.NativeMethodAccessorImpl.invoke0(Native Method)
	at sun.reflect.NativeMethodAccessorImpl.invoke(NativeMethodAccessorImpl.java:62)
	at sun.reflect.DelegatingMethodAccessorImpl.invoke(DelegatingMethodAccessorImpl.java:43)
	at java.lang.reflect.Method.invoke(Method.java:498)
	at org.junit.runners.model.FrameworkMethod$1.runReflectiveCall(FrameworkMethod.java:50)
	at org.junit.internal.runners.model.ReflectiveCallable.run(ReflectiveCallable.java:12)
	at org.junit.runners.model.FrameworkMethod.invokeExplosively(FrameworkMethod.java:47)
	at org.junit.internal.runners.statements.InvokeMethod.evaluate(InvokeMethod.java:17)
	at org.junit.runners.ParentRunner.runLeaf(ParentRunner.java:325)
	at org.junit.runners.BlockJUnit4ClassRunner.runChild(BlockJUnit4ClassRunner.java:78)
	at org.junit.runners.BlockJUnit4ClassRunner.runChild(BlockJUnit4ClassRunner.java:57)
	at org.junit.runners.ParentRunner$3.run(ParentRunner.java:290)
	at org.junit.runners.ParentRunner$1.schedule(ParentRunner.java:71)
	at org.junit.runners.ParentRunner.runChildren(ParentRunner.java:288)
	at org.junit.runners.ParentRunner.access$000(ParentRunner.java:58)
	at org.junit.runners.ParentRunner$2.evaluate(ParentRunner.java:268)
	at org.junit.runners.ParentRunner.run(ParentRunner.java:363)
	at org.apache.maven.surefire.junit4.JUnit4Provider.executeFailedMethod(JUnit4Provider.java:379)
	at org.apache.maven.surefire.junit4.JUnit4Provider.executeWithRerun(JUnit4Provider.java:290)
	at org.apache.maven.surefire.junit4.JUnit4Provider.executeTestSet(JUnit4Provider.java:236)
	at org.apache.maven.surefire.junit4.JUnit4Provider.invoke(JUnit4Provider.java:159)
	at org.apache.maven.surefire.booter.ForkedBooter.invokeProviderInSameClassLoader(ForkedBooter.java:386)
	at org.apache.maven.surefire.booter.ForkedBooter.runSuitesInProcess(ForkedBooter.java:323)
	at org.apache.maven.surefire.booter.ForkedBooter.main(ForkedBooter.java:143)
]]>
      <system-out><![CDATA[{"initialUrl":"http://web:80/#/","generatedTime":"2018-06-24T16:18:28.384Z","score":30,"reportCategories":[{"score":61.94117647058823,"name":"Performance","description":"These encapsulate your web app's current performance and opportunities to improve it.","id":"performance","audits":[{"result":{"displayValue":"4,520 ms","score":40,"helpText":"First meaningful paint measures when the primary content of a page is visible. [Learn more](https://developers.google.com/web/tools/lighthouse/audits/first-meaningful-paint).","rawValue":4521.8,"extendedInfo":{"value":{"timestamps":{"fCP":8650057715484,"endOfTrace":8650064967436,"fMP":8650057715493,"onLoad":8650058566647,"navStart":8650053193698},"fmpFellBack":false,"timings":{"fCP":4521.786,"endOfTrace":11773.738,"fMP":4521.795,"onLoad":5372.949,"navStart":0}}},"name":"first-meaningful-paint","description":"First meaningful paint","scoringMode":"numeric"},"score":40,"weight":5,"id":"first-meaningful-paint","group":"perf-metric"},{"result":{"displayValue":"6,460 ms","score":71,"helpText":"First Interactive marks the time at which the page is minimally interactive. [Learn more](https://developers.google.com/web/tools/lighthouse/audits/first-interactive).","rawValue":6460.149,"extendedInfo":{"value":{"timeInMs":6460.149,"timestamp":8650059653847}},"name":"first-interactive","description":"First Interactive (beta)","scoringMode":"numeric"},"score":71,"weight":5,"id":"first-interactive","group":"perf-metric"},{"result":{"displayValue":"6,460 ms","score":71,"helpText":"Consistently Interactive marks the time at which the page is fully interactive. [Learn more](https://developers.google.com/web/tools/lighthouse/audits/consistently-interactive).","rawValue":6460.149,"extendedInfo":{"value":{"timeInMs":6460.149,"cpuQuietPeriod":{"start":8.650059653847E9,"end":8.650064967436E9},"networkQuietPeriods":[{"start":8.650059532223999E9,"end":8.650064967436E9}],"networkQuietPeriod":{"start":8.650059532223999E9,"end":8.650064967436E9},"cpuQuietPeriods":[{"start":8.650059653847E9,"end":8.650064967436E9}],"timestamp":8650059653847}},"name":"consistently-interactive","description":"Consistently Interactive (beta)","scoringMode":"numeric"},"score":71,"weight":5,"id":"consistently-interactive","group":"perf-metric"},{"result":{"displayValue":"5,723","score":48,"helpText":"Speed Index shows how quickly the contents of a page are visibly populated. [Learn more](https://developers.google.com/web/tools/lighthouse/audits/speed-index).","rawValue":5723,"extendedInfo":{"value":{"frames":[{"progress":0,"timestamp":8.650053193698E9},{"progress":0,"timestamp":8.650053950668E9},{"progress":0,"timestamp":8.650057717184E9},{"progress":78.47020210836772,"timestamp":8.650058783808E9},{"progress":79.55400014666994,"timestamp":8.650058883804E9},{"progress":84.25733274045653,"timestamp":8.65005906713E9},{"progress":90.99914379891193,"timestamp":8.650059217124E9},{"progress":92.49290629372531,"timestamp":8.65005965044E9},{"progress":100.00000000000001,"timestamp":8.650059800434E9}],"timestamps":{"firstVisualChange":8650058783698,"perceptualSpeedIndex":8.650058916695168E12,"visuallyComplete":8650059799698,"visuallyReady":8.650059217124001E12},"timings":{"firstVisualChange":5590,"perceptualSpeedIndex":5722.997167414955,"visuallyComplete":6606,"visuallyReady":6023.426000595093}}},"name":"speed-index-metric","description":"Perceptual Speed Index","scoringMode":"numeric"},"score":48,"weight":1,"id":"speed-index-metric","group":"perf-metric"},{"result":{"displayValue":"50 ms","score":95,"helpText":"The score above is an estimate of how long your app takes to respond to user input, in milliseconds. There is a 90% probability that a user encounters this amount of latency, or less. 10% of the time a user can expect additional latency. If your latency is higher than 50 ms, users may perceive your app as laggy. [Learn more](https://developers.google.com/web/tools/lighthouse/audits/estimated-input-latency).","rawValue":49.8,"extendedInfo":{"value":[{"percentile":0.5,"time":16},{"percentile":0.75,"time":16},{"percentile":0.9,"time":49.84405833333335},{"percentile":0.99,"time":161.88252333333307},{"percentile":1,"time":209.04299999999876}]},"name":"estimated-input-latency","description":"Estimated Input Latency","scoringMode":"numeric"},"score":95,"weight":1,"id":"estimated-input-latency","group":"perf-metric"},{"result":{"displayValue":"","score":100,"helpText":"External stylesheets are blocking the first paint of your page. Consider delivering critical CSS via `<style>` tags and deferring non-critical styles. [Learn more](https://developers.google.com/web/tools/lighthouse/audits/blocking-resources).","rawValue":0,"extendedInfo":{"value":{"wastedMs":"0 ms","results":[]}},"name":"link-blocking-first-paint","description":"Reduce render-blocking stylesheets","scoringMode":"binary","informative":true,"details":{"itemHeaders":[{"itemType":"url","text":"URL","type":"text"},{"itemType":"text","text":"Size (KB)","type":"text"},{"itemType":"text","text":"Delayed Paint By (ms)","type":"text"}],"header":"View Details","type":"table","items":[]}},"score":100,"weight":0,"id":"link-blocking-first-paint","group":"perf-hint"},{"result":{"displayValue":"","score":100,"helpText":"Script elements are blocking the first paint of your page. Consider inlining critical scripts and deferring non-critical ones. [Learn more](https://developers.google.com/web/tools/lighthouse/audits/blocking-resources).","rawValue":0,"extendedInfo":{"value":{"wastedMs":"0 ms","results":[]}},"name":"script-blocking-first-paint","description":"Reduce render-blocking scripts","scoringMode":"binary","informative":true,"details":{"itemHeaders":[{"itemType":"url","text":"URL","type":"text"},{"itemType":"text","text":"Size (KB)","type":"text"},{"itemType":"text","text":"Delayed Paint By (ms)","type":"text"}],"header":"View Details","type":"table","items":[]}},"score":100,"weight":0,"id":"script-blocking-first-paint","group":"perf-hint"},{"result":{"displayValue":"","score":100,"helpText":"Serve images that are appropriately-sized to save cellular data and improve load time. [Learn more](https://developers.google.com/web/tools/lighthouse/audits/oversized-images).","rawValue":0,"extendedInfo":{"value":{"wastedKb":0,"wastedMs":0,"results":[]}},"name":"uses-responsive-images","description":"Properly size images","scoringMode":"binary","informative":true,"details":{"itemHeaders":[{"itemType":"thumbnail","text":"","type":"text"},{"itemType":"url","text":"URL","type":"text"},{"itemType":"text","text":"Original","type":"text"},{"itemType":"text","text":"Potential Savings","type":"text"}],"header":"View Details","type":"table","items":[]}},"score":100,"weight":0,"id":"uses-responsive-images","group":"perf-hint"},{"result":{"displayValue":"","score":100,"helpText":"Consider lazy-loading offscreen and hidden images to improve page load speed and time to interactive. [Learn more](https://developers.google.com/web/tools/lighthouse/audits/offscreen-images).","rawValue":0,"extendedInfo":{"value":{"wastedKb":0,"wastedMs":0,"results":[]}},"name":"offscreen-images","description":"Offscreen images","scoringMode":"binary","informative":true,"details":{"itemHeaders":[{"itemType":"thumbnail","text":"","type":"text"},{"itemType":"url","text":"URL","type":"text"},{"itemType":"text","text":"Original","type":"text"},{"itemType":"text","text":"Potential Savings","type":"text"}],"header":"View Details","type":"table","items":[]}},"score":100,"weight":0,"id":"offscreen-images","group":"perf-hint"},{"result":{"displayValue":"","score":100,"helpText":"Minifying CSS files can reduce network payload sizes. [Learn more](https://developers.google.com/speed/docs/insights/MinifyResources).","rawValue":0,"extendedInfo":{"value":{"wastedKb":0,"wastedMs":0,"results":[]}},"name":"unminified-css","description":"Minify CSS","scoringMode":"binary","informative":true,"details":{"itemHeaders":[{"itemType":"url","text":"URL","type":"text"},{"itemType":"text","text":"Original","type":"text"},{"itemType":"text","text":"Potential Savings","type":"text"}],"header":"View Details","type":"table","items":[]}},"score":100,"weight":0,"id":"unminified-css","group":"perf-hint"},{"result":{"displayValue":"","score":100,"helpText":"Minifying JavaScript files can reduce payload sizes and script parse time. [Learn more](https://developers.google.com/speed/docs/insights/MinifyResources).","rawValue":0,"extendedInfo":{"value":{"wastedKb":0,"wastedMs":0,"results":[]}},"name":"unminified-javascript","description":"Minify JavaScript","scoringMode":"binary","informative":true,"details":{"itemHeaders":[{"itemType":"url","text":"URL","type":"text"},{"itemType":"text","text":"Original","type":"text"},{"itemType":"text","text":"Potential Savings","type":"text"}],"header":"View Details","type":"table","items":[]}},"score":100,"weight":0,"id":"unminified-javascript","group":"perf-hint"},{"result":{"displayValue":"Potential savings of 35 KB (~190 ms)","score":90,"helpText":"Remove unused rules from stylesheets to reduce unnecessary bytes consumed by network activity. [Learn more](https://developers.google.com/speed/docs/insights/OptimizeCSSDelivery)","rawValue":190,"extendedInfo":{"value":{"wastedKb":35,"wastedMs":190,"results":[{"wastedKb":"29 KB","totalKb":"32 KB","wastedMs":"160 ms","totalMs":"170 ms","potentialSavings":"29 KB (93%)","totalBytes":32261,"wastedPercent":92.80281987684556,"wastedBytes":29939,"url":"http://web/static/css/app.a1bcfeb0daa2a3f727390086fd42ee9d.css"},{"wastedKb":"5 KB","totalKb":"6 KB","wastedMs":"30 ms","totalMs":"30 ms","potentialSavings":"5 KB (98%)","totalBytes":5722,"wastedPercent":98.2698357217756,"wastedBytes":5623,"url":{"text":"a { color: #1976d2; } ...","type":"code"}}]}},"name":"unused-css-rules","description":"Unused CSS rules","scoringMode":"binary","informative":true,"details":{"itemHeaders":[{"itemType":"url","text":"URL","type":"text"},{"itemType":"text","text":"Original","type":"text"},{"itemType":"text","text":"Potential Savings","type":"text"}],"header":"View Details","type":"table","items":[[{"text":"http://web/static/css/app.a1bcfeb0daa2a3f727390086fd42ee9d.css","type":"url"},{"text":"32 KB","type":"text"},{"text":"29 KB (93%)","type":"text"}],[{"text":"a { color: #1976d2; } ...","type":"code"},{"text":"6 KB","type":"text"},{"text":"5 KB (98%)","type":"text"}]]}},"score":90,"weight":0,"id":"unused-css-rules","group":"perf-hint"},{"result":{"displayValue":"","score":100,"helpText":"Optimized images load faster and consume less cellular data. [Learn more](https://developers.google.com/web/tools/lighthouse/audits/optimize-images).","rawValue":0,"extendedInfo":{"value":{"wastedKb":0,"wastedMs":0,"results":[]}},"name":"uses-optimized-images","description":"Optimize images","scoringMode":"binary","informative":true,"details":{"itemHeaders":[{"itemType":"thumbnail","text":"","type":"text"},{"itemType":"url","text":"URL","type":"text"},{"itemType":"text","text":"Original","type":"text"},{"itemType":"text","text":"Potential Savings","type":"text"}],"header":"View Details","type":"table","items":[]}},"score":100,"weight":0,"id":"uses-optimized-images","group":"perf-hint"},{"result":{"displayValue":"","score":100,"helpText":"Image formats like JPEG 2000, JPEG XR, and WebP often provide better compression than PNG or JPEG, which means faster downloads and less data consumption. [Learn more](https://developers.google.com/web/tools/lighthouse/audits/webp).","rawValue":0,"extendedInfo":{"value":{"wastedKb":0,"wastedMs":0,"results":[]}},"name":"uses-webp-images","description":"Serve images in next-gen formats","scoringMode":"binary","informative":true,"details":{"itemHeaders":[{"itemType":"thumbnail","text":"","type":"text"},{"itemType":"url","text":"URL","type":"text"},{"itemType":"text","text":"Original","type":"text"},{"itemType":"text","text":"Potential Savings","type":"text"}],"header":"View Details","type":"table","items":[]}},"score":100,"weight":0,"id":"uses-webp-images","group":"perf-hint"},{"result":{"displayValue":"","score":100,"helpText":"Text-based responses should be served with compression (gzip, deflate or brotli) to minimize total network bytes. [Learn more](https://developers.google.com/web/fundamentals/performance/optimizing-content-efficiency/optimize-encoding-and-transfer).","rawValue":0,"extendedInfo":{"value":{"wastedKb":0,"wastedMs":0,"results":[]}},"name":"uses-request-compression","description":"Enable text compression","scoringMode":"binary","informative":true,"details":{"itemHeaders":[{"itemType":"url","text":"Uncompressed resource URL","type":"text"},{"itemType":"text","text":"Original","type":"text"},{"itemType":"text","text":"GZIP Savings","type":"text"}],"header":"View Details","type":"table","items":[]}},"score":100,"weight":0,"id":"uses-request-compression","group":"perf-hint"},{"result":{"displayValue":"","score":null,"debugString":"Audit error: Cannot read property '_timing' of undefined","helpText":"Time To First Byte identifies the time at which your server sends a response. [Learn more](https://developers.google.com/web/tools/chrome-devtools/network-performance/issues).","rawValue":null,"name":"time-to-first-byte","description":"Keep server response times low (TTFB)","scoringMode":"binary","informative":true,"error":true},"score":0,"weight":0,"id":"time-to-first-byte","group":"perf-hint"},{"result":{"displayValue":"","score":null,"debugString":"Audit error: Unable to identify the main resource","helpText":"Redirects introduce additional delays before the page can be loaded. [Learn more](https://developers.google.com/speed/docs/insights/AvoidRedirects).","rawValue":null,"name":"redirects","description":"Has multiple page redirects","scoringMode":"binary","error":true},"score":0,"weight":0,"id":"redirects","group":"perf-hint"},{"result":{"displayValue":"","score":null,"debugString":"Audit error: Unable to identify the main resource","helpText":"Consider using <link rel=preload> to prioritize fetching late-discovered resources sooner [Learn more](https://developers.google.com/web/updates/2016/03/link-rel-preload).","rawValue":null,"name":"uses-rel-preload","description":"Preload key requests","scoringMode":"numeric","informative":true,"error":true},"score":0,"weight":0,"id":"uses-rel-preload","group":"perf-hint"},{"result":{"displayValue":"Total size was 400 KB","score":100,"helpText":"Large network payloads cost users real money and are highly correlated with long load times. [Learn more](https://developers.google.com/web/tools/lighthouse/audits/network-payloads).","rawValue":409855,"extendedInfo":{"value":{"totalCompletedRequests":11,"results":[{"totalKb":"227 KB","totalMs":"1,240 ms","totalBytes":232785,"url":"http://web/static/js/vendor.d1efda22f11e965a5228.js"},{"totalKb":"48 KB","totalMs":"260 ms","totalBytes":49163,"url":"https://fonts.gstatic.com/s/materialicons/v37/flUhRq6tzZclQEJ-Vdg-IuiaDsNc.woff2"},{"totalKb":"46 KB","totalMs":"250 ms","totalBytes":47366,"url":"https://cdnjs.cloudflare.com/ajax/libs/Chart.js/2.7.1/Chart.min.js"},{"totalKb":"32 KB","totalMs":"170 ms","totalBytes":32261,"url":"http://web/static/css/app.a1bcfeb0daa2a3f727390086fd42ee9d.css"},{"totalKb":"15 KB","totalMs":"80 ms","totalBytes":15817,"url":"https://fonts.gstatic.com/s/roboto/v18/KFOlCnqEu92Fr1MmEU9fBBc4.woff2"},{"totalKb":"15 KB","totalMs":"80 ms","totalBytes":15461,"url":"https://fonts.gstatic.com/s/roboto/v18/KFOmCnqEu92Fr1Mu4mxK.woff2"},{"totalKb":"12 KB","totalMs":"70 ms","totalBytes":12691,"url":"http://web/static/js/app.310cd52123c59f9f64a5.js"},{"totalKb":"1 KB","totalMs":"10 ms","totalBytes":1524,"url":"https://unpkg.com/vue-chartjs@3.3.2/dist/vue-chartjs.min.js"},{"totalKb":"1 KB","totalMs":"10 ms","totalBytes":1211,"url":"http://web/"},{"totalKb":"1 KB","totalMs":"10 ms","totalBytes":1171,"url":"http://web/static/js/manifest.9f020e973ae4037504f6.js"}]}},"name":"total-byte-weight","description":"Avoids enormous network payloads","scoringMode":"numeric","details":{"itemHeaders":[{"itemType":"url","text":"URL","type":"text"},{"itemType":"text","text":"Total Size","type":"text"},{"itemType":"text","text":"Transfer Time","type":"text"}],"header":"View Details","type":"table","items":[[{"text":"http://web/static/js/vendor.d1efda22f11e965a5228.js","type":"url"},{"text":"227 KB","type":"text"},{"text":"1,240 ms","type":"text"}],[{"text":"https://fonts.gstatic.com/s/materialicons/v37/flUhRq6tzZclQEJ-Vdg-IuiaDsNc.woff2","type":"url"},{"text":"48 KB","type":"text"},{"text":"260 ms","type":"text"}],[{"text":"https://cdnjs.cloudflare.com/ajax/libs/Chart.js/2.7.1/Chart.min.js","type":"url"},{"text":"46 KB","type":"text"},{"text":"250 ms","type":"text"}],[{"text":"http://web/static/css/app.a1bcfeb0daa2a3f727390086fd42ee9d.css","type":"url"},{"text":"32 KB","type":"text"},{"text":"170 ms","type":"text"}],[{"text":"https://fonts.gstatic.com/s/roboto/v18/KFOlCnqEu92Fr1MmEU9fBBc4.woff2","type":"url"},{"text":"15 KB","type":"text"},{"text":"80 ms","type":"text"}],[{"text":"https://fonts.gstatic.com/s/roboto/v18/KFOmCnqEu92Fr1Mu4mxK.woff2","type":"url"},{"text":"15 KB","type":"text"},{"text":"80 ms","type":"text"}],[{"text":"http://web/static/js/app.310cd52123c59f9f64a5.js","type":"url"},{"text":"12 KB","type":"text"},{"text":"70 ms","type":"text"}],[{"text":"https://unpkg.com/vue-chartjs@3.3.2/dist/vue-chartjs.min.js","type":"url"},{"text":"1 KB","type":"text"},{"text":"10 ms","type":"text"}],[{"text":"http://web/","type":"url"},{"text":"1 KB","type":"text"},{"text":"10 ms","type":"text"}],[{"text":"http://web/static/js/manifest.9f020e973ae4037504f6.js","type":"url"},{"text":"1 KB","type":"text"},{"text":"10 ms","type":"text"}]]}},"score":100,"weight":0,"id":"total-byte-weight","group":"perf-info"},{"result":{"displayValue":"0 assets found","score":100,"helpText":"A long cache lifetime can speed up repeat visits to your page. [Learn more](https://developers.google.com/web/fundamentals/performance/optimizing-content-efficiency/http-caching#cache-control).","rawValue":0,"extendedInfo":{"value":{"queryStringCount":0,"results":[]}},"name":"uses-long-cache-ttl","description":"Uses efficient cache policy on static assets","scoringMode":"numeric","details":{"itemHeaders":[{"itemType":"url","text":"URL","type":"text"},{"itemType":"text","text":"Cache TTL","type":"text"},{"itemType":"text","text":"Size (KB)","type":"text"}],"header":"View Details","type":"table","items":[]}},"score":100,"weight":0,"id":"uses-long-cache-ttl","group":"perf-info"},{"result":{"displayValue":"94 nodes","score":100,"helpText":"Browser engineers recommend pages contain fewer than ~1,500 DOM nodes. The sweet spot is a tree depth < 32 elements and fewer than 60 children/parent element. A large DOM can increase memory usage, cause longer [style calculations](https://developers.google.com/web/fundamentals/performance/rendering/reduce-the-scope-and-complexity-of-style-calculations), and produce costly [layout reflows](https://developers.google.com/speed/articles/reflow). [Learn more](https://developers.google.com/web/fundamentals/performance/rendering/).","rawValue":94,"extendedInfo":{"value":[{"title":"Total DOM Nodes","value":"94","target":"< 1,500 nodes"},{"snippet":"html >\n  body >\n    main >\n      div#inspire.application.theme--dark >\n        div.application--wrap >\n          aside.navigation-drawer.navigation-drawer--clipped.navigation-drawer--close.navigation-drawer--fixed.navigation-drawer--is-mobile >\n            div.list >\n              div >\n                div.list__tile >\n                  div.input-group.input-group--dirty.input-group--selection-controls.switch.accent--text >\n                    div.input-group__input >\n                      div.input-group--selection-controls__container >\n                        div.input-group--selection-controls__toggle.input-group--selection-controls__toggle--active","title":"DOM Depth","value":"13","target":"< 32"},{"snippet":"Element with most children:\nhead","title":"Maximum Children","value":"8","target":"< 60 nodes"}]},"name":"dom-size","description":"Avoids an excessive DOM size","scoringMode":"numeric","details":{"header":{"text":"View details","type":"text"},"type":"cards","items":[{"title":"Total DOM Nodes","value":"94","target":"< 1,500 nodes"},{"snippet":"html >\n  body >\n    main >\n      div#inspire.application.theme--dark >\n        div.application--wrap >\n          aside.navigation-drawer.navigation-drawer--clipped.navigation-drawer--close.navigation-drawer--fixed.navigation-drawer--is-mobile >\n            div.list >\n              div >\n                div.list__tile >\n                  div.input-group.input-group--dirty.input-group--selection-controls.switch.accent--text >\n                    div.input-group__input >\n                      div.input-group--selection-controls__container >\n                        div.input-group--selection-controls__toggle.input-group--selection-controls__toggle--active","title":"DOM Depth","value":"13","target":"< 32"},{"snippet":"Element with most children:\nhead","title":"Maximum Children","value":"8","target":"< 60 nodes"}]}},"score":100,"weight":0,"id":"dom-size","group":"perf-info"},{"result":{"displayValue":"","score":null,"debugString":"Audit error: Unable to identify the main resource","helpText":"The Critical Request Chains below show you what resources are issued with a high priority. Consider reducing the length of chains, reducing the download size of resources, or deferring the download of unnecessary resources to improve page load. [Learn more](https://developers.google.com/web/tools/lighthouse/audits/critical-request-chains).","rawValue":null,"name":"critical-request-chains","description":"Critical Request Chains","scoringMode":"binary","informative":true,"error":true},"score":0,"weight":0,"id":"critical-request-chains","group":"perf-info"},{"result":{"displayValue":"11","score":100,"helpText":"Lists the network requests that were made during page load.","rawValue":11,"extendedInfo":{"value":[{"transferSize":1211,"startTime":0,"endTime":638.9249991625547,"mimeType":"text/html","url":"http://web/","statusCode":200,"resourceType":"document"},{"transferSize":1171,"startTime":755.621999502182,"endTime":1328.4680005162954,"mimeType":"application/javascript","url":"http://web/static/js/manifest.9f020e973ae4037504f6.js","statusCode":200,"resourceType":"script"},{"transferSize":232785,"startTime":755.7720001786947,"endTime":2917.8979992866516,"mimeType":"application/javascript","url":"http://web/static/js/vendor.d1efda22f11e965a5228.js","statusCode":200,"resourceType":"script"},{"transferSize":12691,"startTime":755.9009995311499,"endTime":1470.6410001963377,"mimeType":"application/javascript","url":"http://web/static/js/app.310cd52123c59f9f64a5.js","statusCode":200,"resourceType":"script"},{"transferSize":47366,"startTime":790.370000526309,"endTime":2162.829000502825,"mimeType":"application/javascript","url":"https://cdnjs.cloudflare.com/ajax/libs/Chart.js/2.7.1/Chart.min.js","statusCode":200,"resourceType":"script"},{"transferSize":405,"startTime":790.8159997314215,"endTime":1663.72200101614,"mimeType":"text/plain","url":"https://unpkg.com/vue-chartjs/dist/vue-chartjs.min.js","statusCode":302},{"transferSize":1524,"startTime":1664.8290008306503,"endTime":2258.2770008593798,"mimeType":"application/javascript","url":"https://unpkg.com/vue-chartjs@3.3.2/dist/vue-chartjs.min.js","statusCode":200,"resourceType":"script"},{"transferSize":32261,"startTime":4527.456000447273,"endTime":5278.87500077486,"mimeType":"text/css","url":"http://web/static/css/app.a1bcfeb0daa2a3f727390086fd42ee9d.css","statusCode":200,"resourceType":"stylesheet"},{"transferSize":15461,"startTime":5458.613000810146,"endTime":6342.342000454664,"mimeType":"font/woff2","url":"https://fonts.gstatic.com/s/roboto/v18/KFOmCnqEu92Fr1Mu4mxK.woff2","statusCode":200,"resourceType":"font"},{"transferSize":49163,"startTime":5458.761001005769,"endTime":6524.431999772787,"mimeType":"font/woff2","url":"https://fonts.gstatic.com/s/materialicons/v37/flUhRq6tzZclQEJ-Vdg-IuiaDsNc.woff2","statusCode":200,"resourceType":"font"},{"transferSize":15817,"startTime":5458.878999575973,"endTime":6334.002999588847,"mimeType":"font/woff2","url":"https://fonts.gstatic.com/s/roboto/v18/KFOlCnqEu92Fr1MmEU9fBBc4.woff2","statusCode":200,"resourceType":"font"}]},"name":"network-requests","description":"Network Requests","scoringMode":"binary","informative":true,"details":{"itemHeaders":[{"itemType":"url","text":"URL","type":"text"},{"itemType":"ms","text":"Start Time","type":"text"},{"itemType":"ms","text":"End Time","type":"text"},{"itemType":"bytes","text":"Transfer Size","type":"text"},{"itemType":"text","text":"Status Code","type":"text"},{"itemType":"text","text":"MIME Type","type":"text"},{"itemType":"text","text":"Resource Type","type":"text"}],"header":"View Details","type":"table","items":[[{"text":"http://web/","type":"url"},{"text":0,"type":"ms"},{"text":638.9249991625547,"type":"ms"},{"text":1211,"type":"bytes"},{"text":200,"type":"text"},{"text":"text/html","type":"text"},{"text":"document","type":"text"}],[{"text":"http://web/static/js/manifest.9f020e973ae4037504f6.js","type":"url"},{"text":755.621999502182,"type":"ms"},{"text":1328.4680005162954,"type":"ms"},{"text":1171,"type":"bytes"},{"text":200,"type":"text"},{"text":"application/javascript","type":"text"},{"text":"script","type":"text"}],[{"text":"http://web/static/js/vendor.d1efda22f11e965a5228.js","type":"url"},{"text":755.7720001786947,"type":"ms"},{"text":2917.8979992866516,"type":"ms"},{"text":232785,"type":"bytes"},{"text":200,"type":"text"},{"text":"application/javascript","type":"text"},{"text":"script","type":"text"}],[{"text":"http://web/static/js/app.310cd52123c59f9f64a5.js","type":"url"},{"text":755.9009995311499,"type":"ms"},{"text":1470.6410001963377,"type":"ms"},{"text":12691,"type":"bytes"},{"text":200,"type":"text"},{"text":"application/javascript","type":"text"},{"text":"script","type":"text"}],[{"text":"https://cdnjs.cloudflare.com/ajax/libs/Chart.js/2.7.1/Chart.min.js","type":"url"},{"text":790.370000526309,"type":"ms"},{"text":2162.829000502825,"type":"ms"},{"text":47366,"type":"bytes"},{"text":200,"type":"text"},{"text":"application/javascript","type":"text"},{"text":"script","type":"text"}],[{"text":"https://unpkg.com/vue-chartjs/dist/vue-chartjs.min.js","type":"url"},{"text":790.8159997314215,"type":"ms"},{"text":1663.72200101614,"type":"ms"},{"text":405,"type":"bytes"},{"text":302,"type":"text"},{"text":"text/plain","type":"text"},{"type":"text"}],[{"text":"https://unpkg.com/vue-chartjs@3.3.2/dist/vue-chartjs.min.js","type":"url"},{"text":1664.8290008306503,"type":"ms"},{"text":2258.2770008593798,"type":"ms"},{"text":1524,"type":"bytes"},{"text":200,"type":"text"},{"text":"application/javascript","type":"text"},{"text":"script","type":"text"}],[{"text":"http://web/static/css/app.a1bcfeb0daa2a3f727390086fd42ee9d.css","type":"url"},{"text":4527.456000447273,"type":"ms"},{"text":5278.87500077486,"type":"ms"},{"text":32261,"type":"bytes"},{"text":200,"type":"text"},{"text":"text/css","type":"text"},{"text":"stylesheet","type":"text"}],[{"text":"https://fonts.gstatic.com/s/roboto/v18/KFOmCnqEu92Fr1Mu4mxK.woff2","type":"url"},{"text":5458.613000810146,"type":"ms"},{"text":6342.342000454664,"type":"ms"},{"text":15461,"type":"bytes"},{"text":200,"type":"text"},{"text":"font/woff2","type":"text"},{"text":"font","type":"text"}],[{"text":"https://fonts.gstatic.com/s/materialicons/v37/flUhRq6tzZclQEJ-Vdg-IuiaDsNc.woff2","type":"url"},{"text":5458.761001005769,"type":"ms"},{"text":6524.431999772787,"type":"ms"},{"text":49163,"type":"bytes"},{"text":200,"type":"text"},{"text":"font/woff2","type":"text"},{"text":"font","type":"text"}],[{"text":"https://fonts.gstatic.com/s/roboto/v18/KFOlCnqEu92Fr1MmEU9fBBc4.woff2","type":"url"},{"text":5458.878999575973,"type":"ms"},{"text":6334.002999588847,"type":"ms"},{"text":15817,"type":"bytes"},{"text":200,"type":"text"},{"text":"font/woff2","type":"text"},{"text":"font","type":"text"}]]}},"score":100,"weight":0,"id":"network-requests"},{"result":{"displayValue":"0","score":true,"helpText":"Consider instrumenting your app with the User Timing API to create custom, real-world measurements of key user experiences. [Learn more](https://developers.google.com/web/tools/lighthouse/audits/user-timing).","rawValue":true,"extendedInfo":{"value":[]},"name":"user-timings","description":"User Timing marks and measures","scoringMode":"binary","informative":true,"details":{"itemHeaders":[{"itemType":"text","text":"Name","type":"text"},{"itemType":"text","text":"Type","type":"text"},{"itemType":"text","text":"Time","type":"text"}],"header":"View Details","type":"table","items":[]}},"score":100,"weight":0,"id":"user-timings","group":"perf-info"},{"result":{"displayValue":"1,570 ms","score":true,"helpText":"Consider reducing the time spent parsing, compiling, and executing JS. You may find delivering smaller JS payloads helps with this. [Learn more](https://developers.google.com/web/lighthouse/audits/bootup).","rawValue":1573.503999710083,"extendedInfo":{"value":{"http://web/static/js/app.310cd52123c59f9f64a5.js":{"Script Evaluation":1173.697998046875,"Script Parsing & Compile":22.533000946044922},"http://web/static/js/vendor.d1efda22f11e965a5228.js":{"Style & Layout":178.41699981689453,"Script Parsing & Compile":14.004999160766602,"Script Evaluation":9.45100212097168},"https://unpkg.com/vue-chartjs@3.3.2/dist/vue-chartjs.min.js":{"Script Evaluation":6.445001602172852,"Script Parsing & Compile":4.004999160766602},"https://cdnjs.cloudflare.com/ajax/libs/Chart.js/2.7.1/Chart.min.js":{"Style & Layout":0.8509998321533203,"Script Evaluation":90.19700050354004,"Script Parsing & Compile":0.5679988861083984},"http://web/static/js/manifest.9f020e973ae4037504f6.js":{"Script Parsing & Compile":2.184000015258789,"Script Evaluation":1.4300003051757812},"http://web/":{"Style & Layout":0.0989990234375,"Script Evaluation":7.028999328613281,"Script Parsing & Compile":0.14599990844726562},"http://web/#/":{"Parsing HTML & CSS":62.446001052856445}}},"name":"bootup-time","description":"JavaScript boot-up time","scoringMode":"binary","details":{"itemHeaders":[{"itemType":"url","text":"URL","type":"text"},{"itemType":"text","text":"Script Evaluation","type":"text"},{"itemType":"text","text":"Script Parsing & Compile","type":"text"}],"header":"View Details","type":"table","items":[[{"text":"http://web/static/js/app.310cd52123c59f9f64a5.js","type":"url"},{"text":"1,174 ms","type":"text"},{"text":"23 ms","type":"text"}],[{"text":"https://cdnjs.cloudflare.com/ajax/libs/Chart.js/2.7.1/Chart.min.js","type":"url"},{"text":"90 ms","type":"text"},{"text":"1 ms","type":"text"}],[{"text":"http://web/static/js/vendor.d1efda22f11e965a5228.js","type":"url"},{"text":"9 ms","type":"text"},{"text":"14 ms","type":"text"}],[{"text":"https://unpkg.com/vue-chartjs@3.3.2/dist/vue-chartjs.min.js","type":"url"},{"text":"6 ms","type":"text"},{"text":"4 ms","type":"text"}]]}},"score":100,"weight":0,"id":"bootup-time","group":"perf-info"},{"result":{"displayValue":"true","score":100,"helpText":"This is what the load of your site looked like.","rawValue":true,"name":"screenshot-thumbnails","description":"Screenshot Thumbnails","scoringMode":"binary","informative":true,"details":{"scale":6606,"type":"filmstrip","items":[{"data":"/9j/4AAQSkZJRgABAQAAAQABAAD/2wCEAAMCAgMCAgMDAwMEAwMEBQgFBQQEBQoHBwYIDAoMDAsKCwsNDhIQDQ4RDgsLEBYQERMUFRUVDA8XGBYUGBIUFRQBAwQEBQQFCQUFCRQNCw0UFBQUFBQUFBQUFBQUFBQUFBQUFBQUFBQUFBQUFBQUFBQUFBQUFBQUFBQUFBQUFBQUFP/AABEIANUAeAMBEQACEQEDEQH/xAGiAAABBQEBAQEBAQAAAAAAAAAAAQIDBAUGBwgJCgsQAAIBAwMCBAMFBQQEAAABfQECAwAEEQUSITFBBhNRYQcicRQygZGhCCNCscEVUtHwJDNicoIJChYXGBkaJSYnKCkqNDU2Nzg5OkNERUZHSElKU1RVVldYWVpjZGVmZ2hpanN0dXZ3eHl6g4SFhoeIiYqSk5SVlpeYmZqio6Slpqeoqaqys7S1tre4ubrCw8TFxsfIycrS09TV1tfY2drh4uPk5ebn6Onq8fLz9PX29/j5+gEAAwEBAQEBAQEBAQAAAAAAAAECAwQFBgcICQoLEQACAQIEBAMEBwUEBAABAncAAQIDEQQFITEGEkFRB2FxEyIygQgUQpGhscEJIzNS8BVictEKFiQ04SXxFxgZGiYnKCkqNTY3ODk6Q0RFRkdISUpTVFVWV1hZWmNkZWZnaGlqc3R1dnd4eXqCg4SFhoeIiYqSk5SVlpeYmZqio6Slpqeoqaqys7S1tre4ubrCw8TFxsfIycrS09TV1tfY2dri4+Tl5ufo6ery8/T19vf4+fr/2gAMAwEAAhEDEQA/AP1ToAKACgAoAKACgAoAKACgAoAKACgAoAKACgAoAKACgAoAKACgAoAKACgAoAKACgAoAKACgAoAKACgAoAKACgAoAKACgAoAKACgAoAKACgAoAKACgAoAKACgAoAKACgAoAKACgAoAKACgAoAKACgAoAKACgAoAKACgAoAKACgAoAKACgAoAKACgAoAKACgAoAKACgAoAKACgAoAKACgAoAKACgAoAKACgAoAKACgAoAKACgAoAKACgAoAKACgAoAKACgAoAKACgAoAKACgAoAKACgAoAKACgAoAKACgAoAKACgAoAKACgAoAKACgAoAKACgAoAKACgAoAKACgAoAKACgAoAKACgAoAKACgAoAKACgAoAKACgAoAKACgAoAKACgAoAKACgAoAKACgAoAKACgAoAKACgAoAKACgAoAKACgAoAKACgAoAKACgAoAKACgAoAKACgAoAKACgAoAKACgAoAKACgAoAKACgAoAKACgAoAKACgAoAKACgAoAKACgAoAKACgAoAKACgAoAKACgAoAKACgAoAKACgAoAKACgAoAKACgAoAKACgAoAKACgAoAKACgAoAKACgAoAKACgAoAKACgAoAKACgAoAKACgAoAKACgAoAKACgAoAKACgAoAKACgAoAKACgAoAKACgAoAKACgAoAKACgAoAKACgAoAKACgAoAKACgAoAKACgAoAKACgAoAKACgAoAKACgAoAKACgAoAKACgAoAKACgAoAKACgAoAKACgAoAKACgAoAKACgAoAKACgAoAKACgAoAKACgAoAKACgAoAKACgAoAKACgAoAKACgAoAKACgAoAKACgAoAKACgAoAKACgAoAKACgAoAKACgAoAKACgAoAKACgAoAKACgAoAKACgAoAKACgAoAKACgAoAKACgAoAKACgAoAKACgAoAKACgAoAKACgAoAKACgD//Z","timing":661,"timestamp":8650053854298},{"data":"/9j/4AAQSkZJRgABAQAAAQABAAD/2wCEAAMCAgMCAgMDAwMEAwMEBQgFBQQEBQoHBwYIDAoMDAsKCwsNDhIQDQ4RDgsLEBYQERMUFRUVDA8XGBYUGBIUFRQBAwQEBQQFCQUFCRQNCw0UFBQUFBQUFBQUFBQUFBQUFBQUFBQUFBQUFBQUFBQUFBQUFBQUFBQUFBQUFBQUFBQUFP/AABEIANUAeAMBEQACEQEDEQH/xAGiAAABBQEBAQEBAQAAAAAAAAAAAQIDBAUGBwgJCgsQAAIBAwMCBAMFBQQEAAABfQECAwAEEQUSITFBBhNRYQcicRQygZGhCCNCscEVUtHwJDNicoIJChYXGBkaJSYnKCkqNDU2Nzg5OkNERUZHSElKU1RVVldYWVpjZGVmZ2hpanN0dXZ3eHl6g4SFhoeIiYqSk5SVlpeYmZqio6Slpqeoqaqys7S1tre4ubrCw8TFxsfIycrS09TV1tfY2drh4uPk5ebn6Onq8fLz9PX29/j5+gEAAwEBAQEBAQEBAQAAAAAAAAECAwQFBgcICQoLEQACAQIEBAMEBwUEBAABAncAAQIDEQQFITEGEkFRB2FxEyIygQgUQpGhscEJIzNS8BVictEKFiQ04SXxFxgZGiYnKCkqNTY3ODk6Q0RFRkdISUpTVFVWV1hZWmNkZWZnaGlqc3R1dnd4eXqCg4SFhoeIiYqSk5SVlpeYmZqio6Slpqeoqaqys7S1tre4ubrCw8TFxsfIycrS09TV1tfY2dri4+Tl5ufo6ery8/T19vf4+fr/2gAMAwEAAhEDEQA/AP1ToAKACgAoAKACgAoAKACgAoAKACgAoAKACgAoAKACgAoAKACgAoAKACgAoAKACgAoAKACgAoAKACgAoAKACgAoAKACgAoAKACgAoAKACgAoAKACgAoAKACgAoAKACgAoAKACgAoAKACgAoAKACgAoAKACgAoAKACgAoAKACgAoAKACgAoAKACgAoAKACgAoAKACgAoAKACgAoAKACgAoAKACgAoAKACgAoAKACgAoAKACgAoAKACgAoAKACgAoAKACgAoAKACgAoAKACgAoAKACgAoAKACgAoAKACgAoAKACgAoAKACgAoAKACgAoAKACgAoAKACgAoAKACgAoAKACgAoAKACgAoAKACgAoAKACgAoAKACgAoAKACgAoAKACgAoAKACgAoAKACgAoAKACgAoAKACgAoAKACgAoAKACgAoAKACgAoAKACgAoAKACgAoAKACgAoAKACgAoAKACgAoAKACgAoAKACgAoAKACgAoAKACgAoAKACgAoAKACgAoAKACgAoAKACgAoAKACgAoAKACgAoAKACgAoAKACgAoAKACgAoAKACgAoAKACgAoAKACgAoAKACgAoAKACgAoAKACgAoAKACgAoAKACgAoAKACgAoAKACgAoAKACgAoAKACgAoAKACgAoAKACgAoAKACgAoAKACgAoAKACgAoAKACgAoAKACgAoAKACgAoAKACgAoAKACgAoAKACgAoAKACgAoAKACgAoAKACgAoAKACgAoAKACgAoAKACgAoAKACgAoAKACgAoAKACgAoAKACgAoAKACgAoAKACgAoAKACgAoAKACgAoAKACgAoAKACgAoAKACgAoAKACgAoAKACgAoAKACgAoAKACgAoAKACgAoAKACgAoAKACgAoAKACgAoAKACgAoAKACgAoAKACgAoAKACgAoAKACgAoAKACgAoAKACgD//Z","timing":1321,"timestamp":8.650054514898001E12},{"data":"/9j/4AAQSkZJRgABAQAAAQABAAD/2wCEAAMCAgMCAgMDAwMEAwMEBQgFBQQEBQoHBwYIDAoMDAsKCwsNDhIQDQ4RDgsLEBYQERMUFRUVDA8XGBYUGBIUFRQBAwQEBQQFCQUFCRQNCw0UFBQUFBQUFBQUFBQUFBQUFBQUFBQUFBQUFBQUFBQUFBQUFBQUFBQUFBQUFBQUFBQUFP/AABEIANUAeAMBEQACEQEDEQH/xAGiAAABBQEBAQEBAQAAAAAAAAAAAQIDBAUGBwgJCgsQAAIBAwMCBAMFBQQEAAABfQECAwAEEQUSITFBBhNRYQcicRQygZGhCCNCscEVUtHwJDNicoIJChYXGBkaJSYnKCkqNDU2Nzg5OkNERUZHSElKU1RVVldYWVpjZGVmZ2hpanN0dXZ3eHl6g4SFhoeIiYqSk5SVlpeYmZqio6Slpqeoqaqys7S1tre4ubrCw8TFxsfIycrS09TV1tfY2drh4uPk5ebn6Onq8fLz9PX29/j5+gEAAwEBAQEBAQEBAQAAAAAAAAECAwQFBgcICQoLEQACAQIEBAMEBwUEBAABAncAAQIDEQQFITEGEkFRB2FxEyIygQgUQpGhscEJIzNS8BVictEKFiQ04SXxFxgZGiYnKCkqNTY3ODk6Q0RFRkdISUpTVFVWV1hZWmNkZWZnaGlqc3R1dnd4eXqCg4SFhoeIiYqSk5SVlpeYmZqio6Slpqeoqaqys7S1tre4ubrCw8TFxsfIycrS09TV1tfY2dri4+Tl5ufo6ery8/T19vf4+fr/2gAMAwEAAhEDEQA/AP1ToAKACgAoAKACgAoAKACgAoAKACgAoAKACgAoAKACgAoAKACgAoAKACgAoAKACgAoAKACgAoAKACgAoAKACgAoAKACgAoAKACgAoAKACgAoAKACgAoAKACgAoAKACgAoAKACgAoAKACgAoAKACgAoAKACgAoAKACgAoAKACgAoAKACgAoAKACgAoAKACgAoAKACgAoAKACgAoAKACgAoAKACgAoAKACgAoAKACgAoAKACgAoAKACgAoAKACgAoAKACgAoAKACgAoAKACgAoAKACgAoAKACgAoAKACgAoAKACgAoAKACgAoAKACgAoAKACgAoAKACgAoAKACgAoAKACgAoAKACgAoAKACgAoAKACgAoAKACgAoAKACgAoAKACgAoAKACgAoAKACgAoAKACgAoAKACgAoAKACgAoAKACgAoAKACgAoAKACgAoAKACgAoAKACgAoAKACgAoAKACgAoAKACgAoAKACgAoAKACgAoAKACgAoAKACgAoAKACgAoAKACgAoAKACgAoAKACgAoAKACgAoAKACgAoAKACgAoAKACgAoAKACgAoAKACgAoAKACgAoAKACgAoAKACgAoAKACgAoAKACgAoAKACgAoAKACgAoAKACgAoAKACgAoAKACgAoAKACgAoAKACgAoAKACgAoAKACgAoAKACgAoAKACgAoAKACgAoAKACgAoAKACgAoAKACgAoAKACgAoAKACgAoAKACgAoAKACgAoAKACgAoAKACgAoAKACgAoAKACgAoAKACgAoAKACgAoAKACgAoAKACgAoAKACgAoAKACgAoAKACgAoAKACgAoAKACgAoAKACgAoAKACgAoAKACgAoAKACgAoAKACgAoAKACgAoAKACgAoAKACgAoAKACgAoAKACgAoAKACgAoAKACgAoAKACgAoAKACgAoAKACgAoAKACgD//Z","timing":1982,"timestamp":8.650055175497999E12},{"data":"/9j/4AAQSkZJRgABAQAAAQABAAD/2wCEAAMCAgMCAgMDAwMEAwMEBQgFBQQEBQoHBwYIDAoMDAsKCwsNDhIQDQ4RDgsLEBYQERMUFRUVDA8XGBYUGBIUFRQBAwQEBQQFCQUFCRQNCw0UFBQUFBQUFBQUFBQUFBQUFBQUFBQUFBQUFBQUFBQUFBQUFBQUFBQUFBQUFBQUFBQUFP/AABEIANUAeAMBEQACEQEDEQH/xAGiAAABBQEBAQEBAQAAAAAAAAAAAQIDBAUGBwgJCgsQAAIBAwMCBAMFBQQEAAABfQECAwAEEQUSITFBBhNRYQcicRQygZGhCCNCscEVUtHwJDNicoIJChYXGBkaJSYnKCkqNDU2Nzg5OkNERUZHSElKU1RVVldYWVpjZGVmZ2hpanN0dXZ3eHl6g4SFhoeIiYqSk5SVlpeYmZqio6Slpqeoqaqys7S1tre4ubrCw8TFxsfIycrS09TV1tfY2drh4uPk5ebn6Onq8fLz9PX29/j5+gEAAwEBAQEBAQEBAQAAAAAAAAECAwQFBgcICQoLEQACAQIEBAMEBwUEBAABAncAAQIDEQQFITEGEkFRB2FxEyIygQgUQpGhscEJIzNS8BVictEKFiQ04SXxFxgZGiYnKCkqNTY3ODk6Q0RFRkdISUpTVFVWV1hZWmNkZWZnaGlqc3R1dnd4eXqCg4SFhoeIiYqSk5SVlpeYmZqio6Slpqeoqaqys7S1tre4ubrCw8TFxsfIycrS09TV1tfY2dri4+Tl5ufo6ery8/T19vf4+fr/2gAMAwEAAhEDEQA/AP1ToAKACgAoAKACgAoAKACgAoAKACgAoAKACgAoAKACgAoAKACgAoAKACgAoAKACgAoAKACgAoAKACgAoAKACgAoAKACgAoAKACgAoAKACgAoAKACgAoAKACgAoAKACgAoAKACgAoAKACgAoAKACgAoAKACgAoAKACgAoAKACgAoAKACgAoAKACgAoAKACgAoAKACgAoAKACgAoAKACgAoAKACgAoAKACgAoAKACgAoAKACgAoAKACgAoAKACgAoAKACgAoAKACgAoAKACgAoAKACgAoAKACgAoAKACgAoAKACgAoAKACgAoAKACgAoAKACgAoAKACgAoAKACgAoAKACgAoAKACgAoAKACgAoAKACgAoAKACgAoAKACgAoAKACgAoAKACgAoAKACgAoAKACgAoAKACgAoAKACgAoAKACgAoAKACgAoAKACgAoAKACgAoAKACgAoAKACgAoAKACgAoAKACgAoAKACgAoAKACgAoAKACgAoAKACgAoAKACgAoAKACgAoAKACgAoAKACgAoAKACgAoAKACgAoAKACgAoAKACgAoAKACgAoAKACgAoAKACgAoAKACgAoAKACgAoAKACgAoAKACgAoAKACgAoAKACgAoAKACgAoAKACgAoAKACgAoAKACgAoAKACgAoAKACgAoAKACgAoAKACgAoAKACgAoAKACgAoAKACgAoAKACgAoAKACgAoAKACgAoAKACgAoAKACgAoAKACgAoAKACgAoAKACgAoAKACgAoAKACgAoAKACgAoAKACgAoAKACgAoAKACgAoAKACgAoAKACgAoAKACgAoAKACgAoAKACgAoAKACgAoAKACgAoAKACgAoAKACgAoAKACgAoAKACgAoAKACgAoAKACgAoAKACgAoAKACgAoAKACgAoAKACgAoAKACgAoAKACgAoAKACgAoAKACgD//Z","timing":2642,"timestamp":8650055836098},{"data":"/9j/4AAQSkZJRgABAQAAAQABAAD/2wCEAAMCAgMCAgMDAwMEAwMEBQgFBQQEBQoHBwYIDAoMDAsKCwsNDhIQDQ4RDgsLEBYQERMUFRUVDA8XGBYUGBIUFRQBAwQEBQQFCQUFCRQNCw0UFBQUFBQUFBQUFBQUFBQUFBQUFBQUFBQUFBQUFBQUFBQUFBQUFBQUFBQUFBQUFBQUFP/AABEIANUAeAMBEQACEQEDEQH/xAGiAAABBQEBAQEBAQAAAAAAAAAAAQIDBAUGBwgJCgsQAAIBAwMCBAMFBQQEAAABfQECAwAEEQUSITFBBhNRYQcicRQygZGhCCNCscEVUtHwJDNicoIJChYXGBkaJSYnKCkqNDU2Nzg5OkNERUZHSElKU1RVVldYWVpjZGVmZ2hpanN0dXZ3eHl6g4SFhoeIiYqSk5SVlpeYmZqio6Slpqeoqaqys7S1tre4ubrCw8TFxsfIycrS09TV1tfY2drh4uPk5ebn6Onq8fLz9PX29/j5+gEAAwEBAQEBAQEBAQAAAAAAAAECAwQFBgcICQoLEQACAQIEBAMEBwUEBAABAncAAQIDEQQFITEGEkFRB2FxEyIygQgUQpGhscEJIzNS8BVictEKFiQ04SXxFxgZGiYnKCkqNTY3ODk6Q0RFRkdISUpTVFVWV1hZWmNkZWZnaGlqc3R1dnd4eXqCg4SFhoeIiYqSk5SVlpeYmZqio6Slpqeoqaqys7S1tre4ubrCw8TFxsfIycrS09TV1tfY2dri4+Tl5ufo6ery8/T19vf4+fr/2gAMAwEAAhEDEQA/AP1ToAKACgAoAKACgAoAKACgAoAKACgAoAKACgAoAKACgAoAKACgAoAKACgAoAKACgAoAKACgAoAKACgAoAKACgAoAKACgAoAKACgAoAKACgAoAKACgAoAKACgAoAKACgAoAKACgAoAKACgAoAKACgAoAKACgAoAKACgAoAKACgAoAKACgAoAKACgAoAKACgAoAKACgAoAKACgAoAKACgAoAKACgAoAKACgAoAKACgAoAKACgAoAKACgAoAKACgAoAKACgAoAKACgAoAKACgAoAKACgAoAKACgAoAKACgAoAKACgAoAKACgAoAKACgAoAKACgAoAKACgAoAKACgAoAKACgAoAKACgAoAKACgAoAKACgAoAKACgAoAKACgAoAKACgAoAKACgAoAKACgAoAKACgAoAKACgAoAKACgAoAKACgAoAKACgAoAKACgAoAKACgAoAKACgAoAKACgAoAKACgAoAKACgAoAKACgAoAKACgAoAKACgAoAKACgAoAKACgAoAKACgAoAKACgAoAKACgAoAKACgAoAKACgAoAKACgAoAKACgAoAKACgAoAKACgAoAKACgAoAKACgAoAKACgAoAKACgAoAKACgAoAKACgAoAKACgAoAKACgAoAKACgAoAKACgAoAKACgAoAKACgAoAKACgAoAKACgAoAKACgAoAKACgAoAKACgAoAKACgAoAKACgAoAKACgAoAKACgAoAKACgAoAKACgAoAKACgAoAKACgAoAKACgAoAKACgAoAKACgAoAKACgAoAKACgAoAKACgAoAKACgAoAKACgAoAKACgAoAKACgAoAKACgAoAKACgAoAKACgAoAKACgAoAKACgAoAKACgAoAKACgAoAKACgAoAKACgAoAKACgAoAKACgAoAKACgAoAKACgAoAKACgAoAKACgAoAKACgAoAKACgAoAKACgD//Z","timing":3303,"timestamp":8650056496698},{"data":"/9j/4AAQSkZJRgABAQAAAQABAAD/2wCEAAMCAgMCAgMDAwMEAwMEBQgFBQQEBQoHBwYIDAoMDAsKCwsNDhIQDQ4RDgsLEBYQERMUFRUVDA8XGBYUGBIUFRQBAwQEBQQFCQUFCRQNCw0UFBQUFBQUFBQUFBQUFBQUFBQUFBQUFBQUFBQUFBQUFBQUFBQUFBQUFBQUFBQUFBQUFP/AABEIANUAeAMBEQACEQEDEQH/xAGiAAABBQEBAQEBAQAAAAAAAAAAAQIDBAUGBwgJCgsQAAIBAwMCBAMFBQQEAAABfQECAwAEEQUSITFBBhNRYQcicRQygZGhCCNCscEVUtHwJDNicoIJChYXGBkaJSYnKCkqNDU2Nzg5OkNERUZHSElKU1RVVldYWVpjZGVmZ2hpanN0dXZ3eHl6g4SFhoeIiYqSk5SVlpeYmZqio6Slpqeoqaqys7S1tre4ubrCw8TFxsfIycrS09TV1tfY2drh4uPk5ebn6Onq8fLz9PX29/j5+gEAAwEBAQEBAQEBAQAAAAAAAAECAwQFBgcICQoLEQACAQIEBAMEBwUEBAABAncAAQIDEQQFITEGEkFRB2FxEyIygQgUQpGhscEJIzNS8BVictEKFiQ04SXxFxgZGiYnKCkqNTY3ODk6Q0RFRkdISUpTVFVWV1hZWmNkZWZnaGlqc3R1dnd4eXqCg4SFhoeIiYqSk5SVlpeYmZqio6Slpqeoqaqys7S1tre4ubrCw8TFxsfIycrS09TV1tfY2dri4+Tl5ufo6ery8/T19vf4+fr/2gAMAwEAAhEDEQA/AP1ToAKACgAoAKACgAoAKACgAoAKACgAoAKACgAoAKACgAoAKACgAoAKACgAoAKACgAoAKACgAoAKACgAoAKACgAoAKACgAoAKACgAoAKACgAoAKACgAoAKACgAoAKACgAoAKACgAoAKACgAoAKACgAoAKACgAoAKACgAoAKACgAoAKACgAoAKACgAoAKACgAoAKACgAoAKACgAoAKACgAoAKACgAoAKACgAoAKACgAoAKACgAoAKACgAoAKACgAoAKACgAoAKACgAoAKACgAoAKACgAoAKACgAoAKACgAoAKACgAoAKACgAoAKACgAoAKACgAoAKACgAoAKACgAoAKACgAoAKACgAoAKACgAoAKACgAoAKACgAoAKACgAoAKACgAoAKACgAoAKACgAoAKACgAoAKACgAoAKACgAoAKACgAoAKACgAoAKACgAoAKACgAoAKACgAoAKACgAoAKACgAoAKACgAoAKACgAoAKACgAoAKACgAoAKACgAoAKACgAoAKACgAoAKACgAoAKACgAoAKACgAoAKACgAoAKACgAoAKACgAoAKACgAoAKACgAoAKACgAoAKACgAoAKACgAoAKACgAoAKACgAoAKACgAoAKACgAoAKACgAoAKACgAoAKACgAoAKACgAoAKACgAoAKACgAoAKACgAoAKACgAoAKACgAoAKACgAoAKACgAoAKACgAoAKACgAoAKACgAoAKACgAoAKACgAoAKACgAoAKACgAoAKACgAoAKACgAoAKACgAoAKACgAoAKACgAoAKACgAoAKACgAoAKACgAoAKACgAoAKACgAoAKACgAoAKACgAoAKACgAoAKACgAoAKACgAoAKACgAoAKACgAoAKACgAoAKACgAoAKACgAoAKACgAoAKACgAoAKACgAoAKACgAoAKACgAoAKACgAoAKACgAoAKACgD//Z","timing":3964,"timestamp":8650057157298},{"data":"/9j/4AAQSkZJRgABAQAAAQABAAD/2wCEAAMCAgMCAgMDAwMEAwMEBQgFBQQEBQoHBwYIDAoMDAsKCwsNDhIQDQ4RDgsLEBYQERMUFRUVDA8XGBYUGBIUFRQBAwQEBQQFCQUFCRQNCw0UFBQUFBQUFBQUFBQUFBQUFBQUFBQUFBQUFBQUFBQUFBQUFBQUFBQUFBQUFBQUFBQUFP/AABEIANUAeAMBEQACEQEDEQH/xAGiAAABBQEBAQEBAQAAAAAAAAAAAQIDBAUGBwgJCgsQAAIBAwMCBAMFBQQEAAABfQECAwAEEQUSITFBBhNRYQcicRQygZGhCCNCscEVUtHwJDNicoIJChYXGBkaJSYnKCkqNDU2Nzg5OkNERUZHSElKU1RVVldYWVpjZGVmZ2hpanN0dXZ3eHl6g4SFhoeIiYqSk5SVlpeYmZqio6Slpqeoqaqys7S1tre4ubrCw8TFxsfIycrS09TV1tfY2drh4uPk5ebn6Onq8fLz9PX29/j5+gEAAwEBAQEBAQEBAQAAAAAAAAECAwQFBgcICQoLEQACAQIEBAMEBwUEBAABAncAAQIDEQQFITEGEkFRB2FxEyIygQgUQpGhscEJIzNS8BVictEKFiQ04SXxFxgZGiYnKCkqNTY3ODk6Q0RFRkdISUpTVFVWV1hZWmNkZWZnaGlqc3R1dnd4eXqCg4SFhoeIiYqSk5SVlpeYmZqio6Slpqeoqaqys7S1tre4ubrCw8TFxsfIycrS09TV1tfY2dri4+Tl5ufo6ery8/T19vf4+fr/2gAMAwEAAhEDEQA/AP0bk8LeMEuh9l8ZJFaC8SXyp9KjlcWyxQKYA+4cs8cz+YwYjz8Y+RSQDrtMt57TTrWG5unvriOJEkuXRUaVgoBcqoABJycAYGeKALVABQAUAFABQAUAFABQAUAFABQAUAFABQAUAFABQAUAFABQAUAFABQAUAFABQAUAFABQAUAFABQAUAFABQAUAFABQAUAFABQAUAFABQAUAFABQAUAFABQAUAFABQAUAFABQAUAFACZ5xQAZGcd6AFoAKACgAoAKACgAoAKACgAoAKACgAoA8AbVfiFqEGl3Wja9oL2kFwbHVBNfwzbbgSxCKFJAD+9kHyOrcgynbuOwgA7zwHq+q2WrXll4h1fTrqG7mCaTIs8azzPGji4hMSjG6MxliQxOTICsYQAgHftOoYr1cLu2jrj6daAATI2MMDkkZBHUHH8xQAi3CMMgjGCScg4x1H1oAZp9/b6rYW97ZzR3NpcRrLDPC4dJEYZVlYEgggggg4INAFigAoAKACgAoAKACgAoAKAOF1j4PeEvFt/omq6npZvL/RpvtGmXM0syyWT/ALrJjywKZMEeQMA/N2dsgDdG+B3grw9pVrYadoUFrHaQS29rOjN9ptY5FdXWG4z5sWRI4Gxxt3HbigB+ifBfwj4c059O03TGtdMa8hvxYLdTm3ininSeIxRlysSrJGjbEAU4AIIoAst8JfC5Piwpp8kLeKgo1d4LyeJ7jClRhlcGP5SR8hXrQBj3v7O/w+1O4vJ73w5BdyXieXcCeWWRJB9qN2cozlcm4YyFsZJOCSOKAO60PRrTw5oun6Tp8XkWFhbx2tvFuLbI0UKq5YknAAGSSaAL1ABQAUAFABQAUAFABQAUAFABQAUAFABQAUAFABQAUAFABQAUAFABQAUAJuoFfWwbqAuAOaBi0AFABQAUAFABQAUAFABQAUAFABQByaS6/f6Wk1hPZf6RCjQTzRO/UZDsoZCQwK/LwRzyeldj+rNt6nn2xe2hXv8A/hODph+xHRV1EeWy/aVlMX3Y/MU7efvGXB9FTI5JEr6u90waxS2aNfTU8Qf27eG9fTv7H2D7MsMb/aC2TkuSduMbcYHr0xgxP2XKuS9zal7fm/ebG7WB1BQAUARiZec4XHXJppNkOaWjYvmqDjIz9aLMHOK6jftCEkBlJXBIz0H+Qfyos+qDnjrZiC6jP8QHtmnyvsQqsHrckVg6gggg9xSasap31Q6kMKACgAoA8ttfEXirw3YQWVxYJKIFENuLKwe4Msa+UiFmMyBGJlAwQANrMSEBau14eLfuzT+Vv8zzFi3b3qbXzv8AohsvxI15bS9mi02/ma0PMI8OTK8yllCmPdcBTkMGwSCAGyBg1Twm3vrXzGsZ/wBO39x0XhvVvEuvSasJVt9LWyvXtI/tWmyD7Qqqh81D5/KEsQD329jkDmqU+TlfNe6vp0v09TrpVOe6tazsbX2XX/8AoJ6b/wCC6T/4/WJuH2XX/wDoJ6b/AOC6T/4/QAfZdf8A+gnpv/guk/8Aj9AFQ+EoL+++26wUvbuPasfl+ZHCoDBlYRF2UOCPv9ccdK2hVnCPKmc86EJy5mMPw80JnspPs03m2f8AqZftMvmAbGQqW3bmUhjlWJBOGIyAar6xU7kfVqbdyS08CaPY209rBahLSaaO4aDcxVXRlZNoJ+VVKKQq4A7Dml7ed076r9RrDxSa6MSz+H2h6ejLb2rxhoEtm/fOxaNCxVSSckDew57YHQACvrFS/Nfrf8v8hfVafLym9a20dnbxwRLtijUIi+gAwBXO227s6klFJIlpDCgAoAKAPM/CfijTLvw1p3k+HJb1Ft1jeeJrMozL8j8mYc70IIPIIwQDTuKxb1Txfomj6ebzUPDcllatJFCJLp7KJGeWTZGoZpwuXchQM5JYAZJpDLNxr9hYxNJP4RuoYYwS8kos1RADzkmbA6Z/H3oA0YJre4hjlTwnOUkUOvy2vQ9P+WtAD/3P/QpT/wDfNr/8doAP3P8A0KU//fNr/wDHaAKP9la5dyXUmmzjw9aSW/lRWr28RkimyT5wKl0YEbV2kZ4JyOjaxnTS1WpjUhU5vdlobPh6x1eyN6dV1CO/864aWARxeX5EZxti77sYzu4znoKU3F25VYdNSSfO7mxiszQWgYUAFABQAUAFAHlFp+zT4R022uYrCbWLJrkYmki1KQlwZzPINrEqA7vLnao+WaRV2hsUAbCfA7wrH4Qm8MLb3C6JK0Tm2S4ZCrRtuRlkUh1ZWCsGDAhlBB9QDF0f9l34faBYvZ6fpc9pbM2Qkd3KNn7qSH5fm+U7JXG4YP3TnKqQAep2lstpbRQKSyxoEBbqQBigCagAoAKACgAoAKACgAoAKACgAoA4A/G3w0YfFjRTS3M3hm9isL+CFA0hlkKqixrnMjMzbFjHzuw2qrFk3AGndfEK3hj1VYdNv7y80ydreexhWMTFgYTlCzhGBjuIpAA+SG243gpQBZ1PxvbaJLdpf2V/AsLxokkVubhZQyFt48rcUQbWUtKEAKnnBBIBneHvizofivWb7TNLTUJ7mxnS3uGl0+eGNHaKOTG90A3ASoGT76kNuUbSaAJbn4o6Lptle3eoLe2FvZTtDcyPZySpbgCNvMleIOkaFJo5NzlQqFi23Y+0Ap3Hxj0Ox8R6zpN7Ff2R0y4W0a5e1MkU8zRW8gSMx7juxd26gOFLtIFTcQcAG34e8d6N4o1C9stPmuHuLOaaCTz7KeBHaKQxy+W8iKsoVxtLRlgMjnkZAOgoAKACgAoAKACgAoAKAK8thbTxSRSQRvHIwZ1ZQQxGME+p4H5UAO+xwbg3kpkcg7Rx824/qAfrQA06fatIZDbxNISGLlASSBgEnuQCRn3oAclnBHKJEhRHC7Qyrg444+nA/IUALHawxMGSJFIzghQMZOT+ZA/KgBPscGxl8lNrDDDb14xz+HFADxEinIUA8849eTQA+gAoAKACgAoAKACgAoAKACgAoAKACgAoAKACgAoAKACgAoAKACgAoAKACgAoAKACgAoAKACgAoAKACgAoAKACgAoAKACgAoAKACgAoAKACgAoAKACgAoAKACgAoAKACgAoAKACgAoAKACgAoAKACgAoAKACgAoAKACgAoAKACgAoAKACgAoAKACgAoAKACgAoAKACgAoAKACgAoAKACgAoAKACgAoAKACgAoAKACgAoAKACgAoAKACgAoAKACgAoAKACgAoAKACgAoAKACgAoAKACgAoAKACgAoAKACgAoAKACgAoAKACgAoAKACgAoAKACgAoAKACgAoAKACgAoAKACgAoAKACgAoAKACgAoAKACgAoAKACgAoAKACgAoAKACgAoAKACgAoAKACgAoAKACgAoAKACgAoAKACgAoAKACgAoAKACgAoA//9k=","timing":4624,"timestamp":8.650057817898001E12},{"data":"/9j/4AAQSkZJRgABAQAAAQABAAD/2wCEAAMCAgMCAgMDAwMEAwMEBQgFBQQEBQoHBwYIDAoMDAsKCwsNDhIQDQ4RDgsLEBYQERMUFRUVDA8XGBYUGBIUFRQBAwQEBQQFCQUFCRQNCw0UFBQUFBQUFBQUFBQUFBQUFBQUFBQUFBQUFBQUFBQUFBQUFBQUFBQUFBQUFBQUFBQUFP/AABEIANUAeAMBEQACEQEDEQH/xAGiAAABBQEBAQEBAQAAAAAAAAAAAQIDBAUGBwgJCgsQAAIBAwMCBAMFBQQEAAABfQECAwAEEQUSITFBBhNRYQcicRQygZGhCCNCscEVUtHwJDNicoIJChYXGBkaJSYnKCkqNDU2Nzg5OkNERUZHSElKU1RVVldYWVpjZGVmZ2hpanN0dXZ3eHl6g4SFhoeIiYqSk5SVlpeYmZqio6Slpqeoqaqys7S1tre4ubrCw8TFxsfIycrS09TV1tfY2drh4uPk5ebn6Onq8fLz9PX29/j5+gEAAwEBAQEBAQEBAQAAAAAAAAECAwQFBgcICQoLEQACAQIEBAMEBwUEBAABAncAAQIDEQQFITEGEkFRB2FxEyIygQgUQpGhscEJIzNS8BVictEKFiQ04SXxFxgZGiYnKCkqNTY3ODk6Q0RFRkdISUpTVFVWV1hZWmNkZWZnaGlqc3R1dnd4eXqCg4SFhoeIiYqSk5SVlpeYmZqio6Slpqeoqaqys7S1tre4ubrCw8TFxsfIycrS09TV1tfY2dri4+Tl5ufo6ery8/T19vf4+fr/2gAMAwEAAhEDEQA/AP0bk8LeMEuh9l8ZJFaC8SXyp9KjlcWyxQKYA+4cs8cz+YwYjz8Y+RSQDrtMt57TTrWG5unvriOJEkuXRUaVgoBcqoABJycAYGeKALVABQAUAFABQAUAFABQAUAFABQAUAFABQAUAFABQAUAFABQAUAFABQAUAFABQAUAFABQAUAFABQAUAFABQAUAFABQAUAFABQAUAFABQAUAFABQAUAFABQAUAFABQAUAFABQAUAFACZ5xQAZGcd6AFoAKACgAoAKACgAoAKACgAoAKACgAoA8AbVfiFqEGl3Wja9oL2kFwbHVBNfwzbbgSxCKFJAD+9kHyOrcgynbuOwgA7zwHq+q2WrXll4h1fTrqG7mCaTIs8azzPGji4hMSjG6MxliQxOTICsYQAgHftOoYr1cLu2jrj6daAATI2MMDkkZBHUHH8xQAi3CMMgjGCScg4x1H1oAZp9/b6rYW97ZzR3NpcRrLDPC4dJEYZVlYEgggggg4INAFigAoAKACgAoAKACgAoAKAOF1j4PeEvFt/omq6npZvL/RpvtGmXM0syyWT/ALrJjywKZMEeQMA/N2dsgDdG+B3grw9pVrYadoUFrHaQS29rOjN9ptY5FdXWG4z5sWRI4Gxxt3HbigB+ifBfwj4c059O03TGtdMa8hvxYLdTm3ininSeIxRlysSrJGjbEAU4AIIoAst8JfC5Piwpp8kLeKgo1d4LyeJ7jClRhlcGP5SR8hXrQBj3v7O/w+1O4vJ73w5BdyXieXcCeWWRJB9qN2cozlcm4YyFsZJOCSOKAO60PRrTw5oun6Tp8XkWFhbx2tvFuLbI0UKq5YknAAGSSaAL1ABQAUAFABQAUAFABQAUAFABQAUAFABQAUAFABQAUAFABQAUAFABQAUAJuoFfWwbqAuAOaBi0AFABQAUAFABQAUAFABQAUAFABQByaS6/f6Wk1hPZf6RCjQTzRO/UZDsoZCQwK/LwRzyeldj+rNt6nn2xe2hXv8A/hODph+xHRV1EeWy/aVlMX3Y/MU7efvGXB9FTI5JEr6u90waxS2aNfTU8Qf27eG9fTv7H2D7MsMb/aC2TkuSduMbcYHr0xgxP2XKuS9zal7fm/ebG7WB1BQAUARiZec4XHXJppNkOaWjYvmqDjIz9aLMHOK6jftCEkBlJXBIz0H+Qfyos+qDnjrZiC6jP8QHtmnyvsQqsHrckVg6gggg9xSasap31Q6kMKACgAoA8ttfEXirw3YQWVxYJKIFENuLKwe4Msa+UiFmMyBGJlAwQANrMSEBau14eLfuzT+Vv8zzFi3b3qbXzv8AohsvxI15bS9mi02/ma0PMI8OTK8yllCmPdcBTkMGwSCAGyBg1Twm3vrXzGsZ/wBO39x0XhvVvEuvSasJVt9LWyvXtI/tWmyD7Qqqh81D5/KEsQD329jkDmqU+TlfNe6vp0v09TrpVOe6tazsbX2XX/8AoJ6b/wCC6T/4/WJuH2XX/wDoJ6b/AOC6T/4/QAfZdf8A+gnpv/guk/8Aj9AFQ+EoL+++26wUvbuPasfl+ZHCoDBlYRF2UOCPv9ccdK2hVnCPKmc86EJy5mMPw80JnspPs03m2f8AqZftMvmAbGQqW3bmUhjlWJBOGIyAar6xU7kfVqbdyS08CaPY209rBahLSaaO4aDcxVXRlZNoJ+VVKKQq4A7Dml7ed076r9RrDxSa6MSz+H2h6ejLb2rxhoEtm/fOxaNCxVSSckDew57YHQACvrFS/Nfrf8v8hfVafLym9a20dnbxwRLtijUIi+gAwBXO227s6klFJIlpDCgAoAKAPM/CfijTLvw1p3k+HJb1Ft1jeeJrMozL8j8mYc70IIPIIwQDTuKxb1Txfomj6ebzUPDcllatJFCJLp7KJGeWTZGoZpwuXchQM5JYAZJpDLNxr9hYxNJP4RuoYYwS8kos1RADzkmbA6Z/H3oA0YJre4hjlTwnOUkUOvy2vQ9P+WtAD/3P/QpT/wDfNr/8doAP3P8A0KU//fNr/wDHaAKP9la5dyXUmmzjw9aSW/lRWr28RkimyT5wKl0YEbV2kZ4JyOjaxnTS1WpjUhU5vdlobPh6x1eyN6dV1CO/864aWARxeX5EZxti77sYzu4znoKU3F25VYdNSSfO7mxiszQWgYUAFABQAUAFAHlFp+zT4R022uYrCbWLJrkYmki1KQlwZzPINrEqA7vLnao+WaRV2hsUAbCfA7wrH4Qm8MLb3C6JK0Tm2S4ZCrRtuRlkUh1ZWCsGDAhlBB9QDF0f9l34faBYvZ6fpc9pbM2Qkd3KNn7qSH5fm+U7JXG4YP3TnKqQAep2lstpbRQKSyxoEBbqQBigCagAoAKACgAoAKACgAoAKACgAoA4A/G3w0YfFjRTS3M3hm9isL+CFA0hlkKqixrnMjMzbFjHzuw2qrFk3AGndfEK3hj1VYdNv7y80ydreexhWMTFgYTlCzhGBjuIpAA+SG243gpQBZ1PxvbaJLdpf2V/AsLxokkVubhZQyFt48rcUQbWUtKEAKnnBBIBneHvizofivWb7TNLTUJ7mxnS3uGl0+eGNHaKOTG90A3ASoGT76kNuUbSaAJbn4o6Lptle3eoLe2FvZTtDcyPZySpbgCNvMleIOkaFJo5NzlQqFi23Y+0Ap3Hxj0Ox8R6zpN7Ff2R0y4W0a5e1MkU8zRW8gSMx7juxd26gOFLtIFTcQcAG34e8d6N4o1C9stPmuHuLOaaCTz7KeBHaKQxy+W8iKsoVxtLRlgMjnkZAOgoAKACgAoAKACgAoAKAK8thbTxSRSQRvHIwZ1ZQQxGME+p4H5UAO+xwbg3kpkcg7Rx824/qAfrQA06fatIZDbxNISGLlASSBgEnuQCRn3oAclnBHKJEhRHC7Qyrg444+nA/IUALHawxMGSJFIzghQMZOT+ZA/KgBPscGxl8lNrDDDb14xz+HFADxEinIUA8849eTQA+gAoAKACgAoAKACgAoAKACgAoAKACgAoAKACgAoAKACgAoAKACgAoAKACgAoAKACgAoAKACgAoAKACgAoAKACgAoAKACgAoAKACgAoAKACgAoAKACgAoAKACgAoAKACgAoAKACgAoAKACgAoAKACgAoAKACgAoAKACgAoAKACgAoAKACgAoAKACgAoAKACgAoAKACgAoAKACgAoAKACgAoAKACgAoAKACgAoAKACgAoAKACgAoAKACgAoAKACgAoAKACgAoAKACgAoAKACgAoAKACgAoAKACgAoAKACgAoAKACgAoAKACgAoAKACgAoAKACgAoAKACgAoAKACgAoAKACgAoAKACgAoAKACgAoAKACgAoAKACgAoAKACgAoAKACgAoAKACgAoAKACgAoAKACgAoAKACgAoAKACgAoAKACgAoAKACgAoA//9k=","timing":5285,"timestamp":8.650058478497999E12},{"data":"/9j/4AAQSkZJRgABAQAAAQABAAD/2wCEAAMCAgMCAgMDAwMEAwMEBQgFBQQEBQoHBwYIDAoMDAsKCwsNDhIQDQ4RDgsLEBYQERMUFRUVDA8XGBYUGBIUFRQBAwQEBQQFCQUFCRQNCw0UFBQUFBQUFBQUFBQUFBQUFBQUFBQUFBQUFBQUFBQUFBQUFBQUFBQUFBQUFBQUFBQUFP/AABEIANUAeAMBEQACEQEDEQH/xAGiAAABBQEBAQEBAQAAAAAAAAAAAQIDBAUGBwgJCgsQAAIBAwMCBAMFBQQEAAABfQECAwAEEQUSITFBBhNRYQcicRQygZGhCCNCscEVUtHwJDNicoIJChYXGBkaJSYnKCkqNDU2Nzg5OkNERUZHSElKU1RVVldYWVpjZGVmZ2hpanN0dXZ3eHl6g4SFhoeIiYqSk5SVlpeYmZqio6Slpqeoqaqys7S1tre4ubrCw8TFxsfIycrS09TV1tfY2drh4uPk5ebn6Onq8fLz9PX29/j5+gEAAwEBAQEBAQEBAQAAAAAAAAECAwQFBgcICQoLEQACAQIEBAMEBwUEBAABAncAAQIDEQQFITEGEkFRB2FxEyIygQgUQpGhscEJIzNS8BVictEKFiQ04SXxFxgZGiYnKCkqNTY3ODk6Q0RFRkdISUpTVFVWV1hZWmNkZWZnaGlqc3R1dnd4eXqCg4SFhoeIiYqSk5SVlpeYmZqio6Slpqeoqaqys7S1tre4ubrCw8TFxsfIycrS09TV1tfY2dri4+Tl5ufo6ery8/T19vf4+fr/2gAMAwEAAhEDEQA/APh3wzoB168ZWcxwRAF2HXnoB78H8qANnXvA0dlYvc2csjmIFnWUg5XuRgDpQBxtABQAUAFABQAUAFABQAUAFAGhoWktrWpR2ytsXBZ3xnaB/kD8aAOp1TwFBFYSSWs8pmjUttkwQ2BnAwOKAOGoA6Hwfr8WiXcq3CnyJsbpF5KEZxx6c0AbviDxnYy6dNBaMbh5kMZ+UqFBGCeQKAOCOSaADFABigAxQAYoAMUAGKADFABigAxQBreGNXTRdVSaVS0LKUfHUA9x+VAHX6n4205bKYW7tPMylVQIwwSO5IH6UAecgYAoA3vsEH/PMUAH2CD/AJ5igA+wQf8APMUAH2CD/nmKAD7BB/zzFAB9gg/55igA+wQf88xQAfYIP+eYoAPsEH/PMUAH2CD/AJ5igA+wQf8APMUAH2CD/nmKAD7BB/zzFAB9gg/55igA+wQf88xQBYoAKACgAoAKACgAoAKACgAoAKACgAoAKACgAoAKACgAoAKACgAoAKACgAoAKACgAoAKACgAoAKACgAoAKACgAoAKACgAoAKACgAoAKACgAoAKACgAoAKACgAoAKACgAoAKACgAoAKACgAoAKACgAoAKACgAoAKACgAoAKACgAoAKACgAoAKACgAoAKACgAoAKACgAoAKACgAoAKACgAoAKACgAoAKACgAoAKACgAoAKACgAoAKACgAoAKACgAoAKACgAoAKACgAoAKACgAoAKACgBUKh13DK55A9KAOjNh4P7a7rZ/7gsP/AMl0AH2Dwh/0HNb/APBND/8AJdAB9g8If9BzW/8AwTQ//JdAB9g8If8AQc1v/wAE0P8A8l0AH2Dwh/0HNb/8E0P/AMl0AH2Dwh/0HNb/APBND/8AJdAB9g8If9BzW/8AwTQ//JdAB9g8If8AQc1v/wAE0P8A8l0AH2Dwh/0HNb/8E0P/AMl0AH2Dwh/0HNb/APBND/8AJdAB9g8If9BzW/8AwTQ//JdAB9g8If8AQc1v/wAE0P8A8l0AAsPB/fXNb/8ABND/APJdAGDerbrdyraSSS2wYiOSaMRu69iyhmCk9cBjj1NAENABQAUAFABQAUAFABQAUAFABQAUAFABQAUAFABQAUAFABQAUAFABQAUAFABQAUAFABQAUAIeQe1ACfN7UAGG9qADDe1ABhvagAw3tQAYb2oAMN7UAGG9qADDe1ABhvagAw3tQAYb2oAPm9qAFGcc9aAFoA3tM8PW1/YQzvJMjODkIwx1PtQBa/4RO0/57XH/fS//E0AH/CJ2n/Pa4/76X/4mgDI1rTI9MljSF3bepJMmCf0AoA1z4TtP+es4+jLj+VAB/widp/z2uP++l/+JoAP+ETtP+e1x/30v/xNAHP6narY38tujMyJjBY88gH+tAFegAoAKACgAoAKACgDd0nxFb2NhFBJDMXTOSgXHX60AW/+EttP+eFz+S/40AH/AAltp/zwufyX/GgDH1zVI9TljeFHQKpGJAOv4GgDYHi20xzBcZ74C/40AH/CW2n/ADwufyX/ABoAP+EttP8Anhc/kv8AjQBgandJfahLcRqyo+MB8Z6Af0oArUAFABQAUAFABQAUAFABmgAzQAUAFABmgAzQAUAFABQAUAFABQAUAFABQAUAFABQAUAFABQAUAFABQAUAFABQAUAFABQAUAFABQAUAFABQAUAFABQAUAFABQAUAFABQAUAFABQAUAFABQAUAFABQAUAFABQAUAFABQAUAFABQAUAFABQAUAFABQAUAFABQAUAFABQAUAFABQAUAFABQAUAFABQAUAFABQAUAFABQAUAFABQAUAFABQAUAFABQAUAFABQAUAFABQAUAFABQAUAFABQAUAFABQAUAFABQAUAZP9sv/AM8l/OgA/tl/+eS/nQAf2y//ADyX86AD+2X/AOeS/nQAf2y//PJfzoAP7Zf/AJ5L+dAB/bL/APPJfzoAP7Zf/nkv50AH9sv/AM8l/OgA/tl/+eS/nQAf2y//ADyX86AD+2X/AOeS/nQAf2y//PJfzoAP7Zf/AJ5L+dAB/bL/APPJfzoAz6ACgAoAKACgAoAKACgAoAKACgAoAKACgAoA/wD/2Q==","timing":5945,"timestamp":8650059139098},{"data":"/9j/4AAQSkZJRgABAQAAAQABAAD/2wCEAAMCAgMCAgMDAwMEAwMEBQgFBQQEBQoHBwYIDAoMDAsKCwsNDhIQDQ4RDgsLEBYQERMUFRUVDA8XGBYUGBIUFRQBAwQEBQQFCQUFCRQNCw0UFBQUFBQUFBQUFBQUFBQUFBQUFBQUFBQUFBQUFBQUFBQUFBQUFBQUFBQUFBQUFBQUFP/AABEIANUAeAMBEQACEQEDEQH/xAGiAAABBQEBAQEBAQAAAAAAAAAAAQIDBAUGBwgJCgsQAAIBAwMCBAMFBQQEAAABfQECAwAEEQUSITFBBhNRYQcicRQygZGhCCNCscEVUtHwJDNicoIJChYXGBkaJSYnKCkqNDU2Nzg5OkNERUZHSElKU1RVVldYWVpjZGVmZ2hpanN0dXZ3eHl6g4SFhoeIiYqSk5SVlpeYmZqio6Slpqeoqaqys7S1tre4ubrCw8TFxsfIycrS09TV1tfY2drh4uPk5ebn6Onq8fLz9PX29/j5+gEAAwEBAQEBAQEBAQAAAAAAAAECAwQFBgcICQoLEQACAQIEBAMEBwUEBAABAncAAQIDEQQFITEGEkFRB2FxEyIygQgUQpGhscEJIzNS8BVictEKFiQ04SXxFxgZGiYnKCkqNTY3ODk6Q0RFRkdISUpTVFVWV1hZWmNkZWZnaGlqc3R1dnd4eXqCg4SFhoeIiYqSk5SVlpeYmZqio6Slpqeoqaqys7S1tre4ubrCw8TFxsfIycrS09TV1tfY2dri4+Tl5ufo6ery8/T19vf4+fr/2gAMAwEAAhEDEQA/APgL9KAL2qaDqeiLE1/p1zZpI5jDTRkDdgnGemcAn8KAKNABQB0Wm/DzxFrPh2PW9P0m4v8AT5Ls2KNagSuZgYQV8tSXAzcQKGK7S0qKCWOKAJYvhh4sn0e41WPQL19Pt7Sa+lnEfypDFOlvKx7/ACSyIrDqu9SRg5oArSeAPE0M1rG2gah5l3dy2FtEsDGWW5iVDNCIwN29PNjyMZG6gCa1+G3iq+0zT9QtfDup3dpqBuPsr29q0hmEG3zmCqCdq7wC2MZDDOVbABn3/hbWNLsftl3pd5b2vmPC07wkIkisUaNz/C4YYKnB6eooAuz/AA68V215NaTeGNZiuoXijlgfT5Q8bSttiVlK5BcghQfvEYGaAII/BeuM92j6VdW72v2gSi5j8na0ADTp8+PnQMpZRyMjI5FAGLQAUAFABQAY9qAOq8VfFDxZ4206Kw13X9Q1SzilEyQXVw8iK4DAEBiccO350Acrg0AGDQB2+g/FnVvD3glvCsFlYTaVNePcXYmSQveRO1q72shDjETPZW7ZQLICnDgHFAHQW37Sfiyy0DUdHt4rGO21Bt93IwmkmmZLtry3YyPKx3QzvI6kcvvIlMoAAAOWuPiTf3njCPXrmw0+5iitWsYNIlRzZQWxthbCJF37xiMLiTf5hZd5csSxAOt+I/7TPi34nnVX1O3021m1OSWW6lsI5Y2cubcADMh2hI7S3iXbj5Y8tudmdgClrn7QXibxB4X1jQbm300WWqtdNcOkLiTM95a3bkEuRkSWcYGQflZ85JDAA6zxP+194g1vx/ceJ7Hw3oembdW/tSwtnjkme1H9pHUWieXepmDz7WfcMDB8oQh2UgHAt8ZvEMvhqx0OUW0lpZ6fLpkbFXUm3cSbVYBgrMjXF0yuV3A3EgJK7VUA4PHtQAYNABg0AGKAN46bATnyxQAn9mwf881oAP7Ng/55rQAf2bB/zzWgA/s2D/nmtAB/ZsH/ADzWgA/s2D/nmtAB/ZsH/PNaAD+zYP8AnmtAB/ZsH/PNaAD+zYP+ea0AH9mwf881oAP7Ng/55rQAf2bB/wA81oABptvn/VigC3QAUAFABQAUAFABQAUAFABQAUAFABQAUAFABQAUAFABQAUAFABQAUAFABQAUAFABQAUAFABQAUAFABQAUAFABQAUAFABQAUAFABQAUAFABQAUAFABQAUAFABQAUAFABQAUAFABQAUAFABQAUAFABQAUAFABQAUAFABQAUAFABQAUAFABQAUAFABQAUAFABQAUAFABQAUAFABQAUAFABQAUAFABQAUAFABQAUAFABQAUAFABQAUAFABQAUAFABQAUAFABQAUAFABQAUAFABQAUAFABQAUAFAHW6N8L9b8Q6XDeaatveNKkbpapMBMwaS4T5VONxBtpCQpJwQcYDFQCppvgHWNYeySyhjuJbyc20EYlCs8oUMV+bG35WQ5OANwyRzgAYngq9+0xRzz2lpC00kMlzNNiOEoQHLkAkAZzwDnHGTgEAwCMGgAoAKACgDU8K+Hrjxb4m0nQ7R4orrUruKzieYkIryOFUsQCcZIzgE47GgDuvif8DLr4c6BBrcOrwaxpT6hNpUkiqsciXMTOG+VXcFG8tipyGxjcq5FAHmNABQAUAFABQAUATwtahcyxTSOepWYKPy2n+dAD/Msf8An3uP/Ahf/iKADzLH/n3uP/Ahf/iKADzLH/n3uP8AwIX/AOIoAPMsf+fe4/8AAhf/AIigA8yx/wCfe4/8CF/+IoAPMsf+fe4/8CF/+IoAmtL+3sLuG5tkvLe4gdZYpoboI6OpyrKwTIIIBBFAGn4i8a3XilIV1BppFhLvHFGYoYhI2N8hSOJVLsQu5iNzYGScUAc5QAUAFABQAUAFABQAUAFABQAUAFABQAenvxQAgORxQAtABQAUAFABQAUAdhCvg+78LW0LyyWuuJbXEsk4Emxpcv5MR4cNnEZ4WNVG/LsWAQAs6rpHgRrCVtO128+2h5GhUxGSJkDvsVsqpy0YjIZSRuZgwTAJALkdr8PNOs724D3es3cUcEkVkbmRFmY3Q82NX+zIUIgQ/M4x+9OASnIB51QAUAFABQBseDNJtdf8YaHpd7ObWyvr6C2nnVgDHG8iqzZPHAJPPFAHr/7Unwx8JfD+Xw5ceFndBem6intWuIphGsbr5bAx9ismAWyzBAW+ctkA8IoAKACgAoAKACgBSzMqjJAHpQAmG9W/M0AGG9W/M0AByO7fmaADk92/M0AGG9W/M0AGG9W/M0AHI7t+ZoAQ5P8AE3fv7UALQAUAFABQAUAFAFDVbqS2EflttyTnigDW8OeC/FXi5NLbSLQ3f9o3j2FuPNiTzJlMClBuYYJa6gAJwCXGCcHABpN8KPHiWqzyaUyJ5d/MxM8R2pZLuuSQGJGza4PrgYyeKAOPsb+ea6jR3ypzkYHoaAJtUupbeSMRvtBBzwKAN9PAHi19B0fVzbxxWGsru06aa5hjFwfPe3wNzDpLGynOAuULEB1JAMzWND13QnmS8UQywxJM6M8ZOxmwCMMc9VOByM84oAoadezT3G133Lg9qANSgAoAKACgAoAKACgClqVm92E2Y+XPU0APs73XtP06TT7XVbq30+R2le0iuXWF3MbRsxQHBJjd0JI5ViOhIoAfJqfiGZUWTWL2QJG0KbrqQ7EaIQsq88AxKsZA/gAXpxQBRs9OlguUdiu0Z6H2NAE2pWUl06FCvygg5NAF7T9f8U6RYTWNj4g1Kysprc2kttbX0scckBZ2MTKCAULSSHaeMuxx8xyAQapqPiDXM/2lq13qJIYZu7l5eDI0jD5ieC7s59WYnqc0AVbCwltp97lcYI4NAGlQAUAFABQAUAFABQAUAFABQAUAFABQAUAFABQAUAFABQAUAFABQAUAFABQAUAFABQAUAFABQAUAFABQAUAFABQAUAFABQAUAFABQAUAFABQAUAFABQAUAFABQAUAFABQAUAFABQAUAFABQAUAFABQAUAFABQAUAFABQAUAFABQAUAFABQAUAFABQAUAFABQAUAFABQAUAFABQAUAFABQAUAFABQAUAFABQAUAFABQAUAFABQAUAFABQAUAFABQBFDaa3cXNvbxaLeS3FyI2ghjt3Z5Q5AQqoGWDEgDHXNAFjU9E8SaLIkeo+HtQsJHhFwsd1aSRsYi/liQBgDtL/ID03AjrxQBWlttZhurm1k0e7S6tTKJ4DA4kiMYcy7lxkbBHJuz02NnGDQA6Wx12GJpX0O9WJYUuGkNtJtETSCNZM4xtLsEDdCxA6mgCiNQuiHP2U/IcNwfl4J5/AE/QZoAWe+u7YZltGjGSMspAyCQf1Vh9QfSgCH+2n/55r+dAB/bT/8APNfzoAP7af8A55r+dAB/bT/881/OgA/tp/8Anmv50AH9tP8A881/OgA/tp/+ea/nQAf20/8AzzX86AD+2n/55r+dAF+/+Imv6lq0d9e3cV9e26RwJcXNpDI4WMoyHJT7w2Iu7qUXYSU+WgB2r+Pdc1e2s9PvrxLm1stscKG3iXaBLcTAAqoOPMup2I6HeBjCoFAIbTxrrGnzWuoW935UpEsUSiJNsSyIUcBdu0ArxhQAO3ODQBpW3xS8WDUpb9dalN49pLpyyyRI/k28iMjRxKVxCu2RwBGF2hjt25oAp6L8UPEWm395c298DcXlvBaXLXMMc4mhtzFJDGyupBANvEMEEEAhgQSCAUb/AMQ6neacdOuLrzbMXb3Rj2KMzFVVnzjPIA4zjj1NAGXQAUAFABQAUAFABQAUAFAH/9k=","timing":6606,"timestamp":8650059799698}]}},"score":100,"weight":0,"id":"screenshot-thumbnails"},{"result":{"displayValue":"2,800 ms","score":true,"helpText":"Consider reducing the time spent parsing, compiling and executing JS.You may find delivering smaller JS payloads helps with this.","rawValue":2799.5130100250244,"extendedInfo":{"value":{"Update Layer Tree":108.97500228881836,"Layout":432.32500076293945,"Recalculate Style":503.69400215148926,"Evaluate Script":1296.8040027618408,"Animation Frame Fired":8.261001586914062,"Minor GC":82.69900131225586,"Run Microtasks":63.02199935913086,"Parse HTML":62.446001052856445,"Paint":41.383995056152344,"Compile Script":44.90999984741211,"Composite Layers":77.99400329589844,"Parse Stylesheet":76.9990005493164}},"name":"mainthread-work-breakdown","description":"Main thread work breakdown","scoringMode":"binary","informative":true,"details":{"itemHeaders":[{"itemType":"text","text":"Category","type":"text"},{"itemType":"text","text":"Work","type":"text"},{"itemType":"text","text":"Time spent","type":"text"}],"header":"View Details","type":"table","items":[[{"text":"Script Evaluation","type":"text"},{"text":"Evaluate Script","type":"text"},{"text":"1,297 ms","type":"text"}],[{"text":"Script Evaluation","type":"text"},{"text":"Run Microtasks","type":"text"},{"text":"63 ms","type":"text"}],[{"text":"Script Evaluation","type":"text"},{"text":"Animation Frame Fired","type":"text"},{"text":"8 ms","type":"text"}],[{"text":"Style & Layout","type":"text"},{"text":"Recalculate Style","type":"text"},{"text":"504 ms","type":"text"}],[{"text":"Style & Layout","type":"text"},{"text":"Layout","type":"text"},{"text":"432 ms","type":"text"}],[{"text":"Compositing","type":"text"},{"text":"Update Layer Tree","type":"text"},{"text":"109 ms","type":"text"}],[{"text":"Compositing","type":"text"},{"text":"Composite Layers","type":"text"},{"text":"78 ms","type":"text"}],[{"text":"Parsing HTML & CSS","type":"text"},{"text":"Parse Stylesheet","type":"text"},{"text":"77 ms","type":"text"}],[{"text":"Parsing HTML & CSS","type":"text"},{"text":"Parse HTML","type":"text"},{"text":"62 ms","type":"text"}],[{"text":"Garbage collection","type":"text"},{"text":"Minor GC","type":"text"},{"text":"83 ms","type":"text"}],[{"text":"Script Parsing & Compile","type":"text"},{"text":"Compile Script","type":"text"},{"text":"45 ms","type":"text"}],[{"text":"Paint","type":"text"},{"text":"Paint","type":"text"},{"text":"41 ms","type":"text"}]]}},"score":100,"weight":0,"id":"mainthread-work-breakdown","group":"perf-info"},{"result":{"displayValue":"","score":false,"helpText":"Leverage the font-display CSS feature to ensure text is user-visible while webfonts are loading. [Learn more](https://developers.google.com/web/updates/2016/02/font-display).","rawValue":false,"name":"font-display","description":"Avoid invisible text while webfonts are loading","scoringMode":"binary","details":{"itemHeaders":[{"itemType":"url","text":"Font URL","type":"text"},{"itemType":"text","text":"Font download time","type":"text"}],"header":"View Details","type":"table","items":[[{"text":"https://fonts.gstatic.com/s/roboto/v18/KFOmCnqEu92Fr1Mu4mxK.woff2","type":"url"},{"text":"884 ms","type":"text"}],[{"text":"https://fonts.gstatic.com/s/materialicons/v37/flUhRq6tzZclQEJ-Vdg-IuiaDsNc.woff2","type":"url"},{"text":"1,066 ms","type":"text"}],[{"text":"https://fonts.gstatic.com/s/roboto/v18/KFOlCnqEu92Fr1MmEU9fBBc4.woff2","type":"url"},{"text":"875 ms","type":"text"}]]}},"score":0,"weight":0,"id":"font-display","group":"perf-info"}]},{"score":30,"name":"Progressive Web App","weight":1,"description":"These checks validate the aspects of a Progressive Web App, as specified by the baseline [PWA Checklist](https://developers.google.com/web/progressive-web-apps/checklist).","id":"pwa","audits":[{"result":{"displayValue":"","score":false,"helpText":"The service worker is the technology that enables your app to use many Progressive Web App features, such as offline, add to homescreen, and push notifications. [Learn more](https://developers.google.com/web/tools/lighthouse/audits/registered-service-worker).","rawValue":false,"name":"service-worker","description":"Does not register a service worker","scoringMode":"binary"},"score":0,"weight":1,"id":"service-worker"},{"result":{"displayValue":"","score":false,"helpText":"If you're building a Progressive Web App, consider using a service worker so that your app can work offline. [Learn more](https://developers.google.com/web/tools/lighthouse/audits/http-200-when-offline).","rawValue":false,"name":"works-offline","description":"Does not respond with a 200 when offline","scoringMode":"binary"},"score":0,"weight":1,"id":"works-offline"},{"result":{"displayValue":"","score":false,"debugString":"The page body should render some content if its scripts are not available.","helpText":"Your app should display some content when JavaScript is disabled, even if it's just a warning to the user that JavaScript is required to use the app. [Learn more](https://developers.google.com/web/tools/lighthouse/audits/no-js).","rawValue":false,"name":"without-javascript","description":"Does not provide fallback content when JavaScript is not available","scoringMode":"binary"},"score":0,"weight":1,"id":"without-javascript"},{"result":{"displayValue":"","score":false,"helpText":"If you've already set up HTTPS, make sure that you redirect all HTTP traffic to HTTPS. [Learn more](https://developers.google.com/web/tools/lighthouse/audits/http-redirects-to-https).","rawValue":false,"name":"redirects-http","description":"Does not redirect HTTP traffic to HTTPS","scoringMode":"binary"},"score":0,"weight":1,"id":"redirects-http"},{"result":{"displayValue":"","score":true,"helpText":"A fast page load over a 3G network ensures a good mobile user experience. [Learn more](https://developers.google.com/web/tools/lighthouse/audits/fast-3g).","rawValue":true,"extendedInfo":{"value":{"isFast":true,"timeToFirstInteractive":6460.149,"firstRequestLatencies":[{"latency":"566.29","url":"http://web/"},{"latency":"579.72","url":"https://cdnjs.cloudflare.com/ajax/libs/Chart.js/2.7.1/Chart.min.js"},{"latency":"571.48","url":"https://unpkg.com/vue-chartjs/dist/vue-chartjs.min.js"},{"latency":"578.93","url":"https://fonts.gstatic.com/s/roboto/v18/KFOmCnqEu92Fr1Mu4mxK.woff2"}],"areLatenciesAll3G":true}},"name":"load-fast-enough-for-pwa","description":"Page load is fast enough on 3G","scoringMode":"binary"},"score":100,"weight":1,"id":"load-fast-enough-for-pwa"},{"result":{"displayValue":"","score":false,"debugString":"Failures: No manifest was fetched, Site does not register a service worker, Service worker does not successfully serve the manifest's start_url, No usable web app manifest found on page.","helpText":"Browsers can proactively prompt users to add your app to their homescreen, which can lead to higher engagement. [Learn more](https://developers.google.com/web/tools/lighthouse/audits/install-prompt).","rawValue":false,"extendedInfo":{"value":{"failures":["No manifest was fetched","Site does not register a service worker","Service worker does not successfully serve the manifest's start_url","No usable web app manifest found on page"],"warnings":["No usable web app manifest found on page"],"manifestValues":{"parseFailureReason":"No manifest was fetched","allChecks":[],"isParseFailure":true}}},"name":"webapp-install-banner","description":"User will not be prompted to Install the Web App","scoringMode":"binary"},"score":0,"weight":1,"id":"webapp-install-banner"},{"result":{"displayValue":"","score":false,"debugString":"Failures: No manifest was fetched.","helpText":"A themed splash screen ensures a high-quality experience when users launch your app from their homescreens. [Learn more](https://developers.google.com/web/tools/lighthouse/audits/custom-splash-screen).","rawValue":false,"extendedInfo":{"value":{"failures":["No manifest was fetched"],"manifestValues":{"parseFailureReason":"No manifest was fetched","allChecks":[],"isParseFailure":true}}},"name":"splash-screen","description":"Is not configured for a custom splash screen","scoringMode":"binary"},"score":0,"weight":1,"id":"splash-screen"},{"result":{"displayValue":"","score":false,"debugString":"Failures: No manifest was fetched, No `<meta name=\"theme-color\">` tag found.","helpText":"The browser address bar can be themed to match your site. [Learn more](https://developers.google.com/web/tools/lighthouse/audits/address-bar).","rawValue":false,"extendedInfo":{"value":{"failures":["No manifest was fetched","No `<meta name=\"theme-color\">` tag found"],"themeColor":null,"manifestValues":{"parseFailureReason":"No manifest was fetched","allChecks":[],"isParseFailure":true}}},"name":"themed-omnibox","description":"Address bar does not match brand colors","scoringMode":"binary"},"score":0,"weight":1,"id":"themed-omnibox"},{"result":{"displayValue":"","score":true,"debugString":"","helpText":"Add a viewport meta tag to optimize your app for mobile screens. [Learn more](https://developers.google.com/web/tools/lighthouse/audits/has-viewport-meta-tag).","rawValue":true,"name":"viewport","description":"Has a `<meta name=\"viewport\">` tag with `width` or `initial-scale`","scoringMode":"binary"},"score":100,"weight":1,"id":"viewport"},{"result":{"displayValue":"","score":true,"debugString":"","helpText":"If the width of your app's content doesn't match the width of the viewport, your app might not be optimized for mobile screens. [Learn more](https://developers.google.com/web/tools/lighthouse/audits/content-sized-correctly-for-viewport).","rawValue":true,"name":"content-width","description":"Content is sized correctly for the viewport","scoringMode":"binary"},"score":100,"weight":1,"id":"content-width"},{"result":{"displayValue":"","score":false,"helpText":"To reach the most number of users, sites should work across every major browser. [Learn more](https://developers.google.com/web/progressive-web-apps/checklist#site-works-cross-browser).","rawValue":false,"name":"pwa-cross-browser","description":"Site works cross-browser","scoringMode":"binary","informative":true,"manual":true},"score":0,"weight":0,"id":"pwa-cross-browser","group":"manual-pwa-checks"},{"result":{"displayValue":"","score":false,"helpText":"Transitions should feel snappy as you tap around, even on a slow network, a key to perceived performance. [Learn more](https://developers.google.com/web/progressive-web-apps/checklist#page-transitions-dont-feel-like-they-block-on-the-network).","rawValue":false,"name":"pwa-page-transitions","description":"Page transitions don't feel like they block on the network","scoringMode":"binary","informative":true,"manual":true},"score":0,"weight":0,"id":"pwa-page-transitions","group":"manual-pwa-checks"},{"result":{"displayValue":"","score":false,"helpText":"Ensure individual pages are deep linkable via the URLs and that URLs are unique for the purpose of shareability on social media. [Learn more](https://developers.google.com/web/progressive-web-apps/checklist#each-page-has-a-url).","rawValue":false,"name":"pwa-each-page-has-url","description":"Each page has a URL","scoringMode":"binary","informative":true,"manual":true},"score":0,"weight":0,"id":"pwa-each-page-has-url","group":"manual-pwa-checks"}]},{"score":76.71232876712328,"name":"Accessibility","description":"These checks highlight opportunities to [improve the accessibility of your web app](https://developers.google.com/web/fundamentals/accessibility). Only a subset of accessibility issues can be automatically detected so manual testing is also encouraged.","id":"accessibility","audits":[{"result":{"displayValue":"","score":false,"helpText":"Access keys let users quickly focus a part of the page. For proper navigation, each access key must be unique. [Learn more](https://dequeuniversity.com/rules/axe/2.2/accesskeys?application=lighthouse).","rawValue":false,"name":"accesskeys","description":"`[accesskey]` values are not unique","scoringMode":"binary","informative":true,"notApplicable":true},"score":100,"weight":0,"id":"accesskeys","group":"a11y-correct-attributes"},{"result":{"displayValue":"","score":true,"helpText":"Each ARIA `role` supports a specific subset of `aria-*` attributes. Mismatching these invalidates the `aria-*` attributes. [Learn more](https://dequeuniversity.com/rules/axe/2.2/aria-allowed-attr?application=lighthouse).","rawValue":true,"extendedInfo":{},"name":"aria-allowed-attr","description":"`[aria-*]` attributes match their roles","scoringMode":"binary","details":{"header":{"text":"View failing elements","type":"text"},"type":"list","items":[]}},"score":100,"weight":3,"id":"aria-allowed-attr","group":"a11y-aria"},{"result":{"displayValue":"","score":false,"helpText":"Some ARIA roles have required attributes that describe the state of the element to screen readers. [Learn more](https://dequeuniversity.com/rules/axe/2.2/aria-required-attr?application=lighthouse).","rawValue":false,"name":"aria-required-attr","description":"`[role]`s do not have all required `[aria-*]` attributes","scoringMode":"binary","informative":true,"notApplicable":true},"score":100,"weight":0,"id":"aria-required-attr","group":"a11y-aria"},{"result":{"displayValue":"","score":false,"helpText":"Some ARIA parent roles must contain specific child roles to perform their intended accessibility functions. [Learn more](https://dequeuniversity.com/rules/axe/2.2/aria-required-children?application=lighthouse).","rawValue":false,"name":"aria-required-children","description":"Elements with `[role]` that require specific children `[role]`s, are missing.","scoringMode":"binary","informative":true,"notApplicable":true},"score":100,"weight":0,"id":"aria-required-children","group":"a11y-aria"},{"result":{"displayValue":"","score":false,"helpText":"Some ARIA child roles must be contained by specific parent roles to properly perform their intended accessibility functions. [Learn more](https://dequeuniversity.com/rules/axe/2.2/aria-required-parent?application=lighthouse).","rawValue":false,"name":"aria-required-parent","description":"`[role]`s are not contained by their required parent element","scoringMode":"binary","informative":true,"notApplicable":true},"score":100,"weight":0,"id":"aria-required-parent","group":"a11y-aria"},{"result":{"displayValue":"","score":false,"helpText":"ARIA roles must have valid values in order to perform their intended accessibility functions. [Learn more](https://dequeuniversity.com/rules/axe/2.2/aria-roles?application=lighthouse).","rawValue":false,"name":"aria-roles","description":"`[role]` values are not valid","scoringMode":"binary","informative":true,"notApplicable":true},"score":100,"weight":0,"id":"aria-roles","group":"a11y-aria"},{"result":{"displayValue":"","score":true,"helpText":"Assistive technologies, like screen readers, can't interpret ARIA attributes with invalid values. [Learn more](https://dequeuniversity.com/rules/axe/2.2/aria-valid-attr-value?application=lighthouse).","rawValue":true,"extendedInfo":{},"name":"aria-valid-attr-value","description":"`[aria-*]` attributes have valid values","scoringMode":"binary","details":{"header":{"text":"View failing elements","type":"text"},"type":"list","items":[]}},"score":100,"weight":2,"id":"aria-valid-attr-value","group":"a11y-aria"},{"result":{"displayValue":"","score":true,"helpText":"Assistive technologies, like screen readers, can't interpret ARIA attributes with invalid names. [Learn more](https://dequeuniversity.com/rules/axe/2.2/aria-valid-attr?application=lighthouse).","rawValue":true,"extendedInfo":{},"name":"aria-valid-attr","description":"`[aria-*]` attributes are valid and not misspelled","scoringMode":"binary","details":{"header":{"text":"View failing elements","type":"text"},"type":"list","items":[]}},"score":100,"weight":5,"id":"aria-valid-attr","group":"a11y-aria"},{"result":{"displayValue":"","score":false,"helpText":"Captions make audio elements usable for deaf or hearing-impaired users, providing critical information such as who is talking, what they're saying, and other non-speech information. [Learn more](https://dequeuniversity.com/rules/axe/2.2/audio-caption?application=lighthouse).","rawValue":false,"name":"audio-caption","description":"`<audio>` elements are missing a `<track>` element with `[kind=\"captions\"]`.","scoringMode":"binary","informative":true,"notApplicable":true},"score":100,"weight":0,"id":"audio-caption","group":"a11y-correct-attributes"},{"result":{"displayValue":"","score":false,"helpText":"When a button doesn't have an accessible name, screen readers announce it as \"button\", making it unusable for users who rely on screen readers. [Learn more](https://dequeuniversity.com/rules/axe/2.2/button-name?application=lighthouse).","rawValue":false,"extendedInfo":{"value":{"help":"Buttons must have discernible text","nodes":[{"failureSummary":"Fix all of the following:\n  Element is in tab order and does not have accessible text\n\nFix any of the following:\n  Element has a value attribute and the value attribute is empty\n  Element has no value attribute or the value attribute is empty\n  Element does not have inner text that is visible to screen readers\n  aria-label attribute does not exist or is empty\n  aria-labelledby attribute does not exist, references elements that do not exist or references elements that are empty or not visible\n  Element's default semantics were not overridden with role=\"presentation\"\n  Element's default semantics were not overridden with role=\"none\"","snippet":"<button type=\"button\" class=\"toolbar__side-icon btn btn--icon\">","path":"1,HTML,2,BODY,0,MAIN,0,DIV,1,DIV,2,NAV,0,DIV,0,BUTTON","impact":"critical","html":"<button type=\"button\" class=\"toolbar__side-icon btn btn--icon\"><div class=\"btn__content\"><i aria-hidden=\"true\" class=\"icon material-icons\">menu<\/i><\/div><\/button>","target":[".toolbar__side-icon"]},{"failureSummary":"Fix all of the following:\n  Element is in tab order and does not have accessible text\n\nFix any of the following:\n  Element has a value attribute and the value attribute is empty\n  Element has no value attribute or the value attribute is empty\n  Element does not have inner text that is visible to screen readers\n  aria-label attribute does not exist or is empty\n  aria-labelledby attribute does not exist, references elements that do not exist or references elements that are empty or not visible\n  Element's default semantics were not overridden with role=\"presentation\"\n  Element's default semantics were not overridden with role=\"none\"","snippet":"<button type=\"button\" class=\"btn btn--icon\">","path":"1,HTML,2,BODY,0,MAIN,0,DIV,1,DIV,2,NAV,0,DIV,4,SPAN,0,SPAN,0,BUTTON","impact":"critical","html":"<button type=\"button\" class=\"btn btn--icon\"><div class=\"btn__content\"><i aria-hidden=\"true\" class=\"icon fa fa-sign-out\"><\/i><\/div><\/button>","target":["span > .btn--icon"]}],"impact":"critical","description":"Ensures buttons have discernible text","helpUrl":"https://dequeuniversity.com/rules/axe/3.0/button-name?application=axeAPI","id":"button-name","tags":["cat.name-role-value","wcag2a","wcag412","section508","section508.22.a"]}},"name":"button-name","description":"Buttons do not have an accessible name","scoringMode":"binary","details":{"header":{"text":"View failing elements","type":"text"},"type":"list","items":[{"snippet":"<button type=\"button\" class=\"toolbar__side-icon btn btn--icon\">","path":"1,HTML,2,BODY,0,MAIN,0,DIV,1,DIV,2,NAV,0,DIV,0,BUTTON","selector":".toolbar__side-icon","type":"node"},{"snippet":"<button type=\"button\" class=\"btn btn--icon\">","path":"1,HTML,2,BODY,0,MAIN,0,DIV,1,DIV,2,NAV,0,DIV,4,SPAN,0,SPAN,0,BUTTON","selector":"span > .btn--icon","type":"node"}]}},"score":0,"weight":10,"id":"button-name","group":"a11y-element-names"},{"result":{"displayValue":"","score":true,"helpText":"Adding ways to bypass repetitive content lets keyboard users navigate the page more efficiently. [Learn more](https://dequeuniversity.com/rules/axe/2.2/bypass?application=lighthouse).","rawValue":true,"extendedInfo":{},"name":"bypass","description":"The page contains a heading, skip link, or landmark region","scoringMode":"binary","details":{"header":{"text":"View failing elements","type":"text"},"type":"list","items":[]}},"score":100,"weight":10,"id":"bypass","group":"a11y-describe-contents"},{"result":{"displayValue":"","score":true,"helpText":"Low-contrast text is difficult or impossible for many users to read. [Learn more](https://dequeuniversity.com/rules/axe/2.2/color-contrast?application=lighthouse).","rawValue":true,"extendedInfo":{},"name":"color-contrast","description":"Background and foreground colors have a sufficient contrast ratio","scoringMode":"binary","details":{"header":{"text":"View failing elements","type":"text"},"type":"list","items":[]}},"score":100,"weight":6,"id":"color-contrast","group":"a11y-color-contrast"},{"result":{"displayValue":"","score":false,"helpText":"When definition lists are not properly marked up, screen readers may produce confusing or inaccurate output. [Learn more](https://dequeuniversity.com/rules/axe/2.2/definition-list?application=lighthouse).","rawValue":false,"name":"definition-list","description":"`<dl>`'s do not contain only properly-ordered `<dt>` and `<dd>` groups, `<script>` or `<template>` elements.","scoringMode":"binary","informative":true,"notApplicable":true},"score":100,"weight":0,"id":"definition-list","group":"a11y-well-structured"},{"result":{"displayValue":"","score":false,"helpText":"Definition list items (`<dt>` and `<dd>`) must be wrapped in a parent `<dl>` element to ensure that screen readers can properly announce them. [Learn more](https://dequeuniversity.com/rules/axe/2.2/dlitem?application=lighthouse).","rawValue":false,"name":"dlitem","description":"Definition list items are not wrapped in `<dl>` elements","scoringMode":"binary","informative":true,"notApplicable":true},"score":100,"weight":0,"id":"dlitem","group":"a11y-well-structured"},{"result":{"displayValue":"","score":true,"helpText":"The title gives screen reader users an overview of the page, and search engine users rely on it heavily to determine if a page is relevant to their search. [Learn more](https://developers.google.com/web/tools/lighthouse/audits/title).","rawValue":true,"extendedInfo":{},"name":"document-title","description":"Document has a `<title>` element","scoringMode":"binary","details":{"header":{"text":"View failing elements","type":"text"},"type":"list","items":[]}},"score":100,"weight":2,"id":"document-title","group":"a11y-describe-contents"},{"result":{"displayValue":"","score":true,"helpText":"The value of an id attribute must be unique to prevent other instances from being overlooked by assistive technologies. [Learn more](https://dequeuniversity.com/rules/axe/2.2/duplicate-id?application=lighthouse).","rawValue":true,"extendedInfo":{},"name":"duplicate-id","description":"`[id]` attributes on the page are unique","scoringMode":"binary","details":{"header":{"text":"View failing elements","type":"text"},"type":"list","items":[]}},"score":100,"weight":5,"id":"duplicate-id","group":"a11y-well-structured"},{"result":{"displayValue":"","score":false,"helpText":"Screen reader users rely on frame titles to describe the contents of frames. [Learn more](https://dequeuniversity.com/rules/axe/2.2/frame-title?application=lighthouse).","rawValue":false,"name":"frame-title","description":"`<frame>` or `<iframe>` elements do not have a title","scoringMode":"binary","informative":true,"notApplicable":true},"score":100,"weight":0,"id":"frame-title","group":"a11y-describe-contents"},{"result":{"displayValue":"","score":false,"helpText":"If a page doesn't specify a lang attribute, a screen reader assumes that the page is in the default language that the user chose when setting up the screen reader. If the page isn't actually in the default language, then the screen reader might not announce the page's text correctly. [Learn more](https://dequeuniversity.com/rules/axe/2.2/html-lang?application=lighthouse).","rawValue":false,"extendedInfo":{"value":{"help":"<html> element must have a lang attribute","nodes":[{"failureSummary":"Fix any of the following:\n  The <html> element does not have a lang attribute","snippet":"<html>","path":"1,HTML","impact":"serious","html":"<html>","target":["html"]}],"impact":"serious","description":"Ensures every HTML document has a lang attribute","helpUrl":"https://dequeuniversity.com/rules/axe/3.0/html-has-lang?application=axeAPI","id":"html-has-lang","tags":["cat.language","wcag2a","wcag311"]}},"name":"html-has-lang","description":"`<html>` element does not have a `[lang]` attribute","scoringMode":"binary","details":{"header":{"text":"View failing elements","type":"text"},"type":"list","items":[{"snippet":"<html>","path":"1,HTML","selector":"html","type":"node"}]}},"score":0,"weight":4,"id":"html-has-lang","group":"a11y-language"},{"result":{"displayValue":"","score":false,"helpText":"Specifying a valid [BCP 47 language](https://www.w3.org/International/questions/qa-choosing-language-tags#question) helps screen readers announce text properly. [Learn more](https://dequeuniversity.com/rules/axe/2.2/valid-lang?application=lighthouse).","rawValue":false,"name":"html-lang-valid","description":"`<html>` element does not have a valid value for its `[lang]` attribute.","scoringMode":"binary","informative":true,"notApplicable":true},"score":100,"weight":0,"id":"html-lang-valid","group":"a11y-language"},{"result":{"displayValue":"","score":false,"helpText":"Informative elements should aim for short, descriptive alternate text. Decorative elements can be ignored with an empty alt attribute.[Learn more](https://dequeuniversity.com/rules/axe/2.2/image-alt?application=lighthouse).","rawValue":false,"name":"image-alt","description":"Image elements do not have `[alt]` attributes","scoringMode":"binary","informative":true,"notApplicable":true},"score":100,"weight":0,"id":"image-alt","group":"a11y-correct-attributes"},{"result":{"displayValue":"","score":false,"helpText":"When an image is being used as an `<input>` button, providing alternative text can help screen reader users understand the purpose of the button. [Learn more](https://dequeuniversity.com/rules/axe/2.2/input-image-alt?application=lighthouse).","rawValue":false,"name":"input-image-alt","description":"`<input type=\"image\">` elements do not have `[alt]` text","scoringMode":"binary","informative":true,"notApplicable":true},"score":100,"weight":0,"id":"input-image-alt","group":"a11y-correct-attributes"},{"result":{"displayValue":"","score":true,"helpText":"Labels ensure that form controls are announced properly by assistive technologies, like screen readers. [Learn more](https://dequeuniversity.com/rules/axe/2.2/label?application=lighthouse).","rawValue":true,"extendedInfo":{},"name":"label","description":"Form elements have associated labels","scoringMode":"binary","details":{"header":{"text":"View failing elements","type":"text"},"type":"list","items":[]}},"score":100,"weight":10,"id":"label","group":"a11y-describe-contents"},{"result":{"displayValue":"","score":false,"helpText":"A table being used for layout purposes should not include data elements, such as the th or caption elements or the summary attribute, because this can create a confusing experience for screen reader users. [Learn more](https://dequeuniversity.com/rules/axe/2.2/layout-table?application=lighthouse).","rawValue":false,"name":"layout-table","description":"Presentational `<table>` elements do not avoid using `<th>`, `<caption>` or the `[summary]` attribute.","scoringMode":"binary","informative":true,"notApplicable":true},"score":100,"weight":0,"id":"layout-table","group":"a11y-describe-contents"},{"result":{"displayValue":"","score":true,"helpText":"Link text (and alternate text for images, when used as links) that is discernible, unique, and focusable improves the navigation experience for screen reader users. [Learn more](https://dequeuniversity.com/rules/axe/2.2/link-name?application=lighthouse).","rawValue":true,"extendedInfo":{},"name":"link-name","description":"Links have a discernible name","scoringMode":"binary","details":{"header":{"text":"View failing elements","type":"text"},"type":"list","items":[]}},"score":100,"weight":9,"id":"link-name","group":"a11y-element-names"},{"result":{"displayValue":"","score":false,"helpText":"Screen readers have a specific way of announcing lists. Ensuring proper list structure aids screen reader output. [Learn more](https://dequeuniversity.com/rules/axe/2.2/list?application=lighthouse).","rawValue":false,"name":"list","description":"Lists do not contain only `<li>` elements and script supporting elements (`<script>` and `<template>`).","scoringMode":"binary","informative":true,"notApplicable":true},"score":100,"weight":0,"id":"list","group":"a11y-well-structured"},{"result":{"displayValue":"","score":false,"helpText":"Screen readers require list items (`<li>`) to be contained within a parent `<ul>` or `<ol>` to be announced properly. [Learn more](https://dequeuniversity.com/rules/axe/2.2/listitem?application=lighthouse).","rawValue":false,"name":"listitem","description":"List items (`<li>`) are not contained within `<ul>` or `<ol>` parent elements.","scoringMode":"binary","informative":true,"notApplicable":true},"score":100,"weight":0,"id":"listitem","group":"a11y-well-structured"},{"result":{"displayValue":"","score":false,"helpText":"Users do not expect a page to refresh automatically, and doing so will move focus back to the top of the page. This may create a frustrating or confusing experience. [Learn more](https://dequeuniversity.com/rules/axe/2.2/meta-refresh?application=lighthouse).","rawValue":false,"name":"meta-refresh","description":"The document uses `<meta http-equiv=\"refresh\">`","scoringMode":"binary","informative":true,"notApplicable":true},"score":100,"weight":0,"id":"meta-refresh","group":"a11y-meta"},{"result":{"displayValue":"","score":false,"helpText":"Disabling zooming is problematic for users with low vision who rely on screen magnification to properly see the contents of a web page. [Learn more](https://dequeuniversity.com/rules/axe/2.2/meta-viewport?application=lighthouse).","rawValue":false,"extendedInfo":{"value":{"help":"Zooming and scaling must not be disabled","nodes":[{"failureSummary":"Fix any of the following:\n  <meta> tag disables zooming on mobile devices","snippet":"<meta name=\"viewport\" content=\"width=device-width,initial-scale=1,maximum-scale=1,minimum-scale=1,user-scalable=no\">","path":"1,HTML,1,HEAD,1,META","impact":"critical","html":"<meta name=\"viewport\" content=\"width=device-width,initial-scale=1,maximum-scale=1,minimum-scale=1,user-scalable=no\">","target":["meta[name=\"viewport\"]"]}],"impact":"critical","description":"Ensures <meta name=\"viewport\"> does not disable text scaling and zooming","helpUrl":"https://dequeuniversity.com/rules/axe/3.0/meta-viewport?application=axeAPI","id":"meta-viewport","tags":["cat.sensory-and-visual-cues","wcag2aa","wcag144"]}},"name":"meta-viewport","description":"`[user-scalable=\"no\"]` is used in the `<meta name=\"viewport\">` element or the `[maximum-scale]` attribute is less than 5.","scoringMode":"binary","details":{"header":{"text":"View failing elements","type":"text"},"type":"list","items":[{"snippet":"<meta name=\"viewport\" content=\"width=device-width,initial-scale=1,maximum-scale=1,minimum-scale=1,user-scalable=no\">","path":"1,HTML,1,HEAD,1,META","selector":"meta[name=\"viewport\"]","type":"node"}]}},"score":0,"weight":3,"id":"meta-viewport","group":"a11y-meta"},{"result":{"displayValue":"","score":false,"helpText":"Screen readers cannot translate non-text content. Adding alt text to `<object>` elements helps screen readers convey meaning to users. [Learn more](https://dequeuniversity.com/rules/axe/2.2/object-alt?application=lighthouse).","rawValue":false,"name":"object-alt","description":"`<object>` elements do not have `[alt]` text","scoringMode":"binary","informative":true,"notApplicable":true},"score":100,"weight":0,"id":"object-alt","group":"a11y-describe-contents"},{"result":{"displayValue":"","score":true,"helpText":"A value greater than 0 implies an explicit navigation ordering. Although technically valid, this often creates frustrating experiences for users who rely on assistive technologies. [Learn more](https://dequeuniversity.com/rules/axe/2.2/tabindex?application=lighthouse).","rawValue":true,"extendedInfo":{},"name":"tabindex","description":"No element has a `[tabindex]` value greater than 0","scoringMode":"binary","details":{"header":{"text":"View failing elements","type":"text"},"type":"list","items":[]}},"score":100,"weight":4,"id":"tabindex","group":"a11y-correct-attributes"},{"result":{"displayValue":"","score":false,"helpText":"Screen readers have features to make navigating tables easier. Ensuring `<td>` cells using the `[headers]` attribute only refer to other cells in the same table may improve the experience for screen reader users. [Learn more](https://dequeuniversity.com/rules/axe/2.2/td-headers-attr?application=lighthouse).","rawValue":false,"name":"td-headers-attr","description":"Cells in a `<table>` element that use the `[headers]` attribute refers to other cells of that same table.","scoringMode":"binary","informative":true,"notApplicable":true},"score":100,"weight":0,"id":"td-headers-attr","group":"a11y-correct-attributes"},{"result":{"displayValue":"","score":false,"helpText":"Screen readers have features to make navigating tables easier. Ensuring table headers always refer to some set of cells may improve the experience for screen reader users. [Learn more](https://dequeuniversity.com/rules/axe/2.2/th-has-data-cells?application=lighthouse).","rawValue":false,"name":"th-has-data-cells","description":"`<th>` elements and elements with `[role=\"columnheader\"/\"rowheader\"]` do not have data cells they describe.","scoringMode":"binary","informative":true,"notApplicable":true},"score":100,"weight":0,"id":"th-has-data-cells","group":"a11y-correct-attributes"},{"result":{"displayValue":"","score":false,"helpText":"Specifying a valid [BCP 47 language](https://www.w3.org/International/questions/qa-choosing-language-tags#question) on elements helps ensure that text is pronounced correctly by a screen reader. [Learn more](https://dequeuniversity.com/rules/axe/2.2/valid-lang?application=lighthouse).","rawValue":false,"name":"valid-lang","description":"`[lang]` attributes do not have a valid value","scoringMode":"binary","informative":true,"notApplicable":true},"score":100,"weight":0,"id":"valid-lang","group":"a11y-language"},{"result":{"displayValue":"","score":false,"helpText":"When a video provides a caption it is easier for deaf and hearing impaired users to access its information. [Learn more](https://dequeuniversity.com/rules/axe/2.2/video-caption?application=lighthouse).","rawValue":false,"name":"video-caption","description":"`<video>` elements do not contain a `<track>` element with `[kind=\"captions\"]`.","scoringMode":"binary","informative":true,"notApplicable":true},"score":100,"weight":0,"id":"video-caption","group":"a11y-describe-contents"},{"result":{"displayValue":"","score":false,"helpText":"Audio descriptions provide relevant information for videos that dialogue cannot, such as facial expressions and scenes. [Learn more](https://dequeuniversity.com/rules/axe/2.2/video-description?application=lighthouse).","rawValue":false,"name":"video-description","description":"`<video>` elements do not contain a `<track>` element with `[kind=\"description\"]`.","scoringMode":"binary","informative":true,"notApplicable":true},"score":100,"weight":0,"id":"video-description","group":"a11y-describe-contents"},{"result":{"displayValue":"","score":false,"helpText":"Tabbing through the page follows the visual layout. Users cannot focus elements that are offscreen. [Learn more](https://developers.google.com/web/fundamentals/accessibility/how-to-review#start_with_the_keyboard).","rawValue":false,"name":"logical-tab-order","description":"The page has a logical tab order","scoringMode":"binary","informative":true,"manual":true},"score":0,"weight":0,"id":"logical-tab-order","group":"manual-a11y-checks"},{"result":{"displayValue":"","score":false,"helpText":"Custom interactive controls are keyboard focusable and display a focus indicator. [Learn more](https://developers.google.com/web/fundamentals/accessibility/how-to-review#start_with_the_keyboard).","rawValue":false,"name":"focusable-controls","description":"Interactive controls are keyboard focusable","scoringMode":"binary","informative":true,"manual":true},"score":0,"weight":0,"id":"focusable-controls","group":"manual-a11y-checks"},{"result":{"displayValue":"","score":false,"helpText":"If new content, such as a dialog, is added to the page, the user's focus is directed to it. [Learn more](https://developers.google.com/web/fundamentals/accessibility/how-to-review#start_with_the_keyboard).","rawValue":false,"name":"managed-focus","description":"The user's focus is directed to new content added to the page","scoringMode":"binary","informative":true,"manual":true},"score":0,"weight":0,"id":"managed-focus","group":"manual-a11y-checks"},{"result":{"displayValue":"","score":false,"helpText":"A user can tab into and out of any control or region without accidentally trapping their focus. [Learn more](https://developers.google.com/web/fundamentals/accessibility/how-to-review#start_with_the_keyboard).","rawValue":false,"name":"focus-traps","description":"User focus is not accidentally trapped in a region","scoringMode":"binary","informative":true,"manual":true},"score":0,"weight":0,"id":"focus-traps","group":"manual-a11y-checks"},{"result":{"displayValue":"","score":false,"helpText":"Custom interactive controls have associated labels, provided by aria-label or aria-labelledby. [Learn more](https://developers.google.com/web/fundamentals/accessibility/how-to-review#try_it_with_a_screen_reader).","rawValue":false,"name":"custom-controls-labels","description":"Custom controls have associated labels","scoringMode":"binary","informative":true,"manual":true},"score":0,"weight":0,"id":"custom-controls-labels","group":"manual-a11y-checks"},{"result":{"displayValue":"","score":false,"helpText":"Custom interactive controls have appropriate ARIA roles. [Learn more](https://developers.google.com/web/fundamentals/accessibility/how-to-review#try_it_with_a_screen_reader).","rawValue":false,"name":"custom-controls-roles","description":"Custom controls have ARIA roles","scoringMode":"binary","informative":true,"manual":true},"score":0,"weight":0,"id":"custom-controls-roles","group":"manual-a11y-checks"},{"result":{"displayValue":"","score":false,"helpText":"DOM order matches the visual order, improving navigation for assistive technology. [Learn more](https://developers.google.com/web/fundamentals/accessibility/how-to-review#try_it_with_a_screen_reader).","rawValue":false,"name":"visual-order-follows-dom","description":"Visual order on the page follows DOM order","scoringMode":"binary","informative":true,"manual":true},"score":0,"weight":0,"id":"visual-order-follows-dom","group":"manual-a11y-checks"},{"result":{"displayValue":"","score":false,"helpText":"Offscreen content is hidden with display: none or aria-hidden=true. [Learn more](https://developers.google.com/web/fundamentals/accessibility/how-to-review#try_it_with_a_screen_reader).","rawValue":false,"name":"offscreen-content-hidden","description":"Offscreen content is hidden from assistive technology","scoringMode":"binary","informative":true,"manual":true},"score":0,"weight":0,"id":"offscreen-content-hidden","group":"manual-a11y-checks"},{"result":{"displayValue":"","score":false,"helpText":"Headings are used to create an outline for the page and heading levels are not skipped. [Learn more](https://developers.google.com/web/fundamentals/accessibility/how-to-review#take_advantage_of_headings_and_landmarks).","rawValue":false,"name":"heading-levels","description":"Headings don't skip levels","scoringMode":"binary","informative":true,"manual":true},"score":0,"weight":0,"id":"heading-levels","group":"manual-a11y-checks"},{"result":{"displayValue":"","score":false,"helpText":"Landmark elements (<main>, <nav>, etc.) are used to improve the keyboard navigation of the page for assistive technology. [Learn more](https://developers.google.com/web/fundamentals/accessibility/how-to-review#take_advantage_of_headings_and_landmarks).","rawValue":false,"name":"use-landmarks","description":"HTML5 landmark elements are used to improve navigation","scoringMode":"binary","informative":true,"manual":true},"score":0,"weight":0,"id":"use-landmarks","group":"manual-a11y-checks"}]},{"score":86.66666666666667,"name":"Best Practices","description":"We've compiled some recommendations for modernizing your web app and avoiding performance pitfalls.","id":"best-practices","audits":[{"result":{"displayValue":"","score":true,"debugString":"","helpText":"Application Cache is deprecated. [Learn more](https://developers.google.com/web/tools/lighthouse/audits/appcache).","rawValue":true,"name":"appcache-manifest","description":"Avoids Application Cache","scoringMode":"binary"},"score":100,"weight":1,"id":"appcache-manifest"},{"result":{"displayValue":"","score":true,"debugString":"","helpText":"Web SQL is deprecated. Consider using IndexedDB instead. [Learn more](https://developers.google.com/web/tools/lighthouse/audits/web-sql).","rawValue":true,"name":"no-websql","description":"Avoids WebSQL DB","scoringMode":"binary"},"score":100,"weight":1,"id":"no-websql"},{"result":{"displayValue":"5 requests were not handled over HTTP/2","score":false,"helpText":"HTTP/2 offers many benefits over HTTP/1.1, including binary headers, multiplexing, and server push. [Learn more](https://developers.google.com/web/tools/lighthouse/audits/http2).","rawValue":false,"extendedInfo":{"value":{"results":[{"protocol":"http/1.1","url":"http://web/"},{"protocol":"http/1.1","url":"http://web/static/js/manifest.9f020e973ae4037504f6.js"},{"protocol":"http/1.1","url":"http://web/static/js/vendor.d1efda22f11e965a5228.js"},{"protocol":"http/1.1","url":"http://web/static/js/app.310cd52123c59f9f64a5.js"},{"protocol":"http/1.1","url":"http://web/static/css/app.a1bcfeb0daa2a3f727390086fd42ee9d.css"}]}},"name":"uses-http2","description":"Does not use HTTP/2 for all of its resources","scoringMode":"binary","details":{"itemHeaders":[{"itemType":"url","text":"URL","type":"text"},{"itemType":"text","text":"Protocol","type":"text"}],"header":"View Details","type":"table","items":[[{"text":"http://web/","type":"url"},{"text":"http/1.1","type":"text"}],[{"text":"http://web/static/js/manifest.9f020e973ae4037504f6.js","type":"url"},{"text":"http/1.1","type":"text"}],[{"text":"http://web/static/js/vendor.d1efda22f11e965a5228.js","type":"url"},{"text":"http/1.1","type":"text"}],[{"text":"http://web/static/js/app.310cd52123c59f9f64a5.js","type":"url"},{"text":"http/1.1","type":"text"}],[{"text":"http://web/static/css/app.a1bcfeb0daa2a3f727390086fd42ee9d.css","type":"url"},{"text":"http/1.1","type":"text"}]]}},"score":0,"weight":1,"id":"uses-http2"},{"result":{"displayValue":"","score":true,"helpText":"Consider marking your touch and wheel event listeners as `passive` to improve your page's scroll performance. [Learn more](https://developers.google.com/web/tools/lighthouse/audits/passive-event-listeners).","rawValue":true,"extendedInfo":{"value":[]},"name":"uses-passive-event-listeners","description":"Uses passive listeners to improve scrolling performance","scoringMode":"binary","details":{"itemHeaders":[{"itemType":"url","text":"URL","type":"text"},{"itemType":"text","text":"Location","type":"text"}],"header":"View Details","type":"table","items":[]}},"score":100,"weight":1,"id":"uses-passive-event-listeners"},{"result":{"displayValue":"","score":true,"helpText":"Mutation Events are deprecated and harm performance. Consider using Mutation Observers instead. [Learn more](https://developers.google.com/web/tools/lighthouse/audits/mutation-events).","rawValue":true,"extendedInfo":{"value":{"results":[]}},"name":"no-mutation-events","description":"Avoids Mutation Events in its own scripts","scoringMode":"binary","details":{"itemHeaders":[{"itemType":"url","text":"URL","type":"text"},{"itemType":"code","text":"Event","type":"text"},{"itemType":"text","text":"Line","type":"text"},{"itemType":"text","text":"Col","type":"text"},{"itemType":"code","text":"Snippet","type":"text"}],"header":"View Details","type":"table","items":[]}},"score":100,"weight":1,"id":"no-mutation-events"},{"result":{"displayValue":"","score":true,"helpText":"For users on slow connections, external scripts dynamically injected via `document.write()` can delay page load by tens of seconds. [Learn more](https://developers.google.com/web/tools/lighthouse/audits/document-write).","rawValue":true,"extendedInfo":{"value":[]},"name":"no-document-write","description":"Avoids `document.write()`","scoringMode":"binary","details":{"itemHeaders":[{"itemType":"url","text":"URL","type":"text"},{"itemType":"text","text":"Location","type":"text"}],"header":"View Details","type":"table","items":[]}},"score":100,"weight":1,"id":"no-document-write"},{"result":{"displayValue":"","score":true,"helpText":"Open new tabs using `rel=\"noopener\"` to improve performance and prevent security vulnerabilities. [Learn more](https://developers.google.com/web/tools/lighthouse/audits/noopener).","rawValue":true,"extendedInfo":{"value":[]},"name":"external-anchors-use-rel-noopener","description":"Opens external anchors using `rel=\"noopener\"`","scoringMode":"binary","details":{"itemHeaders":[{"itemType":"url","text":"URL","type":"text"},{"itemType":"text","text":"Target","type":"text"},{"itemType":"text","text":"Rel","type":"text"}],"header":"View Details","type":"table","items":[]}},"score":100,"weight":1,"id":"external-anchors-use-rel-noopener"},{"result":{"displayValue":"","score":true,"helpText":"Users are mistrustful of or confused by sites that request their location without context. Consider tying the request to user gestures instead. [Learn more](https://developers.google.com/web/tools/lighthouse/audits/geolocation-on-load).","rawValue":true,"extendedInfo":{"value":[]},"name":"geolocation-on-start","description":"Avoids requesting the geolocation permission on page load","scoringMode":"binary","details":{"itemHeaders":[{"itemType":"url","text":"URL","type":"text"},{"itemType":"text","text":"Location","type":"text"}],"header":"View Details","type":"table","items":[]}},"score":100,"weight":1,"id":"geolocation-on-start"},{"result":{"displayValue":"","score":true,"helpText":"Some third-party scripts may contain known security vulnerabilities  that are easily identified and exploited by attackers.","rawValue":true,"name":"no-vulnerable-libraries","description":"Avoids front-end JavaScript libraries with known security vulnerabilities","scoringMode":"binary"},"score":100,"weight":1,"id":"no-vulnerable-libraries"},{"result":{"displayValue":"","score":true,"helpText":"Users are mistrustful of or confused by sites that request to send notifications without context. Consider tying the request to user gestures instead. [Learn more](https://developers.google.com/web/tools/lighthouse/audits/notifications-on-load).","rawValue":true,"extendedInfo":{"value":[]},"name":"notification-on-start","description":"Avoids requesting the notification permission on page load","scoringMode":"binary","details":{"itemHeaders":[{"itemType":"url","text":"URL","type":"text"},{"itemType":"text","text":"Location","type":"text"}],"header":"View Details","type":"table","items":[]}},"score":100,"weight":1,"id":"notification-on-start"},{"result":{"displayValue":"","score":true,"helpText":"Deprecated APIs will eventually be removed from the browser. [Learn more](https://www.chromestatus.com/features#deprecated).","rawValue":true,"extendedInfo":{"value":[]},"name":"deprecations","description":"Avoids deprecated APIs","scoringMode":"binary","details":{"itemHeaders":[{"itemType":"code","text":"Deprecation / Warning","type":"text"},{"itemType":"url","text":"URL","type":"text"},{"itemType":"text","text":"Line","type":"text"}],"header":"View Details","type":"table","items":[]}},"score":100,"weight":1,"id":"deprecations"},{"result":{"displayValue":"","score":false,"helpText":"Make your app's `short_name` fewer than 12 characters to ensure that it's not truncated on homescreens. [Learn more](https://developers.google.com/web/tools/lighthouse/audits/manifest-short_name-is-not-truncated).","rawValue":false,"name":"manifest-short-name-length","description":"Manifest's `short_name` will be truncated when displayed on homescreen","scoringMode":"binary"},"score":0,"weight":1,"id":"manifest-short-name-length"},{"result":{"displayValue":"","score":true,"helpText":"Preventing password pasting undermines good security policy. [Learn more](https://www.ncsc.gov.uk/blog-post/let-them-paste-passwords)","rawValue":true,"extendedInfo":{"value":[]},"name":"password-inputs-can-be-pasted-into","description":"Allows users to paste into password fields","scoringMode":"binary","details":{"header":{"text":"Password inputs that prevent pasting into","type":"text"},"type":"list","items":[]}},"score":100,"weight":1,"id":"password-inputs-can-be-pasted-into"},{"result":{"displayValue":"","score":true,"helpText":"Errors logged to the console indicate unresolved problems. They can come from network request failures and other browser concerns.","rawValue":0,"name":"errors-in-console","description":"No browser errors logged to the console","scoringMode":"binary","details":{"itemHeaders":[{"itemType":"url","text":"URL","type":"text"},{"itemType":"code","text":"Description","type":"text"}],"header":"View Details","type":"table","items":[]}},"score":100,"weight":1,"id":"errors-in-console"},{"result":{"displayValue":"","score":true,"helpText":"Image display dimensions should match natural aspect ratio.","rawValue":true,"name":"image-aspect-ratio","description":"Displays images with correct aspect ratio","scoringMode":"binary","details":{"itemHeaders":[{"itemType":"thumbnail","text":"","type":"text"},{"itemType":"url","text":"URL","type":"text"},{"itemType":"text","text":"Aspect Ratio (Displayed)","type":"text"},{"itemType":"text","text":"Aspect Ratio (Actual)","type":"text"}],"header":"View Details","type":"table","items":[]}},"score":100,"weight":1,"id":"image-aspect-ratio"}]},{"score":50,"name":"SEO","description":"These checks ensure that your page is optimized for search engine results ranking. There are additional factors Lighthouse does not check that may affect your search ranking. [Learn more](https://support.google.com/webmasters/answer/35769).","id":"seo","audits":[{"result":{"displayValue":"","score":true,"debugString":"","helpText":"Add a viewport meta tag to optimize your app for mobile screens. [Learn more](https://developers.google.com/web/tools/lighthouse/audits/has-viewport-meta-tag).","rawValue":true,"name":"viewport","description":"Has a `<meta name=\"viewport\">` tag with `width` or `initial-scale`","scoringMode":"binary"},"score":100,"weight":1,"id":"viewport","group":"seo-mobile"},{"result":{"displayValue":"","score":true,"helpText":"The title gives screen reader users an overview of the page, and search engine users rely on it heavily to determine if a page is relevant to their search. [Learn more](https://developers.google.com/web/tools/lighthouse/audits/title).","rawValue":true,"extendedInfo":{},"name":"document-title","description":"Document has a `<title>` element","scoringMode":"binary","details":{"header":{"text":"View failing elements","type":"text"},"type":"list","items":[]}},"score":100,"weight":1,"id":"document-title","group":"seo-content"},{"result":{"displayValue":"","score":false,"helpText":"Meta descriptions may be included in search results to concisely summarize page content. [Learn more](https://developers.google.com/web/tools/lighthouse/audits/description).","rawValue":false,"name":"meta-description","description":"Document does not have a meta description","scoringMode":"binary"},"score":0,"weight":1,"id":"meta-description","group":"seo-content"},{"result":{"displayValue":"","score":null,"debugString":"Audit error: Unable to identify the main resource","helpText":"Pages with unsuccessful HTTP status codes may not be indexed properly. [Learn more](https://developers.google.com/web/tools/lighthouse/audits/successful-http-code).","rawValue":null,"name":"http-status-code","description":"Page has unsuccessful HTTP status code","scoringMode":"binary","error":true},"score":0,"weight":1,"id":"http-status-code","group":"seo-crawl"},{"result":{"displayValue":"","score":true,"helpText":"Descriptive link text helps search engines understand your content. [Learn more](https://developers.google.com/web/tools/lighthouse/audits/descriptive-link-text).","rawValue":true,"name":"link-text","description":"Links have descriptive text","scoringMode":"binary","details":{"itemHeaders":[{"itemType":"url","text":"Link destination","type":"text"},{"itemType":"text","text":"Link Text","type":"text"}],"header":"View Details","type":"table","items":[]}},"score":100,"weight":1,"id":"link-text","group":"seo-content"},{"result":{"displayValue":"","score":null,"debugString":"Audit error: Unable to identify the main resource","helpText":"Search engines are unable to include your pages in search results if they don't have permission to crawl them. [Learn more](https://developers.google.com/web/tools/lighthouse/audits/indexing).","rawValue":null,"name":"is-crawlable","description":"Page is blocked from indexing","scoringMode":"binary","error":true},"score":0,"weight":1,"id":"is-crawlable","group":"seo-crawl"},{"result":{"displayValue":"","score":null,"debugString":"Audit error: Unable to identify the main resource","helpText":"hreflang allows crawlers to discover alternate translations of the page content. [Learn more](https://support.google.com/webmasters/answer/189077).","rawValue":null,"name":"hreflang","description":"Document doesn't have a valid `hreflang`","scoringMode":"binary","error":true},"score":0,"weight":1,"id":"hreflang","group":"seo-content"},{"result":{"displayValue":"","score":null,"debugString":"Audit error: Unable to identify the main resource","helpText":"Canonical links suggest which URL to show in search results. [Learn more](https://developers.google.com/web/tools/lighthouse/audits/canonical).","rawValue":null,"name":"canonical","description":"Document does not have a valid `rel=canonical`","scoringMode":"binary","error":true},"score":0,"weight":1,"id":"canonical","group":"seo-content"},{"result":{"displayValue":"","score":true,"debugString":null,"helpText":"Font sizes less than 12px are too small to be legible and require mobile visitors to \u201cpinch to zoom\u201d in order to read. Strive to have >60% of page text ≥12px. [Learn more](https://developers.google.com/web/tools/lighthouse/audits/font-sizes).","rawValue":true,"name":"font-size","description":"Document uses legible font sizes","scoringMode":"binary","details":{"itemHeaders":[{"itemType":"url","text":"Source","type":"text"},{"itemType":"code","text":"Selector","type":"text"},{"itemType":"text","text":"% of Page Text","type":"text"},{"itemType":"text","text":"Font Size","type":"text"}],"header":"View Details","type":"table","items":[[{"text":"Legible text","type":"url"},{"text":null,"type":"code"},{"text":"100.00%","type":"text"},{"text":"≥ 12px","type":"text"}]]}},"score":100,"weight":1,"id":"font-size","group":"seo-mobile"},{"result":{"displayValue":"","score":true,"helpText":"Most mobile devices do not support plugins, and many desktop browsers restrict them.","rawValue":true,"name":"plugins","description":"Document avoids plugins","scoringMode":"binary","details":{"itemHeaders":[{"itemType":"code","text":"Element source","type":"text"}],"header":"View Details","type":"table","items":[]}},"score":100,"weight":1,"id":"plugins","group":"seo-content"},{"result":{"displayValue":"","score":false,"helpText":"Take the [Mobile-Friendly Test](https://search.google.com/test/mobile-friendly) to check for audits not covered by Lighthouse, like sizing tap targets appropriately. [Learn more](https://developers.google.com/search/mobile-sites/).","rawValue":false,"name":"mobile-friendly","description":"Page is mobile friendly","scoringMode":"binary","informative":true,"manual":true},"score":0,"weight":0,"id":"mobile-friendly","group":"manual-seo-checks"},{"result":{"displayValue":"","score":false,"helpText":"Run the [Structured Data Testing Tool](https://search.google.com/structured-data/testing-tool/) and the [Structured Data Linter](http://linter.structured-data.org/) to validate structured data. [Learn more](https://developers.google.com/search/docs/guides/mark-up-content).","rawValue":false,"name":"structured-data","description":"Structured data is valid","scoringMode":"binary","informative":true,"manual":true},"score":0,"weight":0,"id":"structured-data","group":"manual-seo-checks"}]}],"timing":{"total":19151},"reportGroups":{"a11y-color-contrast":{"description":"These are opportunities to improve the legibility of your content.","title":"Color Contrast Is Satisfactory"},"perf-metric":{"description":"These metrics encapsulate your web app's performance across a number of dimensions.","title":"Metrics"},"a11y-aria":{"description":"These are opportunities to improve the usage of ARIA in your application which may enhance the experience for users of assistive technology, like a screen reader.","title":"ARIA Attributes Follow Best Practices"},"a11y-element-names":{"description":"These are opportunities to improve the semantics of the controls in your application. This may enhance the experience for users of assistive technology, like a screen reader.","title":"Elements Have Discernible Names"},"a11y-well-structured":{"description":"These are opportunities to make sure your HTML is appropriately structured.","title":"Elements Are Well Structured"},"seo-content":{"description":"Format your HTML in a way that enables crawlers to better understand your app\u2019s content.","title":"Content Best Practices"},"a11y-correct-attributes":{"description":"These are opportunities to improve the configuration of your HTML elements.","title":"Elements Use Attributes Correctly"},"perf-hint":{"description":"These are opportunities to speed up your application by optimizing the following resources.","title":"Opportunities"},"seo-crawl":{"description":"To appear in search results, crawlers need access to your app.","title":"Crawling and Indexing"},"a11y-describe-contents":{"description":"These are opportunities to make your content easier to understand for a user of assistive technology, like a screen reader.","title":"Elements Describe Contents Well"},"a11y-language":{"description":"These are opportunities to improve the interpretation of your content by users in different locales.","title":"Page Specifies Valid Language"},"manual-a11y-checks":{"description":"These items address areas which an automated testing tool cannot cover. Learn more in our guide on [conducting an accessibility review](https://developers.google.com/web/fundamentals/accessibility/how-to-review).","title":"Additional items to manually check"},"seo-mobile":{"description":"Make sure your pages are mobile friendly so users don\u2019t have to pinch or zoom in order to read the content pages. [Learn more](https://developers.google.com/search/mobile-sites/).","title":"Mobile Friendly"},"perf-info":{"description":"More information about the performance of your application.","title":"Diagnostics"},"manual-pwa-checks":{"description":"These checks are required by the baseline [PWA Checklist](https://developers.google.com/web/progressive-web-apps/checklist) but are not automatically checked by Lighthouse. They do not affect your score but it's important that you verify them manually.","title":"Additional items to manually check"},"a11y-meta":{"description":"These are opportunities to improve the user experience of your site.","title":"Meta Tags Used Properly"},"manual-seo-checks":{"description":"Run these additional validators on your site to check additional SEO best practices.","title":"Additional items to manually check"}},"runWarnings":[],"userAgent":"Mozilla/5.0 (X11; Linux x86_64) AppleWebKit/537.36 (KHTML, like Gecko) HeadlessChrome/69.0.3458.0 Safari/537.36","runtimeConfig":{"blockedUrlPatterns":[],"environment":[{"name":"Device Emulation","description":"Nexus 5X","enabled":true},{"name":"Network Throttling","description":"562.5ms RTT, 1.4Mbps down, 0.7Mbps up","enabled":true},{"name":"CPU Throttling","description":"4x slowdown","enabled":true}],"extraHeaders":{}},"lighthouseVersion":"2.9.4","audits":{"plugins":{"displayValue":"","score":true,"helpText":"Most mobile devices do not support plugins, and many desktop browsers restrict them.","rawValue":true,"name":"plugins","description":"Document avoids plugins","scoringMode":"binary","details":{"itemHeaders":[{"itemType":"code","text":"Element source","type":"text"}],"header":"View Details","type":"table","items":[]}},"aria-required-parent":{"displayValue":"","score":false,"helpText":"Some ARIA child roles must be contained by specific parent roles to properly perform their intended accessibility functions. [Learn more](https://dequeuniversity.com/rules/axe/2.2/aria-required-parent?application=lighthouse).","rawValue":false,"name":"aria-required-parent","description":"`[role]`s are not contained by their required parent element","scoringMode":"binary","informative":true,"notApplicable":true},"custom-controls-labels":{"displayValue":"","score":false,"helpText":"Custom interactive controls have associated labels, provided by aria-label or aria-labelledby. [Learn more](https://developers.google.com/web/fundamentals/accessibility/how-to-review#try_it_with_a_screen_reader).","rawValue":false,"name":"custom-controls-labels","description":"Custom controls have associated labels","scoringMode":"binary","informative":true,"manual":true},"link-name":{"displayValue":"","score":true,"helpText":"Link text (and alternate text for images, when used as links) that is discernible, unique, and focusable improves the navigation experience for screen reader users. [Learn more](https://dequeuniversity.com/rules/axe/2.2/link-name?application=lighthouse).","rawValue":true,"extendedInfo":{},"name":"link-name","description":"Links have a discernible name","scoringMode":"binary","details":{"header":{"text":"View failing elements","type":"text"},"type":"list","items":[]}},"offscreen-images":{"displayValue":"","score":100,"helpText":"Consider lazy-loading offscreen and hidden images to improve page load speed and time to interactive. [Learn more](https://developers.google.com/web/tools/lighthouse/audits/offscreen-images).","rawValue":0,"extendedInfo":{"value":{"wastedKb":0,"wastedMs":0,"results":[]}},"name":"offscreen-images","description":"Offscreen images","scoringMode":"binary","informative":true,"details":{"itemHeaders":[{"itemType":"thumbnail","text":"","type":"text"},{"itemType":"url","text":"URL","type":"text"},{"itemType":"text","text":"Original","type":"text"},{"itemType":"text","text":"Potential Savings","type":"text"}],"header":"View Details","type":"table","items":[]}},"first-interactive":{"displayValue":"6,460 ms","score":71,"helpText":"First Interactive marks the time at which the page is minimally interactive. [Learn more](https://developers.google.com/web/tools/lighthouse/audits/first-interactive).","rawValue":6460.149,"extendedInfo":{"value":{"timeInMs":6460.149,"timestamp":8650059653847}},"name":"first-interactive","description":"First Interactive (beta)","scoringMode":"numeric"},"button-name":{"displayValue":"","score":false,"helpText":"When a button doesn't have an accessible name, screen readers announce it as \"button\", making it unusable for users who rely on screen readers. [Learn more](https://dequeuniversity.com/rules/axe/2.2/button-name?application=lighthouse).","rawValue":false,"extendedInfo":{"value":{"help":"Buttons must have discernible text","nodes":[{"failureSummary":"Fix all of the following:\n  Element is in tab order and does not have accessible text\n\nFix any of the following:\n  Element has a value attribute and the value attribute is empty\n  Element has no value attribute or the value attribute is empty\n  Element does not have inner text that is visible to screen readers\n  aria-label attribute does not exist or is empty\n  aria-labelledby attribute does not exist, references elements that do not exist or references elements that are empty or not visible\n  Element's default semantics were not overridden with role=\"presentation\"\n  Element's default semantics were not overridden with role=\"none\"","snippet":"<button type=\"button\" class=\"toolbar__side-icon btn btn--icon\">","path":"1,HTML,2,BODY,0,MAIN,0,DIV,1,DIV,2,NAV,0,DIV,0,BUTTON","impact":"critical","html":"<button type=\"button\" class=\"toolbar__side-icon btn btn--icon\"><div class=\"btn__content\"><i aria-hidden=\"true\" class=\"icon material-icons\">menu<\/i><\/div><\/button>","target":[".toolbar__side-icon"]},{"failureSummary":"Fix all of the following:\n  Element is in tab order and does not have accessible text\n\nFix any of the following:\n  Element has a value attribute and the value attribute is empty\n  Element has no value attribute or the value attribute is empty\n  Element does not have inner text that is visible to screen readers\n  aria-label attribute does not exist or is empty\n  aria-labelledby attribute does not exist, references elements that do not exist or references elements that are empty or not visible\n  Element's default semantics were not overridden with role=\"presentation\"\n  Element's default semantics were not overridden with role=\"none\"","snippet":"<button type=\"button\" class=\"btn btn--icon\">","path":"1,HTML,2,BODY,0,MAIN,0,DIV,1,DIV,2,NAV,0,DIV,4,SPAN,0,SPAN,0,BUTTON","impact":"critical","html":"<button type=\"button\" class=\"btn btn--icon\"><div class=\"btn__content\"><i aria-hidden=\"true\" class=\"icon fa fa-sign-out\"><\/i><\/div><\/button>","target":["span > .btn--icon"]}],"impact":"critical","description":"Ensures buttons have discernible text","helpUrl":"https://dequeuniversity.com/rules/axe/3.0/button-name?application=axeAPI","id":"button-name","tags":["cat.name-role-value","wcag2a","wcag412","section508","section508.22.a"]}},"name":"button-name","description":"Buttons do not have an accessible name","scoringMode":"binary","details":{"header":{"text":"View failing elements","type":"text"},"type":"list","items":[{"snippet":"<button type=\"button\" class=\"toolbar__side-icon btn btn--icon\">","path":"1,HTML,2,BODY,0,MAIN,0,DIV,1,DIV,2,NAV,0,DIV,0,BUTTON","selector":".toolbar__side-icon","type":"node"},{"snippet":"<button type=\"button\" class=\"btn btn--icon\">","path":"1,HTML,2,BODY,0,MAIN,0,DIV,1,DIV,2,NAV,0,DIV,4,SPAN,0,SPAN,0,BUTTON","selector":"span > .btn--icon","type":"node"}]}},"unminified-css":{"displayValue":"","score":100,"helpText":"Minifying CSS files can reduce network payload sizes. [Learn more](https://developers.google.com/speed/docs/insights/MinifyResources).","rawValue":0,"extendedInfo":{"value":{"wastedKb":0,"wastedMs":0,"results":[]}},"name":"unminified-css","description":"Minify CSS","scoringMode":"binary","informative":true,"details":{"itemHeaders":[{"itemType":"url","text":"URL","type":"text"},{"itemType":"text","text":"Original","type":"text"},{"itemType":"text","text":"Potential Savings","type":"text"}],"header":"View Details","type":"table","items":[]}},"input-image-alt":{"displayValue":"","score":false,"helpText":"When an image is being used as an `<input>` button, providing alternative text can help screen reader users understand the purpose of the button. [Learn more](https://dequeuniversity.com/rules/axe/2.2/input-image-alt?application=lighthouse).","rawValue":false,"name":"input-image-alt","description":"`<input type=\"image\">` elements do not have `[alt]` text","scoringMode":"binary","informative":true,"notApplicable":true},"uses-http2":{"displayValue":"5 requests were not handled over HTTP/2","score":false,"helpText":"HTTP/2 offers many benefits over HTTP/1.1, including binary headers, multiplexing, and server push. [Learn more](https://developers.google.com/web/tools/lighthouse/audits/http2).","rawValue":false,"extendedInfo":{"value":{"results":[{"protocol":"http/1.1","url":"http://web/"},{"protocol":"http/1.1","url":"http://web/static/js/manifest.9f020e973ae4037504f6.js"},{"protocol":"http/1.1","url":"http://web/static/js/vendor.d1efda22f11e965a5228.js"},{"protocol":"http/1.1","url":"http://web/static/js/app.310cd52123c59f9f64a5.js"},{"protocol":"http/1.1","url":"http://web/static/css/app.a1bcfeb0daa2a3f727390086fd42ee9d.css"}]}},"name":"uses-http2","description":"Does not use HTTP/2 for all of its resources","scoringMode":"binary","details":{"itemHeaders":[{"itemType":"url","text":"URL","type":"text"},{"itemType":"text","text":"Protocol","type":"text"}],"header":"View Details","type":"table","items":[[{"text":"http://web/","type":"url"},{"text":"http/1.1","type":"text"}],[{"text":"http://web/static/js/manifest.9f020e973ae4037504f6.js","type":"url"},{"text":"http/1.1","type":"text"}],[{"text":"http://web/static/js/vendor.d1efda22f11e965a5228.js","type":"url"},{"text":"http/1.1","type":"text"}],[{"text":"http://web/static/js/app.310cd52123c59f9f64a5.js","type":"url"},{"text":"http/1.1","type":"text"}],[{"text":"http://web/static/css/app.a1bcfeb0daa2a3f727390086fd42ee9d.css","type":"url"},{"text":"http/1.1","type":"text"}]]}},"th-has-data-cells":{"displayValue":"","score":false,"helpText":"Screen readers have features to make navigating tables easier. Ensuring table headers always refer to some set of cells may improve the experience for screen reader users. [Learn more](https://dequeuniversity.com/rules/axe/2.2/th-has-data-cells?application=lighthouse).","rawValue":false,"name":"th-has-data-cells","description":"`<th>` elements and elements with `[role=\"columnheader\"/\"rowheader\"]` do not have data cells they describe.","scoringMode":"binary","informative":true,"notApplicable":true},"tabindex":{"displayValue":"","score":true,"helpText":"A value greater than 0 implies an explicit navigation ordering. Although technically valid, this often creates frustrating experiences for users who rely on assistive technologies. [Learn more](https://dequeuniversity.com/rules/axe/2.2/tabindex?application=lighthouse).","rawValue":true,"extendedInfo":{},"name":"tabindex","description":"No element has a `[tabindex]` value greater than 0","scoringMode":"binary","details":{"header":{"text":"View failing elements","type":"text"},"type":"list","items":[]}},"uses-long-cache-ttl":{"displayValue":"0 assets found","score":100,"helpText":"A long cache lifetime can speed up repeat visits to your page. [Learn more](https://developers.google.com/web/fundamentals/performance/optimizing-content-efficiency/http-caching#cache-control).","rawValue":0,"extendedInfo":{"value":{"queryStringCount":0,"results":[]}},"name":"uses-long-cache-ttl","description":"Uses efficient cache policy on static assets","scoringMode":"numeric","details":{"itemHeaders":[{"itemType":"url","text":"URL","type":"text"},{"itemType":"text","text":"Cache TTL","type":"text"},{"itemType":"text","text":"Size (KB)","type":"text"}],"header":"View Details","type":"table","items":[]}},"without-javascript":{"displayValue":"","score":false,"debugString":"The page body should render some content if its scripts are not available.","helpText":"Your app should display some content when JavaScript is disabled, even if it's just a warning to the user that JavaScript is required to use the app. [Learn more](https://developers.google.com/web/tools/lighthouse/audits/no-js).","rawValue":false,"name":"without-javascript","description":"Does not provide fallback content when JavaScript is not available","scoringMode":"binary"},"uses-responsive-images":{"displayValue":"","score":100,"helpText":"Serve images that are appropriately-sized to save cellular data and improve load time. [Learn more](https://developers.google.com/web/tools/lighthouse/audits/oversized-images).","rawValue":0,"extendedInfo":{"value":{"wastedKb":0,"wastedMs":0,"results":[]}},"name":"uses-responsive-images","description":"Properly size images","scoringMode":"binary","informative":true,"details":{"itemHeaders":[{"itemType":"thumbnail","text":"","type":"text"},{"itemType":"url","text":"URL","type":"text"},{"itemType":"text","text":"Original","type":"text"},{"itemType":"text","text":"Potential Savings","type":"text"}],"header":"View Details","type":"table","items":[]}},"frame-title":{"displayValue":"","score":false,"helpText":"Screen reader users rely on frame titles to describe the contents of frames. [Learn more](https://dequeuniversity.com/rules/axe/2.2/frame-title?application=lighthouse).","rawValue":false,"name":"frame-title","description":"`<frame>` or `<iframe>` elements do not have a title","scoringMode":"binary","informative":true,"notApplicable":true},"link-blocking-first-paint":{"displayValue":"","score":100,"helpText":"External stylesheets are blocking the first paint of your page. Consider delivering critical CSS via `<style>` tags and deferring non-critical styles. [Learn more](https://developers.google.com/web/tools/lighthouse/audits/blocking-resources).","rawValue":0,"extendedInfo":{"value":{"wastedMs":"0 ms","results":[]}},"name":"link-blocking-first-paint","description":"Reduce render-blocking stylesheets","scoringMode":"binary","informative":true,"details":{"itemHeaders":[{"itemType":"url","text":"URL","type":"text"},{"itemType":"text","text":"Size (KB)","type":"text"},{"itemType":"text","text":"Delayed Paint By (ms)","type":"text"}],"header":"View Details","type":"table","items":[]}},"mobile-friendly":{"displayValue":"","score":false,"helpText":"Take the [Mobile-Friendly Test](https://search.google.com/test/mobile-friendly) to check for audits not covered by Lighthouse, like sizing tap targets appropriately. [Learn more](https://developers.google.com/search/mobile-sites/).","rawValue":false,"name":"mobile-friendly","description":"Page is mobile friendly","scoringMode":"binary","informative":true,"manual":true},"script-blocking-first-paint":{"displayValue":"","score":100,"helpText":"Script elements are blocking the first paint of your page. Consider inlining critical scripts and deferring non-critical ones. [Learn more](https://developers.google.com/web/tools/lighthouse/audits/blocking-resources).","rawValue":0,"extendedInfo":{"value":{"wastedMs":"0 ms","results":[]}},"name":"script-blocking-first-paint","description":"Reduce render-blocking scripts","scoringMode":"binary","informative":true,"details":{"itemHeaders":[{"itemType":"url","text":"URL","type":"text"},{"itemType":"text","text":"Size (KB)","type":"text"},{"itemType":"text","text":"Delayed Paint By (ms)","type":"text"}],"header":"View Details","type":"table","items":[]}},"managed-focus":{"displayValue":"","score":false,"helpText":"If new content, such as a dialog, is added to the page, the user's focus is directed to it. [Learn more](https://developers.google.com/web/fundamentals/accessibility/how-to-review#start_with_the_keyboard).","rawValue":false,"name":"managed-focus","description":"The user's focus is directed to new content added to the page","scoringMode":"binary","informative":true,"manual":true},"pwa-cross-browser":{"displayValue":"","score":false,"helpText":"To reach the most number of users, sites should work across every major browser. [Learn more](https://developers.google.com/web/progressive-web-apps/checklist#site-works-cross-browser).","rawValue":false,"name":"pwa-cross-browser","description":"Site works cross-browser","scoringMode":"binary","informative":true,"manual":true},"time-to-first-byte":{"displayValue":"","score":null,"debugString":"Audit error: Cannot read property '_timing' of undefined","helpText":"Time To First Byte identifies the time at which your server sends a response. [Learn more](https://developers.google.com/web/tools/chrome-devtools/network-performance/issues).","rawValue":null,"name":"time-to-first-byte","description":"Keep server response times low (TTFB)","scoringMode":"binary","informative":true,"error":true},"video-description":{"displayValue":"","score":false,"helpText":"Audio descriptions provide relevant information for videos that dialogue cannot, such as facial expressions and scenes. [Learn more](https://dequeuniversity.com/rules/axe/2.2/video-description?application=lighthouse).","rawValue":false,"name":"video-description","description":"`<video>` elements do not contain a `<track>` element with `[kind=\"description\"]`.","scoringMode":"binary","informative":true,"notApplicable":true},"document-title":{"displayValue":"","score":true,"helpText":"The title gives screen reader users an overview of the page, and search engine users rely on it heavily to determine if a page is relevant to their search. [Learn more](https://developers.google.com/web/tools/lighthouse/audits/title).","rawValue":true,"extendedInfo":{},"name":"document-title","description":"Document has a `<title>` element","scoringMode":"binary","details":{"header":{"text":"View failing elements","type":"text"},"type":"list","items":[]}},"external-anchors-use-rel-noopener":{"displayValue":"","score":true,"helpText":"Open new tabs using `rel=\"noopener\"` to improve performance and prevent security vulnerabilities. [Learn more](https://developers.google.com/web/tools/lighthouse/audits/noopener).","rawValue":true,"extendedInfo":{"value":[]},"name":"external-anchors-use-rel-noopener","description":"Opens external anchors using `rel=\"noopener\"`","scoringMode":"binary","details":{"itemHeaders":[{"itemType":"url","text":"URL","type":"text"},{"itemType":"text","text":"Target","type":"text"},{"itemType":"text","text":"Rel","type":"text"}],"header":"View Details","type":"table","items":[]}},"total-byte-weight":{"displayValue":"Total size was 400 KB","score":100,"helpText":"Large network payloads cost users real money and are highly correlated with long load times. [Learn more](https://developers.google.com/web/tools/lighthouse/audits/network-payloads).","rawValue":409855,"extendedInfo":{"value":{"totalCompletedRequests":11,"results":[{"totalKb":"227 KB","totalMs":"1,240 ms","totalBytes":232785,"url":"http://web/static/js/vendor.d1efda22f11e965a5228.js"},{"totalKb":"48 KB","totalMs":"260 ms","totalBytes":49163,"url":"https://fonts.gstatic.com/s/materialicons/v37/flUhRq6tzZclQEJ-Vdg-IuiaDsNc.woff2"},{"totalKb":"46 KB","totalMs":"250 ms","totalBytes":47366,"url":"https://cdnjs.cloudflare.com/ajax/libs/Chart.js/2.7.1/Chart.min.js"},{"totalKb":"32 KB","totalMs":"170 ms","totalBytes":32261,"url":"http://web/static/css/app.a1bcfeb0daa2a3f727390086fd42ee9d.css"},{"totalKb":"15 KB","totalMs":"80 ms","totalBytes":15817,"url":"https://fonts.gstatic.com/s/roboto/v18/KFOlCnqEu92Fr1MmEU9fBBc4.woff2"},{"totalKb":"15 KB","totalMs":"80 ms","totalBytes":15461,"url":"https://fonts.gstatic.com/s/roboto/v18/KFOmCnqEu92Fr1Mu4mxK.woff2"},{"totalKb":"12 KB","totalMs":"70 ms","totalBytes":12691,"url":"http://web/static/js/app.310cd52123c59f9f64a5.js"},{"totalKb":"1 KB","totalMs":"10 ms","totalBytes":1524,"url":"https://unpkg.com/vue-chartjs@3.3.2/dist/vue-chartjs.min.js"},{"totalKb":"1 KB","totalMs":"10 ms","totalBytes":1211,"url":"http://web/"},{"totalKb":"1 KB","totalMs":"10 ms","totalBytes":1171,"url":"http://web/static/js/manifest.9f020e973ae4037504f6.js"}]}},"name":"total-byte-weight","description":"Avoids enormous network payloads","scoringMode":"numeric","details":{"itemHeaders":[{"itemType":"url","text":"URL","type":"text"},{"itemType":"text","text":"Total Size","type":"text"},{"itemType":"text","text":"Transfer Time","type":"text"}],"header":"View Details","type":"table","items":[[{"text":"http://web/static/js/vendor.d1efda22f11e965a5228.js","type":"url"},{"text":"227 KB","type":"text"},{"text":"1,240 ms","type":"text"}],[{"text":"https://fonts.gstatic.com/s/materialicons/v37/flUhRq6tzZclQEJ-Vdg-IuiaDsNc.woff2","type":"url"},{"text":"48 KB","type":"text"},{"text":"260 ms","type":"text"}],[{"text":"https://cdnjs.cloudflare.com/ajax/libs/Chart.js/2.7.1/Chart.min.js","type":"url"},{"text":"46 KB","type":"text"},{"text":"250 ms","type":"text"}],[{"text":"http://web/static/css/app.a1bcfeb0daa2a3f727390086fd42ee9d.css","type":"url"},{"text":"32 KB","type":"text"},{"text":"170 ms","type":"text"}],[{"text":"https://fonts.gstatic.com/s/roboto/v18/KFOlCnqEu92Fr1MmEU9fBBc4.woff2","type":"url"},{"text":"15 KB","type":"text"},{"text":"80 ms","type":"text"}],[{"text":"https://fonts.gstatic.com/s/roboto/v18/KFOmCnqEu92Fr1Mu4mxK.woff2","type":"url"},{"text":"15 KB","type":"text"},{"text":"80 ms","type":"text"}],[{"text":"http://web/static/js/app.310cd52123c59f9f64a5.js","type":"url"},{"text":"12 KB","type":"text"},{"text":"70 ms","type":"text"}],[{"text":"https://unpkg.com/vue-chartjs@3.3.2/dist/vue-chartjs.min.js","type":"url"},{"text":"1 KB","type":"text"},{"text":"10 ms","type":"text"}],[{"text":"http://web/","type":"url"},{"text":"1 KB","type":"text"},{"text":"10 ms","type":"text"}],[{"text":"http://web/static/js/manifest.9f020e973ae4037504f6.js","type":"url"},{"text":"1 KB","type":"text"},{"text":"10 ms","type":"text"}]]}},"logical-tab-order":{"displayValue":"","score":false,"helpText":"Tabbing through the page follows the visual layout. Users cannot focus elements that are offscreen. [Learn more](https://developers.google.com/web/fundamentals/accessibility/how-to-review#start_with_the_keyboard).","rawValue":false,"name":"logical-tab-order","description":"The page has a logical tab order","scoringMode":"binary","informative":true,"manual":true},"meta-refresh":{"displayValue":"","score":false,"helpText":"Users do not expect a page to refresh automatically, and doing so will move focus back to the top of the page. This may create a frustrating or confusing experience. [Learn more](https://dequeuniversity.com/rules/axe/2.2/meta-refresh?application=lighthouse).","rawValue":false,"name":"meta-refresh","description":"The document uses `<meta http-equiv=\"refresh\">`","scoringMode":"binary","informative":true,"notApplicable":true},"deprecations":{"displayValue":"","score":true,"helpText":"Deprecated APIs will eventually be removed from the browser. [Learn more](https://www.chromestatus.com/features#deprecated).","rawValue":true,"extendedInfo":{"value":[]},"name":"deprecations","description":"Avoids deprecated APIs","scoringMode":"binary","details":{"itemHeaders":[{"itemType":"code","text":"Deprecation / Warning","type":"text"},{"itemType":"url","text":"URL","type":"text"},{"itemType":"text","text":"Line","type":"text"}],"header":"View Details","type":"table","items":[]}},"network-requests":{"displayValue":"11","score":100,"helpText":"Lists the network requests that were made during page load.","rawValue":11,"extendedInfo":{"value":[{"transferSize":1211,"startTime":0,"endTime":638.9249991625547,"mimeType":"text/html","url":"http://web/","statusCode":200,"resourceType":"document"},{"transferSize":1171,"startTime":755.621999502182,"endTime":1328.4680005162954,"mimeType":"application/javascript","url":"http://web/static/js/manifest.9f020e973ae4037504f6.js","statusCode":200,"resourceType":"script"},{"transferSize":232785,"startTime":755.7720001786947,"endTime":2917.8979992866516,"mimeType":"application/javascript","url":"http://web/static/js/vendor.d1efda22f11e965a5228.js","statusCode":200,"resourceType":"script"},{"transferSize":12691,"startTime":755.9009995311499,"endTime":1470.6410001963377,"mimeType":"application/javascript","url":"http://web/static/js/app.310cd52123c59f9f64a5.js","statusCode":200,"resourceType":"script"},{"transferSize":47366,"startTime":790.370000526309,"endTime":2162.829000502825,"mimeType":"application/javascript","url":"https://cdnjs.cloudflare.com/ajax/libs/Chart.js/2.7.1/Chart.min.js","statusCode":200,"resourceType":"script"},{"transferSize":405,"startTime":790.8159997314215,"endTime":1663.72200101614,"mimeType":"text/plain","url":"https://unpkg.com/vue-chartjs/dist/vue-chartjs.min.js","statusCode":302},{"transferSize":1524,"startTime":1664.8290008306503,"endTime":2258.2770008593798,"mimeType":"application/javascript","url":"https://unpkg.com/vue-chartjs@3.3.2/dist/vue-chartjs.min.js","statusCode":200,"resourceType":"script"},{"transferSize":32261,"startTime":4527.456000447273,"endTime":5278.87500077486,"mimeType":"text/css","url":"http://web/static/css/app.a1bcfeb0daa2a3f727390086fd42ee9d.css","statusCode":200,"resourceType":"stylesheet"},{"transferSize":15461,"startTime":5458.613000810146,"endTime":6342.342000454664,"mimeType":"font/woff2","url":"https://fonts.gstatic.com/s/roboto/v18/KFOmCnqEu92Fr1Mu4mxK.woff2","statusCode":200,"resourceType":"font"},{"transferSize":49163,"startTime":5458.761001005769,"endTime":6524.431999772787,"mimeType":"font/woff2","url":"https://fonts.gstatic.com/s/materialicons/v37/flUhRq6tzZclQEJ-Vdg-IuiaDsNc.woff2","statusCode":200,"resourceType":"font"},{"transferSize":15817,"startTime":5458.878999575973,"endTime":6334.002999588847,"mimeType":"font/woff2","url":"https://fonts.gstatic.com/s/roboto/v18/KFOlCnqEu92Fr1MmEU9fBBc4.woff2","statusCode":200,"resourceType":"font"}]},"name":"network-requests","description":"Network Requests","scoringMode":"binary","informative":true,"details":{"itemHeaders":[{"itemType":"url","text":"URL","type":"text"},{"itemType":"ms","text":"Start Time","type":"text"},{"itemType":"ms","text":"End Time","type":"text"},{"itemType":"bytes","text":"Transfer Size","type":"text"},{"itemType":"text","text":"Status Code","type":"text"},{"itemType":"text","text":"MIME Type","type":"text"},{"itemType":"text","text":"Resource Type","type":"text"}],"header":"View Details","type":"table","items":[[{"text":"http://web/","type":"url"},{"text":0,"type":"ms"},{"text":638.9249991625547,"type":"ms"},{"text":1211,"type":"bytes"},{"text":200,"type":"text"},{"text":"text/html","type":"text"},{"text":"document","type":"text"}],[{"text":"http://web/static/js/manifest.9f020e973ae4037504f6.js","type":"url"},{"text":755.621999502182,"type":"ms"},{"text":1328.4680005162954,"type":"ms"},{"text":1171,"type":"bytes"},{"text":200,"type":"text"},{"text":"application/javascript","type":"text"},{"text":"script","type":"text"}],[{"text":"http://web/static/js/vendor.d1efda22f11e965a5228.js","type":"url"},{"text":755.7720001786947,"type":"ms"},{"text":2917.8979992866516,"type":"ms"},{"text":232785,"type":"bytes"},{"text":200,"type":"text"},{"text":"application/javascript","type":"text"},{"text":"script","type":"text"}],[{"text":"http://web/static/js/app.310cd52123c59f9f64a5.js","type":"url"},{"text":755.9009995311499,"type":"ms"},{"text":1470.6410001963377,"type":"ms"},{"text":12691,"type":"bytes"},{"text":200,"type":"text"},{"text":"application/javascript","type":"text"},{"text":"script","type":"text"}],[{"text":"https://cdnjs.cloudflare.com/ajax/libs/Chart.js/2.7.1/Chart.min.js","type":"url"},{"text":790.370000526309,"type":"ms"},{"text":2162.829000502825,"type":"ms"},{"text":47366,"type":"bytes"},{"text":200,"type":"text"},{"text":"application/javascript","type":"text"},{"text":"script","type":"text"}],[{"text":"https://unpkg.com/vue-chartjs/dist/vue-chartjs.min.js","type":"url"},{"text":790.8159997314215,"type":"ms"},{"text":1663.72200101614,"type":"ms"},{"text":405,"type":"bytes"},{"text":302,"type":"text"},{"text":"text/plain","type":"text"},{"type":"text"}],[{"text":"https://unpkg.com/vue-chartjs@3.3.2/dist/vue-chartjs.min.js","type":"url"},{"text":1664.8290008306503,"type":"ms"},{"text":2258.2770008593798,"type":"ms"},{"text":1524,"type":"bytes"},{"text":200,"type":"text"},{"text":"application/javascript","type":"text"},{"text":"script","type":"text"}],[{"text":"http://web/static/css/app.a1bcfeb0daa2a3f727390086fd42ee9d.css","type":"url"},{"text":4527.456000447273,"type":"ms"},{"text":5278.87500077486,"type":"ms"},{"text":32261,"type":"bytes"},{"text":200,"type":"text"},{"text":"text/css","type":"text"},{"text":"stylesheet","type":"text"}],[{"text":"https://fonts.gstatic.com/s/roboto/v18/KFOmCnqEu92Fr1Mu4mxK.woff2","type":"url"},{"text":5458.613000810146,"type":"ms"},{"text":6342.342000454664,"type":"ms"},{"text":15461,"type":"bytes"},{"text":200,"type":"text"},{"text":"font/woff2","type":"text"},{"text":"font","type":"text"}],[{"text":"https://fonts.gstatic.com/s/materialicons/v37/flUhRq6tzZclQEJ-Vdg-IuiaDsNc.woff2","type":"url"},{"text":5458.761001005769,"type":"ms"},{"text":6524.431999772787,"type":"ms"},{"text":49163,"type":"bytes"},{"text":200,"type":"text"},{"text":"font/woff2","type":"text"},{"text":"font","type":"text"}],[{"text":"https://fonts.gstatic.com/s/roboto/v18/KFOlCnqEu92Fr1MmEU9fBBc4.woff2","type":"url"},{"text":5458.878999575973,"type":"ms"},{"text":6334.002999588847,"type":"ms"},{"text":15817,"type":"bytes"},{"text":200,"type":"text"},{"text":"font/woff2","type":"text"},{"text":"font","type":"text"}]]}},"link-text":{"displayValue":"","score":true,"helpText":"Descriptive link text helps search engines understand your content. [Learn more](https://developers.google.com/web/tools/lighthouse/audits/descriptive-link-text).","rawValue":true,"name":"link-text","description":"Links have descriptive text","scoringMode":"binary","details":{"itemHeaders":[{"itemType":"url","text":"Link destination","type":"text"},{"itemType":"text","text":"Link Text","type":"text"}],"header":"View Details","type":"table","items":[]}},"uses-rel-preload":{"displayValue":"","score":null,"debugString":"Audit error: Unable to identify the main resource","helpText":"Consider using <link rel=preload> to prioritize fetching late-discovered resources sooner [Learn more](https://developers.google.com/web/updates/2016/03/link-rel-preload).","rawValue":null,"name":"uses-rel-preload","description":"Preload key requests","scoringMode":"numeric","informative":true,"error":true},"dlitem":{"displayValue":"","score":false,"helpText":"Definition list items (`<dt>` and `<dd>`) must be wrapped in a parent `<dl>` element to ensure that screen readers can properly announce them. [Learn more](https://dequeuniversity.com/rules/axe/2.2/dlitem?application=lighthouse).","rawValue":false,"name":"dlitem","description":"Definition list items are not wrapped in `<dl>` elements","scoringMode":"binary","informative":true,"notApplicable":true},"uses-optimized-images":{"displayValue":"","score":100,"helpText":"Optimized images load faster and consume less cellular data. [Learn more](https://developers.google.com/web/tools/lighthouse/audits/optimize-images).","rawValue":0,"extendedInfo":{"value":{"wastedKb":0,"wastedMs":0,"results":[]}},"name":"uses-optimized-images","description":"Optimize images","scoringMode":"binary","informative":true,"details":{"itemHeaders":[{"itemType":"thumbnail","text":"","type":"text"},{"itemType":"url","text":"URL","type":"text"},{"itemType":"text","text":"Original","type":"text"},{"itemType":"text","text":"Potential Savings","type":"text"}],"header":"View Details","type":"table","items":[]}},"errors-in-console":{"displayValue":"","score":true,"helpText":"Errors logged to the console indicate unresolved problems. They can come from network request failures and other browser concerns.","rawValue":0,"name":"errors-in-console","description":"No browser errors logged to the console","scoringMode":"binary","details":{"itemHeaders":[{"itemType":"url","text":"URL","type":"text"},{"itemType":"code","text":"Description","type":"text"}],"header":"View Details","type":"table","items":[]}},"video-caption":{"displayValue":"","score":false,"helpText":"When a video provides a caption it is easier for deaf and hearing impaired users to access its information. [Learn more](https://dequeuniversity.com/rules/axe/2.2/video-caption?application=lighthouse).","rawValue":false,"name":"video-caption","description":"`<video>` elements do not contain a `<track>` element with `[kind=\"captions\"]`.","scoringMode":"binary","informative":true,"notApplicable":true},"td-headers-attr":{"displayValue":"","score":false,"helpText":"Screen readers have features to make navigating tables easier. Ensuring `<td>` cells using the `[headers]` attribute only refer to other cells in the same table may improve the experience for screen reader users. [Learn more](https://dequeuniversity.com/rules/axe/2.2/td-headers-attr?application=lighthouse).","rawValue":false,"name":"td-headers-attr","description":"Cells in a `<table>` element that use the `[headers]` attribute refers to other cells of that same table.","scoringMode":"binary","informative":true,"notApplicable":true},"offscreen-content-hidden":{"displayValue":"","score":false,"helpText":"Offscreen content is hidden with display: none or aria-hidden=true. [Learn more](https://developers.google.com/web/fundamentals/accessibility/how-to-review#try_it_with_a_screen_reader).","rawValue":false,"name":"offscreen-content-hidden","description":"Offscreen content is hidden from assistive technology","scoringMode":"binary","informative":true,"manual":true},"no-document-write":{"displayValue":"","score":true,"helpText":"For users on slow connections, external scripts dynamically injected via `document.write()` can delay page load by tens of seconds. [Learn more](https://developers.google.com/web/tools/lighthouse/audits/document-write).","rawValue":true,"extendedInfo":{"value":[]},"name":"no-document-write","description":"Avoids `document.write()`","scoringMode":"binary","details":{"itemHeaders":[{"itemType":"url","text":"URL","type":"text"},{"itemType":"text","text":"Location","type":"text"}],"header":"View Details","type":"table","items":[]}},"aria-valid-attr-value":{"displayValue":"","score":true,"helpText":"Assistive technologies, like screen readers, can't interpret ARIA attributes with invalid values. [Learn more](https://dequeuniversity.com/rules/axe/2.2/aria-valid-attr-value?application=lighthouse).","rawValue":true,"extendedInfo":{},"name":"aria-valid-attr-value","description":"`[aria-*]` attributes have valid values","scoringMode":"binary","details":{"header":{"text":"View failing elements","type":"text"},"type":"list","items":[]}},"pwa-each-page-has-url":{"displayValue":"","score":false,"helpText":"Ensure individual pages are deep linkable via the URLs and that URLs are unique for the purpose of shareability on social media. [Learn more](https://developers.google.com/web/progressive-web-apps/checklist#each-page-has-a-url).","rawValue":false,"name":"pwa-each-page-has-url","description":"Each page has a URL","scoringMode":"binary","informative":true,"manual":true},"custom-controls-roles":{"displayValue":"","score":false,"helpText":"Custom interactive controls have appropriate ARIA roles. [Learn more](https://developers.google.com/web/fundamentals/accessibility/how-to-review#try_it_with_a_screen_reader).","rawValue":false,"name":"custom-controls-roles","description":"Custom controls have ARIA roles","scoringMode":"binary","informative":true,"manual":true},"meta-description":{"displayValue":"","score":false,"helpText":"Meta descriptions may be included in search results to concisely summarize page content. [Learn more](https://developers.google.com/web/tools/lighthouse/audits/description).","rawValue":false,"name":"meta-description","description":"Document does not have a meta description","scoringMode":"binary"},"duplicate-id":{"displayValue":"","score":true,"helpText":"The value of an id attribute must be unique to prevent other instances from being overlooked by assistive technologies. [Learn more](https://dequeuniversity.com/rules/axe/2.2/duplicate-id?application=lighthouse).","rawValue":true,"extendedInfo":{},"name":"duplicate-id","description":"`[id]` attributes on the page are unique","scoringMode":"binary","details":{"header":{"text":"View failing elements","type":"text"},"type":"list","items":[]}},"focusable-controls":{"displayValue":"","score":false,"helpText":"Custom interactive controls are keyboard focusable and display a focus indicator. [Learn more](https://developers.google.com/web/fundamentals/accessibility/how-to-review#start_with_the_keyboard).","rawValue":false,"name":"focusable-controls","description":"Interactive controls are keyboard focusable","scoringMode":"binary","informative":true,"manual":true},"heading-levels":{"displayValue":"","score":false,"helpText":"Headings are used to create an outline for the page and heading levels are not skipped. [Learn more](https://developers.google.com/web/fundamentals/accessibility/how-to-review#take_advantage_of_headings_and_landmarks).","rawValue":false,"name":"heading-levels","description":"Headings don't skip levels","scoringMode":"binary","informative":true,"manual":true},"uses-request-compression":{"displayValue":"","score":100,"helpText":"Text-based responses should be served with compression (gzip, deflate or brotli) to minimize total network bytes. [Learn more](https://developers.google.com/web/fundamentals/performance/optimizing-content-efficiency/optimize-encoding-and-transfer).","rawValue":0,"extendedInfo":{"value":{"wastedKb":0,"wastedMs":0,"results":[]}},"name":"uses-request-compression","description":"Enable text compression","scoringMode":"binary","informative":true,"details":{"itemHeaders":[{"itemType":"url","text":"Uncompressed resource URL","type":"text"},{"itemType":"text","text":"Original","type":"text"},{"itemType":"text","text":"GZIP Savings","type":"text"}],"header":"View Details","type":"table","items":[]}},"appcache-manifest":{"displayValue":"","score":true,"debugString":"","helpText":"Application Cache is deprecated. [Learn more](https://developers.google.com/web/tools/lighthouse/audits/appcache).","rawValue":true,"name":"appcache-manifest","description":"Avoids Application Cache","scoringMode":"binary"},"themed-omnibox":{"displayValue":"","score":false,"debugString":"Failures: No manifest was fetched, No `<meta name=\"theme-color\">` tag found.","helpText":"The browser address bar can be themed to match your site. [Learn more](https://developers.google.com/web/tools/lighthouse/audits/address-bar).","rawValue":false,"extendedInfo":{"value":{"failures":["No manifest was fetched","No `<meta name=\"theme-color\">` tag found"],"themeColor":null,"manifestValues":{"parseFailureReason":"No manifest was fetched","allChecks":[],"isParseFailure":true}}},"name":"themed-omnibox","description":"Address bar does not match brand colors","scoringMode":"binary"},"color-contrast":{"displayValue":"","score":true,"helpText":"Low-contrast text is difficult or impossible for many users to read. [Learn more](https://dequeuniversity.com/rules/axe/2.2/color-contrast?application=lighthouse).","rawValue":true,"extendedInfo":{},"name":"color-contrast","description":"Background and foreground colors have a sufficient contrast ratio","scoringMode":"binary","details":{"header":{"text":"View failing elements","type":"text"},"type":"list","items":[]}},"listitem":{"displayValue":"","score":false,"helpText":"Screen readers require list items (`<li>`) to be contained within a parent `<ul>` or `<ol>` to be announced properly. [Learn more](https://dequeuniversity.com/rules/axe/2.2/listitem?application=lighthouse).","rawValue":false,"name":"listitem","description":"List items (`<li>`) are not contained within `<ul>` or `<ol>` parent elements.","scoringMode":"binary","informative":true,"notApplicable":true},"no-mutation-events":{"displayValue":"","score":true,"helpText":"Mutation Events are deprecated and harm performance. Consider using Mutation Observers instead. [Learn more](https://developers.google.com/web/tools/lighthouse/audits/mutation-events).","rawValue":true,"extendedInfo":{"value":{"results":[]}},"name":"no-mutation-events","description":"Avoids Mutation Events in its own scripts","scoringMode":"binary","details":{"itemHeaders":[{"itemType":"url","text":"URL","type":"text"},{"itemType":"code","text":"Event","type":"text"},{"itemType":"text","text":"Line","type":"text"},{"itemType":"text","text":"Col","type":"text"},{"itemType":"code","text":"Snippet","type":"text"}],"header":"View Details","type":"table","items":[]}},"audio-caption":{"displayValue":"","score":false,"helpText":"Captions make audio elements usable for deaf or hearing-impaired users, providing critical information such as who is talking, what they're saying, and other non-speech information. [Learn more](https://dequeuniversity.com/rules/axe/2.2/audio-caption?application=lighthouse).","rawValue":false,"name":"audio-caption","description":"`<audio>` elements are missing a `<track>` element with `[kind=\"captions\"]`.","scoringMode":"binary","informative":true,"notApplicable":true},"first-meaningful-paint":{"displayValue":"4,520 ms","score":40,"helpText":"First meaningful paint measures when the primary content of a page is visible. [Learn more](https://developers.google.com/web/tools/lighthouse/audits/first-meaningful-paint).","rawValue":4521.8,"extendedInfo":{"value":{"timestamps":{"fCP":8650057715484,"endOfTrace":8650064967436,"fMP":8650057715493,"onLoad":8650058566647,"navStart":8650053193698},"fmpFellBack":false,"timings":{"fCP":4521.786,"endOfTrace":11773.738,"fMP":4521.795,"onLoad":5372.949,"navStart":0}}},"name":"first-meaningful-paint","description":"First meaningful paint","scoringMode":"numeric"},"focus-traps":{"displayValue":"","score":false,"helpText":"A user can tab into and out of any control or region without accidentally trapping their focus. [Learn more](https://developers.google.com/web/fundamentals/accessibility/how-to-review#start_with_the_keyboard).","rawValue":false,"name":"focus-traps","description":"User focus is not accidentally trapped in a region","scoringMode":"binary","informative":true,"manual":true},"aria-allowed-attr":{"displayValue":"","score":true,"helpText":"Each ARIA `role` supports a specific subset of `aria-*` attributes. Mismatching these invalidates the `aria-*` attributes. [Learn more](https://dequeuniversity.com/rules/axe/2.2/aria-allowed-attr?application=lighthouse).","rawValue":true,"extendedInfo":{},"name":"aria-allowed-attr","description":"`[aria-*]` attributes match their roles","scoringMode":"binary","details":{"header":{"text":"View failing elements","type":"text"},"type":"list","items":[]}},"geolocation-on-start":{"displayValue":"","score":true,"helpText":"Users are mistrustful of or confused by sites that request their location without context. Consider tying the request to user gestures instead. [Learn more](https://developers.google.com/web/tools/lighthouse/audits/geolocation-on-load).","rawValue":true,"extendedInfo":{"value":[]},"name":"geolocation-on-start","description":"Avoids requesting the geolocation permission on page load","scoringMode":"binary","details":{"itemHeaders":[{"itemType":"url","text":"URL","type":"text"},{"itemType":"text","text":"Location","type":"text"}],"header":"View Details","type":"table","items":[]}},"image-aspect-ratio":{"displayValue":"","score":true,"helpText":"Image display dimensions should match natural aspect ratio.","rawValue":true,"name":"image-aspect-ratio","description":"Displays images with correct aspect ratio","scoringMode":"binary","details":{"itemHeaders":[{"itemType":"thumbnail","text":"","type":"text"},{"itemType":"url","text":"URL","type":"text"},{"itemType":"text","text":"Aspect Ratio (Displayed)","type":"text"},{"itemType":"text","text":"Aspect Ratio (Actual)","type":"text"}],"header":"View Details","type":"table","items":[]}},"valid-lang":{"displayValue":"","score":false,"helpText":"Specifying a valid [BCP 47 language](https://www.w3.org/International/questions/qa-choosing-language-tags#question) on elements helps ensure that text is pronounced correctly by a screen reader. [Learn more](https://dequeuniversity.com/rules/axe/2.2/valid-lang?application=lighthouse).","rawValue":false,"name":"valid-lang","description":"`[lang]` attributes do not have a valid value","scoringMode":"binary","informative":true,"notApplicable":true},"html-has-lang":{"displayValue":"","score":false,"helpText":"If a page doesn't specify a lang attribute, a screen reader assumes that the page is in the default language that the user chose when setting up the screen reader. If the page isn't actually in the default language, then the screen reader might not announce the page's text correctly. [Learn more](https://dequeuniversity.com/rules/axe/2.2/html-lang?application=lighthouse).","rawValue":false,"extendedInfo":{"value":{"help":"<html> element must have a lang attribute","nodes":[{"failureSummary":"Fix any of the following:\n  The <html> element does not have a lang attribute","snippet":"<html>","path":"1,HTML","impact":"serious","html":"<html>","target":["html"]}],"impact":"serious","description":"Ensures every HTML document has a lang attribute","helpUrl":"https://dequeuniversity.com/rules/axe/3.0/html-has-lang?application=axeAPI","id":"html-has-lang","tags":["cat.language","wcag2a","wcag311"]}},"name":"html-has-lang","description":"`<html>` element does not have a `[lang]` attribute","scoringMode":"binary","details":{"header":{"text":"View failing elements","type":"text"},"type":"list","items":[{"snippet":"<html>","path":"1,HTML","selector":"html","type":"node"}]}},"unminified-javascript":{"displayValue":"","score":100,"helpText":"Minifying JavaScript files can reduce payload sizes and script parse time. [Learn more](https://developers.google.com/speed/docs/insights/MinifyResources).","rawValue":0,"extendedInfo":{"value":{"wastedKb":0,"wastedMs":0,"results":[]}},"name":"unminified-javascript","description":"Minify JavaScript","scoringMode":"binary","informative":true,"details":{"itemHeaders":[{"itemType":"url","text":"URL","type":"text"},{"itemType":"text","text":"Original","type":"text"},{"itemType":"text","text":"Potential Savings","type":"text"}],"header":"View Details","type":"table","items":[]}},"object-alt":{"displayValue":"","score":false,"helpText":"Screen readers cannot translate non-text content. Adding alt text to `<object>` elements helps screen readers convey meaning to users. [Learn more](https://dequeuniversity.com/rules/axe/2.2/object-alt?application=lighthouse).","rawValue":false,"name":"object-alt","description":"`<object>` elements do not have `[alt]` text","scoringMode":"binary","informative":true,"notApplicable":true},"accesskeys":{"displayValue":"","score":false,"helpText":"Access keys let users quickly focus a part of the page. For proper navigation, each access key must be unique. [Learn more](https://dequeuniversity.com/rules/axe/2.2/accesskeys?application=lighthouse).","rawValue":false,"name":"accesskeys","description":"`[accesskey]` values are not unique","scoringMode":"binary","informative":true,"notApplicable":true},"image-alt":{"displayValue":"","score":false,"helpText":"Informative elements should aim for short, descriptive alternate text. Decorative elements can be ignored with an empty alt attribute.[Learn more](https://dequeuniversity.com/rules/axe/2.2/image-alt?application=lighthouse).","rawValue":false,"name":"image-alt","description":"Image elements do not have `[alt]` attributes","scoringMode":"binary","informative":true,"notApplicable":true},"notification-on-start":{"displayValue":"","score":true,"helpText":"Users are mistrustful of or confused by sites that request to send notifications without context. Consider tying the request to user gestures instead. [Learn more](https://developers.google.com/web/tools/lighthouse/audits/notifications-on-load).","rawValue":true,"extendedInfo":{"value":[]},"name":"notification-on-start","description":"Avoids requesting the notification permission on page load","scoringMode":"binary","details":{"itemHeaders":[{"itemType":"url","text":"URL","type":"text"},{"itemType":"text","text":"Location","type":"text"}],"header":"View Details","type":"table","items":[]}},"unused-css-rules":{"displayValue":"Potential savings of 35 KB (~190 ms)","score":90,"helpText":"Remove unused rules from stylesheets to reduce unnecessary bytes consumed by network activity. [Learn more](https://developers.google.com/speed/docs/insights/OptimizeCSSDelivery)","rawValue":190,"extendedInfo":{"value":{"wastedKb":35,"wastedMs":190,"results":[{"wastedKb":"29 KB","totalKb":"32 KB","wastedMs":"160 ms","totalMs":"170 ms","potentialSavings":"29 KB (93%)","totalBytes":32261,"wastedPercent":92.80281987684556,"wastedBytes":29939,"url":"http://web/static/css/app.a1bcfeb0daa2a3f727390086fd42ee9d.css"},{"wastedKb":"5 KB","totalKb":"6 KB","wastedMs":"30 ms","totalMs":"30 ms","potentialSavings":"5 KB (98%)","totalBytes":5722,"wastedPercent":98.2698357217756,"wastedBytes":5623,"url":{"text":"a { color: #1976d2; } ...","type":"code"}}]}},"name":"unused-css-rules","description":"Unused CSS rules","scoringMode":"binary","informative":true,"details":{"itemHeaders":[{"itemType":"url","text":"URL","type":"text"},{"itemType":"text","text":"Original","type":"text"},{"itemType":"text","text":"Potential Savings","type":"text"}],"header":"View Details","type":"table","items":[[{"text":"http://web/static/css/app.a1bcfeb0daa2a3f727390086fd42ee9d.css","type":"url"},{"text":"32 KB","type":"text"},{"text":"29 KB (93%)","type":"text"}],[{"text":"a { color: #1976d2; } ...","type":"code"},{"text":"6 KB","type":"text"},{"text":"5 KB (98%)","type":"text"}]]}},"structured-data":{"displayValue":"","score":false,"helpText":"Run the [Structured Data Testing Tool](https://search.google.com/structured-data/testing-tool/) and the [Structured Data Linter](http://linter.structured-data.org/) to validate structured data. [Learn more](https://developers.google.com/search/docs/guides/mark-up-content).","rawValue":false,"name":"structured-data","description":"Structured data is valid","scoringMode":"binary","informative":true,"manual":true},"content-width":{"displayValue":"","score":true,"debugString":"","helpText":"If the width of your app's content doesn't match the width of the viewport, your app might not be optimized for mobile screens. [Learn more](https://developers.google.com/web/tools/lighthouse/audits/content-sized-correctly-for-viewport).","rawValue":true,"name":"content-width","description":"Content is sized correctly for the viewport","scoringMode":"binary"},"mainthread-work-breakdown":{"displayValue":"2,800 ms","score":true,"helpText":"Consider reducing the time spent parsing, compiling and executing JS.You may find delivering smaller JS payloads helps with this.","rawValue":2799.5130100250244,"extendedInfo":{"value":{"Update Layer Tree":108.97500228881836,"Layout":432.32500076293945,"Recalculate Style":503.69400215148926,"Evaluate Script":1296.8040027618408,"Animation Frame Fired":8.261001586914062,"Minor GC":82.69900131225586,"Run Microtasks":63.02199935913086,"Parse HTML":62.446001052856445,"Paint":41.383995056152344,"Compile Script":44.90999984741211,"Composite Layers":77.99400329589844,"Parse Stylesheet":76.9990005493164}},"name":"mainthread-work-breakdown","description":"Main thread work breakdown","scoringMode":"binary","informative":true,"details":{"itemHeaders":[{"itemType":"text","text":"Category","type":"text"},{"itemType":"text","text":"Work","type":"text"},{"itemType":"text","text":"Time spent","type":"text"}],"header":"View Details","type":"table","items":[[{"text":"Script Evaluation","type":"text"},{"text":"Evaluate Script","type":"text"},{"text":"1,297 ms","type":"text"}],[{"text":"Script Evaluation","type":"text"},{"text":"Run Microtasks","type":"text"},{"text":"63 ms","type":"text"}],[{"text":"Script Evaluation","type":"text"},{"text":"Animation Frame Fired","type":"text"},{"text":"8 ms","type":"text"}],[{"text":"Style & Layout","type":"text"},{"text":"Recalculate Style","type":"text"},{"text":"504 ms","type":"text"}],[{"text":"Style & Layout","type":"text"},{"text":"Layout","type":"text"},{"text":"432 ms","type":"text"}],[{"text":"Compositing","type":"text"},{"text":"Update Layer Tree","type":"text"},{"text":"109 ms","type":"text"}],[{"text":"Compositing","type":"text"},{"text":"Composite Layers","type":"text"},{"text":"78 ms","type":"text"}],[{"text":"Parsing HTML & CSS","type":"text"},{"text":"Parse Stylesheet","type":"text"},{"text":"77 ms","type":"text"}],[{"text":"Parsing HTML & CSS","type":"text"},{"text":"Parse HTML","type":"text"},{"text":"62 ms","type":"text"}],[{"text":"Garbage collection","type":"text"},{"text":"Minor GC","type":"text"},{"text":"83 ms","type":"text"}],[{"text":"Script Parsing & Compile","type":"text"},{"text":"Compile Script","type":"text"},{"text":"45 ms","type":"text"}],[{"text":"Paint","type":"text"},{"text":"Paint","type":"text"},{"text":"41 ms","type":"text"}]]}},"canonical":{"displayValue":"","score":null,"debugString":"Audit error: Unable to identify the main resource","helpText":"Canonical links suggest which URL to show in search results. [Learn more](https://developers.google.com/web/tools/lighthouse/audits/canonical).","rawValue":null,"name":"canonical","description":"Document does not have a valid `rel=canonical`","scoringMode":"binary","error":true},"bootup-time":{"displayValue":"1,570 ms","score":true,"helpText":"Consider reducing the time spent parsing, compiling, and executing JS. You may find delivering smaller JS payloads helps with this. [Learn more](https://developers.google.com/web/lighthouse/audits/bootup).","rawValue":1573.503999710083,"extendedInfo":{"value":{"http://web/static/js/app.310cd52123c59f9f64a5.js":{"Script Evaluation":1173.697998046875,"Script Parsing & Compile":22.533000946044922},"http://web/static/js/vendor.d1efda22f11e965a5228.js":{"Style & Layout":178.41699981689453,"Script Parsing & Compile":14.004999160766602,"Script Evaluation":9.45100212097168},"https://unpkg.com/vue-chartjs@3.3.2/dist/vue-chartjs.min.js":{"Script Evaluation":6.445001602172852,"Script Parsing & Compile":4.004999160766602},"https://cdnjs.cloudflare.com/ajax/libs/Chart.js/2.7.1/Chart.min.js":{"Style & Layout":0.8509998321533203,"Script Evaluation":90.19700050354004,"Script Parsing & Compile":0.5679988861083984},"http://web/static/js/manifest.9f020e973ae4037504f6.js":{"Script Parsing & Compile":2.184000015258789,"Script Evaluation":1.4300003051757812},"http://web/":{"Style & Layout":0.0989990234375,"Script Evaluation":7.028999328613281,"Script Parsing & Compile":0.14599990844726562},"http://web/#/":{"Parsing HTML & CSS":62.446001052856445}}},"name":"bootup-time","description":"JavaScript boot-up time","scoringMode":"binary","details":{"itemHeaders":[{"itemType":"url","text":"URL","type":"text"},{"itemType":"text","text":"Script Evaluation","type":"text"},{"itemType":"text","text":"Script Parsing & Compile","type":"text"}],"header":"View Details","type":"table","items":[[{"text":"http://web/static/js/app.310cd52123c59f9f64a5.js","type":"url"},{"text":"1,174 ms","type":"text"},{"text":"23 ms","type":"text"}],[{"text":"https://cdnjs.cloudflare.com/ajax/libs/Chart.js/2.7.1/Chart.min.js","type":"url"},{"text":"90 ms","type":"text"},{"text":"1 ms","type":"text"}],[{"text":"http://web/static/js/vendor.d1efda22f11e965a5228.js","type":"url"},{"text":"9 ms","type":"text"},{"text":"14 ms","type":"text"}],[{"text":"https://unpkg.com/vue-chartjs@3.3.2/dist/vue-chartjs.min.js","type":"url"},{"text":"6 ms","type":"text"},{"text":"4 ms","type":"text"}]]}},"list":{"displayValue":"","score":false,"helpText":"Screen readers have a specific way of announcing lists. Ensuring proper list structure aids screen reader output. [Learn more](https://dequeuniversity.com/rules/axe/2.2/list?application=lighthouse).","rawValue":false,"name":"list","description":"Lists do not contain only `<li>` elements and script supporting elements (`<script>` and `<template>`).","scoringMode":"binary","informative":true,"notApplicable":true},"hreflang":{"displayValue":"","score":null,"debugString":"Audit error: Unable to identify the main resource","helpText":"hreflang allows crawlers to discover alternate translations of the page content. [Learn more](https://support.google.com/webmasters/answer/189077).","rawValue":null,"name":"hreflang","description":"Document doesn't have a valid `hreflang`","scoringMode":"binary","error":true},"is-crawlable":{"displayValue":"","score":null,"debugString":"Audit error: Unable to identify the main resource","helpText":"Search engines are unable to include your pages in search results if they don't have permission to crawl them. [Learn more](https://developers.google.com/web/tools/lighthouse/audits/indexing).","rawValue":null,"name":"is-crawlable","description":"Page is blocked from indexing","scoringMode":"binary","error":true},"service-worker":{"displayValue":"","score":false,"helpText":"The service worker is the technology that enables your app to use many Progressive Web App features, such as offline, add to homescreen, and push notifications. [Learn more](https://developers.google.com/web/tools/lighthouse/audits/registered-service-worker).","rawValue":false,"name":"service-worker","description":"Does not register a service worker","scoringMode":"binary"},"use-landmarks":{"displayValue":"","score":false,"helpText":"Landmark elements (<main>, <nav>, etc.) are used to improve the keyboard navigation of the page for assistive technology. [Learn more](https://developers.google.com/web/fundamentals/accessibility/how-to-review#take_advantage_of_headings_and_landmarks).","rawValue":false,"name":"use-landmarks","description":"HTML5 landmark elements are used to improve navigation","scoringMode":"binary","informative":true,"manual":true},"critical-request-chains":{"displayValue":"","score":null,"debugString":"Audit error: Unable to identify the main resource","helpText":"The Critical Request Chains below show you what resources are issued with a high priority. Consider reducing the length of chains, reducing the download size of resources, or deferring the download of unnecessary resources to improve page load. [Learn more](https://developers.google.com/web/tools/lighthouse/audits/critical-request-chains).","rawValue":null,"name":"critical-request-chains","description":"Critical Request Chains","scoringMode":"binary","informative":true,"error":true},"consistently-interactive":{"displayValue":"6,460 ms","score":71,"helpText":"Consistently Interactive marks the time at which the page is fully interactive. [Learn more](https://developers.google.com/web/tools/lighthouse/audits/consistently-interactive).","rawValue":6460.149,"extendedInfo":{"value":{"timeInMs":6460.149,"cpuQuietPeriod":{"start":8.650059653847E9,"end":8.650064967436E9},"networkQuietPeriods":[{"start":8.650059532223999E9,"end":8.650064967436E9}],"networkQuietPeriod":{"start":8.650059532223999E9,"end":8.650064967436E9},"cpuQuietPeriods":[{"start":8.650059653847E9,"end":8.650064967436E9}],"timestamp":8650059653847}},"name":"consistently-interactive","description":"Consistently Interactive (beta)","scoringMode":"numeric"},"pwa-page-transitions":{"displayValue":"","score":false,"helpText":"Transitions should feel snappy as you tap around, even on a slow network, a key to perceived performance. [Learn more](https://developers.google.com/web/progressive-web-apps/checklist#page-transitions-dont-feel-like-they-block-on-the-network).","rawValue":false,"name":"pwa-page-transitions","description":"Page transitions don't feel like they block on the network","scoringMode":"binary","informative":true,"manual":true},"user-timings":{"displayValue":"0","score":true,"helpText":"Consider instrumenting your app with the User Timing API to create custom, real-world measurements of key user experiences. [Learn more](https://developers.google.com/web/tools/lighthouse/audits/user-timing).","rawValue":true,"extendedInfo":{"value":[]},"name":"user-timings","description":"User Timing marks and measures","scoringMode":"binary","informative":true,"details":{"itemHeaders":[{"itemType":"text","text":"Name","type":"text"},{"itemType":"text","text":"Type","type":"text"},{"itemType":"text","text":"Time","type":"text"}],"header":"View Details","type":"table","items":[]}},"manifest-short-name-length":{"displayValue":"","score":false,"helpText":"Make your app's `short_name` fewer than 12 characters to ensure that it's not truncated on homescreens. [Learn more](https://developers.google.com/web/tools/lighthouse/audits/manifest-short_name-is-not-truncated).","rawValue":false,"name":"manifest-short-name-length","description":"Manifest's `short_name` will be truncated when displayed on homescreen","scoringMode":"binary"},"no-vulnerable-libraries":{"displayValue":"","score":true,"helpText":"Some third-party scripts may contain known security vulnerabilities  that are easily identified and exploited by attackers.","rawValue":true,"name":"no-vulnerable-libraries","description":"Avoids front-end JavaScript libraries with known security vulnerabilities","scoringMode":"binary"},"font-size":{"displayValue":"","score":true,"debugString":null,"helpText":"Font sizes less than 12px are too small to be legible and require mobile visitors to \u201cpinch to zoom\u201d in order to read. Strive to have >60% of page text ≥12px. [Learn more](https://developers.google.com/web/tools/lighthouse/audits/font-sizes).","rawValue":true,"name":"font-size","description":"Document uses legible font sizes","scoringMode":"binary","details":{"itemHeaders":[{"itemType":"url","text":"Source","type":"text"},{"itemType":"code","text":"Selector","type":"text"},{"itemType":"text","text":"% of Page Text","type":"text"},{"itemType":"text","text":"Font Size","type":"text"}],"header":"View Details","type":"table","items":[[{"text":"Legible text","type":"url"},{"text":null,"type":"code"},{"text":"100.00%","type":"text"},{"text":"≥ 12px","type":"text"}]]}},"aria-valid-attr":{"displayValue":"","score":true,"helpText":"Assistive technologies, like screen readers, can't interpret ARIA attributes with invalid names. [Learn more](https://dequeuniversity.com/rules/axe/2.2/aria-valid-attr?application=lighthouse).","rawValue":true,"extendedInfo":{},"name":"aria-valid-attr","description":"`[aria-*]` attributes are valid and not misspelled","scoringMode":"binary","details":{"header":{"text":"View failing elements","type":"text"},"type":"list","items":[]}},"aria-required-attr":{"displayValue":"","score":false,"helpText":"Some ARIA roles have required attributes that describe the state of the element to screen readers. [Learn more](https://dequeuniversity.com/rules/axe/2.2/aria-required-attr?application=lighthouse).","rawValue":false,"name":"aria-required-attr","description":"`[role]`s do not have all required `[aria-*]` attributes","scoringMode":"binary","informative":true,"notApplicable":true},"aria-roles":{"displayValue":"","score":false,"helpText":"ARIA roles must have valid values in order to perform their intended accessibility functions. [Learn more](https://dequeuniversity.com/rules/axe/2.2/aria-roles?application=lighthouse).","rawValue":false,"name":"aria-roles","description":"`[role]` values are not valid","scoringMode":"binary","informative":true,"notApplicable":true},"redirects-http":{"displayValue":"","score":false,"helpText":"If you've already set up HTTPS, make sure that you redirect all HTTP traffic to HTTPS. [Learn more](https://developers.google.com/web/tools/lighthouse/audits/http-redirects-to-https).","rawValue":false,"name":"redirects-http","description":"Does not redirect HTTP traffic to HTTPS","scoringMode":"binary"},"aria-required-children":{"displayValue":"","score":false,"helpText":"Some ARIA parent roles must contain specific child roles to perform their intended accessibility functions. [Learn more](https://dequeuniversity.com/rules/axe/2.2/aria-required-children?application=lighthouse).","rawValue":false,"name":"aria-required-children","description":"Elements with `[role]` that require specific children `[role]`s, are missing.","scoringMode":"binary","informative":true,"notApplicable":true},"dom-size":{"displayValue":"94 nodes","score":100,"helpText":"Browser engineers recommend pages contain fewer than ~1,500 DOM nodes. The sweet spot is a tree depth < 32 elements and fewer than 60 children/parent element. A large DOM can increase memory usage, cause longer [style calculations](https://developers.google.com/web/fundamentals/performance/rendering/reduce-the-scope-and-complexity-of-style-calculations), and produce costly [layout reflows](https://developers.google.com/speed/articles/reflow). [Learn more](https://developers.google.com/web/fundamentals/performance/rendering/).","rawValue":94,"extendedInfo":{"value":[{"title":"Total DOM Nodes","value":"94","target":"< 1,500 nodes"},{"snippet":"html >\n  body >\n    main >\n      div#inspire.application.theme--dark >\n        div.application--wrap >\n          aside.navigation-drawer.navigation-drawer--clipped.navigation-drawer--close.navigation-drawer--fixed.navigation-drawer--is-mobile >\n            div.list >\n              div >\n                div.list__tile >\n                  div.input-group.input-group--dirty.input-group--selection-controls.switch.accent--text >\n                    div.input-group__input >\n                      div.input-group--selection-controls__container >\n                        div.input-group--selection-controls__toggle.input-group--selection-controls__toggle--active","title":"DOM Depth","value":"13","target":"< 32"},{"snippet":"Element with most children:\nhead","title":"Maximum Children","value":"8","target":"< 60 nodes"}]},"name":"dom-size","description":"Avoids an excessive DOM size","scoringMode":"numeric","details":{"header":{"text":"View details","type":"text"},"type":"cards","items":[{"title":"Total DOM Nodes","value":"94","target":"< 1,500 nodes"},{"snippet":"html >\n  body >\n    main >\n      div#inspire.application.theme--dark >\n        div.application--wrap >\n          aside.navigation-drawer.navigation-drawer--clipped.navigation-drawer--close.navigation-drawer--fixed.navigation-drawer--is-mobile >\n            div.list >\n              div >\n                div.list__tile >\n                  div.input-group.input-group--dirty.input-group--selection-controls.switch.accent--text >\n                    div.input-group__input >\n                      div.input-group--selection-controls__container >\n                        div.input-group--selection-controls__toggle.input-group--selection-controls__toggle--active","title":"DOM Depth","value":"13","target":"< 32"},{"snippet":"Element with most children:\nhead","title":"Maximum Children","value":"8","target":"< 60 nodes"}]}},"no-websql":{"displayValue":"","score":true,"debugString":"","helpText":"Web SQL is deprecated. Consider using IndexedDB instead. [Learn more](https://developers.google.com/web/tools/lighthouse/audits/web-sql).","rawValue":true,"name":"no-websql","description":"Avoids WebSQL DB","scoringMode":"binary"},"webapp-install-banner":{"displayValue":"","score":false,"debugString":"Failures: No manifest was fetched, Site does not register a service worker, Service worker does not successfully serve the manifest's start_url, No usable web app manifest found on page.","helpText":"Browsers can proactively prompt users to add your app to their homescreen, which can lead to higher engagement. [Learn more](https://developers.google.com/web/tools/lighthouse/audits/install-prompt).","rawValue":false,"extendedInfo":{"value":{"failures":["No manifest was fetched","Site does not register a service worker","Service worker does not successfully serve the manifest's start_url","No usable web app manifest found on page"],"warnings":["No usable web app manifest found on page"],"manifestValues":{"parseFailureReason":"No manifest was fetched","allChecks":[],"isParseFailure":true}}},"name":"webapp-install-banner","description":"User will not be prompted to Install the Web App","scoringMode":"binary"},"uses-passive-event-listeners":{"displayValue":"","score":true,"helpText":"Consider marking your touch and wheel event listeners as `passive` to improve your page's scroll performance. [Learn more](https://developers.google.com/web/tools/lighthouse/audits/passive-event-listeners).","rawValue":true,"extendedInfo":{"value":[]},"name":"uses-passive-event-listeners","description":"Uses passive listeners to improve scrolling performance","scoringMode":"binary","details":{"itemHeaders":[{"itemType":"url","text":"URL","type":"text"},{"itemType":"text","text":"Location","type":"text"}],"header":"View Details","type":"table","items":[]}},"screenshot-thumbnails":{"displayValue":"true","score":100,"helpText":"This is what the load of your site looked like.","rawValue":true,"name":"screenshot-thumbnails","description":"Screenshot Thumbnails","scoringMode":"binary","informative":true,"details":{"scale":6606,"type":"filmstrip","items":[{"data":"/9j/4AAQSkZJRgABAQAAAQABAAD/2wCEAAMCAgMCAgMDAwMEAwMEBQgFBQQEBQoHBwYIDAoMDAsKCwsNDhIQDQ4RDgsLEBYQERMUFRUVDA8XGBYUGBIUFRQBAwQEBQQFCQUFCRQNCw0UFBQUFBQUFBQUFBQUFBQUFBQUFBQUFBQUFBQUFBQUFBQUFBQUFBQUFBQUFBQUFBQUFP/AABEIANUAeAMBEQACEQEDEQH/xAGiAAABBQEBAQEBAQAAAAAAAAAAAQIDBAUGBwgJCgsQAAIBAwMCBAMFBQQEAAABfQECAwAEEQUSITFBBhNRYQcicRQygZGhCCNCscEVUtHwJDNicoIJChYXGBkaJSYnKCkqNDU2Nzg5OkNERUZHSElKU1RVVldYWVpjZGVmZ2hpanN0dXZ3eHl6g4SFhoeIiYqSk5SVlpeYmZqio6Slpqeoqaqys7S1tre4ubrCw8TFxsfIycrS09TV1tfY2drh4uPk5ebn6Onq8fLz9PX29/j5+gEAAwEBAQEBAQEBAQAAAAAAAAECAwQFBgcICQoLEQACAQIEBAMEBwUEBAABAncAAQIDEQQFITEGEkFRB2FxEyIygQgUQpGhscEJIzNS8BVictEKFiQ04SXxFxgZGiYnKCkqNTY3ODk6Q0RFRkdISUpTVFVWV1hZWmNkZWZnaGlqc3R1dnd4eXqCg4SFhoeIiYqSk5SVlpeYmZqio6Slpqeoqaqys7S1tre4ubrCw8TFxsfIycrS09TV1tfY2dri4+Tl5ufo6ery8/T19vf4+fr/2gAMAwEAAhEDEQA/AP1ToAKACgAoAKACgAoAKACgAoAKACgAoAKACgAoAKACgAoAKACgAoAKACgAoAKACgAoAKACgAoAKACgAoAKACgAoAKACgAoAKACgAoAKACgAoAKACgAoAKACgAoAKACgAoAKACgAoAKACgAoAKACgAoAKACgAoAKACgAoAKACgAoAKACgAoAKACgAoAKACgAoAKACgAoAKACgAoAKACgAoAKACgAoAKACgAoAKACgAoAKACgAoAKACgAoAKACgAoAKACgAoAKACgAoAKACgAoAKACgAoAKACgAoAKACgAoAKACgAoAKACgAoAKACgAoAKACgAoAKACgAoAKACgAoAKACgAoAKACgAoAKACgAoAKACgAoAKACgAoAKACgAoAKACgAoAKACgAoAKACgAoAKACgAoAKACgAoAKACgAoAKACgAoAKACgAoAKACgAoAKACgAoAKACgAoAKACgAoAKACgAoAKACgAoAKACgAoAKACgAoAKACgAoAKACgAoAKACgAoAKACgAoAKACgAoAKACgAoAKACgAoAKACgAoAKACgAoAKACgAoAKACgAoAKACgAoAKACgAoAKACgAoAKACgAoAKACgAoAKACgAoAKACgAoAKACgAoAKACgAoAKACgAoAKACgAoAKACgAoAKACgAoAKACgAoAKACgAoAKACgAoAKACgAoAKACgAoAKACgAoAKACgAoAKACgAoAKACgAoAKACgAoAKACgAoAKACgAoAKACgAoAKACgAoAKACgAoAKACgAoAKACgAoAKACgAoAKACgAoAKACgAoAKACgAoAKACgAoAKACgAoAKACgAoAKACgAoAKACgAoAKACgAoAKACgAoAKACgAoAKACgAoAKACgAoAKACgAoAKACgAoAKACgAoAKACgAoAKACgAoAKACgAoAKACgAoAKACgAoAKACgAoAKACgD//Z","timing":661,"timestamp":8650053854298},{"data":"/9j/4AAQSkZJRgABAQAAAQABAAD/2wCEAAMCAgMCAgMDAwMEAwMEBQgFBQQEBQoHBwYIDAoMDAsKCwsNDhIQDQ4RDgsLEBYQERMUFRUVDA8XGBYUGBIUFRQBAwQEBQQFCQUFCRQNCw0UFBQUFBQUFBQUFBQUFBQUFBQUFBQUFBQUFBQUFBQUFBQUFBQUFBQUFBQUFBQUFBQUFP/AABEIANUAeAMBEQACEQEDEQH/xAGiAAABBQEBAQEBAQAAAAAAAAAAAQIDBAUGBwgJCgsQAAIBAwMCBAMFBQQEAAABfQECAwAEEQUSITFBBhNRYQcicRQygZGhCCNCscEVUtHwJDNicoIJChYXGBkaJSYnKCkqNDU2Nzg5OkNERUZHSElKU1RVVldYWVpjZGVmZ2hpanN0dXZ3eHl6g4SFhoeIiYqSk5SVlpeYmZqio6Slpqeoqaqys7S1tre4ubrCw8TFxsfIycrS09TV1tfY2drh4uPk5ebn6Onq8fLz9PX29/j5+gEAAwEBAQEBAQEBAQAAAAAAAAECAwQFBgcICQoLEQACAQIEBAMEBwUEBAABAncAAQIDEQQFITEGEkFRB2FxEyIygQgUQpGhscEJIzNS8BVictEKFiQ04SXxFxgZGiYnKCkqNTY3ODk6Q0RFRkdISUpTVFVWV1hZWmNkZWZnaGlqc3R1dnd4eXqCg4SFhoeIiYqSk5SVlpeYmZqio6Slpqeoqaqys7S1tre4ubrCw8TFxsfIycrS09TV1tfY2dri4+Tl5ufo6ery8/T19vf4+fr/2gAMAwEAAhEDEQA/AP1ToAKACgAoAKACgAoAKACgAoAKACgAoAKACgAoAKACgAoAKACgAoAKACgAoAKACgAoAKACgAoAKACgAoAKACgAoAKACgAoAKACgAoAKACgAoAKACgAoAKACgAoAKACgAoAKACgAoAKACgAoAKACgAoAKACgAoAKACgAoAKACgAoAKACgAoAKACgAoAKACgAoAKACgAoAKACgAoAKACgAoAKACgAoAKACgAoAKACgAoAKACgAoAKACgAoAKACgAoAKACgAoAKACgAoAKACgAoAKACgAoAKACgAoAKACgAoAKACgAoAKACgAoAKACgAoAKACgAoAKACgAoAKACgAoAKACgAoAKACgAoAKACgAoAKACgAoAKACgAoAKACgAoAKACgAoAKACgAoAKACgAoAKACgAoAKACgAoAKACgAoAKACgAoAKACgAoAKACgAoAKACgAoAKACgAoAKACgAoAKACgAoAKACgAoAKACgAoAKACgAoAKACgAoAKACgAoAKACgAoAKACgAoAKACgAoAKACgAoAKACgAoAKACgAoAKACgAoAKACgAoAKACgAoAKACgAoAKACgAoAKACgAoAKACgAoAKACgAoAKACgAoAKACgAoAKACgAoAKACgAoAKACgAoAKACgAoAKACgAoAKACgAoAKACgAoAKACgAoAKACgAoAKACgAoAKACgAoAKACgAoAKACgAoAKACgAoAKACgAoAKACgAoAKACgAoAKACgAoAKACgAoAKACgAoAKACgAoAKACgAoAKACgAoAKACgAoAKACgAoAKACgAoAKACgAoAKACgAoAKACgAoAKACgAoAKACgAoAKACgAoAKACgAoAKACgAoAKACgAoAKACgAoAKACgAoAKACgAoAKACgAoAKACgAoAKACgAoAKACgAoAKACgAoAKACgAoAKACgAoAKACgAoAKACgD//Z","timing":1321,"timestamp":8.650054514898001E12},{"data":"/9j/4AAQSkZJRgABAQAAAQABAAD/2wCEAAMCAgMCAgMDAwMEAwMEBQgFBQQEBQoHBwYIDAoMDAsKCwsNDhIQDQ4RDgsLEBYQERMUFRUVDA8XGBYUGBIUFRQBAwQEBQQFCQUFCRQNCw0UFBQUFBQUFBQUFBQUFBQUFBQUFBQUFBQUFBQUFBQUFBQUFBQUFBQUFBQUFBQUFBQUFP/AABEIANUAeAMBEQACEQEDEQH/xAGiAAABBQEBAQEBAQAAAAAAAAAAAQIDBAUGBwgJCgsQAAIBAwMCBAMFBQQEAAABfQECAwAEEQUSITFBBhNRYQcicRQygZGhCCNCscEVUtHwJDNicoIJChYXGBkaJSYnKCkqNDU2Nzg5OkNERUZHSElKU1RVVldYWVpjZGVmZ2hpanN0dXZ3eHl6g4SFhoeIiYqSk5SVlpeYmZqio6Slpqeoqaqys7S1tre4ubrCw8TFxsfIycrS09TV1tfY2drh4uPk5ebn6Onq8fLz9PX29/j5+gEAAwEBAQEBAQEBAQAAAAAAAAECAwQFBgcICQoLEQACAQIEBAMEBwUEBAABAncAAQIDEQQFITEGEkFRB2FxEyIygQgUQpGhscEJIzNS8BVictEKFiQ04SXxFxgZGiYnKCkqNTY3ODk6Q0RFRkdISUpTVFVWV1hZWmNkZWZnaGlqc3R1dnd4eXqCg4SFhoeIiYqSk5SVlpeYmZqio6Slpqeoqaqys7S1tre4ubrCw8TFxsfIycrS09TV1tfY2dri4+Tl5ufo6ery8/T19vf4+fr/2gAMAwEAAhEDEQA/AP1ToAKACgAoAKACgAoAKACgAoAKACgAoAKACgAoAKACgAoAKACgAoAKACgAoAKACgAoAKACgAoAKACgAoAKACgAoAKACgAoAKACgAoAKACgAoAKACgAoAKACgAoAKACgAoAKACgAoAKACgAoAKACgAoAKACgAoAKACgAoAKACgAoAKACgAoAKACgAoAKACgAoAKACgAoAKACgAoAKACgAoAKACgAoAKACgAoAKACgAoAKACgAoAKACgAoAKACgAoAKACgAoAKACgAoAKACgAoAKACgAoAKACgAoAKACgAoAKACgAoAKACgAoAKACgAoAKACgAoAKACgAoAKACgAoAKACgAoAKACgAoAKACgAoAKACgAoAKACgAoAKACgAoAKACgAoAKACgAoAKACgAoAKACgAoAKACgAoAKACgAoAKACgAoAKACgAoAKACgAoAKACgAoAKACgAoAKACgAoAKACgAoAKACgAoAKACgAoAKACgAoAKACgAoAKACgAoAKACgAoAKACgAoAKACgAoAKACgAoAKACgAoAKACgAoAKACgAoAKACgAoAKACgAoAKACgAoAKACgAoAKACgAoAKACgAoAKACgAoAKACgAoAKACgAoAKACgAoAKACgAoAKACgAoAKACgAoAKACgAoAKACgAoAKACgAoAKACgAoAKACgAoAKACgAoAKACgAoAKACgAoAKACgAoAKACgAoAKACgAoAKACgAoAKACgAoAKACgAoAKACgAoAKACgAoAKACgAoAKACgAoAKACgAoAKACgAoAKACgAoAKACgAoAKACgAoAKACgAoAKACgAoAKACgAoAKACgAoAKACgAoAKACgAoAKACgAoAKACgAoAKACgAoAKACgAoAKACgAoAKACgAoAKACgAoAKACgAoAKACgAoAKACgAoAKACgAoAKACgAoAKACgAoAKACgD//Z","timing":1982,"timestamp":8.650055175497999E12},{"data":"/9j/4AAQSkZJRgABAQAAAQABAAD/2wCEAAMCAgMCAgMDAwMEAwMEBQgFBQQEBQoHBwYIDAoMDAsKCwsNDhIQDQ4RDgsLEBYQERMUFRUVDA8XGBYUGBIUFRQBAwQEBQQFCQUFCRQNCw0UFBQUFBQUFBQUFBQUFBQUFBQUFBQUFBQUFBQUFBQUFBQUFBQUFBQUFBQUFBQUFBQUFP/AABEIANUAeAMBEQACEQEDEQH/xAGiAAABBQEBAQEBAQAAAAAAAAAAAQIDBAUGBwgJCgsQAAIBAwMCBAMFBQQEAAABfQECAwAEEQUSITFBBhNRYQcicRQygZGhCCNCscEVUtHwJDNicoIJChYXGBkaJSYnKCkqNDU2Nzg5OkNERUZHSElKU1RVVldYWVpjZGVmZ2hpanN0dXZ3eHl6g4SFhoeIiYqSk5SVlpeYmZqio6Slpqeoqaqys7S1tre4ubrCw8TFxsfIycrS09TV1tfY2drh4uPk5ebn6Onq8fLz9PX29/j5+gEAAwEBAQEBAQEBAQAAAAAAAAECAwQFBgcICQoLEQACAQIEBAMEBwUEBAABAncAAQIDEQQFITEGEkFRB2FxEyIygQgUQpGhscEJIzNS8BVictEKFiQ04SXxFxgZGiYnKCkqNTY3ODk6Q0RFRkdISUpTVFVWV1hZWmNkZWZnaGlqc3R1dnd4eXqCg4SFhoeIiYqSk5SVlpeYmZqio6Slpqeoqaqys7S1tre4ubrCw8TFxsfIycrS09TV1tfY2dri4+Tl5ufo6ery8/T19vf4+fr/2gAMAwEAAhEDEQA/AP1ToAKACgAoAKACgAoAKACgAoAKACgAoAKACgAoAKACgAoAKACgAoAKACgAoAKACgAoAKACgAoAKACgAoAKACgAoAKACgAoAKACgAoAKACgAoAKACgAoAKACgAoAKACgAoAKACgAoAKACgAoAKACgAoAKACgAoAKACgAoAKACgAoAKACgAoAKACgAoAKACgAoAKACgAoAKACgAoAKACgAoAKACgAoAKACgAoAKACgAoAKACgAoAKACgAoAKACgAoAKACgAoAKACgAoAKACgAoAKACgAoAKACgAoAKACgAoAKACgAoAKACgAoAKACgAoAKACgAoAKACgAoAKACgAoAKACgAoAKACgAoAKACgAoAKACgAoAKACgAoAKACgAoAKACgAoAKACgAoAKACgAoAKACgAoAKACgAoAKACgAoAKACgAoAKACgAoAKACgAoAKACgAoAKACgAoAKACgAoAKACgAoAKACgAoAKACgAoAKACgAoAKACgAoAKACgAoAKACgAoAKACgAoAKACgAoAKACgAoAKACgAoAKACgAoAKACgAoAKACgAoAKACgAoAKACgAoAKACgAoAKACgAoAKACgAoAKACgAoAKACgAoAKACgAoAKACgAoAKACgAoAKACgAoAKACgAoAKACgAoAKACgAoAKACgAoAKACgAoAKACgAoAKACgAoAKACgAoAKACgAoAKACgAoAKACgAoAKACgAoAKACgAoAKACgAoAKACgAoAKACgAoAKACgAoAKACgAoAKACgAoAKACgAoAKACgAoAKACgAoAKACgAoAKACgAoAKACgAoAKACgAoAKACgAoAKACgAoAKACgAoAKACgAoAKACgAoAKACgAoAKACgAoAKACgAoAKACgAoAKACgAoAKACgAoAKACgAoAKACgAoAKACgAoAKACgAoAKACgAoAKACgAoAKACgD//Z","timing":2642,"timestamp":8650055836098},{"data":"/9j/4AAQSkZJRgABAQAAAQABAAD/2wCEAAMCAgMCAgMDAwMEAwMEBQgFBQQEBQoHBwYIDAoMDAsKCwsNDhIQDQ4RDgsLEBYQERMUFRUVDA8XGBYUGBIUFRQBAwQEBQQFCQUFCRQNCw0UFBQUFBQUFBQUFBQUFBQUFBQUFBQUFBQUFBQUFBQUFBQUFBQUFBQUFBQUFBQUFBQUFP/AABEIANUAeAMBEQACEQEDEQH/xAGiAAABBQEBAQEBAQAAAAAAAAAAAQIDBAUGBwgJCgsQAAIBAwMCBAMFBQQEAAABfQECAwAEEQUSITFBBhNRYQcicRQygZGhCCNCscEVUtHwJDNicoIJChYXGBkaJSYnKCkqNDU2Nzg5OkNERUZHSElKU1RVVldYWVpjZGVmZ2hpanN0dXZ3eHl6g4SFhoeIiYqSk5SVlpeYmZqio6Slpqeoqaqys7S1tre4ubrCw8TFxsfIycrS09TV1tfY2drh4uPk5ebn6Onq8fLz9PX29/j5+gEAAwEBAQEBAQEBAQAAAAAAAAECAwQFBgcICQoLEQACAQIEBAMEBwUEBAABAncAAQIDEQQFITEGEkFRB2FxEyIygQgUQpGhscEJIzNS8BVictEKFiQ04SXxFxgZGiYnKCkqNTY3ODk6Q0RFRkdISUpTVFVWV1hZWmNkZWZnaGlqc3R1dnd4eXqCg4SFhoeIiYqSk5SVlpeYmZqio6Slpqeoqaqys7S1tre4ubrCw8TFxsfIycrS09TV1tfY2dri4+Tl5ufo6ery8/T19vf4+fr/2gAMAwEAAhEDEQA/AP1ToAKACgAoAKACgAoAKACgAoAKACgAoAKACgAoAKACgAoAKACgAoAKACgAoAKACgAoAKACgAoAKACgAoAKACgAoAKACgAoAKACgAoAKACgAoAKACgAoAKACgAoAKACgAoAKACgAoAKACgAoAKACgAoAKACgAoAKACgAoAKACgAoAKACgAoAKACgAoAKACgAoAKACgAoAKACgAoAKACgAoAKACgAoAKACgAoAKACgAoAKACgAoAKACgAoAKACgAoAKACgAoAKACgAoAKACgAoAKACgAoAKACgAoAKACgAoAKACgAoAKACgAoAKACgAoAKACgAoAKACgAoAKACgAoAKACgAoAKACgAoAKACgAoAKACgAoAKACgAoAKACgAoAKACgAoAKACgAoAKACgAoAKACgAoAKACgAoAKACgAoAKACgAoAKACgAoAKACgAoAKACgAoAKACgAoAKACgAoAKACgAoAKACgAoAKACgAoAKACgAoAKACgAoAKACgAoAKACgAoAKACgAoAKACgAoAKACgAoAKACgAoAKACgAoAKACgAoAKACgAoAKACgAoAKACgAoAKACgAoAKACgAoAKACgAoAKACgAoAKACgAoAKACgAoAKACgAoAKACgAoAKACgAoAKACgAoAKACgAoAKACgAoAKACgAoAKACgAoAKACgAoAKACgAoAKACgAoAKACgAoAKACgAoAKACgAoAKACgAoAKACgAoAKACgAoAKACgAoAKACgAoAKACgAoAKACgAoAKACgAoAKACgAoAKACgAoAKACgAoAKACgAoAKACgAoAKACgAoAKACgAoAKACgAoAKACgAoAKACgAoAKACgAoAKACgAoAKACgAoAKACgAoAKACgAoAKACgAoAKACgAoAKACgAoAKACgAoAKACgAoAKACgAoAKACgAoAKACgAoAKACgAoAKACgD//Z","timing":3303,"timestamp":8650056496698},{"data":"/9j/4AAQSkZJRgABAQAAAQABAAD/2wCEAAMCAgMCAgMDAwMEAwMEBQgFBQQEBQoHBwYIDAoMDAsKCwsNDhIQDQ4RDgsLEBYQERMUFRUVDA8XGBYUGBIUFRQBAwQEBQQFCQUFCRQNCw0UFBQUFBQUFBQUFBQUFBQUFBQUFBQUFBQUFBQUFBQUFBQUFBQUFBQUFBQUFBQUFBQUFP/AABEIANUAeAMBEQACEQEDEQH/xAGiAAABBQEBAQEBAQAAAAAAAAAAAQIDBAUGBwgJCgsQAAIBAwMCBAMFBQQEAAABfQECAwAEEQUSITFBBhNRYQcicRQygZGhCCNCscEVUtHwJDNicoIJChYXGBkaJSYnKCkqNDU2Nzg5OkNERUZHSElKU1RVVldYWVpjZGVmZ2hpanN0dXZ3eHl6g4SFhoeIiYqSk5SVlpeYmZqio6Slpqeoqaqys7S1tre4ubrCw8TFxsfIycrS09TV1tfY2drh4uPk5ebn6Onq8fLz9PX29/j5+gEAAwEBAQEBAQEBAQAAAAAAAAECAwQFBgcICQoLEQACAQIEBAMEBwUEBAABAncAAQIDEQQFITEGEkFRB2FxEyIygQgUQpGhscEJIzNS8BVictEKFiQ04SXxFxgZGiYnKCkqNTY3ODk6Q0RFRkdISUpTVFVWV1hZWmNkZWZnaGlqc3R1dnd4eXqCg4SFhoeIiYqSk5SVlpeYmZqio6Slpqeoqaqys7S1tre4ubrCw8TFxsfIycrS09TV1tfY2dri4+Tl5ufo6ery8/T19vf4+fr/2gAMAwEAAhEDEQA/AP1ToAKACgAoAKACgAoAKACgAoAKACgAoAKACgAoAKACgAoAKACgAoAKACgAoAKACgAoAKACgAoAKACgAoAKACgAoAKACgAoAKACgAoAKACgAoAKACgAoAKACgAoAKACgAoAKACgAoAKACgAoAKACgAoAKACgAoAKACgAoAKACgAoAKACgAoAKACgAoAKACgAoAKACgAoAKACgAoAKACgAoAKACgAoAKACgAoAKACgAoAKACgAoAKACgAoAKACgAoAKACgAoAKACgAoAKACgAoAKACgAoAKACgAoAKACgAoAKACgAoAKACgAoAKACgAoAKACgAoAKACgAoAKACgAoAKACgAoAKACgAoAKACgAoAKACgAoAKACgAoAKACgAoAKACgAoAKACgAoAKACgAoAKACgAoAKACgAoAKACgAoAKACgAoAKACgAoAKACgAoAKACgAoAKACgAoAKACgAoAKACgAoAKACgAoAKACgAoAKACgAoAKACgAoAKACgAoAKACgAoAKACgAoAKACgAoAKACgAoAKACgAoAKACgAoAKACgAoAKACgAoAKACgAoAKACgAoAKACgAoAKACgAoAKACgAoAKACgAoAKACgAoAKACgAoAKACgAoAKACgAoAKACgAoAKACgAoAKACgAoAKACgAoAKACgAoAKACgAoAKACgAoAKACgAoAKACgAoAKACgAoAKACgAoAKACgAoAKACgAoAKACgAoAKACgAoAKACgAoAKACgAoAKACgAoAKACgAoAKACgAoAKACgAoAKACgAoAKACgAoAKACgAoAKACgAoAKACgAoAKACgAoAKACgAoAKACgAoAKACgAoAKACgAoAKACgAoAKACgAoAKACgAoAKACgAoAKACgAoAKACgAoAKACgAoAKACgAoAKACgAoAKACgAoAKACgAoAKACgAoAKACgAoAKACgD//Z","timing":3964,"timestamp":8650057157298},{"data":"/9j/4AAQSkZJRgABAQAAAQABAAD/2wCEAAMCAgMCAgMDAwMEAwMEBQgFBQQEBQoHBwYIDAoMDAsKCwsNDhIQDQ4RDgsLEBYQERMUFRUVDA8XGBYUGBIUFRQBAwQEBQQFCQUFCRQNCw0UFBQUFBQUFBQUFBQUFBQUFBQUFBQUFBQUFBQUFBQUFBQUFBQUFBQUFBQUFBQUFBQUFP/AABEIANUAeAMBEQACEQEDEQH/xAGiAAABBQEBAQEBAQAAAAAAAAAAAQIDBAUGBwgJCgsQAAIBAwMCBAMFBQQEAAABfQECAwAEEQUSITFBBhNRYQcicRQygZGhCCNCscEVUtHwJDNicoIJChYXGBkaJSYnKCkqNDU2Nzg5OkNERUZHSElKU1RVVldYWVpjZGVmZ2hpanN0dXZ3eHl6g4SFhoeIiYqSk5SVlpeYmZqio6Slpqeoqaqys7S1tre4ubrCw8TFxsfIycrS09TV1tfY2drh4uPk5ebn6Onq8fLz9PX29/j5+gEAAwEBAQEBAQEBAQAAAAAAAAECAwQFBgcICQoLEQACAQIEBAMEBwUEBAABAncAAQIDEQQFITEGEkFRB2FxEyIygQgUQpGhscEJIzNS8BVictEKFiQ04SXxFxgZGiYnKCkqNTY3ODk6Q0RFRkdISUpTVFVWV1hZWmNkZWZnaGlqc3R1dnd4eXqCg4SFhoeIiYqSk5SVlpeYmZqio6Slpqeoqaqys7S1tre4ubrCw8TFxsfIycrS09TV1tfY2dri4+Tl5ufo6ery8/T19vf4+fr/2gAMAwEAAhEDEQA/AP0bk8LeMEuh9l8ZJFaC8SXyp9KjlcWyxQKYA+4cs8cz+YwYjz8Y+RSQDrtMt57TTrWG5unvriOJEkuXRUaVgoBcqoABJycAYGeKALVABQAUAFABQAUAFABQAUAFABQAUAFABQAUAFABQAUAFABQAUAFABQAUAFABQAUAFABQAUAFABQAUAFABQAUAFABQAUAFABQAUAFABQAUAFABQAUAFABQAUAFABQAUAFABQAUAFACZ5xQAZGcd6AFoAKACgAoAKACgAoAKACgAoAKACgAoA8AbVfiFqEGl3Wja9oL2kFwbHVBNfwzbbgSxCKFJAD+9kHyOrcgynbuOwgA7zwHq+q2WrXll4h1fTrqG7mCaTIs8azzPGji4hMSjG6MxliQxOTICsYQAgHftOoYr1cLu2jrj6daAATI2MMDkkZBHUHH8xQAi3CMMgjGCScg4x1H1oAZp9/b6rYW97ZzR3NpcRrLDPC4dJEYZVlYEgggggg4INAFigAoAKACgAoAKACgAoAKAOF1j4PeEvFt/omq6npZvL/RpvtGmXM0syyWT/ALrJjywKZMEeQMA/N2dsgDdG+B3grw9pVrYadoUFrHaQS29rOjN9ptY5FdXWG4z5sWRI4Gxxt3HbigB+ifBfwj4c059O03TGtdMa8hvxYLdTm3ininSeIxRlysSrJGjbEAU4AIIoAst8JfC5Piwpp8kLeKgo1d4LyeJ7jClRhlcGP5SR8hXrQBj3v7O/w+1O4vJ73w5BdyXieXcCeWWRJB9qN2cozlcm4YyFsZJOCSOKAO60PRrTw5oun6Tp8XkWFhbx2tvFuLbI0UKq5YknAAGSSaAL1ABQAUAFABQAUAFABQAUAFABQAUAFABQAUAFABQAUAFABQAUAFABQAUAJuoFfWwbqAuAOaBi0AFABQAUAFABQAUAFABQAUAFABQByaS6/f6Wk1hPZf6RCjQTzRO/UZDsoZCQwK/LwRzyeldj+rNt6nn2xe2hXv8A/hODph+xHRV1EeWy/aVlMX3Y/MU7efvGXB9FTI5JEr6u90waxS2aNfTU8Qf27eG9fTv7H2D7MsMb/aC2TkuSduMbcYHr0xgxP2XKuS9zal7fm/ebG7WB1BQAUARiZec4XHXJppNkOaWjYvmqDjIz9aLMHOK6jftCEkBlJXBIz0H+Qfyos+qDnjrZiC6jP8QHtmnyvsQqsHrckVg6gggg9xSasap31Q6kMKACgAoA8ttfEXirw3YQWVxYJKIFENuLKwe4Msa+UiFmMyBGJlAwQANrMSEBau14eLfuzT+Vv8zzFi3b3qbXzv8AohsvxI15bS9mi02/ma0PMI8OTK8yllCmPdcBTkMGwSCAGyBg1Twm3vrXzGsZ/wBO39x0XhvVvEuvSasJVt9LWyvXtI/tWmyD7Qqqh81D5/KEsQD329jkDmqU+TlfNe6vp0v09TrpVOe6tazsbX2XX/8AoJ6b/wCC6T/4/WJuH2XX/wDoJ6b/AOC6T/4/QAfZdf8A+gnpv/guk/8Aj9AFQ+EoL+++26wUvbuPasfl+ZHCoDBlYRF2UOCPv9ccdK2hVnCPKmc86EJy5mMPw80JnspPs03m2f8AqZftMvmAbGQqW3bmUhjlWJBOGIyAar6xU7kfVqbdyS08CaPY209rBahLSaaO4aDcxVXRlZNoJ+VVKKQq4A7Dml7ed076r9RrDxSa6MSz+H2h6ejLb2rxhoEtm/fOxaNCxVSSckDew57YHQACvrFS/Nfrf8v8hfVafLym9a20dnbxwRLtijUIi+gAwBXO227s6klFJIlpDCgAoAKAPM/CfijTLvw1p3k+HJb1Ft1jeeJrMozL8j8mYc70IIPIIwQDTuKxb1Txfomj6ebzUPDcllatJFCJLp7KJGeWTZGoZpwuXchQM5JYAZJpDLNxr9hYxNJP4RuoYYwS8kos1RADzkmbA6Z/H3oA0YJre4hjlTwnOUkUOvy2vQ9P+WtAD/3P/QpT/wDfNr/8doAP3P8A0KU//fNr/wDHaAKP9la5dyXUmmzjw9aSW/lRWr28RkimyT5wKl0YEbV2kZ4JyOjaxnTS1WpjUhU5vdlobPh6x1eyN6dV1CO/864aWARxeX5EZxti77sYzu4znoKU3F25VYdNSSfO7mxiszQWgYUAFABQAUAFAHlFp+zT4R022uYrCbWLJrkYmki1KQlwZzPINrEqA7vLnao+WaRV2hsUAbCfA7wrH4Qm8MLb3C6JK0Tm2S4ZCrRtuRlkUh1ZWCsGDAhlBB9QDF0f9l34faBYvZ6fpc9pbM2Qkd3KNn7qSH5fm+U7JXG4YP3TnKqQAep2lstpbRQKSyxoEBbqQBigCagAoAKACgAoAKACgAoAKACgAoA4A/G3w0YfFjRTS3M3hm9isL+CFA0hlkKqixrnMjMzbFjHzuw2qrFk3AGndfEK3hj1VYdNv7y80ydreexhWMTFgYTlCzhGBjuIpAA+SG243gpQBZ1PxvbaJLdpf2V/AsLxokkVubhZQyFt48rcUQbWUtKEAKnnBBIBneHvizofivWb7TNLTUJ7mxnS3uGl0+eGNHaKOTG90A3ASoGT76kNuUbSaAJbn4o6Lptle3eoLe2FvZTtDcyPZySpbgCNvMleIOkaFJo5NzlQqFi23Y+0Ap3Hxj0Ox8R6zpN7Ff2R0y4W0a5e1MkU8zRW8gSMx7juxd26gOFLtIFTcQcAG34e8d6N4o1C9stPmuHuLOaaCTz7KeBHaKQxy+W8iKsoVxtLRlgMjnkZAOgoAKACgAoAKACgAoAKAK8thbTxSRSQRvHIwZ1ZQQxGME+p4H5UAO+xwbg3kpkcg7Rx824/qAfrQA06fatIZDbxNISGLlASSBgEnuQCRn3oAclnBHKJEhRHC7Qyrg444+nA/IUALHawxMGSJFIzghQMZOT+ZA/KgBPscGxl8lNrDDDb14xz+HFADxEinIUA8849eTQA+gAoAKACgAoAKACgAoAKACgAoAKACgAoAKACgAoAKACgAoAKACgAoAKACgAoAKACgAoAKACgAoAKACgAoAKACgAoAKACgAoAKACgAoAKACgAoAKACgAoAKACgAoAKACgAoAKACgAoAKACgAoAKACgAoAKACgAoAKACgAoAKACgAoAKACgAoAKACgAoAKACgAoAKACgAoAKACgAoAKACgAoAKACgAoAKACgAoAKACgAoAKACgAoAKACgAoAKACgAoAKACgAoAKACgAoAKACgAoAKACgAoAKACgAoAKACgAoAKACgAoAKACgAoAKACgAoAKACgAoAKACgAoAKACgAoAKACgAoAKACgAoAKACgAoAKACgAoAKACgAoAKACgAoAKACgAoAKACgAoAKACgAoAKACgAoAKACgAoAKACgAoAKACgAoAKACgAoA//9k=","timing":4624,"timestamp":8.650057817898001E12},{"data":"/9j/4AAQSkZJRgABAQAAAQABAAD/2wCEAAMCAgMCAgMDAwMEAwMEBQgFBQQEBQoHBwYIDAoMDAsKCwsNDhIQDQ4RDgsLEBYQERMUFRUVDA8XGBYUGBIUFRQBAwQEBQQFCQUFCRQNCw0UFBQUFBQUFBQUFBQUFBQUFBQUFBQUFBQUFBQUFBQUFBQUFBQUFBQUFBQUFBQUFBQUFP/AABEIANUAeAMBEQACEQEDEQH/xAGiAAABBQEBAQEBAQAAAAAAAAAAAQIDBAUGBwgJCgsQAAIBAwMCBAMFBQQEAAABfQECAwAEEQUSITFBBhNRYQcicRQygZGhCCNCscEVUtHwJDNicoIJChYXGBkaJSYnKCkqNDU2Nzg5OkNERUZHSElKU1RVVldYWVpjZGVmZ2hpanN0dXZ3eHl6g4SFhoeIiYqSk5SVlpeYmZqio6Slpqeoqaqys7S1tre4ubrCw8TFxsfIycrS09TV1tfY2drh4uPk5ebn6Onq8fLz9PX29/j5+gEAAwEBAQEBAQEBAQAAAAAAAAECAwQFBgcICQoLEQACAQIEBAMEBwUEBAABAncAAQIDEQQFITEGEkFRB2FxEyIygQgUQpGhscEJIzNS8BVictEKFiQ04SXxFxgZGiYnKCkqNTY3ODk6Q0RFRkdISUpTVFVWV1hZWmNkZWZnaGlqc3R1dnd4eXqCg4SFhoeIiYqSk5SVlpeYmZqio6Slpqeoqaqys7S1tre4ubrCw8TFxsfIycrS09TV1tfY2dri4+Tl5ufo6ery8/T19vf4+fr/2gAMAwEAAhEDEQA/AP0bk8LeMEuh9l8ZJFaC8SXyp9KjlcWyxQKYA+4cs8cz+YwYjz8Y+RSQDrtMt57TTrWG5unvriOJEkuXRUaVgoBcqoABJycAYGeKALVABQAUAFABQAUAFABQAUAFABQAUAFABQAUAFABQAUAFABQAUAFABQAUAFABQAUAFABQAUAFABQAUAFABQAUAFABQAUAFABQAUAFABQAUAFABQAUAFABQAUAFABQAUAFABQAUAFACZ5xQAZGcd6AFoAKACgAoAKACgAoAKACgAoAKACgAoA8AbVfiFqEGl3Wja9oL2kFwbHVBNfwzbbgSxCKFJAD+9kHyOrcgynbuOwgA7zwHq+q2WrXll4h1fTrqG7mCaTIs8azzPGji4hMSjG6MxliQxOTICsYQAgHftOoYr1cLu2jrj6daAATI2MMDkkZBHUHH8xQAi3CMMgjGCScg4x1H1oAZp9/b6rYW97ZzR3NpcRrLDPC4dJEYZVlYEgggggg4INAFigAoAKACgAoAKACgAoAKAOF1j4PeEvFt/omq6npZvL/RpvtGmXM0syyWT/ALrJjywKZMEeQMA/N2dsgDdG+B3grw9pVrYadoUFrHaQS29rOjN9ptY5FdXWG4z5sWRI4Gxxt3HbigB+ifBfwj4c059O03TGtdMa8hvxYLdTm3ininSeIxRlysSrJGjbEAU4AIIoAst8JfC5Piwpp8kLeKgo1d4LyeJ7jClRhlcGP5SR8hXrQBj3v7O/w+1O4vJ73w5BdyXieXcCeWWRJB9qN2cozlcm4YyFsZJOCSOKAO60PRrTw5oun6Tp8XkWFhbx2tvFuLbI0UKq5YknAAGSSaAL1ABQAUAFABQAUAFABQAUAFABQAUAFABQAUAFABQAUAFABQAUAFABQAUAJuoFfWwbqAuAOaBi0AFABQAUAFABQAUAFABQAUAFABQByaS6/f6Wk1hPZf6RCjQTzRO/UZDsoZCQwK/LwRzyeldj+rNt6nn2xe2hXv8A/hODph+xHRV1EeWy/aVlMX3Y/MU7efvGXB9FTI5JEr6u90waxS2aNfTU8Qf27eG9fTv7H2D7MsMb/aC2TkuSduMbcYHr0xgxP2XKuS9zal7fm/ebG7WB1BQAUARiZec4XHXJppNkOaWjYvmqDjIz9aLMHOK6jftCEkBlJXBIz0H+Qfyos+qDnjrZiC6jP8QHtmnyvsQqsHrckVg6gggg9xSasap31Q6kMKACgAoA8ttfEXirw3YQWVxYJKIFENuLKwe4Msa+UiFmMyBGJlAwQANrMSEBau14eLfuzT+Vv8zzFi3b3qbXzv8AohsvxI15bS9mi02/ma0PMI8OTK8yllCmPdcBTkMGwSCAGyBg1Twm3vrXzGsZ/wBO39x0XhvVvEuvSasJVt9LWyvXtI/tWmyD7Qqqh81D5/KEsQD329jkDmqU+TlfNe6vp0v09TrpVOe6tazsbX2XX/8AoJ6b/wCC6T/4/WJuH2XX/wDoJ6b/AOC6T/4/QAfZdf8A+gnpv/guk/8Aj9AFQ+EoL+++26wUvbuPasfl+ZHCoDBlYRF2UOCPv9ccdK2hVnCPKmc86EJy5mMPw80JnspPs03m2f8AqZftMvmAbGQqW3bmUhjlWJBOGIyAar6xU7kfVqbdyS08CaPY209rBahLSaaO4aDcxVXRlZNoJ+VVKKQq4A7Dml7ed076r9RrDxSa6MSz+H2h6ejLb2rxhoEtm/fOxaNCxVSSckDew57YHQACvrFS/Nfrf8v8hfVafLym9a20dnbxwRLtijUIi+gAwBXO227s6klFJIlpDCgAoAKAPM/CfijTLvw1p3k+HJb1Ft1jeeJrMozL8j8mYc70IIPIIwQDTuKxb1Txfomj6ebzUPDcllatJFCJLp7KJGeWTZGoZpwuXchQM5JYAZJpDLNxr9hYxNJP4RuoYYwS8kos1RADzkmbA6Z/H3oA0YJre4hjlTwnOUkUOvy2vQ9P+WtAD/3P/QpT/wDfNr/8doAP3P8A0KU//fNr/wDHaAKP9la5dyXUmmzjw9aSW/lRWr28RkimyT5wKl0YEbV2kZ4JyOjaxnTS1WpjUhU5vdlobPh6x1eyN6dV1CO/864aWARxeX5EZxti77sYzu4znoKU3F25VYdNSSfO7mxiszQWgYUAFABQAUAFAHlFp+zT4R022uYrCbWLJrkYmki1KQlwZzPINrEqA7vLnao+WaRV2hsUAbCfA7wrH4Qm8MLb3C6JK0Tm2S4ZCrRtuRlkUh1ZWCsGDAhlBB9QDF0f9l34faBYvZ6fpc9pbM2Qkd3KNn7qSH5fm+U7JXG4YP3TnKqQAep2lstpbRQKSyxoEBbqQBigCagAoAKACgAoAKACgAoAKACgAoA4A/G3w0YfFjRTS3M3hm9isL+CFA0hlkKqixrnMjMzbFjHzuw2qrFk3AGndfEK3hj1VYdNv7y80ydreexhWMTFgYTlCzhGBjuIpAA+SG243gpQBZ1PxvbaJLdpf2V/AsLxokkVubhZQyFt48rcUQbWUtKEAKnnBBIBneHvizofivWb7TNLTUJ7mxnS3uGl0+eGNHaKOTG90A3ASoGT76kNuUbSaAJbn4o6Lptle3eoLe2FvZTtDcyPZySpbgCNvMleIOkaFJo5NzlQqFi23Y+0Ap3Hxj0Ox8R6zpN7Ff2R0y4W0a5e1MkU8zRW8gSMx7juxd26gOFLtIFTcQcAG34e8d6N4o1C9stPmuHuLOaaCTz7KeBHaKQxy+W8iKsoVxtLRlgMjnkZAOgoAKACgAoAKACgAoAKAK8thbTxSRSQRvHIwZ1ZQQxGME+p4H5UAO+xwbg3kpkcg7Rx824/qAfrQA06fatIZDbxNISGLlASSBgEnuQCRn3oAclnBHKJEhRHC7Qyrg444+nA/IUALHawxMGSJFIzghQMZOT+ZA/KgBPscGxl8lNrDDDb14xz+HFADxEinIUA8849eTQA+gAoAKACgAoAKACgAoAKACgAoAKACgAoAKACgAoAKACgAoAKACgAoAKACgAoAKACgAoAKACgAoAKACgAoAKACgAoAKACgAoAKACgAoAKACgAoAKACgAoAKACgAoAKACgAoAKACgAoAKACgAoAKACgAoAKACgAoAKACgAoAKACgAoAKACgAoAKACgAoAKACgAoAKACgAoAKACgAoAKACgAoAKACgAoAKACgAoAKACgAoAKACgAoAKACgAoAKACgAoAKACgAoAKACgAoAKACgAoAKACgAoAKACgAoAKACgAoAKACgAoAKACgAoAKACgAoAKACgAoAKACgAoAKACgAoAKACgAoAKACgAoAKACgAoAKACgAoAKACgAoAKACgAoAKACgAoAKACgAoAKACgAoAKACgAoAKACgAoAKACgAoAKACgAoAKACgAoA//9k=","timing":5285,"timestamp":8.650058478497999E12},{"data":"/9j/4AAQSkZJRgABAQAAAQABAAD/2wCEAAMCAgMCAgMDAwMEAwMEBQgFBQQEBQoHBwYIDAoMDAsKCwsNDhIQDQ4RDgsLEBYQERMUFRUVDA8XGBYUGBIUFRQBAwQEBQQFCQUFCRQNCw0UFBQUFBQUFBQUFBQUFBQUFBQUFBQUFBQUFBQUFBQUFBQUFBQUFBQUFBQUFBQUFBQUFP/AABEIANUAeAMBEQACEQEDEQH/xAGiAAABBQEBAQEBAQAAAAAAAAAAAQIDBAUGBwgJCgsQAAIBAwMCBAMFBQQEAAABfQECAwAEEQUSITFBBhNRYQcicRQygZGhCCNCscEVUtHwJDNicoIJChYXGBkaJSYnKCkqNDU2Nzg5OkNERUZHSElKU1RVVldYWVpjZGVmZ2hpanN0dXZ3eHl6g4SFhoeIiYqSk5SVlpeYmZqio6Slpqeoqaqys7S1tre4ubrCw8TFxsfIycrS09TV1tfY2drh4uPk5ebn6Onq8fLz9PX29/j5+gEAAwEBAQEBAQEBAQAAAAAAAAECAwQFBgcICQoLEQACAQIEBAMEBwUEBAABAncAAQIDEQQFITEGEkFRB2FxEyIygQgUQpGhscEJIzNS8BVictEKFiQ04SXxFxgZGiYnKCkqNTY3ODk6Q0RFRkdISUpTVFVWV1hZWmNkZWZnaGlqc3R1dnd4eXqCg4SFhoeIiYqSk5SVlpeYmZqio6Slpqeoqaqys7S1tre4ubrCw8TFxsfIycrS09TV1tfY2dri4+Tl5ufo6ery8/T19vf4+fr/2gAMAwEAAhEDEQA/APh3wzoB168ZWcxwRAF2HXnoB78H8qANnXvA0dlYvc2csjmIFnWUg5XuRgDpQBxtABQAUAFABQAUAFABQAUAFAGhoWktrWpR2ytsXBZ3xnaB/kD8aAOp1TwFBFYSSWs8pmjUttkwQ2BnAwOKAOGoA6Hwfr8WiXcq3CnyJsbpF5KEZxx6c0AbviDxnYy6dNBaMbh5kMZ+UqFBGCeQKAOCOSaADFABigAxQAYoAMUAGKADFABigAxQBreGNXTRdVSaVS0LKUfHUA9x+VAHX6n4205bKYW7tPMylVQIwwSO5IH6UAecgYAoA3vsEH/PMUAH2CD/AJ5igA+wQf8APMUAH2CD/nmKAD7BB/zzFAB9gg/55igA+wQf88xQAfYIP+eYoAPsEH/PMUAH2CD/AJ5igA+wQf8APMUAH2CD/nmKAD7BB/zzFAB9gg/55igA+wQf88xQBYoAKACgAoAKACgAoAKACgAoAKACgAoAKACgAoAKACgAoAKACgAoAKACgAoAKACgAoAKACgAoAKACgAoAKACgAoAKACgAoAKACgAoAKACgAoAKACgAoAKACgAoAKACgAoAKACgAoAKACgAoAKACgAoAKACgAoAKACgAoAKACgAoAKACgAoAKACgAoAKACgAoAKACgAoAKACgAoAKACgAoAKACgAoAKACgAoAKACgAoAKACgAoAKACgAoAKACgAoAKACgAoAKACgAoAKACgAoAKACgBUKh13DK55A9KAOjNh4P7a7rZ/7gsP/AMl0AH2Dwh/0HNb/APBND/8AJdAB9g8If9BzW/8AwTQ//JdAB9g8If8AQc1v/wAE0P8A8l0AH2Dwh/0HNb/8E0P/AMl0AH2Dwh/0HNb/APBND/8AJdAB9g8If9BzW/8AwTQ//JdAB9g8If8AQc1v/wAE0P8A8l0AH2Dwh/0HNb/8E0P/AMl0AH2Dwh/0HNb/APBND/8AJdAB9g8If9BzW/8AwTQ//JdAB9g8If8AQc1v/wAE0P8A8l0AAsPB/fXNb/8ABND/APJdAGDerbrdyraSSS2wYiOSaMRu69iyhmCk9cBjj1NAENABQAUAFABQAUAFABQAUAFABQAUAFABQAUAFABQAUAFABQAUAFABQAUAFABQAUAFABQAUAIeQe1ACfN7UAGG9qADDe1ABhvagAw3tQAYb2oAMN7UAGG9qADDe1ABhvagAw3tQAYb2oAPm9qAFGcc9aAFoA3tM8PW1/YQzvJMjODkIwx1PtQBa/4RO0/57XH/fS//E0AH/CJ2n/Pa4/76X/4mgDI1rTI9MljSF3bepJMmCf0AoA1z4TtP+es4+jLj+VAB/widp/z2uP++l/+JoAP+ETtP+e1x/30v/xNAHP6narY38tujMyJjBY88gH+tAFegAoAKACgAoAKACgDd0nxFb2NhFBJDMXTOSgXHX60AW/+EttP+eFz+S/40AH/AAltp/zwufyX/GgDH1zVI9TljeFHQKpGJAOv4GgDYHi20xzBcZ74C/40AH/CW2n/ADwufyX/ABoAP+EttP8Anhc/kv8AjQBgandJfahLcRqyo+MB8Z6Af0oArUAFABQAUAFABQAUAFABmgAzQAUAFABmgAzQAUAFABQAUAFABQAUAFABQAUAFABQAUAFABQAUAFABQAUAFABQAUAFABQAUAFABQAUAFABQAUAFABQAUAFABQAUAFABQAUAFABQAUAFABQAUAFABQAUAFABQAUAFABQAUAFABQAUAFABQAUAFABQAUAFABQAUAFABQAUAFABQAUAFABQAUAFABQAUAFABQAUAFABQAUAFABQAUAFABQAUAFABQAUAFABQAUAFABQAUAFABQAUAFABQAUAFABQAUAFABQAUAZP9sv/AM8l/OgA/tl/+eS/nQAf2y//ADyX86AD+2X/AOeS/nQAf2y//PJfzoAP7Zf/AJ5L+dAB/bL/APPJfzoAP7Zf/nkv50AH9sv/AM8l/OgA/tl/+eS/nQAf2y//ADyX86AD+2X/AOeS/nQAf2y//PJfzoAP7Zf/AJ5L+dAB/bL/APPJfzoAz6ACgAoAKACgAoAKACgAoAKACgAoAKACgAoA/wD/2Q==","timing":5945,"timestamp":8650059139098},{"data":"/9j/4AAQSkZJRgABAQAAAQABAAD/2wCEAAMCAgMCAgMDAwMEAwMEBQgFBQQEBQoHBwYIDAoMDAsKCwsNDhIQDQ4RDgsLEBYQERMUFRUVDA8XGBYUGBIUFRQBAwQEBQQFCQUFCRQNCw0UFBQUFBQUFBQUFBQUFBQUFBQUFBQUFBQUFBQUFBQUFBQUFBQUFBQUFBQUFBQUFBQUFP/AABEIANUAeAMBEQACEQEDEQH/xAGiAAABBQEBAQEBAQAAAAAAAAAAAQIDBAUGBwgJCgsQAAIBAwMCBAMFBQQEAAABfQECAwAEEQUSITFBBhNRYQcicRQygZGhCCNCscEVUtHwJDNicoIJChYXGBkaJSYnKCkqNDU2Nzg5OkNERUZHSElKU1RVVldYWVpjZGVmZ2hpanN0dXZ3eHl6g4SFhoeIiYqSk5SVlpeYmZqio6Slpqeoqaqys7S1tre4ubrCw8TFxsfIycrS09TV1tfY2drh4uPk5ebn6Onq8fLz9PX29/j5+gEAAwEBAQEBAQEBAQAAAAAAAAECAwQFBgcICQoLEQACAQIEBAMEBwUEBAABAncAAQIDEQQFITEGEkFRB2FxEyIygQgUQpGhscEJIzNS8BVictEKFiQ04SXxFxgZGiYnKCkqNTY3ODk6Q0RFRkdISUpTVFVWV1hZWmNkZWZnaGlqc3R1dnd4eXqCg4SFhoeIiYqSk5SVlpeYmZqio6Slpqeoqaqys7S1tre4ubrCw8TFxsfIycrS09TV1tfY2dri4+Tl5ufo6ery8/T19vf4+fr/2gAMAwEAAhEDEQA/APgL9KAL2qaDqeiLE1/p1zZpI5jDTRkDdgnGemcAn8KAKNABQB0Wm/DzxFrPh2PW9P0m4v8AT5Ls2KNagSuZgYQV8tSXAzcQKGK7S0qKCWOKAJYvhh4sn0e41WPQL19Pt7Sa+lnEfypDFOlvKx7/ACSyIrDqu9SRg5oArSeAPE0M1rG2gah5l3dy2FtEsDGWW5iVDNCIwN29PNjyMZG6gCa1+G3iq+0zT9QtfDup3dpqBuPsr29q0hmEG3zmCqCdq7wC2MZDDOVbABn3/hbWNLsftl3pd5b2vmPC07wkIkisUaNz/C4YYKnB6eooAuz/AA68V215NaTeGNZiuoXijlgfT5Q8bSttiVlK5BcghQfvEYGaAII/BeuM92j6VdW72v2gSi5j8na0ADTp8+PnQMpZRyMjI5FAGLQAUAFABQAY9qAOq8VfFDxZ4206Kw13X9Q1SzilEyQXVw8iK4DAEBiccO350Acrg0AGDQB2+g/FnVvD3glvCsFlYTaVNePcXYmSQveRO1q72shDjETPZW7ZQLICnDgHFAHQW37Sfiyy0DUdHt4rGO21Bt93IwmkmmZLtry3YyPKx3QzvI6kcvvIlMoAAAOWuPiTf3njCPXrmw0+5iitWsYNIlRzZQWxthbCJF37xiMLiTf5hZd5csSxAOt+I/7TPi34nnVX1O3021m1OSWW6lsI5Y2cubcADMh2hI7S3iXbj5Y8tudmdgClrn7QXibxB4X1jQbm300WWqtdNcOkLiTM95a3bkEuRkSWcYGQflZ85JDAA6zxP+194g1vx/ceJ7Hw3oembdW/tSwtnjkme1H9pHUWieXepmDz7WfcMDB8oQh2UgHAt8ZvEMvhqx0OUW0lpZ6fLpkbFXUm3cSbVYBgrMjXF0yuV3A3EgJK7VUA4PHtQAYNABg0AGKAN46bATnyxQAn9mwf881oAP7Ng/55rQAf2bB/zzWgA/s2D/nmtAB/ZsH/ADzWgA/s2D/nmtAB/ZsH/PNaAD+zYP8AnmtAB/ZsH/PNaAD+zYP+ea0AH9mwf881oAP7Ng/55rQAf2bB/wA81oABptvn/VigC3QAUAFABQAUAFABQAUAFABQAUAFABQAUAFABQAUAFABQAUAFABQAUAFABQAUAFABQAUAFABQAUAFABQAUAFABQAUAFABQAUAFABQAUAFABQAUAFABQAUAFABQAUAFABQAUAFABQAUAFABQAUAFABQAUAFABQAUAFABQAUAFABQAUAFABQAUAFABQAUAFABQAUAFABQAUAFABQAUAFABQAUAFABQAUAFABQAUAFABQAUAFABQAUAFABQAUAFABQAUAFABQAUAFABQAUAFABQAUAFABQAUAFAHW6N8L9b8Q6XDeaatveNKkbpapMBMwaS4T5VONxBtpCQpJwQcYDFQCppvgHWNYeySyhjuJbyc20EYlCs8oUMV+bG35WQ5OANwyRzgAYngq9+0xRzz2lpC00kMlzNNiOEoQHLkAkAZzwDnHGTgEAwCMGgAoAKACgDU8K+Hrjxb4m0nQ7R4orrUruKzieYkIryOFUsQCcZIzgE47GgDuvif8DLr4c6BBrcOrwaxpT6hNpUkiqsciXMTOG+VXcFG8tipyGxjcq5FAHmNABQAUAFABQAUATwtahcyxTSOepWYKPy2n+dAD/Msf8An3uP/Ahf/iKADzLH/n3uP/Ahf/iKADzLH/n3uP8AwIX/AOIoAPMsf+fe4/8AAhf/AIigA8yx/wCfe4/8CF/+IoAPMsf+fe4/8CF/+IoAmtL+3sLuG5tkvLe4gdZYpoboI6OpyrKwTIIIBBFAGn4i8a3XilIV1BppFhLvHFGYoYhI2N8hSOJVLsQu5iNzYGScUAc5QAUAFABQAUAFABQAUAFABQAUAFABQAenvxQAgORxQAtABQAUAFABQAUAdhCvg+78LW0LyyWuuJbXEsk4Emxpcv5MR4cNnEZ4WNVG/LsWAQAs6rpHgRrCVtO128+2h5GhUxGSJkDvsVsqpy0YjIZSRuZgwTAJALkdr8PNOs724D3es3cUcEkVkbmRFmY3Q82NX+zIUIgQ/M4x+9OASnIB51QAUAFABQBseDNJtdf8YaHpd7ObWyvr6C2nnVgDHG8iqzZPHAJPPFAHr/7Unwx8JfD+Xw5ceFndBem6intWuIphGsbr5bAx9ismAWyzBAW+ctkA8IoAKACgAoAKACgBSzMqjJAHpQAmG9W/M0AGG9W/M0AByO7fmaADk92/M0AGG9W/M0AGG9W/M0AHI7t+ZoAQ5P8AE3fv7UALQAUAFABQAUAFAFDVbqS2EflttyTnigDW8OeC/FXi5NLbSLQ3f9o3j2FuPNiTzJlMClBuYYJa6gAJwCXGCcHABpN8KPHiWqzyaUyJ5d/MxM8R2pZLuuSQGJGza4PrgYyeKAOPsb+ea6jR3ypzkYHoaAJtUupbeSMRvtBBzwKAN9PAHi19B0fVzbxxWGsru06aa5hjFwfPe3wNzDpLGynOAuULEB1JAMzWND13QnmS8UQywxJM6M8ZOxmwCMMc9VOByM84oAoadezT3G133Lg9qANSgAoAKACgAoAKACgClqVm92E2Y+XPU0APs73XtP06TT7XVbq30+R2le0iuXWF3MbRsxQHBJjd0JI5ViOhIoAfJqfiGZUWTWL2QJG0KbrqQ7EaIQsq88AxKsZA/gAXpxQBRs9OlguUdiu0Z6H2NAE2pWUl06FCvygg5NAF7T9f8U6RYTWNj4g1Kysprc2kttbX0scckBZ2MTKCAULSSHaeMuxx8xyAQapqPiDXM/2lq13qJIYZu7l5eDI0jD5ieC7s59WYnqc0AVbCwltp97lcYI4NAGlQAUAFABQAUAFABQAUAFABQAUAFABQAUAFABQAUAFABQAUAFABQAUAFABQAUAFABQAUAFABQAUAFABQAUAFABQAUAFABQAUAFABQAUAFABQAUAFABQAUAFABQAUAFABQAUAFABQAUAFABQAUAFABQAUAFABQAUAFABQAUAFABQAUAFABQAUAFABQAUAFABQAUAFABQAUAFABQAUAFABQAUAFABQAUAFABQAUAFABQAUAFABQAUAFABQAUAFABQBFDaa3cXNvbxaLeS3FyI2ghjt3Z5Q5AQqoGWDEgDHXNAFjU9E8SaLIkeo+HtQsJHhFwsd1aSRsYi/liQBgDtL/ID03AjrxQBWlttZhurm1k0e7S6tTKJ4DA4kiMYcy7lxkbBHJuz02NnGDQA6Wx12GJpX0O9WJYUuGkNtJtETSCNZM4xtLsEDdCxA6mgCiNQuiHP2U/IcNwfl4J5/AE/QZoAWe+u7YZltGjGSMspAyCQf1Vh9QfSgCH+2n/55r+dAB/bT/8APNfzoAP7af8A55r+dAB/bT/881/OgA/tp/8Anmv50AH9tP8A881/OgA/tp/+ea/nQAf20/8AzzX86AD+2n/55r+dAF+/+Imv6lq0d9e3cV9e26RwJcXNpDI4WMoyHJT7w2Iu7qUXYSU+WgB2r+Pdc1e2s9PvrxLm1stscKG3iXaBLcTAAqoOPMup2I6HeBjCoFAIbTxrrGnzWuoW935UpEsUSiJNsSyIUcBdu0ArxhQAO3ODQBpW3xS8WDUpb9dalN49pLpyyyRI/k28iMjRxKVxCu2RwBGF2hjt25oAp6L8UPEWm395c298DcXlvBaXLXMMc4mhtzFJDGyupBANvEMEEEAhgQSCAUb/AMQ6neacdOuLrzbMXb3Rj2KMzFVVnzjPIA4zjj1NAGXQAUAFABQAUAFABQAUAFAH/9k=","timing":6606,"timestamp":8650059799698}]}},"meta-viewport":{"displayValue":"","score":false,"helpText":"Disabling zooming is problematic for users with low vision who rely on screen magnification to properly see the contents of a web page. [Learn more](https://dequeuniversity.com/rules/axe/2.2/meta-viewport?application=lighthouse).","rawValue":false,"extendedInfo":{"value":{"help":"Zooming and scaling must not be disabled","nodes":[{"failureSummary":"Fix any of the following:\n  <meta> tag disables zooming on mobile devices","snippet":"<meta name=\"viewport\" content=\"width=device-width,initial-scale=1,maximum-scale=1,minimum-scale=1,user-scalable=no\">","path":"1,HTML,1,HEAD,1,META","impact":"critical","html":"<meta name=\"viewport\" content=\"width=device-width,initial-scale=1,maximum-scale=1,minimum-scale=1,user-scalable=no\">","target":["meta[name=\"viewport\"]"]}],"impact":"critical","description":"Ensures <meta name=\"viewport\"> does not disable text scaling and zooming","helpUrl":"https://dequeuniversity.com/rules/axe/3.0/meta-viewport?application=axeAPI","id":"meta-viewport","tags":["cat.sensory-and-visual-cues","wcag2aa","wcag144"]}},"name":"meta-viewport","description":"`[user-scalable=\"no\"]` is used in the `<meta name=\"viewport\">` element or the `[maximum-scale]` attribute is less than 5.","scoringMode":"binary","details":{"header":{"text":"View failing elements","type":"text"},"type":"list","items":[{"snippet":"<meta name=\"viewport\" content=\"width=device-width,initial-scale=1,maximum-scale=1,minimum-scale=1,user-scalable=no\">","path":"1,HTML,1,HEAD,1,META","selector":"meta[name=\"viewport\"]","type":"node"}]}},"visual-order-follows-dom":{"displayValue":"","score":false,"helpText":"DOM order matches the visual order, improving navigation for assistive technology. [Learn more](https://developers.google.com/web/fundamentals/accessibility/how-to-review#try_it_with_a_screen_reader).","rawValue":false,"name":"visual-order-follows-dom","description":"Visual order on the page follows DOM order","scoringMode":"binary","informative":true,"manual":true},"works-offline":{"displayValue":"","score":false,"helpText":"If you're building a Progressive Web App, consider using a service worker so that your app can work offline. [Learn more](https://developers.google.com/web/tools/lighthouse/audits/http-200-when-offline).","rawValue":false,"name":"works-offline","description":"Does not respond with a 200 when offline","scoringMode":"binary"},"definition-list":{"displayValue":"","score":false,"helpText":"When definition lists are not properly marked up, screen readers may produce confusing or inaccurate output. [Learn more](https://dequeuniversity.com/rules/axe/2.2/definition-list?application=lighthouse).","rawValue":false,"name":"definition-list","description":"`<dl>`'s do not contain only properly-ordered `<dt>` and `<dd>` groups, `<script>` or `<template>` elements.","scoringMode":"binary","informative":true,"notApplicable":true},"password-inputs-can-be-pasted-into":{"displayValue":"","score":true,"helpText":"Preventing password pasting undermines good security policy. [Learn more](https://www.ncsc.gov.uk/blog-post/let-them-paste-passwords)","rawValue":true,"extendedInfo":{"value":[]},"name":"password-inputs-can-be-pasted-into","description":"Allows users to paste into password fields","scoringMode":"binary","details":{"header":{"text":"Password inputs that prevent pasting into","type":"text"},"type":"list","items":[]}},"html-lang-valid":{"displayValue":"","score":false,"helpText":"Specifying a valid [BCP 47 language](https://www.w3.org/International/questions/qa-choosing-language-tags#question) helps screen readers announce text properly. [Learn more](https://dequeuniversity.com/rules/axe/2.2/valid-lang?application=lighthouse).","rawValue":false,"name":"html-lang-valid","description":"`<html>` element does not have a valid value for its `[lang]` attribute.","scoringMode":"binary","informative":true,"notApplicable":true},"splash-screen":{"displayValue":"","score":false,"debugString":"Failures: No manifest was fetched.","helpText":"A themed splash screen ensures a high-quality experience when users launch your app from their homescreens. [Learn more](https://developers.google.com/web/tools/lighthouse/audits/custom-splash-screen).","rawValue":false,"extendedInfo":{"value":{"failures":["No manifest was fetched"],"manifestValues":{"parseFailureReason":"No manifest was fetched","allChecks":[],"isParseFailure":true}}},"name":"splash-screen","description":"Is not configured for a custom splash screen","scoringMode":"binary"},"label":{"displayValue":"","score":true,"helpText":"Labels ensure that form controls are announced properly by assistive technologies, like screen readers. [Learn more](https://dequeuniversity.com/rules/axe/2.2/label?application=lighthouse).","rawValue":true,"extendedInfo":{},"name":"label","description":"Form elements have associated labels","scoringMode":"binary","details":{"header":{"text":"View failing elements","type":"text"},"type":"list","items":[]}},"uses-webp-images":{"displayValue":"","score":100,"helpText":"Image formats like JPEG 2000, JPEG XR, and WebP often provide better compression than PNG or JPEG, which means faster downloads and less data consumption. [Learn more](https://developers.google.com/web/tools/lighthouse/audits/webp).","rawValue":0,"extendedInfo":{"value":{"wastedKb":0,"wastedMs":0,"results":[]}},"name":"uses-webp-images","description":"Serve images in next-gen formats","scoringMode":"binary","informative":true,"details":{"itemHeaders":[{"itemType":"thumbnail","text":"","type":"text"},{"itemType":"url","text":"URL","type":"text"},{"itemType":"text","text":"Original","type":"text"},{"itemType":"text","text":"Potential Savings","type":"text"}],"header":"View Details","type":"table","items":[]}},"speed-index-metric":{"displayValue":"5,723","score":48,"helpText":"Speed Index shows how quickly the contents of a page are visibly populated. [Learn more](https://developers.google.com/web/tools/lighthouse/audits/speed-index).","rawValue":5723,"extendedInfo":{"value":{"frames":[{"progress":0,"timestamp":8.650053193698E9},{"progress":0,"timestamp":8.650053950668E9},{"progress":0,"timestamp":8.650057717184E9},{"progress":78.47020210836772,"timestamp":8.650058783808E9},{"progress":79.55400014666994,"timestamp":8.650058883804E9},{"progress":84.25733274045653,"timestamp":8.65005906713E9},{"progress":90.99914379891193,"timestamp":8.650059217124E9},{"progress":92.49290629372531,"timestamp":8.65005965044E9},{"progress":100.00000000000001,"timestamp":8.650059800434E9}],"timestamps":{"firstVisualChange":8650058783698,"perceptualSpeedIndex":8.650058916695168E12,"visuallyComplete":8650059799698,"visuallyReady":8.650059217124001E12},"timings":{"firstVisualChange":5590,"perceptualSpeedIndex":5722.997167414955,"visuallyComplete":6606,"visuallyReady":6023.426000595093}}},"name":"speed-index-metric","description":"Perceptual Speed Index","scoringMode":"numeric"},"bypass":{"displayValue":"","score":true,"helpText":"Adding ways to bypass repetitive content lets keyboard users navigate the page more efficiently. [Learn more](https://dequeuniversity.com/rules/axe/2.2/bypass?application=lighthouse).","rawValue":true,"extendedInfo":{},"name":"bypass","description":"The page contains a heading, skip link, or landmark region","scoringMode":"binary","details":{"header":{"text":"View failing elements","type":"text"},"type":"list","items":[]}},"http-status-code":{"displayValue":"","score":null,"debugString":"Audit error: Unable to identify the main resource","helpText":"Pages with unsuccessful HTTP status codes may not be indexed properly. [Learn more](https://developers.google.com/web/tools/lighthouse/audits/successful-http-code).","rawValue":null,"name":"http-status-code","description":"Page has unsuccessful HTTP status code","scoringMode":"binary","error":true},"viewport":{"displayValue":"","score":true,"debugString":"","helpText":"Add a viewport meta tag to optimize your app for mobile screens. [Learn more](https://developers.google.com/web/tools/lighthouse/audits/has-viewport-meta-tag).","rawValue":true,"name":"viewport","description":"Has a `<meta name=\"viewport\">` tag with `width` or `initial-scale`","scoringMode":"binary"},"estimated-input-latency":{"displayValue":"50 ms","score":95,"helpText":"The score above is an estimate of how long your app takes to respond to user input, in milliseconds. There is a 90% probability that a user encounters this amount of latency, or less. 10% of the time a user can expect additional latency. If your latency is higher than 50 ms, users may perceive your app as laggy. [Learn more](https://developers.google.com/web/tools/lighthouse/audits/estimated-input-latency).","rawValue":49.8,"extendedInfo":{"value":[{"percentile":0.5,"time":16},{"percentile":0.75,"time":16},{"percentile":0.9,"time":49.84405833333335},{"percentile":0.99,"time":161.88252333333307},{"percentile":1,"time":209.04299999999876}]},"name":"estimated-input-latency","description":"Estimated Input Latency","scoringMode":"numeric"},"redirects":{"displayValue":"","score":null,"debugString":"Audit error: Unable to identify the main resource","helpText":"Redirects introduce additional delays before the page can be loaded. [Learn more](https://developers.google.com/speed/docs/insights/AvoidRedirects).","rawValue":null,"name":"redirects","description":"Has multiple page redirects","scoringMode":"binary","error":true},"load-fast-enough-for-pwa":{"displayValue":"","score":true,"helpText":"A fast page load over a 3G network ensures a good mobile user experience. [Learn more](https://developers.google.com/web/tools/lighthouse/audits/fast-3g).","rawValue":true,"extendedInfo":{"value":{"isFast":true,"timeToFirstInteractive":6460.149,"firstRequestLatencies":[{"latency":"566.29","url":"http://web/"},{"latency":"579.72","url":"https://cdnjs.cloudflare.com/ajax/libs/Chart.js/2.7.1/Chart.min.js"},{"latency":"571.48","url":"https://unpkg.com/vue-chartjs/dist/vue-chartjs.min.js"},{"latency":"578.93","url":"https://fonts.gstatic.com/s/roboto/v18/KFOmCnqEu92Fr1Mu4mxK.woff2"}],"areLatenciesAll3G":true}},"name":"load-fast-enough-for-pwa","description":"Page load is fast enough on 3G","scoringMode":"binary"},"font-display":{"displayValue":"","score":false,"helpText":"Leverage the font-display CSS feature to ensure text is user-visible while webfonts are loading. [Learn more](https://developers.google.com/web/updates/2016/02/font-display).","rawValue":false,"name":"font-display","description":"Avoid invisible text while webfonts are loading","scoringMode":"binary","details":{"itemHeaders":[{"itemType":"url","text":"Font URL","type":"text"},{"itemType":"text","text":"Font download time","type":"text"}],"header":"View Details","type":"table","items":[[{"text":"https://fonts.gstatic.com/s/roboto/v18/KFOmCnqEu92Fr1Mu4mxK.woff2","type":"url"},{"text":"884 ms","type":"text"}],[{"text":"https://fonts.gstatic.com/s/materialicons/v37/flUhRq6tzZclQEJ-Vdg-IuiaDsNc.woff2","type":"url"},{"text":"1,066 ms","type":"text"}],[{"text":"https://fonts.gstatic.com/s/roboto/v18/KFOlCnqEu92Fr1MmEU9fBBc4.woff2","type":"url"},{"text":"875 ms","type":"text"}]]}},"layout-table":{"displayValue":"","score":false,"helpText":"A table being used for layout purposes should not include data elements, such as the th or caption elements or the summary attribute, because this can create a confusing experience for screen reader users. [Learn more](https://dequeuniversity.com/rules/axe/2.2/layout-table?application=lighthouse).","rawValue":false,"name":"layout-table","description":"Presentational `<table>` elements do not avoid using `<th>`, `<caption>` or the `[summary]` attribute.","scoringMode":"binary","informative":true,"notApplicable":true}},"url":"http://web/#/"}
61.94117647058823
The variable of type Double with the value 61.94117647058823 is not LOWER_THAN 5.94117647058823
]]></system-out>
    </rerunFailure>
    <rerunFailure message="expected:&lt;true&gt; but was:&lt;false&gt;" type="java.lang.AssertionError"><![CDATA[java.lang.AssertionError: expected:<true> but was:<false>
	at org.junit.Assert.fail(Assert.java:88)
	at org.junit.Assert.failNotEquals(Assert.java:834)
	at org.junit.Assert.assertEquals(Assert.java:118)
	at org.junit.Assert.assertEquals(Assert.java:144)
	at io.jenkins.plugins.sample.LighthousePluginTest.Test_PositiveGreaterThan(LighthousePluginTest.java:80)
	at sun.reflect.NativeMethodAccessorImpl.invoke0(Native Method)
	at sun.reflect.NativeMethodAccessorImpl.invoke(NativeMethodAccessorImpl.java:62)
	at sun.reflect.DelegatingMethodAccessorImpl.invoke(DelegatingMethodAccessorImpl.java:43)
	at java.lang.reflect.Method.invoke(Method.java:498)
	at org.junit.runners.model.FrameworkMethod$1.runReflectiveCall(FrameworkMethod.java:50)
	at org.junit.internal.runners.model.ReflectiveCallable.run(ReflectiveCallable.java:12)
	at org.junit.runners.model.FrameworkMethod.invokeExplosively(FrameworkMethod.java:47)
	at org.junit.internal.runners.statements.InvokeMethod.evaluate(InvokeMethod.java:17)
	at org.junit.runners.ParentRunner.runLeaf(ParentRunner.java:325)
	at org.junit.runners.BlockJUnit4ClassRunner.runChild(BlockJUnit4ClassRunner.java:78)
	at org.junit.runners.BlockJUnit4ClassRunner.runChild(BlockJUnit4ClassRunner.java:57)
	at org.junit.runners.ParentRunner$3.run(ParentRunner.java:290)
	at org.junit.runners.ParentRunner$1.schedule(ParentRunner.java:71)
	at org.junit.runners.ParentRunner.runChildren(ParentRunner.java:288)
	at org.junit.runners.ParentRunner.access$000(ParentRunner.java:58)
	at org.junit.runners.ParentRunner$2.evaluate(ParentRunner.java:268)
	at org.junit.runners.ParentRunner.run(ParentRunner.java:363)
	at org.apache.maven.surefire.junit4.JUnit4Provider.executeFailedMethod(JUnit4Provider.java:379)
	at org.apache.maven.surefire.junit4.JUnit4Provider.executeWithRerun(JUnit4Provider.java:290)
	at org.apache.maven.surefire.junit4.JUnit4Provider.executeTestSet(JUnit4Provider.java:236)
	at org.apache.maven.surefire.junit4.JUnit4Provider.invoke(JUnit4Provider.java:159)
	at org.apache.maven.surefire.booter.ForkedBooter.invokeProviderInSameClassLoader(ForkedBooter.java:386)
	at org.apache.maven.surefire.booter.ForkedBooter.runSuitesInProcess(ForkedBooter.java:323)
	at org.apache.maven.surefire.booter.ForkedBooter.main(ForkedBooter.java:143)
]]>
      <system-out><![CDATA[{"initialUrl":"http://web:80/#/","generatedTime":"2018-06-24T16:18:28.384Z","score":30,"reportCategories":[{"score":61.94117647058823,"name":"Performance","description":"These encapsulate your web app's current performance and opportunities to improve it.","id":"performance","audits":[{"result":{"displayValue":"4,520 ms","score":40,"helpText":"First meaningful paint measures when the primary content of a page is visible. [Learn more](https://developers.google.com/web/tools/lighthouse/audits/first-meaningful-paint).","rawValue":4521.8,"extendedInfo":{"value":{"timestamps":{"fCP":8650057715484,"endOfTrace":8650064967436,"fMP":8650057715493,"onLoad":8650058566647,"navStart":8650053193698},"fmpFellBack":false,"timings":{"fCP":4521.786,"endOfTrace":11773.738,"fMP":4521.795,"onLoad":5372.949,"navStart":0}}},"name":"first-meaningful-paint","description":"First meaningful paint","scoringMode":"numeric"},"score":40,"weight":5,"id":"first-meaningful-paint","group":"perf-metric"},{"result":{"displayValue":"6,460 ms","score":71,"helpText":"First Interactive marks the time at which the page is minimally interactive. [Learn more](https://developers.google.com/web/tools/lighthouse/audits/first-interactive).","rawValue":6460.149,"extendedInfo":{"value":{"timeInMs":6460.149,"timestamp":8650059653847}},"name":"first-interactive","description":"First Interactive (beta)","scoringMode":"numeric"},"score":71,"weight":5,"id":"first-interactive","group":"perf-metric"},{"result":{"displayValue":"6,460 ms","score":71,"helpText":"Consistently Interactive marks the time at which the page is fully interactive. [Learn more](https://developers.google.com/web/tools/lighthouse/audits/consistently-interactive).","rawValue":6460.149,"extendedInfo":{"value":{"timeInMs":6460.149,"cpuQuietPeriod":{"start":8.650059653847E9,"end":8.650064967436E9},"networkQuietPeriods":[{"start":8.650059532223999E9,"end":8.650064967436E9}],"networkQuietPeriod":{"start":8.650059532223999E9,"end":8.650064967436E9},"cpuQuietPeriods":[{"start":8.650059653847E9,"end":8.650064967436E9}],"timestamp":8650059653847}},"name":"consistently-interactive","description":"Consistently Interactive (beta)","scoringMode":"numeric"},"score":71,"weight":5,"id":"consistently-interactive","group":"perf-metric"},{"result":{"displayValue":"5,723","score":48,"helpText":"Speed Index shows how quickly the contents of a page are visibly populated. [Learn more](https://developers.google.com/web/tools/lighthouse/audits/speed-index).","rawValue":5723,"extendedInfo":{"value":{"frames":[{"progress":0,"timestamp":8.650053193698E9},{"progress":0,"timestamp":8.650053950668E9},{"progress":0,"timestamp":8.650057717184E9},{"progress":78.47020210836772,"timestamp":8.650058783808E9},{"progress":79.55400014666994,"timestamp":8.650058883804E9},{"progress":84.25733274045653,"timestamp":8.65005906713E9},{"progress":90.99914379891193,"timestamp":8.650059217124E9},{"progress":92.49290629372531,"timestamp":8.65005965044E9},{"progress":100.00000000000001,"timestamp":8.650059800434E9}],"timestamps":{"firstVisualChange":8650058783698,"perceptualSpeedIndex":8.650058916695168E12,"visuallyComplete":8650059799698,"visuallyReady":8.650059217124001E12},"timings":{"firstVisualChange":5590,"perceptualSpeedIndex":5722.997167414955,"visuallyComplete":6606,"visuallyReady":6023.426000595093}}},"name":"speed-index-metric","description":"Perceptual Speed Index","scoringMode":"numeric"},"score":48,"weight":1,"id":"speed-index-metric","group":"perf-metric"},{"result":{"displayValue":"50 ms","score":95,"helpText":"The score above is an estimate of how long your app takes to respond to user input, in milliseconds. There is a 90% probability that a user encounters this amount of latency, or less. 10% of the time a user can expect additional latency. If your latency is higher than 50 ms, users may perceive your app as laggy. [Learn more](https://developers.google.com/web/tools/lighthouse/audits/estimated-input-latency).","rawValue":49.8,"extendedInfo":{"value":[{"percentile":0.5,"time":16},{"percentile":0.75,"time":16},{"percentile":0.9,"time":49.84405833333335},{"percentile":0.99,"time":161.88252333333307},{"percentile":1,"time":209.04299999999876}]},"name":"estimated-input-latency","description":"Estimated Input Latency","scoringMode":"numeric"},"score":95,"weight":1,"id":"estimated-input-latency","group":"perf-metric"},{"result":{"displayValue":"","score":100,"helpText":"External stylesheets are blocking the first paint of your page. Consider delivering critical CSS via `<style>` tags and deferring non-critical styles. [Learn more](https://developers.google.com/web/tools/lighthouse/audits/blocking-resources).","rawValue":0,"extendedInfo":{"value":{"wastedMs":"0 ms","results":[]}},"name":"link-blocking-first-paint","description":"Reduce render-blocking stylesheets","scoringMode":"binary","informative":true,"details":{"itemHeaders":[{"itemType":"url","text":"URL","type":"text"},{"itemType":"text","text":"Size (KB)","type":"text"},{"itemType":"text","text":"Delayed Paint By (ms)","type":"text"}],"header":"View Details","type":"table","items":[]}},"score":100,"weight":0,"id":"link-blocking-first-paint","group":"perf-hint"},{"result":{"displayValue":"","score":100,"helpText":"Script elements are blocking the first paint of your page. Consider inlining critical scripts and deferring non-critical ones. [Learn more](https://developers.google.com/web/tools/lighthouse/audits/blocking-resources).","rawValue":0,"extendedInfo":{"value":{"wastedMs":"0 ms","results":[]}},"name":"script-blocking-first-paint","description":"Reduce render-blocking scripts","scoringMode":"binary","informative":true,"details":{"itemHeaders":[{"itemType":"url","text":"URL","type":"text"},{"itemType":"text","text":"Size (KB)","type":"text"},{"itemType":"text","text":"Delayed Paint By (ms)","type":"text"}],"header":"View Details","type":"table","items":[]}},"score":100,"weight":0,"id":"script-blocking-first-paint","group":"perf-hint"},{"result":{"displayValue":"","score":100,"helpText":"Serve images that are appropriately-sized to save cellular data and improve load time. [Learn more](https://developers.google.com/web/tools/lighthouse/audits/oversized-images).","rawValue":0,"extendedInfo":{"value":{"wastedKb":0,"wastedMs":0,"results":[]}},"name":"uses-responsive-images","description":"Properly size images","scoringMode":"binary","informative":true,"details":{"itemHeaders":[{"itemType":"thumbnail","text":"","type":"text"},{"itemType":"url","text":"URL","type":"text"},{"itemType":"text","text":"Original","type":"text"},{"itemType":"text","text":"Potential Savings","type":"text"}],"header":"View Details","type":"table","items":[]}},"score":100,"weight":0,"id":"uses-responsive-images","group":"perf-hint"},{"result":{"displayValue":"","score":100,"helpText":"Consider lazy-loading offscreen and hidden images to improve page load speed and time to interactive. [Learn more](https://developers.google.com/web/tools/lighthouse/audits/offscreen-images).","rawValue":0,"extendedInfo":{"value":{"wastedKb":0,"wastedMs":0,"results":[]}},"name":"offscreen-images","description":"Offscreen images","scoringMode":"binary","informative":true,"details":{"itemHeaders":[{"itemType":"thumbnail","text":"","type":"text"},{"itemType":"url","text":"URL","type":"text"},{"itemType":"text","text":"Original","type":"text"},{"itemType":"text","text":"Potential Savings","type":"text"}],"header":"View Details","type":"table","items":[]}},"score":100,"weight":0,"id":"offscreen-images","group":"perf-hint"},{"result":{"displayValue":"","score":100,"helpText":"Minifying CSS files can reduce network payload sizes. [Learn more](https://developers.google.com/speed/docs/insights/MinifyResources).","rawValue":0,"extendedInfo":{"value":{"wastedKb":0,"wastedMs":0,"results":[]}},"name":"unminified-css","description":"Minify CSS","scoringMode":"binary","informative":true,"details":{"itemHeaders":[{"itemType":"url","text":"URL","type":"text"},{"itemType":"text","text":"Original","type":"text"},{"itemType":"text","text":"Potential Savings","type":"text"}],"header":"View Details","type":"table","items":[]}},"score":100,"weight":0,"id":"unminified-css","group":"perf-hint"},{"result":{"displayValue":"","score":100,"helpText":"Minifying JavaScript files can reduce payload sizes and script parse time. [Learn more](https://developers.google.com/speed/docs/insights/MinifyResources).","rawValue":0,"extendedInfo":{"value":{"wastedKb":0,"wastedMs":0,"results":[]}},"name":"unminified-javascript","description":"Minify JavaScript","scoringMode":"binary","informative":true,"details":{"itemHeaders":[{"itemType":"url","text":"URL","type":"text"},{"itemType":"text","text":"Original","type":"text"},{"itemType":"text","text":"Potential Savings","type":"text"}],"header":"View Details","type":"table","items":[]}},"score":100,"weight":0,"id":"unminified-javascript","group":"perf-hint"},{"result":{"displayValue":"Potential savings of 35 KB (~190 ms)","score":90,"helpText":"Remove unused rules from stylesheets to reduce unnecessary bytes consumed by network activity. [Learn more](https://developers.google.com/speed/docs/insights/OptimizeCSSDelivery)","rawValue":190,"extendedInfo":{"value":{"wastedKb":35,"wastedMs":190,"results":[{"wastedKb":"29 KB","totalKb":"32 KB","wastedMs":"160 ms","totalMs":"170 ms","potentialSavings":"29 KB (93%)","totalBytes":32261,"wastedPercent":92.80281987684556,"wastedBytes":29939,"url":"http://web/static/css/app.a1bcfeb0daa2a3f727390086fd42ee9d.css"},{"wastedKb":"5 KB","totalKb":"6 KB","wastedMs":"30 ms","totalMs":"30 ms","potentialSavings":"5 KB (98%)","totalBytes":5722,"wastedPercent":98.2698357217756,"wastedBytes":5623,"url":{"text":"a { color: #1976d2; } ...","type":"code"}}]}},"name":"unused-css-rules","description":"Unused CSS rules","scoringMode":"binary","informative":true,"details":{"itemHeaders":[{"itemType":"url","text":"URL","type":"text"},{"itemType":"text","text":"Original","type":"text"},{"itemType":"text","text":"Potential Savings","type":"text"}],"header":"View Details","type":"table","items":[[{"text":"http://web/static/css/app.a1bcfeb0daa2a3f727390086fd42ee9d.css","type":"url"},{"text":"32 KB","type":"text"},{"text":"29 KB (93%)","type":"text"}],[{"text":"a { color: #1976d2; } ...","type":"code"},{"text":"6 KB","type":"text"},{"text":"5 KB (98%)","type":"text"}]]}},"score":90,"weight":0,"id":"unused-css-rules","group":"perf-hint"},{"result":{"displayValue":"","score":100,"helpText":"Optimized images load faster and consume less cellular data. [Learn more](https://developers.google.com/web/tools/lighthouse/audits/optimize-images).","rawValue":0,"extendedInfo":{"value":{"wastedKb":0,"wastedMs":0,"results":[]}},"name":"uses-optimized-images","description":"Optimize images","scoringMode":"binary","informative":true,"details":{"itemHeaders":[{"itemType":"thumbnail","text":"","type":"text"},{"itemType":"url","text":"URL","type":"text"},{"itemType":"text","text":"Original","type":"text"},{"itemType":"text","text":"Potential Savings","type":"text"}],"header":"View Details","type":"table","items":[]}},"score":100,"weight":0,"id":"uses-optimized-images","group":"perf-hint"},{"result":{"displayValue":"","score":100,"helpText":"Image formats like JPEG 2000, JPEG XR, and WebP often provide better compression than PNG or JPEG, which means faster downloads and less data consumption. [Learn more](https://developers.google.com/web/tools/lighthouse/audits/webp).","rawValue":0,"extendedInfo":{"value":{"wastedKb":0,"wastedMs":0,"results":[]}},"name":"uses-webp-images","description":"Serve images in next-gen formats","scoringMode":"binary","informative":true,"details":{"itemHeaders":[{"itemType":"thumbnail","text":"","type":"text"},{"itemType":"url","text":"URL","type":"text"},{"itemType":"text","text":"Original","type":"text"},{"itemType":"text","text":"Potential Savings","type":"text"}],"header":"View Details","type":"table","items":[]}},"score":100,"weight":0,"id":"uses-webp-images","group":"perf-hint"},{"result":{"displayValue":"","score":100,"helpText":"Text-based responses should be served with compression (gzip, deflate or brotli) to minimize total network bytes. [Learn more](https://developers.google.com/web/fundamentals/performance/optimizing-content-efficiency/optimize-encoding-and-transfer).","rawValue":0,"extendedInfo":{"value":{"wastedKb":0,"wastedMs":0,"results":[]}},"name":"uses-request-compression","description":"Enable text compression","scoringMode":"binary","informative":true,"details":{"itemHeaders":[{"itemType":"url","text":"Uncompressed resource URL","type":"text"},{"itemType":"text","text":"Original","type":"text"},{"itemType":"text","text":"GZIP Savings","type":"text"}],"header":"View Details","type":"table","items":[]}},"score":100,"weight":0,"id":"uses-request-compression","group":"perf-hint"},{"result":{"displayValue":"","score":null,"debugString":"Audit error: Cannot read property '_timing' of undefined","helpText":"Time To First Byte identifies the time at which your server sends a response. [Learn more](https://developers.google.com/web/tools/chrome-devtools/network-performance/issues).","rawValue":null,"name":"time-to-first-byte","description":"Keep server response times low (TTFB)","scoringMode":"binary","informative":true,"error":true},"score":0,"weight":0,"id":"time-to-first-byte","group":"perf-hint"},{"result":{"displayValue":"","score":null,"debugString":"Audit error: Unable to identify the main resource","helpText":"Redirects introduce additional delays before the page can be loaded. [Learn more](https://developers.google.com/speed/docs/insights/AvoidRedirects).","rawValue":null,"name":"redirects","description":"Has multiple page redirects","scoringMode":"binary","error":true},"score":0,"weight":0,"id":"redirects","group":"perf-hint"},{"result":{"displayValue":"","score":null,"debugString":"Audit error: Unable to identify the main resource","helpText":"Consider using <link rel=preload> to prioritize fetching late-discovered resources sooner [Learn more](https://developers.google.com/web/updates/2016/03/link-rel-preload).","rawValue":null,"name":"uses-rel-preload","description":"Preload key requests","scoringMode":"numeric","informative":true,"error":true},"score":0,"weight":0,"id":"uses-rel-preload","group":"perf-hint"},{"result":{"displayValue":"Total size was 400 KB","score":100,"helpText":"Large network payloads cost users real money and are highly correlated with long load times. [Learn more](https://developers.google.com/web/tools/lighthouse/audits/network-payloads).","rawValue":409855,"extendedInfo":{"value":{"totalCompletedRequests":11,"results":[{"totalKb":"227 KB","totalMs":"1,240 ms","totalBytes":232785,"url":"http://web/static/js/vendor.d1efda22f11e965a5228.js"},{"totalKb":"48 KB","totalMs":"260 ms","totalBytes":49163,"url":"https://fonts.gstatic.com/s/materialicons/v37/flUhRq6tzZclQEJ-Vdg-IuiaDsNc.woff2"},{"totalKb":"46 KB","totalMs":"250 ms","totalBytes":47366,"url":"https://cdnjs.cloudflare.com/ajax/libs/Chart.js/2.7.1/Chart.min.js"},{"totalKb":"32 KB","totalMs":"170 ms","totalBytes":32261,"url":"http://web/static/css/app.a1bcfeb0daa2a3f727390086fd42ee9d.css"},{"totalKb":"15 KB","totalMs":"80 ms","totalBytes":15817,"url":"https://fonts.gstatic.com/s/roboto/v18/KFOlCnqEu92Fr1MmEU9fBBc4.woff2"},{"totalKb":"15 KB","totalMs":"80 ms","totalBytes":15461,"url":"https://fonts.gstatic.com/s/roboto/v18/KFOmCnqEu92Fr1Mu4mxK.woff2"},{"totalKb":"12 KB","totalMs":"70 ms","totalBytes":12691,"url":"http://web/static/js/app.310cd52123c59f9f64a5.js"},{"totalKb":"1 KB","totalMs":"10 ms","totalBytes":1524,"url":"https://unpkg.com/vue-chartjs@3.3.2/dist/vue-chartjs.min.js"},{"totalKb":"1 KB","totalMs":"10 ms","totalBytes":1211,"url":"http://web/"},{"totalKb":"1 KB","totalMs":"10 ms","totalBytes":1171,"url":"http://web/static/js/manifest.9f020e973ae4037504f6.js"}]}},"name":"total-byte-weight","description":"Avoids enormous network payloads","scoringMode":"numeric","details":{"itemHeaders":[{"itemType":"url","text":"URL","type":"text"},{"itemType":"text","text":"Total Size","type":"text"},{"itemType":"text","text":"Transfer Time","type":"text"}],"header":"View Details","type":"table","items":[[{"text":"http://web/static/js/vendor.d1efda22f11e965a5228.js","type":"url"},{"text":"227 KB","type":"text"},{"text":"1,240 ms","type":"text"}],[{"text":"https://fonts.gstatic.com/s/materialicons/v37/flUhRq6tzZclQEJ-Vdg-IuiaDsNc.woff2","type":"url"},{"text":"48 KB","type":"text"},{"text":"260 ms","type":"text"}],[{"text":"https://cdnjs.cloudflare.com/ajax/libs/Chart.js/2.7.1/Chart.min.js","type":"url"},{"text":"46 KB","type":"text"},{"text":"250 ms","type":"text"}],[{"text":"http://web/static/css/app.a1bcfeb0daa2a3f727390086fd42ee9d.css","type":"url"},{"text":"32 KB","type":"text"},{"text":"170 ms","type":"text"}],[{"text":"https://fonts.gstatic.com/s/roboto/v18/KFOlCnqEu92Fr1MmEU9fBBc4.woff2","type":"url"},{"text":"15 KB","type":"text"},{"text":"80 ms","type":"text"}],[{"text":"https://fonts.gstatic.com/s/roboto/v18/KFOmCnqEu92Fr1Mu4mxK.woff2","type":"url"},{"text":"15 KB","type":"text"},{"text":"80 ms","type":"text"}],[{"text":"http://web/static/js/app.310cd52123c59f9f64a5.js","type":"url"},{"text":"12 KB","type":"text"},{"text":"70 ms","type":"text"}],[{"text":"https://unpkg.com/vue-chartjs@3.3.2/dist/vue-chartjs.min.js","type":"url"},{"text":"1 KB","type":"text"},{"text":"10 ms","type":"text"}],[{"text":"http://web/","type":"url"},{"text":"1 KB","type":"text"},{"text":"10 ms","type":"text"}],[{"text":"http://web/static/js/manifest.9f020e973ae4037504f6.js","type":"url"},{"text":"1 KB","type":"text"},{"text":"10 ms","type":"text"}]]}},"score":100,"weight":0,"id":"total-byte-weight","group":"perf-info"},{"result":{"displayValue":"0 assets found","score":100,"helpText":"A long cache lifetime can speed up repeat visits to your page. [Learn more](https://developers.google.com/web/fundamentals/performance/optimizing-content-efficiency/http-caching#cache-control).","rawValue":0,"extendedInfo":{"value":{"queryStringCount":0,"results":[]}},"name":"uses-long-cache-ttl","description":"Uses efficient cache policy on static assets","scoringMode":"numeric","details":{"itemHeaders":[{"itemType":"url","text":"URL","type":"text"},{"itemType":"text","text":"Cache TTL","type":"text"},{"itemType":"text","text":"Size (KB)","type":"text"}],"header":"View Details","type":"table","items":[]}},"score":100,"weight":0,"id":"uses-long-cache-ttl","group":"perf-info"},{"result":{"displayValue":"94 nodes","score":100,"helpText":"Browser engineers recommend pages contain fewer than ~1,500 DOM nodes. The sweet spot is a tree depth < 32 elements and fewer than 60 children/parent element. A large DOM can increase memory usage, cause longer [style calculations](https://developers.google.com/web/fundamentals/performance/rendering/reduce-the-scope-and-complexity-of-style-calculations), and produce costly [layout reflows](https://developers.google.com/speed/articles/reflow). [Learn more](https://developers.google.com/web/fundamentals/performance/rendering/).","rawValue":94,"extendedInfo":{"value":[{"title":"Total DOM Nodes","value":"94","target":"< 1,500 nodes"},{"snippet":"html >\n  body >\n    main >\n      div#inspire.application.theme--dark >\n        div.application--wrap >\n          aside.navigation-drawer.navigation-drawer--clipped.navigation-drawer--close.navigation-drawer--fixed.navigation-drawer--is-mobile >\n            div.list >\n              div >\n                div.list__tile >\n                  div.input-group.input-group--dirty.input-group--selection-controls.switch.accent--text >\n                    div.input-group__input >\n                      div.input-group--selection-controls__container >\n                        div.input-group--selection-controls__toggle.input-group--selection-controls__toggle--active","title":"DOM Depth","value":"13","target":"< 32"},{"snippet":"Element with most children:\nhead","title":"Maximum Children","value":"8","target":"< 60 nodes"}]},"name":"dom-size","description":"Avoids an excessive DOM size","scoringMode":"numeric","details":{"header":{"text":"View details","type":"text"},"type":"cards","items":[{"title":"Total DOM Nodes","value":"94","target":"< 1,500 nodes"},{"snippet":"html >\n  body >\n    main >\n      div#inspire.application.theme--dark >\n        div.application--wrap >\n          aside.navigation-drawer.navigation-drawer--clipped.navigation-drawer--close.navigation-drawer--fixed.navigation-drawer--is-mobile >\n            div.list >\n              div >\n                div.list__tile >\n                  div.input-group.input-group--dirty.input-group--selection-controls.switch.accent--text >\n                    div.input-group__input >\n                      div.input-group--selection-controls__container >\n                        div.input-group--selection-controls__toggle.input-group--selection-controls__toggle--active","title":"DOM Depth","value":"13","target":"< 32"},{"snippet":"Element with most children:\nhead","title":"Maximum Children","value":"8","target":"< 60 nodes"}]}},"score":100,"weight":0,"id":"dom-size","group":"perf-info"},{"result":{"displayValue":"","score":null,"debugString":"Audit error: Unable to identify the main resource","helpText":"The Critical Request Chains below show you what resources are issued with a high priority. Consider reducing the length of chains, reducing the download size of resources, or deferring the download of unnecessary resources to improve page load. [Learn more](https://developers.google.com/web/tools/lighthouse/audits/critical-request-chains).","rawValue":null,"name":"critical-request-chains","description":"Critical Request Chains","scoringMode":"binary","informative":true,"error":true},"score":0,"weight":0,"id":"critical-request-chains","group":"perf-info"},{"result":{"displayValue":"11","score":100,"helpText":"Lists the network requests that were made during page load.","rawValue":11,"extendedInfo":{"value":[{"transferSize":1211,"startTime":0,"endTime":638.9249991625547,"mimeType":"text/html","url":"http://web/","statusCode":200,"resourceType":"document"},{"transferSize":1171,"startTime":755.621999502182,"endTime":1328.4680005162954,"mimeType":"application/javascript","url":"http://web/static/js/manifest.9f020e973ae4037504f6.js","statusCode":200,"resourceType":"script"},{"transferSize":232785,"startTime":755.7720001786947,"endTime":2917.8979992866516,"mimeType":"application/javascript","url":"http://web/static/js/vendor.d1efda22f11e965a5228.js","statusCode":200,"resourceType":"script"},{"transferSize":12691,"startTime":755.9009995311499,"endTime":1470.6410001963377,"mimeType":"application/javascript","url":"http://web/static/js/app.310cd52123c59f9f64a5.js","statusCode":200,"resourceType":"script"},{"transferSize":47366,"startTime":790.370000526309,"endTime":2162.829000502825,"mimeType":"application/javascript","url":"https://cdnjs.cloudflare.com/ajax/libs/Chart.js/2.7.1/Chart.min.js","statusCode":200,"resourceType":"script"},{"transferSize":405,"startTime":790.8159997314215,"endTime":1663.72200101614,"mimeType":"text/plain","url":"https://unpkg.com/vue-chartjs/dist/vue-chartjs.min.js","statusCode":302},{"transferSize":1524,"startTime":1664.8290008306503,"endTime":2258.2770008593798,"mimeType":"application/javascript","url":"https://unpkg.com/vue-chartjs@3.3.2/dist/vue-chartjs.min.js","statusCode":200,"resourceType":"script"},{"transferSize":32261,"startTime":4527.456000447273,"endTime":5278.87500077486,"mimeType":"text/css","url":"http://web/static/css/app.a1bcfeb0daa2a3f727390086fd42ee9d.css","statusCode":200,"resourceType":"stylesheet"},{"transferSize":15461,"startTime":5458.613000810146,"endTime":6342.342000454664,"mimeType":"font/woff2","url":"https://fonts.gstatic.com/s/roboto/v18/KFOmCnqEu92Fr1Mu4mxK.woff2","statusCode":200,"resourceType":"font"},{"transferSize":49163,"startTime":5458.761001005769,"endTime":6524.431999772787,"mimeType":"font/woff2","url":"https://fonts.gstatic.com/s/materialicons/v37/flUhRq6tzZclQEJ-Vdg-IuiaDsNc.woff2","statusCode":200,"resourceType":"font"},{"transferSize":15817,"startTime":5458.878999575973,"endTime":6334.002999588847,"mimeType":"font/woff2","url":"https://fonts.gstatic.com/s/roboto/v18/KFOlCnqEu92Fr1MmEU9fBBc4.woff2","statusCode":200,"resourceType":"font"}]},"name":"network-requests","description":"Network Requests","scoringMode":"binary","informative":true,"details":{"itemHeaders":[{"itemType":"url","text":"URL","type":"text"},{"itemType":"ms","text":"Start Time","type":"text"},{"itemType":"ms","text":"End Time","type":"text"},{"itemType":"bytes","text":"Transfer Size","type":"text"},{"itemType":"text","text":"Status Code","type":"text"},{"itemType":"text","text":"MIME Type","type":"text"},{"itemType":"text","text":"Resource Type","type":"text"}],"header":"View Details","type":"table","items":[[{"text":"http://web/","type":"url"},{"text":0,"type":"ms"},{"text":638.9249991625547,"type":"ms"},{"text":1211,"type":"bytes"},{"text":200,"type":"text"},{"text":"text/html","type":"text"},{"text":"document","type":"text"}],[{"text":"http://web/static/js/manifest.9f020e973ae4037504f6.js","type":"url"},{"text":755.621999502182,"type":"ms"},{"text":1328.4680005162954,"type":"ms"},{"text":1171,"type":"bytes"},{"text":200,"type":"text"},{"text":"application/javascript","type":"text"},{"text":"script","type":"text"}],[{"text":"http://web/static/js/vendor.d1efda22f11e965a5228.js","type":"url"},{"text":755.7720001786947,"type":"ms"},{"text":2917.8979992866516,"type":"ms"},{"text":232785,"type":"bytes"},{"text":200,"type":"text"},{"text":"application/javascript","type":"text"},{"text":"script","type":"text"}],[{"text":"http://web/static/js/app.310cd52123c59f9f64a5.js","type":"url"},{"text":755.9009995311499,"type":"ms"},{"text":1470.6410001963377,"type":"ms"},{"text":12691,"type":"bytes"},{"text":200,"type":"text"},{"text":"application/javascript","type":"text"},{"text":"script","type":"text"}],[{"text":"https://cdnjs.cloudflare.com/ajax/libs/Chart.js/2.7.1/Chart.min.js","type":"url"},{"text":790.370000526309,"type":"ms"},{"text":2162.829000502825,"type":"ms"},{"text":47366,"type":"bytes"},{"text":200,"type":"text"},{"text":"application/javascript","type":"text"},{"text":"script","type":"text"}],[{"text":"https://unpkg.com/vue-chartjs/dist/vue-chartjs.min.js","type":"url"},{"text":790.8159997314215,"type":"ms"},{"text":1663.72200101614,"type":"ms"},{"text":405,"type":"bytes"},{"text":302,"type":"text"},{"text":"text/plain","type":"text"},{"type":"text"}],[{"text":"https://unpkg.com/vue-chartjs@3.3.2/dist/vue-chartjs.min.js","type":"url"},{"text":1664.8290008306503,"type":"ms"},{"text":2258.2770008593798,"type":"ms"},{"text":1524,"type":"bytes"},{"text":200,"type":"text"},{"text":"application/javascript","type":"text"},{"text":"script","type":"text"}],[{"text":"http://web/static/css/app.a1bcfeb0daa2a3f727390086fd42ee9d.css","type":"url"},{"text":4527.456000447273,"type":"ms"},{"text":5278.87500077486,"type":"ms"},{"text":32261,"type":"bytes"},{"text":200,"type":"text"},{"text":"text/css","type":"text"},{"text":"stylesheet","type":"text"}],[{"text":"https://fonts.gstatic.com/s/roboto/v18/KFOmCnqEu92Fr1Mu4mxK.woff2","type":"url"},{"text":5458.613000810146,"type":"ms"},{"text":6342.342000454664,"type":"ms"},{"text":15461,"type":"bytes"},{"text":200,"type":"text"},{"text":"font/woff2","type":"text"},{"text":"font","type":"text"}],[{"text":"https://fonts.gstatic.com/s/materialicons/v37/flUhRq6tzZclQEJ-Vdg-IuiaDsNc.woff2","type":"url"},{"text":5458.761001005769,"type":"ms"},{"text":6524.431999772787,"type":"ms"},{"text":49163,"type":"bytes"},{"text":200,"type":"text"},{"text":"font/woff2","type":"text"},{"text":"font","type":"text"}],[{"text":"https://fonts.gstatic.com/s/roboto/v18/KFOlCnqEu92Fr1MmEU9fBBc4.woff2","type":"url"},{"text":5458.878999575973,"type":"ms"},{"text":6334.002999588847,"type":"ms"},{"text":15817,"type":"bytes"},{"text":200,"type":"text"},{"text":"font/woff2","type":"text"},{"text":"font","type":"text"}]]}},"score":100,"weight":0,"id":"network-requests"},{"result":{"displayValue":"0","score":true,"helpText":"Consider instrumenting your app with the User Timing API to create custom, real-world measurements of key user experiences. [Learn more](https://developers.google.com/web/tools/lighthouse/audits/user-timing).","rawValue":true,"extendedInfo":{"value":[]},"name":"user-timings","description":"User Timing marks and measures","scoringMode":"binary","informative":true,"details":{"itemHeaders":[{"itemType":"text","text":"Name","type":"text"},{"itemType":"text","text":"Type","type":"text"},{"itemType":"text","text":"Time","type":"text"}],"header":"View Details","type":"table","items":[]}},"score":100,"weight":0,"id":"user-timings","group":"perf-info"},{"result":{"displayValue":"1,570 ms","score":true,"helpText":"Consider reducing the time spent parsing, compiling, and executing JS. You may find delivering smaller JS payloads helps with this. [Learn more](https://developers.google.com/web/lighthouse/audits/bootup).","rawValue":1573.503999710083,"extendedInfo":{"value":{"http://web/static/js/app.310cd52123c59f9f64a5.js":{"Script Evaluation":1173.697998046875,"Script Parsing & Compile":22.533000946044922},"http://web/static/js/vendor.d1efda22f11e965a5228.js":{"Style & Layout":178.41699981689453,"Script Parsing & Compile":14.004999160766602,"Script Evaluation":9.45100212097168},"https://unpkg.com/vue-chartjs@3.3.2/dist/vue-chartjs.min.js":{"Script Evaluation":6.445001602172852,"Script Parsing & Compile":4.004999160766602},"https://cdnjs.cloudflare.com/ajax/libs/Chart.js/2.7.1/Chart.min.js":{"Style & Layout":0.8509998321533203,"Script Evaluation":90.19700050354004,"Script Parsing & Compile":0.5679988861083984},"http://web/static/js/manifest.9f020e973ae4037504f6.js":{"Script Parsing & Compile":2.184000015258789,"Script Evaluation":1.4300003051757812},"http://web/":{"Style & Layout":0.0989990234375,"Script Evaluation":7.028999328613281,"Script Parsing & Compile":0.14599990844726562},"http://web/#/":{"Parsing HTML & CSS":62.446001052856445}}},"name":"bootup-time","description":"JavaScript boot-up time","scoringMode":"binary","details":{"itemHeaders":[{"itemType":"url","text":"URL","type":"text"},{"itemType":"text","text":"Script Evaluation","type":"text"},{"itemType":"text","text":"Script Parsing & Compile","type":"text"}],"header":"View Details","type":"table","items":[[{"text":"http://web/static/js/app.310cd52123c59f9f64a5.js","type":"url"},{"text":"1,174 ms","type":"text"},{"text":"23 ms","type":"text"}],[{"text":"https://cdnjs.cloudflare.com/ajax/libs/Chart.js/2.7.1/Chart.min.js","type":"url"},{"text":"90 ms","type":"text"},{"text":"1 ms","type":"text"}],[{"text":"http://web/static/js/vendor.d1efda22f11e965a5228.js","type":"url"},{"text":"9 ms","type":"text"},{"text":"14 ms","type":"text"}],[{"text":"https://unpkg.com/vue-chartjs@3.3.2/dist/vue-chartjs.min.js","type":"url"},{"text":"6 ms","type":"text"},{"text":"4 ms","type":"text"}]]}},"score":100,"weight":0,"id":"bootup-time","group":"perf-info"},{"result":{"displayValue":"true","score":100,"helpText":"This is what the load of your site looked like.","rawValue":true,"name":"screenshot-thumbnails","description":"Screenshot Thumbnails","scoringMode":"binary","informative":true,"details":{"scale":6606,"type":"filmstrip","items":[{"data":"/9j/4AAQSkZJRgABAQAAAQABAAD/2wCEAAMCAgMCAgMDAwMEAwMEBQgFBQQEBQoHBwYIDAoMDAsKCwsNDhIQDQ4RDgsLEBYQERMUFRUVDA8XGBYUGBIUFRQBAwQEBQQFCQUFCRQNCw0UFBQUFBQUFBQUFBQUFBQUFBQUFBQUFBQUFBQUFBQUFBQUFBQUFBQUFBQUFBQUFBQUFP/AABEIANUAeAMBEQACEQEDEQH/xAGiAAABBQEBAQEBAQAAAAAAAAAAAQIDBAUGBwgJCgsQAAIBAwMCBAMFBQQEAAABfQECAwAEEQUSITFBBhNRYQcicRQygZGhCCNCscEVUtHwJDNicoIJChYXGBkaJSYnKCkqNDU2Nzg5OkNERUZHSElKU1RVVldYWVpjZGVmZ2hpanN0dXZ3eHl6g4SFhoeIiYqSk5SVlpeYmZqio6Slpqeoqaqys7S1tre4ubrCw8TFxsfIycrS09TV1tfY2drh4uPk5ebn6Onq8fLz9PX29/j5+gEAAwEBAQEBAQEBAQAAAAAAAAECAwQFBgcICQoLEQACAQIEBAMEBwUEBAABAncAAQIDEQQFITEGEkFRB2FxEyIygQgUQpGhscEJIzNS8BVictEKFiQ04SXxFxgZGiYnKCkqNTY3ODk6Q0RFRkdISUpTVFVWV1hZWmNkZWZnaGlqc3R1dnd4eXqCg4SFhoeIiYqSk5SVlpeYmZqio6Slpqeoqaqys7S1tre4ubrCw8TFxsfIycrS09TV1tfY2dri4+Tl5ufo6ery8/T19vf4+fr/2gAMAwEAAhEDEQA/AP1ToAKACgAoAKACgAoAKACgAoAKACgAoAKACgAoAKACgAoAKACgAoAKACgAoAKACgAoAKACgAoAKACgAoAKACgAoAKACgAoAKACgAoAKACgAoAKACgAoAKACgAoAKACgAoAKACgAoAKACgAoAKACgAoAKACgAoAKACgAoAKACgAoAKACgAoAKACgAoAKACgAoAKACgAoAKACgAoAKACgAoAKACgAoAKACgAoAKACgAoAKACgAoAKACgAoAKACgAoAKACgAoAKACgAoAKACgAoAKACgAoAKACgAoAKACgAoAKACgAoAKACgAoAKACgAoAKACgAoAKACgAoAKACgAoAKACgAoAKACgAoAKACgAoAKACgAoAKACgAoAKACgAoAKACgAoAKACgAoAKACgAoAKACgAoAKACgAoAKACgAoAKACgAoAKACgAoAKACgAoAKACgAoAKACgAoAKACgAoAKACgAoAKACgAoAKACgAoAKACgAoAKACgAoAKACgAoAKACgAoAKACgAoAKACgAoAKACgAoAKACgAoAKACgAoAKACgAoAKACgAoAKACgAoAKACgAoAKACgAoAKACgAoAKACgAoAKACgAoAKACgAoAKACgAoAKACgAoAKACgAoAKACgAoAKACgAoAKACgAoAKACgAoAKACgAoAKACgAoAKACgAoAKACgAoAKACgAoAKACgAoAKACgAoAKACgAoAKACgAoAKACgAoAKACgAoAKACgAoAKACgAoAKACgAoAKACgAoAKACgAoAKACgAoAKACgAoAKACgAoAKACgAoAKACgAoAKACgAoAKACgAoAKACgAoAKACgAoAKACgAoAKACgAoAKACgAoAKACgAoAKACgAoAKACgAoAKACgAoAKACgAoAKACgAoAKACgAoAKACgAoAKACgAoAKACgAoAKACgAoAKACgAoAKACgD//Z","timing":661,"timestamp":8650053854298},{"data":"/9j/4AAQSkZJRgABAQAAAQABAAD/2wCEAAMCAgMCAgMDAwMEAwMEBQgFBQQEBQoHBwYIDAoMDAsKCwsNDhIQDQ4RDgsLEBYQERMUFRUVDA8XGBYUGBIUFRQBAwQEBQQFCQUFCRQNCw0UFBQUFBQUFBQUFBQUFBQUFBQUFBQUFBQUFBQUFBQUFBQUFBQUFBQUFBQUFBQUFBQUFP/AABEIANUAeAMBEQACEQEDEQH/xAGiAAABBQEBAQEBAQAAAAAAAAAAAQIDBAUGBwgJCgsQAAIBAwMCBAMFBQQEAAABfQECAwAEEQUSITFBBhNRYQcicRQygZGhCCNCscEVUtHwJDNicoIJChYXGBkaJSYnKCkqNDU2Nzg5OkNERUZHSElKU1RVVldYWVpjZGVmZ2hpanN0dXZ3eHl6g4SFhoeIiYqSk5SVlpeYmZqio6Slpqeoqaqys7S1tre4ubrCw8TFxsfIycrS09TV1tfY2drh4uPk5ebn6Onq8fLz9PX29/j5+gEAAwEBAQEBAQEBAQAAAAAAAAECAwQFBgcICQoLEQACAQIEBAMEBwUEBAABAncAAQIDEQQFITEGEkFRB2FxEyIygQgUQpGhscEJIzNS8BVictEKFiQ04SXxFxgZGiYnKCkqNTY3ODk6Q0RFRkdISUpTVFVWV1hZWmNkZWZnaGlqc3R1dnd4eXqCg4SFhoeIiYqSk5SVlpeYmZqio6Slpqeoqaqys7S1tre4ubrCw8TFxsfIycrS09TV1tfY2dri4+Tl5ufo6ery8/T19vf4+fr/2gAMAwEAAhEDEQA/AP1ToAKACgAoAKACgAoAKACgAoAKACgAoAKACgAoAKACgAoAKACgAoAKACgAoAKACgAoAKACgAoAKACgAoAKACgAoAKACgAoAKACgAoAKACgAoAKACgAoAKACgAoAKACgAoAKACgAoAKACgAoAKACgAoAKACgAoAKACgAoAKACgAoAKACgAoAKACgAoAKACgAoAKACgAoAKACgAoAKACgAoAKACgAoAKACgAoAKACgAoAKACgAoAKACgAoAKACgAoAKACgAoAKACgAoAKACgAoAKACgAoAKACgAoAKACgAoAKACgAoAKACgAoAKACgAoAKACgAoAKACgAoAKACgAoAKACgAoAKACgAoAKACgAoAKACgAoAKACgAoAKACgAoAKACgAoAKACgAoAKACgAoAKACgAoAKACgAoAKACgAoAKACgAoAKACgAoAKACgAoAKACgAoAKACgAoAKACgAoAKACgAoAKACgAoAKACgAoAKACgAoAKACgAoAKACgAoAKACgAoAKACgAoAKACgAoAKACgAoAKACgAoAKACgAoAKACgAoAKACgAoAKACgAoAKACgAoAKACgAoAKACgAoAKACgAoAKACgAoAKACgAoAKACgAoAKACgAoAKACgAoAKACgAoAKACgAoAKACgAoAKACgAoAKACgAoAKACgAoAKACgAoAKACgAoAKACgAoAKACgAoAKACgAoAKACgAoAKACgAoAKACgAoAKACgAoAKACgAoAKACgAoAKACgAoAKACgAoAKACgAoAKACgAoAKACgAoAKACgAoAKACgAoAKACgAoAKACgAoAKACgAoAKACgAoAKACgAoAKACgAoAKACgAoAKACgAoAKACgAoAKACgAoAKACgAoAKACgAoAKACgAoAKACgAoAKACgAoAKACgAoAKACgAoAKACgAoAKACgAoAKACgAoAKACgD//Z","timing":1321,"timestamp":8.650054514898001E12},{"data":"/9j/4AAQSkZJRgABAQAAAQABAAD/2wCEAAMCAgMCAgMDAwMEAwMEBQgFBQQEBQoHBwYIDAoMDAsKCwsNDhIQDQ4RDgsLEBYQERMUFRUVDA8XGBYUGBIUFRQBAwQEBQQFCQUFCRQNCw0UFBQUFBQUFBQUFBQUFBQUFBQUFBQUFBQUFBQUFBQUFBQUFBQUFBQUFBQUFBQUFBQUFP/AABEIANUAeAMBEQACEQEDEQH/xAGiAAABBQEBAQEBAQAAAAAAAAAAAQIDBAUGBwgJCgsQAAIBAwMCBAMFBQQEAAABfQECAwAEEQUSITFBBhNRYQcicRQygZGhCCNCscEVUtHwJDNicoIJChYXGBkaJSYnKCkqNDU2Nzg5OkNERUZHSElKU1RVVldYWVpjZGVmZ2hpanN0dXZ3eHl6g4SFhoeIiYqSk5SVlpeYmZqio6Slpqeoqaqys7S1tre4ubrCw8TFxsfIycrS09TV1tfY2drh4uPk5ebn6Onq8fLz9PX29/j5+gEAAwEBAQEBAQEBAQAAAAAAAAECAwQFBgcICQoLEQACAQIEBAMEBwUEBAABAncAAQIDEQQFITEGEkFRB2FxEyIygQgUQpGhscEJIzNS8BVictEKFiQ04SXxFxgZGiYnKCkqNTY3ODk6Q0RFRkdISUpTVFVWV1hZWmNkZWZnaGlqc3R1dnd4eXqCg4SFhoeIiYqSk5SVlpeYmZqio6Slpqeoqaqys7S1tre4ubrCw8TFxsfIycrS09TV1tfY2dri4+Tl5ufo6ery8/T19vf4+fr/2gAMAwEAAhEDEQA/AP1ToAKACgAoAKACgAoAKACgAoAKACgAoAKACgAoAKACgAoAKACgAoAKACgAoAKACgAoAKACgAoAKACgAoAKACgAoAKACgAoAKACgAoAKACgAoAKACgAoAKACgAoAKACgAoAKACgAoAKACgAoAKACgAoAKACgAoAKACgAoAKACgAoAKACgAoAKACgAoAKACgAoAKACgAoAKACgAoAKACgAoAKACgAoAKACgAoAKACgAoAKACgAoAKACgAoAKACgAoAKACgAoAKACgAoAKACgAoAKACgAoAKACgAoAKACgAoAKACgAoAKACgAoAKACgAoAKACgAoAKACgAoAKACgAoAKACgAoAKACgAoAKACgAoAKACgAoAKACgAoAKACgAoAKACgAoAKACgAoAKACgAoAKACgAoAKACgAoAKACgAoAKACgAoAKACgAoAKACgAoAKACgAoAKACgAoAKACgAoAKACgAoAKACgAoAKACgAoAKACgAoAKACgAoAKACgAoAKACgAoAKACgAoAKACgAoAKACgAoAKACgAoAKACgAoAKACgAoAKACgAoAKACgAoAKACgAoAKACgAoAKACgAoAKACgAoAKACgAoAKACgAoAKACgAoAKACgAoAKACgAoAKACgAoAKACgAoAKACgAoAKACgAoAKACgAoAKACgAoAKACgAoAKACgAoAKACgAoAKACgAoAKACgAoAKACgAoAKACgAoAKACgAoAKACgAoAKACgAoAKACgAoAKACgAoAKACgAoAKACgAoAKACgAoAKACgAoAKACgAoAKACgAoAKACgAoAKACgAoAKACgAoAKACgAoAKACgAoAKACgAoAKACgAoAKACgAoAKACgAoAKACgAoAKACgAoAKACgAoAKACgAoAKACgAoAKACgAoAKACgAoAKACgAoAKACgAoAKACgAoAKACgAoAKACgD//Z","timing":1982,"timestamp":8.650055175497999E12},{"data":"/9j/4AAQSkZJRgABAQAAAQABAAD/2wCEAAMCAgMCAgMDAwMEAwMEBQgFBQQEBQoHBwYIDAoMDAsKCwsNDhIQDQ4RDgsLEBYQERMUFRUVDA8XGBYUGBIUFRQBAwQEBQQFCQUFCRQNCw0UFBQUFBQUFBQUFBQUFBQUFBQUFBQUFBQUFBQUFBQUFBQUFBQUFBQUFBQUFBQUFBQUFP/AABEIANUAeAMBEQACEQEDEQH/xAGiAAABBQEBAQEBAQAAAAAAAAAAAQIDBAUGBwgJCgsQAAIBAwMCBAMFBQQEAAABfQECAwAEEQUSITFBBhNRYQcicRQygZGhCCNCscEVUtHwJDNicoIJChYXGBkaJSYnKCkqNDU2Nzg5OkNERUZHSElKU1RVVldYWVpjZGVmZ2hpanN0dXZ3eHl6g4SFhoeIiYqSk5SVlpeYmZqio6Slpqeoqaqys7S1tre4ubrCw8TFxsfIycrS09TV1tfY2drh4uPk5ebn6Onq8fLz9PX29/j5+gEAAwEBAQEBAQEBAQAAAAAAAAECAwQFBgcICQoLEQACAQIEBAMEBwUEBAABAncAAQIDEQQFITEGEkFRB2FxEyIygQgUQpGhscEJIzNS8BVictEKFiQ04SXxFxgZGiYnKCkqNTY3ODk6Q0RFRkdISUpTVFVWV1hZWmNkZWZnaGlqc3R1dnd4eXqCg4SFhoeIiYqSk5SVlpeYmZqio6Slpqeoqaqys7S1tre4ubrCw8TFxsfIycrS09TV1tfY2dri4+Tl5ufo6ery8/T19vf4+fr/2gAMAwEAAhEDEQA/AP1ToAKACgAoAKACgAoAKACgAoAKACgAoAKACgAoAKACgAoAKACgAoAKACgAoAKACgAoAKACgAoAKACgAoAKACgAoAKACgAoAKACgAoAKACgAoAKACgAoAKACgAoAKACgAoAKACgAoAKACgAoAKACgAoAKACgAoAKACgAoAKACgAoAKACgAoAKACgAoAKACgAoAKACgAoAKACgAoAKACgAoAKACgAoAKACgAoAKACgAoAKACgAoAKACgAoAKACgAoAKACgAoAKACgAoAKACgAoAKACgAoAKACgAoAKACgAoAKACgAoAKACgAoAKACgAoAKACgAoAKACgAoAKACgAoAKACgAoAKACgAoAKACgAoAKACgAoAKACgAoAKACgAoAKACgAoAKACgAoAKACgAoAKACgAoAKACgAoAKACgAoAKACgAoAKACgAoAKACgAoAKACgAoAKACgAoAKACgAoAKACgAoAKACgAoAKACgAoAKACgAoAKACgAoAKACgAoAKACgAoAKACgAoAKACgAoAKACgAoAKACgAoAKACgAoAKACgAoAKACgAoAKACgAoAKACgAoAKACgAoAKACgAoAKACgAoAKACgAoAKACgAoAKACgAoAKACgAoAKACgAoAKACgAoAKACgAoAKACgAoAKACgAoAKACgAoAKACgAoAKACgAoAKACgAoAKACgAoAKACgAoAKACgAoAKACgAoAKACgAoAKACgAoAKACgAoAKACgAoAKACgAoAKACgAoAKACgAoAKACgAoAKACgAoAKACgAoAKACgAoAKACgAoAKACgAoAKACgAoAKACgAoAKACgAoAKACgAoAKACgAoAKACgAoAKACgAoAKACgAoAKACgAoAKACgAoAKACgAoAKACgAoAKACgAoAKACgAoAKACgAoAKACgAoAKACgAoAKACgAoAKACgAoAKACgD//Z","timing":2642,"timestamp":8650055836098},{"data":"/9j/4AAQSkZJRgABAQAAAQABAAD/2wCEAAMCAgMCAgMDAwMEAwMEBQgFBQQEBQoHBwYIDAoMDAsKCwsNDhIQDQ4RDgsLEBYQERMUFRUVDA8XGBYUGBIUFRQBAwQEBQQFCQUFCRQNCw0UFBQUFBQUFBQUFBQUFBQUFBQUFBQUFBQUFBQUFBQUFBQUFBQUFBQUFBQUFBQUFBQUFP/AABEIANUAeAMBEQACEQEDEQH/xAGiAAABBQEBAQEBAQAAAAAAAAAAAQIDBAUGBwgJCgsQAAIBAwMCBAMFBQQEAAABfQECAwAEEQUSITFBBhNRYQcicRQygZGhCCNCscEVUtHwJDNicoIJChYXGBkaJSYnKCkqNDU2Nzg5OkNERUZHSElKU1RVVldYWVpjZGVmZ2hpanN0dXZ3eHl6g4SFhoeIiYqSk5SVlpeYmZqio6Slpqeoqaqys7S1tre4ubrCw8TFxsfIycrS09TV1tfY2drh4uPk5ebn6Onq8fLz9PX29/j5+gEAAwEBAQEBAQEBAQAAAAAAAAECAwQFBgcICQoLEQACAQIEBAMEBwUEBAABAncAAQIDEQQFITEGEkFRB2FxEyIygQgUQpGhscEJIzNS8BVictEKFiQ04SXxFxgZGiYnKCkqNTY3ODk6Q0RFRkdISUpTVFVWV1hZWmNkZWZnaGlqc3R1dnd4eXqCg4SFhoeIiYqSk5SVlpeYmZqio6Slpqeoqaqys7S1tre4ubrCw8TFxsfIycrS09TV1tfY2dri4+Tl5ufo6ery8/T19vf4+fr/2gAMAwEAAhEDEQA/AP1ToAKACgAoAKACgAoAKACgAoAKACgAoAKACgAoAKACgAoAKACgAoAKACgAoAKACgAoAKACgAoAKACgAoAKACgAoAKACgAoAKACgAoAKACgAoAKACgAoAKACgAoAKACgAoAKACgAoAKACgAoAKACgAoAKACgAoAKACgAoAKACgAoAKACgAoAKACgAoAKACgAoAKACgAoAKACgAoAKACgAoAKACgAoAKACgAoAKACgAoAKACgAoAKACgAoAKACgAoAKACgAoAKACgAoAKACgAoAKACgAoAKACgAoAKACgAoAKACgAoAKACgAoAKACgAoAKACgAoAKACgAoAKACgAoAKACgAoAKACgAoAKACgAoAKACgAoAKACgAoAKACgAoAKACgAoAKACgAoAKACgAoAKACgAoAKACgAoAKACgAoAKACgAoAKACgAoAKACgAoAKACgAoAKACgAoAKACgAoAKACgAoAKACgAoAKACgAoAKACgAoAKACgAoAKACgAoAKACgAoAKACgAoAKACgAoAKACgAoAKACgAoAKACgAoAKACgAoAKACgAoAKACgAoAKACgAoAKACgAoAKACgAoAKACgAoAKACgAoAKACgAoAKACgAoAKACgAoAKACgAoAKACgAoAKACgAoAKACgAoAKACgAoAKACgAoAKACgAoAKACgAoAKACgAoAKACgAoAKACgAoAKACgAoAKACgAoAKACgAoAKACgAoAKACgAoAKACgAoAKACgAoAKACgAoAKACgAoAKACgAoAKACgAoAKACgAoAKACgAoAKACgAoAKACgAoAKACgAoAKACgAoAKACgAoAKACgAoAKACgAoAKACgAoAKACgAoAKACgAoAKACgAoAKACgAoAKACgAoAKACgAoAKACgAoAKACgAoAKACgAoAKACgAoAKACgAoAKACgAoAKACgAoAKACgD//Z","timing":3303,"timestamp":8650056496698},{"data":"/9j/4AAQSkZJRgABAQAAAQABAAD/2wCEAAMCAgMCAgMDAwMEAwMEBQgFBQQEBQoHBwYIDAoMDAsKCwsNDhIQDQ4RDgsLEBYQERMUFRUVDA8XGBYUGBIUFRQBAwQEBQQFCQUFCRQNCw0UFBQUFBQUFBQUFBQUFBQUFBQUFBQUFBQUFBQUFBQUFBQUFBQUFBQUFBQUFBQUFBQUFP/AABEIANUAeAMBEQACEQEDEQH/xAGiAAABBQEBAQEBAQAAAAAAAAAAAQIDBAUGBwgJCgsQAAIBAwMCBAMFBQQEAAABfQECAwAEEQUSITFBBhNRYQcicRQygZGhCCNCscEVUtHwJDNicoIJChYXGBkaJSYnKCkqNDU2Nzg5OkNERUZHSElKU1RVVldYWVpjZGVmZ2hpanN0dXZ3eHl6g4SFhoeIiYqSk5SVlpeYmZqio6Slpqeoqaqys7S1tre4ubrCw8TFxsfIycrS09TV1tfY2drh4uPk5ebn6Onq8fLz9PX29/j5+gEAAwEBAQEBAQEBAQAAAAAAAAECAwQFBgcICQoLEQACAQIEBAMEBwUEBAABAncAAQIDEQQFITEGEkFRB2FxEyIygQgUQpGhscEJIzNS8BVictEKFiQ04SXxFxgZGiYnKCkqNTY3ODk6Q0RFRkdISUpTVFVWV1hZWmNkZWZnaGlqc3R1dnd4eXqCg4SFhoeIiYqSk5SVlpeYmZqio6Slpqeoqaqys7S1tre4ubrCw8TFxsfIycrS09TV1tfY2dri4+Tl5ufo6ery8/T19vf4+fr/2gAMAwEAAhEDEQA/AP1ToAKACgAoAKACgAoAKACgAoAKACgAoAKACgAoAKACgAoAKACgAoAKACgAoAKACgAoAKACgAoAKACgAoAKACgAoAKACgAoAKACgAoAKACgAoAKACgAoAKACgAoAKACgAoAKACgAoAKACgAoAKACgAoAKACgAoAKACgAoAKACgAoAKACgAoAKACgAoAKACgAoAKACgAoAKACgAoAKACgAoAKACgAoAKACgAoAKACgAoAKACgAoAKACgAoAKACgAoAKACgAoAKACgAoAKACgAoAKACgAoAKACgAoAKACgAoAKACgAoAKACgAoAKACgAoAKACgAoAKACgAoAKACgAoAKACgAoAKACgAoAKACgAoAKACgAoAKACgAoAKACgAoAKACgAoAKACgAoAKACgAoAKACgAoAKACgAoAKACgAoAKACgAoAKACgAoAKACgAoAKACgAoAKACgAoAKACgAoAKACgAoAKACgAoAKACgAoAKACgAoAKACgAoAKACgAoAKACgAoAKACgAoAKACgAoAKACgAoAKACgAoAKACgAoAKACgAoAKACgAoAKACgAoAKACgAoAKACgAoAKACgAoAKACgAoAKACgAoAKACgAoAKACgAoAKACgAoAKACgAoAKACgAoAKACgAoAKACgAoAKACgAoAKACgAoAKACgAoAKACgAoAKACgAoAKACgAoAKACgAoAKACgAoAKACgAoAKACgAoAKACgAoAKACgAoAKACgAoAKACgAoAKACgAoAKACgAoAKACgAoAKACgAoAKACgAoAKACgAoAKACgAoAKACgAoAKACgAoAKACgAoAKACgAoAKACgAoAKACgAoAKACgAoAKACgAoAKACgAoAKACgAoAKACgAoAKACgAoAKACgAoAKACgAoAKACgAoAKACgAoAKACgAoAKACgAoAKACgAoAKACgAoAKACgD//Z","timing":3964,"timestamp":8650057157298},{"data":"/9j/4AAQSkZJRgABAQAAAQABAAD/2wCEAAMCAgMCAgMDAwMEAwMEBQgFBQQEBQoHBwYIDAoMDAsKCwsNDhIQDQ4RDgsLEBYQERMUFRUVDA8XGBYUGBIUFRQBAwQEBQQFCQUFCRQNCw0UFBQUFBQUFBQUFBQUFBQUFBQUFBQUFBQUFBQUFBQUFBQUFBQUFBQUFBQUFBQUFBQUFP/AABEIANUAeAMBEQACEQEDEQH/xAGiAAABBQEBAQEBAQAAAAAAAAAAAQIDBAUGBwgJCgsQAAIBAwMCBAMFBQQEAAABfQECAwAEEQUSITFBBhNRYQcicRQygZGhCCNCscEVUtHwJDNicoIJChYXGBkaJSYnKCkqNDU2Nzg5OkNERUZHSElKU1RVVldYWVpjZGVmZ2hpanN0dXZ3eHl6g4SFhoeIiYqSk5SVlpeYmZqio6Slpqeoqaqys7S1tre4ubrCw8TFxsfIycrS09TV1tfY2drh4uPk5ebn6Onq8fLz9PX29/j5+gEAAwEBAQEBAQEBAQAAAAAAAAECAwQFBgcICQoLEQACAQIEBAMEBwUEBAABAncAAQIDEQQFITEGEkFRB2FxEyIygQgUQpGhscEJIzNS8BVictEKFiQ04SXxFxgZGiYnKCkqNTY3ODk6Q0RFRkdISUpTVFVWV1hZWmNkZWZnaGlqc3R1dnd4eXqCg4SFhoeIiYqSk5SVlpeYmZqio6Slpqeoqaqys7S1tre4ubrCw8TFxsfIycrS09TV1tfY2dri4+Tl5ufo6ery8/T19vf4+fr/2gAMAwEAAhEDEQA/AP0bk8LeMEuh9l8ZJFaC8SXyp9KjlcWyxQKYA+4cs8cz+YwYjz8Y+RSQDrtMt57TTrWG5unvriOJEkuXRUaVgoBcqoABJycAYGeKALVABQAUAFABQAUAFABQAUAFABQAUAFABQAUAFABQAUAFABQAUAFABQAUAFABQAUAFABQAUAFABQAUAFABQAUAFABQAUAFABQAUAFABQAUAFABQAUAFABQAUAFABQAUAFABQAUAFACZ5xQAZGcd6AFoAKACgAoAKACgAoAKACgAoAKACgAoA8AbVfiFqEGl3Wja9oL2kFwbHVBNfwzbbgSxCKFJAD+9kHyOrcgynbuOwgA7zwHq+q2WrXll4h1fTrqG7mCaTIs8azzPGji4hMSjG6MxliQxOTICsYQAgHftOoYr1cLu2jrj6daAATI2MMDkkZBHUHH8xQAi3CMMgjGCScg4x1H1oAZp9/b6rYW97ZzR3NpcRrLDPC4dJEYZVlYEgggggg4INAFigAoAKACgAoAKACgAoAKAOF1j4PeEvFt/omq6npZvL/RpvtGmXM0syyWT/ALrJjywKZMEeQMA/N2dsgDdG+B3grw9pVrYadoUFrHaQS29rOjN9ptY5FdXWG4z5sWRI4Gxxt3HbigB+ifBfwj4c059O03TGtdMa8hvxYLdTm3ininSeIxRlysSrJGjbEAU4AIIoAst8JfC5Piwpp8kLeKgo1d4LyeJ7jClRhlcGP5SR8hXrQBj3v7O/w+1O4vJ73w5BdyXieXcCeWWRJB9qN2cozlcm4YyFsZJOCSOKAO60PRrTw5oun6Tp8XkWFhbx2tvFuLbI0UKq5YknAAGSSaAL1ABQAUAFABQAUAFABQAUAFABQAUAFABQAUAFABQAUAFABQAUAFABQAUAJuoFfWwbqAuAOaBi0AFABQAUAFABQAUAFABQAUAFABQByaS6/f6Wk1hPZf6RCjQTzRO/UZDsoZCQwK/LwRzyeldj+rNt6nn2xe2hXv8A/hODph+xHRV1EeWy/aVlMX3Y/MU7efvGXB9FTI5JEr6u90waxS2aNfTU8Qf27eG9fTv7H2D7MsMb/aC2TkuSduMbcYHr0xgxP2XKuS9zal7fm/ebG7WB1BQAUARiZec4XHXJppNkOaWjYvmqDjIz9aLMHOK6jftCEkBlJXBIz0H+Qfyos+qDnjrZiC6jP8QHtmnyvsQqsHrckVg6gggg9xSasap31Q6kMKACgAoA8ttfEXirw3YQWVxYJKIFENuLKwe4Msa+UiFmMyBGJlAwQANrMSEBau14eLfuzT+Vv8zzFi3b3qbXzv8AohsvxI15bS9mi02/ma0PMI8OTK8yllCmPdcBTkMGwSCAGyBg1Twm3vrXzGsZ/wBO39x0XhvVvEuvSasJVt9LWyvXtI/tWmyD7Qqqh81D5/KEsQD329jkDmqU+TlfNe6vp0v09TrpVOe6tazsbX2XX/8AoJ6b/wCC6T/4/WJuH2XX/wDoJ6b/AOC6T/4/QAfZdf8A+gnpv/guk/8Aj9AFQ+EoL+++26wUvbuPasfl+ZHCoDBlYRF2UOCPv9ccdK2hVnCPKmc86EJy5mMPw80JnspPs03m2f8AqZftMvmAbGQqW3bmUhjlWJBOGIyAar6xU7kfVqbdyS08CaPY209rBahLSaaO4aDcxVXRlZNoJ+VVKKQq4A7Dml7ed076r9RrDxSa6MSz+H2h6ejLb2rxhoEtm/fOxaNCxVSSckDew57YHQACvrFS/Nfrf8v8hfVafLym9a20dnbxwRLtijUIi+gAwBXO227s6klFJIlpDCgAoAKAPM/CfijTLvw1p3k+HJb1Ft1jeeJrMozL8j8mYc70IIPIIwQDTuKxb1Txfomj6ebzUPDcllatJFCJLp7KJGeWTZGoZpwuXchQM5JYAZJpDLNxr9hYxNJP4RuoYYwS8kos1RADzkmbA6Z/H3oA0YJre4hjlTwnOUkUOvy2vQ9P+WtAD/3P/QpT/wDfNr/8doAP3P8A0KU//fNr/wDHaAKP9la5dyXUmmzjw9aSW/lRWr28RkimyT5wKl0YEbV2kZ4JyOjaxnTS1WpjUhU5vdlobPh6x1eyN6dV1CO/864aWARxeX5EZxti77sYzu4znoKU3F25VYdNSSfO7mxiszQWgYUAFABQAUAFAHlFp+zT4R022uYrCbWLJrkYmki1KQlwZzPINrEqA7vLnao+WaRV2hsUAbCfA7wrH4Qm8MLb3C6JK0Tm2S4ZCrRtuRlkUh1ZWCsGDAhlBB9QDF0f9l34faBYvZ6fpc9pbM2Qkd3KNn7qSH5fm+U7JXG4YP3TnKqQAep2lstpbRQKSyxoEBbqQBigCagAoAKACgAoAKACgAoAKACgAoA4A/G3w0YfFjRTS3M3hm9isL+CFA0hlkKqixrnMjMzbFjHzuw2qrFk3AGndfEK3hj1VYdNv7y80ydreexhWMTFgYTlCzhGBjuIpAA+SG243gpQBZ1PxvbaJLdpf2V/AsLxokkVubhZQyFt48rcUQbWUtKEAKnnBBIBneHvizofivWb7TNLTUJ7mxnS3uGl0+eGNHaKOTG90A3ASoGT76kNuUbSaAJbn4o6Lptle3eoLe2FvZTtDcyPZySpbgCNvMleIOkaFJo5NzlQqFi23Y+0Ap3Hxj0Ox8R6zpN7Ff2R0y4W0a5e1MkU8zRW8gSMx7juxd26gOFLtIFTcQcAG34e8d6N4o1C9stPmuHuLOaaCTz7KeBHaKQxy+W8iKsoVxtLRlgMjnkZAOgoAKACgAoAKACgAoAKAK8thbTxSRSQRvHIwZ1ZQQxGME+p4H5UAO+xwbg3kpkcg7Rx824/qAfrQA06fatIZDbxNISGLlASSBgEnuQCRn3oAclnBHKJEhRHC7Qyrg444+nA/IUALHawxMGSJFIzghQMZOT+ZA/KgBPscGxl8lNrDDDb14xz+HFADxEinIUA8849eTQA+gAoAKACgAoAKACgAoAKACgAoAKACgAoAKACgAoAKACgAoAKACgAoAKACgAoAKACgAoAKACgAoAKACgAoAKACgAoAKACgAoAKACgAoAKACgAoAKACgAoAKACgAoAKACgAoAKACgAoAKACgAoAKACgAoAKACgAoAKACgAoAKACgAoAKACgAoAKACgAoAKACgAoAKACgAoAKACgAoAKACgAoAKACgAoAKACgAoAKACgAoAKACgAoAKACgAoAKACgAoAKACgAoAKACgAoAKACgAoAKACgAoAKACgAoAKACgAoAKACgAoAKACgAoAKACgAoAKACgAoAKACgAoAKACgAoAKACgAoAKACgAoAKACgAoAKACgAoAKACgAoAKACgAoAKACgAoAKACgAoAKACgAoAKACgAoAKACgAoAKACgAoAKACgAoAKACgAoA//9k=","timing":4624,"timestamp":8.650057817898001E12},{"data":"/9j/4AAQSkZJRgABAQAAAQABAAD/2wCEAAMCAgMCAgMDAwMEAwMEBQgFBQQEBQoHBwYIDAoMDAsKCwsNDhIQDQ4RDgsLEBYQERMUFRUVDA8XGBYUGBIUFRQBAwQEBQQFCQUFCRQNCw0UFBQUFBQUFBQUFBQUFBQUFBQUFBQUFBQUFBQUFBQUFBQUFBQUFBQUFBQUFBQUFBQUFP/AABEIANUAeAMBEQACEQEDEQH/xAGiAAABBQEBAQEBAQAAAAAAAAAAAQIDBAUGBwgJCgsQAAIBAwMCBAMFBQQEAAABfQECAwAEEQUSITFBBhNRYQcicRQygZGhCCNCscEVUtHwJDNicoIJChYXGBkaJSYnKCkqNDU2Nzg5OkNERUZHSElKU1RVVldYWVpjZGVmZ2hpanN0dXZ3eHl6g4SFhoeIiYqSk5SVlpeYmZqio6Slpqeoqaqys7S1tre4ubrCw8TFxsfIycrS09TV1tfY2drh4uPk5ebn6Onq8fLz9PX29/j5+gEAAwEBAQEBAQEBAQAAAAAAAAECAwQFBgcICQoLEQACAQIEBAMEBwUEBAABAncAAQIDEQQFITEGEkFRB2FxEyIygQgUQpGhscEJIzNS8BVictEKFiQ04SXxFxgZGiYnKCkqNTY3ODk6Q0RFRkdISUpTVFVWV1hZWmNkZWZnaGlqc3R1dnd4eXqCg4SFhoeIiYqSk5SVlpeYmZqio6Slpqeoqaqys7S1tre4ubrCw8TFxsfIycrS09TV1tfY2dri4+Tl5ufo6ery8/T19vf4+fr/2gAMAwEAAhEDEQA/AP0bk8LeMEuh9l8ZJFaC8SXyp9KjlcWyxQKYA+4cs8cz+YwYjz8Y+RSQDrtMt57TTrWG5unvriOJEkuXRUaVgoBcqoABJycAYGeKALVABQAUAFABQAUAFABQAUAFABQAUAFABQAUAFABQAUAFABQAUAFABQAUAFABQAUAFABQAUAFABQAUAFABQAUAFABQAUAFABQAUAFABQAUAFABQAUAFABQAUAFABQAUAFABQAUAFACZ5xQAZGcd6AFoAKACgAoAKACgAoAKACgAoAKACgAoA8AbVfiFqEGl3Wja9oL2kFwbHVBNfwzbbgSxCKFJAD+9kHyOrcgynbuOwgA7zwHq+q2WrXll4h1fTrqG7mCaTIs8azzPGji4hMSjG6MxliQxOTICsYQAgHftOoYr1cLu2jrj6daAATI2MMDkkZBHUHH8xQAi3CMMgjGCScg4x1H1oAZp9/b6rYW97ZzR3NpcRrLDPC4dJEYZVlYEgggggg4INAFigAoAKACgAoAKACgAoAKAOF1j4PeEvFt/omq6npZvL/RpvtGmXM0syyWT/ALrJjywKZMEeQMA/N2dsgDdG+B3grw9pVrYadoUFrHaQS29rOjN9ptY5FdXWG4z5sWRI4Gxxt3HbigB+ifBfwj4c059O03TGtdMa8hvxYLdTm3ininSeIxRlysSrJGjbEAU4AIIoAst8JfC5Piwpp8kLeKgo1d4LyeJ7jClRhlcGP5SR8hXrQBj3v7O/w+1O4vJ73w5BdyXieXcCeWWRJB9qN2cozlcm4YyFsZJOCSOKAO60PRrTw5oun6Tp8XkWFhbx2tvFuLbI0UKq5YknAAGSSaAL1ABQAUAFABQAUAFABQAUAFABQAUAFABQAUAFABQAUAFABQAUAFABQAUAJuoFfWwbqAuAOaBi0AFABQAUAFABQAUAFABQAUAFABQByaS6/f6Wk1hPZf6RCjQTzRO/UZDsoZCQwK/LwRzyeldj+rNt6nn2xe2hXv8A/hODph+xHRV1EeWy/aVlMX3Y/MU7efvGXB9FTI5JEr6u90waxS2aNfTU8Qf27eG9fTv7H2D7MsMb/aC2TkuSduMbcYHr0xgxP2XKuS9zal7fm/ebG7WB1BQAUARiZec4XHXJppNkOaWjYvmqDjIz9aLMHOK6jftCEkBlJXBIz0H+Qfyos+qDnjrZiC6jP8QHtmnyvsQqsHrckVg6gggg9xSasap31Q6kMKACgAoA8ttfEXirw3YQWVxYJKIFENuLKwe4Msa+UiFmMyBGJlAwQANrMSEBau14eLfuzT+Vv8zzFi3b3qbXzv8AohsvxI15bS9mi02/ma0PMI8OTK8yllCmPdcBTkMGwSCAGyBg1Twm3vrXzGsZ/wBO39x0XhvVvEuvSasJVt9LWyvXtI/tWmyD7Qqqh81D5/KEsQD329jkDmqU+TlfNe6vp0v09TrpVOe6tazsbX2XX/8AoJ6b/wCC6T/4/WJuH2XX/wDoJ6b/AOC6T/4/QAfZdf8A+gnpv/guk/8Aj9AFQ+EoL+++26wUvbuPasfl+ZHCoDBlYRF2UOCPv9ccdK2hVnCPKmc86EJy5mMPw80JnspPs03m2f8AqZftMvmAbGQqW3bmUhjlWJBOGIyAar6xU7kfVqbdyS08CaPY209rBahLSaaO4aDcxVXRlZNoJ+VVKKQq4A7Dml7ed076r9RrDxSa6MSz+H2h6ejLb2rxhoEtm/fOxaNCxVSSckDew57YHQACvrFS/Nfrf8v8hfVafLym9a20dnbxwRLtijUIi+gAwBXO227s6klFJIlpDCgAoAKAPM/CfijTLvw1p3k+HJb1Ft1jeeJrMozL8j8mYc70IIPIIwQDTuKxb1Txfomj6ebzUPDcllatJFCJLp7KJGeWTZGoZpwuXchQM5JYAZJpDLNxr9hYxNJP4RuoYYwS8kos1RADzkmbA6Z/H3oA0YJre4hjlTwnOUkUOvy2vQ9P+WtAD/3P/QpT/wDfNr/8doAP3P8A0KU//fNr/wDHaAKP9la5dyXUmmzjw9aSW/lRWr28RkimyT5wKl0YEbV2kZ4JyOjaxnTS1WpjUhU5vdlobPh6x1eyN6dV1CO/864aWARxeX5EZxti77sYzu4znoKU3F25VYdNSSfO7mxiszQWgYUAFABQAUAFAHlFp+zT4R022uYrCbWLJrkYmki1KQlwZzPINrEqA7vLnao+WaRV2hsUAbCfA7wrH4Qm8MLb3C6JK0Tm2S4ZCrRtuRlkUh1ZWCsGDAhlBB9QDF0f9l34faBYvZ6fpc9pbM2Qkd3KNn7qSH5fm+U7JXG4YP3TnKqQAep2lstpbRQKSyxoEBbqQBigCagAoAKACgAoAKACgAoAKACgAoA4A/G3w0YfFjRTS3M3hm9isL+CFA0hlkKqixrnMjMzbFjHzuw2qrFk3AGndfEK3hj1VYdNv7y80ydreexhWMTFgYTlCzhGBjuIpAA+SG243gpQBZ1PxvbaJLdpf2V/AsLxokkVubhZQyFt48rcUQbWUtKEAKnnBBIBneHvizofivWb7TNLTUJ7mxnS3uGl0+eGNHaKOTG90A3ASoGT76kNuUbSaAJbn4o6Lptle3eoLe2FvZTtDcyPZySpbgCNvMleIOkaFJo5NzlQqFi23Y+0Ap3Hxj0Ox8R6zpN7Ff2R0y4W0a5e1MkU8zRW8gSMx7juxd26gOFLtIFTcQcAG34e8d6N4o1C9stPmuHuLOaaCTz7KeBHaKQxy+W8iKsoVxtLRlgMjnkZAOgoAKACgAoAKACgAoAKAK8thbTxSRSQRvHIwZ1ZQQxGME+p4H5UAO+xwbg3kpkcg7Rx824/qAfrQA06fatIZDbxNISGLlASSBgEnuQCRn3oAclnBHKJEhRHC7Qyrg444+nA/IUALHawxMGSJFIzghQMZOT+ZA/KgBPscGxl8lNrDDDb14xz+HFADxEinIUA8849eTQA+gAoAKACgAoAKACgAoAKACgAoAKACgAoAKACgAoAKACgAoAKACgAoAKACgAoAKACgAoAKACgAoAKACgAoAKACgAoAKACgAoAKACgAoAKACgAoAKACgAoAKACgAoAKACgAoAKACgAoAKACgAoAKACgAoAKACgAoAKACgAoAKACgAoAKACgAoAKACgAoAKACgAoAKACgAoAKACgAoAKACgAoAKACgAoAKACgAoAKACgAoAKACgAoAKACgAoAKACgAoAKACgAoAKACgAoAKACgAoAKACgAoAKACgAoAKACgAoAKACgAoAKACgAoAKACgAoAKACgAoAKACgAoAKACgAoAKACgAoAKACgAoAKACgAoAKACgAoAKACgAoAKACgAoAKACgAoAKACgAoAKACgAoAKACgAoAKACgAoAKACgAoAKACgAoAKACgAoA//9k=","timing":5285,"timestamp":8.650058478497999E12},{"data":"/9j/4AAQSkZJRgABAQAAAQABAAD/2wCEAAMCAgMCAgMDAwMEAwMEBQgFBQQEBQoHBwYIDAoMDAsKCwsNDhIQDQ4RDgsLEBYQERMUFRUVDA8XGBYUGBIUFRQBAwQEBQQFCQUFCRQNCw0UFBQUFBQUFBQUFBQUFBQUFBQUFBQUFBQUFBQUFBQUFBQUFBQUFBQUFBQUFBQUFBQUFP/AABEIANUAeAMBEQACEQEDEQH/xAGiAAABBQEBAQEBAQAAAAAAAAAAAQIDBAUGBwgJCgsQAAIBAwMCBAMFBQQEAAABfQECAwAEEQUSITFBBhNRYQcicRQygZGhCCNCscEVUtHwJDNicoIJChYXGBkaJSYnKCkqNDU2Nzg5OkNERUZHSElKU1RVVldYWVpjZGVmZ2hpanN0dXZ3eHl6g4SFhoeIiYqSk5SVlpeYmZqio6Slpqeoqaqys7S1tre4ubrCw8TFxsfIycrS09TV1tfY2drh4uPk5ebn6Onq8fLz9PX29/j5+gEAAwEBAQEBAQEBAQAAAAAAAAECAwQFBgcICQoLEQACAQIEBAMEBwUEBAABAncAAQIDEQQFITEGEkFRB2FxEyIygQgUQpGhscEJIzNS8BVictEKFiQ04SXxFxgZGiYnKCkqNTY3ODk6Q0RFRkdISUpTVFVWV1hZWmNkZWZnaGlqc3R1dnd4eXqCg4SFhoeIiYqSk5SVlpeYmZqio6Slpqeoqaqys7S1tre4ubrCw8TFxsfIycrS09TV1tfY2dri4+Tl5ufo6ery8/T19vf4+fr/2gAMAwEAAhEDEQA/APh3wzoB168ZWcxwRAF2HXnoB78H8qANnXvA0dlYvc2csjmIFnWUg5XuRgDpQBxtABQAUAFABQAUAFABQAUAFAGhoWktrWpR2ytsXBZ3xnaB/kD8aAOp1TwFBFYSSWs8pmjUttkwQ2BnAwOKAOGoA6Hwfr8WiXcq3CnyJsbpF5KEZxx6c0AbviDxnYy6dNBaMbh5kMZ+UqFBGCeQKAOCOSaADFABigAxQAYoAMUAGKADFABigAxQBreGNXTRdVSaVS0LKUfHUA9x+VAHX6n4205bKYW7tPMylVQIwwSO5IH6UAecgYAoA3vsEH/PMUAH2CD/AJ5igA+wQf8APMUAH2CD/nmKAD7BB/zzFAB9gg/55igA+wQf88xQAfYIP+eYoAPsEH/PMUAH2CD/AJ5igA+wQf8APMUAH2CD/nmKAD7BB/zzFAB9gg/55igA+wQf88xQBYoAKACgAoAKACgAoAKACgAoAKACgAoAKACgAoAKACgAoAKACgAoAKACgAoAKACgAoAKACgAoAKACgAoAKACgAoAKACgAoAKACgAoAKACgAoAKACgAoAKACgAoAKACgAoAKACgAoAKACgAoAKACgAoAKACgAoAKACgAoAKACgAoAKACgAoAKACgAoAKACgAoAKACgAoAKACgAoAKACgAoAKACgAoAKACgAoAKACgAoAKACgAoAKACgAoAKACgAoAKACgAoAKACgAoAKACgAoAKACgBUKh13DK55A9KAOjNh4P7a7rZ/7gsP/AMl0AH2Dwh/0HNb/APBND/8AJdAB9g8If9BzW/8AwTQ//JdAB9g8If8AQc1v/wAE0P8A8l0AH2Dwh/0HNb/8E0P/AMl0AH2Dwh/0HNb/APBND/8AJdAB9g8If9BzW/8AwTQ//JdAB9g8If8AQc1v/wAE0P8A8l0AH2Dwh/0HNb/8E0P/AMl0AH2Dwh/0HNb/APBND/8AJdAB9g8If9BzW/8AwTQ//JdAB9g8If8AQc1v/wAE0P8A8l0AAsPB/fXNb/8ABND/APJdAGDerbrdyraSSS2wYiOSaMRu69iyhmCk9cBjj1NAENABQAUAFABQAUAFABQAUAFABQAUAFABQAUAFABQAUAFABQAUAFABQAUAFABQAUAFABQAUAIeQe1ACfN7UAGG9qADDe1ABhvagAw3tQAYb2oAMN7UAGG9qADDe1ABhvagAw3tQAYb2oAPm9qAFGcc9aAFoA3tM8PW1/YQzvJMjODkIwx1PtQBa/4RO0/57XH/fS//E0AH/CJ2n/Pa4/76X/4mgDI1rTI9MljSF3bepJMmCf0AoA1z4TtP+es4+jLj+VAB/widp/z2uP++l/+JoAP+ETtP+e1x/30v/xNAHP6narY38tujMyJjBY88gH+tAFegAoAKACgAoAKACgDd0nxFb2NhFBJDMXTOSgXHX60AW/+EttP+eFz+S/40AH/AAltp/zwufyX/GgDH1zVI9TljeFHQKpGJAOv4GgDYHi20xzBcZ74C/40AH/CW2n/ADwufyX/ABoAP+EttP8Anhc/kv8AjQBgandJfahLcRqyo+MB8Z6Af0oArUAFABQAUAFABQAUAFABmgAzQAUAFABmgAzQAUAFABQAUAFABQAUAFABQAUAFABQAUAFABQAUAFABQAUAFABQAUAFABQAUAFABQAUAFABQAUAFABQAUAFABQAUAFABQAUAFABQAUAFABQAUAFABQAUAFABQAUAFABQAUAFABQAUAFABQAUAFABQAUAFABQAUAFABQAUAFABQAUAFABQAUAFABQAUAFABQAUAFABQAUAFABQAUAFABQAUAFABQAUAFABQAUAFABQAUAFABQAUAFABQAUAFABQAUAFABQAUAZP9sv/AM8l/OgA/tl/+eS/nQAf2y//ADyX86AD+2X/AOeS/nQAf2y//PJfzoAP7Zf/AJ5L+dAB/bL/APPJfzoAP7Zf/nkv50AH9sv/AM8l/OgA/tl/+eS/nQAf2y//ADyX86AD+2X/AOeS/nQAf2y//PJfzoAP7Zf/AJ5L+dAB/bL/APPJfzoAz6ACgAoAKACgAoAKACgAoAKACgAoAKACgAoA/wD/2Q==","timing":5945,"timestamp":8650059139098},{"data":"/9j/4AAQSkZJRgABAQAAAQABAAD/2wCEAAMCAgMCAgMDAwMEAwMEBQgFBQQEBQoHBwYIDAoMDAsKCwsNDhIQDQ4RDgsLEBYQERMUFRUVDA8XGBYUGBIUFRQBAwQEBQQFCQUFCRQNCw0UFBQUFBQUFBQUFBQUFBQUFBQUFBQUFBQUFBQUFBQUFBQUFBQUFBQUFBQUFBQUFBQUFP/AABEIANUAeAMBEQACEQEDEQH/xAGiAAABBQEBAQEBAQAAAAAAAAAAAQIDBAUGBwgJCgsQAAIBAwMCBAMFBQQEAAABfQECAwAEEQUSITFBBhNRYQcicRQygZGhCCNCscEVUtHwJDNicoIJChYXGBkaJSYnKCkqNDU2Nzg5OkNERUZHSElKU1RVVldYWVpjZGVmZ2hpanN0dXZ3eHl6g4SFhoeIiYqSk5SVlpeYmZqio6Slpqeoqaqys7S1tre4ubrCw8TFxsfIycrS09TV1tfY2drh4uPk5ebn6Onq8fLz9PX29/j5+gEAAwEBAQEBAQEBAQAAAAAAAAECAwQFBgcICQoLEQACAQIEBAMEBwUEBAABAncAAQIDEQQFITEGEkFRB2FxEyIygQgUQpGhscEJIzNS8BVictEKFiQ04SXxFxgZGiYnKCkqNTY3ODk6Q0RFRkdISUpTVFVWV1hZWmNkZWZnaGlqc3R1dnd4eXqCg4SFhoeIiYqSk5SVlpeYmZqio6Slpqeoqaqys7S1tre4ubrCw8TFxsfIycrS09TV1tfY2dri4+Tl5ufo6ery8/T19vf4+fr/2gAMAwEAAhEDEQA/APgL9KAL2qaDqeiLE1/p1zZpI5jDTRkDdgnGemcAn8KAKNABQB0Wm/DzxFrPh2PW9P0m4v8AT5Ls2KNagSuZgYQV8tSXAzcQKGK7S0qKCWOKAJYvhh4sn0e41WPQL19Pt7Sa+lnEfypDFOlvKx7/ACSyIrDqu9SRg5oArSeAPE0M1rG2gah5l3dy2FtEsDGWW5iVDNCIwN29PNjyMZG6gCa1+G3iq+0zT9QtfDup3dpqBuPsr29q0hmEG3zmCqCdq7wC2MZDDOVbABn3/hbWNLsftl3pd5b2vmPC07wkIkisUaNz/C4YYKnB6eooAuz/AA68V215NaTeGNZiuoXijlgfT5Q8bSttiVlK5BcghQfvEYGaAII/BeuM92j6VdW72v2gSi5j8na0ADTp8+PnQMpZRyMjI5FAGLQAUAFABQAY9qAOq8VfFDxZ4206Kw13X9Q1SzilEyQXVw8iK4DAEBiccO350Acrg0AGDQB2+g/FnVvD3glvCsFlYTaVNePcXYmSQveRO1q72shDjETPZW7ZQLICnDgHFAHQW37Sfiyy0DUdHt4rGO21Bt93IwmkmmZLtry3YyPKx3QzvI6kcvvIlMoAAAOWuPiTf3njCPXrmw0+5iitWsYNIlRzZQWxthbCJF37xiMLiTf5hZd5csSxAOt+I/7TPi34nnVX1O3021m1OSWW6lsI5Y2cubcADMh2hI7S3iXbj5Y8tudmdgClrn7QXibxB4X1jQbm300WWqtdNcOkLiTM95a3bkEuRkSWcYGQflZ85JDAA6zxP+194g1vx/ceJ7Hw3oembdW/tSwtnjkme1H9pHUWieXepmDz7WfcMDB8oQh2UgHAt8ZvEMvhqx0OUW0lpZ6fLpkbFXUm3cSbVYBgrMjXF0yuV3A3EgJK7VUA4PHtQAYNABg0AGKAN46bATnyxQAn9mwf881oAP7Ng/55rQAf2bB/zzWgA/s2D/nmtAB/ZsH/ADzWgA/s2D/nmtAB/ZsH/PNaAD+zYP8AnmtAB/ZsH/PNaAD+zYP+ea0AH9mwf881oAP7Ng/55rQAf2bB/wA81oABptvn/VigC3QAUAFABQAUAFABQAUAFABQAUAFABQAUAFABQAUAFABQAUAFABQAUAFABQAUAFABQAUAFABQAUAFABQAUAFABQAUAFABQAUAFABQAUAFABQAUAFABQAUAFABQAUAFABQAUAFABQAUAFABQAUAFABQAUAFABQAUAFABQAUAFABQAUAFABQAUAFABQAUAFABQAUAFABQAUAFABQAUAFABQAUAFABQAUAFABQAUAFABQAUAFABQAUAFABQAUAFABQAUAFABQAUAFABQAUAFABQAUAFABQAUAFAHW6N8L9b8Q6XDeaatveNKkbpapMBMwaS4T5VONxBtpCQpJwQcYDFQCppvgHWNYeySyhjuJbyc20EYlCs8oUMV+bG35WQ5OANwyRzgAYngq9+0xRzz2lpC00kMlzNNiOEoQHLkAkAZzwDnHGTgEAwCMGgAoAKACgDU8K+Hrjxb4m0nQ7R4orrUruKzieYkIryOFUsQCcZIzgE47GgDuvif8DLr4c6BBrcOrwaxpT6hNpUkiqsciXMTOG+VXcFG8tipyGxjcq5FAHmNABQAUAFABQAUATwtahcyxTSOepWYKPy2n+dAD/Msf8An3uP/Ahf/iKADzLH/n3uP/Ahf/iKADzLH/n3uP8AwIX/AOIoAPMsf+fe4/8AAhf/AIigA8yx/wCfe4/8CF/+IoAPMsf+fe4/8CF/+IoAmtL+3sLuG5tkvLe4gdZYpoboI6OpyrKwTIIIBBFAGn4i8a3XilIV1BppFhLvHFGYoYhI2N8hSOJVLsQu5iNzYGScUAc5QAUAFABQAUAFABQAUAFABQAUAFABQAenvxQAgORxQAtABQAUAFABQAUAdhCvg+78LW0LyyWuuJbXEsk4Emxpcv5MR4cNnEZ4WNVG/LsWAQAs6rpHgRrCVtO128+2h5GhUxGSJkDvsVsqpy0YjIZSRuZgwTAJALkdr8PNOs724D3es3cUcEkVkbmRFmY3Q82NX+zIUIgQ/M4x+9OASnIB51QAUAFABQBseDNJtdf8YaHpd7ObWyvr6C2nnVgDHG8iqzZPHAJPPFAHr/7Unwx8JfD+Xw5ceFndBem6intWuIphGsbr5bAx9ismAWyzBAW+ctkA8IoAKACgAoAKACgBSzMqjJAHpQAmG9W/M0AGG9W/M0AByO7fmaADk92/M0AGG9W/M0AGG9W/M0AHI7t+ZoAQ5P8AE3fv7UALQAUAFABQAUAFAFDVbqS2EflttyTnigDW8OeC/FXi5NLbSLQ3f9o3j2FuPNiTzJlMClBuYYJa6gAJwCXGCcHABpN8KPHiWqzyaUyJ5d/MxM8R2pZLuuSQGJGza4PrgYyeKAOPsb+ea6jR3ypzkYHoaAJtUupbeSMRvtBBzwKAN9PAHi19B0fVzbxxWGsru06aa5hjFwfPe3wNzDpLGynOAuULEB1JAMzWND13QnmS8UQywxJM6M8ZOxmwCMMc9VOByM84oAoadezT3G133Lg9qANSgAoAKACgAoAKACgClqVm92E2Y+XPU0APs73XtP06TT7XVbq30+R2le0iuXWF3MbRsxQHBJjd0JI5ViOhIoAfJqfiGZUWTWL2QJG0KbrqQ7EaIQsq88AxKsZA/gAXpxQBRs9OlguUdiu0Z6H2NAE2pWUl06FCvygg5NAF7T9f8U6RYTWNj4g1Kysprc2kttbX0scckBZ2MTKCAULSSHaeMuxx8xyAQapqPiDXM/2lq13qJIYZu7l5eDI0jD5ieC7s59WYnqc0AVbCwltp97lcYI4NAGlQAUAFABQAUAFABQAUAFABQAUAFABQAUAFABQAUAFABQAUAFABQAUAFABQAUAFABQAUAFABQAUAFABQAUAFABQAUAFABQAUAFABQAUAFABQAUAFABQAUAFABQAUAFABQAUAFABQAUAFABQAUAFABQAUAFABQAUAFABQAUAFABQAUAFABQAUAFABQAUAFABQAUAFABQAUAFABQAUAFABQAUAFABQAUAFABQAUAFABQAUAFABQAUAFABQAUAFABQBFDaa3cXNvbxaLeS3FyI2ghjt3Z5Q5AQqoGWDEgDHXNAFjU9E8SaLIkeo+HtQsJHhFwsd1aSRsYi/liQBgDtL/ID03AjrxQBWlttZhurm1k0e7S6tTKJ4DA4kiMYcy7lxkbBHJuz02NnGDQA6Wx12GJpX0O9WJYUuGkNtJtETSCNZM4xtLsEDdCxA6mgCiNQuiHP2U/IcNwfl4J5/AE/QZoAWe+u7YZltGjGSMspAyCQf1Vh9QfSgCH+2n/55r+dAB/bT/8APNfzoAP7af8A55r+dAB/bT/881/OgA/tp/8Anmv50AH9tP8A881/OgA/tp/+ea/nQAf20/8AzzX86AD+2n/55r+dAF+/+Imv6lq0d9e3cV9e26RwJcXNpDI4WMoyHJT7w2Iu7qUXYSU+WgB2r+Pdc1e2s9PvrxLm1stscKG3iXaBLcTAAqoOPMup2I6HeBjCoFAIbTxrrGnzWuoW935UpEsUSiJNsSyIUcBdu0ArxhQAO3ODQBpW3xS8WDUpb9dalN49pLpyyyRI/k28iMjRxKVxCu2RwBGF2hjt25oAp6L8UPEWm395c298DcXlvBaXLXMMc4mhtzFJDGyupBANvEMEEEAhgQSCAUb/AMQ6neacdOuLrzbMXb3Rj2KMzFVVnzjPIA4zjj1NAGXQAUAFABQAUAFABQAUAFAH/9k=","timing":6606,"timestamp":8650059799698}]}},"score":100,"weight":0,"id":"screenshot-thumbnails"},{"result":{"displayValue":"2,800 ms","score":true,"helpText":"Consider reducing the time spent parsing, compiling and executing JS.You may find delivering smaller JS payloads helps with this.","rawValue":2799.5130100250244,"extendedInfo":{"value":{"Update Layer Tree":108.97500228881836,"Layout":432.32500076293945,"Recalculate Style":503.69400215148926,"Evaluate Script":1296.8040027618408,"Animation Frame Fired":8.261001586914062,"Minor GC":82.69900131225586,"Run Microtasks":63.02199935913086,"Parse HTML":62.446001052856445,"Paint":41.383995056152344,"Compile Script":44.90999984741211,"Composite Layers":77.99400329589844,"Parse Stylesheet":76.9990005493164}},"name":"mainthread-work-breakdown","description":"Main thread work breakdown","scoringMode":"binary","informative":true,"details":{"itemHeaders":[{"itemType":"text","text":"Category","type":"text"},{"itemType":"text","text":"Work","type":"text"},{"itemType":"text","text":"Time spent","type":"text"}],"header":"View Details","type":"table","items":[[{"text":"Script Evaluation","type":"text"},{"text":"Evaluate Script","type":"text"},{"text":"1,297 ms","type":"text"}],[{"text":"Script Evaluation","type":"text"},{"text":"Run Microtasks","type":"text"},{"text":"63 ms","type":"text"}],[{"text":"Script Evaluation","type":"text"},{"text":"Animation Frame Fired","type":"text"},{"text":"8 ms","type":"text"}],[{"text":"Style & Layout","type":"text"},{"text":"Recalculate Style","type":"text"},{"text":"504 ms","type":"text"}],[{"text":"Style & Layout","type":"text"},{"text":"Layout","type":"text"},{"text":"432 ms","type":"text"}],[{"text":"Compositing","type":"text"},{"text":"Update Layer Tree","type":"text"},{"text":"109 ms","type":"text"}],[{"text":"Compositing","type":"text"},{"text":"Composite Layers","type":"text"},{"text":"78 ms","type":"text"}],[{"text":"Parsing HTML & CSS","type":"text"},{"text":"Parse Stylesheet","type":"text"},{"text":"77 ms","type":"text"}],[{"text":"Parsing HTML & CSS","type":"text"},{"text":"Parse HTML","type":"text"},{"text":"62 ms","type":"text"}],[{"text":"Garbage collection","type":"text"},{"text":"Minor GC","type":"text"},{"text":"83 ms","type":"text"}],[{"text":"Script Parsing & Compile","type":"text"},{"text":"Compile Script","type":"text"},{"text":"45 ms","type":"text"}],[{"text":"Paint","type":"text"},{"text":"Paint","type":"text"},{"text":"41 ms","type":"text"}]]}},"score":100,"weight":0,"id":"mainthread-work-breakdown","group":"perf-info"},{"result":{"displayValue":"","score":false,"helpText":"Leverage the font-display CSS feature to ensure text is user-visible while webfonts are loading. [Learn more](https://developers.google.com/web/updates/2016/02/font-display).","rawValue":false,"name":"font-display","description":"Avoid invisible text while webfonts are loading","scoringMode":"binary","details":{"itemHeaders":[{"itemType":"url","text":"Font URL","type":"text"},{"itemType":"text","text":"Font download time","type":"text"}],"header":"View Details","type":"table","items":[[{"text":"https://fonts.gstatic.com/s/roboto/v18/KFOmCnqEu92Fr1Mu4mxK.woff2","type":"url"},{"text":"884 ms","type":"text"}],[{"text":"https://fonts.gstatic.com/s/materialicons/v37/flUhRq6tzZclQEJ-Vdg-IuiaDsNc.woff2","type":"url"},{"text":"1,066 ms","type":"text"}],[{"text":"https://fonts.gstatic.com/s/roboto/v18/KFOlCnqEu92Fr1MmEU9fBBc4.woff2","type":"url"},{"text":"875 ms","type":"text"}]]}},"score":0,"weight":0,"id":"font-display","group":"perf-info"}]},{"score":30,"name":"Progressive Web App","weight":1,"description":"These checks validate the aspects of a Progressive Web App, as specified by the baseline [PWA Checklist](https://developers.google.com/web/progressive-web-apps/checklist).","id":"pwa","audits":[{"result":{"displayValue":"","score":false,"helpText":"The service worker is the technology that enables your app to use many Progressive Web App features, such as offline, add to homescreen, and push notifications. [Learn more](https://developers.google.com/web/tools/lighthouse/audits/registered-service-worker).","rawValue":false,"name":"service-worker","description":"Does not register a service worker","scoringMode":"binary"},"score":0,"weight":1,"id":"service-worker"},{"result":{"displayValue":"","score":false,"helpText":"If you're building a Progressive Web App, consider using a service worker so that your app can work offline. [Learn more](https://developers.google.com/web/tools/lighthouse/audits/http-200-when-offline).","rawValue":false,"name":"works-offline","description":"Does not respond with a 200 when offline","scoringMode":"binary"},"score":0,"weight":1,"id":"works-offline"},{"result":{"displayValue":"","score":false,"debugString":"The page body should render some content if its scripts are not available.","helpText":"Your app should display some content when JavaScript is disabled, even if it's just a warning to the user that JavaScript is required to use the app. [Learn more](https://developers.google.com/web/tools/lighthouse/audits/no-js).","rawValue":false,"name":"without-javascript","description":"Does not provide fallback content when JavaScript is not available","scoringMode":"binary"},"score":0,"weight":1,"id":"without-javascript"},{"result":{"displayValue":"","score":false,"helpText":"If you've already set up HTTPS, make sure that you redirect all HTTP traffic to HTTPS. [Learn more](https://developers.google.com/web/tools/lighthouse/audits/http-redirects-to-https).","rawValue":false,"name":"redirects-http","description":"Does not redirect HTTP traffic to HTTPS","scoringMode":"binary"},"score":0,"weight":1,"id":"redirects-http"},{"result":{"displayValue":"","score":true,"helpText":"A fast page load over a 3G network ensures a good mobile user experience. [Learn more](https://developers.google.com/web/tools/lighthouse/audits/fast-3g).","rawValue":true,"extendedInfo":{"value":{"isFast":true,"timeToFirstInteractive":6460.149,"firstRequestLatencies":[{"latency":"566.29","url":"http://web/"},{"latency":"579.72","url":"https://cdnjs.cloudflare.com/ajax/libs/Chart.js/2.7.1/Chart.min.js"},{"latency":"571.48","url":"https://unpkg.com/vue-chartjs/dist/vue-chartjs.min.js"},{"latency":"578.93","url":"https://fonts.gstatic.com/s/roboto/v18/KFOmCnqEu92Fr1Mu4mxK.woff2"}],"areLatenciesAll3G":true}},"name":"load-fast-enough-for-pwa","description":"Page load is fast enough on 3G","scoringMode":"binary"},"score":100,"weight":1,"id":"load-fast-enough-for-pwa"},{"result":{"displayValue":"","score":false,"debugString":"Failures: No manifest was fetched, Site does not register a service worker, Service worker does not successfully serve the manifest's start_url, No usable web app manifest found on page.","helpText":"Browsers can proactively prompt users to add your app to their homescreen, which can lead to higher engagement. [Learn more](https://developers.google.com/web/tools/lighthouse/audits/install-prompt).","rawValue":false,"extendedInfo":{"value":{"failures":["No manifest was fetched","Site does not register a service worker","Service worker does not successfully serve the manifest's start_url","No usable web app manifest found on page"],"warnings":["No usable web app manifest found on page"],"manifestValues":{"parseFailureReason":"No manifest was fetched","allChecks":[],"isParseFailure":true}}},"name":"webapp-install-banner","description":"User will not be prompted to Install the Web App","scoringMode":"binary"},"score":0,"weight":1,"id":"webapp-install-banner"},{"result":{"displayValue":"","score":false,"debugString":"Failures: No manifest was fetched.","helpText":"A themed splash screen ensures a high-quality experience when users launch your app from their homescreens. [Learn more](https://developers.google.com/web/tools/lighthouse/audits/custom-splash-screen).","rawValue":false,"extendedInfo":{"value":{"failures":["No manifest was fetched"],"manifestValues":{"parseFailureReason":"No manifest was fetched","allChecks":[],"isParseFailure":true}}},"name":"splash-screen","description":"Is not configured for a custom splash screen","scoringMode":"binary"},"score":0,"weight":1,"id":"splash-screen"},{"result":{"displayValue":"","score":false,"debugString":"Failures: No manifest was fetched, No `<meta name=\"theme-color\">` tag found.","helpText":"The browser address bar can be themed to match your site. [Learn more](https://developers.google.com/web/tools/lighthouse/audits/address-bar).","rawValue":false,"extendedInfo":{"value":{"failures":["No manifest was fetched","No `<meta name=\"theme-color\">` tag found"],"themeColor":null,"manifestValues":{"parseFailureReason":"No manifest was fetched","allChecks":[],"isParseFailure":true}}},"name":"themed-omnibox","description":"Address bar does not match brand colors","scoringMode":"binary"},"score":0,"weight":1,"id":"themed-omnibox"},{"result":{"displayValue":"","score":true,"debugString":"","helpText":"Add a viewport meta tag to optimize your app for mobile screens. [Learn more](https://developers.google.com/web/tools/lighthouse/audits/has-viewport-meta-tag).","rawValue":true,"name":"viewport","description":"Has a `<meta name=\"viewport\">` tag with `width` or `initial-scale`","scoringMode":"binary"},"score":100,"weight":1,"id":"viewport"},{"result":{"displayValue":"","score":true,"debugString":"","helpText":"If the width of your app's content doesn't match the width of the viewport, your app might not be optimized for mobile screens. [Learn more](https://developers.google.com/web/tools/lighthouse/audits/content-sized-correctly-for-viewport).","rawValue":true,"name":"content-width","description":"Content is sized correctly for the viewport","scoringMode":"binary"},"score":100,"weight":1,"id":"content-width"},{"result":{"displayValue":"","score":false,"helpText":"To reach the most number of users, sites should work across every major browser. [Learn more](https://developers.google.com/web/progressive-web-apps/checklist#site-works-cross-browser).","rawValue":false,"name":"pwa-cross-browser","description":"Site works cross-browser","scoringMode":"binary","informative":true,"manual":true},"score":0,"weight":0,"id":"pwa-cross-browser","group":"manual-pwa-checks"},{"result":{"displayValue":"","score":false,"helpText":"Transitions should feel snappy as you tap around, even on a slow network, a key to perceived performance. [Learn more](https://developers.google.com/web/progressive-web-apps/checklist#page-transitions-dont-feel-like-they-block-on-the-network).","rawValue":false,"name":"pwa-page-transitions","description":"Page transitions don't feel like they block on the network","scoringMode":"binary","informative":true,"manual":true},"score":0,"weight":0,"id":"pwa-page-transitions","group":"manual-pwa-checks"},{"result":{"displayValue":"","score":false,"helpText":"Ensure individual pages are deep linkable via the URLs and that URLs are unique for the purpose of shareability on social media. [Learn more](https://developers.google.com/web/progressive-web-apps/checklist#each-page-has-a-url).","rawValue":false,"name":"pwa-each-page-has-url","description":"Each page has a URL","scoringMode":"binary","informative":true,"manual":true},"score":0,"weight":0,"id":"pwa-each-page-has-url","group":"manual-pwa-checks"}]},{"score":76.71232876712328,"name":"Accessibility","description":"These checks highlight opportunities to [improve the accessibility of your web app](https://developers.google.com/web/fundamentals/accessibility). Only a subset of accessibility issues can be automatically detected so manual testing is also encouraged.","id":"accessibility","audits":[{"result":{"displayValue":"","score":false,"helpText":"Access keys let users quickly focus a part of the page. For proper navigation, each access key must be unique. [Learn more](https://dequeuniversity.com/rules/axe/2.2/accesskeys?application=lighthouse).","rawValue":false,"name":"accesskeys","description":"`[accesskey]` values are not unique","scoringMode":"binary","informative":true,"notApplicable":true},"score":100,"weight":0,"id":"accesskeys","group":"a11y-correct-attributes"},{"result":{"displayValue":"","score":true,"helpText":"Each ARIA `role` supports a specific subset of `aria-*` attributes. Mismatching these invalidates the `aria-*` attributes. [Learn more](https://dequeuniversity.com/rules/axe/2.2/aria-allowed-attr?application=lighthouse).","rawValue":true,"extendedInfo":{},"name":"aria-allowed-attr","description":"`[aria-*]` attributes match their roles","scoringMode":"binary","details":{"header":{"text":"View failing elements","type":"text"},"type":"list","items":[]}},"score":100,"weight":3,"id":"aria-allowed-attr","group":"a11y-aria"},{"result":{"displayValue":"","score":false,"helpText":"Some ARIA roles have required attributes that describe the state of the element to screen readers. [Learn more](https://dequeuniversity.com/rules/axe/2.2/aria-required-attr?application=lighthouse).","rawValue":false,"name":"aria-required-attr","description":"`[role]`s do not have all required `[aria-*]` attributes","scoringMode":"binary","informative":true,"notApplicable":true},"score":100,"weight":0,"id":"aria-required-attr","group":"a11y-aria"},{"result":{"displayValue":"","score":false,"helpText":"Some ARIA parent roles must contain specific child roles to perform their intended accessibility functions. [Learn more](https://dequeuniversity.com/rules/axe/2.2/aria-required-children?application=lighthouse).","rawValue":false,"name":"aria-required-children","description":"Elements with `[role]` that require specific children `[role]`s, are missing.","scoringMode":"binary","informative":true,"notApplicable":true},"score":100,"weight":0,"id":"aria-required-children","group":"a11y-aria"},{"result":{"displayValue":"","score":false,"helpText":"Some ARIA child roles must be contained by specific parent roles to properly perform their intended accessibility functions. [Learn more](https://dequeuniversity.com/rules/axe/2.2/aria-required-parent?application=lighthouse).","rawValue":false,"name":"aria-required-parent","description":"`[role]`s are not contained by their required parent element","scoringMode":"binary","informative":true,"notApplicable":true},"score":100,"weight":0,"id":"aria-required-parent","group":"a11y-aria"},{"result":{"displayValue":"","score":false,"helpText":"ARIA roles must have valid values in order to perform their intended accessibility functions. [Learn more](https://dequeuniversity.com/rules/axe/2.2/aria-roles?application=lighthouse).","rawValue":false,"name":"aria-roles","description":"`[role]` values are not valid","scoringMode":"binary","informative":true,"notApplicable":true},"score":100,"weight":0,"id":"aria-roles","group":"a11y-aria"},{"result":{"displayValue":"","score":true,"helpText":"Assistive technologies, like screen readers, can't interpret ARIA attributes with invalid values. [Learn more](https://dequeuniversity.com/rules/axe/2.2/aria-valid-attr-value?application=lighthouse).","rawValue":true,"extendedInfo":{},"name":"aria-valid-attr-value","description":"`[aria-*]` attributes have valid values","scoringMode":"binary","details":{"header":{"text":"View failing elements","type":"text"},"type":"list","items":[]}},"score":100,"weight":2,"id":"aria-valid-attr-value","group":"a11y-aria"},{"result":{"displayValue":"","score":true,"helpText":"Assistive technologies, like screen readers, can't interpret ARIA attributes with invalid names. [Learn more](https://dequeuniversity.com/rules/axe/2.2/aria-valid-attr?application=lighthouse).","rawValue":true,"extendedInfo":{},"name":"aria-valid-attr","description":"`[aria-*]` attributes are valid and not misspelled","scoringMode":"binary","details":{"header":{"text":"View failing elements","type":"text"},"type":"list","items":[]}},"score":100,"weight":5,"id":"aria-valid-attr","group":"a11y-aria"},{"result":{"displayValue":"","score":false,"helpText":"Captions make audio elements usable for deaf or hearing-impaired users, providing critical information such as who is talking, what they're saying, and other non-speech information. [Learn more](https://dequeuniversity.com/rules/axe/2.2/audio-caption?application=lighthouse).","rawValue":false,"name":"audio-caption","description":"`<audio>` elements are missing a `<track>` element with `[kind=\"captions\"]`.","scoringMode":"binary","informative":true,"notApplicable":true},"score":100,"weight":0,"id":"audio-caption","group":"a11y-correct-attributes"},{"result":{"displayValue":"","score":false,"helpText":"When a button doesn't have an accessible name, screen readers announce it as \"button\", making it unusable for users who rely on screen readers. [Learn more](https://dequeuniversity.com/rules/axe/2.2/button-name?application=lighthouse).","rawValue":false,"extendedInfo":{"value":{"help":"Buttons must have discernible text","nodes":[{"failureSummary":"Fix all of the following:\n  Element is in tab order and does not have accessible text\n\nFix any of the following:\n  Element has a value attribute and the value attribute is empty\n  Element has no value attribute or the value attribute is empty\n  Element does not have inner text that is visible to screen readers\n  aria-label attribute does not exist or is empty\n  aria-labelledby attribute does not exist, references elements that do not exist or references elements that are empty or not visible\n  Element's default semantics were not overridden with role=\"presentation\"\n  Element's default semantics were not overridden with role=\"none\"","snippet":"<button type=\"button\" class=\"toolbar__side-icon btn btn--icon\">","path":"1,HTML,2,BODY,0,MAIN,0,DIV,1,DIV,2,NAV,0,DIV,0,BUTTON","impact":"critical","html":"<button type=\"button\" class=\"toolbar__side-icon btn btn--icon\"><div class=\"btn__content\"><i aria-hidden=\"true\" class=\"icon material-icons\">menu<\/i><\/div><\/button>","target":[".toolbar__side-icon"]},{"failureSummary":"Fix all of the following:\n  Element is in tab order and does not have accessible text\n\nFix any of the following:\n  Element has a value attribute and the value attribute is empty\n  Element has no value attribute or the value attribute is empty\n  Element does not have inner text that is visible to screen readers\n  aria-label attribute does not exist or is empty\n  aria-labelledby attribute does not exist, references elements that do not exist or references elements that are empty or not visible\n  Element's default semantics were not overridden with role=\"presentation\"\n  Element's default semantics were not overridden with role=\"none\"","snippet":"<button type=\"button\" class=\"btn btn--icon\">","path":"1,HTML,2,BODY,0,MAIN,0,DIV,1,DIV,2,NAV,0,DIV,4,SPAN,0,SPAN,0,BUTTON","impact":"critical","html":"<button type=\"button\" class=\"btn btn--icon\"><div class=\"btn__content\"><i aria-hidden=\"true\" class=\"icon fa fa-sign-out\"><\/i><\/div><\/button>","target":["span > .btn--icon"]}],"impact":"critical","description":"Ensures buttons have discernible text","helpUrl":"https://dequeuniversity.com/rules/axe/3.0/button-name?application=axeAPI","id":"button-name","tags":["cat.name-role-value","wcag2a","wcag412","section508","section508.22.a"]}},"name":"button-name","description":"Buttons do not have an accessible name","scoringMode":"binary","details":{"header":{"text":"View failing elements","type":"text"},"type":"list","items":[{"snippet":"<button type=\"button\" class=\"toolbar__side-icon btn btn--icon\">","path":"1,HTML,2,BODY,0,MAIN,0,DIV,1,DIV,2,NAV,0,DIV,0,BUTTON","selector":".toolbar__side-icon","type":"node"},{"snippet":"<button type=\"button\" class=\"btn btn--icon\">","path":"1,HTML,2,BODY,0,MAIN,0,DIV,1,DIV,2,NAV,0,DIV,4,SPAN,0,SPAN,0,BUTTON","selector":"span > .btn--icon","type":"node"}]}},"score":0,"weight":10,"id":"button-name","group":"a11y-element-names"},{"result":{"displayValue":"","score":true,"helpText":"Adding ways to bypass repetitive content lets keyboard users navigate the page more efficiently. [Learn more](https://dequeuniversity.com/rules/axe/2.2/bypass?application=lighthouse).","rawValue":true,"extendedInfo":{},"name":"bypass","description":"The page contains a heading, skip link, or landmark region","scoringMode":"binary","details":{"header":{"text":"View failing elements","type":"text"},"type":"list","items":[]}},"score":100,"weight":10,"id":"bypass","group":"a11y-describe-contents"},{"result":{"displayValue":"","score":true,"helpText":"Low-contrast text is difficult or impossible for many users to read. [Learn more](https://dequeuniversity.com/rules/axe/2.2/color-contrast?application=lighthouse).","rawValue":true,"extendedInfo":{},"name":"color-contrast","description":"Background and foreground colors have a sufficient contrast ratio","scoringMode":"binary","details":{"header":{"text":"View failing elements","type":"text"},"type":"list","items":[]}},"score":100,"weight":6,"id":"color-contrast","group":"a11y-color-contrast"},{"result":{"displayValue":"","score":false,"helpText":"When definition lists are not properly marked up, screen readers may produce confusing or inaccurate output. [Learn more](https://dequeuniversity.com/rules/axe/2.2/definition-list?application=lighthouse).","rawValue":false,"name":"definition-list","description":"`<dl>`'s do not contain only properly-ordered `<dt>` and `<dd>` groups, `<script>` or `<template>` elements.","scoringMode":"binary","informative":true,"notApplicable":true},"score":100,"weight":0,"id":"definition-list","group":"a11y-well-structured"},{"result":{"displayValue":"","score":false,"helpText":"Definition list items (`<dt>` and `<dd>`) must be wrapped in a parent `<dl>` element to ensure that screen readers can properly announce them. [Learn more](https://dequeuniversity.com/rules/axe/2.2/dlitem?application=lighthouse).","rawValue":false,"name":"dlitem","description":"Definition list items are not wrapped in `<dl>` elements","scoringMode":"binary","informative":true,"notApplicable":true},"score":100,"weight":0,"id":"dlitem","group":"a11y-well-structured"},{"result":{"displayValue":"","score":true,"helpText":"The title gives screen reader users an overview of the page, and search engine users rely on it heavily to determine if a page is relevant to their search. [Learn more](https://developers.google.com/web/tools/lighthouse/audits/title).","rawValue":true,"extendedInfo":{},"name":"document-title","description":"Document has a `<title>` element","scoringMode":"binary","details":{"header":{"text":"View failing elements","type":"text"},"type":"list","items":[]}},"score":100,"weight":2,"id":"document-title","group":"a11y-describe-contents"},{"result":{"displayValue":"","score":true,"helpText":"The value of an id attribute must be unique to prevent other instances from being overlooked by assistive technologies. [Learn more](https://dequeuniversity.com/rules/axe/2.2/duplicate-id?application=lighthouse).","rawValue":true,"extendedInfo":{},"name":"duplicate-id","description":"`[id]` attributes on the page are unique","scoringMode":"binary","details":{"header":{"text":"View failing elements","type":"text"},"type":"list","items":[]}},"score":100,"weight":5,"id":"duplicate-id","group":"a11y-well-structured"},{"result":{"displayValue":"","score":false,"helpText":"Screen reader users rely on frame titles to describe the contents of frames. [Learn more](https://dequeuniversity.com/rules/axe/2.2/frame-title?application=lighthouse).","rawValue":false,"name":"frame-title","description":"`<frame>` or `<iframe>` elements do not have a title","scoringMode":"binary","informative":true,"notApplicable":true},"score":100,"weight":0,"id":"frame-title","group":"a11y-describe-contents"},{"result":{"displayValue":"","score":false,"helpText":"If a page doesn't specify a lang attribute, a screen reader assumes that the page is in the default language that the user chose when setting up the screen reader. If the page isn't actually in the default language, then the screen reader might not announce the page's text correctly. [Learn more](https://dequeuniversity.com/rules/axe/2.2/html-lang?application=lighthouse).","rawValue":false,"extendedInfo":{"value":{"help":"<html> element must have a lang attribute","nodes":[{"failureSummary":"Fix any of the following:\n  The <html> element does not have a lang attribute","snippet":"<html>","path":"1,HTML","impact":"serious","html":"<html>","target":["html"]}],"impact":"serious","description":"Ensures every HTML document has a lang attribute","helpUrl":"https://dequeuniversity.com/rules/axe/3.0/html-has-lang?application=axeAPI","id":"html-has-lang","tags":["cat.language","wcag2a","wcag311"]}},"name":"html-has-lang","description":"`<html>` element does not have a `[lang]` attribute","scoringMode":"binary","details":{"header":{"text":"View failing elements","type":"text"},"type":"list","items":[{"snippet":"<html>","path":"1,HTML","selector":"html","type":"node"}]}},"score":0,"weight":4,"id":"html-has-lang","group":"a11y-language"},{"result":{"displayValue":"","score":false,"helpText":"Specifying a valid [BCP 47 language](https://www.w3.org/International/questions/qa-choosing-language-tags#question) helps screen readers announce text properly. [Learn more](https://dequeuniversity.com/rules/axe/2.2/valid-lang?application=lighthouse).","rawValue":false,"name":"html-lang-valid","description":"`<html>` element does not have a valid value for its `[lang]` attribute.","scoringMode":"binary","informative":true,"notApplicable":true},"score":100,"weight":0,"id":"html-lang-valid","group":"a11y-language"},{"result":{"displayValue":"","score":false,"helpText":"Informative elements should aim for short, descriptive alternate text. Decorative elements can be ignored with an empty alt attribute.[Learn more](https://dequeuniversity.com/rules/axe/2.2/image-alt?application=lighthouse).","rawValue":false,"name":"image-alt","description":"Image elements do not have `[alt]` attributes","scoringMode":"binary","informative":true,"notApplicable":true},"score":100,"weight":0,"id":"image-alt","group":"a11y-correct-attributes"},{"result":{"displayValue":"","score":false,"helpText":"When an image is being used as an `<input>` button, providing alternative text can help screen reader users understand the purpose of the button. [Learn more](https://dequeuniversity.com/rules/axe/2.2/input-image-alt?application=lighthouse).","rawValue":false,"name":"input-image-alt","description":"`<input type=\"image\">` elements do not have `[alt]` text","scoringMode":"binary","informative":true,"notApplicable":true},"score":100,"weight":0,"id":"input-image-alt","group":"a11y-correct-attributes"},{"result":{"displayValue":"","score":true,"helpText":"Labels ensure that form controls are announced properly by assistive technologies, like screen readers. [Learn more](https://dequeuniversity.com/rules/axe/2.2/label?application=lighthouse).","rawValue":true,"extendedInfo":{},"name":"label","description":"Form elements have associated labels","scoringMode":"binary","details":{"header":{"text":"View failing elements","type":"text"},"type":"list","items":[]}},"score":100,"weight":10,"id":"label","group":"a11y-describe-contents"},{"result":{"displayValue":"","score":false,"helpText":"A table being used for layout purposes should not include data elements, such as the th or caption elements or the summary attribute, because this can create a confusing experience for screen reader users. [Learn more](https://dequeuniversity.com/rules/axe/2.2/layout-table?application=lighthouse).","rawValue":false,"name":"layout-table","description":"Presentational `<table>` elements do not avoid using `<th>`, `<caption>` or the `[summary]` attribute.","scoringMode":"binary","informative":true,"notApplicable":true},"score":100,"weight":0,"id":"layout-table","group":"a11y-describe-contents"},{"result":{"displayValue":"","score":true,"helpText":"Link text (and alternate text for images, when used as links) that is discernible, unique, and focusable improves the navigation experience for screen reader users. [Learn more](https://dequeuniversity.com/rules/axe/2.2/link-name?application=lighthouse).","rawValue":true,"extendedInfo":{},"name":"link-name","description":"Links have a discernible name","scoringMode":"binary","details":{"header":{"text":"View failing elements","type":"text"},"type":"list","items":[]}},"score":100,"weight":9,"id":"link-name","group":"a11y-element-names"},{"result":{"displayValue":"","score":false,"helpText":"Screen readers have a specific way of announcing lists. Ensuring proper list structure aids screen reader output. [Learn more](https://dequeuniversity.com/rules/axe/2.2/list?application=lighthouse).","rawValue":false,"name":"list","description":"Lists do not contain only `<li>` elements and script supporting elements (`<script>` and `<template>`).","scoringMode":"binary","informative":true,"notApplicable":true},"score":100,"weight":0,"id":"list","group":"a11y-well-structured"},{"result":{"displayValue":"","score":false,"helpText":"Screen readers require list items (`<li>`) to be contained within a parent `<ul>` or `<ol>` to be announced properly. [Learn more](https://dequeuniversity.com/rules/axe/2.2/listitem?application=lighthouse).","rawValue":false,"name":"listitem","description":"List items (`<li>`) are not contained within `<ul>` or `<ol>` parent elements.","scoringMode":"binary","informative":true,"notApplicable":true},"score":100,"weight":0,"id":"listitem","group":"a11y-well-structured"},{"result":{"displayValue":"","score":false,"helpText":"Users do not expect a page to refresh automatically, and doing so will move focus back to the top of the page. This may create a frustrating or confusing experience. [Learn more](https://dequeuniversity.com/rules/axe/2.2/meta-refresh?application=lighthouse).","rawValue":false,"name":"meta-refresh","description":"The document uses `<meta http-equiv=\"refresh\">`","scoringMode":"binary","informative":true,"notApplicable":true},"score":100,"weight":0,"id":"meta-refresh","group":"a11y-meta"},{"result":{"displayValue":"","score":false,"helpText":"Disabling zooming is problematic for users with low vision who rely on screen magnification to properly see the contents of a web page. [Learn more](https://dequeuniversity.com/rules/axe/2.2/meta-viewport?application=lighthouse).","rawValue":false,"extendedInfo":{"value":{"help":"Zooming and scaling must not be disabled","nodes":[{"failureSummary":"Fix any of the following:\n  <meta> tag disables zooming on mobile devices","snippet":"<meta name=\"viewport\" content=\"width=device-width,initial-scale=1,maximum-scale=1,minimum-scale=1,user-scalable=no\">","path":"1,HTML,1,HEAD,1,META","impact":"critical","html":"<meta name=\"viewport\" content=\"width=device-width,initial-scale=1,maximum-scale=1,minimum-scale=1,user-scalable=no\">","target":["meta[name=\"viewport\"]"]}],"impact":"critical","description":"Ensures <meta name=\"viewport\"> does not disable text scaling and zooming","helpUrl":"https://dequeuniversity.com/rules/axe/3.0/meta-viewport?application=axeAPI","id":"meta-viewport","tags":["cat.sensory-and-visual-cues","wcag2aa","wcag144"]}},"name":"meta-viewport","description":"`[user-scalable=\"no\"]` is used in the `<meta name=\"viewport\">` element or the `[maximum-scale]` attribute is less than 5.","scoringMode":"binary","details":{"header":{"text":"View failing elements","type":"text"},"type":"list","items":[{"snippet":"<meta name=\"viewport\" content=\"width=device-width,initial-scale=1,maximum-scale=1,minimum-scale=1,user-scalable=no\">","path":"1,HTML,1,HEAD,1,META","selector":"meta[name=\"viewport\"]","type":"node"}]}},"score":0,"weight":3,"id":"meta-viewport","group":"a11y-meta"},{"result":{"displayValue":"","score":false,"helpText":"Screen readers cannot translate non-text content. Adding alt text to `<object>` elements helps screen readers convey meaning to users. [Learn more](https://dequeuniversity.com/rules/axe/2.2/object-alt?application=lighthouse).","rawValue":false,"name":"object-alt","description":"`<object>` elements do not have `[alt]` text","scoringMode":"binary","informative":true,"notApplicable":true},"score":100,"weight":0,"id":"object-alt","group":"a11y-describe-contents"},{"result":{"displayValue":"","score":true,"helpText":"A value greater than 0 implies an explicit navigation ordering. Although technically valid, this often creates frustrating experiences for users who rely on assistive technologies. [Learn more](https://dequeuniversity.com/rules/axe/2.2/tabindex?application=lighthouse).","rawValue":true,"extendedInfo":{},"name":"tabindex","description":"No element has a `[tabindex]` value greater than 0","scoringMode":"binary","details":{"header":{"text":"View failing elements","type":"text"},"type":"list","items":[]}},"score":100,"weight":4,"id":"tabindex","group":"a11y-correct-attributes"},{"result":{"displayValue":"","score":false,"helpText":"Screen readers have features to make navigating tables easier. Ensuring `<td>` cells using the `[headers]` attribute only refer to other cells in the same table may improve the experience for screen reader users. [Learn more](https://dequeuniversity.com/rules/axe/2.2/td-headers-attr?application=lighthouse).","rawValue":false,"name":"td-headers-attr","description":"Cells in a `<table>` element that use the `[headers]` attribute refers to other cells of that same table.","scoringMode":"binary","informative":true,"notApplicable":true},"score":100,"weight":0,"id":"td-headers-attr","group":"a11y-correct-attributes"},{"result":{"displayValue":"","score":false,"helpText":"Screen readers have features to make navigating tables easier. Ensuring table headers always refer to some set of cells may improve the experience for screen reader users. [Learn more](https://dequeuniversity.com/rules/axe/2.2/th-has-data-cells?application=lighthouse).","rawValue":false,"name":"th-has-data-cells","description":"`<th>` elements and elements with `[role=\"columnheader\"/\"rowheader\"]` do not have data cells they describe.","scoringMode":"binary","informative":true,"notApplicable":true},"score":100,"weight":0,"id":"th-has-data-cells","group":"a11y-correct-attributes"},{"result":{"displayValue":"","score":false,"helpText":"Specifying a valid [BCP 47 language](https://www.w3.org/International/questions/qa-choosing-language-tags#question) on elements helps ensure that text is pronounced correctly by a screen reader. [Learn more](https://dequeuniversity.com/rules/axe/2.2/valid-lang?application=lighthouse).","rawValue":false,"name":"valid-lang","description":"`[lang]` attributes do not have a valid value","scoringMode":"binary","informative":true,"notApplicable":true},"score":100,"weight":0,"id":"valid-lang","group":"a11y-language"},{"result":{"displayValue":"","score":false,"helpText":"When a video provides a caption it is easier for deaf and hearing impaired users to access its information. [Learn more](https://dequeuniversity.com/rules/axe/2.2/video-caption?application=lighthouse).","rawValue":false,"name":"video-caption","description":"`<video>` elements do not contain a `<track>` element with `[kind=\"captions\"]`.","scoringMode":"binary","informative":true,"notApplicable":true},"score":100,"weight":0,"id":"video-caption","group":"a11y-describe-contents"},{"result":{"displayValue":"","score":false,"helpText":"Audio descriptions provide relevant information for videos that dialogue cannot, such as facial expressions and scenes. [Learn more](https://dequeuniversity.com/rules/axe/2.2/video-description?application=lighthouse).","rawValue":false,"name":"video-description","description":"`<video>` elements do not contain a `<track>` element with `[kind=\"description\"]`.","scoringMode":"binary","informative":true,"notApplicable":true},"score":100,"weight":0,"id":"video-description","group":"a11y-describe-contents"},{"result":{"displayValue":"","score":false,"helpText":"Tabbing through the page follows the visual layout. Users cannot focus elements that are offscreen. [Learn more](https://developers.google.com/web/fundamentals/accessibility/how-to-review#start_with_the_keyboard).","rawValue":false,"name":"logical-tab-order","description":"The page has a logical tab order","scoringMode":"binary","informative":true,"manual":true},"score":0,"weight":0,"id":"logical-tab-order","group":"manual-a11y-checks"},{"result":{"displayValue":"","score":false,"helpText":"Custom interactive controls are keyboard focusable and display a focus indicator. [Learn more](https://developers.google.com/web/fundamentals/accessibility/how-to-review#start_with_the_keyboard).","rawValue":false,"name":"focusable-controls","description":"Interactive controls are keyboard focusable","scoringMode":"binary","informative":true,"manual":true},"score":0,"weight":0,"id":"focusable-controls","group":"manual-a11y-checks"},{"result":{"displayValue":"","score":false,"helpText":"If new content, such as a dialog, is added to the page, the user's focus is directed to it. [Learn more](https://developers.google.com/web/fundamentals/accessibility/how-to-review#start_with_the_keyboard).","rawValue":false,"name":"managed-focus","description":"The user's focus is directed to new content added to the page","scoringMode":"binary","informative":true,"manual":true},"score":0,"weight":0,"id":"managed-focus","group":"manual-a11y-checks"},{"result":{"displayValue":"","score":false,"helpText":"A user can tab into and out of any control or region without accidentally trapping their focus. [Learn more](https://developers.google.com/web/fundamentals/accessibility/how-to-review#start_with_the_keyboard).","rawValue":false,"name":"focus-traps","description":"User focus is not accidentally trapped in a region","scoringMode":"binary","informative":true,"manual":true},"score":0,"weight":0,"id":"focus-traps","group":"manual-a11y-checks"},{"result":{"displayValue":"","score":false,"helpText":"Custom interactive controls have associated labels, provided by aria-label or aria-labelledby. [Learn more](https://developers.google.com/web/fundamentals/accessibility/how-to-review#try_it_with_a_screen_reader).","rawValue":false,"name":"custom-controls-labels","description":"Custom controls have associated labels","scoringMode":"binary","informative":true,"manual":true},"score":0,"weight":0,"id":"custom-controls-labels","group":"manual-a11y-checks"},{"result":{"displayValue":"","score":false,"helpText":"Custom interactive controls have appropriate ARIA roles. [Learn more](https://developers.google.com/web/fundamentals/accessibility/how-to-review#try_it_with_a_screen_reader).","rawValue":false,"name":"custom-controls-roles","description":"Custom controls have ARIA roles","scoringMode":"binary","informative":true,"manual":true},"score":0,"weight":0,"id":"custom-controls-roles","group":"manual-a11y-checks"},{"result":{"displayValue":"","score":false,"helpText":"DOM order matches the visual order, improving navigation for assistive technology. [Learn more](https://developers.google.com/web/fundamentals/accessibility/how-to-review#try_it_with_a_screen_reader).","rawValue":false,"name":"visual-order-follows-dom","description":"Visual order on the page follows DOM order","scoringMode":"binary","informative":true,"manual":true},"score":0,"weight":0,"id":"visual-order-follows-dom","group":"manual-a11y-checks"},{"result":{"displayValue":"","score":false,"helpText":"Offscreen content is hidden with display: none or aria-hidden=true. [Learn more](https://developers.google.com/web/fundamentals/accessibility/how-to-review#try_it_with_a_screen_reader).","rawValue":false,"name":"offscreen-content-hidden","description":"Offscreen content is hidden from assistive technology","scoringMode":"binary","informative":true,"manual":true},"score":0,"weight":0,"id":"offscreen-content-hidden","group":"manual-a11y-checks"},{"result":{"displayValue":"","score":false,"helpText":"Headings are used to create an outline for the page and heading levels are not skipped. [Learn more](https://developers.google.com/web/fundamentals/accessibility/how-to-review#take_advantage_of_headings_and_landmarks).","rawValue":false,"name":"heading-levels","description":"Headings don't skip levels","scoringMode":"binary","informative":true,"manual":true},"score":0,"weight":0,"id":"heading-levels","group":"manual-a11y-checks"},{"result":{"displayValue":"","score":false,"helpText":"Landmark elements (<main>, <nav>, etc.) are used to improve the keyboard navigation of the page for assistive technology. [Learn more](https://developers.google.com/web/fundamentals/accessibility/how-to-review#take_advantage_of_headings_and_landmarks).","rawValue":false,"name":"use-landmarks","description":"HTML5 landmark elements are used to improve navigation","scoringMode":"binary","informative":true,"manual":true},"score":0,"weight":0,"id":"use-landmarks","group":"manual-a11y-checks"}]},{"score":86.66666666666667,"name":"Best Practices","description":"We've compiled some recommendations for modernizing your web app and avoiding performance pitfalls.","id":"best-practices","audits":[{"result":{"displayValue":"","score":true,"debugString":"","helpText":"Application Cache is deprecated. [Learn more](https://developers.google.com/web/tools/lighthouse/audits/appcache).","rawValue":true,"name":"appcache-manifest","description":"Avoids Application Cache","scoringMode":"binary"},"score":100,"weight":1,"id":"appcache-manifest"},{"result":{"displayValue":"","score":true,"debugString":"","helpText":"Web SQL is deprecated. Consider using IndexedDB instead. [Learn more](https://developers.google.com/web/tools/lighthouse/audits/web-sql).","rawValue":true,"name":"no-websql","description":"Avoids WebSQL DB","scoringMode":"binary"},"score":100,"weight":1,"id":"no-websql"},{"result":{"displayValue":"5 requests were not handled over HTTP/2","score":false,"helpText":"HTTP/2 offers many benefits over HTTP/1.1, including binary headers, multiplexing, and server push. [Learn more](https://developers.google.com/web/tools/lighthouse/audits/http2).","rawValue":false,"extendedInfo":{"value":{"results":[{"protocol":"http/1.1","url":"http://web/"},{"protocol":"http/1.1","url":"http://web/static/js/manifest.9f020e973ae4037504f6.js"},{"protocol":"http/1.1","url":"http://web/static/js/vendor.d1efda22f11e965a5228.js"},{"protocol":"http/1.1","url":"http://web/static/js/app.310cd52123c59f9f64a5.js"},{"protocol":"http/1.1","url":"http://web/static/css/app.a1bcfeb0daa2a3f727390086fd42ee9d.css"}]}},"name":"uses-http2","description":"Does not use HTTP/2 for all of its resources","scoringMode":"binary","details":{"itemHeaders":[{"itemType":"url","text":"URL","type":"text"},{"itemType":"text","text":"Protocol","type":"text"}],"header":"View Details","type":"table","items":[[{"text":"http://web/","type":"url"},{"text":"http/1.1","type":"text"}],[{"text":"http://web/static/js/manifest.9f020e973ae4037504f6.js","type":"url"},{"text":"http/1.1","type":"text"}],[{"text":"http://web/static/js/vendor.d1efda22f11e965a5228.js","type":"url"},{"text":"http/1.1","type":"text"}],[{"text":"http://web/static/js/app.310cd52123c59f9f64a5.js","type":"url"},{"text":"http/1.1","type":"text"}],[{"text":"http://web/static/css/app.a1bcfeb0daa2a3f727390086fd42ee9d.css","type":"url"},{"text":"http/1.1","type":"text"}]]}},"score":0,"weight":1,"id":"uses-http2"},{"result":{"displayValue":"","score":true,"helpText":"Consider marking your touch and wheel event listeners as `passive` to improve your page's scroll performance. [Learn more](https://developers.google.com/web/tools/lighthouse/audits/passive-event-listeners).","rawValue":true,"extendedInfo":{"value":[]},"name":"uses-passive-event-listeners","description":"Uses passive listeners to improve scrolling performance","scoringMode":"binary","details":{"itemHeaders":[{"itemType":"url","text":"URL","type":"text"},{"itemType":"text","text":"Location","type":"text"}],"header":"View Details","type":"table","items":[]}},"score":100,"weight":1,"id":"uses-passive-event-listeners"},{"result":{"displayValue":"","score":true,"helpText":"Mutation Events are deprecated and harm performance. Consider using Mutation Observers instead. [Learn more](https://developers.google.com/web/tools/lighthouse/audits/mutation-events).","rawValue":true,"extendedInfo":{"value":{"results":[]}},"name":"no-mutation-events","description":"Avoids Mutation Events in its own scripts","scoringMode":"binary","details":{"itemHeaders":[{"itemType":"url","text":"URL","type":"text"},{"itemType":"code","text":"Event","type":"text"},{"itemType":"text","text":"Line","type":"text"},{"itemType":"text","text":"Col","type":"text"},{"itemType":"code","text":"Snippet","type":"text"}],"header":"View Details","type":"table","items":[]}},"score":100,"weight":1,"id":"no-mutation-events"},{"result":{"displayValue":"","score":true,"helpText":"For users on slow connections, external scripts dynamically injected via `document.write()` can delay page load by tens of seconds. [Learn more](https://developers.google.com/web/tools/lighthouse/audits/document-write).","rawValue":true,"extendedInfo":{"value":[]},"name":"no-document-write","description":"Avoids `document.write()`","scoringMode":"binary","details":{"itemHeaders":[{"itemType":"url","text":"URL","type":"text"},{"itemType":"text","text":"Location","type":"text"}],"header":"View Details","type":"table","items":[]}},"score":100,"weight":1,"id":"no-document-write"},{"result":{"displayValue":"","score":true,"helpText":"Open new tabs using `rel=\"noopener\"` to improve performance and prevent security vulnerabilities. [Learn more](https://developers.google.com/web/tools/lighthouse/audits/noopener).","rawValue":true,"extendedInfo":{"value":[]},"name":"external-anchors-use-rel-noopener","description":"Opens external anchors using `rel=\"noopener\"`","scoringMode":"binary","details":{"itemHeaders":[{"itemType":"url","text":"URL","type":"text"},{"itemType":"text","text":"Target","type":"text"},{"itemType":"text","text":"Rel","type":"text"}],"header":"View Details","type":"table","items":[]}},"score":100,"weight":1,"id":"external-anchors-use-rel-noopener"},{"result":{"displayValue":"","score":true,"helpText":"Users are mistrustful of or confused by sites that request their location without context. Consider tying the request to user gestures instead. [Learn more](https://developers.google.com/web/tools/lighthouse/audits/geolocation-on-load).","rawValue":true,"extendedInfo":{"value":[]},"name":"geolocation-on-start","description":"Avoids requesting the geolocation permission on page load","scoringMode":"binary","details":{"itemHeaders":[{"itemType":"url","text":"URL","type":"text"},{"itemType":"text","text":"Location","type":"text"}],"header":"View Details","type":"table","items":[]}},"score":100,"weight":1,"id":"geolocation-on-start"},{"result":{"displayValue":"","score":true,"helpText":"Some third-party scripts may contain known security vulnerabilities  that are easily identified and exploited by attackers.","rawValue":true,"name":"no-vulnerable-libraries","description":"Avoids front-end JavaScript libraries with known security vulnerabilities","scoringMode":"binary"},"score":100,"weight":1,"id":"no-vulnerable-libraries"},{"result":{"displayValue":"","score":true,"helpText":"Users are mistrustful of or confused by sites that request to send notifications without context. Consider tying the request to user gestures instead. [Learn more](https://developers.google.com/web/tools/lighthouse/audits/notifications-on-load).","rawValue":true,"extendedInfo":{"value":[]},"name":"notification-on-start","description":"Avoids requesting the notification permission on page load","scoringMode":"binary","details":{"itemHeaders":[{"itemType":"url","text":"URL","type":"text"},{"itemType":"text","text":"Location","type":"text"}],"header":"View Details","type":"table","items":[]}},"score":100,"weight":1,"id":"notification-on-start"},{"result":{"displayValue":"","score":true,"helpText":"Deprecated APIs will eventually be removed from the browser. [Learn more](https://www.chromestatus.com/features#deprecated).","rawValue":true,"extendedInfo":{"value":[]},"name":"deprecations","description":"Avoids deprecated APIs","scoringMode":"binary","details":{"itemHeaders":[{"itemType":"code","text":"Deprecation / Warning","type":"text"},{"itemType":"url","text":"URL","type":"text"},{"itemType":"text","text":"Line","type":"text"}],"header":"View Details","type":"table","items":[]}},"score":100,"weight":1,"id":"deprecations"},{"result":{"displayValue":"","score":false,"helpText":"Make your app's `short_name` fewer than 12 characters to ensure that it's not truncated on homescreens. [Learn more](https://developers.google.com/web/tools/lighthouse/audits/manifest-short_name-is-not-truncated).","rawValue":false,"name":"manifest-short-name-length","description":"Manifest's `short_name` will be truncated when displayed on homescreen","scoringMode":"binary"},"score":0,"weight":1,"id":"manifest-short-name-length"},{"result":{"displayValue":"","score":true,"helpText":"Preventing password pasting undermines good security policy. [Learn more](https://www.ncsc.gov.uk/blog-post/let-them-paste-passwords)","rawValue":true,"extendedInfo":{"value":[]},"name":"password-inputs-can-be-pasted-into","description":"Allows users to paste into password fields","scoringMode":"binary","details":{"header":{"text":"Password inputs that prevent pasting into","type":"text"},"type":"list","items":[]}},"score":100,"weight":1,"id":"password-inputs-can-be-pasted-into"},{"result":{"displayValue":"","score":true,"helpText":"Errors logged to the console indicate unresolved problems. They can come from network request failures and other browser concerns.","rawValue":0,"name":"errors-in-console","description":"No browser errors logged to the console","scoringMode":"binary","details":{"itemHeaders":[{"itemType":"url","text":"URL","type":"text"},{"itemType":"code","text":"Description","type":"text"}],"header":"View Details","type":"table","items":[]}},"score":100,"weight":1,"id":"errors-in-console"},{"result":{"displayValue":"","score":true,"helpText":"Image display dimensions should match natural aspect ratio.","rawValue":true,"name":"image-aspect-ratio","description":"Displays images with correct aspect ratio","scoringMode":"binary","details":{"itemHeaders":[{"itemType":"thumbnail","text":"","type":"text"},{"itemType":"url","text":"URL","type":"text"},{"itemType":"text","text":"Aspect Ratio (Displayed)","type":"text"},{"itemType":"text","text":"Aspect Ratio (Actual)","type":"text"}],"header":"View Details","type":"table","items":[]}},"score":100,"weight":1,"id":"image-aspect-ratio"}]},{"score":50,"name":"SEO","description":"These checks ensure that your page is optimized for search engine results ranking. There are additional factors Lighthouse does not check that may affect your search ranking. [Learn more](https://support.google.com/webmasters/answer/35769).","id":"seo","audits":[{"result":{"displayValue":"","score":true,"debugString":"","helpText":"Add a viewport meta tag to optimize your app for mobile screens. [Learn more](https://developers.google.com/web/tools/lighthouse/audits/has-viewport-meta-tag).","rawValue":true,"name":"viewport","description":"Has a `<meta name=\"viewport\">` tag with `width` or `initial-scale`","scoringMode":"binary"},"score":100,"weight":1,"id":"viewport","group":"seo-mobile"},{"result":{"displayValue":"","score":true,"helpText":"The title gives screen reader users an overview of the page, and search engine users rely on it heavily to determine if a page is relevant to their search. [Learn more](https://developers.google.com/web/tools/lighthouse/audits/title).","rawValue":true,"extendedInfo":{},"name":"document-title","description":"Document has a `<title>` element","scoringMode":"binary","details":{"header":{"text":"View failing elements","type":"text"},"type":"list","items":[]}},"score":100,"weight":1,"id":"document-title","group":"seo-content"},{"result":{"displayValue":"","score":false,"helpText":"Meta descriptions may be included in search results to concisely summarize page content. [Learn more](https://developers.google.com/web/tools/lighthouse/audits/description).","rawValue":false,"name":"meta-description","description":"Document does not have a meta description","scoringMode":"binary"},"score":0,"weight":1,"id":"meta-description","group":"seo-content"},{"result":{"displayValue":"","score":null,"debugString":"Audit error: Unable to identify the main resource","helpText":"Pages with unsuccessful HTTP status codes may not be indexed properly. [Learn more](https://developers.google.com/web/tools/lighthouse/audits/successful-http-code).","rawValue":null,"name":"http-status-code","description":"Page has unsuccessful HTTP status code","scoringMode":"binary","error":true},"score":0,"weight":1,"id":"http-status-code","group":"seo-crawl"},{"result":{"displayValue":"","score":true,"helpText":"Descriptive link text helps search engines understand your content. [Learn more](https://developers.google.com/web/tools/lighthouse/audits/descriptive-link-text).","rawValue":true,"name":"link-text","description":"Links have descriptive text","scoringMode":"binary","details":{"itemHeaders":[{"itemType":"url","text":"Link destination","type":"text"},{"itemType":"text","text":"Link Text","type":"text"}],"header":"View Details","type":"table","items":[]}},"score":100,"weight":1,"id":"link-text","group":"seo-content"},{"result":{"displayValue":"","score":null,"debugString":"Audit error: Unable to identify the main resource","helpText":"Search engines are unable to include your pages in search results if they don't have permission to crawl them. [Learn more](https://developers.google.com/web/tools/lighthouse/audits/indexing).","rawValue":null,"name":"is-crawlable","description":"Page is blocked from indexing","scoringMode":"binary","error":true},"score":0,"weight":1,"id":"is-crawlable","group":"seo-crawl"},{"result":{"displayValue":"","score":null,"debugString":"Audit error: Unable to identify the main resource","helpText":"hreflang allows crawlers to discover alternate translations of the page content. [Learn more](https://support.google.com/webmasters/answer/189077).","rawValue":null,"name":"hreflang","description":"Document doesn't have a valid `hreflang`","scoringMode":"binary","error":true},"score":0,"weight":1,"id":"hreflang","group":"seo-content"},{"result":{"displayValue":"","score":null,"debugString":"Audit error: Unable to identify the main resource","helpText":"Canonical links suggest which URL to show in search results. [Learn more](https://developers.google.com/web/tools/lighthouse/audits/canonical).","rawValue":null,"name":"canonical","description":"Document does not have a valid `rel=canonical`","scoringMode":"binary","error":true},"score":0,"weight":1,"id":"canonical","group":"seo-content"},{"result":{"displayValue":"","score":true,"debugString":null,"helpText":"Font sizes less than 12px are too small to be legible and require mobile visitors to \u201cpinch to zoom\u201d in order to read. Strive to have >60% of page text ≥12px. [Learn more](https://developers.google.com/web/tools/lighthouse/audits/font-sizes).","rawValue":true,"name":"font-size","description":"Document uses legible font sizes","scoringMode":"binary","details":{"itemHeaders":[{"itemType":"url","text":"Source","type":"text"},{"itemType":"code","text":"Selector","type":"text"},{"itemType":"text","text":"% of Page Text","type":"text"},{"itemType":"text","text":"Font Size","type":"text"}],"header":"View Details","type":"table","items":[[{"text":"Legible text","type":"url"},{"text":null,"type":"code"},{"text":"100.00%","type":"text"},{"text":"≥ 12px","type":"text"}]]}},"score":100,"weight":1,"id":"font-size","group":"seo-mobile"},{"result":{"displayValue":"","score":true,"helpText":"Most mobile devices do not support plugins, and many desktop browsers restrict them.","rawValue":true,"name":"plugins","description":"Document avoids plugins","scoringMode":"binary","details":{"itemHeaders":[{"itemType":"code","text":"Element source","type":"text"}],"header":"View Details","type":"table","items":[]}},"score":100,"weight":1,"id":"plugins","group":"seo-content"},{"result":{"displayValue":"","score":false,"helpText":"Take the [Mobile-Friendly Test](https://search.google.com/test/mobile-friendly) to check for audits not covered by Lighthouse, like sizing tap targets appropriately. [Learn more](https://developers.google.com/search/mobile-sites/).","rawValue":false,"name":"mobile-friendly","description":"Page is mobile friendly","scoringMode":"binary","informative":true,"manual":true},"score":0,"weight":0,"id":"mobile-friendly","group":"manual-seo-checks"},{"result":{"displayValue":"","score":false,"helpText":"Run the [Structured Data Testing Tool](https://search.google.com/structured-data/testing-tool/) and the [Structured Data Linter](http://linter.structured-data.org/) to validate structured data. [Learn more](https://developers.google.com/search/docs/guides/mark-up-content).","rawValue":false,"name":"structured-data","description":"Structured data is valid","scoringMode":"binary","informative":true,"manual":true},"score":0,"weight":0,"id":"structured-data","group":"manual-seo-checks"}]}],"timing":{"total":19151},"reportGroups":{"a11y-color-contrast":{"description":"These are opportunities to improve the legibility of your content.","title":"Color Contrast Is Satisfactory"},"perf-metric":{"description":"These metrics encapsulate your web app's performance across a number of dimensions.","title":"Metrics"},"a11y-aria":{"description":"These are opportunities to improve the usage of ARIA in your application which may enhance the experience for users of assistive technology, like a screen reader.","title":"ARIA Attributes Follow Best Practices"},"a11y-element-names":{"description":"These are opportunities to improve the semantics of the controls in your application. This may enhance the experience for users of assistive technology, like a screen reader.","title":"Elements Have Discernible Names"},"a11y-well-structured":{"description":"These are opportunities to make sure your HTML is appropriately structured.","title":"Elements Are Well Structured"},"seo-content":{"description":"Format your HTML in a way that enables crawlers to better understand your app\u2019s content.","title":"Content Best Practices"},"a11y-correct-attributes":{"description":"These are opportunities to improve the configuration of your HTML elements.","title":"Elements Use Attributes Correctly"},"perf-hint":{"description":"These are opportunities to speed up your application by optimizing the following resources.","title":"Opportunities"},"seo-crawl":{"description":"To appear in search results, crawlers need access to your app.","title":"Crawling and Indexing"},"a11y-describe-contents":{"description":"These are opportunities to make your content easier to understand for a user of assistive technology, like a screen reader.","title":"Elements Describe Contents Well"},"a11y-language":{"description":"These are opportunities to improve the interpretation of your content by users in different locales.","title":"Page Specifies Valid Language"},"manual-a11y-checks":{"description":"These items address areas which an automated testing tool cannot cover. Learn more in our guide on [conducting an accessibility review](https://developers.google.com/web/fundamentals/accessibility/how-to-review).","title":"Additional items to manually check"},"seo-mobile":{"description":"Make sure your pages are mobile friendly so users don\u2019t have to pinch or zoom in order to read the content pages. [Learn more](https://developers.google.com/search/mobile-sites/).","title":"Mobile Friendly"},"perf-info":{"description":"More information about the performance of your application.","title":"Diagnostics"},"manual-pwa-checks":{"description":"These checks are required by the baseline [PWA Checklist](https://developers.google.com/web/progressive-web-apps/checklist) but are not automatically checked by Lighthouse. They do not affect your score but it's important that you verify them manually.","title":"Additional items to manually check"},"a11y-meta":{"description":"These are opportunities to improve the user experience of your site.","title":"Meta Tags Used Properly"},"manual-seo-checks":{"description":"Run these additional validators on your site to check additional SEO best practices.","title":"Additional items to manually check"}},"runWarnings":[],"userAgent":"Mozilla/5.0 (X11; Linux x86_64) AppleWebKit/537.36 (KHTML, like Gecko) HeadlessChrome/69.0.3458.0 Safari/537.36","runtimeConfig":{"blockedUrlPatterns":[],"environment":[{"name":"Device Emulation","description":"Nexus 5X","enabled":true},{"name":"Network Throttling","description":"562.5ms RTT, 1.4Mbps down, 0.7Mbps up","enabled":true},{"name":"CPU Throttling","description":"4x slowdown","enabled":true}],"extraHeaders":{}},"lighthouseVersion":"2.9.4","audits":{"plugins":{"displayValue":"","score":true,"helpText":"Most mobile devices do not support plugins, and many desktop browsers restrict them.","rawValue":true,"name":"plugins","description":"Document avoids plugins","scoringMode":"binary","details":{"itemHeaders":[{"itemType":"code","text":"Element source","type":"text"}],"header":"View Details","type":"table","items":[]}},"aria-required-parent":{"displayValue":"","score":false,"helpText":"Some ARIA child roles must be contained by specific parent roles to properly perform their intended accessibility functions. [Learn more](https://dequeuniversity.com/rules/axe/2.2/aria-required-parent?application=lighthouse).","rawValue":false,"name":"aria-required-parent","description":"`[role]`s are not contained by their required parent element","scoringMode":"binary","informative":true,"notApplicable":true},"custom-controls-labels":{"displayValue":"","score":false,"helpText":"Custom interactive controls have associated labels, provided by aria-label or aria-labelledby. [Learn more](https://developers.google.com/web/fundamentals/accessibility/how-to-review#try_it_with_a_screen_reader).","rawValue":false,"name":"custom-controls-labels","description":"Custom controls have associated labels","scoringMode":"binary","informative":true,"manual":true},"link-name":{"displayValue":"","score":true,"helpText":"Link text (and alternate text for images, when used as links) that is discernible, unique, and focusable improves the navigation experience for screen reader users. [Learn more](https://dequeuniversity.com/rules/axe/2.2/link-name?application=lighthouse).","rawValue":true,"extendedInfo":{},"name":"link-name","description":"Links have a discernible name","scoringMode":"binary","details":{"header":{"text":"View failing elements","type":"text"},"type":"list","items":[]}},"offscreen-images":{"displayValue":"","score":100,"helpText":"Consider lazy-loading offscreen and hidden images to improve page load speed and time to interactive. [Learn more](https://developers.google.com/web/tools/lighthouse/audits/offscreen-images).","rawValue":0,"extendedInfo":{"value":{"wastedKb":0,"wastedMs":0,"results":[]}},"name":"offscreen-images","description":"Offscreen images","scoringMode":"binary","informative":true,"details":{"itemHeaders":[{"itemType":"thumbnail","text":"","type":"text"},{"itemType":"url","text":"URL","type":"text"},{"itemType":"text","text":"Original","type":"text"},{"itemType":"text","text":"Potential Savings","type":"text"}],"header":"View Details","type":"table","items":[]}},"first-interactive":{"displayValue":"6,460 ms","score":71,"helpText":"First Interactive marks the time at which the page is minimally interactive. [Learn more](https://developers.google.com/web/tools/lighthouse/audits/first-interactive).","rawValue":6460.149,"extendedInfo":{"value":{"timeInMs":6460.149,"timestamp":8650059653847}},"name":"first-interactive","description":"First Interactive (beta)","scoringMode":"numeric"},"button-name":{"displayValue":"","score":false,"helpText":"When a button doesn't have an accessible name, screen readers announce it as \"button\", making it unusable for users who rely on screen readers. [Learn more](https://dequeuniversity.com/rules/axe/2.2/button-name?application=lighthouse).","rawValue":false,"extendedInfo":{"value":{"help":"Buttons must have discernible text","nodes":[{"failureSummary":"Fix all of the following:\n  Element is in tab order and does not have accessible text\n\nFix any of the following:\n  Element has a value attribute and the value attribute is empty\n  Element has no value attribute or the value attribute is empty\n  Element does not have inner text that is visible to screen readers\n  aria-label attribute does not exist or is empty\n  aria-labelledby attribute does not exist, references elements that do not exist or references elements that are empty or not visible\n  Element's default semantics were not overridden with role=\"presentation\"\n  Element's default semantics were not overridden with role=\"none\"","snippet":"<button type=\"button\" class=\"toolbar__side-icon btn btn--icon\">","path":"1,HTML,2,BODY,0,MAIN,0,DIV,1,DIV,2,NAV,0,DIV,0,BUTTON","impact":"critical","html":"<button type=\"button\" class=\"toolbar__side-icon btn btn--icon\"><div class=\"btn__content\"><i aria-hidden=\"true\" class=\"icon material-icons\">menu<\/i><\/div><\/button>","target":[".toolbar__side-icon"]},{"failureSummary":"Fix all of the following:\n  Element is in tab order and does not have accessible text\n\nFix any of the following:\n  Element has a value attribute and the value attribute is empty\n  Element has no value attribute or the value attribute is empty\n  Element does not have inner text that is visible to screen readers\n  aria-label attribute does not exist or is empty\n  aria-labelledby attribute does not exist, references elements that do not exist or references elements that are empty or not visible\n  Element's default semantics were not overridden with role=\"presentation\"\n  Element's default semantics were not overridden with role=\"none\"","snippet":"<button type=\"button\" class=\"btn btn--icon\">","path":"1,HTML,2,BODY,0,MAIN,0,DIV,1,DIV,2,NAV,0,DIV,4,SPAN,0,SPAN,0,BUTTON","impact":"critical","html":"<button type=\"button\" class=\"btn btn--icon\"><div class=\"btn__content\"><i aria-hidden=\"true\" class=\"icon fa fa-sign-out\"><\/i><\/div><\/button>","target":["span > .btn--icon"]}],"impact":"critical","description":"Ensures buttons have discernible text","helpUrl":"https://dequeuniversity.com/rules/axe/3.0/button-name?application=axeAPI","id":"button-name","tags":["cat.name-role-value","wcag2a","wcag412","section508","section508.22.a"]}},"name":"button-name","description":"Buttons do not have an accessible name","scoringMode":"binary","details":{"header":{"text":"View failing elements","type":"text"},"type":"list","items":[{"snippet":"<button type=\"button\" class=\"toolbar__side-icon btn btn--icon\">","path":"1,HTML,2,BODY,0,MAIN,0,DIV,1,DIV,2,NAV,0,DIV,0,BUTTON","selector":".toolbar__side-icon","type":"node"},{"snippet":"<button type=\"button\" class=\"btn btn--icon\">","path":"1,HTML,2,BODY,0,MAIN,0,DIV,1,DIV,2,NAV,0,DIV,4,SPAN,0,SPAN,0,BUTTON","selector":"span > .btn--icon","type":"node"}]}},"unminified-css":{"displayValue":"","score":100,"helpText":"Minifying CSS files can reduce network payload sizes. [Learn more](https://developers.google.com/speed/docs/insights/MinifyResources).","rawValue":0,"extendedInfo":{"value":{"wastedKb":0,"wastedMs":0,"results":[]}},"name":"unminified-css","description":"Minify CSS","scoringMode":"binary","informative":true,"details":{"itemHeaders":[{"itemType":"url","text":"URL","type":"text"},{"itemType":"text","text":"Original","type":"text"},{"itemType":"text","text":"Potential Savings","type":"text"}],"header":"View Details","type":"table","items":[]}},"input-image-alt":{"displayValue":"","score":false,"helpText":"When an image is being used as an `<input>` button, providing alternative text can help screen reader users understand the purpose of the button. [Learn more](https://dequeuniversity.com/rules/axe/2.2/input-image-alt?application=lighthouse).","rawValue":false,"name":"input-image-alt","description":"`<input type=\"image\">` elements do not have `[alt]` text","scoringMode":"binary","informative":true,"notApplicable":true},"uses-http2":{"displayValue":"5 requests were not handled over HTTP/2","score":false,"helpText":"HTTP/2 offers many benefits over HTTP/1.1, including binary headers, multiplexing, and server push. [Learn more](https://developers.google.com/web/tools/lighthouse/audits/http2).","rawValue":false,"extendedInfo":{"value":{"results":[{"protocol":"http/1.1","url":"http://web/"},{"protocol":"http/1.1","url":"http://web/static/js/manifest.9f020e973ae4037504f6.js"},{"protocol":"http/1.1","url":"http://web/static/js/vendor.d1efda22f11e965a5228.js"},{"protocol":"http/1.1","url":"http://web/static/js/app.310cd52123c59f9f64a5.js"},{"protocol":"http/1.1","url":"http://web/static/css/app.a1bcfeb0daa2a3f727390086fd42ee9d.css"}]}},"name":"uses-http2","description":"Does not use HTTP/2 for all of its resources","scoringMode":"binary","details":{"itemHeaders":[{"itemType":"url","text":"URL","type":"text"},{"itemType":"text","text":"Protocol","type":"text"}],"header":"View Details","type":"table","items":[[{"text":"http://web/","type":"url"},{"text":"http/1.1","type":"text"}],[{"text":"http://web/static/js/manifest.9f020e973ae4037504f6.js","type":"url"},{"text":"http/1.1","type":"text"}],[{"text":"http://web/static/js/vendor.d1efda22f11e965a5228.js","type":"url"},{"text":"http/1.1","type":"text"}],[{"text":"http://web/static/js/app.310cd52123c59f9f64a5.js","type":"url"},{"text":"http/1.1","type":"text"}],[{"text":"http://web/static/css/app.a1bcfeb0daa2a3f727390086fd42ee9d.css","type":"url"},{"text":"http/1.1","type":"text"}]]}},"th-has-data-cells":{"displayValue":"","score":false,"helpText":"Screen readers have features to make navigating tables easier. Ensuring table headers always refer to some set of cells may improve the experience for screen reader users. [Learn more](https://dequeuniversity.com/rules/axe/2.2/th-has-data-cells?application=lighthouse).","rawValue":false,"name":"th-has-data-cells","description":"`<th>` elements and elements with `[role=\"columnheader\"/\"rowheader\"]` do not have data cells they describe.","scoringMode":"binary","informative":true,"notApplicable":true},"tabindex":{"displayValue":"","score":true,"helpText":"A value greater than 0 implies an explicit navigation ordering. Although technically valid, this often creates frustrating experiences for users who rely on assistive technologies. [Learn more](https://dequeuniversity.com/rules/axe/2.2/tabindex?application=lighthouse).","rawValue":true,"extendedInfo":{},"name":"tabindex","description":"No element has a `[tabindex]` value greater than 0","scoringMode":"binary","details":{"header":{"text":"View failing elements","type":"text"},"type":"list","items":[]}},"uses-long-cache-ttl":{"displayValue":"0 assets found","score":100,"helpText":"A long cache lifetime can speed up repeat visits to your page. [Learn more](https://developers.google.com/web/fundamentals/performance/optimizing-content-efficiency/http-caching#cache-control).","rawValue":0,"extendedInfo":{"value":{"queryStringCount":0,"results":[]}},"name":"uses-long-cache-ttl","description":"Uses efficient cache policy on static assets","scoringMode":"numeric","details":{"itemHeaders":[{"itemType":"url","text":"URL","type":"text"},{"itemType":"text","text":"Cache TTL","type":"text"},{"itemType":"text","text":"Size (KB)","type":"text"}],"header":"View Details","type":"table","items":[]}},"without-javascript":{"displayValue":"","score":false,"debugString":"The page body should render some content if its scripts are not available.","helpText":"Your app should display some content when JavaScript is disabled, even if it's just a warning to the user that JavaScript is required to use the app. [Learn more](https://developers.google.com/web/tools/lighthouse/audits/no-js).","rawValue":false,"name":"without-javascript","description":"Does not provide fallback content when JavaScript is not available","scoringMode":"binary"},"uses-responsive-images":{"displayValue":"","score":100,"helpText":"Serve images that are appropriately-sized to save cellular data and improve load time. [Learn more](https://developers.google.com/web/tools/lighthouse/audits/oversized-images).","rawValue":0,"extendedInfo":{"value":{"wastedKb":0,"wastedMs":0,"results":[]}},"name":"uses-responsive-images","description":"Properly size images","scoringMode":"binary","informative":true,"details":{"itemHeaders":[{"itemType":"thumbnail","text":"","type":"text"},{"itemType":"url","text":"URL","type":"text"},{"itemType":"text","text":"Original","type":"text"},{"itemType":"text","text":"Potential Savings","type":"text"}],"header":"View Details","type":"table","items":[]}},"frame-title":{"displayValue":"","score":false,"helpText":"Screen reader users rely on frame titles to describe the contents of frames. [Learn more](https://dequeuniversity.com/rules/axe/2.2/frame-title?application=lighthouse).","rawValue":false,"name":"frame-title","description":"`<frame>` or `<iframe>` elements do not have a title","scoringMode":"binary","informative":true,"notApplicable":true},"link-blocking-first-paint":{"displayValue":"","score":100,"helpText":"External stylesheets are blocking the first paint of your page. Consider delivering critical CSS via `<style>` tags and deferring non-critical styles. [Learn more](https://developers.google.com/web/tools/lighthouse/audits/blocking-resources).","rawValue":0,"extendedInfo":{"value":{"wastedMs":"0 ms","results":[]}},"name":"link-blocking-first-paint","description":"Reduce render-blocking stylesheets","scoringMode":"binary","informative":true,"details":{"itemHeaders":[{"itemType":"url","text":"URL","type":"text"},{"itemType":"text","text":"Size (KB)","type":"text"},{"itemType":"text","text":"Delayed Paint By (ms)","type":"text"}],"header":"View Details","type":"table","items":[]}},"mobile-friendly":{"displayValue":"","score":false,"helpText":"Take the [Mobile-Friendly Test](https://search.google.com/test/mobile-friendly) to check for audits not covered by Lighthouse, like sizing tap targets appropriately. [Learn more](https://developers.google.com/search/mobile-sites/).","rawValue":false,"name":"mobile-friendly","description":"Page is mobile friendly","scoringMode":"binary","informative":true,"manual":true},"script-blocking-first-paint":{"displayValue":"","score":100,"helpText":"Script elements are blocking the first paint of your page. Consider inlining critical scripts and deferring non-critical ones. [Learn more](https://developers.google.com/web/tools/lighthouse/audits/blocking-resources).","rawValue":0,"extendedInfo":{"value":{"wastedMs":"0 ms","results":[]}},"name":"script-blocking-first-paint","description":"Reduce render-blocking scripts","scoringMode":"binary","informative":true,"details":{"itemHeaders":[{"itemType":"url","text":"URL","type":"text"},{"itemType":"text","text":"Size (KB)","type":"text"},{"itemType":"text","text":"Delayed Paint By (ms)","type":"text"}],"header":"View Details","type":"table","items":[]}},"managed-focus":{"displayValue":"","score":false,"helpText":"If new content, such as a dialog, is added to the page, the user's focus is directed to it. [Learn more](https://developers.google.com/web/fundamentals/accessibility/how-to-review#start_with_the_keyboard).","rawValue":false,"name":"managed-focus","description":"The user's focus is directed to new content added to the page","scoringMode":"binary","informative":true,"manual":true},"pwa-cross-browser":{"displayValue":"","score":false,"helpText":"To reach the most number of users, sites should work across every major browser. [Learn more](https://developers.google.com/web/progressive-web-apps/checklist#site-works-cross-browser).","rawValue":false,"name":"pwa-cross-browser","description":"Site works cross-browser","scoringMode":"binary","informative":true,"manual":true},"time-to-first-byte":{"displayValue":"","score":null,"debugString":"Audit error: Cannot read property '_timing' of undefined","helpText":"Time To First Byte identifies the time at which your server sends a response. [Learn more](https://developers.google.com/web/tools/chrome-devtools/network-performance/issues).","rawValue":null,"name":"time-to-first-byte","description":"Keep server response times low (TTFB)","scoringMode":"binary","informative":true,"error":true},"video-description":{"displayValue":"","score":false,"helpText":"Audio descriptions provide relevant information for videos that dialogue cannot, such as facial expressions and scenes. [Learn more](https://dequeuniversity.com/rules/axe/2.2/video-description?application=lighthouse).","rawValue":false,"name":"video-description","description":"`<video>` elements do not contain a `<track>` element with `[kind=\"description\"]`.","scoringMode":"binary","informative":true,"notApplicable":true},"document-title":{"displayValue":"","score":true,"helpText":"The title gives screen reader users an overview of the page, and search engine users rely on it heavily to determine if a page is relevant to their search. [Learn more](https://developers.google.com/web/tools/lighthouse/audits/title).","rawValue":true,"extendedInfo":{},"name":"document-title","description":"Document has a `<title>` element","scoringMode":"binary","details":{"header":{"text":"View failing elements","type":"text"},"type":"list","items":[]}},"external-anchors-use-rel-noopener":{"displayValue":"","score":true,"helpText":"Open new tabs using `rel=\"noopener\"` to improve performance and prevent security vulnerabilities. [Learn more](https://developers.google.com/web/tools/lighthouse/audits/noopener).","rawValue":true,"extendedInfo":{"value":[]},"name":"external-anchors-use-rel-noopener","description":"Opens external anchors using `rel=\"noopener\"`","scoringMode":"binary","details":{"itemHeaders":[{"itemType":"url","text":"URL","type":"text"},{"itemType":"text","text":"Target","type":"text"},{"itemType":"text","text":"Rel","type":"text"}],"header":"View Details","type":"table","items":[]}},"total-byte-weight":{"displayValue":"Total size was 400 KB","score":100,"helpText":"Large network payloads cost users real money and are highly correlated with long load times. [Learn more](https://developers.google.com/web/tools/lighthouse/audits/network-payloads).","rawValue":409855,"extendedInfo":{"value":{"totalCompletedRequests":11,"results":[{"totalKb":"227 KB","totalMs":"1,240 ms","totalBytes":232785,"url":"http://web/static/js/vendor.d1efda22f11e965a5228.js"},{"totalKb":"48 KB","totalMs":"260 ms","totalBytes":49163,"url":"https://fonts.gstatic.com/s/materialicons/v37/flUhRq6tzZclQEJ-Vdg-IuiaDsNc.woff2"},{"totalKb":"46 KB","totalMs":"250 ms","totalBytes":47366,"url":"https://cdnjs.cloudflare.com/ajax/libs/Chart.js/2.7.1/Chart.min.js"},{"totalKb":"32 KB","totalMs":"170 ms","totalBytes":32261,"url":"http://web/static/css/app.a1bcfeb0daa2a3f727390086fd42ee9d.css"},{"totalKb":"15 KB","totalMs":"80 ms","totalBytes":15817,"url":"https://fonts.gstatic.com/s/roboto/v18/KFOlCnqEu92Fr1MmEU9fBBc4.woff2"},{"totalKb":"15 KB","totalMs":"80 ms","totalBytes":15461,"url":"https://fonts.gstatic.com/s/roboto/v18/KFOmCnqEu92Fr1Mu4mxK.woff2"},{"totalKb":"12 KB","totalMs":"70 ms","totalBytes":12691,"url":"http://web/static/js/app.310cd52123c59f9f64a5.js"},{"totalKb":"1 KB","totalMs":"10 ms","totalBytes":1524,"url":"https://unpkg.com/vue-chartjs@3.3.2/dist/vue-chartjs.min.js"},{"totalKb":"1 KB","totalMs":"10 ms","totalBytes":1211,"url":"http://web/"},{"totalKb":"1 KB","totalMs":"10 ms","totalBytes":1171,"url":"http://web/static/js/manifest.9f020e973ae4037504f6.js"}]}},"name":"total-byte-weight","description":"Avoids enormous network payloads","scoringMode":"numeric","details":{"itemHeaders":[{"itemType":"url","text":"URL","type":"text"},{"itemType":"text","text":"Total Size","type":"text"},{"itemType":"text","text":"Transfer Time","type":"text"}],"header":"View Details","type":"table","items":[[{"text":"http://web/static/js/vendor.d1efda22f11e965a5228.js","type":"url"},{"text":"227 KB","type":"text"},{"text":"1,240 ms","type":"text"}],[{"text":"https://fonts.gstatic.com/s/materialicons/v37/flUhRq6tzZclQEJ-Vdg-IuiaDsNc.woff2","type":"url"},{"text":"48 KB","type":"text"},{"text":"260 ms","type":"text"}],[{"text":"https://cdnjs.cloudflare.com/ajax/libs/Chart.js/2.7.1/Chart.min.js","type":"url"},{"text":"46 KB","type":"text"},{"text":"250 ms","type":"text"}],[{"text":"http://web/static/css/app.a1bcfeb0daa2a3f727390086fd42ee9d.css","type":"url"},{"text":"32 KB","type":"text"},{"text":"170 ms","type":"text"}],[{"text":"https://fonts.gstatic.com/s/roboto/v18/KFOlCnqEu92Fr1MmEU9fBBc4.woff2","type":"url"},{"text":"15 KB","type":"text"},{"text":"80 ms","type":"text"}],[{"text":"https://fonts.gstatic.com/s/roboto/v18/KFOmCnqEu92Fr1Mu4mxK.woff2","type":"url"},{"text":"15 KB","type":"text"},{"text":"80 ms","type":"text"}],[{"text":"http://web/static/js/app.310cd52123c59f9f64a5.js","type":"url"},{"text":"12 KB","type":"text"},{"text":"70 ms","type":"text"}],[{"text":"https://unpkg.com/vue-chartjs@3.3.2/dist/vue-chartjs.min.js","type":"url"},{"text":"1 KB","type":"text"},{"text":"10 ms","type":"text"}],[{"text":"http://web/","type":"url"},{"text":"1 KB","type":"text"},{"text":"10 ms","type":"text"}],[{"text":"http://web/static/js/manifest.9f020e973ae4037504f6.js","type":"url"},{"text":"1 KB","type":"text"},{"text":"10 ms","type":"text"}]]}},"logical-tab-order":{"displayValue":"","score":false,"helpText":"Tabbing through the page follows the visual layout. Users cannot focus elements that are offscreen. [Learn more](https://developers.google.com/web/fundamentals/accessibility/how-to-review#start_with_the_keyboard).","rawValue":false,"name":"logical-tab-order","description":"The page has a logical tab order","scoringMode":"binary","informative":true,"manual":true},"meta-refresh":{"displayValue":"","score":false,"helpText":"Users do not expect a page to refresh automatically, and doing so will move focus back to the top of the page. This may create a frustrating or confusing experience. [Learn more](https://dequeuniversity.com/rules/axe/2.2/meta-refresh?application=lighthouse).","rawValue":false,"name":"meta-refresh","description":"The document uses `<meta http-equiv=\"refresh\">`","scoringMode":"binary","informative":true,"notApplicable":true},"deprecations":{"displayValue":"","score":true,"helpText":"Deprecated APIs will eventually be removed from the browser. [Learn more](https://www.chromestatus.com/features#deprecated).","rawValue":true,"extendedInfo":{"value":[]},"name":"deprecations","description":"Avoids deprecated APIs","scoringMode":"binary","details":{"itemHeaders":[{"itemType":"code","text":"Deprecation / Warning","type":"text"},{"itemType":"url","text":"URL","type":"text"},{"itemType":"text","text":"Line","type":"text"}],"header":"View Details","type":"table","items":[]}},"network-requests":{"displayValue":"11","score":100,"helpText":"Lists the network requests that were made during page load.","rawValue":11,"extendedInfo":{"value":[{"transferSize":1211,"startTime":0,"endTime":638.9249991625547,"mimeType":"text/html","url":"http://web/","statusCode":200,"resourceType":"document"},{"transferSize":1171,"startTime":755.621999502182,"endTime":1328.4680005162954,"mimeType":"application/javascript","url":"http://web/static/js/manifest.9f020e973ae4037504f6.js","statusCode":200,"resourceType":"script"},{"transferSize":232785,"startTime":755.7720001786947,"endTime":2917.8979992866516,"mimeType":"application/javascript","url":"http://web/static/js/vendor.d1efda22f11e965a5228.js","statusCode":200,"resourceType":"script"},{"transferSize":12691,"startTime":755.9009995311499,"endTime":1470.6410001963377,"mimeType":"application/javascript","url":"http://web/static/js/app.310cd52123c59f9f64a5.js","statusCode":200,"resourceType":"script"},{"transferSize":47366,"startTime":790.370000526309,"endTime":2162.829000502825,"mimeType":"application/javascript","url":"https://cdnjs.cloudflare.com/ajax/libs/Chart.js/2.7.1/Chart.min.js","statusCode":200,"resourceType":"script"},{"transferSize":405,"startTime":790.8159997314215,"endTime":1663.72200101614,"mimeType":"text/plain","url":"https://unpkg.com/vue-chartjs/dist/vue-chartjs.min.js","statusCode":302},{"transferSize":1524,"startTime":1664.8290008306503,"endTime":2258.2770008593798,"mimeType":"application/javascript","url":"https://unpkg.com/vue-chartjs@3.3.2/dist/vue-chartjs.min.js","statusCode":200,"resourceType":"script"},{"transferSize":32261,"startTime":4527.456000447273,"endTime":5278.87500077486,"mimeType":"text/css","url":"http://web/static/css/app.a1bcfeb0daa2a3f727390086fd42ee9d.css","statusCode":200,"resourceType":"stylesheet"},{"transferSize":15461,"startTime":5458.613000810146,"endTime":6342.342000454664,"mimeType":"font/woff2","url":"https://fonts.gstatic.com/s/roboto/v18/KFOmCnqEu92Fr1Mu4mxK.woff2","statusCode":200,"resourceType":"font"},{"transferSize":49163,"startTime":5458.761001005769,"endTime":6524.431999772787,"mimeType":"font/woff2","url":"https://fonts.gstatic.com/s/materialicons/v37/flUhRq6tzZclQEJ-Vdg-IuiaDsNc.woff2","statusCode":200,"resourceType":"font"},{"transferSize":15817,"startTime":5458.878999575973,"endTime":6334.002999588847,"mimeType":"font/woff2","url":"https://fonts.gstatic.com/s/roboto/v18/KFOlCnqEu92Fr1MmEU9fBBc4.woff2","statusCode":200,"resourceType":"font"}]},"name":"network-requests","description":"Network Requests","scoringMode":"binary","informative":true,"details":{"itemHeaders":[{"itemType":"url","text":"URL","type":"text"},{"itemType":"ms","text":"Start Time","type":"text"},{"itemType":"ms","text":"End Time","type":"text"},{"itemType":"bytes","text":"Transfer Size","type":"text"},{"itemType":"text","text":"Status Code","type":"text"},{"itemType":"text","text":"MIME Type","type":"text"},{"itemType":"text","text":"Resource Type","type":"text"}],"header":"View Details","type":"table","items":[[{"text":"http://web/","type":"url"},{"text":0,"type":"ms"},{"text":638.9249991625547,"type":"ms"},{"text":1211,"type":"bytes"},{"text":200,"type":"text"},{"text":"text/html","type":"text"},{"text":"document","type":"text"}],[{"text":"http://web/static/js/manifest.9f020e973ae4037504f6.js","type":"url"},{"text":755.621999502182,"type":"ms"},{"text":1328.4680005162954,"type":"ms"},{"text":1171,"type":"bytes"},{"text":200,"type":"text"},{"text":"application/javascript","type":"text"},{"text":"script","type":"text"}],[{"text":"http://web/static/js/vendor.d1efda22f11e965a5228.js","type":"url"},{"text":755.7720001786947,"type":"ms"},{"text":2917.8979992866516,"type":"ms"},{"text":232785,"type":"bytes"},{"text":200,"type":"text"},{"text":"application/javascript","type":"text"},{"text":"script","type":"text"}],[{"text":"http://web/static/js/app.310cd52123c59f9f64a5.js","type":"url"},{"text":755.9009995311499,"type":"ms"},{"text":1470.6410001963377,"type":"ms"},{"text":12691,"type":"bytes"},{"text":200,"type":"text"},{"text":"application/javascript","type":"text"},{"text":"script","type":"text"}],[{"text":"https://cdnjs.cloudflare.com/ajax/libs/Chart.js/2.7.1/Chart.min.js","type":"url"},{"text":790.370000526309,"type":"ms"},{"text":2162.829000502825,"type":"ms"},{"text":47366,"type":"bytes"},{"text":200,"type":"text"},{"text":"application/javascript","type":"text"},{"text":"script","type":"text"}],[{"text":"https://unpkg.com/vue-chartjs/dist/vue-chartjs.min.js","type":"url"},{"text":790.8159997314215,"type":"ms"},{"text":1663.72200101614,"type":"ms"},{"text":405,"type":"bytes"},{"text":302,"type":"text"},{"text":"text/plain","type":"text"},{"type":"text"}],[{"text":"https://unpkg.com/vue-chartjs@3.3.2/dist/vue-chartjs.min.js","type":"url"},{"text":1664.8290008306503,"type":"ms"},{"text":2258.2770008593798,"type":"ms"},{"text":1524,"type":"bytes"},{"text":200,"type":"text"},{"text":"application/javascript","type":"text"},{"text":"script","type":"text"}],[{"text":"http://web/static/css/app.a1bcfeb0daa2a3f727390086fd42ee9d.css","type":"url"},{"text":4527.456000447273,"type":"ms"},{"text":5278.87500077486,"type":"ms"},{"text":32261,"type":"bytes"},{"text":200,"type":"text"},{"text":"text/css","type":"text"},{"text":"stylesheet","type":"text"}],[{"text":"https://fonts.gstatic.com/s/roboto/v18/KFOmCnqEu92Fr1Mu4mxK.woff2","type":"url"},{"text":5458.613000810146,"type":"ms"},{"text":6342.342000454664,"type":"ms"},{"text":15461,"type":"bytes"},{"text":200,"type":"text"},{"text":"font/woff2","type":"text"},{"text":"font","type":"text"}],[{"text":"https://fonts.gstatic.com/s/materialicons/v37/flUhRq6tzZclQEJ-Vdg-IuiaDsNc.woff2","type":"url"},{"text":5458.761001005769,"type":"ms"},{"text":6524.431999772787,"type":"ms"},{"text":49163,"type":"bytes"},{"text":200,"type":"text"},{"text":"font/woff2","type":"text"},{"text":"font","type":"text"}],[{"text":"https://fonts.gstatic.com/s/roboto/v18/KFOlCnqEu92Fr1MmEU9fBBc4.woff2","type":"url"},{"text":5458.878999575973,"type":"ms"},{"text":6334.002999588847,"type":"ms"},{"text":15817,"type":"bytes"},{"text":200,"type":"text"},{"text":"font/woff2","type":"text"},{"text":"font","type":"text"}]]}},"link-text":{"displayValue":"","score":true,"helpText":"Descriptive link text helps search engines understand your content. [Learn more](https://developers.google.com/web/tools/lighthouse/audits/descriptive-link-text).","rawValue":true,"name":"link-text","description":"Links have descriptive text","scoringMode":"binary","details":{"itemHeaders":[{"itemType":"url","text":"Link destination","type":"text"},{"itemType":"text","text":"Link Text","type":"text"}],"header":"View Details","type":"table","items":[]}},"uses-rel-preload":{"displayValue":"","score":null,"debugString":"Audit error: Unable to identify the main resource","helpText":"Consider using <link rel=preload> to prioritize fetching late-discovered resources sooner [Learn more](https://developers.google.com/web/updates/2016/03/link-rel-preload).","rawValue":null,"name":"uses-rel-preload","description":"Preload key requests","scoringMode":"numeric","informative":true,"error":true},"dlitem":{"displayValue":"","score":false,"helpText":"Definition list items (`<dt>` and `<dd>`) must be wrapped in a parent `<dl>` element to ensure that screen readers can properly announce them. [Learn more](https://dequeuniversity.com/rules/axe/2.2/dlitem?application=lighthouse).","rawValue":false,"name":"dlitem","description":"Definition list items are not wrapped in `<dl>` elements","scoringMode":"binary","informative":true,"notApplicable":true},"uses-optimized-images":{"displayValue":"","score":100,"helpText":"Optimized images load faster and consume less cellular data. [Learn more](https://developers.google.com/web/tools/lighthouse/audits/optimize-images).","rawValue":0,"extendedInfo":{"value":{"wastedKb":0,"wastedMs":0,"results":[]}},"name":"uses-optimized-images","description":"Optimize images","scoringMode":"binary","informative":true,"details":{"itemHeaders":[{"itemType":"thumbnail","text":"","type":"text"},{"itemType":"url","text":"URL","type":"text"},{"itemType":"text","text":"Original","type":"text"},{"itemType":"text","text":"Potential Savings","type":"text"}],"header":"View Details","type":"table","items":[]}},"errors-in-console":{"displayValue":"","score":true,"helpText":"Errors logged to the console indicate unresolved problems. They can come from network request failures and other browser concerns.","rawValue":0,"name":"errors-in-console","description":"No browser errors logged to the console","scoringMode":"binary","details":{"itemHeaders":[{"itemType":"url","text":"URL","type":"text"},{"itemType":"code","text":"Description","type":"text"}],"header":"View Details","type":"table","items":[]}},"video-caption":{"displayValue":"","score":false,"helpText":"When a video provides a caption it is easier for deaf and hearing impaired users to access its information. [Learn more](https://dequeuniversity.com/rules/axe/2.2/video-caption?application=lighthouse).","rawValue":false,"name":"video-caption","description":"`<video>` elements do not contain a `<track>` element with `[kind=\"captions\"]`.","scoringMode":"binary","informative":true,"notApplicable":true},"td-headers-attr":{"displayValue":"","score":false,"helpText":"Screen readers have features to make navigating tables easier. Ensuring `<td>` cells using the `[headers]` attribute only refer to other cells in the same table may improve the experience for screen reader users. [Learn more](https://dequeuniversity.com/rules/axe/2.2/td-headers-attr?application=lighthouse).","rawValue":false,"name":"td-headers-attr","description":"Cells in a `<table>` element that use the `[headers]` attribute refers to other cells of that same table.","scoringMode":"binary","informative":true,"notApplicable":true},"offscreen-content-hidden":{"displayValue":"","score":false,"helpText":"Offscreen content is hidden with display: none or aria-hidden=true. [Learn more](https://developers.google.com/web/fundamentals/accessibility/how-to-review#try_it_with_a_screen_reader).","rawValue":false,"name":"offscreen-content-hidden","description":"Offscreen content is hidden from assistive technology","scoringMode":"binary","informative":true,"manual":true},"no-document-write":{"displayValue":"","score":true,"helpText":"For users on slow connections, external scripts dynamically injected via `document.write()` can delay page load by tens of seconds. [Learn more](https://developers.google.com/web/tools/lighthouse/audits/document-write).","rawValue":true,"extendedInfo":{"value":[]},"name":"no-document-write","description":"Avoids `document.write()`","scoringMode":"binary","details":{"itemHeaders":[{"itemType":"url","text":"URL","type":"text"},{"itemType":"text","text":"Location","type":"text"}],"header":"View Details","type":"table","items":[]}},"aria-valid-attr-value":{"displayValue":"","score":true,"helpText":"Assistive technologies, like screen readers, can't interpret ARIA attributes with invalid values. [Learn more](https://dequeuniversity.com/rules/axe/2.2/aria-valid-attr-value?application=lighthouse).","rawValue":true,"extendedInfo":{},"name":"aria-valid-attr-value","description":"`[aria-*]` attributes have valid values","scoringMode":"binary","details":{"header":{"text":"View failing elements","type":"text"},"type":"list","items":[]}},"pwa-each-page-has-url":{"displayValue":"","score":false,"helpText":"Ensure individual pages are deep linkable via the URLs and that URLs are unique for the purpose of shareability on social media. [Learn more](https://developers.google.com/web/progressive-web-apps/checklist#each-page-has-a-url).","rawValue":false,"name":"pwa-each-page-has-url","description":"Each page has a URL","scoringMode":"binary","informative":true,"manual":true},"custom-controls-roles":{"displayValue":"","score":false,"helpText":"Custom interactive controls have appropriate ARIA roles. [Learn more](https://developers.google.com/web/fundamentals/accessibility/how-to-review#try_it_with_a_screen_reader).","rawValue":false,"name":"custom-controls-roles","description":"Custom controls have ARIA roles","scoringMode":"binary","informative":true,"manual":true},"meta-description":{"displayValue":"","score":false,"helpText":"Meta descriptions may be included in search results to concisely summarize page content. [Learn more](https://developers.google.com/web/tools/lighthouse/audits/description).","rawValue":false,"name":"meta-description","description":"Document does not have a meta description","scoringMode":"binary"},"duplicate-id":{"displayValue":"","score":true,"helpText":"The value of an id attribute must be unique to prevent other instances from being overlooked by assistive technologies. [Learn more](https://dequeuniversity.com/rules/axe/2.2/duplicate-id?application=lighthouse).","rawValue":true,"extendedInfo":{},"name":"duplicate-id","description":"`[id]` attributes on the page are unique","scoringMode":"binary","details":{"header":{"text":"View failing elements","type":"text"},"type":"list","items":[]}},"focusable-controls":{"displayValue":"","score":false,"helpText":"Custom interactive controls are keyboard focusable and display a focus indicator. [Learn more](https://developers.google.com/web/fundamentals/accessibility/how-to-review#start_with_the_keyboard).","rawValue":false,"name":"focusable-controls","description":"Interactive controls are keyboard focusable","scoringMode":"binary","informative":true,"manual":true},"heading-levels":{"displayValue":"","score":false,"helpText":"Headings are used to create an outline for the page and heading levels are not skipped. [Learn more](https://developers.google.com/web/fundamentals/accessibility/how-to-review#take_advantage_of_headings_and_landmarks).","rawValue":false,"name":"heading-levels","description":"Headings don't skip levels","scoringMode":"binary","informative":true,"manual":true},"uses-request-compression":{"displayValue":"","score":100,"helpText":"Text-based responses should be served with compression (gzip, deflate or brotli) to minimize total network bytes. [Learn more](https://developers.google.com/web/fundamentals/performance/optimizing-content-efficiency/optimize-encoding-and-transfer).","rawValue":0,"extendedInfo":{"value":{"wastedKb":0,"wastedMs":0,"results":[]}},"name":"uses-request-compression","description":"Enable text compression","scoringMode":"binary","informative":true,"details":{"itemHeaders":[{"itemType":"url","text":"Uncompressed resource URL","type":"text"},{"itemType":"text","text":"Original","type":"text"},{"itemType":"text","text":"GZIP Savings","type":"text"}],"header":"View Details","type":"table","items":[]}},"appcache-manifest":{"displayValue":"","score":true,"debugString":"","helpText":"Application Cache is deprecated. [Learn more](https://developers.google.com/web/tools/lighthouse/audits/appcache).","rawValue":true,"name":"appcache-manifest","description":"Avoids Application Cache","scoringMode":"binary"},"themed-omnibox":{"displayValue":"","score":false,"debugString":"Failures: No manifest was fetched, No `<meta name=\"theme-color\">` tag found.","helpText":"The browser address bar can be themed to match your site. [Learn more](https://developers.google.com/web/tools/lighthouse/audits/address-bar).","rawValue":false,"extendedInfo":{"value":{"failures":["No manifest was fetched","No `<meta name=\"theme-color\">` tag found"],"themeColor":null,"manifestValues":{"parseFailureReason":"No manifest was fetched","allChecks":[],"isParseFailure":true}}},"name":"themed-omnibox","description":"Address bar does not match brand colors","scoringMode":"binary"},"color-contrast":{"displayValue":"","score":true,"helpText":"Low-contrast text is difficult or impossible for many users to read. [Learn more](https://dequeuniversity.com/rules/axe/2.2/color-contrast?application=lighthouse).","rawValue":true,"extendedInfo":{},"name":"color-contrast","description":"Background and foreground colors have a sufficient contrast ratio","scoringMode":"binary","details":{"header":{"text":"View failing elements","type":"text"},"type":"list","items":[]}},"listitem":{"displayValue":"","score":false,"helpText":"Screen readers require list items (`<li>`) to be contained within a parent `<ul>` or `<ol>` to be announced properly. [Learn more](https://dequeuniversity.com/rules/axe/2.2/listitem?application=lighthouse).","rawValue":false,"name":"listitem","description":"List items (`<li>`) are not contained within `<ul>` or `<ol>` parent elements.","scoringMode":"binary","informative":true,"notApplicable":true},"no-mutation-events":{"displayValue":"","score":true,"helpText":"Mutation Events are deprecated and harm performance. Consider using Mutation Observers instead. [Learn more](https://developers.google.com/web/tools/lighthouse/audits/mutation-events).","rawValue":true,"extendedInfo":{"value":{"results":[]}},"name":"no-mutation-events","description":"Avoids Mutation Events in its own scripts","scoringMode":"binary","details":{"itemHeaders":[{"itemType":"url","text":"URL","type":"text"},{"itemType":"code","text":"Event","type":"text"},{"itemType":"text","text":"Line","type":"text"},{"itemType":"text","text":"Col","type":"text"},{"itemType":"code","text":"Snippet","type":"text"}],"header":"View Details","type":"table","items":[]}},"audio-caption":{"displayValue":"","score":false,"helpText":"Captions make audio elements usable for deaf or hearing-impaired users, providing critical information such as who is talking, what they're saying, and other non-speech information. [Learn more](https://dequeuniversity.com/rules/axe/2.2/audio-caption?application=lighthouse).","rawValue":false,"name":"audio-caption","description":"`<audio>` elements are missing a `<track>` element with `[kind=\"captions\"]`.","scoringMode":"binary","informative":true,"notApplicable":true},"first-meaningful-paint":{"displayValue":"4,520 ms","score":40,"helpText":"First meaningful paint measures when the primary content of a page is visible. [Learn more](https://developers.google.com/web/tools/lighthouse/audits/first-meaningful-paint).","rawValue":4521.8,"extendedInfo":{"value":{"timestamps":{"fCP":8650057715484,"endOfTrace":8650064967436,"fMP":8650057715493,"onLoad":8650058566647,"navStart":8650053193698},"fmpFellBack":false,"timings":{"fCP":4521.786,"endOfTrace":11773.738,"fMP":4521.795,"onLoad":5372.949,"navStart":0}}},"name":"first-meaningful-paint","description":"First meaningful paint","scoringMode":"numeric"},"focus-traps":{"displayValue":"","score":false,"helpText":"A user can tab into and out of any control or region without accidentally trapping their focus. [Learn more](https://developers.google.com/web/fundamentals/accessibility/how-to-review#start_with_the_keyboard).","rawValue":false,"name":"focus-traps","description":"User focus is not accidentally trapped in a region","scoringMode":"binary","informative":true,"manual":true},"aria-allowed-attr":{"displayValue":"","score":true,"helpText":"Each ARIA `role` supports a specific subset of `aria-*` attributes. Mismatching these invalidates the `aria-*` attributes. [Learn more](https://dequeuniversity.com/rules/axe/2.2/aria-allowed-attr?application=lighthouse).","rawValue":true,"extendedInfo":{},"name":"aria-allowed-attr","description":"`[aria-*]` attributes match their roles","scoringMode":"binary","details":{"header":{"text":"View failing elements","type":"text"},"type":"list","items":[]}},"geolocation-on-start":{"displayValue":"","score":true,"helpText":"Users are mistrustful of or confused by sites that request their location without context. Consider tying the request to user gestures instead. [Learn more](https://developers.google.com/web/tools/lighthouse/audits/geolocation-on-load).","rawValue":true,"extendedInfo":{"value":[]},"name":"geolocation-on-start","description":"Avoids requesting the geolocation permission on page load","scoringMode":"binary","details":{"itemHeaders":[{"itemType":"url","text":"URL","type":"text"},{"itemType":"text","text":"Location","type":"text"}],"header":"View Details","type":"table","items":[]}},"image-aspect-ratio":{"displayValue":"","score":true,"helpText":"Image display dimensions should match natural aspect ratio.","rawValue":true,"name":"image-aspect-ratio","description":"Displays images with correct aspect ratio","scoringMode":"binary","details":{"itemHeaders":[{"itemType":"thumbnail","text":"","type":"text"},{"itemType":"url","text":"URL","type":"text"},{"itemType":"text","text":"Aspect Ratio (Displayed)","type":"text"},{"itemType":"text","text":"Aspect Ratio (Actual)","type":"text"}],"header":"View Details","type":"table","items":[]}},"valid-lang":{"displayValue":"","score":false,"helpText":"Specifying a valid [BCP 47 language](https://www.w3.org/International/questions/qa-choosing-language-tags#question) on elements helps ensure that text is pronounced correctly by a screen reader. [Learn more](https://dequeuniversity.com/rules/axe/2.2/valid-lang?application=lighthouse).","rawValue":false,"name":"valid-lang","description":"`[lang]` attributes do not have a valid value","scoringMode":"binary","informative":true,"notApplicable":true},"html-has-lang":{"displayValue":"","score":false,"helpText":"If a page doesn't specify a lang attribute, a screen reader assumes that the page is in the default language that the user chose when setting up the screen reader. If the page isn't actually in the default language, then the screen reader might not announce the page's text correctly. [Learn more](https://dequeuniversity.com/rules/axe/2.2/html-lang?application=lighthouse).","rawValue":false,"extendedInfo":{"value":{"help":"<html> element must have a lang attribute","nodes":[{"failureSummary":"Fix any of the following:\n  The <html> element does not have a lang attribute","snippet":"<html>","path":"1,HTML","impact":"serious","html":"<html>","target":["html"]}],"impact":"serious","description":"Ensures every HTML document has a lang attribute","helpUrl":"https://dequeuniversity.com/rules/axe/3.0/html-has-lang?application=axeAPI","id":"html-has-lang","tags":["cat.language","wcag2a","wcag311"]}},"name":"html-has-lang","description":"`<html>` element does not have a `[lang]` attribute","scoringMode":"binary","details":{"header":{"text":"View failing elements","type":"text"},"type":"list","items":[{"snippet":"<html>","path":"1,HTML","selector":"html","type":"node"}]}},"unminified-javascript":{"displayValue":"","score":100,"helpText":"Minifying JavaScript files can reduce payload sizes and script parse time. [Learn more](https://developers.google.com/speed/docs/insights/MinifyResources).","rawValue":0,"extendedInfo":{"value":{"wastedKb":0,"wastedMs":0,"results":[]}},"name":"unminified-javascript","description":"Minify JavaScript","scoringMode":"binary","informative":true,"details":{"itemHeaders":[{"itemType":"url","text":"URL","type":"text"},{"itemType":"text","text":"Original","type":"text"},{"itemType":"text","text":"Potential Savings","type":"text"}],"header":"View Details","type":"table","items":[]}},"object-alt":{"displayValue":"","score":false,"helpText":"Screen readers cannot translate non-text content. Adding alt text to `<object>` elements helps screen readers convey meaning to users. [Learn more](https://dequeuniversity.com/rules/axe/2.2/object-alt?application=lighthouse).","rawValue":false,"name":"object-alt","description":"`<object>` elements do not have `[alt]` text","scoringMode":"binary","informative":true,"notApplicable":true},"accesskeys":{"displayValue":"","score":false,"helpText":"Access keys let users quickly focus a part of the page. For proper navigation, each access key must be unique. [Learn more](https://dequeuniversity.com/rules/axe/2.2/accesskeys?application=lighthouse).","rawValue":false,"name":"accesskeys","description":"`[accesskey]` values are not unique","scoringMode":"binary","informative":true,"notApplicable":true},"image-alt":{"displayValue":"","score":false,"helpText":"Informative elements should aim for short, descriptive alternate text. Decorative elements can be ignored with an empty alt attribute.[Learn more](https://dequeuniversity.com/rules/axe/2.2/image-alt?application=lighthouse).","rawValue":false,"name":"image-alt","description":"Image elements do not have `[alt]` attributes","scoringMode":"binary","informative":true,"notApplicable":true},"notification-on-start":{"displayValue":"","score":true,"helpText":"Users are mistrustful of or confused by sites that request to send notifications without context. Consider tying the request to user gestures instead. [Learn more](https://developers.google.com/web/tools/lighthouse/audits/notifications-on-load).","rawValue":true,"extendedInfo":{"value":[]},"name":"notification-on-start","description":"Avoids requesting the notification permission on page load","scoringMode":"binary","details":{"itemHeaders":[{"itemType":"url","text":"URL","type":"text"},{"itemType":"text","text":"Location","type":"text"}],"header":"View Details","type":"table","items":[]}},"unused-css-rules":{"displayValue":"Potential savings of 35 KB (~190 ms)","score":90,"helpText":"Remove unused rules from stylesheets to reduce unnecessary bytes consumed by network activity. [Learn more](https://developers.google.com/speed/docs/insights/OptimizeCSSDelivery)","rawValue":190,"extendedInfo":{"value":{"wastedKb":35,"wastedMs":190,"results":[{"wastedKb":"29 KB","totalKb":"32 KB","wastedMs":"160 ms","totalMs":"170 ms","potentialSavings":"29 KB (93%)","totalBytes":32261,"wastedPercent":92.80281987684556,"wastedBytes":29939,"url":"http://web/static/css/app.a1bcfeb0daa2a3f727390086fd42ee9d.css"},{"wastedKb":"5 KB","totalKb":"6 KB","wastedMs":"30 ms","totalMs":"30 ms","potentialSavings":"5 KB (98%)","totalBytes":5722,"wastedPercent":98.2698357217756,"wastedBytes":5623,"url":{"text":"a { color: #1976d2; } ...","type":"code"}}]}},"name":"unused-css-rules","description":"Unused CSS rules","scoringMode":"binary","informative":true,"details":{"itemHeaders":[{"itemType":"url","text":"URL","type":"text"},{"itemType":"text","text":"Original","type":"text"},{"itemType":"text","text":"Potential Savings","type":"text"}],"header":"View Details","type":"table","items":[[{"text":"http://web/static/css/app.a1bcfeb0daa2a3f727390086fd42ee9d.css","type":"url"},{"text":"32 KB","type":"text"},{"text":"29 KB (93%)","type":"text"}],[{"text":"a { color: #1976d2; } ...","type":"code"},{"text":"6 KB","type":"text"},{"text":"5 KB (98%)","type":"text"}]]}},"structured-data":{"displayValue":"","score":false,"helpText":"Run the [Structured Data Testing Tool](https://search.google.com/structured-data/testing-tool/) and the [Structured Data Linter](http://linter.structured-data.org/) to validate structured data. [Learn more](https://developers.google.com/search/docs/guides/mark-up-content).","rawValue":false,"name":"structured-data","description":"Structured data is valid","scoringMode":"binary","informative":true,"manual":true},"content-width":{"displayValue":"","score":true,"debugString":"","helpText":"If the width of your app's content doesn't match the width of the viewport, your app might not be optimized for mobile screens. [Learn more](https://developers.google.com/web/tools/lighthouse/audits/content-sized-correctly-for-viewport).","rawValue":true,"name":"content-width","description":"Content is sized correctly for the viewport","scoringMode":"binary"},"mainthread-work-breakdown":{"displayValue":"2,800 ms","score":true,"helpText":"Consider reducing the time spent parsing, compiling and executing JS.You may find delivering smaller JS payloads helps with this.","rawValue":2799.5130100250244,"extendedInfo":{"value":{"Update Layer Tree":108.97500228881836,"Layout":432.32500076293945,"Recalculate Style":503.69400215148926,"Evaluate Script":1296.8040027618408,"Animation Frame Fired":8.261001586914062,"Minor GC":82.69900131225586,"Run Microtasks":63.02199935913086,"Parse HTML":62.446001052856445,"Paint":41.383995056152344,"Compile Script":44.90999984741211,"Composite Layers":77.99400329589844,"Parse Stylesheet":76.9990005493164}},"name":"mainthread-work-breakdown","description":"Main thread work breakdown","scoringMode":"binary","informative":true,"details":{"itemHeaders":[{"itemType":"text","text":"Category","type":"text"},{"itemType":"text","text":"Work","type":"text"},{"itemType":"text","text":"Time spent","type":"text"}],"header":"View Details","type":"table","items":[[{"text":"Script Evaluation","type":"text"},{"text":"Evaluate Script","type":"text"},{"text":"1,297 ms","type":"text"}],[{"text":"Script Evaluation","type":"text"},{"text":"Run Microtasks","type":"text"},{"text":"63 ms","type":"text"}],[{"text":"Script Evaluation","type":"text"},{"text":"Animation Frame Fired","type":"text"},{"text":"8 ms","type":"text"}],[{"text":"Style & Layout","type":"text"},{"text":"Recalculate Style","type":"text"},{"text":"504 ms","type":"text"}],[{"text":"Style & Layout","type":"text"},{"text":"Layout","type":"text"},{"text":"432 ms","type":"text"}],[{"text":"Compositing","type":"text"},{"text":"Update Layer Tree","type":"text"},{"text":"109 ms","type":"text"}],[{"text":"Compositing","type":"text"},{"text":"Composite Layers","type":"text"},{"text":"78 ms","type":"text"}],[{"text":"Parsing HTML & CSS","type":"text"},{"text":"Parse Stylesheet","type":"text"},{"text":"77 ms","type":"text"}],[{"text":"Parsing HTML & CSS","type":"text"},{"text":"Parse HTML","type":"text"},{"text":"62 ms","type":"text"}],[{"text":"Garbage collection","type":"text"},{"text":"Minor GC","type":"text"},{"text":"83 ms","type":"text"}],[{"text":"Script Parsing & Compile","type":"text"},{"text":"Compile Script","type":"text"},{"text":"45 ms","type":"text"}],[{"text":"Paint","type":"text"},{"text":"Paint","type":"text"},{"text":"41 ms","type":"text"}]]}},"canonical":{"displayValue":"","score":null,"debugString":"Audit error: Unable to identify the main resource","helpText":"Canonical links suggest which URL to show in search results. [Learn more](https://developers.google.com/web/tools/lighthouse/audits/canonical).","rawValue":null,"name":"canonical","description":"Document does not have a valid `rel=canonical`","scoringMode":"binary","error":true},"bootup-time":{"displayValue":"1,570 ms","score":true,"helpText":"Consider reducing the time spent parsing, compiling, and executing JS. You may find delivering smaller JS payloads helps with this. [Learn more](https://developers.google.com/web/lighthouse/audits/bootup).","rawValue":1573.503999710083,"extendedInfo":{"value":{"http://web/static/js/app.310cd52123c59f9f64a5.js":{"Script Evaluation":1173.697998046875,"Script Parsing & Compile":22.533000946044922},"http://web/static/js/vendor.d1efda22f11e965a5228.js":{"Style & Layout":178.41699981689453,"Script Parsing & Compile":14.004999160766602,"Script Evaluation":9.45100212097168},"https://unpkg.com/vue-chartjs@3.3.2/dist/vue-chartjs.min.js":{"Script Evaluation":6.445001602172852,"Script Parsing & Compile":4.004999160766602},"https://cdnjs.cloudflare.com/ajax/libs/Chart.js/2.7.1/Chart.min.js":{"Style & Layout":0.8509998321533203,"Script Evaluation":90.19700050354004,"Script Parsing & Compile":0.5679988861083984},"http://web/static/js/manifest.9f020e973ae4037504f6.js":{"Script Parsing & Compile":2.184000015258789,"Script Evaluation":1.4300003051757812},"http://web/":{"Style & Layout":0.0989990234375,"Script Evaluation":7.028999328613281,"Script Parsing & Compile":0.14599990844726562},"http://web/#/":{"Parsing HTML & CSS":62.446001052856445}}},"name":"bootup-time","description":"JavaScript boot-up time","scoringMode":"binary","details":{"itemHeaders":[{"itemType":"url","text":"URL","type":"text"},{"itemType":"text","text":"Script Evaluation","type":"text"},{"itemType":"text","text":"Script Parsing & Compile","type":"text"}],"header":"View Details","type":"table","items":[[{"text":"http://web/static/js/app.310cd52123c59f9f64a5.js","type":"url"},{"text":"1,174 ms","type":"text"},{"text":"23 ms","type":"text"}],[{"text":"https://cdnjs.cloudflare.com/ajax/libs/Chart.js/2.7.1/Chart.min.js","type":"url"},{"text":"90 ms","type":"text"},{"text":"1 ms","type":"text"}],[{"text":"http://web/static/js/vendor.d1efda22f11e965a5228.js","type":"url"},{"text":"9 ms","type":"text"},{"text":"14 ms","type":"text"}],[{"text":"https://unpkg.com/vue-chartjs@3.3.2/dist/vue-chartjs.min.js","type":"url"},{"text":"6 ms","type":"text"},{"text":"4 ms","type":"text"}]]}},"list":{"displayValue":"","score":false,"helpText":"Screen readers have a specific way of announcing lists. Ensuring proper list structure aids screen reader output. [Learn more](https://dequeuniversity.com/rules/axe/2.2/list?application=lighthouse).","rawValue":false,"name":"list","description":"Lists do not contain only `<li>` elements and script supporting elements (`<script>` and `<template>`).","scoringMode":"binary","informative":true,"notApplicable":true},"hreflang":{"displayValue":"","score":null,"debugString":"Audit error: Unable to identify the main resource","helpText":"hreflang allows crawlers to discover alternate translations of the page content. [Learn more](https://support.google.com/webmasters/answer/189077).","rawValue":null,"name":"hreflang","description":"Document doesn't have a valid `hreflang`","scoringMode":"binary","error":true},"is-crawlable":{"displayValue":"","score":null,"debugString":"Audit error: Unable to identify the main resource","helpText":"Search engines are unable to include your pages in search results if they don't have permission to crawl them. [Learn more](https://developers.google.com/web/tools/lighthouse/audits/indexing).","rawValue":null,"name":"is-crawlable","description":"Page is blocked from indexing","scoringMode":"binary","error":true},"service-worker":{"displayValue":"","score":false,"helpText":"The service worker is the technology that enables your app to use many Progressive Web App features, such as offline, add to homescreen, and push notifications. [Learn more](https://developers.google.com/web/tools/lighthouse/audits/registered-service-worker).","rawValue":false,"name":"service-worker","description":"Does not register a service worker","scoringMode":"binary"},"use-landmarks":{"displayValue":"","score":false,"helpText":"Landmark elements (<main>, <nav>, etc.) are used to improve the keyboard navigation of the page for assistive technology. [Learn more](https://developers.google.com/web/fundamentals/accessibility/how-to-review#take_advantage_of_headings_and_landmarks).","rawValue":false,"name":"use-landmarks","description":"HTML5 landmark elements are used to improve navigation","scoringMode":"binary","informative":true,"manual":true},"critical-request-chains":{"displayValue":"","score":null,"debugString":"Audit error: Unable to identify the main resource","helpText":"The Critical Request Chains below show you what resources are issued with a high priority. Consider reducing the length of chains, reducing the download size of resources, or deferring the download of unnecessary resources to improve page load. [Learn more](https://developers.google.com/web/tools/lighthouse/audits/critical-request-chains).","rawValue":null,"name":"critical-request-chains","description":"Critical Request Chains","scoringMode":"binary","informative":true,"error":true},"consistently-interactive":{"displayValue":"6,460 ms","score":71,"helpText":"Consistently Interactive marks the time at which the page is fully interactive. [Learn more](https://developers.google.com/web/tools/lighthouse/audits/consistently-interactive).","rawValue":6460.149,"extendedInfo":{"value":{"timeInMs":6460.149,"cpuQuietPeriod":{"start":8.650059653847E9,"end":8.650064967436E9},"networkQuietPeriods":[{"start":8.650059532223999E9,"end":8.650064967436E9}],"networkQuietPeriod":{"start":8.650059532223999E9,"end":8.650064967436E9},"cpuQuietPeriods":[{"start":8.650059653847E9,"end":8.650064967436E9}],"timestamp":8650059653847}},"name":"consistently-interactive","description":"Consistently Interactive (beta)","scoringMode":"numeric"},"pwa-page-transitions":{"displayValue":"","score":false,"helpText":"Transitions should feel snappy as you tap around, even on a slow network, a key to perceived performance. [Learn more](https://developers.google.com/web/progressive-web-apps/checklist#page-transitions-dont-feel-like-they-block-on-the-network).","rawValue":false,"name":"pwa-page-transitions","description":"Page transitions don't feel like they block on the network","scoringMode":"binary","informative":true,"manual":true},"user-timings":{"displayValue":"0","score":true,"helpText":"Consider instrumenting your app with the User Timing API to create custom, real-world measurements of key user experiences. [Learn more](https://developers.google.com/web/tools/lighthouse/audits/user-timing).","rawValue":true,"extendedInfo":{"value":[]},"name":"user-timings","description":"User Timing marks and measures","scoringMode":"binary","informative":true,"details":{"itemHeaders":[{"itemType":"text","text":"Name","type":"text"},{"itemType":"text","text":"Type","type":"text"},{"itemType":"text","text":"Time","type":"text"}],"header":"View Details","type":"table","items":[]}},"manifest-short-name-length":{"displayValue":"","score":false,"helpText":"Make your app's `short_name` fewer than 12 characters to ensure that it's not truncated on homescreens. [Learn more](https://developers.google.com/web/tools/lighthouse/audits/manifest-short_name-is-not-truncated).","rawValue":false,"name":"manifest-short-name-length","description":"Manifest's `short_name` will be truncated when displayed on homescreen","scoringMode":"binary"},"no-vulnerable-libraries":{"displayValue":"","score":true,"helpText":"Some third-party scripts may contain known security vulnerabilities  that are easily identified and exploited by attackers.","rawValue":true,"name":"no-vulnerable-libraries","description":"Avoids front-end JavaScript libraries with known security vulnerabilities","scoringMode":"binary"},"font-size":{"displayValue":"","score":true,"debugString":null,"helpText":"Font sizes less than 12px are too small to be legible and require mobile visitors to \u201cpinch to zoom\u201d in order to read. Strive to have >60% of page text ≥12px. [Learn more](https://developers.google.com/web/tools/lighthouse/audits/font-sizes).","rawValue":true,"name":"font-size","description":"Document uses legible font sizes","scoringMode":"binary","details":{"itemHeaders":[{"itemType":"url","text":"Source","type":"text"},{"itemType":"code","text":"Selector","type":"text"},{"itemType":"text","text":"% of Page Text","type":"text"},{"itemType":"text","text":"Font Size","type":"text"}],"header":"View Details","type":"table","items":[[{"text":"Legible text","type":"url"},{"text":null,"type":"code"},{"text":"100.00%","type":"text"},{"text":"≥ 12px","type":"text"}]]}},"aria-valid-attr":{"displayValue":"","score":true,"helpText":"Assistive technologies, like screen readers, can't interpret ARIA attributes with invalid names. [Learn more](https://dequeuniversity.com/rules/axe/2.2/aria-valid-attr?application=lighthouse).","rawValue":true,"extendedInfo":{},"name":"aria-valid-attr","description":"`[aria-*]` attributes are valid and not misspelled","scoringMode":"binary","details":{"header":{"text":"View failing elements","type":"text"},"type":"list","items":[]}},"aria-required-attr":{"displayValue":"","score":false,"helpText":"Some ARIA roles have required attributes that describe the state of the element to screen readers. [Learn more](https://dequeuniversity.com/rules/axe/2.2/aria-required-attr?application=lighthouse).","rawValue":false,"name":"aria-required-attr","description":"`[role]`s do not have all required `[aria-*]` attributes","scoringMode":"binary","informative":true,"notApplicable":true},"aria-roles":{"displayValue":"","score":false,"helpText":"ARIA roles must have valid values in order to perform their intended accessibility functions. [Learn more](https://dequeuniversity.com/rules/axe/2.2/aria-roles?application=lighthouse).","rawValue":false,"name":"aria-roles","description":"`[role]` values are not valid","scoringMode":"binary","informative":true,"notApplicable":true},"redirects-http":{"displayValue":"","score":false,"helpText":"If you've already set up HTTPS, make sure that you redirect all HTTP traffic to HTTPS. [Learn more](https://developers.google.com/web/tools/lighthouse/audits/http-redirects-to-https).","rawValue":false,"name":"redirects-http","description":"Does not redirect HTTP traffic to HTTPS","scoringMode":"binary"},"aria-required-children":{"displayValue":"","score":false,"helpText":"Some ARIA parent roles must contain specific child roles to perform their intended accessibility functions. [Learn more](https://dequeuniversity.com/rules/axe/2.2/aria-required-children?application=lighthouse).","rawValue":false,"name":"aria-required-children","description":"Elements with `[role]` that require specific children `[role]`s, are missing.","scoringMode":"binary","informative":true,"notApplicable":true},"dom-size":{"displayValue":"94 nodes","score":100,"helpText":"Browser engineers recommend pages contain fewer than ~1,500 DOM nodes. The sweet spot is a tree depth < 32 elements and fewer than 60 children/parent element. A large DOM can increase memory usage, cause longer [style calculations](https://developers.google.com/web/fundamentals/performance/rendering/reduce-the-scope-and-complexity-of-style-calculations), and produce costly [layout reflows](https://developers.google.com/speed/articles/reflow). [Learn more](https://developers.google.com/web/fundamentals/performance/rendering/).","rawValue":94,"extendedInfo":{"value":[{"title":"Total DOM Nodes","value":"94","target":"< 1,500 nodes"},{"snippet":"html >\n  body >\n    main >\n      div#inspire.application.theme--dark >\n        div.application--wrap >\n          aside.navigation-drawer.navigation-drawer--clipped.navigation-drawer--close.navigation-drawer--fixed.navigation-drawer--is-mobile >\n            div.list >\n              div >\n                div.list__tile >\n                  div.input-group.input-group--dirty.input-group--selection-controls.switch.accent--text >\n                    div.input-group__input >\n                      div.input-group--selection-controls__container >\n                        div.input-group--selection-controls__toggle.input-group--selection-controls__toggle--active","title":"DOM Depth","value":"13","target":"< 32"},{"snippet":"Element with most children:\nhead","title":"Maximum Children","value":"8","target":"< 60 nodes"}]},"name":"dom-size","description":"Avoids an excessive DOM size","scoringMode":"numeric","details":{"header":{"text":"View details","type":"text"},"type":"cards","items":[{"title":"Total DOM Nodes","value":"94","target":"< 1,500 nodes"},{"snippet":"html >\n  body >\n    main >\n      div#inspire.application.theme--dark >\n        div.application--wrap >\n          aside.navigation-drawer.navigation-drawer--clipped.navigation-drawer--close.navigation-drawer--fixed.navigation-drawer--is-mobile >\n            div.list >\n              div >\n                div.list__tile >\n                  div.input-group.input-group--dirty.input-group--selection-controls.switch.accent--text >\n                    div.input-group__input >\n                      div.input-group--selection-controls__container >\n                        div.input-group--selection-controls__toggle.input-group--selection-controls__toggle--active","title":"DOM Depth","value":"13","target":"< 32"},{"snippet":"Element with most children:\nhead","title":"Maximum Children","value":"8","target":"< 60 nodes"}]}},"no-websql":{"displayValue":"","score":true,"debugString":"","helpText":"Web SQL is deprecated. Consider using IndexedDB instead. [Learn more](https://developers.google.com/web/tools/lighthouse/audits/web-sql).","rawValue":true,"name":"no-websql","description":"Avoids WebSQL DB","scoringMode":"binary"},"webapp-install-banner":{"displayValue":"","score":false,"debugString":"Failures: No manifest was fetched, Site does not register a service worker, Service worker does not successfully serve the manifest's start_url, No usable web app manifest found on page.","helpText":"Browsers can proactively prompt users to add your app to their homescreen, which can lead to higher engagement. [Learn more](https://developers.google.com/web/tools/lighthouse/audits/install-prompt).","rawValue":false,"extendedInfo":{"value":{"failures":["No manifest was fetched","Site does not register a service worker","Service worker does not successfully serve the manifest's start_url","No usable web app manifest found on page"],"warnings":["No usable web app manifest found on page"],"manifestValues":{"parseFailureReason":"No manifest was fetched","allChecks":[],"isParseFailure":true}}},"name":"webapp-install-banner","description":"User will not be prompted to Install the Web App","scoringMode":"binary"},"uses-passive-event-listeners":{"displayValue":"","score":true,"helpText":"Consider marking your touch and wheel event listeners as `passive` to improve your page's scroll performance. [Learn more](https://developers.google.com/web/tools/lighthouse/audits/passive-event-listeners).","rawValue":true,"extendedInfo":{"value":[]},"name":"uses-passive-event-listeners","description":"Uses passive listeners to improve scrolling performance","scoringMode":"binary","details":{"itemHeaders":[{"itemType":"url","text":"URL","type":"text"},{"itemType":"text","text":"Location","type":"text"}],"header":"View Details","type":"table","items":[]}},"screenshot-thumbnails":{"displayValue":"true","score":100,"helpText":"This is what the load of your site looked like.","rawValue":true,"name":"screenshot-thumbnails","description":"Screenshot Thumbnails","scoringMode":"binary","informative":true,"details":{"scale":6606,"type":"filmstrip","items":[{"data":"/9j/4AAQSkZJRgABAQAAAQABAAD/2wCEAAMCAgMCAgMDAwMEAwMEBQgFBQQEBQoHBwYIDAoMDAsKCwsNDhIQDQ4RDgsLEBYQERMUFRUVDA8XGBYUGBIUFRQBAwQEBQQFCQUFCRQNCw0UFBQUFBQUFBQUFBQUFBQUFBQUFBQUFBQUFBQUFBQUFBQUFBQUFBQUFBQUFBQUFBQUFP/AABEIANUAeAMBEQACEQEDEQH/xAGiAAABBQEBAQEBAQAAAAAAAAAAAQIDBAUGBwgJCgsQAAIBAwMCBAMFBQQEAAABfQECAwAEEQUSITFBBhNRYQcicRQygZGhCCNCscEVUtHwJDNicoIJChYXGBkaJSYnKCkqNDU2Nzg5OkNERUZHSElKU1RVVldYWVpjZGVmZ2hpanN0dXZ3eHl6g4SFhoeIiYqSk5SVlpeYmZqio6Slpqeoqaqys7S1tre4ubrCw8TFxsfIycrS09TV1tfY2drh4uPk5ebn6Onq8fLz9PX29/j5+gEAAwEBAQEBAQEBAQAAAAAAAAECAwQFBgcICQoLEQACAQIEBAMEBwUEBAABAncAAQIDEQQFITEGEkFRB2FxEyIygQgUQpGhscEJIzNS8BVictEKFiQ04SXxFxgZGiYnKCkqNTY3ODk6Q0RFRkdISUpTVFVWV1hZWmNkZWZnaGlqc3R1dnd4eXqCg4SFhoeIiYqSk5SVlpeYmZqio6Slpqeoqaqys7S1tre4ubrCw8TFxsfIycrS09TV1tfY2dri4+Tl5ufo6ery8/T19vf4+fr/2gAMAwEAAhEDEQA/AP1ToAKACgAoAKACgAoAKACgAoAKACgAoAKACgAoAKACgAoAKACgAoAKACgAoAKACgAoAKACgAoAKACgAoAKACgAoAKACgAoAKACgAoAKACgAoAKACgAoAKACgAoAKACgAoAKACgAoAKACgAoAKACgAoAKACgAoAKACgAoAKACgAoAKACgAoAKACgAoAKACgAoAKACgAoAKACgAoAKACgAoAKACgAoAKACgAoAKACgAoAKACgAoAKACgAoAKACgAoAKACgAoAKACgAoAKACgAoAKACgAoAKACgAoAKACgAoAKACgAoAKACgAoAKACgAoAKACgAoAKACgAoAKACgAoAKACgAoAKACgAoAKACgAoAKACgAoAKACgAoAKACgAoAKACgAoAKACgAoAKACgAoAKACgAoAKACgAoAKACgAoAKACgAoAKACgAoAKACgAoAKACgAoAKACgAoAKACgAoAKACgAoAKACgAoAKACgAoAKACgAoAKACgAoAKACgAoAKACgAoAKACgAoAKACgAoAKACgAoAKACgAoAKACgAoAKACgAoAKACgAoAKACgAoAKACgAoAKACgAoAKACgAoAKACgAoAKACgAoAKACgAoAKACgAoAKACgAoAKACgAoAKACgAoAKACgAoAKACgAoAKACgAoAKACgAoAKACgAoAKACgAoAKACgAoAKACgAoAKACgAoAKACgAoAKACgAoAKACgAoAKACgAoAKACgAoAKACgAoAKACgAoAKACgAoAKACgAoAKACgAoAKACgAoAKACgAoAKACgAoAKACgAoAKACgAoAKACgAoAKACgAoAKACgAoAKACgAoAKACgAoAKACgAoAKACgAoAKACgAoAKACgAoAKACgAoAKACgAoAKACgAoAKACgAoAKACgAoAKACgAoAKACgAoAKACgAoAKACgAoAKACgAoAKACgD//Z","timing":661,"timestamp":8650053854298},{"data":"/9j/4AAQSkZJRgABAQAAAQABAAD/2wCEAAMCAgMCAgMDAwMEAwMEBQgFBQQEBQoHBwYIDAoMDAsKCwsNDhIQDQ4RDgsLEBYQERMUFRUVDA8XGBYUGBIUFRQBAwQEBQQFCQUFCRQNCw0UFBQUFBQUFBQUFBQUFBQUFBQUFBQUFBQUFBQUFBQUFBQUFBQUFBQUFBQUFBQUFBQUFP/AABEIANUAeAMBEQACEQEDEQH/xAGiAAABBQEBAQEBAQAAAAAAAAAAAQIDBAUGBwgJCgsQAAIBAwMCBAMFBQQEAAABfQECAwAEEQUSITFBBhNRYQcicRQygZGhCCNCscEVUtHwJDNicoIJChYXGBkaJSYnKCkqNDU2Nzg5OkNERUZHSElKU1RVVldYWVpjZGVmZ2hpanN0dXZ3eHl6g4SFhoeIiYqSk5SVlpeYmZqio6Slpqeoqaqys7S1tre4ubrCw8TFxsfIycrS09TV1tfY2drh4uPk5ebn6Onq8fLz9PX29/j5+gEAAwEBAQEBAQEBAQAAAAAAAAECAwQFBgcICQoLEQACAQIEBAMEBwUEBAABAncAAQIDEQQFITEGEkFRB2FxEyIygQgUQpGhscEJIzNS8BVictEKFiQ04SXxFxgZGiYnKCkqNTY3ODk6Q0RFRkdISUpTVFVWV1hZWmNkZWZnaGlqc3R1dnd4eXqCg4SFhoeIiYqSk5SVlpeYmZqio6Slpqeoqaqys7S1tre4ubrCw8TFxsfIycrS09TV1tfY2dri4+Tl5ufo6ery8/T19vf4+fr/2gAMAwEAAhEDEQA/AP1ToAKACgAoAKACgAoAKACgAoAKACgAoAKACgAoAKACgAoAKACgAoAKACgAoAKACgAoAKACgAoAKACgAoAKACgAoAKACgAoAKACgAoAKACgAoAKACgAoAKACgAoAKACgAoAKACgAoAKACgAoAKACgAoAKACgAoAKACgAoAKACgAoAKACgAoAKACgAoAKACgAoAKACgAoAKACgAoAKACgAoAKACgAoAKACgAoAKACgAoAKACgAoAKACgAoAKACgAoAKACgAoAKACgAoAKACgAoAKACgAoAKACgAoAKACgAoAKACgAoAKACgAoAKACgAoAKACgAoAKACgAoAKACgAoAKACgAoAKACgAoAKACgAoAKACgAoAKACgAoAKACgAoAKACgAoAKACgAoAKACgAoAKACgAoAKACgAoAKACgAoAKACgAoAKACgAoAKACgAoAKACgAoAKACgAoAKACgAoAKACgAoAKACgAoAKACgAoAKACgAoAKACgAoAKACgAoAKACgAoAKACgAoAKACgAoAKACgAoAKACgAoAKACgAoAKACgAoAKACgAoAKACgAoAKACgAoAKACgAoAKACgAoAKACgAoAKACgAoAKACgAoAKACgAoAKACgAoAKACgAoAKACgAoAKACgAoAKACgAoAKACgAoAKACgAoAKACgAoAKACgAoAKACgAoAKACgAoAKACgAoAKACgAoAKACgAoAKACgAoAKACgAoAKACgAoAKACgAoAKACgAoAKACgAoAKACgAoAKACgAoAKACgAoAKACgAoAKACgAoAKACgAoAKACgAoAKACgAoAKACgAoAKACgAoAKACgAoAKACgAoAKACgAoAKACgAoAKACgAoAKACgAoAKACgAoAKACgAoAKACgAoAKACgAoAKACgAoAKACgAoAKACgAoAKACgAoAKACgAoAKACgAoAKACgD//Z","timing":1321,"timestamp":8.650054514898001E12},{"data":"/9j/4AAQSkZJRgABAQAAAQABAAD/2wCEAAMCAgMCAgMDAwMEAwMEBQgFBQQEBQoHBwYIDAoMDAsKCwsNDhIQDQ4RDgsLEBYQERMUFRUVDA8XGBYUGBIUFRQBAwQEBQQFCQUFCRQNCw0UFBQUFBQUFBQUFBQUFBQUFBQUFBQUFBQUFBQUFBQUFBQUFBQUFBQUFBQUFBQUFBQUFP/AABEIANUAeAMBEQACEQEDEQH/xAGiAAABBQEBAQEBAQAAAAAAAAAAAQIDBAUGBwgJCgsQAAIBAwMCBAMFBQQEAAABfQECAwAEEQUSITFBBhNRYQcicRQygZGhCCNCscEVUtHwJDNicoIJChYXGBkaJSYnKCkqNDU2Nzg5OkNERUZHSElKU1RVVldYWVpjZGVmZ2hpanN0dXZ3eHl6g4SFhoeIiYqSk5SVlpeYmZqio6Slpqeoqaqys7S1tre4ubrCw8TFxsfIycrS09TV1tfY2drh4uPk5ebn6Onq8fLz9PX29/j5+gEAAwEBAQEBAQEBAQAAAAAAAAECAwQFBgcICQoLEQACAQIEBAMEBwUEBAABAncAAQIDEQQFITEGEkFRB2FxEyIygQgUQpGhscEJIzNS8BVictEKFiQ04SXxFxgZGiYnKCkqNTY3ODk6Q0RFRkdISUpTVFVWV1hZWmNkZWZnaGlqc3R1dnd4eXqCg4SFhoeIiYqSk5SVlpeYmZqio6Slpqeoqaqys7S1tre4ubrCw8TFxsfIycrS09TV1tfY2dri4+Tl5ufo6ery8/T19vf4+fr/2gAMAwEAAhEDEQA/AP1ToAKACgAoAKACgAoAKACgAoAKACgAoAKACgAoAKACgAoAKACgAoAKACgAoAKACgAoAKACgAoAKACgAoAKACgAoAKACgAoAKACgAoAKACgAoAKACgAoAKACgAoAKACgAoAKACgAoAKACgAoAKACgAoAKACgAoAKACgAoAKACgAoAKACgAoAKACgAoAKACgAoAKACgAoAKACgAoAKACgAoAKACgAoAKACgAoAKACgAoAKACgAoAKACgAoAKACgAoAKACgAoAKACgAoAKACgAoAKACgAoAKACgAoAKACgAoAKACgAoAKACgAoAKACgAoAKACgAoAKACgAoAKACgAoAKACgAoAKACgAoAKACgAoAKACgAoAKACgAoAKACgAoAKACgAoAKACgAoAKACgAoAKACgAoAKACgAoAKACgAoAKACgAoAKACgAoAKACgAoAKACgAoAKACgAoAKACgAoAKACgAoAKACgAoAKACgAoAKACgAoAKACgAoAKACgAoAKACgAoAKACgAoAKACgAoAKACgAoAKACgAoAKACgAoAKACgAoAKACgAoAKACgAoAKACgAoAKACgAoAKACgAoAKACgAoAKACgAoAKACgAoAKACgAoAKACgAoAKACgAoAKACgAoAKACgAoAKACgAoAKACgAoAKACgAoAKACgAoAKACgAoAKACgAoAKACgAoAKACgAoAKACgAoAKACgAoAKACgAoAKACgAoAKACgAoAKACgAoAKACgAoAKACgAoAKACgAoAKACgAoAKACgAoAKACgAoAKACgAoAKACgAoAKACgAoAKACgAoAKACgAoAKACgAoAKACgAoAKACgAoAKACgAoAKACgAoAKACgAoAKACgAoAKACgAoAKACgAoAKACgAoAKACgAoAKACgAoAKACgAoAKACgAoAKACgAoAKACgAoAKACgAoAKACgD//Z","timing":1982,"timestamp":8.650055175497999E12},{"data":"/9j/4AAQSkZJRgABAQAAAQABAAD/2wCEAAMCAgMCAgMDAwMEAwMEBQgFBQQEBQoHBwYIDAoMDAsKCwsNDhIQDQ4RDgsLEBYQERMUFRUVDA8XGBYUGBIUFRQBAwQEBQQFCQUFCRQNCw0UFBQUFBQUFBQUFBQUFBQUFBQUFBQUFBQUFBQUFBQUFBQUFBQUFBQUFBQUFBQUFBQUFP/AABEIANUAeAMBEQACEQEDEQH/xAGiAAABBQEBAQEBAQAAAAAAAAAAAQIDBAUGBwgJCgsQAAIBAwMCBAMFBQQEAAABfQECAwAEEQUSITFBBhNRYQcicRQygZGhCCNCscEVUtHwJDNicoIJChYXGBkaJSYnKCkqNDU2Nzg5OkNERUZHSElKU1RVVldYWVpjZGVmZ2hpanN0dXZ3eHl6g4SFhoeIiYqSk5SVlpeYmZqio6Slpqeoqaqys7S1tre4ubrCw8TFxsfIycrS09TV1tfY2drh4uPk5ebn6Onq8fLz9PX29/j5+gEAAwEBAQEBAQEBAQAAAAAAAAECAwQFBgcICQoLEQACAQIEBAMEBwUEBAABAncAAQIDEQQFITEGEkFRB2FxEyIygQgUQpGhscEJIzNS8BVictEKFiQ04SXxFxgZGiYnKCkqNTY3ODk6Q0RFRkdISUpTVFVWV1hZWmNkZWZnaGlqc3R1dnd4eXqCg4SFhoeIiYqSk5SVlpeYmZqio6Slpqeoqaqys7S1tre4ubrCw8TFxsfIycrS09TV1tfY2dri4+Tl5ufo6ery8/T19vf4+fr/2gAMAwEAAhEDEQA/AP1ToAKACgAoAKACgAoAKACgAoAKACgAoAKACgAoAKACgAoAKACgAoAKACgAoAKACgAoAKACgAoAKACgAoAKACgAoAKACgAoAKACgAoAKACgAoAKACgAoAKACgAoAKACgAoAKACgAoAKACgAoAKACgAoAKACgAoAKACgAoAKACgAoAKACgAoAKACgAoAKACgAoAKACgAoAKACgAoAKACgAoAKACgAoAKACgAoAKACgAoAKACgAoAKACgAoAKACgAoAKACgAoAKACgAoAKACgAoAKACgAoAKACgAoAKACgAoAKACgAoAKACgAoAKACgAoAKACgAoAKACgAoAKACgAoAKACgAoAKACgAoAKACgAoAKACgAoAKACgAoAKACgAoAKACgAoAKACgAoAKACgAoAKACgAoAKACgAoAKACgAoAKACgAoAKACgAoAKACgAoAKACgAoAKACgAoAKACgAoAKACgAoAKACgAoAKACgAoAKACgAoAKACgAoAKACgAoAKACgAoAKACgAoAKACgAoAKACgAoAKACgAoAKACgAoAKACgAoAKACgAoAKACgAoAKACgAoAKACgAoAKACgAoAKACgAoAKACgAoAKACgAoAKACgAoAKACgAoAKACgAoAKACgAoAKACgAoAKACgAoAKACgAoAKACgAoAKACgAoAKACgAoAKACgAoAKACgAoAKACgAoAKACgAoAKACgAoAKACgAoAKACgAoAKACgAoAKACgAoAKACgAoAKACgAoAKACgAoAKACgAoAKACgAoAKACgAoAKACgAoAKACgAoAKACgAoAKACgAoAKACgAoAKACgAoAKACgAoAKACgAoAKACgAoAKACgAoAKACgAoAKACgAoAKACgAoAKACgAoAKACgAoAKACgAoAKACgAoAKACgAoAKACgAoAKACgAoAKACgAoAKACgAoAKACgD//Z","timing":2642,"timestamp":8650055836098},{"data":"/9j/4AAQSkZJRgABAQAAAQABAAD/2wCEAAMCAgMCAgMDAwMEAwMEBQgFBQQEBQoHBwYIDAoMDAsKCwsNDhIQDQ4RDgsLEBYQERMUFRUVDA8XGBYUGBIUFRQBAwQEBQQFCQUFCRQNCw0UFBQUFBQUFBQUFBQUFBQUFBQUFBQUFBQUFBQUFBQUFBQUFBQUFBQUFBQUFBQUFBQUFP/AABEIANUAeAMBEQACEQEDEQH/xAGiAAABBQEBAQEBAQAAAAAAAAAAAQIDBAUGBwgJCgsQAAIBAwMCBAMFBQQEAAABfQECAwAEEQUSITFBBhNRYQcicRQygZGhCCNCscEVUtHwJDNicoIJChYXGBkaJSYnKCkqNDU2Nzg5OkNERUZHSElKU1RVVldYWVpjZGVmZ2hpanN0dXZ3eHl6g4SFhoeIiYqSk5SVlpeYmZqio6Slpqeoqaqys7S1tre4ubrCw8TFxsfIycrS09TV1tfY2drh4uPk5ebn6Onq8fLz9PX29/j5+gEAAwEBAQEBAQEBAQAAAAAAAAECAwQFBgcICQoLEQACAQIEBAMEBwUEBAABAncAAQIDEQQFITEGEkFRB2FxEyIygQgUQpGhscEJIzNS8BVictEKFiQ04SXxFxgZGiYnKCkqNTY3ODk6Q0RFRkdISUpTVFVWV1hZWmNkZWZnaGlqc3R1dnd4eXqCg4SFhoeIiYqSk5SVlpeYmZqio6Slpqeoqaqys7S1tre4ubrCw8TFxsfIycrS09TV1tfY2dri4+Tl5ufo6ery8/T19vf4+fr/2gAMAwEAAhEDEQA/AP1ToAKACgAoAKACgAoAKACgAoAKACgAoAKACgAoAKACgAoAKACgAoAKACgAoAKACgAoAKACgAoAKACgAoAKACgAoAKACgAoAKACgAoAKACgAoAKACgAoAKACgAoAKACgAoAKACgAoAKACgAoAKACgAoAKACgAoAKACgAoAKACgAoAKACgAoAKACgAoAKACgAoAKACgAoAKACgAoAKACgAoAKACgAoAKACgAoAKACgAoAKACgAoAKACgAoAKACgAoAKACgAoAKACgAoAKACgAoAKACgAoAKACgAoAKACgAoAKACgAoAKACgAoAKACgAoAKACgAoAKACgAoAKACgAoAKACgAoAKACgAoAKACgAoAKACgAoAKACgAoAKACgAoAKACgAoAKACgAoAKACgAoAKACgAoAKACgAoAKACgAoAKACgAoAKACgAoAKACgAoAKACgAoAKACgAoAKACgAoAKACgAoAKACgAoAKACgAoAKACgAoAKACgAoAKACgAoAKACgAoAKACgAoAKACgAoAKACgAoAKACgAoAKACgAoAKACgAoAKACgAoAKACgAoAKACgAoAKACgAoAKACgAoAKACgAoAKACgAoAKACgAoAKACgAoAKACgAoAKACgAoAKACgAoAKACgAoAKACgAoAKACgAoAKACgAoAKACgAoAKACgAoAKACgAoAKACgAoAKACgAoAKACgAoAKACgAoAKACgAoAKACgAoAKACgAoAKACgAoAKACgAoAKACgAoAKACgAoAKACgAoAKACgAoAKACgAoAKACgAoAKACgAoAKACgAoAKACgAoAKACgAoAKACgAoAKACgAoAKACgAoAKACgAoAKACgAoAKACgAoAKACgAoAKACgAoAKACgAoAKACgAoAKACgAoAKACgAoAKACgAoAKACgAoAKACgAoAKACgAoAKACgAoAKACgD//Z","timing":3303,"timestamp":8650056496698},{"data":"/9j/4AAQSkZJRgABAQAAAQABAAD/2wCEAAMCAgMCAgMDAwMEAwMEBQgFBQQEBQoHBwYIDAoMDAsKCwsNDhIQDQ4RDgsLEBYQERMUFRUVDA8XGBYUGBIUFRQBAwQEBQQFCQUFCRQNCw0UFBQUFBQUFBQUFBQUFBQUFBQUFBQUFBQUFBQUFBQUFBQUFBQUFBQUFBQUFBQUFBQUFP/AABEIANUAeAMBEQACEQEDEQH/xAGiAAABBQEBAQEBAQAAAAAAAAAAAQIDBAUGBwgJCgsQAAIBAwMCBAMFBQQEAAABfQECAwAEEQUSITFBBhNRYQcicRQygZGhCCNCscEVUtHwJDNicoIJChYXGBkaJSYnKCkqNDU2Nzg5OkNERUZHSElKU1RVVldYWVpjZGVmZ2hpanN0dXZ3eHl6g4SFhoeIiYqSk5SVlpeYmZqio6Slpqeoqaqys7S1tre4ubrCw8TFxsfIycrS09TV1tfY2drh4uPk5ebn6Onq8fLz9PX29/j5+gEAAwEBAQEBAQEBAQAAAAAAAAECAwQFBgcICQoLEQACAQIEBAMEBwUEBAABAncAAQIDEQQFITEGEkFRB2FxEyIygQgUQpGhscEJIzNS8BVictEKFiQ04SXxFxgZGiYnKCkqNTY3ODk6Q0RFRkdISUpTVFVWV1hZWmNkZWZnaGlqc3R1dnd4eXqCg4SFhoeIiYqSk5SVlpeYmZqio6Slpqeoqaqys7S1tre4ubrCw8TFxsfIycrS09TV1tfY2dri4+Tl5ufo6ery8/T19vf4+fr/2gAMAwEAAhEDEQA/AP1ToAKACgAoAKACgAoAKACgAoAKACgAoAKACgAoAKACgAoAKACgAoAKACgAoAKACgAoAKACgAoAKACgAoAKACgAoAKACgAoAKACgAoAKACgAoAKACgAoAKACgAoAKACgAoAKACgAoAKACgAoAKACgAoAKACgAoAKACgAoAKACgAoAKACgAoAKACgAoAKACgAoAKACgAoAKACgAoAKACgAoAKACgAoAKACgAoAKACgAoAKACgAoAKACgAoAKACgAoAKACgAoAKACgAoAKACgAoAKACgAoAKACgAoAKACgAoAKACgAoAKACgAoAKACgAoAKACgAoAKACgAoAKACgAoAKACgAoAKACgAoAKACgAoAKACgAoAKACgAoAKACgAoAKACgAoAKACgAoAKACgAoAKACgAoAKACgAoAKACgAoAKACgAoAKACgAoAKACgAoAKACgAoAKACgAoAKACgAoAKACgAoAKACgAoAKACgAoAKACgAoAKACgAoAKACgAoAKACgAoAKACgAoAKACgAoAKACgAoAKACgAoAKACgAoAKACgAoAKACgAoAKACgAoAKACgAoAKACgAoAKACgAoAKACgAoAKACgAoAKACgAoAKACgAoAKACgAoAKACgAoAKACgAoAKACgAoAKACgAoAKACgAoAKACgAoAKACgAoAKACgAoAKACgAoAKACgAoAKACgAoAKACgAoAKACgAoAKACgAoAKACgAoAKACgAoAKACgAoAKACgAoAKACgAoAKACgAoAKACgAoAKACgAoAKACgAoAKACgAoAKACgAoAKACgAoAKACgAoAKACgAoAKACgAoAKACgAoAKACgAoAKACgAoAKACgAoAKACgAoAKACgAoAKACgAoAKACgAoAKACgAoAKACgAoAKACgAoAKACgAoAKACgAoAKACgAoAKACgAoAKACgAoAKACgD//Z","timing":3964,"timestamp":8650057157298},{"data":"/9j/4AAQSkZJRgABAQAAAQABAAD/2wCEAAMCAgMCAgMDAwMEAwMEBQgFBQQEBQoHBwYIDAoMDAsKCwsNDhIQDQ4RDgsLEBYQERMUFRUVDA8XGBYUGBIUFRQBAwQEBQQFCQUFCRQNCw0UFBQUFBQUFBQUFBQUFBQUFBQUFBQUFBQUFBQUFBQUFBQUFBQUFBQUFBQUFBQUFBQUFP/AABEIANUAeAMBEQACEQEDEQH/xAGiAAABBQEBAQEBAQAAAAAAAAAAAQIDBAUGBwgJCgsQAAIBAwMCBAMFBQQEAAABfQECAwAEEQUSITFBBhNRYQcicRQygZGhCCNCscEVUtHwJDNicoIJChYXGBkaJSYnKCkqNDU2Nzg5OkNERUZHSElKU1RVVldYWVpjZGVmZ2hpanN0dXZ3eHl6g4SFhoeIiYqSk5SVlpeYmZqio6Slpqeoqaqys7S1tre4ubrCw8TFxsfIycrS09TV1tfY2drh4uPk5ebn6Onq8fLz9PX29/j5+gEAAwEBAQEBAQEBAQAAAAAAAAECAwQFBgcICQoLEQACAQIEBAMEBwUEBAABAncAAQIDEQQFITEGEkFRB2FxEyIygQgUQpGhscEJIzNS8BVictEKFiQ04SXxFxgZGiYnKCkqNTY3ODk6Q0RFRkdISUpTVFVWV1hZWmNkZWZnaGlqc3R1dnd4eXqCg4SFhoeIiYqSk5SVlpeYmZqio6Slpqeoqaqys7S1tre4ubrCw8TFxsfIycrS09TV1tfY2dri4+Tl5ufo6ery8/T19vf4+fr/2gAMAwEAAhEDEQA/AP0bk8LeMEuh9l8ZJFaC8SXyp9KjlcWyxQKYA+4cs8cz+YwYjz8Y+RSQDrtMt57TTrWG5unvriOJEkuXRUaVgoBcqoABJycAYGeKALVABQAUAFABQAUAFABQAUAFABQAUAFABQAUAFABQAUAFABQAUAFABQAUAFABQAUAFABQAUAFABQAUAFABQAUAFABQAUAFABQAUAFABQAUAFABQAUAFABQAUAFABQAUAFABQAUAFACZ5xQAZGcd6AFoAKACgAoAKACgAoAKACgAoAKACgAoA8AbVfiFqEGl3Wja9oL2kFwbHVBNfwzbbgSxCKFJAD+9kHyOrcgynbuOwgA7zwHq+q2WrXll4h1fTrqG7mCaTIs8azzPGji4hMSjG6MxliQxOTICsYQAgHftOoYr1cLu2jrj6daAATI2MMDkkZBHUHH8xQAi3CMMgjGCScg4x1H1oAZp9/b6rYW97ZzR3NpcRrLDPC4dJEYZVlYEgggggg4INAFigAoAKACgAoAKACgAoAKAOF1j4PeEvFt/omq6npZvL/RpvtGmXM0syyWT/ALrJjywKZMEeQMA/N2dsgDdG+B3grw9pVrYadoUFrHaQS29rOjN9ptY5FdXWG4z5sWRI4Gxxt3HbigB+ifBfwj4c059O03TGtdMa8hvxYLdTm3ininSeIxRlysSrJGjbEAU4AIIoAst8JfC5Piwpp8kLeKgo1d4LyeJ7jClRhlcGP5SR8hXrQBj3v7O/w+1O4vJ73w5BdyXieXcCeWWRJB9qN2cozlcm4YyFsZJOCSOKAO60PRrTw5oun6Tp8XkWFhbx2tvFuLbI0UKq5YknAAGSSaAL1ABQAUAFABQAUAFABQAUAFABQAUAFABQAUAFABQAUAFABQAUAFABQAUAJuoFfWwbqAuAOaBi0AFABQAUAFABQAUAFABQAUAFABQByaS6/f6Wk1hPZf6RCjQTzRO/UZDsoZCQwK/LwRzyeldj+rNt6nn2xe2hXv8A/hODph+xHRV1EeWy/aVlMX3Y/MU7efvGXB9FTI5JEr6u90waxS2aNfTU8Qf27eG9fTv7H2D7MsMb/aC2TkuSduMbcYHr0xgxP2XKuS9zal7fm/ebG7WB1BQAUARiZec4XHXJppNkOaWjYvmqDjIz9aLMHOK6jftCEkBlJXBIz0H+Qfyos+qDnjrZiC6jP8QHtmnyvsQqsHrckVg6gggg9xSasap31Q6kMKACgAoA8ttfEXirw3YQWVxYJKIFENuLKwe4Msa+UiFmMyBGJlAwQANrMSEBau14eLfuzT+Vv8zzFi3b3qbXzv8AohsvxI15bS9mi02/ma0PMI8OTK8yllCmPdcBTkMGwSCAGyBg1Twm3vrXzGsZ/wBO39x0XhvVvEuvSasJVt9LWyvXtI/tWmyD7Qqqh81D5/KEsQD329jkDmqU+TlfNe6vp0v09TrpVOe6tazsbX2XX/8AoJ6b/wCC6T/4/WJuH2XX/wDoJ6b/AOC6T/4/QAfZdf8A+gnpv/guk/8Aj9AFQ+EoL+++26wUvbuPasfl+ZHCoDBlYRF2UOCPv9ccdK2hVnCPKmc86EJy5mMPw80JnspPs03m2f8AqZftMvmAbGQqW3bmUhjlWJBOGIyAar6xU7kfVqbdyS08CaPY209rBahLSaaO4aDcxVXRlZNoJ+VVKKQq4A7Dml7ed076r9RrDxSa6MSz+H2h6ejLb2rxhoEtm/fOxaNCxVSSckDew57YHQACvrFS/Nfrf8v8hfVafLym9a20dnbxwRLtijUIi+gAwBXO227s6klFJIlpDCgAoAKAPM/CfijTLvw1p3k+HJb1Ft1jeeJrMozL8j8mYc70IIPIIwQDTuKxb1Txfomj6ebzUPDcllatJFCJLp7KJGeWTZGoZpwuXchQM5JYAZJpDLNxr9hYxNJP4RuoYYwS8kos1RADzkmbA6Z/H3oA0YJre4hjlTwnOUkUOvy2vQ9P+WtAD/3P/QpT/wDfNr/8doAP3P8A0KU//fNr/wDHaAKP9la5dyXUmmzjw9aSW/lRWr28RkimyT5wKl0YEbV2kZ4JyOjaxnTS1WpjUhU5vdlobPh6x1eyN6dV1CO/864aWARxeX5EZxti77sYzu4znoKU3F25VYdNSSfO7mxiszQWgYUAFABQAUAFAHlFp+zT4R022uYrCbWLJrkYmki1KQlwZzPINrEqA7vLnao+WaRV2hsUAbCfA7wrH4Qm8MLb3C6JK0Tm2S4ZCrRtuRlkUh1ZWCsGDAhlBB9QDF0f9l34faBYvZ6fpc9pbM2Qkd3KNn7qSH5fm+U7JXG4YP3TnKqQAep2lstpbRQKSyxoEBbqQBigCagAoAKACgAoAKACgAoAKACgAoA4A/G3w0YfFjRTS3M3hm9isL+CFA0hlkKqixrnMjMzbFjHzuw2qrFk3AGndfEK3hj1VYdNv7y80ydreexhWMTFgYTlCzhGBjuIpAA+SG243gpQBZ1PxvbaJLdpf2V/AsLxokkVubhZQyFt48rcUQbWUtKEAKnnBBIBneHvizofivWb7TNLTUJ7mxnS3uGl0+eGNHaKOTG90A3ASoGT76kNuUbSaAJbn4o6Lptle3eoLe2FvZTtDcyPZySpbgCNvMleIOkaFJo5NzlQqFi23Y+0Ap3Hxj0Ox8R6zpN7Ff2R0y4W0a5e1MkU8zRW8gSMx7juxd26gOFLtIFTcQcAG34e8d6N4o1C9stPmuHuLOaaCTz7KeBHaKQxy+W8iKsoVxtLRlgMjnkZAOgoAKACgAoAKACgAoAKAK8thbTxSRSQRvHIwZ1ZQQxGME+p4H5UAO+xwbg3kpkcg7Rx824/qAfrQA06fatIZDbxNISGLlASSBgEnuQCRn3oAclnBHKJEhRHC7Qyrg444+nA/IUALHawxMGSJFIzghQMZOT+ZA/KgBPscGxl8lNrDDDb14xz+HFADxEinIUA8849eTQA+gAoAKACgAoAKACgAoAKACgAoAKACgAoAKACgAoAKACgAoAKACgAoAKACgAoAKACgAoAKACgAoAKACgAoAKACgAoAKACgAoAKACgAoAKACgAoAKACgAoAKACgAoAKACgAoAKACgAoAKACgAoAKACgAoAKACgAoAKACgAoAKACgAoAKACgAoAKACgAoAKACgAoAKACgAoAKACgAoAKACgAoAKACgAoAKACgAoAKACgAoAKACgAoAKACgAoAKACgAoAKACgAoAKACgAoAKACgAoAKACgAoAKACgAoAKACgAoAKACgAoAKACgAoAKACgAoAKACgAoAKACgAoAKACgAoAKACgAoAKACgAoAKACgAoAKACgAoAKACgAoAKACgAoAKACgAoAKACgAoAKACgAoAKACgAoAKACgAoAKACgAoAKACgAoAKACgAoA//9k=","timing":4624,"timestamp":8.650057817898001E12},{"data":"/9j/4AAQSkZJRgABAQAAAQABAAD/2wCEAAMCAgMCAgMDAwMEAwMEBQgFBQQEBQoHBwYIDAoMDAsKCwsNDhIQDQ4RDgsLEBYQERMUFRUVDA8XGBYUGBIUFRQBAwQEBQQFCQUFCRQNCw0UFBQUFBQUFBQUFBQUFBQUFBQUFBQUFBQUFBQUFBQUFBQUFBQUFBQUFBQUFBQUFBQUFP/AABEIANUAeAMBEQACEQEDEQH/xAGiAAABBQEBAQEBAQAAAAAAAAAAAQIDBAUGBwgJCgsQAAIBAwMCBAMFBQQEAAABfQECAwAEEQUSITFBBhNRYQcicRQygZGhCCNCscEVUtHwJDNicoIJChYXGBkaJSYnKCkqNDU2Nzg5OkNERUZHSElKU1RVVldYWVpjZGVmZ2hpanN0dXZ3eHl6g4SFhoeIiYqSk5SVlpeYmZqio6Slpqeoqaqys7S1tre4ubrCw8TFxsfIycrS09TV1tfY2drh4uPk5ebn6Onq8fLz9PX29/j5+gEAAwEBAQEBAQEBAQAAAAAAAAECAwQFBgcICQoLEQACAQIEBAMEBwUEBAABAncAAQIDEQQFITEGEkFRB2FxEyIygQgUQpGhscEJIzNS8BVictEKFiQ04SXxFxgZGiYnKCkqNTY3ODk6Q0RFRkdISUpTVFVWV1hZWmNkZWZnaGlqc3R1dnd4eXqCg4SFhoeIiYqSk5SVlpeYmZqio6Slpqeoqaqys7S1tre4ubrCw8TFxsfIycrS09TV1tfY2dri4+Tl5ufo6ery8/T19vf4+fr/2gAMAwEAAhEDEQA/AP0bk8LeMEuh9l8ZJFaC8SXyp9KjlcWyxQKYA+4cs8cz+YwYjz8Y+RSQDrtMt57TTrWG5unvriOJEkuXRUaVgoBcqoABJycAYGeKALVABQAUAFABQAUAFABQAUAFABQAUAFABQAUAFABQAUAFABQAUAFABQAUAFABQAUAFABQAUAFABQAUAFABQAUAFABQAUAFABQAUAFABQAUAFABQAUAFABQAUAFABQAUAFABQAUAFACZ5xQAZGcd6AFoAKACgAoAKACgAoAKACgAoAKACgAoA8AbVfiFqEGl3Wja9oL2kFwbHVBNfwzbbgSxCKFJAD+9kHyOrcgynbuOwgA7zwHq+q2WrXll4h1fTrqG7mCaTIs8azzPGji4hMSjG6MxliQxOTICsYQAgHftOoYr1cLu2jrj6daAATI2MMDkkZBHUHH8xQAi3CMMgjGCScg4x1H1oAZp9/b6rYW97ZzR3NpcRrLDPC4dJEYZVlYEgggggg4INAFigAoAKACgAoAKACgAoAKAOF1j4PeEvFt/omq6npZvL/RpvtGmXM0syyWT/ALrJjywKZMEeQMA/N2dsgDdG+B3grw9pVrYadoUFrHaQS29rOjN9ptY5FdXWG4z5sWRI4Gxxt3HbigB+ifBfwj4c059O03TGtdMa8hvxYLdTm3ininSeIxRlysSrJGjbEAU4AIIoAst8JfC5Piwpp8kLeKgo1d4LyeJ7jClRhlcGP5SR8hXrQBj3v7O/w+1O4vJ73w5BdyXieXcCeWWRJB9qN2cozlcm4YyFsZJOCSOKAO60PRrTw5oun6Tp8XkWFhbx2tvFuLbI0UKq5YknAAGSSaAL1ABQAUAFABQAUAFABQAUAFABQAUAFABQAUAFABQAUAFABQAUAFABQAUAJuoFfWwbqAuAOaBi0AFABQAUAFABQAUAFABQAUAFABQByaS6/f6Wk1hPZf6RCjQTzRO/UZDsoZCQwK/LwRzyeldj+rNt6nn2xe2hXv8A/hODph+xHRV1EeWy/aVlMX3Y/MU7efvGXB9FTI5JEr6u90waxS2aNfTU8Qf27eG9fTv7H2D7MsMb/aC2TkuSduMbcYHr0xgxP2XKuS9zal7fm/ebG7WB1BQAUARiZec4XHXJppNkOaWjYvmqDjIz9aLMHOK6jftCEkBlJXBIz0H+Qfyos+qDnjrZiC6jP8QHtmnyvsQqsHrckVg6gggg9xSasap31Q6kMKACgAoA8ttfEXirw3YQWVxYJKIFENuLKwe4Msa+UiFmMyBGJlAwQANrMSEBau14eLfuzT+Vv8zzFi3b3qbXzv8AohsvxI15bS9mi02/ma0PMI8OTK8yllCmPdcBTkMGwSCAGyBg1Twm3vrXzGsZ/wBO39x0XhvVvEuvSasJVt9LWyvXtI/tWmyD7Qqqh81D5/KEsQD329jkDmqU+TlfNe6vp0v09TrpVOe6tazsbX2XX/8AoJ6b/wCC6T/4/WJuH2XX/wDoJ6b/AOC6T/4/QAfZdf8A+gnpv/guk/8Aj9AFQ+EoL+++26wUvbuPasfl+ZHCoDBlYRF2UOCPv9ccdK2hVnCPKmc86EJy5mMPw80JnspPs03m2f8AqZftMvmAbGQqW3bmUhjlWJBOGIyAar6xU7kfVqbdyS08CaPY209rBahLSaaO4aDcxVXRlZNoJ+VVKKQq4A7Dml7ed076r9RrDxSa6MSz+H2h6ejLb2rxhoEtm/fOxaNCxVSSckDew57YHQACvrFS/Nfrf8v8hfVafLym9a20dnbxwRLtijUIi+gAwBXO227s6klFJIlpDCgAoAKAPM/CfijTLvw1p3k+HJb1Ft1jeeJrMozL8j8mYc70IIPIIwQDTuKxb1Txfomj6ebzUPDcllatJFCJLp7KJGeWTZGoZpwuXchQM5JYAZJpDLNxr9hYxNJP4RuoYYwS8kos1RADzkmbA6Z/H3oA0YJre4hjlTwnOUkUOvy2vQ9P+WtAD/3P/QpT/wDfNr/8doAP3P8A0KU//fNr/wDHaAKP9la5dyXUmmzjw9aSW/lRWr28RkimyT5wKl0YEbV2kZ4JyOjaxnTS1WpjUhU5vdlobPh6x1eyN6dV1CO/864aWARxeX5EZxti77sYzu4znoKU3F25VYdNSSfO7mxiszQWgYUAFABQAUAFAHlFp+zT4R022uYrCbWLJrkYmki1KQlwZzPINrEqA7vLnao+WaRV2hsUAbCfA7wrH4Qm8MLb3C6JK0Tm2S4ZCrRtuRlkUh1ZWCsGDAhlBB9QDF0f9l34faBYvZ6fpc9pbM2Qkd3KNn7qSH5fm+U7JXG4YP3TnKqQAep2lstpbRQKSyxoEBbqQBigCagAoAKACgAoAKACgAoAKACgAoA4A/G3w0YfFjRTS3M3hm9isL+CFA0hlkKqixrnMjMzbFjHzuw2qrFk3AGndfEK3hj1VYdNv7y80ydreexhWMTFgYTlCzhGBjuIpAA+SG243gpQBZ1PxvbaJLdpf2V/AsLxokkVubhZQyFt48rcUQbWUtKEAKnnBBIBneHvizofivWb7TNLTUJ7mxnS3uGl0+eGNHaKOTG90A3ASoGT76kNuUbSaAJbn4o6Lptle3eoLe2FvZTtDcyPZySpbgCNvMleIOkaFJo5NzlQqFi23Y+0Ap3Hxj0Ox8R6zpN7Ff2R0y4W0a5e1MkU8zRW8gSMx7juxd26gOFLtIFTcQcAG34e8d6N4o1C9stPmuHuLOaaCTz7KeBHaKQxy+W8iKsoVxtLRlgMjnkZAOgoAKACgAoAKACgAoAKAK8thbTxSRSQRvHIwZ1ZQQxGME+p4H5UAO+xwbg3kpkcg7Rx824/qAfrQA06fatIZDbxNISGLlASSBgEnuQCRn3oAclnBHKJEhRHC7Qyrg444+nA/IUALHawxMGSJFIzghQMZOT+ZA/KgBPscGxl8lNrDDDb14xz+HFADxEinIUA8849eTQA+gAoAKACgAoAKACgAoAKACgAoAKACgAoAKACgAoAKACgAoAKACgAoAKACgAoAKACgAoAKACgAoAKACgAoAKACgAoAKACgAoAKACgAoAKACgAoAKACgAoAKACgAoAKACgAoAKACgAoAKACgAoAKACgAoAKACgAoAKACgAoAKACgAoAKACgAoAKACgAoAKACgAoAKACgAoAKACgAoAKACgAoAKACgAoAKACgAoAKACgAoAKACgAoAKACgAoAKACgAoAKACgAoAKACgAoAKACgAoAKACgAoAKACgAoAKACgAoAKACgAoAKACgAoAKACgAoAKACgAoAKACgAoAKACgAoAKACgAoAKACgAoAKACgAoAKACgAoAKACgAoAKACgAoAKACgAoAKACgAoAKACgAoAKACgAoAKACgAoAKACgAoAKACgAoAKACgAoA//9k=","timing":5285,"timestamp":8.650058478497999E12},{"data":"/9j/4AAQSkZJRgABAQAAAQABAAD/2wCEAAMCAgMCAgMDAwMEAwMEBQgFBQQEBQoHBwYIDAoMDAsKCwsNDhIQDQ4RDgsLEBYQERMUFRUVDA8XGBYUGBIUFRQBAwQEBQQFCQUFCRQNCw0UFBQUFBQUFBQUFBQUFBQUFBQUFBQUFBQUFBQUFBQUFBQUFBQUFBQUFBQUFBQUFBQUFP/AABEIANUAeAMBEQACEQEDEQH/xAGiAAABBQEBAQEBAQAAAAAAAAAAAQIDBAUGBwgJCgsQAAIBAwMCBAMFBQQEAAABfQECAwAEEQUSITFBBhNRYQcicRQygZGhCCNCscEVUtHwJDNicoIJChYXGBkaJSYnKCkqNDU2Nzg5OkNERUZHSElKU1RVVldYWVpjZGVmZ2hpanN0dXZ3eHl6g4SFhoeIiYqSk5SVlpeYmZqio6Slpqeoqaqys7S1tre4ubrCw8TFxsfIycrS09TV1tfY2drh4uPk5ebn6Onq8fLz9PX29/j5+gEAAwEBAQEBAQEBAQAAAAAAAAECAwQFBgcICQoLEQACAQIEBAMEBwUEBAABAncAAQIDEQQFITEGEkFRB2FxEyIygQgUQpGhscEJIzNS8BVictEKFiQ04SXxFxgZGiYnKCkqNTY3ODk6Q0RFRkdISUpTVFVWV1hZWmNkZWZnaGlqc3R1dnd4eXqCg4SFhoeIiYqSk5SVlpeYmZqio6Slpqeoqaqys7S1tre4ubrCw8TFxsfIycrS09TV1tfY2dri4+Tl5ufo6ery8/T19vf4+fr/2gAMAwEAAhEDEQA/APh3wzoB168ZWcxwRAF2HXnoB78H8qANnXvA0dlYvc2csjmIFnWUg5XuRgDpQBxtABQAUAFABQAUAFABQAUAFAGhoWktrWpR2ytsXBZ3xnaB/kD8aAOp1TwFBFYSSWs8pmjUttkwQ2BnAwOKAOGoA6Hwfr8WiXcq3CnyJsbpF5KEZxx6c0AbviDxnYy6dNBaMbh5kMZ+UqFBGCeQKAOCOSaADFABigAxQAYoAMUAGKADFABigAxQBreGNXTRdVSaVS0LKUfHUA9x+VAHX6n4205bKYW7tPMylVQIwwSO5IH6UAecgYAoA3vsEH/PMUAH2CD/AJ5igA+wQf8APMUAH2CD/nmKAD7BB/zzFAB9gg/55igA+wQf88xQAfYIP+eYoAPsEH/PMUAH2CD/AJ5igA+wQf8APMUAH2CD/nmKAD7BB/zzFAB9gg/55igA+wQf88xQBYoAKACgAoAKACgAoAKACgAoAKACgAoAKACgAoAKACgAoAKACgAoAKACgAoAKACgAoAKACgAoAKACgAoAKACgAoAKACgAoAKACgAoAKACgAoAKACgAoAKACgAoAKACgAoAKACgAoAKACgAoAKACgAoAKACgAoAKACgAoAKACgAoAKACgAoAKACgAoAKACgAoAKACgAoAKACgAoAKACgAoAKACgAoAKACgAoAKACgAoAKACgAoAKACgAoAKACgAoAKACgAoAKACgAoAKACgAoAKACgBUKh13DK55A9KAOjNh4P7a7rZ/7gsP/AMl0AH2Dwh/0HNb/APBND/8AJdAB9g8If9BzW/8AwTQ//JdAB9g8If8AQc1v/wAE0P8A8l0AH2Dwh/0HNb/8E0P/AMl0AH2Dwh/0HNb/APBND/8AJdAB9g8If9BzW/8AwTQ//JdAB9g8If8AQc1v/wAE0P8A8l0AH2Dwh/0HNb/8E0P/AMl0AH2Dwh/0HNb/APBND/8AJdAB9g8If9BzW/8AwTQ//JdAB9g8If8AQc1v/wAE0P8A8l0AAsPB/fXNb/8ABND/APJdAGDerbrdyraSSS2wYiOSaMRu69iyhmCk9cBjj1NAENABQAUAFABQAUAFABQAUAFABQAUAFABQAUAFABQAUAFABQAUAFABQAUAFABQAUAFABQAUAIeQe1ACfN7UAGG9qADDe1ABhvagAw3tQAYb2oAMN7UAGG9qADDe1ABhvagAw3tQAYb2oAPm9qAFGcc9aAFoA3tM8PW1/YQzvJMjODkIwx1PtQBa/4RO0/57XH/fS//E0AH/CJ2n/Pa4/76X/4mgDI1rTI9MljSF3bepJMmCf0AoA1z4TtP+es4+jLj+VAB/widp/z2uP++l/+JoAP+ETtP+e1x/30v/xNAHP6narY38tujMyJjBY88gH+tAFegAoAKACgAoAKACgDd0nxFb2NhFBJDMXTOSgXHX60AW/+EttP+eFz+S/40AH/AAltp/zwufyX/GgDH1zVI9TljeFHQKpGJAOv4GgDYHi20xzBcZ74C/40AH/CW2n/ADwufyX/ABoAP+EttP8Anhc/kv8AjQBgandJfahLcRqyo+MB8Z6Af0oArUAFABQAUAFABQAUAFABmgAzQAUAFABmgAzQAUAFABQAUAFABQAUAFABQAUAFABQAUAFABQAUAFABQAUAFABQAUAFABQAUAFABQAUAFABQAUAFABQAUAFABQAUAFABQAUAFABQAUAFABQAUAFABQAUAFABQAUAFABQAUAFABQAUAFABQAUAFABQAUAFABQAUAFABQAUAFABQAUAFABQAUAFABQAUAFABQAUAFABQAUAFABQAUAFABQAUAFABQAUAFABQAUAFABQAUAFABQAUAFABQAUAFABQAUAFABQAUAZP9sv/AM8l/OgA/tl/+eS/nQAf2y//ADyX86AD+2X/AOeS/nQAf2y//PJfzoAP7Zf/AJ5L+dAB/bL/APPJfzoAP7Zf/nkv50AH9sv/AM8l/OgA/tl/+eS/nQAf2y//ADyX86AD+2X/AOeS/nQAf2y//PJfzoAP7Zf/AJ5L+dAB/bL/APPJfzoAz6ACgAoAKACgAoAKACgAoAKACgAoAKACgAoA/wD/2Q==","timing":5945,"timestamp":8650059139098},{"data":"/9j/4AAQSkZJRgABAQAAAQABAAD/2wCEAAMCAgMCAgMDAwMEAwMEBQgFBQQEBQoHBwYIDAoMDAsKCwsNDhIQDQ4RDgsLEBYQERMUFRUVDA8XGBYUGBIUFRQBAwQEBQQFCQUFCRQNCw0UFBQUFBQUFBQUFBQUFBQUFBQUFBQUFBQUFBQUFBQUFBQUFBQUFBQUFBQUFBQUFBQUFP/AABEIANUAeAMBEQACEQEDEQH/xAGiAAABBQEBAQEBAQAAAAAAAAAAAQIDBAUGBwgJCgsQAAIBAwMCBAMFBQQEAAABfQECAwAEEQUSITFBBhNRYQcicRQygZGhCCNCscEVUtHwJDNicoIJChYXGBkaJSYnKCkqNDU2Nzg5OkNERUZHSElKU1RVVldYWVpjZGVmZ2hpanN0dXZ3eHl6g4SFhoeIiYqSk5SVlpeYmZqio6Slpqeoqaqys7S1tre4ubrCw8TFxsfIycrS09TV1tfY2drh4uPk5ebn6Onq8fLz9PX29/j5+gEAAwEBAQEBAQEBAQAAAAAAAAECAwQFBgcICQoLEQACAQIEBAMEBwUEBAABAncAAQIDEQQFITEGEkFRB2FxEyIygQgUQpGhscEJIzNS8BVictEKFiQ04SXxFxgZGiYnKCkqNTY3ODk6Q0RFRkdISUpTVFVWV1hZWmNkZWZnaGlqc3R1dnd4eXqCg4SFhoeIiYqSk5SVlpeYmZqio6Slpqeoqaqys7S1tre4ubrCw8TFxsfIycrS09TV1tfY2dri4+Tl5ufo6ery8/T19vf4+fr/2gAMAwEAAhEDEQA/APgL9KAL2qaDqeiLE1/p1zZpI5jDTRkDdgnGemcAn8KAKNABQB0Wm/DzxFrPh2PW9P0m4v8AT5Ls2KNagSuZgYQV8tSXAzcQKGK7S0qKCWOKAJYvhh4sn0e41WPQL19Pt7Sa+lnEfypDFOlvKx7/ACSyIrDqu9SRg5oArSeAPE0M1rG2gah5l3dy2FtEsDGWW5iVDNCIwN29PNjyMZG6gCa1+G3iq+0zT9QtfDup3dpqBuPsr29q0hmEG3zmCqCdq7wC2MZDDOVbABn3/hbWNLsftl3pd5b2vmPC07wkIkisUaNz/C4YYKnB6eooAuz/AA68V215NaTeGNZiuoXijlgfT5Q8bSttiVlK5BcghQfvEYGaAII/BeuM92j6VdW72v2gSi5j8na0ADTp8+PnQMpZRyMjI5FAGLQAUAFABQAY9qAOq8VfFDxZ4206Kw13X9Q1SzilEyQXVw8iK4DAEBiccO350Acrg0AGDQB2+g/FnVvD3glvCsFlYTaVNePcXYmSQveRO1q72shDjETPZW7ZQLICnDgHFAHQW37Sfiyy0DUdHt4rGO21Bt93IwmkmmZLtry3YyPKx3QzvI6kcvvIlMoAAAOWuPiTf3njCPXrmw0+5iitWsYNIlRzZQWxthbCJF37xiMLiTf5hZd5csSxAOt+I/7TPi34nnVX1O3021m1OSWW6lsI5Y2cubcADMh2hI7S3iXbj5Y8tudmdgClrn7QXibxB4X1jQbm300WWqtdNcOkLiTM95a3bkEuRkSWcYGQflZ85JDAA6zxP+194g1vx/ceJ7Hw3oembdW/tSwtnjkme1H9pHUWieXepmDz7WfcMDB8oQh2UgHAt8ZvEMvhqx0OUW0lpZ6fLpkbFXUm3cSbVYBgrMjXF0yuV3A3EgJK7VUA4PHtQAYNABg0AGKAN46bATnyxQAn9mwf881oAP7Ng/55rQAf2bB/zzWgA/s2D/nmtAB/ZsH/ADzWgA/s2D/nmtAB/ZsH/PNaAD+zYP8AnmtAB/ZsH/PNaAD+zYP+ea0AH9mwf881oAP7Ng/55rQAf2bB/wA81oABptvn/VigC3QAUAFABQAUAFABQAUAFABQAUAFABQAUAFABQAUAFABQAUAFABQAUAFABQAUAFABQAUAFABQAUAFABQAUAFABQAUAFABQAUAFABQAUAFABQAUAFABQAUAFABQAUAFABQAUAFABQAUAFABQAUAFABQAUAFABQAUAFABQAUAFABQAUAFABQAUAFABQAUAFABQAUAFABQAUAFABQAUAFABQAUAFABQAUAFABQAUAFABQAUAFABQAUAFABQAUAFABQAUAFABQAUAFABQAUAFABQAUAFABQAUAFAHW6N8L9b8Q6XDeaatveNKkbpapMBMwaS4T5VONxBtpCQpJwQcYDFQCppvgHWNYeySyhjuJbyc20EYlCs8oUMV+bG35WQ5OANwyRzgAYngq9+0xRzz2lpC00kMlzNNiOEoQHLkAkAZzwDnHGTgEAwCMGgAoAKACgDU8K+Hrjxb4m0nQ7R4orrUruKzieYkIryOFUsQCcZIzgE47GgDuvif8DLr4c6BBrcOrwaxpT6hNpUkiqsciXMTOG+VXcFG8tipyGxjcq5FAHmNABQAUAFABQAUATwtahcyxTSOepWYKPy2n+dAD/Msf8An3uP/Ahf/iKADzLH/n3uP/Ahf/iKADzLH/n3uP8AwIX/AOIoAPMsf+fe4/8AAhf/AIigA8yx/wCfe4/8CF/+IoAPMsf+fe4/8CF/+IoAmtL+3sLuG5tkvLe4gdZYpoboI6OpyrKwTIIIBBFAGn4i8a3XilIV1BppFhLvHFGYoYhI2N8hSOJVLsQu5iNzYGScUAc5QAUAFABQAUAFABQAUAFABQAUAFABQAenvxQAgORxQAtABQAUAFABQAUAdhCvg+78LW0LyyWuuJbXEsk4Emxpcv5MR4cNnEZ4WNVG/LsWAQAs6rpHgRrCVtO128+2h5GhUxGSJkDvsVsqpy0YjIZSRuZgwTAJALkdr8PNOs724D3es3cUcEkVkbmRFmY3Q82NX+zIUIgQ/M4x+9OASnIB51QAUAFABQBseDNJtdf8YaHpd7ObWyvr6C2nnVgDHG8iqzZPHAJPPFAHr/7Unwx8JfD+Xw5ceFndBem6intWuIphGsbr5bAx9ismAWyzBAW+ctkA8IoAKACgAoAKACgBSzMqjJAHpQAmG9W/M0AGG9W/M0AByO7fmaADk92/M0AGG9W/M0AGG9W/M0AHI7t+ZoAQ5P8AE3fv7UALQAUAFABQAUAFAFDVbqS2EflttyTnigDW8OeC/FXi5NLbSLQ3f9o3j2FuPNiTzJlMClBuYYJa6gAJwCXGCcHABpN8KPHiWqzyaUyJ5d/MxM8R2pZLuuSQGJGza4PrgYyeKAOPsb+ea6jR3ypzkYHoaAJtUupbeSMRvtBBzwKAN9PAHi19B0fVzbxxWGsru06aa5hjFwfPe3wNzDpLGynOAuULEB1JAMzWND13QnmS8UQywxJM6M8ZOxmwCMMc9VOByM84oAoadezT3G133Lg9qANSgAoAKACgAoAKACgClqVm92E2Y+XPU0APs73XtP06TT7XVbq30+R2le0iuXWF3MbRsxQHBJjd0JI5ViOhIoAfJqfiGZUWTWL2QJG0KbrqQ7EaIQsq88AxKsZA/gAXpxQBRs9OlguUdiu0Z6H2NAE2pWUl06FCvygg5NAF7T9f8U6RYTWNj4g1Kysprc2kttbX0scckBZ2MTKCAULSSHaeMuxx8xyAQapqPiDXM/2lq13qJIYZu7l5eDI0jD5ieC7s59WYnqc0AVbCwltp97lcYI4NAGlQAUAFABQAUAFABQAUAFABQAUAFABQAUAFABQAUAFABQAUAFABQAUAFABQAUAFABQAUAFABQAUAFABQAUAFABQAUAFABQAUAFABQAUAFABQAUAFABQAUAFABQAUAFABQAUAFABQAUAFABQAUAFABQAUAFABQAUAFABQAUAFABQAUAFABQAUAFABQAUAFABQAUAFABQAUAFABQAUAFABQAUAFABQAUAFABQAUAFABQAUAFABQAUAFABQAUAFABQBFDaa3cXNvbxaLeS3FyI2ghjt3Z5Q5AQqoGWDEgDHXNAFjU9E8SaLIkeo+HtQsJHhFwsd1aSRsYi/liQBgDtL/ID03AjrxQBWlttZhurm1k0e7S6tTKJ4DA4kiMYcy7lxkbBHJuz02NnGDQA6Wx12GJpX0O9WJYUuGkNtJtETSCNZM4xtLsEDdCxA6mgCiNQuiHP2U/IcNwfl4J5/AE/QZoAWe+u7YZltGjGSMspAyCQf1Vh9QfSgCH+2n/55r+dAB/bT/8APNfzoAP7af8A55r+dAB/bT/881/OgA/tp/8Anmv50AH9tP8A881/OgA/tp/+ea/nQAf20/8AzzX86AD+2n/55r+dAF+/+Imv6lq0d9e3cV9e26RwJcXNpDI4WMoyHJT7w2Iu7qUXYSU+WgB2r+Pdc1e2s9PvrxLm1stscKG3iXaBLcTAAqoOPMup2I6HeBjCoFAIbTxrrGnzWuoW935UpEsUSiJNsSyIUcBdu0ArxhQAO3ODQBpW3xS8WDUpb9dalN49pLpyyyRI/k28iMjRxKVxCu2RwBGF2hjt25oAp6L8UPEWm395c298DcXlvBaXLXMMc4mhtzFJDGyupBANvEMEEEAhgQSCAUb/AMQ6neacdOuLrzbMXb3Rj2KMzFVVnzjPIA4zjj1NAGXQAUAFABQAUAFABQAUAFAH/9k=","timing":6606,"timestamp":8650059799698}]}},"meta-viewport":{"displayValue":"","score":false,"helpText":"Disabling zooming is problematic for users with low vision who rely on screen magnification to properly see the contents of a web page. [Learn more](https://dequeuniversity.com/rules/axe/2.2/meta-viewport?application=lighthouse).","rawValue":false,"extendedInfo":{"value":{"help":"Zooming and scaling must not be disabled","nodes":[{"failureSummary":"Fix any of the following:\n  <meta> tag disables zooming on mobile devices","snippet":"<meta name=\"viewport\" content=\"width=device-width,initial-scale=1,maximum-scale=1,minimum-scale=1,user-scalable=no\">","path":"1,HTML,1,HEAD,1,META","impact":"critical","html":"<meta name=\"viewport\" content=\"width=device-width,initial-scale=1,maximum-scale=1,minimum-scale=1,user-scalable=no\">","target":["meta[name=\"viewport\"]"]}],"impact":"critical","description":"Ensures <meta name=\"viewport\"> does not disable text scaling and zooming","helpUrl":"https://dequeuniversity.com/rules/axe/3.0/meta-viewport?application=axeAPI","id":"meta-viewport","tags":["cat.sensory-and-visual-cues","wcag2aa","wcag144"]}},"name":"meta-viewport","description":"`[user-scalable=\"no\"]` is used in the `<meta name=\"viewport\">` element or the `[maximum-scale]` attribute is less than 5.","scoringMode":"binary","details":{"header":{"text":"View failing elements","type":"text"},"type":"list","items":[{"snippet":"<meta name=\"viewport\" content=\"width=device-width,initial-scale=1,maximum-scale=1,minimum-scale=1,user-scalable=no\">","path":"1,HTML,1,HEAD,1,META","selector":"meta[name=\"viewport\"]","type":"node"}]}},"visual-order-follows-dom":{"displayValue":"","score":false,"helpText":"DOM order matches the visual order, improving navigation for assistive technology. [Learn more](https://developers.google.com/web/fundamentals/accessibility/how-to-review#try_it_with_a_screen_reader).","rawValue":false,"name":"visual-order-follows-dom","description":"Visual order on the page follows DOM order","scoringMode":"binary","informative":true,"manual":true},"works-offline":{"displayValue":"","score":false,"helpText":"If you're building a Progressive Web App, consider using a service worker so that your app can work offline. [Learn more](https://developers.google.com/web/tools/lighthouse/audits/http-200-when-offline).","rawValue":false,"name":"works-offline","description":"Does not respond with a 200 when offline","scoringMode":"binary"},"definition-list":{"displayValue":"","score":false,"helpText":"When definition lists are not properly marked up, screen readers may produce confusing or inaccurate output. [Learn more](https://dequeuniversity.com/rules/axe/2.2/definition-list?application=lighthouse).","rawValue":false,"name":"definition-list","description":"`<dl>`'s do not contain only properly-ordered `<dt>` and `<dd>` groups, `<script>` or `<template>` elements.","scoringMode":"binary","informative":true,"notApplicable":true},"password-inputs-can-be-pasted-into":{"displayValue":"","score":true,"helpText":"Preventing password pasting undermines good security policy. [Learn more](https://www.ncsc.gov.uk/blog-post/let-them-paste-passwords)","rawValue":true,"extendedInfo":{"value":[]},"name":"password-inputs-can-be-pasted-into","description":"Allows users to paste into password fields","scoringMode":"binary","details":{"header":{"text":"Password inputs that prevent pasting into","type":"text"},"type":"list","items":[]}},"html-lang-valid":{"displayValue":"","score":false,"helpText":"Specifying a valid [BCP 47 language](https://www.w3.org/International/questions/qa-choosing-language-tags#question) helps screen readers announce text properly. [Learn more](https://dequeuniversity.com/rules/axe/2.2/valid-lang?application=lighthouse).","rawValue":false,"name":"html-lang-valid","description":"`<html>` element does not have a valid value for its `[lang]` attribute.","scoringMode":"binary","informative":true,"notApplicable":true},"splash-screen":{"displayValue":"","score":false,"debugString":"Failures: No manifest was fetched.","helpText":"A themed splash screen ensures a high-quality experience when users launch your app from their homescreens. [Learn more](https://developers.google.com/web/tools/lighthouse/audits/custom-splash-screen).","rawValue":false,"extendedInfo":{"value":{"failures":["No manifest was fetched"],"manifestValues":{"parseFailureReason":"No manifest was fetched","allChecks":[],"isParseFailure":true}}},"name":"splash-screen","description":"Is not configured for a custom splash screen","scoringMode":"binary"},"label":{"displayValue":"","score":true,"helpText":"Labels ensure that form controls are announced properly by assistive technologies, like screen readers. [Learn more](https://dequeuniversity.com/rules/axe/2.2/label?application=lighthouse).","rawValue":true,"extendedInfo":{},"name":"label","description":"Form elements have associated labels","scoringMode":"binary","details":{"header":{"text":"View failing elements","type":"text"},"type":"list","items":[]}},"uses-webp-images":{"displayValue":"","score":100,"helpText":"Image formats like JPEG 2000, JPEG XR, and WebP often provide better compression than PNG or JPEG, which means faster downloads and less data consumption. [Learn more](https://developers.google.com/web/tools/lighthouse/audits/webp).","rawValue":0,"extendedInfo":{"value":{"wastedKb":0,"wastedMs":0,"results":[]}},"name":"uses-webp-images","description":"Serve images in next-gen formats","scoringMode":"binary","informative":true,"details":{"itemHeaders":[{"itemType":"thumbnail","text":"","type":"text"},{"itemType":"url","text":"URL","type":"text"},{"itemType":"text","text":"Original","type":"text"},{"itemType":"text","text":"Potential Savings","type":"text"}],"header":"View Details","type":"table","items":[]}},"speed-index-metric":{"displayValue":"5,723","score":48,"helpText":"Speed Index shows how quickly the contents of a page are visibly populated. [Learn more](https://developers.google.com/web/tools/lighthouse/audits/speed-index).","rawValue":5723,"extendedInfo":{"value":{"frames":[{"progress":0,"timestamp":8.650053193698E9},{"progress":0,"timestamp":8.650053950668E9},{"progress":0,"timestamp":8.650057717184E9},{"progress":78.47020210836772,"timestamp":8.650058783808E9},{"progress":79.55400014666994,"timestamp":8.650058883804E9},{"progress":84.25733274045653,"timestamp":8.65005906713E9},{"progress":90.99914379891193,"timestamp":8.650059217124E9},{"progress":92.49290629372531,"timestamp":8.65005965044E9},{"progress":100.00000000000001,"timestamp":8.650059800434E9}],"timestamps":{"firstVisualChange":8650058783698,"perceptualSpeedIndex":8.650058916695168E12,"visuallyComplete":8650059799698,"visuallyReady":8.650059217124001E12},"timings":{"firstVisualChange":5590,"perceptualSpeedIndex":5722.997167414955,"visuallyComplete":6606,"visuallyReady":6023.426000595093}}},"name":"speed-index-metric","description":"Perceptual Speed Index","scoringMode":"numeric"},"bypass":{"displayValue":"","score":true,"helpText":"Adding ways to bypass repetitive content lets keyboard users navigate the page more efficiently. [Learn more](https://dequeuniversity.com/rules/axe/2.2/bypass?application=lighthouse).","rawValue":true,"extendedInfo":{},"name":"bypass","description":"The page contains a heading, skip link, or landmark region","scoringMode":"binary","details":{"header":{"text":"View failing elements","type":"text"},"type":"list","items":[]}},"http-status-code":{"displayValue":"","score":null,"debugString":"Audit error: Unable to identify the main resource","helpText":"Pages with unsuccessful HTTP status codes may not be indexed properly. [Learn more](https://developers.google.com/web/tools/lighthouse/audits/successful-http-code).","rawValue":null,"name":"http-status-code","description":"Page has unsuccessful HTTP status code","scoringMode":"binary","error":true},"viewport":{"displayValue":"","score":true,"debugString":"","helpText":"Add a viewport meta tag to optimize your app for mobile screens. [Learn more](https://developers.google.com/web/tools/lighthouse/audits/has-viewport-meta-tag).","rawValue":true,"name":"viewport","description":"Has a `<meta name=\"viewport\">` tag with `width` or `initial-scale`","scoringMode":"binary"},"estimated-input-latency":{"displayValue":"50 ms","score":95,"helpText":"The score above is an estimate of how long your app takes to respond to user input, in milliseconds. There is a 90% probability that a user encounters this amount of latency, or less. 10% of the time a user can expect additional latency. If your latency is higher than 50 ms, users may perceive your app as laggy. [Learn more](https://developers.google.com/web/tools/lighthouse/audits/estimated-input-latency).","rawValue":49.8,"extendedInfo":{"value":[{"percentile":0.5,"time":16},{"percentile":0.75,"time":16},{"percentile":0.9,"time":49.84405833333335},{"percentile":0.99,"time":161.88252333333307},{"percentile":1,"time":209.04299999999876}]},"name":"estimated-input-latency","description":"Estimated Input Latency","scoringMode":"numeric"},"redirects":{"displayValue":"","score":null,"debugString":"Audit error: Unable to identify the main resource","helpText":"Redirects introduce additional delays before the page can be loaded. [Learn more](https://developers.google.com/speed/docs/insights/AvoidRedirects).","rawValue":null,"name":"redirects","description":"Has multiple page redirects","scoringMode":"binary","error":true},"load-fast-enough-for-pwa":{"displayValue":"","score":true,"helpText":"A fast page load over a 3G network ensures a good mobile user experience. [Learn more](https://developers.google.com/web/tools/lighthouse/audits/fast-3g).","rawValue":true,"extendedInfo":{"value":{"isFast":true,"timeToFirstInteractive":6460.149,"firstRequestLatencies":[{"latency":"566.29","url":"http://web/"},{"latency":"579.72","url":"https://cdnjs.cloudflare.com/ajax/libs/Chart.js/2.7.1/Chart.min.js"},{"latency":"571.48","url":"https://unpkg.com/vue-chartjs/dist/vue-chartjs.min.js"},{"latency":"578.93","url":"https://fonts.gstatic.com/s/roboto/v18/KFOmCnqEu92Fr1Mu4mxK.woff2"}],"areLatenciesAll3G":true}},"name":"load-fast-enough-for-pwa","description":"Page load is fast enough on 3G","scoringMode":"binary"},"font-display":{"displayValue":"","score":false,"helpText":"Leverage the font-display CSS feature to ensure text is user-visible while webfonts are loading. [Learn more](https://developers.google.com/web/updates/2016/02/font-display).","rawValue":false,"name":"font-display","description":"Avoid invisible text while webfonts are loading","scoringMode":"binary","details":{"itemHeaders":[{"itemType":"url","text":"Font URL","type":"text"},{"itemType":"text","text":"Font download time","type":"text"}],"header":"View Details","type":"table","items":[[{"text":"https://fonts.gstatic.com/s/roboto/v18/KFOmCnqEu92Fr1Mu4mxK.woff2","type":"url"},{"text":"884 ms","type":"text"}],[{"text":"https://fonts.gstatic.com/s/materialicons/v37/flUhRq6tzZclQEJ-Vdg-IuiaDsNc.woff2","type":"url"},{"text":"1,066 ms","type":"text"}],[{"text":"https://fonts.gstatic.com/s/roboto/v18/KFOlCnqEu92Fr1MmEU9fBBc4.woff2","type":"url"},{"text":"875 ms","type":"text"}]]}},"layout-table":{"displayValue":"","score":false,"helpText":"A table being used for layout purposes should not include data elements, such as the th or caption elements or the summary attribute, because this can create a confusing experience for screen reader users. [Learn more](https://dequeuniversity.com/rules/axe/2.2/layout-table?application=lighthouse).","rawValue":false,"name":"layout-table","description":"Presentational `<table>` elements do not avoid using `<th>`, `<caption>` or the `[summary]` attribute.","scoringMode":"binary","informative":true,"notApplicable":true}},"url":"http://web/#/"}
61.94117647058823
The variable of type Double with the value 61.94117647058823 is not LOWER_THAN 5.94117647058823
]]></system-out>
    </rerunFailure>
  </testcase>
</testsuite>